[2015.08.27-20.33.24:927][  0]Log file open, 08/27/15 22:33:24
[2015.08.27-20.33.24:927][  0]LogInit:Display: Running engine for game: NotPartofGame
[2015.08.27-20.33.24:927][  0]LogInit:Display: RandInit(-641990001) SRandInit(-641990001).
[2015.08.27-20.33.24:927][  0]LogTaskGraph: Started task graph with 4 named threads and 7 total threads.
[2015.08.27-20.33.24:927][  0]LogStats: Stats thread started
[2015.08.27-20.33.24:927][  0]LogInit: Version: 4.8.3-2634408+++depot+UE4-Releases+4.8
[2015.08.27-20.33.24:927][  0]LogInit: API Version: 2579680
[2015.08.27-20.33.24:927][  0]LogInit: Compiled (64-bit): Jul 27 2015 16:24:33
[2015.08.27-20.33.24:927][  0]LogInit: Compiled with Visual C++: 18.00.21005.01
[2015.08.27-20.33.24:927][  0]LogInit: Build Configuration: Development
[2015.08.27-20.33.24:927][  0]LogInit: Branch Name: ++depot+UE4-Releases+4.8
[2015.08.27-20.33.24:927][  0]LogInit: Command line:  /Temp/Autosaves/Game/NPOTG/Maps/UEDPCTesting_Level -game -PIEVIACONSOLE -ResX=1280 -ResY=720  -Multiprocess 
[2015.08.27-20.33.24:927][  0]LogInit: Base directory: C:/Users/Bodoo/Documents/Programmieren/4.8/Engine/Binaries/Win64/
[2015.08.27-20.33.24:927][  0]LogInit: Rocket: 1
[2015.08.27-20.33.24:948][  0]LogInit: Using libcurl 7.41.0
[2015.08.27-20.33.24:948][  0]LogInit:  - built for x86_64-pc-win32
[2015.08.27-20.33.24:948][  0]LogInit:  - supports SSL with WinSSL
[2015.08.27-20.33.24:948][  0]LogInit:  - other features:
[2015.08.27-20.33.24:948][  0]LogInit:      CURL_VERSION_SSL
[2015.08.27-20.33.24:948][  0]LogInit:      CURL_VERSION_IPV6
[2015.08.27-20.33.24:948][  0]LogInit:      CURL_VERSION_ASYNCHDNS
[2015.08.27-20.33.24:948][  0]LogInit:      CURL_VERSION_LARGEFILE
[2015.08.27-20.33.24:948][  0]LogInit:      CURL_VERSION_IDN
[2015.08.27-20.33.24:948][  0]LogInit:  CurlRequestOptions (configurable via config and command line):
[2015.08.27-20.33.24:948][  0]LogInit:  - bVerifyPeer = true  - Libcurl will verify peer certificate
[2015.08.27-20.33.24:948][  0]LogInit:  - bUseHttpProxy = false  - Libcurl will NOT use HTTP proxy
[2015.08.27-20.33.24:948][  0]LogInit:  - bDontReuseConnections = false  - Libcurl will reuse connections
[2015.08.27-20.33.24:948][  0]LogInit:  - CertBundlePath = nullptr  - Libcurl will use whatever was configured at build time.
[2015.08.27-20.33.24:962][  0]LogOnline:Warning: No default platform service specified for OnlineSubsystem
[2015.08.27-20.33.24:987][  0]LogInit: Presizing for 0 objects not considered by GC, pre-allocating 0 bytes.
[2015.08.27-20.33.24:997][  0]LogInit: Object subsystem initialized
[2015.08.27-20.33.24:998][  0]LogConsoleResponse:Warning: Skipping Unknown console variable: 'UIScaleCurve = (EditorCurveData=(Keys=((Time=480.000000,Value=0.444000),(Time=720.000000,Value=0.666000),(Time=1080.000000,Value=1.000000),(Time=8640.000000,Value=8.000000))),ExternalCurve=None)'
[2015.08.27-20.33.24:998][  0]LogConsoleResponse:Warning:   Found in ini file 'C:/Users/Bodoo/Documents/Programmieren/Projekte/NotPartofTheGame/Saved/Config/Windows/Engine.ini', in section '[/Script/Engine.RendererSettings]'
[2015.08.27-20.33.24:998][  0]LogConsoleManager:Warning: Console variable 'r.MSAA.CompositingSampleCount' wasn't set ('Scalability' has a lower priority than 'ProjectSetting')
[2015.08.27-20.33.24:998][  0]LogInit: Selected Device Profile: [Windows]
[2015.08.27-20.33.24:998][  0]LogInit: Applying CVar settings loaded from the selected device profile: [Windows]
[2015.08.27-20.33.25:001][  0]LogInit: Computer: DESKTOP-GLF6O4V
[2015.08.27-20.33.25:001][  0]LogInit: User: Bodoo
[2015.08.27-20.33.25:001][  0]LogInit: CPU Page size=4096, Cores=4
[2015.08.27-20.33.25:001][  0]LogInit: High frequency timer resolution =3.215356 MHz
[2015.08.27-20.33.25:001][  0]LogMemory: Memory total: Physical=12.0GB (12GB approx)
[2015.08.27-20.33.25:001][  0]LogMemory: Platform Memory Stats for Windows
[2015.08.27-20.33.25:001][  0]LogMemory: Process Physical Memory: 50.21 MB used, 50.21 MB peak
[2015.08.27-20.33.25:001][  0]LogMemory: Process Virtual Memory: 22.64 MB used, 22.64 MB peak
[2015.08.27-20.33.25:001][  0]LogMemory: Physical Memory: 3803.71 MB used, 12270.70 MB total
[2015.08.27-20.33.25:001][  0]LogMemory: Virtual Memory: 310.49 MB used, 134217728.00 MB total
[2015.08.27-20.33.25:031][  0]LogTextLocalizationManager: The requested culture ('de_DE') has no localization data; falling back to 'en' for localization and internationalization data.
[2015.08.27-20.33.25:384][  0]LogTextLocalizationManager:Warning: Loaded localization resources contain conflicting entries for (Namespace:ContentBrowser, Key:ImportAssetToolTip):
Localization Resource: (C:/Users/Bodoo/Documents/Programmieren/4.8/Engine/Content/Localization/Editor/en/Editor.locres) Source String Hash: (-630476809) Localized String: (Import to {0}...)
Localization Resource: (C:/Users/Bodoo/Documents/Programmieren/4.8/Engine/Content/Localization/Editor/en/Editor.locres) Source String Hash: (1271782899) Localized String: (Imports an asset from file to this folder.)
[2015.08.27-20.33.25:831][  0]LogD3D11RHI: Found D3D11 adapter 0: AMD Radeon HD 6800 Series (Feature Level 11_0)
[2015.08.27-20.33.25:831][  0]LogD3D11RHI: Adapter has 1011MB of dedicated video memory, 0MB of dedicated system memory, and 3840MB of shared system memory, 1 output[s]
[2015.08.27-20.33.25:832][  0]LogD3D11RHI: Found D3D11 adapter 1: Microsoft Basic Render Driver (Feature Level 11_0)
[2015.08.27-20.33.25:832][  0]LogD3D11RHI: Adapter has 0MB of dedicated video memory, 0MB of dedicated system memory, and 6135MB of shared system memory, 0 output[s]
[2015.08.27-20.33.25:832][  0]LogD3D11RHI: Chosen D3D11 Adapter Id = 0
[2015.08.27-20.33.25:836][  0]LogD3D11RHI: InitD3DDevice
[2015.08.27-20.33.25:836][  0]LogD3D11RHI: !Direct3DDevice
[2015.08.27-20.33.25:836][  0]LogRHI: Texture pool is 708 MB (70% of 1011 MB)
[2015.08.27-20.33.25:843][  0]LogD3D11RHI: Async texture creation disabled: no driver support
[2015.08.27-20.33.25:853][  0]LogShaderCompilers:Display: Using Local Shader Compiler.
[2015.08.27-20.33.26:713][  0]LogTemp:Display: Loaded TP DesktopTargetPlatform
[2015.08.27-20.33.26:729][  0]LogTemp:Display: Loaded TP WindowsClientTargetPlatform
[2015.08.27-20.33.26:745][  0]LogTemp:Display: Loaded TP WindowsNoEditorTargetPlatform
[2015.08.27-20.33.26:761][  0]LogTemp:Display: Loaded TP WindowsServerTargetPlatform
[2015.08.27-20.33.26:781][  0]LogTemp:Display: Loaded TP WindowsTargetPlatform
[2015.08.27-20.33.26:795][  0]LogTemp:Display: Loaded TP AndroidTargetPlatform
[2015.08.27-20.33.26:808][  0]LogTemp:Display: Loaded TP Android_ASTCTargetPlatform
[2015.08.27-20.33.26:821][  0]LogTemp:Display: Loaded TP Android_ATCTargetPlatform
[2015.08.27-20.33.26:835][  0]LogTemp:Display: Loaded TP Android_DXTTargetPlatform
[2015.08.27-20.33.26:849][  0]LogTemp:Display: Loaded TP Android_ETC1TargetPlatform
[2015.08.27-20.33.26:863][  0]LogTemp:Display: Loaded TP Android_ETC2TargetPlatform
[2015.08.27-20.33.26:877][  0]LogTemp:Display: Loaded TP Android_PVRTCTargetPlatform
[2015.08.27-20.33.26:927][  0]LogTemp:Display: Loaded TP IOSTargetPlatform
[2015.08.27-20.33.26:940][  0]LogTemp:Display: Loaded TP LinuxNoEditorTargetPlatform
[2015.08.27-20.33.26:953][  0]LogTemp:Display: Loaded TP LinuxServerTargetPlatform
[2015.08.27-20.33.26:971][  0]LogTemp:Display: Loaded TP LinuxTargetPlatform
[2015.08.27-20.33.26:971][  0]LogTargetPlatformManager:Display: Building Assets For Windows
[2015.08.27-20.33.27:197][  0]LogDerivedDataCache:Display: Max Cache Size: 512 MB
[2015.08.27-20.33.28:103][  0]LogDerivedDataCache: Loaded boot cache 0.91s 53MB C:/Users/Bodoo/AppData/Local/UnrealEngine/4.8/DerivedDataCache/Boot.ddc.
[2015.08.27-20.33.28:103][  0]LogDerivedDataCache:Display: Loaded Boot cache: C:/Users/Bodoo/AppData/Local/UnrealEngine/4.8/DerivedDataCache/Boot.ddc
[2015.08.27-20.33.28:104][  0]LogDerivedDataCache: FDerivedDataBackendGraph:  Pak pak cache file ../../../../Projekte/NotPartofTheGame/DerivedDataCache/DDC.ddp not found, will not use a pak cache.
[2015.08.27-20.33.28:104][  0]LogDerivedDataCache: Unable to find inner node Pak for hierarchical cache Hierarchy.
[2015.08.27-20.33.28:104][  0]LogDerivedDataCache: FDerivedDataBackendGraph:  CompressedPak pak cache file ../../../../Projekte/NotPartofTheGame/DerivedDataCache/Compressed.ddp not found, will not use a pak cache.
[2015.08.27-20.33.28:104][  0]LogDerivedDataCache: Unable to find inner node CompressedPak for hierarchical cache Hierarchy.
[2015.08.27-20.33.28:271][  0]LogDerivedDataCache:Display: Pak cache opened for reading ../../../Engine/DerivedDataCache/Compressed.ddp.
[2015.08.27-20.33.28:283][  0]LogDerivedDataCache: Using Local data cache path C:/Users/Bodoo/AppData/Local/UnrealEngine/Common/DerivedDataCache: Writable
[2015.08.27-20.33.28:556][  0]LogInit: Selected Device Profile: [Windows]
[2015.08.27-20.33.28:658][  0]ImportText (ComponentSweepMultiTests): Missing closing parenthesis: (RootShapeAsset="/Engine/BasicShapes/Cube.Cube",ShapeType="TriggerCapsule",HitResult=(Time=0.50,Location=(X=-100.000015,Y=0.0,Z=100.000015),ImpactPoint=(X=-50.0,Y=0.0,Z=50.0),Normal=(X=-1.0,Y=-0.0,Z=0.0),ImpactNormal=(X=0.0,Y=0.0,Z=1.0),TraceStart=(X=-200.0,Y=0.0,Z=200.0),TraceEnd=(X=0.0,Y=0.0,Z=0.0))
[2015.08.27-20.33.28:658][  0]ImportText (LineTraceSingleByChannelTests): Missing closing parenthesis: (RootShapeAsset="/Engine/BasicShapes/Cube.Cube",HitResult=(Time=0.50,Location=(X=-100.000015,Y=0.0,Z=100.000015),ImpactPoint=(X=-50.0,Y=0.0,Z=50.0),Normal=(X=-1.0,Y=-0.0,Z=0.0),ImpactNormal=(X=0.0,Y=0.0,Z=1.0),TraceStart=(X=-200.0,Y=0.0,Z=200.0),TraceEnd=(X=0.0,Y=0.0,Z=0.0))
[2015.08.27-20.33.28:691][  0]LogMeshUtilities: No automatic mesh reduction module available
[2015.08.27-20.33.28:691][  0]LogMeshUtilities: No automatic mesh merging module available
[2015.08.27-20.33.29:171][  0]LogInit: WinSock: version 1.1 (2.2), MaxSocks=32767, MaxUdp=65467
[2015.08.27-20.33.37:767][  0]LogD3D11RHI: InitD3DDevice
[2015.08.27-20.33.38:495][  0]LogWindowsMoviePlayer: Unable to load movie: ../../../../Projekte/NotPartofTheGame/Content/Movies/Default_Startup.mp4
[2015.08.27-20.33.38:637][  0]LogAssetRegistry: FAssetRegistry took 0.0001 seconds to start up
[2015.08.27-20.33.38:957][  0]SourceControl: Info Source control is disabled
[2015.08.27-20.33.38:957][  0]SourceControl: Info Source control is disabled
[2015.08.27-20.33.38:967][  0]SourceControl: Info Source control is disabled
[2015.08.27-20.33.39:168][  0]LogObj: 25913 objects as part of root set at end of initial load.
[2015.08.27-20.33.39:168][  0]LogUObjectAllocator: 5218488 out of 0 bytes used by permanent object pool.
[2015.08.27-20.33.39:689][  0]LogAutomationTest:Warning: ERR: Transient text cannot be serialized "Testing Transient serialization detection".
[2015.08.27-20.33.39:689][  0]LogEngine: Initializing Engine...
[2015.08.27-20.33.39:743][  0]LogHMD: Can't find Oculus library dev build: is proper Runtime installed? Version: 0.6.0.0
[2015.08.27-20.33.39:745][  0]LogHMD:Warning: SteamVR failed to initialize.  Error: 110
[2015.08.27-20.33.39:841][  0]LogInit: XAudio2 using 'Lautsprecher (G510s Gaming Keyboard)' : 2 channels at 48 kHz using 16 bits per sample (channel mask 0x3)
[2015.08.27-20.33.39:850][  0]LogInit: FAudioDevice initialized.
[2015.08.27-20.33.39:862][  0]LogInit: Texture streaming: Disabled
[2015.08.27-20.33.41:461][  0]LogNet: Browse: /Temp/Autosaves/Game/NPOTG/Maps/UEDPCTesting_Level?Name=Player
[2015.08.27-20.33.41:526][  0]LogLoad: LoadMap: /Temp/Autosaves/Game/NPOTG/Maps/UEDPCTesting_Level?Name=Player
[2015.08.27-20.33.41:760][  0]LogParticles: Destroying 0 GPU particle simulations for FXSystem 0x00000065AF707560
[2015.08.27-20.33.42:747][  0]LogMemory: Platform Memory Stats for Windows
[2015.08.27-20.33.42:747][  0]LogMemory: Process Physical Memory: 335.06 MB used, 335.07 MB peak
[2015.08.27-20.33.42:747][  0]LogMemory: Process Virtual Memory: 372.50 MB used, 372.50 MB peak
[2015.08.27-20.33.42:747][  0]LogMemory: Physical Memory: 4270.18 MB used, 12270.70 MB total
[2015.08.27-20.33.42:747][  0]LogMemory: Virtual Memory: 890.63 MB used, 134217728.00 MB total
[2015.08.27-20.33.42:747][  0]LogMemory: 
[2015.08.27-20.33.42:747][  0]Allocator Stats for TBB: (not implemented)
[2015.08.27-20.33.43:931][  0]LogProperty:Warning: ERR: Transient text cannot be serialized "NewRotation Roll".
[2015.08.27-20.33.43:931][  0]LogProperty:Warning: ERR: Transient text cannot be serialized "NewRotation Yaw".
[2015.08.27-20.33.43:931][  0]LogProperty:Warning: ERR: Transient text cannot be serialized "NewRotation Pitch".
[2015.08.27-20.33.43:931][  0]LogProperty:Warning: ERR: Transient text cannot be serialized "NewRotation Roll".
[2015.08.27-20.33.43:931][  0]LogProperty:Warning: ERR: Transient text cannot be serialized "NewRotation Yaw".
[2015.08.27-20.33.43:931][  0]LogProperty:Warning: ERR: Transient text cannot be serialized "NewRotation Pitch".
[2015.08.27-20.33.43:986][  0]LogProperty:Warning: ERR: Transient text cannot be serialized "NewRotation Roll".
[2015.08.27-20.33.43:986][  0]LogProperty:Warning: ERR: Transient text cannot be serialized "NewRotation Yaw".
[2015.08.27-20.33.43:986][  0]LogProperty:Warning: ERR: Transient text cannot be serialized "NewRotation Pitch".
[2015.08.27-20.33.43:986][  0]LogProperty:Warning: ERR: Transient text cannot be serialized "NewRotation Roll".
[2015.08.27-20.33.43:986][  0]LogProperty:Warning: ERR: Transient text cannot be serialized "NewRotation Yaw".
[2015.08.27-20.33.43:986][  0]LogProperty:Warning: ERR: Transient text cannot be serialized "NewRotation Pitch".
[2015.08.27-20.33.47:280][  0]LogAIModule: Creating AISystem for world Testing_Level
[2015.08.27-20.33.47:280][  0]LogWorld: Game class is '2DSideScrollerGameMode_C'
[2015.08.27-20.33.47:337][  0]LogWorld: Bringing World /Temp/Autosaves/Game/NPOTG/Maps/UEDPCTesting_Level.Testing_Level up for play (max tick rate 0) at 2015.08.27-22.33.47
[2015.08.27-20.33.47:348][  0]LogWorld: Bringing up level for play took: 0.065403
[2015.08.27-20.33.47:544][  0]LogInit:Display: Game Engine Initialized.
[2015.08.27-20.33.47:769][  0]LogLoad: Full Startup: 24.85 seconds (BP compile: 1.38 seconds)
[2015.08.27-20.33.48:261][  0]LogContentStreaming: Texture pool size is 1000.000000MB
[2015.08.27-20.33.48:440][  0]LogRenderer: Reallocating scene render targets to support 1280x720 (Frame:2).
[2015.08.27-20.33.51:348][147]LogBlueprintUserMessages: 0.991777
[2015.08.27-20.33.51:348][147]LogBlueprintUserMessages: 0.991777
[2015.08.27-20.33.51:364][148]LogBlueprintUserMessages: 0.997154
[2015.08.27-20.33.51:364][148]LogBlueprintUserMessages: 0.997154
[2015.08.27-20.33.51:380][149]LogBlueprintUserMessages: 0.99747
[2015.08.27-20.33.51:380][149]LogBlueprintUserMessages: 0.99747
[2015.08.27-20.33.51:396][150]LogBlueprintUserMessages: 0.99209
[2015.08.27-20.33.51:396][150]LogBlueprintUserMessages: 0.99209
[2015.08.27-20.33.54:352][330]LogBlueprintUserMessages: 0.006891
[2015.08.27-20.33.54:352][330]LogBlueprintUserMessages: 0.006891
[2015.08.27-20.33.54:368][331]LogBlueprintUserMessages: 0.001515
[2015.08.27-20.33.54:368][331]LogBlueprintUserMessages: 0.001515
[2015.08.27-20.33.54:384][332]LogBlueprintUserMessages: 0.0
[2015.08.27-20.33.54:384][332]LogBlueprintUserMessages: 0.0
[2015.08.27-20.33.54:384][332]LogBlueprintUserMessages: 0.003862
[2015.08.27-20.33.54:384][332]LogBlueprintUserMessages: 0.0
[2015.08.27-20.33.54:384][332]LogBlueprintUserMessages: 0.0
[2015.08.27-20.33.54:384][332]LogBlueprintUserMessages: 0.003862
[2015.08.27-20.33.54:400][333]LogBlueprintUserMessages: 0.009238
[2015.08.27-20.33.54:400][333]LogBlueprintUserMessages: 0.009238
[2015.08.27-20.33.57:353][516]LogBlueprintUserMessages: 0.99364
[2015.08.27-20.33.57:353][516]LogBlueprintUserMessages: 0.99364
[2015.08.27-20.33.57:369][517]LogBlueprintUserMessages: 0.999016
[2015.08.27-20.33.57:369][517]LogBlueprintUserMessages: 0.999016
[2015.08.27-20.33.57:385][518]LogBlueprintUserMessages: 0.995601
[2015.08.27-20.33.57:385][518]LogBlueprintUserMessages: 0.995601
[2015.08.27-20.33.57:401][519]LogBlueprintUserMessages: 0.990225
[2015.08.27-20.33.57:401][519]LogBlueprintUserMessages: 0.990225
[2015.08.27-20.34.00:345][653]LogBlueprintUserMessages: 0.009
[2015.08.27-20.34.00:345][653]LogBlueprintUserMessages: 0.009
[2015.08.27-20.34.00:361][654]LogBlueprintUserMessages: 0.003623
[2015.08.27-20.34.00:361][654]LogBlueprintUserMessages: 0.003623
[2015.08.27-20.34.00:377][655]LogBlueprintUserMessages: 0.0
[2015.08.27-20.34.00:377][655]LogBlueprintUserMessages: 0.0
[2015.08.27-20.34.00:377][655]LogBlueprintUserMessages: 0.001753
[2015.08.27-20.34.00:377][655]LogBlueprintUserMessages: 0.0
[2015.08.27-20.34.00:377][655]LogBlueprintUserMessages: 0.0
[2015.08.27-20.34.00:377][655]LogBlueprintUserMessages: 0.001753
[2015.08.27-20.34.00:393][656]LogBlueprintUserMessages: 0.00713
[2015.08.27-20.34.00:393][656]LogBlueprintUserMessages: 0.00713
[2015.08.27-20.34.03:346][839]LogBlueprintUserMessages: 0.991234
[2015.08.27-20.34.03:346][839]LogBlueprintUserMessages: 0.991234
[2015.08.27-20.34.03:362][840]LogBlueprintUserMessages: 0.99661
[2015.08.27-20.34.03:362][840]LogBlueprintUserMessages: 0.99661
[2015.08.27-20.34.03:378][841]LogBlueprintUserMessages: 0.998013
[2015.08.27-20.34.03:378][841]LogBlueprintUserMessages: 0.998013
[2015.08.27-20.34.03:394][842]LogBlueprintUserMessages: 0.992637
[2015.08.27-20.34.03:394][842]LogBlueprintUserMessages: 0.992637
[2015.08.27-20.34.06:350][ 25]LogBlueprintUserMessages: 0.007389
[2015.08.27-20.34.06:350][ 25]LogBlueprintUserMessages: 0.007389
[2015.08.27-20.34.06:366][ 26]LogBlueprintUserMessages: 0.002012
[2015.08.27-20.34.06:366][ 26]LogBlueprintUserMessages: 0.002012
[2015.08.27-20.34.06:382][ 27]LogBlueprintUserMessages: 0.0
[2015.08.27-20.34.06:382][ 27]LogBlueprintUserMessages: 0.0
[2015.08.27-20.34.06:382][ 27]LogBlueprintUserMessages: 0.003367
[2015.08.27-20.34.06:382][ 27]LogBlueprintUserMessages: 0.0
[2015.08.27-20.34.06:383][ 27]LogBlueprintUserMessages: 0.0
[2015.08.27-20.34.06:383][ 27]LogBlueprintUserMessages: 0.003367
[2015.08.27-20.34.06:398][ 28]LogBlueprintUserMessages: 0.008744
[2015.08.27-20.34.06:398][ 28]LogBlueprintUserMessages: 0.008744
[2015.08.27-20.34.09:349][208]LogBlueprintUserMessages: 0.992278
[2015.08.27-20.34.09:349][208]LogBlueprintUserMessages: 0.992278
[2015.08.27-20.34.09:365][209]LogBlueprintUserMessages: 0.997654
[2015.08.27-20.34.09:365][209]LogBlueprintUserMessages: 0.997654
[2015.08.27-20.34.09:381][210]LogBlueprintUserMessages: 0.99697
[2015.08.27-20.34.09:381][210]LogBlueprintUserMessages: 0.99697
[2015.08.27-20.34.09:397][211]LogBlueprintUserMessages: 0.991593
[2015.08.27-20.34.09:397][211]LogBlueprintUserMessages: 0.991593
[2015.08.27-20.34.12:353][394]LogBlueprintUserMessages: 0.006384
[2015.08.27-20.34.12:353][394]LogBlueprintUserMessages: 0.006384
[2015.08.27-20.34.12:369][395]LogBlueprintUserMessages: 0.001008
[2015.08.27-20.34.12:369][395]LogBlueprintUserMessages: 0.001008
[2015.08.27-20.34.12:385][396]LogBlueprintUserMessages: 0.0
[2015.08.27-20.34.12:385][396]LogBlueprintUserMessages: 0.0
[2015.08.27-20.34.12:385][396]LogBlueprintUserMessages: 0.004369
[2015.08.27-20.34.12:385][396]LogBlueprintUserMessages: 0.0
[2015.08.27-20.34.12:385][396]LogBlueprintUserMessages: 0.0
[2015.08.27-20.34.12:385][396]LogBlueprintUserMessages: 0.004369
[2015.08.27-20.34.12:401][397]LogBlueprintUserMessages: 0.009745
[2015.08.27-20.34.12:401][397]LogBlueprintUserMessages: 0.009745
[2015.08.27-20.34.15:818][527]LogBlueprintUserMessages: 0.987097
[2015.08.27-20.34.15:818][527]LogBlueprintUserMessages: 0.987097
[2015.08.27-20.34.15:818][527]LogBlueprintUserMessages: 0.974193
[2015.08.27-20.34.16:002][528]LogBlueprintUserMessages: 0.654193
[2015.08.27-20.34.16:018][529]LogBlueprintUserMessages: 0.64129
[2015.08.27-20.34.16:034][530]LogBlueprintUserMessages: 0.628387
[2015.08.27-20.34.16:050][531]LogBlueprintUserMessages: 0.615483
[2015.08.27-20.34.16:067][532]LogBlueprintUserMessages: 0.60258
[2015.08.27-20.34.16:083][533]LogBlueprintUserMessages: 0.589677
[2015.08.27-20.34.16:099][534]LogBlueprintUserMessages: 0.576768
[2015.08.27-20.34.16:115][535]LogBlueprintUserMessages: 0.563862
[2015.08.27-20.34.16:131][536]LogBlueprintUserM