[2015.08.30-17.04.13:113][  0]Log file open, 08/30/15 19:04:13
[2015.08.30-17.04.13:113][  0]LogInit:Display: Running engine for game: NotPartofGame
[2015.08.30-17.04.13:113][  0]LogInit:Display: RandInit(-1302279991) SRandInit(-1302279991).
[2015.08.30-17.04.13:113][  0]LogTaskGraph: Started task graph with 4 named threads and 7 total threads.
[2015.08.30-17.04.13:113][  0]LogStats: Stats thread started
[2015.08.30-17.04.13:113][  0]LogInit: Version: 4.8.3-2634408+++depot+UE4-Releases+4.8
[2015.08.30-17.04.13:113][  0]LogInit: API Version: 2579680
[2015.08.30-17.04.13:113][  0]LogInit: Compiled (64-bit): Jul 27 2015 16:24:33
[2015.08.30-17.04.13:113][  0]LogInit: Compiled with Visual C++: 18.00.21005.01
[2015.08.30-17.04.13:113][  0]LogInit: Build Configuration: Development
[2015.08.30-17.04.13:113][  0]LogInit: Branch Name: ++depot+UE4-Releases+4.8
[2015.08.30-17.04.13:113][  0]LogInit: Command line:  /Temp/Autosaves/Game/NPOTG/Maps/UEDPCTesting_Level -game -PIEVIACONSOLE -ResX=1280 -ResY=720  -Multiprocess 
[2015.08.30-17.04.13:113][  0]LogInit: Base directory: C:/Users/Bodoo/Documents/Programmieren/4.8/Engine/Binaries/Win64/
[2015.08.30-17.04.13:113][  0]LogInit: Rocket: 1
[2015.08.30-17.04.13:134][  0]LogInit: Using libcurl 7.41.0
[2015.08.30-17.04.13:134][  0]LogInit:  - built for x86_64-pc-win32
[2015.08.30-17.04.13:134][  0]LogInit:  - supports SSL with WinSSL
[2015.08.30-17.04.13:134][  0]LogInit:  - other features:
[2015.08.30-17.04.13:134][  0]LogInit:      CURL_VERSION_SSL
[2015.08.30-17.04.13:134][  0]LogInit:      CURL_VERSION_IPV6
[2015.08.30-17.04.13:134][  0]LogInit:      CURL_VERSION_ASYNCHDNS
[2015.08.30-17.04.13:134][  0]LogInit:      CURL_VERSION_LARGEFILE
[2015.08.30-17.04.13:134][  0]LogInit:      CURL_VERSION_IDN
[2015.08.30-17.04.13:134][  0]LogInit:  CurlRequestOptions (configurable via config and command line):
[2015.08.30-17.04.13:134][  0]LogInit:  - bVerifyPeer = true  - Libcurl will verify peer certificate
[2015.08.30-17.04.13:134][  0]LogInit:  - bUseHttpProxy = false  - Libcurl will NOT use HTTP proxy
[2015.08.30-17.04.13:134][  0]LogInit:  - bDontReuseConnections = false  - Libcurl will reuse connections
[2015.08.30-17.04.13:134][  0]LogInit:  - CertBundlePath = nullptr  - Libcurl will use whatever was configured at build time.
[2015.08.30-17.04.13:149][  0]LogOnline:Warning: No default platform service specified for OnlineSubsystem
[2015.08.30-17.04.13:166][  0]LogInit: Presizing for 0 objects not considered by GC, pre-allocating 0 bytes.
[2015.08.30-17.04.13:176][  0]LogInit: Object subsystem initialized
[2015.08.30-17.04.13:177][  0]LogConsoleResponse:Warning: Skipping Unknown console variable: 'UIScaleCurve = (EditorCurveData=(Keys=((Time=480.000000,Value=0.444000),(Time=720.000000,Value=0.666000),(Time=1080.000000,Value=1.000000),(Time=8640.000000,Value=8.000000))),ExternalCurve=None)'
[2015.08.30-17.04.13:177][  0]LogConsoleResponse:Warning:   Found in ini file 'C:/Users/Bodoo/Documents/Programmieren/Projekte/NotPartofTheGame/Saved/Config/Windows/Engine.ini', in section '[/Script/Engine.RendererSettings]'
[2015.08.30-17.04.13:177][  0]LogConsoleManager:Warning: Console variable 'r.MSAA.CompositingSampleCount' wasn't set ('Scalability' has a lower priority than 'ProjectSetting')
[2015.08.30-17.04.13:177][  0]LogInit: Selected Device Profile: [Windows]
[2015.08.30-17.04.13:177][  0]LogInit: Applying CVar settings loaded from the selected device profile: [Windows]
[2015.08.30-17.04.13:180][  0]LogInit: Computer: DESKTOP-GLF6O4V
[2015.08.30-17.04.13:180][  0]LogInit: User: Bodoo
[2015.08.30-17.04.13:180][  0]LogInit: CPU Page size=4096, Cores=4
[2015.08.30-17.04.13:180][  0]LogInit: High frequency timer resolution =3.215351 MHz
[2015.08.30-17.04.13:180][  0]LogMemory: Memory total: Physical=12.0GB (12GB approx)
[2015.08.30-17.04.13:180][  0]LogMemory: Platform Memory Stats for Windows
[2015.08.30-17.04.13:180][  0]LogMemory: Process Physical Memory: 50.32 MB used, 50.32 MB peak
[2015.08.30-17.04.13:180][  0]LogMemory: Process Virtual Memory: 22.57 MB used, 22.57 MB peak
[2015.08.30-17.04.13:180][  0]LogMemory: Physical Memory: 2772.99 MB used, 12270.70 MB total
[2015.08.30-17.04.13:180][  0]LogMemory: Virtual Memory: 310.61 MB used, 134217728.00 MB total
[2015.08.30-17.04.13:210][  0]LogTextLocalizationManager: The requested culture ('de_DE') has no localization data; falling back to 'en' for localization and internationalization data.
[2015.08.30-17.04.13:467][  0]LogTextLocalizationManager:Warning: Loaded localization resources contain conflicting entries for (Namespace:ContentBrowser, Key:ImportAssetToolTip):
Localization Resource: (C:/Users/Bodoo/Documents/Programmieren/4.8/Engine/Content/Localization/Editor/en/Editor.locres) Source String Hash: (-630476809) Localized String: (Import to {0}...)
Localization Resource: (C:/Users/Bodoo/Documents/Programmieren/4.8/Engine/Content/Localization/Editor/en/Editor.locres) Source String Hash: (1271782899) Localized String: (Imports an asset from file to this folder.)
[2015.08.30-17.04.13:855][  0]LogD3D11RHI: Found D3D11 adapter 0: AMD Radeon HD 6800 Series (Feature Level 11_0)
[2015.08.30-17.04.13:855][  0]LogD3D11RHI: Adapter has 1011MB of dedicated video memory, 0MB of dedicated system memory, and 3840MB of shared system memory, 1 output[s]
[2015.08.30-17.04.13:858][  0]LogD3D11RHI: Found D3D11 adapter 1: Microsoft Basic Render Driver (Feature Level 11_0)
[2015.08.30-17.04.13:858][  0]LogD3D11RHI: Adapter has 0MB of dedicated video memory, 0MB of dedicated system memory, and 6135MB of shared system memory, 0 output[s]
[2015.08.30-17.04.13:858][  0]LogD3D11RHI: Chosen D3D11 Adapter Id = 0
[2015.08.30-17.04.13:861][  0]LogD3D11RHI: InitD3DDevice
[2015.08.30-17.04.13:861][  0]LogD3D11RHI: !Direct3DDevice
[2015.08.30-17.04.13:861][  0]LogRHI: Texture pool is 708 MB (70% of 1011 MB)
[2015.08.30-17.04.13:869][  0]LogD3D11RHI: Async texture creation disabled: no driver support
[2015.08.30-17.04.13:881][  0]LogShaderCompilers:Display: Using Local Shader Compiler.
[2015.08.30-17.04.14:815][  0]LogTemp:Display: Loaded TP DesktopTargetPlatform
[2015.08.30-17.04.14:832][  0]LogTemp:Display: Loaded TP WindowsClientTargetPlatform
[2015.08.30-17.04.14:849][  0]LogTemp:Display: Loaded TP WindowsNoEditorTargetPlatform
[2015.08.30-17.04.14:867][  0]LogTemp:Display: Loaded TP WindowsServerTargetPlatform
[2015.08.30-17.04.14:886][  0]LogTemp:Display: Loaded TP WindowsTargetPlatform
[2015.08.30-17.04.14:901][  0]LogTemp:Display: Loaded TP AndroidTargetPlatform
[2015.08.30-17.04.14:917][  0]LogTemp:Display: Loaded TP Android_ASTCTargetPlatform
[2015.08.30-17.04.14:932][  0]LogTemp:Display: Loaded TP Android_ATCTargetPlatform
[2015.08.30-17.04.14:947][  0]LogTemp:Display: Loaded TP Android_DXTTargetPlatform
[2015.08.30-17.04.14:962][  0]LogTemp:Display: Loaded TP Android_ETC1TargetPlatform
[2015.08.30-17.04.14:978][  0]LogTemp:Display: Loaded TP Android_ETC2TargetPlatform
[2015.08.30-17.04.14:992][  0]LogTemp:Display: Loaded TP Android_PVRTCTargetPlatform
[2015.08.30-17.04.15:048][  0]LogTemp:Display: Loaded TP IOSTargetPlatform
[2015.08.30-17.04.15:063][  0]LogTemp:Display: Loaded TP LinuxNoEditorTargetPlatform
[2015.08.30-17.04.15:077][  0]LogTemp:Display: Loaded TP LinuxServerTargetPlatform
[2015.08.30-17.04.15:095][  0]LogTemp:Display: Loaded TP LinuxTargetPlatform
[2015.08.30-17.04.15:095][  0]LogTargetPlatformManager:Display: Building Assets For Windows
[2015.08.30-17.04.15:346][  0]LogDerivedDataCache:Display: Max Cache Size: 512 MB
[2015.08.30-17.04.15:419][  0]LogDerivedDataCache: Loaded boot cache 0.07s 53MB C:/Users/Bodoo/AppData/Local/UnrealEngine/4.8/DerivedDataCache/Boot.ddc.
[2015.08.30-17.04.15:419][  0]LogDerivedDataCache:Display: Loaded Boot cache: C:/Users/Bodoo/AppData/Local/UnrealEngine/4.8/DerivedDataCache/Boot.ddc
[2015.08.30-17.04.15:419][  0]LogDerivedDataCache: FDerivedDataBackendGraph:  Pak pak cache file ../../../../Projekte/NotPartofTheGame/DerivedDataCache/DDC.ddp not found, will not use a pak cache.
[2015.08.30-17.04.15:419][  0]LogDerivedDataCache: Unable to find inner node Pak for hierarchical cache Hierarchy.
[2015.08.30-17.04.15:419][  0]LogDerivedDataCache: FDerivedDataBackendGraph:  CompressedPak pak cache file ../../../../Projekte/NotPartofTheGame/DerivedDataCache/Compressed.ddp not found, will not use a pak cache.
[2015.08.30-17.04.15:419][  0]LogDerivedDataCache: Unable to find inner node CompressedPak for hierarchical cache Hierarchy.
[2015.08.30-17.04.15:588][  0]LogDerivedDataCache:Display: Pak cache opened for reading ../../../Engine/DerivedDataCache/Compressed.ddp.
[2015.08.30-17.04.15:601][  0]LogDerivedDataCache: Using Local data cache path C:/Users/Bodoo/AppData/Local/UnrealEngine/Common/DerivedDataCache: Writable
[2015.08.30-17.04.15:878][  0]LogInit: Selected Device Profile: [Windows]
[2015.08.30-17.04.15:981][  0]ImportText (ComponentSweepMultiTests): Missing closing parenthesis: (RootShapeAsset="/Engine/BasicShapes/Cube.Cube",ShapeType="TriggerCapsule",HitResult=(Time=0.50,Location=(X=-100.000015,Y=0.0,Z=100.000015),ImpactPoint=(X=-50.0,Y=0.0,Z=50.0),Normal=(X=-1.0,Y=-0.0,Z=0.0),ImpactNormal=(X=0.0,Y=0.0,Z=1.0),TraceStart=(X=-200.0,Y=0.0,Z=200.0),TraceEnd=(X=0.0,Y=0.0,Z=0.0))
[2015.08.30-17.04.15:982][  0]ImportText (LineTraceSingleByChannelTests): Missing closing parenthesis: (RootShapeAsset="/Engine/BasicShapes/Cube.Cube",HitResult=(Time=0.50,Location=(X=-100.000015,Y=0.0,Z=100.000015),ImpactPoint=(X=-50.0,Y=0.0,Z=50.0),Normal=(X=-1.0,Y=-0.0,Z=0.0),ImpactNormal=(X=0.0,Y=0.0,Z=1.0),TraceStart=(X=-200.0,Y=0.0,Z=200.0),TraceEnd=(X=0.0,Y=0.0,Z=0.0))
[2015.08.30-17.04.16:016][  0]LogMeshUtilities: No automatic mesh reduction module available
[2015.08.30-17.04.16:016][  0]LogMeshUtilities: No automatic mesh merging module available
[2015.08.30-17.04.16:362][  0]LogInit: WinSock: version 1.1 (2.2), MaxSocks=32767, MaxUdp=65467
[2015.08.30-17.04.16:924][  0]LogD3D11RHI: InitD3DDevice
[2015.08.30-17.04.16:931][  0]LogWindowsMoviePlayer: Unable to load movie: ../../../../Projekte/NotPartofTheGame/Content/Movies/Default_Startup.mp4
[2015.08.30-17.04.17:137][  0]LogAssetRegistry: FAssetRegistry took 0.0001 seconds to start up
[2015.08.30-17.04.17:197][  0]SourceControl: Info Source control is disabled
[2015.08.30-17.04.17:197][  0]SourceControl: Info Source control is disabled
[2015.08.30-17.04.17:211][  0]SourceControl: Info Source control is disabled
[2015.08.30-17.04.17:454][  0]LogObj: 25913 objects as part of root set at end of initial load.
[2015.08.30-17.04.17:454][  0]LogUObjectAllocator: 5218480 out of 0 bytes used by permanent object pool.
[2015.08.30-17.04.17:555][  0]LogAutomationTest:Warning: ERR: Transient text cannot be serialized "Testing Transient serialization detection".
[2015.08.30-17.04.17:555][  0]LogEngine: Initializing Engine...
[2015.08.30-17.04.17:560][  0]LogHMD: Can't find Oculus library dev build: is proper Runtime installed? Version: 0.6.0.0
[2015.08.30-17.04.17:563][  0]LogHMD:Warning: SteamVR failed to initialize.  Error: 110
[2015.08.30-17.04.17:683][  0]LogInit: XAudio2 using 'Lautsprecher (G510s Gaming Keyboard)' : 2 channels at 48 kHz using 16 bits per sample (channel mask 0x3)
[2015.08.30-17.04.17:691][  0]LogInit: FAudioDevice initialized.
[2015.08.30-17.04.17:703][  0]LogInit: Texture streaming: Disabled
[2015.08.30-17.04.17:799][  0]LogNet: Browse: /Temp/Autosaves/Game/NPOTG/Maps/UEDPCTesting_Level?Name=Player
[2015.08.30-17.04.17:799][  0]LogLoad: LoadMap: /Temp/Autosaves/Game/NPOTG/Maps/UEDPCTesting_Level?Name=Player
[2015.08.30-17.04.17:817][  0]LogParticles: Destroying 0 GPU particle simulations for FXSystem 0x000000AB5251B560
[2015.08.30-17.04.17:832][  0]LogMemory: Platform Memory Stats for Windows
[2015.08.30-17.04.17:832][  0]LogMemory: Process Physical Memory: 336.43 MB used, 336.43 MB peak
[2015.08.30-17.04.17:832][  0]LogMemory: Process Virtual Memory: 372.89 MB used, 372.89 MB peak
[2015.08.30-17.04.17:832][  0]LogMemory: Physical Memory: 3009.55 MB used, 12270.70 MB total
[2015.08.30-17.04.17:832][  0]LogMemory: Virtual Memory: 893.79 MB used, 134217728.00 MB total
[2015.08.30-17.04.17:832][  0]LogMemory: 
[2015.08.30-17.04.17:832][  0]Allocator Stats for TBB: (not implemented)
[2015.08.30-17.04.19:002][  0]LogProperty:Warning: ERR: Transient text cannot be serialized "NewRotation Roll".
[2015.08.30-17.04.19:002][  0]LogProperty:Warning: ERR: Transient text cannot be serialized "NewRotation Yaw".
[2015.08.30-17.04.19:002][  0]LogProperty:Warning: ERR: Transient text cannot be serialized "NewRotation Pitch".
[2015.08.30-17.04.19:002][  0]LogProperty:Warning: ERR: Transient text cannot be serialized "NewRotation Roll".
[2015.08.30-17.04.19:002][  0]LogProperty:Warning: ERR: Transient text cannot be serialized "NewRotation Yaw".
[2015.08.30-17.04.19:002][  0]LogProperty:Warning: ERR: Transient text cannot be serialized "NewRotation Pitch".
[2015.08.30-17.04.19:062][  0]LogProperty:Warning: ERR: Transient text cannot be serialized "NewRotation Roll".
[2015.08.30-17.04.19:062][  0]LogProperty:Warning: ERR: Transient text cannot be serialized "NewRotation Yaw".
[2015.08.30-17.04.19:062][  0]LogProperty:Warning: ERR: Transient text cannot be serialized "NewRotation Pitch".
[2015.08.30-17.04.19:063][  0]LogProperty:Warning: ERR: Transient text cannot be serialized "NewRotation Roll".
[2015.08.30-17.04.19:063][  0]LogProperty:Warning: ERR: Transient text cannot be serialized "NewRotation Yaw".
[2015.08.30-17.04.19:063][  0]LogProperty:Warning: ERR: Transient text cannot be serialized "NewRotation Pitch".
[2015.08.30-17.04.20:054][  0]LogAIModule: Creating AISystem for world Testing_Level
[2015.08.30-17.04.20:054][  0]LogWorld: Game class is '2DSideScrollerGameMode_C'
[2015.08.30-17.04.20:119][  0]LogWorld: Bringing World /Temp/Autosaves/Game/NPOTG/Maps/UEDPCTesting_Level.Testing_Level up for play (max tick rate 0) at 2015.08.30-19.04.20
[2015.08.30-17.04.20:132][  0]LogWorld: Bringing up level for play took: 0.075181
[2015.08.30-17.04.20:136][  0]LogInit:Display: Game Engine Initialized.
[2015.08.30-17.04.20:361][  0]LogLoad: Full Startup: 8.89 seconds (BP compile: 1.20 seconds)
[2015.08.30-17.04.20:383][  0]LogContentStreaming: Texture pool size is 1000.000000MB
[2015.08.30-17.04.20:503][  0]LogRenderer: Reallocating scene render targets to support 1280x720 (Frame:2).
[2015.08.30-17.04.44:365][471]LogBlueprintUserMessages: 0.991935
[2015.08.30-17.04.44:365][471]LogBlueprintUserMessages: 0.991935
[2015.08.30-17.04.44:365][471]LogBlueprintUserMessages: 0.983871
[2015.08.30-17.04.44:381][472]LogBlueprintUserMessages: 0.975806
[2015.08.30-17.04.44:397][473]LogBlueprintUserMessages: 0.967742
[2015.08.30-17.04.48:091][702]LogBlueprintUserMessages: 0.991935
[2015.08.30-17.04.48:091][702]LogBlueprintUserMessages: 0.991935
[2015.08.30-17.04.48:091][702]LogBlueprintUserMessages: 0.983871
[2015.08.30-17.04.48:107][703]LogBlueprintUserMessages: 0.975806
[2015.08.30-17.04.48:123][704]LogBlueprintUserMessages: 0.967742
[2015.08.30-17.04.48:139][705]LogBlueprintUserMessages: 0.959677
[2015.08.30-17.04.48:156][706]LogBlueprintUserMessages: 0.951613
[2015.08.30-17.04.48:172][707]LogBlueprintUserMessages: 0.943548
[2015.08.30-17.04.48:188][708]LogBlueprintUserMessages: 0.935484
[2015.08.30-17.04.48:204][709]LogBlueprintUserMessages: 0.927419
[2015.08.30-17.04.48:220][710]LogBlueprintUserMessages: 0.919354
[2015.08.30-17.04.48:236][711]LogBlueprintUserMessages: 0.91129
[2015.08.30-17.04.48:253][712]LogBlueprintUserMessages: 0.903225
[2015.08.30-17.04.48:268][713]LogBlueprintUserMessages: 0.895161
[2015.08.30-17.04.48:284][714]LogBlueprintUserMessages: 0.887096
[2015.08.30-17.04.48:300][715]LogBlueprintUserMessages: 0.879032
[2015.08.30-17.04.48:317][716]LogBlueprintUserMessages: 0.870967
[2015.08.30-17.04.48:333][717]LogBlueprintUserMessages: 0.862903
[2015.08.30-17.04.48:349][718]LogBlueprintUserMessages: 0.854838
[2015.08.30-17.04.48:365][719]LogBlueprintUserMessages: 0.846773
[2015.08.30-17.04.48:382][720]LogBlueprintUserMessages: 0.838709
[2015.08.30-17.04.48:398][721]LogBlueprintUserMessages: 0.830644
[2015.08.30-17.04.48:414][722]LogBlueprintUserMessages: 0.82258
[2015.08.30-17.04.48:429][723]LogBlueprintUserMessages: 0.814515
[2015.08.30-17.04.48:446][724]LogBlueprintUserMessages: 0.806451
[2015.08.30-17.04.48:462][725]LogBlueprintUserMessages: 0.798386
[2015.08.30-17.04.48:478][726]LogBlueprintUserMessages: 0.790321
[2015.08.30-17.04.48:494][727]LogBlueprintUserMessages: 0.782257
[2015.08.30-17.04.48:511][728]LogBlueprintUserMessages: 0.774192
[2015.08.30-17.04.48:527][729]LogBlueprintUserMessages: 0.766128
[2015.08.30-17.04.48:543][730]LogBlueprintUserMessages: 0.758063
[2015.08.30-17.04.48:559][731]LogBlueprintUserMessages: 0.749998
[2015.08.30-17.04.48:574][732]LogBlueprintUserMessages: 0.741934
[2015.08.30-17.04.48:590][733]LogBlueprintUserMessages: 0.733869
[2015.08.30-17.04.48:607][734]LogBlueprintUserMessages: 0.725805
[2015.08.30-17.04.48:623][735]LogBlueprintUserMessages: 0.71774
[2015.08.30-17.04.48:640][736]LogBlueprintUserMessages: 0.709675
[2015.08.30-17.04.48:656][737]LogBlueprintUserMessages: 0.701611
[2015.08.30-17.04.48:672][738]LogBlueprintUserMessages: 0.693546
[2015.08.30-17.04.48:688][739]LogBlueprintUserMessages: 0.685482
[2015.08.30-17.04.48:704][740]LogBlueprintUserMessages: 0.677417
[2015.08.30-17.04.48:720][741]LogBlueprintUserMessages: 0.669352
[2015.08.30-17.04.48:736][742]LogBlueprintUserMessages: 0.661288
[2015.08.30-17.04.48:753][743]LogBlueprintUserMessages: 0.653223
[2015.08.30-17.04.48:769][744]LogBlueprintUserMessages: 0.645159
[2015.08.30-17.04.48:785][745]LogBlueprintUserMessages: 0.637094
[2015.08.30-17.04.48:801][746]LogBlueprintUserMessages: 0.629029
[2015.08.30-17.04.48:817][747]LogBlueprintUserMessages: 0.620965
[2015.08.30-17.04.48:832][748]LogBlueprintUserMessages: 0.6129
[2015.08.30-17.04.48:849][749]LogBlueprintUserMessages: 0.604836
[2015.08.30-17.04.48:865][750]LogBlueprintUserMessages: 0.59677
[2015.08.30-17.04.48:881][751]LogBlueprintUserMessages: 0.588705
[2015.08.30-17.04.48:897][752]LogBlueprintUserMessages: 0.58064
[2015.08.30-17.04.48:913][753]LogBlueprintUserMessages: 0.572576
[2015.08.30-17.04.48:930][754]LogBlueprintUserMessages: 0.564511
[2015.08.30-17.04.48:946][755]LogBlueprintUserMessages: 0.556447
[2015.08.30-17.04.48:962][756]LogBlueprintUserMessages: 0.548382
[2015.08.30-17.04.48:978][757]LogBlueprintUserMessages: 0.540317
[2015.08.30-17.04.48:994][758]LogBlueprintUserMessages: 0.532253
[2015.08.30-17.04.49:010][759]LogBlueprintUserMessages: 0.524188
[2015.08.30-17.04.49:026][760]LogBlueprintUserMessages: 0.516124
[2015.08.30-17.04.49:042][761]LogBlueprintUserMessages: 0.508059
[2015.08.30-17.04.49:059][762]LogBlueprintUserMessages: 0.499994
[2015.08.30-17.04.49:075][763]LogBlueprintUserMessages: 0.49193
[2015.08.30-17.04.49:091][764]LogBlueprintUserMessages: 0.483865
[2015.08.30-17.04.49:107][765]LogBlueprintUserMessages: 0.475801
[2015.08.30-17.04.49:123][766]LogBlueprintUserMessages: 0.467736
[2015.08.30-17.04.49:140][767]LogBlueprintUserMessages: 0.459671
[2015.08.30-17.04.49:156][768]LogBlueprintUserMessages: 0.451607
[2015.08.30-17.04.49:172][769]LogBlueprintUserMessages: 0.443542
[2015.08.30-17.04.49:188][770]LogBlueprintUserMessages: 0.435478
[2015.08.30-17.04.49:204][771]LogBlueprintUserMessages: 0.427413
[2015.08.30-17.04.49:220][772]LogBlueprintUserMessages: 0.419348
[2015.08.30-17.04.49:236][773]LogBlueprintUserMessages: 0.411284
[2015.08.30-17.04.49:252][774]LogBlueprintUserMessages: 0.403219
[2015.08.30-17.04.49:269][775]LogBlueprintUserMessages: 0.395152
[2015.08.30-17.04.49:285][776]LogBlueprintUserMessages: 0.387087
[2015.08.30-17.04.49:301][777]LogBlueprintUserMessages: 0.379023
[2015.08.30-17.04.49:317][778]LogBlueprintUserMessages: 0.370958
[2015.08.30-17.04.49:333][779]LogBlueprintUserMessages: 0.362894
[2015.08.30-17.04.49:349][780]LogBlueprintUserMessages: 0.354829
[2015.08.30-17.04.49:365][781]LogBlueprintUserMessages: 0.346764
[2015.08.30-17.04.49:381][782]LogBlueprintUserMessages: 0.3387
[2015.08.30-17.04.49:398][783]LogBlueprintUserMessages: 0.330635
[2015.08.30-17.04.49:414][784]LogBlueprintUserMessages: 0.322571
[2015.08.30-17.04.49:430][785]LogBlueprintUserMessages: 0.314506
[2015.08.30-17.04.49:446][786]LogBlueprintUserMessages: 0.306441
[2015.08.30-17.04.49:462][787]LogBlueprintUserMessages: 0.298377
[2015.08.30-17.04.49:478][788]LogBlueprintUserMessages: 0.290309
[2015.08.30-17.04.49:494][789]LogBlueprintUserMessages: 0.282244
[2015.08.30-17.04.49:511][790]LogBlueprintUserMessages: 0.27418
[2015.08.30-17.04.49:527][791]LogBlueprintUserMessages: 0.266115
[2015.08.30-17.04.59:575][414]Closing by request
[2015.08.30-17.04.59:575][414]LogWindows: FPlatformMisc::RequestExit(0)
[2015.08.30-17.04.59:620][415]LogWindowsTextInputMethodSystem:Display: IME system now deactivated.
[2015.08.30-17.04.59:620][415]LogWindowsTextInputMethodSystem:Display: IME system now deactivated.
[2015.08.30-17.04.59:627][415]LogExit: Preparing to exit.
[2015.08.30-17.04.59:713][415]LogExit: Game engine shut down
[2015.08.30-17.04.59:718][415]LogParticles: Destroying 0 GPU particle simulations for FXSystem 0x000000AB4E6B6FC0
[2015.08.30-17.04.59:853][415]LogExit: Object subsystem successfully closed.
[2015.08.30-17.04.59:873][415]LogD3D11RHI: Shutdown
[2015.08.30-17.04.59:873][415]LogD3D11RHI: CleanupD3DDevice
[2015.08.30-17.04.59:959][415]LogD3D11RHI: ~FD3D11DynamicRHI
[2015.08.30-17.04.59:971][415]LogModuleManager: Shutting down and abandoning module AndroidDeviceDetection (109)
[2015.08.30-17.05.00:403][415]LogModuleManager: Shutting down and abandoning module AutomationWorker (108)
[2015.08.30-17.05.00:403][415]LogModuleManager: Shutting down and abandoning module CharacterAI (107)
[2015.08.30-17.05.00:403][415]LogModuleManager: Shutting down and abandoning module AITestSuite (106)
[2015.08.30-17.05.00:403][415]LogModuleManager: Shutting down and abandoning module GameplayDebugger (105)
[2015.08.30-17.05.00:403][415]LogModuleManager: Shutting down and abandoning module AIModule (104)
[2015.08.30-17.05.00:403][415]LogModuleManager: Shutting down and abandoning module GameLiveStreaming (103)
[2015.08.30-17.05.00:403][415]LogModuleManager: Shutting down and abandoning module StreamingPauseRendering (102)
[2015.08.30-17.05.00:403][415]LogModuleManager: Shutting down and abandoning module ProfilerService (101)
[2015.08.30-17.05.00:576][415]LogModuleManager: Shutting down and abandoning module TaskGraph (100)
[2015.08.30-17.05.00:576][415]LogModuleManager: Shutting down and abandoning module SlateRemote (99)
[2015.08.30-17.05.00:576][415]LogModuleManager: Shutting down and abandoning module SteamVRController (98)
[2015.08.30-17.05.00:576][415]LogModuleManager: Shutting down and abandoning module SteamVR (97)
[2015.08.30-17.05.00:576][415]LogModuleManager: Shutting down and abandoning module ProceduralMeshComponent (96)
[2015.08.30-17.05.00:576][415]LogModuleManager: Shutting down and abandoning module OculusRift (95)
[2015.08.30-17.05.00:576][415]LogModuleManager: Shutting down and abandoning module LeapMotionController (94)
[2015.08.30-17.05.00:582][415]LogModuleManager: Shutting down and abandoning module CustomMeshComponent (93)
[2015.08.30-17.05.00:582][415]LogModuleManager: Shutting down and abandoning module CableComponent (92)
[2015.08.30-17.05.00:582][415]LogModuleManager: Shutting down and abandoning module DesktopPlatform (91)
[2015.08.30-17.05.00:582][415]LogModuleManager: Shutting down and abandoning module DirectoryWatcher (90)
[2015.08.30-17.05.00:582][415]LogModuleManager: Shutting down and abandoning module HotReload (89)
[2015.08.30-17.05.00:582][415]LogModuleManager: Shutting down and abandoning module VisualStudioSourceCodeAccess (88)
[2015.08.30-17.05.00:582][415]LogModuleManager: Shutting down and abandoning module UObjectPlugin (87)
[2015.08.30-17.05.00:582][415]LogModuleManager: Shutting down and abandoning module SubversionSourceControl (86)
[2015.08.30-17.05.00:582][415]LogModuleManager: Shutting down and abandoning module SourceControl (85)
[2015.08.30-17.05.00:582][415]LogModuleManager: Shutting down and abandoning module PerforceSourceControl (84)
[2015.08.30-17.05.00:582][415]LogModuleManager: Shutting down and abandoning module BlankPlugin (83)
[2015.08.30-17.05.00:583][415]LogModuleManager: Shutting down and abandoning module UdpMessaging (82)
[2015.08.30-17.05.00:583][415]LogModuleManager: Shutting down and abandoning module AssetRegistry (81)
[2015.08.30-17.05.00:583][415]LogModuleManager: Shutting down and abandoning module SubstanceCore (80)
[2015.08.30-17.05.00:583][415]LogModuleManager: Shutting down and abandoning module Paper2D (79)
[2015.08.30-17.05.00:583][415]LogModuleManager: Shutting down and abandoning module WindowsMoviePlayer (78)
[2015.08.30-17.05.00:586][415]LogModuleManager: Shutting down and abandoning module Media (77)
[2015.08.30-17.05.00:586][415]LogModuleManager: Shutting down and abandoning module WmfMedia (76)
[2015.08.30-17.05.00:586][415]LogModuleManager: Shutting down and abandoning module OnlineBlueprintSupport (75)
[2015.08.30-17.05.00:586][415]LogModuleManager: Shutting down and abandoning module PropertyEditor (74)
[2015.08.30-17.05.00:586][415]LogModuleManager: Shutting down and abandoning module BehaviorTreeEditor (73)
[2015.08.30-17.05.00:586][415]LogModuleManager: Shutting down and abandoning module FunctionalTesting (72)
[2015.08.30-17.05.00:586][415]LogModuleManager: Shutting down and abandoning module CollisionAnalyzer (71)
[2015.08.30-17.05.00:586][415]LogModuleManager: Shutting down and abandoning module WorkspaceMenuStructure (70)
[2015.08.30-17.05.00:586][415]LogModuleManager: Shutting down and abandoning module MessageLog (69)
[2015.08.30-17.05.00:586][415]LogModuleManager: Shutting down and abandoning module Sequencer (68)
[2015.08.30-17.05.00:586][415]LogModuleManager: Shutting down and abandoning module AssetTools (67)
[2015.08.30-17.05.00:586][415]LogModuleManager: Shutting down and abandoning module UMGEditor (66)
[2015.08.30-17.05.00:586][415]LogModuleManager: Shutting down and abandoning module UMG (65)
[2015.08.30-17.05.00:586][415]LogModuleManager: Shutting down and abandoning module Slate (64)
[2015.08.30-17.05.00:586][415]LogModuleManager: Shutting down and abandoning module EditorStyle (63)
[2015.08.30-17.05.00:588][415]LogModuleManager: Shutting down and abandoning module SessionServices (62)
[2015.08.30-17.05.00:588][415]LogModuleManager: Shutting down and abandoning module SourceCodeAccess (61)
[2015.08.30-17.05.00:588][415]LogModuleManager: Shutting down and abandoning module HeadMountedDisplay (60)
[2015.08.30-17.05.00:588][415]LogModuleManager: Shutting down and abandoning module XAudio2 (59)
[2015.08.30-17.05.00:588][415]LogModuleManager: Shutting down and abandoning module Networking (57)
[2015.08.30-17.05.00:588][415]LogModuleManager: Shutting down and abandoning module Core (56)
[2015.08.30-17.05.00:588][415]LogModuleManager: Shutting down and abandoning module KismetCompiler (55)
[2015.08.30-17.05.00:588][415]LogModuleManager: Shutting down and abandoning module PhysXFormats (54)
[2015.08.30-17.05.00:588][415]LogModuleManager: Shutting down and abandoning module MeshUtilities (53)
[2015.08.30-17.05.00:588][415]LogModuleManager: Shutting down and abandoning module DerivedDataCache (52)
[2015.08.30-17.05.00:637][415]LogDerivedDataCache: Shutdown
[2015.08.30-17.05.00:637][415]LogModuleManager: Shutting down and abandoning module ShaderFormatOpenGL (51)
[2015.08.30-17.05.00:637][415]LogModuleManager: Shutting down and abandoning module ShaderFormatD3D (50)
[2015.08.30-17.05.00:637][415]LogModuleManager: Shutting down and abandoning module MetalShaderFormat (49)
[2015.08.30-17.05.00:637][415]LogModuleManager: Shutting down and abandoning module TextureFormatUncompressed (48)
[2015.08.30-17.05.00:637][415]LogModuleManager: Shutting down and abandoning module TextureFormatPVR (47)
[2015.08.30-17.05.00:637][415]LogModuleManager: Shutting down and abandoning module TextureFormatIntelISPCTexComp (46)
[2015.08.30-17.05.00:637][415]LogModuleManager: Shutting down and abandoning module TextureFormatDXT (45)
[2015.08.30-17.05.00:637][415]LogModuleManager: Shutting down and abandoning module ImageWrapper (44)
[2015.08.30-17.05.00:637][415]LogModuleManager: Shutting down and abandoning module TextureFormatASTC (43)
[2015.08.30-17.05.00:637][415]LogModuleManager: Shutting down and abandoning module TextureFormatAndroid (42)
[2015.08.30-17.05.00:637][415]LogModuleManager: Shutting down and abandoning module AudioFormatOpus (41)
[2015.08.30-17.05.00:637][415]LogModuleManager: Shutting down and abandoning module AudioFormatOgg (40)
[2015.08.30-17.05.00:637][415]LogModuleManager: Shutting down and abandoning module AudioFormatADPCM (39)
[2015.08.30-17.05.00:637][415]LogModuleManager: Shutting down and abandoning module LinuxTargetPlatform (38)
[2015.08.30-17.05.00:637][415]LogModuleManager: Shutting down and abandoning module LinuxServerTargetPlatform (37)
[2015.08.30-17.05.00:637][415]LogModuleManager: Shutting down and abandoning module LinuxNoEditorTargetPlatform (36)
[2015.08.30-17.05.00:637][415]LogModuleManager: Shutting down and abandoning module Messaging (35)
[2015.08.30-17.05.00:637][415]LogModuleManager: Shutting down and abandoning module IOSTargetPlatform (34)
[2015.08.30-17.05.00:637][415]LogModuleManager: Shutting down and abandoning module HTML5TargetPlatform (33)
[2015.08.30-17.05.00:637][415]LogModuleManager: Shutting down and abandoning module Android_PVRTCTargetPlatform (32)
[2015.08.30-17.05.00:637][415]LogModuleManager: Shutting down and abandoning module Android_ETC2TargetPlatform (31)
[2015.08.30-17.05.00:637][415]LogModuleManager: Shutting down and abandoning module Android_ETC1TargetPlatform (30)
[2015.08.30-17.05.00:637][415]LogModuleManager: Shutting down and abandoning module Android_DXTTargetPlatform (29)
[2015.08.30-17.05.00:637][415]LogModuleManager: Shutting down and abandoning module Android_ATCTargetPlatform (28)
[2015.08.30-17.05.00:637][415]LogModuleManager: Shutting down and abandoning module Android_ASTCTargetPlatform (27)
[2015.08.30-17.05.00:637][415]LogModuleManager: Shutting down and abandoning module AndroidTargetPlatform (26)
[2015.08.30-17.05.00:637][415]LogModuleManager: Shutting down and abandoning module WindowsTargetPlatform (25)
[2015.08.30-17.05.00:637][415]LogModuleManager: Shutting down and abandoning module WindowsServerTargetPlatform (24)
[2015.08.30-17.05.00:637][415]LogModuleManager: Shutting down and abandoning module WindowsNoEditorTargetPlatform (23)
[2015.08.30-17.05.00:637][415]LogModuleManager: Shutting down and abandoning module WindowsClientTargetPlatform (22)
[2015.08.30-17.05.00:637][415]LogModuleManager: Shutting down and abandoning module DesktopTargetPlatform (21)
[2015.08.30-17.05.00:637][415]LogModuleManager: Shutting down and abandoning module TargetPlatform (20)
[2015.08.30-17.05.00:637][415]LogModuleManager: Shutting down and abandoning module InputCore (19)
[2015.08.30-17.05.00:637][415]LogModuleManager: Shutting down and abandoning module Settings (18)
[2015.08.30-17.05.00:637][415]LogModuleManager: Shutting down and abandoning module OnlineSubsystem (16)
[2015.08.30-17.05.00:637][415]LogModuleManager: Shutting down and abandoning module HTTP (15)
[2015.08.30-17.05.00:637][415]LogModuleManager: Shutting down and abandoning module ExampleDeviceProfileSelector (14)
[2015.08.30-17.05.00:637][415]LogModuleManager: Shutting down and abandoning module TextureCompressor (13)
[2015.08.30-17.05.00:637][415]LogModuleManager: Shutting down and abandoning module ShaderCore (12)
[2015.08.30-17.05.00:637][415]LogModuleManager: Shutting down and abandoning module Landscape (11)
[2015.08.30-17.05.00:637][415]LogModuleManager: Shutting down and abandoning module SlateRHIRenderer (10)
[2015.08.30-17.05.00:638][415]LogModuleManager: Shutting down and abandoning module OpenGLDrv (9)
[2015.08.30-17.05.00:638][415]LogModuleManager: Shutting down and abandoning module D3D11RHI (8)
[2015.08.30-17.05.00:638][415]LogModuleManager: Shutting down and abandoning module Renderer (7)
[2015.08.30-17.05.00:638][415]LogModuleManager: Shutting down and abandoning module Engine (6)
[2015.08.30-17.05.00:638][415]LogModuleManager: Shutting down and abandoning module CoreUObject (5)
[2015.08.30-17.05.00:638][415]LogModuleManager: Shutting down and abandoning module NetworkFile (4)
[2015.08.30-17.05.00:638][415]LogModuleManager: Shutting down and abandoning module StreamingFile (3)
[2015.08.30-17.05.00:638][415]LogModuleManager: Shutting down and abandoning module SandboxFile (2)
[2015.08.30-17.05.00:638][415]LogModuleManager: Shutting down and abandoning module PakFile (1)
[2015.08.30-17.05.00:638][415]LogExit: Exiting.
[2015.08.30-17.05.00:640][415]Log file closed, 08/30/15 19:05:00
