[2015.08.27-20.53.12:965][  0]Log file open, 08/27/15 22:53:12
[2015.08.27-20.53.12:965][  0]LogInit:Display: Running engine for game: NotPartofGame
[2015.08.27-20.53.12:965][  0]LogInit:Display: RandInit(-1116389341) SRandInit(-1116389340).
[2015.08.27-20.53.12:965][  0]LogTaskGraph: Started task graph with 4 named threads and 7 total threads.
[2015.08.27-20.53.12:965][  0]LogStats: Stats thread started
[2015.08.27-20.53.12:965][  0]LogInit: Version: 4.8.3-2634408+++depot+UE4-Releases+4.8
[2015.08.27-20.53.12:965][  0]LogInit: API Version: 2579680
[2015.08.27-20.53.12:965][  0]LogInit: Compiled (64-bit): Jul 27 2015 16:24:33
[2015.08.27-20.53.12:965][  0]LogInit: Compiled with Visual C++: 18.00.21005.01
[2015.08.27-20.53.12:965][  0]LogInit: Build Configuration: Development
[2015.08.27-20.53.12:965][  0]LogInit: Branch Name: ++depot+UE4-Releases+4.8
[2015.08.27-20.53.12:965][  0]LogInit: Command line:  /Temp/Autosaves/Game/NPOTG/Maps/UEDPCTesting_Level -game -PIEVIACONSOLE -ResX=1280 -ResY=720  -Multiprocess 
[2015.08.27-20.53.12:965][  0]LogInit: Base directory: C:/Users/Bodoo/Documents/Programmieren/4.8/Engine/Binaries/Win64/
[2015.08.27-20.53.12:965][  0]LogInit: Rocket: 1
[2015.08.27-20.53.12:985][  0]LogInit: Using libcurl 7.41.0
[2015.08.27-20.53.12:985][  0]LogInit:  - built for x86_64-pc-win32
[2015.08.27-20.53.12:985][  0]LogInit:  - supports SSL with WinSSL
[2015.08.27-20.53.12:985][  0]LogInit:  - other features:
[2015.08.27-20.53.12:985][  0]LogInit:      CURL_VERSION_SSL
[2015.08.27-20.53.12:985][  0]LogInit:      CURL_VERSION_IPV6
[2015.08.27-20.53.12:985][  0]LogInit:      CURL_VERSION_ASYNCHDNS
[2015.08.27-20.53.12:985][  0]LogInit:      CURL_VERSION_LARGEFILE
[2015.08.27-20.53.12:985][  0]LogInit:      CURL_VERSION_IDN
[2015.08.27-20.53.12:985][  0]LogInit:  CurlRequestOptions (configurable via config and command line):
[2015.08.27-20.53.12:985][  0]LogInit:  - bVerifyPeer = true  - Libcurl will verify peer certificate
[2015.08.27-20.53.12:985][  0]LogInit:  - bUseHttpProxy = false  - Libcurl will NOT use HTTP proxy
[2015.08.27-20.53.12:985][  0]LogInit:  - bDontReuseConnections = false  - Libcurl will reuse connections
[2015.08.27-20.53.12:985][  0]LogInit:  - CertBundlePath = nullptr  - Libcurl will use whatever was configured at build time.
[2015.08.27-20.53.13:001][  0]LogOnline:Warning: No default platform service specified for OnlineSubsystem
[2015.08.27-20.53.13:020][  0]LogInit: Presizing for 0 objects not considered by GC, pre-allocating 0 bytes.
[2015.08.27-20.53.13:029][  0]LogInit: Object subsystem initialized
[2015.08.27-20.53.13:030][  0]LogConsoleResponse:Warning: Skipping Unknown console variable: 'UIScaleCurve = (EditorCurveData=(Keys=((Time=480.000000,Value=0.444000),(Time=720.000000,Value=0.666000),(Time=1080.000000,Value=1.000000),(Time=8640.000000,Value=8.000000))),ExternalCurve=None)'
[2015.08.27-20.53.13:030][  0]LogConsoleResponse:Warning:   Found in ini file 'C:/Users/Bodoo/Documents/Programmieren/Projekte/NotPartofTheGame/Saved/Config/Windows/Engine.ini', in section '[/Script/Engine.RendererSettings]'
[2015.08.27-20.53.13:030][  0]LogConsoleManager:Warning: Console variable 'r.MSAA.CompositingSampleCount' wasn't set ('Scalability' has a lower priority than 'ProjectSetting')
[2015.08.27-20.53.13:030][  0]LogInit: Selected Device Profile: [Windows]
[2015.08.27-20.53.13:030][  0]LogInit: Applying CVar settings loaded from the selected device profile: [Windows]
[2015.08.27-20.53.13:033][  0]LogInit: Computer: DESKTOP-GLF6O4V
[2015.08.27-20.53.13:033][  0]LogInit: User: Bodoo
[2015.08.27-20.53.13:033][  0]LogInit: CPU Page size=4096, Cores=4
[2015.08.27-20.53.13:033][  0]LogInit: High frequency timer resolution =3.215356 MHz
[2015.08.27-20.53.13:033][  0]LogMemory: Memory total: Physical=12.0GB (12GB approx)
[2015.08.27-20.53.13:033][  0]LogMemory: Platform Memory Stats for Windows
[2015.08.27-20.53.13:033][  0]LogMemory: Process Physical Memory: 49.54 MB used, 49.54 MB peak
[2015.08.27-20.53.13:033][  0]LogMemory: Process Virtual Memory: 24.53 MB used, 24.53 MB peak
[2015.08.27-20.53.13:034][  0]LogMemory: Physical Memory: 3879.50 MB used, 12270.70 MB total
[2015.08.27-20.53.13:034][  0]LogMemory: Virtual Memory: 312.55 MB used, 134217728.00 MB total
[2015.08.27-20.53.13:064][  0]LogTextLocalizationManager: The requested culture ('de_DE') has no localization data; falling back to 'en' for localization and internationalization data.
[2015.08.27-20.53.13:344][  0]LogTextLocalizationManager:Warning: Loaded localization resources contain conflicting entries for (Namespace:ContentBrowser, Key:ImportAssetToolTip):
Localization Resource: (C:/Users/Bodoo/Documents/Programmieren/4.8/Engine/Content/Localization/Editor/en/Editor.locres) Source String Hash: (-630476809) Localized String: (Import to {0}...)
Localization Resource: (C:/Users/Bodoo/Documents/Programmieren/4.8/Engine/Content/Localization/Editor/en/Editor.locres) Source String Hash: (1271782899) Localized String: (Imports an asset from file to this folder.)
[2015.08.27-20.53.13:721][  0]LogD3D11RHI: Found D3D11 adapter 0: AMD Radeon HD 6800 Series (Feature Level 11_0)
[2015.08.27-20.53.13:721][  0]LogD3D11RHI: Adapter has 1011MB of dedicated video memory, 0MB of dedicated system memory, and 3840MB of shared system memory, 1 output[s]
[2015.08.27-20.53.13:722][  0]LogD3D11RHI: Found D3D11 adapter 1: Microsoft Basic Render Driver (Feature Level 11_0)
[2015.08.27-20.53.13:722][  0]LogD3D11RHI: Adapter has 0MB of dedicated video memory, 0MB of dedicated system memory, and 6135MB of shared system memory, 0 output[s]
[2015.08.27-20.53.13:722][  0]LogD3D11RHI: Chosen D3D11 Adapter Id = 0
[2015.08.27-20.53.13:724][  0]LogD3D11RHI: InitD3DDevice
[2015.08.27-20.53.13:725][  0]LogD3D11RHI: !Direct3DDevice
[2015.08.27-20.53.13:725][  0]LogRHI: Texture pool is 708 MB (70% of 1011 MB)
[2015.08.27-20.53.13:731][  0]LogD3D11RHI: Async texture creation disabled: no driver support
[2015.08.27-20.53.13:741][  0]LogShaderCompilers:Display: Using Local Shader Compiler.
[2015.08.27-20.53.14:558][  0]LogTemp:Display: Loaded TP DesktopTargetPlatform
[2015.08.27-20.53.14:573][  0]LogTemp:Display: Loaded TP WindowsClientTargetPlatform
[2015.08.27-20.53.14:588][  0]LogTemp:Display: Loaded TP WindowsNoEditorTargetPlatform
[2015.08.27-20.53.14:603][  0]LogTemp:Display: Loaded TP WindowsServerTargetPlatform
[2015.08.27-20.53.14:620][  0]LogTemp:Display: Loaded TP WindowsTargetPlatform
[2015.08.27-20.53.14:634][  0]LogTemp:Display: Loaded TP AndroidTargetPlatform
[2015.08.27-20.53.14:648][  0]LogTemp:Display: Loaded TP Android_ASTCTargetPlatform
[2015.08.27-20.53.14:661][  0]LogTemp:Display: Loaded TP Android_ATCTargetPlatform
[2015.08.27-20.53.14:675][  0]LogTemp:Display: Loaded TP Android_DXTTargetPlatform
[2015.08.27-20.53.14:689][  0]LogTemp:Display: Loaded TP Android_ETC1TargetPlatform
[2015.08.27-20.53.14:706][  0]LogTemp:Display: Loaded TP Android_ETC2TargetPlatform
[2015.08.27-20.53.14:720][  0]LogTemp:Display: Loaded TP Android_PVRTCTargetPlatform
[2015.08.27-20.53.14:770][  0]LogTemp:Display: Loaded TP IOSTargetPlatform
[2015.08.27-20.53.14:783][  0]LogTemp:Display: Loaded TP LinuxNoEditorTargetPlatform
[2015.08.27-20.53.14:796][  0]LogTemp:Display: Loaded TP LinuxServerTargetPlatform
[2015.08.27-20.53.14:812][  0]LogTemp:Display: Loaded TP LinuxTargetPlatform
[2015.08.27-20.53.14:812][  0]LogTargetPlatformManager:Display: Building Assets For Windows
[2015.08.27-20.53.15:034][  0]LogDerivedDataCache:Display: Max Cache Size: 512 MB
[2015.08.27-20.53.15:093][  0]LogDerivedDataCache: Loaded boot cache 0.06s 53MB C:/Users/Bodoo/AppData/Local/UnrealEngine/4.8/DerivedDataCache/Boot.ddc.
[2015.08.27-20.53.15:093][  0]LogDerivedDataCache:Display: Loaded Boot cache: C:/Users/Bodoo/AppData/Local/UnrealEngine/4.8/DerivedDataCache/Boot.ddc
[2015.08.27-20.53.15:093][  0]LogDerivedDataCache: FDerivedDataBackendGraph:  Pak pak cache file ../../../../Projekte/NotPartofTheGame/DerivedDataCache/DDC.ddp not found, will not use a pak cache.
[2015.08.27-20.53.15:093][  0]LogDerivedDataCache: Unable to find inner node Pak for hierarchical cache Hierarchy.
[2015.08.27-20.53.15:093][  0]LogDerivedDataCache: FDerivedDataBackendGraph:  CompressedPak pak cache file ../../../../Projekte/NotPartofTheGame/DerivedDataCache/Compressed.ddp not found, will not use a pak cache.
[2015.08.27-20.53.15:093][  0]LogDerivedDataCache: Unable to find inner node CompressedPak for hierarchical cache Hierarchy.
[2015.08.27-20.53.15:248][  0]LogDerivedDataCache:Display: Pak cache opened for reading ../../../Engine/DerivedDataCache/Compressed.ddp.
[2015.08.27-20.53.15:260][  0]LogDerivedDataCache: Using Local data cache path C:/Users/Bodoo/AppData/Local/UnrealEngine/Common/DerivedDataCache: Writable
[2015.08.27-20.53.15:499][  0]LogInit: Selected Device Profile: [Windows]
[2015.08.27-20.53.15:587][  0]ImportText (ComponentSweepMultiTests): Missing closing parenthesis: (RootShapeAsset="/Engine/BasicShapes/Cube.Cube",ShapeType="TriggerCapsule",HitResult=(Time=0.50,Location=(X=-100.000015,Y=0.0,Z=100.000015),ImpactPoint=(X=-50.0,Y=0.0,Z=50.0),Normal=(X=-1.0,Y=-0.0,Z=0.0),ImpactNormal=(X=0.0,Y=0.0,Z=1.0),TraceStart=(X=-200.0,Y=0.0,Z=200.0),TraceEnd=(X=0.0,Y=0.0,Z=0.0))
[2015.08.27-20.53.15:587][  0]ImportText (LineTraceSingleByChannelTests): Missing closing parenthesis: (RootShapeAsset="/Engine/BasicShapes/Cube.Cube",HitResult=(Time=0.50,Location=(X=-100.000015,Y=0.0,Z=100.000015),ImpactPoint=(X=-50.0,Y=0.0,Z=50.0),Normal=(X=-1.0,Y=-0.0,Z=0.0),ImpactNormal=(X=0.0,Y=0.0,Z=1.0),TraceStart=(X=-200.0,Y=0.0,Z=200.0),TraceEnd=(X=0.0,Y=0.0,Z=0.0))
[2015.08.27-20.53.15:615][  0]LogMeshUtilities: No automatic mesh reduction module available
[2015.08.27-20.53.15:615][  0]LogMeshUtilities: No automatic mesh merging module available
[2015.08.27-20.53.15:904][  0]LogInit: WinSock: version 1.1 (2.2), MaxSocks=32767, MaxUdp=65467
[2015.08.27-20.53.16:365][  0]LogD3D11RHI: InitD3DDevice
[2015.08.27-20.53.16:369][  0]LogWindowsMoviePlayer: Unable to load movie: ../../../../Projekte/NotPartofTheGame/Content/Movies/Default_Startup.mp4
[2015.08.27-20.53.16:512][  0]LogAssetRegistry: FAssetRegistry took 0.0002 seconds to start up
[2015.08.27-20.53.16:560][  0]SourceControl: Info Source control is disabled
[2015.08.27-20.53.16:560][  0]SourceControl: Info Source control is disabled
[2015.08.27-20.53.16:571][  0]SourceControl: Info Source control is disabled
[2015.08.27-20.53.16:762][  0]LogObj: 25913 objects as part of root set at end of initial load.
[2015.08.27-20.53.16:762][  0]LogUObjectAllocator: 5218488 out of 0 bytes used by permanent object pool.
[2015.08.27-20.53.16:831][  0]LogAutomationTest:Warning: ERR: Transient text cannot be serialized "Testing Transient serialization detection".
[2015.08.27-20.53.16:831][  0]LogEngine: Initializing Engine...
[2015.08.27-20.53.16:834][  0]LogHMD: Can't find Oculus library dev build: is proper Runtime installed? Version: 0.6.0.0
[2015.08.27-20.53.16:835][  0]LogHMD:Warning: SteamVR failed to initialize.  Error: 110
[2015.08.27-20.53.16:926][  0]LogInit: XAudio2 using 'Lautsprecher (G510s Gaming Keyboard)' : 2 channels at 48 kHz using 16 bits per sample (channel mask 0x3)
[2015.08.27-20.53.16:932][  0]LogInit: FAudioDevice initialized.
[2015.08.27-20.53.16:941][  0]LogInit: Texture streaming: Disabled
[2015.08.27-20.53.17:008][  0]LogNet: Browse: /Temp/Autosaves/Game/NPOTG/Maps/UEDPCTesting_Level?Name=Player
[2015.08.27-20.53.17:008][  0]LogLoad: LoadMap: /Temp/Autosaves/Game/NPOTG/Maps/UEDPCTesting_Level?Name=Player
[2015.08.27-20.53.17:019][  0]LogParticles: Destroying 0 GPU particle simulations for FXSystem 0x00000030DE5FF560
[2015.08.27-20.53.17:029][  0]LogMemory: Platform Memory Stats for Windows
[2015.08.27-20.53.17:029][  0]LogMemory: Process Physical Memory: 333.72 MB used, 333.72 MB peak
[2015.08.27-20.53.17:029][  0]LogMemory: Process Virtual Memory: 371.13 MB used, 371.13 MB peak
[2015.08.27-20.53.17:029][  0]LogMemory: Physical Memory: 4108.50 MB used, 12270.70 MB total
[2015.08.27-20.53.17:029][  0]LogMemory: Virtual Memory: 889.35 MB used, 134217728.00 MB total
[2015.08.27-20.53.17:029][  0]LogMemory: 
[2015.08.27-20.53.17:029][  0]Allocator Stats for TBB: (not implemented)
[2015.08.27-20.53.17:967][  0]LogProperty:Warning: ERR: Transient text cannot be serialized "NewRotation Roll".
[2015.08.27-20.53.17:967][  0]LogProperty:Warning: ERR: Transient text cannot be serialized "NewRotation Yaw".
[2015.08.27-20.53.17:967][  0]LogProperty:Warning: ERR: Transient text cannot be serialized "NewRotation Pitch".
[2015.08.27-20.53.17:967][  0]LogProperty:Warning: ERR: Transient text cannot be serialized "NewRotation Roll".
[2015.08.27-20.53.17:967][  0]LogProperty:Warning: ERR: Transient text cannot be serialized "NewRotation Yaw".
[2015.08.27-20.53.17:967][  0]LogProperty:Warning: ERR: Transient text cannot be serialized "NewRotation Pitch".
[2015.08.27-20.53.18:020][  0]LogProperty:Warning: ERR: Transient text cannot be serialized "NewRotation Roll".
[2015.08.27-20.53.18:020][  0]LogProperty:Warning: ERR: Transient text cannot be serialized "NewRotation Yaw".
[2015.08.27-20.53.18:020][  0]LogProperty:Warning: ERR: Transient text cannot be serialized "NewRotation Pitch".
[2015.08.27-20.53.18:020][  0]LogProperty:Warning: ERR: Transient text cannot be serialized "NewRotation Roll".
[2015.08.27-20.53.18:020][  0]LogProperty:Warning: ERR: Transient text cannot be serialized "NewRotation Yaw".
[2015.08.27-20.53.18:020][  0]LogProperty:Warning: ERR: Transient text cannot be serialized "NewRotation Pitch".
[2015.08.27-20.53.18:901][  0]LogAIModule: Creating AISystem for world Testing_Level
[2015.08.27-20.53.18:901][  0]LogWorld: Game class is '2DSideScrollerGameMode_C'
[2015.08.27-20.53.18:957][  0]LogWorld: Bringing World /Temp/Autosaves/Game/NPOTG/Maps/UEDPCTesting_Level.Testing_Level up for play (max tick rate 0) at 2015.08.27-22.53.18
[2015.08.27-20.53.18:969][  0]LogWorld: Bringing up level for play took: 0.064398
[2015.08.27-20.53.18:973][  0]LogInit:Display: Game Engine Initialized.
[2015.08.27-20.53.19:197][  0]LogLoad: Full Startup: 8.06 seconds (BP compile: 1.00 seconds)
[2015.08.27-20.53.19:216][  0]LogContentStreaming: Texture pool size is 1000.000000MB
[2015.08.27-20.53.19:344][  0]LogRenderer: Reallocating scene render targets to support 1280x720 (Frame:2).
[2015.08.27-20.53.22:196][169]LogBlueprintUserMessages: 0.994015
[2015.08.27-20.53.22:196][169]LogBlueprintUserMessages: 0.994015
[2015.08.27-20.53.22:196][169]LogBlueprintUserMessages: 0.994015
[2015.08.27-20.53.22:196][169]LogBlueprintUserMessages: 0.994015
[2015.08.27-20.53.22:196][169]LogBlueprintUserMessages: 0.994015
[2015.08.27-20.53.22:212][170]LogBlueprintUserMessages: 0.999392
[2015.08.27-20.53.22:212][170]LogBlueprintUserMessages: 0.999392
[2015.08.27-20.53.22:212][170]LogBlueprintUserMessages: 0.999392
[2015.08.27-20.53.22:212][170]LogBlueprintUserMessages: 0.999392
[2015.08.27-20.53.22:212][170]LogBlueprintUserMessages: 0.999392
[2015.08.27-20.53.22:228][171]LogBlueprintUserMessages: 0.995232
[2015.08.27-20.53.22:228][171]LogBlueprintUserMessages: 0.995232
[2015.08.27-20.53.22:228][171]LogBlueprintUserMessages: 0.995232
[2015.08.27-20.53.22:228][171]LogBlueprintUserMessages: 0.995232
[2015.08.27-20.53.22:228][171]LogBlueprintUserMessages: 0.995232
[2015.08.27-20.53.25:187][354]LogBlueprintUserMessages: 0.008892
[2015.08.27-20.53.25:187][354]LogBlueprintUserMessages: 0.008892
[2015.08.27-20.53.25:187][354]LogBlueprintUserMessages: 0.008892
[2015.08.27-20.53.25:187][354]LogBlueprintUserMessages: 0.008892
[2015.08.27-20.53.25:187][354]LogBlueprintUserMessages: 0.008892
[2015.08.27-20.53.25:203][355]LogBlueprintUserMessages: 0.003515
[2015.08.27-20.53.25:203][355]LogBlueprintUserMessages: 0.003515
[2015.08.27-20.53.25:203][355]LogBlueprintUserMessages: 0.003515
[2015.08.27-20.53.25:203][355]LogBlueprintUserMessages: 0.003515
[2015.08.27-20.53.25:203][355]LogBlueprintUserMessages: 0.003515
[2015.08.27-20.53.25:219][356]LogBlueprintUserMessages: 0.0
[2015.08.27-20.53.25:219][356]LogBlueprintUserMessages: 0.0
[2015.08.27-20.53.25:219][356]LogBlueprintUserMessages: 0.001861
[2015.08.27-20.53.25:219][356]LogBlueprintUserMessages: 0.0
[2015.08.27-20.53.25:219][356]LogBlueprintUserMessages: 0.0
[2015.08.27-20.53.25:219][356]LogBlueprintUserMessages: 0.001861
[2015.08.27-20.53.25:219][356]LogBlueprintUserMessages: 0.0
[2015.08.27-20.53.25:219][356]LogBlueprintUserMessages: 0.0
[2015.08.27-20.53.25:219][356]LogBlueprintUserMessages: 0.001861
[2015.08.27-20.53.25:219][356]LogBlueprintUserMessages: 0.0
[2015.08.27-20.53.25:219][356]LogBlueprintUserMessages: 0.0
[2015.08.27-20.53.25:219][356]LogBlueprintUserMessages: 0.001861
[2015.08.27-20.53.25:219][356]LogBlueprintUserMessages: 0.0
[2015.08.27-20.53.25:219][356]LogBlueprintUserMessages: 0.0
[2015.08.27-20.53.25:220][356]LogBlueprintUserMessages: 0.001861
[2015.08.27-20.53.25:235][357]LogBlueprintUserMessages: 0.007237
[2015.08.27-20.53.25:235][357]LogBlueprintUserMessages: 0.007237
[2015.08.27-20.53.25:235][357]LogBlueprintUserMessages: 0.007237
[2015.08.27-20.53.25:235][357]LogBlueprintUserMessages: 0.007237
[2015.08.27-20.53.25:235][357]LogBlueprintUserMessages: 0.007237
[2015.08.27-20.53.28:187][540]LogBlueprintUserMessages: 0.991125
[2015.08.27-20.53.28:187][540]LogBlueprintUserMessages: 0.991125
[2015.08.27-20.53.28:187][540]LogBlueprintUserMessages: 0.991125
[2015.08.27-20.53.28:187][540]LogBlueprintUserMessages: 0.991125
[2015.08.27-20.53.28:187][540]LogBlueprintUserMessages: 0.991125
[2015.08.27-20.53.28:203][541]LogBlueprintUserMessages: 0.996502
[2015.08.27-20.53.28:203][541]LogBlueprintUserMessages: 0.996502
[2015.08.27-20.53.28:203][541]LogBlueprintUserMessages: 0.996502
[2015.08.27-20.53.28:203][541]LogBlueprintUserMessages: 0.996502
[2015.08.27-20.53.28:203][541]LogBlueprintUserMessages: 0.996502
[2015.08.27-20.53.28:219][542]LogBlueprintUserMessages: 0.998122
[2015.08.27-20.53.28:219][542]LogBlueprintUserMessages: 0.998122
[2015.08.27-20.53.28:219][542]LogBlueprintUserMessages: 0.998122
[2015.08.27-20.53.28:219][542]LogBlueprintUserMessages: 0.998122
[2015.08.27-20.53.28:219][542]LogBlueprintUserMessages: 0.998122
[2015.08.27-20.53.28:235][543]LogBlueprintUserMessages: 0.992746
[2015.08.27-20.53.28:235][543]LogBlueprintUserMessages: 0.992746
[2015.08.27-20.53.28:235][543]LogBlueprintUserMessages: 0.992746
[2015.08.27-20.53.28:235][543]LogBlueprintUserMessages: 0.992746
[2015.08.27-20.53.28:235][543]LogBlueprintUserMessages: 0.992746
[2015.08.27-20.53.31:187][726]LogBlueprintUserMessages: 0.008852
[2015.08.27-20.53.31:187][726]LogBlueprintUserMessages: 0.008852
[2015.08.27-20.53.31:187][726]LogBlueprintUserMessages: 0.008852
[2015.08.27-20.53.31:187][726]LogBlueprintUserMessages: 0.008852
[2015.08.27-20.53.31:187][726]LogBlueprintUserMessages: 0.008852
[2015.08.27-20.53.31:203][727]LogBlueprintUserMessages: 0.003475
[2015.08.27-20.53.31:203][727]LogBlueprintUserMessages: 0.003475
[2015.08.27-20.53.31:203][727]LogBlueprintUserMessages: 0.003475
[2015.08.27-20.53.31:203][727]LogBlueprintUserMessages: 0.003475
[2015.08.27-20.53.31:203][727]LogBlueprintUserMessages: 0.003475
[2015.08.27-20.53.31:219][728]LogBlueprintUserMessages: 0.0
[2015.08.27-20.53.31:219][728]LogBlueprintUserMessages: 0.0
[2015.08.27-20.53.31:219][728]LogBlueprintUserMessages: 0.001901
[2015.08.27-20.53.31:219][728]LogBlueprintUserMessages: 0.0
[2015.08.27-20.53.31:219][728]LogBlueprintUserMessages: 0.0
[2015.08.27-20.53.31:219][728]LogBlueprintUserMessages: 0.001901
[2015.08.27-20.53.31:219][728]LogBlueprintUserMessages: 0.0
[2015.08.27-20.53.31:219][728]LogBlueprintUserMessages: 0.0
[2015.08.27-20.53.31:220][728]LogBlueprintUserMessages: 0.001901
[2015.08.27-20.53.31:220][728]LogBlueprintUserMessages: 0.0
[2015.08.27-20.53.31:220][728]LogBlueprintUserMessages: 0.0
[2015.08.27-20.53.31:220][728]LogBlueprintUserMessages: 0.001901
[2015.08.27-20.53.31:220][728]LogBlueprintUserMessages: 0.0
[2015.08.27-20.53.31:220][728]LogBlueprintUserMessages: 0.0
[2015.08.27-20.53.31:220][728]LogBlueprintUserMessages: 0.001901
[2015.08.27-20.53.31:235][729]LogBlueprintUserMessages: 0.007278
[2015.08.27-20.53.31:235][729]LogBlueprintUserMessages: 0.007278
[2015.08.27-20.53.31:235][729]LogBlueprintUserMessages: 0.007278
[2015.08.27-20.53.31:235][729]LogBlueprintUserMessages: 0.007278
[2015.08.27-20.53.31:235][729]LogBlueprintUserMessages: 0.007278
[2015.08.27-20.53.34:187][912]LogBlueprintUserMessages: 0.991181
[2015.08.27-20.53.34:187][912]LogBlueprintUserMessages: 0.991181
[2015.08.27-20.53.34:187][912]LogBlueprintUserMessages: 0.991181
[2015.08.27-20.53.34:187][912]LogBlueprintUserMessages: 0.991181
[2015.08.27-20.53.34:187][912]LogBlueprintUserMessages: 0.991181
[2015.08.27-20.53.34:203][913]LogBlueprintUserMessages: 0.996558
[2015.08.27-20.53.34:203][913]LogBlueprintUserMessages: 0.996558
[2015.08.27-20.53.34:203][913]LogBlueprintUserMessages: 0.996558
[2015.08.27-20.53.34:203][913]LogBlueprintUserMessages: 0.996558
[2015.08.27-20.53.34:203][913]LogBlueprintUserMessages: 0.996558
[2015.08.27-20.53.34:219][914]LogBlueprintUserMessages: 0.998066
[2015.08.27-20.53.34:219][914]LogBlueprintUserMessages: 0.998066
[2015.08.27-20.53.34:219][914]LogBlueprintUserMessages: 0.998066
[2015.08.27-20.53.34:219][914]LogBlueprintUserMessages: 0.998066
[2015.08.27-20.53.34:219][914]LogBlueprintUserMessages: 0.998066
[2015.08.27-20.53.34:235][915]LogBlueprintUserMessages: 0.992689
[2015.08.27-20.53.34:235][915]LogBlueprintUserMessages: 0.992689
[2015.08.27-20.53.34:235][915]LogBlueprintUserMessages: 0.992689
[2015.08.27-20.53.34:235][915]LogBlueprintUserMessages: 0.992689
[2015.08.27-20.53.34:235][915]LogBlueprintUserMessages: 0.992689
[2015.08.27-20.53.37:187][ 98]LogBlueprintUserMessages: 0.008787
[2015.08.27-20.53.37:187][ 98]LogBlueprintUserMessages: 0.008787
[2015.08.27-20.53.37:187][ 98]LogBlueprintUserMessages: 0.008787
[2015.08.27-20.53.37:187][ 98]LogBlueprintUserMessages: 0.008787
[2015.08.27-20.53.37:203][ 99]LogBlueprintUserMessages: 0.003411
[2015.08.27-20.53.37:203][ 99]LogBlueprintUserMessages: 0.003411
[2015.08.27-20.53.37:203][ 99]LogBlueprintUserMessages: 0.003411
[2015.08.27-20.53.37:203][ 99]LogBlueprintUserMessages: 0.003411
[2015.08.27-20.53.37:219][100]LogBlueprintUserMessages: 0.0
[2015.08.27-20.53.37:219][100]LogBlueprintUserMessages: 0.0
[2015.08.27-20.53.37:219][100]LogBlueprintUserMessages: 0.001965
[2015.08.27-20.53.37:219][100]LogBlueprintUserMessages: 0.0
[2015.08.27-20.53.37:219][100]LogBlueprintUserMessages: 0.0
[2015.08.27-20.53.37:220][100]LogBlueprintUserMessages: 0.001965
[2015.08.27-20.53.37:220][100]LogBlueprintUserMessages: 0.0
[2015.08.27-20.53.37:220][100]LogBlueprintUserMessages: 0.0
[2015.08.27-20.53.37:220][100]LogBlueprintUserMessages: 0.001965
[2015.08.27-20.53.37:220][100]LogBlueprintUserMessages: 0.0
[2015.08.27-20.53.37:220][100]LogBlueprintUserMessages: 0.0
[2015.08.27-20.53.37:220][100]LogBlueprintUserMessages: 0.001965
[2015.08.27-20.53.37:235][101]LogBlueprintUserMessages: 0.007342
[2015.08.27-20.53.37:236][101]LogBlueprintUserMessages: 0.007342
[2015.08.27-20.53.37:236][101]LogBlueprintUserMessages: 0.007342
[2015.08.27-20.53.37:236][101]LogBlueprintUserMessages: 0.007342
[2015.08.27-20.53.40:187][284]LogBlueprintUserMessages: 0.991236
[2015.08.27-20.53.40:187][284]LogBlueprintUserMessages: 0.991236
[2015.08.27-20.53.40:188][284]LogBlueprintUserMessages: 0.991236
[2015.08.27-20.53.40:188][284]LogBlueprintUserMessages: 0.991236
[2015.08.27-20.53.40:204][285]LogBlueprintUserMessages: 0.990322
[2015.08.27-20.53.40:204][285]LogBlueprintUserMessages: 0.990322
[2015.08.27-20.53.40:204][285]LogBlueprintUserMessages: 0.980645
[2015.08.27-20.53.40:219][286]LogBlueprintUserMessages: 0.970967
[2015.08.27-20.53.40:235][287]LogBlueprintUserMessages: 0.96129
[2015.08.27-20.53.40:252][288]LogBlueprintUserMessages: 0.951612
[2015.08.27-20.53.40:268][289]LogBlueprintUserMessages: 0.941935
[2015.08.27-20.53.40:284][290]LogBlueprintUserMessages: 0.932257
[2015.08.27-20.53.40:300][291]LogBlueprintUserMessages: 0.92258
[2015.08.27-20.53.40:316][292]LogBlueprintUserMessages: 0.912902
[2015.08.27-20.53.40:332][293]LogBlueprintUserMessages: 0.903225
[2015.08.27-20.53.40:348][294]LogBlueprintUserMessages: 0.893547
[2015.08.27-20.53.40:364][295]LogBlueprintUserMessages: 0.88387
[2015.08.27-20.53.40:380][296]LogBlueprintUserMessages: 0.874192
[2015.08.27-20.53.40:396][297]LogBlueprintUserMessages: 0.864515
[2015.08.27-20.53.40:413][298]LogBlueprintUserMessages: 0.854837
[2015.08.27-20.53.40:429][299]LogBlueprintUserMessages: 0.84516
[2015.08.27-20.53.40:445][300]LogBlueprintUserMessages: 0.835447
[2015.08.27-20.53.40:461][301]LogBlueprintUserMessages: 0.82577
[2015.08.27-20.53.40:477][302]LogBlueprintUserMessages: 0.816092
[2015.08.27-20.53.40:493][303]LogBlueprintUserMessages: 0.806415
[2015.08.27-20.53.40:509][304]LogBlueprintUserMessages: 0.796737
[2015.08.27-20.53.40:526][305]LogBlueprintUserMessages: 0.78706
[2015.08.27-20.53.40:542][306]LogBlueprintUserMessages: 0.777382
[2015.08.27-20.53.40:558][307]LogBlueprintUserMessages: 0.767705
[2015.08.27-20.53.40:574][308]LogBlueprintUserMessages: 0.758027
[2015.08.27-20.53.40:590][309]LogBlueprintUserMessages: 0.74835
[2015.08.27-20.53.40:606][310]LogBlueprintUserMessages: 0.738672
[2015.08.27-20.53.40:622][311]LogBlueprintUserMessages: 0.728995
[2015.08.27-20.53.40:638][312]LogBlueprintUserMessages: 0.719317
[2015.08.27-20.53.40:655][313]LogBlueprintUserMessages: 0.70964
[2015.08.27-20.53.40:671][314]LogBlueprintUserMessages: 0.699962
[2015.08.27-20.53.40:687][315]LogBlueprintUserMessages: 0.690285
[2015.08.27-20.53.40:703][316]LogBlueprintUserMessages: 0.680607
[2015.08.27-20.53.40:719][317]LogBlueprintUserMessages: 0.67093
[2015.08.27-20.53.40:735][318]LogBlueprintUserMessages: 0.661252
[2015.08.27-20.53.40:751][319]LogBlueprintUserMessages: 0.651575
[2015.08.27-20.53.40:767][320]LogBlueprintUserMessages: 0.641897
[2015.08.27-20.53.40:783][321]LogBlueprintUserMessages: 0.63222
[2015.08.27-20.53.40:800][322]LogBlueprintUserMessages: 0.622542
[2015.08.27-20.53.40:817][323]LogBlueprintUserMessages: 0.612865
[2015.08.27-20.53.40:833][324]LogBlueprintUserMessages: 0.603187
[2015.08.27-20.53.40:849][325]LogBlueprintUserMessages: 0.59351
[2015.08.27-20.53.40:865][326]LogBlueprintUserMessages: 0.583832
[2015.08.27-20.53.40:881][327]LogBlueprintUserMessages: 0.574155
[2015.08.27-20.53.40:897][328]LogBlueprintUserMessages: 0.564477
[2015.08.27-20.53.40:913][329]LogBlueprintUserMessages: 0.5548
[2015.08.27-20.53.40:929][330]LogBlueprintUserMessages: 0.545122
[2015.08.27-20.53.40:946][331]LogBlueprintUserMessages: 0.535445
[2015.08.27-20.53.40:962][332]LogBlueprintUserMessages: 0.525767
[2015.08.27-20.53.40:978][333]LogBlueprintUserMessages: 0.51609
[2015.08.27-20.53.40:994][334]LogBlueprintUserMessages: 0.506412
[2015.08.27-20.53.41:010][335]LogBlueprintUserMessages: 0.496735
[2015.08.27-20.53.41:026][336]LogBlueprintUserMessages: 0.487057
[2015.08.27-20.53.41:042][337]LogBlueprintUserMessages: 0.47738
[2015.08.27-20.53.41:058][338]LogBlueprintUserMessages: 0.467702
[2015.08.27-20.53.41:075][339]LogBlueprintUserMessages: 0.458025
[2015.08.27-20.53.41:091][340]LogBlueprintUserMessages: 0.448347
[2015.08.27-20.53.41:107][341]LogBlueprintUserMessages: 0.438667
[2015.08.27-20.53.41:123][342]LogBlueprintUserMessages: 0.428989
[2015.08.27-20.53.41:139][343]LogBlueprintUserMessages: 0.419312
[2015.08.27-20.53.41:155][344]LogBlueprintUserMessages: 0.409634
[2015.08.27-20.53.41:171][345]LogBlueprintUserMessages: 0.399956
[2015.08.27-20.53.41:187][346]LogBlueprintUserMessages: 0.390279
[2015.08.27-20.53.41:203][347]LogBlueprintUserMessages: 0.380601
[2015.08.27-20.53.41:220][348]LogBlueprintUserMessages: 0.370924
[2015.08.27-20.53.41:236][349]LogBlueprintUserMessages: 0.361246
[2015.08.27-20.53.41:252][350]LogBlueprintUserMessages: 0.351569
[2015.08.27-20.53.41:268][351]LogBlueprintUserMessages: 0.341891
[2015.08.27-20.53.41:284][352]LogBlueprintUserMessages: 0.332214
[2015.08.27-20.53.41:300][353]LogBlueprintUserMessages: 0.322536
[2015.08.27-20.53.41:316][354]LogBlueprintUserMessages: 0.312859
[2015.08.27-20.53.41:333][355]LogBlueprintUserMessages: 0.303181
[2015.08.27-20.53.41:349][356]LogBlueprintUserMessages: 0.293504
[2015.08.27-20.53.41:365][357]LogBlueprintUserMessages: 0.283826
[2015.08.27-20.53.41:381][358]LogBlueprintUserMessages: 0.274149
[2015.08.27-20.53.41:397][359]LogBlueprintUserMessages: 0.264471
[2015.08.27-20.53.41:413][360]LogBlueprintUserMessages: 0.254794
[2015.08.27-20.53.41:429][361]LogBlueprintUserMessages: 0.245116
[2015.08.27-20.53.41:445][362]LogBlueprintUserMessages: 0.235439
[2015.08.27-20.53.41:462][363]LogBlueprintUserMessages: 0.225761
[2015.08.27-20.53.41:462][363]LogBlueprintUserMessages: YO ICH DODGE GRADE
[2015.08.27-20.53.41:478][364]LogBlueprintUserMessages: 0.216084
[2015.08.27-20.53.41:478][364]LogBlueprintUserMessages: Gewonnen!
[2015.08.27-20.53.41:480][364]LogBlueprintUserMessages: YO ICH DODGE GRADE
[2015.08.27-20.53.41:494][365]LogBlueprintUserMessages: YO ICH DODGE GRADE
[2015.08.27-20.53.41:510][366]LogBlueprintUserMessages: YO ICH DODGE GRADE
[2015.08.27-20.53.41:526][367]LogBlueprintUserMessages: YO ICH DODGE GRADE
[2015.08.27-20.53.41:542][368]LogBlueprintUserMessages: YO ICH DODGE GRADE
[2015.08.27-20.53.41:558][369]LogBlueprintUserMessages: YO ICH DODGE GRADE
[2015.08.27-20.53.43:188][470]LogBlueprintUserMessages: 0.008692
[2015.08.27-20.53.43:188][470]LogBlueprintUserMessages: 0.008692
[2015.08.27-20.53.43:188][470]LogBlueprintUserMessages: 0.008692
[2015.08.27-20.53.43:204][471]LogBlueprintUserMessages: 0.003315
[2015.08.27-20.53.43:204][471]LogBlueprintUserMessages: 0.003315
[2015.08.27-20.53.43:204][471]LogBlueprintUserMessages: 0.003315
[2015.08.27-20.53.43:220][472]LogBlueprintUserMessages: 0.0
[2015.08.27-20.53.43:220][472]LogBlueprintUserMessages: 0.0
[2015.08.27-20.53.43:220][472]LogBlueprintUserMessages: 0.002061
[2015.08.27-20.53.43:220][472]LogBlueprintUserMessages: 0.0
[2015.08.27-20.53.43:220][472]LogBlueprintUserMessages: 0.0
[2015.08.27-20.53.43:220][472]LogBlueprintUserMessages: 0.002061
[2015.08.27-20.53.43:220][472]LogBlueprintUserMessages: 0.0
[2015.08.27-20.53.43:220][472]LogBlueprintUserMessages: 0.0
[2015.08.27-20.53.43:220][472]LogBlueprintUserMessages: 0.002061
[2015.08.27-20.53.43:236][473]LogBlueprintUserMessages: 0.007437
[2015.08.27-20.53.43:236][473]LogBlueprintUserMessages: 0.007437
[2015.08.27-20.53.43:236][473]LogBlueprintUserMessages: 0.007437
[2015.08.27-20.53.44:107][527]LogBlueprintUserMessages: 0.990322
[2015.08.27-20.53.44:107][527]LogBlueprintUserMessages: 0.990322
[2015.08.27-20.53.44:107][527]LogBlueprintUserMessages: 0.980645
[2015.08.27-20.53.44:122][528]LogBlueprintUserMessages: 0.970967
[2015.08.27-20.53.44:138][529]LogBlueprintUserMessages: 0.96129
[2015.08.27-20.53.44:155][530]LogBlueprintUserMessages: 0.951612
[2015.08.27-20.53.44:171][531]LogBlueprintUserMessages: 0.941935
[2015.08.27-20.53.44:187][532]LogBlueprintUserMessages: 0.932257
[2015.08.27-20.53.44:203][533]LogBlueprintUserMessages: 0.92258
[2015.08.27-20.53.44:219][534]LogBlueprintUserMessages: 0.912902
[2015.08.27-20.53.44:235][535]LogBlueprintUserMessages: 0.903225
[2015.08.27-20.53.44:251][536]LogBlueprintUserMessages: 0.893547
[2015.08.27-20.53.44:267][537]LogBlueprintUserMessages: 0.88387
[2015.08.27-20.53.44:284][538]LogBlueprintUserMessages: 0.874192
[2015.08.27-20.53.44:300][539]LogBlueprintUserMessages: 0.864515
[2015.08.27-20.53.44:316][540]LogBlueprintUserMessages: 0.854837
[2015.08.27-20.53.44:332][541]LogBlueprintUserMessages: 0.84516
[2015.08.27-20.53.44:349][542]LogBlueprintUserMessages: 0.835482
[2015.08.27-20.53.44:365][543]LogBlueprintUserMessages: 0.825805
[2015.08.27-20.53.44:381][544]LogBlueprintUserMessages: 0.816127
[2015.08.27-20.53.44:397][545]LogBlueprintUserMessages: 0.80645
[2015.08.27-20.53.44:413][546]LogBlueprintUserMessages: 0.796772
[2015.08.27-20.53.44:430][547]LogBlueprintUserMessages: 0.787095
[2015.08.27-20.53.44:446][548]LogBlueprintUserMessages: 0.777417
[2015.08.27-20.53.44:462][549]LogBlueprintUserMessages: 0.76774
[2015.08.27-20.53.44:478][550]LogBlueprintUserMessages: 0.758061
[2015.08.27-20.53.44:494][551]LogBlueprintUserMessages: 0.748384
[2015.08.27-20.53.44:510][552]LogBlueprintUserMessages: 0.738706
[2015.08.27-20.53.44:526][553]LogBlueprintUserMessages: 0.729029
[2015.08.27-20.53.44:542][554]LogBlueprintUserMessages: 0.719351
[2015.08.27-20.53.44:559][555]LogBlueprintUserMessages: 0.709674
[2015.08.27-20.53.44:575][556]LogBlueprintUserMessages: 0.699996
[2015.08.27-20.53.44:591][557]LogBlueprintUserMessages: 0.690319
[2015.08.27-20.53.44:607][558]LogBlueprintUserMessages: 0.680641
[2015.08.27-20.53.44:623][559]LogBlueprintUserMessages: 0.670964
[2015.08.27-20.53.44:639][560]LogBlueprintUserMessages: 0.661286
[2015.08.27-20.53.44:655][561]LogBlueprintUserMessages: 0.651609
[2015.08.27-20.53.44:671][562]LogBlueprintUserMessages: 0.641931
[2015.08.27-20.53.44:687][563]LogBlueprintUserMessages: 0.632254
[2015.08.27-20.53.44:703][564]LogBlueprintUserMessages: 0.622576
[2015.08.27-20.53.44:719][565]LogBlueprintUserMessages: 0.612898
[2015.08.27-20.53.44:735][566]LogBlueprintUserMessages: 0.603221
[2015.08.27-20.53.44:751][567]LogBlueprintUserMessages: 0.593543
[2015.08.27-20.53.44:768][568]LogBlueprintUserMessages: 0.583866
[2015.08.27-20.53.44:785][569]LogBlueprintUserMessages: 0.574188
[2015.08.27-20.53.44:801][570]LogBlueprintUserMessages: 0.564511
[2015.08.27-20.53.44:817][571]LogBlueprintUserMessages: 0.554833
[2015.08.27-20.53.44:833][572]LogBlueprintUserMessages: 0.545156
[2015.08.27-20.53.44:849][573]LogBlueprintUserMessages: 0.535478
[2015.08.27-20.53.44:865][574]LogBlueprintUserMessages: 0.525801
[2015.08.27-20.53.44:881][575]LogBlueprintUserMessages: 0.516123
[2015.08.27-20.53.44:897][576]LogBlueprintUserMessages: 0.506446
[2015.08.27-20.53.44:913][577]LogBlueprintUserMessages: 0.496768
[2015.08.27-20.53.44:930][578]LogBlueprintUserMessages: 0.487091
[2015.08.27-20.53.44:946][579]LogBlueprintUserMessages: 0.477413
[2015.08.27-20.53.44:962][580]LogBlueprintUserMessages: 0.467736
[2015.08.27-20.53.44:978][581]LogBlueprintUserMessages: 0.458058
[2015.08.27-20.53.44:994][582]LogBlueprintUserMessages: 0.448381
[2015.08.27-20.53.45:010][583]LogBlueprintUserMessages: 0.438703
[2015.08.27-20.53.45:026][584]LogBlueprintUserMessages: 0.429026
[2015.08.27-20.53.45:042][585]LogBlueprintUserMessages: 0.419348
[2015.08.27-20.53.45:059][586]LogBlueprintUserMessages: 0.409671
[2015.08.27-20.53.45:075][587]LogBlueprintUserMessages: 0.399992
[2015.08.27-20.53.45:091][588]LogBlueprintUserMessages: 0.390314
[2015.08.27-20.53.45:107][589]LogBlueprintUserMessages: 0.380637
[2015.08.27-20.53.45:123][590]LogBlueprintUserMessages: 0.370959
[2015.08.27-20.53.45:139][591]LogBlueprintUserMessages: 0.361282
[2015.08.27-20.53.45:155][592]LogBlueprintUserMessages: 0.351604
[2015.08.27-20.53.45:171][593]LogBlueprintUserMessages: 0.341927
[2015.08.27-20.53.45:187][594]LogBlueprintUserMessages: 0.332249
[2015.08.27-20.53.45:204][595]LogBlueprintUserMessages: 0.322572
[2015.08.27-20.53.45:220][596]LogBlueprintUserMessages: 0.312894
[2015.08.27-20.53.45:236][597]LogBlueprintUserMessages: 0.303217
[2015.08.27-20.53.45:252][598]LogBlueprintUserMessages: 0.293539
[2015.08.27-20.53.45:268][599]LogBlueprintUserMessages: 0.283862
[2015.08.27-20.53.45:284][600]LogBlueprintUserMessages: 0.274184
[2015.08.27-20.53.45:300][601]LogBlueprintUserMessages: 0.264507
[2015.08.27-20.53.45:300][601]LogBlueprintUserMessages: YO ICH DODGE GRADE
[2015.08.27-20.53.45:316][602]LogBlueprintUserMessages: 0.254829
[2015.08.27-20.53.45:316][602]LogBlueprintUserMessages: Gewonnen!
[2015.08.27-20.53.45:333][603]LogBlueprintUserMessages: 0.990322
[2015.08.27-20.53.45:333][603]LogBlueprintUserMessages: 0.990322
[2015.08.27-20.53.45:333][603]LogBlueprintUserMessages: 0.980645
[2015.08.27-20.53.45:349][604]LogBlueprintUserMessages: 0.970967
[2015.08.27-20.53.45:365][605]LogBlueprintUserMessages: 0.961287
[2015.08.27-20.53.45:381][606]LogBlueprintUserMessages: 0.951609
[2015.08.27-20.53.45:397][607]LogBlueprintUserMessages: 0.941932
[2015.08.27-20.53.45:413][608]LogBlueprintUserMessages: 0.932254
[2015.08.27-20.53.45:429][609]LogBlueprintUserMessages: 0.922577
[2015.08.27-20.53.45:445][610]LogBlueprintUserMessages: 0.912899
[2015.08.27-20.53.45:462][611]LogBlueprintUserMessages: 0.903222
[2015.08.27-20.53.45:478][612]LogBlueprintUserMessages: 0.893544
[2015.08.27-20.53.45:494][613]LogBlueprintUserMessages: 0.883867
[2015.08.27-20.53.45:510][614]LogBlueprintUserMessages: 0.874189
[2015.08.27-20.53.45:526][615]LogBlueprintUserMessages: 0.864512
[2015.08.27-20.53.45:542][616]LogBlueprintUserMessages: 0.854834
[2015.08.27-20.53.45:558][617]LogBlueprintUserMessages: 0.845157
[2015.08.27-20.53.45:574][618]LogBlueprintUserMessages: 0.835479
[2015.08.27-20.53.45:590][619]LogBlueprintUserMessages: 0.825802
[2015.08.27-20.53.45:607][620]LogBlueprintUserMessages: 0.816124
[2015.08.27-20.53.45:623][621]LogBlueprintUserMessages: 0.806447
[2015.08.27-20.53.45:639][622]LogBlueprintUserMessages: 0.796769
[2015.08.27-20.53.45:655][623]LogBlueprintUserMessages: 0.787092
[2015.08.27-20.53.45:671][624]LogBlueprintUserMessages: 0.777414
[2015.08.27-20.53.45:687][625]LogBlueprintUserMessages: 0.767737
[2015.08.27-20.53.45:703][626]LogBlueprintUserMessages: 0.758059
[2015.08.27-20.53.45:719][627]LogBlueprintUserMessages: 0.748382
[2015.08.27-20.53.45:736][628]LogBlueprintUserMessages: 0.738704
[2015.08.27-20.53.45:752][629]LogBlueprintUserMessages: 0.729027
[2015.08.27-20.53.45:768][630]LogBlueprintUserMessages: 0.719332
[2015.08.27-20.53.45:784][631]LogBlueprintUserMessages: 0.709655
[2015.08.27-20.53.45:800][632]LogBlueprintUserMessages: 0.699977
[2015.08.27-20.53.45:816][633]LogBlueprintUserMessages: 0.6903
[2015.08.27-20.53.45:832][634]LogBlueprintUserMessages: 0.680622
[2015.08.27-20.53.45:848][635]LogBlueprintUserMessages: 0.670945
[2015.08.27-20.53.45:864][636]LogBlueprintUserMessages: 0.661267
[2015.08.27-20.53.45:881][637]LogBlueprintUserMessages: 0.65159
[2015.08.27-20.53.45:897][638]LogBlueprintUserMessages: 0.641912
[2015.08.27-20.53.45:913][639]LogBlueprintUserMessages: 0.632234
[2015.08.27-20.53.45:929][640]LogBlueprintUserMessages: 0.622556
[2015.08.27-20.53.45:945][641]LogBlueprintUserMessages: 0.612879
[2015.08.27-20.53.45:961][642]LogBlueprintUserMessages: 0.603201
[2015.08.27-20.53.45:977][643]LogBlueprintUserMessages: 0.593524
[2015.08.27-20.53.45:993][644]LogBlueprintUserMessages: 0.583846
[2015.08.27-20.53.46:010][645]LogBlueprintUserMessages: 0.574169
[2015.08.27-20.53.46:026][646]LogBlueprintUserMessages: 0.564491
[2015.08.27-20.53.46:042][647]LogBlueprintUserMessages: 0.554814
[2015.08.27-20.53.46:058][648]LogBlueprintUserMessages: 0.545136
[2015.08.27-20.53.46:074][649]LogBlueprintUserMessages: 0.535459
[2015.08.27-20.53.46:090][650]LogBlueprintUserMessages: 0.525781
[2015.08.27-20.53.46:106][651]LogBlueprintUserMessages: 0.516104
[2015.08.27-20.53.46:122][652]LogBlueprintUserMessages: 0.506426
[2015.08.27-20.53.46:138][653]LogBlueprintUserMessages: 0.496749
[2015.08.27-20.53.46:155][654]LogBlueprintUserMessages: 0.487045
[2015.08.27-20.53.46:171][655]LogBlueprintUserMessages: 0.477367
[2015.08.27-20.53.46:187][656]LogBlueprintUserMessages: 0.46769
[2015.08.27-20.53.46:203][657]LogBlueprintUserMessages: 0.458012
[2015.08.27-20.53.46:219][658]LogBlueprintUserMessages: 0.448335
[2015.08.27-20.53.46:235][659]LogBlueprintUserMessages: 0.438657
[2015.08.27-20.53.46:251][660]LogBlueprintUserMessages: 0.42898
[2015.08.27-20.53.46:268][661]LogBlueprintUserMessages: 0.419302
[2015.08.27-20.53.46:285][662]LogBlueprintUserMessages: 0.409625
[2015.08.27-20.53.46:301][663]LogBlueprintUserMessages: 0.399945
[2015.08.27-20.53.46:317][664]LogBlueprintUserMessages: 0.390267
[2015.08.27-20.53.46:333][665]LogBlueprintUserMessages: 0.38059
[2015.08.27-20.53.46:349][666]LogBlueprintUserMessages: 0.370912
[2015.08.27-20.53.46:365][667]LogBlueprintUserMessages: 0.361235
[2015.08.27-20.53.46:381][668]LogBlueprintUserMessages: 0.351557
[2015.08.27-20.53.46:397][669]LogBlueprintUserMessages: 0.34188
[2015.08.27-20.53.46:414][670]LogBlueprintUserMessages: 0.332202
[2015.08.27-20.53.46:430][671]LogBlueprintUserMessages: 0.322525
[2015.08.27-20.53.46:446][672]LogBlueprintUserMessages: 0.312847
[2015.08.27-20.53.46:462][673]LogBlueprintUserMessages: 0.30317
[2015.08.27-20.53.46:478][674]LogBlueprintUserMessages: 0.293492
[2015.08.27-20.53.46:494][675]LogBlueprintUserMessages: 0.283814
[2015.08.27-20.53.46:510][676]LogBlueprintUserMessages: 0.274137
[2015.08.27-20.53.46:526][677]LogBlueprintUserMessages: 0.264459
[2015.08.27-20.53.46:543][678]LogBlueprintUserMessages: 0.254782
[2015.08.27-20.53.46:559][679]LogBlueprintUserMessages: 0.245104
[2015.08.27-20.53.46:559][679]LogBlueprintUserMessages: YO ICH DODGE GRADE
[2015.08.27-20.53.46:575][680]LogBlueprintUserMessages: 0.235427
[2015.08.27-20.53.46:575][680]LogBlueprintUserMessages: Gewonnen!
[2015.08.27-20.53.46:575][680]LogBlueprintUserMessages: YO ICH DODGE GRADE
[2015.08.27-20.53.46:591][681]LogBlueprintUserMessages: YO ICH DODGE GRADE
[2015.08.27-20.53.46:607][682]LogBlueprintUserMessages: YO ICH DODGE GRADE
[2015.08.27-20.53.46:623][683]LogBlueprintUserMessages: YO ICH DODGE GRADE
[2015.08.27-20.53.46:639][684]LogBlueprintUserMessages: YO ICH DODGE GRADE
[2015.08.27-20.53.49:188][842]LogBlueprintUserMessages: 0.008547
[2015.08.27-20.53.49:204][843]LogBlueprintUserMessages: 0.003171
[2015.08.27-20.53.49:220][844]LogBlueprintUserMessages: 0.0
[2015.08.27-20.53.49:220][844]LogBlueprintUserMessages: 0.0
[2015.08.27-20.53.49:220][844]LogBlueprintUserMessages: 0.002205
[2015.08.27-20.53.49:236][845]LogBlueprintUserMessages: 0.007582
[2015.08.27-20.53.54:381][164]Closing by request
[2015.08.27-20.53.54:381][164]LogWindows: FPlatformMisc::RequestExit(0)
[2015.08.27-20.53.54:893][165]LogWindowsTextInputMethodSystem:Display: IME system now deactivated.
[2015.08.27-20.53.54:899][165]LogExit: Preparing to exit.
[2015.08.27-20.53.55:027][165]LogExit: Game engine shut down
[2015.08.27-20.53.55:036][165]LogParticles: Destroying 0 GPU particle simulations for FXSystem 0x00000030E0318680
[2015.08.27-20.53.55:209][165]LogExit: Object subsystem successfully closed.
[2015.08.27-20.53.55:227][165]LogD3D11RHI: Shutdown
[2015.08.27-20.53.55:227][165]LogD3D11RHI: CleanupD3DDevice
[2015.08.27-20.53.55:394][165]LogD3D11RHI: ~FD3D11DynamicRHI
[2015.08.27-20.53.55:409][165]LogModuleManager: Shutting down and abandoning module AndroidDeviceDetection (109)
[2015.08.27-20.53.56:245][165]LogModuleManager: Shutting down and abandoning module AutomationWorker (108)
[2015.08.27-20.53.56:245][165]LogModuleManager: Shutting down and abandoning module CharacterAI (107)
[2015.08.27-20.53.56:245][165]LogModuleManager: Shutting down and abandoning module AITestSuite (106)
[2015.08.27-20.53.56:245][165]LogModuleManager: Shutting down and abandoning module GameplayDebugger (105)
[2015.08.27-20.53.56:245][165]LogModuleManager: Shutting down and abandoning module AIModule (104)
[2015.08.27-20.53.56:245][165]LogModuleManager: Shutting down and abandoning module GameLiveStreaming (103)
[2015.08.27-20.53.56:245][165]LogModuleManager: Shutting down and abandoning module StreamingPauseRendering (102)
[2015.08.27-20.53.56:245][165]LogModuleManager: Shutting down and abandoning module ProfilerService (101)
[2015.08.27-20.53.56:335][165]LogModuleManager: Shutting down and abandoning module TaskGraph (100)
[2015.08.27-20.53.56:335][165]LogModuleManager: Shutting down and abandoning module SlateRemote (99)
[2015.08.27-20.53.56:335][165]LogModuleManager: Shutting down and abandoning module SteamVRController (98)
[2015.08.27-20.53.56:335][165]LogModuleManager: Shutting down and abandoning module SteamVR (97)
[2015.08.27-20.53.56:335][165]LogModuleManager: Shutting down and abandoning module ProceduralMeshComponent (96)
[2015.08.27-20.53.56:335][165]LogModuleManager: Shutting down and abandoning module OculusRift (95)
[2015.08.27-20.53.56:335][165]LogModuleManager: Shutting down and abandoning module LeapMotionController (94)
[2015.08.27-20.53.56:345][165]LogModuleManager: Shutting down and abandoning module CustomMeshComponent (93)
[2015.08.27-20.53.56:345][165]LogModuleManager: Shutting down and abandoning module CableComponent (92)
[2015.08.27-20.53.56:345][165]LogModuleManager: Shutting down and abandoning module DesktopPlatform (91)
[2015.08.27-20.53.56:345][165]LogModuleManager: Shutting down and abandoning module DirectoryWatcher (90)
[2015.08.27-20.53.56:345][165]LogModuleManager: Shutting down and abandoning module HotReload (89)
[2015.08.27-20.53.56:345][165]LogModuleManager: Shutting down and abandoning module VisualStudioSourceCodeAccess (88)
[2015.08.27-20.53.56:345][165]LogModuleManager: Shutting down and abandoning module UObjectPlugin (87)
[2015.08.27-20.53.56:345][165]LogModuleManager: Shutting down and abandoning module SubversionSourceControl (86)
[2015.08.27-20.53.56:345][165]LogModuleManager: Shutting down and abandoning module SourceControl (85)
[2015.08.27-20.53.56:345][165]LogModuleManager: Shutting down and abandoning module PerforceSourceControl (84)
[2015.08.27-20.53.56:345][165]LogModuleManager: Shutting down and abandoning module BlankPlugin (83)
[2015.08.27-20.53.56:345][165]LogModuleManager: Shutting down and abandoning module UdpMessaging (82)
[2015.08.27-20.53.56:345][165]LogModuleManager: Shutting down and abandoning module AssetRegistry (81)
[2015.08.27-20.53.56:345][165]LogModuleManager: Shutting down and abandoning module SubstanceCore (80)
[2015.08.27-20.53.56:345][165]LogModuleManager: Shutting down and abandoning module Paper2D (79)
[2015.08.27-20.53.56:345][165]LogModuleManager: Shutting down and abandoning module WindowsMoviePlayer (78)
[2015.08.27-20.53.56:347][165]LogModuleManager: Shutting down and abandoning module Media (77)
[2015.08.27-20.53.56:347][165]LogModuleManager: Shutting down and abandoning module WmfMedia (76)
[2015.08.27-20.53.56:347][165]LogModuleManager: Shutting down and abandoning module OnlineBlueprintSupport (75)
[2015.08.27-20.53.56:347][165]LogModuleManager: Shutting down and abandoning module PropertyEditor (74)
[2015.08.27-20.53.56:347][165]LogModuleManager: Shutting down and abandoning module BehaviorTreeEditor (73)
[2015.08.27-20.53.56:347][165]LogModuleManager: Shutting down and abandoning module FunctionalTesting (72)
[2015.08.27-20.53.56:347][165]LogModuleManager: Shutting down and abandoning module CollisionAnalyzer (71)
[2015.08.27-20.53.56:347][165]LogModuleManager: Shutting down and abandoning module WorkspaceMenuStructure (70)
[2015.08.27-20.53.56:347][165]LogModuleManager: Shutting down and abandoning module MessageLog (69)
[2015.08.27-20.53.56:347][165]LogModuleManager: Shutting down and abandoning module Sequencer (68)
[2015.08.27-20.53.56:347][165]LogModuleManager: Shutting down and abandoning module AssetTools (67)
[2015.08.27-20.53.56:347][165]LogModuleManager: Shutting down and abandoning module UMGEditor (66)
[2015.08.27-20.53.56:347][165]LogModuleManager: Shutting down and abandoning module UMG (65)
[2015.08.27-20.53.56:347][165]LogModuleManager: Shutting down and abandoning module Slate (64)
[2015.08.27-20.53.56:347][165]LogModuleManager: Shutting down and abandoning module EditorStyle (63)
[2015.08.27-20.53.56:349][165]LogModuleManager: Shutting down and abandoning module SessionServices (62)
[2015.08.27-20.53.56:349][165]LogModuleManager: Shutting down and abandoning module SourceCodeAccess (61)
[2015.08.27-20.53.56:349][165]LogModuleManager: Shutting down and abandoning module HeadMountedDisplay (60)
[2015.08.27-20.53.56:349][165]LogModuleManager: Shutting down and abandoning module XAudio2 (59)
[2015.08.27-20.53.56:349][165]LogModuleManager: Shutting down and abandoning module Networking (57)
[2015.08.27-20.53.56:349][165]LogModuleManager: Shutting down and abandoning module Core (56)
[2015.08.27-20.53.56:349][165]LogModuleManager: Shutting down and abandoning module KismetCompiler (55)
[2015.08.27-20.53.56:349][165]LogModuleManager: Shutting down and abandoning module PhysXFormats (54)
[2015.08.27-20.53.56:349][165]LogModuleManager: Shutting down and abandoning module MeshUtilities (53)
[2015.08.27-20.53.56:349][165]LogModuleManager: Shutting down and abandoning module DerivedDataCache (52)
[2015.08.27-20.53.56:786][165]LogDerivedDataCache: Shutdown
[2015.08.27-20.53.56:786][165]LogModuleManager: Shutting down and abandoning module ShaderFormatOpenGL (51)
[2015.08.27-20.53.56:786][165]LogModuleManager: Shutting down and abandoning module ShaderFormatD3D (50)
[2015.08.27-20.53.56:786][165]LogModuleManager: Shutting down and abandoning module MetalShaderFormat (49)
[2015.08.27-20.53.56:786][165]LogModuleManager: Shutting down and abandoning module TextureFormatUncompressed (48)
[2015.08.27-20.53.56:786][165]LogModuleManager: Shutting down and abandoning module TextureFormatPVR (47)
[2015.08.27-20.53.56:786][165]LogModuleManager: Shutting down and abandoning module TextureFormatIntelISPCTexComp (46)
[2015.08.27-20.53.56:786][165]LogModuleManager: Shutting down and abandoning module TextureFormatDXT (45)
[2015.08.27-20.53.56:786][165]LogModuleManager: Shutting down and abandoning module ImageWrapper (44)
[2015.08.27-20.53.56:786][165]LogModuleManager: Shutting down and abandoning module TextureFormatASTC (43)
[2015.08.27-20.53.56:786][165]LogModuleManager: Shutting down and abandoning module TextureFormatAndroid (42)
[2015.08.27-20.53.56:786][165]LogModuleManager: Shutting down and abandoning module AudioFormatOpus (41)
[2015.08.27-20.53.56:786][165]LogModuleManager: Shutting down and abandoning module AudioFormatOgg (40)
[2015.08.27-20.53.56:786][165]LogModuleManager: Shutting down and abandoning module AudioFormatADPCM (39)
[2015.08.27-20.53.56:786][165]LogModuleManager: Shutting down and abandoning module LinuxTargetPlatform (38)
[2015.08.27-20.53.56:786][165]LogModuleManager: Shutting down and abandoning module LinuxServerTargetPlatform (37)
[2015.08.27-20.53.56:786][165]LogModuleManager: Shutting down and abandoning module LinuxNoEditorTargetPlatform (36)
[2015.08.27-20.53.56:786][165]LogModuleManager: Shutting down and abandoning module Messaging (35)
[2015.08.27-20.53.56:786][165]LogModuleManager: Shutting down and abandoning module IOSTargetPlatform (34)
[2015.08.27-20.53.56:786][165]LogModuleManager: Shutting down and abandoning module HTML5TargetPlatform (33)
[2015.08.27-20.53.56:786][165]LogModuleManager: Shutting down and abandoning module Android_PVRTCTargetPlatform (32)
[2015.08.27-20.53.56:786][165]LogModuleManager: Shutting down and abandoning module Android_ETC2TargetPlatform (31)
[2015.08.27-20.53.56:786][165]LogModuleManager: Shutting down and abandoning module Android_ETC1TargetPlatform (30)
[2015.08.27-20.53.56:786][165]LogModuleManager: Shutting down and abandoning module Android_DXTTargetPlatform (29)
[2015.08.27-20.53.56:786][165]LogModuleManager: Shutting down and abandoning module Android_ATCTargetPlatform (28)
[2015.08.27-20.53.56:786][165]LogModuleManager: Shutting down and abandoning module Android_ASTCTargetPlatform (27)
[2015.08.27-20.53.56:786][165]LogModuleManager: Shutting down and abandoning module AndroidTargetPlatform (26)
[2015.08.27-20.53.56:786][165]LogModuleManager: Shutting down and abandoning module WindowsTargetPlatform (25)
[2015.08.27-20.53.56:786][165]LogModuleManager: Shutting down and abandoning module WindowsServerTargetPlatform (24)
[2015.08.27-20.53.56:786][165]LogModuleManager: Shutting down and abandoning module WindowsNoEditorTargetPlatform (23)
[2015.08.27-20.53.56:786][165]LogModuleManager: Shutting down and abandoning module WindowsClientTargetPlatform (22)
[2015.08.27-20.53.56:786][165]LogModuleManager: Shutting down and abandoning module DesktopTargetPlatform (21)
[2015.08.27-20.53.56:786][165]LogModuleManager: Shutting down and abandoning module TargetPlatform (20)
[2015.08.27-20.53.56:786][165]LogModuleManager: Shutting down and abandoning module InputCore (19)
[2015.08.27-20.53.56:786][165]LogModuleManager: Shutting down and abandoning module Settings (18)
[2015.08.27-20.53.56:786][165]LogModuleManager: Shutting down and abandoning module OnlineSubsystem (16)
[2015.08.27-20.53.56:786][165]LogModuleManager: Shutting down and abandoning module HTTP (15)
[2015.08.27-20.53.56:787][165]LogModuleManager: Shutting down and abandoning module ExampleDeviceProfileSelector (14)
[2015.08.27-20.53.56:787][165]LogModuleManager: Shutting down and abandoning module TextureCompressor (13)
[2015.08.27-20.53.56:787][165]LogModuleManager: Shutting down and abandoning module ShaderCore (12)
[2015.08.27-20.53.56:787][165]LogModuleManager: Shutting down and abandoning module Landscape (11)
[2015.08.27-20.53.56:787][165]LogModuleManager: Shutting down and abandoning module SlateRHIRenderer (10)
[2015.08.27-20.53.56:787][165]LogModuleManager: Shutting down and abandoning module OpenGLDrv (9)
[2015.08.27-20.53.56:787][165]LogModuleManager: Shutting down and abandoning module D3D11RHI (8)
[2015.08.27-20.53.56:787][165]LogModuleManager: Shutting down and abandoning module Renderer (7)
[2015.08.27-20.53.56:787][165]LogModuleManager: Shutting down and abandoning module Engine (6)
[2015.08.27-20.53.56:787][165]LogModuleManager: Shutting down and abandoning module CoreUObject (5)
[2015.08.27-20.53.56:787][165]LogModuleManager: Shutting down and abandoning module NetworkFile (4)
[2015.08.27-20.53.56:787][165]LogModuleManager: Shutting down and abandoning module StreamingFile (3)
[2015.08.27-20.53.56:787][165]LogModuleManager: Shutting down and abandoning module SandboxFile (2)
[2015.08.27-20.53.56:787][165]LogModuleManager: Shutting down and abandoning module PakFile (1)
[2015.08.27-20.53.56:788][165]LogExit: Exiting.
[2015.08.27-20.53.56:789][165]Log file closed, 08/27/15 22:53:56
