[2015.09.23-17.37.58:891][  0]Log file open, 09/23/15 19:37:58
[2015.09.23-17.37.58:891][  0]LogInit:Display: Running engine for game: NotPartofGame
[2015.09.23-17.37.58:891][  0]LogInit:Display: RandInit(-1768209165) SRandInit(-1768209165).
[2015.09.23-17.37.58:891][  0]LogTaskGraph: Started task graph with 4 named threads and 7 total threads.
[2015.09.23-17.37.58:891][  0]LogStats: Stats thread started
[2015.09.23-17.37.58:891][  0]LogInit: Version: 4.8.3-2634408+++depot+UE4-Releases+4.8
[2015.09.23-17.37.58:891][  0]LogInit: API Version: 2579680
[2015.09.23-17.37.58:891][  0]LogInit: Compiled (64-bit): Jul 27 2015 16:24:33
[2015.09.23-17.37.58:891][  0]LogInit: Compiled with Visual C++: 18.00.21005.01
[2015.09.23-17.37.58:891][  0]LogInit: Build Configuration: Development
[2015.09.23-17.37.58:891][  0]LogInit: Branch Name: ++depot+UE4-Releases+4.8
[2015.09.23-17.37.58:891][  0]LogInit: Command line:  /Temp/Autosaves/Game/NPOTG/Maps/UEDPCTesting_Level -game -PIEVIACONSOLE -ResX=1280 -ResY=720  -Multiprocess 
[2015.09.23-17.37.58:891][  0]LogInit: Base directory: C:/Users/Bodoo/Documents/Programmieren/4.8/Engine/Binaries/Win64/
[2015.09.23-17.37.58:891][  0]LogInit: Rocket: 1
[2015.09.23-17.37.58:914][  0]LogInit: Using libcurl 7.41.0
[2015.09.23-17.37.58:914][  0]LogInit:  - built for x86_64-pc-win32
[2015.09.23-17.37.58:914][  0]LogInit:  - supports SSL with WinSSL
[2015.09.23-17.37.58:914][  0]LogInit:  - other features:
[2015.09.23-17.37.58:914][  0]LogInit:      CURL_VERSION_SSL
[2015.09.23-17.37.58:914][  0]LogInit:      CURL_VERSION_IPV6
[2015.09.23-17.37.58:914][  0]LogInit:      CURL_VERSION_ASYNCHDNS
[2015.09.23-17.37.58:914][  0]LogInit:      CURL_VERSION_LARGEFILE
[2015.09.23-17.37.58:914][  0]LogInit:      CURL_VERSION_IDN
[2015.09.23-17.37.58:914][  0]LogInit:  CurlRequestOptions (configurable via config and command line):
[2015.09.23-17.37.58:914][  0]LogInit:  - bVerifyPeer = true  - Libcurl will verify peer certificate
[2015.09.23-17.37.58:914][  0]LogInit:  - bUseHttpProxy = false  - Libcurl will NOT use HTTP proxy
[2015.09.23-17.37.58:914][  0]LogInit:  - bDontReuseConnections = false  - Libcurl will reuse connections
[2015.09.23-17.37.58:914][  0]LogInit:  - CertBundlePath = nullptr  - Libcurl will use whatever was configured at build time.
[2015.09.23-17.37.58:926][  0]LogOnline:Warning: No default platform service specified for OnlineSubsystem
[2015.09.23-17.37.58:943][  0]LogInit: Presizing for 0 objects not considered by GC, pre-allocating 0 bytes.
[2015.09.23-17.37.58:950][  0]LogInit: Object subsystem initialized
[2015.09.23-17.37.58:951][  0]LogConsoleResponse:Warning: Skipping Unknown console variable: 'UIScaleCurve = (EditorCurveData=(Keys=((Time=480.000000,Value=0.444000),(Time=720.000000,Value=0.666000),(Time=1080.000000,Value=1.000000),(Time=8640.000000,Value=8.000000))),ExternalCurve=None)'
[2015.09.23-17.37.58:951][  0]LogConsoleResponse:Warning:   Found in ini file 'C:/Users/Bodoo/Documents/Programmieren/Projekte/NotPartofTheGame/Saved/Config/Windows/Engine.ini', in section '[/Script/Engine.RendererSettings]'
[2015.09.23-17.37.58:952][  0]LogConsoleManager:Warning: Console variable 'r.MSAA.CompositingSampleCount' wasn't set ('Scalability' has a lower priority than 'ProjectSetting')
[2015.09.23-17.37.58:952][  0]LogInit: Selected Device Profile: [Windows]
[2015.09.23-17.37.58:952][  0]LogInit: Applying CVar settings loaded from the selected device profile: [Windows]
[2015.09.23-17.37.58:954][  0]LogInit: Computer: DESKTOP-GLF6O4V
[2015.09.23-17.37.58:954][  0]LogInit: User: Bodoo
[2015.09.23-17.37.58:954][  0]LogInit: CPU Page size=4096, Cores=4
[2015.09.23-17.37.58:954][  0]LogInit: High frequency timer resolution =3.215354 MHz
[2015.09.23-17.37.58:954][  0]LogMemory: Memory total: Physical=12.0GB (12GB approx)
[2015.09.23-17.37.58:954][  0]LogMemory: Platform Memory Stats for Windows
[2015.09.23-17.37.58:954][  0]LogMemory: Process Physical Memory: 51.34 MB used, 51.34 MB peak
[2015.09.23-17.37.58:954][  0]LogMemory: Process Virtual Memory: 22.80 MB used, 22.80 MB peak
[2015.09.23-17.37.58:954][  0]LogMemory: Physical Memory: 2844.64 MB used, 12270.45 MB total
[2015.09.23-17.37.58:954][  0]LogMemory: Virtual Memory: 310.63 MB used, 134217728.00 MB total
[2015.09.23-17.37.58:982][  0]LogTextLocalizationManager: The requested culture ('de_DE') has no localization data; falling back to 'en' for localization and internationalization data.
[2015.09.23-17.37.59:225][  0]LogTextLocalizationManager:Warning: Loaded localization resources contain conflicting entries for (Namespace:ContentBrowser, Key:ImportAssetToolTip):
Localization Resource: (C:/Users/Bodoo/Documents/Programmieren/4.8/Engine/Content/Localization/Editor/en/Editor.locres) Source String Hash: (-630476809) Localized String: (Import to {0}...)
Localization Resource: (C:/Users/Bodoo/Documents/Programmieren/4.8/Engine/Content/Localization/Editor/en/Editor.locres) Source String Hash: (1271782899) Localized String: (Imports an asset from file to this folder.)
[2015.09.23-17.37.59:575][  0]LogD3D11RHI: Found D3D11 adapter 0: AMD Radeon HD 6800 Series (Feature Level 11_0)
[2015.09.23-17.37.59:575][  0]LogD3D11RHI: Adapter has 1011MB of dedicated video memory, 0MB of dedicated system memory, and 3840MB of shared system memory, 1 output[s]
[2015.09.23-17.37.59:576][  0]LogD3D11RHI: Found D3D11 adapter 1: Microsoft Basic Render Driver (Feature Level 11_0)
[2015.09.23-17.37.59:576][  0]LogD3D11RHI: Adapter has 0MB of dedicated video memory, 0MB of dedicated system memory, and 6135MB of shared system memory, 0 output[s]
[2015.09.23-17.37.59:576][  0]LogD3D11RHI: Chosen D3D11 Adapter Id = 0
[2015.09.23-17.37.59:579][  0]LogD3D11RHI: InitD3DDevice
[2015.09.23-17.37.59:579][  0]LogD3D11RHI: !Direct3DDevice
[2015.09.23-17.37.59:579][  0]LogRHI: Texture pool is 708 MB (70% of 1011 MB)
[2015.09.23-17.37.59:586][  0]LogD3D11RHI: Async texture creation disabled: no driver support
[2015.09.23-17.37.59:596][  0]LogShaderCompilers:Display: Using Local Shader Compiler.
[2015.09.23-17.38.00:436][  0]LogTemp:Display: Loaded TP DesktopTargetPlatform
[2015.09.23-17.38.00:451][  0]LogTemp:Display: Loaded TP WindowsClientTargetPlatform
[2015.09.23-17.38.00:466][  0]LogTemp:Display: Loaded TP WindowsNoEditorTargetPlatform
[2015.09.23-17.38.00:480][  0]LogTemp:Display: Loaded TP WindowsServerTargetPlatform
[2015.09.23-17.38.00:496][  0]LogTemp:Display: Loaded TP WindowsTargetPlatform
[2015.09.23-17.38.00:509][  0]LogTemp:Display: Loaded TP AndroidTargetPlatform
[2015.09.23-17.38.00:522][  0]LogTemp:Display: Loaded TP Android_ASTCTargetPlatform
[2015.09.23-17.38.00:535][  0]LogTemp:Display: Loaded TP Android_ATCTargetPlatform
[2015.09.23-17.38.00:549][  0]LogTemp:Display: Loaded TP Android_DXTTargetPlatform
[2015.09.23-17.38.00:561][  0]LogTemp:Display: Loaded TP Android_ETC1TargetPlatform
[2015.09.23-17.38.00:574][  0]LogTemp:Display: Loaded TP Android_ETC2TargetPlatform
[2015.09.23-17.38.00:587][  0]LogTemp:Display: Loaded TP Android_PVRTCTargetPlatform
[2015.09.23-17.38.00:636][  0]LogTemp:Display: Loaded TP IOSTargetPlatform
[2015.09.23-17.38.00:648][  0]LogTemp:Display: Loaded TP LinuxNoEditorTargetPlatform
[2015.09.23-17.38.00:661][  0]LogTemp:Display: Loaded TP LinuxServerTargetPlatform
[2015.09.23-17.38.00:675][  0]LogTemp:Display: Loaded TP LinuxTargetPlatform
[2015.09.23-17.38.00:675][  0]LogTargetPlatformManager:Display: Building Assets For Windows
[2015.09.23-17.38.00:884][  0]LogDerivedDataCache:Display: Max Cache Size: 512 MB
[2015.09.23-17.38.00:952][  0]LogDerivedDataCache: Loaded boot cache 0.07s 53MB C:/Users/Bodoo/AppData/Local/UnrealEngine/4.8/DerivedDataCache/Boot.ddc.
[2015.09.23-17.38.00:952][  0]LogDerivedDataCache:Display: Loaded Boot cache: C:/Users/Bodoo/AppData/Local/UnrealEngine/4.8/DerivedDataCache/Boot.ddc
[2015.09.23-17.38.00:952][  0]LogDerivedDataCache: FDerivedDataBackendGraph:  Pak pak cache file ../../../../Projekte/NotPartofTheGame/DerivedDataCache/DDC.ddp not found, will not use a pak cache.
[2015.09.23-17.38.00:952][  0]LogDerivedDataCache: Unable to find inner node Pak for hierarchical cache Hierarchy.
[2015.09.23-17.38.00:952][  0]LogDerivedDataCache: FDerivedDataBackendGraph:  CompressedPak pak cache file ../../../../Projekte/NotPartofTheGame/DerivedDataCache/Compressed.ddp not found, will not use a pak cache.
[2015.09.23-17.38.00:952][  0]LogDerivedDataCache: Unable to find inner node CompressedPak for hierarchical cache Hierarchy.
[2015.09.23-17.38.01:104][  0]LogDerivedDataCache:Display: Pak cache opened for reading ../../../Engine/DerivedDataCache/Compressed.ddp.
[2015.09.23-17.38.01:116][  0]LogDerivedDataCache: Using Local data cache path C:/Users/Bodoo/AppData/Local/UnrealEngine/Common/DerivedDataCache: Writable
[2015.09.23-17.38.01:347][  0]LogInit: Selected Device Profile: [Windows]
[2015.09.23-17.38.01:433][  0]ImportText (ComponentSweepMultiTests): Missing closing parenthesis: (RootShapeAsset="/Engine/BasicShapes/Cube.Cube",ShapeType="TriggerCapsule",HitResult=(Time=0.50,Location=(X=-100.000015,Y=0.0,Z=100.000015),ImpactPoint=(X=-50.0,Y=0.0,Z=50.0),Normal=(X=-1.0,Y=-0.0,Z=0.0),ImpactNormal=(X=0.0,Y=0.0,Z=1.0),TraceStart=(X=-200.0,Y=0.0,Z=200.0),TraceEnd=(X=0.0,Y=0.0,Z=0.0))
[2015.09.23-17.38.01:433][  0]ImportText (LineTraceSingleByChannelTests): Missing closing parenthesis: (RootShapeAsset="/Engine/BasicShapes/Cube.Cube",HitResult=(Time=0.50,Location=(X=-100.000015,Y=0.0,Z=100.000015),ImpactPoint=(X=-50.0,Y=0.0,Z=50.0),Normal=(X=-1.0,Y=-0.0,Z=0.0),ImpactNormal=(X=0.0,Y=0.0,Z=1.0),TraceStart=(X=-200.0,Y=0.0,Z=200.0),TraceEnd=(X=0.0,Y=0.0,Z=0.0))
[2015.09.23-17.38.01:460][  0]LogMeshUtilities: No automatic mesh reduction module available
[2015.09.23-17.38.01:460][  0]LogMeshUtilities: No automatic mesh merging module available
[2015.09.23-17.38.01:753][  0]LogInit: WinSock: version 1.1 (2.2), MaxSocks=32767, MaxUdp=65467
[2015.09.23-17.38.02:177][  0]LogD3D11RHI: InitD3DDevice
[2015.09.23-17.38.02:181][  0]LogWindowsMoviePlayer: Unable to load movie: ../../../../Projekte/NotPartofTheGame/Content/Movies/Default_Startup.mp4
[2015.09.23-17.38.02:321][  0]LogAssetRegistry: FAssetRegistry took 0.0001 seconds to start up
[2015.09.23-17.38.02:365][  0]SourceControl: Info Source control is disabled
[2015.09.23-17.38.02:365][  0]SourceControl: Info Source control is disabled
[2015.09.23-17.38.02:374][  0]SourceControl: Info Source control is disabled
[2015.09.23-17.38.02:555][  0]LogObj: 25913 objects as part of root set at end of initial load.
[2015.09.23-17.38.02:556][  0]LogUObjectAllocator: 5218488 out of 0 bytes used by permanent object pool.
[2015.09.23-17.38.02:622][  0]LogAutomationTest:Warning: ERR: Transient text cannot be serialized "Testing Transient serialization detection".
[2015.09.23-17.38.02:622][  0]LogEngine: Initializing Engine...
[2015.09.23-17.38.02:624][  0]LogHMD: Can't find Oculus library dev build: is proper Runtime installed? Version: 0.6.0.0
[2015.09.23-17.38.02:625][  0]LogHMD:Warning: SteamVR failed to initialize.  Error: 110
[2015.09.23-17.38.02:713][  0]LogInit: XAudio2 using 'Lautsprecher (Realtek High Definition Audio)' : 2 channels at 48 kHz using 32 bits per sample (channel mask 0x3)
[2015.09.23-17.38.02:722][  0]LogInit: FAudioDevice initialized.
[2015.09.23-17.38.02:733][  0]LogInit: Texture streaming: Disabled
[2015.09.23-17.38.02:796][  0]LogNet: Browse: /Temp/Autosaves/Game/NPOTG/Maps/UEDPCTesting_Level?Name=Player
[2015.09.23-17.38.02:796][  0]LogLoad: LoadMap: /Temp/Autosaves/Game/NPOTG/Maps/UEDPCTesting_Level?Name=Player
[2015.09.23-17.38.02:807][  0]LogParticles: Destroying 0 GPU particle simulations for FXSystem 0x00000055405A7560
[2015.09.23-17.38.02:815][  0]LogMemory: Platform Memory Stats for Windows
[2015.09.23-17.38.02:815][  0]LogMemory: Process Physical Memory: 337.77 MB used, 337.77 MB peak
[2015.09.23-17.38.02:815][  0]LogMemory: Process Virtual Memory: 374.08 MB used, 374.08 MB peak
[2015.09.23-17.38.02:815][  0]LogMemory: Physical Memory: 3117.14 MB used, 12270.45 MB total
[2015.09.23-17.38.02:815][  0]LogMemory: Virtual Memory: 891.06 MB used, 134217728.00 MB total
[2015.09.23-17.38.02:815][  0]LogMemory: 
[2015.09.23-17.38.02:815][  0]Allocator Stats for TBB: (not implemented)
[2015.09.23-17.38.03:110][  0]LogProperty:Warning: ERR: Transient text cannot be serialized "ReturnValue Z".
[2015.09.23-17.38.03:110][  0]LogProperty:Warning: ERR: Transient text cannot be serialized "ReturnValue Y".
[2015.09.23-17.38.03:110][  0]LogProperty:Warning: ERR: Transient text cannot be serialized "ReturnValue X".
[2015.09.23-17.38.03:443][  0]LogProperty:Warning: ERR: Transient text cannot be serialized "ReturnValue Z".
[2015.09.23-17.38.03:444][  0]LogProperty:Warning: ERR: Transient text cannot be serialized "ReturnValue Y".
[2015.09.23-17.38.03:444][  0]LogProperty:Warning: ERR: Transient text cannot be serialized "ReturnValue X".
[2015.09.23-17.38.03:824][  0]LogProperty:Warning: ERR: Transient text cannot be serialized "ReturnValue Z".
[2015.09.23-17.38.03:824][  0]LogProperty:Warning: ERR: Transient text cannot be serialized "ReturnValue Y".
[2015.09.23-17.38.03:824][  0]LogProperty:Warning: ERR: Transient text cannot be serialized "ReturnValue X".
[2015.09.23-17.38.03:826][  0]LogProperty:Warning: ERR: Transient text cannot be serialized "NewRotation Roll".
[2015.09.23-17.38.03:826][  0]LogProperty:Warning: ERR: Transient text cannot be serialized "NewRotation Yaw".
[2015.09.23-17.38.03:826][  0]LogProperty:Warning: ERR: Transient text cannot be serialized "NewRotation Pitch".
[2015.09.23-17.38.03:826][  0]LogProperty:Warning: ERR: Transient text cannot be serialized "NewRotation Roll".
[2015.09.23-17.38.03:826][  0]LogProperty:Warning: ERR: Transient text cannot be serialized "NewRotation Yaw".
[2015.09.23-17.38.03:826][  0]LogProperty:Warning: ERR: Transient text cannot be serialized "NewRotation Pitch".
[2015.09.23-17.38.03:834][  0]LogProperty:Warning: ERR: Transient text cannot be serialized "NewLocation Z".
[2015.09.23-17.38.03:834][  0]LogProperty:Warning: ERR: Transient text cannot be serialized "NewLocation Y".
[2015.09.23-17.38.03:834][  0]LogProperty:Warning: ERR: Transient text cannot be serialized "NewLocation X".
[2015.09.23-17.38.03:899][  0]LogProperty:Warning: ERR: Transient text cannot be serialized "ReturnValue Z".
[2015.09.23-17.38.03:899][  0]LogProperty:Warning: ERR: Transient text cannot be serialized "ReturnValue Y".
[2015.09.23-17.38.03:899][  0]LogProperty:Warning: ERR: Transient text cannot be serialized "ReturnValue X".
[2015.09.23-17.38.03:902][  0]LogProperty:Warning: ERR: Transient text cannot be serialized "NewRotation Roll".
[2015.09.23-17.38.03:902][  0]LogProperty:Warning: ERR: Transient text cannot be serialized "NewRotation Yaw".
[2015.09.23-17.38.03:902][  0]LogProperty:Warning: ERR: Transient text cannot be serialized "NewRotation Pitch".
[2015.09.23-17.38.03:902][  0]LogProperty:Warning: ERR: Transient text cannot be serialized "NewRotation Roll".
[2015.09.23-17.38.03:902][  0]LogProperty:Warning: ERR: Transient text cannot be serialized "NewRotation Yaw".
[2015.09.23-17.38.03:902][  0]LogProperty:Warning: ERR: Transient text cannot be serialized "NewRotation Pitch".
[2015.09.23-17.38.03:909][  0]LogProperty:Warning: ERR: Transient text cannot be serialized "NewLocation Z".
[2015.09.23-17.38.03:909][  0]LogProperty:Warning: ERR: Transient text cannot be serialized "NewLocation Y".
[2015.09.23-17.38.03:909][  0]LogProperty:Warning: ERR: Transient text cannot be serialized "NewLocation X".
[2015.09.23-17.38.05:112][  0]LogAIModule: Creating AISystem for world Testing_Level
[2015.09.23-17.38.05:112][  0]LogWorld: Game class is '2DSideScrollerGameMode_C'
[2015.09.23-17.38.05:202][  0]LogWorld: Bringing World /Temp/Autosaves/Game/NPOTG/Maps/UEDPCTesting_Level.Testing_Level up for play (max tick rate 0) at 2015.09.23-19.38.05
[2015.09.23-17.38.05:220][  0]LogWorld: Bringing up level for play took: 0.104145
[2015.09.23-17.38.05:224][  0]LogInit:Display: Game Engine Initialized.
[2015.09.23-17.38.05:450][  0]LogLoad: Full Startup: 8.13 seconds (BP compile: 1.18 seconds)
[2015.09.23-17.38.05:466][  0]LogWindowsTextInputMethodSystem:Display: IME system now deactivated.
[2015.09.23-17.38.05:467][  0]LogWindowsTextInputMethodSystem:Display: IME system now deactivated.
[2015.09.23-17.38.05:469][  0]LogContentStreaming: Texture pool size is 1000.000000MB
[2015.09.23-17.38.05:598][  0]LogRenderer: Reallocating scene render targets to support 1280x720 (Frame:2).
[2015.09.23-17.38.05:719][  1]LogScript:Warning: Accessed None 'PointA'
	wolf_C /Temp/Autosaves/Game/NPOTG/Maps/UEDPCTesting_Level.Testing_Level:PersistentLevel.wolf_C_6
	Function /Game/NPOTG/Blueprints/Charaktere/wolf.wolf_C:ExecuteUbergraph_wolf:007F
[2015.09.23-17.38.05:719][  1]LogScript:Warning: Accessed None 'PointB'
	wolf_C /Temp/Autosaves/Game/NPOTG/Maps/UEDPCTesting_Level.Testing_Level:PersistentLevel.wolf_C_6
	Function /Game/NPOTG/Blueprints/Charaktere/wolf.wolf_C:ExecuteUbergraph_wolf:00AA
[2015.09.23-17.38.05:734][  2]LogScript:Warning: Accessed None 'PointA'
	wolf_C /Temp/Autosaves/Game/NPOTG/Maps/UEDPCTesting_Level.Testing_Level:PersistentLevel.wolf_C_6
	Function /Game/NPOTG/Blueprints/Charaktere/wolf.wolf_C:ExecuteUbergraph_wolf:007F
[2015.09.23-17.38.05:734][  2]LogScript:Warning: Accessed None 'PointB'
	wolf_C /Temp/Autosaves/Game/NPOTG/Maps/UEDPCTesting_Level.Testing_Level:PersistentLevel.wolf_C_6
	Function /Game/NPOTG/Blueprints/Charaktere/wolf.wolf_C:ExecuteUbergraph_wolf:00AA
[2015.09.23-17.38.05:753][  3]LogScript:Warning: Accessed None 'PointA'
	wolf_C /Temp/Autosaves/Game/NPOTG/Maps/UEDPCTesting_Level.Testing_Level:PersistentLevel.wolf_C_6
	Function /Game/NPOTG/Blueprints/Charaktere/wolf.wolf_C:ExecuteUbergraph_wolf:007F
[2015.09.23-17.38.05:753][  3]LogScript:Warning: Accessed None 'PointB'
	wolf_C /Temp/Autosaves/Game/NPOTG/Maps/UEDPCTesting_Level.Testing_Level:PersistentLevel.wolf_C_6
	Function /Game/NPOTG/Blueprints/Charaktere/wolf.wolf_C:ExecuteUbergraph_wolf:00AA
[2015.09.23-17.38.05:770][  4]LogScript:Warning: Accessed None 'PointA'
	wolf_C /Temp/Autosaves/Game/NPOTG/Maps/UEDPCTesting_Level.Testing_Level:PersistentLevel.wolf_C_6
	Function /Game/NPOTG/Blueprints/Charaktere/wolf.wolf_C:ExecuteUbergraph_wolf:007F
[2015.09.23-17.38.05:770][  4]LogScript:Warning: Accessed None 'PointB'
	wolf_C /Temp/Autosaves/Game/NPOTG/Maps/UEDPCTesting_Level.Testing_Level:PersistentLevel.wolf_C_6
	Function /Game/NPOTG/Blueprints/Charaktere/wolf.wolf_C:ExecuteUbergraph_wolf:00AA
[2015.09.23-17.38.05:786][  5]LogScript:Warning: Accessed None 'PointA'
	wolf_C /Temp/Autosaves/Game/NPOTG/Maps/UEDPCTesting_Level.Testing_Level:PersistentLevel.wolf_C_6
	Function /Game/NPOTG/Blueprints/Charaktere/wolf.wolf_C:ExecuteUbergraph_wolf:007F
[2015.09.23-17.38.05:786][  5]LogScript:Warning: Accessed None 'PointB'
	wolf_C /Temp/Autosaves/Game/NPOTG/Maps/UEDPCTesting_Level.Testing_Level:PersistentLevel.wolf_C_6
	Function /Game/NPOTG/Blueprints/Charaktere/wolf.wolf_C:ExecuteUbergraph_wolf:00AA
[2015.09.23-17.38.05:802][  6]LogScript:Warning: Accessed None 'PointA'
	wolf_C /Temp/Autosaves/Game/NPOTG/Maps/UEDPCTesting_Level.Testing_Level:PersistentLevel.wolf_C_6
	Function /Game/NPOTG/Blueprints/Charaktere/wolf.wolf_C:ExecuteUbergraph_wolf:007F
[2015.09.23-17.38.05:802][  6]LogScript:Warning: Accessed None 'PointB'
	wolf_C /Temp/Autosaves/Game/NPOTG/Maps/UEDPCTesting_Level.Testing_Level:PersistentLevel.wolf_C_6
	Function /Game/NPOTG/Blueprints/Charaktere/wolf.wolf_C:ExecuteUbergraph_wolf:00AA
[2015.09.23-17.38.05:818][  7]LogScript:Warning: Accessed None 'PointA'
	wolf_C /Temp/Autosaves/Game/NPOTG/Maps/UEDPCTesting_Level.Testing_Level:PersistentLevel.wolf_C_6
	Function /Game/NPOTG/Blueprints/Charaktere/wolf.wolf_C:ExecuteUbergraph_wolf:007F
[2015.09.23-17.38.05:818][  7]LogScript:Warning: Accessed None 'PointB'
	wolf_C /Temp/Autosaves/Game/NPOTG/Maps/UEDPCTesting_Level.Testing_Level:PersistentLevel.wolf_C_6
	Function /Game/NPOTG/Blueprints/Charaktere/wolf.wolf_C:ExecuteUbergraph_wolf:00AA
[2015.09.23-17.38.05:834][  8]LogScript:Warning: Accessed None 'PointA'
	wolf_C /Temp/Autosaves/Game/NPOTG/Maps/UEDPCTesting_Level.Testing_Level:PersistentLevel.wolf_C_6
	Function /Game/NPOTG/Blueprints/Charaktere/wolf.wolf_C:ExecuteUbergraph_wolf:007F
[2015.09.23-17.38.05:834][  8]LogScript:Warning: Accessed None 'PointB'
	wolf_C /Temp/Autosaves/Game/NPOTG/Maps/UEDPCTesting_Level.Testing_Level:PersistentLevel.wolf_C_6
	Function /Game/NPOTG/Blueprints/Charaktere/wolf.wolf_C:ExecuteUbergraph_wolf:00AA
[2015.09.23-17.38.05:850][  9]LogScript:Warning: Accessed None 'PointA'
	wolf_C /Temp/Autosaves/Game/NPOTG/Maps/UEDPCTesting_Level.Testing_Level:PersistentLevel.wolf_C_6
	Function /Game/NPOTG/Blueprints/Charaktere/wolf.wolf_C:ExecuteUbergraph_wolf:007F
[2015.09.23-17.38.07:478][110]Set new viewmode: Unlit
[2015.09.23-17.38.14:441][541]LogScriptCore: Script call stack:
	Function /Game/NPOTG/Blueprints/Charaktere/wolf.wolf_C:BndEvt__see cone_K2Node_ComponentBoundEvent_90_ComponentBeginOverlapSignature__DelegateSignature
	Function /Game/NPOTG/Blueprints/Charaktere/wolf.wolf_C:ExecuteUbergraph_wolf
	Function /Game/NPOTG/Blueprints/Charaktere/wolf.wolf_C:start the fight
	Function /Game/NPOTG/Blueprints/Charaktere/wolf.wolf_C:construct fight
	Function /Game/NPOTG/Blueprints/Charaktere/wolf.wolf_C:start the fight
	Function /Game/NPOTG/Blueprints/Charaktere/wolf.wolf_C:construct fight
	Function /Game/NPOTG/Blueprints/Charaktere/wolf.wolf_C:start the fight
	Function /Game/NPOTG/Blueprints/Charaktere/wolf.wolf_C:construct fight
	Function /Game/NPOTG/Blueprints/Charaktere/wolf.wolf_C:start the fight
	Function /Game/NPOTG/Blueprints/Charaktere/wolf.wolf_C:construct fight
	Function /Game/NPOTG/Blueprints/Charaktere/wolf.wolf_C:start the fight
	Function /Game/NPOTG/Blueprints/Charaktere/wolf.wolf_C:construct fight
	Function /Game/NPOTG/Blueprints/Charaktere/wolf.wolf_C:start the fight
	Function /Game/NPOTG/Blueprints/Charaktere/wolf.wolf_C:construct fight
	Function /Game/NPOTG/Blueprints/Charaktere/wolf.wolf_C:start the fight
	Function /Game/NPOTG/Blueprints/Charaktere/wolf.wolf_C:construct fight
	Function /Game/NPOTG/Blueprints/Charaktere/wolf.wolf_C:start the fight
	Function /Game/NPOTG/Blueprints/Charaktere/wolf.wolf_C:construct fight
	Function /Game/NPOTG/Blueprints/Charaktere/wolf.wolf_C:start the fight
	Function /Game/NPOTG/Blueprints/Charaktere/wolf.wolf_C:construct fight
	Function /Game/NPOTG/Blueprints/Charaktere/wolf.wolf_C:start the fight
	Function /Game/NPOTG/Blueprints/Charaktere/wolf.wolf_C:construct fight
	Function /Game/NPOTG/Blueprints/Charaktere/wolf.wolf_C:start the fight
	Function /Game/NPOTG/Blueprints/Charaktere/wolf.wolf_C:construct fight
	Function /Game/NPOTG/Blueprints/Charaktere/wolf.wolf_C:start the fight
	Function /Game/NPOTG/Blueprints/Charaktere/wolf.wolf_C:construct fight
	Function /Game/NPOTG/Blueprints/Charaktere/wolf.wolf_C:start the fight
	Function /Game/NPOTG/Blueprints/Charaktere/wolf.wolf_C:construct fight
	Function /Game/NPOTG/Blueprints/Charaktere/wolf.wolf_C:start the fight
	Function /Game/NPOTG/Blueprints/Charaktere/wolf.wolf_C:construct fight
	Function /Game/NPOTG/Blueprints/Charaktere/wolf.wolf_C:start the fight
	Function /Game/NPOTG/Blueprints/Charaktere/wolf.wolf_C:construct fight
	Function /Game/NPOTG/Blueprints/Charaktere/wolf.wolf_C:start the fight
	Function /Game/NPOTG/Blueprints/Charaktere/wolf.wolf_C:construct fight
	Function /Game/NPOTG/Blueprints/Charaktere/wolf.wolf_C:start the fight
	Function /Game/NPOTG/Blueprints/Charaktere/wolf.wolf_C:construct fight
	Function /Game/NPOTG/Blueprints/Charaktere/wolf.wolf_C:start the fight
	Function /Game/NPOTG/Blueprints/Charaktere/wolf.wolf_C:construct fight
	Function /Game/NPOTG/Blueprints/Charaktere/wolf.wolf_C:start the fight
	Function /Game/NPOTG/Blueprints/Charaktere/wolf.wolf_C:construct fight
	Function /Game/NPOTG/Blueprints/Charaktere/wolf.wolf_C:start the fight
	Function /Game/NPOTG/Blueprints/Charaktere/wolf.wolf_C:construct fight
	Function /Game/NPOTG/Blueprints/Charaktere/wolf.wolf_C:start the fight
	Function /Game/NPOTG/Blueprints/Charaktere/wolf.wolf_C:construct fight
	Function /Game/NPOTG/Blueprints/Charaktere/wolf.wolf_C:start the fight
	Function /Game/NPOTG/Blueprints/Charaktere/wolf.wolf_C:construct fight
	Function /Game/NPOTG/Blueprints/Charaktere/wolf.wolf_C:start the fight
	Function /Game/NPOTG/Blueprints/Charaktere/wolf.wolf_C:construct fight
	Function /Game/NPOTG/Blueprints/Charaktere/wolf.wolf_C:start the fight
	Function /Game/NPOTG/Blueprints/Charaktere/wolf.wolf_C:construct fight
	Function /Game/NPOTG/Blueprints/Charaktere/wolf.wolf_C:start the fight
	Function /Game/NPOTG/Blueprints/Charaktere/wolf.wolf_C:construct fight
	Function /Game/NPOTG/Blueprints/Charaktere/wolf.wolf_C:start the fight
	Function /Game/NPOTG/Blueprints/Charaktere/wolf.wolf_C:construct fight
	Function /Game/NPOTG/Blueprints/Charaktere/wolf.wolf_C:start the fight
	Function /Game/NPOTG/Blueprints/Charaktere/wolf.wolf_C:construct fight
	Function /Game/NPOTG/Blueprints/Charaktere/wolf.wolf_C:start the fight
	Function /Game/NPOTG/Blueprints/Charaktere/wolf.wolf_C:construct fight
	Function /Game/NPOTG/Blueprints/Charaktere/wolf.wolf_C:start the fight
	Function /Game/NPOTG/Blueprints/Charaktere/wolf.wolf_C:construct fight
	Function /Game/NPOTG/Blueprints/Charaktere/wolf.wolf_C:start the fight
	Function /Game/NPOTG/Blueprints/Charaktere/wolf.wolf_C:construct fight
	Function /Game/NPOTG/Blueprints/Charaktere/wolf.wolf_C:start the fight
	Function /Game/NPOTG/Blueprints/Charaktere/wolf.wolf_C:construct fight
	Function /Game/NPOTG/Blueprints/Charaktere/wolf.wolf_C:start the fight
	Function /Game/NPOTG/Blueprints/Charaktere/wolf.wolf_C:construct fight
	Function /Game/NPOTG/Blueprints/Charaktere/wolf.wolf_C:start the fight
	Function /Game/NPOTG/Blueprints/Charaktere/wolf.wolf_C:construct fight
	Function /Game/NPOTG/Blueprints/Charaktere/wolf.wolf_C:start the fight
	Function /Game/NPOTG/Blueprints/Charaktere/wolf.wolf_C:construct fight
	Function /Game/NPOTG/Blueprints/Charaktere/wolf.wolf_C:start the fight
	Function /Game/NPOTG/Blueprints/Charaktere/wolf.wolf_C:construct fight
	Function /Game/NPOTG/Blueprints/Charaktere/wolf.wolf_C:start the fight
	Function /Game/NPOTG/Blueprints/Charaktere/wolf.wolf_C:construct fight
	Function /Game/NPOTG/Blueprints/Charaktere/wolf.wolf_C:start the fight
	Function /Game/NPOTG/Blueprints/Charaktere/wolf.wolf_C:construct fight
	Function /Game/NPOTG/Blueprints/Charaktere/wolf.wolf_C:start the fight
	Function /Game/NPOTG/Blueprints/Charaktere/wolf.wolf_C:construct fight
	Function /Game/NPOTG/Blueprints/Charaktere/wolf.wolf_C:start the fight
	Function /Game/NPOTG/Blueprints/Charaktere/wolf.wolf_C:construct fight
	Function /Game/NPOTG/Blueprints/Charaktere/wolf.wolf_C:start the fight
	Function /Game/NPOTG/Blueprints/Charaktere/wolf.wolf_C:construct fight
	Function /Game/NPOTG/Blueprints/Charaktere/wolf.wolf_C:start the fight
	Function /Game/NPOTG/Blueprints/Charaktere/wolf.wolf_C:construct fight
	Function /Game/NPOTG/Blueprints/Charaktere/wolf.wolf_C:start the fight
	Function /Game/NPOTG/Blueprints/Charaktere/wolf.wolf_C:construct fight
	Function /Game/NPOTG/Blueprints/Charaktere/wolf.wolf_C:start the fight
	Function /Game/NPOTG/Blueprints/Charaktere/wolf.wolf_C:construct fight
	Function /Game/NPOTG/Blueprints/Charaktere/wolf.wolf_C:start the fight
	Function /Game/NPOTG/Blueprints/Charaktere/wolf.wolf_C:construct fight
	Function /Game/NPOTG/Blueprints/Charaktere/wolf.wolf_C:start the fight
	Function /Game/NPOTG/Blueprints/Charaktere/wolf.wolf_C:construct fight
	Function /Game/NPOTG/Blueprints/Charaktere/wolf.wolf_C:start the fight
	Function /Game/NPOTG/Blueprints/Charaktere/wolf.wolf_C:construct fight
	Function /Game/NPOTG/Blueprints/Charaktere/wolf.wolf_C:start the fight
	Function /Game/NPOTG/Blueprints/Charaktere/wolf.wolf_C:construct fight
	Function /Game/NPOTG/Blueprints/Charaktere/wolf.wolf_C:start the fight
	Function /Game/NPOTG/Blueprints/Charaktere/wolf.wolf_C:construct fight
	Function /Game/NPOTG/Blueprints/Charaktere/wolf.wolf_C:start the fight
	Function /Game/NPOTG/Blueprints/Charaktere/wolf.wolf_C:construct fight
	Function /Game/NPOTG/Blueprints/Charaktere/wolf.wolf_C:start the fight
	Function /Game/NPOTG/Blueprints/Charaktere/wolf.wolf_C:construct fight
	Function /Game/NPOTG/Blueprints/Charaktere/wolf.wolf_C:start the fight
	Function /Game/NPOTG/Blueprints/Charaktere/wolf.wolf_C:construct fight
	Function /Game/NPOTG/Blueprints/Charaktere/wolf.wolf_C:start the fight
	Function /Game/NPOTG/Blueprints/Charaktere/wolf.wolf_C:construct fight
	Function /Game/NPOTG/Blueprints/Charaktere/wolf.wolf_C:start the fight
	Function /Game/NPOTG/Blueprints/Charaktere/wolf.wolf_C:construct fight
	Function /Game/NPOTG/Blueprints/Charaktere/wolf.wolf_C:start the fight
	Function /Game/NPOTG/Blueprints/Charaktere/wolf.wolf_C:construct fight
	Function /Game/NPOTG/Blueprints/Charaktere/wolf.wolf_C:start the fight
	Function /Game/NPOTG/Blueprints/Charaktere/wolf.wolf_C:construct fight
	Function /Game/NPOTG/Blueprints/Charaktere/wolf.wolf_C:start the fight
	Function /Game/NPOTG/Blueprints/Charaktere/wolf.wolf_C:construct fight
	Function /Game/NPOTG/Blueprints/Charaktere/wolf.wolf_C:start the fight
	Function /Game/NPOTG/Blueprints/Charaktere/wolf.wolf_C:construct fight
	Function /Game/NPOTG/Blueprints/Charaktere/wolf.wolf_C:start the fight
	Function /Game/NPOTG/Blueprints/Charaktere/wolf.wolf_C:construct fight
	Function /Game/NPOTG/Blueprints/Charaktere/wolf.wolf_C:start the fight
	Function /Game/NPOTG/Blueprints/Charaktere/wolf.wolf_C:construct fight
	Function /Game/NPOTG/Blueprints/Charaktere/wolf.wolf_C:start the fight
	Function /Game/NPOTG/Blueprints/Charaktere/wolf.wolf_C:construct fight
	Function /Game/NPOTG/Blueprints/Charaktere/wolf.wolf_C:start the fight
	Function /Game/NPOTG/Blueprints/Charaktere/wolf.wolf_C:construct fight
	Function /Game/NPOTG/Blueprints/Charaktere/wolf.wolf_C:start the fight
	Function /Game/NPOTG/Blueprints/Charaktere/wolf.wolf_C:construct fight
	Function /Game/NPOTG/Blueprints/Charaktere/wolf.wolf_C:start the fight
	Function /Game/NPOTG/Blueprints/Charaktere/wolf.wolf_C:construct fight
	Function /Game/NPOTG/Blueprints/Charaktere/wolf.wolf_C:start the fight
	Function /Game/NPOTG/Blueprints/Charaktere/wolf.wolf_C:construct fight
	Function /Game/NPOTG/Blueprints/Charaktere/wolf.wolf_C:start the fight
	Function /Game/NPOTG/Blueprints/Charaktere/wolf.wolf_C:construct fight
	Function /Game/NPOTG/Blueprints/Charaktere/wolf.wolf_C:start the fight
	Function /Game/NPOTG/Blueprints/Charaktere/wolf.wolf_C:construct fight
	Function /Game/NPOTG/Blueprints/Charaktere/wolf.wolf_C:start the fight
	Function /Game/NPOTG/Blueprints/Charaktere/wolf.wolf_C:construct fight
	Function /Game/NPOTG/Blueprints/Charaktere/wolf.wolf_C:start the fight
	Function /Game/NPOTG/Blueprints/Charaktere/wolf.wolf_C:construct fight
	Function /Game/NPOTG/Blueprints/Charaktere/wolf.wolf_C:start the fight
	Function /Game/NPOTG/Blueprints/Charaktere/wolf.wolf_C:construct fight
	Function /Game/NPOTG/Blueprints/Charaktere/wolf.wolf_C:start the fight
	Function /Game/NPOTG/Blueprints/Charaktere/wolf.wolf_C:construct fight
	Function /Game/NPOTG/Blueprints/Charaktere/wolf.wolf_C:start the fight
	Function /Game/NPOTG/Blueprints/Charaktere/wolf.wolf_C:construct fight
	Function /Game/NPOTG/Blueprints/Charaktere/wolf.wolf_C:start the fight
	Function /Game/NPOTG/Blueprints/Charaktere/wolf.wolf_C:construct fight
	Function /Game/NPOTG/Blueprints/Charaktere/wolf.wolf_C:start the fight
	Function /Game/NPOTG/Blueprints/Charaktere/wolf.wolf_C:construct fight
	Function /Game/NPOTG/Blueprints/Charaktere/wolf.wolf_C:start the fight
	Function /Game/NPOTG/Blueprints/Charaktere/wolf.wolf_C:construct fight
	Function /Game/NPOTG/Blueprints/Charaktere/wolf.wolf_C:start the fight
	Function /Game/NPOTG/Blueprints/Charaktere/wolf.wolf_C:construct fight
	Function /Game/NPOTG/Blueprints/Charaktere/wolf.wolf_C:start the fight
	Function /Game/NPOTG/Blueprints/Charaktere/wolf.wolf_C:construct fight
	Function /Game/NPOTG/Blueprints/Charaktere/wolf.wolf_C:start the fight
	Function /Game/NPOTG/Blueprints/Charaktere/wolf.wolf_C:construct fight
	Function /Game/NPOTG/Blueprints/Charaktere/wolf.wolf_C:start the fight
	Function /Game/NPOTG/Blueprints/Charaktere/wolf.wolf_C:construct fight
	Function /Game/NPOTG/Blueprints/Charaktere/wolf.wolf_C:start the fight
	Function /Game/NPOTG/Blueprints/Charaktere/wolf.wolf_C:construct fight
	Function /Game/NPOTG/Blueprints/Charaktere/wolf.wolf_C:start the fight
	Function /Game/NPOTG/Blueprints/Charaktere/wolf.wolf_C:construct fight
	Function /Game/NPOTG/Blueprints/Charaktere/wolf.wolf_C:start the fight
	Function /Game/NPOTG/Blueprints/Charaktere/wolf.wolf_C:construct fight
	Function /Game/NPOTG/Blueprints/Charaktere/wolf.wolf_C:start the fight
	Function /Game/NPOTG/Blueprints/Charaktere/wolf.wolf_C:construct fight
	Function /Game/NPOTG/Blueprints/Charaktere/wolf.wolf_C:start the fight
	Function /Game/NPOTG/Blueprints/Charaktere/wolf.wolf_C:construct fight
	Function /Game/NPOTG/Blueprints/Charaktere/wolf.wolf_C:start the fight
	Function /Game/NPOTG/Blueprints/Charaktere/wolf.wolf_C:construct fight
	Function /Game/NPOTG/Blueprints/Charaktere/wolf.wolf_C:start the fight
	Function /Game/NPOTG/Blueprints/Charaktere/wolf.wolf_C:construct fight
	Function /Game/NPOTG/Blueprints/Charaktere/wolf.wolf_C:start the fight
	Function /Game/NPOTG/Blueprints/Charaktere/wolf.wolf_C:construct fight
	Function /Game/NPOTG/Blueprints/Charaktere/wolf.wolf_C:start the fight
	Function /Game/NPOTG/Blueprints/Charaktere/wolf.wolf_C:construct fight
	Function /Game/NPOTG/Blueprints/Charaktere/wolf.wolf_C:start the fight
	Function /Game/NPOTG/Blueprints/Charaktere/wolf.wolf_C:construct fight
	Function /Game/NPOTG/Blueprints/Charaktere/wolf.wolf_C:start the fight
	Function /Game/NPOTG/Blueprints/Charaktere/wolf.wolf_C:construct fight
	Function /Game/NPOTG/Blueprints/Charaktere/wolf.wolf_C:start the fight
	Function /Game/NPOTG/Blueprints/Charaktere/wolf.wolf_C:construct fight
	Function /Game/NPOTG/Blueprints/Charaktere/wolf.wolf_C:start the fight
	Function /Game/NPOTG/Blueprints/Charaktere/wolf.wolf_C:construct fight
	Function /Game/NPOTG/Blueprints/Charaktere/wolf.wolf_C:start the fight
	Function /Game/NPOTG/Blueprints/Charaktere/wolf.wolf_C:construct fight
	Function /Game/NPOTG/Blueprints/Charaktere/wolf.wolf_C:start the fight
	Function /Game/NPOTG/Blueprints/Charaktere/wolf.wolf_C:construct fight
	Function /Game/NPOTG/Blueprints/Charaktere/wolf.wolf_C:start the fight
	Function /Game/NPOTG/Blueprints/Charaktere/wolf.wolf_C:construct fight
	Function /Game/NPOTG/Blueprints/Charaktere/wolf.wolf_C:start the fight
	Function /Game/NPOTG/Blueprints/Charaktere/wolf.wolf_C:construct fight
	Function /Game/NPOTG/Blueprints/Charaktere/wolf.wolf_C:start the fight
	Function /Game/NPOTG/Blueprints/Charaktere/wolf.wolf_C:construct fight
	Function /Game/NPOTG/Blueprints/Charaktere/wolf.wolf_C:start the fight
	Function /Game/NPOTG/Blueprints/Charaktere/wolf.wolf_C:construct fight
	Function /Game/NPOTG/Blueprints/Charaktere/wolf.wolf_C:start the fight
	Function /Game/NPOTG/Blueprints/Charaktere/wolf.wolf_C:construct fight
	Function /Game/NPOTG/Blueprints/Charaktere/wolf.wolf_C:start the fight
	Function /Game/NPOTG/Blueprints/Charaktere/wolf.wolf_C:construct fight
	Function /Game/NPOTG/Blueprints/Charaktere/wolf.wolf_C:start the fight
	Function /Game/NPOTG/Blueprints/Charaktere/wolf.wolf_C:construct fight
	Function /Game/NPOTG/Blueprints/Charaktere/wolf.wolf_C:start the fight
	Function /Game/NPOTG/Blueprints/Charaktere/wolf.wolf_C:construct fight
	Function /Game/NPOTG/Blueprints/Charaktere/wolf.wolf_C:start the fight
	Function /Game/NPOTG/Blueprints/Charaktere/wolf.wolf_C:construct fight
	Function /Game/NPOTG/Blueprints/Charaktere/wolf.wolf_C:start the fight
	Function /Game/NPOTG/Blueprints/Charaktere/wolf.wolf_C:construct fight
	Function /Game/NPOTG/Blueprints/Charaktere/wolf.wolf_C:start the fight
	Function /Game/NPOTG/Blueprints/Charaktere/wolf.wolf_C:construct fight
	Function /Game/NPOTG/Blueprints/Charaktere/wolf.wolf_C:start the fight
	Function /Game/NPOTG/Blueprints/Charaktere/wolf.wolf_C:construct fight
	Function /Game/NPOTG/Blueprints/Charaktere/wolf.wolf_C:start the fight
	Function /Game/NPOTG/Blueprints/Charaktere/wolf.wolf_C:construct fight
	Function /Game/NPOTG/Blueprints/Charaktere/wolf.wolf_C:start the fight
	Function /Game/NPOTG/Blueprints/Charaktere/wolf.wolf_C:construct fight
	Function /Game/NPOTG/Blueprints/Charaktere/wolf.wolf_C:start the fight
	Function /Game/NPOTG/Blueprints/Charaktere/wolf.wolf_C:construct fight
	Function /Game/NPOTG/Blueprints/Charaktere/wolf.wolf_C:start the fight
	Function /Game/NPOTG/Blueprints/Charaktere/wolf.wolf_C:construct fight
	Function /Game/NPOTG/Blueprints/Charaktere/wolf.wolf_C:start the fight
	Function /Game/NPOTG/Blueprints/Charaktere/wolf.wolf_C:construct fight
	Function /Game/NPOTG/Blueprints/Charaktere/wolf.wolf_C:start the fight
	Function /Game/NPOTG/Blueprints/Charaktere/wolf.wolf_C:construct fight
	Function /Game/NPOTG/Blueprints/Charaktere/wolf.wolf_C:start the fight
	Function /Game/NPOTG/Blueprints/Charaktere/wolf.wolf_C:construct fight
	Function /Game/NPOTG/Blueprints/Charaktere/wolf.wolf_C:start the fight
	Function /Game/NPOTG/Blueprints/Charaktere/wolf.wolf_C:construct fight
	Function /Game/NPOTG/Blueprints/Charaktere/wolf.wolf_C:start the fight
	Function /Game/NPOTG/Blueprints/Charaktere/wolf.wolf_C:construct fight
	Function /Game/NPOTG/Blueprints/Charaktere/wolf.wolf_C:start the fight
	Function /Game/NPOTG/Blueprints/Charaktere/wolf.wolf_C:construct fight
	Function /Game/NPOTG/Blueprints/Charaktere/wolf.wolf_C:start the fight
	Function /Game/NPOTG/Blueprints/Charaktere/wolf.wolf_C:construct fight
	Function /Game/NPOTG/Blueprints/Charaktere/wolf.wolf_C:start the fight
	Function /Game/NPOTG/Blueprints/Charaktere/wolf.wolf_C:construct fight
	Function /Game/NPOTG/Blueprints/Charaktere/wolf.wolf_C:start the fight
	Function /Game/NPOTG/Blueprints/Charaktere/wolf.wolf_C:construct fight
	Function /Game/NPOTG/Blueprints/Charaktere/wolf.wolf_C:start the fight
	Function /Game/NPOTG/Blueprints/Charaktere/wolf.wolf_C:construct fight
	Function /Game/NPOTG/Blueprints/Charaktere/wolf.wolf_C:start the fight
	Function /Game/NPOTG/Blueprints/Charaktere/wolf.wolf_C:construct fight
	Function /Game/NPOTG/Blueprints/Charaktere/wolf.wolf_C:start the fight
	Function /Game/NPOTG/Blueprints/Charaktere/wolf.wolf_C:construct fight
	Function /Game/NPOTG/Blueprints/Charaktere/wolf.wolf_C:start the fight
	Function /Game/NPOTG/Blueprints/Charaktere/wolf.wolf_C:construct fight
	Function /Game/NPOTG/Blueprints/Charaktere/wolf.wolf_C:start the fight
	Function /Game/NPOTG/Blueprints/Charaktere/wolf.wolf_C:construct fight

[2015.09.23-17.38.14:441][541]LogScript:Warning: Infinite script recursion (250 calls) detected
	wolf_C /Temp/Autosaves/Game/NPOTG/Maps/UEDPCTesting_Level.Testing_Level:PersistentLevel.wolf_C_5
	Function /Game/NPOTG/Blueprints/Charaktere/wolf.wolf_C:construct fight:0000
[2015.09.23-17.38.14:455][542]LogBlueprintUserMessages: 9.838709
[2015.09.23-17.38.14:455][542]LogBlueprintUserMessages: PRINT
[2015.09.23-17.38.14:471][543]LogBlueprintUserMessages: 9.758063
[2015.09.23-17.38.14:471][543]LogBlueprintUserMessages: PRINT
[2015.09.23-17.38.14:488][544]LogBlueprintUserMessages: 9.677395
[2015.09.23-17.38.14:488][544]LogBlueprintUserMessages: PRINT
[2015.09.23-17.38.14:503][545]LogBlueprintUserMessages: 9.596761
[2015.09.23-17.38.14:503][545]LogBlueprintUserMessages: PRINT
[2015.09.23-17.38.14:519][546]LogBlueprintUserMessages: 9.516115
[2015.09.23-17.38.14:519][546]LogBlueprintUserMessages: PRINT
[2015.09.23-17.38.14:535][547]LogBlueprintUserMessages: 9.43547
[2015.09.23-17.38.14:535][547]LogBlueprintUserMessages: PRINT
[2015.09.23-17.38.14:552][548]LogBlueprintUserMessages: 9.354824
[2015.09.23-17.38.14:552][548]LogBlueprintUserMessages: PRINT
[2015.09.23-17.38.14:568][549]LogBlueprintUserMessages: 9.274179
[2015.09.23-17.38.14:568][549]LogBlueprintUserMessages: PRINT
[2015.09.23-17.38.14:584][550]LogBlueprintUserMessages: 9.193533
[2015.09.23-17.38.14:584][550]LogBlueprintUserMessages: PRINT
[2015.09.23-17.38.14:601][551]LogBlueprintUserMessages: 9.112887
[2015.09.23-17.38.14:601][551]LogBlueprintUserMessages: PRINT
[2015.09.23-17.38.14:616][552]LogBlueprintUserMessages: 9.032242
[2015.09.23-17.38.14:616][552]LogBlueprintUserMessages: PRINT
[2015.09.23-17.38.14:632][553]LogBlueprintUserMessages: 8.951596
[2015.09.23-17.38.14:632][553]LogBlueprintUserMessages: PRINT
[2015.09.23-17.38.14:649][554]LogBlueprintUserMessages: 8.870951
[2015.09.23-17.38.14:649][554]LogBlueprintUserMessages: PRINT
[2015.09.23-17.38.14:665][555]LogBlueprintUserMessages: 8.790305
[2015.09.23-17.38.14:665][555]LogBlueprintUserMessages: PRINT
[2015.09.23-17.38.14:681][556]LogBlueprintUserMessages: 8.70965
[2015.09.23-17.38.14:681][556]LogBlueprintUserMessages: PRINT
[2015.09.23-17.38.14:697][557]LogBlueprintUserMessages: 8.629009
[2015.09.23-17.38.14:697][557]LogBlueprintUserMessages: PRINT
[2015.09.23-17.38.14:714][558]LogBlueprintUserMessages: 8.548364
[2015.09.23-17.38.14:714][558]LogBlueprintUserMessages: PRINT
[2015.09.23-17.38.14:730][559]LogBlueprintUserMessages: 8.467718
[2015.09.23-17.38.14:730][559]LogBlueprintUserMessages: PRINT
[2015.09.23-17.38.14:746][560]LogBlueprintUserMessages: 8.387073
[2015.09.23-17.38.14:746][560]LogBlueprintUserMessages: PRINT
[2015.09.23-17.38.14:762][561]LogBlueprintUserMessages: 8.306427
[2015.09.23-17.38.14:762][561]LogBlueprintUserMessages: PRINT
[2015.09.23-17.38.14:778][562]LogBlueprintUserMessages: 8.225781
[2015.09.23-17.38.14:778][562]LogBlueprintUserMessages: PRINT
[2015.09.23-17.38.14:794][563]LogBlueprintUserMessages: 8.145136
[2015.09.23-17.38.14:794][563]LogBlueprintUserMessages: PRINT
[2015.09.23-17.38.14:810][564]LogBlueprintUserMessages: 8.06449
[2015.09.23-17.38.14:810][564]LogBlueprintUserMessages: PRINT
[2015.09.23-17.38.14:827][565]LogBlueprintUserMessages: 7.983844
[2015.09.23-17.38.14:827][565]LogBlueprintUserMessages: PRINT
[2015.09.23-17.38.14:842][566]LogBlueprintUserMessages: 7.903198
[2015.09.23-17.38.14:842][566]LogBlueprintUserMessages: PRINT
[2015.09.23-17.38.14:858][567]LogBlueprintUserMessages: 7.822552
[2015.09.23-17.38.14:858][567]LogBlueprintUserMessages: PRINT
[2015.09.23-17.38.14:874][568]LogBlueprintUserMessages: 7.741906
[2015.09.23-17.38.14:874][568]LogBlueprintUserMessages: PRINT
[2015.09.23-17.38.14:891][569]LogBlueprintUserMessages: 7.66126
[2015.09.23-17.38.14:891][569]LogBlueprintUserMessages: PRINT
[2015.09.23-17.38.14:907][570]LogBlueprintUserMessages: 7.580614
[2015.09.23-17.38.14:907][570]LogBlueprintUserMessages: PRINT
[2015.09.23-17.38.14:923][571]LogBlueprintUserMessages: 7.499968
[2015.09.23-17.38.14:923][571]LogBlueprintUserMessages: PRINT
[2015.09.23-17.38.14:939][572]LogBlueprintUserMessages: 7.419322
[2015.09.23-17.38.14:939][572]LogBlueprintUserMessages: PRINT
[2015.09.23-17.38.14:955][573]LogBlueprintUserMessages: 7.338676
[2015.09.23-17.38.14:955][573]LogBlueprintUserMessages: PRINT
[2015.09.23-17.38.14:971][574]LogBlueprintUserMessages: 7.25803
[2015.09.23-17.38.14:971][574]LogBlueprintUserMessages: PRINT
[2015.09.23-17.38.14:987][575]LogBlueprintUserMessages: 7.177384
[2015.09.23-17.38.14:987][575]LogBlueprintUserMessages: PRINT
[2015.09.23-17.38.15:003][576]LogBlueprintUserMessages: 7.096738
[2015.09.23-17.38.15:003][576]LogBlueprintUserMessages: PRINT
[2015.09.23-17.38.15:020][577]LogBlueprintUserMessages: 7.016092
[2015.09.23-17.38.15:020][577]LogBlueprintUserMessages: PRINT
[2015.09.23-17.38.15:036][578]LogBlueprintUserMessages: 6.935446
[2015.09.23-17.38.15:036][578]LogBlueprintUserMessages: PRINT
[2015.09.23-17.38.15:052][579]LogBlueprintUserMessages: 6.8548
[2015.09.23-17.38.15:052][579]LogBlueprintUserMessages: PRINT
[2015.09.23-17.38.15:068][580]LogBlueprintUserMessages: 6.774154
[2015.09.23-17.38.15:068][580]LogBlueprintUserMessages: PRINT
[2015.09.23-17.38.15:084][581]LogBlueprintUserMessages: 6.693508
[2015.09.23-17.38.15:085][581]LogBlueprintUserMessages: PRINT
[2015.09.23-17.38.15:100][582]LogBlueprintUserMessages: 6.612862
[2015.09.23-17.38.15:101][582]LogBlueprintUserMessages: PRINT
[2015.09.23-17.38.15:117][583]LogBlueprintUserMessages: 6.532216
[2015.09.23-17.38.15:117][583]LogBlueprintUserMessages: PRINT
[2015.09.23-17.38.15:133][584]LogBlueprintUserMessages: 6.45157
[2015.09.23-17.38.15:133][584]LogBlueprintUserMessages: PRINT
[2015.09.23-17.38.15:148][585]LogBlueprintUserMessages: 6.370924
[2015.09.23-17.38.15:148][585]LogBlueprintUserMessages: PRINT
[2015.09.23-17.38.15:164][586]LogBlueprintUserMessages: 6.290277
[2015.09.23-17.38.15:165][586]LogBlueprintUserMessages: PRINT
[2015.09.23-17.38.15:181][587]LogBlueprintUserMessages: 6.209631
[2015.09.23-17.38.15:181][587]LogBlueprintUserMessages: PRINT
[2015.09.23-17.38.15:197][588]LogBlueprintUserMessages: 6.128985
[2015.09.23-17.38.15:197][588]LogBlueprintUserMessages: PRINT
[2015.09.23-17.38.15:213][589]LogBlueprintUserMessages: 6.048339
[2015.09.23-17.38.15:213][589]LogBlueprintUserMessages: PRINT
[2015.09.23-17.38.15:230][590]LogBlueprintUserMessages: 5.967693
[2015.09.23-17.38.15:230][590]LogBlueprintUserMessages: PRINT
[2015.09.23-17.38.15:245][591]LogBlueprintUserMessages: 5.887047
[2015.09.23-17.38.15:245][591]LogBlueprintUserMessages: PRINT
[2015.09.23-17.38.15:261][592]LogBlueprintUserMessages: 5.806401
[2015.09.23-17.38.15:261][592]LogBlueprintUserMessages: PRINT
[2015.09.23-17.38.15:278][593]LogBlueprintUserMessages: 5.725755
[2015.09.23-17.38.15:278][593]LogBlueprintUserMessages: PRINT
[2015.09.23-17.38.15:294][594]LogBlueprintUserMessages: 5.645109
[2015.09.23-17.38.15:294][594]LogBlueprintUserMessages: PRINT
[2015.09.23-17.38.15:310][595]LogBlueprintUserMessages: 5.564463
[2015.09.23-17.38.15:310][595]LogBlueprintUserMessages: PRINT
[2015.09.23-17.38.15:326][596]LogBlueprintUserMessages: 5.483817
[2015.09.23-17.38.15:326][596]LogBlueprintUserMessages: PRINT
[2015.09.23-17.38.15:342][597]LogBlueprintUserMessages: 5.403171
[2015.09.23-17.38.15:342][597]LogBlueprintUserMessages: PRINT
[2015.09.23-17.38.15:358][598]LogBlueprintUserMessages: 5.322525
[2015.09.23-17.38.15:358][598]LogBlueprintUserMessages: PRINT
[2015.09.23-17.38.15:374][599]LogBlueprintUserMessages: 5.241879
[2015.09.23-17.38.15:374][599]LogBlueprintUserMessages: PRINT
[2015.09.23-17.38.15:390][600]LogBlueprintUserMessages: 5.161233
[2015.09.23-17.38.15:390][600]LogBlueprintUserMessages: PRINT
[2015.09.23-17.38.15:406][601]LogBlueprintUserMessages: 5.080587
[2015.09.23-17.38.15:406][601]LogBlueprintUserMessages: PRINT
[2015.09.23-17.38.15:423][602]LogBlueprintUserMessages: 4.999941
[2015.09.23-17.38.15:423][602]LogBlueprintUserMessages: PRINT
[2015.09.23-17.38.15:439][603]LogBlueprintUserMessages: 4.919295
[2015.09.23-17.38.15:439][603]LogBlueprintUserMessages: PRINT
[2015.09.23-17.38.15:455][604]LogBlueprintUserMessages: 4.838649
[2015.09.23-17.38.15:455][604]LogBlueprintUserMessages: PRINT
[2015.09.23-17.38.15:471][605]LogBlueprintUserMessages: 4.758003
[2015.09.23-17.38.15:471][605]LogBlueprintUserMessages: PRINT
[2015.09.23-17.38.15:487][606]LogBlueprintUserMessages: 4.677357
[2015.09.23-17.38.15:488][606]LogBlueprintUserMessages: PRINT
[2015.09.23-17.38.15:504][607]LogBlueprintUserMessages: 4.596711
[2015.09.23-17.38.15:504][607]LogBlueprintUserMessages: PRINT
[2015.09.23-17.38.15:520][608]LogBlueprintUserMessages: 4.516065
[2015.09.23-17.38.15:520][608]LogBlueprintUserMessages: PRINT
[2015.09.23-17.38.15:536][609]LogBlueprintUserMessages: 4.435419
[2015.09.23-17.38.15:536][609]LogBlueprintUserMessages: PRINT
[2015.09.23-17.38.15:552][610]LogBlueprintUserMessages: 4.354773
[2015.09.23-17.38.15:552][610]LogBlueprintUserMessages: PRINT
[2015.09.23-17.38.15:568][611]LogBlueprintUserMessages: 4.274127
[2015.09.23-17.38.15:568][611]LogBlueprintUserMessages: PRINT
[2015.09.23-17.38.15:584][612]LogBlueprintUserMessages: 4.19348
[2015.09.23-17.38.15:585][612]LogBlueprintUserMessages: PRINT
[2015.09.23-17.38.15:601][613]LogBlueprintUserMessages: 4.112834
[2015.09.23-17.38.15:601][613]LogBlueprintUserMessages: PRINT
[2015.09.23-17.38.15:617][614]LogBlueprintUserMessages: 4.032188
[2015.09.23-17.38.15:617][614]LogBlueprintUserMessages: PRINT
[2015.09.23-17.38.15:633][615]LogBlueprintUserMessages: 3.951543
[2015.09.23-17.38.15:633][615]LogBlueprintUserMessages: PRINT
[2015.09.23-17.38.15:648][616]LogBlueprintUserMessages: 3.870897
[2015.09.23-17.38.15:648][616]LogBlueprintUserMessages: PRINT
[2015.09.23-17.38.15:664][617]LogBlueprintUserMessages: 3.790251
[2015.09.23-17.38.15:664][617]LogBlueprintUserMessages: PRINT
[2015.09.23-17.38.15:681][618]LogBlueprintUserMessages: 3.709546
[2015.09.23-17.38.15:681][618]LogBlueprintUserMessages: PRINT
[2015.09.23-17.38.15:697][619]LogBlueprintUserMessages: 3.62893
[2015.09.23-17.38.15:697][619]LogBlueprintUserMessages: PRINT
[2015.09.23-17.38.15:713][620]LogBlueprintUserMessages: 3.548284
[2015.09.23-17.38.15:713][620]LogBlueprintUserMessages: PRINT
[2015.09.23-17.38.15:729][621]LogBlueprintUserMessages: 3.467638
[2015.09.23-17.38.15:729][621]LogBlueprintUserMessages: PRINT
[2015.09.23-17.38.15:745][622]LogBlueprintUserMessages: 3.386992
[2015.09.23-17.38.15:745][622]LogBlueprintUserMessages: PRINT
[2015.09.23-17.38.15:762][623]LogBlueprintUserMessages: 3.306347
[2015.09.23-17.38.15:762][623]LogBlueprintUserMessages: PRINT
[2015.09.23-17.38.15:778][624]LogBlueprintUserMessages: 3.225701
[2015.09.23-17.38.15:778][624]LogBlueprintUserMessages: PRINT
[2015.09.23-17.38.15:794][625]LogBlueprintUserMessages: 3.145055
[2015.09.23-17.38.15:794][625]LogBlueprintUserMessages: PRINT
[2015.09.23-17.38.15:810][626]LogBlueprintUserMessages: 3.064409
[2015.09.23-17.38.15:810][626]LogBlueprintUserMessages: PRINT
[2015.09.23-17.38.15:826][627]LogBlueprintUserMessages: 2.983729
[2015.09.23-17.38.15:826][627]LogBlueprintUserMessages: PRINT
[2015.09.23-17.38.15:842][628]LogBlueprintUserMessages: 2.9031
[2015.09.23-17.38.15:842][628]LogBlueprintUserMessages: PRINT
[2015.09.23-17.38.15:859][629]LogBlueprintUserMessages: 2.822455
[2015.09.23-17.38.15:859][629]LogBlueprintUserMessages: PRINT
[2015.09.23-17.38.15:874][630]LogBlueprintUserMessages: zukasdfuikfsfgiHFIGASIDILUgqregfFEWERFARG
[2015.09.23-17.38.15:876][630]LogScriptCore: Script call stack:
	Function /Game/NPOTG/Blueprints/Charaktere/wolf.wolf_C:BndEvt__see cone_K2Node_ComponentBoundEvent_90_ComponentBeginOverlapSignature__DelegateSignature
	Function /Game/NPOTG/Blueprints/Charaktere/wolf.wolf_C:ExecuteUbergraph_wolf
	Function /Game/NPOTG/Blueprints/Charaktere/wolf.wolf_C:start the fight
	Function /Game/NPOTG/Blueprints/Charaktere/wolf.wolf_C:construct fight
	Function /Game/NPOTG/Blueprints/Charaktere/wolf.wolf_C:start the fight
	Function /Game/NPOTG/Blueprints/Charaktere/wolf.wolf_C:construct fight
	Function /Game/NPOTG/Blueprints/Charaktere/wolf.wolf_C:start the fight
	Function /Game/NPOTG/Blueprints/Charaktere/wolf.wolf_C:construct fight
	Function /Game/NPOTG/Blueprints/Charaktere/wolf.wolf_C:start the fight
	Function /Game/NPOTG/Blueprints/Charaktere/wolf.wolf_C:construct fight
	Function /Game/NPOTG/Blueprints/Charaktere/wolf.wolf_C:start the fight
	Function /Game/NPOTG/Blueprints/Charaktere/wolf.wolf_C:construct fight
	Function /Game/NPOTG/Blueprints/Charaktere/wolf.wolf_C:start the fight
	Function /Game/NPOTG/Blueprints/Charaktere/wolf.wolf_C:construct fight
	Function /Game/NPOTG/Blueprints/Charaktere/wolf.wolf_C:start the fight
	Function /Game/NPOTG/Blueprints/Charaktere/wolf.wolf_C:construct fight
	Function /Game/NPOTG/Blueprints/Charaktere/wolf.wolf_C:start the fight
	Function /Game/NPOTG/Blueprints/Charaktere/wolf.wolf_C:construct fight
	Function /Game/NPOTG/Blueprints/Charaktere/wolf.wolf_C:start the fight
	Function /Game/NPOTG/Blueprints/Charaktere/wolf.wolf_C:construct fight
	Function /Game/NPOTG/Blueprints/Charaktere/wolf.wolf_C:start the fight
	Function /Game/NPOTG/Blueprints/Charaktere/wolf.wolf_C:construct fight
	Function /Game/NPOTG/Blueprints/Charaktere/wolf.wolf_C:start the fight
	Function /Game/NPOTG/Blueprints/Charaktere/wolf.wolf_C:construct fight
	Function /Game/NPOTG/Blueprints/Charaktere/wolf.wolf_C:start the fight
	Function /Game/NPOTG/Blueprints/Charaktere/wolf.wolf_C:construct fight
	Function /Game/NPOTG/Blueprints/Charaktere/wolf.wolf_C:start the fight
	Function /Game/NPOTG/Blueprints/Charaktere/wolf.wolf_C:construct fight
	Function /Game/NPOTG/Blueprints/Charaktere/wolf.wolf_C:start the fight
	Function /Game/NPOTG/Blueprints/Charaktere/wolf.wolf_C:construct fight
	Function /Game/NPOTG/Blueprints/Charaktere/wolf.wolf_C:start the fight
	Function /Game/NPOTG/Blueprints/Charaktere/wolf.wolf_C:construct fight
	Function /Game/NPOTG/Blueprints/Charaktere/wolf.wolf_C:start the fight
	Function /Game/NPOTG/Blueprints/Charaktere/wolf.wolf_C:construct fight
	Function /Game/NPOTG/Blueprints/Charaktere/wolf.wolf_C:start the fight
	Function /Game/NPOTG/Blueprints/Charaktere/wolf.wolf_C:construct fight
	Function /Game/NPOTG/Blueprints/Charaktere/wolf.wolf_C:start the fight
	Function /Game/NPOTG/Blueprints/Charaktere/wolf.wolf_C:construct fight
	Function /Game/NPOTG/Blueprints/Charaktere/wolf.wolf_C:start the fight
	Function /Game/NPOTG/Blueprints/Charaktere/wolf.wolf_C:construct fight
	Function /Game/NPOTG/Blueprints/Charaktere/wolf.wolf_C:start the fight
	Function /Game/NPOTG/Blueprints/Charaktere/wolf.wolf_C:construct fight
	Function /Game/NPOTG/Blueprints/Charaktere/wolf.wolf_C:start the fight
	Function /Game/NPOTG/Blueprints/Charaktere/wolf.wolf_C:construct fight
	Function /Game/NPOTG/Blueprints/Charaktere/wolf.wolf_C:start the fight
	Function /Game/NPOTG/Blueprints/Charaktere/wolf.wolf_C:construct fight
	Function /Game/NPOTG/Blueprints/Charaktere/wolf.wolf_C:start the fight
	Function /Game/NPOTG/Blueprints/Charaktere/wolf.wolf_C:construct fight
	Function /Game/NPOTG/Blueprints/Charaktere/wolf.wolf_C:start the fight
	Function /Game/NPOTG/Blueprints/Charaktere/wolf.wolf_C:construct fight
	Function /Game/NPOTG/Blueprints/Charaktere/wolf.wolf_C:start the fight
	Function /Game/NPOTG/Blueprints/Charaktere/wolf.wolf_C:construct fight
	Function /Game/NPOTG/Blueprints/Charaktere/wolf.wolf_C:start the fight
	Function /Game/NPOTG/Blueprints/Charaktere/wolf.wolf_C:construct fight
	Function /Game/NPOTG/Blueprints/Charaktere/wolf.wolf_C:start the fight
	Function /Game/NPOTG/Blueprints/Charaktere/wolf.wolf_C:construct fight
	Function /Game/NPOTG/Blueprints/Charaktere/wolf.wolf_C:start the fight
	Function /Game/NPOTG/Blueprints/Charaktere/wolf.wolf_C:construct fight
	Function /Game/NPOTG/Blueprints/Charaktere/wolf.wolf_C:start the fight
	Function /Game/NPOTG/Blueprints/Charaktere/wolf.wolf_C:construct fight
	Function /Game/NPOTG/Blueprints/Charaktere/wolf.wolf_C:start the fight
	Function /Game/NPOTG/Blueprints/Charaktere/wolf.wolf_C:construct fight
	Function /Game/NPOTG/Blueprints/Charaktere/wolf.wolf_C:start the fight
	Function /Game/NPOTG/Blueprints/Charaktere/wolf.wolf_C:construct fight
	Function /Game/NPOTG/Blueprints/Charaktere/wolf.wolf_C:start the fight
	Function /Game/NPOTG/Blueprints/Charaktere/wolf.wolf_C:construct fight
	Function /Game/NPOTG/Blueprints/Charaktere/wolf.wolf_C:start the fight
	Function /Game/NPOTG/Blueprints/Charaktere/wolf.wolf_C:construct fight
	Function /Game/NPOTG/Blueprints/Charaktere/wolf.wolf_C:start the fight
	Function /Game/NPOTG/Blueprints/Charaktere/wolf.wolf_C:construct fight
	Function /Game/NPOTG/Blueprints/Charaktere/wolf.wolf_C:start the fight
	Function /Game/NPOTG/Blueprints/Charaktere/wolf.wolf_C:construct fight
	Function /Game/NPOTG/Blueprints/Charaktere/wolf.wolf_C:start the fight
	Function /Game/NPOTG/Blueprints/Charaktere/wolf.wolf_C:construct fight
	Function /Game/NPOTG/Blueprints/Charaktere/wolf.wolf_C:start the fight
	Function /Game/NPOTG/Blueprints/Charaktere/wolf.wolf_C:construct fight
	Function /Game/NPOTG/Blueprints/Charaktere/wolf.wolf_C:start the fight
	Function /Game/NPOTG/Blueprints/Charaktere/wolf.wolf_C:construct fight
	Function /Game/NPOTG/Blueprints/Charaktere/wolf.wolf_C:start the fight
	Function /Game/NPOTG/Blueprints/Charaktere/wolf.wolf_C:construct fight
	Function /Game/NPOTG/Blueprints/Charaktere/wolf.wolf_C:start the fight
	Function /Game/NPOTG/Blueprints/Charaktere/wolf.wolf_C:construct fight
	Function /Game/NPOTG/Blueprints/Charaktere/wolf.wolf_C:start the fight
	Function /Game/NPOTG/Blueprints/Charaktere/wolf.wolf_C:construct fight
	Function /Game/NPOTG/Blueprints/Charaktere/wolf.wolf_C:start the fight
	Function /Game/NPOTG/Blueprints/Charaktere/wolf.wolf_C:construct fight
	Function /Game/NPOTG/Blueprints/Charaktere/wolf.wolf_C:start the fight
	Function /Game/NPOTG/Blueprints/Charaktere/wolf.wolf_C:construct fight
	Function /Game/NPOTG/Blueprints/Charaktere/wolf.wolf_C:start the fight
	Function /Game/NPOTG/Blueprints/Charaktere/wolf.wolf_C:construct fight
	Function /Game/NPOTG/Blueprints/Charaktere/wolf.wolf_C:start the fight
	Function /Game/NPOTG/Blueprints/Charaktere/wolf.wolf_C:construct fight
	Function /Game/NPOTG/Blueprints/Charaktere/wolf.wolf_C:start the fight
	Function /Game/NPOTG/Blueprints/Charaktere/wolf.wolf_C:construct fight
	Function /Game/NPOTG/Blueprints/Charaktere/wolf.wolf_C:start the fight
	Function /Game/NPOTG/Blueprints/Charaktere/wolf.wolf_C:construct fight
	Function /Game/NPOTG/Blueprints/Charaktere/wolf.wolf_C:start the fight
	Function /Game/NPOTG/Blueprints/Charaktere/wolf.wolf_C:construct fight
	Function /Game/NPOTG/Blueprints/Charaktere/wolf.wolf_C:start the fight
	Function /Game/NPOTG/Blueprints/Charaktere/wolf.wolf_C:construct fight
	Function /Game/NPOTG/Blueprints/Charaktere/wolf.wolf_C:start the fight
	Function /Game/NPOTG/Blueprints/Charaktere/wolf.wolf_C:construct fight
	Function /Game/NPOTG/Blueprints/Charaktere/wolf.wolf_C:start the fight
	Function /Game/NPOTG/Blueprints/Charaktere/wolf.wolf_C:construct fight
	Function /Game/NPOTG/Blueprints/Charaktere/wolf.wolf_C:start the fight
	Function /Game/NPOTG/Blueprints/Charaktere/wolf.wolf_C:construct fight
	Function /Game/NPOTG/Blueprints/Charaktere/wolf.wolf_C:start the fight
	Function /Game/NPOTG/Blueprints/Charaktere/wolf.wolf_C:construct fight
	Function /Game/NPOTG/Blueprints/Charaktere/wolf.wolf_C:start the fight
	Function /Game/NPOTG/Blueprints/Charaktere/wolf.wolf_C:construct fight
	Function /Game/NPOTG/Blueprints/Charaktere/wolf.wolf_C:start the fight
	Function /Game/NPOTG/Blueprints/Charaktere/wolf.wolf_C:construct fight
	Function /Game/NPOTG/Blueprints/Charaktere/wolf.wolf_C:start the fight
	Function /Game/NPOTG/Blueprints/Charaktere/wolf.wolf_C:construct fight
	Function /Game/NPOTG/Blueprints/Charaktere/wolf.wolf_C:start the fight
	Function /Game/NPOTG/Blueprints/Charaktere/wolf.wolf_C:construct fight
	Function /Game/NPOTG/Blueprints/Charaktere/wolf.wolf_C:start the fight
	Function /Game/NPOTG/Blueprints/Charaktere/wolf.wolf_C:construct fight
	Function /Game/NPOTG/Blueprints/Charaktere/wolf.wolf_C:start the fight
	Function /Game/NPOTG/Blueprints/Charaktere/wolf.wolf_C:construct fight
	Function /Game/NPOTG/Blueprints/Charaktere/wolf.wolf_C:start the fight
	Function /Game/NPOTG/Blueprints/Charaktere/wolf.wolf_C:construct fight
	Function /Game/NPOTG/Blueprints/Charaktere/wolf.wolf_C:start the fight
	Function /Game/NPOTG/Blueprints/Charaktere/wolf.wolf_C:construct fight
	Function /Game/NPOTG/Blueprints/Charaktere/wolf.wolf_C:start the fight
	Function /Game/NPOTG/Blueprints/Charaktere/wolf.wolf_C:construct fight
	Function /Game/NPOTG/Blueprints/Charaktere/wolf.wolf_C:start the fight
	Function /Game/NPOTG/Blueprints/Charaktere/wolf.wolf_C:construct fight
	Function /Game/NPOTG/Blueprints/Charaktere/wolf.wolf_C:start the fight
	Function /Game/NPOTG/Blueprints/Charaktere/wolf.wolf_C:construct fight
	Function /Game/NPOTG/Blueprints/Charaktere/wolf.wolf_C:start the fight
	Function /Game/NPOTG/Blueprints/Charaktere/wolf.wolf_C:construct fight
	Function /Game/NPOTG/Blueprints/Charaktere/wolf.wolf_C:start the fight
	Function /Game/NPOTG/Blueprints/Charaktere/wolf.wolf_C:construct fight
	Function /Game/NPOTG/Blueprints/Charaktere/wolf.wolf_C:start the fight
	Function /Game/NPOTG/Blueprints/Charaktere/wolf.wolf_C:construct fight
	Function /Game/NPOTG/Blueprints/Charaktere/wolf.wolf_C:start the fight
	Function /Game/NPOTG/Blueprints/Charaktere/wolf.wolf_C:construct fight
	Function /Game/NPOTG/Blueprints/Charaktere/wolf.wolf_C:start the fight
	Function /Game/NPOTG/Blueprints/Charaktere/wolf.wolf_C:construct fight
	Function /Game/NPOTG/Blueprints/Charaktere/wolf.wolf_C:start the fight
	Function /Game/NPOTG/Blueprints/Charaktere/wolf.wolf_C:construct fight
	Function /Game/NPOTG/Blueprints/Charaktere/wolf.wolf_C:start the fight
	Function /Game/NPOTG/Blueprints/Charaktere/wolf.wolf_C:construct fight
	Function /Game/NPOTG/Blueprints/Charaktere/wolf.wolf_C:start the fight
	Function /Game/NPOTG/Blueprints/Charaktere/wolf.wolf_C:construct fight
	Function /Game/NPOTG/Blueprints/Charaktere/wolf.wolf_C:start the fight
	Function /Game/NPOTG/Blueprints/Charaktere/wolf.wolf_C:construct fight
	Function /Game/NPOTG/Blueprints/Charaktere/wolf.wolf_C:start the fight
	Function /Game/NPOTG/Blueprints/Charaktere/wolf.wolf_C:construct fight
	Function /Game/NPOTG/Blueprints/Charaktere/wolf.wolf_C:start the fight
	Function /Game/NPOTG/Blueprints/Charaktere/wolf.wolf_C:construct fight
	Function /Game/NPOTG/Blueprints/Charaktere/wolf.wolf_C:start the fight
	Function /Game/NPOTG/Blueprints/Charaktere/wolf.wolf_C:construct fight
	Function /Game/NPOTG/Blueprints/Charaktere/wolf.wolf_C:start the fight
	Function /Game/NPOTG/Blueprints/Charaktere/wolf.wolf_C:construct fight
	Function /Game/NPOTG/Blueprints/Charaktere/wolf.wolf_C:start the fight
	Function /Game/NPOTG/Blueprints/Charaktere/wolf.wolf_C:construct fight
	Function /Game/NPOTG/Blueprints/Charaktere/wolf.wolf_C:start the fight
	Function /Game/NPOTG/Blueprints/Charaktere/wolf.wolf_C:construct fight
	Function /Game/NPOTG/Blueprints/Charaktere/wolf.wolf_C:start the fight
	Function /Game/NPOTG/Blueprints/Charaktere/wolf.wolf_C:construct fight
	Function /Game/NPOTG/Blueprints/Charaktere/wolf.wolf_C:start the fight
	Function /Game/NPOTG/Blueprints/Charaktere/wolf.wolf_C:construct fight
	Function /Game/NPOTG/Blueprints/Charaktere/wolf.wolf_C:start the fight
	Function /Game/NPOTG/Blueprints/Charaktere/wolf.wolf_C:construct fight
	Function /Game/NPOTG/Blueprints/Charaktere/wolf.wolf_C:start the fight
	Function /Game/NPOTG/Blueprints/Charaktere/wolf.wolf_C:construct fight
	Function /Game/NPOTG/Blueprints/Charaktere/wolf.wolf_C:start the fight
	Function /Game/NPOTG/Blueprints/Charaktere/wolf.wolf_C:construct fight
	Function /Game/NPOTG/Blueprints/Charaktere/wolf.wolf_C:start the fight
	Function /Game/NPOTG/Blueprints/Charaktere/wolf.wolf_C:construct fight
	Function /Game/NPOTG/Blueprints/Charaktere/wolf.wolf_C:start the fight
	Function /Game/NPOTG/Blueprints/Charaktere/wolf.wolf_C:construct fight
	Function /Game/NPOTG/Blueprints/Charaktere/wolf.wolf_C:start the fight
	Function /Game/NPOTG/Blueprints/Charaktere/wolf.wolf_C:construct fight
	Function /Game/NPOTG/Blueprints/Charaktere/wolf.wolf_C:start the fight
	Function /Game/NPOTG/Blueprints/Charaktere/wolf.wolf_C:construct fight
	Function /Game/NPOTG/Blueprints/Charaktere/wolf.wolf_C:start the fight
	Function /Game/NPOTG/Blueprints/Charaktere/wolf.wolf_C:construct fight
	Function /Game/NPOTG/Blueprints/Charaktere/wolf.wolf_C:start the fight
	Function /Game/NPOTG/Blueprints/Charaktere/wolf.wolf_C:construct fight
	Function /Game/NPOTG/Blueprints/Charaktere/wolf.wolf_C:start the fight
	Function /Game/NPOTG/Blueprints/Charaktere/wolf.wolf_C:construct fight
	Function /Game/NPOTG/Blueprints/Charaktere/wolf.wolf_C:start the fight
	Function /Game/NPOTG/Blueprints/Charaktere/wolf.wolf_C:construct fight
	Function /Game/NPOTG/Blueprints/Charaktere/wolf.wolf_C:start the fight
	Function /Game/NPOTG/Blueprints/Charaktere/wolf.wolf_C:construct fight
	Function /Game/NPOTG/Blueprints/Charaktere/wolf.wolf_C:start the fight
	Function /Game/NPOTG/Blueprints/Charaktere/wolf.wolf_C:construct fight
	Function /Game/NPOTG/Blueprints/Charaktere/wolf.wolf_C:start the fight
	Function /Game/NPOTG/Blueprints/Charaktere/wolf.wolf_C:construct fight
	Function /Game/NPOTG/Blueprints/Charaktere/wolf.wolf_C:start the fight
	Function /Game/NPOTG/Blueprints/Charaktere/wolf.wolf_C:construct fight
	Function /Game/NPOTG/Blueprints/Charaktere/wolf.wolf_C:start the fight
	Function /Game/NPOTG/Blueprints/Charaktere/wolf.wolf_C:construct fight
	Function /Game/NPOTG/Blueprints/Charaktere/wolf.wolf_C:start the fight
	Function /Game/NPOTG/Blueprints/Charaktere/wolf.wolf_C:construct fight
	Function /Game/NPOTG/Blueprints/Charaktere/wolf.wolf_C:start the fight
	Function /Game/NPOTG/Blueprints/Charaktere/wolf.wolf_C:construct fight
	Function /Game/NPOTG/Blueprints/Charaktere/wolf.wolf_C:start the fight
	Function /Game/NPOTG/Blueprints/Charaktere/wolf.wolf_C:construct fight
	Function /Game/NPOTG/Blueprints/Charaktere/wolf.wolf_C:start the fight
	Function /Game/NPOTG/Blueprints/Charaktere/wolf.wolf_C:construct fight
	Function /Game/NPOTG/Blueprints/Charaktere/wolf.wolf_C:start the fight
	Function /Game/NPOTG/Blueprints/Charaktere/wolf.wolf_C:construct fight
	Function /Game/NPOTG/Blueprints/Charaktere/wolf.wolf_C:start the fight
	Function /Game/NPOTG/Blueprints/Charaktere/wolf.wolf_C:construct fight
	Function /Game/NPOTG/Blueprints/Charaktere/wolf.wolf_C:start the fight
	Function /Game/NPOTG/Blueprints/Charaktere/wolf.wolf_C:construct fight
	Function /Game/NPOTG/Blueprints/Charaktere/wolf.wolf_C:start the fight
	Function /Game/NPOTG/Blueprints/Charaktere/wolf.wolf_C:construct fight
	Function /Game/NPOTG/Blueprints/Charaktere/wolf.wolf_C:start the fight
	Function /Game/NPOTG/Blueprints/Charaktere/wolf.wolf_C:construct fight
	Function /Game/NPOTG/Blueprints/Charaktere/wolf.wolf_C:start the fight
	Function /Game/NPOTG/Blueprints/Charaktere/wolf.wolf_C:construct fight
	Function /Game/NPOTG/Blueprints/Charaktere/wolf.wolf_C:start the fight
	Function /Game/NPOTG/Blueprints/Charaktere/wolf.wolf_C:construct fight
	Function /Game/NPOTG/Blueprints/Charaktere/wolf.wolf_C:start the fight
	Function /Game/NPOTG/Blueprints/Charaktere/wolf.wolf_C:construct fight
	Function /Game/NPOTG/Blueprints/Charaktere/wolf.wolf_C:start the fight
	Function /Game/NPOTG/Blueprints/Charaktere/wolf.wolf_C:construct fight
	Function /Game/NPOTG/Blueprints/Charaktere/wolf.wolf_C:start the fight
	Function /Game/NPOTG/Blueprints/Charaktere/wolf.wolf_C:construct fight
	Function /Game/NPOTG/Blueprints/Charaktere/wolf.wolf_C:start the fight
	Function /Game/NPOTG/Blueprints/Charaktere/wolf.wolf_C:construct fight
	Function /Game/NPOTG/Blueprints/Charaktere/wolf.wolf_C:start the fight
	Function /Game/NPOTG/Blueprints/Charaktere/wolf.wolf_C:construct fight
	Function /Game/NPOTG/Blueprints/Charaktere/wolf.wolf_C:start the fight
	Function /Game/NPOTG/Blueprints/Charaktere/wolf.wolf_C:construct fight
	Function /Game/NPOTG/Blueprints/Charaktere/wolf.wolf_C:start the fight
	Function /Game/NPOTG/Blueprints/Charaktere/wolf.wolf_C:construct fight
	Function /Game/NPOTG/Blueprints/Charaktere/wolf.wolf_C:start the fight
	Function /Game/NPOTG/Blueprints/Charaktere/wolf.wolf_C:construct fight
	Function /Game/NPOTG/Blueprints/Charaktere/wolf.wolf_C:start the fight
	Function /Game/NPOTG/Blueprints/Charaktere/wolf.wolf_C:construct fight
	Function /Game/NPOTG/Blueprints/Charaktere/wolf.wolf_C:start the fight
	Function /Game/NPOTG/Blueprints/Charaktere/wolf.wolf_C:construct fight
	Function /Game/NPOTG/Blueprints/Charaktere/wolf.wolf_C:start the fight
	Function /Game/NPOTG/Blueprints/Charaktere/wolf.wolf_C:construct fight
	Function /Game/NPOTG/Blueprints/Charaktere/wolf.wolf_C:start the fight
	Function /Game/NPOTG/Blueprints/Charaktere/wolf.wolf_C:construct fight
	Function /Game/NPOTG/Blueprints/Charaktere/wolf.wolf_C:start the fight
	Function /Game/NPOTG/Blueprints/Charaktere/wolf.wolf_C:construct fight
	Function /Game/NPOTG/Blueprints/Charaktere/wolf.wolf_C:start the fight
	Function /Game/NPOTG/Blueprints/Charaktere/wolf.wolf_C:construct fight
	Function /Game/NPOTG/Blueprints/Charaktere/wolf.wolf_C:start the fight

[2015.09.23-17.38.15:876][630]LogScript:Warning: Infinite script recursion (250 calls) detected
	wolf_C /Temp/Autosaves/Game/NPOTG/Maps/UEDPCTesting_Level.Testing_Level:PersistentLevel.wolf_C_5
	Function /Game/NPOTG/Blueprints/Charaktere/wolf.wolf_C:start the fight:0000
[2015.09.23-17.38.25:360][218]Closing by request
[2015.09.23-17.38.25:360][218]LogWindows: FPlatformMisc::RequestExit(0)
[2015.09.23-17.38.25:680][219]LogWindowsTextInputMethodSystem:Display: IME system now deactivated.
[2015.09.23-17.38.25:680][219]LogWindowsTextInputMethodSystem:Display: IME system now deactivated.
[2015.09.23-17.38.25:687][219]LogExit: Preparing to exit.
[2015.09.23-17.38.25:820][219]LogExit: Game engine shut down
[2015.09.23-17.38.25:825][219]LogParticles: Destroying 0 GPU particle simulations for FXSystem 0x000000553EE5D120
[2015.09.23-17.38.25:979][219]LogExit: Object subsystem successfully closed.
[2015.09.23-17.38.25:996][219]LogD3D11RHI: Shutdown
[2015.09.23-17.38.25:996][219]LogD3D11RHI: CleanupD3DDevice
[2015.09.23-17.38.26:062][219]LogD3D11RHI: ~FD3D11DynamicRHI
[2015.09.23-17.38.26:073][219]LogModuleManager: Shutting down and abandoning module AndroidDeviceDetection (109)
[2015.09.23-17.38.26:484][219]LogModuleManager: Shutting down and abandoning module AutomationWorker (108)
[2015.09.23-17.38.26:484][219]LogModuleManager: Shutting down and abandoning module CharacterAI (107)
[2015.09.23-17.38.26:484][219]LogModuleManager: Shutting down and abandoning module AITestSuite (106)
[2015.09.23-17.38.26:484][219]LogModuleManager: Shutting down and abandoning module GameplayDebugger (105)
[2015.09.23-17.38.26:484][219]LogModuleManager: Shutting down and abandoning module AIModule (104)
[2015.09.23-17.38.26:484][219]LogModuleManager: Shutting down and abandoning module GameLiveStreaming (103)
[2015.09.23-17.38.26:484][219]LogModuleManager: Shutting down and abandoning module StreamingPauseRendering (102)
[2015.09.23-17.38.26:484][219]LogModuleManager: Shutting down and abandoning module ProfilerService (101)
[2015.09.23-17.38.26:619][219]LogModuleManager: Shutting down and abandoning module TaskGraph (100)
[2015.09.23-17.38.26:619][219]LogModuleManager: Shutting down and abandoning module SlateRemote (99)
[2015.09.23-17.38.26:619][219]LogModuleManager: Shutting down and abandoning module SteamVRController (98)
[2015.09.23-17.38.26:619][219]LogModuleManager: Shutting down and abandoning module SteamVR (97)
[2015.09.23-17.38.26:619][219]LogModuleManager: Shutting down and abandoning module ProceduralMeshComponent (96)
[2015.09.23-17.38.26:619][219]LogModuleManager: Shutting down and abandoning module OculusRift (95)
[2015.09.23-17.38.26:619][219]LogModuleManager: Shutting down and abandoning module LeapMotionController (94)
[2015.09.23-17.38.26:626][219]LogModuleManager: Shutting down and abandoning module CustomMeshComponent (93)
[2015.09.23-17.38.26:626][219]LogModuleManager: Shutting down and abandoning module CableComponent (92)
[2015.09.23-17.38.26:626][219]LogModuleManager: Shutting down and abandoning module DesktopPlatform (91)
[2015.09.23-17.38.26:626][219]LogModuleManager: Shutting down and abandoning module DirectoryWatcher (90)
[2015.09.23-17.38.26:626][219]LogModuleManager: Shutting down and abandoning module HotReload (89)
[2015.09.23-17.38.26:626][219]LogModuleManager: Shutting down and abandoning module VisualStudioSourceCodeAccess (88)
[2015.09.23-17.38.26:626][219]LogModuleManager: Shutting down and abandoning module UObjectPlugin (87)
[2015.09.23-17.38.26:626][219]LogModuleManager: Shutting down and abandoning module SubversionSourceControl (86)
[2015.09.23-17.38.26:626][219]LogModuleManager: Shutting down and abandoning module SourceControl (85)
[2015.09.23-17.38.26:626][219]LogModuleManager: Shutting down and abandoning module PerforceSourceControl (84)
[2015.09.23-17.38.26:626][219]LogModuleManager: Shutting down and abandoning module BlankPlugin (83)
[2015.09.23-17.38.26:626][219]LogModuleManager: Shutting down and abandoning module UdpMessaging (82)
[2015.09.23-17.38.26:626][219]LogModuleManager: Shutting down and abandoning module AssetRegistry (81)
[2015.09.23-17.38.26:626][219]LogModuleManager: Shutting down and abandoning module SubstanceCore (80)
[2015.09.23-17.38.26:626][219]LogModuleManager: Shutting down and abandoning module Paper2D (79)
[2015.09.23-17.38.26:626][219]LogModuleManager: Shutting down and abandoning module WindowsMoviePlayer (78)
[2015.09.23-17.38.26:629][219]LogModuleManager: Shutting down and abandoning module Media (77)
[2015.09.23-17.38.26:629][219]LogModuleManager: Shutting down and abandoning module WmfMedia (76)
[2015.09.23-17.38.26:629][219]LogModuleManager: Shutting down and abandoning module OnlineBlueprintSupport (75)
[2015.09.23-17.38.26:629][219]LogModuleManager: Shutting down and abandoning module PropertyEditor (74)
[2015.09.23-17.38.26:629][219]LogModuleManager: Shutting down and abandoning module BehaviorTreeEditor (73)
[2015.09.23-17.38.26:629][219]LogModuleManager: Shutting down and abandoning module FunctionalTesting (72)
[2015.09.23-17.38.26:629][219]LogModuleManager: Shutting down and abandoning module CollisionAnalyzer (71)
[2015.09.23-17.38.26:629][219]LogModuleManager: Shutting down and abandoning module WorkspaceMenuStructure (70)
[2015.09.23-17.38.26:629][219]LogModuleManager: Shutting down and abandoning module MessageLog (69)
[2015.09.23-17.38.26:629][219]LogModuleManager: Shutting down and abandoning module Sequencer (68)
[2015.09.23-17.38.26:629][219]LogModuleManager: Shutting down and abandoning module AssetTools (67)
[2015.09.23-17.38.26:629][219]LogModuleManager: Shutting down and abandoning module UMGEditor (66)
[2015.09.23-17.38.26:629][219]LogModuleManager: Shutting down and abandoning module UMG (65)
[2015.09.23-17.38.26:629][219]LogModuleManager: Shutting down and abandoning module Slate (64)
[2015.09.23-17.38.26:629][219]LogModuleManager: Shutting down and abandoning module EditorStyle (63)
[2015.09.23-17.38.26:632][219]LogModuleManager: Shutting down and abandoning module SessionServices (62)
[2015.09.23-17.38.26:632][219]LogModuleManager: Shutting down and abandoning module SourceCodeAccess (61)
[2015.09.23-17.38.26:632][219]LogModuleManager: Shutting down and abandoning module HeadMountedDisplay (60)
[2015.09.23-17.38.26:632][219]LogModuleManager: Shutting down and abandoning module XAudio2 (59)
[2015.09.23-17.38.26:632][219]LogModuleManager: Shutting down and abandoning module Networking (57)
[2015.09.23-17.38.26:632][219]LogModuleManager: Shutting down and abandoning module Core (56)
[2015.09.23-17.38.26:632][219]LogModuleManager: Shutting down and abandoning module KismetCompiler (55)
[2015.09.23-17.38.26:632][219]LogModuleManager: Shutting down and abandoning module PhysXFormats (54)
[2015.09.23-17.38.26:632][219]LogModuleManager: Shutting down and abandoning module MeshUtilities (53)
[2015.09.23-17.38.26:632][219]LogModuleManager: Shutting down and abandoning module DerivedDataCache (52)
[2015.09.23-17.38.27:130][219]LogDerivedDataCache: Shutdown
[2015.09.23-17.38.27:130][219]LogModuleManager: Shutting down and abandoning module ShaderFormatOpenGL (51)
[2015.09.23-17.38.27:130][219]LogModuleManager: Shutting down and abandoning module ShaderFormatD3D (50)
[2015.09.23-17.38.27:130][219]LogModuleManager: Shutting down and abandoning module MetalShaderFormat (49)
[2015.09.23-17.38.27:130][219]LogModuleManager: Shutting down and abandoning module TextureFormatUncompressed (48)
[2015.09.23-17.38.27:130][219]LogModuleManager: Shutting down and abandoning module TextureFormatPVR (47)
[2015.09.23-17.38.27:130][219]LogModuleManager: Shutting down and abandoning module TextureFormatIntelISPCTexComp (46)
[2015.09.23-17.38.27:130][219]LogModuleManager: Shutting down and abandoning module TextureFormatDXT (45)
[2015.09.23-17.38.27:130][219]LogModuleManager: Shutting down and abandoning module ImageWrapper (44)
[2015.09.23-17.38.27:130][219]LogModuleManager: Shutting down and abandoning module TextureFormatASTC (43)
[2015.09.23-17.38.27:130][219]LogModuleManager: Shutting down and abandoning module TextureFormatAndroid (42)
[2015.09.23-17.38.27:130][219]LogModuleManager: Shutting down and abandoning module AudioFormatOpus (41)
[2015.09.23-17.38.27:130][219]LogModuleManager: Shutting down and abandoning module AudioFormatOgg (40)
[2015.09.23-17.38.27:130][219]LogModuleManager: Shutting down and abandoning module AudioFormatADPCM (39)
[2015.09.23-17.38.27:130][219]LogModuleManager: Shutting down and abandoning module LinuxTargetPlatform (38)
[2015.09.23-17.38.27:130][219]LogModuleManager: Shutting down and abandoning module LinuxServerTargetPlatform (37)
[2015.09.23-17.38.27:130][219]LogModuleManager: Shutting down and abandoning module LinuxNoEditorTargetPlatform (36)
[2015.09.23-17.38.27:130][219]LogModuleManager: Shutting down and abandoning module Messaging (35)
[2015.09.23-17.38.27:130][219]LogModuleManager: Shutting down and abandoning module IOSTargetPlatform (34)
[2015.09.23-17.38.27:130][219]LogModuleManager: Shutting down and abandoning module HTML5TargetPlatform (33)
[2015.09.23-17.38.27:130][219]LogModuleManager: Shutting down and abandoning module Android_PVRTCTargetPlatform (32)
[2015.09.23-17.38.27:130][219]LogModuleManager: Shutting down and abandoning module Android_ETC2TargetPlatform (31)
[2015.09.23-17.38.27:130][219]LogModuleManager: Shutting down and abandoning module Android_ETC1TargetPlatform (30)
[2015.09.23-17.38.27:130][219]LogModuleManager: Shutting down and abandoning module Android_DXTTargetPlatform (29)
[2015.09.23-17.38.27:130][219]LogModuleManager: Shutting down and abandoning module Android_ATCTargetPlatform (28)
[2015.09.23-17.38.27:130][219]LogModuleManager: Shutting down and abandoning module Android_ASTCTargetPlatform (27)
[2015.09.23-17.38.27:130][219]LogModuleManager: Shutting down and abandoning module AndroidTargetPlatform (26)
[2015.09.23-17.38.27:130][219]LogModuleManager: Shutting down and abandoning module WindowsTargetPlatform (25)
[2015.09.23-17.38.27:130][219]LogModuleManager: Shutting down and abandoning module WindowsServerTargetPlatform (24)
[2015.09.23-17.38.27:130][219]LogModuleManager: Shutting down and abandoning module WindowsNoEditorTargetPlatform (23)
[2015.09.23-17.38.27:130][219]LogModuleManager: Shutting down and abandoning module WindowsClientTargetPlatform (22)
[2015.09.23-17.38.27:130][219]LogModuleManager: Shutting down and abandoning module DesktopTargetPlatform (21)
[2015.09.23-17.38.27:130][219]LogModuleManager: Shutting down and abandoning module TargetPlatform (20)
[2015.09.23-17.38.27:130][219]LogModuleManager: Shutting down and abandoning module InputCore (19)
[2015.09.23-17.38.27:130][219]LogModuleManager: Shutting down and abandoning module Settings (18)
[2015.09.23-17.38.27:130][219]LogModuleManager: Shutting down and abandoning module OnlineSubsystem (16)
[2015.09.23-17.38.27:130][219]LogModuleManager: Shutting down and abandoning module HTTP (15)
[2015.09.23-17.38.27:130][219]LogModuleManager: Shutting down and abandoning module ExampleDeviceProfileSelector (14)
[2015.09.23-17.38.27:130][219]LogModuleManager: Shutting down and abandoning module TextureCompressor (13)
[2015.09.23-17.38.27:130][219]LogModuleManager: Shutting down and abandoning module ShaderCore (12)
[2015.09.23-17.38.27:130][219]LogModuleManager: Shutting down and abandoning module Landscape (11)
[2015.09.23-17.38.27:130][219]LogModuleManager: Shutting down and abandoning module SlateRHIRenderer (10)
[2015.09.23-17.38.27:131][219]LogModuleManager: Shutting down and abandoning module OpenGLDrv (9)
[2015.09.23-17.38.27:131][219]LogModuleManager: Shutting down and abandoning module D3D11RHI (8)
[2015.09.23-17.38.27:131][219]LogModuleManager: Shutting down and abandoning module Renderer (7)
[2015.09.23-17.38.27:131][219]LogModuleManager: Shutting down and abandoning module Engine (6)
[2015.09.23-17.38.27:131][219]LogModuleManager: Shutting down and abandoning module CoreUObject (5)
[2015.09.23-17.38.27:131][219]LogModuleManager: Shutting down and abandoning module NetworkFile (4)
[2015.09.23-17.38.27:131][219]LogModuleManager: Shutting down and abandoning module StreamingFile (3)
[2015.09.23-17.38.27:131][219]LogModuleManager: Shutting down and abandoning module SandboxFile (2)
[2015.09.23-17.38.27:131][219]LogModuleManager: Shutting down and abandoning module PakFile (1)
[2015.09.23-17.38.27:132][219]LogExit: Exiting.
[2015.09.23-17.38.27:133][219]Log file closed, 09/23/15 19:38:27
