[2015.09.23-16.57.07:307][  0]Log file open, 09/23/15 18:57:07
[2015.09.23-16.57.07:307][  0]LogInit:Display: Running engine for game: NotPartofGame
[2015.09.23-16.57.07:307][  0]LogInit:Display: RandInit(-1061078833) SRandInit(-1061078832).
[2015.09.23-16.57.07:307][  0]LogTaskGraph: Started task graph with 4 named threads and 7 total threads.
[2015.09.23-16.57.07:307][  0]LogStats: Stats thread started
[2015.09.23-16.57.07:307][  0]LogInit: Version: 4.8.3-2634408+++depot+UE4-Releases+4.8
[2015.09.23-16.57.07:307][  0]LogInit: API Version: 2579680
[2015.09.23-16.57.07:307][  0]LogInit: Compiled (64-bit): Jul 27 2015 16:24:33
[2015.09.23-16.57.07:307][  0]LogInit: Compiled with Visual C++: 18.00.21005.01
[2015.09.23-16.57.07:307][  0]LogInit: Build Configuration: Development
[2015.09.23-16.57.07:307][  0]LogInit: Branch Name: ++depot+UE4-Releases+4.8
[2015.09.23-16.57.07:307][  0]LogInit: Command line:  /Temp/Autosaves/Game/NPOTG/Maps/UEDPCTesting_Level -game -PIEVIACONSOLE -ResX=1280 -ResY=720  -Multiprocess 
[2015.09.23-16.57.07:307][  0]LogInit: Base directory: C:/Users/Bodoo/Documents/Programmieren/4.8/Engine/Binaries/Win64/
[2015.09.23-16.57.07:307][  0]LogInit: Rocket: 1
[2015.09.23-16.57.07:328][  0]LogInit: Using libcurl 7.41.0
[2015.09.23-16.57.07:328][  0]LogInit:  - built for x86_64-pc-win32
[2015.09.23-16.57.07:328][  0]LogInit:  - supports SSL with WinSSL
[2015.09.23-16.57.07:328][  0]LogInit:  - other features:
[2015.09.23-16.57.07:328][  0]LogInit:      CURL_VERSION_SSL
[2015.09.23-16.57.07:328][  0]LogInit:      CURL_VERSION_IPV6
[2015.09.23-16.57.07:328][  0]LogInit:      CURL_VERSION_ASYNCHDNS
[2015.09.23-16.57.07:328][  0]LogInit:      CURL_VERSION_LARGEFILE
[2015.09.23-16.57.07:328][  0]LogInit:      CURL_VERSION_IDN
[2015.09.23-16.57.07:328][  0]LogInit:  CurlRequestOptions (configurable via config and command line):
[2015.09.23-16.57.07:328][  0]LogInit:  - bVerifyPeer = true  - Libcurl will verify peer certificate
[2015.09.23-16.57.07:328][  0]LogInit:  - bUseHttpProxy = false  - Libcurl will NOT use HTTP proxy
[2015.09.23-16.57.07:328][  0]LogInit:  - bDontReuseConnections = false  - Libcurl will reuse connections
[2015.09.23-16.57.07:328][  0]LogInit:  - CertBundlePath = nullptr  - Libcurl will use whatever was configured at build time.
[2015.09.23-16.57.07:341][  0]LogOnline:Warning: No default platform service specified for OnlineSubsystem
[2015.09.23-16.57.07:357][  0]LogInit: Presizing for 0 objects not considered by GC, pre-allocating 0 bytes.
[2015.09.23-16.57.07:365][  0]LogInit: Object subsystem initialized
[2015.09.23-16.57.07:366][  0]LogConsoleResponse:Warning: Skipping Unknown console variable: 'UIScaleCurve = (EditorCurveData=(Keys=((Time=480.000000,Value=0.444000),(Time=720.000000,Value=0.666000),(Time=1080.000000,Value=1.000000),(Time=8640.000000,Value=8.000000))),ExternalCurve=None)'
[2015.09.23-16.57.07:366][  0]LogConsoleResponse:Warning:   Found in ini file 'C:/Users/Bodoo/Documents/Programmieren/Projekte/NotPartofTheGame/Saved/Config/Windows/Engine.ini', in section '[/Script/Engine.RendererSettings]'
[2015.09.23-16.57.07:367][  0]LogConsoleManager:Warning: Console variable 'r.MSAA.CompositingSampleCount' wasn't set ('Scalability' has a lower priority than 'ProjectSetting')
[2015.09.23-16.57.07:367][  0]LogInit: Selected Device Profile: [Windows]
[2015.09.23-16.57.07:367][  0]LogInit: Applying CVar settings loaded from the selected device profile: [Windows]
[2015.09.23-16.57.07:370][  0]LogInit: Computer: DESKTOP-GLF6O4V
[2015.09.23-16.57.07:370][  0]LogInit: User: Bodoo
[2015.09.23-16.57.07:370][  0]LogInit: CPU Page size=4096, Cores=4
[2015.09.23-16.57.07:370][  0]LogInit: High frequency timer resolution =3.215354 MHz
[2015.09.23-16.57.07:370][  0]LogMemory: Memory total: Physical=12.0GB (12GB approx)
[2015.09.23-16.57.07:370][  0]LogMemory: Platform Memory Stats for Windows
[2015.09.23-16.57.07:370][  0]LogMemory: Process Physical Memory: 51.29 MB used, 51.29 MB peak
[2015.09.23-16.57.07:370][  0]LogMemory: Process Virtual Memory: 22.75 MB used, 22.75 MB peak
[2015.09.23-16.57.07:370][  0]LogMemory: Physical Memory: 2645.08 MB used, 12270.45 MB total
[2015.09.23-16.57.07:370][  0]LogMemory: Virtual Memory: 310.63 MB used, 134217728.00 MB total
[2015.09.23-16.57.07:399][  0]LogTextLocalizationManager: The requested culture ('de_DE') has no localization data; falling back to 'en' for localization and internationalization data.
[2015.09.23-16.57.07:642][  0]LogTextLocalizationManager:Warning: Loaded localization resources contain conflicting entries for (Namespace:ContentBrowser, Key:ImportAssetToolTip):
Localization Resource: (C:/Users/Bodoo/Documents/Programmieren/4.8/Engine/Content/Localization/Editor/en/Editor.locres) Source String Hash: (-630476809) Localized String: (Import to {0}...)
Localization Resource: (C:/Users/Bodoo/Documents/Programmieren/4.8/Engine/Content/Localization/Editor/en/Editor.locres) Source String Hash: (1271782899) Localized String: (Imports an asset from file to this folder.)
[2015.09.23-16.57.07:979][  0]LogD3D11RHI: Found D3D11 adapter 0: AMD Radeon HD 6800 Series (Feature Level 11_0)
[2015.09.23-16.57.07:979][  0]LogD3D11RHI: Adapter has 1011MB of dedicated video memory, 0MB of dedicated system memory, and 3840MB of shared system memory, 1 output[s]
[2015.09.23-16.57.07:980][  0]LogD3D11RHI: Found D3D11 adapter 1: Microsoft Basic Render Driver (Feature Level 11_0)
[2015.09.23-16.57.07:980][  0]LogD3D11RHI: Adapter has 0MB of dedicated video memory, 0MB of dedicated system memory, and 6135MB of shared system memory, 0 output[s]
[2015.09.23-16.57.07:980][  0]LogD3D11RHI: Chosen D3D11 Adapter Id = 0
[2015.09.23-16.57.07:983][  0]LogD3D11RHI: InitD3DDevice
[2015.09.23-16.57.07:983][  0]LogD3D11RHI: !Direct3DDevice
[2015.09.23-16.57.07:983][  0]LogRHI: Texture pool is 708 MB (70% of 1011 MB)
[2015.09.23-16.57.07:989][  0]LogD3D11RHI: Async texture creation disabled: no driver support
[2015.09.23-16.57.08:000][  0]LogShaderCompilers:Display: Using Local Shader Compiler.
[2015.09.23-16.57.08:785][  0]LogTemp:Display: Loaded TP DesktopTargetPlatform
[2015.09.23-16.57.08:799][  0]LogTemp:Display: Loaded TP WindowsClientTargetPlatform
[2015.09.23-16.57.08:814][  0]LogTemp:Display: Loaded TP WindowsNoEditorTargetPlatform
[2015.09.23-16.57.08:828][  0]LogTemp:Display: Loaded TP WindowsServerTargetPlatform
[2015.09.23-16.57.08:843][  0]LogTemp:Display: Loaded TP WindowsTargetPlatform
[2015.09.23-16.57.08:856][  0]LogTemp:Display: Loaded TP AndroidTargetPlatform
[2015.09.23-16.57.08:868][  0]LogTemp:Display: Loaded TP Android_ASTCTargetPlatform
[2015.09.23-16.57.08:881][  0]LogTemp:Display: Loaded TP Android_ATCTargetPlatform
[2015.09.23-16.57.08:893][  0]LogTemp:Display: Loaded TP Android_DXTTargetPlatform
[2015.09.23-16.57.08:905][  0]LogTemp:Display: Loaded TP Android_ETC1TargetPlatform
[2015.09.23-16.57.08:919][  0]LogTemp:Display: Loaded TP Android_ETC2TargetPlatform
[2015.09.23-16.57.08:932][  0]LogTemp:Display: Loaded TP Android_PVRTCTargetPlatform
[2015.09.23-16.57.08:980][  0]LogTemp:Display: Loaded TP IOSTargetPlatform
[2015.09.23-16.57.08:991][  0]LogTemp:Display: Loaded TP LinuxNoEditorTargetPlatform
[2015.09.23-16.57.09:003][  0]LogTemp:Display: Loaded TP LinuxServerTargetPlatform
[2015.09.23-16.57.09:017][  0]LogTemp:Display: Loaded TP LinuxTargetPlatform
[2015.09.23-16.57.09:018][  0]LogTargetPlatformManager:Display: Building Assets For Windows
[2015.09.23-16.57.09:214][  0]LogDerivedDataCache:Display: Max Cache Size: 512 MB
[2015.09.23-16.57.09:289][  0]LogDerivedDataCache: Loaded boot cache 0.07s 53MB C:/Users/Bodoo/AppData/Local/UnrealEngine/4.8/DerivedDataCache/Boot.ddc.
[2015.09.23-16.57.09:289][  0]LogDerivedDataCache:Display: Loaded Boot cache: C:/Users/Bodoo/AppData/Local/UnrealEngine/4.8/DerivedDataCache/Boot.ddc
[2015.09.23-16.57.09:289][  0]LogDerivedDataCache: FDerivedDataBackendGraph:  Pak pak cache file ../../../../Projekte/NotPartofTheGame/DerivedDataCache/DDC.ddp not found, will not use a pak cache.
[2015.09.23-16.57.09:289][  0]LogDerivedDataCache: Unable to find inner node Pak for hierarchical cache Hierarchy.
[2015.09.23-16.57.09:289][  0]LogDerivedDataCache: FDerivedDataBackendGraph:  CompressedPak pak cache file ../../../../Projekte/NotPartofTheGame/DerivedDataCache/Compressed.ddp not found, will not use a pak cache.
[2015.09.23-16.57.09:289][  0]LogDerivedDataCache: Unable to find inner node CompressedPak for hierarchical cache Hierarchy.
[2015.09.23-16.57.09:437][  0]LogDerivedDataCache:Display: Pak cache opened for reading ../../../Engine/DerivedDataCache/Compressed.ddp.
[2015.09.23-16.57.09:449][  0]LogDerivedDataCache: Using Local data cache path C:/Users/Bodoo/AppData/Local/UnrealEngine/Common/DerivedDataCache: Writable
[2015.09.23-16.57.09:681][  0]LogInit: Selected Device Profile: [Windows]
[2015.09.23-16.57.09:765][  0]ImportText (ComponentSweepMultiTests): Missing closing parenthesis: (RootShapeAsset="/Engine/BasicShapes/Cube.Cube",ShapeType="TriggerCapsule",HitResult=(Time=0.50,Location=(X=-100.000015,Y=0.0,Z=100.000015),ImpactPoint=(X=-50.0,Y=0.0,Z=50.0),Normal=(X=-1.0,Y=-0.0,Z=0.0),ImpactNormal=(X=0.0,Y=0.0,Z=1.0),TraceStart=(X=-200.0,Y=0.0,Z=200.0),TraceEnd=(X=0.0,Y=0.0,Z=0.0))
[2015.09.23-16.57.09:765][  0]ImportText (LineTraceSingleByChannelTests): Missing closing parenthesis: (RootShapeAsset="/Engine/BasicShapes/Cube.Cube",HitResult=(Time=0.50,Location=(X=-100.000015,Y=0.0,Z=100.000015),ImpactPoint=(X=-50.0,Y=0.0,Z=50.0),Normal=(X=-1.0,Y=-0.0,Z=0.0),ImpactNormal=(X=0.0,Y=0.0,Z=1.0),TraceStart=(X=-200.0,Y=0.0,Z=200.0),TraceEnd=(X=0.0,Y=0.0,Z=0.0))
[2015.09.23-16.57.09:792][  0]LogMeshUtilities: No automatic mesh reduction module available
[2015.09.23-16.57.09:792][  0]LogMeshUtilities: No automatic mesh merging module available
[2015.09.23-16.57.10:084][  0]LogInit: WinSock: version 1.1 (2.2), MaxSocks=32767, MaxUdp=65467
[2015.09.23-16.57.10:514][  0]LogD3D11RHI: InitD3DDevice
[2015.09.23-16.57.10:518][  0]LogWindowsMoviePlayer: Unable to load movie: ../../../../Projekte/NotPartofTheGame/Content/Movies/Default_Startup.mp4
[2015.09.23-16.57.10:657][  0]LogAssetRegistry: FAssetRegistry took 0.0001 seconds to start up
[2015.09.23-16.57.10:701][  0]SourceControl: Info Source control is disabled
[2015.09.23-16.57.10:701][  0]SourceControl: Info Source control is disabled
[2015.09.23-16.57.10:710][  0]SourceControl: Info Source control is disabled
[2015.09.23-16.57.10:888][  0]LogObj: 25913 objects as part of root set at end of initial load.
[2015.09.23-16.57.10:888][  0]LogUObjectAllocator: 5218488 out of 0 bytes used by permanent object pool.
[2015.09.23-16.57.10:957][  0]LogAutomationTest:Warning: ERR: Transient text cannot be serialized "Testing Transient serialization detection".
[2015.09.23-16.57.10:957][  0]LogEngine: Initializing Engine...
[2015.09.23-16.57.10:959][  0]LogHMD: Can't find Oculus library dev build: is proper Runtime installed? Version: 0.6.0.0
[2015.09.23-16.57.10:960][  0]LogHMD:Warning: SteamVR failed to initialize.  Error: 110
[2015.09.23-16.57.11:050][  0]LogInit: XAudio2 using 'Lautsprecher (Realtek High Definition Audio)' : 2 channels at 48 kHz using 32 bits per sample (channel mask 0x3)
[2015.09.23-16.57.11:059][  0]LogInit: FAudioDevice initialized.
[2015.09.23-16.57.11:071][  0]LogInit: Texture streaming: Disabled
[2015.09.23-16.57.11:133][  0]LogNet: Browse: /Temp/Autosaves/Game/NPOTG/Maps/UEDPCTesting_Level?Name=Player
[2015.09.23-16.57.11:133][  0]LogLoad: LoadMap: /Temp/Autosaves/Game/NPOTG/Maps/UEDPCTesting_Level?Name=Player
[2015.09.23-16.57.11:144][  0]LogParticles: Destroying 0 GPU particle simulations for FXSystem 0x0000008B4F7CF560
[2015.09.23-16.57.11:152][  0]LogMemory: Platform Memory Stats for Windows
[2015.09.23-16.57.11:152][  0]LogMemory: Process Physical Memory: 336.82 MB used, 336.82 MB peak
[2015.09.23-16.57.11:152][  0]LogMemory: Process Virtual Memory: 373.05 MB used, 373.05 MB peak
[2015.09.23-16.57.11:152][  0]LogMemory: Physical Memory: 2880.39 MB used, 12270.45 MB total
[2015.09.23-16.57.11:152][  0]LogMemory: Virtual Memory: 890.00 MB used, 134217728.00 MB total
[2015.09.23-16.57.11:152][  0]LogMemory: 
[2015.09.23-16.57.11:152][  0]Allocator Stats for TBB: (not implemented)
[2015.09.23-16.57.11:447][  0]LogProperty:Warning: ERR: Transient text cannot be serialized "ReturnValue Z".
[2015.09.23-16.57.11:447][  0]LogProperty:Warning: ERR: Transient text cannot be serialized "ReturnValue Y".
[2015.09.23-16.57.11:447][  0]LogProperty:Warning: ERR: Transient text cannot be serialized "ReturnValue X".
[2015.09.23-16.57.11:772][  0]LogProperty:Warning: ERR: Transient text cannot be serialized "ReturnValue Z".
[2015.09.23-16.57.11:772][  0]LogProperty:Warning: ERR: Transient text cannot be serialized "ReturnValue Y".
[2015.09.23-16.57.11:772][  0]LogProperty:Warning: ERR: Transient text cannot be serialized "ReturnValue X".
[2015.09.23-16.57.12:141][  0]LogProperty:Warning: ERR: Transient text cannot be serialized "NewRotation Roll".
[2015.09.23-16.57.12:141][  0]LogProperty:Warning: ERR: Transient text cannot be serialized "NewRotation Yaw".
[2015.09.23-16.57.12:141][  0]LogProperty:Warning: ERR: Transient text cannot be serialized "NewRotation Pitch".
[2015.09.23-16.57.12:141][  0]LogProperty:Warning: ERR: Transient text cannot be serialized "NewRotation Roll".
[2015.09.23-16.57.12:141][  0]LogProperty:Warning: ERR: Transient text cannot be serialized "NewRotation Yaw".
[2015.09.23-16.57.12:141][  0]LogProperty:Warning: ERR: Transient text cannot be serialized "NewRotation Pitch".
[2015.09.23-16.57.12:145][  0]LogProperty:Warning: ERR: Transient text cannot be serialized "ReturnValue Z".
[2015.09.23-16.57.12:145][  0]LogProperty:Warning: ERR: Transient text cannot be serialized "ReturnValue Y".
[2015.09.23-16.57.12:145][  0]LogProperty:Warning: ERR: Transient text cannot be serialized "ReturnValue X".
[2015.09.23-16.57.12:204][  0]LogProperty:Warning: ERR: Transient text cannot be serialized "NewRotation Roll".
[2015.09.23-16.57.12:204][  0]LogProperty:Warning: ERR: Transient text cannot be serialized "NewRotation Yaw".
[2015.09.23-16.57.12:204][  0]LogProperty:Warning: ERR: Transient text cannot be serialized "NewRotation Pitch".
[2015.09.23-16.57.12:204][  0]LogProperty:Warning: ERR: Transient text cannot be serialized "NewRotation Roll".
[2015.09.23-16.57.12:204][  0]LogProperty:Warning: ERR: Transient text cannot be serialized "NewRotation Yaw".
[2015.09.23-16.57.12:204][  0]LogProperty:Warning: ERR: Transient text cannot be serialized "NewRotation Pitch".
[2015.09.23-16.57.12:209][  0]LogProperty:Warning: ERR: Transient text cannot be serialized "ReturnValue Z".
[2015.09.23-16.57.12:209][  0]LogProperty:Warning: ERR: Transient text cannot be serialized "ReturnValue Y".
[2015.09.23-16.57.12:209][  0]LogProperty:Warning: ERR: Transient text cannot be serialized "ReturnValue X".
[2015.09.23-16.57.13:419][  0]LogAIModule: Creating AISystem for world Testing_Level
[2015.09.23-16.57.13:419][  0]LogWorld: Game class is '2DSideScrollerGameMode_C'
[2015.09.23-16.57.13:510][  0]LogWorld: Bringing World /Temp/Autosaves/Game/NPOTG/Maps/UEDPCTesting_Level.Testing_Level up for play (max tick rate 0) at 2015.09.23-18.57.13
[2015.09.23-16.57.13:526][  0]LogWorld: Bringing up level for play took: 0.104459
[2015.09.23-16.57.13:530][  0]LogInit:Display: Game Engine Initialized.
[2015.09.23-16.57.13:753][  0]LogLoad: Full Startup: 8.05 seconds (BP compile: 1.16 seconds)
[2015.09.23-16.57.13:770][  0]LogWindowsTextInputMethodSystem:Display: IME system now deactivated.
[2015.09.23-16.57.13:770][  0]LogWindowsTextInputMethodSystem:Display: IME system now deactivated.
[2015.09.23-16.57.13:773][  0]LogContentStreaming: Texture pool size is 1000.000000MB
[2015.09.23-16.57.13:903][  0]LogRenderer: Reallocating scene render targets to support 1280x720 (Frame:2).
[2015.09.23-16.57.14:027][  1]LogScript:Warning: Accessed None 'PointA'
	wolf_C /Temp/Autosaves/Game/NPOTG/Maps/UEDPCTesting_Level.Testing_Level:PersistentLevel.wolf_C_8
	Function /Game/NPOTG/Blueprints/Charaktere/wolf.wolf_C:ExecuteUbergraph_wolf:042F
[2015.09.23-16.57.14:027][  1]LogScript:Warning: Accessed None 'PointB'
	wolf_C /Temp/Autosaves/Game/NPOTG/Maps/UEDPCTesting_Level.Testing_Level:PersistentLevel.wolf_C_8
	Function /Game/NPOTG/Blueprints/Charaktere/wolf.wolf_C:ExecuteUbergraph_wolf:045A
[2015.09.23-16.57.14:043][  2]LogScript:Warning: Accessed None 'PointA'
	wolf_C /Temp/Autosaves/Game/NPOTG/Maps/UEDPCTesting_Level.Testing_Level:PersistentLevel.wolf_C_8
	Function /Game/NPOTG/Blueprints/Charaktere/wolf.wolf_C:ExecuteUbergraph_wolf:042F
[2015.09.23-16.57.14:043][  2]LogScript:Warning: Accessed None 'PointB'
	wolf_C /Temp/Autosaves/Game/NPOTG/Maps/UEDPCTesting_Level.Testing_Level:PersistentLevel.wolf_C_8
	Function /Game/NPOTG/Blueprints/Charaktere/wolf.wolf_C:ExecuteUbergraph_wolf:045A
[2015.09.23-16.57.14:062][  3]LogScript:Warning: Accessed None 'PointA'
	wolf_C /Temp/Autosaves/Game/NPOTG/Maps/UEDPCTesting_Level.Testing_Level:PersistentLevel.wolf_C_8
	Function /Game/NPOTG/Blueprints/Charaktere/wolf.wolf_C:ExecuteUbergraph_wolf:042F
[2015.09.23-16.57.14:062][  3]LogScript:Warning: Accessed None 'PointB'
	wolf_C /Temp/Autosaves/Game/NPOTG/Maps/UEDPCTesting_Level.Testing_Level:PersistentLevel.wolf_C_8
	Function /Game/NPOTG/Blueprints/Charaktere/wolf.wolf_C:ExecuteUbergraph_wolf:045A
[2015.09.23-16.57.14:078][  4]LogScript:Warning: Accessed None 'PointA'
	wolf_C /Temp/Autosaves/Game/NPOTG/Maps/UEDPCTesting_Level.Testing_Level:PersistentLevel.wolf_C_8
	Function /Game/NPOTG/Blueprints/Charaktere/wolf.wolf_C:ExecuteUbergraph_wolf:042F
[2015.09.23-16.57.14:078][  4]LogScript:Warning: Accessed None 'PointB'
	wolf_C /Temp/Autosaves/Game/NPOTG/Maps/UEDPCTesting_Level.Testing_Level:PersistentLevel.wolf_C_8
	Function /Game/NPOTG/Blueprints/Charaktere/wolf.wolf_C:ExecuteUbergraph_wolf:045A
[2015.09.23-16.57.14:094][  5]LogScript:Warning: Accessed None 'PointA'
	wolf_C /Temp/Autosaves/Game/NPOTG/Maps/UEDPCTesting_Level.Testing_Level:PersistentLevel.wolf_C_8
	Function /Game/NPOTG/Blueprints/Charaktere/wolf.wolf_C:ExecuteUbergraph_wolf:042F
[2015.09.23-16.57.14:094][  5]LogScript:Warning: Accessed None 'PointB'
	wolf_C /Temp/Autosaves/Game/NPOTG/Maps/UEDPCTesting_Level.Testing_Level:PersistentLevel.wolf_C_8
	Function /Game/NPOTG/Blueprints/Charaktere/wolf.wolf_C:ExecuteUbergraph_wolf:045A
[2015.09.23-16.57.14:110][  6]LogScript:Warning: Accessed None 'PointA'
	wolf_C /Temp/Autosaves/Game/NPOTG/Maps/UEDPCTesting_Level.Testing_Level:PersistentLevel.wolf_C_8
	Function /Game/NPOTG/Blueprints/Charaktere/wolf.wolf_C:ExecuteUbergraph_wolf:042F
[2015.09.23-16.57.14:110][  6]LogScript:Warning: Accessed None 'PointB'
	wolf_C /Temp/Autosaves/Game/NPOTG/Maps/UEDPCTesting_Level.Testing_Level:PersistentLevel.wolf_C_8
	Function /Game/NPOTG/Blueprints/Charaktere/wolf.wolf_C:ExecuteUbergraph_wolf:045A
[2015.09.23-16.57.14:126][  7]LogScript:Warning: Accessed None 'PointA'
	wolf_C /Temp/Autosaves/Game/NPOTG/Maps/UEDPCTesting_Level.Testing_Level:PersistentLevel.wolf_C_8
	Function /Game/NPOTG/Blueprints/Charaktere/wolf.wolf_C:ExecuteUbergraph_wolf:042F
[2015.09.23-16.57.14:126][  7]LogScript:Warning: Accessed None 'PointB'
	wolf_C /Temp/Autosaves/Game/NPOTG/Maps/UEDPCTesting_Level.Testing_Level:PersistentLevel.wolf_C_8
	Function /Game/NPOTG/Blueprints/Charaktere/wolf.wolf_C:ExecuteUbergraph_wolf:045A
[2015.09.23-16.57.14:143][  8]LogScript:Warning: Accessed None 'PointA'
	wolf_C /Temp/Autosaves/Game/NPOTG/Maps/UEDPCTesting_Level.Testing_Level:PersistentLevel.wolf_C_8
	Function /Game/NPOTG/Blueprints/Charaktere/wolf.wolf_C:ExecuteUbergraph_wolf:042F
[2015.09.23-16.57.14:143][  8]LogScript:Warning: Accessed None 'PointB'
	wolf_C /Temp/Autosaves/Game/NPOTG/Maps/UEDPCTesting_Level.Testing_Level:PersistentLevel.wolf_C_8
	Function /Game/NPOTG/Blueprints/Charaktere/wolf.wolf_C:ExecuteUbergraph_wolf:045A
[2015.09.23-16.57.14:159][  9]LogScript:Warning: Accessed None 'PointA'
	wolf_C /Temp/Autosaves/Game/NPOTG/Maps/UEDPCTesting_Level.Testing_Level:PersistentLevel.wolf_C_8
	Function /Game/NPOTG/Blueprints/Charaktere/wolf.wolf_C:ExecuteUbergraph_wolf:042F
[2015.09.23-16.57.23:749][603]LogScriptCore: Script call stack:
	Function /Game/NPOTG/Blueprints/Charaktere/wolf.wolf_C:BndEvt__see cone_K2Node_ComponentBoundEvent_90_ComponentBeginOverlapSignature__DelegateSignature
	Function /Game/NPOTG/Blueprints/Charaktere/wolf.wolf_C:ExecuteUbergraph_wolf
	Function /Game/NPOTG/Blueprints/Charaktere/wolf.wolf_C:start the fight
	Function /Game/NPOTG/Blueprints/Charaktere/wolf.wolf_C:construct fight
	Function /Game/NPOTG/Blueprints/Charaktere/wolf.wolf_C:start the fight
	Function /Game/NPOTG/Blueprints/Charaktere/wolf.wolf_C:construct fight
	Function /Game/NPOTG/Blueprints/Charaktere/wolf.wolf_C:start the fight
	Function /Game/NPOTG/Blueprints/Charaktere/wolf.wolf_C:construct fight
	Function /Game/NPOTG/Blueprints/Charaktere/wolf.wolf_C:start the fight
	Function /Game/NPOTG/Blueprints/Charaktere/wolf.wolf_C:construct fight
	Function /Game/NPOTG/Blueprints/Charaktere/wolf.wolf_C:start the fight
	Function /Game/NPOTG/Blueprints/Charaktere/wolf.wolf_C:construct fight
	Function /Game/NPOTG/Blueprints/Charaktere/wolf.wolf_C:start the fight
	Function /Game/NPOTG/Blueprints/Charaktere/wolf.wolf_C:construct fight
	Function /Game/NPOTG/Blueprints/Charaktere/wolf.wolf_C:start the fight
	Function /Game/NPOTG/Blueprints/Charaktere/wolf.wolf_C:construct fight
	Function /Game/NPOTG/Blueprints/Charaktere/wolf.wolf_C:start the fight
	Function /Game/NPOTG/Blueprints/Charaktere/wolf.wolf_C:construct fight
	Function /Game/NPOTG/Blueprints/Charaktere/wolf.wolf_C:start the fight
	Function /Game/NPOTG/Blueprints/Charaktere/wolf.wolf_C:construct fight
	Function /Game/NPOTG/Blueprints/Charaktere/wolf.wolf_C:start the fight
	Function /Game/NPOTG/Blueprints/Charaktere/wolf.wolf_C:construct fight
	Function /Game/NPOTG/Blueprints/Charaktere/wolf.wolf_C:start the fight
	Function /Game/NPOTG/Blueprints/Charaktere/wolf.wolf_C:construct fight
	Function /Game/NPOTG/Blueprints/Charaktere/wolf.wolf_C:start the fight
	Function /Game/NPOTG/Blueprints/Charaktere/wolf.wolf_C:construct fight
	Function /Game/NPOTG/Blueprints/Charaktere/wolf.wolf_C:start the fight
	Function /Game/NPOTG/Blueprints/Charaktere/wolf.wolf_C:construct fight
	Function /Game/NPOTG/Blueprints/Charaktere/wolf.wolf_C:start the fight
	Function /Game/NPOTG/Blueprints/Charaktere/wolf.wolf_C:construct fight
	Function /Game/NPOTG/Blueprints/Charaktere/wolf.wolf_C:start the fight
	Function /Game/NPOTG/Blueprints/Charaktere/wolf.wolf_C:construct fight
	Function /Game/NPOTG/Blueprints/Charaktere/wolf.wolf_C:start the fight
	Function /Game/NPOTG/Blueprints/Charaktere/wolf.wolf_C:construct fight
	Function /Game/NPOTG/Blueprints/Charaktere/wolf.wolf_C:start the fight
	Function /Game/NPOTG/Blueprints/Charaktere/wolf.wolf_C:construct fight
	Function /Game/NPOTG/Blueprints/Charaktere/wolf.wolf_C:start the fight
	Function /Game/NPOTG/Blueprints/Charaktere/wolf.wolf_C:construct fight
	Function /Game/NPOTG/Blueprints/Charaktere/wolf.wolf_C:start the fight
	Function /Game/NPOTG/Blueprints/Charaktere/wolf.wolf_C:construct fight
	Function /Game/NPOTG/Blueprints/Charaktere/wolf.wolf_C:start the fight
	Function /Game/NPOTG/Blueprints/Charaktere/wolf.wolf_C:construct fight
	Function /Game/NPOTG/Blueprints/Charaktere/wolf.wolf_C:start the fight
	Function /Game/NPOTG/Blueprints/Charaktere/wolf.wolf_C:construct fight
	Function /Game/NPOTG/Blueprints/Charaktere/wolf.wolf_C:start the fight
	Function /Game/NPOTG/Blueprints/Charaktere/wolf.wolf_C:construct fight
	Function /Game/NPOTG/Blueprints/Charaktere/wolf.wolf_C:start the fight
	Function /Game/NPOTG/Blueprints/Charaktere/wolf.wolf_C:construct fight
	Function /Game/NPOTG/Blueprints/Charaktere/wolf.wolf_C:start the fight
	Function /Game/NPOTG/Blueprints/Charaktere/wolf.wolf_C:construct fight
	Function /Game/NPOTG/Blueprints/Charaktere/wolf.wolf_C:start the fight
	Function /Game/NPOTG/Blueprints/Charaktere/wolf.wolf_C:construct fight
	Function /Game/NPOTG/Blueprints/Charaktere/wolf.wolf_C:start the fight
	Function /Game/NPOTG/Blueprints/Charaktere/wolf.wolf_C:construct fight
	Function /Game/NPOTG/Blueprints/Charaktere/wolf.wolf_C:start the fight
	Function /Game/NPOTG/Blueprints/Charaktere/wolf.wolf_C:construct fight
	Function /Game/NPOTG/Blueprints/Charaktere/wolf.wolf_C:start the fight
	Function /Game/NPOTG/Blueprints/Charaktere/wolf.wolf_C:construct fight
	Function /Game/NPOTG/Blueprints/Charaktere/wolf.wolf_C:start the fight
	Function /Game/NPOTG/Blueprints/Charaktere/wolf.wolf_C:construct fight
	Function /Game/NPOTG/Blueprints/Charaktere/wolf.wolf_C:start the fight
	Function /Game/NPOTG/Blueprints/Charaktere/wolf.wolf_C:construct fight
	Function /Game/NPOTG/Blueprints/Charaktere/wolf.wolf_C:start the fight
	Function /Game/NPOTG/Blueprints/Charaktere/wolf.wolf_C:construct fight
	Function /Game/NPOTG/Blueprints/Charaktere/wolf.wolf_C:start the fight
	Function /Game/NPOTG/Blueprints/Charaktere/wolf.wolf_C:construct fight
	Function /Game/NPOTG/Blueprints/Charaktere/wolf.wolf_C:start the fight
	Function /Game/NPOTG/Blueprints/Charaktere/wolf.wolf_C:construct fight
	Function /Game/NPOTG/Blueprints/Charaktere/wolf.wolf_C:start the fight
	Function /Game/NPOTG/Blueprints/Charaktere/wolf.wolf_C:construct fight
	Function /Game/NPOTG/Blueprints/Charaktere/wolf.wolf_C:start the fight
	Function /Game/NPOTG/Blueprints/Charaktere/wolf.wolf_C:construct fight
	Function /Game/NPOTG/Blueprints/Charaktere/wolf.wolf_C:start the fight
	Function /Game/NPOTG/Blueprints/Charaktere/wolf.wolf_C:construct fight
	Function /Game/NPOTG/Blueprints/Charaktere/wolf.wolf_C:start the fight
	Function /Game/NPOTG/Blueprints/Charaktere/wolf.wolf_C:construct fight
	Function /Game/NPOTG/Blueprints/Charaktere/wolf.wolf_C:start the fight
	Function /Game/NPOTG/Blueprints/Charaktere/wolf.wolf_C:construct fight
	Function /Game/NPOTG/Blueprints/Charaktere/wolf.wolf_C:start the fight
	Function /Game/NPOTG/Blueprints/Charaktere/wolf.wolf_C:construct fight
	Function /Game/NPOTG/Blueprints/Charaktere/wolf.wolf_C:start the fight
	Function /Game/NPOTG/Blueprints/Charaktere/wolf.wolf_C:construct fight
	Function /Game/NPOTG/Blueprints/Charaktere/wolf.wolf_C:start the fight
	Function /Game/NPOTG/Blueprints/Charaktere/wolf.wolf_C:construct fight
	Function /Game/NPOTG/Blueprints/Charaktere/wolf.wolf_C:start the fight
	Function /Game/NPOTG/Blueprints/Charaktere/wolf.wolf_C:construct fight
	Function /Game/NPOTG/Blueprints/Charaktere/wolf.wolf_C:start the fight
	Function /Game/NPOTG/Blueprints/Charaktere/wolf.wolf_C:construct fight
	Function /Game/NPOTG/Blueprints/Charaktere/wolf.wolf_C:start the fight
	Function /Game/NPOTG/Blueprints/Charaktere/wolf.wolf_C:construct fight
	Function /Game/NPOTG/Blueprints/Charaktere/wolf.wolf_C:start the fight
	Function /Game/NPOTG/Blueprints/Charaktere/wolf.wolf_C:construct fight
	Function /Game/NPOTG/Blueprints/Charaktere/wolf.wolf_C:start the fight
	Function /Game/NPOTG/Blueprints/Charaktere/wolf.wolf_C:construct fight
	Function /Game/NPOTG/Blueprints/Charaktere/wolf.wolf_C:start the fight
	Function /Game/NPOTG/Blueprints/Charaktere/wolf.wolf_C:construct fight
	Function /Game/NPOTG/Blueprints/Charaktere/wolf.wolf_C:start the fight
	Function /Game/NPOTG/Blueprints/Charaktere/wolf.wolf_C:construct fight
	Function /Game/NPOTG/Blueprints/Charaktere/wolf.wolf_C:start the fight
	Function /Game/NPOTG/Blueprints/Charaktere/wolf.wolf_C:construct fight
	Function /Game/NPOTG/Blueprints/Charaktere/wolf.wolf_C:start the fight
	Function /Game/NPOTG/Blueprints/Charaktere/wolf.wolf_C:construct fight
	Function /Game/NPOTG/Blueprints/Charaktere/wolf.wolf_C:start the fight
	Function /Game/NPOTG/Blueprints/Charaktere/wolf.wolf_C:construct fight
	Function /Game/NPOTG/Blueprints/Charaktere/wolf.wolf_C:start the fight
	Function /Game/NPOTG/Blueprints/Charaktere/wolf.wolf_C:construct fight
	Function /Game/NPOTG/Blueprints/Charaktere/wolf.wolf_C:start the fight
	Function /Game/NPOTG/Blueprints/Charaktere/wolf.wolf_C:construct fight
	Function /Game/NPOTG/Blueprints/Charaktere/wolf.wolf_C:start the fight
	Function /Game/NPOTG/Blueprints/Charaktere/wolf.wolf_C:construct fight
	Function /Game/NPOTG/Blueprints/Charaktere/wolf.wolf_C:start the fight
	Function /Game/NPOTG/Blueprints/Charaktere/wolf.wolf_C:construct fight
	Function /Game/NPOTG/Blueprints/Charaktere/wolf.wolf_C:start the fight
	Function /Game/NPOTG/Blueprints/Charaktere/wolf.wolf_C:construct fight
	Function /Game/NPOTG/Blueprints/Charaktere/wolf.wolf_C:start the fight
	Function /Game/NPOTG/Blueprints/Charaktere/wolf.wolf_C:construct fight
	Function /Game/NPOTG/Blueprints/Charaktere/wolf.wolf_C:start the fight
	Function /Game/NPOTG/Blueprints/Charaktere/wolf.wolf_C:construct fight
	Function /Game/NPOTG/Blueprints/Charaktere/wolf.wolf_C:start the fight
	Function /Game/NPOTG/Blueprints/Charaktere/wolf.wolf_C:construct fight
	Function /Game/NPOTG/Blueprints/Charaktere/wolf.wolf_C:start the fight
	Function /Game/NPOTG/Blueprints/Charaktere/wolf.wolf_C:construct fight
	Function /Game/NPOTG/Blueprints/Charaktere/wolf.wolf_C:start the fight
	Function /Game/NPOTG/Blueprints/Charaktere/wolf.wolf_C:construct fight
	Function /Game/NPOTG/Blueprints/Charaktere/wolf.wolf_C:start the fight
	Function /Game/NPOTG/Blueprints/Charaktere/wolf.wolf_C:construct fight
	Function /Game/NPOTG/Blueprints/Charaktere/wolf.wolf_C:start the fight
	Function /Game/NPOTG/Blueprints/Charaktere/wolf.wolf_C:construct fight
	Function /Game/NPOTG/Blueprints/Charaktere/wolf.wolf_C:start the fight
	Function /Game/NPOTG/Blueprints/Charaktere/wolf.wolf_C:construct fight
	Function /Game/NPOTG/Blueprints/Charaktere/wolf.wolf_C:start the fight
	Function /Game/NPOTG/Blueprints/Charaktere/wolf.wolf_C:construct fight
	Function /Game/NPOTG/Blueprints/Charaktere/wolf.wolf_C:start the fight
	Function /Game/NPOTG/Blueprints/Charaktere/wolf.wolf_C:construct fight
	Function /Game/NPOTG/Blueprints/Charaktere/wolf.wolf_C:start the fight
	Function /Game/NPOTG/Blueprints/Charaktere/wolf.wolf_C:construct fight
	Function /Game/NPOTG/Blueprints/Charaktere/wolf.wolf_C:start the fight
	Function /Game/NPOTG/Blueprints/Charaktere/wolf.wolf_C:construct fight
	Function /Game/NPOTG/Blueprints/Charaktere/wolf.wolf_C:start the fight
	Function /Game/NPOTG/Blueprints/Charaktere/wolf.wolf_C:construct fight
	Function /Game/NPOTG/Blueprints/Charaktere/wolf.wolf_C:start the fight
	Function /Game/NPOTG/Blueprints/Charaktere/wolf.wolf_C:construct fight
	Function /Game/NPOTG/Blueprints/Charaktere/wolf.wolf_C:start the fight
	Function /Game/NPOTG/Blueprints/Charaktere/wolf.wolf_C:construct fight
	Function /Game/NPOTG/Blueprints/Charaktere/wolf.wolf_C:start the fight
	Function /Game/NPOTG/Blueprints/Charaktere/wolf.wolf_C:construct fight
	Function /Game/NPOTG/Blueprints/Charaktere/wolf.wolf_C:start the fight
	Function /Game/NPOTG/Blueprints/Charaktere/wolf.wolf_C:construct fight
	Function /Game/NPOTG/Blueprints/Charaktere/wolf.wolf_C:start the fight
	Function /Game/NPOTG/Blueprints/Charaktere/wolf.wolf_C:construct fight
	Function /Game/NPOTG/Blueprints/Charaktere/wolf.wolf_C:start the fight
	Function /Game/NPOTG/Blueprints/Charaktere/wolf.wolf_C:construct fight
	Function /Game/NPOTG/Blueprints/Charaktere/wolf.wolf_C:start the fight
	Function /Game/NPOTG/Blueprints/Charaktere/wolf.wolf_C:construct fight
	Function /Game/NPOTG/Blueprints/Charaktere/wolf.wolf_C:start the fight
	Function /Game/NPOTG/Blueprints/Charaktere/wolf.wolf_C:construct fight
	Function /Game/NPOTG/Blueprints/Charaktere/wolf.wolf_C:start the fight
	Function /Game/NPOTG/Blueprints/Charaktere/wolf.wolf_C:construct fight
	Function /Game/NPOTG/Blueprints/Charaktere/wolf.wolf_C:start the fight
	Function /Game/NPOTG/Blueprints/Charaktere/wolf.wolf_C:construct fight
	Function /Game/NPOTG/Blueprints/Charaktere/wolf.wolf_C:start the fight
	Function /Game/NPOTG/Blueprints/Charaktere/wolf.wolf_C:construct fight
	Function /Game/NPOTG/Blueprints/Charaktere/wolf.wolf_C:start the fight
	Function /Game/NPOTG/Blueprints/Charaktere/wolf.wolf_C:construct fight
	Function /Game/NPOTG/Blueprints/Charaktere/wolf.wolf_C:start the fight
	Function /Game/NPOTG/Blueprints/Charaktere/wolf.wolf_C:construct fight
	Function /Game/NPOTG/Blueprints/Charaktere/wolf.wolf_C:start the fight
	Function /Game/NPOTG/Blueprints/Charaktere/wolf.wolf_C:construct fight
	Function /Game/NPOTG/Blueprints/Charaktere/wolf.wolf_C:start the fight
	Function /Game/NPOTG/Blueprints/Charaktere/wolf.wolf_C:construct fight
	Function /Game/NPOTG/Blueprints/Charaktere/wolf.wolf_C:start the fight
	Function /Game/NPOTG/Blueprints/Charaktere/wolf.wolf_C:construct fight
	Function /Game/NPOTG/Blueprints/Charaktere/wolf.wolf_C:start the fight
	Function /Game/NPOTG/Blueprints/Charaktere/wolf.wolf_C:construct fight
	Function /Game/NPOTG/Blueprints/Charaktere/wolf.wolf_C:start the fight
	Function /Game/NPOTG/Blueprints/Charaktere/wolf.wolf_C:construct fight
	Function /Game/NPOTG/Blueprints/Charaktere/wolf.wolf_C:start the fight
	Function /Game/NPOTG/Blueprints/Charaktere/wolf.wolf_C:construct fight
	Function /Game/NPOTG/Blueprints/Charaktere/wolf.wolf_C:start the fight
	Function /Game/NPOTG/Blueprints/Charaktere/wolf.wolf_C:construct fight
	Function /Game/NPOTG/Blueprints/Charaktere/wolf.wolf_C:start the fight
	Function /Game/NPOTG/Blueprints/Charaktere/wolf.wolf_C:construct fight
	Function /Game/NPOTG/Blueprints/Charaktere/wolf.wolf_C:start the fight
	Function /Game/NPOTG/Blueprints/Charaktere/wolf.wolf_C:construct fight
	Function /Game/NPOTG/Blueprints/Charaktere/wolf.wolf_C:start the fight
	Function /Game/NPOTG/Blueprints/Charaktere/wolf.wolf_C:construct fight
	Function /Game/NPOTG/Blueprints/Charaktere/wolf.wolf_C:start the fight
	Function /Game/NPOTG/Blueprints/Charaktere/wolf.wolf_C:construct fight
	Function /Game/NPOTG/Blueprints/Charaktere/wolf.wolf_C:start the fight
	Function /Game/NPOTG/Blueprints/Charaktere/wolf.wolf_C:construct fight
	Function /Game/NPOTG/Blueprints/Charaktere/wolf.wolf_C:start the fight
	Function /Game/NPOTG/Blueprints/Charaktere/wolf.wolf_C:construct fight
	Function /Game/NPOTG/Blueprints/Charaktere/wolf.wolf_C:start the fight
	Function /Game/NPOTG/Blueprints/Charaktere/wolf.wolf_C:construct fight
	Function /Game/NPOTG/Blueprints/Charaktere/wolf.wolf_C:start the fight
	Function /Game/NPOTG/Blueprints/Charaktere/wolf.wolf_C:construct fight
	Function /Game/NPOTG/Blueprints/Charaktere/wolf.wolf_C:start the fight
	Function /Game/NPOTG/Blueprints/Charaktere/wolf.wolf_C:construct fight
	Function /Game/NPOTG/Blueprints/Charaktere/wolf.wolf_C:start the fight
	Function /Game/NPOTG/Blueprints/Charaktere/wolf.wolf_C:construct fight
	Function /Game/NPOTG/Blueprints/Charaktere/wolf.wolf_C:start the fight
	Function /Game/NPOTG/Blueprints/Charaktere/wolf.wolf_C:construct fight
	Function /Game/NPOTG/Blueprints/Charaktere/wolf.wolf_C:start the fight
	Function /Game/NPOTG/Blueprints/Charaktere/wolf.wolf_C:construct fight
	Function /Game/NPOTG/Blueprints/Charaktere/wolf.wolf_C:start the fight
	Function /Game/NPOTG/Blueprints/Charaktere/wolf.wolf_C:construct fight
	Function /Game/NPOTG/Blueprints/Charaktere/wolf.wolf_C:start the fight
	Function /Game/NPOTG/Blueprints/Charaktere/wolf.wolf_C:construct fight
	Function /Game/NPOTG/Blueprints/Charaktere/wolf.wolf_C:start the fight
	Function /Game/NPOTG/Blueprints/Charaktere/wolf.wolf_C:construct fight
	Function /Game/NPOTG/Blueprints/Charaktere/wolf.wolf_C:start the fight
	Function /Game/NPOTG/Blueprints/Charaktere/wolf.wolf_C:construct fight
	Function /Game/NPOTG/Blueprints/Charaktere/wolf.wolf_C:start the fight
	Function /Game/NPOTG/Blueprints/Charaktere/wolf.wolf_C:construct fight
	Function /Game/NPOTG/Blueprints/Charaktere/wolf.wolf_C:start the fight
	Function /Game/NPOTG/Blueprints/Charaktere/wolf.wolf_C:construct fight
	Function /Game/NPOTG/Blueprints/Charaktere/wolf.wolf_C:start the fight
	Function /Game/NPOTG/Blueprints/Charaktere/wolf.wolf_C:construct fight
	Function /Game/NPOTG/Blueprints/Charaktere/wolf.wolf_C:start the fight
	Function /Game/NPOTG/Blueprints/Charaktere/wolf.wolf_C:construct fight
	Function /Game/NPOTG/Blueprints/Charaktere/wolf.wolf_C:start the fight
	Function /Game/NPOTG/Blueprints/Charaktere/wolf.wolf_C:construct fight
	Function /Game/NPOTG/Blueprints/Charaktere/wolf.wolf_C:start the fight
	Function /Game/NPOTG/Blueprints/Charaktere/wolf.wolf_C:construct fight
	Function /Game/NPOTG/Blueprints/Charaktere/wolf.wolf_C:start the fight
	Function /Game/NPOTG/Blueprints/Charaktere/wolf.wolf_C:construct fight
	Function /Game/NPOTG/Blueprints/Charaktere/wolf.wolf_C:start the fight
	Function /Game/NPOTG/Blueprints/Charaktere/wolf.wolf_C:construct fight
	Function /Game/NPOTG/Blueprints/Charaktere/wolf.wolf_C:start the fight
	Function /Game/NPOTG/Blueprints/Charaktere/wolf.wolf_C:construct fight
	Function /Game/NPOTG/Blueprints/Charaktere/wolf.wolf_C:start the fight
	Function /Game/NPOTG/Blueprints/Charaktere/wolf.wolf_C:construct fight
	Function /Game/NPOTG/Blueprints/Charaktere/wolf.wolf_C:start the fight
	Function /Game/NPOTG/Blueprints/Charaktere/wolf.wolf_C:construct fight
	Function /Game/NPOTG/Blueprints/Charaktere/wolf.wolf_C:start the fight
	Function /Game/NPOTG/Blueprints/Charaktere/wolf.wolf_C:construct fight
	Function /Game/NPOTG/Blueprints/Charaktere/wolf.wolf_C:start the fight
	Function /Game/NPOTG/Blueprints/Charaktere/wolf.wolf_C:construct fight
	Function /Game/NPOTG/Blueprints/Charaktere/wolf.wolf_C:start the fight
	Function /Game/NPOTG/Blueprints/Charaktere/wolf.wolf_C:construct fight
	Function /Game/NPOTG/Blueprints/Charaktere/wolf.wolf_C:start the fight
	Function /Game/NPOTG/Blueprints/Charaktere/wolf.wolf_C:construct fight
	Function /Game/NPOTG/Blueprints/Charaktere/wolf.wolf_C:start the fight
	Function /Game/NPOTG/Blueprints/Charaktere/wolf.wolf_C:construct fight
	Function /Game/NPOTG/Blueprints/Charaktere/wolf.wolf_C:start the fight
	Function /Game/NPOTG/Blueprints/Charaktere/wolf.wolf_C:construct fight
	Function /Game/NPOTG/Blueprints/Charaktere/wolf.wolf_C:start the fight
	Function /Game/NPOTG/Blueprints/Charaktere/wolf.wolf_C:construct fight
	Function /Game/NPOTG/Blueprints/Charaktere/wolf.wolf_C:start the fight
	Function /Game/NPOTG/Blueprints/Charaktere/wolf.wolf_C:construct fight

[2015.09.23-16.57.23:749][603]LogScript:Warning: Infinite script recursion (250 calls) detected
	wolf_C /Temp/Autosaves/Game/NPOTG/Maps/UEDPCTesting_Level.Testing_Level:PersistentLevel.wolf_C_7
	Function /Game/NPOTG/Blueprints/Charaktere/wolf.wolf_C:construct fight:0000
[2015.09.23-16.57.23:762][604]LogBlueprintUserMessages: 9.838709
[2015.09.23-16.57.23:762][604]LogBlueprintUserMessages: PRINT
[2015.09.23-16.57.23:778][605]LogBlueprintUserMessages: 9.758063
[2015.09.23-16.57.23:778][605]LogBlueprintUserMessages: PRINT
[2015.09.23-16.57.23:794][606]LogBlueprintUserMessages: 9.677418
[2015.09.23-16.57.23:794][606]LogBlueprintUserMessages: PRINT
[2015.09.23-16.57.23:811][607]LogBlueprintUserMessages: 9.596772
[2015.09.23-16.57.23:812][607]LogBlueprintUserMessages: PRINT
[2015.09.23-16.57.23:828][608]LogBlueprintUserMessages: 9.516127
[2015.09.23-16.57.23:828][608]LogBlueprintUserMessages: PRINT
[2015.09.23-16.57.23:843][609]LogBlueprintUserMessages: 9.435481
[2015.09.23-16.57.23:843][609]LogBlueprintUserMessages: PRINT
[2015.09.23-16.57.23:859][610]LogBlueprintUserMessages: 9.354836
[2015.09.23-16.57.23:859][610]LogBlueprintUserMessages: PRINT
[2015.09.23-16.57.23:875][611]LogBlueprintUserMessages: 9.27419
[2015.09.23-16.57.23:875][611]LogBlueprintUserMessages: PRINT
[2015.09.23-16.57.23:891][612]LogBlueprintUserMessages: 9.193544
[2015.09.23-16.57.23:891][612]LogBlueprintUserMessages: PRINT
[2015.09.23-16.57.23:907][613]LogBlueprintUserMessages: 9.112899
[2015.09.23-16.57.23:908][613]LogBlueprintUserMessages: PRINT
[2015.09.23-16.57.23:924][614]LogBlueprintUserMessages: 9.032253
[2015.09.23-16.57.23:924][614]LogBlueprintUserMessages: PRINT
[2015.09.23-16.57.23:940][615]LogBlueprintUserMessages: 8.951608
[2015.09.23-16.57.23:940][615]LogBlueprintUserMessages: PRINT
[2015.09.23-16.57.23:956][616]LogBlueprintUserMessages: 8.870962
[2015.09.23-16.57.23:956][616]LogBlueprintUserMessages: PRINT
[2015.09.23-16.57.23:972][617]LogBlueprintUserMessages: 8.790317
[2015.09.23-16.57.23:972][617]LogBlueprintUserMessages: PRINT
[2015.09.23-16.57.23:988][618]LogBlueprintUserMessages: 8.709671
[2015.09.23-16.57.23:988][618]LogBlueprintUserMessages: PRINT
[2015.09.23-16.57.24:004][619]LogBlueprintUserMessages: 8.629025
[2015.09.23-16.57.24:004][619]LogBlueprintUserMessages: PRINT
[2015.09.23-16.57.24:020][620]LogBlueprintUserMessages: 8.54838
[2015.09.23-16.57.24:020][620]LogBlueprintUserMessages: PRINT
[2015.09.23-16.57.24:036][621]LogBlueprintUserMessages: 8.467734
[2015.09.23-16.57.24:036][621]LogBlueprintUserMessages: PRINT
[2015.09.23-16.57.24:053][622]LogBlueprintUserMessages: 8.387089
[2015.09.23-16.57.24:053][622]LogBlueprintUserMessages: PRINT
[2015.09.23-16.57.24:069][623]LogBlueprintUserMessages: 8.306443
[2015.09.23-16.57.24:069][623]LogBlueprintUserMessages: PRINT
[2015.09.23-16.57.24:085][624]LogBlueprintUserMessages: 8.225798
[2015.09.23-16.57.24:086][624]LogBlueprintUserMessages: PRINT
[2015.09.23-16.57.24:101][625]LogBlueprintUserMessages: 8.145152
[2015.09.23-16.57.24:101][625]LogBlueprintUserMessages: PRINT
[2015.09.23-16.57.24:117][626]LogBlueprintUserMessages: 8.064507
[2015.09.23-16.57.24:117][626]LogBlueprintUserMessages: PRINT
[2015.09.23-16.57.24:134][627]LogBlueprintUserMessages: 7.98386
[2015.09.23-16.57.24:134][627]LogBlueprintUserMessages: PRINT
[2015.09.23-16.57.24:149][628]LogBlueprintUserMessages: 7.903214
[2015.09.23-16.57.24:149][628]LogBlueprintUserMessages: PRINT
[2015.09.23-16.57.24:166][629]LogBlueprintUserMessages: 7.822568
[2015.09.23-16.57.24:166][629]LogBlueprintUserMessages: PRINT
[2015.09.23-16.57.24:182][630]LogBlueprintUserMessages: 7.741922
[2015.09.23-16.57.24:182][630]LogBlueprintUserMessages: PRINT
[2015.09.23-16.57.24:198][631]LogBlueprintUserMessages: 7.661276
[2015.09.23-16.57.24:198][631]LogBlueprintUserMessages: PRINT
[2015.09.23-16.57.24:214][632]LogBlueprintUserMessages: 7.58063
[2015.09.23-16.57.24:214][632]LogBlueprintUserMessages: PRINT
[2015.09.23-16.57.24:230][633]LogBlueprintUserMessages: 7.499984
[2015.09.23-16.57.24:230][633]LogBlueprintUserMessages: PRINT
[2015.09.23-16.57.24:247][634]LogBlueprintUserMessages: 7.419338
[2015.09.23-16.57.24:247][634]LogBlueprintUserMessages: PRINT
[2015.09.23-16.57.24:263][635]LogBlueprintUserMessages: 7.338692
[2015.09.23-16.57.24:263][635]LogBlueprintUserMessages: PRINT
[2015.09.23-16.57.24:278][636]LogBlueprintUserMessages: 7.258046
[2015.09.23-16.57.24:278][636]LogBlueprintUserMessages: PRINT
[2015.09.23-16.57.24:295][637]LogBlueprintUserMessages: 7.1774
[2015.09.23-16.57.24:295][637]LogBlueprintUserMessages: PRINT
[2015.09.23-16.57.24:310][638]LogBlueprintUserMessages: 7.096754
[2015.09.23-16.57.24:311][638]LogBlueprintUserMessages: PRINT
[2015.09.23-16.57.24:328][639]LogBlueprintUserMessages: 7.016108
[2015.09.23-16.57.24:328][639]LogBlueprintUserMessages: PRINT
[2015.09.23-16.57.24:344][640]LogBlueprintUserMessages: 6.935462
[2015.09.23-16.57.24:344][640]LogBlueprintUserMessages: PRINT
[2015.09.23-16.57.24:360][641]LogBlueprintUserMessages: 6.854816
[2015.09.23-16.57.24:360][641]LogBlueprintUserMessages: PRINT
[2015.09.23-16.57.24:376][642]LogBlueprintUserMessages: 6.77417
[2015.09.23-16.57.24:376][642]LogBlueprintUserMessages: PRINT
[2015.09.23-16.57.24:392][643]LogBlueprintUserMessages: 6.693524
[2015.09.23-16.57.24:392][643]LogBlueprintUserMessages: PRINT
[2015.09.23-16.57.24:408][644]LogBlueprintUserMessages: 6.612878
[2015.09.23-16.57.24:408][644]LogBlueprintUserMessages: PRINT
[2015.09.23-16.57.24:424][645]LogBlueprintUserMessages: 6.532232
[2015.09.23-16.57.24:424][645]LogBlueprintUserMessages: PRINT
[2015.09.23-16.57.24:440][646]LogBlueprintUserMessages: 6.451586
[2015.09.23-16.57.24:440][646]LogBlueprintUserMessages: PRINT
[2015.09.23-16.57.24:456][647]LogBlueprintUserMessages: 6.37094
[2015.09.23-16.57.24:456][647]LogBlueprintUserMessages: PRINT
[2015.09.23-16.57.24:472][648]LogBlueprintUserMessages: 6.290294
[2015.09.23-16.57.24:472][648]LogBlueprintUserMessages: PRINT
[2015.09.23-16.57.24:488][649]LogBlueprintUserMessages: 6.209648
[2015.09.23-16.57.24:488][649]LogBlueprintUserMessages: PRINT
[2015.09.23-16.57.24:504][650]LogBlueprintUserMessages: 6.129002
[2015.09.23-16.57.24:504][650]LogBlueprintUserMessages: PRINT
[2015.09.23-16.57.24:520][651]LogBlueprintUserMessages: 6.048356
[2015.09.23-16.57.24:520][651]LogBlueprintUserMessages: PRINT
[2015.09.23-16.57.24:537][652]LogBlueprintUserMessages: 5.96771
[2015.09.23-16.57.24:537][652]LogBlueprintUserMessages: PRINT
[2015.09.23-16.57.24:553][653]LogBlueprintUserMessages: 5.887064
[2015.09.23-16.57.24:553][653]LogBlueprintUserMessages: PRINT
[2015.09.23-16.57.24:569][654]LogBlueprintUserMessages: 5.806417
[2015.09.23-16.57.24:569][654]LogBlueprintUserMessages: PRINT
[2015.09.23-16.57.24:585][655]LogBlueprintUserMessages: 5.725771
[2015.09.23-16.57.24:585][655]LogBlueprintUserMessages: PRINT
[2015.09.23-16.57.24:601][656]LogBlueprintUserMessages: 5.645125
[2015.09.23-16.57.24:602][656]LogBlueprintUserMessages: PRINT
[2015.09.23-16.57.24:617][657]LogBlueprintUserMessages: 5.564479
[2015.09.23-16.57.24:617][657]LogBlueprintUserMessages: PRINT
[2015.09.23-16.57.24:634][658]LogBlueprintUserMessages: 5.483833
[2015.09.23-16.57.24:634][658]LogBlueprintUserMessages: PRINT
[2015.09.23-16.57.24:649][659]LogBlueprintUserMessages: 5.403187
[2015.09.23-16.57.24:649][659]LogBlueprintUserMessages: PRINT
[2015.09.23-16.57.24:666][660]LogBlueprintUserMessages: 5.322541
[2015.09.23-16.57.24:666][660]LogBlueprintUserMessages: PRINT
[2015.09.23-16.57.24:682][661]LogBlueprintUserMessages: 5.241895
[2015.09.23-16.57.24:682][661]LogBlueprintUserMessages: PRINT
[2015.09.23-16.57.24:698][662]LogBlueprintUserMessages: 5.161249
[2015.09.23-16.57.24:698][662]LogBlueprintUserMessages: PRINT
[2015.09.23-16.57.24:714][663]LogBlueprintUserMessages: 5.080603
[2015.09.23-16.57.24:715][663]LogBlueprintUserMessages: PRINT
[2015.09.23-16.57.24:730][664]LogBlueprintUserMessages: 4.999957
[2015.09.23-16.57.24:730][664]LogBlueprintUserMessages: PRINT
[2015.09.23-16.57.24:747][665]LogBlueprintUserMessages: 4.919311
[2015.09.23-16.57.24:747][665]LogBlueprintUserMessages: PRINT
[2015.09.23-16.57.24:762][666]LogBlueprintUserMessages: 4.838665
[2015.09.23-16.57.24:762][666]LogBlueprintUserMessages: PRINT
[2015.09.23-16.57.24:778][667]LogBlueprintUserMessages: 4.758019
[2015.09.23-16.57.24:778][667]LogBlueprintUserMessages: PRINT
[2015.09.23-16.57.24:795][668]LogBlueprintUserMessages: 4.677373
[2015.09.23-16.57.24:795][668]LogBlueprintUserMessages: PRINT
[2015.09.23-16.57.24:811][669]LogBlueprintUserMessages: 4.596727
[2015.09.23-16.57.24:811][669]LogBlueprintUserMessages: PRINT
[2015.09.23-16.57.24:827][670]LogBlueprintUserMessages: 4.516081
[2015.09.23-16.57.24:827][670]LogBlueprintUserMessages: PRINT
[2015.09.23-16.57.24:843][671]LogBlueprintUserMessages: 4.435435
[2015.09.23-16.57.24:843][671]LogBlueprintUserMessages: PRINT
[2015.09.23-16.57.24:859][672]LogBlueprintUserMessages: 4.354789
[2015.09.23-16.57.24:859][672]LogBlueprintUserMessages: PRINT
[2015.09.23-16.57.24:875][673]LogBlueprintUserMessages: 4.274143
[2015.09.23-16.57.24:875][673]LogBlueprintUserMessages: PRINT
[2015.09.23-16.57.24:891][674]LogBlueprintUserMessages: 4.193497
[2015.09.23-16.57.24:891][674]LogBlueprintUserMessages: PRINT
[2015.09.23-16.57.24:907][675]LogBlueprintUserMessages: 4.112851
[2015.09.23-16.57.24:907][675]LogBlueprintUserMessages: PRINT
[2015.09.23-16.57.24:924][676]LogBlueprintUserMessages: 4.032205
[2015.09.23-16.57.24:924][676]LogBlueprintUserMessages: PRINT
[2015.09.23-16.57.24:940][677]LogBlueprintUserMessages: 3.951559
[2015.09.23-16.57.24:940][677]LogBlueprintUserMessages: PRINT
[2015.09.23-16.57.24:956][678]LogBlueprintUserMessages: 3.870913
[2015.09.23-16.57.24:956][678]LogBlueprintUserMessages: PRINT
[2015.09.23-16.57.24:972][679]LogBlueprintUserMessages: 3.790267
[2015.09.23-16.57.24:972][679]LogBlueprintUserMessages: PRINT
[2015.09.23-16.57.24:988][680]LogBlueprintUserMessages: 3.709621
[2015.09.23-16.57.24:988][680]LogBlueprintUserMessages: PRINT
[2015.09.23-16.57.25:004][681]LogBlueprintUserMessages: 3.628976
[2015.09.23-16.57.25:004][681]LogBlueprintUserMessages: PRINT
[2015.09.23-16.57.25:020][682]LogBlueprintUserMessages: 3.54833
[2015.09.23-16.57.25:020][682]LogBlueprintUserMessages: PRINT
[2015.09.23-16.57.25:037][683]LogBlueprintUserMessages: 3.467684
[2015.09.23-16.57.25:037][683]LogBlueprintUserMessages: PRINT
[2015.09.23-16.57.25:053][684]LogBlueprintUserMessages: 3.387038
[2015.09.23-16.57.25:053][684]LogBlueprintUserMessages: PRINT
[2015.09.23-16.57.25:069][685]LogBlueprintUserMessages: 3.306392
[2015.09.23-16.57.25:069][685]LogBlueprintUserMessages: PRINT
[2015.09.23-16.57.25:085][686]LogBlueprintUserMessages: 3.225747
[2015.09.23-16.57.25:085][686]LogBlueprintUserMessages: PRINT
[2015.09.23-16.57.25:101][687]LogBlueprintUserMessages: 3.145101
[2015.09.23-16.57.25:101][687]LogBlueprintUserMessages: PRINT
[2015.09.23-16.57.25:118][688]LogBlueprintUserMessages: 3.064455
[2015.09.23-16.57.25:118][688]LogBlueprintUserMessages: PRINT
[2015.09.23-16.57.25:133][689]LogBlueprintUserMessages: 2.983809
[2015.09.23-16.57.25:133][689]LogBlueprintUserMessages: PRINT
[2015.09.23-16.57.25:150][690]LogBlueprintUserMessages: 2.903163
[2015.09.23-16.57.25:150][690]LogBlueprintUserMessages: PRINT
[2015.09.23-16.57.25:166][691]LogBlueprintUserMessages: 2.822518
[2015.09.23-16.57.25:166][691]LogBlueprintUserMessages: PRINT
[2015.09.23-16.57.25:182][692]LogBlueprintUserMessages: 2.741872
[2015.09.23-16.57.25:182][692]LogBlueprintUserMessages: PRINT
[2015.09.23-16.57.25:198][693]LogBlueprintUserMessages: 2.661226
[2015.09.23-16.57.25:198][693]LogBlueprintUserMessages: PRINT
[2015.09.23-16.57.25:215][694]LogBlueprintUserMessages: 2.58058
[2015.09.23-16.57.25:215][694]LogBlueprintUserMessages: PRINT
[2015.09.23-16.57.25:230][695]LogBlueprintUserMessages: 2.499934
[2015.09.23-16.57.25:230][695]LogBlueprintUserMessages: PRINT
[2015.09.23-16.57.25:246][696]LogBlueprintUserMessages: 2.419289
[2015.09.23-16.57.25:246][696]LogBlueprintUserMessages: PRINT
[2015.09.23-16.57.25:263][697]LogBlueprintUserMessages: 2.338643
[2015.09.23-16.57.25:263][697]LogBlueprintUserMessages: PRINT
[2015.09.23-16.57.25:279][698]LogBlueprintUserMessages: 2.257997
[2015.09.23-16.57.25:279][698]LogBlueprintUserMessages: PRINT
[2015.09.23-16.57.25:295][699]LogBlueprintUserMessages: 2.177351
[2015.09.23-16.57.25:295][699]LogBlueprintUserMessages: PRINT
[2015.09.23-16.57.25:311][700]LogBlueprintUserMessages: 2.096705
[2015.09.23-16.57.25:311][700]LogBlueprintUserMessages: PRINT
[2015.09.23-16.57.25:328][701]LogBlueprintUserMessages: 2.01606
[2015.09.23-16.57.25:328][701]LogBlueprintUserMessages: PRINT
[2015.09.23-16.57.25:344][702]LogBlueprintUserMessages: 1.935414
[2015.09.23-16.57.25:344][702]LogBlueprintUserMessages: PRINT
[2015.09.23-16.57.25:360][703]LogBlueprintUserMessages: 1.854768
[2015.09.23-16.57.25:360][703]LogBlueprintUserMessages: PRINT
[2015.09.23-16.57.25:375][704]LogBlueprintUserMessages: 1.774122
[2015.09.23-16.57.25:375][704]LogBlueprintUserMessages: PRINT
[2015.09.23-16.57.25:391][705]LogBlueprintUserMessages: 1.693476
[2015.09.23-16.57.25:391][705]LogBlueprintUserMessages: PRINT
[2015.09.23-16.57.25:407][706]LogBlueprintUserMessages: 1.61283
[2015.09.23-16.57.25:407][706]LogBlueprintUserMessages: PRINT
[2015.09.23-16.57.25:423][707]LogBlueprintUserMessages: 1.532184
[2015.09.23-16.57.25:423][707]LogBlueprintUserMessages: PRINT
[2015.09.23-16.57.25:440][708]LogBlueprintUserMessages: 1.451538
[2015.09.23-16.57.25:440][708]LogBlueprintUserMessages: PRINT
[2015.09.23-16.57.25:456][709]LogBlueprintUserMessages: 1.370892
[2015.09.23-16.57.25:456][709]LogBlueprintUserMessages: PRINT
[2015.09.23-16.57.25:472][710]LogBlueprintUserMessages: 1.290247
[2015.09.23-16.57.25:472][710]LogBlueprintUserMessages: PRINT
[2015.09.23-16.57.25:488][711]LogBlueprintUserMessages: 1.209601
[2015.09.23-16.57.25:488][711]LogBlueprintUserMessages: PRINT
[2015.09.23-16.57.25:504][712]LogBlueprintUserMessages: 1.128955
[2015.09.23-16.57.25:504][712]LogBlueprintUserMessages: PRINT
[2015.09.23-16.57.25:521][713]LogBlueprintUserMessages: 1.048309
[2015.09.23-16.57.25:521][713]LogBlueprintUserMessages: PRINT
[2015.09.23-16.57.25:537][714]LogBlueprintUserMessages: 0.967663
[2015.09.23-16.57.25:537][714]LogBlueprintUserMessages: PRINT
[2015.09.23-16.57.25:553][715]LogBlueprintUserMessages: 0.887017
[2015.09.23-16.57.25:553][715]LogBlueprintUserMessages: PRINT
[2015.09.23-16.57.25:569][716]LogBlueprintUserMessages: 0.806371
[2015.09.23-16.57.25:569][716]LogBlueprintUserMessages: PRINT
[2015.09.23-16.57.25:586][717]LogBlueprintUserMessages: 0.725725
[2015.09.23-16.57.25:586][717]LogBlueprintUserMessages: PRINT
[2015.09.23-16.57.25:602][718]LogBlueprintUserMessages: 0.64508
[2015.09.23-16.57.25:602][718]LogBlueprintUserMessages: PRINT
[2015.09.23-16.57.25:618][719]LogBlueprintUserMessages: 0.564434
[2015.09.23-16.57.25:618][719]LogBlueprintUserMessages: PRINT
[2015.09.23-16.57.25:634][720]LogBlueprintUserMessages: 0.483788
[2015.09.23-16.57.25:634][720]LogBlueprintUserMessages: PRINT
[2015.09.23-16.57.25:649][721]LogBlueprintUserMessages: 0.403142
[2015.09.23-16.57.25:649][721]LogBlueprintUserMessages: PRINT
[2015.09.23-16.57.25:665][722]LogBlueprintUserMessages: 0.322496
[2015.09.23-16.57.25:665][722]LogBlueprintUserMessages: PRINT
[2015.09.23-16.57.25:682][723]LogBlueprintUserMessages: 0.24185
[2015.09.23-16.57.25:682][723]LogBlueprintUserMessages: PRINT
[2015.09.23-16.57.25:698][724]LogBlueprintUserMessages: 0.161204
[2015.09.23-16.57.25:698][724]LogBlueprintUserMessages: PRINT
[2015.09.23-16.57.25:715][725]LogBlueprintUserMessages: 0.080559
[2015.09.23-16.57.25:715][725]LogBlueprintUserMessages: PRINT
[2015.09.23-16.57.25:731][726]LogBlueprintUserMessages: -0.000087
[2015.09.23-16.57.25:747][727]LogBlueprintUserMessages: -0.080733
[2015.09.23-16.57.25:763][728]LogBlueprintUserMessages: -0.161379
[2015.09.23-16.57.25:779][729]LogBlueprintUserMessages: -0.242025
[2015.09.23-16.57.25:795][730]LogBlueprintUserMessages: -0.322671
[2015.09.23-16.57.25:811][731]LogBlueprintUserMessages: -0.403317
[2015.09.23-16.57.25:827][732]LogBlueprintUserMessages: -0.483962
[2015.09.23-16.57.25:843][733]LogBlueprintUserMessages: -0.564608
[2015.09.23-16.57.25:859][734]LogBlueprintUserMessages: -0.645254
[2015.09.23-16.57.25:875][735]LogBlueprintUserMessages: -0.7259
[2015.09.23-16.57.25:892][736]LogBlueprintUserMessages: -0.806546
[2015.09.23-16.57.25:908][737]LogBlueprintUserMessages: -0.887192
[2015.09.23-16.57.25:924][738]LogBlueprintUserMessages: -0.967838
[2015.09.23-16.57.25:924][738]Closing by request
[2015.09.23-16.57.25:924][738]LogWindows: FPlatformMisc::RequestExit(0)
[2015.09.23-16.57.26:004][739]LogWindowsTextInputMethodSystem:Display: IME system now deactivated.
[2015.09.23-16.57.26:005][739]LogWindowsTextInputMethodSystem:Display: IME system now deactivated.
[2015.09.23-16.57.26:011][739]LogExit: Preparing to exit.
[2015.09.23-16.57.26:070][739]LogExit: Game engine shut down
[2015.09.23-16.57.26:074][739]LogParticles: Destroying 0 GPU particle simulations for FXSystem 0x0000008B51436D40
[2015.09.23-16.57.26:212][739]LogExit: Object subsystem successfully closed.
[2015.09.23-16.57.26:229][739]LogD3D11RHI: Shutdown
[2015.09.23-16.57.26:229][739]LogD3D11RHI: CleanupD3DDevice
[2015.09.23-16.57.26:312][739]LogD3D11RHI: ~FD3D11DynamicRHI
[2015.09.23-16.57.26:324][739]LogModuleManager: Shutting down and abandoning module AndroidDeviceDetection (109)
[2015.09.23-16.57.26:771][739]LogModuleManager: Shutting down and abandoning module AutomationWorker (108)
[2015.09.23-16.57.26:771][739]LogModuleManager: Shutting down and abandoning module CharacterAI (107)
[2015.09.23-16.57.26:771][739]LogModuleManager: Shutting down and abandoning module AITestSuite (106)
[2015.09.23-16.57.26:771][739]LogModuleManager: Shutting down and abandoning module GameplayDebugger (105)
[2015.09.23-16.57.26:771][739]LogModuleManager: Shutting down and abandoning module AIModule (104)
[2015.09.23-16.57.26:771][739]LogModuleManager: Shutting down and abandoning module GameLiveStreaming (103)
[2015.09.23-16.57.26:771][739]LogModuleManager: Shutting down and abandoning module StreamingPauseRendering (102)
[2015.09.23-16.57.26:771][739]LogModuleManager: Shutting down and abandoning module ProfilerService (101)
[2015.09.23-16.57.26:937][739]LogModuleManager: Shutting down and abandoning module TaskGraph (100)
[2015.09.23-16.57.26:937][739]LogModuleManager: Shutting down and abandoning module SlateRemote (99)
[2015.09.23-16.57.26:937][739]LogModuleManager: Shutting down and abandoning module SteamVRController (98)
[2015.09.23-16.57.26:937][739]LogModuleManager: Shutting down and abandoning module SteamVR (97)
[2015.09.23-16.57.26:937][739]LogModuleManager: Shutting down and abandoning module ProceduralMeshComponent (96)
[2015.09.23-16.57.26:937][739]LogModuleManager: Shutting down and abandoning module OculusRift (95)
[2015.09.23-16.57.26:937][739]LogModuleManager: Shutting down and abandoning module LeapMotionController (94)
[2015.09.23-16.57.26:944][739]LogModuleManager: Shutting down and abandoning module CustomMeshComponent (93)
[2015.09.23-16.57.26:944][739]LogModuleManager: Shutting down and abandoning module CableComponent (92)
[2015.09.23-16.57.26:944][739]LogModuleManager: Shutting down and abandoning module DesktopPlatform (91)
[2015.09.23-16.57.26:944][739]LogModuleManager: Shutting down and abandoning module DirectoryWatcher (90)
[2015.09.23-16.57.26:944][739]LogModuleManager: Shutting down and abandoning module HotReload (89)
[2015.09.23-16.57.26:944][739]LogModuleManager: Shutting down and abandoning module VisualStudioSourceCodeAccess (88)
[2015.09.23-16.57.26:944][739]LogModuleManager: Shutting down and abandoning module UObjectPlugin (87)
[2015.09.23-16.57.26:944][739]LogModuleManager: Shutting down and abandoning module SubversionSourceControl (86)
[2015.09.23-16.57.26:944][739]LogModuleManager: Shutting down and abandoning module SourceControl (85)
[2015.09.23-16.57.26:944][739]LogModuleManager: Shutting down and abandoning module PerforceSourceControl (84)
[2015.09.23-16.57.26:944][739]LogModuleManager: Shutting down and abandoning module BlankPlugin (83)
[2015.09.23-16.57.26:944][739]LogModuleManager: Shutting down and abandoning module UdpMessaging (82)
[2015.09.23-16.57.26:944][739]LogModuleManager: Shutting down and abandoning module AssetRegistry (81)
[2015.09.23-16.57.26:944][739]LogModuleManager: Shutting down and abandoning module SubstanceCore (80)
[2015.09.23-16.57.26:944][739]LogModuleManager: Shutting down and abandoning module Paper2D (79)
[2015.09.23-16.57.26:944][739]LogModuleManager: Shutting down and abandoning module WindowsMoviePlayer (78)
[2015.09.23-16.57.26:946][739]LogModuleManager: Shutting down and abandoning module Media (77)
[2015.09.23-16.57.26:946][739]LogModuleManager: Shutting down and abandoning module WmfMedia (76)
[2015.09.23-16.57.26:946][739]LogModuleManager: Shutting down and abandoning module OnlineBlueprintSupport (75)
[2015.09.23-16.57.26:946][739]LogModuleManager: Shutting down and abandoning module PropertyEditor (74)
[2015.09.23-16.57.26:946][739]LogModuleManager: Shutting down and abandoning module BehaviorTreeEditor (73)
[2015.09.23-16.57.26:946][739]LogModuleManager: Shutting down and abandoning module FunctionalTesting (72)
[2015.09.23-16.57.26:946][739]LogModuleManager: Shutting down and abandoning module CollisionAnalyzer (71)
[2015.09.23-16.57.26:946][739]LogModuleManager: Shutting down and abandoning module WorkspaceMenuStructure (70)
[2015.09.23-16.57.26:946][739]LogModuleManager: Shutting down and abandoning module MessageLog (69)
[2015.09.23-16.57.26:946][739]LogModuleManager: Shutting down and abandoning module Sequencer (68)
[2015.09.23-16.57.26:946][739]LogModuleManager: Shutting down and abandoning module AssetTools (67)
[2015.09.23-16.57.26:946][739]LogModuleManager: Shutting down and abandoning module UMGEditor (66)
[2015.09.23-16.57.26:946][739]LogModuleManager: Shutting down and abandoning module UMG (65)
[2015.09.23-16.57.26:946][739]LogModuleManager: Shutting down and abandoning module Slate (64)
[2015.09.23-16.57.26:946][739]LogModuleManager: Shutting down and abandoning module EditorStyle (63)
[2015.09.23-16.57.26:948][739]LogModuleManager: Shutting down and abandoning module SessionServices (62)
[2015.09.23-16.57.26:948][739]LogModuleManager: Shutting down and abandoning module SourceCodeAccess (61)
[2015.09.23-16.57.26:948][739]LogModuleManager: Shutting down and abandoning module HeadMountedDisplay (60)
[2015.09.23-16.57.26:948][739]LogModuleManager: Shutting down and abandoning module XAudio2 (59)
[2015.09.23-16.57.26:948][739]LogModuleManager: Shutting down and abandoning module Networking (57)
[2015.09.23-16.57.26:948][739]LogModuleManager: Shutting down and abandoning module Core (56)
[2015.09.23-16.57.26:948][739]LogModuleManager: Shutting down and abandoning module KismetCompiler (55)
[2015.09.23-16.57.26:948][739]LogModuleManager: Shutting down and abandoning module PhysXFormats (54)
[2015.09.23-16.57.26:948][739]LogModuleManager: Shutting down and abandoning module MeshUtilities (53)
[2015.09.23-16.57.26:949][739]LogModuleManager: Shutting down and abandoning module DerivedDataCache (52)
[2015.09.23-16.57.26:954][739]LogDerivedDataCache: Shutdown
[2015.09.23-16.57.26:954][739]LogModuleManager: Shutting down and abandoning module ShaderFormatOpenGL (51)
[2015.09.23-16.57.26:954][739]LogModuleManager: Shutting down and abandoning module ShaderFormatD3D (50)
[2015.09.23-16.57.26:954][739]LogModuleManager: Shutting down and abandoning module MetalShaderFormat (49)
[2015.09.23-16.57.26:954][739]LogModuleManager: Shutting down and abandoning module TextureFormatUncompressed (48)
[2015.09.23-16.57.26:954][739]LogModuleManager: Shutting down and abandoning module TextureFormatPVR (47)
[2015.09.23-16.57.26:954][739]LogModuleManager: Shutting down and abandoning module TextureFormatIntelISPCTexComp (46)
[2015.09.23-16.57.26:954][739]LogModuleManager: Shutting down and abandoning module TextureFormatDXT (45)
[2015.09.23-16.57.26:954][739]LogModuleManager: Shutting down and abandoning module ImageWrapper (44)
[2015.09.23-16.57.26:954][739]LogModuleManager: Shutting down and abandoning module TextureFormatASTC (43)
[2015.09.23-16.57.26:954][739]LogModuleManager: Shutting down and abandoning module TextureFormatAndroid (42)
[2015.09.23-16.57.26:954][739]LogModuleManager: Shutting down and abandoning module AudioFormatOpus (41)
[2015.09.23-16.57.26:954][739]LogModuleManager: Shutting down and abandoning module AudioFormatOgg (40)
[2015.09.23-16.57.26:954][739]LogModuleManager: Shutting down and abandoning module AudioFormatADPCM (39)
[2015.09.23-16.57.26:954][739]LogModuleManager: Shutting down and abandoning module LinuxTargetPlatform (38)
[2015.09.23-16.57.26:954][739]LogModuleManager: Shutting down and abandoning module LinuxServerTargetPlatform (37)
[2015.09.23-16.57.26:954][739]LogModuleManager: Shutting down and abandoning module LinuxNoEditorTargetPlatform (36)
[2015.09.23-16.57.26:954][739]LogModuleManager: Shutting down and abandoning module Messaging (35)
[2015.09.23-16.57.26:954][739]LogModuleManager: Shutting down and abandoning module IOSTargetPlatform (34)
[2015.09.23-16.57.26:954][739]LogModuleManager: Shutting down and abandoning module HTML5TargetPlatform (33)
[2015.09.23-16.57.26:954][739]LogModuleManager: Shutting down and abandoning module Android_PVRTCTargetPlatform (32)
[2015.09.23-16.57.26:954][739]LogModuleManager: Shutting down and abandoning module Android_ETC2TargetPlatform (31)
[2015.09.23-16.57.26:954][739]LogModuleManager: Shutting down and abandoning module Android_ETC1TargetPlatform (30)
[2015.09.23-16.57.26:954][739]LogModuleManager: Shutting down and abandoning module Android_DXTTargetPlatform (29)
[2015.09.23-16.57.26:954][739]LogModuleManager: Shutting down and abandoning module Android_ATCTargetPlatform (28)
[2015.09.23-16.57.26:954][739]LogModuleManager: Shutting down and abandoning module Android_ASTCTargetPlatform (27)
[2015.09.23-16.57.26:954][739]LogModuleManager: Shutting down and abandoning module AndroidTargetPlatform (26)
[2015.09.23-16.57.26:954][739]LogModuleManager: Shutting down and abandoning module WindowsTargetPlatform (25)
[2015.09.23-16.57.26:954][739]LogModuleManager: Shutting down and abandoning module WindowsServerTargetPlatform (24)
[2015.09.23-16.57.26:954][739]LogModuleManager: Shutting down and abandoning module WindowsNoEditorTargetPlatform (23)
[2015.09.23-16.57.26:954][739]LogModuleManager: Shutting down and abandoning module WindowsClientTargetPlatform (22)
[2015.09.23-16.57.26:954][739]LogModuleManager: Shutting down and abandoning module DesktopTargetPlatform (21)
[2015.09.23-16.57.26:954][739]LogModuleManager: Shutting down and abandoning module TargetPlatform (20)
[2015.09.23-16.57.26:954][739]LogModuleManager: Shutting down and abandoning module InputCore (19)
[2015.09.23-16.57.26:954][739]LogModuleManager: Shutting down and abandoning module Settings (18)
[2015.09.23-16.57.26:954][739]LogModuleManager: Shutting down and abandoning module OnlineSubsystem (16)
[2015.09.23-16.57.26:954][739]LogModuleManager: Shutting down and abandoning module HTTP (15)
[2015.09.23-16.57.26:954][739]LogModuleManager: Shutting down and abandoning module ExampleDeviceProfileSelector (14)
[2015.09.23-16.57.26:954][739]LogModuleManager: Shutting down and abandoning module TextureCompressor (13)
[2015.09.23-16.57.26:954][739]LogModuleManager: Shutting down and abandoning module ShaderCore (12)
[2015.09.23-16.57.26:954][739]LogModuleManager: Shutting down and abandoning module Landscape (11)
[2015.09.23-16.57.26:954][739]LogModuleManager: Shutting down and abandoning module SlateRHIRenderer (10)
[2015.09.23-16.57.26:955][739]LogModuleManager: Shutting down and abandoning module OpenGLDrv (9)
[2015.09.23-16.57.26:955][739]LogModuleManager: Shutting down and abandoning module D3D11RHI (8)
[2015.09.23-16.57.26:955][739]LogModuleManager: Shutting down and abandoning module Renderer (7)
[2015.09.23-16.57.26:955][739]LogModuleManager: Shutting down and abandoning module Engine (6)
[2015.09.23-16.57.26:955][739]LogModuleManager: Shutting down and abandoning module CoreUObject (5)
[2015.09.23-16.57.26:955][739]LogModuleManager: Shutting down and abandoning module NetworkFile (4)
[2015.09.23-16.57.26:955][739]LogModuleManager: Shutting down and abandoning module StreamingFile (3)
[2015.09.23-16.57.26:955][739]LogModuleManager: Shutting down and abandoning module SandboxFile (2)
[2015.09.23-16.57.26:955][739]LogModuleManager: Shutting down and abandoning module PakFile (1)
[2015.09.23-16.57.26:956][739]LogExit: Exiting.
[2015.09.23-16.57.26:957][739]Log file closed, 09/23/15 18:57:26
