[2015.09.23-17.17.04:958][  0]Log file open, 09/23/15 19:17:04
[2015.09.23-17.17.04:958][  0]LogInit:Display: Running engine for game: NotPartofGame
[2015.09.23-17.17.04:958][  0]LogInit:Display: RandInit(-1505072866) SRandInit(-1505072866).
[2015.09.23-17.17.04:958][  0]LogTaskGraph: Started task graph with 4 named threads and 7 total threads.
[2015.09.23-17.17.04:958][  0]LogStats: Stats thread started
[2015.09.23-17.17.04:958][  0]LogInit: Version: 4.8.3-2634408+++depot+UE4-Releases+4.8
[2015.09.23-17.17.04:958][  0]LogInit: API Version: 2579680
[2015.09.23-17.17.04:958][  0]LogInit: Compiled (64-bit): Jul 27 2015 16:24:33
[2015.09.23-17.17.04:958][  0]LogInit: Compiled with Visual C++: 18.00.21005.01
[2015.09.23-17.17.04:958][  0]LogInit: Build Configuration: Development
[2015.09.23-17.17.04:958][  0]LogInit: Branch Name: ++depot+UE4-Releases+4.8
[2015.09.23-17.17.04:958][  0]LogInit: Command line:  /Temp/Autosaves/Game/NPOTG/Maps/UEDPCTesting_Level -game -PIEVIACONSOLE -ResX=1280 -ResY=720  -Multiprocess 
[2015.09.23-17.17.04:958][  0]LogInit: Base directory: C:/Users/Bodoo/Documents/Programmieren/4.8/Engine/Binaries/Win64/
[2015.09.23-17.17.04:958][  0]LogInit: Rocket: 1
[2015.09.23-17.17.04:979][  0]LogInit: Using libcurl 7.41.0
[2015.09.23-17.17.04:979][  0]LogInit:  - built for x86_64-pc-win32
[2015.09.23-17.17.04:979][  0]LogInit:  - supports SSL with WinSSL
[2015.09.23-17.17.04:979][  0]LogInit:  - other features:
[2015.09.23-17.17.04:979][  0]LogInit:      CURL_VERSION_SSL
[2015.09.23-17.17.04:979][  0]LogInit:      CURL_VERSION_IPV6
[2015.09.23-17.17.04:979][  0]LogInit:      CURL_VERSION_ASYNCHDNS
[2015.09.23-17.17.04:979][  0]LogInit:      CURL_VERSION_LARGEFILE
[2015.09.23-17.17.04:979][  0]LogInit:      CURL_VERSION_IDN
[2015.09.23-17.17.04:979][  0]LogInit:  CurlRequestOptions (configurable via config and command line):
[2015.09.23-17.17.04:979][  0]LogInit:  - bVerifyPeer = true  - Libcurl will verify peer certificate
[2015.09.23-17.17.04:979][  0]LogInit:  - bUseHttpProxy = false  - Libcurl will NOT use HTTP proxy
[2015.09.23-17.17.04:979][  0]LogInit:  - bDontReuseConnections = false  - Libcurl will reuse connections
[2015.09.23-17.17.04:979][  0]LogInit:  - CertBundlePath = nullptr  - Libcurl will use whatever was configured at build time.
[2015.09.23-17.17.04:992][  0]LogOnline:Warning: No default platform service specified for OnlineSubsystem
[2015.09.23-17.17.05:008][  0]LogInit: Presizing for 0 objects not considered by GC, pre-allocating 0 bytes.
[2015.09.23-17.17.05:016][  0]LogInit: Object subsystem initialized
[2015.09.23-17.17.05:017][  0]LogConsoleResponse:Warning: Skipping Unknown console variable: 'UIScaleCurve = (EditorCurveData=(Keys=((Time=480.000000,Value=0.444000),(Time=720.000000,Value=0.666000),(Time=1080.000000,Value=1.000000),(Time=8640.000000,Value=8.000000))),ExternalCurve=None)'
[2015.09.23-17.17.05:017][  0]LogConsoleResponse:Warning:   Found in ini file 'C:/Users/Bodoo/Documents/Programmieren/Projekte/NotPartofTheGame/Saved/Config/Windows/Engine.ini', in section '[/Script/Engine.RendererSettings]'
[2015.09.23-17.17.05:017][  0]LogConsoleManager:Warning: Console variable 'r.MSAA.CompositingSampleCount' wasn't set ('Scalability' has a lower priority than 'ProjectSetting')
[2015.09.23-17.17.05:017][  0]LogInit: Selected Device Profile: [Windows]
[2015.09.23-17.17.05:017][  0]LogInit: Applying CVar settings loaded from the selected device profile: [Windows]
[2015.09.23-17.17.05:020][  0]LogInit: Computer: DESKTOP-GLF6O4V
[2015.09.23-17.17.05:020][  0]LogInit: User: Bodoo
[2015.09.23-17.17.05:020][  0]LogInit: CPU Page size=4096, Cores=4
[2015.09.23-17.17.05:020][  0]LogInit: High frequency timer resolution =3.215354 MHz
[2015.09.23-17.17.05:020][  0]LogMemory: Memory total: Physical=12.0GB (12GB approx)
[2015.09.23-17.17.05:020][  0]LogMemory: Platform Memory Stats for Windows
[2015.09.23-17.17.05:020][  0]LogMemory: Process Physical Memory: 51.23 MB used, 51.23 MB peak
[2015.09.23-17.17.05:020][  0]LogMemory: Process Virtual Memory: 22.66 MB used, 22.66 MB peak
[2015.09.23-17.17.05:020][  0]LogMemory: Physical Memory: 2772.49 MB used, 12270.45 MB total
[2015.09.23-17.17.05:020][  0]LogMemory: Virtual Memory: 310.63 MB used, 134217728.00 MB total
[2015.09.23-17.17.05:048][  0]LogTextLocalizationManager: The requested culture ('de_DE') has no localization data; falling back to 'en' for localization and internationalization data.
[2015.09.23-17.17.05:288][  0]LogTextLocalizationManager:Warning: Loaded localization resources contain conflicting entries for (Namespace:ContentBrowser, Key:ImportAssetToolTip):
Localization Resource: (C:/Users/Bodoo/Documents/Programmieren/4.8/Engine/Content/Localization/Editor/en/Editor.locres) Source String Hash: (-630476809) Localized String: (Import to {0}...)
Localization Resource: (C:/Users/Bodoo/Documents/Programmieren/4.8/Engine/Content/Localization/Editor/en/Editor.locres) Source String Hash: (1271782899) Localized String: (Imports an asset from file to this folder.)
[2015.09.23-17.17.05:622][  0]LogD3D11RHI: Found D3D11 adapter 0: AMD Radeon HD 6800 Series (Feature Level 11_0)
[2015.09.23-17.17.05:622][  0]LogD3D11RHI: Adapter has 1011MB of dedicated video memory, 0MB of dedicated system memory, and 3840MB of shared system memory, 1 output[s]
[2015.09.23-17.17.05:623][  0]LogD3D11RHI: Found D3D11 adapter 1: Microsoft Basic Render Driver (Feature Level 11_0)
[2015.09.23-17.17.05:623][  0]LogD3D11RHI: Adapter has 0MB of dedicated video memory, 0MB of dedicated system memory, and 6135MB of shared system memory, 0 output[s]
[2015.09.23-17.17.05:623][  0]LogD3D11RHI: Chosen D3D11 Adapter Id = 0
[2015.09.23-17.17.05:626][  0]LogD3D11RHI: InitD3DDevice
[2015.09.23-17.17.05:626][  0]LogD3D11RHI: !Direct3DDevice
[2015.09.23-17.17.05:626][  0]LogRHI: Texture pool is 708 MB (70% of 1011 MB)
[2015.09.23-17.17.05:632][  0]LogD3D11RHI: Async texture creation disabled: no driver support
[2015.09.23-17.17.05:641][  0]LogShaderCompilers:Display: Using Local Shader Compiler.
[2015.09.23-17.17.06:426][  0]LogTemp:Display: Loaded TP DesktopTargetPlatform
[2015.09.23-17.17.06:441][  0]LogTemp:Display: Loaded TP WindowsClientTargetPlatform
[2015.09.23-17.17.06:455][  0]LogTemp:Display: Loaded TP WindowsNoEditorTargetPlatform
[2015.09.23-17.17.06:469][  0]LogTemp:Display: Loaded TP WindowsServerTargetPlatform
[2015.09.23-17.17.06:485][  0]LogTemp:Display: Loaded TP WindowsTargetPlatform
[2015.09.23-17.17.06:497][  0]LogTemp:Display: Loaded TP AndroidTargetPlatform
[2015.09.23-17.17.06:509][  0]LogTemp:Display: Loaded TP Android_ASTCTargetPlatform
[2015.09.23-17.17.06:521][  0]LogTemp:Display: Loaded TP Android_ATCTargetPlatform
[2015.09.23-17.17.06:533][  0]LogTemp:Display: Loaded TP Android_DXTTargetPlatform
[2015.09.23-17.17.06:545][  0]LogTemp:Display: Loaded TP Android_ETC1TargetPlatform
[2015.09.23-17.17.06:558][  0]LogTemp:Display: Loaded TP Android_ETC2TargetPlatform
[2015.09.23-17.17.06:572][  0]LogTemp:Display: Loaded TP Android_PVRTCTargetPlatform
[2015.09.23-17.17.06:619][  0]LogTemp:Display: Loaded TP IOSTargetPlatform
[2015.09.23-17.17.06:631][  0]LogTemp:Display: Loaded TP LinuxNoEditorTargetPlatform
[2015.09.23-17.17.06:643][  0]LogTemp:Display: Loaded TP LinuxServerTargetPlatform
[2015.09.23-17.17.06:657][  0]LogTemp:Display: Loaded TP LinuxTargetPlatform
[2015.09.23-17.17.06:657][  0]LogTargetPlatformManager:Display: Building Assets For Windows
[2015.09.23-17.17.06:858][  0]LogDerivedDataCache:Display: Max Cache Size: 512 MB
[2015.09.23-17.17.06:927][  0]LogDerivedDataCache: Loaded boot cache 0.07s 53MB C:/Users/Bodoo/AppData/Local/UnrealEngine/4.8/DerivedDataCache/Boot.ddc.
[2015.09.23-17.17.06:927][  0]LogDerivedDataCache:Display: Loaded Boot cache: C:/Users/Bodoo/AppData/Local/UnrealEngine/4.8/DerivedDataCache/Boot.ddc
[2015.09.23-17.17.06:927][  0]LogDerivedDataCache: FDerivedDataBackendGraph:  Pak pak cache file ../../../../Projekte/NotPartofTheGame/DerivedDataCache/DDC.ddp not found, will not use a pak cache.
[2015.09.23-17.17.06:927][  0]LogDerivedDataCache: Unable to find inner node Pak for hierarchical cache Hierarchy.
[2015.09.23-17.17.06:927][  0]LogDerivedDataCache: FDerivedDataBackendGraph:  CompressedPak pak cache file ../../../../Projekte/NotPartofTheGame/DerivedDataCache/Compressed.ddp not found, will not use a pak cache.
[2015.09.23-17.17.06:927][  0]LogDerivedDataCache: Unable to find inner node CompressedPak for hierarchical cache Hierarchy.
[2015.09.23-17.17.07:072][  0]LogDerivedDataCache:Display: Pak cache opened for reading ../../../Engine/DerivedDataCache/Compressed.ddp.
[2015.09.23-17.17.07:084][  0]LogDerivedDataCache: Using Local data cache path C:/Users/Bodoo/AppData/Local/UnrealEngine/Common/DerivedDataCache: Writable
[2015.09.23-17.17.07:313][  0]LogInit: Selected Device Profile: [Windows]
[2015.09.23-17.17.07:397][  0]ImportText (ComponentSweepMultiTests): Missing closing parenthesis: (RootShapeAsset="/Engine/BasicShapes/Cube.Cube",ShapeType="TriggerCapsule",HitResult=(Time=0.50,Location=(X=-100.000015,Y=0.0,Z=100.000015),ImpactPoint=(X=-50.0,Y=0.0,Z=50.0),Normal=(X=-1.0,Y=-0.0,Z=0.0),ImpactNormal=(X=0.0,Y=0.0,Z=1.0),TraceStart=(X=-200.0,Y=0.0,Z=200.0),TraceEnd=(X=0.0,Y=0.0,Z=0.0))
[2015.09.23-17.17.07:398][  0]ImportText (LineTraceSingleByChannelTests): Missing closing parenthesis: (RootShapeAsset="/Engine/BasicShapes/Cube.Cube",HitResult=(Time=0.50,Location=(X=-100.000015,Y=0.0,Z=100.000015),ImpactPoint=(X=-50.0,Y=0.0,Z=50.0),Normal=(X=-1.0,Y=-0.0,Z=0.0),ImpactNormal=(X=0.0,Y=0.0,Z=1.0),TraceStart=(X=-200.0,Y=0.0,Z=200.0),TraceEnd=(X=0.0,Y=0.0,Z=0.0))
[2015.09.23-17.17.07:425][  0]LogMeshUtilities: No automatic mesh reduction module available
[2015.09.23-17.17.07:425][  0]LogMeshUtilities: No automatic mesh merging module available
[2015.09.23-17.17.07:720][  0]LogInit: WinSock: version 1.1 (2.2), MaxSocks=32767, MaxUdp=65467
[2015.09.23-17.17.08:152][  0]LogD3D11RHI: InitD3DDevice
[2015.09.23-17.17.08:156][  0]LogWindowsMoviePlayer: Unable to load movie: ../../../../Projekte/NotPartofTheGame/Content/Movies/Default_Startup.mp4
[2015.09.23-17.17.08:296][  0]LogAssetRegistry: FAssetRegistry took 0.0001 seconds to start up
[2015.09.23-17.17.08:339][  0]SourceControl: Info Source control is disabled
[2015.09.23-17.17.08:339][  0]SourceControl: Info Source control is disabled
[2015.09.23-17.17.08:349][  0]SourceControl: Info Source control is disabled
[2015.09.23-17.17.08:528][  0]LogObj: 25913 objects as part of root set at end of initial load.
[2015.09.23-17.17.08:528][  0]LogUObjectAllocator: 5218488 out of 0 bytes used by permanent object pool.
[2015.09.23-17.17.08:596][  0]LogAutomationTest:Warning: ERR: Transient text cannot be serialized "Testing Transient serialization detection".
[2015.09.23-17.17.08:596][  0]LogEngine: Initializing Engine...
[2015.09.23-17.17.08:598][  0]LogHMD: Can't find Oculus library dev build: is proper Runtime installed? Version: 0.6.0.0
[2015.09.23-17.17.08:599][  0]LogHMD:Warning: SteamVR failed to initialize.  Error: 110
[2015.09.23-17.17.08:691][  0]LogInit: XAudio2 using 'Lautsprecher (Realtek High Definition Audio)' : 2 channels at 48 kHz using 32 bits per sample (channel mask 0x3)
[2015.09.23-17.17.08:699][  0]LogInit: FAudioDevice initialized.
[2015.09.23-17.17.08:711][  0]LogInit: Texture streaming: Disabled
[2015.09.23-17.17.08:774][  0]LogNet: Browse: /Temp/Autosaves/Game/NPOTG/Maps/UEDPCTesting_Level?Name=Player
[2015.09.23-17.17.08:774][  0]LogLoad: LoadMap: /Temp/Autosaves/Game/NPOTG/Maps/UEDPCTesting_Level?Name=Player
[2015.09.23-17.17.08:785][  0]LogParticles: Destroying 0 GPU particle simulations for FXSystem 0x0000003A07953560
[2015.09.23-17.17.08:793][  0]LogMemory: Platform Memory Stats for Windows
[2015.09.23-17.17.08:793][  0]LogMemory: Process Physical Memory: 336.70 MB used, 336.71 MB peak
[2015.09.23-17.17.08:793][  0]LogMemory: Process Virtual Memory: 372.80 MB used, 372.80 MB peak
[2015.09.23-17.17.08:793][  0]LogMemory: Physical Memory: 3006.60 MB used, 12270.45 MB total
[2015.09.23-17.17.08:793][  0]LogMemory: Virtual Memory: 889.85 MB used, 134217728.00 MB total
[2015.09.23-17.17.08:793][  0]LogMemory: 
[2015.09.23-17.17.08:793][  0]Allocator Stats for TBB: (not implemented)
[2015.09.23-17.17.09:092][  0]LogProperty:Warning: ERR: Transient text cannot be serialized "ReturnValue Z".
[2015.09.23-17.17.09:092][  0]LogProperty:Warning: ERR: Transient text cannot be serialized "ReturnValue Y".
[2015.09.23-17.17.09:092][  0]LogProperty:Warning: ERR: Transient text cannot be serialized "ReturnValue X".
[2015.09.23-17.17.09:417][  0]LogProperty:Warning: ERR: Transient text cannot be serialized "ReturnValue Z".
[2015.09.23-17.17.09:418][  0]LogProperty:Warning: ERR: Transient text cannot be serialized "ReturnValue Y".
[2015.09.23-17.17.09:418][  0]LogProperty:Warning: ERR: Transient text cannot be serialized "ReturnValue X".
[2015.09.23-17.17.09:790][  0]LogProperty:Warning: ERR: Transient text cannot be serialized "NewRotation Roll".
[2015.09.23-17.17.09:791][  0]LogProperty:Warning: ERR: Transient text cannot be serialized "NewRotation Yaw".
[2015.09.23-17.17.09:791][  0]LogProperty:Warning: ERR: Transient text cannot be serialized "NewRotation Pitch".
[2015.09.23-17.17.09:791][  0]LogProperty:Warning: ERR: Transient text cannot be serialized "NewRotation Roll".
[2015.09.23-17.17.09:791][  0]LogProperty:Warning: ERR: Transient text cannot be serialized "NewRotation Yaw".
[2015.09.23-17.17.09:791][  0]LogProperty:Warning: ERR: Transient text cannot be serialized "NewRotation Pitch".
[2015.09.23-17.17.09:796][  0]LogProperty:Warning: ERR: Transient text cannot be serialized "ReturnValue Z".
[2015.09.23-17.17.09:796][  0]LogProperty:Warning: ERR: Transient text cannot be serialized "ReturnValue Y".
[2015.09.23-17.17.09:796][  0]LogProperty:Warning: ERR: Transient text cannot be serialized "ReturnValue X".
[2015.09.23-17.17.09:858][  0]LogProperty:Warning: ERR: Transient text cannot be serialized "NewRotation Roll".
[2015.09.23-17.17.09:858][  0]LogProperty:Warning: ERR: Transient text cannot be serialized "NewRotation Yaw".
[2015.09.23-17.17.09:858][  0]LogProperty:Warning: ERR: Transient text cannot be serialized "NewRotation Pitch".
[2015.09.23-17.17.09:858][  0]LogProperty:Warning: ERR: Transient text cannot be serialized "NewRotation Roll".
[2015.09.23-17.17.09:858][  0]LogProperty:Warning: ERR: Transient text cannot be serialized "NewRotation Yaw".
[2015.09.23-17.17.09:858][  0]LogProperty:Warning: ERR: Transient text cannot be serialized "NewRotation Pitch".
[2015.09.23-17.17.09:863][  0]LogProperty:Warning: ERR: Transient text cannot be serialized "ReturnValue Z".
[2015.09.23-17.17.09:863][  0]LogProperty:Warning: ERR: Transient text cannot be serialized "ReturnValue Y".
[2015.09.23-17.17.09:863][  0]LogProperty:Warning: ERR: Transient text cannot be serialized "ReturnValue X".
[2015.09.23-17.17.11:066][  0]LogAIModule: Creating AISystem for world Testing_Level
[2015.09.23-17.17.11:066][  0]LogWorld: Game class is '2DSideScrollerGameMode_C'
[2015.09.23-17.17.11:154][  0]LogWorld: Bringing World /Temp/Autosaves/Game/NPOTG/Maps/UEDPCTesting_Level.Testing_Level up for play (max tick rate 0) at 2015.09.23-19.17.11
[2015.09.23-17.17.11:171][  0]LogWorld: Bringing up level for play took: 0.100952
[2015.09.23-17.17.11:176][  0]LogInit:Display: Game Engine Initialized.
[2015.09.23-17.17.11:399][  0]LogLoad: Full Startup: 8.01 seconds (BP compile: 1.17 seconds)
[2015.09.23-17.17.11:416][  0]LogWindowsTextInputMethodSystem:Display: IME system now deactivated.
[2015.09.23-17.17.11:416][  0]LogWindowsTextInputMethodSystem:Display: IME system now deactivated.
[2015.09.23-17.17.11:419][  0]LogContentStreaming: Texture pool size is 1000.000000MB
[2015.09.23-17.17.11:550][  0]LogRenderer: Reallocating scene render targets to support 1280x720 (Frame:2).
[2015.09.23-17.17.11:674][  1]LogScript:Warning: Accessed None 'PointA'
	wolf_C /Temp/Autosaves/Game/NPOTG/Maps/UEDPCTesting_Level.Testing_Level:PersistentLevel.wolf_C_15
	Function /Game/NPOTG/Blueprints/Charaktere/wolf.wolf_C:ExecuteUbergraph_wolf:0466
[2015.09.23-17.17.11:674][  1]LogScript:Warning: Accessed None 'PointB'
	wolf_C /Temp/Autosaves/Game/NPOTG/Maps/UEDPCTesting_Level.Testing_Level:PersistentLevel.wolf_C_15
	Function /Game/NPOTG/Blueprints/Charaktere/wolf.wolf_C:ExecuteUbergraph_wolf:0491
[2015.09.23-17.17.11:690][  2]LogScript:Warning: Accessed None 'PointA'
	wolf_C /Temp/Autosaves/Game/NPOTG/Maps/UEDPCTesting_Level.Testing_Level:PersistentLevel.wolf_C_15
	Function /Game/NPOTG/Blueprints/Charaktere/wolf.wolf_C:ExecuteUbergraph_wolf:0466
[2015.09.23-17.17.11:690][  2]LogScript:Warning: Accessed None 'PointB'
	wolf_C /Temp/Autosaves/Game/NPOTG/Maps/UEDPCTesting_Level.Testing_Level:PersistentLevel.wolf_C_15
	Function /Game/NPOTG/Blueprints/Charaktere/wolf.wolf_C:ExecuteUbergraph_wolf:0491
[2015.09.23-17.17.11:711][  3]LogScript:Warning: Accessed None 'PointA'
	wolf_C /Temp/Autosaves/Game/NPOTG/Maps/UEDPCTesting_Level.Testing_Level:PersistentLevel.wolf_C_15
	Function /Game/NPOTG/Blueprints/Charaktere/wolf.wolf_C:ExecuteUbergraph_wolf:0466
[2015.09.23-17.17.11:711][  3]LogScript:Warning: Accessed None 'PointB'
	wolf_C /Temp/Autosaves/Game/NPOTG/Maps/UEDPCTesting_Level.Testing_Level:PersistentLevel.wolf_C_15
	Function /Game/NPOTG/Blueprints/Charaktere/wolf.wolf_C:ExecuteUbergraph_wolf:0491
[2015.09.23-17.17.11:727][  4]LogScript:Warning: Accessed None 'PointA'
	wolf_C /Temp/Autosaves/Game/NPOTG/Maps/UEDPCTesting_Level.Testing_Level:PersistentLevel.wolf_C_15
	Function /Game/NPOTG/Blueprints/Charaktere/wolf.wolf_C:ExecuteUbergraph_wolf:0466
[2015.09.23-17.17.11:727][  4]LogScript:Warning: Accessed None 'PointB'
	wolf_C /Temp/Autosaves/Game/NPOTG/Maps/UEDPCTesting_Level.Testing_Level:PersistentLevel.wolf_C_15
	Function /Game/NPOTG/Blueprints/Charaktere/wolf.wolf_C:ExecuteUbergraph_wolf:0491
[2015.09.23-17.17.11:743][  5]LogScript:Warning: Accessed None 'PointA'
	wolf_C /Temp/Autosaves/Game/NPOTG/Maps/UEDPCTesting_Level.Testing_Level:PersistentLevel.wolf_C_15
	Function /Game/NPOTG/Blueprints/Charaktere/wolf.wolf_C:ExecuteUbergraph_wolf:0466
[2015.09.23-17.17.11:743][  5]LogScript:Warning: Accessed None 'PointB'
	wolf_C /Temp/Autosaves/Game/NPOTG/Maps/UEDPCTesting_Level.Testing_Level:PersistentLevel.wolf_C_15
	Function /Game/NPOTG/Blueprints/Charaktere/wolf.wolf_C:ExecuteUbergraph_wolf:0491
[2015.09.23-17.17.11:759][  6]LogScript:Warning: Accessed None 'PointA'
	wolf_C /Temp/Autosaves/Game/NPOTG/Maps/UEDPCTesting_Level.Testing_Level:PersistentLevel.wolf_C_15
	Function /Game/NPOTG/Blueprints/Charaktere/wolf.wolf_C:ExecuteUbergraph_wolf:0466
[2015.09.23-17.17.11:759][  6]LogScript:Warning: Accessed None 'PointB'
	wolf_C /Temp/Autosaves/Game/NPOTG/Maps/UEDPCTesting_Level.Testing_Level:PersistentLevel.wolf_C_15
	Function /Game/NPOTG/Blueprints/Charaktere/wolf.wolf_C:ExecuteUbergraph_wolf:0491
[2015.09.23-17.17.11:775][  7]LogScript:Warning: Accessed None 'PointA'
	wolf_C /Temp/Autosaves/Game/NPOTG/Maps/UEDPCTesting_Level.Testing_Level:PersistentLevel.wolf_C_15
	Function /Game/NPOTG/Blueprints/Charaktere/wolf.wolf_C:ExecuteUbergraph_wolf:0466
[2015.09.23-17.17.11:775][  7]LogScript:Warning: Accessed None 'PointB'
	wolf_C /Temp/Autosaves/Game/NPOTG/Maps/UEDPCTesting_Level.Testing_Level:PersistentLevel.wolf_C_15
	Function /Game/NPOTG/Blueprints/Charaktere/wolf.wolf_C:ExecuteUbergraph_wolf:0491
[2015.09.23-17.17.11:791][  8]LogScript:Warning: Accessed None 'PointA'
	wolf_C /Temp/Autosaves/Game/NPOTG/Maps/UEDPCTesting_Level.Testing_Level:PersistentLevel.wolf_C_15
	Function /Game/NPOTG/Blueprints/Charaktere/wolf.wolf_C:ExecuteUbergraph_wolf:0466
[2015.09.23-17.17.11:791][  8]LogScript:Warning: Accessed None 'PointB'
	wolf_C /Temp/Autosaves/Game/NPOTG/Maps/UEDPCTesting_Level.Testing_Level:PersistentLevel.wolf_C_15
	Function /Game/NPOTG/Blueprints/Charaktere/wolf.wolf_C:ExecuteUbergraph_wolf:0491
[2015.09.23-17.17.11:807][  9]LogScript:Warning: Accessed None 'PointA'
	wolf_C /Temp/Autosaves/Game/NPOTG/Maps/UEDPCTesting_Level.Testing_Level:PersistentLevel.wolf_C_15
	Function /Game/NPOTG/Blueprints/Charaktere/wolf.wolf_C:ExecuteUbergraph_wolf:0466
[2015.09.23-17.17.14:532][178]Set new viewmode: Unlit
[2015.09.23-17.17.20:849][569]LogScriptCore: Script call stack:
	Function /Game/NPOTG/Blueprints/Charaktere/wolf.wolf_C:BndEvt__see cone_K2Node_ComponentBoundEvent_90_ComponentBeginOverlapSignature__DelegateSignature
	Function /Game/NPOTG/Blueprints/Charaktere/wolf.wolf_C:ExecuteUbergraph_wolf
	Function /Game/NPOTG/Blueprints/Charaktere/wolf.wolf_C:start the fight
	Function /Game/NPOTG/Blueprints/Charaktere/wolf.wolf_C:construct fight
	Function /Game/NPOTG/Blueprints/Charaktere/wolf.wolf_C:start the fight
	Function /Game/NPOTG/Blueprints/Charaktere/wolf.wolf_C:construct fight
	Function /Game/NPOTG/Blueprints/Charaktere/wolf.wolf_C:start the fight
	Function /Game/NPOTG/Blueprints/Charaktere/wolf.wolf_C:construct fight
	Function /Game/NPOTG/Blueprints/Charaktere/wolf.wolf_C:start the fight
	Function /Game/NPOTG/Blueprints/Charaktere/wolf.wolf_C:construct fight
	Function /Game/NPOTG/Blueprints/Charaktere/wolf.wolf_C:start the fight
	Function /Game/NPOTG/Blueprints/Charaktere/wolf.wolf_C:construct fight
	Function /Game/NPOTG/Blueprints/Charaktere/wolf.wolf_C:start the fight
	Function /Game/NPOTG/Blueprints/Charaktere/wolf.wolf_C:construct fight
	Function /Game/NPOTG/Blueprints/Charaktere/wolf.wolf_C:start the fight
	Function /Game/NPOTG/Blueprints/Charaktere/wolf.wolf_C:construct fight
	Function /Game/NPOTG/Blueprints/Charaktere/wolf.wolf_C:start the fight
	Function /Game/NPOTG/Blueprints/Charaktere/wolf.wolf_C:construct fight
	Function /Game/NPOTG/Blueprints/Charaktere/wolf.wolf_C:start the fight
	Function /Game/NPOTG/Blueprints/Charaktere/wolf.wolf_C:construct fight
	Function /Game/NPOTG/Blueprints/Charaktere/wolf.wolf_C:start the fight
	Function /Game/NPOTG/Blueprints/Charaktere/wolf.wolf_C:construct fight
	Function /Game/NPOTG/Blueprints/Charaktere/wolf.wolf_C:start the fight
	Function /Game/NPOTG/Blueprints/Charaktere/wolf.wolf_C:construct fight
	Function /Game/NPOTG/Blueprints/Charaktere/wolf.wolf_C:start the fight
	Function /Game/NPOTG/Blueprints/Charaktere/wolf.wolf_C:construct fight
	Function /Game/NPOTG/Blueprints/Charaktere/wolf.wolf_C:start the fight
	Function /Game/NPOTG/Blueprints/Charaktere/wolf.wolf_C:construct fight
	Function /Game/NPOTG/Blueprints/Charaktere/wolf.wolf_C:start the fight
	Function /Game/NPOTG/Blueprints/Charaktere/wolf.wolf_C:construct fight
	Function /Game/NPOTG/Blueprints/Charaktere/wolf.wolf_C:start the fight
	Function /Game/NPOTG/Blueprints/Charaktere/wolf.wolf_C:construct fight
	Function /Game/NPOTG/Blueprints/Charaktere/wolf.wolf_C:start the fight
	Function /Game/NPOTG/Blueprints/Charaktere/wolf.wolf_C:construct fight
	Function /Game/NPOTG/Blueprints/Charaktere/wolf.wolf_C:start the fight
	Function /Game/NPOTG/Blueprints/Charaktere/wolf.wolf_C:construct fight
	Function /Game/NPOTG/Blueprints/Charaktere/wolf.wolf_C:start the fight
	Function /Game/NPOTG/Blueprints/Charaktere/wolf.wolf_C:construct fight
	Function /Game/NPOTG/Blueprints/Charaktere/wolf.wolf_C:start the fight
	Function /Game/NPOTG/Blueprints/Charaktere/wolf.wolf_C:construct fight
	Function /Game/NPOTG/Blueprints/Charaktere/wolf.wolf_C:start the fight
	Function /Game/NPOTG/Blueprints/Charaktere/wolf.wolf_C:construct fight
	Function /Game/NPOTG/Blueprints/Charaktere/wolf.wolf_C:start the fight
	Function /Game/NPOTG/Blueprints/Charaktere/wolf.wolf_C:construct fight
	Function /Game/NPOTG/Blueprints/Charaktere/wolf.wolf_C:start the fight
	Function /Game/NPOTG/Blueprints/Charaktere/wolf.wolf_C:construct fight
	Function /Game/NPOTG/Blueprints/Charaktere/wolf.wolf_C:start the fight
	Function /Game/NPOTG/Blueprints/Charaktere/wolf.wolf_C:construct fight
	Function /Game/NPOTG/Blueprints/Charaktere/wolf.wolf_C:start the fight
	Function /Game/NPOTG/Blueprints/Charaktere/wolf.wolf_C:construct fight
	Function /Game/NPOTG/Blueprints/Charaktere/wolf.wolf_C:start the fight
	Function /Game/NPOTG/Blueprints/Charaktere/wolf.wolf_C:construct fight
	Function /Game/NPOTG/Blueprints/Charaktere/wolf.wolf_C:start the fight
	Function /Game/NPOTG/Blueprints/Charaktere/wolf.wolf_C:construct fight
	Function /Game/NPOTG/Blueprints/Charaktere/wolf.wolf_C:start the fight
	Function /Game/NPOTG/Blueprints/Charaktere/wolf.wolf_C:construct fight
	Function /Game/NPOTG/Blueprints/Charaktere/wolf.wolf_C:start the fight
	Function /Game/NPOTG/Blueprints/Charaktere/wolf.wolf_C:construct fight
	Function /Game/NPOTG/Blueprints/Charaktere/wolf.wolf_C:start the fight
	Function /Game/NPOTG/Blueprints/Charaktere/wolf.wolf_C:construct fight
	Function /Game/NPOTG/Blueprints/Charaktere/wolf.wolf_C:start the fight
	Function /Game/NPOTG/Blueprints/Charaktere/wolf.wolf_C:construct fight
	Function /Game/NPOTG/Blueprints/Charaktere/wolf.wolf_C:start the fight
	Function /Game/NPOTG/Blueprints/Charaktere/wolf.wolf_C:construct fight
	Function /Game/NPOTG/Blueprints/Charaktere/wolf.wolf_C:start the fight
	Function /Game/NPOTG/Blueprints/Charaktere/wolf.wolf_C:construct fight
	Function /Game/NPOTG/Blueprints/Charaktere/wolf.wolf_C:start the fight
	Function /Game/NPOTG/Blueprints/Charaktere/wolf.wolf_C:construct fight
	Function /Game/NPOTG/Blueprints/Charaktere/wolf.wolf_C:start the fight
	Function /Game/NPOTG/Blueprints/Charaktere/wolf.wolf_C:construct fight
	Function /Game/NPOTG/Blueprints/Charaktere/wolf.wolf_C:start the fight
	Function /Game/NPOTG/Blueprints/Charaktere/wolf.wolf_C:construct fight
	Function /Game/NPOTG/Blueprints/Charaktere/wolf.wolf_C:start the fight
	Function /Game/NPOTG/Blueprints/Charaktere/wolf.wolf_C:construct fight
	Function /Game/NPOTG/Blueprints/Charaktere/wolf.wolf_C:start the fight
	Function /Game/NPOTG/Blueprints/Charaktere/wolf.wolf_C:construct fight
	Function /Game/NPOTG/Blueprints/Charaktere/wolf.wolf_C:start the fight
	Function /Game/NPOTG/Blueprints/Charaktere/wolf.wolf_C:construct fight
	Function /Game/NPOTG/Blueprints/Charaktere/wolf.wolf_C:start the fight
	Function /Game/NPOTG/Blueprints/Charaktere/wolf.wolf_C:construct fight
	Function /Game/NPOTG/Blueprints/Charaktere/wolf.wolf_C:start the fight
	Function /Game/NPOTG/Blueprints/Charaktere/wolf.wolf_C:construct fight
	Function /Game/NPOTG/Blueprints/Charaktere/wolf.wolf_C:start the fight
	Function /Game/NPOTG/Blueprints/Charaktere/wolf.wolf_C:construct fight
	Function /Game/NPOTG/Blueprints/Charaktere/wolf.wolf_C:start the fight
	Function /Game/NPOTG/Blueprints/Charaktere/wolf.wolf_C:construct fight
	Function /Game/NPOTG/Blueprints/Charaktere/wolf.wolf_C:start the fight
	Function /Game/NPOTG/Blueprints/Charaktere/wolf.wolf_C:construct fight
	Function /Game/NPOTG/Blueprints/Charaktere/wolf.wolf_C:start the fight
	Function /Game/NPOTG/Blueprints/Charaktere/wolf.wolf_C:construct fight
	Function /Game/NPOTG/Blueprints/Charaktere/wolf.wolf_C:start the fight
	Function /Game/NPOTG/Blueprints/Charaktere/wolf.wolf_C:construct fight
	Function /Game/NPOTG/Blueprints/Charaktere/wolf.wolf_C:start the fight
	Function /Game/NPOTG/Blueprints/Charaktere/wolf.wolf_C:construct fight
	Function /Game/NPOTG/Blueprints/Charaktere/wolf.wolf_C:start the fight
	Function /Game/NPOTG/Blueprints/Charaktere/wolf.wolf_C:construct fight
	Function /Game/NPOTG/Blueprints/Charaktere/wolf.wolf_C:start the fight
	Function /Game/NPOTG/Blueprints/Charaktere/wolf.wolf_C:construct fight
	Function /Game/NPOTG/Blueprints/Charaktere/wolf.wolf_C:start the fight
	Function /Game/NPOTG/Blueprints/Charaktere/wolf.wolf_C:construct fight
	Function /Game/NPOTG/Blueprints/Charaktere/wolf.wolf_C:start the fight
	Function /Game/NPOTG/Blueprints/Charaktere/wolf.wolf_C:construct fight
	Function /Game/NPOTG/Blueprints/Charaktere/wolf.wolf_C:start the fight
	Function /Game/NPOTG/Blueprints/Charaktere/wolf.wolf_C:construct fight
	Function /Game/NPOTG/Blueprints/Charaktere/wolf.wolf_C:start the fight
	Function /Game/NPOTG/Blueprints/Charaktere/wolf.wolf_C:construct fight
	Function /Game/NPOTG/Blueprints/Charaktere/wolf.wolf_C:start the fight
	Function /Game/NPOTG/Blueprints/Charaktere/wolf.wolf_C:construct fight
	Function /Game/NPOTG/Blueprints/Charaktere/wolf.wolf_C:start the fight
	Function /Game/NPOTG/Blueprints/Charaktere/wolf.wolf_C:construct fight
	Function /Game/NPOTG/Blueprints/Charaktere/wolf.wolf_C:start the fight
	Function /Game/NPOTG/Blueprints/Charaktere/wolf.wolf_C:construct fight
	Function /Game/NPOTG/Blueprints/Charaktere/wolf.wolf_C:start the fight
	Function /Game/NPOTG/Blueprints/Charaktere/wolf.wolf_C:construct fight
	Function /Game/NPOTG/Blueprints/Charaktere/wolf.wolf_C:start the fight
	Function /Game/NPOTG/Blueprints/Charaktere/wolf.wolf_C:construct fight
	Function /Game/NPOTG/Blueprints/Charaktere/wolf.wolf_C:start the fight
	Function /Game/NPOTG/Blueprints/Charaktere/wolf.wolf_C:construct fight
	Function /Game/NPOTG/Blueprints/Charaktere/wolf.wolf_C:start the fight
	Function /Game/NPOTG/Blueprints/Charaktere/wolf.wolf_C:construct fight
	Function /Game/NPOTG/Blueprints/Charaktere/wolf.wolf_C:start the fight
	Function /Game/NPOTG/Blueprints/Charaktere/wolf.wolf_C:construct fight
	Function /Game/NPOTG/Blueprints/Charaktere/wolf.wolf_C:start the fight
	Function /Game/NPOTG/Blueprints/Charaktere/wolf.wolf_C:construct fight
	Function /Game/NPOTG/Blueprints/Charaktere/wolf.wolf_C:start the fight
	Function /Game/NPOTG/Blueprints/Charaktere/wolf.wolf_C:construct fight
	Function /Game/NPOTG/Blueprints/Charaktere/wolf.wolf_C:start the fight
	Function /Game/NPOTG/Blueprints/Charaktere/wolf.wolf_C:construct fight
	Function /Game/NPOTG/Blueprints/Charaktere/wolf.wolf_C:start the fight
	Function /Game/NPOTG/Blueprints/Charaktere/wolf.wolf_C:construct fight
	Function /Game/NPOTG/Blueprints/Charaktere/wolf.wolf_C:start the fight
	Function /Game/NPOTG/Blueprints/Charaktere/wolf.wolf_C:construct fight
	Function /Game/NPOTG/Blueprints/Charaktere/wolf.wolf_C:start the fight
	Function /Game/NPOTG/Blueprints/Charaktere/wolf.wolf_C:construct fight
	Function /Game/NPOTG/Blueprints/Charaktere/wolf.wolf_C:start the fight
	Function /Game/NPOTG/Blueprints/Charaktere/wolf.wolf_C:construct fight
	Function /Game/NPOTG/Blueprints/Charaktere/wolf.wolf_C:start the fight
	Function /Game/NPOTG/Blueprints/Charaktere/wolf.wolf_C:construct fight
	Function /Game/NPOTG/Blueprints/Charaktere/wolf.wolf_C:start the fight
	Function /Game/NPOTG/Blueprints/Charaktere/wolf.wolf_C:construct fight
	Function /Game/NPOTG/Blueprints/Charaktere/wolf.wolf_C:start the fight
	Function /Game/NPOTG/Blueprints/Charaktere/wolf.wolf_C:construct fight
	Function /Game/NPOTG/Blueprints/Charaktere/wolf.wolf_C:start the fight
	Function /Game/NPOTG/Blueprints/Charaktere/wolf.wolf_C:construct fight
	Function /Game/NPOTG/Blueprints/Charaktere/wolf.wolf_C:start the fight
	Function /Game/NPOTG/Blueprints/Charaktere/wolf.wolf_C:construct fight
	Function /Game/NPOTG/Blueprints/Charaktere/wolf.wolf_C:start the fight
	Function /Game/NPOTG/Blueprints/Charaktere/wolf.wolf_C:construct fight
	Function /Game/NPOTG/Blueprints/Charaktere/wolf.wolf_C:start the fight
	Function /Game/NPOTG/Blueprints/Charaktere/wolf.wolf_C:construct fight
	Function /Game/NPOTG/Blueprints/Charaktere/wolf.wolf_C:start the fight
	Function /Game/NPOTG/Blueprints/Charaktere/wolf.wolf_C:construct fight
	Function /Game/NPOTG/Blueprints/Charaktere/wolf.wolf_C:start the fight
	Function /Game/NPOTG/Blueprints/Charaktere/wolf.wolf_C:construct fight
	Function /Game/NPOTG/Blueprints/Charaktere/wolf.wolf_C:start the fight
	Function /Game/NPOTG/Blueprints/Charaktere/wolf.wolf_C:construct fight
	Function /Game/NPOTG/Blueprints/Charaktere/wolf.wolf_C:start the fight
	Function /Game/NPOTG/Blueprints/Charaktere/wolf.wolf_C:construct fight
	Function /Game/NPOTG/Blueprints/Charaktere/wolf.wolf_C:start the fight
	Function /Game/NPOTG/Blueprints/Charaktere/wolf.wolf_C:construct fight
	Function /Game/NPOTG/Blueprints/Charaktere/wolf.wolf_C:start the fight
	Function /Game/NPOTG/Blueprints/Charaktere/wolf.wolf_C:construct fight
	Function /Game/NPOTG/Blueprints/Charaktere/wolf.wolf_C:start the fight
	Function /Game/NPOTG/Blueprints/Charaktere/wolf.wolf_C:construct fight
	Function /Game/NPOTG/Blueprints/Charaktere/wolf.wolf_C:start the fight
	Function /Game/NPOTG/Blueprints/Charaktere/wolf.wolf_C:construct fight
	Function /Game/NPOTG/Blueprints/Charaktere/wolf.wolf_C:start the fight
	Function /Game/NPOTG/Blueprints/Charaktere/wolf.wolf_C:construct fight
	Function /Game/NPOTG/Blueprints/Charaktere/wolf.wolf_C:start the fight
	Function /Game/NPOTG/Blueprints/Charaktere/wolf.wolf_C:construct fight
	Function /Game/NPOTG/Blueprints/Charaktere/wolf.wolf_C:start the fight
	Function /Game/NPOTG/Blueprints/Charaktere/wolf.wolf_C:construct fight
	Function /Game/NPOTG/Blueprints/Charaktere/wolf.wolf_C:start the fight
	Function /Game/NPOTG/Blueprints/Charaktere/wolf.wolf_C:construct fight
	Function /Game/NPOTG/Blueprints/Charaktere/wolf.wolf_C:start the fight
	Function /Game/NPOTG/Blueprints/Charaktere/wolf.wolf_C:construct fight
	Function /Game/NPOTG/Blueprints/Charaktere/wolf.wolf_C:start the fight
	Function /Game/NPOTG/Blueprints/Charaktere/wolf.wolf_C:construct fight
	Function /Game/NPOTG/Blueprints/Charaktere/wolf.wolf_C:start the fight
	Function /Game/NPOTG/Blueprints/Charaktere/wolf.wolf_C:construct fight
	Function /Game/NPOTG/Blueprints/Charaktere/wolf.wolf_C:start the fight
	Function /Game/NPOTG/Blueprints/Charaktere/wolf.wolf_C:construct fight
	Function /Game/NPOTG/Blueprints/Charaktere/wolf.wolf_C:start the fight
	Function /Game/NPOTG/Blueprints/Charaktere/wolf.wolf_C:construct fight
	Function /Game/NPOTG/Blueprints/Charaktere/wolf.wolf_C:start the fight
	Function /Game/NPOTG/Blueprints/Charaktere/wolf.wolf_C:construct fight
	Function /Game/NPOTG/Blueprints/Charaktere/wolf.wolf_C:start the fight
	Function /Game/NPOTG/Blueprints/Charaktere/wolf.wolf_C:construct fight
	Function /Game/NPOTG/Blueprints/Charaktere/wolf.wolf_C:start the fight
	Function /Game/NPOTG/Blueprints/Charaktere/wolf.wolf_C:construct fight
	Function /Game/NPOTG/Blueprints/Charaktere/wolf.wolf_C:start the fight
	Function /Game/NPOTG/Blueprints/Charaktere/wolf.wolf_C:construct fight
	Function /Game/NPOTG/Blueprints/Charaktere/wolf.wolf_C:start the fight
	Function /Game/NPOTG/Blueprints/Charaktere/wolf.wolf_C:construct fight
	Function /Game/NPOTG/Blueprints/Charaktere/wolf.wolf_C:start the fight
	Function /Game/NPOTG/Blueprints/Charaktere/wolf.wolf_C:construct fight
	Function /Game/NPOTG/Blueprints/Charaktere/wolf.wolf_C:start the fight
	Function /Game/NPOTG/Blueprints/Charaktere/wolf.wolf_C:construct fight
	Function /Game/NPOTG/Blueprints/Charaktere/wolf.wolf_C:start the fight
	Function /Game/NPOTG/Blueprints/Charaktere/wolf.wolf_C:construct fight
	Function /Game/NPOTG/Blueprints/Charaktere/wolf.wolf_C:start the fight
	Function /Game/NPOTG/Blueprints/Charaktere/wolf.wolf_C:construct fight
	Function /Game/NPOTG/Blueprints/Charaktere/wolf.wolf_C:start the fight
	Function /Game/NPOTG/Blueprints/Charaktere/wolf.wolf_C:construct fight
	Function /Game/NPOTG/Blueprints/Charaktere/wolf.wolf_C:start the fight
	Function /Game/NPOTG/Blueprints/Charaktere/wolf.wolf_C:construct fight
	Function /Game/NPOTG/Blueprints/Charaktere/wolf.wolf_C:start the fight
	Function /Game/NPOTG/Blueprints/Charaktere/wolf.wolf_C:construct fight
	Function /Game/NPOTG/Blueprints/Charaktere/wolf.wolf_C:start the fight
	Function /Game/NPOTG/Blueprints/Charaktere/wolf.wolf_C:construct fight
	Function /Game/NPOTG/Blueprints/Charaktere/wolf.wolf_C:start the fight
	Function /Game/NPOTG/Blueprints/Charaktere/wolf.wolf_C:construct fight
	Function /Game/NPOTG/Blueprints/Charaktere/wolf.wolf_C:start the fight
	Function /Game/NPOTG/Blueprints/Charaktere/wolf.wolf_C:construct fight
	Function /Game/NPOTG/Blueprints/Charaktere/wolf.wolf_C:start the fight
	Function /Game/NPOTG/Blueprints/Charaktere/wolf.wolf_C:construct fight
	Function /Game/NPOTG/Blueprints/Charaktere/wolf.wolf_C:start the fight
	Function /Game/NPOTG/Blueprints/Charaktere/wolf.wolf_C:construct fight
	Function /Game/NPOTG/Blueprints/Charaktere/wolf.wolf_C:start the fight
	Function /Game/NPOTG/Blueprints/Charaktere/wolf.wolf_C:construct fight
	Function /Game/NPOTG/Blueprints/Charaktere/wolf.wolf_C:start the fight
	Function /Game/NPOTG/Blueprints/Charaktere/wolf.wolf_C:construct fight
	Function /Game/NPOTG/Blueprints/Charaktere/wolf.wolf_C:start the fight
	Function /Game/NPOTG/Blueprints/Charaktere/wolf.wolf_C:construct fight
	Function /Game/NPOTG/Blueprints/Charaktere/wolf.wolf_C:start the fight
	Function /Game/NPOTG/Blueprints/Charaktere/wolf.wolf_C:construct fight
	Function /Game/NPOTG/Blueprints/Charaktere/wolf.wolf_C:start the fight
	Function /Game/NPOTG/Blueprints/Charaktere/wolf.wolf_C:construct fight
	Function /Game/NPOTG/Blueprints/Charaktere/wolf.wolf_C:start the fight
	Function /Game/NPOTG/Blueprints/Charaktere/wolf.wolf_C:construct fight
	Function /Game/NPOTG/Blueprints/Charaktere/wolf.wolf_C:start the fight
	Function /Game/NPOTG/Blueprints/Charaktere/wolf.wolf_C:construct fight
	Function /Game/NPOTG/Blueprints/Charaktere/wolf.wolf_C:start the fight
	Function /Game/NPOTG/Blueprints/Charaktere/wolf.wolf_C:construct fight
	Function /Game/NPOTG/Blueprints/Charaktere/wolf.wolf_C:start the fight
	Function /Game/NPOTG/Blueprints/Charaktere/wolf.wolf_C:construct fight
	Function /Game/NPOTG/Blueprints/Charaktere/wolf.wolf_C:start the fight
	Function /Game/NPOTG/Blueprints/Charaktere/wolf.wolf_C:construct fight
	Function /Game/NPOTG/Blueprints/Charaktere/wolf.wolf_C:start the fight
	Function /Game/NPOTG/Blueprints/Charaktere/wolf.wolf_C:construct fight
	Function /Game/NPOTG/Blueprints/Charaktere/wolf.wolf_C:start the fight
	Function /Game/NPOTG/Blueprints/Charaktere/wolf.wolf_C:construct fight
	Function /Game/NPOTG/Blueprints/Charaktere/wolf.wolf_C:start the fight
	Function /Game/NPOTG/Blueprints/Charaktere/wolf.wolf_C:construct fight
	Function /Game/NPOTG/Blueprints/Charaktere/wolf.wolf_C:start the fight
	Function /Game/NPOTG/Blueprints/Charaktere/wolf.wolf_C:construct fight
	Function /Game/NPOTG/Blueprints/Charaktere/wolf.wolf_C:start the fight
	Function /Game/NPOTG/Blueprints/Charaktere/wolf.wolf_C:construct fight

[2015.09.23-17.17.20:849][569]LogScript:Warning: Infinite script recursion (250 calls) detected
	wolf_C /Temp/Autosaves/Game/NPOTG/Maps/UEDPCTesting_Level.Testing_Level:PersistentLevel.wolf_C_14
	Function /Game/NPOTG/Blueprints/Charaktere/wolf.wolf_C:construct fight:0000
[2015.09.23-17.17.20:863][570]LogBlueprintUserMessages: 9.838652
[2015.09.23-17.17.20:863][570]LogBlueprintUserMessages: PRINT
[2015.09.23-17.17.20:878][571]LogBlueprintUserMessages: 9.758035
[2015.09.23-17.17.20:878][571]LogBlueprintUserMessages: PRINT
[2015.09.23-17.17.20:895][572]LogBlueprintUserMessages: 9.677389
[2015.09.23-17.17.20:895][572]LogBlueprintUserMessages: PRINT
[2015.09.23-17.17.20:911][573]LogBlueprintUserMessages: 9.596744
[2015.09.23-17.17.20:911][573]LogBlueprintUserMessages: PRINT
[2015.09.23-17.17.20:928][574]LogBlueprintUserMessages: 9.516098
[2015.09.23-17.17.20:928][574]LogBlueprintUserMessages: PRINT
[2015.09.23-17.17.20:944][575]LogBlueprintUserMessages: 9.435452
[2015.09.23-17.17.20:944][575]LogBlueprintUserMessages: PRINT
[2015.09.23-17.17.20:959][576]LogBlueprintUserMessages: 9.354807
[2015.09.23-17.17.20:959][576]LogBlueprintUserMessages: PRINT
[2015.09.23-17.17.20:975][577]LogBlueprintUserMessages: 9.274161
[2015.09.23-17.17.20:975][577]LogBlueprintUserMessages: PRINT
[2015.09.23-17.17.20:991][578]LogBlueprintUserMessages: 9.193516
[2015.09.23-17.17.20:991][578]LogBlueprintUserMessages: PRINT
[2015.09.23-17.17.21:007][579]LogBlueprintUserMessages: 9.11287
[2015.09.23-17.17.21:008][579]LogBlueprintUserMessages: PRINT
[2015.09.23-17.17.21:024][580]LogBlueprintUserMessages: 9.032225
[2015.09.23-17.17.21:024][580]LogBlueprintUserMessages: PRINT
[2015.09.23-17.17.21:040][581]LogBlueprintUserMessages: 8.951579
[2015.09.23-17.17.21:040][581]LogBlueprintUserMessages: PRINT
[2015.09.23-17.17.21:056][582]LogBlueprintUserMessages: 8.870934
[2015.09.23-17.17.21:056][582]LogBlueprintUserMessages: PRINT
[2015.09.23-17.17.21:072][583]LogBlueprintUserMessages: 8.790219
[2015.09.23-17.17.21:072][583]LogBlueprintUserMessages: PRINT
[2015.09.23-17.17.21:088][584]LogBlueprintUserMessages: 8.709608
[2015.09.23-17.17.21:088][584]LogBlueprintUserMessages: PRINT
[2015.09.23-17.17.21:104][585]LogBlueprintUserMessages: 8.628963
[2015.09.23-17.17.21:104][585]LogBlueprintUserMessages: PRINT
[2015.09.23-17.17.21:120][586]LogBlueprintUserMessages: 8.548317
[2015.09.23-17.17.21:120][586]LogBlueprintUserMessages: PRINT
[2015.09.23-17.17.21:136][587]LogBlueprintUserMessages: 8.467671
[2015.09.23-17.17.21:137][587]LogBlueprintUserMessages: PRINT
[2015.09.23-17.17.21:153][588]LogBlueprintUserMessages: 8.387026
[2015.09.23-17.17.21:153][588]LogBlueprintUserMessages: PRINT
[2015.09.23-17.17.21:170][589]LogBlueprintUserMessages: 8.30638
[2015.09.23-17.17.21:170][589]LogBlueprintUserMessages: PRINT
[2015.09.23-17.17.21:186][590]LogBlueprintUserMessages: 8.225735
[2015.09.23-17.17.21:186][590]LogBlueprintUserMessages: PRINT
[2015.09.23-17.17.21:202][591]LogBlueprintUserMessages: 8.145089
[2015.09.23-17.17.21:202][591]LogBlueprintUserMessages: PRINT
[2015.09.23-17.17.21:218][592]LogBlueprintUserMessages: 8.064444
[2015.09.23-17.17.21:218][592]LogBlueprintUserMessages: PRINT
[2015.09.23-17.17.21:233][593]LogBlueprintUserMessages: 7.983798
[2015.09.23-17.17.21:233][593]LogBlueprintUserMessages: PRINT
[2015.09.23-17.17.21:250][594]LogBlueprintUserMessages: 7.903152
[2015.09.23-17.17.21:250][594]LogBlueprintUserMessages: PRINT
[2015.09.23-17.17.21:265][595]LogBlueprintUserMessages: 7.822505
[2015.09.23-17.17.21:265][595]LogBlueprintUserMessages: PRINT
[2015.09.23-17.17.21:282][596]LogBlueprintUserMessages: 7.741859
[2015.09.23-17.17.21:282][596]LogBlueprintUserMessages: PRINT
[2015.09.23-17.17.21:298][597]LogBlueprintUserMessages: 7.661213
[2015.09.23-17.17.21:298][597]LogBlueprintUserMessages: PRINT
[2015.09.23-17.17.21:314][598]LogBlueprintUserMessages: 7.580567
[2015.09.23-17.17.21:314][598]LogBlueprintUserMessages: PRINT
[2015.09.23-17.17.21:330][599]LogBlueprintUserMessages: 7.499921
[2015.09.23-17.17.21:330][599]LogBlueprintUserMessages: PRINT
[2015.09.23-17.17.21:346][600]LogBlueprintUserMessages: 7.419275
[2015.09.23-17.17.21:346][600]LogBlueprintUserMessages: PRINT
[2015.09.23-17.17.21:362][601]LogBlueprintUserMessages: 7.338629
[2015.09.23-17.17.21:362][601]LogBlueprintUserMessages: PRINT
[2015.09.23-17.17.21:378][602]LogBlueprintUserMessages: 7.257983
[2015.09.23-17.17.21:378][602]LogBlueprintUserMessages: PRINT
[2015.09.23-17.17.21:394][603]LogBlueprintUserMessages: 7.177337
[2015.09.23-17.17.21:395][603]LogBlueprintUserMessages: PRINT
[2015.09.23-17.17.21:411][604]LogBlueprintUserMessages: 7.096691
[2015.09.23-17.17.21:412][604]LogBlueprintUserMessages: PRINT
[2015.09.23-17.17.21:428][605]LogBlueprintUserMessages: 7.016045
[2015.09.23-17.17.21:428][605]LogBlueprintUserMessages: PRINT
[2015.09.23-17.17.21:443][606]LogBlueprintUserMessages: 6.935399
[2015.09.23-17.17.21:443][606]LogBlueprintUserMessages: PRINT
[2015.09.23-17.17.21:459][607]LogBlueprintUserMessages: 6.854753
[2015.09.23-17.17.21:460][607]LogBlueprintUserMessages: PRINT
[2015.09.23-17.17.21:476][608]LogBlueprintUserMessages: 6.774107
[2015.09.23-17.17.21:476][608]LogBlueprintUserMessages: PRINT
[2015.09.23-17.17.21:491][609]LogBlueprintUserMessages: 6.693461
[2015.09.23-17.17.21:491][609]LogBlueprintUserMessages: PRINT
[2015.09.23-17.17.21:507][610]LogBlueprintUserMessages: 6.612815
[2015.09.23-17.17.21:507][610]LogBlueprintUserMessages: PRINT
[2015.09.23-17.17.21:523][611]LogBlueprintUserMessages: 6.532169
[2015.09.23-17.17.21:523][611]LogBlueprintUserMessages: PRINT
[2015.09.23-17.17.21:540][612]LogBlueprintUserMessages: 6.451523
[2015.09.23-17.17.21:541][612]LogBlueprintUserMessages: PRINT
[2015.09.23-17.17.21:557][613]LogBlueprintUserMessages: 6.370877
[2015.09.23-17.17.21:557][613]LogBlueprintUserMessages: PRINT
[2015.09.23-17.17.21:573][614]LogBlueprintUserMessages: 6.290231
[2015.09.23-17.17.21:573][614]LogBlueprintUserMessages: PRINT
[2015.09.23-17.17.21:589][615]LogBlueprintUserMessages: 6.209585
[2015.09.23-17.17.21:589][615]LogBlueprintUserMessages: PRINT
[2015.09.23-17.17.21:604][616]LogBlueprintUserMessages: 6.128939
[2015.09.23-17.17.21:604][616]LogBlueprintUserMessages: PRINT
[2015.09.23-17.17.21:620][617]LogBlueprintUserMessages: 6.048293
[2015.09.23-17.17.21:620][617]LogBlueprintUserMessages: PRINT
[2015.09.23-17.17.21:637][618]LogBlueprintUserMessages: 5.967647
[2015.09.23-17.17.21:637][618]LogBlueprintUserMessages: PRINT
[2015.09.23-17.17.21:653][619]LogBlueprintUserMessages: 5.887001
[2015.09.23-17.17.21:653][619]LogBlueprintUserMessages: PRINT
[2015.09.23-17.17.21:670][620]LogBlueprintUserMessages: 5.806355
[2015.09.23-17.17.21:670][620]LogBlueprintUserMessages: PRINT
[2015.09.23-17.17.21:685][621]LogBlueprintUserMessages: 5.725708
[2015.09.23-17.17.21:685][621]LogBlueprintUserMessages: PRINT
[2015.09.23-17.17.21:701][622]LogBlueprintUserMessages: 5.645062
[2015.09.23-17.17.21:701][622]LogBlueprintUserMessages: PRINT
[2015.09.23-17.17.21:717][623]LogBlueprintUserMessages: 5.564416
[2015.09.23-17.17.21:717][623]LogBlueprintUserMessages: PRINT
[2015.09.23-17.17.21:733][624]LogBlueprintUserMessages: 5.48377
[2015.09.23-17.17.21:733][624]LogBlueprintUserMessages: PRINT
[2015.09.23-17.17.21:750][625]LogBlueprintUserMessages: 5.403124
[2015.09.23-17.17.21:750][625]LogBlueprintUserMessages: PRINT
[2015.09.23-17.17.21:765][626]LogBlueprintUserMessages: 5.322478
[2015.09.23-17.17.21:765][626]LogBlueprintUserMessages: PRINT
[2015.09.23-17.17.21:781][627]LogBlueprintUserMessages: 5.241832
[2015.09.23-17.17.21:782][627]LogBlueprintUserMessages: PRINT
[2015.09.23-17.17.21:798][628]LogBlueprintUserMessages: 5.161186
[2015.09.23-17.17.21:798][628]LogBlueprintUserMessages: PRINT
[2015.09.23-17.17.21:814][629]LogBlueprintUserMessages: 5.08054
[2015.09.23-17.17.21:814][629]LogBlueprintUserMessages: PRINT
[2015.09.23-17.17.21:830][630]LogBlueprintUserMessages: 4.999894
[2015.09.23-17.17.21:830][630]LogBlueprintUserMessages: PRINT
[2015.09.23-17.17.21:846][631]LogBlueprintUserMessages: 4.919248
[2015.09.23-17.17.21:846][631]LogBlueprintUserMessages: PRINT
[2015.09.23-17.17.21:863][632]LogBlueprintUserMessages: 4.838602
[2015.09.23-17.17.21:863][632]LogBlueprintUserMessages: PRINT
[2015.09.23-17.17.21:878][633]LogBlueprintUserMessages: 4.757956
[2015.09.23-17.17.21:878][633]LogBlueprintUserMessages: PRINT
[2015.09.23-17.17.21:895][634]LogBlueprintUserMessages: 4.67731
[2015.09.23-17.17.21:895][634]LogBlueprintUserMessages: PRINT
[2015.09.23-17.17.21:912][635]LogBlueprintUserMessages: 4.596664
[2015.09.23-17.17.21:912][635]LogBlueprintUserMessages: PRINT
[2015.09.23-17.17.21:927][636]LogBlueprintUserMessages: 4.516018
[2015.09.23-17.17.21:927][636]LogBlueprintUserMessages: PRINT
[2015.09.23-17.17.21:943][637]LogBlueprintUserMessages: 4.435372
[2015.09.23-17.17.21:943][637]LogBlueprintUserMessages: PRINT
[2015.09.23-17.17.21:959][638]LogBlueprintUserMessages: 4.354726
[2015.09.23-17.17.21:959][638]LogBlueprintUserMessages: PRINT
[2015.09.23-17.17.21:975][639]LogBlueprintUserMessages: 4.27408
[2015.09.23-17.17.21:975][639]LogBlueprintUserMessages: PRINT
[2015.09.23-17.17.21:992][640]LogBlueprintUserMessages: 4.193434
[2015.09.23-17.17.21:992][640]LogBlueprintUserMessages: PRINT
[2015.09.23-17.17.22:007][641]LogBlueprintUserMessages: 4.112788
[2015.09.23-17.17.22:007][641]LogBlueprintUserMessages: PRINT
[2015.09.23-17.17.22:024][642]LogBlueprintUserMessages: 4.032142
[2015.09.23-17.17.22:024][642]LogBlueprintUserMessages: PRINT
[2015.09.23-17.17.22:041][643]LogBlueprintUserMessages: 3.951496
[2015.09.23-17.17.22:041][643]LogBlueprintUserMessages: PRINT
[2015.09.23-17.17.22:056][644]LogBlueprintUserMessages: 3.87085
[2015.09.23-17.17.22:056][644]LogBlueprintUserMessages: PRINT
[2015.09.23-17.17.22:072][645]LogBlueprintUserMessages: 3.790204
[2015.09.23-17.17.22:073][645]LogBlueprintUserMessages: PRINT
[2015.09.23-17.17.22:088][646]LogBlueprintUserMessages: 3.709558
[2015.09.23-17.17.22:088][646]LogBlueprintUserMessages: PRINT
[2015.09.23-17.17.22:104][647]LogBlueprintUserMessages: 3.628913
[2015.09.23-17.17.22:104][647]LogBlueprintUserMessages: PRINT
[2015.09.23-17.17.22:121][648]LogBlueprintUserMessages: 3.548267
[2015.09.23-17.17.22:121][648]LogBlueprintUserMessages: PRINT
[2015.09.23-17.17.22:137][649]LogBlueprintUserMessages: 3.467621
[2015.09.23-17.17.22:137][649]LogBlueprintUserMessages: PRINT
[2015.09.23-17.17.22:153][650]LogBlueprintUserMessages: 3.386975
[2015.09.23-17.17.22:153][650]LogBlueprintUserMessages: PRINT
[2015.09.23-17.17.22:169][651]LogBlueprintUserMessages: 3.306329
[2015.09.23-17.17.22:169][651]LogBlueprintUserMessages: PRINT
[2015.09.23-17.17.22:185][652]LogBlueprintUserMessages: 3.225684
[2015.09.23-17.17.22:185][652]LogBlueprintUserMessages: PRINT
[2015.09.23-17.17.22:201][653]LogBlueprintUserMessages: 3.145038
[2015.09.23-17.17.22:201][653]LogBlueprintUserMessages: PRINT
[2015.09.23-17.17.22:218][654]LogBlueprintUserMessages: 3.064392
[2015.09.23-17.17.22:218][654]LogBlueprintUserMessages: PRINT
[2015.09.23-17.17.22:234][655]LogBlueprintUserMessages: 2.983746
[2015.09.23-17.17.22:234][655]LogBlueprintUserMessages: PRINT
[2015.09.23-17.17.22:250][656]LogBlueprintUserMessages: 2.9031
[2015.09.23-17.17.22:250][656]LogBlueprintUserMessages: PRINT
[2015.09.23-17.17.22:266][657]LogBlueprintUserMessages: 2.822455
[2015.09.23-17.17.22:266][657]LogBlueprintUserMessages: PRINT
[2015.09.23-17.17.22:282][658]LogBlueprintUserMessages: 2.741809
[2015.09.23-17.17.22:282][658]LogBlueprintUserMessages: PRINT
[2015.09.23-17.17.22:298][659]LogBlueprintUserMessages: 2.661163
[2015.09.23-17.17.22:298][659]LogBlueprintUserMessages: PRINT
[2015.09.23-17.17.22:314][660]LogBlueprintUserMessages: 2.580517
[2015.09.23-17.17.22:314][660]LogBlueprintUserMessages: PRINT
[2015.09.23-17.17.22:330][661]LogBlueprintUserMessages: 2.499871
[2015.09.23-17.17.22:330][661]LogBlueprintUserMessages: PRINT
[2015.09.23-17.17.22:346][662]LogBlueprintUserMessages: 2.419226
[2015.09.23-17.17.22:346][662]LogBlueprintUserMessages: PRINT
[2015.09.23-17.17.22:362][663]LogBlueprintUserMessages: 2.33858
[2015.09.23-17.17.22:362][663]LogBlueprintUserMessages: PRINT
[2015.09.23-17.17.22:378][664]LogBlueprintUserMessages: 2.257934
[2015.09.23-17.17.22:378][664]LogBlueprintUserMessages: PRINT
[2015.09.23-17.17.22:395][665]LogBlueprintUserMessages: 2.177288
[2015.09.23-17.17.22:395][665]LogBlueprintUserMessages: PRINT
[2015.09.23-17.17.22:411][666]LogBlueprintUserMessages: 2.096642
[2015.09.23-17.17.22:411][666]LogBlueprintUserMessages: PRINT
[2015.09.23-17.17.22:427][667]LogBlueprintUserMessages: 2.015997
[2015.09.23-17.17.22:427][667]LogBlueprintUserMessages: PRINT
[2015.09.23-17.17.22:443][668]LogBlueprintUserMessages: 1.935351
[2015.09.23-17.17.22:443][668]LogBlueprintUserMessages: PRINT
[2015.09.23-17.17.22:459][669]LogBlueprintUserMessages: 1.854705
[2015.09.23-17.17.22:459][669]LogBlueprintUserMessages: PRINT
[2015.09.23-17.17.22:475][670]LogBlueprintUserMessages: 1.774059
[2015.09.23-17.17.22:475][670]LogBlueprintUserMessages: PRINT
[2015.09.23-17.17.22:492][671]LogBlueprintUserMessages: 1.693413
[2015.09.23-17.17.22:492][671]LogBlueprintUserMessages: PRINT
[2015.09.23-17.17.22:508][672]LogBlueprintUserMessages: 1.612767
[2015.09.23-17.17.22:508][672]LogBlueprintUserMessages: PRINT
[2015.09.23-17.17.22:524][673]LogBlueprintUserMessages: 1.532121
[2015.09.23-17.17.22:524][673]LogBlueprintUserMessages: PRINT
[2015.09.23-17.17.22:540][674]LogBlueprintUserMessages: 1.451475
[2015.09.23-17.17.22:540][674]LogBlueprintUserMessages: PRINT
[2015.09.23-17.17.22:556][675]LogBlueprintUserMessages: 1.370829
[2015.09.23-17.17.22:556][675]LogBlueprintUserMessages: PRINT
[2015.09.23-17.17.22:572][676]LogBlueprintUserMessages: 1.290184
[2015.09.23-17.17.22:572][676]LogBlueprintUserMessages: PRINT
[2015.09.23-17.17.22:588][677]LogBlueprintUserMessages: 1.209538
[2015.09.23-17.17.22:588][677]LogBlueprintUserMessages: PRINT
[2015.09.23-17.17.22:604][678]LogBlueprintUserMessages: 1.128892
[2015.09.23-17.17.22:604][678]LogBlueprintUserMessages: PRINT
[2015.09.23-17.17.22:620][679]LogBlueprintUserMessages: 1.048246
[2015.09.23-17.17.22:620][679]LogBlueprintUserMessages: PRINT
[2015.09.23-17.17.22:636][680]LogBlueprintUserMessages: 0.9676
[2015.09.23-17.17.22:636][680]LogBlueprintUserMessages: PRINT
[2015.09.23-17.17.22:653][681]LogBlueprintUserMessages: 0.886954
[2015.09.23-17.17.22:653][681]LogBlueprintUserMessages: PRINT
[2015.09.23-17.17.22:669][682]LogBlueprintUserMessages: 0.806308
[2015.09.23-17.17.22:669][682]LogBlueprintUserMessages: PRINT
[2015.09.23-17.17.22:686][683]LogBlueprintUserMessages: 0.725662
[2015.09.23-17.17.22:686][683]LogBlueprintUserMessages: PRINT
[2015.09.23-17.17.22:701][684]LogBlueprintUserMessages: 0.645017
[2015.09.23-17.17.22:701][684]LogBlueprintUserMessages: PRINT
[2015.09.23-17.17.22:717][685]LogBlueprintUserMessages: 0.564371
[2015.09.23-17.17.22:717][685]LogBlueprintUserMessages: PRINT
[2015.09.23-17.17.22:734][686]LogBlueprintUserMessages: 0.483725
[2015.09.23-17.17.22:734][686]LogBlueprintUserMessages: PRINT
[2015.09.23-17.17.22:750][687]LogBlueprintUserMessages: 0.403079
[2015.09.23-17.17.22:750][687]LogBlueprintUserMessages: PRINT
[2015.09.23-17.17.22:766][688]LogBlueprintUserMessages: 0.322433
[2015.09.23-17.17.22:766][688]LogBlueprintUserMessages: PRINT
[2015.09.23-17.17.22:782][689]LogBlueprintUserMessages: 0.241787
[2015.09.23-17.17.22:782][689]LogBlueprintUserMessages: PRINT
[2015.09.23-17.17.22:798][690]LogBlueprintUserMessages: 0.161141
[2015.09.23-17.17.22:798][690]LogBlueprintUserMessages: PRINT
[2015.09.23-17.17.22:814][691]LogBlueprintUserMessages: 0.080496
[2015.09.23-17.17.22:814][691]LogBlueprintUserMessages: PRINT
[2015.09.23-17.17.22:830][692]LogBlueprintUserMessages: -0.00015
[2015.09.23-17.17.22:847][693]LogBlueprintUserMessages: -0.080796
[2015.09.23-17.17.22:862][694]LogBlueprintUserMessages: -0.161442
[2015.09.23-17.17.22:879][695]LogBlueprintUserMessages: -0.242088
[2015.09.23-17.17.22:895][696]LogBlueprintUserMessages: -0.322734
[2015.09.23-17.17.22:912][697]LogBlueprintUserMessages: -0.40338
[2015.09.23-17.17.22:927][698]LogBlueprintUserMessages: -0.484025
[2015.09.23-17.17.22:943][699]LogBlueprintUserMessages: -0.564671
[2015.09.23-17.17.22:959][700]LogBlueprintUserMessages: -0.645317
[2015.09.23-17.17.22:975][701]LogBlueprintUserMessages: -0.725963
[2015.09.23-17.17.22:991][702]LogBlueprintUserMessages: -0.806609
[2015.09.23-17.17.23:008][703]LogBlueprintUserMessages: -0.887255
[2015.09.23-17.17.23:024][704]LogBlueprintUserMessages: -0.967901
[2015.09.23-17.17.23:024][704]Closing by request
[2015.09.23-17.17.23:024][704]LogWindows: FPlatformMisc::RequestExit(0)
[2015.09.23-17.17.23:645][705]LogWindowsTextInputMethodSystem:Display: IME system now deactivated.
[2015.09.23-17.17.23:645][705]LogWindowsTextInputMethodSystem:Display: IME system now deactivated.
[2015.09.23-17.17.23:652][705]LogExit: Preparing to exit.
[2015.09.23-17.17.23:771][705]LogExit: Game engine shut down
[2015.09.23-17.17.23:776][705]LogParticles: Destroying 0 GPU particle simulations for FXSystem 0x0000003A0514AAC0
[2015.09.23-17.17.23:917][705]LogExit: Object subsystem successfully closed.
[2015.09.23-17.17.23:930][705]LogD3D11RHI: Shutdown
[2015.09.23-17.17.23:930][705]LogD3D11RHI: CleanupD3DDevice
[2015.09.23-17.17.24:012][705]LogD3D11RHI: ~FD3D11DynamicRHI
[2015.09.23-17.17.24:023][705]LogModuleManager: Shutting down and abandoning module AndroidDeviceDetection (109)
[2015.09.23-17.17.24:421][705]LogModuleManager: Shutting down and abandoning module AutomationWorker (108)
[2015.09.23-17.17.24:421][705]LogModuleManager: Shutting down and abandoning module CharacterAI (107)
[2015.09.23-17.17.24:421][705]LogModuleManager: Shutting down and abandoning module AITestSuite (106)
[2015.09.23-17.17.24:421][705]LogModuleManager: Shutting down and abandoning module GameplayDebugger (105)
[2015.09.23-17.17.24:421][705]LogModuleManager: Shutting down and abandoning module AIModule (104)
[2015.09.23-17.17.24:421][705]LogModuleManager: Shutting down and abandoning module GameLiveStreaming (103)
[2015.09.23-17.17.24:421][705]LogModuleManager: Shutting down and abandoning module StreamingPauseRendering (102)
[2015.09.23-17.17.24:421][705]LogModuleManager: Shutting down and abandoning module ProfilerService (101)
[2015.09.23-17.17.24:580][705]LogModuleManager: Shutting down and abandoning module TaskGraph (100)
[2015.09.23-17.17.24:580][705]LogModuleManager: Shutting down and abandoning module SlateRemote (99)
[2015.09.23-17.17.24:580][705]LogModuleManager: Shutting down and abandoning module SteamVRController (98)
[2015.09.23-17.17.24:580][705]LogModuleManager: Shutting down and abandoning module SteamVR (97)
[2015.09.23-17.17.24:580][705]LogModuleManager: Shutting down and abandoning module ProceduralMeshComponent (96)
[2015.09.23-17.17.24:580][705]LogModuleManager: Shutting down and abandoning module OculusRift (95)
[2015.09.23-17.17.24:580][705]LogModuleManager: Shutting down and abandoning module LeapMotionController (94)
[2015.09.23-17.17.24:589][705]LogModuleManager: Shutting down and abandoning module CustomMeshComponent (93)
[2015.09.23-17.17.24:589][705]LogModuleManager: Shutting down and abandoning module CableComponent (92)
[2015.09.23-17.17.24:589][705]LogModuleManager: Shutting down and abandoning module DesktopPlatform (91)
[2015.09.23-17.17.24:589][705]LogModuleManager: Shutting down and abandoning module DirectoryWatcher (90)
[2015.09.23-17.17.24:589][705]LogModuleManager: Shutting down and abandoning module HotReload (89)
[2015.09.23-17.17.24:589][705]LogModuleManager: Shutting down and abandoning module VisualStudioSourceCodeAccess (88)
[2015.09.23-17.17.24:589][705]LogModuleManager: Shutting down and abandoning module UObjectPlugin (87)
[2015.09.23-17.17.24:589][705]LogModuleManager: Shutting down and abandoning module SubversionSourceControl (86)
[2015.09.23-17.17.24:589][705]LogModuleManager: Shutting down and abandoning module SourceControl (85)
[2015.09.23-17.17.24:589][705]LogModuleManager: Shutting down and abandoning module PerforceSourceControl (84)
[2015.09.23-17.17.24:589][705]LogModuleManager: Shutting down and abandoning module BlankPlugin (83)
[2015.09.23-17.17.24:589][705]LogModuleManager: Shutting down and abandoning module UdpMessaging (82)
[2015.09.23-17.17.24:589][705]LogModuleManager: Shutting down and abandoning module AssetRegistry (81)
[2015.09.23-17.17.24:589][705]LogModuleManager: Shutting down and abandoning module SubstanceCore (80)
[2015.09.23-17.17.24:589][705]LogModuleManager: Shutting down and abandoning module Paper2D (79)
[2015.09.23-17.17.24:589][705]LogModuleManager: Shutting down and abandoning module WindowsMoviePlayer (78)
[2015.09.23-17.17.24:591][705]LogModuleManager: Shutting down and abandoning module Media (77)
[2015.09.23-17.17.24:591][705]LogModuleManager: Shutting down and abandoning module WmfMedia (76)
[2015.09.23-17.17.24:591][705]LogModuleManager: Shutting down and abandoning module OnlineBlueprintSupport (75)
[2015.09.23-17.17.24:591][705]LogModuleManager: Shutting down and abandoning module PropertyEditor (74)
[2015.09.23-17.17.24:591][705]LogModuleManager: Shutting down and abandoning module BehaviorTreeEditor (73)
[2015.09.23-17.17.24:591][705]LogModuleManager: Shutting down and abandoning module FunctionalTesting (72)
[2015.09.23-17.17.24:591][705]LogModuleManager: Shutting down and abandoning module CollisionAnalyzer (71)
[2015.09.23-17.17.24:591][705]LogModuleManager: Shutting down and abandoning module WorkspaceMenuStructure (70)
[2015.09.23-17.17.24:591][705]LogModuleManager: Shutting down and abandoning module MessageLog (69)
[2015.09.23-17.17.24:591][705]LogModuleManager: Shutting down and abandoning module Sequencer (68)
[2015.09.23-17.17.24:591][705]LogModuleManager: Shutting down and abandoning module AssetTools (67)
[2015.09.23-17.17.24:591][705]LogModuleManager: Shutting down and abandoning module UMGEditor (66)
[2015.09.23-17.17.24:591][705]LogModuleManager: Shutting down and abandoning module UMG (65)
[2015.09.23-17.17.24:591][705]LogModuleManager: Shutting down and abandoning module Slate (64)
[2015.09.23-17.17.24:591][705]LogModuleManager: Shutting down and abandoning module EditorStyle (63)
[2015.09.23-17.17.24:593][705]LogModuleManager: Shutting down and abandoning module SessionServices (62)
[2015.09.23-17.17.24:593][705]LogModuleManager: Shutting down and abandoning module SourceCodeAccess (61)
[2015.09.23-17.17.24:593][705]LogModuleManager: Shutting down and abandoning module HeadMountedDisplay (60)
[2015.09.23-17.17.24:593][705]LogModuleManager: Shutting down and abandoning module XAudio2 (59)
[2015.09.23-17.17.24:593][705]LogModuleManager: Shutting down and abandoning module Networking (57)
[2015.09.23-17.17.24:593][705]LogModuleManager: Shutting down and abandoning module Core (56)
[2015.09.23-17.17.24:593][705]LogModuleManager: Shutting down and abandoning module KismetCompiler (55)
[2015.09.23-17.17.24:593][705]LogModuleManager: Shutting down and abandoning module PhysXFormats (54)
[2015.09.23-17.17.24:593][705]LogModuleManager: Shutting down and abandoning module MeshUtilities (53)
[2015.09.23-17.17.24:593][705]LogModuleManager: Shutting down and abandoning module DerivedDataCache (52)
[2015.09.23-17.17.25:087][705]LogDerivedDataCache: Shutdown
[2015.09.23-17.17.25:087][705]LogModuleManager: Shutting down and abandoning module ShaderFormatOpenGL (51)
[2015.09.23-17.17.25:087][705]LogModuleManager: Shutting down and abandoning module ShaderFormatD3D (50)
[2015.09.23-17.17.25:087][705]LogModuleManager: Shutting down and abandoning module MetalShaderFormat (49)
[2015.09.23-17.17.25:087][705]LogModuleManager: Shutting down and abandoning module TextureFormatUncompressed (48)
[2015.09.23-17.17.25:087][705]LogModuleManager: Shutting down and abandoning module TextureFormatPVR (47)
[2015.09.23-17.17.25:087][705]LogModuleManager: Shutting down and abandoning module TextureFormatIntelISPCTexComp (46)
[2015.09.23-17.17.25:087][705]LogModuleManager: Shutting down and abandoning module TextureFormatDXT (45)
[2015.09.23-17.17.25:087][705]LogModuleManager: Shutting down and abandoning module ImageWrapper (44)
[2015.09.23-17.17.25:087][705]LogModuleManager: Shutting down and abandoning module TextureFormatASTC (43)
[2015.09.23-17.17.25:087][705]LogModuleManager: Shutting down and abandoning module TextureFormatAndroid (42)
[2015.09.23-17.17.25:087][705]LogModuleManager: Shutting down and abandoning module AudioFormatOpus (41)
[2015.09.23-17.17.25:087][705]LogModuleManager: Shutting down and abandoning module AudioFormatOgg (40)
[2015.09.23-17.17.25:087][705]LogModuleManager: Shutting down and abandoning module AudioFormatADPCM (39)
[2015.09.23-17.17.25:087][705]LogModuleManager: Shutting down and abandoning module LinuxTargetPlatform (38)
[2015.09.23-17.17.25:087][705]LogModuleManager: Shutting down and abandoning module LinuxServerTargetPlatform (37)
[2015.09.23-17.17.25:087][705]LogModuleManager: Shutting down and abandoning module LinuxNoEditorTargetPlatform (36)
[2015.09.23-17.17.25:087][705]LogModuleManager: Shutting down and abandoning module Messaging (35)
[2015.09.23-17.17.25:087][705]LogModuleManager: Shutting down and abandoning module IOSTargetPlatform (34)
[2015.09.23-17.17.25:087][705]LogModuleManager: Shutting down and abandoning module HTML5TargetPlatform (33)
[2015.09.23-17.17.25:087][705]LogModuleManager: Shutting down and abandoning module Android_PVRTCTargetPlatform (32)
[2015.09.23-17.17.25:087][705]LogModuleManager: Shutting down and abandoning module Android_ETC2TargetPlatform (31)
[2015.09.23-17.17.25:087][705]LogModuleManager: Shutting down and abandoning module Android_ETC1TargetPlatform (30)
[2015.09.23-17.17.25:087][705]LogModuleManager: Shutting down and abandoning module Android_DXTTargetPlatform (29)
[2015.09.23-17.17.25:087][705]LogModuleManager: Shutting down and abandoning module Android_ATCTargetPlatform (28)
[2015.09.23-17.17.25:087][705]LogModuleManager: Shutting down and abandoning module Android_ASTCTargetPlatform (27)
[2015.09.23-17.17.25:087][705]LogModuleManager: Shutting down and abandoning module AndroidTargetPlatform (26)
[2015.09.23-17.17.25:087][705]LogModuleManager: Shutting down and abandoning module WindowsTargetPlatform (25)
[2015.09.23-17.17.25:087][705]LogModuleManager: Shutting down and abandoning module WindowsServerTargetPlatform (24)
[2015.09.23-17.17.25:087][705]LogModuleManager: Shutting down and abandoning module WindowsNoEditorTargetPlatform (23)
[2015.09.23-17.17.25:087][705]LogModuleManager: Shutting down and abandoning module WindowsClientTargetPlatform (22)
[2015.09.23-17.17.25:087][705]LogModuleManager: Shutting down and abandoning module DesktopTargetPlatform (21)
[2015.09.23-17.17.25:087][705]LogModuleManager: Shutting down and abandoning module TargetPlatform (20)
[2015.09.23-17.17.25:087][705]LogModuleManager: Shutting down and abandoning module InputCore (19)
[2015.09.23-17.17.25:087][705]LogModuleManager: Shutting down and abandoning module Settings (18)
[2015.09.23-17.17.25:087][705]LogModuleManager: Shutting down and abandoning module OnlineSubsystem (16)
[2015.09.23-17.17.25:087][705]LogModuleManager: Shutting down and abandoning module HTTP (15)
[2015.09.23-17.17.25:087][705]LogModuleManager: Shutting down and abandoning module ExampleDeviceProfileSelector (14)
[2015.09.23-17.17.25:087][705]LogModuleManager: Shutting down and abandoning module TextureCompressor (13)
[2015.09.23-17.17.25:087][705]LogModuleManager: Shutting down and abandoning module ShaderCore (12)
[2015.09.23-17.17.25:087][705]LogModuleManager: Shutting down and abandoning module Landscape (11)
[2015.09.23-17.17.25:087][705]LogModuleManager: Shutting down and abandoning module SlateRHIRenderer (10)
[2015.09.23-17.17.25:088][705]LogModuleManager: Shutting down and abandoning module OpenGLDrv (9)
[2015.09.23-17.17.25:088][705]LogModuleManager: Shutting down and abandoning module D3D11RHI (8)
[2015.09.23-17.17.25:088][705]LogModuleManager: Shutting down and abandoning module Renderer (7)
[2015.09.23-17.17.25:088][705]LogModuleManager: Shutting down and abandoning module Engine (6)
[2015.09.23-17.17.25:088][705]LogModuleManager: Shutting down and abandoning module CoreUObject (5)
[2015.09.23-17.17.25:088][705]LogModuleManager: Shutting down and abandoning module NetworkFile (4)
[2015.09.23-17.17.25:088][705]LogModuleManager: Shutting down and abandoning module StreamingFile (3)
[2015.09.23-17.17.25:088][705]LogModuleManager: Shutting down and abandoning module SandboxFile (2)
[2015.09.23-17.17.25:088][705]LogModuleManager: Shutting down and abandoning module PakFile (1)
[2015.09.23-17.17.25:089][705]LogExit: Exiting.
[2015.09.23-17.17.25:090][705]Log file closed, 09/23/15 19:17:25
