[2015.08.30-21.17.58:618][  0]Log file open, 08/30/15 23:17:58
[2015.08.30-21.17.58:618][  0]LogInit:Display: Running engine for game: NotPartofGame
[2015.08.30-21.17.58:618][  0]LogInit:Display: RandInit(421150046) SRandInit(421150046).
[2015.08.30-21.17.58:618][  0]LogTaskGraph: Started task graph with 4 named threads and 7 total threads.
[2015.08.30-21.17.58:618][  0]LogStats: Stats thread started
[2015.08.30-21.17.58:618][  0]LogInit: Version: 4.8.3-2634408+++depot+UE4-Releases+4.8
[2015.08.30-21.17.58:618][  0]LogInit: API Version: 2579680
[2015.08.30-21.17.58:618][  0]LogInit: Compiled (64-bit): Jul 27 2015 16:24:33
[2015.08.30-21.17.58:618][  0]LogInit: Compiled with Visual C++: 18.00.21005.01
[2015.08.30-21.17.58:618][  0]LogInit: Build Configuration: Development
[2015.08.30-21.17.58:618][  0]LogInit: Branch Name: ++depot+UE4-Releases+4.8
[2015.08.30-21.17.58:618][  0]LogInit: Command line:  /Temp/Autosaves/Game/NPOTG/Maps/UEDPCTesting_Level -game -PIEVIACONSOLE -ResX=1280 -ResY=720  -Multiprocess 
[2015.08.30-21.17.58:618][  0]LogInit: Base directory: C:/Users/Bodoo/Documents/Programmieren/4.8/Engine/Binaries/Win64/
[2015.08.30-21.17.58:618][  0]LogInit: Rocket: 1
[2015.08.30-21.17.58:646][  0]LogInit: Using libcurl 7.41.0
[2015.08.30-21.17.58:646][  0]LogInit:  - built for x86_64-pc-win32
[2015.08.30-21.17.58:646][  0]LogInit:  - supports SSL with WinSSL
[2015.08.30-21.17.58:647][  0]LogInit:  - other features:
[2015.08.30-21.17.58:647][  0]LogInit:      CURL_VERSION_SSL
[2015.08.30-21.17.58:647][  0]LogInit:      CURL_VERSION_IPV6
[2015.08.30-21.17.58:647][  0]LogInit:      CURL_VERSION_ASYNCHDNS
[2015.08.30-21.17.58:647][  0]LogInit:      CURL_VERSION_LARGEFILE
[2015.08.30-21.17.58:647][  0]LogInit:      CURL_VERSION_IDN
[2015.08.30-21.17.58:647][  0]LogInit:  CurlRequestOptions (configurable via config and command line):
[2015.08.30-21.17.58:647][  0]LogInit:  - bVerifyPeer = true  - Libcurl will verify peer certificate
[2015.08.30-21.17.58:647][  0]LogInit:  - bUseHttpProxy = false  - Libcurl will NOT use HTTP proxy
[2015.08.30-21.17.58:647][  0]LogInit:  - bDontReuseConnections = false  - Libcurl will reuse connections
[2015.08.30-21.17.58:647][  0]LogInit:  - CertBundlePath = nullptr  - Libcurl will use whatever was configured at build time.
[2015.08.30-21.17.58:663][  0]LogOnline:Warning: No default platform service specified for OnlineSubsystem
[2015.08.30-21.17.58:683][  0]LogInit: Presizing for 0 objects not considered by GC, pre-allocating 0 bytes.
[2015.08.30-21.17.58:692][  0]LogInit: Object subsystem initialized
[2015.08.30-21.17.58:693][  0]LogConsoleResponse:Warning: Skipping Unknown console variable: 'UIScaleCurve = (EditorCurveData=(Keys=((Time=480.000000,Value=0.444000),(Time=720.000000,Value=0.666000),(Time=1080.000000,Value=1.000000),(Time=8640.000000,Value=8.000000))),ExternalCurve=None)'
[2015.08.30-21.17.58:693][  0]LogConsoleResponse:Warning:   Found in ini file 'C:/Users/Bodoo/Documents/Programmieren/Projekte/NotPartofTheGame/Saved/Config/Windows/Engine.ini', in section '[/Script/Engine.RendererSettings]'
[2015.08.30-21.17.58:693][  0]LogConsoleManager:Warning: Console variable 'r.MSAA.CompositingSampleCount' wasn't set ('Scalability' has a lower priority than 'ProjectSetting')
[2015.08.30-21.17.58:693][  0]LogInit: Selected Device Profile: [Windows]
[2015.08.30-21.17.58:693][  0]LogInit: Applying CVar settings loaded from the selected device profile: [Windows]
[2015.08.30-21.17.58:696][  0]LogInit: Computer: DESKTOP-GLF6O4V
[2015.08.30-21.17.58:696][  0]LogInit: User: Bodoo
[2015.08.30-21.17.58:696][  0]LogInit: CPU Page size=4096, Cores=4
[2015.08.30-21.17.58:696][  0]LogInit: High frequency timer resolution =3.215351 MHz
[2015.08.30-21.17.58:696][  0]LogMemory: Memory total: Physical=12.0GB (12GB approx)
[2015.08.30-21.17.58:696][  0]LogMemory: Platform Memory Stats for Windows
[2015.08.30-21.17.58:696][  0]LogMemory: Process Physical Memory: 49.86 MB used, 49.86 MB peak
[2015.08.30-21.17.58:696][  0]LogMemory: Process Virtual Memory: 22.62 MB used, 22.62 MB peak
[2015.08.30-21.17.58:696][  0]LogMemory: Physical Memory: 2909.29 MB used, 12270.70 MB total
[2015.08.30-21.17.58:696][  0]LogMemory: Virtual Memory: 310.61 MB used, 134217728.00 MB total
[2015.08.30-21.17.58:726][  0]LogTextLocalizationManager: The requested culture ('de_DE') has no localization data; falling back to 'en' for localization and internationalization data.
[2015.08.30-21.17.59:002][  0]LogTextLocalizationManager:Warning: Loaded localization resources contain conflicting entries for (Namespace:ContentBrowser, Key:ImportAssetToolTip):
Localization Resource: (C:/Users/Bodoo/Documents/Programmieren/4.8/Engine/Content/Localization/Editor/en/Editor.locres) Source String Hash: (-630476809) Localized String: (Import to {0}...)
Localization Resource: (C:/Users/Bodoo/Documents/Programmieren/4.8/Engine/Content/Localization/Editor/en/Editor.locres) Source String Hash: (1271782899) Localized String: (Imports an asset from file to this folder.)
[2015.08.30-21.17.59:362][  0]LogD3D11RHI: Found D3D11 adapter 0: AMD Radeon HD 6800 Series (Feature Level 11_0)
[2015.08.30-21.17.59:362][  0]LogD3D11RHI: Adapter has 1011MB of dedicated video memory, 0MB of dedicated system memory, and 3840MB of shared system memory, 1 output[s]
[2015.08.30-21.17.59:363][  0]LogD3D11RHI: Found D3D11 adapter 1: Microsoft Basic Render Driver (Feature Level 11_0)
[2015.08.30-21.17.59:363][  0]LogD3D11RHI: Adapter has 0MB of dedicated video memory, 0MB of dedicated system memory, and 6135MB of shared system memory, 0 output[s]
[2015.08.30-21.17.59:363][  0]LogD3D11RHI: Chosen D3D11 Adapter Id = 0
[2015.08.30-21.17.59:365][  0]LogD3D11RHI: InitD3DDevice
[2015.08.30-21.17.59:365][  0]LogD3D11RHI: !Direct3DDevice
[2015.08.30-21.17.59:365][  0]LogRHI: Texture pool is 708 MB (70% of 1011 MB)
[2015.08.30-21.17.59:371][  0]LogD3D11RHI: Async texture creation disabled: no driver support
[2015.08.30-21.17.59:382][  0]LogShaderCompilers:Display: Using Local Shader Compiler.
[2015.08.30-21.18.00:178][  0]LogTemp:Display: Loaded TP DesktopTargetPlatform
[2015.08.30-21.18.00:192][  0]LogTemp:Display: Loaded TP WindowsClientTargetPlatform
[2015.08.30-21.18.00:207][  0]LogTemp:Display: Loaded TP WindowsNoEditorTargetPlatform
[2015.08.30-21.18.00:222][  0]LogTemp:Display: Loaded TP WindowsServerTargetPlatform
[2015.08.30-21.18.00:238][  0]LogTemp:Display: Loaded TP WindowsTargetPlatform
[2015.08.30-21.18.00:250][  0]LogTemp:Display: Loaded TP AndroidTargetPlatform
[2015.08.30-21.18.00:263][  0]LogTemp:Display: Loaded TP Android_ASTCTargetPlatform
[2015.08.30-21.18.00:275][  0]LogTemp:Display: Loaded TP Android_ATCTargetPlatform
[2015.08.30-21.18.00:289][  0]LogTemp:Display: Loaded TP Android_DXTTargetPlatform
[2015.08.30-21.18.00:302][  0]LogTemp:Display: Loaded TP Android_ETC1TargetPlatform
[2015.08.30-21.18.00:315][  0]LogTemp:Display: Loaded TP Android_ETC2TargetPlatform
[2015.08.30-21.18.00:330][  0]LogTemp:Display: Loaded TP Android_PVRTCTargetPlatform
[2015.08.30-21.18.00:380][  0]LogTemp:Display: Loaded TP IOSTargetPlatform
[2015.08.30-21.18.00:393][  0]LogTemp:Display: Loaded TP LinuxNoEditorTargetPlatform
[2015.08.30-21.18.00:406][  0]LogTemp:Display: Loaded TP LinuxServerTargetPlatform
[2015.08.30-21.18.00:421][  0]LogTemp:Display: Loaded TP LinuxTargetPlatform
[2015.08.30-21.18.00:421][  0]LogTargetPlatformManager:Display: Building Assets For Windows
[2015.08.30-21.18.00:628][  0]LogDerivedDataCache:Display: Max Cache Size: 512 MB
[2015.08.30-21.18.00:692][  0]LogDerivedDataCache: Loaded boot cache 0.06s 53MB C:/Users/Bodoo/AppData/Local/UnrealEngine/4.8/DerivedDataCache/Boot.ddc.
[2015.08.30-21.18.00:692][  0]LogDerivedDataCache:Display: Loaded Boot cache: C:/Users/Bodoo/AppData/Local/UnrealEngine/4.8/DerivedDataCache/Boot.ddc
[2015.08.30-21.18.00:692][  0]LogDerivedDataCache: FDerivedDataBackendGraph:  Pak pak cache file ../../../../Projekte/NotPartofTheGame/DerivedDataCache/DDC.ddp not found, will not use a pak cache.
[2015.08.30-21.18.00:692][  0]LogDerivedDataCache: Unable to find inner node Pak for hierarchical cache Hierarchy.
[2015.08.30-21.18.00:692][  0]LogDerivedDataCache: FDerivedDataBackendGraph:  CompressedPak pak cache file ../../../../Projekte/NotPartofTheGame/DerivedDataCache/Compressed.ddp not found, will not use a pak cache.
[2015.08.30-21.18.00:692][  0]LogDerivedDataCache: Unable to find inner node CompressedPak for hierarchical cache Hierarchy.
[2015.08.30-21.18.00:840][  0]LogDerivedDataCache:Display: Pak cache opened for reading ../../../Engine/DerivedDataCache/Compressed.ddp.
[2015.08.30-21.18.00:853][  0]LogDerivedDataCache: Using Local data cache path C:/Users/Bodoo/AppData/Local/UnrealEngine/Common/DerivedDataCache: Writable
[2015.08.30-21.18.01:091][  0]LogInit: Selected Device Profile: [Windows]
[2015.08.30-21.18.01:177][  0]ImportText (ComponentSweepMultiTests): Missing closing parenthesis: (RootShapeAsset="/Engine/BasicShapes/Cube.Cube",ShapeType="TriggerCapsule",HitResult=(Time=0.50,Location=(X=-100.000015,Y=0.0,Z=100.000015),ImpactPoint=(X=-50.0,Y=0.0,Z=50.0),Normal=(X=-1.0,Y=-0.0,Z=0.0),ImpactNormal=(X=0.0,Y=0.0,Z=1.0),TraceStart=(X=-200.0,Y=0.0,Z=200.0),TraceEnd=(X=0.0,Y=0.0,Z=0.0))
[2015.08.30-21.18.01:177][  0]ImportText (LineTraceSingleByChannelTests): Missing closing parenthesis: (RootShapeAsset="/Engine/BasicShapes/Cube.Cube",HitResult=(Time=0.50,Location=(X=-100.000015,Y=0.0,Z=100.000015),ImpactPoint=(X=-50.0,Y=0.0,Z=50.0),Normal=(X=-1.0,Y=-0.0,Z=0.0),ImpactNormal=(X=0.0,Y=0.0,Z=1.0),TraceStart=(X=-200.0,Y=0.0,Z=200.0),TraceEnd=(X=0.0,Y=0.0,Z=0.0))
[2015.08.30-21.18.01:205][  0]LogMeshUtilities: No automatic mesh reduction module available
[2015.08.30-21.18.01:205][  0]LogMeshUtilities: No automatic mesh merging module available
[2015.08.30-21.18.01:487][  0]LogInit: WinSock: version 1.1 (2.2), MaxSocks=32767, MaxUdp=65467
[2015.08.30-21.18.01:919][  0]LogD3D11RHI: InitD3DDevice
[2015.08.30-21.18.01:923][  0]LogWindowsMoviePlayer: Unable to load movie: ../../../../Projekte/NotPartofTheGame/Content/Movies/Default_Startup.mp4
[2015.08.30-21.18.02:064][  0]LogAssetRegistry: FAssetRegistry took 0.0001 seconds to start up
[2015.08.30-21.18.02:108][  0]SourceControl: Info Source control is disabled
[2015.08.30-21.18.02:108][  0]SourceControl: Info Source control is disabled
[2015.08.30-21.18.02:118][  0]SourceControl: Info Source control is disabled
[2015.08.30-21.18.02:303][  0]LogObj: 25913 objects as part of root set at end of initial load.
[2015.08.30-21.18.02:303][  0]LogUObjectAllocator: 5218488 out of 0 bytes used by permanent object pool.
[2015.08.30-21.18.02:371][  0]LogAutomationTest:Warning: ERR: Transient text cannot be serialized "Testing Transient serialization detection".
[2015.08.30-21.18.02:371][  0]LogEngine: Initializing Engine...
[2015.08.30-21.18.02:374][  0]LogHMD: Can't find Oculus library dev build: is proper Runtime installed? Version: 0.6.0.0
[2015.08.30-21.18.02:375][  0]LogHMD:Warning: SteamVR failed to initialize.  Error: 110
[2015.08.30-21.18.02:465][  0]LogInit: XAudio2 using 'Lautsprecher (G510s Gaming Keyboard)' : 2 channels at 48 kHz using 16 bits per sample (channel mask 0x3)
[2015.08.30-21.18.02:471][  0]LogInit: FAudioDevice initialized.
[2015.08.30-21.18.02:480][  0]LogInit: Texture streaming: Disabled
[2015.08.30-21.18.02:543][  0]LogNet: Browse: /Temp/Autosaves/Game/NPOTG/Maps/UEDPCTesting_Level?Name=Player
[2015.08.30-21.18.02:543][  0]LogLoad: LoadMap: /Temp/Autosaves/Game/NPOTG/Maps/UEDPCTesting_Level?Name=Player
[2015.08.30-21.18.02:554][  0]LogParticles: Destroying 0 GPU particle simulations for FXSystem 0x00000091128D3560
[2015.08.30-21.18.02:562][  0]LogMemory: Platform Memory Stats for Windows
[2015.08.30-21.18.02:562][  0]LogMemory: Process Physical Memory: 335.36 MB used, 335.36 MB peak
[2015.08.30-21.18.02:562][  0]LogMemory: Process Virtual Memory: 371.73 MB used, 371.73 MB peak
[2015.08.30-21.18.02:562][  0]LogMemory: Physical Memory: 3139.41 MB used, 12270.70 MB total
[2015.08.30-21.18.02:562][  0]LogMemory: Virtual Memory: 888.81 MB used, 134217728.00 MB total
[2015.08.30-21.18.02:562][  0]LogMemory: 
[2015.08.30-21.18.02:562][  0]Allocator Stats for TBB: (not implemented)
[2015.08.30-21.18.03:467][  0]LogProperty:Warning: ERR: Transient text cannot be serialized "NewRotation Roll".
[2015.08.30-21.18.03:467][  0]LogProperty:Warning: ERR: Transient text cannot be serialized "NewRotation Yaw".
[2015.08.30-21.18.03:467][  0]LogProperty:Warning: ERR: Transient text cannot be serialized "NewRotation Pitch".
[2015.08.30-21.18.03:467][  0]LogProperty:Warning: ERR: Transient text cannot be serialized "NewRotation Roll".
[2015.08.30-21.18.03:467][  0]LogProperty:Warning: ERR: Transient text cannot be serialized "NewRotation Yaw".
[2015.08.30-21.18.03:467][  0]LogProperty:Warning: ERR: Transient text cannot be serialized "NewRotation Pitch".
[2015.08.30-21.18.03:514][  0]LogProperty:Warning: ERR: Transient text cannot be serialized "NewRotation Roll".
[2015.08.30-21.18.03:514][  0]LogProperty:Warning: ERR: Transient text cannot be serialized "NewRotation Yaw".
[2015.08.30-21.18.03:514][  0]LogProperty:Warning: ERR: Transient text cannot be serialized "NewRotation Pitch".
[2015.08.30-21.18.03:514][  0]LogProperty:Warning: ERR: Transient text cannot be serialized "NewRotation Roll".
[2015.08.30-21.18.03:514][  0]LogProperty:Warning: ERR: Transient text cannot be serialized "NewRotation Yaw".
[2015.08.30-21.18.03:514][  0]LogProperty:Warning: ERR: Transient text cannot be serialized "NewRotation Pitch".
[2015.08.30-21.18.04:399][  0]LogAIModule: Creating AISystem for world Testing_Level
[2015.08.30-21.18.04:399][  0]LogWorld: Game class is '2DSideScrollerGameMode_C'
[2015.08.30-21.18.04:461][  0]LogWorld: Bringing World /Temp/Autosaves/Game/NPOTG/Maps/UEDPCTesting_Level.Testing_Level up for play (max tick rate 0) at 2015.08.30-23.18.04
[2015.08.30-21.18.04:473][  0]LogWorld: Bringing up level for play took: 0.071560
[2015.08.30-21.18.04:478][  0]LogInit:Display: Game Engine Initialized.
[2015.08.30-21.18.04:701][  0]LogLoad: Full Startup: 7.98 seconds (BP compile: 0.95 seconds)
[2015.08.30-21.18.04:718][  0]LogWindowsTextInputMethodSystem:Display: IME system now deactivated.
[2015.08.30-21.18.04:718][  0]LogWindowsTextInputMethodSystem:Display: IME system now deactivated.
[2015.08.30-21.18.04:720][  0]LogContentStreaming: Texture pool size is 1000.000000MB
[2015.08.30-21.18.04:851][  0]LogRenderer: Reallocating scene render targets to support 1280x720 (Frame:2).
[2015.08.30-21.19.17:014][464]LogBlueprintUserMessages: 0.991935
[2015.08.30-21.19.17:014][464]LogBlueprintUserMessages: 0.991935
[2015.08.30-21.19.17:014][464]LogBlueprintUserMessages: 0.983871
[2015.08.30-21.19.17:030][465]LogBlueprintUserMessages: 0.975806
[2015.08.30-21.19.17:046][466]LogBlueprintUserMessages: 0.967742
[2015.08.30-21.19.17:062][467]LogBlueprintUserMessages: 0.959677
[2015.08.30-21.19.17:079][468]LogBlueprintUserMessages: 0.951613
[2015.08.30-21.19.17:094][469]LogBlueprintUserMessages: 0.943548
[2015.08.30-21.19.17:111][470]LogBlueprintUserMessages: 0.935484
[2015.08.30-21.19.17:127][471]LogBlueprintUserMessages: 0.927419
[2015.08.30-21.19.17:143][472]LogBlueprintUserMessages: 0.919354
[2015.08.30-21.19.17:159][473]LogBlueprintUserMessages: 0.91129
[2015.08.30-21.19.17:175][474]LogBlueprintUserMessages: 0.903225
[2015.08.30-21.19.17:191][475]LogBlueprintUserMessages: 0.895161
[2015.08.30-21.19.17:208][476]LogBlueprintUserMessages: 0.887096
[2015.08.30-21.19.17:223][477]LogBlueprintUserMessages: 0.879032
[2015.08.30-21.19.17:240][478]LogBlueprintUserMessages: 0.870967
[2015.08.30-21.19.17:256][479]LogBlueprintUserMessages: 0.862903
[2015.08.30-21.19.17:272][480]LogBlueprintUserMessages: 0.854838
[2015.08.30-21.19.17:288][481]LogBlueprintUserMessages: 0.846773
[2015.08.30-21.19.17:304][482]LogBlueprintUserMessages: 0.838709
[2015.08.30-21.19.17:320][483]LogBlueprintUserMessages: 0.830644
[2015.08.30-21.19.17:337][484]LogBlueprintUserMessages: 0.82258
[2015.08.30-21.19.17:353][485]LogBlueprintUserMessages: 0.814515
[2015.08.30-21.19.17:369][486]LogBlueprintUserMessages: 0.806451
[2015.08.30-21.19.17:385][487]LogBlueprintUserMessages: 0.798386
[2015.08.30-21.19.17:401][488]LogBlueprintUserMessages: 0.790321
[2015.08.30-21.19.17:417][489]LogBlueprintUserMessages: 0.782257
[2015.08.30-21.19.17:433][490]LogBlueprintUserMessages: 0.774192
[2015.08.30-21.19.17:449][491]LogBlueprintUserMessages: 0.766128
[2015.08.30-21.19.17:465][492]LogBlueprintUserMessages: 0.758063
[2015.08.30-21.19.17:482][493]LogBlueprintUserMessages: 0.749998
[2015.08.30-21.19.17:498][494]LogBlueprintUserMessages: 0.741934
[2015.08.30-21.19.17:514][495]LogBlueprintUserMessages: 0.733869
[2015.08.30-21.19.17:530][496]LogBlueprintUserMessages: 0.725805
[2015.08.30-21.19.17:546][497]LogBlueprintUserMessages: 0.71774
[2015.08.30-21.19.17:562][498]LogBlueprintUserMessages: 0.709675
[2015.08.30-21.19.17:578][499]LogBlueprintUserMessages: 0.701611
[2015.08.30-21.19.17:595][500]LogBlueprintUserMessages: 0.693546
[2015.08.30-21.19.17:611][501]LogBlueprintUserMessages: 0.685482
[2015.08.30-21.19.17:627][502]LogBlueprintUserMessages: 0.677417
[2015.08.30-21.19.17:642][503]LogBlueprintUserMessages: 0.669352
[2015.08.30-21.19.17:659][504]LogBlueprintUserMessages: 0.661288
[2015.08.30-21.19.17:675][505]LogBlueprintUserMessages: 0.653223
[2015.08.30-21.19.17:691][506]LogBlueprintUserMessages: 0.645159
[2015.08.30-21.19.17:707][507]LogBlueprintUserMessages: 0.637094
[2015.08.30-21.19.17:723][508]LogBlueprintUserMessages: 0.629029
[2015.08.30-21.19.17:740][509]LogBlueprintUserMessages: 0.620965
[2015.08.30-21.19.17:756][510]LogBlueprintUserMessages: 0.6129
[2015.08.30-21.19.17:772][511]LogBlueprintUserMessages: 0.604836
[2015.08.30-21.19.17:788][512]LogBlueprintUserMessages: 0.596771
[2015.08.30-21.19.17:804][513]LogBlueprintUserMessages: 0.588706
[2015.08.30-21.19.17:820][514]LogBlueprintUserMessages: 0.580642
[2015.08.30-21.19.17:837][515]LogBlueprintUserMessages: 0.572574
[2015.08.30-21.19.17:853][516]LogBlueprintUserMessages: 0.56451
[2015.08.30-21.19.17:869][517]LogBlueprintUserMessages: 0.556445
[2015.08.30-21.19.17:885][518]LogBlueprintUserMessages: 0.548381
[2015.08.30-21.19.17:901][519]LogBlueprintUserMessages: 0.540316
[2015.08.30-21.19.17:917][520]LogBlueprintUserMessages: 0.532251
[2015.08.30-21.19.17:933][521]LogBlueprintUserMessages: 0.524187
[2015.08.30-21.19.17:949][522]LogBlueprintUserMessages: 0.516122
[2015.08.30-21.19.17:965][523]LogBlueprintUserMessages: 0.508058
[2015.08.30-21.19.17:982][524]LogBlueprintUserMessages: 0.499993
[2015.08.30-21.19.17:998][525]LogBlueprintUserMessages: 0.491928
[2015.08.30-21.19.18:014][526]LogBlueprintUserMessages: 0.483864
[2015.08.30-21.19.18:030][527]LogBlueprintUserMessages: 0.475799
[2015.08.30-21.19.18:046][528]LogBlueprintUserMessages: 0.467735
[2015.08.30-21.19.18:062][529]LogBlueprintUserMessages: 0.45967
[2015.08.30-21.19.18:079][530]LogBlueprintUserMessages: 0.451605
[2015.08.30-21.19.18:095][531]LogBlueprintUserMessages: 0.443539
[2015.08.30-21.19.18:111][532]LogBlueprintUserMessages: 0.435474
[2015.08.30-21.19.18:127][533]LogBlueprintUserMessages: 0.427409
[2015.08.30-21.19.18:143][534]LogBlueprintUserMessages: 0.419345
[2015.08.30-21.19.18:158][535]LogBlueprintUserMessages: 0.41128
[2015.08.30-21.19.18:175][536]LogBlueprintUserMessages: 0.403215
[2015.08.30-21.19.18:191][537]LogBlueprintUserMessages: 0.395151
[2015.08.30-21.19.18:207][538]LogBlueprintUserMessages: 0.387086
[2015.08.30-21.19.18:223][539]LogBlueprintUserMessages: 0.379022
[2015.08.30-21.19.18:240][540]LogBlueprintUserMessages: 0.370957
[2015.08.30-21.19.18:256][541]LogBlueprintUserMessages: 0.362892
[2015.08.30-21.19.18:272][542]LogBlueprintUserMessages: 0.354828
[2015.08.30-21.19.18:288][543]LogBlueprintUserMessages: 0.346763
[2015.08.30-21.19.18:304][544]LogBlueprintUserMessages: 0.338699
[2015.08.30-21.19.18:320][545]LogBlueprintUserMessages: 0.330634
[2015.08.30-21.19.18:337][546]LogBlueprintUserMessages: 0.322569
[2015.08.30-21.19.18:353][547]LogBlueprintUserMessages: 0.314503
[2015.08.30-21.19.18:368][548]LogBlueprintUserMessages: 0.306439
[2015.08.30-21.19.18:384][549]LogBlueprintUserMessages: 0.298374
[2015.08.30-21.19.18:401][550]LogBlueprintUserMessages: 0.29031
[2015.08.30-21.19.18:417][551]LogBlueprintUserMessages: 0.282245
[2015.08.30-21.19.18:433][552]LogBlueprintUserMessages: 0.27418
[2015.08.30-21.19.18:449][553]LogBlueprintUserMessages: 0.266116
[2015.08.30-21.19.18:465][554]LogBlueprintUserMessages: 0.258051
[2015.08.30-21.19.24:498][928]LogBlueprintUserMessages: 0.991935
[2015.08.30-21.19.24:498][928]LogBlueprintUserMessages: 0.991935
[2015.08.30-21.19.24:498][928]LogBlueprintUserMessages: 0.983871
[2015.08.30-21.19.24:514][929]LogBlueprintUserMessages: 0.975806
[2015.08.30-21.19.24:530][930]LogBlueprintUserMessages: 0.967742
[2015.08.30-21.19.24:546][931]LogBlueprintUserMessages: 0.959677
[2015.08.30-21.19.24:562][932]LogBlueprintUserMessages: 0.951613
[2015.08.30-21.19.24:578][933]LogBlueprintUserMessages: 0.943548
[2015.08.30-21.19.24:594][934]LogBlueprintUserMessages: 0.935484
[2015.08.30-21.19.24:611][935]LogBlueprintUserMessages: 0.927419
[2015.08.30-21.19.24:627][936]LogBlueprintUserMessages: 0.919354
[2015.08.30-21.19.24:643][937]LogBlueprintUserMessages: 0.91129
[2015.08.30-21.19.24:659][938]LogBlueprintUserMessages: 0.903225
[2015.08.30-21.19.24:675][939]LogBlueprintUserMessages: 0.895161
[2015.08.30-21.19.24:691][940]LogBlueprintUserMessages: 0.887096
[2015.08.30-21.19.24:707][941]LogBlueprintUserMessages: 0.879032
[2015.08.30-21.19.24:723][942]LogBlueprintUserMessages: 0.870967
[2015.08.30-21.19.24:740][943]LogBlueprintUserMessages: 0.862903
[2015.08.30-21.19.24:756][944]LogBlueprintUserMessages: 0.854836
[2015.08.30-21.19.24:772][945]LogBlueprintUserMessages: 0.846771
[2015.08.30-21.19.24:789][946]LogBlueprintUserMessages: 0.838706
[2015.08.30-21.19.24:805][947]LogBlueprintUserMessages: 0.830642
[2015.08.30-21.19.24:821][948]LogBlueprintUserMessages: 0.822577
[2015.08.30-21.19.24:837][949]LogBlueprintUserMessages: 0.814513
[2015.08.30-21.19.24:853][950]LogBlueprintUserMessages: 0.806448
[2015.08.30-21.19.24:869][951]LogBlueprintUserMessages: 0.798384
[2015.08.30-21.19.24:885][952]LogBlueprintUserMessages: 0.790317
[2015.08.30-21.19.24:901][953]LogBlueprintUserMessages: 0.782252
[2015.08.30-21.19.24:918][954]LogBlueprintUserMessages: 0.774188
[2015.08.30-21.19.24:934][955]LogBlueprintUserMessages: 0.766123
[2015.08.30-21.19.24:950][956]LogBlueprintUserMessages: 0.758058
[2015.08.30-21.19.24:966][957]LogBlueprintUserMessages: 0.749994
[2015.08.30-21.19.24:982][958]LogBlueprintUserMessages: 0.741929
[2015.08.30-21.19.24:998][959]LogBlueprintUserMessages: 0.733864
[2015.08.30-21.19.25:014][960]LogBlueprintUserMessages: 0.7258
[2015.08.30-21.19.25:031][961]LogBlueprintUserMessages: 0.717735
[2015.08.30-21.19.25:047][962]LogBlueprintUserMessages: 0.709671
[2015.08.30-21.19.25:062][963]LogBlueprintUserMessages: 0.701606
[2015.08.30-21.19.25:079][964]LogBlueprintUserMessages: 0.693541
[2015.08.30-21.19.25:095][965]LogBlueprintUserMessages: 0.685477
[2015.08.30-21.19.25:111][966]LogBlueprintUserMessages: 0.677412
[2015.08.30-21.19.25:127][967]LogBlueprintUserMessages: 0.669348
[2015.08.30-21.19.25:143][968]LogBlueprintUserMessages: 0.661283
[2015.08.30-21.19.25:159][969]LogBlueprintUserMessages: 0.653218
[2015.08.30-21.19.25:175][970]LogBlueprintUserMessages: 0.645154
[2015.08.30-21.19.25:191][971]LogBlueprintUserMessages: 0.637089
[2015.08.30-21.19.25:207][972]LogBlueprintUserMessages: 0.629025
[2015.08.30-21.19.25:224][973]LogBlueprintUserMessages: 0.62096
[2015.08.30-21.19.25:240][974]LogBlueprintUserMessages: 0.612895
[2015.08.30-21.19.25:256][975]LogBlueprintUserMessages: 0.604831
[2015.08.30-21.19.25:272][976]LogBlueprintUserMessages: 0.596766
[2015.08.30-21.19.25:288][977]LogBlueprintUserMessages: 0.588702
[2015.08.30-21.19.25:304][978]LogBlueprintUserMessages: 0.580637
[2015.08.30-21.19.25:321][979]LogBlueprintUserMessages: 0.572572
[2015.08.30-21.19.25:337][980]LogBlueprintUserMessages: 0.564508
[2015.08.30-21.19.25:353][981]LogBlueprintUserMessages: 0.556443
[2015.08.30-21.19.25:369][982]LogBlueprintUserMessages: 0.548379
[2015.08.30-21.19.25:385][983]LogBlueprintUserMessages: 0.540313
[2015.08.30-21.19.25:401][984]LogBlueprintUserMessages: 0.532248
[2015.08.30-21.19.25:417][985]LogBlueprintUserMessages: 0.524184
[2015.08.30-21.19.25:434][986]LogBlueprintUserMessages: 0.516119
[2015.08.30-21.19.25:450][987]LogBlueprintUserMessages: 0.508054
[2015.08.30-21.19.25:466][988]LogBlueprintUserMessages: 0.49999
[2015.08.30-21.19.25:482][989]LogBlueprintUserMessages: 0.491925
[2015.08.30-21.19.25:498][990]LogBlueprintUserMessages: 0.483861
[2015.08.30-21.19.25:514][991]LogBlueprintUserMessages: 0.475796
[2015.08.30-21.19.25:531][992]LogBlueprintUserMessages: 0.467731
[2015.08.30-21.19.25:547][993]LogBlueprintUserMessages: 0.459667
[2015.08.30-21.19.25:563][994]LogBlueprintUserMessages: 0.451602
[2015.08.30-21.19.25:579][995]LogBlueprintUserMessages: 0.443538
[2015.08.30-21.19.25:595][996]LogBlueprintUserMessages: 0.435473
[2015.08.30-21.19.25:611][997]LogBlueprintUserMessages: 0.427408
[2015.08.30-21.19.25:627][998]LogBlueprintUserMessages: 0.41934
[2015.08.30-21.19.25:643][999]LogBlueprintUserMessages: 0.411275
[2015.08.30-21.19.25:659][  0]LogBlueprintUserMessages: 0.40321
[2015.08.30-21.19.25:675][  1]LogBlueprintUserMessages: 0.395146
[2015.08.30-21.19.25:691][  2]LogBlueprintUserMessages: 0.387081
[2015.08.30-21.19.25:708][  3]LogBlueprintUserMessages: 0.379016
[2015.08.30-21.19.25:724][  4]LogBlueprintUserMessages: 0.370952
[2015.08.30-21.19.25:740][  5]LogBlueprintUserMessages: 0.362887
[2015.08.30-21.19.25:756][  6]LogBlueprintUserMessages: 0.354823
[2015.08.30-21.19.25:772][  7]LogBlueprintUserMessages: 0.346758
[2015.08.30-21.19.25:788][  8]LogBlueprintUserMessages: 0.338693
[2015.08.30-21.19.25:804][  9]LogBlueprintUserMessages: 0.330629
[2015.08.30-21.19.25:820][ 10]LogBlueprintUserMessages: 0.322564
[2015.08.30-21.19.25:837][ 11]LogBlueprintUserMessages: 0.3145
[2015.08.30-21.19.25:853][ 12]LogBlueprintUserMessages: 0.306435
[2015.08.30-21.19.25:869][ 13]LogBlueprintUserMessages: 0.29837
[2015.08.30-21.19.25:885][ 14]LogBlueprintUserMessages: 0.290306
[2015.08.30-21.19.25:901][ 15]LogBlueprintUserMessages: 0.282241
[2015.08.30-21.19.25:917][ 16]LogBlueprintUserMessages: 0.274177
[2015.08.30-21.19.25:933][ 17]LogBlueprintUserMessages: 0.266112
[2015.08.30-21.19.25:950][ 18]LogBlueprintUserMessages: 0.258047
[2015.08.30-21.19.25:965][ 19]LogBlueprintUserMessages: 0.249983
[2015.08.30-21.19.28:885][200]LogBlueprintUserMessages: 0.991935
[2015.08.30-21.19.28:885][200]LogBlueprintUserMessages: 0.991935
[2015.08.30-21.19.28:885][200]LogBlueprintUserMessages: 0.98387
[2015.08.30-21.19.28:901][201]LogBlueprintUserMessages: 0.975805
[2015.08.30-21.19.28:917][202]LogBlueprintUserMessages: 0.967741
[2015.08.30-21.19.28:933][203]LogBlueprintUserMessages: 0.959676
[2015.08.30-21.19.28:950][204]LogBlueprintUserMessages: 0.951612
[2015.08.30-21.19.28:965][205]LogBlueprintUserMessages: 0.943547
[2015.08.30-21.19.28:982][206]LogBlueprintUserMessages: 0.935483
[2015.08.30-21.19.28:998][207]LogBlueprintUserMessages: 0.927418
[2015.08.30-21.19.29:014][208]LogBlueprintUserMessages: 0.919353
[2015.08.30-21.19.29:031][209]LogBlueprintUserMessages: 0.911289
[2015.08.30-21.19.29:047][210]LogBlueprintUserMessages: 0.903224
[2015.08.30-21.19.29:063][211]LogBlueprintUserMessages: 0.89516
[2015.08.30-21.19.29:079][212]LogBlueprintUserMessages: 0.887095
[2015.08.30-21.19.29:095][213]LogBlueprintUserMessages: 0.879031
[2015.08.30-21.19.29:111][214]LogBlueprintUserMessages: 0.870966
[2015.08.30-21.19.29:127][215]LogBlueprintUserMessages: 0.8629
[2015.08.30-21.19.29:143][216]LogBlueprintUserMessages: 0.854835
[2015.08.30-21.19.29:159][217]LogBlueprintUserMessages: 0.846771
[2015.08.30-21.19.29:176][218]LogBlueprintUserMessages: 0.838706
[2015.08.30-21.19.29:191][219]LogBlueprintUserMessages: 0.830641
[2015.08.30-21.19.29:208][220]LogBlueprintUserMessages: 0.822577
[2015.08.30-21.19.29:224][221]LogBlueprintUserMessages: 0.814512
[2015.08.30-21.19.29:240][222]LogBlueprintUserMessages: 0.806448
[2015.08.30-21.19.29:256][223]LogBlueprintUserMessages: 0.798383
[2015.08.30-21.19.29:272][224]LogBlueprintUserMessages: 0.790319
[2015.08.30-21.19.29:288][225]LogBlueprintUserMessages: 0.782254
[2015.08.30-21.19.29:304][226]LogBlueprintUserMessages: 0.774189
[2015.08.30-21.19.29:321][227]LogBlueprintUserMessages: 0.766125
[2015.08.30-21.19.29:337][228]LogBlueprintUserMessages: 0.75806
[2015.08.30-21.19.29:352][229]LogBlueprintUserMessages: 0.749996
[2015.08.30-21.19.29:369][230]LogBlueprintUserMessages: 0.741929
[2015.08.30-21.19.29:385][231]LogBlueprintUserMessages: 0.733865
[2015.08.30-21.19.29:402][232]LogBlueprintUserMessages: 0.7258
[2015.08.30-21.19.29:418][233]LogBlueprintUserMessages: 0.717736
[2015.08.30-21.19.29:434][234]LogBlueprintUserMessages: 0.709671
[2015.08.30-21.19.29:450][235]LogBlueprintUserMessages: 0.701606
[2015.08.30-21.19.29:466][236]LogBlueprintUserMessages: 0.693542
[2015.08.30-21.19.29:482][237]LogBlueprintUserMessages: 0.685477
[2015.08.30-21.19.29:498][238]LogBlueprintUserMessages: 0.677413
[2015.08.30-21.19.29:514][239]LogBlueprintUserMessages: 0.669348
[2015.08.30-21.19.29:530][240]LogBlueprintUserMessages: 0.661283
[2015.08.30-21.19.29:546][241]LogBlueprintUserMessages: 0.653219
[2015.08.30-21.19.29:563][242]LogBlueprintUserMessages: 0.645154
[2015.08.30-21.19.29:579][243]LogBlueprintUserMessages: 0.63709
[2015.08.30-21.19.29:595][244]LogBlueprintUserMessages: 0.629025
[2015.08.30-21.19.29:611][245]LogBlueprintUserMessages: 0.62096
[2015.08.30-21.19.29:627][246]LogBlueprintUserMessages: 0.612896
[2015.08.30-21.19.29:643][247]LogBlueprintUserMessages: 0.604831
[2015.08.30-21.19.29:659][248]LogBlueprintUserMessages: 0.596767
[2015.08.30-21.19.29:675][249]LogBlueprintUserMessages: 0.588702
[2015.08.30-21.19.29:691][250]LogBlueprintUserMessages: 0.580637
[2015.08.30-21.19.29:708][251]LogBlueprintUserMessages: 0.572573
[2015.08.30-21.19.29:724][252]LogBlueprintUserMessages: 0.564508
[2015.08.30-21.19.29:740][253]LogBlueprintUserMessages: 0.556444
[2015.08.30-21.19.29:756][254]LogBlueprintUserMessages: 0.548379
[2015.08.30-21.19.29:772][255]LogBlueprintUserMessages: 0.540314
[2015.08.30-21.19.29:788][256]LogBlueprintUserMessages: 0.53225
[2015.08.30-21.19.29:805][257]LogBlueprintUserMessages: 0.524185
[2015.08.30-21.19.29:821][258]LogBlueprintUserMessages: 0.516119
[2015.08.30-21.19.29:837][259]LogBlueprintUserMessages: 0.508054
[2015.08.30-21.19.29:853][260]LogBlueprintUserMessages: 0.49999
[2015.08.30-21.19.29:869][261]LogBlueprintUserMessages: 0.491925
[2015.08.30-21.19.29:885][262]LogBlueprintUserMessages: 0.483861
[2015.08.30-21.19.29:901][263]LogBlueprintUserMessages: 0.475796
[2015.08.30-21.19.29:917][264]LogBlueprintUserMessages: 0.467731
[2015.08.30-21.19.29:934][265]LogBlueprintUserMessages: 0.459667
[2015.08.30-21.19.29:949][266]LogBlueprintUserMessages: 0.451602
[2015.08.30-21.19.29:965][267]LogBlueprintUserMessages: 0.443538
[2015.08.30-21.19.29:982][268]LogBlueprintUserMessages: 0.435473
[2015.08.30-21.19.29:998][269]LogBlueprintUserMessages: 0.427408
[2015.08.30-21.19.30:014][270]LogBlueprintUserMessages: 0.419344
[2015.08.30-21.19.30:031][271]LogBlueprintUserMessages: 0.411279
[2015.08.30-21.19.30:047][272]LogBlueprintUserMessages: 0.403215
[2015.08.30-21.19.30:063][273]LogBlueprintUserMessages: 0.39515
[2015.08.30-21.19.30:079][274]LogBlueprintUserMessages: 0.387085
[2015.08.30-21.19.30:095][275]LogBlueprintUserMessages: 0.379021
[2015.08.30-21.19.30:111][276]LogBlueprintUserMessages: 0.370956
[2015.08.30-21.19.30:127][277]LogBlueprintUserMessages: 0.362892
[2015.08.30-21.19.30:143][278]LogBlueprintUserMessages: 0.354827
[2015.08.30-21.19.30:159][279]LogBlueprintUserMessages: 0.346762
[2015.08.30-21.19.30:175][280]LogBlueprintUserMessages: 0.338698
[2015.08.30-21.19.30:191][281]LogBlueprintUserMessages: 0.330633
[2015.08.30-21.19.30:207][282]LogBlueprintUserMessages: 0.322569
[2015.08.30-21.19.30:223][283]LogBlueprintUserMessages: 0.314504
[2015.08.30-21.19.30:240][284]LogBlueprintUserMessages: 0.306439
[2015.08.30-21.19.30:256][285]LogBlueprintUserMessages: 0.298375
[2015.08.30-21.19.30:272][286]LogBlueprintUserMessages: 0.29031
[2015.08.30-21.19.30:288][287]LogBlueprintUserMessages: 0.282245
[2015.08.30-21.19.30:304][288]LogBlueprintUserMessages: 0.274181
[2015.08.30-21.19.30:320][289]LogBlueprintUserMessages: 0.266116
[2015.08.30-21.19.30:337][290]LogBlueprintUserMessages: 0.258052
[2015.08.30-21.19.30:353][291]LogBlueprintUserMessages: 0.249987
[2015.08.30-21.19.32:369][416]LogBlueprintUserMessages: 0.991935
[2015.08.30-21.19.32:369][416]LogBlueprintUserMessages: 0.991935
[2015.08.30-21.19.32:369][416]LogBlueprintUserMessages: 0.983871
[2015.08.30-21.19.32:385][417]LogBlueprintUserMessages: 0.975806
[2015.08.30-21.19.32:401][418]LogBlueprintUserMessages: 0.967742
[2015.08.30-21.19.32:418][419]LogBlueprintUserMessages: 0.959677
[2015.08.30-21.19.32:434][420]LogBlueprintUserMessages: 0.951613
[2015.08.30-21.19.32:450][421]LogBlueprintUserMessages: 0.943548
[2015.08.30-21.19.32:466][422]LogBlueprintUserMessages: 0.935484
[2015.08.30-21.19.32:482][423]LogBlueprintUserMessages: 0.927419
[2015.08.30-21.19.32:498][424]LogBlueprintUserMessages: 0.919354
[2015.08.30-21.19.32:515][425]LogBlueprintUserMessages: 0.91129
[2015.08.30-21.19.32:531][426]LogBlueprintUserMessages: 0.903225
[2015.08.30-21.19.32:546][427]LogBlueprintUserMessages: 0.895161
[2015.08.30-21.19.32:562][428]LogBlueprintUserMessages: 0.887096
[2015.08.30-21.19.32:579][429]LogBlueprintUserMessages: 0.879032
[2015.08.30-21.19.32:595][430]LogBlueprintUserMessages: 0.870967
[2015.08.30-21.19.32:611][431]LogBlueprintUserMessages: 0.862903
[2015.08.30-21.19.32:627][432]LogBlueprintUserMessages: 0.854838
[2015.08.30-21.19.32:643][433]LogBlueprintUserMessages: 0.846773
[2015.08.30-21.19.32:659][434]LogBlueprintUserMessages: 0.838709
[2015.08.30-21.19.32:675][435]LogBlueprintUserMessages: 0.830644
[2015.08.30-21.19.32:691][436]LogBlueprintUserMessages: 0.82258
[2015.08.30-21.19.32:708][437]LogBlueprintUserMessages: 0.814515
[2015.08.30-21.19.32:724][438]LogBlueprintUserMessages: 0.806451
[2015.08.30-21.19.32:740][439]LogBlueprintUserMessages: 0.798386
[2015.08.30-21.19.32:756][440]LogBlueprintUserMessages: 0.790321
[2015.08.30-21.19.32:772][441]LogBlueprintUserMessages: 0.782257
[2015.08.30-21.19.32:789][442]LogBlueprintUserMessages: 0.774192
[2015.08.30-21.19.32:804][443]LogBlueprintUserMessages: 0.766128
[2015.08.30-21.19.32:821][444]LogBlueprintUserMessages: 0.758063
[2015.08.30-21.19.32:837][445]LogBlueprintUserMessages: 0.749998
[2015.08.30-21.19.32:853][446]LogBlueprintUserMessages: 0.741934
[2015.08.30-21.19.32:869][447]LogBlueprintUserMessages: 0.733869
[2015.08.30-21.19.32:885][448]LogBlueprintUserMessages: 0.725805
[2015.08.30-21.19.32:901][449]LogBlueprintUserMessages: 0.71774
[2015.08.30-21.19.32:918][450]LogBlueprintUserMessages: 0.709672
[2015.08.30-21.19.32:934][451]LogBlueprintUserMessages: 0.701607
[2015.08.30-21.19.32:949][452]LogBlueprintUserMessages: 0.693543
[2015.08.30-21.19.32:965][453]LogBlueprintUserMessages: 0.685478
[2015.08.30-21.19.32:982][454]LogBlueprintUserMessages: 0.677414
[2015.08.30-21.19.32:998][455]LogBlueprintUserMessages: 0.669349
[2015.08.30-21.19.33:014][456]LogBlueprintUserMessages: 0.661284
[2015.08.30-21.19.33:030][457]LogBlueprintUserMessages: 0.65322
[2015.08.30-21.19.33:047][458]LogBlueprintUserMessages: 0.645155
[2015.08.30-21.19.33:063][459]LogBlueprintUserMessages: 0.637091
[2015.08.30-21.19.33:079][460]LogBlueprintUserMessages: 0.629026
[2015.08.30-21.19.33:095][461]LogBlueprintUserMessages: 0.620961
[2015.08.30-21.19.33:111][462]LogBlueprintUserMessages: 0.612897
[2015.08.30-21.19.33:127][463]LogBlueprintUserMessages: 0.604832
[2015.08.30-21.19.33:143][464]LogBlueprintUserMessages: 0.596768
[2015.08.30-21.19.33:159][465]LogBlueprintUserMessages: 0.588703
[2015.08.30-21.19.33:176][466]LogBlueprintUserMessages: 0.580638
[2015.08.30-21.19.33:192][467]LogBlueprintUserMessages: 0.572574
[2015.08.30-21.19.33:208][468]LogBlueprintUserMessages: 0.564509
[2015.08.30-21.19.33:224][469]LogBlueprintUserMessages: 0.556445
[2015.08.30-21.19.33:240][470]LogBlueprintUserMessages: 0.54838
[2015.08.30-21.19.33:256][471]LogBlueprintUserMessages: 0.540315
[2015.08.30-21.19.33:272][472]LogBlueprintUserMessages: 0.532251
[2015.08.30-21.19.33:289][473]LogBlueprintUserMessages: 0.524186
[2015.08.30-21.19.33:305][474]LogBlueprintUserMessages: 0.516122
[2015.08.30-21.19.33:321][475]LogBlueprintUserMessages: 0.508057
[2015.08.30-21.19.33:337][476]LogBlueprintUserMessages: 0.499992
[2015.08.30-21.19.33:353][477]LogBlueprintUserMessages: 0.491928
[2015.08.30-21.19.33:369][478]LogBlueprintUserMessages: 0.483863
[2015.08.30-21.19.33:385][479]LogBlueprintUserMessages: 0.475798
[2015.08.30-21.19.33:401][480]LogBlueprintUserMessages: 0.467734
[2015.08.30-21.19.33:418][481]LogBlueprintUserMessages: 0.459669
[2015.08.30-21.19.33:434][482]LogBlueprintUserMessages: 0.451605
[2015.08.30-21.19.33:450][483]LogBlueprintUserMessages: 0.44354
[2015.08.30-21.19.33:466][484]LogBlueprintUserMessages: 0.435475
[2015.08.30-21.19.33:482][485]LogBlueprintUserMessages: 0.427411
[2015.08.30-21.19.33:498][486]LogBlueprintUserMessages: 0.419346
[2015.08.30-21.19.33:514][487]LogBlueprintUserMessages: 0.411281
[2015.08.30-21.19.33:530][488]LogBlueprintUserMessages: 0.403217
[2015.08.30-21.19.33:546][489]LogBlueprintUserMessages: 0.395152
[2015.08.30-21.19.33:563][490]LogBlueprintUserMessages: 0.387088
[2015.08.30-21.19.33:579][491]LogBlueprintUserMessages: 0.379023
[2015.08.30-21.19.33:595][492]LogBlueprintUserMessages: 0.370958
[2015.08.30-21.19.33:611][493]LogBlueprintUserMessages: 0.362894
[2015.08.30-21.19.33:627][494]LogBlueprintUserMessages: 0.354829
[2015.08.30-21.19.33:644][495]LogBlueprintUserMessages: 0.346765
[2015.08.30-21.19.33:660][496]LogBlueprintUserMessages: 0.3387
[2015.08.30-21.19.33:676][497]LogBlueprintUserMessages: 0.330635
[2015.08.30-21.19.33:692][498]LogBlueprintUserMessages: 0.322571
[2015.08.30-21.19.33:708][499]LogBlueprintUserMessages: 0.314506
[2015.08.30-21.19.33:723][500]LogBlueprintUserMessages: 0.306442
[2015.08.30-21.19.33:740][501]LogBlueprintUserMessages: 0.298377
[2015.08.30-21.19.33:756][502]LogBlueprintUserMessages: 0.290312
[2015.08.30-21.19.33:772][503]LogBlueprintUserMessages: 0.282248
[2015.08.30-21.19.33:789][504]LogBlueprintUserMessages: 0.274183
[2015.08.30-21.19.33:804][505]LogBlueprintUserMessages: 0.266119
[2015.08.30-21.19.33:821][506]LogBlueprintUserMessages: 0.258054
[2015.08.30-21.19.33:837][507]LogBlueprintUserMessages: 0.249982
[2015.08.30-21.19.47:112][330]Closing by request
[2015.08.30-21.19.47:112][330]LogWindows: FPlatformMisc::RequestExit(0)
[2015.08.30-21.19.47:468][331]LogWindowsTextInputMethodSystem:Display: IME system now deactivated.
[2015.08.30-21.19.47:468][331]LogWindowsTextInputMethodSystem:Display: IME system now deactivated.
[2015.08.30-21.19.47:478][331]LogExit: Preparing to exit.
[2015.08.30-21.19.47:545][331]LogExit: Game engine shut down
[2015.08.30-21.19.47:548][331]LogParticles: Destroying 0 GPU particle simulations for FXSystem 0x0000009115D84680
[2015.08.30-21.19.47:665][331]LogExit: Object subsystem successfully closed.
[2015.08.30-21.19.47:680][331]LogD3D11RHI: Shutdown
[2015.08.30-21.19.47:680][331]LogD3D11RHI: CleanupD3DDevice
[2015.08.30-21.19.47:764][331]LogD3D11RHI: ~FD3D11DynamicRHI
[2015.08.30-21.19.47:776][331]LogModuleManager: Shutting down and abandoning module AndroidDeviceDetection (109)
[2015.08.30-21.19.48:762][331]LogModuleManager: Shutting down and abandoning module AutomationWorker (108)
[2015.08.30-21.19.48:762][331]LogModuleManager: Shutting down and abandoning module CharacterAI (107)
[2015.08.30-21.19.48:762][331]LogModuleManager: Shutting down and abandoning module AITestSuite (106)
[2015.08.30-21.19.48:762][331]LogModuleManager: Shutting down and abandoning module GameplayDebugger (105)
[2015.08.30-21.19.48:762][331]LogModuleManager: Shutting down and abandoning module AIModule (104)
[2015.08.30-21.19.48:762][331]LogModuleManager: Shutting down and abandoning module GameLiveStreaming (103)
[2015.08.30-21.19.48:762][331]LogModuleManager: Shutting down and abandoning module StreamingPauseRendering (102)
[2015.08.30-21.19.48:762][331]LogModuleManager: Shutting down and abandoning module ProfilerService (101)
[2015.08.30-21.19.48:778][331]LogModuleManager: Shutting down and abandoning module TaskGraph (100)
[2015.08.30-21.19.48:778][331]LogModuleManager: Shutting down and abandoning module SlateRemote (99)
[2015.08.30-21.19.48:778][331]LogModuleManager: Shutting down and abandoning module SteamVRController (98)
[2015.08.30-21.19.48:778][331]LogModuleManager: Shutting down and abandoning module SteamVR (97)
[2015.08.30-21.19.48:778][331]LogModuleManager: Shutting down and abandoning module ProceduralMeshComponent (96)
[2015.08.30-21.19.48:778][331]LogModuleManager: Shutting down and abandoning module OculusRift (95)
[2015.08.30-21.19.48:778][331]LogModuleManager: Shutting down and abandoning module LeapMotionController (94)
[2015.08.30-21.19.48:784][331]LogModuleManager: Shutting down and abandoning module CustomMeshComponent (93)
[2015.08.30-21.19.48:784][331]LogModuleManager: Shutting down and abandoning module CableComponent (92)
[2015.08.30-21.19.48:784][331]LogModuleManager: Shutting down and abandoning module DesktopPlatform (91)
[2015.08.30-21.19.48:784][331]LogModuleManager: Shutting down and abandoning module DirectoryWatcher (90)
[2015.08.30-21.19.48:784][331]LogModuleManager: Shutting down and abandoning module HotReload (89)
[2015.08.30-21.19.48:784][331]LogModuleManager: Shutting down and abandoning module VisualStudioSourceCodeAccess (88)
[2015.08.30-21.19.48:784][331]LogModuleManager: Shutting down and abandoning module UObjectPlugin (87)
[2015.08.30-21.19.48:784][331]LogModuleManager: Shutting down and abandoning module SubversionSourceControl (86)
[2015.08.30-21.19.48:784][331]LogModuleManager: Shutting down and abandoning module SourceControl (85)
[2015.08.30-21.19.48:784][331]LogModuleManager: Shutting down and abandoning module PerforceSourceControl (84)
[2015.08.30-21.19.48:784][331]LogModuleManager: Shutting down and abandoning module BlankPlugin (83)
[2015.08.30-21.19.48:784][331]LogModuleManager: Shutting down and abandoning module UdpMessaging (82)
[2015.08.30-21.19.48:784][331]LogModuleManager: Shutting down and abandoning module AssetRegistry (81)
[2015.08.30-21.19.48:784][331]LogModuleManager: Shutting down and abandoning module SubstanceCore (80)
[2015.08.30-21.19.48:784][331]LogModuleManager: Shutting down and abandoning module Paper2D (79)
[2015.08.30-21.19.48:784][331]LogModuleManager: Shutting down and abandoning module WindowsMoviePlayer (78)
[2015.08.30-21.19.48:786][331]LogModuleManager: Shutting down and abandoning module Media (77)
[2015.08.30-21.19.48:786][331]LogModuleManager: Shutting down and abandoning module WmfMedia (76)
[2015.08.30-21.19.48:786][331]LogModuleManager: Shutting down and abandoning module OnlineBlueprintSupport (75)
[2015.08.30-21.19.48:786][331]LogModuleManager: Shutting down and abandoning module PropertyEditor (74)
[2015.08.30-21.19.48:786][331]LogModuleManager: Shutting down and abandoning module BehaviorTreeEditor (73)
[2015.08.30-21.19.48:786][331]LogModuleManager: Shutting down and abandoning module FunctionalTesting (72)
[2015.08.30-21.19.48:786][331]LogModuleManager: Shutting down and abandoning module CollisionAnalyzer (71)
[2015.08.30-21.19.48:786][331]LogModuleManager: Shutting down and abandoning module WorkspaceMenuStructure (70)
[2015.08.30-21.19.48:786][331]LogModuleManager: Shutting down and abandoning module MessageLog (69)
[2015.08.30-21.19.48:786][331]LogModuleManager: Shutting down and abandoning module Sequencer (68)
[2015.08.30-21.19.48:786][331]LogModuleManager: Shutting down and abandoning module AssetTools (67)
[2015.08.30-21.19.48:786][331]LogModuleManager: Shutting down and abandoning module UMGEditor (66)
[2015.08.30-21.19.48:786][331]LogModuleManager: Shutting down and abandoning module UMG (65)
[2015.08.30-21.19.48:786][331]LogModuleManager: Shutting down and abandoning module Slate (64)
[2015.08.30-21.19.48:786][331]LogModuleManager: Shutting down and abandoning module EditorStyle (63)
[2015.08.30-21.19.48:788][331]LogModuleManager: Shutting down and abandoning module SessionServices (62)
[2015.08.30-21.19.48:788][331]LogModuleManager: Shutting down and abandoning module SourceCodeAccess (61)
[2015.08.30-21.19.48:788][331]LogModuleManager: Shutting down and abandoning module HeadMountedDisplay (60)
[2015.08.30-21.19.48:788][331]LogModuleManager: Shutting down and abandoning module XAudio2 (59)
[2015.08.30-21.19.48:788][331]LogModuleManager: Shutting down and abandoning module Networking (57)
[2015.08.30-21.19.48:788][331]LogModuleManager: Shutting down and abandoning module Core (56)
[2015.08.30-21.19.48:788][331]LogModuleManager: Shutting down and abandoning module KismetCompiler (55)
[2015.08.30-21.19.48:788][331]LogModuleManager: Shutting down and abandoning module PhysXFormats (54)
[2015.08.30-21.19.48:788][331]LogModuleManager: Shutting down and abandoning module MeshUtilities (53)
[2015.08.30-21.19.48:788][331]LogModuleManager: Shutting down and abandoning module DerivedDataCache (52)
[2015.08.30-21.19.48:946][331]LogDerivedDataCache: Shutdown
[2015.08.30-21.19.48:946][331]LogModuleManager: Shutting down and abandoning module ShaderFormatOpenGL (51)
[2015.08.30-21.19.48:946][331]LogModuleManager: Shutting down and abandoning module ShaderFormatD3D (50)
[2015.08.30-21.19.48:946][331]LogModuleManager: Shutting down and abandoning module MetalShaderFormat (49)
[2015.08.30-21.19.48:946][331]LogModuleManager: Shutting down and abandoning module TextureFormatUncompressed (48)
[2015.08.30-21.19.48:946][331]LogModuleManager: Shutting down and abandoning module TextureFormatPVR (47)
[2015.08.30-21.19.48:946][331]LogModuleManager: Shutting down and abandoning module TextureFormatIntelISPCTexComp (46)
[2015.08.30-21.19.48:946][331]LogModuleManager: Shutting down and abandoning module TextureFormatDXT (45)
[2015.08.30-21.19.48:946][331]LogModuleManager: Shutting down and abandoning module ImageWrapper (44)
[2015.08.30-21.19.48:946][331]LogModuleManager: Shutting down and abandoning module TextureFormatASTC (43)
[2015.08.30-21.19.48:946][331]LogModuleManager: Shutting down and abandoning module TextureFormatAndroid (42)
[2015.08.30-21.19.48:946][331]LogModuleManager: Shutting down and abandoning module AudioFormatOpus (41)
[2015.08.30-21.19.48:946][331]LogModuleManager: Shutting down and abandoning module AudioFormatOgg (40)
[2015.08.30-21.19.48:946][331]LogModuleManager: Shutting down and abandoning module AudioFormatADPCM (39)
[2015.08.30-21.19.48:946][331]LogModuleManager: Shutting down and abandoning module LinuxTargetPlatform (38)
[2015.08.30-21.19.48:946][331]LogModuleManager: Shutting down and abandoning module LinuxServerTargetPlatform (37)
[2015.08.30-21.19.48:946][331]LogModuleManager: Shutting down and abandoning module LinuxNoEditorTargetPlatform (36)
[2015.08.30-21.19.48:946][331]LogModuleManager: Shutting down and abandoning module Messaging (35)
[2015.08.30-21.19.48:946][331]LogModuleManager: Shutting down and abandoning module IOSTargetPlatform (34)
[2015.08.30-21.19.48:946][331]LogModuleManager: Shutting down and abandoning module HTML5TargetPlatform (33)
[2015.08.30-21.19.48:946][331]LogModuleManager: Shutting down and abandoning module Android_PVRTCTargetPlatform (32)
[2015.08.30-21.19.48:946][331]LogModuleManager: Shutting down and abandoning module Android_ETC2TargetPlatform (31)
[2015.08.30-21.19.48:946][331]LogModuleManager: Shutting down and abandoning module Android_ETC1TargetPlatform (30)
[2015.08.30-21.19.48:946][331]LogModuleManager: Shutting down and abandoning module Android_DXTTargetPlatform (29)
[2015.08.30-21.19.48:946][331]LogModuleManager: Shutting down and abandoning module Android_ATCTargetPlatform (28)
[2015.08.30-21.19.48:946][331]LogModuleManager: Shutting down and abandoning module Android_ASTCTargetPlatform (27)
[2015.08.30-21.19.48:946][331]LogModuleManager: Shutting down and abandoning module AndroidTargetPlatform (26)
[2015.08.30-21.19.48:946][331]LogModuleManager: Shutting down and abandoning module WindowsTargetPlatform (25)
[2015.08.30-21.19.48:946][331]LogModuleManager: Shutting down and abandoning module WindowsServerTargetPlatform (24)
[2015.08.30-21.19.48:946][331]LogModuleManager: Shutting down and abandoning module WindowsNoEditorTargetPlatform (23)
[2015.08.30-21.19.48:946][331]LogModuleManager: Shutting down and abandoning module WindowsClientTargetPlatform (22)
[2015.08.30-21.19.48:946][331]LogModuleManager: Shutting down and abandoning module DesktopTargetPlatform (21)
[2015.08.30-21.19.48:946][331]LogModuleManager: Shutting down and abandoning module TargetPlatform (20)
[2015.08.30-21.19.48:946][331]LogModuleManager: Shutting down and abandoning module InputCore (19)
[2015.08.30-21.19.48:946][331]LogModuleManager: Shutting down and abandoning module Settings (18)
[2015.08.30-21.19.48:946][331]LogModuleManager: Shutting down and abandoning module OnlineSubsystem (16)
[2015.08.30-21.19.48:946][331]LogModuleManager: Shutting down and abandoning module HTTP (15)
[2015.08.30-21.19.48:946][331]LogModuleManager: Shutting down and abandoning module ExampleDeviceProfileSelector (14)
[2015.08.30-21.19.48:946][331]LogModuleManager: Shutting down and abandoning module TextureCompressor (13)
[2015.08.30-21.19.48:946][331]LogModuleManager: Shutting down and abandoning module ShaderCore (12)
[2015.08.30-21.19.48:946][331]LogModuleManager: Shutting down and abandoning module Landscape (11)
[2015.08.30-21.19.48:946][331]LogModuleManager: Shutting down and abandoning module SlateRHIRenderer (10)
[2015.08.30-21.19.48:947][331]LogModuleManager: Shutting down and abandoning module OpenGLDrv (9)
[2015.08.30-21.19.48:947][331]LogModuleManager: Shutting down and abandoning module D3D11RHI (8)
[2015.08.30-21.19.48:947][331]LogModuleManager: Shutting down and abandoning module Renderer (7)
[2015.08.30-21.19.48:947][331]LogModuleManager: Shutting down and abandoning module Engine (6)
[2015.08.30-21.19.48:947][331]LogModuleManager: Shutting down and abandoning module CoreUObject (5)
[2015.08.30-21.19.48:947][331]LogModuleManager: Shutting down and abandoning module NetworkFile (4)
[2015.08.30-21.19.48:947][331]LogModuleManager: Shutting down and abandoning module StreamingFile (3)
[2015.08.30-21.19.48:947][331]LogModuleManager: Shutting down and abandoning module SandboxFile (2)
[2015.08.30-21.19.48:947][331]LogModuleManager: Shutting down and abandoning module PakFile (1)
[2015.08.30-21.19.48:947][331]LogExit: Exiting.
[2015.08.30-21.19.48:949][331]Log file closed, 08/30/15 23:19:48
