[2015.08.27-11.11.00:266][  0]Log file open, 08/27/15 13:11:00
[2015.08.27-11.11.00:266][  0]LogInit:Display: Running engine for game: NotPartofGame
[2015.08.27-11.11.00:266][  0]LogInit:Display: RandInit(-1782013808) SRandInit(-1782013807).
[2015.08.27-11.11.00:266][  0]LogTaskGraph: Started task graph with 4 named threads and 7 total threads.
[2015.08.27-11.11.00:266][  0]LogStats: Stats thread started
[2015.08.27-11.11.00:266][  0]LogInit: Version: 4.8.3-2634408+++depot+UE4-Releases+4.8
[2015.08.27-11.11.00:266][  0]LogInit: API Version: 2579680
[2015.08.27-11.11.00:266][  0]LogInit: Compiled (64-bit): Jul 27 2015 16:24:33
[2015.08.27-11.11.00:266][  0]LogInit: Compiled with Visual C++: 18.00.21005.01
[2015.08.27-11.11.00:266][  0]LogInit: Build Configuration: Development
[2015.08.27-11.11.00:266][  0]LogInit: Branch Name: ++depot+UE4-Releases+4.8
[2015.08.27-11.11.00:266][  0]LogInit: Command line:  /Temp/Autosaves/Game/NPOTG/Maps/UEDPCTesting_Level -game -PIEVIACONSOLE -ResX=1280 -ResY=720  -Multiprocess 
[2015.08.27-11.11.00:266][  0]LogInit: Base directory: C:/Users/Bodoo/Documents/Programmieren/4.8/Engine/Binaries/Win64/
[2015.08.27-11.11.00:266][  0]LogInit: Rocket: 1
[2015.08.27-11.11.00:281][  0]LogInit: Using libcurl 7.41.0
[2015.08.27-11.11.00:281][  0]LogInit:  - built for x86_64-pc-win32
[2015.08.27-11.11.00:281][  0]LogInit:  - supports SSL with WinSSL
[2015.08.27-11.11.00:281][  0]LogInit:  - other features:
[2015.08.27-11.11.00:281][  0]LogInit:      CURL_VERSION_SSL
[2015.08.27-11.11.00:281][  0]LogInit:      CURL_VERSION_IPV6
[2015.08.27-11.11.00:281][  0]LogInit:      CURL_VERSION_ASYNCHDNS
[2015.08.27-11.11.00:281][  0]LogInit:      CURL_VERSION_LARGEFILE
[2015.08.27-11.11.00:281][  0]LogInit:      CURL_VERSION_IDN
[2015.08.27-11.11.00:281][  0]LogInit:  CurlRequestOptions (configurable via config and command line):
[2015.08.27-11.11.00:281][  0]LogInit:  - bVerifyPeer = true  - Libcurl will verify peer certificate
[2015.08.27-11.11.00:281][  0]LogInit:  - bUseHttpProxy = false  - Libcurl will NOT use HTTP proxy
[2015.08.27-11.11.00:281][  0]LogInit:  - bDontReuseConnections = false  - Libcurl will reuse connections
[2015.08.27-11.11.00:281][  0]LogInit:  - CertBundlePath = nullptr  - Libcurl will use whatever was configured at build time.
[2015.08.27-11.11.00:296][  0]LogOnline:Warning: No default platform service specified for OnlineSubsystem
[2015.08.27-11.11.00:313][  0]LogInit: Presizing for 0 objects not considered by GC, pre-allocating 0 bytes.
[2015.08.27-11.11.00:321][  0]LogInit: Object subsystem initialized
[2015.08.27-11.11.00:322][  0]LogConsoleResponse:Warning: Skipping Unknown console variable: 'UIScaleCurve = (EditorCurveData=(Keys=((Time=480.000000,Value=0.444000),(Time=720.000000,Value=0.666000),(Time=1080.000000,Value=1.000000),(Time=8640.000000,Value=8.000000))),ExternalCurve=None)'
[2015.08.27-11.11.00:322][  0]LogConsoleResponse:Warning:   Found in ini file 'C:/Users/Bodoo/Documents/Programmieren/Projekte/NotPartofTheGame/Saved/Config/Windows/Engine.ini', in section '[/Script/Engine.RendererSettings]'
[2015.08.27-11.11.00:323][  0]LogConsoleManager:Warning: Console variable 'r.MSAA.CompositingSampleCount' wasn't set ('Scalability' has a lower priority than 'ProjectSetting')
[2015.08.27-11.11.00:323][  0]LogInit: Selected Device Profile: [Windows]
[2015.08.27-11.11.00:323][  0]LogInit: Applying CVar settings loaded from the selected device profile: [Windows]
[2015.08.27-11.11.00:326][  0]LogInit: Computer: DESKTOP-GLF6O4V
[2015.08.27-11.11.00:326][  0]LogInit: User: Bodoo
[2015.08.27-11.11.00:326][  0]LogInit: CPU Page size=4096, Cores=4
[2015.08.27-11.11.00:327][  0]LogInit: High frequency timer resolution =3.215356 MHz
[2015.08.27-11.11.00:327][  0]LogMemory: Memory total: Physical=12.0GB (12GB approx)
[2015.08.27-11.11.00:327][  0]LogMemory: Platform Memory Stats for Windows
[2015.08.27-11.11.00:327][  0]LogMemory: Process Physical Memory: 49.41 MB used, 49.41 MB peak
[2015.08.27-11.11.00:327][  0]LogMemory: Process Virtual Memory: 22.56 MB used, 22.56 MB peak
[2015.08.27-11.11.00:327][  0]LogMemory: Physical Memory: 2741.66 MB used, 12270.70 MB total
[2015.08.27-11.11.00:327][  0]LogMemory: Virtual Memory: 310.61 MB used, 134217728.00 MB total
[2015.08.27-11.11.00:356][  0]LogTextLocalizationManager: The requested culture ('de_DE') has no localization data; falling back to 'en' for localization and internationalization data.
[2015.08.27-11.11.00:603][  0]LogTextLocalizationManager:Warning: Loaded localization resources contain conflicting entries for (Namespace:ContentBrowser, Key:ImportAssetToolTip):
Localization Resource: (C:/Users/Bodoo/Documents/Programmieren/4.8/Engine/Content/Localization/Editor/en/Editor.locres) Source String Hash: (-630476809) Localized String: (Import to {0}...)
Localization Resource: (C:/Users/Bodoo/Documents/Programmieren/4.8/Engine/Content/Localization/Editor/en/Editor.locres) Source String Hash: (1271782899) Localized String: (Imports an asset from file to this folder.)
[2015.08.27-11.11.00:943][  0]LogD3D11RHI: Found D3D11 adapter 0: AMD Radeon HD 6800 Series (Feature Level 11_0)
[2015.08.27-11.11.00:943][  0]LogD3D11RHI: Adapter has 1011MB of dedicated video memory, 0MB of dedicated system memory, and 3840MB of shared system memory, 1 output[s]
[2015.08.27-11.11.00:944][  0]LogD3D11RHI: Found D3D11 adapter 1: Microsoft Basic Render Driver (Feature Level 11_0)
[2015.08.27-11.11.00:944][  0]LogD3D11RHI: Adapter has 0MB of dedicated video memory, 0MB of dedicated system memory, and 6135MB of shared system memory, 0 output[s]
[2015.08.27-11.11.00:944][  0]LogD3D11RHI: Chosen D3D11 Adapter Id = 0
[2015.08.27-11.11.00:947][  0]LogD3D11RHI: InitD3DDevice
[2015.08.27-11.11.00:947][  0]LogD3D11RHI: !Direct3DDevice
[2015.08.27-11.11.00:947][  0]LogRHI: Texture pool is 708 MB (70% of 1011 MB)
[2015.08.27-11.11.00:953][  0]LogD3D11RHI: Async texture creation disabled: no driver support
[2015.08.27-11.11.00:964][  0]LogShaderCompilers:Display: Using Local Shader Compiler.
[2015.08.27-11.11.01:812][  0]LogTemp:Display: Loaded TP DesktopTargetPlatform
[2015.08.27-11.11.01:829][  0]LogTemp:Display: Loaded TP WindowsClientTargetPlatform
[2015.08.27-11.11.01:845][  0]LogTemp:Display: Loaded TP WindowsNoEditorTargetPlatform
[2015.08.27-11.11.01:861][  0]LogTemp:Display: Loaded TP WindowsServerTargetPlatform
[2015.08.27-11.11.01:879][  0]LogTemp:Display: Loaded TP WindowsTargetPlatform
[2015.08.27-11.11.01:893][  0]LogTemp:Display: Loaded TP AndroidTargetPlatform
[2015.08.27-11.11.01:907][  0]LogTemp:Display: Loaded TP Android_ASTCTargetPlatform
[2015.08.27-11.11.01:920][  0]LogTemp:Display: Loaded TP Android_ATCTargetPlatform
[2015.08.27-11.11.01:935][  0]LogTemp:Display: Loaded TP Android_DXTTargetPlatform
[2015.08.27-11.11.01:949][  0]LogTemp:Display: Loaded TP Android_ETC1TargetPlatform
[2015.08.27-11.11.01:964][  0]LogTemp:Display: Loaded TP Android_ETC2TargetPlatform
[2015.08.27-11.11.01:978][  0]LogTemp:Display: Loaded TP Android_PVRTCTargetPlatform
[2015.08.27-11.11.02:031][  0]LogTemp:Display: Loaded TP IOSTargetPlatform
[2015.08.27-11.11.02:045][  0]LogTemp:Display: Loaded TP LinuxNoEditorTargetPlatform
[2015.08.27-11.11.02:059][  0]LogTemp:Display: Loaded TP LinuxServerTargetPlatform
[2015.08.27-11.11.02:077][  0]LogTemp:Display: Loaded TP LinuxTargetPlatform
[2015.08.27-11.11.02:077][  0]LogTargetPlatformManager:Display: Building Assets For Windows
[2015.08.27-11.11.02:313][  0]LogDerivedDataCache:Display: Max Cache Size: 512 MB
[2015.08.27-11.11.02:379][  0]LogDerivedDataCache: Loaded boot cache 0.07s 53MB C:/Users/Bodoo/AppData/Local/UnrealEngine/4.8/DerivedDataCache/Boot.ddc.
[2015.08.27-11.11.02:379][  0]LogDerivedDataCache:Display: Loaded Boot cache: C:/Users/Bodoo/AppData/Local/UnrealEngine/4.8/DerivedDataCache/Boot.ddc
[2015.08.27-11.11.02:379][  0]LogDerivedDataCache: FDerivedDataBackendGraph:  Pak pak cache file ../../../../Projekte/NotPartofTheGame/DerivedDataCache/DDC.ddp not found, will not use a pak cache.
[2015.08.27-11.11.02:379][  0]LogDerivedDataCache: Unable to find in