[2015.09.23-14.53.09:986][  0]Log file open, 09/23/15 16:53:09
[2015.09.23-14.53.09:986][  0]LogInit:Display: Running engine without a game
[2015.09.23-14.53.09:986][  0]LogInit:Display: Loading recent project file: ../../../../Projekte/NotPartofTheGame/NotPartofGame.uproject
[2015.09.23-14.53.09:986][  0]LogInit:Display: RandInit(754008768) SRandInit(754008770).
[2015.09.23-14.53.09:986][  0]LogTaskGraph: Started task graph with 4 named threads and 7 total threads.
[2015.09.23-14.53.09:986][  0]LogStats: Stats thread started
[2015.09.23-14.53.09:986][  0]LogInit: Version: 4.8.3-2634408+++depot+UE4-Releases+4.8
[2015.09.23-14.53.09:986][  0]LogInit: API Version: 2579680
[2015.09.23-14.53.09:986][  0]LogInit: Compiled (64-bit): Jul 27 2015 16:24:33
[2015.09.23-14.53.09:986][  0]LogInit: Compiled with Visual C++: 18.00.21005.01
[2015.09.23-14.53.09:986][  0]LogInit: Build Configuration: Development
[2015.09.23-14.53.09:986][  0]LogInit: Branch Name: ++depot+UE4-Releases+4.8
[2015.09.23-14.53.09:986][  0]LogInit: Command line: 
[2015.09.23-14.53.09:986][  0]LogInit: Base directory: C:/Users/Bodoo/Documents/Programmieren/4.8/Engine/Binaries/Win64/
[2015.09.23-14.53.09:986][  0]LogInit: Rocket: 1
[2015.09.23-14.53.11:314][  0]LogInit: Using libcurl 7.41.0
[2015.09.23-14.53.11:314][  0]LogInit:  - built for x86_64-pc-win32
[2015.09.23-14.53.11:314][  0]LogInit:  - supports SSL with WinSSL
[2015.09.23-14.53.11:314][  0]LogInit:  - other features:
[2015.09.23-14.53.11:314][  0]LogInit:      CURL_VERSION_SSL
[2015.09.23-14.53.11:314][  0]LogInit:      CURL_VERSION_IPV6
[2015.09.23-14.53.11:314][  0]LogInit:      CURL_VERSION_ASYNCHDNS
[2015.09.23-14.53.11:314][  0]LogInit:      CURL_VERSION_LARGEFILE
[2015.09.23-14.53.11:314][  0]LogInit:      CURL_VERSION_IDN
[2015.09.23-14.53.11:314][  0]LogInit:  CurlRequestOptions (configurable via config and command line):
[2015.09.23-14.53.11:314][  0]LogInit:  - bVerifyPeer = true  - Libcurl will verify peer certificate
[2015.09.23-14.53.11:314][  0]LogInit:  - bUseHttpProxy = false  - Libcurl will NOT use HTTP proxy
[2015.09.23-14.53.11:314][  0]LogInit:  - bDontReuseConnections = false  - Libcurl will reuse connections
[2015.09.23-14.53.11:314][  0]LogInit:  - CertBundlePath = nullptr  - Libcurl will use whatever was configured at build time.
[2015.09.23-14.53.11:314][  0]LogOnline:Warning: No default platform service specified for OnlineSubsystem
[2015.09.23-14.53.12:236][  0]LogInit: Presizing for 0 objects not considered by GC, pre-allocating 0 bytes.
[2015.09.23-14.53.12:251][  0]LogInit: Object subsystem initialized
[2015.09.23-14.53.12:251][  0]LogConsoleResponse:Warning: Skipping Unknown console variable: 'UIScaleCurve = (EditorCurveData=(Keys=((Time=480.000000,Value=0.444000),(Time=720.000000,Value=0.666000),(Time=1080.000000,Value=1.000000),(Time=8640.000000,Value=8.000000))),ExternalCurve=None)'
[2015.09.23-14.53.12:251][  0]LogConsoleResponse:Warning:   Found in ini file 'C:/Users/Bodoo/Documents/Programmieren/Projekte/NotPartofTheGame/Saved/Config/Windows/Engine.ini', in section '[/Script/Engine.RendererSettings]'
[2015.09.23-14.53.12:251][  0]LogConsoleManager:Warning: Console variable 'r.MSAA.CompositingSampleCount' wasn't set ('Scalability' has a lower priority than 'ProjectSetting')
[2015.09.23-14.53.12:251][  0]LogInit: Selected Device Profile: [Windows]
[2015.09.23-14.53.12:251][  0]LogInit: Applying CVar settings loaded from the selected device profile: [Windows]
[2015.09.23-14.53.12:275][  0]LogInit: Computer: DESKTOP-GLF6O4V
[2015.09.23-14.53.12:275][  0]LogInit: User: Bodoo
[2015.09.23-14.53.12:275][  0]LogInit: CPU Page size=4096, Cores=4
[2015.09.23-14.53.12:275][  0]LogInit: High frequency timer resolution =3.215354 MHz
[2015.09.23-14.53.12:275][  0]LogMemory: Memory total: Physical=12.0GB (12GB approx)
[2015.09.23-14.53.12:275][  0]LogMemory: Platform Memory Stats for Windows
[2015.09.23-14.53.12:275][  0]LogMemory: Process Physical Memory: 51.73 MB used, 51.73 MB peak
[2015.09.23-14.53.12:275][  0]LogMemory: Process Virtual Memory: 22.45 MB used, 24.34 MB peak
[2015.09.23-14.53.12:275][  0]LogMemory: Physical Memory: 1724.52 MB used, 12270.45 MB total
[2015.09.23-14.53.12:275][  0]LogMemory: Virtual Memory: 310.10 MB used, 134217728.00 MB total
[2015.09.23-14.53.15:036][  0]LogTextLocalizationManager: The requested culture ('de_DE') has no localization data; falling back to 'en' for localization and internationalization data.
[2015.09.23-14.53.15:274][  0]LogTextLocalizationManager:Warning: Loaded localization resources contain conflicting entries for (Namespace:ContentBrowser, Key:ImportAssetToolTip):
Localization Resource: (C:/Users/Bodoo/Documents/Programmieren/4.8/Engine/Content/Localization/Editor/en/Editor.locres) Source String Hash: (-630476809) Localized String: (Import to {0}...)
Localization Resource: (C:/Users/Bodoo/Documents/Programmieren/4.8/Engine/Content/Localization/Editor/en/Editor.locres) Source String Hash: (1271782899) Localized String: (Imports an asset from file to this folder.)
[2015.09.23-14.53.15:645][  0]LogD3D11RHI: Found D3D11 adapter 0: AMD Radeon HD 6800 Series (Feature Level 11_0)
[2015.09.23-14.53.15:645][  0]LogD3D11RHI: Adapter has 1011MB of dedicated video memory, 0MB of dedicated system memory, and 3840MB of shared system memory, 1 output[s]
[2015.09.23-14.53.15:646][  0]LogD3D11RHI: Found D3D11 adapter 1: Microsoft Basic Render Driver (Feature Level 11_0)
[2015.09.23-14.53.15:646][  0]LogD3D11RHI: Adapter has 0MB of dedicated video memory, 0MB of dedicated system memory, and 6135MB of shared system memory, 0 output[s]
[2015.09.23-14.53.15:646][  0]LogD3D11RHI: Chosen D3D11 Adapter Id = 0
[2015.09.23-14.53.15:650][  0]LogD3D11RHI: InitD3DDevice
[2015.09.23-14.53.15:650][  0]LogD3D11RHI: !Direct3DDevice
[2015.09.23-14.53.15:650][  0]LogRHI: Texture pool is 708 MB (70% of 1011 MB)
[2015.09.23-14.53.15:657][  0]LogD3D11RHI: Async texture creation disabled: no driver support
[2015.09.23-14.53.15:667][  0]LogShaderCompilers:Display: Using Local Shader Compiler.
[2015.09.23-14.53.22:765][  0]LogTemp:Display: Loaded TP DesktopTargetPlatform
[2015.09.23-14.53.22:782][  0]LogTemp:Display: Loaded TP WindowsClientTargetPlatform
[2015.09.23-14.53.22:798][  0]LogTemp:Display: Loaded TP WindowsNoEditorTargetPlatform
[2015.09.23-14.53.22:814][  0]LogTemp:Display: Loaded TP WindowsServerTargetPlatform
[2015.09.23-14.53.22:831][  0]LogTemp:Display: Loaded TP WindowsTargetPlatform
[2015.09.23-14.53.22:847][  0]LogTemp:Display: Loaded TP AndroidTargetPlatform
[2015.09.23-14.53.22:861][  0]LogTemp:Display: Loaded TP Android_ASTCTargetPlatform
[2015.09.23-14.53.22:875][  0]LogTemp:Display: Loaded TP Android_ATCTargetPlatform
[2015.09.23-14.53.22:888][  0]LogTemp:Display: Loaded TP Android_DXTTargetPlatform
[2015.09.23-14.53.22:902][  0]LogTemp:Display: Loaded TP Android_ETC1TargetPlatform
[2015.09.23-14.53.22:915][  0]LogTemp:Display: Loaded TP Android_ETC2TargetPlatform
[2015.09.23-14.53.22:929][  0]LogTemp:Display: Loaded TP Android_PVRTCTargetPlatform
[2015.09.23-14.53.23:341][  0]LogTemp:Display: Loaded TP IOSTargetPlatform
[2015.09.23-14.53.23:354][  0]LogTemp:Display: Loaded TP LinuxNoEditorTargetPlatform
[2015.09.23-14.53.23:368][  0]LogTemp:Display: Loaded TP LinuxServerTargetPlatform
[2015.09.23-14.53.23:385][  0]LogTemp:Display: Loaded TP LinuxTargetPlatform
[2015.09.23-14.53.23:385][  0]LogTargetPlatformManager:Display: Building Assets For Windows
[2015.09.23-14.53.26:046][  0]LogDerivedDataCache:Display: Max Cache Size: 512 MB
[2015.09.23-14.53.27:439][  0]LogDerivedDataCache: Loaded boot cache 1.39s 53MB C:/Users/Bodoo/AppData/Local/UnrealEngine/4.8/DerivedDataCache/Boot.ddc.
[2015.09.23-14.53.27:439][  0]LogDerivedDataCache:Display: Loaded Boot cache: C:/Users/Bodoo/AppData/Local/UnrealEngine/4.8/DerivedDataCache/Boot.ddc
[2015.09.23-14.53.27:481][  0]LogDerivedDataCache: FDerivedDataBackendGraph:  Pak pak cache file ../../../../Projekte/NotPartofTheGame/DerivedDataCache/DDC.ddp not found, will not use a pak cache.
[2015.09.23-14.53.27:481][  0]LogDerivedDataCache: Unable to find inner node Pak for hierarchical cache Hierarchy.
[2015.09.23-14.53.27:481][  0]LogDerivedDataCache: FDerivedDataBackendGraph:  CompressedPak pak cache file ../../../../Projekte/NotPartofTheGame/DerivedDataCache/Compressed.ddp not found, will not use a pak cache.
[2015.09.23-14.53.27:481][  0]LogDerivedDataCache: Unable to find inner node CompressedPak for hierarchical cache Hierarchy.
[2015.09.23-14.53.28:015][  0]LogDerivedDataCache:Display: Pak cache opened for reading ../../../Engine/DerivedDataCache/Compressed.ddp.
[2015.09.23-14.53.28:121][  0]LogDerivedDataCache: Using Local data cache path C:/Users/Bodoo/AppData/Local/UnrealEngine/Common/DerivedDataCache: Writable
[2015.09.23-14.54.01:079][  0]LogInit: Selected Device Profile: [Windows]
[2015.09.23-14.54.03:210][  0]ImportText (ComponentSweepMultiTests): Missing closing parenthesis: (RootShapeAsset="/Engine/BasicShapes/Cube.Cube",ShapeType="TriggerCapsule",HitResult=(Time=0.50,Location=(X=-100.000015,Y=0.0,Z=100.000015),ImpactPoint=(X=-50.0,Y=0.0,Z=50.0),Normal=(X=-1.0,Y=-0.0,Z=0.0),ImpactNormal=(X=0.0,Y=0.0,Z=1.0),TraceStart=(X=-200.0,Y=0.0,Z=200.0),TraceEnd=(X=0.0,Y=0.0,Z=0.0))
[2015.09.23-14.54.03:210][  0]ImportText (LineTraceSingleByChannelTests): Missing closing parenthesis: (RootShapeAsset="/Engine/BasicShapes/Cube.Cube",HitResult=(Time=0.50,Location=(X=-100.000015,Y=0.0,Z=100.000015),ImpactPoint=(X=-50.0,Y=0.0,Z=50.0),Normal=(X=-1.0,Y=-0.0,Z=0.0),ImpactNormal=(X=0.0,Y=0.0,Z=1.0),TraceStart=(X=-200.0,Y=0.0,Z=200.0),TraceEnd=(X=0.0,Y=0.0,Z=0.0))
[2015.09.23-14.54.03:620][  0]LogMeshUtilities: No automatic mesh reduction module available
[2015.09.23-14.54.03:620][  0]LogMeshUtilities: No automatic mesh merging module available
[2015.09.23-14.54.07:846][  0]LogInit: WinSock: version 1.1 (2.2), MaxSocks=32767, MaxUdp=65467
[2015.09.23-14.54.18:137][  0]LogAssetRegistry: FAssetRegistry took 0.0137 seconds to start up
[2015.09.23-14.54.18:167][  0]LogDirectoryWatcher:Warning: Failed to begin reading directory changes for ../../../Engine/Plugins/Experimental/CharacterAI/Content/. Error: 0
[2015.09.23-14.54.18:422][  0]UdpMessaging: Initializing bridge on interface 0.0.0.0:0 to multicast group 230.0.0.1:6666.
[2015.09.23-14.54.22:213][  0]SourceControl: Info Source control is disabled
[2015.09.23-14.54.22:743][  0]SourceControl: Info Source control is disabled
[2015.09.23-14.54.22:776][  0]SourceControl: Info Source control is disabled
[2015.09.23-14.54.22:848][  0]SourceControl: Info Source control is disabled
[2015.09.23-14.54.24:004][  0]LogObj: 26440 objects as part of root set at end of initial load.
[2015.09.23-14.54.24:004][  0]LogUObjectAllocator: 5438856 out of 0 bytes used by permanent object pool.
[2015.09.23-14.54.24:727][  0]LogEngine: Initializing Engine...
[2015.09.23-14.54.24:764][  0]LogHMD: Can't find Oculus library dev build: is proper Runtime installed? Version: 0.6.0.0
[2015.09.23-14.54.24:901][  0]LogHMD:Warning: SteamVR failed to initialize.  Error: 110
[2015.09.23-14.54.28:352][  0]LogAIModule: Creating AISystem for world NewWorld
[2015.09.23-14.54.28:732][  0]LogInit: XAudio2 using 'Lautsprecher (Realtek High Definition Audio)' : 2 channels at 48 kHz using 32 bits per sample (channel mask 0x3)
[2015.09.23-14.54.28:760][  0]LogInit: FAudioDevice initialized.
[2015.09.23-14.54.28:789][  0]LogDerivedDataCache: Saved boot cache 0.03s 53MB C:/Users/Bodoo/AppData/Local/UnrealEngine/4.8/DerivedDataCache/Boot.ddc.
[2015.09.23-14.54.28:870][  0]LogInit: Texture streaming: Disabled
[2015.09.23-14.54.28:927][  0]LogAnalytics: Creating configured Analytics provider AnalyticsET
[2015.09.23-14.54.28:954][  0]LogAnalytics: [UEEditor.Rocket.Release] APIServer = http://et2.epicgames.com/ET2/. AppVersion = 4.8.3-2634408+++depot+UE4-Releases+4.8
[2015.09.23-14.54.28:954][  0]LogAnalytics: [UEEditor.Rocket.Release] SetUserId 0359330b4a4de6cf49a2cc9879aa4f35||823e2c57-8ae8-4d61-a04c-15505c18bf02
[2015.09.23-14.54.28:954][  0]LogAnalytics: [UEEditor.Rocket.Release] AnalyticsET::StartSession
[2015.09.23-14.54.29:503][  0]LogInit: Transaction tracking system initialized
[2015.09.23-14.54.33:418][  0]BlueprintLog: New page: Editor Load
[2015.09.23-14.54.37:876][  0]LogLinker:Warning: Can't find file '/Game/PuzzleBP/PuzzleOverview'
[2015.09.23-14.54.37:876][  0]LogLinker:Warning: Can't find file '/Game/PuzzleBP/PuzzleOverview'
[2015.09.23-14.54.37:876][  0]LogLinker:Warning: Can't find file '/Game/PuzzleBP/PuzzleOverview'
[2015.09.23-14.54.37:876][  0]LogUObjectGlobals:Warning: Failed to find object 'Class /Game/PuzzleBP/PuzzleOverview.PuzzleOverview_C'
[2015.09.23-14.54.38:333][  0]LogConsoleManager:Warning: Console variable 'r.VSync' wasn't set ('GameSetting' has a lower priority than 'SystemSettingsIni')
[2015.09.23-14.54.38:333][  0]LogConsoleResponse:Display: 
[2015.09.23-14.54.40:757][  0]LogCook:Display: Done creating registry. It took  0.00s.
[2015.09.23-14.54.42:595][  0]SourceControl: Info Source control is disabled
[2015.09.23-14.54.42:896][  0]LogD3D11RHI: InitD3DDevice
[2015.09.23-14.54.42:987][  0]LogWindowsTextInputMethodSystem:Display: IME system now deactivated.
[2015.09.23-14.54.44:031][  0]LogD3D11RHI: InitD3DDevice
[2015.09.23-14.54.50:608][  0]LogWindowsTextInputMethodSystem:Display: IME system now deactivated.
[2015.09.23-14.54.50:608][  0]LogWindowsTextInputMethodSystem:Display: IME system now deactivated.
[2015.09.23-14.54.50:608][  0]LogWindowsTextInputMethodSystem:Display: IME system now deactivated.
[2015.09.23-14.54.51:064][  0]LogWindowsTextInputMethodSystem:Display: IME system now deactivated.
[2015.09.23-14.54.51:064][  0]LogWindowsTextInputMethodSystem:Display: IME system now deactivated.
[2015.09.23-14.54.51:064][  0]LogWindowsTextInputMethodSystem:Display: IME system now deactivated.
[2015.09.23-14.54.51:066][  0]LogD3D11RHI: InitD3DDevice
[2015.09.23-14.54.55:122][  0]LogWindowsTextInputMethodSystem:Display: IME system now deactivated.
[2015.09.23-14.54.55:122][  0]LogWindowsTextInputMethodSystem:Display: IME system now deactivated.
[2015.09.23-14.54.55:123][  0]LogWindowsTextInputMethodSystem:Display: IME system now deactivated.
[2015.09.23-14.54.56:052][  0]LogWindowsTextInputMethodSystem:Display: IME system now deactivated.
[2015.09.23-14.54.56:052][  0]LogWindowsTextInputMethodSystem:Display: IME system now deactivated.
[2015.09.23-14.54.56:052][  0]LogWindowsTextInputMethodSystem:Display: IME system now deactivated.
[2015.09.23-14.54.56:147][  0]Cmd: MAP LOAD FILE="../../../../Projekte/NotPartofTheGame/Content/NPOTG/Maps/Testing_Level.umap" TEMPLATE=0 SHOWPROGRESS=1 FEATURELEVEL=3
[2015.09.23-14.54.56:188][  0]LightingResults: New page: Lighting Build
[2015.09.23-14.54.56:575][  0]MapCheck: New page: Map Check
[2015.09.23-14.54.56:575][  0]LightingResults: New page: Lighting Build
[2015.09.23-14.54.57:151][  0]LogParticles: Destroying 0 GPU particle simulations for FXSystem 0x000000D81CEC2F20
[2015.09.23-14.55.10:604][  0]LogAIModule: Creating AISystem for world Testing_Level
[2015.09.23-14.55.10:634][  0]LogPrimitiveComponent: Zero scaling not supported (/Game/NPOTG/Maps/Testing_Level.Testing_Level:PersistentLevel.PlayerStart.CollisionCapsule)
[2015.09.23-14.55.11:434][  0]LogEditorServer: Finished looking for orphan Actors (0.000 secs)
[2015.09.23-14.55.11:459][  0]Cmd: MAP CHECKDEP NOCLEARLOG
[2015.09.23-14.55.11:522][  0]MapCheck: Info Map check complete: 0 Error(s), 0 Warning(s), took 62.804ms to complete.
[2015.09.23-14.55.11:522][  0]LogFileHelpers: Loading map 'Testing_Level' took 15.397
[2015.09.23-14.55.13:226][  0]LogCollectionManager: Loaded 0 collections in 0.002080 seconds
[2015.09.23-14.55.13:254][  0]LogContentBrowser: Native class hierarchy populated in 0.0271 seconds. Added 1807 classes and 307 folders.
[2015.09.23-14.55.13:425][  0]LogContentBrowser: Native class hierarchy updated for 'WidgetCarousel' in 0.0004 seconds. Added 0 classes and 0 folders.
[2015.09.23-14.55.13:735][  0]LogContentBrowser: Native class hierarchy updated for 'AddContentDialog' in 0.0004 seconds. Added 0 classes and 0 folders.
[2015.09.23-14.55.13:824][  0]LogContentBrowser: Native class hierarchy updated for 'SceneOutliner' in 0.0004 seconds. Added 1 classes and 2 folders.
[2015.09.23-14.55.14:466][  0]LogCrashTracker: Crashtracker disabled due to settings.
[2015.09.23-14.55.14:536][  0]LogD3D11RHI: InitD3DDevice
[2015.09.23-14.55.14:556][  0]LogUObjectGlobals:Warning: Failed to find object 'Class None.'
[2015.09.23-14.55.14:643][  0]LogStats:Warning: MetaData mismatch. Did you assign a stat to two groups? New //STATGROUP_Threads//SplashScreenThread///Thread_e00_0///####STATCAT_Advanced#### old //STATGROUP_Threads//SplashScreenThread///Thread_1500_0///####STATCAT_Advanced####
[2015.09.23-14.55.14:643][  0]LogLoad: Full Startup: 143.25 seconds (BP compile: 2.50 seconds)
[2015.09.23-14.55.15:326][  0]LogContentStreaming: Texture pool size is 0.000000MB
[2015.09.23-14.55.15:488][  0]LogContentStreaming: Texture pool size now 1000 MB
[2015.09.23-14.55.16:055][  0]LogRenderer: Reallocating scene render targets to support 1208x576 (Frame:2).
[2015.09.23-14.55.16:678][  2]LogD3D11RHI: InitD3DDevice
[2015.09.23-14.55.17:152][ 10]LogAssetRegistry: Asset discovery search completed in 59.0277 seconds
[2015.09.23-14.55.21:825][558]LogD3D11RHI: InitD3DDevice
[2015.09.23-14.55.21:905][558]LogD3D11RHI: InitD3DDevice
[2015.09.23-14.55.22:008][558]LogLinker:Warning: Asset '../../../Engine/Content/ArtTools/RenderToTexture/Macros/RenderToTextureMacros.uasset' has been saved with empty engine version. The asset will be loaded but may be incompatible.
[2015.09.23-14.55.22:240][558]LogLinker:Warning: Asset '../../../Engine/Content/ArtTools/RenderToTexture/Enums/RenderToTexture_Enum.uasset' has been saved with empty engine version. The asset will be loaded but may be incompatible.
[2015.09.23-14.55.24:624][558]LogD3D11RHI: InitD3DDevice
[2015.09.23-14.55.54:489][619]LogD3D11RHI: InitD3DDevice
[2015.09.23-14.56.00:607][181]BlueprintLog: New page: Compile wolf
[2015.09.23-14.56.02:126][181]BlueprintEditorCompileResults: Info [0190.74] Compile of wolf successful! [in 1,519 ms]
[2015.09.23-14.56.09:951][859]LogD3D11RHI: InitD3DDevice
[2015.09.23-14.56.46:838][130]LogD3D11RHI: InitD3DDevice
[2015.09.23-14.56.46:856][130]LogD3D11RHI: InitD3DDevice
[2015.09.23-14.56.47:406][131]LogRenderer: Reallocating scene render targets to support 1208x712 (Frame:6436).
[2015.09.23-14.56.49:790][237]LogD3D11RHI: InitD3DDevice
[2015.09.23-14.56.51:956][349]LogD3D11RHI: InitD3DDevice
[2015.09.23-14.56.52:235][365]LogD3D11RHI: InitD3DDevice
[2015.09.23-14.56.53:056][409]LogD3D11RHI: InitD3DDevice
[2015.09.23-14.57.08:375][377]BlueprintLog: New page: Compile Markimoo
[2015.09.23-14.57.08:641][377]LogBlueprint:Error: [compiler wolf] Error Could not find a function named "start fight" in 'Markimoo_C'.
Make sure 'Markimoo_C' has been compiled for  Start Fight 
[2015.09.23-14.57.08:642][377]LogBlueprint:Error: [compiler wolf] Error Could not find a function named "REACT!" in 'Markimoo_C'.
Make sure 'Markimoo_C' has been compiled for  REACT! 
[2015.09.23-14.57.09:608][377]BlueprintEditorCompileResults: Info [0258.22] Compile of Markimoo successful! [in 1,232 ms]
[2015.09.23-14.57.12:823][656]BlueprintLog: New page: Compile wolf
[2015.09.23-14.57.12:911][656]LogBlueprint:Error: [compiler wolf] Error Could not find a function named "start fight" in 'Markimoo_C'.
Make sure 'Markimoo_C' has been compiled for  Start Fight 
[2015.09.23-14.57.12:912][656]LogBlueprint:Error: [compiler wolf] Error Could not find a function named "REACT!" in 'Markimoo_C'.
Make sure 'Markimoo_C' has been compiled for  REACT! 
[2015.09.23-14.57.13:105][656]LogBlueprint:Warning: [compiler wolf] Warning [0261.72] Compile of wolf failed. 2 Fatal Issue(s) 0 Warning(s) [in 282 ms]
[2015.09.23-14.57.13:105][656]BlueprintEditorCompileResults:Error: Error Could not find a function named "start fight" in 'Markimoo_C'.
Make sure 'Markimoo_C' has been compiled for  Start Fight 
[2015.09.23-14.57.13:105][656]BlueprintEditorCompileResults:Error: Error Could not find a function named "REACT!" in 'Markimoo_C'.
Make sure 'Markimoo_C' has been compiled for  REACT! 
[2015.09.23-14.57.13:117][656]BlueprintEditorCompileResults:Warning: Warning [0261.72] Compile of wolf failed. 2 Fatal Issue(s) 0 Warning(s) [in 282 ms]
[2015.09.23-14.57.46:412][ 81]LogD3D11RHI: InitD3DDevice
[2015.09.23-14.57.49:177][272]LogD3D11RHI: InitD3DDevice
[2015.09.23-14.57.54:999][686]LogD3D11RHI: InitD3DDevice
[2015.09.23-14.57.58:421][935]LogD3D11RHI: InitD3DDevice
[2015.09.23-14.58.03:411][300]LogD3D11RHI: InitD3DDevice
[2015.09.23-14.58.11:717][900]LogD3D11RHI: InitD3DDevice
[2015.09.23-14.58.45:386][543]LogD3D11RHI: InitD3DDevice
[2015.09.23-14.59.09:133][347]LogD3D11RHI: InitD3DDevice
[2015.09.23-14.59.09:762][395]LogD3D11RHI: InitD3DDevice
[2015.09.23-14.59.11:851][550]LogD3D11RHI: InitD3DDevice
[2015.09.23-14.59.13:849][699]LogD3D11RHI: InitD3DDevice
[2015.09.23-14.59.16:789][918]BlueprintLog: New page: Compile wolf
[2015.09.23-14.59.17:070][918]BlueprintEditorCompileResults: Info [0385.68] Compile of wolf successful! [in 281 ms]
[2015.09.23-14.59.48:235][514]LogD3D11RHI: InitD3DDevice
[2015.09.23-14.59.48:378][514]LogD3D11RHI: InitD3DDevice
[2015.09.23-15.00.16:325][581]LogD3D11RHI: InitD3DDevice
[2015.09.23-15.00.21:022][909]LogD3D11RHI: InitD3DDevice
[2015.09.23-15.00.21:755][958]LogD3D11RHI: InitD3DDevice
[2015.09.23-15.00.23:368][ 67]LogD3D11RHI: InitD3DDevice
[2015.09.23-15.00.52:118][ 89]BlueprintLog: New page: Compile wolf
[2015.09.23-15.00.52:297][ 89]BlueprintEditorCompileResults: Info [0480.91] Compile of wolf successful! [in 179 ms]
[2015.09.23-15.02.20:553][334]LogD3D11RHI: InitD3DDevice
[2015.09.23-15.02.23:697][597]LogD3D11RHI: InitD3DDevice
[2015.09.23-15.02.31:351][155]LogD3D11RHI: InitD3DDevice
[2015.09.23-15.02.32:105][216]LogD3D11RHI: InitD3DDevice
[2015.09.23-15.02.34:678][431]LogD3D11RHI: InitD3DDevice
[2015.09.23-15.02.39:100][802]LogD3D11RHI: InitD3DDevice
[2015.09.23-15.02.39:654][842]LogD3D11RHI: InitD3DDevice
[2015.09.23-15.02.48:266][466]LogD3D11RHI: InitD3DDevice
[2015.09.23-15.02.50:660][672]LogD3D11RHI: InitD3DDevice
[2015.09.23-15.02.54:418][  0]LogD3D11RHI: InitD3DDevice
[2015.09.23-15.02.55:191][ 46]LogD3D11RHI: InitD3DDevice
[2015.09.23-15.03.05:838][695]LogD3D11RHI: InitD3DDevice
[2015.09.23-15.03.08:209][879]LogD3D11RHI: InitD3DDevice
[2015.09.23-15.03.10:934][ 90]LogD3D11RHI: InitD3DDevice
[2015.09.23-15.03.11:518][119]LogD3D11RHI: InitD3DDevice
[2015.09.23-15.03.18:694][554]LogD3D11RHI: InitD3DDevice
[2015.09.23-15.03.27:407][232]LogD3D11RHI: InitD3DDevice
[2015.09.23-15.03.28:155][289]LogD3D11RHI: InitD3DDevice
[2015.09.23-15.03.29:935][426]LogD3D11RHI: InitD3DDevice
[2015.09.23-15.03.32:265][606]LogD3D11RHI: InitD3DDevice
[2015.09.23-15.03.35:945][894]LogD3D11RHI: InitD3DDevice
[2015.09.23-15.03.47:952][  5]LogD3D11RHI: InitD3DDevice
[2015.09.23-15.03.56:625][496]LogD3D11RHI: InitD3DDevice
[2015.09.23-15.04.31:709][422]LogD3D11RHI: InitD3DDevice
[2015.09.23-15.04.34:133][501]LogD3D11RHI: InitD3DDevice
[2015.09.23-15.04.38:551][760]LogD3D11RHI: InitD3DDevice
[2015.09.23-15.04.39:335][805]LogD3D11RHI: InitD3DDevice
[2015.09.23-15.04.57:439][970]LogD3D11RHI: InitD3DDevice
[2015.09.23-15.04.59:410][112]LogD3D11RHI: InitD3DDevice
[2015.09.23-15.04.59:958][137]LogD3D11RHI: InitD3DDevice
[2015.09.23-15.05.05:632][451]LogD3D11RHI: InitD3DDevice
[2015.09.23-15.05.09:852][759]LogD3D11RHI: InitD3DDevice
[2015.09.23-15.05.11:350][865]LogD3D11RHI: InitD3DDevice
[2015.09.23-15.05.14:095][ 61]LogD3D11RHI: InitD3DDevice
[2015.09.23-15.06.04:695][474]LogD3D11RHI: InitD3DDevice
[2015.09.23-15.06.21:237][879]LogD3D11RHI: InitD3DDevice
[2015.09.23-15.06.21:947][923]LogD3D11RHI: InitD3DDevice
[2015.09.23-15.06.41:883][490]LogD3D11RHI: InitD3DDevice
[2015.09.23-15.07.13:155][ 97]LogD3D11RHI: InitD3DDevice
[2015.09.23-15.07.13:778][133]LogD3D11RHI: InitD3DDevice
[2015.09.23-15.07.19:356][530]LogD3D11RHI: InitD3DDevice
[2015.09.23-15.07.24:158][935]LogD3D11RHI: InitD3DDevice
[2015.09.23-15.07.24:654][959]LogD3D11RHI: InitD3DDevice
[2015.09.23-15.07.39:846][ 72]LogD3D11RHI: InitD3DDevice
[2015.09.23-15.08.04:575][106]LogD3D11RHI: InitD3DDevice
[2015.09.23-15.08.07:721][349]LogD3D11RHI: InitD3DDevice
[2015.09.23-15.08.13:680][643]LogD3D11RHI: InitD3DDevice
[2015.09.23-15.08.20:897][ 21]LogD3D11RHI: InitD3DDevice
[2015.09.23-15.08.40:418][318]LogD3D11RHI: InitD3DDevice
[2015.09.23-15.08.41:385][318]LogSavePackage: Save=669.339355ms
[2015.09.23-15.08.41:385][318]LogSavePackage: Moving '../../../../Projekte/NotPartofTheGame/Saved/Testing_Level_Auto1CCEDCFBA40CB5FC27574278F13607A34.tmp' to '../../../../Projekte/NotPartofTheGame/Saved/Autosaves/Game/NPOTG/Maps/Testing_Level_Auto1.umap'
[2015.09.23-15.08.41:389][318]LogFileHelpers: Editor autosave (incl. sublevels) for '/Game/NPOTG/Maps/Testing_Level' took 0.823
[2015.09.23-15.08.41:389][318]LogFileHelpers: Editor autosave (incl. sublevels) for all levels took 0.823
[2015.09.23-15.08.41:397][318]OBJ SavePackage: Generating thumbnails for [0] asset(s) in package [/Game/NPOTG/Blueprints/Charaktere/Markimoo] ([1] browsable assets)...
[2015.09.23-15.08.41:397][318]OBJ SavePackage: Finished generating thumbnails for package [/Game/NPOTG/Blueprints/Charaktere/Markimoo]
[2015.09.23-15.08.41:674][318]LogSavePackage: Save=215.100418ms
[2015.09.23-15.08.41:674][318]LogSavePackage: Moving '../../../../Projekte/NotPartofTheGame/Saved/Markimoo_Auto142B543F5433AE0652B309995EC9EA8BD.tmp' to '../../../../Projekte/NotPartofTheGame/Saved/Autosaves/Game/NPOTG/Blueprints/Charaktere/Markimoo_Auto1.uasset'
[2015.09.23-15.08.41:682][318]OBJ SavePackage: Generating thumbnails for [0] asset(s) in package [/Game/NPOTG/Blueprints/Charaktere/wolf] ([1] browsable assets)...
[2015.09.23-15.08.41:682][318]OBJ SavePackage: Finished generating thumbnails for package [/Game/NPOTG/Blueprints/Charaktere/wolf]
[2015.09.23-15.08.41:909][318]LogSavePackage: Save=162.971481ms
[2015.09.23-15.08.41:909][318]LogSavePackage: Moving '../../../../Projekte/NotPartofTheGame/Saved/wolf_Auto14A45BC73411A754110AE6B82EBDBBE92.tmp' to '../../../../Projekte/NotPartofTheGame/Saved/Autosaves/Game/NPOTG/Blueprints/Charaktere/wolf_Auto1.uasset'
[2015.09.23-15.08.41:911][318]LogFileHelpers: Auto-saving content packages took 0.521
[2015.09.23-15.27.43:028][456]LogD3D11RHI: InitD3DDevice
[2015.09.23-15.27.45:581][701]LogD3D11RHI: InitD3DDevice
[2015.09.23-15.28.21:129][502]LogD3D11RHI: InitD3DDevice
[2015.09.23-15.28.26:741][866]LogD3D11RHI: InitD3DDevice
[2015.09.23-15.28.28:237][982]LogD3D11RHI: InitD3DDevice
[2015.09.23-15.28.29:108][ 41]LogD3D11RHI: InitD3DDevice
[2015.09.23-15.28.30:664][148]LogD3D11RHI: InitD3DDevice
[2015.09.23-15.28.33:198][345]LogD3D11RHI: InitD3DDevice
[2015.09.23-15.28.36:010][560]LogD3D11RHI: InitD3DDevice
[2015.09.23-15.28.43:252][119]LogD3D11RHI: InitD3DDevice
[2015.09.23-15.28.44:184][184]LogD3D11RHI: InitD3DDevice
[2015.09.23-15.28.50:684][628]LogD3D11RHI: InitD3DDevice
[2015.09.23-15.28.51:315][673]LogD3D11RHI: InitD3DDevice
[2015.09.23-15.28.54:131][886]LogD3D11RHI: InitD3DDevice
[2015.09.23-15.28.59:673][301]LogD3D11RHI: InitD3DDevice
[2015.09.23-15.29.13:140][323]BlueprintLog: New page: Compile Markimoo
[2015.09.23-15.29.14:220][323]BlueprintEditorCompileResults: Info [2182.83] Compile of Markimoo successful! [in 1,080 ms]
[2015.09.23-15.29.28:444][340]LogD3D11RHI: InitD3DDevice
[2015.09.23-15.29.37:439][975]LogD3D11RHI: InitD3DDevice
[2015.09.23-15.29.38:310][975]LogSavePackage: Save=638.698853ms
[2015.09.23-15.29.38:310][975]LogSavePackage: Moving '../../../../Projekte/NotPartofTheGame/Saved/Testing_Level_Auto2DE65C7064B8C5C87C210979CA3BBBAD4.tmp' to '../../../../Projekte/NotPartofTheGame/Saved/Autosaves/Game/NPOTG/Maps/Testing_Level_Auto2.umap'
[2015.09.23-15.29.38:314][975]LogFileHelpers: Editor autosave (incl. sublevels) for '/Game/NPOTG/Maps/Testing_Level' took 0.750
[2015.09.23-15.29.38:314][975]LogFileHelpers: Editor autosave (incl. sublevels) for all levels took 0.750
[2015.09.23-15.29.38:321][975]OBJ SavePackage: Generating thumbnails for [0] asset(s) in package [/Game/NPOTG/Blueprints/Charaktere/Markimoo] ([1] browsable assets)...
[2015.09.23-15.29.38:321][975]OBJ SavePackage: Finished generating thumbnails for package [/Game/NPOTG/Blueprints/Charaktere/Markimoo]
[2015.09.23-15.29.38:584][975]LogSavePackage: Save=204.335510ms
[2015.09.23-15.29.38:584][975]LogSavePackage: Moving '../../../../Projekte/NotPartofTheGame/Saved/Markimoo_Auto24F31564E409B7A0C8227BD9A56362629.tmp' to '../../../../Projekte/NotPartofTheGame/Saved/Autosaves/Game/NPOTG/Blueprints/Charaktere/Markimoo_Auto2.uasset'
[2015.09.23-15.29.38:598][975]OBJ SavePackage: Generating thumbnails for [0] asset(s) in package [/Game/NPOTG/Blueprints/Charaktere/wolf] ([1] browsable assets)...
[2015.09.23-15.29.38:598][975]OBJ SavePackage: Finished generating thumbnails for package [/Game/NPOTG/Blueprints/Charaktere/wolf]
[2015.09.23-15.29.38:800][975]LogSavePackage: Save=141.941132ms
[2015.09.23-15.29.38:800][975]LogSavePackage: Moving '../../../../Projekte/NotPartofTheGame/Saved/wolf_Auto247C48625492875F837F3D8831187B718.tmp' to '../../../../Projekte/NotPartofTheGame/Saved/Autosaves/Game/NPOTG/Blueprints/Charaktere/wolf_Auto2.uasset'
[2015.09.23-15.29.38:802][975]LogFileHelpers: Auto-saving content packages took 0.486
[2015.09.23-15.30.02:601][685]LogD3D11RHI: InitD3DDevice
[2015.09.23-15.30.03:275][722]LogD3D11RHI: InitD3DDevice
[2015.09.23-15.30.09:926][185]LogD3D11RHI: InitD3DDevice
[2015.09.23-15.30.13:215][441]LogD3D11RHI: InitD3DDevice
[2015.09.23-15.30.14:218][504]LogD3D11RHI: InitD3DDevice
[2015.09.23-15.30.22:520][174]LogD3D11RHI: InitD3DDevice
[2015.09.23-15.30.23:127][204]LogD3D11RHI: InitD3DDevice
[2015.09.23-15.30.27:134][384]LogD3D11RHI: InitD3DDevice
[2015.09.23-15.30.33:625][817]LogD3D11RHI: InitD3DDevice
[2015.09.23-15.30.35:012][912]LogD3D11RHI: InitD3DDevice
[2015.09.23-15.30.59:859][941]LogD3D11RHI: InitD3DDevice
[2015.09.23-15.31.01:100][ 42]LogD3D11RHI: InitD3DDevice
[2015.09.23-15.31.04:492][283]LogD3D11RHI: InitD3DDevice
[2015.09.23-15.31.05:439][354]LogD3D11RHI: InitD3DDevice
[2015.09.23-15.31.09:752][681]LogD3D11RHI: InitD3DDevice
[2015.09.23-15.31.10:408][724]LogD3D11RHI: InitD3DDevice
[2015.09.23-15.31.54:803][628]LogD3D11RHI: InitD3DDevice
[2015.09.23-15.32.01:933][ 31]LogD3D11RHI: InitD3DDevice
[2015.09.23-15.32.04:803][262]LogD3D11RHI: InitD3DDevice
[2015.09.23-15.32.05:458][294]LogD3D11RHI: InitD3DDevice
[2015.09.23-15.32.05:702][294]LogD3D11RHI: InitD3DDevice
[2015.09.23-15.32.06:961][397]LogD3D11RHI: InitD3DDevice
[2015.09.23-15.32.07:489][436]LogD3D11RHI: InitD3DDevice
[2015.09.23-15.32.10:141][646]LogD3D11RHI: InitD3DDevice
[2015.09.23-15.32.10:893][704]LogD3D11RHI: InitD3DDevice
[2015.09.23-15.32.17:957][273]LogD3D11RHI: InitD3DDevice
[2015.09.23-15.32.19:246][365]LogD3D11RHI: InitD3DDevice
[2015.09.23-15.32.22:961][665]LogD3D11RHI: InitD3DDevice
[2015.09.23-15.32.23:415][685]LogD3D11RHI: InitD3DDevice
[2015.09.23-15.32.29:121][ 51]LogD3D11RHI: InitD3DDevice
[2015.09.23-15.32.31:560][262]LogD3D11RHI: InitD3DDevice
[2015.09.23-15.32.32:430][320]LogD3D11RHI: InitD3DDevice
[2015.09.23-15.32.48:550][574]LogD3D11RHI: InitD3DDevice
[2015.09.23-15.32.51:278][803]LogD3D11RHI: InitD3DDevice
[2015.09.23-15.32.54:462][ 69]LogD3D11RHI: InitD3DDevice
[2015.09.23-15.32.59:525][413]LogD3D11RHI: InitD3DDevice
[2015.09.23-15.33.02:071][638]LogD3D11RHI: InitD3DDevice
[2015.09.23-15.33.13:411][583]LogD3D11RHI: InitD3DDevice
[2015.09.23-15.33.28:106][749]LogD3D11RHI: InitD3DDevice
[2015.09.23-15.33.31:405][ 21]LogD3D11RHI: InitD3DDevice
[2015.09.23-15.33.34:845][309]LogD3D11RHI: InitD3DDevice
[2015.09.23-15.33.35:758][369]LogD3D11RHI: InitD3DDevice
[2015.09.23-15.33.47:944][301]LogD3D11RHI: InitD3DDevice
[2015.09.23-15.33.48:719][360]LogD3D11RHI: InitD3DDevice
[2015.09.23-15.33.50:224][474]LogD3D11RHI: InitD3DDevice
[2015.09.23-15.33.59:062][175]LogD3D11RHI: InitD3DDevice
[2015.09.23-15.34.04:206][584]LogD3D11RHI: InitD3DDevice
[2015.09.23-15.34.18:765][730]LogD3D11RHI: InitD3DDevice
[2015.09.23-15.34.20:319][847]LogD3D11RHI: InitD3DDevice
[2015.09.23-15.34.22:625][ 15]LogD3D11RHI: InitD3DDevice
[2015.09.23-15.34.25:393][218]LogD3D11RHI: InitD3DDevice
[2015.09.23-15.34.29:027][482]LogD3D11RHI: InitD3DDevice
[2015.09.23-15.34.29:993][552]LogD3D11RHI: InitD3DDevice
[2015.09.23-15.34.34:297][870]LogD3D11RHI: InitD3DDevice
[2015.09.23-15.34.40:850][338]LogD3D11RHI: InitD3DDevice
[2015.09.23-15.34.46:469][771]LogD3D11RHI: InitD3DDevice
[2015.09.23-15.34.48:655][954]LogD3D11RHI: InitD3DDevice
[2015.09.23-15.34.50:834][129]LogD3D11RHI: InitD3DDevice
[2015.09.23-15.34.52:442][252]LogD3D11RHI: InitD3DDevice
[2015.09.23-15.34.52:949][275]LogD3D11RHI: InitD3DDevice
[2015.09.23-15.35.03:230][964]LogD3D11RHI: InitD3DDevice
[2015.09.23-15.35.03:662][983]LogD3D11RHI: InitD3DDevice
[2015.09.23-15.35.12:610][570]LogD3D11RHI: InitD3DDevice
[2015.09.23-15.35.18:204][  7]BlueprintLog: New page: Compile wolf
[2015.09.23-15.35.18:514][  7]BlueprintEditorCompileResults: Info [2547.12] Compile of wolf successful! [in 308 ms]
[2015.09.23-15.35.20:171][126]LogD3D11RHI: InitD3DDevice
[2015.09.23-15.35.40:992][649]LogD3D11RHI: InitD3DDevice
[2015.09.23-15.35.41:503][673]LogD3D11RHI: InitD3DDevice
[2015.09.23-15.35.53:746][483]BlueprintLog: New page: Compile wolf
[2015.09.23-15.35.53:944][483]BlueprintEditorCompileResults: Info [2582.56] Compile of wolf successful! [in 198 ms]
[2015.09.23-15.36.28:979][299]LogD3D11RHI: InitD3DDevice
[2015.09.23-15.36.29:891][359]LogD3D11RHI: InitD3DDevice
[2015.09.23-15.36.42:338][425]LogD3D11RHI: InitD3DDevice
[2015.09.23-15.36.43:239][485]LogD3D11RHI: InitD3DDevice
[2015.09.23-15.37.08:756][409]LogD3D11RHI: InitD3DDevice
[2015.09.23-15.37.09:502][454]LogD3D11RHI: InitD3DDevice
[2015.09.23-15.37.26:886][779]LogD3D11RHI: InitD3DDevice
[2015.09.23-15.37.33:865][309]LogD3D11RHI: InitD3DDevice
[2015.09.23-15.37.35:559][309]LogD3D11RHI: InitD3DDevice
[2015.09.23-15.37.35:595][309]Cmd: OBJ SAVEPACKAGE PACKAGE="/Game/NPOTG/Blueprints/Charaktere/Markimoo" FILE="../../../../Projekte/NotPartofTheGame/Content/NPOTG/Blueprints/Charaktere/Markimoo.uasset" SILENT=true
[2015.09.23-15.37.35:859][309]LogSavePackage: Save=204.697525ms
[2015.09.23-15.37.35:859][309]LogSavePackage: Moving '../../../../Projekte/NotPartofTheGame/Saved/Markimoo575A1A674816743D5B8B409B68797565.tmp' to '../../../../Projekte/NotPartofTheGame/Content/NPOTG/Blueprints/Charaktere/Markimoo.uasset'
[2015.09.23-15.37.35:874][309]Cmd: OBJ SAVEPACKAGE PACKAGE="/Game/NPOTG/Blueprints/Charaktere/wolf" FILE="../../../../Projekte/NotPartofTheGame/Content/NPOTG/Blueprints/Charaktere/wolf.uasset" SILENT=true
[2015.09.23-15.37.36:112][309]LogSavePackage: Save=178.849045ms
[2015.09.23-15.37.36:112][309]LogSavePackage: Moving '../../../../Projekte/NotPartofTheGame/Saved/wolf011A81B74CBE7C29A46669A8A387B425.tmp' to '../../../../Projekte/NotPartofTheGame/Content/NPOTG/Blueprints/Charaktere/wolf.uasset'
[2015.09.23-15.37.36:162][309]LogD3D11RHI: InitD3DDevice
[2015.09.23-15.37.36:907][309]LogSavePackage: Save=654.354980ms
[2015.09.23-15.37.36:907][309]LogSavePackage: Moving '../../../../Projekte/NotPartofTheGame/Saved/UEDPCTesting_LevelB32736F349542E1F9F52F69936B1159B.tmp' to '../../../../Projekte/NotPartofTheGame/Saved/Autosaves/Game/NPOTG/Maps/UEDPCTesting_Level.umap'
[2015.09.23-15.38.20:700][998]BlueprintLog: New page: Compile wolf
[2015.09.23-15.38.20:898][998]BlueprintEditorCompileResults: Info [2729.51] Compile of wolf successful! [in 197 ms]
[2015.09.23-15.38.23:282][161]LogD3D11RHI: InitD3DDevice
[2015.09.23-15.38.24:027][161]LogSavePackage: Save=661.041077ms
[2015.09.23-15.38.24:027][161]LogSavePackage: Moving '../../../../Projekte/NotPartofTheGame/Saved/UEDPCTesting_Level1D1E85BC41C679F1E8FC6DAC554F2A2B.tmp' to '../../../../Projekte/NotPartofTheGame/Saved/Autosaves/Game/NPOTG/Maps/UEDPCTesting_Level.umap'
[2015.09.23-15.39.01:672][701]LogD3D11RHI: InitD3DDevice
[2015.09.23-15.39.27:105][855]LogD3D11RHI: InitD3DDevice
[2015.09.23-15.39.29:007][  0]LogD3D11RHI: InitD3DDevice
[2015.09.23-15.39.37:022][672]LogD3D11RHI: InitD3DDevice
[2015.09.23-15.39.38:102][747]LogD3D11RHI: InitD3DDevice
[2015.09.23-15.39.42:531][991]LogD3D11RHI: InitD3DDevice
[2015.09.23-15.39.44:336][141]LogD3D11RHI: InitD3DDevice
[2015.09.23-15.39.47:980][434]LogD3D11RHI: InitD3DDevice
[2015.09.23-15.39.48:818][434]LogD3D11RHI: InitD3DDevice
[2015.09.23-15.39.48:838][434]Cmd: OBJ SAVEPACKAGE PACKAGE="/Game/NPOTG/Blueprints/Charaktere/wolf" FILE="../../../../Projekte/NotPartofTheGame/Content/NPOTG/Blueprints/Charaktere/wolf.uasset" SILENT=true
[2015.09.23-15.39.49:079][434]LogSavePackage: Save=184.805466ms
[2015.09.23-15.39.49:079][434]LogSavePackage: Moving '../../../../Projekte/NotPartofTheGame/Saved/wolf7370DD3F43F726B6BA5EB78855562EC0.tmp' to '../../../../Projekte/NotPartofTheGame/Content/NPOTG/Blueprints/Charaktere/wolf.uasset'
[2015.09.23-15.39.49:130][434]LogD3D11RHI: InitD3DDevice
[2015.09.23-15.39.49:847][434]LogSavePackage: Save=636.067444ms
[2015.09.23-15.39.49:847][434]LogSavePackage: Moving '../../../../Projekte/NotPartofTheGame/Saved/UEDPCTesting_Level4E00E5A94AF2AE96279305942F6FC7E2.tmp' to '../../../../Projekte/NotPartofTheGame/Saved/Autosaves/Game/NPOTG/Maps/UEDPCTesting_Level.umap'
[2015.09.23-15.40.05:104][669]LogD3D11RHI: InitD3DDevice
[2015.09.23-15.40.14:105][696]LogD3D11RHI: InitD3DDevice
[2015.09.23-15.40.15:013][696]LogSavePackage: Save=681.332153ms
[2015.09.23-15.40.15:013][696]LogSavePackage: Moving '../../../../Projekte/NotPartofTheGame/Saved/Testing_Level_Auto3D52E149544D749DD56BCB1BB16244EFB.tmp' to '../../../../Projekte/NotPartofTheGame/Saved/Autosaves/Game/NPOTG/Maps/Testing_Level_Auto3.umap'
[2015.09.23-15.40.15:017][696]LogFileHelpers: Editor autosave (incl. sublevels) for '/Game/NPOTG/Maps/Testing_Level' took 0.797
[2015.09.23-15.40.15:017][696]LogFileHelpers: Editor autosave (incl. sublevels) for all levels took 0.797
[2015.09.23-15.41.00:240][976]LogActorComponent: UnregisterComponent: (/Engine/Transient.EditorFloorComp) Not registered. Aborting.
[2015.09.23-15.41.01:234][ 76]LogParticles: Destroying 0 GPU particle simulations for FXSystem 0x000000D80E16A340
[2015.09.23-15.41.01:235][ 76]LogParticles: Destroying 0 GPU particle simulations for FXSystem 0x000000D80E1682C0
[2015.09.23-15.41.01:268][ 76]LogD3D11RHI: InitD3DDevice
[2015.09.23-15.41.02:344][ 76]LogD3D11RHI: InitD3DDevice
[2015.09.23-15.41.02:432][ 76]Cmd: OBJ SAVEPACKAGE PACKAGE="/Game/NPOTG/Maps/Testing_Level" FILE="../../../../Projekte/NotPartofTheGame/Content/NPOTG/Maps/Testing_Level.umap" SILENT=true AUTOSAVING=false KEEPDIRTY=false
[2015.09.23-15.41.03:184][ 76]LogSavePackage: Save=653.241943ms
[2015.09.23-15.41.03:185][ 76]LogSavePackage: Moving '../../../../Projekte/NotPartofTheGame/Saved/Testing_Level89EAE9E6491E235AEEC0448C9A1DAEEC.tmp' to '../../../../Projekte/NotPartofTheGame/Content/NPOTG/Maps/Testing_Level.umap'
[2015.09.23-15.41.03:228][ 76]LogFileHelpers: Saving map 'Testing_Level' took 0.864
[2015.09.23-15.41.03:342][ 76]LogWindowsTextInputMethodSystem:Display: IME system now deactivated.
[2015.09.23-15.41.03:344][ 76]LogWindowsTextInputMethodSystem:Display: IME system now deactivated.
[2015.09.23-15.41.03:346][ 76]LogWindowsTextInputMethodSystem:Display: IME system now deactivated.
[2015.09.23-15.41.03:584][ 77]Cmd: QUIT_EDITOR
[2015.09.23-15.41.03:819][ 77]LogExit: Preparing to exit.
[2015.09.23-15.41.04:975][ 77]LogExit: Editor shut down
[2015.09.23-15.41.04:976][ 77]LogExit: Transaction tracking system shut down
[2015.09.23-15.41.04:985][ 77]LogParticles: Destroying 0 GPU particle simulations for FXSystem 0x000000D80F8DE480
[2015.09.23-15.41.04:987][ 77]LogParticles: Destroying 0 GPU particle simulations for FXSystem 0x000000D82B717F60
[2015.09.23-15.41.04:987][ 77]LogParticles: Destroying 0 GPU particle simulations for FXSystem 0x000000D837177740
[2015.09.23-15.41.04:987][ 77]LogParticles: Destroying 0 GPU particle simulations for FXSystem 0x000000D82B5937E0
[2015.09.23-15.41.04:989][ 77]LogParticles: Destroying 0 GPU particle simulations for FXSystem 0x000000D849843CE0
[2015.09.23-15.41.05:165][ 77]LogParticles: Destroying 0 GPU particle simulations for FXSystem 0x000000D80B988860
[2015.09.23-15.41.05:165][ 77]LogExit: Object subsystem successfully closed.
[2015.09.23-15.41.05:182][ 77]LogD3D11RHI: Shutdown
[2015.09.23-15.41.05:182][ 77]LogD3D11RHI: CleanupD3DDevice
[2015.09.23-15.41.05:255][ 77]LogD3D11RHI: ~FD3D11DynamicRHI
[2015.09.23-15.41.05:273][ 77]LogModuleManager: Shutting down and abandoning module ExternalImagePicker (192)
[2015.09.23-15.41.05:273][ 77]LogModuleManager: Shutting down and abandoning module SequencerWidgets (191)
[2015.09.23-15.41.05:274][ 77]LogModuleManager: Shutting down and abandoning module CrashTracker (190)
[2015.09.23-15.41.05:274][ 77]LogModuleManager: Shutting down and abandoning module SceneOutliner (189)
[2015.09.23-15.41.05:274][ 77]LogModuleManager: Shutting down and abandoning module SuperSearch (188)
[2015.09.23-15.41.05:274][ 77]LogModuleManager: Shutting down and abandoning module WidgetCarousel (187)
[2015.09.23-15.41.05:274][ 77]LogModuleManager: Shutting down and abandoning module AddContentDialog (186)
[2015.09.23-15.41.05:275][ 77]LogModuleManager: Shutting down and abandoning module EditorWidgets (185)
[2015.09.23-15.41.05:275][ 77]LogModuleManager: Shutting down and abandoning module CollectionManager (184)
[2015.09.23-15.41.05:275][ 77]LogModuleManager: Shutting down and abandoning module StatsViewer (183)
[2015.09.23-15.41.05:275][ 77]LogModuleManager: Shutting down and abandoning module FoliageEdit (182)
[2015.09.23-15.41.05:275][ 77]LogModuleManager: Shutting down and abandoning module LandscapeEditor (181)
[2015.09.23-15.41.05:276][ 77]LogModuleManager: Shutting down and abandoning module ActorPickerMode (180)
[2015.09.23-15.41.05:276][ 77]LogModuleManager: Shutting down and abandoning module GeometryMode (179)
[2015.09.23-15.41.05:276][ 77]LogModuleManager: Shutting down and abandoning module TextureAlignMode (178)
[2015.09.23-15.41.05:276][ 77]LogModuleManager: Shutting down and abandoning module BspMode (177)
[2015.09.23-15.41.05:276][ 77]LogModuleManager: Shutting down and abandoning module PlacementMode (176)
[2015.09.23-15.41.05:276][ 77]LogModuleManager: Shutting down and abandoning module AutomationWorker (175)
[2015.09.23-15.41.05:276][ 77]LogModuleManager: Shutting down and abandoning module CharacterAI (174)
[2015.09.23-15.41.05:276][ 77]LogModuleManager: Shutting down and abandoning module SmartSnapping (173)
[2015.09.23-15.41.05:276][ 77]LogModuleManager: Shutting down and abandoning module ViewportSnapping (172)
[2015.09.23-15.41.05:276][ 77]LogModuleManager: Shutting down and abandoning module LogVisualizer (171)
[2015.09.23-15.41.05:276][ 77]LogModuleManager: Shutting down and abandoning module GameProjectGeneration (170)
[2015.09.23-15.41.05:276][ 77]LogModuleManager: Shutting down and abandoning module IntroTutorials (169)
[2015.09.23-15.41.05:276][ 77]LogModuleManager: Shutting down and abandoning module EditorLiveStreaming (168)
[2015.09.23-15.41.05:276][ 77]LogModuleManager: Shutting down and abandoning module IOSPlatformEditor (167)
[2015.09.23-15.41.05:276][ 77]LogModuleManager: Shutting down and abandoning module HTML5PlatformEditor (166)
[2015.09.23-15.41.05:276][ 77]LogModuleManager: Shutting down and abandoning module AndroidDeviceDetection (165)
[2015.09.23-15.41.06:084][ 77]LogModuleManager: Shutting down and abandoning module AndroidPlatformEditor (164)
[2015.09.23-15.41.06:084][ 77]LogModuleManager: Shutting down and abandoning module IOSRuntimeSettings (163)
[2015.09.23-15.41.06:084][ 77]LogModuleManager: Shutting down and abandoning module AndroidRuntimeSettings (162)
[2015.09.23-15.41.06:084][ 77]LogModuleManager: Shutting down and abandoning module MergeActors (161)
[2015.09.23-15.41.06:084][ 77]LogModuleManager: Shutting down and abandoning module SizeMap (160)
[2015.09.23-15.41.06:084][ 77]LogModuleManager: Shutting down and abandoning module TreeMap (159)
[2015.09.23-15.41.06:084][ 77]LogModuleManager: Shutting down and abandoning module ReferenceViewer (158)
[2015.09.23-15.41.06:084][ 77]LogModuleManager: Shutting down and abandoning module LocalizationDashboard (157)
[2015.09.23-15.41.06:084][ 77]LogModuleManager: Shutting down and abandoning module HardwareTargeting (156)
[2015.09.23-15.41.06:084][ 77]LogModuleManager: Shutting down and abandoning module DeviceProfileEditor (155)
[2015.09.23-15.41.06:084][ 77]LogModuleManager: Shutting down and abandoning module UndoHistory (154)
[2015.09.23-15.41.06:084][ 77]LogModuleManager: Shutting down and abandoning module GameplayTagsEditor (153)
[2015.09.23-15.41.06:084][ 77]LogModuleManager: Shutting down and abandoning module UserFeedback (152)
[2015.09.23-15.41.06:084][ 77]LogModuleManager: Shutting down and abandoning module XmlParser (151)
[2015.09.23-15.41.06:084][ 77]LogModuleManager: Shutting down and abandoning module Blutility (150)
[2015.09.23-15.41.06:084][ 77]LogModuleManager: Shutting down and abandoning module ProjectTargetPlatformEditor (149)
[2015.09.23-15.41.06:084][ 77]LogModuleManager: Shutting down and abandoning module ProjectSettingsViewer (148)
[2015.09.23-15.41.06:084][ 77]LogModuleManager: Shutting down and abandoning module InputBindingEditor (147)
[2015.09.23-15.41.06:084][ 77]LogModuleManager: Shutting down and abandoning module EditorSettingsViewer (146)
[2015.09.23-15.41.06:084][ 77]LogModuleManager: Shutting down and abandoning module SettingsEditor (145)
[2015.09.23-15.41.06:084][ 77]LogModuleManager: Shutting down and abandoning module ProjectLauncher (144)
[2015.09.23-15.41.06:084][ 77]LogModuleManager: Shutting down and abandoning module SessionFrontend (143)
[2015.09.23-15.41.06:084][ 77]LogModuleManager: Shutting down and abandoning module ProfilerClient (142)
[2015.09.23-15.41.06:084][ 77]LogModuleManager: Shutting down and abandoning module TargetDeviceServices (141)
[2015.09.23-15.41.06:084][ 77]LogModuleManager: Shutting down and abandoning module DeviceManager (140)
[2015.09.23-15.41.06:085][ 77]LogModuleManager: Shutting down and abandoning module AutomationController (139)
[2015.09.23-15.41.06:085][ 77]LogModuleManager: Shutting down and abandoning module AutomationWindow (138)
[2015.09.23-15.41.06:085][ 77]LogModuleManager: Shutting down and abandoning module Layers (137)
[2015.09.23-15.41.06:085][ 77]LogModuleManager: Shutting down and abandoning module ComponentVisualizers (136)
[2015.09.23-15.41.06:085][ 77]LogModuleManager: Shutting down and abandoning module DetailCustomizations (135)
[2015.09.23-15.41.06:085][ 77]LogModuleManager: Shutting down and abandoning module PackagesDialog (134)
[2015.09.23-15.41.06:085][ 77]LogModuleManager: Shutting down and abandoning module Persona (133)
[2015.09.23-15.41.06:085][ 77]LogModuleManager: Shutting down and abandoning module Kismet (132)
[2015.09.23-15.41.06:085][ 77]LogModuleManager: Shutting down and abandoning module GraphEditor (131)
[2015.09.23-15.41.06:085][ 77]LogModuleManager: Shutting down and abandoning module ClassViewer (130)
[2015.09.23-15.41.06:085][ 77]LogModuleManager: Shutting down and abandoning module Toolbox (129)
[2015.09.23-15.41.06:085][ 77]LogModuleManager: Shutting down and abandoning module ModuleUI (128)
[2015.09.23-15.41.06:085][ 77]LogModuleManager: Shutting down and abandoning module MovieSceneTools (127)
[2015.09.23-15.41.06:085][ 77]LogModuleManager: Shutting down and abandoning module OutputLog (126)
[2015.09.23-15.41.06:085][ 77]LogModuleManager: Shutting down and abandoning module GammaUI (125)
[2015.09.23-15.41.06:085][ 77]LogModuleManager: Shutting down and abandoning module Documentation (124)
[2015.09.23-15.41.06:085][ 77]LogModuleManager: Shutting down and abandoning module GameLiveStreaming (123)
[2015.09.23-15.41.06:085][ 77]LogModuleManager: Shutting down and abandoning module StreamingPauseRendering (122)
[2015.09.23-15.41.06:085][ 77]LogModuleManager: Shutting down and abandoning module AnalyticsET (121)
[2015.09.23-15.41.06:085][ 77]LogModuleManager: Shutting down and abandoning module Analytics (120)
[2015.09.23-15.41.06:085][ 77]LogModuleManager: Shutting down and abandoning module AITestSuite (119)
[2015.09.23-15.41.06:085][ 77]LogModuleManager: Shutting down and abandoning module GameplayDebugger (118)
[2015.09.23-15.41.06:085][ 77]LogModuleManager: Shutting down and abandoning module AIModule (117)
[2015.09.23-15.41.06:085][ 77]LogModuleManager: Shutting down and abandoning module ProfilerService (116)
[2015.09.23-15.41.06:212][ 77]LogModuleManager: Shutting down and abandoning module TaskGraph (115)
[2015.09.23-15.41.06:212][ 77]LogModuleManager: Shutting down and abandoning module SubstanceEditor (114)
[2015.09.23-15.41.06:212][ 77]LogModuleManager: Shutting down and abandoning module SlateRemote (113)
[2015.09.23-15.41.06:212][ 77]LogModuleManager: Shutting down and abandoning module SteamVRController (112)
[2015.09.23-15.41.06:212][ 77]LogModuleManager: Shutting down and abandoning module SteamVR (111)
[2015.09.23-15.41.06:212][ 77]LogModuleManager: Shutting down and abandoning module ProceduralMeshComponent (110)
[2015.09.23-15.41.06:212][ 77]LogModuleManager: Shutting down and abandoning module OculusRift (109)
[2015.09.23-15.41.06:212][ 77]LogModuleManager: Shutting down and abandoning module LeapMotionController (108)
[2015.09.23-15.41.06:217][ 77]LogModuleManager: Shutting down and abandoning module CustomMeshComponent (107)
[2015.09.23-15.41.06:217][ 77]LogModuleManager: Shutting down and abandoning module CableComponent (106)
[2015.09.23-15.41.06:217][ 77]LogModuleManager: Shutting down and abandoning module MessagingDebugger (105)
[2015.09.23-15.41.06:217][ 77]LogModuleManager: Shutting down and abandoning module MediaPlayerEditor (104)
[2015.09.23-15.41.06:217][ 77]LogModuleManager: Shutting down and abandoning module SpeedTreeImporter (103)
[2015.09.23-15.41.06:217][ 77]LogModuleManager: Shutting down and abandoning module PluginBrowser (102)
[2015.09.23-15.41.06:217][ 77]LogModuleManager: Shutting down and abandoning module EpicSurvey (101)
[2015.09.23-15.41.06:217][ 77]LogModuleManager: Shutting down and abandoning module DesktopPlatform (100)
[2015.09.23-15.41.06:217][ 77]LogModuleManager: Shutting down and abandoning module VisualStudioSourceCodeAccess (99)
[2015.09.23-15.41.06:217][ 77]LogModuleManager: Shutting down and abandoning module UObjectPlugin (98)
[2015.09.23-15.41.06:217][ 77]LogModuleManager: Shutting down and abandoning module SubversionSourceControl (97)
[2015.09.23-15.41.06:217][ 77]LogModuleManager: Shutting down and abandoning module PerforceSourceControl (96)
[2015.09.23-15.41.06:217][ 77]LogModuleManager: Shutting down and abandoning module SourceControl (95)
[2015.09.23-15.41.06:217][ 77]LogModuleManager: Shutting down and abandoning module GitSourceControl (94)
[2015.09.23-15.41.06:217][ 77]LogModuleManager: Shutting down and abandoning module BlankPlugin (93)
[2015.09.23-15.41.06:217][ 77]LogModuleManager: Shutting down and abandoning module PaperTiledImporter (92)
[2015.09.23-15.41.06:217][ 77]LogModuleManager: Shutting down and abandoning module PaperSpriteSheetImporter (91)
[2015.09.23-15.41.06:217][ 77]LogModuleManager: Shutting down and abandoning module MeshPaint (90)
[2015.09.23-15.41.06:217][ 77]LogModuleManager: Shutting down and abandoning module SlateReflector (89)
[2015.09.23-15.41.06:217][ 77]LogModuleManager: Shutting down and abandoning module HotReload (88)
[2015.09.23-15.41.06:217][ 77]LogModuleManager: Shutting down and abandoning module MainFrame (87)
[2015.09.23-15.41.06:217][ 77]LogModuleManager: Shutting down and abandoning module LevelEditor (86)
[2015.09.23-15.41.06:218][ 77]LogModuleManager: Shutting down and abandoning module ContentBrowser (85)
[2015.09.23-15.41.06:219][ 77]LogModuleManager: Shutting down and abandoning module Paper2DEditor (84)
[2015.09.23-15.41.06:219][ 77]LogModuleManager: Shutting down and abandoning module UdpMessaging (83)
[2015.09.23-15.41.06:320][ 77]LogModuleManager: Shutting down and abandoning module DirectoryWatcher (82)
[2015.09.23-15.41.06:321][ 77]LogModuleManager: Shutting down and abandoning module AssetRegistry (81)
[2015.09.23-15.41.06:435][ 77]LogModuleManager: Shutting down and abandoning module SubstanceCore (80)
[2015.09.23-15.41.06:435][ 77]LogModuleManager: Shutting down and abandoning module Paper2D (79)
[2015.09.23-15.41.06:435][ 77]LogModuleManager: Shutting down and abandoning module WindowsMoviePlayer (78)
[2015.09.23-15.41.06:437][ 77]LogModuleManager: Shutting down and abandoning module Media (77)
[2015.09.23-15.41.06:437][ 77]LogModuleManager: Shutting down and abandoning module WmfMedia (76)
[2015.09.23-15.41.06:437][ 77]LogModuleManager: Shutting down and abandoning module OnlineBlueprintSupport (75)
[2015.09.23-15.41.06:437][ 77]LogModuleManager: Shutting down and abandoning module PropertyEditor (74)
[2015.09.23-15.41.06:437][ 77]LogModuleManager: Shutting down and abandoning module BehaviorTreeEditor (73)
[2015.09.23-15.41.06:437][ 77]LogModuleManager: Shutting down and abandoning module FunctionalTesting (72)
[2015.09.23-15.41.06:437][ 77]LogModuleManager: Shutting down and abandoning module CollisionAnalyzer (71)
[2015.09.23-15.41.06:437][ 77]LogModuleManager: Shutting down and abandoning module WorkspaceMenuStructure (70)
[2015.09.23-15.41.06:437][ 77]LogModuleManager: Shutting down and abandoning module MessageLog (69)
[2015.09.23-15.41.06:437][ 77]LogModuleManager: Shutting down and abandoning module Sequencer (68)
[2015.09.23-15.41.06:437][ 77]LogModuleManager: Shutting down and abandoning module AssetTools (67)
[2015.09.23-15.41.06:437][ 77]LogModuleManager: Shutting down and abandoning module UMGEditor (66)
[2015.09.23-15.41.06:437][ 77]LogModuleManager: Shutting down and abandoning module UMG (65)
[2015.09.23-15.41.06:437][ 77]LogModuleManager: Shutting down and abandoning module Slate (64)
[2015.09.23-15.41.06:437][ 77]LogModuleManager: Shutting down and abandoning module EditorStyle (63)
[2015.09.23-15.41.06:439][ 77]LogModuleManager: Shutting down and abandoning module SessionServices (62)
[2015.09.23-15.41.06:439][ 77]LogModuleManager: Shutting down and abandoning module SourceCodeAccess (61)
[2015.09.23-15.41.06:439][ 77]LogModuleManager: Shutting down and abandoning module HeadMountedDisplay (60)
[2015.09.23-15.41.06:439][ 77]LogModuleManager: Shutting down and abandoning module XAudio2 (59)
[2015.09.23-15.41.06:439][ 77]LogModuleManager: Shutting down and abandoning module Networking (57)
[2015.09.23-15.41.06:439][ 77]LogModuleManager: Shutting down and abandoning module Core (56)
[2015.09.23-15.41.06:439][ 77]LogModuleManager: Shutting down and abandoning module KismetCompiler (55)
[2015.09.23-15.41.06:439][ 77]LogModuleManager: Shutting down and abandoning module PhysXFormats (54)
[2015.09.23-15.41.06:439][ 77]LogModuleManager: Shutting down and abandoning module MeshUtilities (53)
[2015.09.23-15.41.06:439][ 77]LogModuleManager: Shutting down and abandoning module DerivedDataCache (52)
[2015.09.23-15.41.06:500][ 77]LogDerivedDataCache: Shutdown
[2015.09.23-15.41.06:500][ 77]LogModuleManager: Shutting down and abandoning module ShaderFormatOpenGL (51)
[2015.09.23-15.41.06:500][ 77]LogModuleManager: Shutting down and abandoning module ShaderFormatD3D (50)
[2015.09.23-15.41.06:500][ 77]LogModuleManager: Shutting down and abandoning module MetalShaderFormat (49)
[2015.09.23-15.41.06:500][ 77]LogModuleManager: Shutting down and abandoning module TextureFormatUncompressed (48)
[2015.09.23-15.41.06:500][ 77]LogModuleManager: Shutting down and abandoning module TextureFormatPVR (47)
[2015.09.23-15.41.06:500][ 77]LogModuleManager: Shutting down and abandoning module TextureFormatIntelISPCTexComp (46)
[2015.09.23-15.41.06:500][ 77]LogModuleManager: Shutting down and abandoning module TextureFormatDXT (45)
[2015.09.23-15.41.06:500][ 77]LogModuleManager: Shutting down and abandoning module ImageWrapper (44)
[2015.09.23-15.41.06:500][ 77]LogModuleManager: Shutting down and abandoning module TextureFormatASTC (43)
[2015.09.23-15.41.06:500][ 77]LogModuleManager: Shutting down and abandoning module TextureFormatAndroid (42)
[2015.09.23-15.41.06:500][ 77]LogModuleManager: Shutting down and abandoning module AudioFormatOpus (41)
[2015.09.23-15.41.06:500][ 77]LogModuleManager: Shutting down and abandoning module AudioFormatOgg (40)
[2015.09.23-15.41.06:500][ 77]LogModuleManager: Shutting down and abandoning module AudioFormatADPCM (39)
[2015.09.23-15.41.06:500][ 77]LogModuleManager: Shutting down and abandoning module LinuxTargetPlatform (38)
[2015.09.23-15.41.06:500][ 77]LogModuleManager: Shutting down and abandoning module LinuxServerTargetPlatform (37)
[2015.09.23-15.41.06:500][ 77]LogModuleManager: Shutting down and abandoning module LinuxNoEditorTargetPlatform (36)
[2015.09.23-15.41.06:500][ 77]LogModuleManager: Shutting down and abandoning module Messaging (35)
[2015.09.23-15.41.06:500][ 77]LogModuleManager: Shutting down and abandoning module IOSTargetPlatform (34)
[2015.09.23-15.41.06:500][ 77]LogModuleManager: Shutting down and abandoning module HTML5TargetPlatform (33)
[2015.09.23-15.41.06:500][ 77]LogModuleManager: Shutting down and abandoning module Android_PVRTCTargetPlatform (32)
[2015.09.23-15.41.06:500][ 77]LogModuleManager: Shutting down and abandoning module Android_ETC2TargetPlatform (31)
[2015.09.23-15.41.06:500][ 77]LogModuleManager: Shutting down and abandoning module Android_ETC1TargetPlatform (30)
[2015.09.23-15.41.06:500][ 77]LogModuleManager: Shutting down and abandoning module Android_DXTTargetPlatform (29)
[2015.09.23-15.41.06:500][ 77]LogModuleManager: Shutting down and abandoning module Android_ATCTargetPlatform (28)
[2015.09.23-15.41.06:500][ 77]LogModuleManager: Shutting down and abandoning module Android_ASTCTargetPlatform (27)
[2015.09.23-15.41.06:500][ 77]LogModuleManager: Shutting down and abandoning module AndroidTargetPlatform (26)
[2015.09.23-15.41.06:500][ 77]LogModuleManager: Shutting down and abandoning module WindowsTargetPlatform (25)
[2015.09.23-15.41.06:500][ 77]LogModuleManager: Shutting down and abandoning module WindowsServerTargetPlatform (24)
[2015.09.23-15.41.06:500][ 77]LogModuleManager: Shutting down and abandoning module WindowsNoEditorTargetPlatform (23)
[2015.09.23-15.41.06:500][ 77]LogModuleManager: Shutting down and abandoning module WindowsClientTargetPlatform (22)
[2015.09.23-15.41.06:500][ 77]LogModuleManager: Shutting down and abandoning module DesktopTargetPlatform (21)
[2015.09.23-15.41.06:500][ 77]LogModuleManager: Shutting down and abandoning module TargetPlatform (20)
[2015.09.23-15.41.06:500][ 77]LogModuleManager: Shutting down and abandoning module InputCore (19)
[2015.09.23-15.41.06:500][ 77]LogModuleManager: Shutting down and abandoning module Settings (18)
[2015.09.23-15.41.06:500][ 77]LogModuleManager: Shutting down and abandoning module OnlineSubsystem (16)
[2015.09.23-15.41.06:500][ 77]LogModuleManager: Shutting down and abandoning module HTTP (15)
[2015.09.23-15.41.06:500][ 77]LogModuleManager: Shutting down and abandoning module ExampleDeviceProfileSelector (14)
[2015.09.23-15.41.06:500][ 77]LogModuleManager: Shutting down and abandoning module TextureCompressor (13)
[2015.09.23-15.41.06:500][ 77]LogModuleManager: Shutting down and abandoning module ShaderCore (12)
[2015.09.23-15.41.06:500][ 77]LogModuleManager: Shutting down and abandoning module Landscape (11)
[2015.09.23-15.41.06:500][ 77]LogModuleManager: Shutting down and abandoning module SlateRHIRenderer (10)
[2015.09.23-15.41.06:507][ 77]LogModuleManager: Shutting down and abandoning module OpenGLDrv (9)
[2015.09.23-15.41.06:507][ 77]LogModuleManager: Shutting down and abandoning module D3D11RHI (8)
[2015.09.23-15.41.06:507][ 77]LogModuleManager: Shutting down and abandoning module Renderer (7)
[2015.09.23-15.41.06:507][ 77]LogModuleManager: Shutting down and abandoning module Engine (6)
[2015.09.23-15.41.06:507][ 77]LogModuleManager: Shutting down and abandoning module CoreUObject (5)
[2015.09.23-15.41.06:507][ 77]LogModuleManager: Shutting down and abandoning module NetworkFile (4)
[2015.09.23-15.41.06:507][ 77]LogModuleManager: Shutting down and abandoning module StreamingFile (3)
[2015.09.23-15.41.06:507][ 77]LogModuleManager: Shutting down and abandoning module SandboxFile (2)
[2015.09.23-15.41.06:507][ 77]LogModuleManager: Shutting down and abandoning module PakFile (1)
[2015.09.23-15.41.06:509][ 77]LogExit: Exiting.
[2015.09.23-15.41.06:510][ 77]Log file closed, 09/23/15 17:41:06
