[2015.08.27-20.48.30:210][  0]Log file open, 08/27/15 22:48:30
[2015.08.27-20.48.30:210][  0]LogInit:Display: Running engine for game: NotPartofGame
[2015.08.27-20.48.30:210][  0]LogInit:Display: RandInit(-2026313366) SRandInit(-2026313365).
[2015.08.27-20.48.30:210][  0]LogTaskGraph: Started task graph with 4 named threads and 7 total threads.
[2015.08.27-20.48.30:210][  0]LogStats: Stats thread started
[2015.08.27-20.48.30:210][  0]LogInit: Version: 4.8.3-2634408+++depot+UE4-Releases+4.8
[2015.08.27-20.48.30:210][  0]LogInit: API Version: 2579680
[2015.08.27-20.48.30:210][  0]LogInit: Compiled (64-bit): Jul 27 2015 16:24:33
[2015.08.27-20.48.30:210][  0]LogInit: Compiled with Visual C++: 18.00.21005.01
[2015.08.27-20.48.30:210][  0]LogInit: Build Configuration: Development
[2015.08.27-20.48.30:210][  0]LogInit: Branch Name: ++depot+UE4-Releases+4.8
[2015.08.27-20.48.30:211][  0]LogInit: Command line:  /Temp/Autosaves/Game/NPOTG/Maps/UEDPCTesting_Level -game -PIEVIACONSOLE -ResX=1280 -ResY=720  -Multiprocess 
[2015.08.27-20.48.30:211][  0]LogInit: Base directory: C:/Users/Bodoo/Documents/Programmieren/4.8/Engine/Binaries/Win64/
[2015.08.27-20.48.30:211][  0]LogInit: Rocket: 1
[2015.08.27-20.48.30:227][  0]LogInit: Using libcurl 7.41.0
[2015.08.27-20.48.30:227][  0]LogInit:  - built for x86_64-pc-win32
[2015.08.27-20.48.30:227][  0]LogInit:  - supports SSL with WinSSL
[2015.08.27-20.48.30:227][  0]LogInit:  - other features:
[2015.08.27-20.48.30:227][  0]LogInit:      CURL_VERSION_SSL
[2015.08.27-20.48.30:227][  0]LogInit:      CURL_VERSION_IPV6
[2015.08.27-20.48.30:227][  0]LogInit:      CURL_VERSION_ASYNCHDNS
[2015.08.27-20.48.30:227][  0]LogInit:      CURL_VERSION_LARGEFILE
[2015.08.27-20.48.30:227][  0]LogInit:      CURL_VERSION_IDN
[2015.08.27-20.48.30:227][  0]LogInit:  CurlRequestOptions (configurable via config and command line):
[2015.08.27-20.48.30:227][  0]LogInit:  - bVerifyPeer = true  - Libcurl will verify peer certificate
[2015.08.27-20.48.30:227][  0]LogInit:  - bUseHttpProxy = false  - Libcurl will NOT use HTTP proxy
[2015.08.27-20.48.30:227][  0]LogInit:  - bDontReuseConnections = false  - Libcurl will reuse connections
[2015.08.27-20.48.30:227][  0]LogInit:  - CertBundlePath = nullptr  - Libcurl will use whatever was configured at build time.
[2015.08.27-20.48.30:247][  0]LogOnline:Warning: No default platform service specified for OnlineSubsystem
[2015.08.27-20.48.30:267][  0]LogInit: Presizing for 0 objects not considered by GC, pre-allocating 0 bytes.
[2015.08.27-20.48.30:282][  0]LogInit: Object subsystem initialized
[2015.08.27-20.48.30:283][  0]LogConsoleResponse:Warning: Skipping Unknown console variable: 'UIScaleCurve = (EditorCurveData=(Keys=((Time=480.000000,Value=0.444000),(Time=720.000000,Value=0.666000),(Time=1080.000000,Value=1.000000),(Time=8640.000000,Value=8.000000))),ExternalCurve=None)'
[2015.08.27-20.48.30:283][  0]LogConsoleResponse:Warning:   Found in ini file 'C:/Users/Bodoo/Documents/Programmieren/Projekte/NotPartofTheGame/Saved/Config/Windows/Engine.ini', in section '[/Script/Engine.RendererSettings]'
[2015.08.27-20.48.30:283][  0]LogConsoleManager:Warning: Console variable 'r.MSAA.CompositingSampleCount' wasn't set ('Scalability' has a lower priority than 'ProjectSetting')
[2015.08.27-20.48.30:284][  0]LogInit: Selected Device Profile: [Windows]
[2015.08.27-20.48.30:284][  0]LogInit: Applying CVar settings loaded from the selected device profile: [Windows]
[2015.08.27-20.48.30:290][  0]LogInit: Computer: DESKTOP-GLF6O4V
[2015.08.27-20.48.30:290][  0]LogInit: User: Bodoo
[2015.08.27-20.48.30:290][  0]LogInit: CPU Page size=4096, Cores=4
[2015.08.27-20.48.30:290][  0]LogInit: High frequency timer resolution =3.215356 MHz
[2015.08.27-20.48.30:290][  0]LogMemory: Memory total: Physical=12.0GB (12GB approx)
[2015.08.27-20.48.30:290][  0]LogMemory: Platform Memory Stats for Windows
[2015.08.27-20.48.30:290][  0]LogMemory: Process Physical Memory: 49.54 MB used, 49.54 MB peak
[2015.08.27-20.48.30:290][  0]LogMemory: Process Virtual Memory: 24.54 MB used, 24.54 MB peak
[2015.08.27-20.48.30:290][  0]LogMemory: Physical Memory: 3749.39 MB used, 12270.70 MB total
[2015.08.27-20.48.30:290][  0]LogMemory: Virtual Memory: 312.55 MB used, 134217728.00 MB total
[2015.08.27-20.48.30:321][  0]LogTextLocalizationManager: The requested culture ('de_DE') has no localization data; falling back to 'en' for localization and internationalization data.
[2015.08.27-20.48.30:636][  0]LogTextLocalizationManager:Warning: Loaded localization resources contain conflicting entries for (Namespace:ContentBrowser, Key:ImportAssetToolTip):
Localization Resource: (C:/Users/Bodoo/Documents/Programmieren/4.8/Engine/Content/Localization/Editor/en/Editor.locres) Source String Hash: (-630476809) Localized String: (Import to {0}...)
Localization Resource: (C:/Users/Bodoo/Documents/Programmieren/4.8/Engine/Content/Localization/Editor/en/Editor.locres) Source String Hash: (1271782899) Localized String: (Imports an asset from file to this folder.)
[2015.08.27-20.48.31:068][  0]LogD3D11RHI: Found D3D11 adapter 0: AMD Radeon HD 6800 Series (Feature Level 11_0)
[2015.08.27-20.48.31:068][  0]LogD3D11RHI: Adapter has 1011MB of dedicated video memory, 0MB of dedicated system memory, and 3840MB of shared system memory, 1 output[s]
[2015.08.27-20.48.31:069][  0]LogD3D11RHI: Found D3D11 adapter 1: Microsoft Basic Render Driver (Feature Level 11_0)
[2015.08.27-20.48.31:069][  0]LogD3D11RHI: Adapter has 0MB of dedicated video memory, 0MB of dedicated system memory, and 6135MB of shared system memory, 0 output[s]
[2015.08.27-20.48.31:069][  0]LogD3D11RHI: Chosen D3D11 Adapter Id = 0
[2015.08.27-20.48.31:072][  0]LogD3D11RHI: InitD3DDevice
[2015.08.27-20.48.31:072][  0]LogD3D11RHI: !Direct3DDevice
[2015.08.27-20.48.31:072][  0]LogRHI: Texture pool is 708 MB (70% of 1011 MB)
[2015.08.27-20.48.31:078][  0]LogD3D11RHI: Async texture creation disabled: no driver support
[2015.08.27-20.48.31:089][  0]LogShaderCompilers:Display: Using Local Shader Compiler.
[2015.08.27-20.48.31:907][  0]LogTemp:Display: Loaded TP DesktopTargetPlatform
[2015.08.27-20.48.31:922][  0]LogTemp:Display: Loaded TP WindowsClientTargetPlatform
[2015.08.27-20.48.31:937][  0]LogTemp:Display: Loaded TP WindowsNoEditorTargetPlatform
[2015.08.27-20.48.31:952][  0]LogTemp:Display: Loaded TP WindowsServerTargetPlatform
[2015.08.27-20.48.31:970][  0]LogTemp:Display: Loaded TP WindowsTargetPlatform
[2015.08.27-20.48.31:983][  0]LogTemp:Display: Loaded TP AndroidTargetPlatform
[2015.08.27-20.48.31:997][  0]LogTemp:Display: Loaded TP Android_ASTCTargetPlatform
[2015.08.27-20.48.32:011][  0]LogTemp:Display: Loaded TP Android_ATCTargetPlatform
[2015.08.27-20.48.32:024][  0]LogTemp:Display: Loaded TP Android_DXTTargetPlatform
[2015.08.27-20.48.32:038][  0]LogTemp:Display: Loaded TP Android_ETC1TargetPlatform
[2015.08.27-20.48.32:052][  0]LogTemp:Display: Loaded TP Android_ETC2TargetPlatform
[2015.08.27-20.48.32:066][  0]LogTemp:Display: Loaded TP Android_PVRTCTargetPlatform
[2015.08.27-20.48.32:117][  0]LogTemp:Display: Loaded TP IOSTargetPlatform
[2015.08.27-20.48.32:130][  0]LogTemp:Display: Loaded TP LinuxNoEditorTargetPlatform
[2015.08.27-20.48.32:143][  0]LogTemp:Display: Loaded TP LinuxServerTargetPlatform
[2015.08.27-20.48.32:159][  0]LogTemp:Display: Loaded TP LinuxTargetPlatform
[2015.08.27-20.48.32:159][  0]LogTargetPlatformManager:Display: Building Assets For Windows
[2015.08.27-20.48.32:382][  0]LogDerivedDataCache:Display: Max Cache Size: 512 MB
[2015.08.27-20.48.32:445][  0]LogDerivedDataCache: Loaded boot cache 0.06s 53MB C:/Users/Bodoo/AppData/Local/UnrealEngine/4.8/DerivedDataCache/Boot.ddc.
[2015.08.27-20.48.32:445][  0]LogDerivedDataCache:Display: Loaded Boot cache: C:/Users/Bodoo/AppData/Local/UnrealEngine/4.8/DerivedDataCache/Boot.ddc
[2015.08.27-20.48.32:445][  0]LogDerivedDataCache: FDerivedDataBackendGraph:  Pak pak cache file ../../../../Projekte/NotPartofTheGame/DerivedDataCache/DDC.ddp not found, will not use a pak cache.
[2015.08.27-20.48.32:445][  0]LogDerivedDataCache: Unable to find inner node Pak for hierarchical cache Hierarchy.
[2015.08.27-20.48.32:445][  0]LogDerivedDataCache: FDerivedDataBackendGraph:  CompressedPak pak cache file ../../../../Projekte/NotPartofTheGame/DerivedDataCache/Compressed.ddp not found, will not use a pak cache.
[2015.08.27-20.48.32:445][  0]LogDerivedDataCache: Unable to find inner node CompressedPak for hierarchical cache Hierarchy.
[2015.08.27-20.48.32:599][  0]LogDerivedDataCache:Display: Pak cache opened for reading ../../../Engine/DerivedDataCache/Compressed.ddp.
[2015.08.27-20.48.32:611][  0]LogDerivedDataCache: Using Local data cache path C:/Users/Bodoo/AppData/Local/UnrealEngine/Common/DerivedDataCache: Writable
[2015.08.27-20.48.32:849][  0]LogInit: Selected Device Profile: [Windows]
[2015.08.27-20.48.32:936][  0]ImportText (ComponentSweepMultiTests): Missing closing parenthesis: (RootShapeAsset="/Engine/BasicShapes/Cube.Cube",ShapeType="TriggerCapsule",HitResult=(Time=0.50,Location=(X=-100.000015,Y=0.0,Z=100.000015),ImpactPoint=(X=-50.0,Y=0.0,Z=50.0),Normal=(X=-1.0,Y=-0.0,Z=0.0),ImpactNormal=(X=0.0,Y=0.0,Z=1.0),TraceStart=(X=-200.0,Y=0.0,Z=200.0),TraceEnd=(X=0.0,Y=0.0,Z=0.0))
[2015.08.27-20.48.32:937][  0]ImportText (LineTraceSingleByChannelTests): Missing closing parenthesis: (RootShapeAsset="/Engine/BasicShapes/Cube.Cube",HitResult=(Time=0.50,Location=(X=-100.000015,Y=0.0,Z=100.000015),ImpactPoint=(X=-50.0,Y=0.0,Z=50.0),Normal=(X=-1.0,Y=-0.0,Z=0.0),ImpactNormal=(X=0.0,Y=0.0,Z=1.0),TraceStart=(X=-200.0,Y=0.0,Z=200.0),TraceEnd=(X=0.0,Y=0.0,Z=0.0))
[2015.08.27-20.48.32:965][  0]LogMeshUtilities: No automatic mesh reduction module available
[2015.08.27-20.48.32:965][  0]LogMeshUtilities: No automatic mesh merging module available
[2015.08.27-20.48.33:254][  0]LogInit: WinSock: version 1.1 (2.2), MaxSocks=32767, MaxUdp=65467
[2015.08.27-20.48.33:712][  0]LogD3D11RHI: InitD3DDevice
[2015.08.27-20.48.33:716][  0]LogWindowsMoviePlayer: Unable to load movie: ../../../../Projekte/NotPartofTheGame/Content/Movies/Default_Startup.mp4
[2015.08.27-20.48.33:859][  0]LogAssetRegistry: FAssetRegistry took 0.0001 seconds to start up
[2015.08.27-20.48.33:907][  0]SourceControl: Info Source control is disabled
[2015.08.27-20.48.33:907][  0]SourceControl: Info Source control is disabled
[2015.08.27-20.48.33:918][  0]SourceControl: Info Source control is disabled
[2015.08.27-20.48.34:108][  0]LogObj: 25913 objects as part of root set at end of initial load.
[2015.08.27-20.48.34:108][  0]LogUObjectAllocator: 5218488 out of 0 bytes used by permanent object pool.
[2015.08.27-20.48.34:178][  0]LogAutomationTest:Warning: ERR: Transient text cannot be serialized "Testing Transient serialization detection".
[2015.08.27-20.48.34:178][  0]LogEngine: Initializing Engine...
[2015.08.27-20.48.34:181][  0]LogHMD: Can't find Oculus library dev build: is proper Runtime installed? Version: 0.6.0.0
[2015.08.27-20.48.34:182][  0]LogHMD:Warning: SteamVR failed to initialize.  Error: 110
[2015.08.27-20.48.34:274][  0]LogInit: XAudio2 using 'Lautsprecher (G510s Gaming Keyboard)' : 2 channels at 48 kHz using 16 bits per sample (channel mask 0x3)
[2015.08.27-20.48.34:281][  0]LogInit: FAudioDevice initialized.
[2015.08.27-20.48.34:290][  0]LogInit: Texture streaming: Disabled
[2015.08.27-20.48.34:355][  0]LogNet: Browse: /Temp/Autosaves/Game/NPOTG/Maps/UEDPCTesting_Level?Name=Player
[2015.08.27-20.48.34:355][  0]LogLoad: LoadMap: /Temp/Autosaves/Game/NPOTG/Maps/UEDPCTesting_Level?Name=Player
[2015.08.27-20.48.34:366][  0]LogParticles: Destroying 0 GPU particle simulations for FXSystem 0x000000F2E80E7560
[2015.08.27-20.48.34:375][  0]LogMemory: Platform Memory Stats for Windows
[2015.08.27-20.48.34:375][  0]LogMemory: Process Physical Memory: 334.95 MB used, 334.95 MB peak
[2015.08.27-20.48.34:375][  0]LogMemory: Process Virtual Memory: 372.41 MB used, 372.41 MB peak
[2015.08.27-20.48.34:375][  0]LogMemory: Physical Memory: 3979.68 MB used, 12270.70 MB total
[2015.08.27-20.48.34:375][  0]LogMemory: Virtual Memory: 890.60 MB used, 134217728.00 MB total
[2015.08.27-20.48.34:375][  0]LogMemory: 
[2015.08.27-20.48.34:375][  0]Allocator Stats for TBB: (not implemented)
[2015.08.27-20.48.35:316][  0]LogProperty:Warning: ERR: Transient text cannot be serialized "NewRotation Roll".
[2015.08.27-20.48.35:316][  0]LogProperty:Warning: ERR: Transient text cannot be serialized "NewRotation Yaw".
[2015.08.27-20.48.35:316][  0]LogProperty:Warning: ERR: Transient text cannot be serialized "NewRotation Pitch".
[2015.08.27-20.48.35:316][  0]LogProperty:Warning: ERR: Transient text cannot be serialized "NewRotation Roll".
[2015.08.27-20.48.35:316][  0]LogProperty:Warning: ERR: Transient text cannot be serialized "NewRotation Yaw".
[2015.08.27-20.48.35:316][  0]LogProperty:Warning: ERR: Transient text cannot be serialized "NewRotation Pitch".
[2015.08.27-20.48.35:371][  0]LogProperty:Warning: ERR: Transient text cannot be serialized "NewRotation Roll".
[2015.08.27-20.48.35:371][  0]LogProperty:Warning: ERR: Transient text cannot be serialized "NewRotation Yaw".
[2015.08.27-20.48.35:371][  0]LogProperty:Warning: ERR: Transient text cannot be serialized "NewRotation Pitch".
[2015.08.27-20.48.35:371][  0]LogProperty:Warning: ERR: Transient text cannot be serialized "NewRotation Roll".
[2015.08.27-20.48.35:371][  0]LogProperty:Warning: ERR: Transient text cannot be serialized "NewRotation Yaw".
[2015.08.27-20.48.35:371][  0]LogProperty:Warning: ERR: Transient text cannot be serialized "NewRotation Pitch".
[2015.08.27-20.48.36:250][  0]LogAIModule: Creating AISystem for world Testing_Level
[2015.08.27-20.48.36:251][  0]LogWorld: Game class is '2DSideScrollerGameMode_C'
[2015.08.27-20.48.36:306][  0]LogWorld: Bringing World /Temp/Autosaves/Game/NPOTG/Maps/UEDPCTesting_Level.Testing_Level up for play (max tick rate 0) at 2015.08.27-22.48.36
[2015.08.27-20.48.36:318][  0]LogWorld: Bringing up level for play took: 0.064802
[2015.08.27-20.48.36:322][  0]LogInit:Display: Game Engine Initialized.
[2015.08.27-20.48.36:547][  0]LogLoad: Full Startup: 8.41 seconds (BP compile: 1.00 seconds)
[2015.08.27-20.48.36:565][  0]LogContentStreaming: Texture pool size is 1000.000000MB
[2015.08.27-20.48.36:700][  0]LogRenderer: Reallocating scene render targets to support 1280x720 (Frame:2).
[2015.08.27-20.48.39:538][167]LogBlueprintUserMessages: 0.991292
[2015.08.27-20.48.39:538][167]LogBlueprintUserMessages: 0.991292
[2015.08.27-20.48.39:538][167]LogBlueprintUserMessages: 0.991292
[2015.08.27-20.48.39:538][167]LogBlueprintUserMessages: 0.991292
[2015.08.27-20.48.39:539][167]LogBlueprintUserMessages: 0.991292
[2015.08.27-20.48.39:554][168]LogBlueprintUserMessages: 0.996668
[2015.08.27-20.48.39:554][168]LogBlueprintUserMessages: 0.996668
[2015.08.27-20.48.39:554][168]LogBlueprintUserMessages: 0.996668
[2015.08.27-20.48.39:554][168]LogBlueprintUserMessages: 0.996668
[2015.08.27-20.48.39:554][168]LogBlueprintUserMessages: 0.996668
[2015.08.27-20.48.39:570][169]LogBlueprintUserMessages: 0.997955
[2015.08.27-20.48.39:570][169]LogBlueprintUserMessages: 0.997955
[2015.08.27-20.48.39:570][169]LogBlueprintUserMessages: 0.997955
[2015.08.27-20.48.39:570][169]LogBlueprintUserMessages: 0.997955
[2015.08.27-20.48.39:570][169]LogBlueprintUserMessages: 0.997955
[2015.08.27-20.48.39:586][170]LogBlueprintUserMessages: 0.992579
[2015.08.27-20.48.39:586][170]LogBlueprintUserMessages: 0.992579
[2015.08.27-20.48.39:586][170]LogBlueprintUserMessages: 0.992579
[2015.08.27-20.48.39:586][170]LogBlueprintUserMessages: 0.992579
[2015.08.27-20.48.39:587][170]LogBlueprintUserMessages: 0.992579
[2015.08.27-20.48.42:546][353]LogBlueprintUserMessages: 0.006247
[2015.08.27-20.48.42:546][353]LogBlueprintUserMessages: 0.006247
[2015.08.27-20.48.42:546][353]LogBlueprintUserMessages: 0.006247
[2015.08.27-20.48.42:546][353]LogBlueprintUserMessages: 0.006247
[2015.08.27-20.48.42:546][353]LogBlueprintUserMessages: 0.006247
[2015.08.27-20.48.42:562][354]LogBlueprintUserMessages: 0.000871
[2015.08.27-20.48.42:562][354]LogBlueprintUserMessages: 0.000871
[2015.08.27-20.48.42:562][354]LogBlueprintUserMessages: 0.000871
[2015.08.27-20.48.42:562][354]LogBlueprintUserMessages: 0.000871
[2015.08.27-20.48.42:562][354]LogBlueprintUserMessages: 0.000871
[2015.08.27-20.48.42:578][355]LogBlueprintUserMessages: 0.0
[2015.08.27-20.48.42:578][355]LogBlueprintUserMessages: 0.0
[2015.08.27-20.48.42:578][355]LogBlueprintUserMessages: 0.004505
[2015.08.27-20.48.42:578][355]LogBlueprintUserMessages: 0.0
[2015.08.27-20.48.42:578][355]LogBlueprintUserMessages: 0.0
[2015.08.27-20.48.42:578][355]LogBlueprintUserMessages: 0.004505
[2015.08.27-20.48.42:578][355]LogBlueprintUserMessages: 0.0
[2015.08.27-20.48.42:578][355]LogBlueprintUserMessages: 0.0
[2015.08.27-20.48.42:578][355]LogBlueprintUserMessages: 0.004505
[2015.08.27-20.48.42:578][355]LogBlueprintUserMessages: 0.0
[2015.08.27-20.48.42:578][355]LogBlueprintUserMessages: 0.0
[2015.08.27-20.48.42:578][355]LogBlueprintUserMessages: 0.004505
[2015.08.27-20.48.42:579][355]LogBlueprintUserMessages: 0.0
[2015.08.27-20.48.42:579][355]LogBlueprintUserMessages: 0.0
[2015.08.27-20.48.42:579][355]LogBlueprintUserMessages: 0.004505
[2015.08.27-20.48.42:594][356]LogBlueprintUserMessages: 0.009882
[2015.08.27-20.48.42:594][356]LogBlueprintUserMessages: 0.009882
[2015.08.27-20.48.42:594][356]LogBlueprintUserMessages: 0.009882
[2015.08.27-20.48.42:594][356]LogBlueprintUserMessages: 0.009882
[2015.08.27-20.48.42:594][356]LogBlueprintUserMessages: 0.009882
[2015.08.27-20.48.45:545][539]LogBlueprintUserMessages: 0.993797
[2015.08.27-20.48.45:545][539]LogBlueprintUserMessages: 0.993797
[2015.08.27-20.48.45:546][539]LogBlueprintUserMessages: 0.993797
[2015.08.27-20.48.45:546][539]LogBlueprintUserMessages: 0.993797
[2015.08.27-20.48.45:546][539]LogBlueprintUserMessages: 0.993797
[2015.08.27-20.48.45:561][540]LogBlueprintUserMessages: 0.999173
[2015.08.27-20.48.45:561][540]LogBlueprintUserMessages: 0.999173
[2015.08.27-20.48.45:561][540]LogBlueprintUserMessages: 0.999173
[2015.08.27-20.48.45:562][540]LogBlueprintUserMessages: 0.999173
[2015.08.27-20.48.45:562][540]LogBlueprintUserMessages: 0.999173
[2015.08.27-20.48.45:577][541]LogBlueprintUserMessages: 0.995447
[2015.08.27-20.48.45:578][541]LogBlueprintUserMessages: 0.995447
[2015.08.27-20.48.45:578][541]LogBlueprintUserMessages: 0.995447
[2015.08.27-20.48.45:578][541]LogBlueprintUserMessages: 0.995447
[2015.08.27-20.48.45:578][541]LogBlueprintUserMessages: 0.995447
[2015.08.27-20.48.45:594][542]LogBlueprintUserMessages: 0.990071
[2015.08.27-20.48.45:594][542]LogBlueprintUserMessages: 0.990071
[2015.08.27-20.48.45:594][542]LogBlueprintUserMessages: 0.990071
[2015.08.27-20.48.45:594][542]LogBlueprintUserMessages: 0.990071
[2015.08.27-20.48.45:594][542]LogBlueprintUserMessages: 0.990071
[2015.08.27-20.48.48:546][725]LogBlueprintUserMessages: 0.006167
[2015.08.27-20.48.48:546][725]LogBlueprintUserMessages: 0.006167
[2015.08.27-20.48.48:546][725]LogBlueprintUserMessages: 0.006167
[2015.08.27-20.48.48:546][725]LogBlueprintUserMessages: 0.006167
[2015.08.27-20.48.48:546][725]LogBlueprintUserMessages: 0.006167
[2015.08.27-20.48.48:562][726]LogBlueprintUserMessages: 0.000789
[2015.08.27-20.48.48:562][726]LogBlueprintUserMessages: 0.000789
[2015.08.27-20.48.48:562][726]LogBlueprintUserMessages: 0.000789
[2015.08.27-20.48.48:562][726]LogBlueprintUserMessages: 0.000789
[2015.08.27-20.48.48:562][726]LogBlueprintUserMessages: 0.000789
[2015.08.27-20.48.48:578][727]LogBlueprintUserMessages: 0.0
[2015.08.27-20.48.48:578][727]LogBlueprintUserMessages: 0.0
[2015.08.27-20.48.48:578][727]LogBlueprintUserMessages: 0.004588
[2015.08.27-20.48.48:578][727]LogBlueprintUserMessages: 0.0
[2015.08.27-20.48.48:578][727]LogBlueprintUserMessages: 0.0
[2015.08.27-20.48.48:578][727]LogBlueprintUserMessages: 0.004588
[2015.08.27-20.48.48:578][727]LogBlueprintUserMessages: 0.0
[2015.08.27-20.48.48:578][727]LogBlueprintUserMessages: 0.0
[2015.08.27-20.48.48:578][727]LogBlueprintUserMessages: 0.004588
[2015.08.27-20.48.48:578][727]LogBlueprintUserMessages: 0.0
[2015.08.27-20.48.48:578][727]LogBlueprintUserMessages: 0.0
[2015.08.27-20.48.48:578][727]LogBlueprintUserMessages: 0.004588
[2015.08.27-20.48.48:578][727]LogBlueprintUserMessages: 0.0
[2015.08.27-20.48.48:579][727]LogBlueprintUserMessages: 0.0
[2015.08.27-20.48.48:579][727]LogBlueprintUserMessages: 0.004588
[2015.08.27-20.48.48:594][728]LogBlueprintUserMessages: 0.009964
[2015.08.27-20.48.48:594][728]LogBlueprintUserMessages: 0.009964
[2015.08.27-20.48.48:594][728]LogBlueprintUserMessages: 0.009964
[2015.08.27-20.48.48:594][728]LogBlueprintUserMessages: 0.009964
[2015.08.27-20.48.48:594][728]LogBlueprintUserMessages: 0.009964
[2015.08.27-20.48.51:546][911]LogBlueprintUserMessages: 0.993903
[2015.08.27-20.48.51:546][911]LogBlueprintUserMessages: 0.993903
[2015.08.27-20.48.51:546][911]LogBlueprintUserMessages: 0.993903
[2015.08.27-20.48.51:546][911]LogBlueprintUserMessages: 0.993903
[2015.08.27-20.48.51:547][911]LogBlueprintUserMessages: 0.993903
[2015.08.27-20.48.51:562][912]LogBlueprintUserMessages: 0.99928
[2015.08.27-20.48.51:562][912]LogBlueprintUserMessages: 0.99928
[2015.08.27-20.48.51:562][912]LogBlueprintUserMessages: 0.99928
[2015.08.27-20.48.51:562][912]LogBlueprintUserMessages: 0.99928
[2015.08.27-20.48.51:562][912]LogBlueprintUserMessages: 0.99928
[2015.08.27-20.48.51:578][913]LogBlueprintUserMessages: 0.995344
[2015.08.27-20.48.51:578][913]LogBlueprintUserMessages: 0.995344
[2015.08.27-20.48.51:578][913]LogBlueprintUserMessages: 0.995344
[2015.08.27-20.48.51:578][913]LogBlueprintUserMessages: 0.995344
[2015.08.27-20.48.51:578][913]LogBlueprintUserMessages: 0.995344
[2015.08.27-20.48.54:546][ 97]LogBlueprintUserMessages: 0.006005
[2015.08.27-20.48.54:546][ 97]LogBlueprintUserMessages: 0.006005
[2015.08.27-20.48.54:546][ 97]LogBlueprintUserMessages: 0.006005
[2015.08.27-20.48.54:546][ 97]LogBlueprintUserMessages: 0.006005
[2015.08.27-20.48.54:562][ 98]LogBlueprintUserMessages: 0.000628
[2015.08.27-20.48.54:562][ 98]LogBlueprintUserMessages: 0.000628
[2015.08.27-20.48.54:562][ 98]LogBlueprintUserMessages: 0.000628
[2015.08.27-20.48.54:562][ 98]LogBlueprintUserMessages: 0.000628
[2015.08.27-20.48.54:578][ 99]LogBlueprintUserMessages: 0.0
[2015.08.27-20.48.54:578][ 99]LogBlueprintUserMessages: 0.0
[2015.08.27-20.48.54:578][ 99]LogBlueprintUserMessages: 0.004748
[2015.08.27-20.48.54:578][ 99]LogBlueprintUserMessages: 0.0
[2015.08.27-20.48.54:578][ 99]LogBlueprintUserMessages: 0.0
[2015.08.27-20.48.54:578][ 99]LogBlueprintUserMessages: 0.004748
[2015.08.27-20.48.54:578][ 99]LogBlueprintUserMessages: 0.0
[2015.08.27-20.48.54:578][ 99]LogBlueprintUserMessages: 0.0
[2015.08.27-20.48.54:578][ 99]LogBlueprintUserMessages: 0.004748
[2015.08.27-20.48.54:578][ 99]LogBlueprintUserMessages: 0.0
[2015.08.27-20.48.54:579][ 99]LogBlueprintUserMessages: 0.0
[2015.08.27-20.48.54:579][ 99]LogBlueprintUserMessages: 0.004748
[2015.08.27-20.48.57:546][283]LogBlueprintUserMessages: 0.994027
[2015.08.27-20.48.57:546][283]LogBlueprintUserMessages: 0.994027
[2015.08.27-20.48.57:546][283]LogBlueprintUserMessages: 0.994027
[2015.08.27-20.48.57:562][284]LogBlueprintUserMessages: 0.999404
[2015.08.27-20.48.57:562][284]LogBlueprintUserMessages: 0.999404
[2015.08.27-20.48.57:562][284]LogBlueprintUserMessages: 0.999404
[2015.08.27-20.48.57:578][285]LogBlueprintUserMessages: 0.99522
[2015.08.27-20.48.57:578][285]LogBlueprintUserMessages: 0.99522
[2015.08.27-20.48.57:578][285]LogBlueprintUserMessages: 0.99522
[2015.08.27-20.49.00:546][469]LogBlueprintUserMessages: 0.005942
[2015.08.27-20.49.00:546][469]LogBlueprintUserMessages: 0.005942
[2015.08.27-20.49.00:546][469]LogBlueprintUserMessages: 0.005942
[2015.08.27-20.49.00:562][470]LogBlueprintUserMessages: 0.000564
[2015.08.27-20.49.00:562][470]LogBlueprintUserMessages: 0.000564
[2015.08.27-20.49.00:562][470]LogBlueprintUserMessages: 0.000564
[2015.08.27-20.49.00:578][471]LogBlueprintUserMessages: 0.990321
[2015.08.27-20.49.00:578][471]LogBlueprintUserMessages: 0.990321
[2015.08.27-20.49.00:578][471]LogBlueprintUserMessages: 0.980643
[2015.08.27-20.49.00:578][471]LogBlueprintUserMessages: 0.0
[2015.08.27-20.49.00:578][471]LogBlueprintUserMessages: 0.0
[2015.08.27-20.49.00:578][471]LogBlueprintUserMessages: 0.004813
[2015.08.27-20.49.00:578][471]LogBlueprintUserMessages: 0.0
[2015.08.27-20.49.00:578][471]LogBlueprintUserMessages: 0.0
[2015.08.27-20.49.00:578][471]LogBlueprintUserMessages: 0.004813
[2015.08.27-20.49.00:579][471]LogBlueprintUserMessages: 0.0
[2015.08.27-20.49.00:579][471]LogBlueprintUserMessages: 0.0
[2015.08.27-20.49.00:579][471]LogBlueprintUserMessages: 0.004813
[2015.08.27-20.49.00:595][472]LogBlueprintUserMessages: 0.970965
[2015.08.27-20.49.00:611][473]LogBlueprintUserMessages: 0.961288
[2015.08.27-20.49.00:627][474]LogBlueprintUserMessages: 0.95161
[2015.08.27-20.49.00:643][475]LogBlueprintUserMessages: 0.941933
[2015.08.27-20.49.00:659][476]LogBlueprintUserMessages: 0.932255
[2015.08.27-20.49.00:676][477]LogBlueprintUserMessages: 0.922578
[2015.08.27-20.49.00:692][478]LogBlueprintUserMessages: 0.9129
[2015.08.27-20.49.00:708][479]LogBlueprintUserMessages: 0.903216
[2015.08.27-20.49.00:724][480]LogBlueprintUserMessages: 0.893539
[2015.08.27-20.49.00:740][481]LogBlueprintUserMessages: 0.883861
[2015.08.27-20.49.00:756][482]LogBlueprintUserMessages: 0.874184
[2015.08.27-20.49.00:772][483]LogBlueprintUserMessages: 0.864506
[2015.08.27-20.49.00:788][484]LogBlueprintUserMessages: 0.854829
[2015.08.27-20.49.00:804][485]LogBlueprintUserMessages: 0.845151
[2015.08.27-20.49.00:821][486]LogBlueprintUserMessages: 0.835474
[2015.08.27-20.49.00:837][487]LogBlueprintUserMessages: 0.825796
[2015.08.27-20.49.00:853][488]LogBlueprintUserMessages: 0.816119
[2015.08.27-20.49.00:869][489]LogBlueprintUserMessages: 0.806441
[2015.08.27-20.49.00:885][490]LogBlueprintUserMessages: 0.796764
[2015.08.27-20.49.00:901][491]LogBlueprintUserMessages: 0.787086
[2015.08.27-20.49.00:917][492]LogBlueprintUserMessages: 0.777409
[2015.08.27-20.49.00:933][493]LogBlueprintUserMessages: 0.767731
[2015.08.27-20.49.00:950][494]LogBlueprintUserMessages: 0.758054
[2015.08.27-20.49.00:966][495]LogBlueprintUserMessages: 0.748376
[2015.08.27-20.49.00:982][496]LogBlueprintUserMessages: 0.738699
[2015.08.27-20.49.00:998][497]LogBlueprintUserMessages: 0.729021
[2015.08.27-20.49.01:014][498]LogBlueprintUserMessages: 0.719344
[2015.08.27-20.49.01:030][499]LogBlueprintUserMessages: 0.709666
[2015.08.27-20.49.01:046][500]LogBlueprintUserMessages: 0.699989
[2015.08.27-20.49.01:062][501]LogBlueprintUserMessages: 0.690311
[2015.08.27-20.49.01:078][502]LogBlueprintUserMessages: 0.680634
[2015.08.27-20.49.01:095][503]LogBlueprintUserMessages: 0.670956
[2015.08.27-20.49.01:111][504]LogBlueprintUserMessages: 0.661279
[2015.08.27-20.49.01:127][505]LogBlueprintUserMessages: 0.651601
[2015.08.27-20.49.01:143][506]LogBlueprintUserMessages: 0.641924
[2015.08.27-20.49.01:159][507]LogBlueprintUserMessages: 0.632246
[2015.08.27-20.49.01:175][508]LogBlueprintUserMessages: 0.622569
[2015.08.27-20.49.01:191][509]LogBlueprintUserMessages: 0.612891
[2015.08.27-20.49.01:207][510]LogBlueprintUserMessages: 0.603179
[2015.08.27-20.49.01:224][511]LogBlueprintUserMessages: 0.593502
[2015.08.27-20.49.01:240][512]LogBlueprintUserMessages: 0.583824
[2015.08.27-20.49.01:256][513]LogBlueprintUserMessages: 0.574147
[2015.08.27-20.49.01:272][514]LogBlueprintUserMessages: 0.564469
[2015.08.27-20.49.01:288][515]LogBlueprintUserMessages: 0.554792
[2015.08.27-20.49.01:304][516]LogBlueprintUserMessages: 0.545114
[2015.08.27-20.49.01:320][517]LogBlueprintUserMessages: 0.535437
[2015.08.27-20.49.01:336][518]LogBlueprintUserMessages: 0.525759
[2015.08.27-20.49.01:353][519]LogBlueprintUserMessages: 0.516082
[2015.08.27-20.49.01:369][520]LogBlueprintUserMessages: 0.506404
[2015.08.27-20.49.01:385][521]LogBlueprintUserMessages: 0.496727
[2015.08.27-20.49.01:401][522]LogBlueprintUserMessages: 0.487049
[2015.08.27-20.49.01:417][523]LogBlueprintUserMessages: 0.477372
[2015.08.27-20.49.01:433][524]LogBlueprintUserMessages: 0.467694
[2015.08.27-20.49.01:449][525]LogBlueprintUserMessages: 0.458016
[2015.08.27-20.49.01:465][526]LogBlueprintUserMessages: 0.448339
[2015.08.27-20.49.01:482][527]LogBlueprintUserMessages: 0.438661
[2015.08.27-20.49.01:498][528]LogBlueprintUserMessages: 0.428984
[2015.08.27-20.49.01:514][529]LogBlueprintUserMessages: 0.419306
[2015.08.27-20.49.01:530][530]LogBlueprintUserMessages: 0.409629
[2015.08.27-20.49.01:546][531]LogBlueprintUserMessages: 0.399951
[2015.08.27-20.49.01:562][532]LogBlueprintUserMessages: 0.390274
[2015.08.27-20.49.01:578][533]LogBlueprintUserMessages: 0.380596
[2015.08.27-20.49.01:594][534]LogBlueprintUserMessages: 0.370919
[2015.08.27-20.49.01:611][535]LogBlueprintUserMessages: 0.361241
[2015.08.27-20.49.01:627][536]LogBlueprintUserMessages: 0.351564
[2015.08.27-20.49.01:643][537]LogBlueprintUserMessages: 0.341886
[2015.08.27-20.49.01:659][538]LogBlueprintUserMessages: 0.332209
[2015.08.27-20.49.01:675][539]LogBlueprintUserMessages: 0.322531
[2015.08.27-20.49.01:691][540]LogBlueprintUserMessages: 0.312854
[2015.08.27-20.49.01:707][541]LogBlueprintUserMessages: 0.303173
[2015.08.27-20.49.01:723][542]LogBlueprintUserMessages: 0.293496
[2015.08.27-20.49.01:739][543]LogBlueprintUserMessages: 0.283818
[2015.08.27-20.49.01:756][544]LogBlueprintUserMessages: 0.274141
[2015.08.27-20.49.01:756][544]LogBlueprintUserMessages: YO ICH DODGE GRADE
[2015.08.27-20.49.01:772][545]LogBlueprintUserMessages: 0.264463
[2015.08.27-20.49.01:772][545]LogBlueprintUserMessages: Gewonnen!
[2015.08.27-20.49.01:772][545]LogBlueprintUserMessages: YO ICH DODGE GRADE
[2015.08.27-20.49.01:788][546]LogBlueprintUserMessages: YO ICH DODGE GRADE
[2015.08.27-20.49.01:804][547]LogBlueprintUserMessages: YO ICH DODGE GRADE
[2015.08.27-20.49.01:820][548]LogBlueprintUserMessages: YO ICH DODGE GRADE
[2015.08.27-20.49.01:836][549]LogBlueprintUserMessages: YO ICH DODGE GRADE
[2015.08.27-20.49.01:852][550]LogBlueprintUserMessages: YO ICH DODGE GRADE
[2015.08.27-20.49.03:546][655]LogBlueprintUserMessages: 0.994113
[2015.08.27-20.49.03:546][655]LogBlueprintUserMessages: 0.994113
[2015.08.27-20.49.03:562][656]LogBlueprintUserMessages: 0.999489
[2015.08.27-20.49.03:562][656]LogBlueprintUserMessages: 0.999489
[2015.08.27-20.49.03:578][657]LogBlueprintUserMessages: 0.995134
[2015.08.27-20.49.03:578][657]LogBlueprintUserMessages: 0.995134
[2015.08.27-20.49.06:547][841]LogBlueprintUserMessages: 0.005868
[2015.08.27-20.49.06:547][841]LogBlueprintUserMessages: 0.005868
[2015.08.27-20.49.06:563][842]LogBlueprintUserMessages: 0.000492
[2015.08.27-20.49.06:563][842]LogBlueprintUserMessages: 0.000492
[2015.08.27-20.49.06:579][843]LogBlueprintUserMessages: 0.0
[2015.08.27-20.49.06:579][843]LogBlueprintUserMessages: 0.0
[2015.08.27-20.49.06:579][843]LogBlueprintUserMessages: 0.004885
[2015.08.27-20.49.06:579][843]LogBlueprintUserMessages: 0.0
[2015.08.27-20.49.06:579][843]LogBlueprintUserMessages: 0.0
[2015.08.27-20.49.06:579][843]LogBlueprintUserMessages: 0.004885
[2015.08.27-20.49.09:546][ 27]LogBlueprintUserMessages: 0.994163
[2015.08.27-20.49.09:562][ 28]LogBlueprintUserMessages: 0.990322
[2015.08.27-20.49.09:563][ 28]LogBlueprintUserMessages: 0.990322
[2015.08.27-20.49.09:563][ 28]LogBlueprintUserMessages: 0.980645
[2015.08.27-20.49.09:578][ 29]LogBlueprintUserMessages: 0.970967
[2015.08.27-20.49.09:594][ 30]LogBlueprintUserMessages: 0.96129
[2015.08.27-20.49.09:611][ 31]LogBlueprintUserMessages: 0.951612
[2015.08.27-20.49.09:627][ 32]LogBlueprintUserMessages: 0.941935
[2015.08.27-20.49.09:643][ 33]LogBlueprintUserMessages: 0.932257
[2015.08.27-20.49.09:659][ 34]LogBlueprintUserMessages: 0.92258
[2015.08.27-20.49.09:675][ 35]LogBlueprintUserMessages: 0.912902
[2015.08.27-20.49.09:691][ 36]LogBlueprintUserMessages: 0.903225
[2015.08.27-20.49.09:707][ 37]LogBlueprintUserMessages: 0.893547
[2015.08.27-20.49.09:723][ 38]LogBlueprintUserMessages: 0.88387
[2015.08.27-20.49.09:739][ 39]LogBlueprintUserMessages: 0.874192
[2015.08.27-20.49.09:756][ 40]LogBlueprintUserMessages: 0.864515
[2015.08.27-20.49.09:772][ 41]LogBlueprintUserMessages: 0.854834
[2015.08.27-20.49.09:788][ 42]LogBlueprintUserMessages: 0.845157
[2015.08.27-20.49.09:805][ 43]LogBlueprintUserMessages: 0.835479
[2015.08.27-20.49.09:821][ 44]LogBlueprintUserMessages: 0.825802
[2015.08.27-20.49.09:837][ 45]LogBlueprintUserMessages: 0.816124
[2015.08.27-20.49.09:853][ 46]LogBlueprintUserMessages: 0.806447
[2015.08.27-20.49.09:869][ 47]LogBlueprintUserMessages: 0.796769
[2015.08.27-20.49.09:886][ 48]LogBlueprintUserMessages: 0.787087
[2015.08.27-20.49.09:902][ 49]LogBlueprintUserMessages: 0.77741
[2015.08.27-20.49.09:918][ 50]LogBlueprintUserMessages: 0.767732
[2015.08.27-20.49.09:934][ 51]LogBlueprintUserMessages: 0.758055
[2015.08.27-20.49.09:950][ 52]LogBlueprintUserMessages: 0.748377
[2015.08.27-20.49.09:966][ 53]LogBlueprintUserMessages: 0.7387
[2015.08.27-20.49.09:982][ 54]LogBlueprintUserMessages: 0.729022
[2015.08.27-20.49.09:998][ 55]LogBlueprintUserMessages: 0.719345
[2015.08.27-20.49.10:015][ 56]LogBlueprintUserMessages: 0.709626
[2015.08.27-20.49.10:031][ 57]LogBlueprintUserMessages: 0.699949
[2015.08.27-20.49.10:047][ 58]LogBlueprintUserMessages: 0.690271
[2015.08.27-20.49.10:063][ 59]LogBlueprintUserMessages: 0.680594
[2015.08.27-20.49.10:079][ 60]LogBlueprintUserMessages: 0.670916
[2015.08.27-20.49.10:095][ 61]LogBlueprintUserMessages: 0.661239
[2015.08.27-20.49.10:111][ 62]LogBlueprintUserMessages: 0.651561
[2015.08.27-20.49.10:127][ 63]LogBlueprintUserMessages: 0.641884
[2015.08.27-20.49.10:143][ 64]LogBlueprintUserMessages: 0.632206
[2015.08.27-20.49.10:160][ 65]LogBlueprintUserMessages: 0.622529
[2015.08.27-20.49.10:176][ 66]LogBlueprintUserMessages: 0.612846
[2015.08.27-20.49.10:192][ 67]LogBlueprintUserMessages: 0.603169
[2015.08.27-20.49.10:208][ 68]LogBlueprintUserMessages: 0.593491
[2015.08.27-20.49.10:224][ 69]LogBlueprintUserMessages: 0.583814
[2015.08.27-20.49.10:240][ 70]LogBlueprintUserMessages: 0.574136
[2015.08.27-20.49.10:256][ 71]LogBlueprintUserMessages: 0.564459
[2015.08.27-20.49.10:272][ 72]LogBlueprintUserMessages: 0.554781
[2015.08.27-20.49.10:289][ 73]LogBlueprintUserMessages: 0.545104
[2015.08.27-20.49.10:305][ 74]LogBlueprintUserMessages: 0.535426
[2015.08.27-20.49.10:321][ 75]LogBlueprintUserMessages: 0.525749
[2015.08.27-20.49.10:337][ 76]LogBlueprintUserMessages: 0.516071
[2015.08.27-20.49.10:353][ 77]LogBlueprintUserMessages: 0.506394
[2015.08.27-20.49.10:369][ 78]LogBlueprintUserMessages: 0.496716
[2015.08.27-20.49.10:385][ 79]LogBlueprintUserMessages: 0.487037
[2015.08.27-20.49.10:401][ 80]LogBlueprintUserMessages: 0.477359
[2015.08.27-20.49.10:417][ 81]LogBlueprintUserMessages: 0.467682
[2015.08.27-20.49.10:434][ 82]LogBlueprintUserMessages: 0.458004
[2015.08.27-20.49.10:450][ 83]LogBlueprintUserMessages: 0.448327
[2015.08.27-20.49.10:466][ 84]LogBlueprintUserMessages: 0.438649
[2015.08.27-20.49.10:482][ 85]LogBlueprintUserMessages: 0.428972
[2015.08.27-20.49.10:498][ 86]LogBlueprintUserMessages: 0.419294
[2015.08.27-20.49.10:514][ 87]LogBlueprintUserMessages: 0.409617
[2015.08.27-20.49.10:530][ 88]LogBlueprintUserMessages: 0.399939
[2015.08.27-20.49.10:547][ 89]LogBlueprintUserMessages: 0.390262
[2015.08.27-20.49.10:563][ 90]LogBlueprintUserMessages: 0.380584
[2015.08.27-20.49.10:579][ 91]LogBlueprintUserMessages: 0.370907
[2015.08.27-20.49.10:595][ 92]LogBlueprintUserMessages: 0.361229
[2015.08.27-20.49.10:611][ 93]LogBlueprintUserMessages: 0.351552
[2015.08.27-20.49.10:627][ 94]LogBlueprintUserMessages: 0.341874
[2015.08.27-20.49.10:644][ 95]LogBlueprintUserMessages: 0.332197
[2015.08.27-20.49.10:660][ 96]LogBlueprintUserMessages: 0.322519
[2015.08.27-20.49.10:676][ 97]LogBlueprintUserMessages: 0.312842
[2015.08.27-20.49.10:692][ 98]LogBlueprintUserMessages: 0.303164
[2015.08.27-20.49.10:708][ 99]LogBlueprintUserMessages: 0.293487
[2015.08.27-20.49.10:724][100]LogBlueprintUserMessages: 0.283809
[2015.08.27-20.49.10:740][101]LogBlueprintUserMessages: 0.274131
[2015.08.27-20.49.10:757][102]LogBlueprintUserMessages: 0.264454
[2015.08.27-20.49.10:773][103]LogBlueprintUserMessages: 0.254776
[2015.08.27-20.49.10:789][104]LogBlueprintUserMessages: 0.245099
[2015.08.27-20.49.10:805][105]LogBlueprintUserMessages: 0.235421
[2015.08.27-20.49.10:805][105]LogBlueprintUserMessages: YO ICH DODGE GRADE
[2015.08.27-20.49.10:821][106]LogBlueprintUserMessages: 0.225744
[2015.08.27-20.49.10:821][106]LogBlueprintUserMessages: Gewonnen!
[2015.08.27-20.49.10:821][106]LogBlueprintUserMessages: YO ICH DODGE GRADE
[2015.08.27-20.49.10:837][107]LogBlueprintUserMessages: YO ICH DODGE GRADE
[2015.08.27-20.49.10:853][108]LogBlueprintUserMessages: YO ICH DODGE GRADE
[2015.08.27-20.49.10:869][109]LogBlueprintUserMessages: YO ICH DODGE GRADE
[2015.08.27-20.49.10:886][110]LogBlueprintUserMessages: YO ICH DODGE GRADE
[2015.08.27-20.49.10:902][111]LogBlueprintUserMessages: YO ICH DODGE GRADE
[2015.08.27-20.49.23:548][895]Closing by request
[2015.08.27-20.49.23:548][895]LogWindows: FPlatformMisc::RequestExit(0)
[2015.08.27-20.49.24:243][896]LogWindowsTextInputMethodSystem:Display: IME system now deactivated.
[2015.08.27-20.49.24:249][896]LogExit: Preparing to exit.
[2015.08.27-20.49.24:286][896]LogExit: Game engine shut down
[2015.08.27-20.49.24:291][896]LogParticles: Destroying 0 GPU particle simulations for FXSystem 0x000000F2E960D620
[2015.08.27-20.49.24:440][896]LogExit: Object subsystem successfully closed.
[2015.08.27-20.49.24:458][896]LogD3D11RHI: Shutdown
[2015.08.27-20.49.24:458][896]LogD3D11RHI: CleanupD3DDevice
[2015.08.27-20.49.24:582][896]LogD3D11RHI: ~FD3D11DynamicRHI
[2015.08.27-20.49.24:596][896]LogModuleManager: Shutting down and abandoning module AndroidDeviceDetection (109)
[2015.08.27-20.49.24:596][896]LogModuleManager: Shutting down and abandoning module AutomationWorker (108)
[2015.08.27-20.49.24:596][896]LogModuleManager: Shutting down and abandoning module CharacterAI (107)
[2015.08.27-20.49.24:596][896]LogModuleManager: Shutting down and abandoning module AITestSuite (106)
[2015.08.27-20.49.24:596][896]LogModuleManager: Shutting down and abandoning module GameplayDebugger (105)
[2015.08.27-20.49.24:596][896]LogModuleManager: Shutting down and abandoning module AIModule (104)
[2015.08.27-20.49.24:596][896]LogModuleManager: Shutting down and abandoning module GameLiveStreaming (103)
[2015.08.27-20.49.24:596][896]LogModuleManager: Shutting down and abandoning module StreamingPauseRendering (102)
[2015.08.27-20.49.24:596][896]LogModuleManager: Shutting down and abandoning module ProfilerService (101)
[2015.08.27-20.49.24:692][896]LogModuleManager: Shutting down and abandoning module TaskGraph (100)
[2015.08.27-20.49.24:692][896]LogModuleManager: Shutting down and abandoning module SlateRemote (99)
[2015.08.27-20.49.24:692][896]LogModuleManager: Shutting down and abandoning module SteamVRController (98)
[2015.08.27-20.49.24:692][896]LogModuleManager: Shutting down and abandoning module SteamVR (97)
[2015.08.27-20.49.24:692][896]LogModuleManager: Shutting down and abandoning module ProceduralMeshComponent (96)
[2015.08.27-20.49.24:692][896]LogModuleManager: Shutting down and abandoning module OculusRift (95)
[2015.08.27-20.49.24:692][896]LogModuleManager: Shutting down and abandoning module LeapMotionController (94)
[2015.08.27-20.49.24:703][896]LogModuleManager: Shutting down and abandoning module CustomMeshComponent (93)
[2015.08.27-20.49.24:703][896]LogModuleManager: Shutting down and abandoning module CableComponent (92)
[2015.08.27-20.49.24:703][896]LogModuleManager: Shutting down and abandoning module DesktopPlatform (91)
[2015.08.27-20.49.24:703][896]LogModuleManager: Shutting down and abandoning module DirectoryWatcher (90)
[2015.08.27-20.49.24:703][896]LogModuleManager: Shutting down and abandoning module HotReload (89)
[2015.08.27-20.49.24:703][896]LogModuleManager: Shutting down and abandoning module VisualStudioSourceCodeAccess (88)
[2015.08.27-20.49.24:703][896]LogModuleManager: Shutting down and abandoning module UObjectPlugin (87)
[2015.08.27-20.49.24:703][896]LogModuleManager: Shutting down and abandoning module SubversionSourceControl (86)
[2015.08.27-20.49.24:703][896]LogModuleManager: Shutting down and abandoning module SourceControl (85)
[2015.08.27-20.49.24:703][896]LogModuleManager: Shutting down and abandoning module PerforceSourceControl (84)
[2015.08.27-20.49.24:703][896]LogModuleManager: Shutting down and abandoning module BlankPlugin (83)
[2015.08.27-20.49.24:703][896]LogModuleManager: Shutting down and abandoning module UdpMessaging (82)
[2015.08.27-20.49.24:703][896]LogModuleManager: Shutting down and abandoning module AssetRegistry (81)
[2015.08.27-20.49.24:703][896]LogModuleManager: Shutting down and abandoning module SubstanceCore (80)
[2015.08.27-20.49.24:703][896]LogModuleManager: Shutting down and abandoning module Paper2D (79)
[2015.08.27-20.49.24:703][896]LogModuleManager: Shutting down and abandoning module WindowsMoviePlayer (78)
[2015.08.27-20.49.24:709][896]LogModuleManager: Shutting down and abandoning module Media (77)
[2015.08.27-20.49.24:709][896]LogModuleManager: Shutting down and abandoning module WmfMedia (76)
[2015.08.27-20.49.24:710][896]LogModuleManager: Shutting down and abandoning module OnlineBlueprintSupport (75)
[2015.08.27-20.49.24:710][896]LogModuleManager: Shutting down and abandoning module PropertyEditor (74)
[2015.08.27-20.49.24:710][896]LogModuleManager: Shutting down and abandoning module BehaviorTreeEditor (73)
[2015.08.27-20.49.24:710][896]LogModuleManager: Shutting down and abandoning module FunctionalTesting (72)
[2015.08.27-20.49.24:710][896]LogModuleManager: Shutting down and abandoning module CollisionAnalyzer (71)
[2015.08.27-20.49.24:710][896]LogModuleManager: Shutting down and abandoning module WorkspaceMenuStructure (70)
[2015.08.27-20.49.24:710][896]LogModuleManager: Shutting down and abandoning module MessageLog (69)
[2015.08.27-20.49.24:710][896]LogModuleManager: Shutting down and abandoning module Sequencer (68)
[2015.08.27-20.49.24:710][896]LogModuleManager: Shutting down and abandoning module AssetTools (67)
[2015.08.27-20.49.24:710][896]LogModuleManager: Shutting down and abandoning module UMGEditor (66)
[2015.08.27-20.49.24:710][896]LogModuleManager: Shutting down and abandoning module UMG (65)
[2015.08.27-20.49.24:710][896]LogModuleManager: Shutting down and abandoning module Slate (64)
[2015.08.27-20.49.24:710][896]LogModuleManager: Shutting down and abandoning module EditorStyle (63)
[2015.08.27-20.49.24:712][896]LogModuleManager: Shutting down and abandoning module SessionServices (62)
[2015.08.27-20.49.24:712][896]LogModuleManager: Shutting down and abandoning module SourceCodeAccess (61)
[2015.08.27-20.49.24:712][896]LogModuleManager: Shutting down and abandoning module HeadMountedDisplay (60)
[2015.08.27-20.49.24:712][896]LogModuleManager: Shutting down and abandoning module XAudio2 (59)
[2015.08.27-20.49.24:712][896]LogModuleManager: Shutting down and abandoning module Networking (57)
[2015.08.27-20.49.24:712][896]LogModuleManager: Shutting down and abandoning module Core (56)
[2015.08.27-20.49.24:712][896]LogModuleManager: Shutting down and abandoning module KismetCompiler (55)
[2015.08.27-20.49.24:712][896]LogModuleManager: Shutting down and abandoning module PhysXFormats (54)
[2015.08.27-20.49.24:712][896]LogModuleManager: Shutting down and abandoning module MeshUtilities (53)
[2015.08.27-20.49.24:712][896]LogModuleManager: Shutting down and abandoning module DerivedDataCache (52)
[2015.08.27-20.49.25:142][896]LogDerivedDataCache: Shutdown
[2015.08.27-20.49.25:142][896]LogModuleManager: Shutting down and abandoning module ShaderFormatOpenGL (51)
[2015.08.27-20.49.25:142][896]LogModuleManager: Shutting down and abandoning module ShaderFormatD3D (50)
[2015.08.27-20.49.25:142][896]LogModuleManager: Shutting down and abandoning module MetalShaderFormat (49)
[2015.08.27-20.49.25:142][896]LogModuleManager: Shutting down and abandoning module TextureFormatUncompressed (48)
[2015.08.27-20.49.25:142][896]LogModuleManager: Shutting down and abandoning module TextureFormatPVR (47)
[2015.08.27-20.49.25:142][896]LogModuleManager: Shutting down and abandoning module TextureFormatIntelISPCTexComp (46)
[2015.08.27-20.49.25:142][896]LogModuleManager: Shutting down and abandoning module TextureFormatDXT (45)
[2015.08.27-20.49.25:142][896]LogModuleManager: Shutting down and abandoning module ImageWrapper (44)
[2015.08.27-20.49.25:142][896]LogModuleManager: Shutting down and abandoning module TextureFormatASTC (43)
[2015.08.27-20.49.25:142][896]LogModuleManager: Shutting down and abandoning module TextureFormatAndroid (42)
[2015.08.27-20.49.25:142][896]LogModuleManager: Shutting down and abandoning module AudioFormatOpus (41)
[2015.08.27-20.49.25:142][896]LogModuleManager: Shutting down and abandoning module AudioFormatOgg (40)
[2015.08.27-20.49.25:142][896]LogModuleManager: Shutting down and abandoning module AudioFormatADPCM (39)
[2015.08.27-20.49.25:142][896]LogModuleManager: Shutting down and abandoning module LinuxTargetPlatform (38)
[2015.08.27-20.49.25:142][896]LogModuleManager: Shutting down and abandoning module LinuxServerTargetPlatform (37)
[2015.08.27-20.49.25:142][896]LogModuleManager: Shutting down and abandoning module LinuxNoEditorTargetPlatform (36)
[2015.08.27-20.49.25:142][896]LogModuleManager: Shutting down and abandoning module Messaging (35)
[2015.08.27-20.49.25:142][896]LogModuleManager: Shutting down and abandoning module IOSTargetPlatform (34)
[2015.08.27-20.49.25:142][896]LogModuleManager: Shutting down and abandoning module HTML5TargetPlatform (33)
[2015.08.27-20.49.25:142][896]LogModuleManager: Shutting down and abandoning module Android_PVRTCTargetPlatform (32)
[2015.08.27-20.49.25:142][896]LogModuleManager: Shutting down and abandoning module Android_ETC2TargetPlatform (31)
[2015.08.27-20.49.25:142][896]LogModuleManager: Shutting down and abandoning module Android_ETC1TargetPlatform (30)
[2015.08.27-20.49.25:142][896]LogModuleManager: Shutting down and abandoning module Android_DXTTargetPlatform (29)
[2015.08.27-20.49.25:142][896]LogModuleManager: Shutting down and abandoning module Android_ATCTargetPlatform (28)
[2015.08.27-20.49.25:142][896]LogModuleManager: Shutting down and abandoning module Android_ASTCTargetPlatform (27)
[2015.08.27-20.49.25:142][896]LogModuleManager: Shutting down and abandoning module AndroidTargetPlatform (26)
[2015.08.27-20.49.25:142][896]LogModuleManager: Shutting down and abandoning module WindowsTargetPlatform (25)
[2015.08.27-20.49.25:142][896]LogModuleManager: Shutting down and abandoning module WindowsServerTargetPlatform (24)
[2015.08.27-20.49.25:142][896]LogModuleManager: Shutting down and abandoning module WindowsNoEditorTargetPlatform (23)
[2015.08.27-20.49.25:142][896]LogModuleManager: Shutting down and abandoning module WindowsClientTargetPlatform (22)
[2015.08.27-20.49.25:142][896]LogModuleManager: Shutting down and abandoning module DesktopTargetPlatform (21)
[2015.08.27-20.49.25:142][896]LogModuleManager: Shutting down and abandoning module TargetPlatform (20)
[2015.08.27-20.49.25:142][896]LogModuleManager: Shutting down and abandoning module InputCore (19)
[2015.08.27-20.49.25:142][896]LogModuleManager: Shutting down and abandoning module Settings (18)
[2015.08.27-20.49.25:142][896]LogModuleManager: Shutting down and abandoning module OnlineSubsystem (16)
[2015.08.27-20.49.25:142][896]LogModuleManager: Shutting down and abandoning module HTTP (15)
[2015.08.27-20.49.25:142][896]LogModuleManager: Shutting down and abandoning module ExampleDeviceProfileSelector (14)
[2015.08.27-20.49.25:142][896]LogModuleManager: Shutting down and abandoning module TextureCompressor (13)
[2015.08.27-20.49.25:142][896]LogModuleManager: Shutting down and abandoning module ShaderCore (12)
[2015.08.27-20.49.25:143][896]LogModuleManager: Shutting down and abandoning module Landscape (11)
[2015.08.27-20.49.25:143][896]LogModuleManager: Shutting down and abandoning module SlateRHIRenderer (10)
[2015.08.27-20.49.25:143][896]LogModuleManager: Shutting down and abandoning module OpenGLDrv (9)
[2015.08.27-20.49.25:143][896]LogModuleManager: Shutting down and abandoning module D3D11RHI (8)
[2015.08.27-20.49.25:143][896]LogModuleManager: Shutting down and abandoning module Renderer (7)
[2015.08.27-20.49.25:143][896]LogModuleManager: Shutting down and abandoning module Engine (6)
[2015.08.27-20.49.25:143][896]LogModuleManager: Shutting down and abandoning module CoreUObject (5)
[2015.08.27-20.49.25:143][896]LogModuleManager: Shutting down and abandoning module NetworkFile (4)
[2015.08.27-20.49.25:143][896]LogModuleManager: Shutting down and abandoning module StreamingFile (3)
[2015.08.27-20.49.25:143][896]LogModuleManager: Shutting down and abandoning module SandboxFile (2)
[2015.08.27-20.49.25:143][896]LogModuleManager: Shutting down and abandoning module PakFile (1)
[2015.08.27-20.49.25:147][896]LogExit: Exiting.
[2015.08.27-20.49.25:148][896]Log file closed, 08/27/15 22:49:25
