[2015.08.27-20.37.25:093][  0]Log file open, 08/27/15 22:37:25
[2015.08.27-20.37.25:093][  0]LogInit:Display: Running engine for game: NotPartofGame
[2015.08.27-20.37.25:093][  0]LogInit:Display: RandInit(115459681) SRandInit(115459682).
[2015.08.27-20.37.25:093][  0]LogTaskGraph: Started task graph with 4 named threads and 7 total threads.
[2015.08.27-20.37.25:093][  0]LogStats: Stats thread started
[2015.08.27-20.37.25:093][  0]LogInit: Version: 4.8.3-2634408+++depot+UE4-Releases+4.8
[2015.08.27-20.37.25:093][  0]LogInit: API Version: 2579680
[2015.08.27-20.37.25:093][  0]LogInit: Compiled (64-bit): Jul 27 2015 16:24:33
[2015.08.27-20.37.25:093][  0]LogInit: Compiled with Visual C++: 18.00.21005.01
[2015.08.27-20.37.25:093][  0]LogInit: Build Configuration: Development
[2015.08.27-20.37.25:093][  0]LogInit: Branch Name: ++depot+UE4-Releases+4.8
[2015.08.27-20.37.25:093][  0]LogInit: Command line:  /Temp/Autosaves/Game/NPOTG/Maps/UEDPCTesting_Level -game -PIEVIACONSOLE -ResX=1280 -ResY=720  -Multiprocess 
[2015.08.27-20.37.25:093][  0]LogInit: Base directory: C:/Users/Bodoo/Documents/Programmieren/4.8/Engine/Binaries/Win64/
[2015.08.27-20.37.25:093][  0]LogInit: Rocket: 1
[2015.08.27-20.37.25:136][  0]LogInit: Using libcurl 7.41.0
[2015.08.27-20.37.25:136][  0]LogInit:  - built for x86_64-pc-win32
[2015.08.27-20.37.25:136][  0]LogInit:  - supports SSL with WinSSL
[2015.08.27-20.37.25:136][  0]LogInit:  - other features:
[2015.08.27-20.37.25:136][  0]LogInit:      CURL_VERSION_SSL
[2015.08.27-20.37.25:136][  0]LogInit:      CURL_VERSION_IPV6
[2015.08.27-20.37.25:136][  0]LogInit:      CURL_VERSION_ASYNCHDNS
[2015.08.27-20.37.25:136][  0]LogInit:      CURL_VERSION_LARGEFILE
[2015.08.27-20.37.25:136][  0]LogInit:      CURL_VERSION_IDN
[2015.08.27-20.37.25:136][  0]LogInit:  CurlRequestOptions (configurable via config and command line):
[2015.08.27-20.37.25:136][  0]LogInit:  - bVerifyPeer = true  - Libcurl will verify peer certificate
[2015.08.27-20.37.25:136][  0]LogInit:  - bUseHttpProxy = false  - Libcurl will NOT use HTTP proxy
[2015.08.27-20.37.25:136][  0]LogInit:  - bDontReuseConnections = false  - Libcurl will reuse connections
[2015.08.27-20.37.25:136][  0]LogInit:  - CertBundlePath = nullptr  - Libcurl will use whatever was configured at build time.
[2015.08.27-20.37.25:163][  0]LogOnline:Warning: No default platform service specified for OnlineSubsystem
[2015.08.27-20.37.25:189][  0]LogInit: Presizing for 0 objects not considered by GC, pre-allocating 0 bytes.
[2015.08.27-20.37.25:202][  0]LogInit: Object subsystem initialized
[2015.08.27-20.37.25:203][  0]LogConsoleResponse:Warning: Skipping Unknown console variable: 'UIScaleCurve = (EditorCurveData=(Keys=((Time=480.000000,Value=0.444000),(Time=720.000000,Value=0.666000),(Time=1080.000000,Value=1.000000),(Time=8640.000000,Value=8.000000))),ExternalCurve=None)'
[2015.08.27-20.37.25:203][  0]LogConsoleResponse:Warning:   Found in ini file 'C:/Users/Bodoo/Documents/Programmieren/Projekte/NotPartofTheGame/Saved/Config/Windows/Engine.ini', in section '[/Script/Engine.RendererSettings]'
[2015.08.27-20.37.25:204][  0]LogConsoleManager:Warning: Console variable 'r.MSAA.CompositingSampleCount' wasn't set ('Scalability' has a lower priority than 'ProjectSetting')
[2015.08.27-20.37.25:204][  0]LogInit: Selected Device Profile: [Windows]
[2015.08.27-20.37.25:204][  0]LogInit: Applying CVar settings loaded from the selected device profile: [Windows]
[2015.08.27-20.37.25:436][  0]LogInit: Computer: DESKTOP-GLF6O4V
[2015.08.27-20.37.25:436][  0]LogInit: User: Bodoo
[2015.08.27-20.37.25:436][  0]LogInit: CPU Page size=4096, Cores=4
[2015.08.27-20.37.25:436][  0]LogInit: High frequency timer resolution =3.215356 MHz
[2015.08.27-20.37.25:436][  0]LogMemory: Memory total: Physical=12.0GB (12GB approx)
[2015.08.27-20.37.25:436][  0]LogMemory: Platform Memory Stats for Windows
[2015.08.27-20.37.25:436][  0]LogMemory: Process Physical Memory: 49.58 MB used, 49.58 MB peak
[2015.08.27-20.37.25:436][  0]LogMemory: Process Virtual Memory: 24.55 MB used, 24.55 MB peak
[2015.08.27-20.37.25:468][  0]LogMemory: Physical Memory: 3671.21 MB used, 12270.70 MB total
[2015.08.27-20.37.25:468][  0]LogMemory: Virtual Memory: 312.55 MB used, 134217728.00 MB total
[2015.08.27-20.37.25:949][  0]LogTextLocalizationManager: The requested culture ('de_DE') has no localization data; falling back to 'en' for localization and internationalization data.
[2015.08.27-20.37.26:785][  0]LogTextLocalizationManager:Warning: Loaded localization resources contain conflicting entries for (Namespace:ContentBrowser, Key:ImportAssetToolTip):
Localization Resource: (C:/Users/Bodoo/Documents/Programmieren/4.8/Engine/Content/Localization/Editor/en/Editor.locres) Source String Hash: (-630476809) Localized String: (Import to {0}...)
Localization Resource: (C:/Users/Bodoo/Documents/Programmieren/4.8/Engine/Content/Localization/Editor/en/Editor.locres) Source String Hash: (1271782899) Localized String: (Imports an asset from file to this folder.)
[2015.08.27-20.37.27:721][  0]LogD3D11RHI: Found D3D11 adapter 0: AMD Radeon HD 6800 Series (Feature Level 11_0)
[2015.08.27-20.37.27:721][  0]LogD3D11RHI: Adapter has 1011MB of dedicated video memory, 0MB of dedicated system memory, and 3840MB of shared system memory, 1 output[s]
[2015.08.27-20.37.27:722][  0]LogD3D11RHI: Found D3D11 adapter 1: Microsoft Basic Render Driver (Feature Level 11_0)
[2015.08.27-20.37.27:722][  0]LogD3D11RHI: Adapter has 0MB of dedicated video memory, 0MB of dedicated system memory, and 6135MB of shared system memory, 0 output[s]
[2015.08.27-20.37.27:722][  0]LogD3D11RHI: Chosen D3D11 Adapter Id = 0
[2015.08.27-20.37.27:724][  0]LogD3D11RHI: InitD3DDevice
[2015.08.27-20.37.27:724][  0]LogD3D11RHI: !Direct3DDevice
[2015.08.27-20.37.27:725][  0]LogRHI: Texture pool is 708 MB (70% of 1011 MB)
[2015.08.27-20.37.27:731][  0]LogD3D11RHI: Async texture creation disabled: no driver support
[2015.08.27-20.37.27:741][  0]LogShaderCompilers:Display: Using Local Shader Compiler.
[2015.08.27-20.37.41:595][  0]LogTemp:Display: Loaded TP DesktopTargetPlatform
[2015.08.27-20.37.41:611][  0]LogTemp:Display: Loaded TP WindowsClientTargetPlatform
[2015.08.27-20.37.41:626][  0]LogTemp:Display: Loaded TP WindowsNoEditorTargetPlatform
[2015.08.27-20.37.41:642][  0]LogTemp:Display: Loaded TP WindowsServerTargetPlatform
[2015.08.27-20.37.41:659][  0]LogTemp:Display: Loaded TP WindowsTargetPlatform
[2015.08.27-20.37.41:674][  0]LogTemp:Display: Loaded TP AndroidTargetPlatform
[2015.08.27-20.37.41:688][  0]LogTemp:Display: Loaded TP Android_ASTCTargetPlatform
[2015.08.27-20.37.41:702][  0]LogTemp:Display: Loaded TP Android_ATCTargetPlatform
[2015.08.27-20.37.41:716][  0]LogTemp:Display: Loaded TP Android_DXTTargetPlatform
[2015.08.27-20.37.41:730][  0]LogTemp:Display: Loaded TP Android_ETC1TargetPlatform
[2015.08.27-20.37.41:743][  0]LogTemp:Display: Loaded TP Android_ETC2TargetPlatform
[2015.08.27-20.37.41:757][  0]LogTemp:Display: Loaded TP Android_PVRTCTargetPlatform
[2015.08.27-20.37.41:810][  0]LogTemp:Display: Loaded TP IOSTargetPlatform
[2015.08.27-20.37.41:823][  0]LogTemp:Display: Loaded TP LinuxNoEditorTargetPlatform
[2015.08.27-20.37.41:836][  0]LogTemp:Display: Loaded TP LinuxServerTargetPlatform
[2015.08.27-20.37.41:852][  0]LogTemp:Display: Loaded TP LinuxTargetPlatform
[2015.08.27-20.37.41:853][  0]LogTargetPlatformManager:Display: Building Assets For Windows
[2015.08.27-20.37.42:079][  0]LogDerivedDataCache:Display: Max Cache Size: 512 MB
[2015.08.27-20.37.42:147][  0]LogDerivedDataCache: Loaded boot cache 0.07s 53MB C:/Users/Bodoo/AppData/Local/UnrealEngine/4.8/DerivedDataCache/Boot.ddc.
[2015.08.27-20.37.42:147][  0]LogDerivedDataCache:Display: Loaded Boot cache: C:/Users/Bodoo/AppData/Local/UnrealEngine/4.8/DerivedDataCache/Boot.ddc
[2015.08.27-20.37.42:147][  0]LogDerivedDataCache: FDerivedDataBackendGraph:  Pak pak cache file ../../../../Projekte/NotPartofTheGame/DerivedDataCache/DDC.ddp not found, will not use a pak cache.
[2015.08.27-20.37.42:147][  0]LogDerivedDataCache: Unable to find inner node Pak for hierarchical cache Hierarchy.
[2015.08.27-20.37.42:147][  0]LogDerivedDataCache: FDerivedDataBackendGraph:  CompressedPak pak cache file ../../../../Projekte/NotPartofTheGame/DerivedDataCache/Compressed.ddp not found, will not use a pak cache.
[2015.08.27-20.37.42:147][  0]LogDerivedDataCache: Unable to find inner node CompressedPak for hierarchical cache Hierarchy.
[2015.08.27-20.37.42:308][  0]LogDerivedDataCache:Display: Pak cache opened for reading ../../../Engine/DerivedDataCache/Compressed.ddp.
[2015.08.27-20.37.42:319][  0]LogDerivedDataCache: Using Local data cache path C:/Users/Bodoo/AppData/Local/UnrealEngine/Common/DerivedDataCache: Writable
[2015.08.27-20.37.42:569][  0]LogInit: Selected Device Profile: [Windows]
[2015.08.27-20.37.42:662][  0]ImportText (ComponentSweepMultiTests): Missing closing parenthesis: (RootShapeAsset="/Engine/BasicShapes/Cube.Cube",ShapeType="TriggerCapsule",HitResult=(Time=0.50,Location=(X=-100.000015,Y=0.0,Z=100.000015),ImpactPoint=(X=-50.0,Y=0.0,Z=50.0),Normal=(X=-1.0,Y=-0.0,Z=0.0),ImpactNormal=(X=0.0,Y=0.0,Z=1.0),TraceStart=(X=-200.0,Y=0.0,Z=200.0),TraceEnd=(X=0.0,Y=0.0,Z=0.0))
[2015.08.27-20.37.42:662][  0]ImportText (LineTraceSingleByChannelTests): Missing closing parenthesis: (RootShapeAsset="/Engine/BasicShapes/Cube.Cube",HitResult=(Time=0.50,Location=(X=-100.000015,Y=0.0,Z=100.000015),ImpactPoint=(X=-50.0,Y=0.0,Z=50.0),Normal=(X=-1.0,Y=-0.0,Z=0.0),ImpactNormal=(X=0.0,Y=0.0,Z=1.0),TraceStart=(X=-200.0,Y=0.0,Z=200.0),TraceEnd=(X=0.0,Y=0.0,Z=0.0))
[2015.08.27-20.37.42:693][  0]LogMeshUtilities: No automatic mesh reduction module available
[2015.08.27-20.37.42:693][  0]LogMeshUtilities: No automatic mesh merging module available
[2015.08.27-20.37.43:556][  0]LogInit: WinSock: version 1.1 (2.2), MaxSocks=32767, MaxUdp=65467
[2015.08.27-20.37.52:000][  0]LogD3D11RHI: InitD3DDevice
[2015.08.27-20.37.52:003][  0]LogWindowsMoviePlayer: Unable to load movie: ../../../../Projekte/NotPartofTheGame/Content/Movies/Default_Startup.mp4
[2015.08.27-20.37.52:149][  0]LogAssetRegistry: FAssetRegistry took 0.0001 seconds to start up
[2015.08.27-20.37.52:196][  0]SourceControl: Info Source control is disabled
[2015.08.27-20.37.52:196][  0]SourceControl: Info Source control is disabled
[2015.08.27-20.37.52:206][  0]SourceControl: Info Source control is disabled
[2015.08.27-20.37.52:397][  0]LogObj: 25913 objects as part of root set at end of initial load.
[2015.08.27-20.37.52:397][  0]LogUObjectAllocator: 5218488 out of 0 bytes used by permanent object pool.
[2015.08.27-20.37.52:659][  0]LogAutomationTest:Warning: ERR: Transient text cannot be serialized "Testing Transient serialization detection".
[2015.08.27-20.37.52:660][  0]LogEngine: Initializing Engine...
[2015.08.27-20.37.52:662][  0]LogHMD: Can't find Oculus library dev build: is proper Runtime installed? Version: 0.6.0.0
[2015.08.27-20.37.52:663][  0]LogHMD:Warning: SteamVR failed to initialize.  Error: 110
[2015.08.27-20.37.52:760][  0]LogInit: XAudio2 using 'Lautsprecher (G510s Gaming Keyboard)' : 2 channels at 48 kHz using 16 bits per sample (channel mask 0x3)
[2015.08.27-20.37.52:767][  0]LogInit: FAudioDevice initialized.
[2015.08.27-20.37.52:778][  0]LogInit: Texture streaming: Disabled
[2015.08.27-20.37.52:848][  0]LogNet: Browse: /Temp/Autosaves/Game/NPOTG/Maps/UEDPCTesting_Level?Name=Player
[2015.08.27-20.37.52:848][  0]LogLoad: LoadMap: /Temp/Autosaves/Game/NPOTG/Maps/UEDPCTesting_Level?Name=Player
[2015.08.27-20.37.52:859][  0]LogParticles: Destroying 0 GPU particle simulations for FXSystem 0x00000045FEB33560
[2015.08.27-20.37.52:869][  0]LogMemory: Platform Memory Stats for Windows
[2015.08.27-20.37.52:869][  0]LogMemory: Process Physical Memory: 335.07 MB used, 335.08 MB peak
[2015.08.27-20.37.52:869][  0]LogMemory: Process Virtual Memory: 372.50 MB used, 372.50 MB peak
[2015.08.27-20.37.52:869][  0]LogMemory: Physical Memory: 3923.61 MB used, 12270.70 MB total
[2015.08.27-20.37.52:869][  0]LogMemory: Virtual Memory: 890.63 MB used, 134217728.00 MB total
[2015.08.27-20.37.52:869][  0]LogMemory: 
[2015.08.27-20.37.52:869][  0]Allocator Stats for TBB: (not implemented)
[2015.08.27-20.37.53:840][  0]LogProperty:Warning: ERR: Transient text cannot be serialized "NewRotation Roll".
[2015.08.27-20.37.53:840][  0]LogProperty:Warning: ERR: Transient text cannot be serialized "NewRotation Yaw".
[2015.08.27-20.37.53:840][  0]LogProperty:Warning: ERR: Transient text cannot be serialized "NewRotation Pitch".
[2015.08.27-20.37.53:840][  0]LogProperty:Warning: ERR: Transient text cannot be serialized "NewRotation Roll".
[2015.08.27-20.37.53:840][  0]LogProperty:Warning: ERR: Transient text cannot be serialized "NewRotation Yaw".
[2015.08.27-20.37.53:840][  0]LogProperty:Warning: ERR: Transient text cannot be serialized "NewRotation Pitch".
[2015.08.27-20.37.53:897][  0]LogProperty:Warning: ERR: Transient text cannot be serialized "NewRotation Roll".
[2015.08.27-20.37.53:897][  0]LogProperty:Warning: ERR: Transient text cannot be serialized "NewRotation Yaw".
[2015.08.27-20.37.53:897][  0]LogProperty:Warning: ERR: Transient text cannot be serialized "NewRotation Pitch".
[2015.08.27-20.37.53:897][  0]LogProperty:Warning: ERR: Transient text cannot be serialized "NewRotation Roll".
[2015.08.27-20.37.53:897][  0]LogProperty:Warning: ERR: Transient text cannot be serialized "NewRotation Yaw".
[2015.08.27-20.37.53:897][  0]LogProperty:Warning: ERR: Transient text cannot be serialized "NewRotation Pitch".
[2015.08.27-20.37.56:609][  0]LogAIModule: Creating AISystem for world Testing_Level
[2015.08.27-20.37.56:609][  0]LogWorld: Game class is '2DSideScrollerGameMode_C'
[2015.08.27-20.37.56:662][  0]LogWorld: Bringing World /Temp/Autosaves/Game/NPOTG/Maps/UEDPCTesting_Level.Testing_Level up for play (max tick rate 0) at 2015.08.27-22.37.56
[2015.08.27-20.37.56:673][  0]LogWorld: Bringing up level for play took: 0.060486
[2015.08.27-20.37.57:042][  0]LogInit:Display: Game Engine Initialized.
[2015.08.27-20.37.57:267][  0]LogLoad: Full Startup: 38.78 seconds (BP compile: 1.57 seconds)
[2015.08.27-20.37.57:286][  0]LogContentStreaming: Texture pool size is 1000.000000MB
[2015.08.27-20.37.57:420][  0]LogRenderer: Reallocating scene render targets to support 1280x720 (Frame:2).
[2015.08.27-20.38.00:256][167]LogBlueprintUserMessages: 0.990825
[2015.08.27-20.38.00:256][167]LogBlueprintUserMessages: 0.990825
[2015.08.27-20.38.00:273][168]LogBlueprintUserMessages: 0.996201
[2015.08.27-20.38.00:273][168]LogBlueprintUserMessages: 0.996201
[2015.08.27-20.38.00:289][169]LogBlueprintUserMessages: 0.998422
[2015.08.27-20.38.00:289][169]LogBlueprintUserMessages: 0.998422
[2015.08.27-20.38.00:305][170]LogBlueprintUserMessages: 0.993046
[2015.08.27-20.38.00:305][170]LogBlueprintUserMessages: 0.993046
[2015.08.27-20.38.03:264][353]LogBlueprintUserMessages: 0.006599
[2015.08.27-20.38.03:264][353]LogBlueprintUserMessages: 0.006599
[2015.08.27-20.38.03:280][354]LogBlueprintUserMessages: 0.001223
[2015.08.27-20.38.03:280][354]LogBlueprintUserMessages: 0.001223
[2015.08.27-20.38.03:296][355]LogBlueprintUserMessages: 0.0
[2015.08.27-20.38.03:296][355]LogBlueprintUserMessages: 0.0
[2015.08.27-20.38.03:296][355]LogBlueprintUserMessages: 0.004153
[2015.08.27-20.38.03:296][355]LogBlueprintUserMessages: 0.0
[2015.08.27-20.38.03:296][355]LogBlueprintUserMessages: 0.0
[2015.08.27-20.38.03:296][355]LogBlueprintUserMessages: 0.004153
[2015.08.27-20.38.03:312][356]LogBlueprintUserMessages: 0.00953
[2015.08.27-20.38.03:312][356]LogBlueprintUserMessages: 0.00953
[2015.08.27-20.38.06:260][519]LogBlueprintUserMessages: 0.992086
[2015.08.27-20.38.06:260][519]LogBlueprintUserMessages: 0.992086
[2015.08.27-20.38.06:276][520]LogBlueprintUserMessages: 0.997463
[2015.08.27-20.38.06:276][520]LogBlueprintUserMessages: 0.997463
[2015.08.27-20.38.06:293][521]LogBlueprintUserMessages: 0.997161
[2015.08.27-20.38.06:293][521]LogBlueprintUserMessages: 0.997161
[2015.08.27-20.38.06:308][522]LogBlueprintUserMessages: 0.991784
[2015.08.27-20.38.06:308][522]LogBlueprintUserMessages: 0.991784
[2015.08.27-20.38.09:260][705]LogBlueprintUserMessages: 0.007829
[2015.08.27-20.38.09:260][705]LogBlueprintUserMessages: 0.007829
[2015.08.27-20.38.09:276][706]LogBlueprintUserMessages: 0.002453
[2015.08.27-20.38.09:277][706]LogBlueprintUserMessages: 0.002453
[2015.08.27-20.38.09:292][707]LogBlueprintUserMessages: 0.0
[2015.08.27-20.38.09:293][707]LogBlueprintUserMessages: 0.0
[2015.08.27-20.38.09:293][707]LogBlueprintUserMessages: 0.002923
[2015.08.27-20.38.09:293][707]LogBlueprintUserMessages: 0.0
[2015.08.27-20.38.09:293][707]LogBlueprintUserMessages: 0.0
[2015.08.27-20.38.09:293][707]LogBlueprintUserMessages: 0.002923
[2015.08.27-20.38.09:309][708]LogBlueprintUserMessages: 0.0083
[2015.08.27-20.38.09:309][708]LogBlueprintUserMessages: 0.0083
[2015.08.27-20.38.12:260][891]LogBlueprintUserMessages: 0.992346
[2015.08.27-20.38.12:260][891]LogBlueprintUserMessages: 0.992346
[2015.08.27-20.38.12:276][892]LogBlueprintUserMessages: 0.997723
[2015.08.27-20.38.12:276][892]LogBlueprintUserMessages: 0.997723
[2015.08.27-20.38.12:293][893]LogBlueprintUserMessages: 0.996901
[2015.08.27-20.38.12:293][893]LogBlueprintUserMessages: 0.996901
[2015.08.27-20.38.12:310][894]LogBlueprintUserMessages: 0.991525
[2015.08.27-20.38.12:310][894]LogBlueprintUserMessages: 0.991525
[2015.08.27-20.38.15:261][ 77]LogBlueprintUserMessages: 0.007415
[2015.08.27-20.38.15:261][ 77]LogBlueprintUserMessages: 0.007415
[2015.08.27-20.38.15:277][ 78]LogBlueprintUserMessages: 0.002038
[2015.08.27-20.38.15:277][ 78]LogBlueprintUserMessages: 0.002038
[2015.08.27-20.38.15:293][ 79]LogBlueprintUserMessages: 0.0
[2015.08.27-20.38.15:293][ 79]LogBlueprintUserMessages: 0.0
[2015.08.27-20.38.15:293][ 79]LogBlueprintUserMessages: 0.003338
[2015.08.27-20.38.15:293][ 79]LogBlueprintUserMessages: 0.0
[2015.08.27-20.38.15:293][ 79]LogBlueprintUserMessages: 0.0
[2015.08.27-20.38.15:293][ 79]LogBlueprintUserMessages: 0.003338
[2015.08.27-20.38.15:310][ 80]LogBlueprintUserMessages: 0.008714
[2015.08.27-20.38.15:310][ 80]LogBlueprintUserMessages: 0.008714
[2015.08.27-20.38.18:261][263]LogBlueprintUserMessages: 0.99267
[2015.08.27-20.38.18:261][263]LogBlueprintUserMessages: 0.99267
[2015.08.27-20.38.18:277][264]LogBlueprintUserMessages: 0.998047
[2015.08.27-20.38.18:277][264]LogBlueprintUserMessages: 0.998047
[2015.08.27-20.38.18:293][265]LogBlueprintUserMessages: 0.996577
[2015.08.27-20.38.18:293][265]LogBlueprintUserMessages: 0.996577
[2015.08.27-20.38.18:311][266]LogBlueprintUserMessages: 0.991201
[2015.08.27-20.38.18:311][266]LogBlueprintUserMessages: 0.991201
[2015.08.27-20.38.21:263][449]LogBlueprintUserMessages: 0.007041
[2015.08.27-20.38.21:263][449]LogBlueprintUserMessages: 0.007041
[2015.08.27-20.38.21:279][450]LogBlueprintUserMessages: 0.001665
[2015.08.27-20.38.21:279][450]LogBlueprintUserMessages: 0.001665
[2015.08.27-20.38.21:295][451]LogBlueprintUserMessages: 0.0
[2015.08.27-20.38.21:295][451]LogBlueprintUserMessages: 0.0
[2015.08.27-20.38.21:295][451]LogBlueprintUserMessages: 0.003712
[2015.08.27-20.38.21:295][451]LogBlueprintUserMessages: 0.0
[2015.08.27-20.38.21:295][451]LogBlueprintUserMessages: 0.0
[2015.08.27-20.38.21:295][451]LogBlueprintUserMessages: 0.003712
[2015.08.27-20.38.21:311][452]LogBlueprintUserMessages: 0.009088
[2015.08.27-20.38.21:311][452]LogBlueprintUserMessages: 0.009088
[2015.08.27-20.38.24:264][635]LogBlueprintUserMessages: 0.993277
[2015.08.27-20.38.24:264][635]LogBlueprintUserMessages: 0.993277
[2015.08.27-20.38.24:280][636]LogBlueprintUserMessages: 0.990322
[2015.08.27-20.38.24:280][636]LogBlueprintUserMessages: 0.990322
[2015.08.27-20.38.24:280][636]LogBlueprintUserMessages: 0.980645
[2015.08.27-20.38.24:296][637]LogBlueprintUserMessages: 0.970967
[2015.08.27-20.38.24:312][638]LogBlueprintUserMessages: 0.96129
[2015.08.27-20.38.24:328][639]LogBlueprintUserMessages: 0.951612
[2015.08.27-20.38.24:344][640]LogBlueprintUserMessages: 0.941935
[2015.08.27-20.38.24:360][641]LogBlueprintUserMessages: 0.932257
[2015.08.27-20.38.24:376][642]LogBlueprintUserMessages: 0.92258
[2015.08.27-20.38.24:393][643]LogBlueprintUserMessages: 0.912902
[2015.08.27-20.38.24:409][644]LogBlueprintUserMessages: 0.903225
[2015.08.27-20.38.24:425][645]LogBlueprintUserMessages: 0.893534
[2015.08.27-20.38.24:441][646]LogBlueprintUserMessages: 0.883857
[2015.08.27-20.38.24:457][647]LogBlueprintUserMessages: 0.874179
[2015.08.27-20.38.24:473][648]LogBlueprintUserMessages: 0.864502
[2015.08.27-20.38.24:489][649]LogBlueprintUserMessages: 0.854824
[2015.08.27-20.38.24:505][650]LogBlueprintUserMessages: 0.845147
[2015.08.27-20.38.24:522][651]LogBlueprintUserMessages: 0.835469
[2015.08.27-20.38.24:538][652]LogBlueprintUserMessages: 0.825792
[2015.08.27-20.38.24:554][653]LogBlueprintUserMessages: 0.816114
[2015.08.27-20.38.24:570][654]LogBlueprintUserMessages: 0.806437
[2015.08.27-20.38.24:586][655]LogBlueprintUserMessages: 0.796759
[2015.08.27-20.38.24:602][656]LogBlueprintUserMessages: 0.787082
[2015.08.27-20.38.24:618][657]LogBlueprintUserMessages: 0.777404
[2015.08.27-20.38.24:634][658]LogBlueprintUserMessages: 0.767727
[2015.08.27-20.38.24:651][659]LogBlueprintUserMessages: 0.758049
[2015.08.27-20.38.24:667][660]LogBlueprintUserMessages: 0.748372
[2015.08.27-20.38.24:683][661]LogBlueprintUserMessages: 0.738694
[2015.08.27-20.38.24:699][662]LogBlueprintUserMessages: 0.729017
[2015.08.27-20.38.24:715][663]LogBlueprintUserMessages: 0.719339
[2015.08.27-20.38.24:731][664]LogBlueprintUserMessages: 0.709662
[2015.08.27-20.38.24:747][665]LogBlueprintUserMessages: 0.699984
[2015.08.27-20.38.24:763][666]LogBlueprintUserMessages: 0.690307
[2015.08.27-20.38.24:779][667]LogBlueprintUserMessages: 0.680629
[2015.08.27-20.38.24:796][668]LogBlueprintUserMessages: 0.670952
[2015.08.27-20.38.24:812][669]LogBlueprintUserMessages: 0.661274
[2015.08.27-20.38.24:828][670]LogBlueprintUserMessages: 0.651597
[2015.08.27-20.38.24:844][671]LogBlueprintUserMessages: 0.641919
[2015.08.27-20.38.24:860][672]LogBlueprintUserMessages: 0.632242
[2015.08.27-20.38.24:876][673]LogBlueprintUserMessages: 0.622564
[2015.08.27-20.38.24:892][674]LogBlueprintUserMessages: 0.612887
[2015.08.27-20.38.24:908][675]LogBlueprintUserMessages: 0.603209
[2015.08.27-20.38.24:924][676]LogBlueprintUserMessages: 0.593531
[2015.08.27-20.38.24:941][677]LogBlueprintUserMessages: 0.583854
[2015.08.27-20.38.24:957][678]LogBlueprintUserMessages: 0.574176
[2015.08.27-20.38.24:973][679]LogBlueprintUserMessages: 0.564499
[2015.08.27-20.38.24:989][680]LogBlueprintUserMessages: 0.554821
[2015.08.27-20.38.25:005][681]LogBlueprintUserMessages: 0.545144
[2015.08.27-20.38.25:021][682]LogBlueprintUserMessages: 0.535466
[2015.08.27-20.38.25:037][683]LogBlueprintUserMessages: 0.525789
[2015.08.27-20.38.25:053][684]LogBlueprintUserMessages: 0.516111
[2015.08.27-20.38.25:070][685]LogBlueprintUserMessages: 0.506434
[2015.08.27-20.38.25:086][686]LogBlueprintUserMessages: 0.496756
[2015.08.27-20.38.25:102][687]LogBlueprintUserMessages: 0.487079
[2015.08.27-20.38.25:118][688]LogBlueprintUserMessages: 0.477401
[2015.08.27-20.38.25:134][689]LogBlueprintUserMessages: 0.467724
[2015.08.27-20.38.25:150][690]LogBlueprintUserMessages: 0.458046
[2015.08.27-20.38.25:166][691]LogBlueprintUserMessages: 0.448369
[2015.08.27-20.38.25:182][692]LogBlueprintUserMessages: 0.438691
[2015.08.27-20.38.25:198][693]LogBlueprintUserMessages: 0.429014
[2015.08.27-20.38.25:215][694]LogBlueprintUserMessages: 0.419336
[2015.08.27-20.38.25:231][695]LogBlueprintUserMessages: 0.409659
[2015.08.27-20.38.25:247][696]LogBlueprintUserMessages: 0.399981
[2015.08.27-20.38.25:263][697]LogBlueprintUserMessages: 0.390304
[2015.08.27-20.38.25:279][698]LogBlueprintUserMessages: 0.380626
[2015.08.27-20.38.25:295][699]LogBlueprintUserMessages: 0.370949
[2015.08.27-20.38.25:311][700]LogBlueprintUserMessages: 0.361271
[2015.08.27-20.38.25:327][701]LogBlueprintUserMessages: 0.351594
[2015.08.27-20.38.25:344][702]LogBlueprintUserMessages: 0.341916
[2015.08.27-20.38.25:360][703]LogBlueprintUserMessages: 0.332239
[2015.08.27-20.38.25:376][704]LogBlueprintUserMessages: 0.322561
[2015.08.27-20.38.25:392][705]LogBlueprintUserMessages: 0.312884
[2015.08.27-20.38.25:408][706]LogBlueprintUserMessages: 0.303206
[2015.08.27-20.38.25:425][707]LogBlueprintUserMessages: 0.293529
[2015.08.27-20.38.25:442][708]LogBlueprintUserMessages: 0.283776
[2015.08.27-20.38.25:458][709]LogBlueprintUserMessages: 0.274099
[2015.08.27-20.38.25:474][710]LogBlueprintUserMessages: 0.264421
[2015.08.27-20.38.25:474][710]LogBlueprintUserMessages: YO ICH DODGE GRADE
[2015.08.27-20.38.25:490][711]LogBlueprintUserMessages: 0.254744
[2015.08.27-20.38.25:490][711]LogBlueprintUserMessages: Gewonnen!
[2015.08.27-20.38.25:490][711]LogBlueprintUserMessages: YO ICH DODGE GRADE
[2015.08.27-20.38.25:506][712]LogBlueprintUserMessages: YO ICH DODGE GRADE
[2015.08.27-20.38.25:522][713]LogBlueprintUserMessages: YO ICH DODGE GRADE
[2015.08.27-20.38.25:538][714]LogBlueprintUserMessages: YO ICH DODGE GRADE
[2015.08.27-20.38.25:554][715]LogBlueprintUserMessages: YO ICH DODGE GRADE
[2015.08.27-20.38.25:570][716]LogBlueprintUserMessages: YO ICH DODGE GRADE
[2015.08.27-20.38.25:586][717]LogBlueprintUserMessages: YO ICH DODGE GRADE
[2015.08.27-20.38.27:264][821]LogBlueprintUserMessages: 0.006461
[2015.08.27-20.38.27:280][822]LogBlueprintUserMessages: 0.001085
[2015.08.27-20.38.27:296][823]LogBlueprintUserMessages: 0.0
[2015.08.27-20.38.27:296][823]LogBlueprintUserMessages: 0.0
[2015.08.27-20.38.27:296][823]LogBlueprintUserMessages: 0.004292
[2015.08.27-20.38.27:313][824]LogBlueprintUserMessages: 0.009668
[2015.08.27-20.38.30:264][  7]LogBlueprintUserMessages: 0.993577
[2015.08.27-20.38.30:280][  8]LogBlueprintUserMessages: 0.998953
[2015.08.27-20.38.30:296][  9]LogBlueprintUserMessages: 0.99567
[2015.08.27-20.38.30:312][ 10]LogBlueprintUserMessages: 0.990294
[2015.08.27-20.38.30:538][ 24]LogBlueprintUserMessages: 0.990322
[2015.08.27-20.38.30:538][ 24]LogBlueprintUserMessages: 0.990322
[2015.08.27-20.38.30:538][ 24]LogBlueprintUserMessages: 0.980645
[2015.08.27-20.38.30:554][ 25]LogBlueprintUserMessages: 0.970967
[2015.08.27-20.38.30:570][ 26]LogBlueprintUserMessages: 0.96129
[2015.08.27-20.38.30:586][ 27]LogBlueprintUserMessages: 0.951612
[2015.08.27-20.38.30:603][ 28]LogBlueprintUserMessages: 0.941935
[2015.08.27-20.38.30:619][ 29]LogBlueprintUserMessages: 0.932257
[2015.08.27-20.38.30:635][ 30]LogBlueprintUserMessages: 0.92258
[2015.08.27-20.38.30:651][ 31]LogBlueprintUserMessages: 0.912902
[2015.08.27-20.38.30:667][ 32]LogBlueprintUserMessages: 0.903225
[2015.08.27-20.38.30:683][ 33]LogBlueprintUserMessages: 0.893547
[2015.08.27-20.38.30:699][ 34]LogBlueprintUserMessages: 0.88387
[2015.08.27-20.38.30:716][ 35]LogBlueprintUserMessages: 0.874192
[2015.08.27-20.38.30:732][ 36]LogBlueprintUserMessages: 0.864515
[2015.08.27-20.38.30:749][ 37]LogBlueprintUserMessages: 0.854819
[2015.08.27-20.38.30:765][ 38]LogBlueprintUserMessages: 0.845142
[2015.08.27-20.38.30:781][ 39]LogBlueprintUserMessages: 0.835464
[2015.08.27-20.38.30:797][ 40]LogBlueprintUserMessages: 0.825787
[2015.08.27-20.38.30:813][ 41]LogBlueprintUserMessages: 0.816109
[2015.08.27-20.38.30:829][ 42]LogBlueprintUserMessages: 0.806432
[2015.08.27-20.38.30:845][ 43]LogBlueprintUserMessages: 0.796754
[2015.08.27-20.38.30:861][ 44]LogBlueprintUserMessages: 0.787077
[2015.08.27-20.38.30:878][ 45]LogBlueprintUserMessages: 0.777399
[2015.08.27-20.38.30:894][ 46]LogBlueprintUserMessages: 0.767722
[2015.08.27-20.38.30:910][ 47]LogBlueprintUserMessages: 0.757954
[2015.08.27-20.38.30:926][ 48]LogBlueprintUserMessages: 0.748276
[2015.08.27-20.38.30:942][ 49]LogBlueprintUserMessages: 0.738599
[2015.08.27-20.38.30:958][ 50]LogBlueprintUserMessages: 0.728921
[2015.08.27-20.38.30:974][ 51]LogBlueprintUserMessages: 0.719244
[2015.08.27-20.38.30:991][ 52]LogBlueprintUserMessages: 0.709495
[2015.08.27-20.38.31:007][ 53]LogBlueprintUserMessages: 0.699818
[2015.08.27-20.38.31:023][ 54]LogBlueprintUserMessages: 0.690133
[2015.08.27-20.38.31:039][ 55]LogBlueprintUserMessages: 0.680455
[2015.08.27-20.38.31:055][ 56]LogBlueprintUserMessages: 0.670778
[2015.08.27-20.38.31:071][ 57]LogBlueprintUserMessages: 0.6611
[2015.08.27-20.38.31:087][ 58]LogBlueprintUserMessages: 0.651423
[2015.08.27-20.38.31:103][ 59]LogBlueprintUserMessages: 0.641745
[2015.08.27-20.38.31:120][ 60]LogBlueprintUserMessages: 0.631919
[2015.08.27-20.38.31:136][ 61]LogBlueprintUserMessages: 0.622241
[2015.08.27-20.38.31:152][ 62]LogBlueprintUserMessages: 0.612563
[2015.08.27-20.38.31:168][ 63]LogBlueprintUserMessages: 0.602886
[2015.08.27-20.38.31:184][ 64]LogBlueprintUserMessages: 0.593208
[2015.08.27-20.38.31:200][ 65]LogBlueprintUserMessages: 0.583531
[2015.08.27-20.38.31:217][ 66]LogBlueprintUserMessages: 0.573853
[2015.08.27-20.38.31:233][ 67]LogBlueprintUserMessages: 0.564129
[2015.08.27-20.38.31:249][ 68]LogBlueprintUserMessages: 0.554452
[2015.08.27-20.38.31:265][ 69]LogBlueprintUserMessages: 0.544774
[2015.08.27-20.38.31:281][ 70]LogBlueprintUserMessages: 0.535097
[2015.08.27-20.38.31:297][ 71]LogBlueprintUserMessages: 0.525419
[2015.08.27-20.38.31:313][ 72]LogBlueprintUserMessages: 0.515742
[2015.08.27-20.38.31:329][ 73]LogBlueprintUserMessages: 0.506064
[2015.08.27-20.38.31:346][ 74]LogBlueprintUserMessages: 0.496387
[2015.08.27-20.38.31:362][ 75]LogBlueprintUserMessages: 0.486709
[2015.08.27-20.38.31:378][ 76]LogBlueprintUserMessages: 0.477032
[2015.08.27-20.38.31:394][ 77]LogBlueprintUserMessages: 0.467354
[2015.08.27-20.38.31:410][ 78]LogBlueprintUserMessages: 0.457677
[2015.08.27-20.38.31:426][ 79]LogBlueprintUserMessages: 0.447999
[2015.08.27-20.38.31:442][ 80]LogBlueprintUserMessages: 0.438322
[2015.08.27-20.38.31:459][ 81]LogBlueprintUserMessages: 0.428606
[2015.08.27-20.38.31:475][ 82]LogBlueprintUserMessages: 0.418928
[2015.08.27-20.38.31:491][ 83]LogBlueprintUserMessages: 0.409251
[2015.08.27-20.38.31:507][ 84]LogBlueprintUserMessages: 0.399573
[2015.08.27-20.38.31:523][ 85]LogBlueprintUserMessages: 0.389896
[2015.08.27-20.38.31:539][ 86]LogBlueprintUserMessages: 0.380218
[2015.08.27-20.38.31:555][ 87]LogBlueprintUserMessages: 0.370541
[2015.08.27-20.38.31:571][ 88]LogBlueprintUserMessages: 0.360855
[2015.08.27-20.38.31:587][ 89]LogBlueprintUserMessages: 0.351178
[2015.08.27-20.38.31:604][ 90]LogBlueprintUserMessages: 0.3415
[2015.08.27-20.38.31:620][ 91]LogBlueprintUserMessages: 0.331823
[2015.08.27-20.38.31:636][ 92]LogBlueprintUserMessages: 0.322145
[2015.08.27-20.38.31:652][ 93]LogBlueprintUserMessages: 0.312468
[2015.08.27-20.38.31:668][ 94]LogBlueprintUserMessages: 0.30279
[2015.08.27-20.38.31:684][ 95]LogBlueprintUserMessages: 0.293113
[2015.08.27-20.38.31:700][ 96]LogBlueprintUserMessages: 0.283435
[2015.08.27-20.38.31:716][ 97]LogBlueprintUserMessages: 0.273758
[2015.08.27-20.38.31:733][ 98]LogBlueprintUserMessages: 0.26408
[2015.08.27-20.38.31:733][ 98]LogBlueprintUserMessages: YO ICH DODGE GRADE
[2015.08.27-20.38.31:749][ 99]LogBlueprintUserMessages: 0.254403
[2015.08.27-20.38.31:749][ 99]LogBlueprintUserMessages: Gewonnen!
[2015.08.27-20.38.31:751][ 99]LogBlueprintUserMessages: YO ICH DODGE GRADE
[2015.08.27-20.38.31:765][100]LogBlueprintUserMessages: YO ICH DODGE GRADE
[2015.08.27-20.38.31:781][101]LogBlueprintUserMessages: YO ICH DODGE GRADE
[2015.08.27-20.38.31:797][102]LogBlueprintUserMessages: YO ICH DODGE GRADE
[2015.08.27-20.38.31:813][103]LogBlueprintUserMessages: YO ICH DODGE GRADE
[2015.08.27-20.38.31:829][104]LogBlueprintUserMessages: YO ICH DODGE GRADE
[2015.08.27-20.38.31:845][105]LogBlueprintUserMessages: YO ICH DODGE GRADE
[2015.08.27-20.38.31:861][106]LogBlueprintUserMessages: YO ICH DODGE GRADE
[2015.08.27-20.38.47:165][ 54]Closing by request
[2015.08.27-20.38.47:165][ 54]LogWindows: FPlatformMisc::RequestExit(0)
[2015.08.27-20.38.47:732][ 55]LogWindowsTextInputMethodSystem:Display: IME system now deactivated.
[2015.08.27-20.38.47:738][ 55]LogExit: Preparing to exit.
[2015.08.27-20.38.47:813][ 55]LogExit: Game engine shut down
[2015.08.27-20.38.47:819][ 55]LogParticles: Destroying 0 GPU particle simulations for FXSystem 0x0000004580327920
[2015.08.27-20.38.47:992][ 55]LogExit: Object subsystem successfully closed.
[2015.08.27-20.38.48:010][ 55]LogD3D11RHI: Shutdown
[2015.08.27-20.38.48:010][ 55]LogD3D11RHI: CleanupD3DDevice
[2015.08.27-20.38.48:134][ 55]LogD3D11RHI: ~FD3D11DynamicRHI
[2015.08.27-20.38.48:161][ 55]LogModuleManager: Shutting down and abandoning module AndroidDeviceDetection (109)
[2015.08.27-20.38.48:317][ 55]LogModuleManager: Shutting down and abandoning module AutomationWorker (108)
[2015.08.27-20.38.48:317][ 55]LogModuleManager: Shutting down and abandoning module CharacterAI (107)
[2015.08.27-20.38.48:317][ 55]LogModuleManager: Shutting down and abandoning module AITestSuite (106)
[2015.08.27-20.38.48:317][ 55]LogModuleManager: Shutting down and abandoning module GameplayDebugger (105)
[2015.08.27-20.38.48:317][ 55]LogModuleManager: Shutting down and abandoning module AIModule (104)
[2015.08.27-20.38.48:317][ 55]LogModuleManager: Shutting down and abandoning module GameLiveStreaming (103)
[2015.08.27-20.38.48:317][ 55]LogModuleManager: Shutting down and abandoning module StreamingPauseRendering (102)
[2015.08.27-20.38.48:317][ 55]LogModuleManager: Shutting down and abandoning module ProfilerService (101)
[2015.08.27-20.38.48:470][ 55]LogModuleManager: Shutting down and abandoning module TaskGraph (100)
[2015.08.27-20.38.48:470][ 55]LogModuleManager: Shutting down and abandoning module SlateRemote (99)
[2015.08.27-20.38.48:470][ 55]LogModuleManager: Shutting down and abandoning module SteamVRController (98)
[2015.08.27-20.38.48:470][ 55]LogModuleManager: Shutting down and abandoning module SteamVR (97)
[2015.08.27-20.38.48:470][ 55]LogModuleManager: Shutting down and abandoning module ProceduralMeshComponent (96)
[2015.08.27-20.38.48:470][ 55]LogModuleManager: Shutting down and abandoning module OculusRift (95)
[2015.08.27-20.38.48:470][ 55]LogModuleManager: Shutting down and abandoning module LeapMotionController (94)
[2015.08.27-20.38.48:481][ 55]LogModuleManager: Shutting down and abandoning module CustomMeshComponent (93)
[2015.08.27-20.38.48:481][ 55]LogModuleManager: Shutting down and abandoning module CableComponent (92)
[2015.08.27-20.38.48:481][ 55]LogModuleManager: Shutting down and abandoning module DesktopPlatform (91)
[2015.08.27-20.38.48:481][ 55]LogModuleManager: Shutting down and abandoning module DirectoryWatcher (90)
[2015.08.27-20.38.48:481][ 55]LogModuleManager: Shutting down and abandoning module HotReload (89)
[2015.08.27-20.38.48:481][ 55]LogModuleManager: Shutting down and abandoning module VisualStudioSourceCodeAccess (88)
[2015.08.27-20.38.48:481][ 55]LogModuleManager: Shutting down and abandoning module UObjectPlugin (87)
[2015.08.27-20.38.48:481][ 55]LogModuleManager: Shutting down and abandoning module SubversionSourceControl (86)
[2015.08.27-20.38.48:481][ 55]LogModuleManager: Shutting down and abandoning module SourceControl (85)
[2015.08.27-20.38.48:481][ 55]LogModuleManager: Shutting down and abandoning module PerforceSourceControl (84)
[2015.08.27-20.38.48:481][ 55]LogModuleManager: Shutting down and abandoning module BlankPlugin (83)
[2015.08.27-20.38.48:481][ 55]LogModuleManager: Shutting down and abandoning module UdpMessaging (82)
[2015.08.27-20.38.48:481][ 55]LogModuleManager: Shutting down and abandoning module AssetRegistry (81)
[2015.08.27-20.38.48:481][ 55]LogModuleManager: Shutting down and abandoning module SubstanceCore (80)
[2015.08.27-20.38.48:481][ 55]LogModuleManager: Shutting down and abandoning module Paper2D (79)
[2015.08.27-20.38.48:481][ 55]LogModuleManager: Shutting down and abandoning module WindowsMoviePlayer (78)
[2015.08.27-20.38.48:486][ 55]LogModuleManager: Shutting down and abandoning module Media (77)
[2015.08.27-20.38.48:486][ 55]LogModuleManager: Shutting down and abandoning module WmfMedia (76)
[2015.08.27-20.38.48:487][ 55]LogModuleManager: Shutting down and abandoning module OnlineBlueprintSupport (75)
[2015.08.27-20.38.48:487][ 55]LogModuleManager: Shutting down and abandoning module PropertyEditor (74)
[2015.08.27-20.38.48:487][ 55]LogModuleManager: Shutting down and abandoning module BehaviorTreeEditor (73)
[2015.08.27-20.38.48:487][ 55]LogModuleManager: Shutting down and abandoning module FunctionalTesting (72)
[2015.08.27-20.38.48:487][ 55]LogModuleManager: Shutting down and abandoning module CollisionAnalyzer (71)
[2015.08.27-20.38.48:487][ 55]LogModuleManager: Shutting down and abandoning module WorkspaceMenuStructure (70)
[2015.08.27-20.38.48:487][ 55]LogModuleManager: Shutting down and abandoning module MessageLog (69)
[2015.08.27-20.38.48:487][ 55]LogModuleManager: Shutting down and abandoning module Sequencer (68)
[2015.08.27-20.38.48:487][ 55]LogModuleManager: Shutting down and abandoning module AssetTools (67)
[2015.08.27-20.38.48:487][ 55]LogModuleManager: Shutting down and abandoning module UMGEditor (66)
[2015.08.27-20.38.48:487][ 55]LogModuleManager: Shutting down and abandoning module UMG (65)
[2015.08.27-20.38.48:487][ 55]LogModuleManager: Shutting down and abandoning module Slate (64)
[2015.08.27-20.38.48:487][ 55]LogModuleManager: Shutting down and abandoning module EditorStyle (63)
[2015.08.27-20.38.48:491][ 55]LogModuleManager: Shutting down and abandoning module SessionServices (62)
[2015.08.27-20.38.48:491][ 55]LogModuleManager: Shutting down and abandoning module SourceCodeAccess (61)
[2015.08.27-20.38.48:491][ 55]LogModuleManager: Shutting down and abandoning module HeadMountedDisplay (60)
[2015.08.27-20.38.48:491][ 55]LogModuleManager: Shutting down and abandoning module XAudio2 (59)
[2015.08.27-20.38.48:491][ 55]LogModuleManager: Shutting down and abandoning module Networking (57)
[2015.08.27-20.38.48:491][ 55]LogModuleManager: Shutting down and abandoning module Core (56)
[2015.08.27-20.38.48:491][ 55]LogModuleManager: Shutting down and abandoning module KismetCompiler (55)
[2015.08.27-20.38.48:491][ 55]LogModuleManager: Shutting down and abandoning module PhysXFormats (54)
[2015.08.27-20.38.48:492][ 55]LogModuleManager: Shutting down and abandoning module MeshUtilities (53)
[2015.08.27-20.38.48:492][ 55]LogModuleManager: Shutting down and abandoning module DerivedDataCache (52)
[2015.08.27-20.38.48:876][ 55]LogDerivedDataCache: Shutdown
[2015.08.27-20.38.48:876][ 55]LogModuleManager: Shutting down and abandoning module ShaderFormatOpenGL (51)
[2015.08.27-20.38.48:876][ 55]LogModuleManager: Shutting down and abandoning module ShaderFormatD3D (50)
[2015.08.27-20.38.48:876][ 55]LogModuleManager: Shutting down and abandoning module MetalShaderFormat (49)
[2015.08.27-20.38.48:876][ 55]LogModuleManager: Shutting down and abandoning module TextureFormatUncompressed (48)
[2015.08.27-20.38.48:876][ 55]LogModuleManager: Shutting down and abandoning module TextureFormatPVR (47)
[2015.08.27-20.38.48:876][ 55]LogModuleManager: Shutting down and abandoning module TextureFormatIntelISPCTexComp (46)
[2015.08.27-20.38.48:876][ 55]LogModuleManager: Shutting down and abandoning module TextureFormatDXT (45)
[2015.08.27-20.38.48:876][ 55]LogModuleManager: Shutting down and abandoning module ImageWrapper (44)
[2015.08.27-20.38.48:876][ 55]LogModuleManager: Shutting down and abandoning module TextureFormatASTC (43)
[2015.08.27-20.38.48:876][ 55]LogModuleManager: Shutting down and abandoning module TextureFormatAndroid (42)
[2015.08.27-20.38.48:876][ 55]LogModuleManager: Shutting down and abandoning module AudioFormatOpus (41)
[2015.08.27-20.38.48:876][ 55]LogModuleManager: Shutting down and abandoning module AudioFormatOgg (40)
[2015.08.27-20.38.48:876][ 55]LogModuleManager: Shutting down and abandoning module AudioFormatADPCM (39)
[2015.08.27-20.38.48:876][ 55]LogModuleManager: Shutting down and abandoning module LinuxTargetPlatform (38)
[2015.08.27-20.38.48:876][ 55]LogModuleManager: Shutting down and abandoning module LinuxServerTargetPlatform (37)
[2015.08.27-20.38.48:876][ 55]LogModuleManager: Shutting down and abandoning module LinuxNoEditorTargetPlatform (36)
[2015.08.27-20.38.48:876][ 55]LogModuleManager: Shutting down and abandoning module Messaging (35)
[2015.08.27-20.38.48:876][ 55]LogModuleManager: Shutting down and abandoning module IOSTargetPlatform (34)
[2015.08.27-20.38.48:876][ 55]LogModuleManager: Shutting down and abandoning module HTML5TargetPlatform (33)
[2015.08.27-20.38.48:876][ 55]LogModuleManager: Shutting down and abandoning module Android_PVRTCTargetPlatform (32)
[2015.08.27-20.38.48:876][ 55]LogModuleManager: Shutting down and abandoning module Android_ETC2TargetPlatform (31)
[2015.08.27-20.38.48:876][ 55]LogModuleManager: Shutting down and abandoning module Android_ETC1TargetPlatform (30)
[2015.08.27-20.38.48:876][ 55]LogModuleManager: Shutting down and abandoning module Android_DXTTargetPlatform (29)
[2015.08.27-20.38.48:876][ 55]LogModuleManager: Shutting down and abandoning module Android_ATCTargetPlatform (28)
[2015.08.27-20.38.48:876][ 55]LogModuleManager: Shutting down and abandoning module Android_ASTCTargetPlatform (27)
[2015.08.27-20.38.48:876][ 55]LogModuleManager: Shutting down and abandoning module AndroidTargetPlatform (26)
[2015.08.27-20.38.48:876][ 55]LogModuleManager: Shutting down and abandoning module WindowsTargetPlatform (25)
[2015.08.27-20.38.48:876][ 55]LogModuleManager: Shutting down and abandoning module WindowsServerTargetPlatform (24)
[2015.08.27-20.38.48:876][ 55]LogModuleManager: Shutting down and abandoning module WindowsNoEditorTargetPlatform (23)
[2015.08.27-20.38.48:876][ 55]LogModuleManager: Shutting down and abandoning module WindowsClientTargetPlatform (22)
[2015.08.27-20.38.48:876][ 55]LogModuleManager: Shutting down and abandoning module DesktopTargetPlatform (21)
[2015.08.27-20.38.48:876][ 55]LogModuleManager: Shutting down and abandoning module TargetPlatform (20)
[2015.08.27-20.38.48:876][ 55]LogModuleManager: Shutting down and abandoning module InputCore (19)
[2015.08.27-20.38.48:876][ 55]LogModuleManager: Shutting down and abandoning module Settings (18)
[2015.08.27-20.38.48:876][ 55]LogModuleManager: Shutting down and abandoning module OnlineSubsystem (16)
[2015.08.27-20.38.48:876][ 55]LogModuleManager: Shutting down and abandoning module HTTP (15)
[2015.08.27-20.38.48:876][ 55]LogModuleManager: Shutting down and abandoning module ExampleDeviceProfileSelector (14)
[2015.08.27-20.38.48:876][ 55]LogModuleManager: Shutting down and abandoning module TextureCompressor (13)
[2015.08.27-20.38.48:876][ 55]LogModuleManager: Shutting down and abandoning module ShaderCore (12)
[2015.08.27-20.38.48:876][ 55]LogModuleManager: Shutting down and abandoning module Landscape (11)
[2015.08.27-20.38.48:876][ 55]LogModuleManager: Shutting down and abandoning module SlateRHIRenderer (10)
[2015.08.27-20.38.48:877][ 55]LogModuleManager: Shutting down and abandoning module OpenGLDrv (9)
[2015.08.27-20.38.48:877][ 55]LogModuleManager: Shutting down and abandoning module D3D11RHI (8)
[2015.08.27-20.38.48:877][ 55]LogModuleManager: Shutting down and abandoning module Renderer (7)
[2015.08.27-20.38.48:877][ 55]LogModuleManager: Shutting down and abandoning module Engine (6)
[2015.08.27-20.38.48:877][ 55]LogModuleManager: Shutting down and abandoning module CoreUObject (5)
[2015.08.27-20.38.48:877][ 55]LogModuleManager: Shutting down and abandoning module NetworkFile (4)
[2015.08.27-20.38.48:877][ 55]LogModuleManager: Shutting down and abandoning module StreamingFile (3)
[2015.08.27-20.38.48:877][ 55]LogModuleManager: Shutting down and abandoning module SandboxFile (2)
[2015.08.27-20.38.48:877][ 55]LogModuleManager: Shutting down and abandoning module PakFile (1)
[2015.08.27-20.38.48:882][ 55]LogExit: Exiting.
[2015.08.27-20.38.48:885][ 55]Log file closed, 08/27/15 22:38:48
