[2015.08.27-11.11.05:887][  0]Log file open, 08/27/15 13:11:05
[2015.08.27-11.11.05:887][  0]LogInit:Display: Running engine for game: NotPartofGame
[2015.08.27-11.11.05:887][  0]LogInit:Display: RandInit(-1763959707) SRandInit(-1763959706).
[2015.08.27-11.11.05:887][  0]LogTaskGraph: Started task graph with 4 named threads and 7 total threads.
[2015.08.27-11.11.05:887][  0]LogStats: Stats thread started
[2015.08.27-11.11.05:887][  0]LogInit: Version: 4.8.3-2634408+++depot+UE4-Releases+4.8
[2015.08.27-11.11.05:887][  0]LogInit: API Version: 2579680
[2015.08.27-11.11.05:887][  0]LogInit: Compiled (64-bit): Jul 27 2015 16:24:33
[2015.08.27-11.11.05:887][  0]LogInit: Compiled with Visual C++: 18.00.21005.01
[2015.08.27-11.11.05:887][  0]LogInit: Build Configuration: Development
[2015.08.27-11.11.05:887][  0]LogInit: Branch Name: ++depot+UE4-Releases+4.8
[2015.08.27-11.11.05:887][  0]LogInit: Command line:  /Temp/Autosaves/Game/NPOTG/Maps/UEDPCTesting_Level -game -PIEVIACONSOLE -ResX=1280 -ResY=720  -Multiprocess -featureleveles2 -faketouches 
[2015.08.27-11.11.05:887][  0]LogInit: Base directory: C:/Users/Bodoo/Documents/Programmieren/4.8/Engine/Binaries/Win64/
[2015.08.27-11.11.05:887][  0]LogInit: Rocket: 1
[2015.08.27-11.11.05:902][  0]LogInit: Using libcurl 7.41.0
[2015.08.27-11.11.05:902][  0]LogInit:  - built for x86_64-pc-win32
[2015.08.27-11.11.05:902][  0]LogInit:  - supports SSL with WinSSL
[2015.08.27-11.11.05:902][  0]LogInit:  - other features:
[2015.08.27-11.11.05:902][  0]LogInit:      CURL_VERSION_SSL
[2015.08.27-11.11.05:902][  0]LogInit:      CURL_VERSION_IPV6
[2015.08.27-11.11.05:902][  0]LogInit:      CURL_VERSION_ASYNCHDNS
[2015.08.27-11.11.05:902][  0]LogInit:      CURL_VERSION_LARGEFILE
[2015.08.27-11.11.05:902][  0]LogInit:      CURL_VERSION_IDN
[2015.08.27-11.11.05:902][  0]LogInit:  CurlRequestOptions (configurable via config and command line):
[2015.08.27-11.11.05:902][  0]LogInit:  - bVerifyPeer = true  - Libcurl will verify peer certificate
[2015.08.27-11.11.05:902][  0]LogInit:  - bUseHttpProxy = false  - Libcurl will NOT use HTTP proxy
[2015.08.27-11.11.05:902][  0]LogInit:  - bDontReuseConnections = false  - Libcurl will reuse connections
[2015.08.27-11.11.05:902][  0]LogInit:  - CertBundlePath = nullptr  - Libcurl will use whatever was configured at build time.
[2015.08.27-11.11.05:918][  0]LogOnline:Warning: No default platform service specified for OnlineSubsystem
[2015.08.27-11.11.05:934][  0]LogInit: Presizing for 0 objects not considered by GC, pre-allocating 0 bytes.
[2015.08.27-11.11.05:943][  0]LogInit: Object subsystem initialized
[2015.08.27-11.11.05:944][  0]LogConsoleResponse:Warning: Skipping Unknown console variable: 'UIScaleCurve = (EditorCurveData=(Keys=((Time=480.000000,Value=0.444000),(Time=720.000000,Value=0.666000),(Time=1080.000000,Value=1.000000),(Time=8640.000000,Value=8.000000))),ExternalCurve=None)'
[2015.08.27-11.11.05:944][  0]LogConsoleResponse:Warning:   Found in ini file 'C:/Users/Bodoo/Documents/Programmieren/Projekte/NotPartofTheGame/Saved/Config/Windows/Engine.ini', in section '[/Script/Engine.RendererSettings]'
[2015.08.27-11.11.05:944][  0]LogConsoleManager:Warning: Console variable 'r.MSAA.CompositingSampleCount' wasn't set ('Scalability' has a lower priority than 'ProjectSetting')
[2015.08.27-11.11.05:944][  0]LogInit: Selected Device Profile: [Windows]
[2015.08.27-11.11.05:944][  0]LogInit: Applying CVar settings loaded from the selected device profile: [Windows]
[2015.08.27-11.11.05:947][  0]LogInit: Computer: DESKTOP-GLF6O4V
[2015.08.27-11.11.05:947][  0]LogInit: User: Bodoo
[2015.08.27-11.11.05:947][  0]LogInit: CPU Page size=4096, Cores=4
[2015.08.27-11.11.05:947][  0]LogInit: High frequency timer resolution =3.215356 MHz
[2015.08.27-11.11.05:947][  0]LogMemory: Memory total: Physical=12.0GB (12GB approx)
[2015.08.27-11.11.05:947][  0]LogMemory: Platform Memory Stats for Windows
[2015.08.27-11.11.05:947][  0]LogMemory: Process Physical Memory: 49.52 MB used, 49.52 MB peak
[2015.08.27-11.11.05:947][  0]Log