[2015.08.27-20.51.32:044][  0]Log file open, 08/27/15 22:51:32
[2015.08.27-20.51.32:044][  0]LogInit:Display: Running engine for game: NotPartofGame
[2015.08.27-20.51.32:044][  0]LogInit:Display: RandInit(-1442153912) SRandInit(-1442153911).
[2015.08.27-20.51.32:044][  0]LogTaskGraph: Started task graph with 4 named threads and 7 total threads.
[2015.08.27-20.51.32:044][  0]LogStats: Stats thread started
[2015.08.27-20.51.32:044][  0]LogInit: Version: 4.8.3-2634408+++depot+UE4-Releases+4.8
[2015.08.27-20.51.32:044][  0]LogInit: API Version: 2579680
[2015.08.27-20.51.32:044][  0]LogInit: Compiled (64-bit): Jul 27 2015 16:24:33
[2015.08.27-20.51.32:044][  0]LogInit: Compiled with Visual C++: 18.00.21005.01
[2015.08.27-20.51.32:044][  0]LogInit: Build Configuration: Development
[2015.08.27-20.51.32:044][  0]LogInit: Branch Name: ++depot+UE4-Releases+4.8
[2015.08.27-20.51.32:044][  0]LogInit: Command line:  /Temp/Autosaves/Game/NPOTG/Maps/UEDPCTesting_Level -game -PIEVIACONSOLE -ResX=1280 -ResY=720  -Multiprocess 
[2015.08.27-20.51.32:044][  0]LogInit: Base directory: C:/Users/Bodoo/Documents/Programmieren/4.8/Engine/Binaries/Win64/
[2015.08.27-20.51.32:044][  0]LogInit: Rocket: 1
[2015.08.27-20.51.32:064][  0]LogInit: Using libcurl 7.41.0
[2015.08.27-20.51.32:064][  0]LogInit:  - built for x86_64-pc-win32
[2015.08.27-20.51.32:064][  0]LogInit:  - supports SSL with WinSSL
[2015.08.27-20.51.32:064][  0]LogInit:  - other features:
[2015.08.27-20.51.32:064][  0]LogInit:      CURL_VERSION_SSL
[2015.08.27-20.51.32:064][  0]LogInit:      CURL_VERSION_IPV6
[2015.08.27-20.51.32:064][  0]LogInit:      CURL_VERSION_ASYNCHDNS
[2015.08.27-20.51.32:064][  0]LogInit:      CURL_VERSION_LARGEFILE
[2015.08.27-20.51.32:064][  0]LogInit:      CURL_VERSION_IDN
[2015.08.27-20.51.32:064][  0]LogInit:  CurlRequestOptions (configurable via config and command line):
[2015.08.27-20.51.32:064][  0]LogInit:  - bVerifyPeer = true  - Libcurl will verify peer certificate
[2015.08.27-20.51.32:064][  0]LogInit:  - bUseHttpProxy = false  - Libcurl will NOT use HTTP proxy
[2015.08.27-20.51.32:064][  0]LogInit:  - bDontReuseConnections = false  - Libcurl will reuse connections
[2015.08.27-20.51.32:064][  0]LogInit:  - CertBundlePath = nullptr  - Libcurl will use whatever was configured at build time.
[2015.08.27-20.51.32:080][  0]LogOnline:Warning: No default platform service specified for OnlineSubsystem
[2015.08.27-20.51.32:106][  0]LogInit: Presizing for 0 objects not considered by GC, pre-allocating 0 bytes.
[2015.08.27-20.51.32:116][  0]LogInit: Object subsystem initialized
[2015.08.27-20.51.32:117][  0]LogConsoleResponse:Warning: Skipping Unknown console variable: 'UIScaleCurve = (EditorCurveData=(Keys=((Time=480.000000,Value=0.444000),(Time=720.000000,Value=0.666000),(Time=1080.000000,Value=1.000000),(Time=8640.000000,Value=8.000000))),ExternalCurve=None)'
[2015.08.27-20.51.32:117][  0]LogConsoleResponse:Warning:   Found in ini file 'C:/Users/Bodoo/Documents/Programmieren/Projekte/NotPartofTheGame/Saved/Config/Windows/Engine.ini', in section '[/Script/Engine.RendererSettings]'
[2015.08.27-20.51.32:117][  0]LogConsoleManager:Warning: Console variable 'r.MSAA.CompositingSampleCount' wasn't set ('Scalability' has a lower priority than 'ProjectSetting')
[2015.08.27-20.51.32:117][  0]LogInit: Selected Device Profile: [Windows]
[2015.08.27-20.51.32:117][  0]LogInit: Applying CVar settings loaded from the selected device profile: [Windows]
[2015.08.27-20.51.32:122][  0]LogInit: Computer: DESKTOP-GLF6O4V
[2015.08.27-20.51.32:122][  0]LogInit: User: Bodoo
[2015.08.27-20.51.32:122][  0]LogInit: CPU Page size=4096, Cores=4
[2015.08.27-20.51.32:122][  0]LogInit: High frequency timer resolution =3.215356 MHz
[2015.08.27-20.51.32:122][  0]LogMemory: Memory total: Physical=12.0GB (12GB approx)
[2015.08.27-20.51.32:122][  0]LogMemory: Platform Memory Stats for Windows
[2015.08.27-20.51.32:122][  0]LogMemory: Process Physical Memory: 50.27 MB used, 50.27 MB peak
[2015.08.27-20.51.32:122][  0]LogMemory: Process Virtual Memory: 22.72 MB used, 22.72 MB peak
[2015.08.27-20.51.32:122][  0]LogMemory: Physical Memory: 3845.94 MB used, 12270.70 MB total
[2015.08.27-20.51.32:122][  0]LogMemory: Virtual Memory: 310.49 MB used, 134217728.00 MB total
[2015.08.27-20.51.32:155][  0]LogTextLocalizationManager: The requested culture ('de_DE') has no localization data; falling back to 'en' for localization and internationalization data.
[2015.08.27-20.51.32:515][  0]LogTextLocalizationManager:Warning: Loaded localization resources contain conflicting entries for (Namespace:ContentBrowser, Key:ImportAssetToolTip):
Localization Resource: (C:/Users/Bodoo/Documents/Programmieren/4.8/Engine/Content/Localization/Editor/en/Editor.locres) Source String Hash: (-630476809) Localized String: (Import to {0}...)
Localization Resource: (C:/Users/Bodoo/Documents/Programmieren/4.8/Engine/Content/Localization/Editor/en/Editor.locres) Source String Hash: (1271782899) Localized String: (Imports an asset from file to this folder.)
[2015.08.27-20.51.32:967][  0]LogD3D11RHI: Found D3D11 adapter 0: AMD Radeon HD 6800 Series (Feature Level 11_0)
[2015.08.27-20.51.32:967][  0]LogD3D11RHI: Adapter has 1011MB of dedicated video memory, 0MB of dedicated system memory, and 3840MB of shared system memory, 1 output[s]
[2015.08.27-20.51.32:968][  0]LogD3D11RHI: Found D3D11 adapter 1: Microsoft Basic Render Driver (Feature Level 11_0)
[2015.08.27-20.51.32:968][  0]LogD3D11RHI: Adapter has 0MB of dedicated video memory, 0MB of dedicated system memory, and 6135MB of shared system memory, 0 output[s]
[2015.08.27-20.51.32:968][  0]LogD3D11RHI: Chosen D3D11 Adapter Id = 0
[2015.08.27-20.51.32:971][  0]LogD3D11RHI: InitD3DDevice
[2015.08.27-20.51.32:971][  0]LogD3D11RHI: !Direct3DDevice
[2015.08.27-20.51.32:971][  0]LogRHI: Texture pool is 708 MB (70% of 1011 MB)
[2015.08.27-20.51.32:977][  0]LogD3D11RHI: Async texture creation disabled: no driver support
[2015.08.27-20.51.32:988][  0]LogShaderCompilers:Display: Using Local Shader Compiler.
[2015.08.27-20.51.33:809][  0]LogTemp:Display: Loaded TP DesktopTargetPlatform
[2015.08.27-20.51.33:825][  0]LogTemp:Display: Loaded TP WindowsClientTargetPlatform
[2015.08.27-20.51.33:840][  0]LogTemp:Display: Loaded TP WindowsNoEditorTargetPlatform
[2015.08.27-20.51.33:856][  0]LogTemp:Display: Loaded TP WindowsServerTargetPlatform
[2015.08.27-20.51.33:873][  0]LogTemp:Display: Loaded TP WindowsTargetPlatform
[2015.08.27-20.51.33:886][  0]LogTemp:Display: Loaded TP AndroidTargetPlatform
[2015.08.27-20.51.33:900][  0]LogTemp:Display: Loaded TP Android_ASTCTargetPlatform
[2015.08.27-20.51.33:913][  0]LogTemp:Display: Loaded TP Android_ATCTargetPlatform
[2015.08.27-20.51.33:927][  0]LogTemp:Display: Loaded TP Android_DXTTargetPlatform
[2015.08.27-20.51.33:941][  0]LogTemp:Display: Loaded TP Android_ETC1TargetPlatform
[2015.08.27-20.51.33:955][  0]LogTemp:Display: Loaded TP Android_ETC2TargetPlatform
[2015.08.27-20.51.33:968][  0]LogTemp:Display: Loaded TP Android_PVRTCTargetPlatform
[2015.08.27-20.51.34:018][  0]LogTemp:Display: Loaded TP IOSTargetPlatform
[2015.08.27-20.51.34:031][  0]LogTemp:Display: Loaded TP LinuxNoEditorTargetPlatform
[2015.08.27-20.51.34:044][  0]LogTemp:Display: Loaded TP LinuxServerTargetPlatform
[2015.08.27-20.51.34:060][  0]LogTemp:Display: Loaded TP LinuxTargetPlatform
[2015.08.27-20.51.34:060][  0]LogTargetPlatformManager:Display: Building Assets For Windows
[2015.08.27-20.51.34:282][  0]LogDerivedDataCache:Display: Max Cache Size: 512 MB
[2015.08.27-20.51.34:344][  0]LogDerivedDataCache: Loaded boot cache 0.06s 53MB C:/Users/Bodoo/AppData/Local/UnrealEngine/4.8/DerivedDataCache/Boot.ddc.
[2015.08.27-20.51.34:344][  0]LogDerivedDataCache:Display: Loaded Boot cache: C:/Users/Bodoo/AppData/Local/UnrealEngine/4.8/DerivedDataCache/Boot.ddc
[2015.08.27-20.51.34:344][  0]LogDerivedDataCache: FDerivedDataBackendGraph:  Pak pak cache file ../../../../Projekte/NotPartofTheGame/DerivedDataCache/DDC.ddp not found, will not use a pak cache.
[2015.08.27-20.51.34:344][  0]LogDerivedDataCache: Unable to find inner node Pak for hierarchical cache Hierarchy.
[2015.08.27-20.51.34:344][  0]LogDerivedDataCache: FDerivedDataBackendGraph:  CompressedPak pak cache file ../../../../Projekte/NotPartofTheGame/DerivedDataCache/Compressed.ddp not found, will not use a pak cache.
[2015.08.27-20.51.34:344][  0]LogDerivedDataCache: Unable to find inner node CompressedPak for hierarchical cache Hierarchy.
[2015.08.27-20.51.34:499][  0]LogDerivedDataCache:Display: Pak cache opened for reading ../../../Engine/DerivedDataCache/Compressed.ddp.
[2015.08.27-20.51.34:511][  0]LogDerivedDataCache: Using Local data cache path C:/Users/Bodoo/AppData/Local/UnrealEngine/Common/DerivedDataCache: Writable
[2015.08.27-20.51.34:752][  0]LogInit: Selected Device Profile: [Windows]
[2015.08.27-20.51.34:840][  0]ImportText (ComponentSweepMultiTests): Missing closing parenthesis: (RootShapeAsset="/Engine/BasicShapes/Cube.Cube",ShapeType="TriggerCapsule",HitResult=(Time=0.50,Location=(X=-100.000015,Y=0.0,Z=100.000015),ImpactPoint=(X=-50.0,Y=0.0,Z=50.0),Normal=(X=-1.0,Y=-0.0,Z=0.0),ImpactNormal=(X=0.0,Y=0.0,Z=1.0),TraceStart=(X=-200.0,Y=0.0,Z=200.0),TraceEnd=(X=0.0,Y=0.0,Z=0.0))
[2015.08.27-20.51.34:840][  0]ImportText (LineTraceSingleByChannelTests): Missing closing parenthesis: (RootShapeAsset="/Engine/BasicShapes/Cube.Cube",HitResult=(Time=0.50,Location=(X=-100.000015,Y=0.0,Z=100.000015),ImpactPoint=(X=-50.0,Y=0.0,Z=50.0),Normal=(X=-1.0,Y=-0.0,Z=0.0),ImpactNormal=(X=0.0,Y=0.0,Z=1.0),TraceStart=(X=-200.0,Y=0.0,Z=200.0),TraceEnd=(X=0.0,Y=0.0,Z=0.0))
[2015.08.27-20.51.34:869][  0]LogMeshUtilities: No automatic mesh reduction module available
[2015.08.27-20.51.34:869][  0]LogMeshUtilities: No automatic mesh merging module available
[2015.08.27-20.51.35:161][  0]LogInit: WinSock: version 1.1 (2.2), MaxSocks=32767, MaxUdp=65467
[2015.08.27-20.51.35:623][  0]LogD3D11RHI: InitD3DDevice
[2015.08.27-20.51.35:628][  0]LogWindowsMoviePlayer: Unable to load movie: ../../../../Projekte/NotPartofTheGame/Content/Movies/Default_Startup.mp4
[2015.08.27-20.51.35:771][  0]LogAssetRegistry: FAssetRegistry took 0.0001 seconds to start up
[2015.08.27-20.51.35:818][  0]SourceControl: Info Source control is disabled
[2015.08.27-20.51.35:818][  0]SourceControl: Info Source control is disabled
[2015.08.27-20.51.35:829][  0]SourceControl: Info Source control is disabled
[2015.08.27-20.51.36:021][  0]LogObj: 25913 objects as part of root set at end of initial load.
[2015.08.27-20.51.36:021][  0]LogUObjectAllocator: 5218488 out of 0 bytes used by permanent object pool.
[2015.08.27-20.51.36:091][  0]LogAutomationTest:Warning: ERR: Transient text cannot be serialized "Testing Transient serialization detection".
[2015.08.27-20.51.36:091][  0]LogEngine: Initializing Engine...
[2015.08.27-20.51.36:094][  0]LogHMD: Can't find Oculus library dev build: is proper Runtime installed? Version: 0.6.0.0
[2015.08.27-20.51.36:095][  0]LogHMD:Warning: SteamVR failed to initialize.  Error: 110
[2015.08.27-20.51.36:186][  0]LogInit: XAudio2 using 'Lautsprecher (G510s Gaming Keyboard)' : 2 channels at 48 kHz using 16 bits per sample (channel mask 0x3)
[2015.08.27-20.51.36:192][  0]LogInit: FAudioDevice initialized.
[2015.08.27-20.51.36:201][  0]LogInit: Texture streaming: Disabled
[2015.08.27-20.51.36:266][  0]LogNet: Browse: /Temp/Autosaves/Game/NPOTG/Maps/UEDPCTesting_Level?Name=Player
[2015.08.27-20.51.36:266][  0]LogLoad: LoadMap: /Temp/Autosaves/Game/NPOTG/Maps/UEDPCTesting_Level?Name=Player
[2015.08.27-20.51.36:277][  0]LogParticles: Destroying 0 GPU particle simulations for FXSystem 0x000000A227F4F560
[2015.08.27-20.51.36:286][  0]LogMemory: Platform Memory Stats for Windows
[2015.08.27-20.51.36:286][  0]LogMemory: Process Physical Memory: 335.22 MB used, 335.22 MB peak
[2015.08.27-20.51.36:286][  0]LogMemory: Process Virtual Memory: 372.70 MB used, 372.70 MB peak
[2015.08.27-20.51.36:286][  0]LogMemory: Physical Memory: 4075.77 MB used, 12270.70 MB total
[2015.08.27-20.51.36:286][  0]LogMemory: Virtual Memory: 890.62 MB used, 134217728.00 MB total
[2015.08.27-20.51.36:286][  0]LogMemory: 
[2015.08.27-20.51.36:286][  0]Allocator Stats for TBB: (not implemented)
[2015.08.27-20.51.37:228][  0]LogProperty:Warning: ERR: Transient text cannot be serialized "NewRotation Roll".
[2015.08.27-20.51.37:228][  0]LogProperty:Warning: ERR: Transient text cannot be serialized "NewRotation Yaw".
[2015.08.27-20.51.37:228][  0]LogProperty:Warning: ERR: Transient text cannot be serialized "NewRotation Pitch".
[2015.08.27-20.51.37:228][  0]LogProperty:Warning: ERR: Transient text cannot be serialized "NewRotation Roll".
[2015.08.27-20.51.37:228][  0]LogProperty:Warning: ERR: Transient text cannot be serialized "NewRotation Yaw".
[2015.08.27-20.51.37:228][  0]LogProperty:Warning: ERR: Transient text cannot be serialized "NewRotation Pitch".
[2015.08.27-20.51.37:283][  0]LogProperty:Warning: ERR: Transient text cannot be serialized "NewRotation Roll".
[2015.08.27-20.51.37:283][  0]LogProperty:Warning: ERR: Transient text cannot be serialized "NewRotation Yaw".
[2015.08.27-20.51.37:283][  0]LogProperty:Warning: ERR: Transient text cannot be serialized "NewRotation Pitch".
[2015.08.27-20.51.37:283][  0]LogProperty:Warning: ERR: Transient text cannot be serialized "NewRotation Roll".
[2015.08.27-20.51.37:283][  0]LogProperty:Warning: ERR: Transient text cannot be serialized "NewRotation Yaw".
[2015.08.27-20.51.37:283][  0]LogProperty:Warning: ERR: Transient text cannot be serialized "NewRotation Pitch".
[2015.08.27-20.51.38:168][  0]LogAIModule: Creating AISystem for world Testing_Level
[2015.08.27-20.51.38:168][  0]LogWorld: Game class is '2DSideScrollerGameMode_C'
[2015.08.27-20.51.38:224][  0]LogWorld: Bringing World /Temp/Autosaves/Game/NPOTG/Maps/UEDPCTesting_Level.Testing_Level up for play (max tick rate 0) at 2015.08.27-22.51.38
[2015.08.27-20.51.38:236][  0]LogWorld: Bringing up level for play took: 0.065040
[2015.08.27-20.51.38:240][  0]LogInit:Display: Game Engine Initialized.
[2015.08.27-20.51.38:466][  0]LogLoad: Full Startup: 8.64 seconds (BP compile: 1.01 seconds)
[2015.08.27-20.51.38:483][  0]LogContentStreaming: Texture pool size is 1000.000000MB
[2015.08.27-20.51.38:619][  0]LogRenderer: Reallocating scene render targets to support 1280x720 (Frame:2).
[2015.08.27-20.51.41:465][168]LogBlueprintUserMessages: 0.994304
[2015.08.27-20.51.41:465][168]LogBlueprintUserMessages: 0.994304
[2015.08.27-20.51.41:466][168]LogBlueprintUserMessages: 0.994304
[2015.08.27-20.51.41:466][168]LogBlueprintUserMessages: 0.994304
[2015.08.27-20.51.41:466][168]LogBlueprintUserMessages: 0.994304
[2015.08.27-20.51.41:481][169]LogBlueprintUserMessages: 0.99968
[2015.08.27-20.51.41:481][169]LogBlueprintUserMessages: 0.99968
[2015.08.27-20.51.41:482][169]LogBlueprintUserMessages: 0.99968
[2015.08.27-20.51.41:482][169]LogBlueprintUserMessages: 0.99968
[2015.08.27-20.51.41:482][169]LogBlueprintUserMessages: 0.99968
[2015.08.27-20.51.41:497][170]LogBlueprintUserMessages: 0.994943
[2015.08.27-20.51.41:498][170]LogBlueprintUserMessages: 0.994943
[2015.08.27-20.51.41:498][170]LogBlueprintUserMessages: 0.994943
[2015.08.27-20.51.41:498][170]LogBlueprintUserMessages: 0.994943
[2015.08.27-20.51.41:498][170]LogBlueprintUserMessages: 0.994943
[2015.08.27-20.51.44:457][353]LogBlueprintUserMessages: 0.008319
[2015.08.27-20.51.44:457][353]LogBlueprintUserMessages: 0.008319
[2015.08.27-20.51.44:457][353]LogBlueprintUserMessages: 0.008319
[2015.08.27-20.51.44:458][353]LogBlueprintUserMessages: 0.008319
[2015.08.27-20.51.44:458][353]LogBlueprintUserMessages: 0.008319
[2015.08.27-20.51.44:473][354]LogBlueprintUserMessages: 0.002942
[2015.08.27-20.51.44:473][354]LogBlueprintUserMessages: 0.002942
[2015.08.27-20.51.44:473][354]LogBlueprintUserMessages: 0.002942
[2015.08.27-20.51.44:473][354]LogBlueprintUserMessages: 0.002942
[2015.08.27-20.51.44:473][354]LogBlueprintUserMessages: 0.002942
[2015.08.27-20.51.44:489][355]LogBlueprintUserMessages: 0.0
[2015.08.27-20.51.44:489][355]LogBlueprintUserMessages: 0.0
[2015.08.27-20.51.44:490][355]LogBlueprintUserMessages: 0.002434
[2015.08.27-20.51.44:490][355]LogBlueprintUserMessages: 0.0
[2015.08.27-20.51.44:490][355]LogBlueprintUserMessages: 0.0
[2015.08.27-20.51.44:490][355]LogBlueprintUserMessages: 0.002434
[2015.08.27-20.51.44:490][355]LogBlueprintUserMessages: 0.0
[2015.08.27-20.51.44:490][355]LogBlueprintUserMessages: 0.0
[2015.08.27-20.51.44:490][355]LogBlueprintUserMessages: 0.002434
[2015.08.27-20.51.44:490][355]LogBlueprintUserMessages: 0.0
[2015.08.27-20.51.44:490][355]LogBlueprintUserMessages: 0.0
[2015.08.27-20.51.44:490][355]LogBlueprintUserMessages: 0.002434
[2015.08.27-20.51.44:490][355]LogBlueprintUserMessages: 0.0
[2015.08.27-20.51.44:490][355]LogBlueprintUserMessages: 0.0
[2015.08.27-20.51.44:490][355]LogBlueprintUserMessages: 0.002434
[2015.08.27-20.51.44:505][356]LogBlueprintUserMessages: 0.00781
[2015.08.27-20.51.44:506][356]LogBlueprintUserMessages: 0.00781
[2015.08.27-20.51.44:506][356]LogBlueprintUserMessages: 0.00781
[2015.08.27-20.51.44:506][356]LogBlueprintUserMessages: 0.00781
[2015.08.27-20.51.44:506][356]LogBlueprintUserMessages: 0.00781
[2015.08.27-20.51.47:457][539]LogBlueprintUserMessages: 0.991698
[2015.08.27-20.51.47:458][539]LogBlueprintUserMessages: 0.991698
[2015.08.27-20.51.47:458][539]LogBlueprintUserMessages: 0.991698
[2015.08.27-20.51.47:458][539]LogBlueprintUserMessages: 0.991698
[2015.08.27-20.51.47:458][539]LogBlueprintUserMessages: 0.991698
[2015.08.27-20.51.47:473][540]LogBlueprintUserMessages: 0.997075
[2015.08.27-20.51.47:474][540]LogBlueprintUserMessages: 0.997075
[2015.08.27-20.51.47:474][540]LogBlueprintUserMessages: 0.997075
[2015.08.27-20.51.47:474][540]LogBlueprintUserMessages: 0.997075
[2015.08.27-20.51.47:474][540]LogBlueprintUserMessages: 0.997075
[2015.08.27-20.51.47:490][541]LogBlueprintUserMessages: 0.997549
[2015.08.27-20.51.47:490][541]LogBlueprintUserMessages: 0.997549
[2015.08.27-20.51.47:490][541]LogBlueprintUserMessages: 0.997549
[2015.08.27-20.51.47:490][541]LogBlueprintUserMessages: 0.997549
[2015.08.27-20.51.47:490][541]LogBlueprintUserMessages: 0.997549
[2015.08.27-20.51.47:506][542]LogBlueprintUserMessages: 0.992173
[2015.08.27-20.51.47:506][542]LogBlueprintUserMessages: 0.992173
[2015.08.27-20.51.47:506][542]LogBlueprintUserMessages: 0.992173
[2015.08.27-20.51.47:506][542]LogBlueprintUserMessages: 0.992173
[2015.08.27-20.51.47:506][542]LogBlueprintUserMessages: 0.992173
[2015.08.27-20.51.50:457][725]LogBlueprintUserMessages: 0.008259
[2015.08.27-20.51.50:457][725]LogBlueprintUserMessages: 0.008259
[2015.08.27-20.51.50:457][725]LogBlueprintUserMessages: 0.008259
[2015.08.27-20.51.50:458][725]LogBlueprintUserMessages: 0.008259
[2015.08.27-20.51.50:458][725]LogBlueprintUserMessages: 0.008259
[2015.08.27-20.51.50:473][726]LogBlueprintUserMessages: 0.002882
[2015.08.27-20.51.50:473][726]LogBlueprintUserMessages: 0.002882
[2015.08.27-20.51.50:473][726]LogBlueprintUserMessages: 0.002882
[2015.08.27-20.51.50:473][726]LogBlueprintUserMessages: 0.002882
[2015.08.27-20.51.50:473][726]LogBlueprintUserMessages: 0.002882
[2015.08.27-20.51.50:489][727]LogBlueprintUserMessages: 0.0
[2015.08.27-20.51.50:489][727]LogBlueprintUserMessages: 0.0
[2015.08.27-20.51.50:489][727]LogBlueprintUserMessages: 0.002494
[2015.08.27-20.51.50:490][727]LogBlueprintUserMessages: 0.0
[2015.08.27-20.51.50:490][727]LogBlueprintUserMessages: 0.0
[2015.08.27-20.51.50:490][727]LogBlueprintUserMessages: 0.002494
[2015.08.27-20.51.50:490][727]LogBlueprintUserMessages: 0.0
[2015.08.27-20.51.50:490][727]LogBlueprintUserMessages: 0.0
[2015.08.27-20.51.50:490][727]LogBlueprintUserMessages: 0.002494
[2015.08.27-20.51.50:490][727]LogBlueprintUserMessages: 0.0
[2015.08.27-20.51.50:490][727]LogBlueprintUserMessages: 0.0
[2015.08.27-20.51.50:490][727]LogBlueprintUserMessages: 0.002494
[2015.08.27-20.51.50:490][727]LogBlueprintUserMessages: 0.0
[2015.08.27-20.51.50:490][727]LogBlueprintUserMessages: 0.0
[2015.08.27-20.51.50:490][727]LogBlueprintUserMessages: 0.002494
[2015.08.27-20.51.50:505][728]LogBlueprintUserMessages: 0.00787
[2015.08.27-20.51.50:506][728]LogBlueprintUserMessages: 0.00787
[2015.08.27-20.51.50:506][728]LogBlueprintUserMessages: 0.00787
[2015.08.27-20.51.50:506][728]LogBlueprintUserMessages: 0.00787
[2015.08.27-20.51.50:506][728]LogBlueprintUserMessages: 0.00787
[2015.08.27-20.51.53:459][911]LogBlueprintUserMessages: 0.992051
[2015.08.27-20.51.53:459][911]LogBlueprintUserMessages: 0.992051
[2015.08.27-20.51.53:459][911]LogBlueprintUserMessages: 0.992051
[2015.08.27-20.51.53:459][911]LogBlueprintUserMessages: 0.992051
[2015.08.27-20.51.53:459][911]LogBlueprintUserMessages: 0.992051
[2015.08.27-20.51.53:475][912]LogBlueprintUserMessages: 0.997428
[2015.08.27-20.51.53:475][912]LogBlueprintUserMessages: 0.997428
[2015.08.27-20.51.53:475][912]LogBlueprintUserMessages: 0.997428
[2015.08.27-20.51.53:475][912]LogBlueprintUserMessages: 0.997428
[2015.08.27-20.51.53:475][912]LogBlueprintUserMessages: 0.997428
[2015.08.27-20.51.53:491][913]LogBlueprintUserMessages: 0.997196
[2015.08.27-20.51.53:491][913]LogBlueprintUserMessages: 0.997196
[2015.08.27-20.51.53:491][913]LogBlueprintUserMessages: 0.997196
[2015.08.27-20.51.53:491][913]LogBlueprintUserMessages: 0.997196
[2015.08.27-20.51.53:491][913]LogBlueprintUserMessages: 0.997196
[2015.08.27-20.51.53:507][914]LogBlueprintUserMessages: 0.991819
[2015.08.27-20.51.53:507][914]LogBlueprintUserMessages: 0.991819
[2015.08.27-20.51.53:507][914]LogBlueprintUserMessages: 0.991819
[2015.08.27-20.51.53:507][914]LogBlueprintUserMessages: 0.991819
[2015.08.27-20.51.53:507][914]LogBlueprintUserMessages: 0.991819
[2015.08.27-20.51.56:459][ 97]LogBlueprintUserMessages: 0.007926
[2015.08.27-20.51.56:459][ 97]LogBlueprintUserMessages: 0.007926
[2015.08.27-20.51.56:459][ 97]LogBlueprintUserMessages: 0.007926
[2015.08.27-20.51.56:459][ 97]LogBlueprintUserMessages: 0.007926
[2015.08.27-20.51.56:459][ 97]LogBlueprintUserMessages: 0.007926
[2015.08.27-20.51.56:475][ 98]LogBlueprintUserMessages: 0.00255
[2015.08.27-20.51.56:475][ 98]LogBlueprintUserMessages: 0.00255
[2015.08.27-20.51.56:475][ 98]LogBlueprintUserMessages: 0.00255
[2015.08.27-20.51.56:475][ 98]LogBlueprintUserMessages: 0.00255
[2015.08.27-20.51.56:475][ 98]LogBlueprintUserMessages: 0.00255
[2015.08.27-20.51.56:491][ 99]LogBlueprintUserMessages: 0.0
[2015.08.27-20.51.56:491][ 99]LogBlueprintUserMessages: 0.0
[2015.08.27-20.51.56:491][ 99]LogBlueprintUserMessages: 0.002826
[2015.08.27-20.51.56:491][ 99]LogBlueprintUserMessages: 0.0
[2015.08.27-20.51.56:491][ 99]LogBlueprintUserMessages: 0.0
[2015.08.27-20.51.56:491][ 99]LogBlueprintUserMessages: 0.002826
[2015.08.27-20.51.56:491][ 99]LogBlueprintUserMessages: 0.0
[2015.08.27-20.51.56:491][ 99]LogBlueprintUserMessages: 0.0
[2015.08.27-20.51.56:491][ 99]LogBlueprintUserMessages: 0.002826
[2015.08.27-20.51.56:491][ 99]LogBlueprintUserMessages: 0.0
[2015.08.27-20.51.56:491][ 99]LogBlueprintUserMessages: 0.0
[2015.08.27-20.51.56:491][ 99]LogBlueprintUserMessages: 0.002826
[2015.08.27-20.51.56:491][ 99]LogBlueprintUserMessages: 0.0
[2015.08.27-20.51.56:491][ 99]LogBlueprintUserMessages: 0.0
[2015.08.27-20.51.56:491][ 99]LogBlueprintUserMessages: 0.002826
[2015.08.27-20.51.56:507][100]LogBlueprintUserMessages: 0.008203
[2015.08.27-20.51.56:507][100]LogBlueprintUserMessages: 0.008203
[2015.08.27-20.51.56:507][100]LogBlueprintUserMessages: 0.008203
[2015.08.27-20.51.56:507][100]LogBlueprintUserMessages: 0.008203
[2015.08.27-20.51.56:507][100]LogBlueprintUserMessages: 0.008203
[2015.08.27-20.51.56:974][129]LogBlueprintUserMessages: 0.990322
[2015.08.27-20.51.56:975][129]LogBlueprintUserMessages: 0.990322
[2015.08.27-20.51.56:975][129]LogBlueprintUserMessages: 0.980645
[2015.08.27-20.51.56:990][130]LogBlueprintUserMessages: 0.970967
[2015.08.27-20.51.57:006][131]LogBlueprintUserMessages: 0.96129
[2015.08.27-20.51.57:023][132]LogBlueprintUserMessages: 0.951612
[2015.08.27-20.51.57:039][133]LogBlueprintUserMessages: 0.941935
[2015.08.27-20.51.57:055][134]LogBlueprintUserMessages: 0.932257
[2015.08.27-20.51.57:071][135]LogBlueprintUserMessages: 0.92258
[2015.08.27-20.51.57:087][136]LogBlueprintUserMessages: 0.912902
[2015.08.27-20.51.57:103][137]LogBlueprintUserMessages: 0.903225
[2015.08.27-20.51.57:119][138]LogBlueprintUserMessages: 0.893547
[2015.08.27-20.51.57:135][139]LogBlueprintUserMessages: 0.88387
[2015.08.27-20.51.57:151][140]LogBlueprintUserMessages: 0.874192
[2015.08.27-20.51.57:168][141]LogBlueprintUserMessages: 0.864515
[2015.08.27-20.51.57:184][142]LogBlueprintUserMessages: 0.854837
[2015.08.27-20.51.57:200][143]LogBlueprintUserMessages: 0.84516
[2015.08.27-20.51.57:216][144]LogBlueprintUserMessages: 0.835482
[2015.08.27-20.51.57:232][145]LogBlueprintUserMessages: 0.825805
[2015.08.27-20.51.57:248][146]LogBlueprintUserMessages: 0.816127
[2015.08.27-20.51.57:264][147]LogBlueprintUserMessages: 0.80645
[2015.08.27-20.51.57:280][148]LogBlueprintUserMessages: 0.796772
[2015.08.27-20.51.57:297][149]LogBlueprintUserMessages: 0.787095
[2015.08.27-20.51.57:313][150]LogBlueprintUserMessages: 0.777417
[2015.08.27-20.51.57:329][151]LogBlueprintUserMessages: 0.767739
[2015.08.27-20.51.57:345][152]LogBlueprintUserMessages: 0.758062
[2015.08.27-20.51.57:361][153]LogBlueprintUserMessages: 0.748384
[2015.08.27-20.51.57:377][154]LogBlueprintUserMessages: 0.738704
[2015.08.27-20.51.57:393][155]LogBlueprintUserMessages: 0.729026
[2015.08.27-20.51.57:409][156]LogBlueprintUserMessages: 0.719349
[2015.08.27-20.51.57:426][157]LogBlueprintUserMessages: 0.709671
[2015.08.27-20.51.57:442][158]LogBlueprintUserMessages: 0.699994
[2015.08.27-20.51.57:458][159]LogBlueprintUserMessages: 0.690316
[2015.08.27-20.51.57:474][160]LogBlueprintUserMessages: 0.680639
[2015.08.27-20.51.57:490][161]LogBlueprintUserMessages: 0.670961
[2015.08.27-20.51.57:506][162]LogBlueprintUserMessages: 0.661284
[2015.08.27-20.51.57:522][163]LogBlueprintUserMessages: 0.651606
[2015.08.27-20.51.57:538][164]LogBlueprintUserMessages: 0.641929
[2015.08.27-20.51.57:554][165]LogBlueprintUserMessages: 0.632251
[2015.08.27-20.51.57:571][166]LogBlueprintUserMessages: 0.622574
[2015.08.27-20.51.57:587][167]LogBlueprintUserMessages: 0.612896
[2015.08.27-20.51.57:603][168]LogBlueprintUserMessages: 0.603219
[2015.08.27-20.51.57:619][169]LogBlueprintUserMessages: 0.593541
[2015.08.27-20.51.57:635][170]LogBlueprintUserMessages: 0.583864
[2015.08.27-20.51.57:651][171]LogBlueprintUserMessages: 0.574186
[2015.08.27-20.51.57:667][172]LogBlueprintUserMessages: 0.564509
[2015.08.27-20.51.57:683][173]LogBlueprintUserMessages: 0.554831
[2015.08.27-20.51.57:700][174]LogBlueprintUserMessages: 0.545154
[2015.08.27-20.51.57:716][175]LogBlueprintUserMessages: 0.535476
[2015.08.27-20.51.57:732][176]LogBlueprintUserMessages: 0.525799
[2015.08.27-20.51.57:748][177]LogBlueprintUserMessages: 0.516121
[2015.08.27-20.51.57:764][178]LogBlueprintUserMessages: 0.506444
[2015.08.27-20.51.57:780][179]LogBlueprintUserMessages: 0.496766
[2015.08.27-20.51.57:796][180]LogBlueprintUserMessages: 0.487089
[2015.08.27-20.51.57:813][181]LogBlueprintUserMessages: 0.477411
[2015.08.27-20.51.57:829][182]LogBlueprintUserMessages: 0.467734
[2015.08.27-20.51.57:846][183]LogBlueprintUserMessages: 0.458056
[2015.08.27-20.51.57:862][184]LogBlueprintUserMessages: 0.448379
[2015.08.27-20.51.57:878][185]LogBlueprintUserMessages: 0.438701
[2015.08.27-20.51.57:894][186]LogBlueprintUserMessages: 0.429024
[2015.08.27-20.51.57:910][187]LogBlueprintUserMessages: 0.419346
[2015.08.27-20.51.57:926][188]LogBlueprintUserMessages: 0.409669
[2015.08.27-20.51.57:942][189]LogBlueprintUserMessages: 0.399991
[2015.08.27-20.51.57:958][190]LogBlueprintUserMessages: 0.390314
[2015.08.27-20.51.57:975][191]LogBlueprintUserMessages: 0.380636
[2015.08.27-20.51.57:991][192]LogBlueprintUserMessages: 0.370959
[2015.08.27-20.51.58:007][193]LogBlueprintUserMessages: 0.361279
[2015.08.27-20.51.58:023][194]LogBlueprintUserMessages: 0.351599
[2015.08.27-20.51.58:039][195]LogBlueprintUserMessages: 0.341921
[2015.08.27-20.51.58:055][196]LogBlueprintUserMessages: 0.332244
[2015.08.27-20.51.58:071][197]LogBlueprintUserMessages: 0.322566
[2015.08.27-20.51.58:087][198]LogBlueprintUserMessages: 0.312889
[2015.08.27-20.51.58:103][199]LogBlueprintUserMessages: 0.303211
[2015.08.27-20.51.58:120][200]LogBlueprintUserMessages: 0.293534
[2015.08.27-20.51.58:136][201]LogBlueprintUserMessages: 0.283856
[2015.08.27-20.51.58:152][202]LogBlueprintUserMessages: 0.274179
[2015.08.27-20.51.58:168][203]LogBlueprintUserMessages: 0.264501
[2015.08.27-20.51.58:168][203]LogBlueprintUserMessages: YO ICH DODGE GRADE
[2015.08.27-20.51.58:184][204]LogBlueprintUserMessages: 0.254824
[2015.08.27-20.51.58:184][204]LogBlueprintUserMessages: Gewonnen!
[2015.08.27-20.51.58:185][204]LogBlueprintUserMessages: YO ICH DODGE GRADE
[2015.08.27-20.51.58:200][205]LogBlueprintUserMessages: YO ICH DODGE GRADE
[2015.08.27-20.51.58:217][206]LogBlueprintUserMessages: YO ICH DODGE GRADE
[2015.08.27-20.51.58:233][207]LogBlueprintUserMessages: YO ICH DODGE GRADE
[2015.08.27-20.51.58:249][208]LogBlueprintUserMessages: YO ICH DODGE GRADE
[2015.08.27-20.51.59:459][283]LogBlueprintUserMessages: 0.992102
[2015.08.27-20.51.59:459][283]LogBlueprintUserMessages: 0.992102
[2015.08.27-20.51.59:459][283]LogBlueprintUserMessages: 0.992102
[2015.08.27-20.51.59:459][283]LogBlueprintUserMessages: 0.992102
[2015.08.27-20.51.59:475][284]LogBlueprintUserMessages: 0.997478
[2015.08.27-20.51.59:475][284]LogBlueprintUserMessages: 0.997478
[2015.08.27-20.51.59:475][284]LogBlueprintUserMessages: 0.997478
[2015.08.27-20.51.59:475][284]LogBlueprintUserMessages: 0.997478
[2015.08.27-20.51.59:491][285]LogBlueprintUserMessages: 0.997146
[2015.08.27-20.51.59:491][285]LogBlueprintUserMessages: 0.997146
[2015.08.27-20.51.59:491][285]LogBlueprintUserMessages: 0.997146
[2015.08.27-20.51.59:491][285]LogBlueprintUserMessages: 0.997146
[2015.08.27-20.51.59:507][286]LogBlueprintUserMessages: 0.991769
[2015.08.27-20.51.59:507][286]LogBlueprintUserMessages: 0.991769
[2015.08.27-20.51.59:507][286]LogBlueprintUserMessages: 0.991769
[2015.08.27-20.51.59:507][286]LogBlueprintUserMessages: 0.991769
[2015.08.27-20.52.02:459][469]LogBlueprintUserMessages: 0.00778
[2015.08.27-20.52.02:459][469]LogBlueprintUserMessages: 0.00778
[2015.08.27-20.52.02:459][469]LogBlueprintUserMessages: 0.00778
[2015.08.27-20.52.02:459][469]LogBlueprintUserMessages: 0.00778
[2015.08.27-20.52.02:475][470]LogBlueprintUserMessages: 0.002404
[2015.08.27-20.52.02:475][470]LogBlueprintUserMessages: 0.002404
[2015.08.27-20.52.02:475][470]LogBlueprintUserMessages: 0.002404
[2015.08.27-20.52.02:475][470]LogBlueprintUserMessages: 0.002404
[2015.08.27-20.52.02:491][471]LogBlueprintUserMessages: 0.0
[2015.08.27-20.52.02:491][471]LogBlueprintUserMessages: 0.0
[2015.08.27-20.52.02:491][471]LogBlueprintUserMessages: 0.002973
[2015.08.27-20.52.02:491][471]LogBlueprintUserMessages: 0.0
[2015.08.27-20.52.02:491][471]LogBlueprintUserMessages: 0.0
[2015.08.27-20.52.02:491][471]LogBlueprintUserMessages: 0.002973
[2015.08.27-20.52.02:491][471]LogBlueprintUserMessages: 0.0
[2015.08.27-20.52.02:491][471]LogBlueprintUserMessages: 0.0
[2015.08.27-20.52.02:491][471]LogBlueprintUserMessages: 0.002973
[2015.08.27-20.52.02:491][471]LogBlueprintUserMessages: 0.0
[2015.08.27-20.52.02:491][471]LogBlueprintUserMessages: 0.0
[2015.08.27-20.52.02:491][471]LogBlueprintUserMessages: 0.002973
[2015.08.27-20.52.02:507][472]LogBlueprintUserMessages: 0.008349
[2015.08.27-20.52.02:507][472]LogBlueprintUserMessages: 0.008349
[2015.08.27-20.52.02:507][472]LogBlueprintUserMessages: 0.008349
[2015.08.27-20.52.02:507][472]LogBlueprintUserMessages: 0.008349
[2015.08.27-20.52.05:459][655]LogBlueprintUserMessages: 0.992258
[2015.08.27-20.52.05:459][655]LogBlueprintUserMessages: 0.992258
[2015.08.27-20.52.05:459][655]LogBlueprintUserMessages: 0.992258
[2015.08.27-20.52.05:475][656]LogBlueprintUserMessages: 0.997635
[2015.08.27-20.52.05:475][656]LogBlueprintUserMessages: 0.997635
[2015.08.27-20.52.05:475][656]LogBlueprintUserMessages: 0.997635
[2015.08.27-20.52.05:491][657]LogBlueprintUserMessages: 0.996989
[2015.08.27-20.52.05:491][657]LogBlueprintUserMessages: 0.996989
[2015.08.27-20.52.05:491][657]LogBlueprintUserMessages: 0.996989
[2015.08.27-20.52.05:508][658]LogBlueprintUserMessages: 0.991612
[2015.08.27-20.52.05:508][658]LogBlueprintUserMessages: 0.991612
[2015.08.27-20.52.05:508][658]LogBlueprintUserMessages: 0.991612
[2015.08.27-20.52.08:459][841]LogBlueprintUserMessages: 0.007718
[2015.08.27-20.52.08:459][841]LogBlueprintUserMessages: 0.007718
[2015.08.27-20.52.08:475][842]LogBlueprintUserMessages: 0.002341
[2015.08.27-20.52.08:475][842]LogBlueprintUserMessages: 0.002341
[2015.08.27-20.52.08:491][843]LogBlueprintUserMessages: 0.0
[2015.08.27-20.52.08:491][843]LogBlueprintUserMessages: 0.0
[2015.08.27-20.52.08:491][843]LogBlueprintUserMessages: 0.003035
[2015.08.27-20.52.08:491][843]LogBlueprintUserMessages: 0.0
[2015.08.27-20.52.08:491][843]LogBlueprintUserMessages: 0.0
[2015.08.27-20.52.08:491][843]LogBlueprintUserMessages: 0.003035
[2015.08.27-20.52.08:507][844]LogBlueprintUserMessages: 0.008411
[2015.08.27-20.52.08:507][844]LogBlueprintUserMessages: 0.008411
[2015.08.27-20.52.11:459][ 27]LogBlueprintUserMessages: 0.992344
[2015.08.27-20.52.11:459][ 27]LogBlueprintUserMessages: 0.992344
[2015.08.27-20.52.11:475][ 28]LogBlueprintUserMessages: 0.99772
[2015.08.27-20.52.11:475][ 28]LogBlueprintUserMessages: 0.99772
[2015.08.27-20.52.11:491][ 29]LogBlueprintUserMessages: 0.996903
[2015.08.27-20.52.11:491][ 29]LogBlueprintUserMessages: 0.996903
[2015.08.27-20.52.11:507][ 30]LogBlueprintUserMessages: 0.991527
[2015.08.27-20.52.11:507][ 30]LogBlueprintUserMessages: 0.991527
[2015.08.27-20.52.12:233][ 75]LogBlueprintUserMessages: 0.990322
[2015.08.27-20.52.12:233][ 75]LogBlueprintUserMessages: 0.990322
[2015.08.27-20.52.12:233][ 75]LogBlueprintUserMessages: 0.980645
[2015.08.27-20.52.12:249][ 76]LogBlueprintUserMessages: 0.970967
[2015.08.27-20.52.12:265][ 77]LogBlueprintUserMessages: 0.96129
[2015.08.27-20.52.12:281][ 78]LogBlueprintUserMessages: 0.951612
[2015.08.27-20.52.12:297][ 79]LogBlueprintUserMessages: 0.941935
[2015.08.27-20.52.12:313][ 80]LogBlueprintUserMessages: 0.932257
[2015.08.27-20.52.12:329][ 81]LogBlueprintUserMessages: 0.92258
[2015.08.27-20.52.12:347][ 82]LogBlueprintUserMessages: 0.912902
[2015.08.27-20.52.12:363][ 83]LogBlueprintUserMessages: 0.903225
[2015.08.27-20.52.12:379][ 84]LogBlueprintUserMessages: 0.893547
[2015.08.27-20.52.12:395][ 85]LogBlueprintUserMessages: 0.88387
[2015.08.27-20.52.12:411][ 86]LogBlueprintUserMessages: 0.874192
[2015.08.27-20.52.12:427][ 87]LogBlueprintUserMessages: 0.864515
[2015.08.27-20.52.12:443][ 88]LogBlueprintUserMessages: 0.854837
[2015.08.27-20.52.12:459][ 89]LogBlueprintUserMessages: 0.84516
[2015.08.27-20.52.12:476][ 90]LogBlueprintUserMessages: 0.835482
[2015.08.27-20.52.12:492][ 91]LogBlueprintUserMessages: 0.825805
[2015.08.27-20.52.12:508][ 92]LogBlueprintUserMessages: 0.816127
[2015.08.27-20.52.12:524][ 93]LogBlueprintUserMessages: 0.80645
[2015.08.27-20.52.12:540][ 94]LogBlueprintUserMessages: 0.796772
[2015.08.27-20.52.12:556][ 95]LogBlueprintUserMessages: 0.787095
[2015.08.27-20.52.12:572][ 96]LogBlueprintUserMessages: 0.777417
[2015.08.27-20.52.12:588][ 97]LogBlueprintUserMessages: 0.76774
[2015.08.27-20.52.12:605][ 98]LogBlueprintUserMessages: 0.757994
[2015.08.27-20.52.12:621][ 99]LogBlueprintUserMessages: 0.748317
[2015.08.27-20.52.12:637][100]LogBlueprintUserMessages: 0.738639
[2015.08.27-20.52.12:653][101]LogBlueprintUserMessages: 0.728962
[2015.08.27-20.52.12:669][102]LogBlueprintUserMessages: 0.719284
[2015.08.27-20.52.12:685][103]LogBlueprintUserMessages: 0.709596
[2015.08.27-20.52.12:701][104]LogBlueprintUserMessages: 0.699918
[2015.08.27-20.52.12:717][105]LogBlueprintUserMessages: 0.690241
[2015.08.27-20.52.12:734][106]LogBlueprintUserMessages: 0.680563
[2015.08.27-20.52.12:750][107]LogBlueprintUserMessages: 0.670886
[2015.08.27-20.52.12:766][108]LogBlueprintUserMessages: 0.661208
[2015.08.27-20.52.12:782][109]LogBlueprintUserMessages: 0.651531
[2015.08.27-20.52.12:798][110]LogBlueprintUserMessages: 0.641853
[2015.08.27-20.52.12:814][111]LogBlueprintUserMessages: 0.632176
[2015.08.27-20.52.12:830][112]LogBlueprintUserMessages: 0.622498
[2015.08.27-20.52.12:846][113]LogBlueprintUserMessages: 0.612821
[2015.08.27-20.52.12:862][114]LogBlueprintUserMessages: 0.603143
[2015.08.27-20.52.12:879][115]LogBlueprintUserMessages: 0.593466
[2015.08.27-20.52.12:895][116]LogBlueprintUserMessages: 0.583788
[2015.08.27-20.52.12:911][117]LogBlueprintUserMessages: 0.574111
[2015.08.27-20.52.12:927][118]LogBlueprintUserMessages: 0.564433
[2015.08.27-20.52.12:943][119]LogBlueprintUserMessages: 0.554756
[2015.08.27-20.52.12:959][120]LogBlueprintUserMessages: 0.545078
[2015.08.27-20.52.12:975][121]LogBlueprintUserMessages: 0.535401
[2015.08.27-20.52.12:991][122]LogBlueprintUserMessages: 0.525723
[2015.08.27-20.52.13:008][123]LogBlueprintUserMessages: 0.516046
[2015.08.27-20.52.13:024][124]LogBlueprintUserMessages: 0.506368
[2015.08.27-20.52.13:040][125]LogBlueprintUserMessages: 0.496691
[2015.08.27-20.52.13:056][126]LogBlueprintUserMessages: 0.487013
[2015.08.27-20.52.13:072][127]LogBlueprintUserMessages: 0.477336
[2015.08.27-20.52.13:088][128]LogBlueprintUserMessages: 0.467658
[2015.08.27-20.52.13:104][129]LogBlueprintUserMessages: 0.457981
[2015.08.27-20.52.13:120][130]LogBlueprintUserMessages: 0.448303
[2015.08.27-20.52.13:136][131]LogBlueprintUserMessages: 0.438626
[2015.08.27-20.52.13:153][132]LogBlueprintUserMessages: 0.428948
[2015.08.27-20.52.13:169][133]LogBlueprintUserMessages: 0.419271
[2015.08.27-20.52.13:185][134]LogBlueprintUserMessages: 0.409593
[2015.08.27-20.52.13:201][135]LogBlueprintUserMessages: 0.399916
[2015.08.27-20.52.13:217][136]LogBlueprintUserMessages: 0.390238
[2015.08.27-20.52.13:233][137]LogBlueprintUserMessages: 0.380559
[2015.08.27-20.52.13:249][138]LogBlueprintUserMessages: 0.370882
[2015.08.27-20.52.13:266][139]LogBlueprintUserMessages: 0.361204
[2015.08.27-20.52.13:282][140]LogBlueprintUserMessages: 0.351527
[2015.08.27-20.52.13:298][141]LogBlueprintUserMessages: 0.341849
[2015.08.27-20.52.13:314][142]LogBlueprintUserMessages: 0.332172
[2015.08.27-20.52.13:330][143]LogBlueprintUserMessages: 0.322494
[2015.08.27-20.52.13:346][144]LogBlueprintUserMessages: 0.312817
[2015.08.27-20.52.13:362][145]LogBlueprintUserMessages: 0.303139
[2015.08.27-20.52.13:378][146]LogBlueprintUserMessages: 0.293462
[2015.08.27-20.52.13:394][147]LogBlueprintUserMessages: 0.283784
[2015.08.27-20.52.13:411][148]LogBlueprintUserMessages: 0.274107
[2015.08.27-20.52.13:427][149]LogBlueprintUserMessages: 0.264429
[2015.08.27-20.52.13:443][150]LogBlueprintUserMessages: 0.254752
[2015.08.27-20.52.13:443][150]LogBlueprintUserMessages: YO ICH DODGE GRADE
[2015.08.27-20.52.13:459][151]LogBlueprintUserMessages: 0.245074
[2015.08.27-20.52.13:459][151]LogBlueprintUserMessages: Gewonnen!
[2015.08.27-20.52.13:459][151]LogBlueprintUserMessages: YO ICH DODGE GRADE
[2015.08.27-20.52.13:475][152]LogBlueprintUserMessages: YO ICH DODGE GRADE
[2015.08.27-20.52.13:491][153]LogBlueprintUserMessages: YO ICH DODGE GRADE
[2015.08.27-20.52.13:507][154]LogBlueprintUserMessages: YO ICH DODGE GRADE
[2015.08.27-20.52.13:524][155]LogBlueprintUserMessages: YO ICH DODGE GRADE
[2015.08.27-20.52.13:540][156]LogBlueprintUserMessages: YO ICH DODGE GRADE
[2015.08.27-20.52.13:556][157]LogBlueprintUserMessages: YO ICH DODGE GRADE
[2015.08.27-20.52.14:459][213]LogBlueprintUserMessages: 0.007554
[2015.08.27-20.52.14:476][214]LogBlueprintUserMessages: 0.002178
[2015.08.27-20.52.14:492][215]LogBlueprintUserMessages: 0.0
[2015.08.27-20.52.14:492][215]LogBlueprintUserMessages: 0.0
[2015.08.27-20.52.14:492][215]LogBlueprintUserMessages: 0.003198
[2015.08.27-20.52.14:508][216]LogBlueprintUserMessages: 0.008575
[2015.08.27-20.52.16:024][310]Closing by request
[2015.08.27-20.52.16:024][310]LogWindows: FPlatformMisc::RequestExit(0)
[2015.08.27-20.52.16:150][311]LogWindowsTextInputMethodSystem:Display: IME system now deactivated.
[2015.08.27-20.52.16:156][311]LogExit: Preparing to exit.
[2015.08.27-20.52.16:265][311]LogExit: Game engine shut down
[2015.08.27-20.52.16:271][311]LogParticles: Destroying 0 GPU particle simulations for FXSystem 0x000000A229410680
[2015.08.27-20.52.16:457][311]LogExit: Object subsystem successfully closed.
[2015.08.27-20.52.16:472][311]LogD3D11RHI: Shutdown
[2015.08.27-20.52.16:472][311]LogD3D11RHI: CleanupD3DDevice
[2015.08.27-20.52.16:563][311]LogD3D11RHI: ~FD3D11DynamicRHI
[2015.08.27-20.52.16:578][311]LogModuleManager: Shutting down and abandoning module AndroidDeviceDetection (109)
[2015.08.27-20.52.17:515][311]LogModuleManager: Shutting down and abandoning module AutomationWorker (108)
[2015.08.27-20.52.17:515][311]LogModuleManager: Shutting down and abandoning module CharacterAI (107)
[2015.08.27-20.52.17:515][311]LogModuleManager: Shutting down and abandoning module AITestSuite (106)
[2015.08.27-20.52.17:515][311]LogModuleManager: Shutting down and abandoning module GameplayDebugger (105)
[2015.08.27-20.52.17:515][311]LogModuleManager: Shutting down and abandoning module AIModule (104)
[2015.08.27-20.52.17:515][311]LogModuleManager: Shutting down and abandoning module GameLiveStreaming (103)
[2015.08.27-20.52.17:515][311]LogModuleManager: Shutting down and abandoning module StreamingPauseRendering (102)
[2015.08.27-20.52.17:515][311]LogModuleManager: Shutting down and abandoning module ProfilerService (101)
[2015.08.27-20.52.17:589][311]LogModuleManager: Shutting down and abandoning module TaskGraph (100)
[2015.08.27-20.52.17:589][311]LogModuleManager: Shutting down and abandoning module SlateRemote (99)
[2015.08.27-20.52.17:589][311]LogModuleManager: Shutting down and abandoning module SteamVRController (98)
[2015.08.27-20.52.17:589][311]LogModuleManager: Shutting down and abandoning module SteamVR (97)
[2015.08.27-20.52.17:589][311]LogModuleManager: Shutting down and abandoning module ProceduralMeshComponent (96)
[2015.08.27-20.52.17:589][311]LogModuleManager: Shutting down and abandoning module OculusRift (95)
[2015.08.27-20.52.17:589][311]LogModuleManager: Shutting down and abandoning module LeapMotionController (94)
[2015.08.27-20.52.17:598][311]LogModuleManager: Shutting down and abandoning module CustomMeshComponent (93)
[2015.08.27-20.52.17:598][311]LogModuleManager: Shutting down and abandoning module CableComponent (92)
[2015.08.27-20.52.17:598][311]LogModuleManager: Shutting down and abandoning module DesktopPlatform (91)
[2015.08.27-20.52.17:598][311]LogModuleManager: Shutting down and abandoning module DirectoryWatcher (90)
[2015.08.27-20.52.17:598][311]LogModuleManager: Shutting down and abandoning module HotReload (89)
[2015.08.27-20.52.17:598][311]LogModuleManager: Shutting down and abandoning module VisualStudioSourceCodeAccess (88)
[2015.08.27-20.52.17:598][311]LogModuleManager: Shutting down and abandoning module UObjectPlugin (87)
[2015.08.27-20.52.17:598][311]LogModuleManager: Shutting down and abandoning module SubversionSourceControl (86)
[2015.08.27-20.52.17:598][311]LogModuleManager: Shutting down and abandoning module SourceControl (85)
[2015.08.27-20.52.17:598][311]LogModuleManager: Shutting down and abandoning module PerforceSourceControl (84)
[2015.08.27-20.52.17:598][311]LogModuleManager: Shutting down and abandoning module BlankPlugin (83)
[2015.08.27-20.52.17:598][311]LogModuleManager: Shutting down and abandoning module UdpMessaging (82)
[2015.08.27-20.52.17:598][311]LogModuleManager: Shutting down and abandoning module AssetRegistry (81)
[2015.08.27-20.52.17:598][311]LogModuleManager: Shutting down and abandoning module SubstanceCore (80)
[2015.08.27-20.52.17:598][311]LogModuleManager: Shutting down and abandoning module Paper2D (79)
[2015.08.27-20.52.17:598][311]LogModuleManager: Shutting down and abandoning module WindowsMoviePlayer (78)
[2015.08.27-20.52.17:606][311]LogModuleManager: Shutting down and abandoning module Media (77)
[2015.08.27-20.52.17:606][311]LogModuleManager: Shutting down and abandoning module WmfMedia (76)
[2015.08.27-20.52.17:608][311]LogModuleManager: Shutting down and abandoning module OnlineBlueprintSupport (75)
[2015.08.27-20.52.17:608][311]LogModuleManager: Shutting down and abandoning module PropertyEditor (74)
[2015.08.27-20.52.17:608][311]LogModuleManager: Shutting down and abandoning module BehaviorTreeEditor (73)
[2015.08.27-20.52.17:608][311]LogModuleManager: Shutting down and abandoning module FunctionalTesting (72)
[2015.08.27-20.52.17:608][311]LogModuleManager: Shutting down and abandoning module CollisionAnalyzer (71)
[2015.08.27-20.52.17:608][311]LogModuleManager: Shutting down and abandoning module WorkspaceMenuStructure (70)
[2015.08.27-20.52.17:608][311]LogModuleManager: Shutting down and abandoning module MessageLog (69)
[2015.08.27-20.52.17:608][311]LogModuleManager: Shutting down and abandoning module Sequencer (68)
[2015.08.27-20.52.17:608][311]LogModuleManager: Shutting down and abandoning module AssetTools (67)
[2015.08.27-20.52.17:608][311]LogModuleManager: Shutting down and abandoning module UMGEditor (66)
[2015.08.27-20.52.17:608][311]LogModuleManager: Shutting down and abandoning module UMG (65)
[2015.08.27-20.52.17:608][311]LogModuleManager: Shutting down and abandoning module Slate (64)
[2015.08.27-20.52.17:608][311]LogModuleManager: Shutting down and abandoning module EditorStyle (63)
[2015.08.27-20.52.17:611][311]LogModuleManager: Shutting down and abandoning module SessionServices (62)
[2015.08.27-20.52.17:611][311]LogModuleManager: Shutting down and abandoning module SourceCodeAccess (61)
[2015.08.27-20.52.17:611][311]LogModuleManager: Shutting down and abandoning module HeadMountedDisplay (60)
[2015.08.27-20.52.17:611][311]LogModuleManager: Shutting down and abandoning module XAudio2 (59)
[2015.08.27-20.52.17:611][311]LogModuleManager: Shutting down and abandoning module Networking (57)
[2015.08.27-20.52.17:611][311]LogModuleManager: Shutting down and abandoning module Core (56)
[2015.08.27-20.52.17:611][311]LogModuleManager: Shutting down and abandoning module KismetCompiler (55)
[2015.08.27-20.52.17:611][311]LogModuleManager: Shutting down and abandoning module PhysXFormats (54)
[2015.08.27-20.52.17:611][311]LogModuleManager: Shutting down and abandoning module MeshUtilities (53)
[2015.08.27-20.52.17:611][311]LogModuleManager: Shutting down and abandoning module DerivedDataCache (52)
[2015.08.27-20.52.18:059][311]LogDerivedDataCache: Shutdown
[2015.08.27-20.52.18:059][311]LogModuleManager: Shutting down and abandoning module ShaderFormatOpenGL (51)
[2015.08.27-20.52.18:059][311]LogModuleManager: Shutting down and abandoning module ShaderFormatD3D (50)
[2015.08.27-20.52.18:059][311]LogModuleManager: Shutting down and abandoning module MetalShaderFormat (49)
[2015.08.27-20.52.18:059][311]LogModuleManager: Shutting down and abandoning module TextureFormatUncompressed (48)
[2015.08.27-20.52.18:059][311]LogModuleManager: Shutting down and abandoning module TextureFormatPVR (47)
[2015.08.27-20.52.18:059][311]LogModuleManager: Shutting down and abandoning module TextureFormatIntelISPCTexComp (46)
[2015.08.27-20.52.18:059][311]LogModuleManager: Shutting down and abandoning module TextureFormatDXT (45)
[2015.08.27-20.52.18:059][311]LogModuleManager: Shutting down and abandoning module ImageWrapper (44)
[2015.08.27-20.52.18:059][311]LogModuleManager: Shutting down and abandoning module TextureFormatASTC (43)
[2015.08.27-20.52.18:059][311]LogModuleManager: Shutting down and abandoning module TextureFormatAndroid (42)
[2015.08.27-20.52.18:059][311]LogModuleManager: Shutting down and abandoning module AudioFormatOpus (41)
[2015.08.27-20.52.18:059][311]LogModuleManager: Shutting down and abandoning module AudioFormatOgg (40)
[2015.08.27-20.52.18:059][311]LogModuleManager: Shutting down and abandoning module AudioFormatADPCM (39)
[2015.08.27-20.52.18:059][311]LogModuleManager: Shutting down and abandoning module LinuxTargetPlatform (38)
[2015.08.27-20.52.18:059][311]LogModuleManager: Shutting down and abandoning module LinuxServerTargetPlatform (37)
[2015.08.27-20.52.18:059][311]LogModuleManager: Shutting down and abandoning module LinuxNoEditorTargetPlatform (36)
[2015.08.27-20.52.18:059][311]LogModuleManager: Shutting down and abandoning module Messaging (35)
[2015.08.27-20.52.18:059][311]LogModuleManager: Shutting down and abandoning module IOSTargetPlatform (34)
[2015.08.27-20.52.18:059][311]LogModuleManager: Shutting down and abandoning module HTML5TargetPlatform (33)
[2015.08.27-20.52.18:059][311]LogModuleManager: Shutting down and abandoning module Android_PVRTCTargetPlatform (32)
[2015.08.27-20.52.18:059][311]LogModuleManager: Shutting down and abandoning module Android_ETC2TargetPlatform (31)
[2015.08.27-20.52.18:059][311]LogModuleManager: Shutting down and abandoning module Android_ETC1TargetPlatform (30)
[2015.08.27-20.52.18:059][311]LogModuleManager: Shutting down and abandoning module Android_DXTTargetPlatform (29)
[2015.08.27-20.52.18:059][311]LogModuleManager: Shutting down and abandoning module Android_ATCTargetPlatform (28)
[2015.08.27-20.52.18:059][311]LogModuleManager: Shutting down and abandoning module Android_ASTCTargetPlatform (27)
[2015.08.27-20.52.18:059][311]LogModuleManager: Shutting down and abandoning module AndroidTargetPlatform (26)
[2015.08.27-20.52.18:059][311]LogModuleManager: Shutting down and abandoning module WindowsTargetPlatform (25)
[2015.08.27-20.52.18:059][311]LogModuleManager: Shutting down and abandoning module WindowsServerTargetPlatform (24)
[2015.08.27-20.52.18:059][311]LogModuleManager: Shutting down and abandoning module WindowsNoEditorTargetPlatform (23)
[2015.08.27-20.52.18:059][311]LogModuleManager: Shutting down and abandoning module WindowsClientTargetPlatform (22)
[2015.08.27-20.52.18:059][311]LogModuleManager: Shutting down and abandoning module DesktopTargetPlatform (21)
[2015.08.27-20.52.18:059][311]LogModuleManager: Shutting down and abandoning module TargetPlatform (20)
[2015.08.27-20.52.18:059][311]LogModuleManager: Shutting down and abandoning module InputCore (19)
[2015.08.27-20.52.18:059][311]LogModuleManager: Shutting down and abandoning module Settings (18)
[2015.08.27-20.52.18:059][311]LogModuleManager: Shutting down and abandoning module OnlineSubsystem (16)
[2015.08.27-20.52.18:059][311]LogModuleManager: Shutting down and abandoning module HTTP (15)
[2015.08.27-20.52.18:059][311]LogModuleManager: Shutting down and abandoning module ExampleDeviceProfileSelector (14)
[2015.08.27-20.52.18:059][311]LogModuleManager: Shutting down and abandoning module TextureCompressor (13)
[2015.08.27-20.52.18:059][311]LogModuleManager: Shutting down and abandoning module ShaderCore (12)
[2015.08.27-20.52.18:059][311]LogModuleManager: Shutting down and abandoning module Landscape (11)
[2015.08.27-20.52.18:059][311]LogModuleManager: Shutting down and abandoning module SlateRHIRenderer (10)
[2015.08.27-20.52.18:060][311]LogModuleManager: Shutting down and abandoning module OpenGLDrv (9)
[2015.08.27-20.52.18:060][311]LogModuleManager: Shutting down and abandoning module D3D11RHI (8)
[2015.08.27-20.52.18:060][311]LogModuleManager: Shutting down and abandoning module Renderer (7)
[2015.08.27-20.52.18:060][311]LogModuleManager: Shutting down and abandoning module Engine (6)
[2015.08.27-20.52.18:060][311]LogModuleManager: Shutting down and abandoning module CoreUObject (5)
[2015.08.27-20.52.18:060][311]LogModuleManager: Shutting down and abandoning module NetworkFile (4)
[2015.08.27-20.52.18:060][311]LogModuleManager: Shutting down and abandoning module StreamingFile (3)
[2015.08.27-20.52.18:060][311]LogModuleManager: Shutting down and abandoning module SandboxFile (2)
[2015.08.27-20.52.18:060][311]LogModuleManager: Shutting down and abandoning module PakFile (1)
[2015.08.27-20.52.18:060][311]LogExit: Exiting.
[2015.08.27-20.52.18:062][311]Log file closed, 08/27/15 22:52:18
