[2015.08.27-20.40.49:105][  0]Log file open, 08/27/15 22:40:49
[2015.08.27-20.40.49:105][  0]LogInit:Display: Running engine for game: NotPartofGame
[2015.08.27-20.40.49:105][  0]LogInit:Display: RandInit(787098899) SRandInit(787098899).
[2015.08.27-20.40.49:105][  0]LogTaskGraph: Started task graph with 4 named threads and 7 total threads.
[2015.08.27-20.40.49:105][  0]LogStats: Stats thread started
[2015.08.27-20.40.49:105][  0]LogInit: Version: 4.8.3-2634408+++depot+UE4-Releases+4.8
[2015.08.27-20.40.49:105][  0]LogInit: API Version: 2579680
[2015.08.27-20.40.49:105][  0]LogInit: Compiled (64-bit): Jul 27 2015 16:24:33
[2015.08.27-20.40.49:105][  0]LogInit: Compiled with Visual C++: 18.00.21005.01
[2015.08.27-20.40.49:105][  0]LogInit: Build Configuration: Development
[2015.08.27-20.40.49:105][  0]LogInit: Branch Name: ++depot+UE4-Releases+4.8
[2015.08.27-20.40.49:105][  0]LogInit: Command line:  /Temp/Autosaves/Game/NPOTG/Maps/UEDPCTesting_Level -game -PIEVIACONSOLE -ResX=1280 -ResY=720  -Multiprocess 
[2015.08.27-20.40.49:105][  0]LogInit: Base directory: C:/Users/Bodoo/Documents/Programmieren/4.8/Engine/Binaries/Win64/
[2015.08.27-20.40.49:105][  0]LogInit: Rocket: 1
[2015.08.27-20.40.49:122][  0]LogInit: Using libcurl 7.41.0
[2015.08.27-20.40.49:122][  0]LogInit:  - built for x86_64-pc-win32
[2015.08.27-20.40.49:122][  0]LogInit:  - supports SSL with WinSSL
[2015.08.27-20.40.49:122][  0]LogInit:  - other features:
[2015.08.27-20.40.49:122][  0]LogInit:      CURL_VERSION_SSL
[2015.08.27-20.40.49:122][  0]LogInit:      CURL_VERSION_IPV6
[2015.08.27-20.40.49:122][  0]LogInit:      CURL_VERSION_ASYNCHDNS
[2015.08.27-20.40.49:122][  0]LogInit:      CURL_VERSION_LARGEFILE
[2015.08.27-20.40.49:122][  0]LogInit:      CURL_VERSION_IDN
[2015.08.27-20.40.49:122][  0]LogInit:  CurlRequestOptions (configurable via config and command line):
[2015.08.27-20.40.49:122][  0]LogInit:  - bVerifyPeer = true  - Libcurl will verify peer certificate
[2015.08.27-20.40.49:122][  0]LogInit:  - bUseHttpProxy = false  - Libcurl will NOT use HTTP proxy
[2015.08.27-20.40.49:122][  0]LogInit:  - bDontReuseConnections = false  - Libcurl will reuse connections
[2015.08.27-20.40.49:122][  0]LogInit:  - CertBundlePath = nullptr  - Libcurl will use whatever was configured at build time.
[2015.08.27-20.40.49:138][  0]LogOnline:Warning: No default platform service specified for OnlineSubsystem
[2015.08.27-20.40.49:156][  0]LogInit: Presizing for 0 objects not considered by GC, pre-allocating 0 bytes.
[2015.08.27-20.40.49:165][  0]LogInit: Object subsystem initialized
[2015.08.27-20.40.49:166][  0]LogConsoleResponse:Warning: Skipping Unknown console variable: 'UIScaleCurve = (EditorCurveData=(Keys=((Time=480.000000,Value=0.444000),(Time=720.000000,Value=0.666000),(Time=1080.000000,Value=1.000000),(Time=8640.000000,Value=8.000000))),ExternalCurve=None)'
[2015.08.27-20.40.49:166][  0]LogConsoleResponse:Warning:   Found in ini file 'C:/Users/Bodoo/Documents/Programmieren/Projekte/NotPartofTheGame/Saved/Config/Windows/Engine.ini', in section '[/Script/Engine.RendererSettings]'
[2015.08.27-20.40.49:167][  0]LogConsoleManager:Warning: Console variable 'r.MSAA.CompositingSampleCount' wasn't set ('Scalability' has a lower priority than 'ProjectSetting')
[2015.08.27-20.40.49:167][  0]LogInit: Selected Device Profile: [Windows]
[2015.08.27-20.40.49:167][  0]LogInit: Applying CVar settings loaded from the selected device profile: [Windows]
[2015.08.27-20.40.49:170][  0]LogInit: Computer: DESKTOP-GLF6O4V
[2015.08.27-20.40.49:170][  0]LogInit: User: Bodoo
[2015.08.27-20.40.49:170][  0]LogInit: CPU Page size=4096, Cores=4
[2015.08.27-20.40.49:170][  0]LogInit: High frequency timer resolution =3.215356 MHz
[2015.08.27-20.40.49:170][  0]LogMemory: Memory total: Physical=12.0GB (12GB approx)
[2015.08.27-20.40.49:170][  0]LogMemory: Platform Memory Stats for Windows
[2015.08.27-20.40.49:170][  0]LogMemory: Process Physical Memory: 50.13 MB used, 50.13 MB peak
[2015.08.27-20.40.49:170][  0]LogMemory: Process Virtual Memory: 22.51 MB used, 22.51 MB peak
[2015.08.27-20.40.49:170][  0]LogMemory: Physical Memory: 3395.80 MB used, 12270.70 MB total
[2015.08.27-20.40.49:170][  0]LogMemory: Virtual Memory: 310.49 MB used, 134217728.00 MB total
[2015.08.27-20.40.49:200][  0]LogTextLocalizationManager: The requested culture ('de_DE') has no localization data; falling back to 'en' for localization and internationalization data.
[2015.08.27-20.40.49:466][  0]LogTextLocalizationManager:Warning: Loaded localization resources contain conflicting entries for (Namespace:ContentBrowser, Key:ImportAssetToolTip):
Localization Resource: (C:/Users/Bodoo/Documents/Programmieren/4.8/Engine/Content/Localization/Editor/en/Editor.locres) Source String Hash: (-630476809) Localized String: (Import to {0}...)
Localization Resource: (C:/Users/Bodoo/Documents/Programmieren/4.8/Engine/Content/Localization/Editor/en/Editor.locres) Source String Hash: (1271782899) Localized String: (Imports an asset from file to this folder.)
[2015.08.27-20.40.49:824][  0]LogD3D11RHI: Found D3D11 adapter 0: AMD Radeon HD 6800 Series (Feature Level 11_0)
[2015.08.27-20.40.49:824][  0]LogD3D11RHI: Adapter has 1011MB of dedicated video memory, 0MB of dedicated system memory, and 3840MB of shared system memory, 1 output[s]
[2015.08.27-20.40.49:825][  0]LogD3D11RHI: Found D3D11 adapter 1: Microsoft Basic Render Driver (Feature Level 11_0)
[2015.08.27-20.40.49:825][  0]LogD3D11RHI: Adapter has 0MB of dedicated video memory, 0MB of dedicated system memory, and 6135MB of shared system memory, 0 output[s]
[2015.08.27-20.40.49:825][  0]LogD3D11RHI: Chosen D3D11 Adapter Id = 0
[2015.08.27-20.40.49:828][  0]LogD3D11RHI: InitD3DDevice
[2015.08.27-20.40.49:828][  0]LogD3D11RHI: !Direct3DDevice
[2015.08.27-20.40.49:828][  0]LogRHI: Texture pool is 708 MB (70% of 1011 MB)
[2015.08.27-20.40.49:834][  0]LogD3D11RHI: Async texture creation disabled: no driver support
[2015.08.27-20.40.49:846][  0]LogShaderCompilers:Display: Using Local Shader Compiler.
[2015.08.27-20.40.50:656][  0]LogTemp:Display: Loaded TP DesktopTargetPlatform
[2015.08.27-20.40.50:672][  0]LogTemp:Display: Loaded TP WindowsClientTargetPlatform
[2015.08.27-20.40.50:687][  0]LogTemp:Display: Loaded TP WindowsNoEditorTargetPlatform
[2015.08.27-20.40.50:702][  0]LogTemp:Display: Loaded TP WindowsServerTargetPlatform
[2015.08.27-20.40.50:719][  0]LogTemp:Display: Loaded TP WindowsTargetPlatform
[2015.08.27-20.40.50:732][  0]LogTemp:Display: Loaded TP AndroidTargetPlatform
[2015.08.27-20.40.50:745][  0]LogTemp:Display: Loaded TP Android_ASTCTargetPlatform
[2015.08.27-20.40.50:757][  0]LogTemp:Display: Loaded TP Android_ATCTargetPlatform
[2015.08.27-20.40.50:769][  0]LogTemp:Display: Loaded TP Android_DXTTargetPlatform
[2015.08.27-20.40.50:783][  0]LogTemp:Display: Loaded TP Android_ETC1TargetPlatform
[2015.08.27-20.40.50:797][  0]LogTemp:Display: Loaded TP Android_ETC2TargetPlatform
[2015.08.27-20.40.50:810][  0]LogTemp:Display: Loaded TP Android_PVRTCTargetPlatform
[2015.08.27-20.40.50:859][  0]LogTemp:Display: Loaded TP IOSTargetPlatform
[2015.08.27-20.40.50:871][  0]LogTemp:Display: Loaded TP LinuxNoEditorTargetPlatform
[2015.08.27-20.40.50:884][  0]LogTemp:Display: Loaded TP LinuxServerTargetPlatform
[2015.08.27-20.40.50:899][  0]LogTemp:Display: Loaded TP LinuxTargetPlatform
[2015.08.27-20.40.50:899][  0]LogTargetPlatformManager:Display: Building Assets For Windows
[2015.08.27-20.40.51:114][  0]LogDerivedDataCache:Display: Max Cache Size: 512 MB
[2015.08.27-20.40.51:175][  0]LogDerivedDataCache: Loaded boot cache 0.06s 53MB C:/Users/Bodoo/AppData/Local/UnrealEngine/4.8/DerivedDataCache/Boot.ddc.
[2015.08.27-20.40.51:175][  0]LogDerivedDataCache:Display: Loaded Boot cache: C:/Users/Bodoo/AppData/Local/UnrealEngine/4.8/DerivedDataCache/Boot.ddc
[2015.08.27-20.40.51:175][  0]LogDerivedDataCache: FDerivedDataBackendGraph:  Pak pak cache file ../../../../Projekte/NotPartofTheGame/DerivedDataCache/DDC.ddp not found, will not use a pak cache.
[2015.08.27-20.40.51:175][  0]LogDerivedDataCache: Unable to find inner node Pak for hierarchical cache Hierarchy.
[2015.08.27-20.40.51:175][  0]LogDerivedDataCache: FDerivedDataBackendGraph:  CompressedPak pak cache file ../../../../Projekte/NotPartofTheGame/DerivedDataCache/Compressed.ddp not found, will not use a pak cache.
[2015.08.27-20.40.51:175][  0]LogDerivedDataCache: Unable to find inner node CompressedPak for hierarchical cache Hierarchy.
[2015.08.27-20.40.51:330][  0]LogDerivedDataCache:Display: Pak cache opened for reading ../../../Engine/DerivedDataCache/Compressed.ddp.
[2015.08.27-20.40.51:341][  0]LogDerivedDataCache: Using Local data cache path C:/Users/Bodoo/AppData/Local/UnrealEngine/Common/DerivedDataCache: Writable
[2015.08.27-20.40.51:581][  0]LogInit: Selected Device Profile: [Windows]
[2015.08.27-20.40.51:668][  0]ImportText (ComponentSweepMultiTests): Missing closing parenthesis: (RootShapeAsset="/Engine/BasicShapes/Cube.Cube",ShapeType="TriggerCapsule",HitResult=(Time=0.50,Location=(X=-100.000015,Y=0.0,Z=100.000015),ImpactPoint=(X=-50.0,Y=0.0,Z=50.0),Normal=(X=-1.0,Y=-0.0,Z=0.0),ImpactNormal=(X=0.0,Y=0.0,Z=1.0),TraceStart=(X=-200.0,Y=0.0,Z=200.0),TraceEnd=(X=0.0,Y=0.0,Z=0.0))
[2015.08.27-20.40.51:668][  0]ImportText (LineTraceSingleByChannelTests): Missing closing parenthesis: (RootShapeAsset="/Engine/BasicShapes/Cube.Cube",HitResult=(Time=0.50,Location=(X=-100.000015,Y=0.0,Z=100.000015),ImpactPoint=(X=-50.0,Y=0.0,Z=50.0),Normal=(X=-1.0,Y=-0.0,Z=0.0),ImpactNormal=(X=0.0,Y=0.0,Z=1.0),TraceStart=(X=-200.0,Y=0.0,Z=200.0),TraceEnd=(X=0.0,Y=0.0,Z=0.0))
[2015.08.27-20.40.51:697][  0]LogMeshUtilities: No automatic mesh reduction module available
[2015.08.27-20.40.51:697][  0]LogMeshUtilities: No automatic mesh merging module available
[2015.08.27-20.40.51:986][  0]LogInit: WinSock: version 1.1 (2.2), MaxSocks=32767, MaxUdp=65467
[2015.08.27-20.40.52:438][  0]LogD3D11RHI: InitD3DDevice
[2015.08.27-20.40.52:442][  0]LogWindowsMoviePlayer: Unable to load movie: ../../../../Projekte/NotPartofTheGame/Content/Movies/Default_Startup.mp4
[2015.08.27-20.40.52:587][  0]LogAssetRegistry: FAssetRegistry took 0.0001 seconds to start up
[2015.08.27-20.40.52:634][  0]SourceControl: Info Source control is disabled
[2015.08.27-20.40.52:634][  0]SourceControl: Info Source control is disabled
[2015.08.27-20.40.52:645][  0]SourceControl: Info Source control is disabled
[2015.08.27-20.40.52:838][  0]LogObj: 25913 objects as part of root set at end of initial load.
[2015.08.27-20.40.52:838][  0]LogUObjectAllocator: 5218488 out of 0 bytes used by permanent object pool.
[2015.08.27-20.40.52:909][  0]LogAutomationTest:Warning: ERR: Transient text cannot be serialized "Testing Transient serialization detection".
[2015.08.27-20.40.52:909][  0]LogEngine: Initializing Engine...
[2015.08.27-20.40.52:912][  0]LogHMD: Can't find Oculus library dev build: is proper Runtime installed? Version: 0.6.0.0
[2015.08.27-20.40.52:913][  0]LogHMD:Warning: SteamVR failed to initialize.  Error: 110
[2015.08.27-20.40.53:004][  0]LogInit: XAudio2 using 'Lautsprecher (G510s Gaming Keyboard)' : 2 channels at 48 kHz using 16 bits per sample (channel mask 0x3)
[2015.08.27-20.40.53:010][  0]LogInit: FAudioDevice initialized.
[2015.08.27-20.40.53:018][  0]LogInit: Texture streaming: Disabled
[2015.08.27-20.40.53:084][  0]LogNet: Browse: /Temp/Autosaves/Game/NPOTG/Maps/UEDPCTesting_Level?Name=Player
[2015.08.27-20.40.53:084][  0]LogLoad: LoadMap: /Temp/Autosaves/Game/NPOTG/Maps/UEDPCTesting_Level?Name=Player
[2015.08.27-20.40.53:095][  0]LogParticles: Destroying 0 GPU particle simulations for FXSystem 0x000000934B987560
[2015.08.27-20.40.53:104][  0]LogMemory: Platform Memory Stats for Windows
[2015.08.27-20.40.53:104][  0]LogMemory: Process Physical Memory: 333.95 MB used, 333.95 MB peak
[2015.08.27-20.40.53:104][  0]LogMemory: Process Virtual Memory: 371.24 MB used, 371.24 MB peak
[2015.08.27-20.40.53:104][  0]LogMemory: Physical Memory: 3625.17 MB used, 12270.70 MB total
[2015.08.27-20.40.53:104][  0]LogMemory: Virtual Memory: 889.37 MB used, 134217728.00 MB total
[2015.08.27-20.40.53:104][  0]LogMemory: 
[2015.08.27-20.40.53:104][  0]Allocator Stats for TBB: (not implemented)
[2015.08.27-20.40.54:046][  0]LogProperty:Warning: ERR: Transient text cannot be serialized "NewRotation Roll".
[2015.08.27-20.40.54:046][  0]LogProperty:Warning: ERR: Transient text cannot be serialized "NewRotation Yaw".
[2015.08.27-20.40.54:047][  0]LogProperty:Warning: ERR: Transient text cannot be serialized "NewRotation Pitch".
[2015.08.27-20.40.54:047][  0]LogProperty:Warning: ERR: Transient text cannot be serialized "NewRotation Roll".
[2015.08.27-20.40.54:047][  0]LogProperty:Warning: ERR: Transient text cannot be serialized "NewRotation Yaw".
[2015.08.27-20.40.54:047][  0]LogProperty:Warning: ERR: Transient text cannot be serialized "NewRotation Pitch".
[2015.08.27-20.40.54:099][  0]LogProperty:Warning: ERR: Transient text cannot be serialized "NewRotation Roll".
[2015.08.27-20.40.54:099][  0]LogProperty:Warning: ERR: Transient text cannot be serialized "NewRotation Yaw".
[2015.08.27-20.40.54:099][  0]LogProperty:Warning: ERR: Transient text cannot be serialized "NewRotation Pitch".
[2015.08.27-20.40.54:099][  0]LogProperty:Warning: ERR: Transient text cannot be serialized "NewRotation Roll".
[2015.08.27-20.40.54:099][  0]LogProperty:Warning: ERR: Transient text cannot be serialized "NewRotation Yaw".
[2015.08.27-20.40.54:099][  0]LogProperty:Warning: ERR: Transient text cannot be serialized "NewRotation Pitch".
[2015.08.27-20.40.54:975][  0]LogAIModule: Creating AISystem for world Testing_Level
[2015.08.27-20.40.54:975][  0]LogWorld: Game class is '2DSideScrollerGameMode_C'
[2015.08.27-20.40.55:028][  0]LogWorld: Bringing World /Temp/Autosaves/Game/NPOTG/Maps/UEDPCTesting_Level.Testing_Level up for play (max tick rate 0) at 2015.08.27-22.40.55
[2015.08.27-20.40.55:038][  0]LogWorld: Bringing up level for play took: 0.060956
[2015.08.27-20.40.55:042][  0]LogInit:Display: Game Engine Initialized.
[2015.08.27-20.40.55:267][  0]LogLoad: Full Startup: 7.89 seconds (BP compile: 1.01 seconds)
[2015.08.27-20.40.55:285][  0]LogContentStreaming: Texture pool size is 1000.000000MB
[2015.08.27-20.40.55:417][  0]LogRenderer: Reallocating scene render targets to support 1280x720 (Frame:2).
[2015.08.27-20.40.58:259][168]LogBlueprintUserMessages: 0.991823
[2015.08.27-20.40.58:259][168]LogBlueprintUserMessages: 0.991823
[2015.08.27-20.40.58:259][168]LogBlueprintUserMessages: 0.991823
[2015.08.27-20.40.58:259][168]LogBlueprintUserMessages: 0.991823
[2015.08.27-20.40.58:275][169]LogBlueprintUserMessages: 0.9972
[2015.08.27-20.40.58:275][169]LogBlueprintUserMessages: 0.9972
[2015.08.27-20.40.58:275][169]LogBlueprintUserMessages: 0.9972
[2015.08.27-20.40.58:275][169]LogBlueprintUserMessages: 0.9972
[2015.08.27-20.40.58:291][170]LogBlueprintUserMessages: 0.997424
[2015.08.27-20.40.58:291][170]LogBlueprintUserMessages: 0.997424
[2015.08.27-20.40.58:291][170]LogBlueprintUserMessages: 0.997424
[2015.08.27-20.40.58:291][170]LogBlueprintUserMessages: 0.997424
[2015.08.27-20.40.58:307][171]LogBlueprintUserMessages: 0.992047
[2015.08.27-20.40.58:307][171]LogBlueprintUserMessages: 0.992047
[2015.08.27-20.40.58:307][171]LogBlueprintUserMessages: 0.992047
[2015.08.27-20.40.58:307][171]LogBlueprintUserMessages: 0.992047
[2015.08.27-20.41.01:267][354]LogBlueprintUserMessages: 0.005463
[2015.08.27-20.41.01:267][354]LogBlueprintUserMessages: 0.005463
[2015.08.27-20.41.01:267][354]LogBlueprintUserMessages: 0.005463
[2015.08.27-20.41.01:267][354]LogBlueprintUserMessages: 0.005463
[2015.08.27-20.41.01:283][355]LogBlueprintUserMessages: 0.000087
[2015.08.27-20.41.01:283][355]LogBlueprintUserMessages: 0.000087
[2015.08.27-20.41.01:283][355]LogBlueprintUserMessages: 0.000087
[2015.08.27-20.41.01:283][355]LogBlueprintUserMessages: 0.000087
[2015.08.27-20.41.01:299][356]LogBlueprintUserMessages: 0.0
[2015.08.27-20.41.01:299][356]LogBlueprintUserMessages: 0.0
[2015.08.27-20.41.01:299][356]LogBlueprintUserMessages: 0.005289
[2015.08.27-20.41.01:299][356]LogBlueprintUserMessages: 0.0
[2015.08.27-20.41.01:299][356]LogBlueprintUserMessages: 0.0
[2015.08.27-20.41.01:299][356]LogBlueprintUserMessages: 0.005289
[2015.08.27-20.41.01:299][356]LogBlueprintUserMessages: 0.0
[2015.08.27-20.41.01:299][356]LogBlueprintUserMessages: 0.0
[2015.08.27-20.41.01:299][356]LogBlueprintUserMessages: 0.005289
[2015.08.27-20.41.01:299][356]LogBlueprintUserMessages: 0.0
[2015.08.27-20.41.01:299][356]LogBlueprintUserMessages: 0.0
[2015.08.27-20.41.01:299][356]LogBlueprintUserMessages: 0.005289
[2015.08.27-20.41.04:267][540]LogBlueprintUserMessages: 0.994593
[2015.08.27-20.41.04:267][540]LogBlueprintUserMessages: 0.994593
[2015.08.27-20.41.04:267][540]LogBlueprintUserMessages: 0.994593
[2015.08.27-20.41.04:267][540]LogBlueprintUserMessages: 0.994593
[2015.08.27-20.41.04:283][541]LogBlueprintUserMessages: 0.999969
[2015.08.27-20.41.04:283][541]LogBlueprintUserMessages: 0.999969
[2015.08.27-20.41.04:283][541]LogBlueprintUserMessages: 0.999969
[2015.08.27-20.41.04:283][541]LogBlueprintUserMessages: 0.999969
[2015.08.27-20.41.04:299][542]LogBlueprintUserMessages: 0.994654
[2015.08.27-20.41.04:299][542]LogBlueprintUserMessages: 0.994654
[2015.08.27-20.41.04:299][542]LogBlueprintUserMessages: 0.994654
[2015.08.27-20.41.04:299][542]LogBlueprintUserMessages: 0.994654
[2015.08.27-20.41.07:267][726]LogBlueprintUserMessages: 0.005372
[2015.08.27-20.41.07:267][726]LogBlueprintUserMessages: 0.005372
[2015.08.27-20.41.07:267][726]LogBlueprintUserMessages: 0.005372
[2015.08.27-20.41.07:267][726]LogBlueprintUserMessages: 0.005372
[2015.08.27-20.41.07:283][727]LogBlueprintUserMessages: 0.0
[2015.08.27-20.41.07:283][727]LogBlueprintUserMessages: 0.0
[2015.08.27-20.41.07:283][727]LogBlueprintUserMessages: 0.000007
[2015.08.27-20.41.07:283][727]LogBlueprintUserMessages: 0.0
[2015.08.27-20.41.07:283][727]LogBlueprintUserMessages: 0.0
[2015.08.27-20.41.07:283][727]LogBlueprintUserMessages: 0.000007
[2015.08.27-20.41.07:283][727]LogBlueprintUserMessages: 0.0
[2015.08.27-20.41.07:283][727]LogBlueprintUserMessages: 0.0
[2015.08.27-20.41.07:283][727]LogBlueprintUserMessages: 0.000007
[2015.08.27-20.41.07:283][727]LogBlueprintUserMessages: 0.0
[2015.08.27-20.41.07:283][727]LogBlueprintUserMessages: 0.0
[2015.08.27-20.41.07:283][727]LogBlueprintUserMessages: 0.000007
[2015.08.27-20.41.07:299][728]LogBlueprintUserMessages: 0.005384
[2015.08.27-20.41.07:299][728]LogBlueprintUserMessages: 0.005384
[2015.08.27-20.41.07:299][728]LogBlueprintUserMessages: 0.005384
[2015.08.27-20.41.07:299][728]LogBlueprintUserMessages: 0.005384
[2015.08.27-20.41.10:268][912]LogBlueprintUserMessages: 0.994724
[2015.08.27-20.41.10:268][912]LogBlueprintUserMessages: 0.994724
[2015.08.27-20.41.10:268][912]LogBlueprintUserMessages: 0.994724
[2015.08.27-20.41.10:268][912]LogBlueprintUserMessages: 0.994724
[2015.08.27-20.41.10:284][913]LogBlueprintUserMessages: 0.9999
[2015.08.27-20.41.10:284][913]LogBlueprintUserMessages: 0.9999
[2015.08.27-20.41.10:284][913]LogBlueprintUserMessages: 0.9999
[2015.08.27-20.41.10:284][913]LogBlueprintUserMessages: 0.9999
[2015.08.27-20.41.10:300][914]LogBlueprintUserMessages: 0.994523
[2015.08.27-20.41.10:300][914]LogBlueprintUserMessages: 0.994523
[2015.08.27-20.41.10:300][914]LogBlueprintUserMessages: 0.994523
[2015.08.27-20.41.10:300][914]LogBlueprintUserMessages: 0.994523
[2015.08.27-20.41.13:268][ 98]LogBlueprintUserMessages: 0.005235
[2015.08.27-20.41.13:268][ 98]LogBlueprintUserMessages: 0.005235
[2015.08.27-20.41.13:268][ 98]LogBlueprintUserMessages: 0.005235
[2015.08.27-20.41.13:284][ 99]LogBlueprintUserMessages: 0.0
[2015.08.27-20.41.13:284][ 99]LogBlueprintUserMessages: 0.0
[2015.08.27-20.41.13:284][ 99]LogBlueprintUserMessages: 0.000141
[2015.08.27-20.41.13:284][ 99]LogBlueprintUserMessages: 0.0
[2015.08.27-20.41.13:284][ 99]LogBlueprintUserMessages: 0.0
[2015.08.27-20.41.13:284][ 99]LogBlueprintUserMessages: 0.000141
[2015.08.27-20.41.13:284][ 99]LogBlueprintUserMessages: 0.0
[2015.08.27-20.41.13:284][ 99]LogBlueprintUserMessages: 0.0
[2015.08.27-20.41.13:284][ 99]LogBlueprintUserMessages: 0.000141
[2015.08.27-20.41.13:300][100]LogBlueprintUserMessages: 0.005518
[2015.08.27-20.41.13:300][100]LogBlueprintUserMessages: 0.005518
[2015.08.27-20.41.13:300][100]LogBlueprintUserMessages: 0.005518
[2015.08.27-20.41.16:267][284]LogBlueprintUserMessages: 0.994784
[2015.08.27-20.41.16:268][284]LogBlueprintUserMessages: 0.994784
[2015.08.27-20.41.16:268][284]LogBlueprintUserMessages: 0.994784
[2015.08.27-20.41.16:284][285]LogBlueprintUserMessages: 0.999839
[2015.08.27-20.41.16:284][285]LogBlueprintUserMessages: 0.999839
[2015.08.27-20.41.16:284][285]LogBlueprintUserMessages: 0.999839
[2015.08.27-20.41.16:300][286]LogBlueprintUserMessages: 0.994463
[2015.08.27-20.41.16:300][286]LogBlueprintUserMessages: 0.994463
[2015.08.27-20.41.16:300][286]LogBlueprintUserMessages: 0.994463
[2015.08.27-20.41.19:268][470]LogBlueprintUserMessages: 0.005193
[2015.08.27-20.41.19:268][470]LogBlueprintUserMessages: 0.005193
[2015.08.27-20.41.19:268][470]LogBlueprintUserMessages: 0.005193
[2015.08.27-20.41.19:284][471]LogBlueprintUserMessages: 0.0
[2015.08.27-20.41.19:284][471]LogBlueprintUserMessages: 0.0
[2015.08.27-20.41.19:284][471]LogBlueprintUserMessages: 0.000184
[2015.08.27-20.41.19:284][471]LogBlueprintUserMessages: 0.0
[2015.08.27-20.41.19:284][471]LogBlueprintUserMessages: 0.0
[2015.08.27-20.41.19:284][471]LogBlueprintUserMessages: 0.000184
[2015.08.27-20.41.19:284][471]LogBlueprintUserMessages: 0.0
[2015.08.27-20.41.19:284][471]LogBlueprintUserMessages: 0.0
[2015.08.27-20.41.19:284][471]LogBlueprintUserMessages: 0.000184
[2015.08.27-20.41.19:300][472]LogBlueprintUserMessages: 0.00556
[2015.08.27-20.41.19:300][472]LogBlueprintUserMessages: 0.00556
[2015.08.27-20.41.19:300][472]LogBlueprintUserMessages: 0.00556
[2015.08.27-20.41.22:268][656]LogBlueprintUserMessages: 0.994859
[2015.08.27-20.41.22:268][656]LogBlueprintUserMessages: 0.994859
[2015.08.27-20.41.22:268][656]LogBlueprintUserMessages: 0.994859
[2015.08.27-20.41.22:284][657]LogBlueprintUserMessages: 0.999765
[2015.08.27-20.41.22:284][657]LogBlueprintUserMessages: 0.999765
[2015.08.27-20.41.22:284][657]LogBlueprintUserMessages: 0.999765
[2015.08.27-20.41.22:300][658]LogBlueprintUserMessages: 0.994388
[2015.08.27-20.41.22:300][658]LogBlueprintUserMessages: 0.994388
[2015.08.27-20.41.22:300][658]LogBlueprintUserMessages: 0.994388
[2015.08.27-20.41.25:269][842]LogBlueprintUserMessages: 0.005098
[2015.08.27-20.41.25:269][842]LogBlueprintUserMessages: 0.005098
[2015.08.27-20.41.25:269][842]LogBlueprintUserMessages: 0.005098
[2015.08.27-20.41.25:285][843]LogBlueprintUserMessages: 0.0
[2015.08.27-20.41.25:285][843]LogBlueprintUserMessages: 0.0
[2015.08.27-20.41.25:285][843]LogBlueprintUserMessages: 0.000278
[2015.08.27-20.41.25:285][843]LogBlueprintUserMessages: 0.0
[2015.08.27-20.41.25:285][843]LogBlueprintUserMessages: 0.0
[2015.08.27-20.41.25:285][843]LogBlueprintUserMessages: 0.000278
[2015.08.27-20.41.25:285][843]LogBlueprintUserMessages: 0.0
[2015.08.27-20.41.25:285][843]LogBlueprintUserMessages: 0.0
[2015.08.27-20.41.25:285][843]LogBlueprintUserMessages: 0.000278
[2015.08.27-20.41.25:301][844]LogBlueprintUserMessages: 0.005655
[2015.08.27-20.41.25:301][844]LogBlueprintUserMessages: 0.005655
[2015.08.27-20.41.25:301][844]LogBlueprintUserMessages: 0.005655
[2015.08.27-20.41.28:268][ 28]LogBlueprintUserMessages: 0.994946
[2015.08.27-20.41.28:268][ 28]LogBlueprintUserMessages: 0.994946
[2015.08.27-20.41.28:284][ 29]LogBlueprintUserMessages: 0.999677
[2015.08.27-20.41.28:284][ 29]LogBlueprintUserMessages: 0.999677
[2015.08.27-20.41.28:301][ 30]LogBlueprintUserMessages: 0.994301
[2015.08.27-20.41.28:301][ 30]LogBlueprintUserMessages: 0.994301
[2015.08.27-20.41.31:269][214]LogBlueprintUserMessages: 0.005023
[2015.08.27-20.41.31:269][214]LogBlueprintUserMessages: 0.005023
[2015.08.27-20.41.31:285][215]LogBlueprintUserMessages: 0.0
[2015.08.27-20.41.31:285][215]LogBlueprintUserMessages: 0.0
[2015.08.27-20.41.31:285][215]LogBlueprintUserMessages: 0.000353
[2015.08.27-20.41.31:285][215]LogBlueprintUserMessages: 0.0
[2015.08.27-20.41.31:285][215]LogBlueprintUserMessages: 0.0
[2015.08.27-20.41.31:285][215]LogBlueprintUserMessages: 0.000353
[2015.08.27-20.41.31:301][216]LogBlueprintUserMessages: 0.00573
[2015.08.27-20.41.31:301][216]LogBlueprintUserMessages: 0.00573
[2015.08.27-20.41.34:269][400]LogBlueprintUserMessages: 0.995022
[2015.08.27-20.41.34:269][400]LogBlueprintUserMessages: 0.995022
[2015.08.27-20.41.34:285][401]LogBlueprintUserMessages: 0.999602
[2015.08.27-20.41.34:285][401]LogBlueprintUserMessages: 0.999602
[2015.08.27-20.41.34:301][402]LogBlueprintUserMessages: 0.994225
[2015.08.27-20.41.34:301][402]LogBlueprintUserMessages: 0.994225
[2015.08.27-20.41.37:268][586]LogBlueprintUserMessages: 0.004871
[2015.08.27-20.41.37:269][586]LogBlueprintUserMessages: 0.004871
[2015.08.27-20.41.37:285][587]LogBlueprintUserMessages: 0.0
[2015.08.27-20.41.37:285][587]LogBlueprintUserMessages: 0.0
[2015.08.27-20.41.37:285][587]LogBlueprintUserMessages: 0.000505
[2015.08.27-20.41.37:285][587]LogBlueprintUserMessages: 0.0
[2015.08.27-20.41.37:285][587]LogBlueprintUserMessages: 0.0
[2015.08.27-20.41.37:285][587]LogBlueprintUserMessages: 0.000505
[2015.08.27-20.41.37:301][588]LogBlueprintUserMessages: 0.005881
[2015.08.27-20.41.37:301][588]LogBlueprintUserMessages: 0.005881
[2015.08.27-20.41.40:269][772]LogBlueprintUserMessages: 0.99523
[2015.08.27-20.41.40:286][773]LogBlueprintUserMessages: 0.999394
[2015.08.27-20.41.40:301][774]LogBlueprintUserMessages: 0.994017
[2015.08.27-20.41.43:269][958]LogBlueprintUserMessages: 0.0047
[2015.08.27-20.41.43:285][959]LogBlueprintUserMessages: 0.0
[2015.08.27-20.41.43:285][959]LogBlueprintUserMessages: 0.0
[2015.08.27-20.41.43:285][959]LogBlueprintUserMessages: 0.000677
[2015.08.27-20.41.43:301][960]LogBlueprintUserMessages: 0.006053
[2015.08.27-20.41.48:109][258]Closing by request
[2015.08.27-20.41.48:109][258]LogWindows: FPlatformMisc::RequestExit(0)
[2015.08.27-20.41.48:980][259]LogWindowsTextInputMethodSystem:Display: IME system now deactivated.
[2015.08.27-20.41.48:986][259]LogExit: Preparing to exit.
[2015.08.27-20.41.49:051][259]LogExit: Game engine shut down
[2015.08.27-20.41.49:056][259]LogParticles: Destroying 0 GPU particle simulations for FXSystem 0x000000934DD75620
[2015.08.27-20.41.49:202][259]LogExit: Object subsystem successfully closed.
[2015.08.27-20.41.49:223][259]LogD3D11RHI: Shutdown
[2015.08.27-20.41.49:223][259]LogD3D11RHI: CleanupD3DDevice
[2015.08.27-20.41.49:314][259]LogD3D11RHI: ~FD3D11DynamicRHI
[2015.08.27-20.41.49:328][259]LogModuleManager: Shutting down and abandoning module AndroidDeviceDetection (109)
[2015.08.27-20.41.50:322][259]LogModuleManager: Shutting down and abandoning module AutomationWorker (108)
[2015.08.27-20.41.50:322][259]LogModuleManager: Shutting down and abandoning module CharacterAI (107)
[2015.08.27-20.41.50:322][259]LogModuleManager: Shutting down and abandoning module AITestSuite (106)
[2015.08.27-20.41.50:322][259]LogModuleManager: Shutting down and abandoning module GameplayDebugger (105)
[2015.08.27-20.41.50:322][259]LogModuleManager: Shutting down and abandoning module AIModule (104)
[2015.08.27-20.41.50:322][259]LogModuleManager: Shutting down and abandoning module GameLiveStreaming (103)
[2015.08.27-20.41.50:322][259]LogModuleManager: Shutting down and abandoning module StreamingPauseRendering (102)
[2015.08.27-20.41.50:322][259]LogModuleManager: Shutting down and abandoning module ProfilerService (101)
[2015.08.27-20.41.50:429][259]LogModuleManager: Shutting down and abandoning module TaskGraph (100)
[2015.08.27-20.41.50:429][259]LogModuleManager: Shutting down and abandoning module SlateRemote (99)
[2015.08.27-20.41.50:429][259]LogModuleManager: Shutting down and abandoning module SteamVRController (98)
[2015.08.27-20.41.50:429][259]LogModuleManager: Shutting down and abandoning module SteamVR (97)
[2015.08.27-20.41.50:429][259]LogModuleManager: Shutting down and abandoning module ProceduralMeshComponent (96)
[2015.08.27-20.41.50:429][259]LogModuleManager: Shutting down and abandoning module OculusRift (95)
[2015.08.27-20.41.50:429][259]LogModuleManager: Shutting down and abandoning module LeapMotionController (94)
[2015.08.27-20.41.50:436][259]LogModuleManager: Shutting down and abandoning module CustomMeshComponent (93)
[2015.08.27-20.41.50:436][259]LogModuleManager: Shutting down and abandoning module CableComponent (92)
[2015.08.27-20.41.50:436][259]LogModuleManager: Shutting down and abandoning module DesktopPlatform (91)
[2015.08.27-20.41.50:436][259]LogModuleManager: Shutting down and abandoning module DirectoryWatcher (90)
[2015.08.27-20.41.50:436][259]LogModuleManager: Shutting down and abandoning module HotReload (89)
[2015.08.27-20.41.50:436][259]LogModuleManager: Shutting down and abandoning module VisualStudioSourceCodeAccess (88)
[2015.08.27-20.41.50:436][259]LogModuleManager: Shutting down and abandoning module UObjectPlugin (87)
[2015.08.27-20.41.50:436][259]LogModuleManager: Shutting down and abandoning module SubversionSourceControl (86)
[2015.08.27-20.41.50:436][259]LogModuleManager: Shutting down and abandoning module SourceControl (85)
[2015.08.27-20.41.50:436][259]LogModuleManager: Shutting down and abandoning module PerforceSourceControl (84)
[2015.08.27-20.41.50:436][259]LogModuleManager: Shutting down and abandoning module BlankPlugin (83)
[2015.08.27-20.41.50:436][259]LogModuleManager: Shutting down and abandoning module UdpMessaging (82)
[2015.08.27-20.41.50:436][259]LogModuleManager: Shutting down and abandoning module AssetRegistry (81)
[2015.08.27-20.41.50:436][259]LogModuleManager: Shutting down and abandoning module SubstanceCore (80)
[2015.08.27-20.41.50:436][259]LogModuleManager: Shutting down and abandoning module Paper2D (79)
[2015.08.27-20.41.50:436][259]LogModuleManager: Shutting down and abandoning module WindowsMoviePlayer (78)
[2015.08.27-20.41.50:438][259]LogModuleManager: Shutting down and abandoning module Media (77)
[2015.08.27-20.41.50:438][259]LogModuleManager: Shutting down and abandoning module WmfMedia (76)
[2015.08.27-20.41.50:438][259]LogModuleManager: Shutting down and abandoning module OnlineBlueprintSupport (75)
[2015.08.27-20.41.50:438][259]LogModuleManager: Shutting down and abandoning module PropertyEditor (74)
[2015.08.27-20.41.50:438][259]LogModuleManager: Shutting down and abandoning module BehaviorTreeEditor (73)
[2015.08.27-20.41.50:438][259]LogModuleManager: Shutting down and abandoning module FunctionalTesting (72)
[2015.08.27-20.41.50:438][259]LogModuleManager: Shutting down and abandoning module CollisionAnalyzer (71)
[2015.08.27-20.41.50:438][259]LogModuleManager: Shutting down and abandoning module WorkspaceMenuStructure (70)
[2015.08.27-20.41.50:438][259]LogModuleManager: Shutting down and abandoning module MessageLog (69)
[2015.08.27-20.41.50:438][259]LogModuleManager: Shutting down and abandoning module Sequencer (68)
[2015.08.27-20.41.50:438][259]LogModuleManager: Shutting down and abandoning module AssetTools (67)
[2015.08.27-20.41.50:438][259]LogModuleManager: Shutting down and abandoning module UMGEditor (66)
[2015.08.27-20.41.50:438][259]LogModuleManager: Shutting down and abandoning module UMG (65)
[2015.08.27-20.41.50:438][259]LogModuleManager: Shutting down and abandoning module Slate (64)
[2015.08.27-20.41.50:438][259]LogModuleManager: Shutting down and abandoning module EditorStyle (63)
[2015.08.27-20.41.50:440][259]LogModuleManager: Shutting down and abandoning module SessionServices (62)
[2015.08.27-20.41.50:440][259]LogModuleManager: Shutting down and abandoning module SourceCodeAccess (61)
[2015.08.27-20.41.50:440][259]LogModuleManager: Shutting down and abandoning module HeadMountedDisplay (60)
[2015.08.27-20.41.50:440][259]LogModuleManager: Shutting down and abandoning module XAudio2 (59)
[2015.08.27-20.41.50:440][259]LogModuleManager: Shutting down and abandoning module Networking (57)
[2015.08.27-20.41.50:440][259]LogModuleManager: Shutting down and abandoning module Core (56)
[2015.08.27-20.41.50:440][259]LogModuleManager: Shutting down and abandoning module KismetCompiler (55)
[2015.08.27-20.41.50:440][259]LogModuleManager: Shutting down and abandoning module PhysXFormats (54)
[2015.08.27-20.41.50:440][259]LogModuleManager: Shutting down and abandoning module MeshUtilities (53)
[2015.08.27-20.41.50:440][259]LogModuleManager: Shutting down and abandoning module DerivedDataCache (52)
[2015.08.27-20.41.50:882][259]LogDerivedDataCache: Shutdown
[2015.08.27-20.41.50:882][259]LogModuleManager: Shutting down and abandoning module ShaderFormatOpenGL (51)
[2015.08.27-20.41.50:882][259]LogModuleManager: Shutting down and abandoning module ShaderFormatD3D (50)
[2015.08.27-20.41.50:882][259]LogModuleManager: Shutting down and abandoning module MetalShaderFormat (49)
[2015.08.27-20.41.50:882][259]LogModuleManager: Shutting down and abandoning module TextureFormatUncompressed (48)
[2015.08.27-20.41.50:882][259]LogModuleManager: Shutting down and abandoning module TextureFormatPVR (47)
[2015.08.27-20.41.50:882][259]LogModuleManager: Shutting down and abandoning module TextureFormatIntelISPCTexComp (46)
[2015.08.27-20.41.50:882][259]LogModuleManager: Shutting down and abandoning module TextureFormatDXT (45)
[2015.08.27-20.41.50:882][259]LogModuleManager: Shutting down and abandoning module ImageWrapper (44)
[2015.08.27-20.41.50:882][259]LogModuleManager: Shutting down and abandoning module TextureFormatASTC (43)
[2015.08.27-20.41.50:882][259]LogModuleManager: Shutting down and abandoning module TextureFormatAndroid (42)
[2015.08.27-20.41.50:882][259]LogModuleManager: Shutting down and abandoning module AudioFormatOpus (41)
[2015.08.27-20.41.50:882][259]LogModuleManager: Shutting down and abandoning module AudioFormatOgg (40)
[2015.08.27-20.41.50:882][259]LogModuleManager: Shutting down and abandoning module AudioFormatADPCM (39)
[2015.08.27-20.41.50:882][259]LogModuleManager: Shutting down and abandoning module LinuxTargetPlatform (38)
[2015.08.27-20.41.50:882][259]LogModuleManager: Shutting down and abandoning module LinuxServerTargetPlatform (37)
[2015.08.27-20.41.50:882][259]LogModuleManager: Shutting down and abandoning module LinuxNoEditorTargetPlatform (36)
[2015.08.27-20.41.50:882][259]LogModuleManager: Shutting down and abandoning module Messaging (35)
[2015.08.27-20.41.50:882][259]LogModuleManager: Shutting down and abandoning module IOSTargetPlatform (34)
[2015.08.27-20.41.50:882][259]LogModuleManager: Shutting down and abandoning module HTML5TargetPlatform (33)
[2015.08.27-20.41.50:882][259]LogModuleManager: Shutting down and abandoning module Android_PVRTCTargetPlatform (32)
[2015.08.27-20.41.50:882][259]LogModuleManager: Shutting down and abandoning module Android_ETC2TargetPlatform (31)
[2015.08.27-20.41.50:882][259]LogModuleManager: Shutting down and abandoning module Android_ETC1TargetPlatform (30)
[2015.08.27-20.41.50:882][259]LogModuleManager: Shutting down and abandoning module Android_DXTTargetPlatform (29)
[2015.08.27-20.41.50:882][259]LogModuleManager: Shutting down and abandoning module Android_ATCTargetPlatform (28)
[2015.08.27-20.41.50:882][259]LogModuleManager: Shutting down and abandoning module Android_ASTCTargetPlatform (27)
[2015.08.27-20.41.50:882][259]LogModuleManager: Shutting down and abandoning module AndroidTargetPlatform (26)
[2015.08.27-20.41.50:882][259]LogModuleManager: Shutting down and abandoning module WindowsTargetPlatform (25)
[2015.08.27-20.41.50:882][259]LogModuleManager: Shutting down and abandoning module WindowsServerTargetPlatform (24)
[2015.08.27-20.41.50:882][259]LogModuleManager: Shutting down and abandoning module WindowsNoEditorTargetPlatform (23)
[2015.08.27-20.41.50:882][259]LogModuleManager: Shutting down and abandoning module WindowsClientTargetPlatform (22)
[2015.08.27-20.41.50:882][259]LogModuleManager: Shutting down and abandoning module DesktopTargetPlatform (21)
[2015.08.27-20.41.50:882][259]LogModuleManager: Shutting down and abandoning module TargetPlatform (20)
[2015.08.27-20.41.50:882][259]LogModuleManager: Shutting down and abandoning module InputCore (19)
[2015.08.27-20.41.50:882][259]LogModuleManager: Shutting down and abandoning module Settings (18)
[2015.08.27-20.41.50:882][259]LogModuleManager: Shutting down and abandoning module OnlineSubsystem (16)
[2015.08.27-20.41.50:882][259]LogModuleManager: Shutting down and abandoning module HTTP (15)
[2015.08.27-20.41.50:882][259]LogModuleManager: Shutting down and abandoning module ExampleDeviceProfileSelector (14)
[2015.08.27-20.41.50:882][259]LogModuleManager: Shutting down and abandoning module TextureCompressor (13)
[2015.08.27-20.41.50:882][259]LogModuleManager: Shutting down and abandoning module ShaderCore (12)
[2015.08.27-20.41.50:882][259]LogModuleManager: Shutting down and abandoning module Landscape (11)
[2015.08.27-20.41.50:882][259]LogModuleManager: Shutting down and abandoning module SlateRHIRenderer (10)
[2015.08.27-20.41.50:883][259]LogModuleManager: Shutting down and abandoning module OpenGLDrv (9)
[2015.08.27-20.41.50:883][259]LogModuleManager: Shutting down and abandoning module D3D11RHI (8)
[2015.08.27-20.41.50:883][259]LogModuleManager: Shutting down and abandoning module Renderer (7)
[2015.08.27-20.41.50:883][259]LogModuleManager: Shutting down and abandoning module Engine (6)
[2015.08.27-20.41.50:883][259]LogModuleManager: Shutting down and abandoning module CoreUObject (5)
[2015.08.27-20.41.50:883][259]LogModuleManager: Shutting down and abandoning module NetworkFile (4)
[2015.08.27-20.41.50:883][259]LogModuleManager: Shutting down and abandoning module StreamingFile (3)
[2015.08.27-20.41.50:883][259]LogModuleManager: Shutting down and abandoning module SandboxFile (2)
[2015.08.27-20.41.50:883][259]LogModuleManager: Shutting down and abandoning module PakFile (1)
[2015.08.27-20.41.50:883][259]LogExit: Exiting.
[2015.08.27-20.41.50:885][259]Log file closed, 08/27/15 22:41:50
