[2015.09.14-14.25.46:503][  0]Log file open, 09/14/15 16:25:46
[2015.09.14-14.25.46:503][  0]LogInit:Display: Running engine for game: NotPartofGame
[2015.09.14-14.25.46:503][  0]LogInit:Display: RandInit(893003884) SRandInit(893003884).
[2015.09.14-14.25.46:503][  0]LogTaskGraph: Started task graph with 4 named threads and 7 total threads.
[2015.09.14-14.25.46:503][  0]LogStats: Stats thread started
[2015.09.14-14.25.46:503][  0]LogInit: Version: 4.8.3-2634408+++depot+UE4-Releases+4.8
[2015.09.14-14.25.46:503][  0]LogInit: API Version: 2579680
[2015.09.14-14.25.46:503][  0]LogInit: Compiled (64-bit): Jul 27 2015 16:24:33
[2015.09.14-14.25.46:503][  0]LogInit: Compiled with Visual C++: 18.00.21005.01
[2015.09.14-14.25.46:503][  0]LogInit: Build Configuration: Development
[2015.09.14-14.25.46:503][  0]LogInit: Branch Name: ++depot+UE4-Releases+4.8
[2015.09.14-14.25.46:503][  0]LogInit: Command line: 
[2015.09.14-14.25.46:503][  0]LogInit: Base directory: C:/Users/Bodoo/Documents/Programmieren/4.8/Engine/Binaries/Win64/
[2015.09.14-14.25.46:503][  0]LogInit: Rocket: 1
[2015.09.14-14.25.46:516][  0]LogInit: Using libcurl 7.41.0
[2015.09.14-14.25.46:516][  0]LogInit:  - built for x86_64-pc-win32
[2015.09.14-14.25.46:516][  0]LogInit:  - supports SSL with WinSSL
[2015.09.14-14.25.46:516][  0]LogInit:  - other features:
[2015.09.14-14.25.46:516][  0]LogInit:      CURL_VERSION_SSL
[2015.09.14-14.25.46:516][  0]LogInit:      CURL_VERSION_IPV6
[2015.09.14-14.25.46:516][  0]LogInit:      CURL_VERSION_ASYNCHDNS
[2015.09.14-14.25.46:516][  0]LogInit:      CURL_VERSION_LARGEFILE
[2015.09.14-14.25.46:516][  0]LogInit:      CURL_VERSION_IDN
[2015.09.14-14.25.46:516][  0]LogInit:  CurlRequestOptions (configurable via config and command line):
[2015.09.14-14.25.46:516][  0]LogInit:  - bVerifyPeer = true  - Libcurl will verify peer certificate
[2015.09.14-14.25.46:516][  0]LogInit:  - bUseHttpProxy = false  - Libcurl will NOT use HTTP proxy
[2015.09.14-14.25.46:516][  0]LogInit:  - bDontReuseConnections = false  - Libcurl will reuse connections
[2015.09.14-14.25.46:516][  0]LogInit:  - CertBundlePath = nullptr  - Libcurl will use whatever was configured at build time.
[2015.09.14-14.25.46:528][  0]LogOnline:Warning: No default platform service specified for OnlineSubsystem
[2015.09.14-14.25.46:542][  0]LogInit: Presizing for 0 objects not considered by GC, pre-allocating 0 bytes.
[2015.09.14-14.25.46:549][  0]LogInit: Object subsystem initialized
[2015.09.14-14.25.46:550][  0]LogConsoleResponse:Warning: Skipping Unknown console variable: 'UIScaleCurve = (EditorCurveData=(Keys=((Time=480.000000,Value=0.444000),(Time=720.000000,Value=0.666000),(Time=1080.000000,Value=1.000000),(Time=8640.000000,Value=8.000000))),ExternalCurve=None)'
[2015.09.14-14.25.46:550][  0]LogConsoleResponse:Warning:   Found in ini file 'C:/Users/Bodoo/Documents/Programmieren/Projekte/NotPartofTheGame/Saved/Config/Windows/Engine.ini', in section '[/Script/Engine.RendererSettings]'
[2015.09.14-14.25.46:550][  0]LogConsoleManager:Warning: Console variable 'r.MSAA.CompositingSampleCount' wasn't set ('Scalability' has a lower priority than 'ProjectSetting')
[2015.09.14-14.25.46:550][  0]LogInit: Selected Device Profile: [Windows]
[2015.09.14-14.25.46:550][  0]LogInit: Applying CVar settings loaded from the selected device profile: [Windows]
[2015.09.14-14.25.46:559][  0]LogInit: Computer: DESKTOP-GLF6O4V
[2015.09.14-14.25.46:559][  0]LogInit: User: Bodoo
[2015.09.14-14.25.46:559][  0]LogInit: CPU Page size=4096, Cores=4
[2015.09.14-14.25.46:559][  0]LogInit: High frequency timer resolution =3.215352 MHz
[2015.09.14-14.25.46:559][  0]LogMemory: Memory total: Physical=12.0GB (12GB approx)
[2015.09.14-14.25.46:559][  0]LogMemory: Platform Memory Stats for Windows
[2015.09.14-14.25.46:559][  0]LogMemory: Process Physical Memory: 50.07 MB used, 50.07 MB peak
[2015.09.14-14.25.46:559][  0]LogMemory: Process Virtual Memory: 24.45 MB used, 24.45 MB peak
[2015.09.14-14.25.46:559][  0]LogMemory: Physical Memory: 2593.60 MB used, 12270.70 MB total
[2015.09.14-14.25.46:559][  0]LogMemory: Virtual Memory: 311.57 MB used, 134217728.00 MB total
[2015.09.14-14.25.46:586][  0]LogTextLocalizationManager: The requested culture ('de_DE') has no localization data; falling back to 'en' for localization and internationalization data.
[2015.09.14-14.25.46:805][  0]LogTextLocalizationManager:Warning: Loaded localization resources contain conflicting entries for (Namespace:ContentBrowser, Key:ImportAssetToolTip):
Localization Resource: (C:/Users/Bodoo/Documents/Programmieren/4.8/Engine/Content/Localization/Editor/en/Editor.locres) Source String Hash: (-630476809) Localized String: (Import to {0}...)
Localization Resource: (C:/Users/Bodoo/Documents/Programmieren/4.8/Engine/Content/Localization/Editor/en/Editor.locres) Source String Hash: (1271782899) Localized String: (Imports an asset from file to this folder.)
[2015.09.14-14.25.47:213][  0]LogD3D11RHI: Found D3D11 adapter 0: AMD Radeon HD 6800 Series (Feature Level 11_0)
[2015.09.14-14.25.47:213][  0]LogD3D11RHI: Adapter has 1011MB of dedicated video memory, 0MB of dedicated system memory, and 3840MB of shared system memory, 1 output[s]
[2015.09.14-14.25.47:214][  0]LogD3D11RHI: Found D3D11 adapter 1: Microsoft Basic Render Driver (Feature Level 11_0)
[2015.09.14-14.25.47:214][  0]LogD3D11RHI: Adapter has 0MB of dedicated video memory, 0MB of dedicated system memory, and 6135MB of shared system memory, 0 output[s]
[2015.09.14-14.25.47:214][  0]LogD3D11RHI: Chosen D3D11 Adapter Id = 0
[2015.09.14-14.25.47:217][  0]LogD3D11RHI: InitD3DDevice
[2015.09.14-14.25.47:217][  0]LogD3D11RHI: !Direct3DDevice
[2015.09.14-14.25.47:217][  0]LogRHI: Texture pool is 708 MB (70% of 1011 MB)
[2015.09.14-14.25.47:223][  0]LogD3D11RHI: Async texture creation disabled: no driver support
[2015.09.14-14.25.47:234][  0]LogShaderCompilers:Display: Using Local Shader Compiler.
[2015.09.14-14.25.48:037][  0]LogTemp:Display: Loaded TP DesktopTargetPlatform
[2015.09.14-14.25.48:052][  0]LogTemp:Display: Loaded TP WindowsClientTargetPlatform
[2015.09.14-14.25.48:067][  0]LogTemp:Display: Loaded TP WindowsNoEditorTargetPlatform
[2015.09.14-14.25.48:081][  0]LogTemp:Display: Loaded TP WindowsServerTargetPlatform
[2015.09.14-14.25.48:097][  0]LogTemp:Display: Loaded TP WindowsTargetPlatform
[2015.09.14-14.25.48:109][  0]LogTemp:Display: Loaded TP AndroidTargetPlatform
[2015.09.14-14.25.48:122][  0]LogTemp:Display: Loaded TP Android_ASTCTargetPlatform
[2015.09.14-14.25.48:134][  0]LogTemp:Display: Loaded TP Android_ATCTargetPlatform
[2015.09.14-14.25.48:146][  0]LogTemp:Display: Loaded TP Android_DXTTargetPlatform
[2015.09.14-14.25.48:159][  0]LogTemp:Display: Loaded TP Android_ETC1TargetPlatform
[2015.09.14-14.25.48:173][  0]LogTemp:Display: Loaded TP Android_ETC2TargetPlatform
[2015.09.14-14.25.48:186][  0]LogTemp:Display: Loaded TP Android_PVRTCTargetPlatform
[2015.09.14-14.25.48:234][  0]LogTemp:Display: Loaded TP IOSTargetPlatform
[2015.09.14-14.25.48:247][  0]LogTemp:Display: Loaded TP LinuxNoEditorTargetPlatform
[2015.09.14-14.25.48:260][  0]LogTemp:Display: Loaded TP LinuxServerTargetPlatform
[2015.09.14-14.25.48:275][  0]LogTemp:Display: Loaded TP LinuxTargetPlatform
[2015.09.14-14.25.48:275][  0]LogTargetPlatformManager:Display: Building Assets For Windows
[2015.09.14-14.25.48:480][  0]LogDerivedDataCache:Display: Max Cache Size: 512 MB
[2015.09.14-14.25.48:543][  0]LogDerivedDataCache: Loaded boot cache 0.06s 53MB C:/Users/Bodoo/AppData/Local/UnrealEngine/4.8/DerivedDataCache/Boot.ddc.
[2015.09.14-14.25.48:543][  0]LogDerivedDataCache:Display: Loaded Boot cache: C:/Users/Bodoo/AppData/Local/UnrealEngine/4.8/DerivedDataCache/Boot.ddc
[2015.09.14-14.25.48:543][  0]LogDerivedDataCache: FDerivedDataBackendGraph:  Pak pak cache file ../../../../Projekte/NotPartofTheGame/DerivedDataCache/DDC.ddp not found, will not use a pak cache.
[2015.09.14-14.25.48:543][  0]LogDerivedDataCache: Unable to find inner node Pak for hierarchical cache Hierarchy.
[2015.09.14-14.25.48:543][  0]LogDerivedDataCache: FDerivedDataBackendGraph:  CompressedPak pak cache file ../../../../Projekte/NotPartofTheGame/DerivedDataCache/Compressed.ddp not found, will not use a pak cache.
[2015.09.14-14.25.48:543][  0]LogDerivedDataCache: Unable to find inner node CompressedPak for hierarchical cache Hierarchy.
[2015.09.14-14.25.48:689][  0]LogDerivedDataCache:Display: Pak cache opened for reading ../../../Engine/DerivedDataCache/Compressed.ddp.
[2015.09.14-14.25.48:701][  0]LogDerivedDataCache: Using Local data cache path C:/Users/Bodoo/AppData/Local/UnrealEngine/Common/DerivedDataCache: Writable
[2015.09.14-14.25.48:942][  0]LogInit: Selected Device Profile: [Windows]
[2015.09.14-14.25.49:035][  0]ImportText (ComponentSweepMultiTests): Missing closing parenthesis: (RootShapeAsset="/Engine/BasicShapes/Cube.Cube",ShapeType="TriggerCapsule",HitResult=(Time=0.50,Location=(X=-100.000015,Y=0.0,Z=100.000015),ImpactPoint=(X=-50.0,Y=0.0,Z=50.0),Normal=(X=-1.0,Y=-0.0,Z=0.0),ImpactNormal=(X=0.0,Y=0.0,Z=1.0),TraceStart=(X=-200.0,Y=0.0,Z=200.0),TraceEnd=(X=0.0,Y=0.0,Z=0.0))
[2015.09.14-14.25.49:035][  0]ImportText (LineTraceSingleByChannelTests): Missing closing parenthesis: (RootShapeAsset="/Engine/BasicShapes/Cube.Cube",HitResult=(Time=0.50,Location=(X=-100.000015,Y=0.0,Z=100.000015),ImpactPoint=(X=-50.0,Y=0.0,Z=50.0),Normal=(X=-1.0,Y=-0.0,Z=0.0),ImpactNormal=(X=0.0,Y=0.0,Z=1.0),TraceStart=(X=-200.0,Y=0.0,Z=200.0),TraceEnd=(X=0.0,Y=0.0,Z=0.0))
[2015.09.14-14.25.49:064][  0]LogMeshUtilities: No automatic mesh reduction module available
[2015.09.14-14.25.49:064][  0]LogMeshUtilities: No automatic mesh merging module available
[2015.09.14-14.25.49:384][  0]LogInit: WinSock: version 1.1 (2.2), MaxSocks=32767, MaxUdp=65467
[2015.09.14-14.25.50:391][  0]LogAssetRegistry: FAssetRegistry took 0.0106 seconds to start up
[2015.09.14-14.25.50:407][  0]LogDirectoryWatcher:Warning: Failed to begin reading directory changes for ../../../Engine/Plugins/Experimental/CharacterAI/Content/. Error: 0
[2015.09.14-14.25.50:420][  0]UdpMessaging: Initializing bridge on interface 0.0.0.0:0 to multicast group 230.0.0.1:6666.
[2015.09.14-14.25.50:759][  0]SourceControl: Info Source control is disabled
[2015.09.14-14.25.50:768][  0]SourceControl: Info Source control is disabled
[2015.09.14-14.25.50:778][  0]SourceControl: Info Source control is disabled
[2015.09.14-14.25.50:788][  0]SourceControl: Info Source control is disabled
[2015.09.14-14.25.51:055][  0]LogObj: 26440 objects as part of root set at end of initial load.
[2015.09.14-14.25.51:055][  0]LogUObjectAllocator: 5438864 out of 0 bytes used by permanent object pool.
[2015.09.14-14.25.51:124][  0]LogEngine: Initializing Engine...
[2015.09.14-14.25.51:126][  0]LogHMD: Can't find Oculus library dev build: is proper Runtime installed? Version: 0.6.0.0
[2015.09.14-14.25.51:127][  0]LogHMD:Warning: SteamVR failed to initialize.  Error: 110
[2015.09.14-14.25.51:281][  0]LogAIModule: Creating AISystem for world NewWorld
[2015.09.14-14.25.51:285][  0]LogInit: XAudio2 using 'Lautsprecher (Realtek High Definition Audio)' : 2 channels at 48 kHz using 32 bits per sample (channel mask 0x3)
[2015.09.14-14.25.51:294][  0]LogInit: FAudioDevice initialized.
[2015.09.14-14.25.51:320][  0]LogDerivedDataCache: Saved boot cache 0.03s 53MB C:/Users/Bodoo/AppData/Local/UnrealEngine/4.8/DerivedDataCache/Boot.ddc.
[2015.09.14-14.25.51:330][  0]LogInit: Texture streaming: Disabled
[2015.09.14-14.25.51:353][  0]LogAnalytics: Creating configured Analytics provider AnalyticsET
[2015.09.14-14.25.51:353][  0]LogAnalytics: [UEEditor.Rocket.Release] APIServer = http://et2.epicgames.com/ET2/. AppVersion = 4.8.3-2634408+++depot+UE4-Releases+4.8
[2015.09.14-14.25.51:353][  0]LogAnalytics: [UEEditor.Rocket.Release] SetUserId 0359330b4a4de6cf49a2cc9879aa4f35||823e2c57-8ae8-4d61-a04c-15505c18bf02
[2015.09.14-14.25.51:353][  0]LogAnalytics: [UEEditor.Rocket.Release] AnalyticsET::StartSession
[2015.09.14-14.25.51:377][  0]LogInit: Transaction tracking system initialized
[2015.09.14-14.25.51:498][  0]BlueprintLog: New page: Editor Load
[2015.09.14-14.25.52:102][  0]LogConsoleManager:Warning: Console variable 'r.VSync' wasn't set ('GameSetting' has a lower priority than 'SystemSettingsIni')
[2015.09.14-14.25.52:102][  0]LogConsoleResponse:Display: 
[2015.09.14-14.25.52:199][  0]LogCook:Display: Done creating registry. It took  0.00s.
[2015.09.14-14.25.52:375][  0]SourceControl: Info Source control is disabled
[2015.09.14-14.25.52:375][  0]Cmd: MAP LOAD FILE="../../../../Projekte/NotPartofTheGame/Content/NPOTG/Maps/Testing_Level.umap" TEMPLATE=0 SHOWPROGRESS=1 FEATURELEVEL=3
[2015.09.14-14.25.52:376][  0]LightingResults: New page: Lighting Build
[2015.09.14-14.25.52:387][  0]MapCheck: New page: Map Check
[2015.09.14-14.25.52:387][  0]LightingResults: New page: Lighting Build
[2015.09.14-14.25.52:396][  0]LogParticles: Destroying 0 GPU particle simulations for FXSystem 0x0000007932D92F20
[2015.09.14-14.25.55:106][  0]LogAIModule: Creating AISystem for world Testing_Level
[2015.09.14-14.25.55:109][  0]LogPrimitiveComponent: Zero scaling not supported (/Game/NPOTG/Maps/Testing_Level.Testing_Level:PersistentLevel.PlayerStart.CollisionCapsule)
[2015.09.14-14.25.55:216][  0]LogEditorServer: Finished looking for orphan Actors (0.000 secs)
[2015.09.14-14.25.55:219][  0]Cmd: MAP CHECKDEP NOCLEARLOG
[2015.09.14-14.25.55:286][  0]MapCheck: Info Map check complete: 0 Error(s), 0 Warning(s), took 66.906ms to complete.
[2015.09.14-14.25.55:287][  0]LogFileHelpers: Loading map 'Testing_Level' took 2.911
[2015.09.14-14.25.55:414][  0]LogCollectionManager: Loaded 0 collections in 0.001923 seconds
[2015.09.14-14.25.55:421][  0]LogContentBrowser: Native class hierarchy populated in 0.0071 seconds. Added 1807 classes and 307 folders.
[2015.09.14-14.25.55:461][  0]LogContentBrowser: Native class hierarchy updated for 'WidgetCarousel' in 0.0003 seconds. Added 0 classes and 0 folders.
[2015.09.14-14.25.55:488][  0]LogContentBrowser: Native class hierarchy updated for 'AddContentDialog' in 0.0003 seconds. Added 0 classes and 0 folders.
[2015.09.14-14.25.55:504][  0]LogContentBrowser: Native class hierarchy updated for 'SceneOutliner' in 0.0004 seconds. Added 1 classes and 2 folders.
[2015.09.14-14.25.55:578][  0]LogCrashTracker: Crashtracker disabled due to settings.
[2015.09.14-14.25.55:579][  0]LogD3D11RHI: InitD3DDevice
[2015.09.14-14.25.55:582][  0]LogUObjectGlobals:Warning: Failed to find object 'Class None.'
[2015.09.14-14.25.55:605][  0]LogLoad: Full Startup: 10.82 seconds (BP compile: 1.42 seconds)
[2015.09.14-14.25.55:615][  0]LogWindowsTextInputMethodSystem:Display: IME system now deactivated.
[2015.09.14-14.25.55:615][  0]LogWindowsTextInputMethodSystem:Display: IME system now deactivated.
[2015.09.14-14.25.55:686][  0]LogContentStreaming: Texture pool size is 0.000000MB
[2015.09.14-14.25.55:734][  0]LogContentStreaming: Texture pool size now 1000 MB
[2015.09.14-14.25.55:926][  0]LogRenderer: Reallocating scene render targets to support 1208x576 (Frame:2).
[2015.09.14-14.25.56:475][  8]LogD3D11RHI: InitD3DDevice
[2015.09.14-14.25.56:533][  9]LogAssetRegistry: Asset discovery search completed in 6.1529 seconds
[2015.09.14-14.25.59:227][237]LogD3D11RHI: InitD3DDevice
[2015.09.14-14.25.59:253][237]LogD3D11RHI: InitD3DDevice
[2015.09.14-14.25.59:283][237]LogLinker:Warning: Asset '../../../Engine/Content/ArtTools/RenderToTexture/Macros/RenderToTextureMacros.uasset' has been saved with empty engine version. The asset will be loaded but may be incompatible.
[2015.09.14-14.25.59:386][237]LogLinker:Warning: Asset '../../../Engine/Content/ArtTools/RenderToTexture/Enums/RenderToTexture_Enum.uasset' has been saved with empty engine version. The asset will be loaded but may be incompatible.
[2015.09.14-14.26.31:838][160]LogUObjectHash:Warning: Ambiguous search, could be K2Node_MacroInstance /Game/NPOTG/Blueprints/Charaktere/Markimoo.Markimoo:EventGraph.K2Node_MacroInstance_39 or K2Node_MacroInstance /Engine/Transient.PROTO_BP_Blueprint_0:UserConstructionScript.K2Node_MacroInstance_39
[2015.09.14-14.26.31:838][160]LogProperty:Warning: ObjectProperty /Script/Engine.EdGraphPin:LinkedTo.LinkedTo: unresolved reference to 'EdGraphPin'K2Node_MacroInstance_39.EdGraphPin_6063''
[2015.09.14-14.26.31:838][160]LogUObjectHash:Warning: Ambiguous search, could be K2Node_MacroInstance /Game/NPOTG/Blueprints/Charaktere/Markimoo.Markimoo:EventGraph.K2Node_MacroInstance_39 or K2Node_MacroInstance /Engine/Transient.PROTO_BP_Blueprint_0:UserConstructionScript.K2Node_MacroInstance_39
[2015.09.14-14.26.31:838][160]LogProperty:Warning: ObjectProperty /Script/Engine.EdGraphPin:LinkedTo.LinkedTo: unresolved reference to 'EdGraphPin'K2Node_MacroInstance_39.EdGraphPin_6064''
[2015.09.14-14.26.31:839][160]LogUObjectHash:Warning: Ambiguous search, could be K2Node_MacroInstance /Game/NPOTG/Blueprints/Charaktere/Markimoo.Markimoo:EventGraph.K2Node_MacroInstance_39 or K2Node_MacroInstance /Engine/Transient.PROTO_BP_Blueprint_0:UserConstructionScript.K2Node_MacroInstance_39
[2015.09.14-14.26.31:839][160]LogProperty:Warning: ObjectProperty /Script/Engine.EdGraphPin:LinkedTo.LinkedTo: unresolved reference to 'EdGraphPin'K2Node_MacroInstance_39.EdGraphPin_6061''
[2015.09.14-14.26.31:839][160]LogUObjectHash:Warning: Ambiguous search, could be K2Node_MacroInstance /Game/NPOTG/Blueprints/Charaktere/Markimoo.Markimoo:EventGraph.K2Node_MacroInstance_39 or K2Node_MacroInstance /Engine/Transient.PROTO_BP_Blueprint_0:UserConstructionScript.K2Node_MacroInstance_39
[2015.09.14-14.26.31:839][160]LogProperty:Warning: ObjectProperty /Script/Engine.EdGraphPin:LinkedTo.LinkedTo: unresolved reference to 'EdGraphPin'K2Node_MacroInstance_39.EdGraphPin_6062''
[2015.09.14-14.26.35:440][407]LogD3D11RHI: InitD3DDevice
[2015.09.14-14.26.42:284][748]LogD3D11RHI: InitD3DDevice
[2015.09.14-14.35.47:153][446]LogD3D11RHI: InitD3DDevice
[2015.09.14-14.35.56:155][473]LogD3D11RHI: InitD3DDevice
[2015.09.14-14.35.56:317][473]LogFileHelpers: Editor autosave (incl. sublevels) for '/Game/NPOTG/Maps/Testing_Level' took 0.036
[2015.09.14-14.35.56:324][473]OBJ SavePackage: Generating thumbnails for [0] asset(s) in package [/Game/NPOTG/Blueprints/Charaktere/Markimoo] ([1] browsable assets)...
[2015.09.14-14.35.56:324][473]OBJ SavePackage: Finished generating thumbnails for package [/Game/NPOTG/Blueprints/Charaktere/Markimoo]
[2015.09.14-14.35.56:691][473]LogSavePackage: Save=267.134674ms
[2015.09.14-14.35.56:691][473]LogSavePackage: Moving '../../../../Projekte/NotPartofTheGame/Saved/Markimoo_Auto1BB50EAF940674B77C2A9C982AFD9B0EA.tmp' to '../../../../Projekte/NotPartofTheGame/Saved/Autosaves/Game/NPOTG/Blueprints/Charaktere/Markimoo_Auto1.uasset'
[2015.09.14-14.35.56:693][473]LogFileHelpers: Auto-saving content packages took 0.376
[2015.09.14-14.36.00:611][574]LogD3D11RHI: InitD3DDevice
[2015.09.14-14.36.03:244][574]LogD3D11RHI: InitD3DDevice
[2015.09.14-14.36.03:270][574]Cmd: OBJ SAVEPACKAGE PACKAGE="/Game/NPOTG/Blueprints/Charaktere/Markimoo" FILE="../../../../Projekte/NotPartofTheGame/Content/NPOTG/Blueprints/Charaktere/Markimoo.uasset" SILENT=true
[2015.09.14-14.36.03:582][574]LogSavePackage: Save=259.474854ms
[2015.09.14-14.36.03:582][574]LogSavePackage: Moving '../../../../Projekte/NotPartofTheGame/Saved/MarkimooFAE237B3442A71DCC7A46696094D5535.tmp' to '../../../../Projekte/NotPartofTheGame/Content/NPOTG/Blueprints/Charaktere/Markimoo.uasset'
[2015.09.14-14.36.03:710][574]LogWindowsTextInputMethodSystem:Display: IME system now deactivated.
[2015.09.14-14.36.03:710][574]LogWindowsTextInputMethodSystem:Display: IME system now deactivated.
[2015.09.14-14.36.03:967][575]Cmd: QUIT_EDITOR
[2015.09.14-14.36.04:216][575]LogExit: Preparing to exit.
[2015.09.14-14.36.04:862][575]LogExit: Editor shut down
[2015.09.14-14.36.04:862][575]LogExit: Transaction tracking system shut down
[2015.09.14-14.36.04:866][575]LogParticles: Destroying 0 GPU particle simulations for FXSystem 0x0000007926E34680
[2015.09.14-14.36.04:868][575]LogParticles: Destroying 0 GPU particle simulations for FXSystem 0x00000079415CF9C0
[2015.09.14-14.36.04:868][575]LogParticles: Destroying 0 GPU particle simulations for FXSystem 0x000000793AFF9300
[2015.09.14-14.36.04:868][575]LogParticles: Destroying 0 GPU particle simulations for FXSystem 0x00000079581C6C00
[2015.09.14-14.36.04:868][575]LogParticles: Destroying 0 GPU particle simulations for FXSystem 0x000000794293B600
[2015.09.14-14.36.05:032][575]LogExit: Object subsystem successfully closed.
[2015.09.14-14.36.05:052][575]LogD3D11RHI: Shutdown
[2015.09.14-14.36.05:052][575]LogD3D11RHI: CleanupD3DDevice
[2015.09.14-14.36.05:203][575]LogD3D11RHI: ~FD3D11DynamicRHI
[2015.09.14-14.36.05:222][575]LogModuleManager: Shutting down and abandoning module CrashTracker (190)
[2015.09.14-14.36.05:222][575]LogModuleManager: Shutting down and abandoning module SceneOutliner (189)
[2015.09.14-14.36.05:222][575]LogModuleManager: Shutting down and abandoning module SuperSearch (188)
[2015.09.14-14.36.05:222][575]LogModuleManager: Shutting down and abandoning module WidgetCarousel (187)
[2015.09.14-14.36.05:222][575]LogModuleManager: Shutting down and abandoning module AddContentDialog (186)
[2015.09.14-14.36.05:223][575]LogModuleManager: Shutting down and abandoning module EditorWidgets (185)
[2015.09.14-14.36.05:223][575]LogModuleManager: Shutting down and abandoning module CollectionManager (184)
[2015.09.14-14.36.05:223][575]LogModuleManager: Shutting down and abandoning module StatsViewer (183)
[2015.09.14-14.36.05:223][575]LogModuleManager: Shutting down and abandoning module FoliageEdit (182)
[2015.09.14-14.36.05:223][575]LogModuleManager: Shutting down and abandoning module LandscapeEditor (181)
[2015.09.14-14.36.05:223][575]LogModuleManager: Shutting down and abandoning module ActorPickerMode (180)
[2015.09.14-14.36.05:223][575]LogModuleManager: Shutting down and abandoning module GeometryMode (179)
[2015.09.14-14.36.05:223][575]LogModuleManager: Shutting down and abandoning module TextureAlignMode (178)
[2015.09.14-14.36.05:223][575]LogModuleManager: Shutting down and abandoning module BspMode (177)
[2015.09.14-14.36.05:223][575]LogModuleManager: Shutting down and abandoning module PlacementMode (176)
[2015.09.14-14.36.05:223][575]LogModuleManager: Shutting down and abandoning module AutomationWorker (175)
[2015.09.14-14.36.05:223][575]LogModuleManager: Shutting down and abandoning module CharacterAI (174)
[2015.09.14-14.36.05:223][575]LogModuleManager: Shutting down and abandoning module SmartSnapping (173)
[2015.09.14-14.36.05:223][575]LogModuleManager: Shutting down and abandoning module ViewportSnapping (172)
[2015.09.14-14.36.05:223][575]LogModuleManager: Shutting down and abandoning module LogVisualizer (171)
[2015.09.14-14.36.05:223][575]LogModuleManager: Shutting down and abandoning module GameProjectGeneration (170)
[2015.09.14-14.36.05:223][575]LogModuleManager: Shutting down and abandoning module IntroTutorials (169)
[2015.09.14-14.36.05:223][575]LogModuleManager: Shutting down and abandoning module EditorLiveStreaming (168)
[2015.09.14-14.36.05:223][575]LogModuleManager: Shutting down and abandoning module IOSPlatformEditor (167)
[2015.09.14-14.36.05:223][575]LogModuleManager: Shutting down and abandoning module HTML5PlatformEditor (166)
[2015.09.14-14.36.05:223][575]LogModuleManager: Shutting down and abandoning module AndroidDeviceDetection (165)
[2015.09.14-14.36.05:276][575]LogModuleManager: Shutting down and abandoning module AndroidPlatformEditor (164)
[2015.09.14-14.36.05:276][575]LogModuleManager: Shutting down and abandoning module IOSRuntimeSettings (163)
[2015.09.14-14.36.05:276][575]LogModuleManager: Shutting down and abandoning module AndroidRuntimeSettings (162)
[2015.09.14-14.36.05:276][575]LogModuleManager: Shutting down and abandoning module MergeActors (161)
[2015.09.14-14.36.05:276][575]LogModuleManager: Shutting down and abandoning module SizeMap (160)
[2015.09.14-14.36.05:276][575]LogModuleManager: Shutting down and abandoning module TreeMap (159)
[2015.09.14-14.36.05:276][575]LogModuleManager: Shutting down and abandoning module ReferenceViewer (158)
[2015.09.14-14.36.05:276][575]LogModuleManager: Shutting down and abandoning module LocalizationDashboard (157)
[2015.09.14-14.36.05:276][575]LogModuleManager: Shutting down and abandoning module HardwareTargeting (156)
[2015.09.14-14.36.05:276][575]LogModuleManager: Shutting down and abandoning module DeviceProfileEditor (155)
[2015.09.14-14.36.05:276][575]LogModuleManager: Shutting down and abandoning module UndoHistory (154)
[2015.09.14-14.36.05:276][575]LogModuleManager: Shutting down and abandoning module GameplayTagsEditor (153)
[2015.09.14-14.36.05:276][575]LogModuleManager: Shutting down and abandoning module UserFeedback (152)
[2015.09.14-14.36.05:276][575]LogModuleManager: Shutting down and abandoning module XmlParser (151)
[2015.09.14-14.36.05:276][575]LogModuleManager: Shutting down and abandoning module Blutility (150)
[2015.09.14-14.36.05:276][575]LogModuleManager: Shutting down and abandoning module ProjectTargetPlatformEditor (149)
[2015.09.14-14.36.05:276][575]LogModuleManager: Shutting down and abandoning module ProjectSettingsViewer (148)
[2015.09.14-14.36.05:276][575]LogModuleManager: Shutting down and abandoning module InputBindingEditor (147)
[2015.09.14-14.36.05:276][575]LogModuleManager: Shutting down and abandoning module EditorSettingsViewer (146)
[2015.09.14-14.36.05:276][575]LogModuleManager: Shutting down and abandoning module SettingsEditor (145)
[2015.09.14-14.36.05:276][575]LogModuleManager: Shutting down and abandoning module ProjectLauncher (144)
[2015.09.14-14.36.05:276][575]LogModuleManager: Shutting down and abandoning module SessionFrontend (143)
[2015.09.14-14.36.05:276][575]LogModuleManager: Shutting down and abandoning module ProfilerClient (142)
[2015.09.14-14.36.05:276][575]LogModuleManager: Shutting down and abandoning module TargetDeviceServices (141)
[2015.09.14-14.36.05:276][575]LogModuleManager: Shutting down and abandoning module DeviceManager (140)
[2015.09.14-14.36.05:276][575]LogModuleManager: Shutting down and abandoning module AutomationController (139)
[2015.09.14-14.36.05:276][575]LogModuleManager: Shutting down and abandoning module AutomationWindow (138)
[2015.09.14-14.36.05:276][575]LogModuleManager: Shutting down and abandoning module Layers (137)
[2015.09.14-14.36.05:277][575]LogModuleManager: Shutting down and abandoning module ComponentVisualizers (136)
[2015.09.14-14.36.05:277][575]LogModuleManager: Shutting down and abandoning module DetailCustomizations (135)
[2015.09.14-14.36.05:277][575]LogModuleManager: Shutting down and abandoning module PackagesDialog (134)
[2015.09.14-14.36.05:277][575]LogModuleManager: Shutting down and abandoning module Persona (133)
[2015.09.14-14.36.05:277][575]LogModuleManager: Shutting down and abandoning module Kismet (132)
[2015.09.14-14.36.05:277][575]LogModuleManager: Shutting down and abandoning module GraphEditor (131)
[2015.09.14-14.36.05:277][575]LogModuleManager: Shutting down and abandoning module ClassViewer (130)
[2015.09.14-14.36.05:277][575]LogModuleManager: Shutting down and abandoning module Toolbox (129)
[2015.09.14-14.36.05:277][575]LogModuleManager: Shutting down and abandoning module ModuleUI (128)
[2015.09.14-14.36.05:277][575]LogModuleManager: Shutting down and abandoning module MovieSceneTools (127)
[2015.09.14-14.36.05:277][575]LogModuleManager: Shutting down and abandoning module OutputLog (126)
[2015.09.14-14.36.05:277][575]LogModuleManager: Shutting down and abandoning module GammaUI (125)
[2015.09.14-14.36.05:277][575]LogModuleManager: Shutting down and abandoning module Documentation (124)
[2015.09.14-14.36.05:277][575]LogModuleManager: Shutting down and abandoning module GameLiveStreaming (123)
[2015.09.14-14.36.05:277][575]LogModuleManager: Shutting down and abandoning module StreamingPauseRendering (122)
[2015.09.14-14.36.05:277][575]LogModuleManager: Shutting down and abandoning module AnalyticsET (121)
[2015.09.14-14.36.05:277][575]LogModuleManager: Shutting down and abandoning module Analytics (120)
[2015.09.14-14.36.05:277][575]LogModuleManager: Shutting down and abandoning module AITestSuite (119)
[2015.09.14-14.36.05:277][575]LogModuleManager: Shutting down and abandoning module GameplayDebugger (118)
[2015.09.14-14.36.05:277][575]LogModuleManager: Shutting down and abandoning module AIModule (117)
[2015.09.14-14.36.05:277][575]LogModuleManager: Shutting down and abandoning module ProfilerService (116)
[2015.09.14-14.36.05:327][575]LogModuleManager: Shutting down and abandoning module TaskGraph (115)
[2015.09.14-14.36.05:327][575]LogModuleManager: Shutting down and abandoning module SubstanceEditor (114)
[2015.09.14-14.36.05:327][575]LogModuleManager: Shutting down and abandoning module SlateRemote (113)
[2015.09.14-14.36.05:327][575]LogModuleManager: Shutting down and abandoning module SteamVRController (112)
[2015.09.14-14.36.05:327][575]LogModuleManager: Shutting down and abandoning module SteamVR (111)
[2015.09.14-14.36.05:327][575]LogModuleManager: Shutting down and abandoning module ProceduralMeshComponent (110)
[2015.09.14-14.36.05:327][575]LogModuleManager: Shutting down and abandoning module OculusRift (109)
[2015.09.14-14.36.05:327][575]LogModuleManager: Shutting down and abandoning module LeapMotionController (108)
[2015.09.14-14.36.05:333][575]LogModuleManager: Shutting down and abandoning module CustomMeshComponent (107)
[2015.09.14-14.36.05:333][575]LogModuleManager: Shutting down and abandoning module CableComponent (106)
[2015.09.14-14.36.05:333][575]LogModuleManager: Shutting down and abandoning module MessagingDebugger (105)
[2015.09.14-14.36.05:333][575]LogModuleManager: Shutting down and abandoning module MediaPlayerEditor (104)
[2015.09.14-14.36.05:333][575]LogModuleManager: Shutting down and abandoning module SpeedTreeImporter (103)
[2015.09.14-14.36.05:333][575]LogModuleManager: Shutting down and abandoning module PluginBrowser (102)
[2015.09.14-14.36.05:333][575]LogModuleManager: Shutting down and abandoning module EpicSurvey (101)
[2015.09.14-14.36.05:333][575]LogModuleManager: Shutting down and abandoning module DesktopPlatform (100)
[2015.09.14-14.36.05:333][575]LogModuleManager: Shutting down and abandoning module VisualStudioSourceCodeAccess (99)
[2015.09.14-14.36.05:333][575]LogModuleManager: Shutting down and abandoning module UObjectPlugin (98)
[2015.09.14-14.36.05:333][575]LogModuleManager: Shutting down and abandoning module SubversionSourceControl (97)
[2015.09.14-14.36.05:334][575]LogModuleManager: Shutting down and abandoning module PerforceSourceControl (96)
[2015.09.14-14.36.05:334][575]LogModuleManager: Shutting down and abandoning module SourceControl (95)
[2015.09.14-14.36.05:334][575]LogModuleManager: Shutting down and abandoning module GitSourceControl (94)
[2015.09.14-14.36.05:334][575]LogModuleManager: Shutting down and abandoning module BlankPlugin (93)
[2015.09.14-14.36.05:334][575]LogModuleManager: Shutting down and abandoning module PaperTiledImporter (92)
[2015.09.14-14.36.05:334][575]LogModuleManager: Shutting down and abandoning module PaperSpriteSheetImporter (91)
[2015.09.14-14.36.05:334][575]LogModuleManager: Shutting down and abandoning module MeshPaint (90)
[2015.09.14-14.36.05:334][575]LogModuleManager: Shutting down and abandoning module SlateReflector (89)
[2015.09.14-14.36.05:334][575]LogModuleManager: Shutting down and abandoning module HotReload (88)
[2015.09.14-14.36.05:334][575]LogModuleManager: Shutting down and abandoning module MainFrame (87)
[2015.09.14-14.36.05:334][575]LogModuleManager: Shutting down and abandoning module LevelEditor (86)
[2015.09.14-14.36.05:335][575]LogModuleManager: Shutting down and abandoning module ContentBrowser (85)
[2015.09.14-14.36.05:335][575]LogModuleManager: Shutting down and abandoning module Paper2DEditor (84)
[2015.09.14-14.36.05:335][575]LogModuleManager: Shutting down and abandoning module UdpMessaging (83)
[2015.09.14-14.36.05:436][575]LogModuleManager: Shutting down and abandoning module DirectoryWatcher (82)
[2015.09.14-14.36.05:436][575]LogModuleManager: Shutting down and abandoning module AssetRegistry (81)
[2015.09.14-14.36.05:526][575]LogModuleManager: Shutting down and abandoning module SubstanceCore (80)
[2015.09.14-14.36.05:526][575]LogModuleManager: Shutting down and abandoning module Paper2D (79)
[2015.09.14-14.36.05:526][575]LogModuleManager: Shutting down and abandoning module WindowsMoviePlayer (78)
[2015.09.14-14.36.05:528][575]LogModuleManager: Shutting down and abandoning module Media (77)
[2015.09.14-14.36.05:528][575]LogModuleManager: Shutting down and abandoning module WmfMedia (76)
[2015.09.14-14.36.05:528][575]LogModuleManager: Shutting down and abandoning module OnlineBlueprintSupport (75)
[2015.09.14-14.36.05:528][575]LogModuleManager: Shutting down and abandoning module PropertyEditor (74)
[2015.09.14-14.36.05:528][575]LogModuleManager: Shutting down and abandoning module BehaviorTreeEditor (73)
[2015.09.14-14.36.05:528][575]LogModuleManager: Shutting down and abandoning module FunctionalTesting (72)
[2015.09.14-14.36.05:528][575]LogModuleManager: Shutting down and abandoning module CollisionAnalyzer (71)
[2015.09.14-14.36.05:528][575]LogModuleManager: Shutting down and abandoning module WorkspaceMenuStructure (70)
[2015.09.14-14.36.05:528][575]LogModuleManager: Shutting down and abandoning module MessageLog (69)
[2015.09.14-14.36.05:528][575]LogModuleManager: Shutting down and abandoning module Sequencer (68)
[2015.09.14-14.36.05:528][575]LogModuleManager: Shutting down and abandoning module AssetTools (67)
[2015.09.14-14.36.05:529][575]LogModuleManager: Shutting down and abandoning module UMGEditor (66)
[2015.09.14-14.36.05:529][575]LogModuleManager: Shutting down and abandoning module UMG (65)
[2015.09.14-14.36.05:529][575]LogModuleManager: Shutting down and abandoning module Slate (64)
[2015.09.14-14.36.05:529][575]LogModuleManager: Shutting down and abandoning module EditorStyle (63)
[2015.09.14-14.36.05:531][575]LogModuleManager: Shutting down and abandoning module SessionServices (62)
[2015.09.14-14.36.05:531][575]LogModuleManager: Shutting down and abandoning module SourceCodeAccess (61)
[2015.09.14-14.36.05:531][575]LogModuleManager: Shutting down and abandoning module HeadMountedDisplay (60)
[2015.09.14-14.36.05:531][575]LogModuleManager: Shutting down and abandoning module XAudio2 (59)
[2015.09.14-14.36.05:531][575]LogModuleManager: Shutting down and abandoning module Networking (57)
[2015.09.14-14.36.05:531][575]LogModuleManager: Shutting down and abandoning module Core (56)
[2015.09.14-14.36.05:531][575]LogModuleManager: Shutting down and abandoning module KismetCompiler (55)
[2015.09.14-14.36.05:531][575]LogModuleManager: Shutting down and abandoning module PhysXFormats (54)
[2015.09.14-14.36.05:531][575]LogModuleManager: Shutting down and abandoning module MeshUtilities (53)
[2015.09.14-14.36.05:531][575]LogModuleManager: Shutting down and abandoning module DerivedDataCache (52)
[2015.09.14-14.36.05:602][575]LogDerivedDataCache: Shutdown
[2015.09.14-14.36.05:602][575]LogModuleManager: Shutting down and abandoning module ShaderFormatOpenGL (51)
[2015.09.14-14.36.05:602][575]LogModuleManager: Shutting down and abandoning module ShaderFormatD3D (50)
[2015.09.14-14.36.05:602][575]LogModuleManager: Shutting down and abandoning module MetalShaderFormat (49)
[2015.09.14-14.36.05:602][575]LogModuleManager: Shutting down and abandoning module TextureFormatUncompressed (48)
[2015.09.14-14.36.05:602][575]LogModuleManager: Shutting down and abandoning module TextureFormatPVR (47)
[2015.09.14-14.36.05:602][575]LogModuleManager: Shutting down and abandoning module TextureFormatIntelISPCTexComp (46)
[2015.09.14-14.36.05:602][575]LogModuleManager: Shutting down and abandoning module TextureFormatDXT (45)
[2015.09.14-14.36.05:602][575]LogModuleManager: Shutting down and abandoning module ImageWrapper (44)
[2015.09.14-14.36.05:602][575]LogModuleManager: Shutting down and abandoning module TextureFormatASTC (43)
[2015.09.14-14.36.05:602][575]LogModuleManager: Shutting down and abandoning module TextureFormatAndroid (42)
[2015.09.14-14.36.05:602][575]LogModuleManager: Shutting down and abandoning module AudioFormatOpus (41)
[2015.09.14-14.36.05:602][575]LogModuleManager: Shutting down and abandoning module AudioFormatOgg (40)
[2015.09.14-14.36.05:602][575]LogModuleManager: Shutting down and abandoning module AudioFormatADPCM (39)
[2015.09.14-14.36.05:602][575]LogModuleManager: Shutting down and abandoning module LinuxTargetPlatform (38)
[2015.09.14-14.36.05:602][575]LogModuleManager: Shutting down and abandoning module LinuxServerTargetPlatform (37)
[2015.09.14-14.36.05:602][575]LogModuleManager: Shutting down and abandoning module LinuxNoEditorTargetPlatform (36)
[2015.09.14-14.36.05:602][575]LogModuleManager: Shutting down and abandoning module Messaging (35)
[2015.09.14-14.36.05:602][575]LogModuleManager: Shutting down and abandoning module IOSTargetPlatform (34)
[2015.09.14-14.36.05:602][575]LogModuleManager: Shutting down and abandoning module HTML5TargetPlatform (33)
[2015.09.14-14.36.05:602][575]LogModuleManager: Shutting down and abandoning module Android_PVRTCTargetPlatform (32)
[2015.09.14-14.36.05:602][575]LogModuleManager: Shutting down and abandoning module Android_ETC2TargetPlatform (31)
[2015.09.14-14.36.05:602][575]LogModuleManager: Shutting down and abandoning module Android_ETC1TargetPlatform (30)
[2015.09.14-14.36.05:602][575]LogModuleManager: Shutting down and abandoning module Android_DXTTargetPlatform (29)
[2015.09.14-14.36.05:602][575]LogModuleManager: Shutting down and abandoning module Android_ATCTargetPlatform (28)
[2015.09.14-14.36.05:602][575]LogModuleManager: Shutting down and abandoning module Android_ASTCTargetPlatform (27)
[2015.09.14-14.36.05:602][575]LogModuleManager: Shutting down and abandoning module AndroidTargetPlatform (26)
[2015.09.14-14.36.05:602][575]LogModuleManager: Shutting down and abandoning module WindowsTargetPlatform (25)
[2015.09.14-14.36.05:602][575]LogModuleManager: Shutting down and abandoning module WindowsServerTargetPlatform (24)
[2015.09.14-14.36.05:602][575]LogModuleManager: Shutting down and abandoning module WindowsNoEditorTargetPlatform (23)
[2015.09.14-14.36.05:602][575]LogModuleManager: Shutting down and abandoning module WindowsClientTargetPlatform (22)
[2015.09.14-14.36.05:602][575]LogModuleManager: Shutting down and abandoning module DesktopTargetPlatform (21)
[2015.09.14-14.36.05:602][575]LogModuleManager: Shutting down and abandoning module TargetPlatform (20)
[2015.09.14-14.36.05:602][575]LogModuleManager: Shutting down and abandoning module InputCore (19)
[2015.09.14-14.36.05:602][575]LogModuleManager: Shutting down and abandoning module Settings (18)
[2015.09.14-14.36.05:602][575]LogModuleManager: Shutting down and abandoning module OnlineSubsystem (16)
[2015.09.14-14.36.05:602][575]LogModuleManager: Shutting down and abandoning module HTTP (15)
[2015.09.14-14.36.05:603][575]LogModuleManager: Shutting down and abandoning module ExampleDeviceProfileSelector (14)
[2015.09.14-14.36.05:603][575]LogModuleManager: Shutting down and abandoning module TextureCompressor (13)
[2015.09.14-14.36.05:603][575]LogModuleManager: Shutting down and abandoning module ShaderCore (12)
[2015.09.14-14.36.05:603][575]LogModuleManager: Shutting down and abandoning module Landscape (11)
[2015.09.14-14.36.05:603][575]LogModuleManager: Shutting down and abandoning module SlateRHIRenderer (10)
[2015.09.14-14.36.05:606][575]LogModuleManager: Shutting down and abandoning module OpenGLDrv (9)
[2015.09.14-14.36.05:606][575]LogModuleManager: Shutting down and abandoning module D3D11RHI (8)
[2015.09.14-14.36.05:606][575]LogModuleManager: Shutting down and abandoning module Renderer (7)
[2015.09.14-14.36.05:606][575]LogModuleManager: Shutting down and abandoning module Engine (6)
[2015.09.14-14.36.05:606][575]LogModuleManager: Shutting down and abandoning module CoreUObject (5)
[2015.09.14-14.36.05:606][575]LogModuleManager: Shutting down and abandoning module NetworkFile (4)
[2015.09.14-14.36.05:606][575]LogModuleManager: Shutting down and abandoning module StreamingFile (3)
[2015.09.14-14.36.05:606][575]LogModuleManager: Shutting down and abandoning module SandboxFile (2)
[2015.09.14-14.36.05:606][575]LogModuleManager: Shutting down and abandoning module PakFile (1)
[2015.09.14-14.36.05:606][575]LogExit: Exiting.
[2015.09.14-14.36.05:608][575]Log file closed, 09/14/15 16:36:05
