[2015.08.30-19.56.15:248][  0]Log file open, 08/30/15 21:56:15
[2015.08.30-19.56.15:248][  0]LogInit:Display: Running engine for game: NotPartofGame
[2015.08.30-19.56.15:248][  0]LogInit:Display: RandInit(1836017024) SRandInit(1836017024).
[2015.08.30-19.56.15:248][  0]LogTaskGraph: Started task graph with 4 named threads and 7 total threads.
[2015.08.30-19.56.15:248][  0]LogStats: Stats thread started
[2015.08.30-19.56.15:248][  0]LogInit: Version: 4.8.3-2634408+++depot+UE4-Releases+4.8
[2015.08.30-19.56.15:248][  0]LogInit: API Version: 2579680
[2015.08.30-19.56.15:248][  0]LogInit: Compiled (64-bit): Jul 27 2015 16:24:33
[2015.08.30-19.56.15:248][  0]LogInit: Compiled with Visual C++: 18.00.21005.01
[2015.08.30-19.56.15:248][  0]LogInit: Build Configuration: Development
[2015.08.30-19.56.15:248][  0]LogInit: Branch Name: ++depot+UE4-Releases+4.8
[2015.08.30-19.56.15:248][  0]LogInit: Command line:  /Temp/Autosaves/Game/NPOTG/Maps/UEDPCTesting_Level -game -PIEVIACONSOLE -ResX=1280 -ResY=720  -Multiprocess 
[2015.08.30-19.56.15:248][  0]LogInit: Base directory: C:/Users/Bodoo/Documents/Programmieren/4.8/Engine/Binaries/Win64/
[2015.08.30-19.56.15:248][  0]LogInit: Rocket: 1
[2015.08.30-19.56.15:268][  0]LogInit: Using libcurl 7.41.0
[2015.08.30-19.56.15:268][  0]LogInit:  - built for x86_64-pc-win32
[2015.08.30-19.56.15:268][  0]LogInit:  - supports SSL with WinSSL
[2015.08.30-19.56.15:268][  0]LogInit:  - other features:
[2015.08.30-19.56.15:268][  0]LogInit:      CURL_VERSION_SSL
[2015.08.30-19.56.15:268][  0]LogInit:      CURL_VERSION_IPV6
[2015.08.30-19.56.15:268][  0]LogInit:      CURL_VERSION_ASYNCHDNS
[2015.08.30-19.56.15:268][  0]LogInit:      CURL_VERSION_LARGEFILE
[2015.08.30-19.56.15:268][  0]LogInit:      CURL_VERSION_IDN
[2015.08.30-19.56.15:268][  0]LogInit:  CurlRequestOptions (configurable via config and command line):
[2015.08.30-19.56.15:268][  0]LogInit:  - bVerifyPeer = true  - Libcurl will verify peer certificate
[2015.08.30-19.56.15:268][  0]LogInit:  - bUseHttpProxy = false  - Libcurl will NOT use HTTP proxy
[2015.08.30-19.56.15:268][  0]LogInit:  - bDontReuseConnections = false  - Libcurl will reuse connections
[2015.08.30-19.56.15:268][  0]LogInit:  - CertBundlePath = nullptr  - Libcurl will use whatever was configured at build time.
[2015.08.30-19.56.15:282][  0]LogOnline:Warning: No default platform service specified for OnlineSubsystem
[2015.08.30-19.56.15:297][  0]LogInit: Presizing for 0 objects not considered by GC, pre-allocating 0 bytes.
[2015.08.30-19.56.15:306][  0]LogInit: Object subsystem initialized
[2015.08.30-19.56.15:307][  0]LogConsoleResponse:Warning: Skipping Unknown console variable: 'UIScaleCurve = (EditorCurveData=(Keys=((Time=480.000000,Value=0.444000),(Time=720.000000,Value=0.666000),(Time=1080.000000,Value=1.000000),(Time=8640.000000,Value=8.000000))),ExternalCurve=None)'
[2015.08.30-19.56.15:307][  0]LogConsoleResponse:Warning:   Found in ini file 'C:/Users/Bodoo/Documents/Programmieren/Projekte/NotPartofTheGame/Saved/Config/Windows/Engine.ini', in section '[/Script/Engine.RendererSettings]'
[2015.08.30-19.56.15:307][  0]LogConsoleManager:Warning: Console variable 'r.MSAA.CompositingSampleCount' wasn't set ('Scalability' has a lower priority than 'ProjectSetting')
[2015.08.30-19.56.15:308][  0]LogInit: Selected Device Profile: [Windows]
[2015.08.30-19.56.15:308][  0]LogInit: Applying CVar settings loaded from the selected device profile: [Windows]
[2015.08.30-19.56.15:310][  0]LogInit: Computer: DESKTOP-GLF6O4V
[2015.08.30-19.56.15:310][  0]LogInit: User: Bodoo
[2015.08.30-19.56.15:310][  0]LogInit: CPU Page size=4096, Cores=4
[2015.08.30-19.56.15:310][  0]LogInit: High frequency timer resolution =3.215351 MHz
[2015.08.30-19.56.15:311][  0]LogMemory: Memory total: Physical=12.0GB (12GB approx)
[2015.08.30-19.56.15:311][  0]LogMemory: Platform Memory Stats for Windows
[2015.08.30-19.56.15:311][  0]LogMemory: Process Physical Memory: 50.77 MB used, 50.77 MB peak
[2015.08.30-19.56.15:311][  0]LogMemory: Process Virtual Memory: 22.40 MB used, 22.40 MB peak
[2015.08.30-19.56.15:311][  0]LogMemory: Physical Memory: 2887.57 MB used, 12270.70 MB total
[2015.08.30-19.56.15:311][  0]LogMemory: Virtual Memory: 310.49 MB used, 134217728.00 MB total
[2015.08.30-19.56.15:338][  0]LogTextLocalizationManager: The requested culture ('de_DE') has no localization data; falling back to 'en' for localization and internationalization data.
[2015.08.30-19.56.15:578][  0]LogTextLocalizationManager:Warning: Loaded localization resources contain conflicting entries for (Namespace:ContentBrowser, Key:ImportAssetToolTip):
Localization Resource: (C:/Users/Bodoo/Documents/Programmieren/4.8/Engine/Content/Localization/Editor/en/Editor.locres) Source String Hash: (-630476809) Localized String: (Import to {0}...)
Localization Resource: (C:/Users/Bodoo/Documents/Programmieren/4.8/Engine/Content/Localization/Editor/en/Editor.locres) Source String Hash: (1271782899) Localized String: (Imports an asset from file to this folder.)
[2015.08.30-19.56.15:905][  0]LogD3D11RHI: Found D3D11 adapter 0: AMD Radeon HD 6800 Series (Feature Level 11_0)
[2015.08.30-19.56.15:905][  0]LogD3D11RHI: Adapter has 1011MB of dedicated video memory, 0MB of dedicated system memory, and 3840MB of shared system memory, 1 output[s]
[2015.08.30-19.56.15:906][  0]LogD3D11RHI: Found D3D11 adapter 1: Microsoft Basic Render Driver (Feature Level 11_0)
[2015.08.30-19.56.15:906][  0]LogD3D11RHI: Adapter has 0MB of dedicated video memory, 0MB of dedicated system memory, and 6135MB of shared system memory, 0 output[s]
[2015.08.30-19.56.15:906][  0]LogD3D11RHI: Chosen D3D11 Adapter Id = 0
[2015.08.30-19.56.15:909][  0]LogD3D11RHI: InitD3DDevice
[2015.08.30-19.56.15:909][  0]LogD3D11RHI: !Direct3DDevice
[2015.08.30-19.56.15:909][  0]LogRHI: Texture pool is 708 MB (70% of 1011 MB)
[2015.08.30-19.56.15:915][  0]LogD3D11RHI: Async texture creation disabled: no driver support
[2015.08.30-19.56.15:925][  0]LogShaderCompilers:Display: Using Local Shader Compiler.
[2015.08.30-19.56.16:714][  0]LogTemp:Display: Loaded TP DesktopTargetPlatform
[2015.08.30-19.56.16:728][  0]LogTemp:Display: Loaded TP WindowsClientTargetPlatform
[2015.08.30-19.56.16:743][  0]LogTemp:Display: Loaded TP WindowsNoEditorTargetPlatform
[2015.08.30-19.56.16:757][  0]LogTemp:Display: Loaded TP WindowsServerTargetPlatform
[2015.08.30-19.56.16:772][  0]LogTemp:Display: Loaded TP WindowsTargetPlatform
[2015.08.30-19.56.16:785][  0]LogTemp:Display: Loaded TP AndroidTargetPlatform
[2015.08.30-19.56.16:797][  0]LogTemp:Display: Loaded TP Android_ASTCTargetPlatform
[2015.08.30-19.56.16:810][  0]LogTemp:Display: Loaded TP Android_ATCTargetPlatform
[2015.08.30-19.56.16:823][  0]LogTemp:Display: Loaded TP Android_DXTTargetPlatform
[2015.08.30-19.56.16:836][  0]LogTemp:Display: Loaded TP Android_ETC1TargetPlatform
[2015.08.30-19.56.16:848][  0]LogTemp:Display: Loaded TP Android_ETC2TargetPlatform
[2015.08.30-19.56.16:862][  0]LogTemp:Display: Loaded TP Android_PVRTCTargetPlatform
[2015.08.30-19.56.16:910][  0]LogTemp:Display: Loaded TP IOSTargetPlatform
[2015.08.30-19.56.16:922][  0]LogTemp:Display: Loaded TP LinuxNoEditorTargetPlatform
[2015.08.30-19.56.16:934][  0]LogTemp:Display: Loaded TP LinuxServerTargetPlatform
[2015.08.30-19.56.16:949][  0]LogTemp:Display: Loaded TP LinuxTargetPlatform
[2015.08.30-19.56.16:949][  0]LogTargetPlatformManager:Display: Building Assets For Windows
[2015.08.30-19.56.17:152][  0]LogDerivedDataCache:Display: Max Cache Size: 512 MB
[2015.08.30-19.56.17:213][  0]LogDerivedDataCache: Loaded boot cache 0.06s 53MB C:/Users/Bodoo/AppData/Local/UnrealEngine/4.8/DerivedDataCache/Boot.ddc.
[2015.08.30-19.56.17:213][  0]LogDerivedDataCache:Display: Loaded Boot cache: C:/Users/Bodoo/AppData/Local/UnrealEngine/4.8/DerivedDataCache/Boot.ddc
[2015.08.30-19.56.17:213][  0]LogDerivedDataCache: FDerivedDataBackendGraph:  Pak pak cache file ../../../../Projekte/NotPartofTheGame/DerivedDataCache/DDC.ddp not found, will not use a pak cache.
[2015.08.30-19.56.17:213][  0]LogDerivedDataCache: Unable to find inner node Pak for hierarchical cache Hierarchy.
[2015.08.30-19.56.17:213][  0]LogDerivedDataCache: FDerivedDataBackendGraph:  CompressedPak pak cache file ../../../../Projekte/NotPartofTheGame/DerivedDataCache/Compressed.ddp not found, will not use a pak cache.
[2015.08.30-19.56.17:213][  0]LogDerivedDataCache: Unable to find inner node CompressedPak for hierarchical cache Hierarchy.
[2015.08.30-19.56.17:360][  0]LogDerivedDataCache:Display: Pak cache opened for reading ../../../Engine/DerivedDataCache/Compressed.ddp.
[2015.08.30-19.56.17:372][  0]LogDerivedDataCache: Using Local data cache path C:/Users/Bodoo/AppData/Local/UnrealEngine/Common/DerivedDataCache: Writable
[2015.08.30-19.56.17:604][  0]LogInit: Selected Device Profile: [Windows]
[2015.08.30-19.56.17:691][  0]ImportText (ComponentSweepMultiTests): Missing closing parenthesis: (RootShapeAsset="/Engine/BasicShapes/Cube.Cube",ShapeType="TriggerCapsule",HitResult=(Time=0.50,Location=(X=-100.000015,Y=0.0,Z=100.000015),ImpactPoint=(X=-50.0,Y=0.0,Z=50.0),Normal=(X=-1.0,Y=-0.0,Z=0.0),ImpactNormal=(X=0.0,Y=0.0,Z=1.0),TraceStart=(X=-200.0,Y=0.0,Z=200.0),TraceEnd=(X=0.0,Y=0.0,Z=0.0))
[2015.08.30-19.56.17:691][  0]ImportText (LineTraceSingleByChannelTests): Missing closing parenthesis: (RootShapeAsset="/Engine/BasicShapes/Cube.Cube",HitResult=(Time=0.50,Location=(X=-100.000015,Y=0.0,Z=100.000015),ImpactPoint=(X=-50.0,Y=0.0,Z=50.0),Normal=(X=-1.0,Y=-0.0,Z=0.0),ImpactNormal=(X=0.0,Y=0.0,Z=1.0),TraceStart=(X=-200.0,Y=0.0,Z=200.0),TraceEnd=(X=0.0,Y=0.0,Z=0.0))
[2015.08.30-19.56.17:719][  0]LogMeshUtilities: No automatic mesh reduction module available
[2015.08.30-19.56.17:719][  0]LogMeshUtilities: No automatic mesh merging module available
[2015.08.30-19.56.18:000][  0]LogInit: WinSock: version 1.1 (2.2), MaxSocks=32767, MaxUdp=65467
[2015.08.30-19.56.18:441][  0]LogD3D11RHI: InitD3DDevice
[2015.08.30-19.56.18:445][  0]LogWindowsMoviePlayer: Unable to load movie: ../../../../Projekte/NotPartofTheGame/Content/Movies/Default_Startup.mp4
[2015.08.30-19.56.18:585][  0]LogAssetRegistry: FAssetRegistry took 0.0001 seconds to start up
[2015.08.30-19.56.18:630][  0]SourceControl: Info Source control is disabled
[2015.08.30-19.56.18:630][  0]SourceControl: Info Source control is disabled
[2015.08.30-19.56.18:640][  0]SourceControl: Info Source control is disabled
[2015.08.30-19.56.18:821][  0]LogObj: 25913 objects as part of root set at end of initial load.
[2015.08.30-19.56.18:821][  0]LogUObjectAllocator: 5218480 out of 0 bytes used by permanent object pool.
[2015.08.30-19.56.18:889][  0]LogAutomationTest:Warning: ERR: Transient text cannot be serialized "Testing Transient serialization detection".
[2015.08.30-19.56.18:889][  0]LogEngine: Initializing Engine...
[2015.08.30-19.56.18:891][  0]LogHMD: Can't find Oculus library dev build: is proper Runtime installed? Version: 0.6.0.0
[2015.08.30-19.56.18:892][  0]LogHMD:Warning: SteamVR failed to initialize.  Error: 110
[2015.08.30-19.56.18:980][  0]LogInit: XAudio2 using 'Lautsprecher (G510s Gaming Keyboard)' : 2 channels at 48 kHz using 16 bits per sample (channel mask 0x3)
[2015.08.30-19.56.18:987][  0]LogInit: FAudioDevice initialized.
[2015.08.30-19.56.18:995][  0]LogInit: Texture streaming: Disabled
[2015.08.30-19.56.19:057][  0]LogNet: Browse: /Temp/Autosaves/Game/NPOTG/Maps/UEDPCTesting_Level?Name=Player
[2015.08.30-19.56.19:057][  0]LogLoad: LoadMap: /Temp/Autosaves/Game/NPOTG/Maps/UEDPCTesting_Level?Name=Player
[2015.08.30-19.56.19:068][  0]LogParticles: Destroying 0 GPU particle simulations for FXSystem 0x00000020F24A3560
[2015.08.30-19.56.19:076][  0]LogMemory: Platform Memory Stats for Windows
[2015.08.30-19.56.19:076][  0]LogMemory: Process Physical Memory: 335.91 MB used, 335.91 MB peak
[2015.08.30-19.56.19:076][  0]LogMemory: Process Virtual Memory: 372.25 MB used, 372.25 MB peak
[2015.08.30-19.56.19:076][  0]LogMemory: Physical Memory: 3118.38 MB used, 12270.70 MB total
[2015.08.30-19.56.19:076][  0]LogMemory: Virtual Memory: 889.48 MB used, 134217728.00 MB total
[2015.08.30-19.56.19:076][  0]LogMemory: 
[2015.08.30-19.56.19:076][  0]Allocator Stats for TBB: (not implemented)
[2015.08.30-19.56.19:977][  0]LogProperty:Warning: ERR: Transient text cannot be serialized "NewRotation Roll".
[2015.08.30-19.56.19:977][  0]LogProperty:Warning: ERR: Transient text cannot be serialized "NewRotation Yaw".
[2015.08.30-19.56.19:977][  0]LogProperty:Warning: ERR: Transient text cannot be serialized "NewRotation Pitch".
[2015.08.30-19.56.19:978][  0]LogProperty:Warning: ERR: Transient text cannot be serialized "NewRotation Roll".
[2015.08.30-19.56.19:978][  0]LogProperty:Warning: ERR: Transient text cannot be serialized "NewRotation Yaw".
[2015.08.30-19.56.19:978][  0]LogProperty:Warning: ERR: Transient text cannot be serialized "NewRotation Pitch".
[2015.08.30-19.56.20:026][  0]LogProperty:Warning: ERR: Transient text cannot be serialized "NewRotation Roll".
[2015.08.30-19.56.20:026][  0]LogProperty:Warning: ERR: Transient text cannot be serialized "NewRotation Yaw".
[2015.08.30-19.56.20:026][  0]LogProperty:Warning: ERR: Transient text cannot be serialized "NewRotation Pitch".
[2015.08.30-19.56.20:026][  0]LogProperty:Warning: ERR: Transient text cannot be serialized "NewRotation Roll".
[2015.08.30-19.56.20:027][  0]LogProperty:Warning: ERR: Transient text cannot be serialized "NewRotation Yaw".
[2015.08.30-19.56.20:027][  0]LogProperty:Warning: ERR: Transient text cannot be serialized "NewRotation Pitch".
[2015.08.30-19.56.20:909][  0]LogAIModule: Creating AISystem for world Testing_Level
[2015.08.30-19.56.20:909][  0]LogWorld: Game class is '2DSideScrollerGameMode_C'
[2015.08.30-19.56.20:975][  0]LogWorld: Bringing World /Temp/Autosaves/Game/NPOTG/Maps/UEDPCTesting_Level.Testing_Level up for play (max tick rate 0) at 2015.08.30-21.56.20
[2015.08.30-19.56.20:987][  0]LogWorld: Bringing up level for play took: 0.074478
[2015.08.30-19.56.20:991][  0]LogInit:Display: Game Engine Initialized.
[2015.08.30-19.56.21:216][  0]LogLoad: Full Startup: 7.53 seconds (BP compile: 0.96 seconds)
[2015.08.30-19.56.21:232][  0]LogWindowsTextInputMethodSystem:Display: IME system now deactivated.
[2015.08.30-19.56.21:232][  0]LogWindowsTextInputMethodSystem:Display: IME system now deactivated.
[2015.08.30-19.56.21:235][  0]LogContentStreaming: Texture pool size is 1000.000000MB
[2015.08.30-19.56.21:360][  0]LogRenderer: Reallocating scene render targets to support 1280x720 (Frame:2).
[2015.08.30-19.56.51:218][842]LogScript:Warning: Accessed None 'K2Node_DynamicCast_AsMarkimoo4'
	wolf_C /Temp/Autosaves/Game/NPOTG/Maps/UEDPCTesting_Level.Testing_Level:PersistentLevel.wolf_C_9
	Function /Game/NPOTG/Blueprints/Charaktere/wolf.wolf_C:ExecuteUbergraph_wolf:0E82
[2015.08.30-19.56.51:219][842]LogBlueprintUserMessages: 0.991935
[2015.08.30-19.56.51:219][842]LogBlueprintUserMessages: 0.991935
[2015.08.30-19.56.51:219][842]LogBlueprintUserMessages: 0.983871
[2015.08.30-19.56.51:234][843]LogBlueprintUserMessages: 0.975806
[2015.08.30-19.56.51:250][844]LogBlueprintUserMessages: 0.967742
[2015.08.30-19.56.51:267][845]LogBlueprintUserMessages: 0.959677
[2015.08.30-19.56.51:283][846]LogBlueprintUserMessages: 0.951613
[2015.08.30-19.56.51:299][847]LogBlueprintUserMessages: 0.943548
[2015.08.30-19.56.51:315][848]LogBlueprintUserMessages: 0.935479
[2015.08.30-19.56.51:331][849]LogBlueprintUserMessages: 0.927414
[2015.08.30-19.56.51:347][850]LogBlueprintUserMessages: 0.91935
[2015.08.30-19.56.51:363][851]LogBlueprintUserMessages: 0.911285
[2015.08.30-19.56.51:380][852]LogBlueprintUserMessages: 0.903221
[2015.08.30-19.56.51:396][853]LogBlueprintUserMessages: 0.895156
[2015.08.30-19.56.51:412][854]LogBlueprintUserMessages: 0.887092
[2015.08.30-19.56.51:428][855]LogBlueprintUserMessages: 0.879027
[2015.08.30-19.56.51:444][856]LogBlueprintUserMessages: 0.870963
[2015.08.30-19.56.51:461][857]LogBlueprintUserMessages: 0.862898
[2015.08.30-19.56.51:477][858]LogBlueprintUserMessages: 0.854833
[2015.08.30-19.56.51:493][859]LogBlueprintUserMessages: 0.846769
[2015.08.30-19.56.51:508][860]LogBlueprintUserMessages: 0.838704
[2015.08.30-19.56.51:525][861]LogBlueprintUserMessages: 0.83064
[2015.08.30-19.56.51:541][862]LogBlueprintUserMessages: 0.822575
[2015.08.30-19.56.51:557][863]LogBlueprintUserMessages: 0.814511
[2015.08.30-19.56.51:573][864]LogBlueprintUserMessages: 0.806446
[2015.08.30-19.56.51:589][865]LogBlueprintUserMessages: 0.798381
[2015.08.30-19.56.51:605][866]LogBlueprintUserMessages: 0.790317
[2015.08.30-19.56.51:621][867]LogBlueprintUserMessages: 0.782252
[2015.08.30-19.56.51:638][868]LogBlueprintUserMessages: 0.774188
[2015.08.30-19.56.51:654][869]LogBlueprintUserMessages: 0.766123
[2015.08.30-19.56.51:670][870]LogBlueprintUserMessages: 0.758058
[2015.08.30-19.56.51:686][871]LogBlueprintUserMessages: 0.749994
[2015.08.30-19.56.51:702][872]LogBlueprintUserMessages: 0.741929
[2015.08.30-19.56.51:718][873]LogBlueprintUserMessages: 0.733865
[2015.08.30-19.56.51:735][874]LogBlueprintUserMessages: 0.7258
[2015.08.30-19.56.51:751][875]LogBlueprintUserMessages: 0.717735
[2015.08.30-19.56.51:767][876]LogBlueprintUserMessages: 0.709671
[2015.08.30-19.56.51:783][877]LogBlueprintUserMessages: 0.701603
[2015.08.30-19.56.51:799][878]LogBlueprintUserMessages: 0.693539
[2015.08.30-19.56.51:815][879]LogBlueprintUserMessages: 0.685474
[2015.08.30-19.56.51:831][880]LogBlueprintUserMessages: 0.67741
[2015.08.30-19.56.51:847][881]LogBlueprintUserMessages: 0.669345
[2015.08.30-19.56.51:863][882]LogBlueprintUserMessages: 0.66128
[2015.08.30-19.56.51:879][883]LogBlueprintUserMessages: 0.653216
[2015.08.30-19.56.51:895][884]LogBlueprintUserMessages: 0.645151
[2015.08.30-19.56.51:911][885]LogBlueprintUserMessages: 0.637087
[2015.08.30-19.56.51:928][886]LogBlueprintUserMessages: 0.629022
[2015.08.30-19.56.51:944][887]LogBlueprintUserMessages: 0.620957
[2015.08.30-19.56.51:960][888]LogBlueprintUserMessages: 0.612893
[2015.08.30-19.56.51:976][889]LogBlueprintUserMessages: 0.604828
[2015.08.30-19.56.51:992][890]LogBlueprintUserMessages: 0.596764
[2015.08.30-19.56.52:008][891]LogBlueprintUserMessages: 0.588699
[2015.08.30-19.56.52:025][892]LogBlueprintUserMessages: 0.580634
[2015.08.30-19.56.52:041][893]LogBlueprintUserMessages: 0.57257
[2015.08.30-19.56.52:057][894]LogBlueprintUserMessages: 0.564505
[2015.08.30-19.56.52:073][895]LogBlueprintUserMessages: 0.556441
[2015.08.30-19.56.52:089][896]LogBlueprintUserMessages: 0.548376
[2015.08.30-19.56.52:106][897]LogBlueprintUserMessages: 0.540311
[2015.08.30-19.56.52:122][898]LogBlueprintUserMessages: 0.532247
[2015.08.30-19.56.52:138][899]LogBlueprintUserMessages: 0.524182
[2015.08.30-19.56.52:154][900]LogBlueprintUserMessages: 0.516118
[2015.08.30-19.56.52:170][901]LogBlueprintUserMessages: 0.508053
[2015.08.30-19.56.52:186][902]LogBlueprintUserMessages: 0.499988
[2015.08.30-19.56.52:202][903]LogBlueprintUserMessages: 0.491924
[2015.08.30-19.56.52:218][904]LogBlueprintUserMessages: 0.483859
[2015.08.30-19.56.52:234][905]LogBlueprintUserMessages: 0.475794
[2015.08.30-19.56.52:250][906]LogBlueprintUserMessages: 0.46773
[2015.08.30-19.56.52:267][907]LogBlueprintUserMessages: 0.459665
[2015.08.30-19.56.52:283][908]LogBlueprintUserMessages: 0.451601
[2015.08.30-19.56.52:299][909]LogBlueprintUserMessages: 0.443536
[2015.08.30-19.56.52:315][910]LogBlueprintUserMessages: 0.435471
[2015.08.30-19.56.52:331][911]LogBlueprintUserMessages: 0.427407
[2015.08.30-19.56.52:348][912]LogBlueprintUserMessages: 0.419342
[2015.08.30-19.56.52:363][913]LogBlueprintUserMessages: 0.411278
[2015.08.30-19.56.52:380][914]LogBlueprintUserMessages: 0.403213
[2015.08.30-19.56.52:396][915]LogBlueprintUserMessages: 0.395148
[2015.08.30-19.56.52:411][916]LogBlueprintUserMessages: 0.387084
[2015.08.30-19.56.52:428][917]LogBlueprintUserMessages: 0.379019
[2015.08.30-19.56.52:444][918]LogBlueprintUserMessages: 0.370955
[2015.08.30-19.56.52:461][919]LogBlueprintUserMessages: 0.36289
[2015.08.30-19.56.52:477][920]LogBlueprintUserMessages: 0.354825
[2015.08.30-19.56.52:492][921]LogBlueprintUserMessages: 0.346761
[2015.08.30-19.56.52:508][922]LogBlueprintUserMessages: 0.338696
[2015.08.30-19.56.52:525][923]LogBlueprintUserMessages: 0.330632
[2015.08.30-19.56.52:541][924]LogBlueprintUserMessages: 0.322567
[2015.08.30-19.56.52:557][925]LogBlueprintUserMessages: 0.314502
[2015.08.30-19.56.52:557][925]Closing by request
[2015.08.30-19.56.52:557][925]LogWindows: FPlatformMisc::RequestExit(0)
[2015.08.30-19.56.52:947][926]LogWindowsTextInputMethodSystem:Display: IME system now deactivated.
[2015.08.30-19.56.52:947][926]LogWindowsTextInputMethodSystem:Display: IME system now deactivated.
[2015.08.30-19.56.52:954][926]LogExit: Preparing to exit.
[2015.08.30-19.56.52:997][926]LogExit: Game engine shut down
[2015.08.30-19.56.53:001][926]LogParticles: Destroying 0 GPU particle simulations for FXSystem 0x00000020EE786AC0
[2015.08.30-19.56.53:129][926]LogExit: Object subsystem successfully closed.
[2015.08.30-19.56.53:135][926]LogD3D11RHI: Shutdown
[2015.08.30-19.56.53:135][926]LogD3D11RHI: CleanupD3DDevice
[2015.08.30-19.56.53:217][926]LogD3D11RHI: ~FD3D11DynamicRHI
[2015.08.30-19.56.53:230][926]LogModuleManager: Shutting down and abandoning module AndroidDeviceDetection (109)
[2015.08.30-19.56.53:255][926]LogModuleManager: Shutting down and abandoning module AutomationWorker (108)
[2015.08.30-19.56.53:255][926]LogModuleManager: Shutting down and abandoning module CharacterAI (107)
[2015.08.30-19.56.53:255][926]LogModuleManager: Shutting down and abandoning module AITestSuite (106)
[2015.08.30-19.56.53:255][926]LogModuleManager: Shutting down and abandoning module GameplayDebugger (105)
[2015.08.30-19.56.53:255][926]LogModuleManager: Shutting down and abandoning module AIModule (104)
[2015.08.30-19.56.53:255][926]LogModuleManager: Shutting down and abandoning module GameLiveStreaming (103)
[2015.08.30-19.56.53:255][926]LogModuleManager: Shutting down and abandoning module StreamingPauseRendering (102)
[2015.08.30-19.56.53:255][926]LogModuleManager: Shutting down and abandoning module ProfilerService (101)
[2015.08.30-19.56.53:407][926]LogModuleManager: Shutting down and abandoning module TaskGraph (100)
[2015.08.30-19.56.53:407][926]LogModuleManager: Shutting down and abandoning module SlateRemote (99)
[2015.08.30-19.56.53:407][926]LogModuleManager: Shutting down and abandoning module SteamVRController (98)
[2015.08.30-19.56.53:407][926]LogModuleManager: Shutting down and abandoning module SteamVR (97)
[2015.08.30-19.56.53:407][926]LogModuleManager: Shutting down and abandoning module ProceduralMeshComponent (96)
[2015.08.30-19.56.53:407][926]LogModuleManager: Shutting down and abandoning module OculusRift (95)
[2015.08.30-19.56.53:407][926]LogModuleManager: Shutting down and abandoning module LeapMotionController (94)
[2015.08.30-19.56.53:413][926]LogModuleManager: Shutting down and abandoning module CustomMeshComponent (93)
[2015.08.30-19.56.53:413][926]LogModuleManager: Shutting down and abandoning module CableComponent (92)
[2015.08.30-19.56.53:413][926]LogModuleManager: Shutting down and abandoning module DesktopPlatform (91)
[2015.08.30-19.56.53:413][926]LogModuleManager: Shutting down and abandoning module DirectoryWatcher (90)
[2015.08.30-19.56.53:413][926]LogModuleManager: Shutting down and abandoning module HotReload (89)
[2015.08.30-19.56.53:413][926]LogModuleManager: Shutting down and abandoning module VisualStudioSourceCodeAccess (88)
[2015.08.30-19.56.53:413][926]LogModuleManager: Shutting down and abandoning module UObjectPlugin (87)
[2015.08.30-19.56.53:413][926]LogModuleManager: Shutting down and abandoning module SubversionSourceControl (86)
[2015.08.30-19.56.53:413][926]LogModuleManager: Shutting down and abandoning module SourceControl (85)
[2015.08.30-19.56.53:413][926]LogModuleManager: Shutting down and abandoning module PerforceSourceControl (84)
[2015.08.30-19.56.53:413][926]LogModuleManager: Shutting down and abandoning module BlankPlugin (83)
[2015.08.30-19.56.53:414][926]LogModuleManager: Shutting down and abandoning module UdpMessaging (82)
[2015.08.30-19.56.53:414][926]LogModuleManager: Shutting down and abandoning module AssetRegistry (81)
[2015.08.30-19.56.53:414][926]LogModuleManager: Shutting down and abandoning module SubstanceCore (80)
[2015.08.30-19.56.53:414][926]LogModuleManager: Shutting down and abandoning module Paper2D (79)
[2015.08.30-19.56.53:414][926]LogModuleManager: Shutting down and abandoning module WindowsMoviePlayer (78)
[2015.08.30-19.56.53:416][926]LogModuleManager: Shutting down and abandoning module Media (77)
[2015.08.30-19.56.53:416][926]LogModuleManager: Shutting down and abandoning module WmfMedia (76)
[2015.08.30-19.56.53:416][926]LogModuleManager: Shutting down and abandoning module OnlineBlueprintSupport (75)
[2015.08.30-19.56.53:416][926]LogModuleManager: Shutting down and abandoning module PropertyEditor (74)
[2015.08.30-19.56.53:416][926]LogModuleManager: Shutting down and abandoning module BehaviorTreeEditor (73)
[2015.08.30-19.56.53:416][926]LogModuleManager: Shutting down and abandoning module FunctionalTesting (72)
[2015.08.30-19.56.53:416][926]LogModuleManager: Shutting down and abandoning module CollisionAnalyzer (71)
[2015.08.30-19.56.53:416][926]LogModuleManager: Shutting down and abandoning module WorkspaceMenuStructure (70)
[2015.08.30-19.56.53:416][926]LogModuleManager: Shutting down and abandoning module MessageLog (69)
[2015.08.30-19.56.53:416][926]LogModuleManager: Shutting down and abandoning module Sequencer (68)
[2015.08.30-19.56.53:416][926]LogModuleManager: Shutting down and abandoning module AssetTools (67)
[2015.08.30-19.56.53:416][926]LogModuleManager: Shutting down and abandoning module UMGEditor (66)
[2015.08.30-19.56.53:416][926]LogModuleManager: Shutting down and abandoning module UMG (65)
[2015.08.30-19.56.53:416][926]LogModuleManager: Shutting down and abandoning module Slate (64)
[2015.08.30-19.56.53:416][926]LogModuleManager: Shutting down and abandoning module EditorStyle (63)
[2015.08.30-19.56.53:418][926]LogModuleManager: Shutting down and abandoning module SessionServices (62)
[2015.08.30-19.56.53:418][926]LogModuleManager: Shutting down and abandoning module SourceCodeAccess (61)
[2015.08.30-19.56.53:418][926]LogModuleManager: Shutting down and abandoning module HeadMountedDisplay (60)
[2015.08.30-19.56.53:418][926]LogModuleManager: Shutting down and abandoning module XAudio2 (59)
[2015.08.30-19.56.53:418][926]LogModuleManager: Shutting down and abandoning module Networking (57)
[2015.08.30-19.56.53:418][926]LogModuleManager: Shutting down and abandoning module Core (56)
[2015.08.30-19.56.53:418][926]LogModuleManager: Shutting down and abandoning module KismetCompiler (55)
[2015.08.30-19.56.53:418][926]LogModuleManager: Shutting down and abandoning module PhysXFormats (54)
[2015.08.30-19.56.53:418][926]LogModuleManager: Shutting down and abandoning module MeshUtilities (53)
[2015.08.30-19.56.53:418][926]LogModuleManager: Shutting down and abandoning module DerivedDataCache (52)
[2015.08.30-19.56.53:901][926]LogDerivedDataCache: Shutdown
[2015.08.30-19.56.53:901][926]LogModuleManager: Shutting down and abandoning module ShaderFormatOpenGL (51)
[2015.08.30-19.56.53:901][926]LogModuleManager: Shutting down and abandoning module ShaderFormatD3D (50)
[2015.08.30-19.56.53:901][926]LogModuleManager: Shutting down and abandoning module MetalShaderFormat (49)
[2015.08.30-19.56.53:901][926]LogModuleManager: Shutting down and abandoning module TextureFormatUncompressed (48)
[2015.08.30-19.56.53:901][926]LogModuleManager: Shutting down and abandoning module TextureFormatPVR (47)
[2015.08.30-19.56.53:901][926]LogModuleManager: Shutting down and abandoning module TextureFormatIntelISPCTexComp (46)
[2015.08.30-19.56.53:901][926]LogModuleManager: Shutting down and abandoning module TextureFormatDXT (45)
[2015.08.30-19.56.53:901][926]LogModuleManager: Shutting down and abandoning module ImageWrapper (44)
[2015.08.30-19.56.53:901][926]LogModuleManager: Shutting down and abandoning module TextureFormatASTC (43)
[2015.08.30-19.56.53:901][926]LogModuleManager: Shutting down and abandoning module TextureFormatAndroid (42)
[2015.08.30-19.56.53:901][926]LogModuleManager: Shutting down and abandoning module AudioFormatOpus (41)
[2015.08.30-19.56.53:901][926]LogModuleManager: Shutting down and abandoning module AudioFormatOgg (40)
[2015.08.30-19.56.53:901][926]LogModuleManager: Shutting down and abandoning module AudioFormatADPCM (39)
[2015.08.30-19.56.53:901][926]LogModuleManager: Shutting down and abandoning module LinuxTargetPlatform (38)
[2015.08.30-19.56.53:901][926]LogModuleManager: Shutting down and abandoning module LinuxServerTargetPlatform (37)
[2015.08.30-19.56.53:901][926]LogModuleManager: Shutting down and abandoning module LinuxNoEditorTargetPlatform (36)
[2015.08.30-19.56.53:901][926]LogModuleManager: Shutting down and abandoning module Messaging (35)
[2015.08.30-19.56.53:901][926]LogModuleManager: Shutting down and abandoning module IOSTargetPlatform (34)
[2015.08.30-19.56.53:901][926]LogModuleManager: Shutting down and abandoning module HTML5TargetPlatform (33)
[2015.08.30-19.56.53:901][926]LogModuleManager: Shutting down and abandoning module Android_PVRTCTargetPlatform (32)
[2015.08.30-19.56.53:901][926]LogModuleManager: Shutting down and abandoning module Android_ETC2TargetPlatform (31)
[2015.08.30-19.56.53:901][926]LogModuleManager: Shutting down and abandoning module Android_ETC1TargetPlatform (30)
[2015.08.30-19.56.53:901][926]LogModuleManager: Shutting down and abandoning module Android_DXTTargetPlatform (29)
[2015.08.30-19.56.53:901][926]LogModuleManager: Shutting down and abandoning module Android_ATCTargetPlatform (28)
[2015.08.30-19.56.53:901][926]LogModuleManager: Shutting down and abandoning module Android_ASTCTargetPlatform (27)
[2015.08.30-19.56.53:901][926]LogModuleManager: Shutting down and abandoning module AndroidTargetPlatform (26)
[2015.08.30-19.56.53:901][926]LogModuleManager: Shutting down and abandoning module WindowsTargetPlatform (25)
[2015.08.30-19.56.53:901][926]LogModuleManager: Shutting down and abandoning module WindowsServerTargetPlatform (24)
[2015.08.30-19.56.53:901][926]LogModuleManager: Shutting down and abandoning module WindowsNoEditorTargetPlatform (23)
[2015.08.30-19.56.53:901][926]LogModuleManager: Shutting down and abandoning module WindowsClientTargetPlatform (22)
[2015.08.30-19.56.53:901][926]LogModuleManager: Shutting down and abandoning module DesktopTargetPlatform (21)
[2015.08.30-19.56.53:901][926]LogModuleManager: Shutting down and abandoning module TargetPlatform (20)
[2015.08.30-19.56.53:901][926]LogModuleManager: Shutting down and abandoning module InputCore (19)
[2015.08.30-19.56.53:901][926]LogModuleManager: Shutting down and abandoning module Settings (18)
[2015.08.30-19.56.53:901][926]LogModuleManager: Shutting down and abandoning module OnlineSubsystem (16)
[2015.08.30-19.56.53:901][926]LogModuleManager: Shutting down and abandoning module HTTP (15)
[2015.08.30-19.56.53:901][926]LogModuleManager: Shutting down and abandoning module ExampleDeviceProfileSelector (14)
[2015.08.30-19.56.53:901][926]LogModuleManager: Shutting down and abandoning module TextureCompressor (13)
[2015.08.30-19.56.53:901][926]LogModuleManager: Shutting down and abandoning module ShaderCore (12)
[2015.08.30-19.56.53:901][926]LogModuleManager: Shutting down and abandoning module Landscape (11)
[2015.08.30-19.56.53:901][926]LogModuleManager: Shutting down and abandoning module SlateRHIRenderer (10)
[2015.08.30-19.56.53:902][926]LogModuleManager: Shutting down and abandoning module OpenGLDrv (9)
[2015.08.30-19.56.53:902][926]LogModuleManager: Shutting down and abandoning module D3D11RHI (8)
[2015.08.30-19.56.53:902][926]LogModuleManager: Shutting down and abandoning module Renderer (7)
[2015.08.30-19.56.53:902][926]LogModuleManager: Shutting down and abandoning module Engine (6)
[2015.08.30-19.56.53:902][926]LogModuleManager: Shutting down and abandoning module CoreUObject (5)
[2015.08.30-19.56.53:902][926]LogModuleManager: Shutting down and abandoning module NetworkFile (4)
[2015.08.30-19.56.53:902][926]LogModuleManager: Shutting down and abandoning module StreamingFile (3)
[2015.08.30-19.56.53:902][926]LogModuleManager: Shutting down and abandoning module SandboxFile (2)
[2015.08.30-19.56.53:902][926]LogModuleManager: Shutting down and abandoning module PakFile (1)
[2015.08.30-19.56.53:903][926]LogExit: Exiting.
[2015.08.30-19.56.53:904][926]Log file closed, 08/30/15 21:56:53
