[2015.09.02-14.50.57:112][  0]Log file open, 09/02/15 16:50:57
[2015.09.02-14.50.57:112][  0]LogInit:Display: Running engine for game: NotPartofGame
[2015.09.02-14.50.57:112][  0]LogInit:Display: RandInit(384943488) SRandInit(384943489).
[2015.09.02-14.50.57:112][  0]LogTaskGraph: Started task graph with 4 named threads and 7 total threads.
[2015.09.02-14.50.57:112][  0]LogStats: Stats thread started
[2015.09.02-14.50.57:112][  0]LogInit: Version: 4.8.3-2634408+++depot+UE4-Releases+4.8
[2015.09.02-14.50.57:112][  0]LogInit: API Version: 2579680
[2015.09.02-14.50.57:112][  0]LogInit: Compiled (64-bit): Jul 27 2015 16:24:33
[2015.09.02-14.50.57:112][  0]LogInit: Compiled with Visual C++: 18.00.21005.01
[2015.09.02-14.50.57:112][  0]LogInit: Build Configuration: Development
[2015.09.02-14.50.57:112][  0]LogInit: Branch Name: ++depot+UE4-Releases+4.8
[2015.09.02-14.50.57:112][  0]LogInit: Command line: 
[2015.09.02-14.50.57:112][  0]LogInit: Base directory: C:/Users/Bodoo/Documents/Programmieren/4.8/Engine/Binaries/Win64/
[2015.09.02-14.50.57:112][  0]LogInit: Rocket: 1
[2015.09.02-14.50.57:143][  0]LogInit: Using libcurl 7.41.0
[2015.09.02-14.50.57:143][  0]LogInit:  - built for x86_64-pc-win32
[2015.09.02-14.50.57:143][  0]LogInit:  - supports SSL with WinSSL
[2015.09.02-14.50.57:143][  0]LogInit:  - other features:
[2015.09.02-14.50.57:143][  0]LogInit:      CURL_VERSION_SSL
[2015.09.02-14.50.57:143][  0]LogInit:      CURL_VERSION_IPV6
[2015.09.02-14.50.57:143][  0]LogInit:      CURL_VERSION_ASYNCHDNS
[2015.09.02-14.50.57:143][  0]LogInit:      CURL_VERSION_LARGEFILE
[2015.09.02-14.50.57:143][  0]LogInit:      CURL_VERSION_IDN
[2015.09.02-14.50.57:143][  0]LogInit:  CurlRequestOptions (configurable via config and command line):
[2015.09.02-14.50.57:143][  0]LogInit:  - bVerifyPeer = true  - Libcurl will verify peer certificate
[2015.09.02-14.50.57:143][  0]LogInit:  - bUseHttpProxy = false  - Libcurl will NOT use HTTP proxy
[2015.09.02-14.50.57:143][  0]LogInit:  - bDontReuseConnections = false  - Libcurl will reuse connections
[2015.09.02-14.50.57:143][  0]LogInit:  - CertBundlePath = nullptr  - Libcurl will use whatever was configured at build time.
[2015.09.02-14.50.57:159][  0]LogOnline:Warning: No default platform service specified for OnlineSubsystem
[2015.09.02-14.50.57:237][  0]LogInit: Presizing for 0 objects not considered by GC, pre-allocating 0 bytes.
[2015.09.02-14.50.57:237][  0]LogInit: Object subsystem initialized
[2015.09.02-14.50.57:237][  0]LogConsoleResponse:Warning: Skipping Unknown console variable: 'UIScaleCurve = (EditorCurveData=(Keys=((Time=480.000000,Value=0.444000),(Time=720.000000,Value=0.666000),(Time=1080.000000,Value=1.000000),(Time=8640.000000,Value=8.000000))),ExternalCurve=None)'
[2015.09.02-14.50.57:237][  0]LogConsoleResponse:Warning:   Found in ini file 'C:/Users/Bodoo/Documents/Programmieren/Projekte/NotPartofTheGame/Saved/Config/Windows/Engine.ini', in section '[/Script/Engine.RendererSettings]'
[2015.09.02-14.50.57:237][  0]LogConsoleManager:Warning: Console variable 'r.MSAA.CompositingSampleCount' wasn't set ('Scalability' has a lower priority than 'ProjectSetting')
[2015.09.02-14.50.57:237][  0]LogInit: Selected Device Profile: [Windows]
[2015.09.02-14.50.57:237][  0]LogInit: Applying CVar settings loaded from the selected device profile: [Windows]
[2015.09.02-14.50.57:283][  0]LogInit: Computer: DESKTOP-GLF6O4V
[2015.09.02-14.50.57:283][  0]LogInit: User: Bodoo
[2015.09.02-14.50.57:283][  0]LogInit: CPU Page size=4096, Cores=4
[2015.09.02-14.50.57:283][  0]LogInit: High frequency timer resolution =3.215355 MHz
[2015.09.02-14.50.57:283][  0]LogMemory: Memory total: Physical=12.0GB (12GB approx)
[2015.09.02-14.50.57:283][  0]LogMemory: Platform Memory Stats for Windows
[2015.09.02-14.50.57:283][  0]LogMemory: Process Physical Memory: 51.20 MB used, 51.20 MB peak
[2015.09.02-14.50.57:283][  0]LogMemory: Process Virtual Memory: 22.46 MB used, 22.46 MB peak
[2015.09.02-14.50.57:283][  0]LogMemory: Physical Memory: 1774.91 MB used, 12270.70 MB total
[2015.09.02-14.50.57:283][  0]LogMemory: Virtual Memory: 309.63 MB used, 134217728.00 MB total
[2015.09.02-14.50.57:613][  0]LogTextLocalizationManager: The requested culture ('de_DE') has no localization data; falling back to 'en' for localization and internationalization data.
[2015.09.02-14.50.57:870][  0]LogTextLocalizationManager:Warning: Loaded localization resources contain conflicting entries for (Namespace:ContentBrowser, Key:ImportAssetToolTip):
Localization Resource: (C:/Users/Bodoo/Documents/Programmieren/4.8/Engine/Content/Localization/Editor/en/Editor.locres) Source String Hash: (-630476809) Localized String: (Import to {0}...)
Localization Resource: (C:/Users/Bodoo/Documents/Programmieren/4.8/Engine/Content/Localization/Editor/en/Editor.locres) Source String Hash: (1271782899) Localized String: (Imports an asset from file to this folder.)
[2015.09.02-14.50.58:339][  0]LogD3D11RHI: Found D3D11 adapter 0: AMD Radeon HD 6800 Series (Feature Level 11_0)
[2015.09.02-14.50.58:340][  0]LogD3D11RHI: Adapter has 1011MB of dedicated video memory, 0MB of dedicated system memory, and 3840MB of shared system memory, 1 output[s]
[2015.09.02-14.50.58:341][  0]LogD3D11RHI: Found D3D11 adapter 1: Microsoft Basic Render Driver (Feature Level 11_0)
[2015.09.02-14.50.58:341][  0]LogD3D11RHI: Adapter has 0MB of dedicated video memory, 0MB of dedicated system memory, and 6135MB of shared system memory, 0 output[s]
[2015.09.02-14.50.58:341][  0]LogD3D11RHI: Chosen D3D11 Adapter Id = 0
[2015.09.02-14.50.58:343][  0]LogD3D11RHI: InitD3DDevice
[2015.09.02-14.50.58:343][  0]LogD3D11RHI: !Direct3DDevice
[2015.09.02-14.50.58:343][  0]LogRHI: Texture pool is 708 MB (70% of 1011 MB)
[2015.09.02-14.50.58:350][  0]LogD3D11RHI: Async texture creation disabled: no driver support
[2015.09.02-14.50.58:361][  0]LogShaderCompilers:Display: Using Local Shader Compiler.
[2015.09.02-14.50.59:989][  0]LogTemp:Display: Loaded TP DesktopTargetPlatform
[2015.09.02-14.51.00:004][  0]LogTemp:Display: Loaded TP WindowsClientTargetPlatform
[2015.09.02-14.51.00:020][  0]LogTemp:Display: Loaded TP WindowsNoEditorTargetPlatform
[2015.09.02-14.51.00:034][  0]LogTemp:Display: Loaded TP WindowsServerTargetPlatform
[2015.09.02-14.51.00:050][  0]LogTemp:Display: Loaded TP WindowsTargetPlatform
[2015.09.02-14.51.00:065][  0]LogTemp:Display: Loaded TP AndroidTargetPlatform
[2015.09.02-14.51.00:078][  0]LogTemp:Display: Loaded TP Android_ASTCTargetPlatform
[2015.09.02-14.51.00:090][  0]LogTemp:Display: Loaded TP Android_ATCTargetPlatform
[2015.09.02-14.51.00:102][  0]LogTemp:Display: Loaded TP Android_DXTTargetPlatform
[2015.09.02-14.51.00:115][  0]LogTemp:Display: Loaded TP Android_ETC1TargetPlatform
[2015.09.02-14.51.00:129][  0]LogTemp:Display: Loaded TP Android_ETC2TargetPlatform
[2015.09.02-14.51.00:142][  0]LogTemp:Display: Loaded TP Android_PVRTCTargetPlatform
[2015.09.02-14.51.00:264][  0]LogTemp:Display: Loaded TP IOSTargetPlatform
[2015.09.02-14.51.00:277][  0]LogTemp:Display: Loaded TP LinuxNoEditorTargetPlatform
[2015.09.02-14.51.00:290][  0]LogTemp:Display: Loaded TP LinuxServerTargetPlatform
[2015.09.02-14.51.00:308][  0]LogTemp:Display: Loaded TP LinuxTargetPlatform
[2015.09.02-14.51.00:308][  0]LogTargetPlatformManager:Display: Building Assets For Windows
[2015.09.02-14.51.00:998][  0]LogDerivedDataCache:Display: Max Cache Size: 512 MB
[2015.09.02-14.51.01:406][  0]LogDerivedDataCache: Loaded boot cache 0.41s 53MB C:/Users/Bodoo/AppData/Local/UnrealEngine/4.8/DerivedDataCache/Boot.ddc.
[2015.09.02-14.51.01:406][  0]LogDerivedDataCache:Display: Loaded Boot cache: C:/Users/Bodoo/AppData/Local/UnrealEngine/4.8/DerivedDataCache/Boot.ddc
[2015.09.02-14.51.01:406][  0]LogDerivedDataCache: FDerivedDataBackendGraph:  Pak pak cache file ../../../../Projekte/NotPartofTheGame/DerivedDataCache/DDC.ddp not found, will not use a pak cache.
[2015.09.02-14.51.01:406][  0]LogDerivedDataCache: Unable to find inner node Pak for hierarchical cache Hierarchy.
[2015.09.02-14.51.01:406][  0]LogDerivedDataCache: FDerivedDataBackendGraph:  CompressedPak pak cache file ../../../../Projekte/NotPartofTheGame/DerivedDataCache/Compressed.ddp not found, will not use a pak cache.
[2015.09.02-14.51.01:406][  0]LogDerivedDataCache: Unable to find inner node CompressedPak for hierarchical cache Hierarchy.
[2015.09.02-14.51.01:596][  0]LogDerivedDataCache:Display: Pak cache opened for reading ../../../Engine/DerivedDataCache/Compressed.ddp.
[2015.09.02-14.51.01:608][  0]LogDerivedDataCache: Using Local data cache path C:/Users/Bodoo/AppData/Local/UnrealEngine/Common/DerivedDataCache: Writable
[2015.09.02-14.51.08:143][  0]LogInit: Selected Device Profile: [Windows]
[2015.09.02-14.51.08:286][  0]ImportText (ComponentSweepMultiTests): Missing closing parenthesis: (RootShapeAsset="/Engine/BasicShapes/Cube.Cube",ShapeType="TriggerCapsule",HitResult=(Time=0.50,Location=(X=-100.000015,Y=0.0,Z=100.000015),ImpactPoint=(X=-50.0,Y=0.0,Z=50.0),Normal=(X=-1.0,Y=-0.0,Z=0.0),ImpactNormal=(X=0.0,Y=0.0,Z=1.0),TraceStart=(X=-200.0,Y=0.0,Z=200.0),TraceEnd=(X=0.0,Y=0.0,Z=0.0))
[2015.09.02-14.51.08:287][  0]ImportText (LineTraceSingleByChannelTests): Missing closing parenthesis: (RootShapeAsset="/Engine/BasicShapes/Cube.Cube",HitResult=(Time=0.50,Location=(X=-100.000015,Y=0.0,Z=100.000015),ImpactPoint=(X=-50.0,Y=0.0,Z=50.0),Normal=(X=-1.0,Y=-0.0,Z=0.0),ImpactNormal=(X=0.0,Y=0.0,Z=1.0),TraceStart=(X=-200.0,Y=0.0,Z=200.0),TraceEnd=(X=0.0,Y=0.0,Z=0.0))
[2015.09.02-14.51.08:342][  0]LogMeshUtilities: No automatic mesh reduction module available
[2015.09.02-14.51.08:342][  0]LogMeshUtilities: No automatic mesh merging module available
[2015.09.02-14.51.09:049][  0]LogInit: WinSock: version 1.1 (2.2), MaxSocks=32767, MaxUdp=65467
[2015.09.02-14.51.14:858][  0]LogAssetRegistry: FAssetRegistry took 0.0112 seconds to start up
[2015.09.02-14.51.14:871][  0]LogDirectoryWatcher:Warning: Failed to begin reading directory changes for ../../../Engine/Plugins/Experimental/CharacterAI/Content/. Error: 0
[2015.09.02-14.51.14:884][  0]UdpMessaging: Initializing bridge on interface 0.0.0.0:0 to multicast group 230.0.0.1:6666.
[2015.09.02-14.51.16:073][  0]SourceControl: Info Source control is disabled
[2015.09.02-14.51.16:383][  0]SourceControl: Info Source control is disabled
[2015.09.02-14.51.16:393][  0]SourceControl: Info Source control is disabled
[2015.09.02-14.51.16:404][  0]SourceControl: Info Source control is disabled
[2015.09.02-14.51.16:993][  0]LogObj: 26440 objects as part of root set at end of initial load.
[2015.09.02-14.51.16:993][  0]LogUObjectAllocator: 5438864 out of 0 bytes used by permanent object pool.
[2015.09.02-14.51.17:113][  0]LogEngine: Initializing Engine...
[2015.09.02-14.51.17:115][  0]LogHMD: Can't find Oculus library dev build: is proper Runtime installed? Version: 0.6.0.0
[2015.09.02-14.51.17:132][  0]LogHMD:Warning: SteamVR failed to initialize.  Error: 110
[2015.09.02-14.51.17:469][  0]LogAIModule: Creating AISystem for world NewWorld
[2015.09.02-14.51.17:474][  0]LogInit: XAudio2 using 'Lautsprecher (G510s Gaming Keyboard)' : 2 channels at 48 kHz using 16 bits per sample (channel mask 0x3)
[2015.09.02-14.51.17:481][  0]LogInit: FAudioDevice initialized.
[2015.09.02-14.51.17:509][  0]LogDerivedDataCache: Saved boot cache 0.03s 53MB C:/Users/Bodoo/AppData/Local/UnrealEngine/4.8/DerivedDataCache/Boot.ddc.
[2015.09.02-14.51.17:520][  0]LogInit: Texture streaming: Disabled
[2015.09.02-14.51.17:545][  0]LogAnalytics: Creating configured Analytics provider AnalyticsET
[2015.09.02-14.51.17:545][  0]LogAnalytics: [UEEditor.Rocket.Release] APIServer = http://et2.epicgames.com/ET2/. AppVersion = 4.8.3-2634408+++depot+UE4-Releases+4.8
[2015.09.02-14.51.17:545][  0]LogAnalytics: [UEEditor.Rocket.Release] SetUserId 0359330b4a4de6cf49a2cc9879aa4f35||823e2c57-8ae8-4d61-a04c-15505c18bf02
[2015.09.02-14.51.17:545][  0]LogAnalytics: [UEEditor.Rocket.Release] AnalyticsET::StartSession
[2015.09.02-14.51.17:569][  0]LogInit: Transaction tracking system initialized
[2015.09.02-14.51.17:697][  0]BlueprintLog: New page: Editor Load
[2015.09.02-14.51.18:402][  0]LogConsoleManager:Warning: Console variable 'r.VSync' wasn't set ('GameSetting' has a lower priority than 'SystemSettingsIni')
[2015.09.02-14.51.18:402][  0]LogConsoleResponse:Display: 
[2015.09.02-14.51.19:535][  0]LogCook:Display: Done creating registry. It took  0.00s.
[2015.09.02-14.51.19:889][  0]SourceControl: Info Source control is disabled
[2015.09.02-14.51.19:889][  0]Cmd: MAP LOAD FILE="../../../../Projekte/NotPartofTheGame/Content/NPOTG/Maps/Testing_Level.umap" TEMPLATE=0 SHOWPROGRESS=1 FEATURELEVEL=3
[2015.09.02-14.51.19:945][  0]LightingResults: New page: Lighting Build
[2015.09.02-14.51.19:958][  0]MapCheck: New page: Map Check
[2015.09.02-14.51.19:958][  0]LightingResults: New page: Lighting Build
[2015.09.02-14.51.19:966][  0]LogParticles: Destroying 0 GPU particle simulations for FXSystem 0x000000F2EC3A6F20
[2015.09.02-14.51.23:602][  0]LogAIModule: Creating AISystem for world Testing_Level
[2015.09.02-14.51.23:604][  0]LogPrimitiveComponent: Zero scaling not supported (/Game/NPOTG/Maps/Testing_Level.Testing_Level:PersistentLevel.PlayerStart.CollisionCapsule)
[2015.09.02-14.51.23:692][  0]LogEditorServer: Finished looking for orphan Actors (0.000 secs)
[2015.09.02-14.51.23:695][  0]Cmd: MAP CHECKDEP NOCLEARLOG
[2015.09.02-14.51.23:762][  0]MapCheck: Info Map check complete: 0 Error(s), 0 Warning(s), took 66.56ms to complete.
[2015.09.02-14.51.23:762][  0]LogFileHelpers: Loading map 'Testing_Level' took 3.874
[2015.09.02-14.51.23:969][  0]LogCollectionManager: Loaded 0 collections in 0.002047 seconds
[2015.09.02-14.51.23:977][  0]LogContentBrowser: Native class hierarchy populated in 0.0073 seconds. Added 1807 classes and 307 folders.
[2015.09.02-14.51.24:034][  0]LogContentBrowser: Native class hierarchy updated for 'WidgetCarousel' in 0.0003 seconds. Added 0 classes and 0 folders.
[2015.09.02-14.51.24:198][  0]LogContentBrowser: Native class hierarchy updated for 'AddContentDialog' in 0.0003 seconds. Added 0 classes and 0 folders.
[2015.09.02-14.51.24:216][  0]LogContentBrowser: Native class hierarchy updated for 'SceneOutliner' in 0.0004 seconds. Added 1 classes and 2 folders.
[2015.09.02-14.51.24:401][  0]LogCrashTracker: Crashtracker disabled due to settings.
[2015.09.02-14.51.24:402][  0]LogD3D11RHI: InitD3DDevice
[2015.09.02-14.51.24:405][  0]LogUObjectGlobals:Warning: Failed to find object 'Class None.'
[2015.09.02-14.51.24:426][  0]LogLoad: Full Startup: 29.88 seconds (BP compile: 1.37 seconds)
[2015.09.02-14.51.24:900][  0]LogContentStreaming: Texture pool size is 0.000000MB
[2015.09.02-14.51.24:963][  0]LogContentStreaming: Texture pool size now 1000 MB
[2015.09.02-14.51.25:236][  0]LogRenderer: Reallocating scene render targets to support 1208x576 (Frame:2).
[2015.09.02-14.51.27:978][  9]LogAssetRegistry: Asset discovery search completed in 13.1320 seconds
[2015.09.02-14.51.32:277][ 58]LogD3D11RHI: InitD3DDevice
[2015.09.02-14.51.40:725][ 54]LogEditorViewport: Clicking on Actor (LMB): PaperSpriteActor (tileset2_Sprite_2)
[2015.09.02-14.51.59:461][932]LogD3D11RHI: InitD3DDevice
[2015.09.02-14.52.09:941][ 31]LogD3D11RHI: InitD3DDevice
[2015.09.02-14.52.13:858][418]LogD3D11RHI: InitD3DDevice
[2015.09.02-14.52.16:781][705]LogEditorViewport: Clicking on Actor (LMB): swamp_C (swamp12)
[2015.09.02-14.52.17:648][795]LogEditorViewport: Clicking on Actor (LMB): swamp_C (swamp11)
[2015.09.02-14.52.18:790][906]LogD3D11RHI: InitD3DDevice
[2015.09.02-14.52.23:580][389]LogD3D11RHI: InitD3DDevice
[2015.09.02-14.52.26:923][720]LogEditorViewport: Clicking on Actor (LMB): PaperSpriteActor (tileset2_Sprite_49)
[2015.09.02-14.52.29:863][ 31]LogD3D11RHI: InitD3DDevice
[2015.09.02-14.52.46:181][864]LogD3D11RHI: InitD3DDevice
[2015.09.02-14.52.51:802][387]LogD3D11RHI: InitD3DDevice
[2015.09.02-14.52.55:704][769]LogD3D11RHI: InitD3DDevice
[2015.09.02-14.55.06:974][355]LogD3D11RHI: InitD3DDevice
[2015.09.02-14.55.07:638][355]LogSavePackage: Save=587.201111ms
[2015.09.02-14.55.07:638][355]LogSavePackage: Moving '../../../../Projekte/NotPartofTheGame/Saved/UEDPCTesting_LevelDF66F2854A116DBDEDCC84A5D066C507.tmp' to '../../../../Projekte/NotPartofTheGame/Saved/Autosaves/Game/NPOTG/Maps/UEDPCTesting_Level.umap'
[2015.09.02-14.55.52:507][451]LogD3D11RHI: InitD3DDevice
[2015.09.02-14.55.53:115][451]LogSavePackage: Save=540.799377ms
[2015.09.02-14.55.53:115][451]LogSavePackage: Moving '../../../../Projekte/NotPartofTheGame/Saved/UEDPCTesting_Level6D3830BF48ADD719971006844142EE69.tmp' to '../../../../Projekte/NotPartofTheGame/Saved/Autosaves/Game/NPOTG/Maps/UEDPCTesting_Level.umap'
[2015.09.02-14.56.13:759][832]LogD3D11RHI: InitD3DDevice
[2015.09.02-14.56.14:376][832]LogSavePackage: Save=551.906738ms
[2015.09.02-14.56.14:376][832]LogSavePackage: Moving '../../../../Projekte/NotPartofTheGame/Saved/UEDPCTesting_Level55BF8AC8422D60D9FD849D8A2F3E5C47.tmp' to '../../../../Projekte/NotPartofTheGame/Saved/Autosaves/Game/NPOTG/Maps/UEDPCTesting_Level.umap'
[2015.09.02-14.56.30:050][211]LogEditorViewport: Clicking on Actor (LMB): moving_platform_C (moving_platform)
[2015.09.02-14.56.30:925][293]LogEditorViewport: Clicking on Actor (LMB): PaperSpriteActor (pointA_Sprite5)
[2015.09.02-14.56.32:890][483]LogEditorViewport: Clicking on Actor (LMB): PaperSpriteActor (pointB_Sprite7)
[2015.09.02-14.56.35:226][714]LogEditorViewport: Clicking on Actor (LMB): PaperSpriteActor (baum_tod_Sprite2)
[2015.09.02-14.56.37:400][930]LogEditorViewport: Clicking on Actor (LMB): PaperSpriteActor (pointB_Sprite9)
[2015.09.02-14.56.40:545][239]LogEditorViewport: Clicking on Actor (LMB): PaperSpriteActor (pointA_Sprite6)
[2015.09.02-14.56.42:515][429]LogEditorViewport: Clicking on Actor (LMB): PaperSpriteActor (pointB_Sprite9)
[2015.09.02-14.56.45:394][700]LogD3D11RHI: InitD3DDevice
[2015.09.02-14.56.45:997][700]LogSavePackage: Save=539.201111ms
[2015.09.02-14.56.45:997][700]LogSavePackage: Moving '../../../../Projekte/NotPartofTheGame/Saved/UEDPCTesting_LevelB57019D646AD4F693370568F66849958.tmp' to '../../../../Projekte/NotPartofTheGame/Saved/Autosaves/Game/NPOTG/Maps/UEDPCTesting_Level.umap'
[2015.09.02-14.57.25:435][216]LogD3D11RHI: InitD3DDevice
[2015.09.02-14.57.25:530][216]LogD3D11RHI: InitD3DDevice
[2015.09.02-14.57.25:777][216]LogRenderer: Reallocating scene render targets to support 1432x920 (Frame:14708).
[2015.09.02-14.57.46:208][436]LogD3D11RHI: InitD3DDevice
[2015.09.02-14.57.50:459][708]LogD3D11RHI: InitD3DDevice
[2015.09.02-14.58.51:879][237]LogD3D11RHI: InitD3DDevice
[2015.09.02-14.58.51:951][237]Cmd: OBJ SAVEPACKAGE PACKAGE="/Game/NPOTG/Maps/Testing_Level" FILE="../../../../Projekte/NotPartofTheGame/Content/NPOTG/Maps/Testing_Level.umap" SILENT=true AUTOSAVING=false KEEPDIRTY=false
[2015.09.02-14.58.52:561][237]LogSavePackage: Save=540.901062ms
[2015.09.02-14.58.52:561][237]LogSavePackage: Moving '../../../../Projekte/NotPartofTheGame/Saved/Testing_Level3EE5FEA2460DA247F439E59EDDAC6A80.tmp' to '../../../../Projekte/NotPartofTheGame/Content/NPOTG/Maps/Testing_Level.umap'
[2015.09.02-14.58.52:605][237]LogFileHelpers: Saving map 'Testing_Level' took 0.716
[2015.09.02-14.58.52:620][237]Cmd: OBJ SAVEPACKAGE PACKAGE="/Game/NPOTG/Sprites/tileset2_Sprite_0" FILE="../../../../Projekte/NotPartofTheGame/Content/NPOTG/Sprites/tileset2_Sprite_0.uasset" SILENT=true
[2015.09.02-14.58.52:673][237]LogSavePackage: Save=7.082888ms
[2015.09.02-14.58.52:673][237]LogSavePackage: Moving '../../../../Projekte/NotPartofTheGame/Saved/tileset2_Sprite_000AA1E8646693C056ACB94ABE12981E0.tmp' to '../../../../Projekte/NotPartofTheGame/Content/NPOTG/Sprites/tileset2_Sprite_0.uasset'
[2015.09.02-14.58.52:688][237]Cmd: OBJ SAVEPACKAGE PACKAGE="/Game/NPOTG/Sprites/tileset2_Sprite_1" FILE="../../../../Projekte/NotPartofTheGame/Content/NPOTG/Sprites/tileset2_Sprite_1.uasset" SILENT=true
[2015.09.02-14.58.52:742][237]LogSavePackage: Save=7.087864ms
[2015.09.02-14.58.52:742][237]LogSavePackage: Moving '../../../../Projekte/NotPartofTheGame/Saved/tileset2_Sprite_1CF8CD25646A739A0FB967CAEDAA39C3E.tmp' to '../../../../Projekte/NotPartofTheGame/Content/NPOTG/Sprites/tileset2_Sprite_1.uasset'
[2015.09.02-14.58.52:757][237]Cmd: OBJ SAVEPACKAGE PACKAGE="/Game/NPOTG/Sprites/tileset2_Sprite_2" FILE="../../../../Projekte/NotPartofTheGame/Content/NPOTG/Sprites/tileset2_Sprite_2.uasset" SILENT=true
[2015.09.02-14.58.52:820][237]LogSavePackage: Save=17.584995ms
[2015.09.02-14.58.52:820][237]LogSavePackage: Moving '../../../../Projekte/NotPartofTheGame/Saved/tileset2_Sprite_2FDF1E77645081F66B97A8D8B37B45B3B.tmp' to '../../../../Projekte/NotPartofTheGame/Content/NPOTG/Sprites/tileset2_Sprite_2.uasset'
[2015.09.02-14.58.54:724][360]LogParticles: Destroying 0 GPU particle simulations for FXSystem 0x000000F2DD701D00
[2015.09.02-14.58.54:724][360]LogParticles: Destroying 0 GPU particle simulations for FXSystem 0x000000F2DD95B740
[2015.09.02-14.58.54:724][360]LogParticles: Destroying 0 GPU particle simulations for FXSystem 0x000000F2FA54EDE0
[2015.09.02-14.58.54:762][360]LogD3D11RHI: InitD3DDevice
[2015.09.02-14.58.55:382][360]LogSavePackage: Save=545.191772ms
[2015.09.02-14.58.55:382][360]LogSavePackage: Moving '../../../../Projekte/NotPartofTheGame/Saved/UEDPCTesting_LevelD2A76024440CDC16E9A79C87AEF79B1F.tmp' to '../../../../Projekte/NotPartofTheGame/Saved/Autosaves/Game/NPOTG/Maps/UEDPCTesting_Level.umap'
[2015.09.02-14.59.17:382][578]LogD3D11RHI: InitD3DDevice
[2015.09.02-14.59.17:405][578]LogD3D11RHI: InitD3DDevice
[2015.09.02-14.59.29:897][380]LogD3D11RHI: InitD3DDevice
[2015.09.02-14.59.29:918][380]LogD3D11RHI: InitD3DDevice
[2015.09.02-14.59.40:914][ 65]LogD3D11RHI: InitD3DDevice
[2015.09.02-14.59.40:951][ 65]LogD3D11RHI: InitD3DDevice
[2015.09.02-14.59.47:702][495]LogD3D11RHI: InitD3DDevice
[2015.09.02-14.59.47:734][495]LogD3D11RHI: InitD3DDevice
[2015.09.02-14.59.57:254][ 94]LogParticles: Destroying 0 GPU particle simulations for FXSystem 0x000000F2FA510AE0
[2015.09.02-14.59.57:254][ 94]LogParticles: Destroying 0 GPU particle simulations for FXSystem 0x000000F28157B740
[2015.09.02-14.59.57:254][ 94]LogParticles: Destroying 0 GPU particle simulations for FXSystem 0x000000F2E13E74C0
[2015.09.02-14.59.57:255][ 94]LogParticles: Destroying 0 GPU particle simulations for FXSystem 0x000000F2FA512E80
[2015.09.02-14.59.57:272][ 94]LogD3D11RHI: InitD3DDevice
[2015.09.02-14.59.58:342][ 94]LogD3D11RHI: InitD3DDevice
[2015.09.02-14.59.58:364][ 94]Cmd: OBJ SAVEPACKAGE PACKAGE="/Game/NPOTG/Sprites/tileset2_Sprite_10" FILE="../../../../Projekte/NotPartofTheGame/Content/NPOTG/Sprites/tileset2_Sprite_10.uasset" SILENT=true
[2015.09.02-14.59.58:418][ 94]LogSavePackage: Save=7.388920ms
[2015.09.02-14.59.58:418][ 94]LogSavePackage: Moving '../../../../Projekte/NotPartofTheGame/Saved/tileset2_Sprite_1058058E4249DFD18E547E09A074D6DA2D.tmp' to '../../../../Projekte/NotPartofTheGame/Content/NPOTG/Sprites/tileset2_Sprite_10.uasset'
[2015.09.02-14.59.58:435][ 94]Cmd: OBJ SAVEPACKAGE PACKAGE="/Game/NPOTG/Sprites/tileset2_Sprite_4" FILE="../../../../Projekte/NotPartofTheGame/Content/NPOTG/Sprites/tileset2_Sprite_4.uasset" SILENT=true
[2015.09.02-14.59.58:489][ 94]LogSavePackage: Save=7.108702ms
[2015.09.02-14.59.58:489][ 94]LogSavePackage: Moving '../../../../Projekte/NotPartofTheGame/Saved/tileset2_Sprite_469E0956F47ED971D088B1C9772167905.tmp' to '../../../../Projekte/NotPartofTheGame/Content/NPOTG/Sprites/tileset2_Sprite_4.uasset'
[2015.09.02-14.59.58:504][ 94]Cmd: OBJ SAVEPACKAGE PACKAGE="/Game/NPOTG/Sprites/tileset2_Sprite_8" FILE="../../../../Projekte/NotPartofTheGame/Content/NPOTG/Sprites/tileset2_Sprite_8.uasset" SILENT=true
[2015.09.02-14.59.58:560][ 94]LogSavePackage: Save=7.360929ms
[2015.09.02-14.59.58:560][ 94]LogSavePackage: Moving '../../../../Projekte/NotPartofTheGame/Saved/tileset2_Sprite_8075BE8F0431050C0C083B68FB1E222BC.tmp' to '../../../../Projekte/NotPartofTheGame/Content/NPOTG/Sprites/tileset2_Sprite_8.uasset'
[2015.09.02-14.59.58:575][ 94]Cmd: OBJ SAVEPACKAGE PACKAGE="/Game/NPOTG/Sprites/tileset2_Sprite_9" FILE="../../../../Projekte/NotPartofTheGame/Content/NPOTG/Sprites/tileset2_Sprite_9.uasset" SILENT=true
[2015.09.02-14.59.58:628][ 94]LogSavePackage: Save=6.998916ms
[2015.09.02-14.59.58:628][ 94]LogSavePackage: Moving '../../../../Projekte/NotPartofTheGame/Saved/tileset2_Sprite_9179F79C943D7D2785C298588E6725024.tmp' to '../../../../Projekte/NotPartofTheGame/Content/NPOTG/Sprites/tileset2_Sprite_9.uasset'
[2015.09.02-14.59.58:660][ 94]LogD3D11RHI: InitD3DDevice
[2015.09.02-14.59.59:252][ 94]LogSavePackage: Save=533.277649ms
[2015.09.02-14.59.59:252][ 94]LogSavePackage: Moving '../../../../Projekte/NotPartofTheGame/Saved/UEDPCTesting_Level650E90A541E9A80B7420399069D3F433.tmp' to '../../../../Projekte/NotPartofTheGame/Saved/Autosaves/Game/NPOTG/Maps/UEDPCTesting_Level.umap'
[2015.09.02-15.01.09:592][307]LogD3D11RHI: InitD3DDevice
[2015.09.02-15.01.10:215][307]LogSavePackage: Save=560.710999ms
[2015.09.02-15.01.10:215][307]LogSavePackage: Moving '../../../../Projekte/NotPartofTheGame/Saved/UEDPCTesting_LevelA4334C2F4746A846CE7A92AF46A1875C.tmp' to '../../../../Projekte/NotPartofTheGame/Saved/Autosaves/Game/NPOTG/Maps/UEDPCTesting_Level.umap'
[2015.09.02-15.01.51:598][294]LogEditorViewport: Clicking on Actor (LMB): swamp_C (swamp15)
[2015.09.02-15.01.55:005][596]LogD3D11RHI: InitD3DDevice
[2015.09.02-15.02.07:670][894]LogEditorViewport: Clicking on Actor (LMB): PaperSpriteActor (tileset2_Sprite_57)
[2015.09.02-15.02.09:497][ 89]LogEditorViewport: Clicking on Actor (LMB): PaperSpriteActor (tileset2_Sprite_54)
[2015.09.02-15.02.11:878][350]LogEditorViewport: Clicking on Actor (LMB): swamp_C (swamp18)
[2015.09.02-15.02.12:495][413]LogEditorViewport: Clicking on Actor (LMB): PaperSpriteActor (tileset2_Sprite_54)
[2015.09.02-15.02.13:973][572]LogEditorViewport: Clicking on Actor (LMB): swamp_C (swamp19)
[2015.09.02-15.02.42:688][480]LogD3D11RHI: InitD3DDevice
[2015.09.02-15.02.47:100][926]LogEditorViewport: Clicking on Actor (LMB): PaperSpriteActor (tileset2_Sprite_5)
[2015.09.02-15.02.47:457][963]LogEditorViewport: Clicking on Component (LMB): PaperSpriteComponent (RenderComponent)
[2015.09.02-15.03.09:056][947]LogD3D11RHI: InitD3DDevice
[2015.09.02-15.03.09:325][971]LogD3D11RHI: InitD3DDevice
[2015.09.02-15.03.09:952][ 36]LogD3D11RHI: InitD3DDevice
[2015.09.02-15.03.13:132][380]LogD3D11RHI: InitD3DDevice
[2015.09.02-15.03.19:898][104]LogD3D11RHI: InitD3DDevice
[2015.09.02-15.03.19:932][104]LogD3D11RHI: InitD3DDevice
[2015.09.02-15.03.20:093][104]LogRenderer: Reallocating scene render targets to support 1528x920 (Frame:41618).
[2015.09.02-15.03.35:616][282]LogD3D11RHI: InitD3DDevice
[2015.09.02-15.03.35:953][310]LogD3D11RHI: InitD3DDevice
[2015.09.02-15.03.37:982][447]LogD3D11RHI: InitD3DDevice
[2015.09.02-15.03.54:423][728]LogD3D11RHI: InitD3DDevice
[2015.09.02-15.03.56:901][937]LogD3D11RHI: InitD3DDevice
[2015.09.02-15.04.02:404][349]LogD3D11RHI: InitD3DDevice
[2015.09.02-15.04.08:837][847]LogD3D11RHI: InitD3DDevice
[2015.09.02-15.04.14:294][279]LogD3D11RHI: InitD3DDevice
[2015.09.02-15.04.27:451][246]LogD3D11RHI: InitD3DDevice
[2015.09.02-15.04.36:415][929]LogD3D11RHI: InitD3DDevice
[2015.09.02-15.04.36:639][947]LogD3D11RHI: InitD3DDevice
[2015.09.02-15.04.38:607][ 95]LogD3D11RHI: InitD3DDevice
[2015.09.02-15.04.40:702][266]LogD3D11RHI: InitD3DDevice
[2015.09.02-15.04.40:903][282]LogD3D11RHI: InitD3DDevice
[2015.09.02-15.04.42:591][407]LogD3D11RHI: InitD3DDevice
[2015.09.02-15.04.46:641][743]LogD3D11RHI: InitD3DDevice
[2015.09.02-15.04.46:863][761]LogD3D11RHI: InitD3DDevice
[2015.09.02-15.04.49:057][929]LogD3D11RHI: InitD3DDevice
[2015.09.02-15.05.06:235][314]LogD3D11RHI: InitD3DDevice
[2015.09.02-15.05.06:481][334]LogD3D11RHI: InitD3DDevice
[2015.09.02-15.05.12:144][746]LogD3D11RHI: InitD3DDevice
[2015.09.02-15.05.25:471][748]LogD3D11RHI: InitD3DDevice
[2015.09.02-15.05.25:778][777]LogD3D11RHI: InitD3DDevice
[2015.09.02-15.05.27:955][ 15]LogD3D11RHI: InitD3DDevice
[2015.09.02-15.05.29:830][226]LogD3D11RHI: InitD3DDevice
[2015.09.02-15.05.29:850][226]LogD3D11RHI: InitD3DDevice
[2015.09.02-15.05.29:913][226]LogD3D11RHI: InitD3DDevice
[2015.09.02-15.05.29:941][226]Cmd: OBJ SAVEPACKAGE PACKAGE="/Game/NPOTG/Sprites/skull_1" FILE="../../../../Projekte/NotPartofTheGame/Content/NPOTG/Sprites/skull_1.uasset" SILENT=true
[2015.09.02-15.05.29:951][226]LogSavePackage: Save=8.228951ms
[2015.09.02-15.05.29:951][226]LogSavePackage: Moving '../../../../Projekte/NotPartofTheGame/Saved/skull_1CE2659554567217B879AFEBA2E782975.tmp' to '../../../../Projekte/NotPartofTheGame/Content/NPOTG/Sprites/skull_1.uasset'
[2015.09.02-15.05.29:971][226]LogD3D11RHI: InitD3DDevice
[2015.09.02-15.05.30:007][226]LogD3D11RHI: InitD3DDevice
[2015.09.02-15.05.30:040][226]LogParticles: Destroying 0 GPU particle simulations for FXSystem 0x000000F2DDBBEC00
[2015.09.02-15.05.31:000][312]LogD3D11RHI: InitD3DDevice
[2015.09.02-15.05.31:339][345]LogD3D11RHI: InitD3DDevice
[2015.09.02-15.05.33:541][587]LogD3D11RHI: InitD3DDevice
[2015.09.02-15.05.34:673][716]LogD3D11RHI: InitD3DDevice
[2015.09.02-15.05.34:698][716]LogD3D11RHI: InitD3DDevice
[2015.09.02-15.05.34:733][716]LogD3D11RHI: InitD3DDevice
[2015.09.02-15.05.34:758][716]Cmd: OBJ SAVEPACKAGE PACKAGE="/Game/NPOTG/Sprites/skull_2" FILE="../../../../Projekte/NotPartofTheGame/Content/NPOTG/Sprites/skull_2.uasset" SILENT=true
[2015.09.02-15.05.34:767][716]LogSavePackage: Save=7.311790ms
[2015.09.02-15.05.34:767][716]LogSavePackage: Moving '../../../../Projekte/NotPartofTheGame/Saved/skull_235324FED4ED8C2B3CE47C997A6F25D97.tmp' to '../../../../Projekte/NotPartofTheGame/Content/NPOTG/Sprites/skull_2.uasset'
[2015.09.02-15.05.34:774][716]LogD3D11RHI: InitD3DDevice
[2015.09.02-15.05.34:807][716]LogD3D11RHI: InitD3DDevice
[2015.09.02-15.05.37:747][  5]LogD3D11RHI: InitD3DDevice
[2015.09.02-15.05.38:103][ 38]LogD3D11RHI: InitD3DDevice
[2015.09.02-15.05.40:337][284]LogD3D11RHI: InitD3DDevice
[2015.09.02-15.05.41:567][425]LogD3D11RHI: InitD3DDevice
[2015.09.02-15.05.41:582][425]LogD3D11RHI: InitD3DDevice
[2015.09.02-15.05.41:615][425]LogD3D11RHI: InitD3DDevice
[2015.09.02-15.05.41:641][425]Cmd: OBJ SAVEPACKAGE PACKAGE="/Game/NPOTG/Sprites/skull_3" FILE="../../../../Projekte/NotPartofTheGame/Content/NPOTG/Sprites/skull_3.uasset" SILENT=true
[2015.09.02-15.05.41:650][425]LogSavePackage: Save=6.887264ms
[2015.09.02-15.05.41:650][425]LogSavePackage: Moving '../../../../Projekte/NotPartofTheGame/Saved/skull_31D8E61594EA004AA2362B8921CC4A8F7.tmp' to '../../../../Projekte/NotPartofTheGame/Content/NPOTG/Sprites/skull_3.uasset'
[2015.09.02-15.05.41:656][425]LogD3D11RHI: InitD3DDevice
[2015.09.02-15.05.41:691][425]LogD3D11RHI: InitD3DDevice
[2015.09.02-15.05.43:069][559]LogD3D11RHI: InitD3DDevice
[2015.09.02-15.05.43:580][610]LogD3D11RHI: InitD3DDevice
[2015.09.02-15.05.45:803][857]LogD3D11RHI: InitD3DDevice
[2015.09.02-15.05.47:720][ 76]LogD3D11RHI: InitD3DDevice
[2015.09.02-15.05.47:731][ 76]LogD3D11RHI: InitD3DDevice
[2015.09.02-15.05.47:764][ 76]LogD3D11RHI: InitD3DDevice
[2015.09.02-15.05.47:791][ 76]Cmd: OBJ SAVEPACKAGE PACKAGE="/Game/NPOTG/Sprites/skull_4" FILE="../../../../Projekte/NotPartofTheGame/Content/NPOTG/Sprites/skull_4.uasset" SILENT=true
[2015.09.02-15.05.47:800][ 76]LogSavePackage: Save=6.926451ms
[2015.09.02-15.05.47:800][ 76]LogSavePackage: Moving '../../../../Projekte/NotPartofTheGame/Saved/skull_44225936D4EF22A69048A40B812BD9BAB.tmp' to '../../../../Projekte/NotPartofTheGame/Content/NPOTG/Sprites/skull_4.uasset'
[2015.09.02-15.05.47:807][ 76]LogD3D11RHI: InitD3DDevice
[2015.09.02-15.05.47:842][ 76]LogD3D11RHI: InitD3DDevice
[2015.09.02-15.06.03:427][781]LogD3D11RHI: InitD3DDevice
[2015.09.02-15.06.03:995][838]LogD3D11RHI: InitD3DDevice
[2015.09.02-15.06.10:063][514]LogD3D11RHI: InitD3DDevice
[2015.09.02-15.06.10:081][514]LogD3D11RHI: InitD3DDevice
[2015.09.02-15.06.10:144][514]LogD3D11RHI: InitD3DDevice
[2015.09.02-15.06.10:171][514]Cmd: OBJ SAVEPACKAGE PACKAGE="/Game/NPOTG/Sprites/swamp_ground_left" FILE="../../../../Projekte/NotPartofTheGame/Content/NPOTG/Sprites/swamp_ground_left.uasset" SILENT=true
[2015.09.02-15.06.10:180][514]LogSavePackage: Save=7.499639ms
[2015.09.02-15.06.10:180][514]LogSavePackage: Moving '../../../../Projekte/NotPartofTheGame/Saved/swamp_ground_left802E24F548D435C1344234AB3FF830E4.tmp' to '../../../../Projekte/NotPartofTheGame/Content/NPOTG/Sprites/swamp_ground_left.uasset'
[2015.09.02-15.06.10:187][514]Cmd: OBJ SAVEPACKAGE PACKAGE="/Game/NPOTG/Sprites/tileset2_Sprite_8" FILE="../../../../Projekte/NotPartofTheGame/Content/NPOTG/Sprites/tileset2_Sprite_8.uasset" SILENT=true
[2015.09.02-15.06.10:239][514]LogSavePackage: Save=3.180053ms
[2015.09.02-15.06.10:239][514]LogSavePackage: Moving '../../../../Projekte/NotPartofTheGame/Saved/tileset2_Sprite_81BFB34B34033C58B46E3F8833CA5F5D8.tmp' to '../../../../Projekte/NotPartofTheGame/Content/NPOTG/Sprites/tileset2_Sprite_8.uasset'
[2015.09.02-15.06.11:438][639]LogD3D11RHI: InitD3DDevice
[2015.09.02-15.06.11:711][666]LogD3D11RHI: InitD3DDevice
[2015.09.02-15.06.17:912][361]LogD3D11RHI: InitD3DDevice
[2015.09.02-15.06.17:931][361]LogD3D11RHI: InitD3DDevice
[2015.09.02-15.06.17:981][361]LogD3D11RHI: InitD3DDevice
[2015.09.02-15.06.18:004][361]Cmd: OBJ SAVEPACKAGE PACKAGE="/Game/NPOTG/Sprites/swamp_ground_middle" FILE="../../../../Projekte/NotPartofTheGame/Content/NPOTG/Sprites/swamp_ground_middle.uasset" SILENT=true
[2015.09.02-15.06.18:013][361]LogSavePackage: Save=7.055520ms
[2015.09.02-15.06.18:013][361]LogSavePackage: Moving '../../../../Projekte/NotPartofTheGame/Saved/swamp_ground_middleB658D09141DC9F695B59508927B5D530.tmp' to '../../../../Projekte/NotPartofTheGame/Content/NPOTG/Sprites/swamp_ground_middle.uasset'
[2015.09.02-15.06.18:020][361]Cmd: OBJ SAVEPACKAGE PACKAGE="/Game/NPOTG/Sprites/tileset2_Sprite_9" FILE="../../../../Projekte/NotPartofTheGame/Content/NPOTG/Sprites/tileset2_Sprite_9.uasset" SILENT=true
[2015.09.02-15.06.18:069][361]LogSavePackage: Save=3.017707ms
[2015.09.02-15.06.18:069][361]LogSavePackage: Moving '../../../../Projekte/NotPartofTheGame/Saved/tileset2_Sprite_900C47BD44507D2994ADE458F1069655C.tmp' to '../../../../Projekte/NotPartofTheGame/Content/NPOTG/Sprites/tileset2_Sprite_9.uasset'
[2015.09.02-15.06.19:375][496]LogD3D11RHI: InitD3DDevice
[2015.09.02-15.06.19:621][516]LogD3D11RHI: InitD3DDevice
[2015.09.02-15.06.24:883][108]LogD3D11RHI: InitD3DDevice
[2015.09.02-15.06.24:897][108]LogD3D11RHI: InitD3DDevice
[2015.09.02-15.06.24:948][108]LogD3D11RHI: InitD3DDevice
[2015.09.02-15.06.24:972][108]Cmd: OBJ SAVEPACKAGE PACKAGE="/Game/NPOTG/Sprites/swamp_ground_right" FILE="../../../../Projekte/NotPartofTheGame/Content/NPOTG/Sprites/swamp_ground_right.uasset" SILENT=true
[2015.09.02-15.06.24:980][108]LogSavePackage: Save=7.166860ms
[2015.09.02-15.06.24:980][108]LogSavePackage: Moving '../../../../Projekte/NotPartofTheGame/Saved/swamp_ground_right7C5F8C504D0AC78107108D930322F167.tmp' to '../../../../Projekte/NotPartofTheGame/Content/NPOTG/Sprites/swamp_ground_right.uasset'
[2015.09.02-15.06.24:987][108]Cmd: OBJ SAVEPACKAGE PACKAGE="/Game/NPOTG/Sprites/tileset2_Sprite_10" FILE="../../../../Projekte/NotPartofTheGame/Content/NPOTG/Sprites/tileset2_Sprite_10.uasset" SILENT=true
[2015.09.02-15.06.25:038][108]LogSavePackage: Save=3.183785ms
[2015.09.02-15.06.25:038][108]LogSavePackage: Moving '../../../../Projekte/NotPartofTheGame/Saved/tileset2_Sprite_10B84B1579477B977419E6369D0C6109B6.tmp' to '../../../../Projekte/NotPartofTheGame/Content/NPOTG/Sprites/tileset2_Sprite_10.uasset'
[2015.09.02-15.06.27:602][369]LogD3D11RHI: InitD3DDevice
[2015.09.02-15.06.27:948][403]LogD3D11RHI: InitD3DDevice
[2015.09.02-15.06.34:127][104]LogD3D11RHI: InitD3DDevice
[2015.09.02-15.06.34:147][104]LogD3D11RHI: InitD3DDevice
[2015.09.02-15.06.34:198][104]LogD3D11RHI: InitD3DDevice
[2015.09.02-15.06.34:221][104]Cmd: OBJ SAVEPACKAGE PACKAGE="/Game/NPOTG/Sprites/swamp_platform_left" FILE="../../../../Projekte/NotPartofTheGame/Content/NPOTG/Sprites/swamp_platform_left.uasset" SILENT=true
[2015.09.02-15.06.34:230][104]LogSavePackage: Save=7.170903ms
[2015.09.02-15.06.34:230][104]LogSavePackage: Moving '../../../../Projekte/NotPartofTheGame/Saved/swamp_platform_leftA6470D7B4F6DFAAA13953CAE532A3153.tmp' to '../../../../Projekte/NotPartofTheGame/Content/NPOTG/Sprites/swamp_platform_left.uasset'
[2015.09.02-15.06.34:237][104]Cmd: OBJ SAVEPACKAGE PACKAGE="/Game/NPOTG/Sprites/tileset2_Sprite_0" FILE="../../../../Projekte/NotPartofTheGame/Content/NPOTG/Sprites/tileset2_Sprite_0.uasset" SILENT=true
[2015.09.02-15.06.34:288][104]LogSavePackage: Save=2.883352ms
[2015.09.02-15.06.34:288][104]LogSavePackage: Moving '../../../../Projekte/NotPartofTheGame/Saved/tileset2_Sprite_07B4BDF9248738CA1649307952E487AE1.tmp' to '../../../../Projekte/NotPartofTheGame/Content/NPOTG/Sprites/tileset2_Sprite_0.uasset'
[2015.09.02-15.06.35:588][238]LogD3D11RHI: InitD3DDevice
[2015.09.02-15.06.35:789][256]LogD3D11RHI: InitD3DDevice
[2015.09.02-15.06.42:550][ 23]LogD3D11RHI: InitD3DDevice
[2015.09.02-15.06.42:563][ 23]LogD3D11RHI: InitD3DDevice
[2015.09.02-15.06.42:612][ 23]LogD3D11RHI: InitD3DDevice
[2015.09.02-15.06.42:637][ 23]Cmd: OBJ SAVEPACKAGE PACKAGE="/Game/NPOTG/Sprites/swamp_platform_middle" FILE="../../../../Projekte/NotPartofTheGame/Content/NPOTG/Sprites/swamp_platform_middle.uasset" SILENT=true
[2015.09.02-15.06.42:645][ 23]LogSavePackage: Save=7.190808ms
[2015.09.02-15.06.42:645][ 23]LogSavePackage: Moving '../../../../Projekte/NotPartofTheGame/Saved/swamp_platform_middleCEE4FF08410B9C36F4F2A49AE1D1A83C.tmp' to '../../../../Projekte/NotPartofTheGame/Content/NPOTG/Sprites/swamp_platform_middle.uasset'
[2015.09.02-15.06.42:653][ 23]Cmd: OBJ SAVEPACKAGE PACKAGE="/Game/NPOTG/Sprites/tileset2_Sprite_1" FILE="../../../../Projekte/NotPartofTheGame/Content/NPOTG/Sprites/tileset2_Sprite_1.uasset" SILENT=true
[2015.09.02-15.06.42:703][ 23]LogSavePackage: Save=2.916319ms
[2015.09.02-15.06.42:704][ 23]LogSavePackage: Moving '../../../../Projekte/NotPartofTheGame/Saved/tileset2_Sprite_1FE709CBB49E079C6326782908740CC63.tmp' to '../../../../Projekte/NotPartofTheGame/Content/NPOTG/Sprites/tileset2_Sprite_1.uasset'
[2015.09.02-15.06.44:059][165]LogD3D11RHI: InitD3DDevice
[2015.09.02-15.06.44:338][191]LogD3D11RHI: InitD3DDevice
[2015.09.02-15.06.50:463][880]LogD3D11RHI: InitD3DDevice
[2015.09.02-15.06.50:480][880]LogD3D11RHI: InitD3DDevice
[2015.09.02-15.06.50:529][880]LogD3D11RHI: InitD3DDevice
[2015.09.02-15.06.50:553][880]Cmd: OBJ SAVEPACKAGE PACKAGE="/Game/NPOTG/Sprites/swamp_platform_right" FILE="../../../../Projekte/NotPartofTheGame/Content/NPOTG/Sprites/swamp_platform_right.uasset" SILENT=true
[2015.09.02-15.06.50:563][880]LogSavePackage: Save=7.274158ms
[2015.09.02-15.06.50:563][880]LogSavePackage: Moving '../../../../Projekte/NotPartofTheGame/Saved/swamp_platform_right7EA79EF3411487E75841A1915BE3821C.tmp' to '../../../../Projekte/NotPartofTheGame/Content/NPOTG/Sprites/swamp_platform_right.uasset'
[2015.09.02-15.06.50:570][880]Cmd: OBJ SAVEPACKAGE PACKAGE="/Game/NPOTG/Sprites/tileset2_Sprite_2" FILE="../../../../Projekte/NotPartofTheGame/Content/NPOTG/Sprites/tileset2_Sprite_2.uasset" SILENT=true
[2015.09.02-15.06.50:622][880]LogSavePackage: Save=2.967013ms
[2015.09.02-15.06.50:622][880]LogSavePackage: Moving '../../../../Projekte/NotPartofTheGame/Saved/tileset2_Sprite_24D7571D648D005D3FD4A2FB0651980FA.tmp' to '../../../../Projekte/NotPartofTheGame/Content/NPOTG/Sprites/tileset2_Sprite_2.uasset'
[2015.09.02-15.06.51:907][ 15]LogD3D11RHI: InitD3DDevice
[2015.09.02-15.06.52:153][ 36]LogD3D11RHI: InitD3DDevice
[2015.09.02-15.06.58:468][748]LogD3D11RHI: InitD3DDevice
[2015.09.02-15.06.58:480][748]LogD3D11RHI: InitD3DDevice
[2015.09.02-15.06.58:513][748]LogD3D11RHI: InitD3DDevice
[2015.09.02-15.06.58:537][748]Cmd: OBJ SAVEPACKAGE PACKAGE="/Game/NPOTG/Sprites/swamp_platform_small" FILE="../../../../Projekte/NotPartofTheGame/Content/NPOTG/Sprites/swamp_platform_small.uasset" SILENT=true
[2015.09.02-15.06.58:546][748]LogSavePackage: Save=7.087554ms
[2015.09.02-15.06.58:546][748]LogSavePackage: Moving '../../../../Projekte/NotPartofTheGame/Saved/swamp_platform_small5F836D4246B37F4A084D068178D8B21B.tmp' to '../../../../Projekte/NotPartofTheGame/Content/NPOTG/Sprites/swamp_platform_small.uasset'
[2015.09.02-15.06.58:553][748]LogD3D11RHI: InitD3DDevice
[2015.09.02-15.06.58:612][748]LogD3D11RHI: InitD3DDevice
[2015.09.02-15.06.58:688][748]LogD3D11RHI: InitD3DDevice
[2015.09.02-15.06.58:716][748]Cmd: OBJ SAVEPACKAGE PACKAGE="/Game/NPOTG/Blueprints/moving_platform" FILE="../../../../Projekte/NotPartofTheGame/Content/NPOTG/Blueprints/moving_platform.uasset" SILENT=true
[2015.09.02-15.06.58:790][748]LogSavePackage: Save=26.380913ms
[2015.09.02-15.06.58:790][748]LogSavePackage: Moving '../../../../Projekte/NotPartofTheGame/Saved/moving_platform4671A8E6457206ACDE5CDAA67BB49B8E.tmp' to '../../../../Projekte/NotPartofTheGame/Content/NPOTG/Blueprints/moving_platform.uasset'
[2015.09.02-15.07.01:053][978]LogD3D11RHI: InitD3DDevice
[2015.09.02-15.07.01:637][ 36]LogD3D11RHI: InitD3DDevice
[2015.09.02-15.07.08:978][856]LogD3D11RHI: InitD3DDevice
[2015.09.02-15.07.08:996][856]LogD3D11RHI: InitD3DDevice
[2015.09.02-15.07.09:047][856]LogD3D11RHI: InitD3DDevice
[2015.09.02-15.07.09:071][856]Cmd: OBJ SAVEPACKAGE PACKAGE="/Game/NPOTG/Sprites/swamp_gras_left" FILE="../../../../Projekte/NotPartofTheGame/Content/NPOTG/Sprites/swamp_gras_left.uasset" SILENT=true
[2015.09.02-15.07.09:080][856]LogSavePackage: Save=7.244612ms
[2015.09.02-15.07.09:080][856]LogSavePackage: Moving '../../../../Projekte/NotPartofTheGame/Saved/swamp_gras_left62291BA8439DC0EB18524C8F2E378E48.tmp' to '../../../../Projekte/NotPartofTheGame/Content/NPOTG/Sprites/swamp_gras_left.uasset'
[2015.09.02-15.07.09:087][856]Cmd: OBJ SAVEPACKAGE PACKAGE="/Game/NPOTG/Sprites/tileset2_Sprite_16" FILE="../../../../Projekte/NotPartofTheGame/Content/NPOTG/Sprites/tileset2_Sprite_16.uasset" SILENT=true
[2015.09.02-15.07.09:138][856]LogSavePackage: Save=3.258116ms
[2015.09.02-15.07.09:138][856]LogSavePackage: Moving '../../../../Projekte/NotPartofTheGame/Saved/tileset2_Sprite_168FBC125C498E45881FC31F99F0714A4C.tmp' to '../../../../Projekte/NotPartofTheGame/Content/NPOTG/Sprites/tileset2_Sprite_16.uasset'
[2015.09.02-15.07.10:834][ 16]LogD3D11RHI: InitD3DDevice
[2015.09.02-15.07.11:055][ 36]LogD3D11RHI: InitD3DDevice
[2015.09.02-15.07.16:367][632]LogD3D11RHI: InitD3DDevice
[2015.09.02-15.07.16:378][632]LogD3D11RHI: InitD3DDevice
[2015.09.02-15.07.16:431][632]LogD3D11RHI: InitD3DDevice
[2015.09.02-15.07.16:454][632]Cmd: OBJ SAVEPACKAGE PACKAGE="/Game/NPOTG/Sprites/swamp_gras_right" FILE="../../../../Projekte/NotPartofTheGame/Content/NPOTG/Sprites/swamp_gras_right.uasset" SILENT=true
[2015.09.02-15.07.16:463][632]LogSavePackage: Save=7.206669ms
[2015.09.02-15.07.16:463][632]LogSavePackage: Moving '../../../../Projekte/NotPartofTheGame/Saved/swamp_gras_right1EC4539E4396EE9D05385D9750FDF9FC.tmp' to '../../../../Projekte/NotPartofTheGame/Content/NPOTG/Sprites/swamp_gras_right.uasset'
[2015.09.02-15.07.16:479][632]Cmd: OBJ SAVEPACKAGE PACKAGE="/Game/NPOTG/Sprites/tileset2_Sprite_17" FILE="../../../../Projekte/NotPartofTheGame/Content/NPOTG/Sprites/tileset2_Sprite_17.uasset" SILENT=true
[2015.09.02-15.07.16:528][632]LogSavePackage: Save=3.138067ms
[2015.09.02-15.07.16:528][632]LogSavePackage: Moving '../../../../Projekte/NotPartofTheGame/Saved/tileset2_Sprite_17FE2C6F1C4A12B3C2C612A19192ECC0FD.tmp' to '../../../../Projekte/NotPartofTheGame/Content/NPOTG/Sprites/tileset2_Sprite_17.uasset'
[2015.09.02-15.07.24:966][437]LogD3D11RHI: InitD3DDevice
[2015.09.02-15.07.25:035][442]LogD3D11RHI: InitD3DDevice
[2015.09.02-15.07.32:903][250]LogD3D11RHI: InitD3DDevice
[2015.09.02-15.07.33:115][272]LogD3D11RHI: InitD3DDevice
[2015.09.02-15.07.37:769][750]LogD3D11RHI: InitD3DDevice
[2015.09.02-15.07.51:747][162]LogD3D11RHI: InitD3DDevice
[2015.09.02-15.07.52:824][280]LogD3D11RHI: InitD3DDevice
[2015.09.02-15.07.54:120][421]LogD3D11RHI: InitD3DDevice
[2015.09.02-15.07.54:146][421]LogD3D11RHI: InitD3DDevice
[2015.09.02-15.07.54:291][421]LogD3D11RHI: InitD3DDevice
[2015.09.02-15.07.54:312][421]Cmd: OBJ SAVEPACKAGE PACKAGE="/Game/NPOTG/Sprites/Tiles/City_and_forest/barrel" FILE="../../../../Projekte/NotPartofTheGame/Content/NPOTG/Sprites/Tiles/City_and_forest/barrel.uasset" SILENT=true
[2015.09.02-15.07.54:317][421]LogSavePackage: Save=3.994271ms
[2015.09.02-15.07.54:317][421]LogSavePackage: Moving '../../../../Projekte/NotPartofTheGame/Saved/barrelF3E9DB9742335999A575FC9E5527D949.tmp' to '../../../../Projekte/NotPartofTheGame/Content/NPOTG/Sprites/Tiles/City_and_forest/barrel.uasset'
[2015.09.02-15.07.54:345][421]LogSavePackage: Save=6.976213ms
[2015.09.02-15.07.54:345][421]LogSavePackage: Moving '../../../../Projekte/NotPartofTheGame/Saved/barrel-spriteEEE5B5D34B523A9272AE619BB69DC246.tmp' to '../../../../Projekte/NotPartofTheGame/Content/NPOTG/Sprites/Tiles/City_and_forest/barrel-sprite.uasset'
[2015.09.02-15.07.54:353][421]Cmd: OBJ SAVEPACKAGE PACKAGE="/Game/NPOTG/Sprites/Tiles/City_and_forest/house" FILE="../../../../Projekte/NotPartofTheGame/Content/NPOTG/Sprites/Tiles/City_and_forest/house.uasset" SILENT=true
[2015.09.02-15.07.54:372][421]LogSavePackage: Save=3.952596ms
[2015.09.02-15.07.54:372][421]LogSavePackage: Moving '../../../../Projekte/NotPartofTheGame/Saved/houseA07E16484E02DA21C7EEAD9A4CEE5238.tmp' to '../../../../Projekte/NotPartofTheGame/Content/NPOTG/Sprites/Tiles/City_and_forest/house.uasset'
[2015.09.02-15.07.54:399][421]LogSavePackage: Save=7.808469ms
[2015.09.02-15.07.54:399][421]LogSavePackage: Moving '../../../../Projekte/NotPartofTheGame/Saved/house-sprite4951AD8D4279F43BC6FAC4A0CF8D96D6.tmp' to '../../../../Projekte/NotPartofTheGame/Content/NPOTG/Sprites/Tiles/City_and_forest/house-sprite.uasset'
[2015.09.02-15.07.54:405][421]Cmd: OBJ SAVEPACKAGE PACKAGE="/Game/NPOTG/Sprites/Tiles/house-sprite" FILE="../../../../Projekte/NotPartofTheGame/Content/NPOTG/Sprites/Tiles/house-sprite.uasset" SILENT=true
[2015.09.02-15.07.54:457][421]LogSavePackage: Save=2.994382ms
[2015.09.02-15.07.54:457][421]LogSavePackage: Moving '../../../../Projekte/NotPartofTheGame/Saved/house-spriteCCA7CD524A84B4618F16F5B02C24328B.tmp' to '../../../../Projekte/NotPartofTheGame/Content/NPOTG/Sprites/Tiles/house-sprite.uasset'
[2015.09.02-15.07.54:463][421]LogD3D11RHI: InitD3DDevice
[2015.09.02-15.07.54:552][421]LogD3D11RHI: InitD3DDevice
[2015.09.02-15.07.54:674][421]LogD3D11RHI: InitD3DDevice
[2015.09.02-15.07.54:693][421]Cmd: OBJ SAVEPACKAGE PACKAGE="/Game/NPOTG/Blueprints/barrel-sprite_Blueprint" FILE="../../../../Projekte/NotPartofTheGame/Content/NPOTG/Blueprints/barrel-sprite_Blueprint.uasset" SILENT=true
[2015.09.02-15.07.54:774][421]LogSavePackage: Save=20.975910ms
[2015.09.02-15.07.54:774][421]LogSavePackage: Moving '../../../../Projekte/NotPartofTheGame/Saved/barrel-sprite_BlueprintBDE56616454D3B7A82F5EDB7D698EC07.tmp' to '../../../../Projekte/NotPartofTheGame/Content/NPOTG/Blueprints/barrel-sprite_Blueprint.uasset'
[2015.09.02-15.07.58:190][731]LogD3D11RHI: InitD3DDevice
[2015.09.02-15.07.59:129][731]LogD3D11RHI: InitD3DDevice
[2015.09.02-15.07.59:509][731]LogPrimitiveComponent: Zero scaling not supported (/Game/NPOTG/Maps/Testing_Level.Testing_Level:PersistentLevel.PlayerStart.CollisionCapsule)
[2015.09.02-15.08.04:580][143]LogD3D11RHI: InitD3DDevice
[2015.09.02-15.08.05:023][183]LogD3D11RHI: InitD3DDevice
[2015.09.02-15.08.07:270][401]LogD3D11RHI: InitD3DDevice
[2015.09.02-15.08.08:756][401]LogD3D11RHI: InitD3DDevice
[2015.09.02-15.08.08:852][401]LogD3D11RHI: InitD3DDevice
[2015.09.02-15.08.08:876][401]LogD3D11RHI: InitD3DDevice
[2015.09.02-15.08.20:029][421]LogD3D11RHI: InitD3DDevice
[2015.09.02-15.08.20:927][515]LogD3D11RHI: InitD3DDevice
[2015.09.02-15.08.23:539][799]LogD3D11RHI: InitD3DDevice
[2015.09.02-15.08.23:595][799]LogD3D11RHI: InitD3DDevice
[2015.09.02-15.08.23:666][799]LogD3D11RHI: InitD3DDevice
[2015.09.02-15.08.23:678][799]Cmd: OBJ SAVEPACKAGE PACKAGE="/Game/NPOTG/Sprites/Tiles/City_and_forest/stonebrick" FILE="../../../../Projekte/NotPartofTheGame/Content/NPOTG/Sprites/Tiles/City_and_forest/stonebrick.uasset" SILENT=true
[2015.09.02-15.08.23:684][799]LogSavePackage: Save=4.575856ms
[2015.09.02-15.08.23:684][799]LogSavePackage: Moving '../../../../Projekte/NotPartofTheGame/Saved/stonebrickD4F93F6D4670A11FA8FD188FB343C6C0.tmp' to '../../../../Projekte/NotPartofTheGame/Content/NPOTG/Sprites/Tiles/City_and_forest/stonebrick.uasset'
[2015.09.02-15.08.23:700][799]LogSavePackage: Save=3.988362ms
[2015.09.02-15.08.23:700][799]LogSavePackage: Moving '../../../../Projekte/NotPartofTheGame/Saved/stonebrick_284277CF64506A94FBA49318E3AB5988F.tmp' to '../../../../Projekte/NotPartofTheGame/Content/NPOTG/Sprites/Tiles/City_and_forest/stonebrick_2.uasset'
[2015.09.02-15.08.23:707][799]LogD3D11RHI: InitD3DDevice
[2015.09.02-15.08.23:767][799]LogD3D11RHI: InitD3DDevice
[2015.09.02-15.08.23:869][799]LogD3D11RHI: InitD3DDevice
[2015.09.02-15.08.23:902][799]Cmd: OBJ SAVEPACKAGE PACKAGE="/Game/NPOTG/Sprites/Tiles/stonebrick_Sprite" FILE="../../../../Projekte/NotPartofTheGame/Content/NPOTG/Sprites/Tiles/stonebrick_Sprite.uasset" SILENT=true
[2015.09.02-15.08.23:956][799]LogSavePackage: Save=6.645300ms
[2015.09.02-15.08.23:956][799]LogSavePackage: Moving '../../../../Projekte/NotPartofTheGame/Saved/stonebrick_SpriteD06CA95C4B0F82DFD71A4D9A079E4C7B.tmp' to '../../../../Projekte/NotPartofTheGame/Content/NPOTG/Sprites/Tiles/stonebrick_Sprite.uasset'
[2015.09.02-15.08.23:973][799]Cmd: OBJ SAVEPACKAGE PACKAGE="/Game/NPOTG/Sprites/Tiles/stonebrick_Sprite2" FILE="../../../../Projekte/NotPartofTheGame/Content/NPOTG/Sprites/Tiles/stonebrick_Sprite2.uasset" SILENT=true
[2015.09.02-15.08.24:026][799]LogSavePackage: Save=6.800493ms
[2015.09.02-15.08.24:026][799]LogSavePackage: Moving '../../../../Projekte/NotPartofTheGame/Saved/stonebrick_Sprite2D5DFED9349FBCF02EACC399209B871C5.tmp' to '../../../../Projekte/NotPartofTheGame/Content/NPOTG/Sprites/Tiles/stonebrick_Sprite2.uasset'
[2015.09.02-15.08.24:043][799]Cmd: OBJ SAVEPACKAGE PACKAGE="/Game/NPOTG/Sprites/Tiles/stonebrick_Sprite3" FILE="../../../../Projekte/NotPartofTheGame/Content/NPOTG/Sprites/Tiles/stonebrick_Sprite3.uasset" SILENT=true
[2015.09.02-15.08.24:097][799]LogSavePackage: Save=6.913700ms
[2015.09.02-15.08.24:097][799]LogSavePackage: Moving '../../../../Projekte/NotPartofTheGame/Saved/stonebrick_Sprite3F2567C47444FE9471D0C4190688ABE46.tmp' to '../../../../Projekte/NotPartofTheGame/Content/NPOTG/Sprites/Tiles/stonebrick_Sprite3.uasset'
[2015.09.02-15.08.24:113][799]Cmd: OBJ SAVEPACKAGE PACKAGE="/Game/NPOTG/Sprites/Tiles/stonebrick_Sprite4" FILE="../../../../Projekte/NotPartofTheGame/Content/NPOTG/Sprites/Tiles/stonebrick_Sprite4.uasset" SILENT=true
[2015.09.02-15.08.24:167][799]LogSavePackage: Save=6.919609ms
[2015.09.02-15.08.24:167][799]LogSavePackage: Moving '../../../../Projekte/NotPartofTheGame/Saved/stonebrick_Sprite45D967D454EBDF08C58F1E8A22A00492E.tmp' to '../../../../Projekte/NotPartofTheGame/Content/NPOTG/Sprites/Tiles/stonebrick_Sprite4.uasset'
[2015.09.02-15.08.24:184][799]Cmd: OBJ SAVEPACKAGE PACKAGE="/Game/NPOTG/Sprites/Tiles/stonebrick_Sprite5" FILE="../../../../Projekte/NotPartofTheGame/Content/NPOTG/Sprites/Tiles/stonebrick_Sprite5.uasset" SILENT=true
[2015.09.02-15.08.24:238][799]LogSavePackage: Save=6.827240ms
[2015.09.02-15.08.24:238][799]LogSavePackage: Moving '../../../../Projekte/NotPartofTheGame/Saved/stonebrick_Sprite5E194C54149EBB8B421D8B39BF8F3A37B.tmp' to '../../../../Projekte/NotPartofTheGame/Content/NPOTG/Sprites/Tiles/stonebrick_Sprite5.uasset'
[2015.09.02-15.08.24:254][799]Cmd: OBJ SAVEPACKAGE PACKAGE="/Game/NPOTG/Sprites/Tiles/stonebrick_Sprite6" FILE="../../../../Projekte/NotPartofTheGame/Content/NPOTG/Sprites/Tiles/stonebrick_Sprite6.uasset" SILENT=true
[2015.09.02-15.08.24:307][799]LogSavePackage: Save=6.855542ms
[2015.09.02-15.08.24:307][799]LogSavePackage: Moving '../../../../Projekte/NotPartofTheGame/Saved/stonebrick_Sprite6181D8D354B83F1324EFEA685FBF901DE.tmp' to '../../../../Projekte/NotPartofTheGame/Content/NPOTG/Sprites/Tiles/stonebrick_Sprite6.uasset'
[2015.09.02-15.08.24:323][799]Cmd: OBJ SAVEPACKAGE PACKAGE="/Game/NPOTG/Sprites/Tiles/stonebrick_Sprite7" FILE="../../../../Projekte/NotPartofTheGame/Content/NPOTG/Sprites/Tiles/stonebrick_Sprite7.uasset" SILENT=true
[2015.09.02-15.08.24:376][799]LogSavePackage: Save=6.785565ms
[2015.09.02-15.08.24:376][799]LogSavePackage: Moving '../../../../Projekte/NotPartofTheGame/Saved/stonebrick_Sprite73CB214684093DD969EE650A59E25523F.tmp' to '../../../../Projekte/NotPartofTheGame/Content/NPOTG/Sprites/Tiles/stonebrick_Sprite7.uasset'
[2015.09.02-15.08.24:392][799]Cmd: OBJ SAVEPACKAGE PACKAGE="/Game/NPOTG/Sprites/Tiles/stonebrick_Sprite8" FILE="../../../../Projekte/NotPartofTheGame/Content/NPOTG/Sprites/Tiles/stonebrick_Sprite8.uasset" SILENT=true
[2015.09.02-15.08.24:447][799]LogSavePackage: Save=6.634726ms
[2015.09.02-15.08.24:447][799]LogSavePackage: Moving '../../../../Projekte/NotPartofTheGame/Saved/stonebrick_Sprite8B1DEC208470C78380844279066AE8A2D.tmp' to '../../../../Projekte/NotPartofTheGame/Content/NPOTG/Sprites/Tiles/stonebrick_Sprite8.uasset'
[2015.09.02-15.08.24:462][799]Cmd: OBJ SAVEPACKAGE PACKAGE="/Game/NPOTG/Sprites/Tiles/stonebrick_Sprite9" FILE="../../../../Projekte/NotPartofTheGame/Content/NPOTG/Sprites/Tiles/stonebrick_Sprite9.uasset" SILENT=true
[2015.09.02-15.08.24:515][799]LogSavePackage: Save=6.710612ms
[2015.09.02-15.08.24:516][799]LogSavePackage: Moving '../../../../Projekte/NotPartofTheGame/Saved/stonebrick_Sprite9F8CFA8744F89467DFFAE0DB6994B69A2.tmp' to '../../../../Projekte/NotPartofTheGame/Content/NPOTG/Sprites/Tiles/stonebrick_Sprite9.uasset'
[2015.09.02-15.08.24:531][799]Cmd: OBJ SAVEPACKAGE PACKAGE="/Game/NPOTG/Sprites/Tiles/stonebrick_2_Sprite" FILE="../../../../Projekte/NotPartofTheGame/Content/NPOTG/Sprites/Tiles/stonebrick_2_Sprite.uasset" SILENT=true
[2015.09.02-15.08.24:585][799]LogSavePackage: Save=6.873269ms
[2015.09.02-15.08.24:585][799]LogSavePackage: Moving '../../../../Projekte/NotPartofTheGame/Saved/stonebrick_2_SpriteCAAF27A4404792E9AFD819BA96D256DF.tmp' to '../../../../Projekte/NotPartofTheGame/Content/NPOTG/Sprites/Tiles/stonebrick_2_Sprite.uasset'
[2015.09.02-15.08.24:601][799]Cmd: OBJ SAVEPACKAGE PACKAGE="/Game/NPOTG/Sprites/Tiles/stonebrick_2_Sprite2" FILE="../../../../Projekte/NotPartofTheGame/Content/NPOTG/Sprites/Tiles/stonebrick_2_Sprite2.uasset" SILENT=true
[2015.09.02-15.08.24:656][799]LogSavePackage: Save=6.788986ms
[2015.09.02-15.08.24:656][799]LogSavePackage: Moving '../../../../Projekte/NotPartofTheGame/Saved/stonebrick_2_Sprite285E213D14EDF04FF90F10699F6121D5C.tmp' to '../../../../Projekte/NotPartofTheGame/Content/NPOTG/Sprites/Tiles/stonebrick_2_Sprite2.uasset'
[2015.09.02-15.08.24:672][799]Cmd: OBJ SAVEPACKAGE PACKAGE="/Game/NPOTG/Sprites/Tiles/stonebrick_2_Sprite3" FILE="../../../../Projekte/NotPartofTheGame/Content/NPOTG/Sprites/Tiles/stonebrick_2_Sprite3.uasset" SILENT=true
[2015.09.02-15.08.24:727][799]LogSavePackage: Save=6.764728ms
[2015.09.02-15.08.24:727][799]LogSavePackage: Moving '../../../../Projekte/NotPartofTheGame/Saved/stonebrick_2_Sprite3938B97EC48FA9D0232B99AA1444503DD.tmp' to '../../../../Projekte/NotPartofTheGame/Content/NPOTG/Sprites/Tiles/stonebrick_2_Sprite3.uasset'
[2015.09.02-15.08.24:743][799]Cmd: OBJ SAVEPACKAGE PACKAGE="/Game/NPOTG/Sprites/Tiles/stonebrick_2_Sprite4" FILE="../../../../Projekte/NotPartofTheGame/Content/NPOTG/Sprites/Tiles/stonebrick_2_Sprite4.uasset" SILENT=true
[2015.09.02-15.08.24:796][799]LogSavePackage: Save=6.820087ms
[2015.09.02-15.08.24:796][799]LogSavePackage: Moving '../../../../Projekte/NotPartofTheGame/Saved/stonebrick_2_Sprite4CD5F3C3845D2E4411262558D448F6EEE.tmp' to '../../../../Projekte/NotPartofTheGame/Content/NPOTG/Sprites/Tiles/stonebrick_2_Sprite4.uasset'
[2015.09.02-15.08.24:812][799]Cmd: OBJ SAVEPACKAGE PACKAGE="/Game/NPOTG/Sprites/Tiles/stonebrick_2_Sprite5" FILE="../../../../Projekte/NotPartofTheGame/Content/NPOTG/Sprites/Tiles/stonebrick_2_Sprite5.uasset" SILENT=true
[2015.09.02-15.08.24:865][799]LogSavePackage: Save=6.670803ms
[2015.09.02-15.08.24:865][799]LogSavePackage: Moving '../../../../Projekte/NotPartofTheGame/Saved/stonebrick_2_Sprite5554B58A24A22CB29B980B085E70D035D.tmp' to '../../../../Projekte/NotPartofTheGame/Content/NPOTG/Sprites/Tiles/stonebrick_2_Sprite5.uasset'
[2015.09.02-15.08.24:881][799]Cmd: OBJ SAVEPACKAGE PACKAGE="/Game/NPOTG/Sprites/Tiles/stonebrick_2_Sprite6" FILE="../../../../Projekte/NotPartofTheGame/Content/NPOTG/Sprites/Tiles/stonebrick_2_Sprite6.uasset" SILENT=true
[2015.09.02-15.08.24:934][799]LogSavePackage: Save=6.844034ms
[2015.09.02-15.08.24:934][799]LogSavePackage: Moving '../../../../Projekte/NotPartofTheGame/Saved/stonebrick_2_Sprite6F3C557F845D700E6F1E030A12E096498.tmp' to '../../../../Projekte/NotPartofTheGame/Content/NPOTG/Sprites/Tiles/stonebrick_2_Sprite6.uasset'
[2015.09.02-15.08.24:950][799]Cmd: OBJ SAVEPACKAGE PACKAGE="/Game/NPOTG/Sprites/Tiles/stonebrick_2_Sprite7" FILE="../../../../Projekte/NotPartofTheGame/Content/NPOTG/Sprites/Tiles/stonebrick_2_Sprite7.uasset" SILENT=true
[2015.09.02-15.08.25:005][799]LogSavePackage: Save=6.837814ms
[2015.09.02-15.08.25:005][799]LogSavePackage: Moving '../../../../Projekte/NotPartofTheGame/Saved/stonebrick_2_Sprite791B2EBCA4C3E0A2B9A03C7B09AFC6041.tmp' to '../../../../Projekte/NotPartofTheGame/Content/NPOTG/Sprites/Tiles/stonebrick_2_Sprite7.uasset'
[2015.09.02-15.08.25:022][799]Cmd: OBJ SAVEPACKAGE PACKAGE="/Game/NPOTG/Sprites/Tiles/stonebrick_2_Sprite8" FILE="../../../../Projekte/NotPartofTheGame/Content/NPOTG/Sprites/Tiles/stonebrick_2_Sprite8.uasset" SILENT=true
[2015.09.02-15.08.25:076][799]LogSavePackage: Save=6.948533ms
[2015.09.02-15.08.25:076][799]LogSavePackage: Moving '../../../../Projekte/NotPartofTheGame/Saved/stonebrick_2_Sprite8E98DC1394F3C18478118FC9C8DDD0A2A.tmp' to '../../../../Projekte/NotPartofTheGame/Content/NPOTG/Sprites/Tiles/stonebrick_2_Sprite8.uasset'
[2015.09.02-15.08.25:093][799]Cmd: OBJ SAVEPACKAGE PACKAGE="/Game/NPOTG/Sprites/Tiles/stonebrick_2_Sprite9" FILE="../../../../Projekte/NotPartofTheGame/Content/NPOTG/Sprites/Tiles/stonebrick_2_Sprite9.uasset" SILENT=true
[2015.09.02-15.08.25:148][799]LogSavePackage: Save=6.870470ms
[2015.09.02-15.08.25:148][799]LogSavePackage: Moving '../../../../Projekte/NotPartofTheGame/Saved/stonebrick_2_Sprite9C3B88042411A94C457D575899DB14EA5.tmp' to '../../../../Projekte/NotPartofTheGame/Content/NPOTG/Sprites/Tiles/stonebrick_2_Sprite9.uasset'
[2015.09.02-15.08.28:807][143]LogD3D11RHI: InitD3DDevice
[2015.09.02-15.08.29:244][183]LogD3D11RHI: InitD3DDevice
[2015.09.02-15.08.33:263][590]LogD3D11RHI: InitD3DDevice
[2015.09.02-15.08.38:193][ 88]LogD3D11RHI: InitD3DDevice
[2015.09.02-15.08.50:254][301]LogD3D11RHI: InitD3DDevice
[2015.09.02-15.08.50:276][301]LogD3D11RHI: InitD3DDevice
[2015.09.02-15.08.50:330][301]LogD3D11RHI: InitD3DDevice
[2015.09.02-15.08.50:352][301]Cmd: OBJ SAVEPACKAGE PACKAGE="/Game/NPOTG/Sprites/Tiles/stone_light_upper-left" FILE="../../../../Projekte/NotPartofTheGame/Content/NPOTG/Sprites/Tiles/stone_light_upper-left.uasset" SILENT=true
[2015.09.02-15.08.50:361][301]LogSavePackage: Save=7.010112ms
[2015.09.02-15.08.50:361][301]LogSavePackage: Moving '../../../../Projekte/NotPartofTheGame/Saved/stone_light_upper-leftD19C2318474C214B3EFCFDBF33ADCED0.tmp' to '../../../../Projekte/NotPartofTheGame/Content/NPOTG/Sprites/Tiles/stone_light_upper-left.uasset'
[2015.09.02-15.08.50:368][301]Cmd: OBJ SAVEPACKAGE PACKAGE="/Game/NPOTG/Sprites/Tiles/stonebrick_2_Sprite" FILE="../../../../Projekte/NotPartofTheGame/Content/NPOTG/Sprites/Tiles/stonebrick_2_Sprite.uasset" SILENT=true
[2015.09.02-15.08.50:419][301]LogSavePackage: Save=3.233236ms
[2015.09.02-15.08.50:419][301]LogSavePackage: Moving '../../../../Projekte/NotPartofTheGame/Saved/stonebrick_2_Sprite6D2F6296420D509732548A9CC5F9B465.tmp' to '../../../../Projekte/NotPartofTheGame/Content/NPOTG/Sprites/Tiles/stonebrick_2_Sprite.uasset'
[2015.09.02-15.08.52:071][453]LogD3D11RHI: InitD3DDevice
[2015.09.02-15.08.52:834][532]LogD3D11RHI: InitD3DDevice
[2015.09.02-15.08.54:430][695]LogD3D11RHI: InitD3DDevice
[2015.09.02-15.08.54:445][695]LogD3D11RHI: InitD3DDevice
[2015.09.02-15.08.54:481][695]LogD3D11RHI: InitD3DDevice
[2015.09.02-15.08.54:511][695]LogSavePackage: Save=7.047433ms
[2015.09.02-15.08.54:511][695]LogSavePackage: Moving '../../../../Projekte/NotPartofTheGame/Saved/stone_light_upper-leftEBEBFDC94FCD4549BAC725BBABE5643E.tmp' to '../../../../Projekte/NotPartofTheGame/Content/NPOTG/Sprites/Tiles/City_and_forest/stone_light_upper-left.uasset'
[2015.09.02-15.08.54:517][695]LogD3D11RHI: InitD3DDevice
[2015.09.02-15.08.54:551][695]LogD3D11RHI: InitD3DDevice
[2015.09.02-15.08.54:627][695]LogD3D11RHI: InitD3DDevice
[2015.09.02-15.08.54:641][695]Cmd: OBJ SAVEPACKAGE PACKAGE="/Game/NPOTG/Sprites/Tiles/stonebrick_2_Sprite" FILE="../../../../Projekte/NotPartofTheGame/Content/NPOTG/Sprites/Tiles/stonebrick_2_Sprite.uasset" SILENT=true
[2015.09.02-15.08.54:691][695]LogSavePackage: Save=3.306322ms
[2015.09.02-15.08.54:691][695]LogSavePackage: Moving '../../../../Projekte/NotPartofTheGame/Saved/stonebrick_2_Sprite8D5C91A74058FA2EFCEA23BA5BA9E115.tmp' to '../../../../Projekte/NotPartofTheGame/Content/NPOTG/Sprites/Tiles/stonebrick_2_Sprite.uasset'
[2015.09.02-15.08.56:017][815]LogD3D11RHI: InitD3DDevice
[2015.09.02-15.08.56:321][841]LogD3D11RHI: InitD3DDevice
[2015.09.02-15.09.03:601][584]LogD3D11RHI: InitD3DDevice
[2015.09.02-15.09.06:040][835]LogD3D11RHI: InitD3DDevice
[2015.09.02-15.09.06:060][835]LogD3D11RHI: InitD3DDevice
[2015.09.02-15.09.06:094][835]LogD3D11RHI: InitD3DDevice
[2015.09.02-15.09.06:118][835]Cmd: OBJ SAVEPACKAGE PACKAGE="/Game/NPOTG/Sprites/Tiles/stone_light_middle" FILE="../../../../Projekte/NotPartofTheGame/Content/NPOTG/Sprites/Tiles/stone_light_middle.uasset" SILENT=true
[2015.09.02-15.09.06:126][835]LogSavePackage: Save=6.872958ms
[2015.09.02-15.09.06:127][835]LogSavePackage: Moving '../../../../Projekte/NotPartofTheGame/Saved/stone_light_middle8FDFE3F04C7678BC1FC6CD8F4A2A3E26.tmp' to '../../../../Projekte/NotPartofTheGame/Content/NPOTG/Sprites/Tiles/stone_light_middle.uasset'
[2015.09.02-15.09.06:133][835]LogD3D11RHI: InitD3DDevice
[2015.09.02-15.09.06:167][835]LogD3D11RHI: InitD3DDevice
[2015.09.02-15.09.07:663][968]LogD3D11RHI: InitD3DDevice
[2015.09.02-15.09.08:250][ 29]LogD3D11RHI: InitD3DDevice
[2015.09.02-15.09.09:644][179]LogD3D11RHI: InitD3DDevice
[2015.09.02-15.09.09:660][179]LogD3D11RHI: InitD3DDevice
[2015.09.02-15.09.09:693][179]LogD3D11RHI: InitD3DDevice
[2015.09.02-15.09.09:727][179]LogSavePackage: Save=6.910901ms
[2015.09.02-15.09.09:727][179]LogSavePackage: Moving '../../../../Projekte/NotPartofTheGame/Saved/stone_light_middle440D98F6443562DB4DB8DABACB74FB22.tmp' to '../../../../Projekte/NotPartofTheGame/Content/NPOTG/Sprites/Tiles/City_and_forest/stone_light_middle.uasset'
[2015.09.02-15.09.09:734][179]LogD3D11RHI: InitD3DDevice
[2015.09.02-15.09.09:767][179]LogD3D11RHI: InitD3DDevice
[2015.09.02-15.09.28:023][524]LogD3D11RHI: InitD3DDevice
[2015.09.02-15.09.37:024][551]LogD3D11RHI: InitD3DDevice
[2015.09.02-15.09.37:798][551]LogSavePackage: Save=558.162292ms
[2015.09.02-15.09.37:798][551]LogSavePackage: Moving '../../../../Projekte/NotPartofTheGame/Saved/Testing_Level_Auto1A59967374FE8FEC47C8A94A7E8B46E05.tmp' to '../../../../Projekte/NotPartofTheGame/Saved/Autosaves/Game/NPOTG/Maps/Testing_Level_Auto1.umap'
[2015.09.02-15.09.37:802][551]LogFileHelpers: Editor autosave (incl. sublevels) for '/Game/NPOTG/Maps/Testing_Level' took 0.642
[2015.09.02-15.09.37:802][551]LogFileHelpers: Editor autosave (incl. sublevels) for all levels took 0.642
[2015.09.02-15.09.37:806][551]OBJ SavePackage: Generating thumbnails for [1] asset(s) in package [/Game/NPOTG/Sprites/Tiles/höhle] ([1] browsable assets)...
[2015.09.02-15.09.37:810][551]OBJ SavePackage:     Rendered thumbnail for [Texture2D /Game/NPOTG/Sprites/Tiles/höhle.höhle]
[2015.09.02-15.09.37:810][551]OBJ SavePackage: Finished generating thumbnails for package [/Game/NPOTG/Sprites/Tiles/höhle]
[2015.09.02-15.09.37:810][551]Cmd: OBJ SAVEPACKAGE PACKAGE="/Game/NPOTG/Sprites/Tiles/höhle" FILE="../../../../Projekte/NotPartofTheGame/Saved/Autosaves/Game/NPOTG/Sprites/Tiles/höhle_Auto1.uasset" SILENT=false AUTOSAVING=true
[2015.09.02-15.09.37:863][551]LogSavePackage: Save=4.036257ms
[2015.09.02-15.09.37:863][551]LogSavePackage: Moving '../../../../Projekte/NotPartofTheGame/Saved/höhle_Auto1868A712C44D6D3C837F1548C4B4E3913.tmp' to '../../../../Projekte/NotPartofTheGame/Saved/Autosaves/Game/NPOTG/Sprites/Tiles/höhle_Auto1.uasset'
[2015.09.02-15.09.37:867][551]OBJ SavePackage: Generating thumbnails for [1] asset(s) in package [/Game/NPOTG/Sprites/skull] ([1] browsable assets)...
[2015.09.02-15.09.37:879][551]OBJ SavePackage:     Rendered thumbnail for [PaperFlipbook /Game/NPOTG/Sprites/skull.skull]
[2015.09.02-15.09.37:879][551]OBJ SavePackage: Finished generating thumbnails for package [/Game/NPOTG/Sprites/skull]
[2015.09.02-15.09.37:879][551]Cmd: OBJ SAVEPACKAGE PACKAGE="/Game/NPOTG/Sprites/skull" FILE="../../../../Projekte/NotPartofTheGame/Saved/Autosaves/Game/NPOTG/Sprites/skull_Auto1.uasset" SILENT=false AUTOSAVING=true
[2015.09.02-15.09.37:887][551]LogSavePackage: Save=6.563506ms
[2015.09.02-15.09.37:887][551]LogSavePackage: Moving '../../../../Projekte/NotPartofTheGame/Saved/skull_Auto11CDD97504820FBBE06C8A2B18B7F9A71.tmp' to '../../../../Projekte/NotPartofTheGame/Saved/Autosaves/Game/NPOTG/Sprites/skull_Auto1.uasset'
[2015.09.02-15.09.37:888][551]LogFileHelpers: Auto-saving content packages took 0.085
[2015.09.02-15.10.46:077][263]LogD3D11RHI: InitD3DDevice
[2015.09.02-15.10.46:484][300]LogD3D11RHI: InitD3DDevice
[2015.09.02-15.10.54:375][107]LogD3D11RHI: InitD3DDevice
[2015.09.02-15.10.54:390][107]LogD3D11RHI: InitD3DDevice
[2015.09.02-15.10.54:444][107]LogD3D11RHI: InitD3DDevice
[2015.09.02-15.10.54:465][107]Cmd: OBJ SAVEPACKAGE PACKAGE="/Game/NPOTG/Sprites/Tiles/stone_light_upper-right" FILE="../../../../Projekte/NotPartofTheGame/Content/NPOTG/Sprites/Tiles/stone_light_upper-right.uasset" SILENT=true
[2015.09.02-15.10.54:474][107]LogSavePackage: Save=6.973103ms
[2015.09.02-15.10.54:474][107]LogSavePackage: Moving '../../../../Projekte/NotPartofTheGame/Saved/stone_light_upper-rightCB70A55E451C30634BBE4EB96ED5738D.tmp' to '../../../../Projekte/NotPartofTheGame/Content/NPOTG/Sprites/Tiles/stone_light_upper-right.uasset'
[2015.09.02-15.10.54:481][107]Cmd: OBJ SAVEPACKAGE PACKAGE="/Game/NPOTG/Sprites/Tiles/stonebrick_2_Sprite3" FILE="../../../../Projekte/NotPartofTheGame/Content/NPOTG/Sprites/Tiles/stonebrick_2_Sprite3.uasset" SILENT=true
[2015.09.02-15.10.54:531][107]LogSavePackage: Save=3.198714ms
[2015.09.02-15.10.54:531][107]LogSavePackage: Moving '../../../../Projekte/NotPartofTheGame/Saved/stonebrick_2_Sprite382651D3E4CC1465CC56285AC4366CAEC.tmp' to '../../../../Projekte/NotPartofTheGame/Content/NPOTG/Sprites/Tiles/stonebrick_2_Sprite3.uasset'
[2015.09.02-15.10.55:626][212]LogD3D11RHI: InitD3DDevice
[2015.09.02-15.10.56:162][267]LogD3D11RHI: InitD3DDevice
[2015.09.02-15.10.57:117][371]LogD3D11RHI: InitD3DDevice
[2015.09.02-15.10.57:141][371]LogD3D11RHI: InitD3DDevice
[2015.09.02-15.10.57:175][371]LogD3D11RHI: InitD3DDevice
[2015.09.02-15.10.57:207][371]LogSavePackage: Save=6.865183ms
[2015.09.02-15.10.57:207][371]LogSavePackage: Moving '../../../../Projekte/NotPartofTheGame/Saved/stone_light_upper-right5B8AF54946640751DDDB39B64C045AFC.tmp' to '../../../../Projekte/NotPartofTheGame/Content/NPOTG/Sprites/Tiles/City_and_forest/stone_light_upper-right.uasset'
[2015.09.02-15.10.57:214][371]LogD3D11RHI: InitD3DDevice
[2015.09.02-15.10.57:249][371]LogD3D11RHI: InitD3DDevice
[2015.09.02-15.10.57:327][371]LogD3D11RHI: InitD3DDevice
[2015.09.02-15.10.57:337][371]Cmd: OBJ SAVEPACKAGE PACKAGE="/Game/NPOTG/Sprites/Tiles/stonebrick_2_Sprite3" FILE="../../../../Projekte/NotPartofTheGame/Content/NPOTG/Sprites/Tiles/stonebrick_2_Sprite3.uasset" SILENT=true
[2015.09.02-15.10.57:387][371]LogSavePackage: Save=3.343021ms
[2015.09.02-15.10.57:387][371]LogSavePackage: Moving '../../../../Projekte/NotPartofTheGame/Saved/stonebrick_2_Sprite3B62BCAAD4F77DE92E16917A930974ED9.tmp' to '../../../../Projekte/NotPartofTheGame/Content/NPOTG/Sprites/Tiles/stonebrick_2_Sprite3.uasset'
[2015.09.02-15.11.55:582][765]LogD3D11RHI: InitD3DDevice
[2015.09.02-15.11.56:581][765]LogD3D11RHI: InitD3DDevice
[2015.09.02-15.11.56:610][765]LogD3D11RHI: InitD3DDevice
[2015.09.02-15.11.56:620][765]LogD3D11RHI: InitD3DDevice
[2015.09.02-15.13.00:559][505]LogD3D11RHI: InitD3DDevice
[2015.09.02-15.13.00:582][505]LogD3D11RHI: InitD3DDevice
[2015.09.02-15.13.18:028][326]LogParticles: Destroying 0 GPU particle simulations for FXSystem 0x000000F2E04567A0
[2015.09.02-15.13.18:045][326]LogD3D11RHI: InitD3DDevice
[2015.09.02-15.13.18:987][326]LogD3D11RHI: InitD3DDevice
[2015.09.02-15.13.19:066][326]Cmd: OBJ SAVEPACKAGE PACKAGE="/Game/NPOTG/Maps/Testing_Level" FILE="../../../../Projekte/NotPartofTheGame/Content/NPOTG/Maps/Testing_Level.umap" SILENT=true AUTOSAVING=false KEEPDIRTY=false
[2015.09.02-15.13.19:697][326]LogSavePackage: Save=555.542053ms
[2015.09.02-15.13.19:697][326]LogSavePackage: Moving '../../../../Projekte/NotPartofTheGame/Saved/Testing_Level8FFDEB07454A7FA649EEF28C2CA0004F.tmp' to '../../../../Projekte/NotPartofTheGame/Content/NPOTG/Maps/Testing_Level.umap'
[2015.09.02-15.13.19:742][326]LogFileHelpers: Saving map 'Testing_Level' took 0.743
[2015.09.02-15.13.19:756][326]Cmd: OBJ SAVEPACKAGE PACKAGE="/Game/NPOTG/Sprites/skull" FILE="../../../../Projekte/NotPartofTheGame/Content/NPOTG/Sprites/skull.uasset" SILENT=true
[2015.09.02-15.13.19:774][326]LogSavePackage: Save=16.430845ms
[2015.09.02-15.13.19:774][326]LogSavePackage: Moving '../../../../Projekte/NotPartofTheGame/Saved/skull54AAE93C4D725BB965C5AD9344C1FA00.tmp' to '../../../../Projekte/NotPartofTheGame/Content/NPOTG/Sprites/skull.uasset'
[2015.09.02-15.13.19:896][326]LogWindowsTextInputMethodSystem:Display: IME system now deactivated.
[2015.09.02-15.13.20:165][327]Cmd: QUIT_EDITOR
[2015.09.02-15.13.20:422][327]LogExit: Preparing to exit.
[2015.09.02-15.13.20:735][327]LogExit: Editor shut down
[2015.09.02-15.13.20:735][327]LogExit: Transaction tracking system shut down
[2015.09.02-15.13.20:739][327]LogParticles: Destroying 0 GPU particle simulations for FXSystem 0x000000F2DD4B31A0
[2015.09.02-15.13.20:740][327]LogParticles: Destroying 0 GPU particle simulations for FXSystem 0x000000F2FA510180
[2015.09.02-15.13.20:740][327]LogParticles: Destroying 0 GPU particle simulations for FXSystem 0x000000F2EB6D7560
[2015.09.02-15.13.20:741][327]LogParticles: Destroying 0 GPU particle simulations for FXSystem 0x000000F2EF78CFE0
[2015.09.02-15.13.20:871][327]LogExit: Object subsystem successfully closed.
[2015.09.02-15.13.20:883][327]LogD3D11RHI: Shutdown
[2015.09.02-15.13.20:883][327]LogD3D11RHI: CleanupD3DDevice
[2015.09.02-15.13.21:231][327]LogD3D11RHI: ~FD3D11DynamicRHI
[2015.09.02-15.13.21:249][327]LogModuleManager: Shutting down and abandoning module CrashTracker (190)
[2015.09.02-15.13.21:249][327]LogModuleManager: Shutting down and abandoning module SceneOutliner (189)
[2015.09.02-15.13.21:249][327]LogModuleManager: Shutting down and abandoning module SuperSearch (188)
[2015.09.02-15.13.21:249][327]LogModuleManager: Shutting down and abandoning module WidgetCarousel (187)
[2015.09.02-15.13.21:249][327]LogModuleManager: Shutting down and abandoning module AddContentDialog (186)
[2015.09.02-15.13.21:250][327]LogModuleManager: Shutting down and abandoning module EditorWidgets (185)
[2015.09.02-15.13.21:250][327]LogModuleManager: Shutting down and abandoning module CollectionManager (184)
[2015.09.02-15.13.21:250][327]LogModuleManager: Shutting down and abandoning module StatsViewer (183)
[2015.09.02-15.13.21:250][327]LogModuleManager: Shutting down and abandoning module FoliageEdit (182)
[2015.09.02-15.13.21:250][327]LogModuleManager: Shutting down and abandoning module LandscapeEditor (181)
[2015.09.02-15.13.21:250][327]LogModuleManager: Shutting down and abandoning module ActorPickerMode (180)
[2015.09.02-15.13.21:250][327]LogModuleManager: Shutting down and abandoning module GeometryMode (179)
[2015.09.02-15.13.21:250][327]LogModuleManager: Shutting down and abandoning module TextureAlignMode (178)
[2015.09.02-15.13.21:250][327]LogModuleManager: Shutting down and abandoning module BspMode (177)
[2015.09.02-15.13.21:250][327]LogModuleManager: Shutting down and abandoning module PlacementMode (176)
[2015.09.02-15.13.21:250][327]LogModuleManager: Shutting down and abandoning module AutomationWorker (175)
[2015.09.02-15.13.21:250][327]LogModuleManager: Shutting down and abandoning module CharacterAI (174)
[2015.09.02-15.13.21:250][327]LogModuleManager: Shutting down and abandoning module SmartSnapping (173)
[2015.09.02-15.13.21:251][327]LogModuleManager: Shutting down and abandoning module ViewportSnapping (172)
[2015.09.02-15.13.21:251][327]LogModuleManager: Shutting down and abandoning module LogVisualizer (171)
[2015.09.02-15.13.21:251][327]LogModuleManager: Shutting down and abandoning module GameProjectGeneration (170)
[2015.09.02-15.13.21:251][327]LogModuleManager: Shutting down and abandoning module IntroTutorials (169)
[2015.09.02-15.13.21:251][327]LogModuleManager: Shutting down and abandoning module EditorLiveStreaming (168)
[2015.09.02-15.13.21:251][327]LogModuleManager: Shutting down and abandoning module IOSPlatformEditor (167)
[2015.09.02-15.13.21:251][327]LogModuleManager: Shutting down and abandoning module HTML5PlatformEditor (166)
[2015.09.02-15.13.21:251][327]LogModuleManager: Shutting down and abandoning module AndroidDeviceDetection (165)
[2015.09.02-15.13.21:978][327]LogModuleManager: Shutting down and abandoning module AndroidPlatformEditor (164)
[2015.09.02-15.13.21:978][327]LogModuleManager: Shutting down and abandoning module IOSRuntimeSettings (163)
[2015.09.02-15.13.21:978][327]LogModuleManager: Shutting down and abandoning module AndroidRuntimeSettings (162)
[2015.09.02-15.13.21:978][327]LogModuleManager: Shutting down and abandoning module MergeActors (161)
[2015.09.02-15.13.21:978][327]LogModuleManager: Shutting down and abandoning module SizeMap (160)
[2015.09.02-15.13.21:978][327]LogModuleManager: Shutting down and abandoning module TreeMap (159)
[2015.09.02-15.13.21:978][327]LogModuleManager: Shutting down and abandoning module ReferenceViewer (158)
[2015.09.02-15.13.21:978][327]LogModuleManager: Shutting down and abandoning module LocalizationDashboard (157)
[2015.09.02-15.13.21:978][327]LogModuleManager: Shutting down and abandoning module HardwareTargeting (156)
[2015.09.02-15.13.21:978][327]LogModuleManager: Shutting down and abandoning module DeviceProfileEditor (155)
[2015.09.02-15.13.21:978][327]LogModuleManager: Shutting down and abandoning module UndoHistory (154)
[2015.09.02-15.13.21:978][327]LogModuleManager: Shutting down and abandoning module GameplayTagsEditor (153)
[2015.09.02-15.13.21:978][327]LogModuleManager: Shutting down and abandoning module UserFeedback (152)
[2015.09.02-15.13.21:978][327]LogModuleManager: Shutting down and abandoning module XmlParser (151)
[2015.09.02-15.13.21:978][327]LogModuleManager: Shutting down and abandoning module Blutility (150)
[2015.09.02-15.13.21:978][327]LogModuleManager: Shutting down and abandoning module ProjectTargetPlatformEditor (149)
[2015.09.02-15.13.21:978][327]LogModuleManager: Shutting down and abandoning module ProjectSettingsViewer (148)
[2015.09.02-15.13.21:978][327]LogModuleManager: Shutting down and abandoning module InputBindingEditor (147)
[2015.09.02-15.13.21:978][327]LogModuleManager: Shutting down and abandoning module EditorSettingsViewer (146)
[2015.09.02-15.13.21:978][327]LogModuleManager: Shutting down and abandoning module SettingsEditor (145)
[2015.09.02-15.13.21:978][327]LogModuleManager: Shutting down and abandoning module ProjectLauncher (144)
[2015.09.02-15.13.21:978][327]LogModuleManager: Shutting down and abandoning module SessionFrontend (143)
[2015.09.02-15.13.21:978][327]LogModuleManager: Shutting down and abandoning module ProfilerClient (142)
[2015.09.02-15.13.21:978][327]LogModuleManager: Shutting down and abandoning module TargetDeviceServices (141)
[2015.09.02-15.13.21:978][327]LogModuleManager: Shutting down and abandoning module DeviceManager (140)
[2015.09.02-15.13.21:979][327]LogModuleManager: Shutting down and abandoning module AutomationController (139)
[2015.09.02-15.13.21:979][327]LogModuleManager: Shutting down and abandoning module AutomationWindow (138)
[2015.09.02-15.13.21:979][327]LogModuleManager: Shutting down and abandoning module Layers (137)
[2015.09.02-15.13.21:979][327]LogModuleManager: Shutting down and abandoning module ComponentVisualizers (136)
[2015.09.02-15.13.21:979][327]LogModuleManager: Shutting down and abandoning module DetailCustomizations (135)
[2015.09.02-15.13.21:979][327]LogModuleManager: Shutting down and abandoning module PackagesDialog (134)
[2015.09.02-15.13.21:979][327]LogModuleManager: Shutting down and abandoning module Persona (133)
[2015.09.02-15.13.21:979][327]LogModuleManager: Shutting down and abandoning module Kismet (132)
[2015.09.02-15.13.21:979][327]LogModuleManager: Shutting down and abandoning module GraphEditor (131)
[2015.09.02-15.13.21:979][327]LogModuleManager: Shutting down and abandoning module ClassViewer (130)
[2015.09.02-15.13.21:979][327]LogModuleManager: Shutting down and abandoning module Toolbox (129)
[2015.09.02-15.13.21:979][327]LogModuleManager: Shutting down and abandoning module ModuleUI (128)
[2015.09.02-15.13.21:979][327]LogModuleManager: Shutting down and abandoning module MovieSceneTools (127)
[2015.09.02-15.13.21:979][327]LogModuleManager: Shutting down and abandoning module OutputLog (126)
[2015.09.02-15.13.21:979][327]LogModuleManager: Shutting down and abandoning module GammaUI (125)
[2015.09.02-15.13.21:979][327]LogModuleManager: Shutting down and abandoning module Documentation (124)
[2015.09.02-15.13.21:979][327]LogModuleManager: Shutting down and abandoning module GameLiveStreaming (123)
[2015.09.02-15.13.21:979][327]LogModuleManager: Shutting down and abandoning module StreamingPauseRendering (122)
[2015.09.02-15.13.21:979][327]LogModuleManager: Shutting down and abandoning module AnalyticsET (121)
[2015.09.02-15.13.21:979][327]LogModuleManager: Shutting down and abandoning module Analytics (120)
[2015.09.02-15.13.21:979][327]LogModuleManager: Shutting down and abandoning module AITestSuite (119)
[2015.09.02-15.13.21:979][327]LogModuleManager: Shutting down and abandoning module GameplayDebugger (118)
[2015.09.02-15.13.21:979][327]LogModuleManager: Shutting down and abandoning module AIModule (117)
[2015.09.02-15.13.21:979][327]LogModuleManager: Shutting down and abandoning module ProfilerService (116)
[2015.09.02-15.13.21:992][327]LogModuleManager: Shutting down and abandoning module TaskGraph (115)
[2015.09.02-15.13.21:992][327]LogModuleManager: Shutting down and abandoning module SubstanceEditor (114)
[2015.09.02-15.13.21:992][327]LogModuleManager: Shutting down and abandoning module SlateRemote (113)
[2015.09.02-15.13.21:992][327]LogModuleManager: Shutting down and abandoning module SteamVRController (112)
[2015.09.02-15.13.21:992][327]LogModuleManager: Shutting down and abandoning module SteamVR (111)
[2015.09.02-15.13.21:992][327]LogModuleManager: Shutting down and abandoning module ProceduralMeshComponent (110)
[2015.09.02-15.13.21:992][327]LogModuleManager: Shutting down and abandoning module OculusRift (109)
[2015.09.02-15.13.21:992][327]LogModuleManager: Shutting down and abandoning module LeapMotionController (108)
[2015.09.02-15.13.21:998][327]LogModuleManager: Shutting down and abandoning module CustomMeshComponent (107)
[2015.09.02-15.13.21:998][327]LogModuleManager: Shutting down and abandoning module CableComponent (106)
[2015.09.02-15.13.21:998][327]LogModuleManager: Shutting down and abandoning module MessagingDebugger (105)
[2015.09.02-15.13.21:999][327]LogModuleManager: Shutting down and abandoning module MediaPlayerEditor (104)
[2015.09.02-15.13.21:999][327]LogModuleManager: Shutting down and abandoning module SpeedTreeImporter (103)
[2015.09.02-15.13.21:999][327]LogModuleManager: Shutting down and abandoning module PluginBrowser (102)
[2015.09.02-15.13.21:999][327]LogModuleManager: Shutting down and abandoning module EpicSurvey (101)
[2015.09.02-15.13.21:999][327]LogModuleManager: Shutting down and abandoning module DesktopPlatform (100)
[2015.09.02-15.13.21:999][327]LogModuleManager: Shutting down and abandoning module VisualStudioSourceCodeAccess (99)
[2015.09.02-15.13.21:999][327]LogModuleManager: Shutting down and abandoning module UObjectPlugin (98)
[2015.09.02-15.13.21:999][327]LogModuleManager: Shutting down and abandoning module SubversionSourceControl (97)
[2015.09.02-15.13.21:999][327]LogModuleManager: Shutting down and abandoning module PerforceSourceControl (96)
[2015.09.02-15.13.21:999][327]LogModuleManager: Shutting down and abandoning module SourceControl (95)
[2015.09.02-15.13.21:999][327]LogModuleManager: Shutting down and abandoning module GitSourceControl (94)
[2015.09.02-15.13.21:999][327]LogModuleManager: Shutting down and abandoning module BlankPlugin (93)
[2015.09.02-15.13.21:999][327]LogModuleManager: Shutting down and abandoning module PaperTiledImporter (92)
[2015.09.02-15.13.21:999][327]LogModuleManager: Shutting down and abandoning module PaperSpriteSheetImporter (91)
[2015.09.02-15.13.21:999][327]LogModuleManager: Shutting down and abandoning module MeshPaint (90)
[2015.09.02-15.13.21:999][327]LogModuleManager: Shutting down and abandoning module SlateReflector (89)
[2015.09.02-15.13.21:999][327]LogModuleManager: Shutting down and abandoning module HotReload (88)
[2015.09.02-15.13.21:999][327]LogModuleManager: Shutting down and abandoning module MainFrame (87)
[2015.09.02-15.13.21:999][327]LogModuleManager: Shutting down and abandoning module LevelEditor (86)
[2015.09.02-15.13.22:000][327]LogModuleManager: Shutting down and abandoning module ContentBrowser (85)
[2015.09.02-15.13.22:000][327]LogModuleManager: Shutting down and abandoning module Paper2DEditor (84)
[2015.09.02-15.13.22:000][327]LogModuleManager: Shutting down and abandoning module UdpMessaging (83)
[2015.09.02-15.13.22:102][327]LogModuleManager: Shutting down and abandoning module DirectoryWatcher (82)
[2015.09.02-15.13.22:102][327]LogModuleManager: Shutting down and abandoning module AssetRegistry (81)
[2015.09.02-15.13.22:168][327]LogModuleManager: Shutting down and abandoning module SubstanceCore (80)
[2015.09.02-15.13.22:168][327]LogModuleManager: Shutting down and abandoning module Paper2D (79)
[2015.09.02-15.13.22:168][327]LogModuleManager: Shutting down and abandoning module WindowsMoviePlayer (78)
[2015.09.02-15.13.22:170][327]LogModuleManager: Shutting down and abandoning module Media (77)
[2015.09.02-15.13.22:170][327]LogModuleManager: Shutting down and abandoning module WmfMedia (76)
[2015.09.02-15.13.22:170][327]LogModuleManager: Shutting down and abandoning module OnlineBlueprintSupport (75)
[2015.09.02-15.13.22:170][327]LogModuleManager: Shutting down and abandoning module PropertyEditor (74)
[2015.09.02-15.13.22:170][327]LogModuleManager: Shutting down and abandoning module BehaviorTreeEditor (73)
[2015.09.02-15.13.22:170][327]LogModuleManager: Shutting down and abandoning module FunctionalTesting (72)
[2015.09.02-15.13.22:170][327]LogModuleManager: Shutting down and abandoning module CollisionAnalyzer (71)
[2015.09.02-15.13.22:170][327]LogModuleManager: Shutting down and abandoning module WorkspaceMenuStructure (70)
[2015.09.02-15.13.22:170][327]LogModuleManager: Shutting down and abandoning module MessageLog (69)
[2015.09.02-15.13.22:170][327]LogModuleManager: Shutting down and abandoning module Sequencer (68)
[2015.09.02-15.13.22:170][327]LogModuleManager: Shutting down and abandoning module AssetTools (67)
[2015.09.02-15.13.22:170][327]LogModuleManager: Shutting down and abandoning module UMGEditor (66)
[2015.09.02-15.13.22:170][327]LogModuleManager: Shutting down and abandoning module UMG (65)
[2015.09.02-15.13.22:170][327]LogModuleManager: Shutting down and abandoning module Slate (64)
[2015.09.02-15.13.22:170][327]LogModuleManager: Shutting down and abandoning module EditorStyle (63)
[2015.09.02-15.13.22:173][327]LogModuleManager: Shutting down and abandoning module SessionServices (62)
[2015.09.02-15.13.22:173][327]LogModuleManager: Shutting down and abandoning module SourceCodeAccess (61)
[2015.09.02-15.13.22:173][327]LogModuleManager: Shutting down and abandoning module HeadMountedDisplay (60)
[2015.09.02-15.13.22:173][327]LogModuleManager: Shutting down and abandoning module XAudio2 (59)
[2015.09.02-15.13.22:173][327]LogModuleManager: Shutting down and abandoning module Networking (57)
[2015.09.02-15.13.22:173][327]LogModuleManager: Shutting down and abandoning module Core (56)
[2015.09.02-15.13.22:173][327]LogModuleManager: Shutting down and abandoning module KismetCompiler (55)
[2015.09.02-15.13.22:173][327]LogModuleManager: Shutting down and abandoning module PhysXFormats (54)
[2015.09.02-15.13.22:173][327]LogModuleManager: Shutting down and abandoning module MeshUtilities (53)
[2015.09.02-15.13.22:173][327]LogModuleManager: Shutting down and abandoning module DerivedDataCache (52)
[2015.09.02-15.13.22:229][327]LogDerivedDataCache: Shutdown
[2015.09.02-15.13.22:229][327]LogModuleManager: Shutting down and abandoning module ShaderFormatOpenGL (51)
[2015.09.02-15.13.22:229][327]LogModuleManager: Shutting down and abandoning module ShaderFormatD3D (50)
[2015.09.02-15.13.22:229][327]LogModuleManager: Shutting down and abandoning module MetalShaderFormat (49)
[2015.09.02-15.13.22:229][327]LogModuleManager: Shutting down and abandoning module TextureFormatUncompressed (48)
[2015.09.02-15.13.22:229][327]LogModuleManager: Shutting down and abandoning module TextureFormatPVR (47)
[2015.09.02-15.13.22:229][327]LogModuleManager: Shutting down and abandoning module TextureFormatIntelISPCTexComp (46)
[2015.09.02-15.13.22:229][327]LogModuleManager: Shutting down and abandoning module TextureFormatDXT (45)
[2015.09.02-15.13.22:229][327]LogModuleManager: Shutting down and abandoning module ImageWrapper (44)
[2015.09.02-15.13.22:229][327]LogModuleManager: Shutting down and abandoning module TextureFormatASTC (43)
[2015.09.02-15.13.22:229][327]LogModuleManager: Shutting down and abandoning module TextureFormatAndroid (42)
[2015.09.02-15.13.22:229][327]LogModuleManager: Shutting down and abandoning module AudioFormatOpus (41)
[2015.09.02-15.13.22:229][327]LogModuleManager: Shutting down and abandoning module AudioFormatOgg (40)
[2015.09.02-15.13.22:229][327]LogModuleManager: Shutting down and abandoning module AudioFormatADPCM (39)
[2015.09.02-15.13.22:229][327]LogModuleManager: Shutting down and abandoning module LinuxTargetPlatform (38)
[2015.09.02-15.13.22:229][327]LogModuleManager: Shutting down and abandoning module LinuxServerTargetPlatform (37)
[2015.09.02-15.13.22:229][327]LogModuleManager: Shutting down and abandoning module LinuxNoEditorTargetPlatform (36)
[2015.09.02-15.13.22:229][327]LogModuleManager: Shutting down and abandoning module Messaging (35)
[2015.09.02-15.13.22:229][327]LogModuleManager: Shutting down and abandoning module IOSTargetPlatform (34)
[2015.09.02-15.13.22:229][327]LogModuleManager: Shutting down and abandoning module HTML5TargetPlatform (33)
[2015.09.02-15.13.22:229][327]LogModuleManager: Shutting down and abandoning module Android_PVRTCTargetPlatform (32)
[2015.09.02-15.13.22:229][327]LogModuleManager: Shutting down and abandoning module Android_ETC2TargetPlatform (31)
[2015.09.02-15.13.22:229][327]LogModuleManager: Shutting down and abandoning module Android_ETC1TargetPlatform (30)
[2015.09.02-15.13.22:229][327]LogModuleManager: Shutting down and abandoning module Android_DXTTargetPlatform (29)
[2015.09.02-15.13.22:229][327]LogModuleManager: Shutting down and abandoning module Android_ATCTargetPlatform (28)
[2015.09.02-15.13.22:229][327]LogModuleManager: Shutting down and abandoning module Android_ASTCTargetPlatform (27)
[2015.09.02-15.13.22:229][327]LogModuleManager: Shutting down and abandoning module AndroidTargetPlatform (26)
[2015.09.02-15.13.22:229][327]LogModuleManager: Shutting down and abandoning module WindowsTargetPlatform (25)
[2015.09.02-15.13.22:229][327]LogModuleManager: Shutting down and abandoning module WindowsServerTargetPlatform (24)
[2015.09.02-15.13.22:229][327]LogModuleManager: Shutting down and abandoning module WindowsNoEditorTargetPlatform (23)
[2015.09.02-15.13.22:229][327]LogModuleManager: Shutting down and abandoning module WindowsClientTargetPlatform (22)
[2015.09.02-15.13.22:229][327]LogModuleManager: Shutting down and abandoning module DesktopTargetPlatform (21)
[2015.09.02-15.13.22:229][327]LogModuleManager: Shutting down and abandoning module TargetPlatform (20)
[2015.09.02-15.13.22:229][327]LogModuleManager: Shutting down and abandoning module InputCore (19)
[2015.09.02-15.13.22:229][327]LogModuleManager: Shutting down and abandoning module Settings (18)
[2015.09.02-15.13.22:229][327]LogModuleManager: Shutting down and abandoning module OnlineSubsystem (16)
[2015.09.02-15.13.22:229][327]LogModuleManager: Shutting down and abandoning module HTTP (15)
[2015.09.02-15.13.22:229][327]LogModuleManager: Shutting down and abandoning module ExampleDeviceProfileSelector (14)
[2015.09.02-15.13.22:229][327]LogModuleManager: Shutting down and abandoning module TextureCompressor (13)
[2015.09.02-15.13.22:230][327]LogModuleManager: Shutting down and abandoning module ShaderCore (12)
[2015.09.02-15.13.22:230][327]LogModuleManager: Shutting down and abandoning module Landscape (11)
[2015.09.02-15.13.22:230][327]LogModuleManager: Shutting down and abandoning module SlateRHIRenderer (10)
[2015.09.02-15.13.22:233][327]LogModuleManager: Shutting down and abandoning module OpenGLDrv (9)
[2015.09.02-15.13.22:233][327]LogModuleManager: Shutting down and abandoning module D3D11RHI (8)
[2015.09.02-15.13.22:233][327]LogModuleManager: Shutting down and abandoning module Renderer (7)
[2015.09.02-15.13.22:233][327]LogModuleManager: Shutting down and abandoning module Engine (6)
[2015.09.02-15.13.22:233][327]LogModuleManager: Shutting down and abandoning module CoreUObject (5)
[2015.09.02-15.13.22:233][327]LogModuleManager: Shutting down and abandoning module NetworkFile (4)
[2015.09.02-15.13.22:233][327]LogModuleManager: Shutting down and abandoning module StreamingFile (3)
[2015.09.02-15.13.22:233][327]LogModuleManager: Shutting down and abandoning module SandboxFile (2)
[2015.09.02-15.13.22:233][327]LogModuleManager: Shutting down and abandoning module PakFile (1)
[2015.09.02-15.13.22:234][327]LogExit: Exiting.
[2015.09.02-15.13.22:235][327]Log file closed, 09/02/15 17:13:22
