[2015.08.30-17.07.01:440][  0]Log file open, 08/30/15 19:07:01
[2015.08.30-17.07.01:440][  0]LogInit:Display: Running engine for game: NotPartofGame
[2015.08.30-17.07.01:440][  0]LogInit:Display: RandInit(-760676947) SRandInit(-760676946).
[2015.08.30-17.07.01:440][  0]LogTaskGraph: Started task graph with 4 named threads and 7 total threads.
[2015.08.30-17.07.01:440][  0]LogStats: Stats thread started
[2015.08.30-17.07.01:440][  0]LogInit: Version: 4.8.3-2634408+++depot+UE4-Releases+4.8
[2015.08.30-17.07.01:440][  0]LogInit: API Version: 2579680
[2015.08.30-17.07.01:440][  0]LogInit: Compiled (64-bit): Jul 27 2015 16:24:33
[2015.08.30-17.07.01:440][  0]LogInit: Compiled with Visual C++: 18.00.21005.01
[2015.08.30-17.07.01:441][  0]LogInit: Build Configuration: Development
[2015.08.30-17.07.01:441][  0]LogInit: Branch Name: ++depot+UE4-Releases+4.8
[2015.08.30-17.07.01:441][  0]LogInit: Command line:  /Temp/Autosaves/Game/NPOTG/Maps/UEDPCTesting_Level -game -PIEVIACONSOLE -ResX=1280 -ResY=720  -Multiprocess 
[2015.08.30-17.07.01:441][  0]LogInit: Base directory: C:/Users/Bodoo/Documents/Programmieren/4.8/Engine/Binaries/Win64/
[2015.08.30-17.07.01:441][  0]LogInit: Rocket: 1
[2015.08.30-17.07.01:457][  0]LogInit: Using libcurl 7.41.0
[2015.08.30-17.07.01:457][  0]LogInit:  - built for x86_64-pc-win32
[2015.08.30-17.07.01:457][  0]LogInit:  - supports SSL with WinSSL
[2015.08.30-17.07.01:457][  0]LogInit:  - other features:
[2015.08.30-17.07.01:457][  0]LogInit:      CURL_VERSION_SSL
[2015.08.30-17.07.01:457][  0]LogInit:      CURL_VERSION_IPV6
[2015.08.30-17.07.01:457][  0]LogInit:      CURL_VERSION_ASYNCHDNS
[2015.08.30-17.07.01:457][  0]LogInit:      CURL_VERSION_LARGEFILE
[2015.08.30-17.07.01:457][  0]LogInit:      CURL_VERSION_IDN
[2015.08.30-17.07.01:457][  0]LogInit:  CurlRequestOptions (configurable via config and command line):
[2015.08.30-17.07.01:457][  0]LogInit:  - bVerifyPeer = true  - Libcurl will verify peer certificate
[2015.08.30-17.07.01:457][  0]LogInit:  - bUseHttpProxy = false  - Libcurl will NOT use HTTP proxy
[2015.08.30-17.07.01:457][  0]LogInit:  - bDontReuseConnections = false  - Libcurl will reuse connections
[2015.08.30-17.07.01:457][  0]LogInit:  - CertBundlePath = nullptr  - Libcurl will use whatever was configured at build time.
[2015.08.30-17.07.01:469][  0]LogOnline:Warning: No default platform service specified for OnlineSubsystem
[2015.08.30-17.07.01:483][  0]LogInit: Presizing for 0 objects not considered by GC, pre-allocating 0 bytes.
[2015.08.30-17.07.01:491][  0]LogInit: Object subsystem initialized
[2015.08.30-17.07.01:492][  0]LogConsoleResponse:Warning: Skipping Unknown console variable: 'UIScaleCurve = (EditorCurveData=(Keys=((Time=480.000000,Value=0.444000),(Time=720.000000,Value=0.666000),(Time=1080.000000,Value=1.000000),(Time=8640.000000,Value=8.000000))),ExternalCurve=None)'
[2015.08.30-17.07.01:492][  0]LogConsoleResponse:Warning:   Found in ini file 'C:/Users/Bodoo/Documents/Programmieren/Projekte/NotPartofTheGame/Saved/Config/Windows/Engine.ini', in section '[/Script/Engine.RendererSettings]'
[2015.08.30-17.07.01:492][  0]LogConsoleManager:Warning: Console variable 'r.MSAA.CompositingSampleCount' wasn't set ('Scalability' has a lower priority than 'ProjectSetting')
[2015.08.30-17.07.01:493][  0]LogInit: Selected Device Profile: [Windows]
[2015.08.30-17.07.01:493][  0]LogInit: Applying CVar settings loaded from the selected device profile: [Windows]
[2015.08.30-17.07.01:495][  0]LogInit: Computer: DESKTOP-GLF6O4V
[2015.08.30-17.07.01:495][  0]LogInit: User: Bodoo
[2015.08.30-17.07.01:495][  0]LogInit: CPU Page size=4096, Cores=4
[2015.08.30-17.07.01:495][  0]LogInit: High frequency timer resolution =3.215351 MHz
[2015.08.30-17.07.01:495][  0]LogMemory: Memory total: Physical=12.0GB (12GB approx)
[2015.08.30-17.07.01:495][  0]LogMemory: Platform Memory Stats for Windows
[2015.08.30-17.07.01:495][  0]LogMemory: Process Physical Memory: 50.39 MB used, 50.39 MB peak
[2015.08.30-17.07.01:495][  0]LogMemory: Process Virtual Memory: 22.69 MB used, 22.69 MB peak
[2015.08.30-17.07.01:495][  0]LogMemory: Physical Memory: 2900.20 MB used, 12270.70 MB total
[2015.08.30-17.07.01:495][  0]LogMemory: Virtual Memory: 310.61 MB used, 134217728.00 MB total
[2015.08.30-17.07.01:523][  0]LogTextLocalizationManager: The requested culture ('de_DE') has no localization data; falling back to 'en' for localization and internationalization data.
[2015.08.30-17.07.01:755][  0]LogTextLocalizationManager:Warning: Loaded localization resources contain conflicting entries for (Namespace:ContentBrowser, Key:ImportAssetToolTip):
Localization Resource: (C:/Users/Bodoo/Documents/Programmieren/4.8/Engine/Content/Localization/Editor/en/Editor.locres) Source String Hash: (-630476809) Localized String: (Import to {0}...)
Localization Resource: (C:/Users/Bodoo/Documents/Programmieren/4.8/Engine/Content/Localization/Editor/en/Editor.locres) Source String Hash: (1271782899) Localized String: (Imports an asset from file to this folder.)
[2015.08.30-17.07.02:072][  0]LogD3D11RHI: Found D3D11 adapter 0: AMD Radeon HD 6800 Series (Feature Level 11_0)
[2015.08.30-17.07.02:072][  0]LogD3D11RHI: Adapter has 1011MB of dedicated video memory, 0MB of dedicated system memory, and 3840MB of shared system memory, 1 output[s]
[2015.08.30-17.07.02:073][  0]LogD3D11RHI: Found D3D11 adapter 1: Microsoft Basic Render Driver (Feature Level 11_0)
[2015.08.30-17.07.02:073][  0]LogD3D11RHI: Adapter has 0MB of dedicated video memory, 0MB of dedicated system memory, and 6135MB of shared system memory, 0 output[s]
[2015.08.30-17.07.02:073][  0]LogD3D11RHI: Chosen D3D11 Adapter Id = 0
[2015.08.30-17.07.02:076][  0]LogD3D11RHI: InitD3DDevice
[2015.08.30-17.07.02:076][  0]LogD3D11RHI: !Direct3DDevice
[2015.08.30-17.07.02:076][  0]LogRHI: Texture pool is 708 MB (70% of 1011 MB)
[2015.08.30-17.07.02:083][  0]LogD3D11RHI: Async texture creation disabled: no driver support
[2015.08.30-17.07.02:093][  0]LogShaderCompilers:Display: Using Local Shader Compiler.
[2015.08.30-17.07.02:921][  0]LogTemp:Display: Loaded TP DesktopTargetPlatform
[2015.08.30-17.07.02:936][  0]LogTemp:Display: Loaded TP WindowsClientTargetPlatform
[2015.08.30-17.07.02:951][  0]LogTemp:Display: Loaded TP WindowsNoEditorTargetPlatform
[2015.08.30-17.07.02:966][  0]LogTemp:Display: Loaded TP WindowsServerTargetPlatform
[2015.08.30-17.07.02:982][  0]LogTemp:Display: Loaded TP WindowsTargetPlatform
[2015.08.30-17.07.02:995][  0]LogTemp:Display: Loaded TP AndroidTargetPlatform
[2015.08.30-17.07.03:007][  0]LogTemp:Display: Loaded TP Android_ASTCTargetPlatform
[2015.08.30-17.07.03:021][  0]LogTemp:Display: Loaded TP Android_ATCTargetPlatform
[2015.08.30-17.07.03:034][  0]LogTemp:Display: Loaded TP Android_DXTTargetPlatform
[2015.08.30-17.07.03:047][  0]LogTemp:Display: Loaded TP Android_ETC1TargetPlatform
[2015.08.30-17.07.03:060][  0]LogTemp:Display: Loaded TP Android_ETC2TargetPlatform
[2015.08.30-17.07.03:073][  0]LogTemp:Display: Loaded TP Android_PVRTCTargetPlatform
[2015.08.30-17.07.03:120][  0]LogTemp:Display: Loaded TP IOSTargetPlatform
[2015.08.30-17.07.03:132][  0]LogTemp:Display: Loaded TP LinuxNoEditorTargetPlatform
[2015.08.30-17.07.03:144][  0]LogTemp:Display: Loaded TP LinuxServerTargetPlatform
[2015.08.30-17.07.03:159][  0]LogTemp:Display: Loaded TP LinuxTargetPlatform
[2015.08.30-17.07.03:159][  0]LogTargetPlatformManager:Display: Building Assets For Windows
[2015.08.30-17.07.03:367][  0]LogDerivedDataCache:Display: Max Cache Size: 512 MB
[2015.08.30-17.07.03:426][  0]LogDerivedDataCache: Loaded boot cache 0.06s 53MB C:/Users/Bodoo/AppData/Local/UnrealEngine/4.8/DerivedDataCache/Boot.ddc.
[2015.08.30-17.07.03:426][  0]LogDerivedDataCache:Display: Loaded Boot cache: C:/Users/Bodoo/AppData/Local/UnrealEngine/4.8/DerivedDataCache/Boot.ddc
[2015.08.30-17.07.03:426][  0]LogDerivedDataCache: FDerivedDataBackendGraph:  Pak pak cache file ../../../../Projekte/NotPartofTheGame/DerivedDataCache/DDC.ddp not found, will not use a pak cache.
[2015.08.30-17.07.03:426][  0]LogDerivedDataCache: Unable to find inner node Pak for hierarchical cache Hierarchy.
[2015.08.30-17.07.03:426][  0]LogDerivedDataCache: FDerivedDataBackendGraph:  CompressedPak pak cache file ../../../../Projekte/NotPartofTheGame/DerivedDataCache/Compressed.ddp not found, will not use a pak cache.
[2015.08.30-17.07.03:426][  0]LogDerivedDataCache: Unable to find inner node CompressedPak for hierarchical cache Hierarchy.
[2015.08.30-17.07.03:573][  0]LogDerivedDataCache:Display: Pak cache opened for reading ../../../Engine/DerivedDataCache/Compressed.ddp.
[2015.08.30-17.07.03:585][  0]LogDerivedDataCache: Using Local data cache path C:/Users/Bodoo/AppData/Local/UnrealEngine/Common/DerivedDataCache: Writable
[2015.08.30-17.07.03:821][  0]LogInit: Selected Device Profile: [Windows]
[2015.08.30-17.07.03:908][  0]ImportText (ComponentSweepMultiTests): Missing closing parenthesis: (RootShapeAsset="/Engine/BasicShapes/Cube.Cube",ShapeType="TriggerCapsule",HitResult=(Time=0.50,Location=(X=-100.000015,Y=0.0,Z=100.000015),ImpactPoint=(X=-50.0,Y=0.0,Z=50.0),Normal=(X=-1.0,Y=-0.0,Z=0.0),ImpactNormal=(X=0.0,Y=0.0,Z=1.0),TraceStart=(X=-200.0,Y=0.0,Z=200.0),TraceEnd=(X=0.0,Y=0.0,Z=0.0))
[2015.08.30-17.07.03:909][  0]ImportText (LineTraceSingleByChannelTests): Missing closing parenthesis: (RootShapeAsset="/Engine/BasicShapes/Cube.Cube",HitResult=(Time=0.50,Location=(X=-100.000015,Y=0.0,Z=100.000015),ImpactPoint=(X=-50.0,Y=0.0,Z=50.0),Normal=(X=-1.0,Y=-0.0,Z=0.0),ImpactNormal=(X=0.0,Y=0.0,Z=1.0),TraceStart=(X=-200.0,Y=0.0,Z=200.0),TraceEnd=(X=0.0,Y=0.0,Z=0.0))
[2015.08.30-17.07.03:937][  0]LogMeshUtilities: No automatic mesh reduction module available
[2015.08.30-17.07.03:937][  0]LogMeshUtilities: No automatic mesh merging module available
[2015.08.30-17.07.04:229][  0]LogInit: WinSock: version 1.1 (2.2), MaxSocks=32767, MaxUdp=65467
[2015.08.30-17.07.04:674][  0]LogD3D11RHI: InitD3DDevice
[2015.08.30-17.07.04:679][  0]LogWindowsMoviePlayer: Unable to load movie: ../../../../Projekte/NotPartofTheGame/Content/Movies/Default_Startup.mp4
[2015.08.30-17.07.04:824][  0]LogAssetRegistry: FAssetRegistry took 0.0001 seconds to start up
[2015.08.30-17.07.04:870][  0]SourceControl: Info Source control is disabled
[2015.08.30-17.07.04:870][  0]SourceControl: Info Source control is disabled
[2015.08.30-17.07.04:880][  0]SourceControl: Info Source control is disabled
[2015.08.30-17.07.05:069][  0]LogObj: 25913 objects as part of root set at end of initial load.
[2015.08.30-17.07.05:069][  0]LogUObjectAllocator: 5218480 out of 0 bytes used by permanent object pool.
[2015.08.30-17.07.05:139][  0]LogAutomationTest:Warning: ERR: Transient text cannot be serialized "Testing Transient serialization detection".
[2015.08.30-17.07.05:140][  0]LogEngine: Initializing Engine...
[2015.08.30-17.07.05:142][  0]LogHMD: Can't find Oculus library dev build: is proper Runtime installed? Version: 0.6.0.0
[2015.08.30-17.07.05:143][  0]LogHMD:Warning: SteamVR failed to initialize.  Error: 110
[2015.08.30-17.07.05:239][  0]LogInit: XAudio2 using 'Lautsprecher (G510s Gaming Keyboard)' : 2 channels at 48 kHz using 16 bits per sample (channel mask 0x3)
[2015.08.30-17.07.05:245][  0]LogInit: FAudioDevice initialized.
[2015.08.30-17.07.05:255][  0]LogInit: Texture streaming: Disabled
[2015.08.30-17.07.05:324][  0]LogNet: Browse: /Temp/Autosaves/Game/NPOTG/Maps/UEDPCTesting_Level?Name=Player
[2015.08.30-17.07.05:324][  0]LogLoad: LoadMap: /Temp/Autosaves/Game/NPOTG/Maps/UEDPCTesting_Level?Name=Player
[2015.08.30-17.07.05:337][  0]LogParticles: Destroying 0 GPU particle simulations for FXSystem 0x000000F1FB6F7560
[2015.08.30-17.07.05:347][  0]LogMemory: Platform Memory Stats for Windows
[2015.08.30-17.07.05:347][  0]LogMemory: Process Physical Memory: 339.93 MB used, 339.93 MB peak
[2015.08.30-17.07.05:347][  0]LogMemory: Process Virtual Memory: 376.58 MB used, 376.58 MB peak
[2015.08.30-17.07.05:347][  0]LogMemory: Physical Memory: 3137.25 MB used, 12270.70 MB total
[2015.08.30-17.07.05:347][  0]LogMemory: Virtual Memory: 892.57 MB used, 134217728.00 MB total
[2015.08.30-17.07.05:347][  0]LogMemory: 
[2015.08.30-17.07.05:347][  0]Allocator Stats for TBB: (not implemented)
[2015.08.30-17.07.06:274][  0]LogProperty:Warning: ERR: Transient text cannot be serialized "NewRotation Roll".
[2015.08.30-17.07.06:274][  0]LogProperty:Warning: ERR: Transient text cannot be serialized "NewRotation Yaw".
[2015.08.30-17.07.06:274][  0]LogProperty:Warning: ERR: Transient text cannot be serialized "NewRotation Pitch".
[2015.08.30-17.07.06:274][  0]LogProperty:Warning: ERR: Transient text cannot be serialized "NewRotation Roll".
[2015.08.30-17.07.06:274][  0]LogProperty:Warning: ERR: Transient text cannot be serialized "NewRotation Yaw".
[2015.08.30-17.07.06:274][  0]LogProperty:Warning: ERR: Transient text cannot be serialized "NewRotation Pitch".
[2015.08.30-17.07.06:321][  0]LogProperty:Warning: ERR: Transient text cannot be serialized "NewRotation Roll".
[2015.08.30-17.07.06:321][  0]LogProperty:Warning: ERR: Transient text cannot be serialized "NewRotation Yaw".
[2015.08.30-17.07.06:321][  0]LogProperty:Warning: ERR: Transient text cannot be serialized "NewRotation Pitch".
[2015.08.30-17.07.06:321][  0]LogProperty:Warning: ERR: Transient text cannot be serialized "NewRotation Roll".
[2015.08.30-17.07.06:321][  0]LogProperty:Warning: ERR: Transient text cannot be serialized "NewRotation Yaw".
[2015.08.30-17.07.06:321][  0]LogProperty:Warning: ERR: Transient text cannot be serialized "NewRotation Pitch".
[2015.08.30-17.07.07:235][  0]LogAIModule: Creating AISystem for world Testing_Level
[2015.08.30-17.07.07:235][  0]LogWorld: Game class is '2DSideScrollerGameMode_C'
[2015.08.30-17.07.07:309][  0]LogWorld: Bringing World /Temp/Autosaves/Game/NPOTG/Maps/UEDPCTesting_Level.Testing_Level up for play (max tick rate 0) at 2015.08.30-19.07.07
[2015.08.30-17.07.07:321][  0]LogWorld: Bringing up level for play took: 0.084163
[2015.08.30-17.07.07:326][  0]LogInit:Display: Game Engine Initialized.
[2015.08.30-17.07.07:552][  0]LogLoad: Full Startup: 7.64 seconds (BP compile: 0.98 seconds)
[2015.08.30-17.07.07:570][  0]LogContentStreaming: Texture pool size is 1000.000000MB
[2015.08.30-17.07.07:700][  0]LogRenderer: Reallocating scene render targets to support 1280x720 (Frame:2).
[2015.08.30-17.07.27:550][221]LogScript:Warning: Accessed None 'K2Node_DynamicCast_AsMarkimoo4'
	wolf_C /Temp/Autosaves/Game/NPOTG/Maps/UEDPCTesting_Level.Testing_Level:PersistentLevel.wolf_C_0
	Function /Game/NPOTG/Blueprints/Charaktere/wolf.wolf_C:ExecuteUbergraph_wolf:0E67
[2015.08.30-17.07.27:550][221]LogBlueprintUserMessages: 0.991935
[2015.08.30-17.07.27:550][221]LogBlueprintUserMessages: 0.991935
[2015.08.30-17.07.27:550][221]LogBlueprintUserMessages: 0.983871
[2015.08.30-17.07.27:566][222]LogBlueprintUserMessages: 0.975806
[2015.08.30-17.07.27:581][223]LogBlueprintUserMessages: 0.967742
[2015.08.30-17.07.27:598][224]LogBlueprintUserMessages: 0.959677
[2015.08.30-17.07.27:614][225]LogBlueprintUserMessages: 0.951613
[2015.08.30-17.07.27:630][226]LogBlueprintUserMessages: 0.943548
[2015.08.30-17.07.27:646][227]LogBlueprintUserMessages: 0.935484
[2015.08.30-17.07.27:662][228]LogBlueprintUserMessages: 0.927419
[2015.08.30-17.07.27:679][229]LogBlueprintUserMessages: 0.919354
[2015.08.30-17.07.27:695][230]LogBlueprintUserMessages: 0.91129
[2015.08.30-17.07.27:711][231]LogBlueprintUserMessages: 0.903225
[2015.08.30-17.07.27:726][232]LogBlueprintUserMessages: 0.895161
[2015.08.30-17.07.27:742][233]LogBlueprintUserMessages: 0.887096
[2015.08.30-17.07.27:759][234]LogBlueprintUserMessages: 0.879032
[2015.08.30-17.07.27:775][235]LogBlueprintUserMessages: 0.870967
[2015.08.30-17.07.27:791][236]LogBlueprintUserMessages: 0.862903
[2015.08.30-17.07.27:807][237]LogBlueprintUserMessages: 0.854838
[2015.08.30-17.07.27:824][238]LogBlueprintUserMessages: 0.846773
[2015.08.30-17.07.27:840][239]LogBlueprintUserMessages: 0.838709
[2015.08.30-17.07.27:855][240]LogBlueprintUserMessages: 0.830644
[2015.08.30-17.07.27:872][241]LogBlueprintUserMessages: 0.82258
[2015.08.30-17.07.27:888][242]LogBlueprintUserMessages: 0.814515
[2015.08.30-17.07.27:904][243]LogBlueprintUserMessages: 0.806451
[2015.08.30-17.07.27:920][244]LogBlueprintUserMessages: 0.798386
[2015.08.30-17.07.27:936][245]LogBlueprintUserMessages: 0.79032
[2015.08.30-17.07.27:953][246]LogBlueprintUserMessages: 0.782255
[2015.08.30-17.07.27:969][247]LogBlueprintUserMessages: 0.77419
[2015.08.30-17.07.27:985][248]LogBlueprintUserMessages: 0.766126
[2015.08.30-17.07.28:001][249]LogBlueprintUserMessages: 0.758061
[2015.08.30-17.07.28:016][250]LogBlueprintUserMessages: 0.749997
[2015.08.30-17.07.28:033][251]LogBlueprintUserMessages: 0.741932
[2015.08.30-17.07.28:049][252]LogBlueprintUserMessages: 0.733867
[2015.08.30-17.07.28:066][253]LogBlueprintUserMessages: 0.725803
[2015.08.30-17.07.28:082][254]LogBlueprintUserMessages: 0.717738
[2015.08.30-17.07.28:098][255]LogBlueprintUserMessages: 0.709674
[2015.08.30-17.07.28:113][256]LogBlueprintUserMessages: 0.701609
[2015.08.30-17.07.28:130][257]LogBlueprintUserMessages: 0.693544
[2015.08.30-17.07.28:146][258]LogBlueprintUserMessages: 0.68548
[2015.08.30-17.07.28:162][259]LogBlueprintUserMessages: 0.677415
[2015.08.30-17.07.28:179][260]LogBlueprintUserMessages: 0.669351
[2015.08.30-17.07.28:195][261]LogBlueprintUserMessages: 0.661286
[2015.08.30-17.07.28:211][262]LogBlueprintUserMessages: 0.653221
[2015.08.30-17.07.28:226][263]LogBlueprintUserMessages: 0.645157
[2015.08.30-17.07.28:243][264]LogBlueprintUserMessages: 0.637092
[2015.08.30-17.07.28:259][265]LogBlueprintUserMessages: 0.629027
[2015.08.30-17.07.28:275][266]LogBlueprintUserMessages: 0.620963
[2015.08.30-17.07.28:291][267]LogBlueprintUserMessages: 0.612898
[2015.08.30-17.07.28:307][268]LogBlueprintUserMessages: 0.604834
[2015.08.30-17.07.28:324][269]LogBlueprintUserMessages: 0.596769
[2015.08.30-17.07.28:339][270]LogBlueprintUserMessages: 0.588704
[2015.08.30-17.07.28:355][271]LogBlueprintUserMessages: 0.58064
[2015.08.30-17.07.28:372][272]LogBlueprintUserMessages: 0.572575
[2015.08.30-17.07.28:388][273]LogBlueprintUserMessages: 0.564511
[2015.08.30-17.07.28:404][274]LogBlueprintUserMessages: 0.556446
[2015.08.30-17.07.28:420][275]LogBlueprintUserMessages: 0.548381
[2015.08.30-17.07.28:436][276]LogBlueprintUserMessages: 0.540317
[2015.08.30-17.07.28:452][277]LogBlueprintUserMessages: 0.532252
[2015.08.30-17.07.28:469][278]LogBlueprintUserMessages: 0.524188
[2015.08.30-17.07.28:485][279]LogBlueprintUserMessages: 0.516123
[2015.08.30-17.07.28:501][280]LogBlueprintUserMessages: 0.508058
[2015.08.30-17.07.28:517][281]LogBlueprintUserMessages: 0.499994
[2015.08.30-17.07.28:533][282]LogBlueprintUserMessages: 0.491929
[2015.08.30-17.07.28:549][283]LogBlueprintUserMessages: 0.483864
[2015.08.30-17.07.28:565][284]LogBlueprintUserMessages: 0.4758
[2015.08.30-17.07.28:582][285]LogBlueprintUserMessages: 0.467735
[2015.08.30-17.07.28:598][286]LogBlueprintUserMessages: 0.459671
[2015.08.30-17.07.28:614][287]LogBlueprintUserMessages: 0.451606
[2015.08.30-17.07.28:630][288]LogBlueprintUserMessages: 0.443541
[2015.08.30-17.07.28:646][289]LogBlueprintUserMessages: 0.435477
[2015.08.30-17.07.28:662][290]LogBlueprintUserMessages: 0.427412
[2015.08.30-17.07.28:678][291]LogBlueprintUserMessages: 0.419348
[2015.08.30-17.07.28:694][292]LogBlueprintUserMessages: 0.411283
[2015.08.30-17.07.28:711][293]LogBlueprintUserMessages: 0.403218
[2015.08.30-17.07.28:727][294]LogBlueprintUserMessages: 0.395154
[2015.08.30-17.07.28:743][295]LogBlueprintUserMessages: 0.387089
[2015.08.30-17.07.28:759][296]LogBlueprintUserMessages: 0.379025
[2015.08.30-17.07.28:775][297]LogBlueprintUserMessages: 0.37096
[2015.08.30-17.07.28:791][298]LogBlueprintUserMessages: 0.362895
[2015.08.30-17.07.28:808][299]LogBlueprintUserMessages: 0.354831
[2015.08.30-17.07.28:823][300]LogBlueprintUserMessages: 0.346766
[2015.08.30-17.07.28:840][301]LogBlueprintUserMessages: 0.338702
[2015.08.30-17.07.28:856][302]LogBlueprintUserMessages: 0.330637
[2015.08.30-17.07.28:872][303]LogBlueprintUserMessages: 0.322572
[2015.08.30-17.07.28:888][304]LogBlueprintUserMessages: 0.314508
[2015.08.30-17.07.28:904][305]LogBlueprintUserMessages: 0.306443
[2015.08.30-17.07.28:920][306]LogBlueprintUserMessages: 0.298379
[2015.08.30-17.07.28:937][307]LogBlueprintUserMessages: 0.290314
[2015.08.30-17.07.39:082][936]Closing by request
[2015.08.30-17.07.39:082][936]LogWindows: FPlatformMisc::RequestExit(0)
[2015.08.30-17.07.39:196][937]LogWindowsTextInputMethodSystem:Display: IME system now deactivated.
[2015.08.30-17.07.39:197][937]LogWindowsTextInputMethodSystem:Display: IME system now deactivated.
[2015.08.30-17.07.39:206][937]LogExit: Preparing to exit.
[2015.08.30-17.07.39:327][937]LogExit: Game engine shut down
[2015.08.30-17.07.39:331][937]LogParticles: Destroying 0 GPU particle simulations for FXSystem 0x000000F1FB29AF20
[2015.08.30-17.07.39:465][937]LogExit: Object subsystem successfully closed.
[2015.08.30-17.07.39:477][937]LogD3D11RHI: Shutdown
[2015.08.30-17.07.39:477][937]LogD3D11RHI: CleanupD3DDevice
[2015.08.30-17.07.39:545][937]LogD3D11RHI: ~FD3D11DynamicRHI
[2015.08.30-17.07.39:556][937]LogModuleManager: Shutting down and abandoning module AndroidDeviceDetection (109)
[2015.08.30-17.07.39:592][937]LogModuleManager: Shutting down and abandoning module AutomationWorker (108)
[2015.08.30-17.07.39:592][937]LogModuleManager: Shutting down and abandoning module CharacterAI (107)
[2015.08.30-17.07.39:592][937]LogModuleManager: Shutting down and abandoning module AITestSuite (106)
[2015.08.30-17.07.39:592][937]LogModuleManager: Shutting down and abandoning module GameplayDebugger (105)
[2015.08.30-17.07.39:592][937]LogModuleManager: Shutting down and abandoning module AIModule (104)
[2015.08.30-17.07.39:592][937]LogModuleManager: Shutting down and abandoning module GameLiveStreaming (103)
[2015.08.30-17.07.39:592][937]LogModuleManager: Shutting down and abandoning module StreamingPauseRendering (102)
[2015.08.30-17.07.39:592][937]LogModuleManager: Shutting down and abandoning module ProfilerService (101)
[2015.08.30-17.07.39:663][937]LogModuleManager: Shutting down and abandoning module TaskGraph (100)
[2015.08.30-17.07.39:663][937]LogModuleManager: Shutting down and abandoning module SlateRemote (99)
[2015.08.30-17.07.39:663][937]LogModuleManager: Shutting down and abandoning module SteamVRController (98)
[2015.08.30-17.07.39:663][937]LogModuleManager: Shutting down and abandoning module SteamVR (97)
[2015.08.30-17.07.39:663][937]LogModuleManager: Shutting down and abandoning module ProceduralMeshComponent (96)
[2015.08.30-17.07.39:663][937]LogModuleManager: Shutting down and abandoning module OculusRift (95)
[2015.08.30-17.07.39:663][937]LogModuleManager: Shutting down and abandoning module LeapMotionController (94)
[2015.08.30-17.07.39:670][937]LogModuleManager: Shutting down and abandoning module CustomMeshComponent (93)
[2015.08.30-17.07.39:670][937]LogModuleManager: Shutting down and abandoning module CableComponent (92)
[2015.08.30-17.07.39:670][937]LogModuleManager: Shutting down and abandoning module DesktopPlatform (91)
[2015.08.30-17.07.39:670][937]LogModuleManager: Shutting down and abandoning module DirectoryWatcher (90)
[2015.08.30-17.07.39:670][937]LogModuleManager: Shutting down and abandoning module HotReload (89)
[2015.08.30-17.07.39:670][937]LogModuleManager: Shutting down and abandoning module VisualStudioSourceCodeAccess (88)
[2015.08.30-17.07.39:670][937]LogModuleManager: Shutting down and abandoning module UObjectPlugin (87)
[2015.08.30-17.07.39:670][937]LogModuleManager: Shutting down and abandoning module SubversionSourceControl (86)
[2015.08.30-17.07.39:670][937]LogModuleManager: Shutting down and abandoning module SourceControl (85)
[2015.08.30-17.07.39:670][937]LogModuleManager: Shutting down and abandoning module PerforceSourceControl (84)
[2015.08.30-17.07.39:670][937]LogModuleManager: Shutting down and abandoning module BlankPlugin (83)
[2015.08.30-17.07.39:670][937]LogModuleManager: Shutting down and abandoning module UdpMessaging (82)
[2015.08.30-17.07.39:670][937]LogModuleManager: Shutting down and abandoning module AssetRegistry (81)
[2015.08.30-17.07.39:671][937]LogModuleManager: Shutting down and abandoning module SubstanceCore (80)
[2015.08.30-17.07.39:671][937]LogModuleManager: Shutting down and abandoning module Paper2D (79)
[2015.08.30-17.07.39:671][937]LogModuleManager: Shutting down and abandoning module WindowsMoviePlayer (78)
[2015.08.30-17.07.39:672][937]LogModuleManager: Shutting down and abandoning module Media (77)
[2015.08.30-17.07.39:672][937]LogModuleManager: Shutting down and abandoning module WmfMedia (76)
[2015.08.30-17.07.39:673][937]LogModuleManager: Shutting down and abandoning module OnlineBlueprintSupport (75)
[2015.08.30-17.07.39:673][937]LogModuleManager: Shutting down and abandoning module PropertyEditor (74)
[2015.08.30-17.07.39:673][937]LogModuleManager: Shutting down and abandoning module BehaviorTreeEditor (73)
[2015.08.30-17.07.39:673][937]LogModuleManager: Shutting down and abandoning module FunctionalTesting (72)
[2015.08.30-17.07.39:673][937]LogModuleManager: Shutting down and abandoning module CollisionAnalyzer (71)
[2015.08.30-17.07.39:673][937]LogModuleManager: Shutting down and abandoning module WorkspaceMenuStructure (70)
[2015.08.30-17.07.39:673][937]LogModuleManager: Shutting down and abandoning module MessageLog (69)
[2015.08.30-17.07.39:673][937]LogModuleManager: Shutting down and abandoning module Sequencer (68)
[2015.08.30-17.07.39:673][937]LogModuleManager: Shutting down and abandoning module AssetTools (67)
[2015.08.30-17.07.39:673][937]LogModuleManager: Shutting down and abandoning module UMGEditor (66)
[2015.08.30-17.07.39:673][937]LogModuleManager: Shutting down and abandoning module UMG (65)
[2015.08.30-17.07.39:673][937]LogModuleManager: Shutting down and abandoning module Slate (64)
[2015.08.30-17.07.39:673][937]LogModuleManager: Shutting down and abandoning module EditorStyle (63)
[2015.08.30-17.07.39:675][937]LogModuleManager: Shutting down and abandoning module SessionServices (62)
[2015.08.30-17.07.39:675][937]LogModuleManager: Shutting down and abandoning module SourceCodeAccess (61)
[2015.08.30-17.07.39:675][937]LogModuleManager: Shutting down and abandoning module HeadMountedDisplay (60)
[2015.08.30-17.07.39:675][937]LogModuleManager: Shutting down and abandoning module XAudio2 (59)
[2015.08.30-17.07.39:675][937]LogModuleManager: Shutting down and abandoning module Networking (57)
[2015.08.30-17.07.39:675][937]LogModuleManager: Shutting down and abandoning module Core (56)
[2015.08.30-17.07.39:675][937]LogModuleManager: Shutting down and abandoning module KismetCompiler (55)
[2015.08.30-17.07.39:675][937]LogModuleManager: Shutting down and abandoning module PhysXFormats (54)
[2015.08.30-17.07.39:675][937]LogModuleManager: Shutting down and abandoning module MeshUtilities (53)
[2015.08.30-17.07.39:675][937]LogModuleManager: Shutting down and abandoning module DerivedDataCache (52)
[2015.08.30-17.07.40:107][937]LogDerivedDataCache: Shutdown
[2015.08.30-17.07.40:107][937]LogModuleManager: Shutting down and abandoning module ShaderFormatOpenGL (51)
[2015.08.30-17.07.40:107][937]LogModuleManager: Shutting down and abandoning module ShaderFormatD3D (50)
[2015.08.30-17.07.40:107][937]LogModuleManager: Shutting down and abandoning module MetalShaderFormat (49)
[2015.08.30-17.07.40:107][937]LogModuleManager: Shutting down and abandoning module TextureFormatUncompressed (48)
[2015.08.30-17.07.40:107][937]LogModuleManager: Shutting down and abandoning module TextureFormatPVR (47)
[2015.08.30-17.07.40:107][937]LogModuleManager: Shutting down and abandoning module TextureFormatIntelISPCTexComp (46)
[2015.08.30-17.07.40:107][937]LogModuleManager: Shutting down and abandoning module TextureFormatDXT (45)
[2015.08.30-17.07.40:107][937]LogModuleManager: Shutting down and abandoning module ImageWrapper (44)
[2015.08.30-17.07.40:107][937]LogModuleManager: Shutting down and abandoning module TextureFormatASTC (43)
[2015.08.30-17.07.40:107][937]LogModuleManager: Shutting down and abandoning module TextureFormatAndroid (42)
[2015.08.30-17.07.40:107][937]LogModuleManager: Shutting down and abandoning module AudioFormatOpus (41)
[2015.08.30-17.07.40:107][937]LogModuleManager: Shutting down and abandoning module AudioFormatOgg (40)
[2015.08.30-17.07.40:107][937]LogModuleManager: Shutting down and abandoning module AudioFormatADPCM (39)
[2015.08.30-17.07.40:107][937]LogModuleManager: Shutting down and abandoning module LinuxTargetPlatform (38)
[2015.08.30-17.07.40:107][937]LogModuleManager: Shutting down and abandoning module LinuxServerTargetPlatform (37)
[2015.08.30-17.07.40:107][937]LogModuleManager: Shutting down and abandoning module LinuxNoEditorTargetPlatform (36)
[2015.08.30-17.07.40:107][937]LogModuleManager: Shutting down and abandoning module Messaging (35)
[2015.08.30-17.07.40:107][937]LogModuleManager: Shutting down and abandoning module IOSTargetPlatform (34)
[2015.08.30-17.07.40:107][937]LogModuleManager: Shutting down and abandoning module HTML5TargetPlatform (33)
[2015.08.30-17.07.40:107][937]LogModuleManager: Shutting down and abandoning module Android_PVRTCTargetPlatform (32)
[2015.08.30-17.07.40:107][937]LogModuleManager: Shutting down and abandoning module Android_ETC2TargetPlatform (31)
[2015.08.30-17.07.40:107][937]LogModuleManager: Shutting down and abandoning module Android_ETC1TargetPlatform (30)
[2015.08.30-17.07.40:107][937]LogModuleManager: Shutting down and abandoning module Android_DXTTargetPlatform (29)
[2015.08.30-17.07.40:107][937]LogModuleManager: Shutting down and abandoning module Android_ATCTargetPlatform (28)
[2015.08.30-17.07.40:107][937]LogModuleManager: Shutting down and abandoning module Android_ASTCTargetPlatform (27)
[2015.08.30-17.07.40:107][937]LogModuleManager: Shutting down and abandoning module AndroidTargetPlatform (26)
[2015.08.30-17.07.40:107][937]LogModuleManager: Shutting down and abandoning module WindowsTargetPlatform (25)
[2015.08.30-17.07.40:107][937]LogModuleManager: Shutting down and abandoning module WindowsServerTargetPlatform (24)
[2015.08.30-17.07.40:107][937]LogModuleManager: Shutting down and abandoning module WindowsNoEditorTargetPlatform (23)
[2015.08.30-17.07.40:107][937]LogModuleManager: Shutting down and abandoning module WindowsClientTargetPlatform (22)
[2015.08.30-17.07.40:107][937]LogModuleManager: Shutting down and abandoning module DesktopTargetPlatform (21)
[2015.08.30-17.07.40:107][937]LogModuleManager: Shutting down and abandoning module TargetPlatform (20)
[2015.08.30-17.07.40:107][937]LogModuleManager: Shutting down and abandoning module InputCore (19)
[2015.08.30-17.07.40:107][937]LogModuleManager: Shutting down and abandoning module Settings (18)
[2015.08.30-17.07.40:107][937]LogModuleManager: Shutting down and abandoning module OnlineSubsystem (16)
[2015.08.30-17.07.40:107][937]LogModuleManager: Shutting down and abandoning module HTTP (15)
[2015.08.30-17.07.40:107][937]LogModuleManager: Shutting down and abandoning module ExampleDeviceProfileSelector (14)
[2015.08.30-17.07.40:107][937]LogModuleManager: Shutting down and abandoning module TextureCompressor (13)
[2015.08.30-17.07.40:107][937]LogModuleManager: Shutting down and abandoning module ShaderCore (12)
[2015.08.30-17.07.40:107][937]LogModuleManager: Shutting down and abandoning module Landscape (11)
[2015.08.30-17.07.40:107][937]LogModuleManager: Shutting down and abandoning module SlateRHIRenderer (10)
[2015.08.30-17.07.40:107][937]LogModuleManager: Shutting down and abandoning module OpenGLDrv (9)
[2015.08.30-17.07.40:107][937]LogModuleManager: Shutting down and abandoning module D3D11RHI (8)
[2015.08.30-17.07.40:107][937]LogModuleManager: Shutting down and abandoning module Renderer (7)
[2015.08.30-17.07.40:107][937]LogModuleManager: Shutting down and abandoning module Engine (6)
[2015.08.30-17.07.40:107][937]LogModuleManager: Shutting down and abandoning module CoreUObject (5)
[2015.08.30-17.07.40:107][937]LogModuleManager: Shutting down and abandoning module NetworkFile (4)
[2015.08.30-17.07.40:107][937]LogModuleManager: Shutting down and abandoning module StreamingFile (3)
[2015.08.30-17.07.40:108][937]LogModuleManager: Shutting down and abandoning module SandboxFile (2)
[2015.08.30-17.07.40:108][937]LogModuleManager: Shutting down and abandoning module PakFile (1)
[2015.08.30-17.07.40:109][937]LogExit: Exiting.
[2015.08.30-17.07.40:110][937]Log file closed, 08/30/15 19:07:40
