[2015.09.20-07.44.57:582][  0]Log file open, 09/20/15 09:44:57
[2015.09.20-07.44.57:582][  0]LogInit:Display: Running engine without a game
[2015.09.20-07.44.57:582][  0]LogInit:Display: Loading recent project file: ../../../../Projekte/NotPartofTheGame/NotPartofGame.uproject
[2015.09.20-07.44.57:582][  0]LogInit:Display: RandInit(1270038902) SRandInit(1270038903).
[2015.09.20-07.44.57:582][  0]LogTaskGraph: Started task graph with 4 named threads and 7 total threads.
[2015.09.20-07.44.57:582][  0]LogStats: Stats thread started
[2015.09.20-07.44.57:582][  0]LogInit: Version: 4.8.3-2634408+++depot+UE4-Releases+4.8
[2015.09.20-07.44.57:582][  0]LogInit: API Version: 2579680
[2015.09.20-07.44.57:582][  0]LogInit: Compiled (64-bit): Jul 27 2015 16:24:33
[2015.09.20-07.44.57:582][  0]LogInit: Compiled with Visual C++: 18.00.21005.01
[2015.09.20-07.44.57:582][  0]LogInit: Build Configuration: Development
[2015.09.20-07.44.57:582][  0]LogInit: Branch Name: ++depot+UE4-Releases+4.8
[2015.09.20-07.44.57:582][  0]LogInit: Command line: 
[2015.09.20-07.44.57:582][  0]LogInit: Base directory: C:/Users/Bodoo/Documents/Programmieren/4.8/Engine/Binaries/Win64/
[2015.09.20-07.44.57:582][  0]LogInit: Rocket: 1
[2015.09.20-07.44.58:144][  0]LogInit: Using libcurl 7.41.0
[2015.09.20-07.44.58:144][  0]LogInit:  - built for x86_64-pc-win32
[2015.09.20-07.44.58:144][  0]LogInit:  - supports SSL with WinSSL
[2015.09.20-07.44.58:144][  0]LogInit:  - other features:
[2015.09.20-07.44.58:144][  0]LogInit:      CURL_VERSION_SSL
[2015.09.20-07.44.58:144][  0]LogInit:      CURL_VERSION_IPV6
[2015.09.20-07.44.58:144][  0]LogInit:      CURL_VERSION_ASYNCHDNS
[2015.09.20-07.44.58:144][  0]LogInit:      CURL_VERSION_LARGEFILE
[2015.09.20-07.44.58:144][  0]LogInit:      CURL_VERSION_IDN
[2015.09.20-07.44.58:144][  0]LogInit:  CurlRequestOptions (configurable via config and command line):
[2015.09.20-07.44.58:144][  0]LogInit:  - bVerifyPeer = true  - Libcurl will verify peer certificate
[2015.09.20-07.44.58:144][  0]LogInit:  - bUseHttpProxy = false  - Libcurl will NOT use HTTP proxy
[2015.09.20-07.44.58:144][  0]LogInit:  - bDontReuseConnections = false  - Libcurl will reuse connections
[2015.09.20-07.44.58:144][  0]LogInit:  - CertBundlePath = nullptr  - Libcurl will use whatever was configured at build time.
[2015.09.20-07.44.58:144][  0]LogOnline:Warning: No default platform service specified for OnlineSubsystem
[2015.09.20-07.44.58:707][  0]LogInit: Presizing for 0 objects not considered by GC, pre-allocating 0 bytes.
[2015.09.20-07.44.58:707][  0]LogInit: Object subsystem initialized
[2015.09.20-07.44.58:707][  0]LogConsoleResponse:Warning: Skipping Unknown console variable: 'UIScaleCurve = (EditorCurveData=(Keys=((Time=480.000000,Value=0.444000),(Time=720.000000,Value=0.666000),(Time=1080.000000,Value=1.000000),(Time=8640.000000,Value=8.000000))),ExternalCurve=None)'
[2015.09.20-07.44.58:707][  0]LogConsoleResponse:Warning:   Found in ini file 'C:/Users/Bodoo/Documents/Programmieren/Projekte/NotPartofTheGame/Saved/Config/Windows/Engine.ini', in section '[/Script/Engine.RendererSettings]'
[2015.09.20-07.44.58:707][  0]LogConsoleManager:Warning: Console variable 'r.MSAA.CompositingSampleCount' wasn't set ('Scalability' has a lower priority than 'ProjectSetting')
[2015.09.20-07.44.58:707][  0]LogInit: Selected Device Profile: [Windows]
[2015.09.20-07.44.58:707][  0]LogInit: Applying CVar settings loaded from the selected device profile: [Windows]
[2015.09.20-07.44.58:737][  0]LogInit: Computer: DESKTOP-GLF6O4V
[2015.09.20-07.44.58:737][  0]LogInit: User: Bodoo
[2015.09.20-07.44.58:737][  0]LogInit: CPU Page size=4096, Cores=4
[2015.09.20-07.44.58:737][  0]LogInit: High frequency timer resolution =3.215357 MHz
[2015.09.20-07.44.58:737][  0]LogMemory: Memory total: Physical=12.0GB (12GB approx)
[2015.09.20-07.44.58:737][  0]LogMemory: Platform Memory Stats for Windows
[2015.09.20-07.44.58:737][  0]LogMemory: Process Physical Memory: 51.16 MB used, 51.16 MB peak
[2015.09.20-07.44.58:737][  0]LogMemory: Process Virtual Memory: 22.46 MB used, 22.46 MB peak
[2015.09.20-07.44.58:737][  0]LogMemory: Physical Memory: 1510.69 MB used, 12270.70 MB total
[2015.09.20-07.44.58:737][  0]LogMemory: Virtual Memory: 309.63 MB used, 134217728.00 MB total
[2015.09.20-07.45.00:556][  0]LogTextLocalizationManager: The requested culture ('de_DE') has no localization data; falling back to 'en' for localization and internationalization data.
[2015.09.20-07.45.00:785][  0]LogTextLocalizationManager:Warning: Loaded localization resources contain conflicting entries for (Namespace:ContentBrowser, Key:ImportAssetToolTip):
Localization Resource: (C:/Users/Bodoo/Documents/Programmieren/4.8/Engine/Content/Localization/Editor/en/Editor.locres) Source String Hash: (-630476809) Localized String: (Import to {0}...)
Localization Resource: (C:/Users/Bodoo/Documents/Programmieren/4.8/Engine/Content/Localization/Editor/en/Editor.locres) Source String Hash: (1271782899) Localized String: (Imports an asset from file to this folder.)
[2015.09.20-07.45.01:458][  0]LogD3D11RHI: Found D3D11 adapter 0: AMD Radeon HD 6800 Series (Feature Level 11_0)
[2015.09.20-07.45.01:458][  0]LogD3D11RHI: Adapter has 1011MB of dedicated video memory, 0MB of dedicated system memory, and 3840MB of shared system memory, 1 output[s]
[2015.09.20-07.45.01:460][  0]LogD3D11RHI: Found D3D11 adapter 1: Microsoft Basic Render Driver (Feature Level 11_0)
[2015.09.20-07.45.01:460][  0]LogD3D11RHI: Adapter has 0MB of dedicated video memory, 0MB of dedicated system memory, and 6135MB of shared system memory, 0 output[s]
[2015.09.20-07.45.01:460][  0]LogD3D11RHI: Chosen D3D11 Adapter Id = 0
[2015.09.20-07.45.01:463][  0]LogD3D11RHI: InitD3DDevice
[2015.09.20-07.45.01:463][  0]LogD3D11RHI: !Direct3DDevice
[2015.09.20-07.45.01:463][  0]LogRHI: Texture pool is 708 MB (70% of 1011 MB)
[2015.09.20-07.45.01:469][  0]LogD3D11RHI: Async texture creation disabled: no driver support
[2015.09.20-07.45.01:480][  0]LogShaderCompilers:Display: Using Local Shader Compiler.
[2015.09.20-07.45.22:171][  0]LogTemp:Display: Loaded TP DesktopTargetPlatform
[2015.09.20-07.45.22:188][  0]LogTemp:Display: Loaded TP WindowsClientTargetPlatform
[2015.09.20-07.45.22:204][  0]LogTemp:Display: Loaded TP WindowsNoEditorTargetPlatform
[2015.09.20-07.45.22:220][  0]LogTemp:Display: Loaded TP WindowsServerTargetPlatform
[2015.09.20-07.45.22:240][  0]LogTemp:Display: Loaded TP WindowsTargetPlatform
[2015.09.20-07.45.22:258][  0]LogTemp:Display: Loaded TP AndroidTargetPlatform
[2015.09.20-07.45.22:273][  0]LogTemp:Display: Loaded TP Android_ASTCTargetPlatform
[2015.09.20-07.45.22:288][  0]LogTemp:Display: Loaded TP Android_ATCTargetPlatform
[2015.09.20-07.45.22:303][  0]LogTemp:Display: Loaded TP Android_DXTTargetPlatform
[2015.09.20-07.45.22:317][  0]LogTemp:Display: Loaded TP Android_ETC1TargetPlatform
[2015.09.20-07.45.22:333][  0]LogTemp:Display: Loaded TP Android_ETC2TargetPlatform
[2015.09.20-07.45.22:348][  0]LogTemp:Display: Loaded TP Android_PVRTCTargetPlatform
[2015.09.20-07.45.22:560][  0]LogTemp:Display: Loaded TP IOSTargetPlatform
[2015.09.20-07.45.22:574][  0]LogTemp:Display: Loaded TP LinuxNoEditorTargetPlatform
[2015.09.20-07.45.22:588][  0]LogTemp:Display: Loaded TP LinuxServerTargetPlatform
[2015.09.20-07.45.22:646][  0]LogTemp:Display: Loaded TP LinuxTargetPlatform
[2015.09.20-07.45.22:646][  0]LogTargetPlatformManager:Display: Building Assets For Windows
[2015.09.20-07.45.24:076][  0]LogDerivedDataCache:Display: Max Cache Size: 512 MB
[2015.09.20-07.45.25:033][  0]LogDerivedDataCache: Loaded boot cache 0.96s 53MB C:/Users/Bodoo/AppData/Local/UnrealEngine/4.8/DerivedDataCache/Boot.ddc.
[2015.09.20-07.45.25:033][  0]LogDerivedDataCache:Display: Loaded Boot cache: C:/Users/Bodoo/AppData/Local/UnrealEngine/4.8/DerivedDataCache/Boot.ddc
[2015.09.20-07.45.25:061][  0]LogDerivedDataCache: FDerivedDataBackendGraph:  Pak pak cache file ../../../../Projekte/NotPartofTheGame/DerivedDataCache/DDC.ddp not found, will not use a pak cache.
[2015.09.20-07.45.25:061][  0]LogDerivedDataCache: Unable to find inner node Pak for hierarchical cache Hierarchy.
[2015.09.20-07.45.25:061][  0]LogDerivedDataCache: FDerivedDataBackendGraph:  CompressedPak pak cache file ../../../../Projekte/NotPartofTheGame/DerivedDataCache/Compressed.ddp not found, will not use a pak cache.
[2015.09.20-07.45.25:061][  0]LogDerivedDataCache: Unable to find inner node CompressedPak for hierarchical cache Hierarchy.
[2015.09.20-07.45.25:484][  0]LogDerivedDataCache:Display: Pak cache opened for reading ../../../Engine/DerivedDataCache/Compressed.ddp.
[2015.09.20-07.45.25:520][  0]LogDerivedDataCache: Using Local data cache path C:/Users/Bodoo/AppData/Local/UnrealEngine/Common/DerivedDataCache: Writable
[2015.09.20-07.46.01:503][  0]LogInit: Selected Device Profile: [Windows]
[2015.09.20-07.46.02:815][  0]ImportText (ComponentSweepMultiTests): Missing closing parenthesis: (RootShapeAsset="/Engine/BasicShapes/Cube.Cube",ShapeType="TriggerCapsule",HitResult=(Time=0.50,Location=(X=-100.000015,Y=0.0,Z=100.000015),ImpactPoint=(X=-50.0,Y=0.0,Z=50.0),Normal=(X=-1.0,Y=-0.0,Z=0.0),ImpactNormal=(X=0.0,Y=0.0,Z=1.0),TraceStart=(X=-200.0,Y=0.0,Z=200.0),TraceEnd=(X=0.0,Y=0.0,Z=0.0))
[2015.09.20-07.46.02:815][  0]ImportText (LineTraceSingleByChannelTests): Missing closing parenthesis: (RootShapeAsset="/Engine/BasicShapes/Cube.Cube",HitResult=(Time=0.50,Location=(X=-100.000015,Y=0.0,Z=100.000015),ImpactPoint=(X=-50.0,Y=0.0,Z=50.0),Normal=(X=-1.0,Y=-0.0,Z=0.0),ImpactNormal=(X=0.0,Y=0.0,Z=1.0),TraceStart=(X=-200.0,Y=0.0,Z=200.0),TraceEnd=(X=0.0,Y=0.0,Z=0.0))
[2015.09.20-07.46.03:169][  0]LogMeshUtilities: No automatic mesh reduction module available
[2015.09.20-07.46.03:169][  0]LogMeshUtilities: No automatic mesh merging module available
[2015.09.20-07.46.07:685][  0]LogInit: WinSock: version 1.1 (2.2), MaxSocks=32767, MaxUdp=65467
[2015.09.20-07.46.18:351][  0]LogAssetRegistry: FAssetRegistry took 0.0161 seconds to start up
[2015.09.20-07.46.18:408][  0]LogDirectoryWatcher:Warning: Failed to begin reading directory changes for ../../../Engine/Plugins/Experimental/CharacterAI/Content/. Error: 0
[2015.09.20-07.46.18:661][  0]UdpMessaging: Initializing bridge on interface 0.0.0.0:0 to multicast group 230.0.0.1:6666.
[2015.09.20-07.46.23:704][  0]SourceControl: Info Source control is disabled
[2015.09.20-07.46.24:039][  0]SourceControl: Info Source control is disabled
[2015.09.20-07.46.24:153][  0]SourceControl: Info Source control is disabled
[2015.09.20-07.46.24:206][  0]SourceControl: Info Source control is disabled
[2015.09.20-07.46.28:212][  0]LogObj: 26440 objects as part of root set at end of initial load.
[2015.09.20-07.46.28:213][  0]LogUObjectAllocator: 5438864 out of 0 bytes used by permanent object pool.
[2015.09.20-07.46.29:272][  0]LogEngine: Initializing Engine...
[2015.09.20-07.46.29:338][  0]LogHMD: Can't find Oculus library dev build: is proper Runtime installed? Version: 0.6.0.0
[2015.09.20-07.46.29:436][  0]LogHMD:Warning: SteamVR failed to initialize.  Error: 110
[2015.09.20-07.46.30:821][  0]LogAIModule: Creating AISystem for world NewWorld
[2015.09.20-07.46.31:019][  0]LogInit: XAudio2 using 'Lautsprecher (Realtek High Definition Audio)' : 2 channels at 48 kHz using 32 bits per sample (channel mask 0x3)
[2015.09.20-07.46.31:029][  0]LogInit: FAudioDevice initialized.
[2015.09.20-07.46.31:079][  0]LogDerivedDataCache: Saved boot cache 0.05s 53MB C:/Users/Bodoo/AppData/Local/UnrealEngine/4.8/DerivedDataCache/Boot.ddc.
[2015.09.20-07.46.31:147][  0]LogInit: Texture streaming: Disabled
[2015.09.20-07.46.31:224][  0]LogAnalytics: Creating configured Analytics provider AnalyticsET
[2015.09.20-07.46.31:360][  0]LogAnalytics: [UEEditor.Rocket.Release] APIServer = http://et2.epicgames.com/ET2/. AppVersion = 4.8.3-2634408+++depot+UE4-Releases+4.8
[2015.09.20-07.46.31:360][  0]LogAnalytics: [UEEditor.Rocket.Release] SetUserId 0359330b4a4de6cf49a2cc9879aa4f35||823e2c57-8ae8-4d61-a04c-15505c18bf02
[2015.09.20-07.46.31:361][  0]LogAnalytics: [UEEditor.Rocket.Release] AnalyticsET::StartSession
[2015.09.20-07.46.31:586][  0]LogInit: Transaction tracking system initialized
[2015.09.20-07.46.31:912][  0]BlueprintLog: New page: Editor Load
[2015.09.20-07.46.34:418][  0]LogLinker:Warning: Can't find file '/Game/PuzzleBP/PuzzleOverview'
[2015.09.20-07.46.34:418][  0]LogLinker:Warning: Can't find file '/Game/PuzzleBP/PuzzleOverview'
[2015.09.20-07.46.34:418][  0]LogLinker:Warning: Can't find file '/Game/PuzzleBP/PuzzleOverview'
[2015.09.20-07.46.34:418][  0]LogUObjectGlobals:Warning: Failed to find object 'Class /Game/PuzzleBP/PuzzleOverview.PuzzleOverview_C'
[2015.09.20-07.46.34:710][  0]LogConsoleManager:Warning: Console variable 'r.VSync' wasn't set ('GameSetting' has a lower priority than 'SystemSettingsIni')
[2015.09.20-07.46.34:710][  0]LogConsoleResponse:Display: 
[2015.09.20-07.46.37:389][  0]LogCook:Display: Done creating registry. It took  0.00s.
[2015.09.20-07.46.39:175][  0]SourceControl: Info Source control is disabled
[2015.09.20-07.46.39:353][  0]Cmd: MAP LOAD FILE="../../../../Projekte/NotPartofTheGame/Content/NPOTG/Maps/Testing_Level.umap" TEMPLATE=0 SHOWPROGRESS=1 FEATURELEVEL=3
[2015.09.20-07.46.39:507][  0]LightingResults: New page: Lighting Build
[2015.09.20-07.46.39:762][  0]MapCheck: New page: Map Check
[2015.09.20-07.46.39:762][  0]LightingResults: New page: Lighting Build
[2015.09.20-07.46.40:005][  0]LogParticles: Destroying 0 GPU particle simulations for FXSystem 0x000000900E612F20
[2015.09.20-07.46.48:646][  0]LogAIModule: Creating AISystem for world Testing_Level
[2015.09.20-07.46.48:653][  0]LogPrimitiveComponent: Zero scaling not supported (/Game/NPOTG/Maps/Testing_Level.Testing_Level:PersistentLevel.PlayerStart.CollisionCapsule)
[2015.09.20-07.46.49:114][  0]LogEditorServer: Finished looking for orphan Actors (0.000 secs)
[2015.09.20-07.46.49:146][  0]Cmd: MAP CHECKDEP NOCLEARLOG
[2015.09.20-07.46.49:237][  0]MapCheck: Info Map check complete: 0 Error(s), 0 Warning(s), took 90.184ms to complete.
[2015.09.20-07.46.49:237][  0]LogFileHelpers: Loading map 'Testing_Level' took 9.961
[2015.09.20-07.46.50:540][  0]LogCollectionManager: Loaded 0 collections in 0.002166 seconds
[2015.09.20-07.46.50:563][  0]LogContentBrowser: Native class hierarchy populated in 0.0221 seconds. Added 1807 classes and 307 folders.
[2015.09.20-07.46.50:810][  0]LogContentBrowser: Native class hierarchy updated for 'WidgetCarousel' in 0.0004 seconds. Added 0 classes and 0 folders.
[2015.09.20-07.46.51:106][  0]LogContentBrowser: Native class hierarchy updated for 'AddContentDialog' in 0.0003 seconds. Added 0 classes and 0 folders.
[2015.09.20-07.46.51:202][  0]LogContentBrowser: Native class hierarchy updated for 'SceneOutliner' in 0.0004 seconds. Added 1 classes and 2 folders.
[2015.09.20-07.46.51:704][  0]LogCrashTracker: Crashtracker disabled due to settings.
[2015.09.20-07.46.51:767][  0]LogD3D11RHI: InitD3DDevice
[2015.09.20-07.46.51:864][  0]LogUObjectGlobals:Warning: Failed to find object 'Class None.'
[2015.09.20-07.46.51:942][  0]LogLoad: Full Startup: 120.46 seconds (BP compile: 2.51 seconds)
[2015.09.20-07.46.53:118][  0]LogContentStreaming: Texture pool size is 0.000000MB
[2015.09.20-07.46.53:303][  0]LogContentStreaming: Texture pool size now 1000 MB
[2015.09.20-07.46.53:901][  0]LogRenderer: Reallocating scene render targets to support 1208x576 (Frame:2).
[2015.09.20-07.46.57:592][ 10]LogAssetRegistry: Asset discovery search completed in 39.2537 seconds
[2015.09.20-08.37.18:977][ 76]LogD3D11RHI: InitD3DDevice
[2015.09.20-08.37.30:811][706]LogD3D11RHI: InitD3DDevice
[2015.09.20-08.37.30:842][706]LogD3D11RHI: InitD3DDevice
[2015.09.20-08.37.30:883][706]LogLinker:Warning: Asset '../../../Engine/Content/ArtTools/RenderToTexture/Macros/RenderToTextureMacros.uasset' has been saved with empty engine version. The asset will be loaded but may be incompatible.
[2015.09.20-08.37.31:015][706]LogLinker:Warning: Asset '../../../Engine/Content/ArtTools/RenderToTexture/Enums/RenderToTexture_Enum.uasset' has been saved with empty engine version. The asset will be loaded but may be incompatible.
[2015.09.20-08.37.35:423][883]LogParticles: Destroying 0 GPU particle simulations for FXSystem 0x00000090107C96C0
[2015.09.20-08.37.35:424][883]LogParticles: Destroying 0 GPU particle simulations for FXSystem 0x000000900A203100
[2015.09.20-08.37.35:750][883]LogD3D11RHI: InitD3DDevice
[2015.09.20-08.37.36:697][883]LogD3D11RHI: InitD3DDevice
[2015.09.20-08.37.36:729][883]LogD3D11RHI: InitD3DDevice
[2015.09.20-08.37.36:750][883]LogD3D11RHI: InitD3DDevice
[2015.09.20-08.37.41:487][174]LogD3D11RHI: InitD3DDevice
[2015.09.20-08.37.41:521][174]LogD3D11RHI: InitD3DDevice
[2015.09.20-08.37.48:053][544]LogD3D11RHI: InitD3DDevice
[2015.09.20-08.37.48:084][544]LogD3D11RHI: InitD3DDevice
[2015.09.20-08.37.53:606][792]LogD3D11RHI: InitD3DDevice
[2015.09.20-08.38.01:423][230]LogD3D11RHI: InitD3DDevice
[2015.09.20-08.38.35:804][420]LogD3D11RHI: InitD3DDevice
[2015.09.20-08.38.39:027][639]LogD3D11RHI: InitD3DDevice
[2015.09.20-08.38.39:667][685]LogD3D11RHI: InitD3DDevice
[2015.09.20-08.38.43:162][865]LogD3D11RHI: InitD3DDevice
[2015.09.20-08.38.43:224][865]LogD3D11RHI: InitD3DDevice
[2015.09.20-08.38.45:927][ 56]LogD3D11RHI: InitD3DDevice
[2015.09.20-08.38.46:347][ 84]LogD3D11RHI: InitD3DDevice
[2015.09.20-08.38.53:580][462]LogD3D11RHI: InitD3DDevice
[2015.09.20-08.39.07:396][328]LogD3D11RHI: InitD3DDevice
[2015.09.20-08.39.07:417][328]LogD3D11RHI: InitD3DDevice
[2015.09.20-08.39.21:192][ 71]LogD3D11RHI: InitD3DDevice
[2015.09.20-08.39.50:138][553]LogD3D11RHI: InitD3DDevice
[2015.09.20-08.39.55:183][822]LogD3D11RHI: InitD3DDevice
[2015.09.20-08.39.59:169][ 56]LogD3D11RHI: InitD3DDevice
[2015.09.20-08.40.00:041][102]LogD3D11RHI: InitD3DDevice
[2015.09.20-08.40.04:791][361]LogD3D11RHI: InitD3DDevice
[2015.09.20-08.40.21:923][276]LogD3D11RHI: InitD3DDevice
[2015.09.20-08.40.23:084][347]LogD3D11RHI: InitD3DDevice
[2015.09.20-08.40.24:158][412]LogD3D11RHI: InitD3DDevice
[2015.09.20-08.40.25:151][472]LogD3D11RHI: InitD3DDevice
[2015.09.20-08.40.25:215][475]LogD3D11RHI: InitD3DDevice
[2015.09.20-08.40.27:461][595]LogD3D11RHI: InitD3DDevice
[2015.09.20-08.40.30:458][792]LogD3D11RHI: InitD3DDevice
[2015.09.20-08.40.52:924][995]LogD3D11RHI: InitD3DDevice
[2015.09.20-08.41.13:718][105]LogD3D11RHI: InitD3DDevice
[2015.09.20-08.41.16:248][221]LogD3D11RHI: InitD3DDevice
[2015.09.20-08.41.18:820][341]LogD3D11RHI: InitD3DDevice
[2015.09.20-08.41.21:532][469]LogD3D11RHI: InitD3DDevice
[2015.09.20-08.41.27:030][759]LogD3D11RHI: InitD3DDevice
[2015.09.20-08.41.34:366][180]LogD3D11RHI: InitD3DDevice
[2015.09.20-08.41.38:598][398]LogD3D11RHI: InitD3DDevice
[2015.09.20-08.41.41:203][537]LogD3D11RHI: InitD3DDevice
[2015.09.20-08.41.43:643][659]LogD3D11RHI: InitD3DDevice
[2015.09.20-08.41.51:782][ 82]LogD3D11RHI: InitD3DDevice
[2015.09.20-08.42.11:284][226]LogD3D11RHI: InitD3DDevice
[2015.09.20-08.42.20:222][842]LogD3D11RHI: InitD3DDevice
[2015.09.20-08.42.23:162][ 72]LogD3D11RHI: InitD3DDevice
[2015.09.20-08.42.23:997][150]LogD3D11RHI: InitD3DDevice
[2015.09.20-08.42.44:585][937]LogD3D11RHI: InitD3DDevice
[2015.09.20-08.42.47:266][160]LogD3D11RHI: InitD3DDevice
[2015.09.20-08.42.51:394][466]LogD3D11RHI: InitD3DDevice
[2015.09.20-08.42.57:446][859]LogD3D11RHI: InitD3DDevice
[2015.09.20-08.43.06:153][294]LogD3D11RHI: InitD3DDevice
[2015.09.20-08.43.16:029][990]LogD3D11RHI: InitD3DDevice
[2015.09.20-08.44.04:046][ 64]LogD3D11RHI: InitD3DDevice
[2015.09.20-08.44.07:773][310]LogD3D11RHI: InitD3DDevice
[2015.09.20-08.44.11:415][556]LogD3D11RHI: InitD3DDevice
[2015.09.20-08.44.15:252][804]LogD3D11RHI: InitD3DDevice
[2015.09.20-08.44.26:228][477]LogD3D11RHI: InitD3DDevice
[2015.09.20-08.44.27:305][576]LogD3D11RHI: InitD3DDevice
[2015.09.20-08.44.32:267][929]LogD3D11RHI: InitD3DDevice
[2015.09.20-08.44.33:011][980]LogD3D11RHI: InitD3DDevice
[2015.09.20-08.44.50:508][133]LogD3D11RHI: InitD3DDevice
[2015.09.20-08.44.51:276][185]LogD3D11RHI: InitD3DDevice
[2015.09.20-08.45.06:795][221]LogD3D11RHI: InitD3DDevice
[2015.09.20-08.45.08:717][409]LogD3D11RHI: InitD3DDevice
[2015.09.20-08.45.30:723][ 32]LogD3D11RHI: InitD3DDevice
[2015.09.20-08.45.36:006][397]LogD3D11RHI: InitD3DDevice
[2015.09.20-08.45.41:797][825]LogD3D11RHI: InitD3DDevice
[2015.09.20-08.45.46:368][118]LogD3D11RHI: InitD3DDevice
[2015.09.20-08.45.47:347][205]LogD3D11RHI: InitD3DDevice
[2015.09.20-08.45.50:992][466]LogD3D11RHI: InitD3DDevice
[2015.09.20-08.45.59:803][ 51]LogD3D11RHI: InitD3DDevice
[2015.09.20-08.46.02:167][239]LogD3D11RHI: InitD3DDevice
[2015.09.20-08.46.18:749][358]LogD3D11RHI: InitD3DDevice
[2015.09.20-08.46.24:621][702]BlueprintLog: New page: Compile Admin_Widget
[2015.09.20-08.46.24:853][702]LogParticles: Destroying 0 GPU particle simulations for FXSystem 0x000000907EF34C20
[2015.09.20-08.46.24:853][702]LogParticles: Destroying 0 GPU particle simulations for FXSystem 0x000000907CE465C0
[2015.09.20-08.46.25:610][702]LogParticles: Destroying 0 GPU particle simulations for FXSystem 0x000000907CE45A80
[2015.09.20-08.46.25:699][702]BlueprintEditorCompileResults: Info [3694.22] Compile of Admin_Widget successful! [in 1,077 ms]
[2015.09.20-08.46.30:644][965]LogD3D11RHI: InitD3DDevice
[2015.09.20-08.46.34:531][169]LogD3D11RHI: InitD3DDevice
[2015.09.20-08.46.40:725][470]LogParticles: Destroying 0 GPU particle simulations for FXSystem 0x000000907F3E7380
[2015.09.20-08.46.40:728][470]LogD3D11RHI: InitD3DDevice
[2015.09.20-08.46.42:046][470]LogD3D11RHI: InitD3DDevice
[2015.09.20-08.46.42:072][470]Cmd: OBJ SAVEPACKAGE PACKAGE="/Game/NPOTG/Blueprints/Charaktere/Markimoo" FILE="../../../../Projekte/NotPartofTheGame/Content/NPOTG/Blueprints/Charaktere/Markimoo.uasset" SILENT=true
[2015.09.20-08.46.42:470][470]LogSavePackage: Save=246.457550ms
[2015.09.20-08.46.42:471][470]LogSavePackage: Moving '../../../../Projekte/NotPartofTheGame/Saved/MarkimooF20BA52E466F11DBF1296E9913CD8308.tmp' to '../../../../Projekte/NotPartofTheGame/Content/NPOTG/Blueprints/Charaktere/Markimoo.uasset'
[2015.09.20-08.46.42:480][470]Cmd: OBJ SAVEPACKAGE PACKAGE="/Game/NPOTG/Blueprints/Widgets/Admin_Widget" FILE="../../../../Projekte/NotPartofTheGame/Content/NPOTG/Blueprints/Widgets/Admin_Widget.uasset" SILENT=true
[2015.09.20-08.46.42:574][470]LogSavePackage: Save=25.839743ms
[2015.09.20-08.46.42:574][470]LogSavePackage: Moving '../../../../Projekte/NotPartofTheGame/Saved/Admin_WidgetF45662954C817360781E9998DD0DBAF2.tmp' to '../../../../Projekte/NotPartofTheGame/Content/NPOTG/Blueprints/Widgets/Admin_Widget.uasset'
[2015.09.20-08.46.42:631][470]LogD3D11RHI: InitD3DDevice
[2015.09.20-08.46.43:366][470]LogSavePackage: Save=654.689636ms
[2015.09.20-08.46.43:366][470]LogSavePackage: Moving '../../../../Projekte/NotPartofTheGame/Saved/UEDPCTesting_Level066CEF324ECF607A65178F8F04739CA3.tmp' to '../../../../Projekte/NotPartofTheGame/Saved/Autosaves/Game/NPOTG/Maps/UEDPCTesting_Level.umap'
[2015.09.20-08.47.41:641][921]LogD3D11RHI: InitD3DDevice
[2015.09.20-08.47.41:669][921]LogD3D11RHI: InitD3DDevice
[2015.09.20-08.47.44:922][ 84]LogD3D11RHI: InitD3DDevice
[2015.09.20-08.47.50:199][377]BlueprintLog: New page: Compile Admin_Widget
[2015.09.20-08.47.50:343][377]BlueprintEditorCompileResults: Info [3778.86] Compile of Admin_Widget successful! [in 142 ms]
[2015.09.20-08.47.51:861][459]LogD3D11RHI: InitD3DDevice
[2015.09.20-08.47.51:884][459]Cmd: OBJ SAVEPACKAGE PACKAGE="/Game/NPOTG/Blueprints/Widgets/Admin_Widget" FILE="../../../../Projekte/NotPartofTheGame/Content/NPOTG/Blueprints/Widgets/Admin_Widget.uasset" SILENT=true
[2015.09.20-08.47.51:969][459]LogSavePackage: Save=27.349062ms
[2015.09.20-08.47.51:969][459]LogSavePackage: Moving '../../../../Projekte/NotPartofTheGame/Saved/Admin_Widget2624246A47C9F4EB6334EAAE28CB75AF.tmp' to '../../../../Projekte/NotPartofTheGame/Content/NPOTG/Blueprints/Widgets/Admin_Widget.uasset'
[2015.09.20-08.47.53:464][541]LogParticles: Destroying 0 GPU particle simulations for FXSystem 0x000000905D3DE980
[2015.09.20-08.47.53:522][541]LogD3D11RHI: InitD3DDevice
[2015.09.20-08.47.54:284][541]LogSavePackage: Save=675.565125ms
[2015.09.20-08.47.54:284][541]LogSavePackage: Moving '../../../../Projekte/NotPartofTheGame/Saved/UEDPCTesting_Level104136AF450CF3EDE4D26A996F912A8D.tmp' to '../../../../Projekte/NotPartofTheGame/Saved/Autosaves/Game/NPOTG/Maps/UEDPCTesting_Level.umap'
[2015.09.20-08.48.36:191][278]LogD3D11RHI: InitD3DDevice
[2015.09.20-08.48.36:215][278]LogD3D11RHI: InitD3DDevice
[2015.09.20-08.48.59:716][970]LogD3D11RHI: InitD3DDevice
[2015.09.20-08.48.59:734][970]LogD3D11RHI: InitD3DDevice
[2015.09.20-08.49.09:177][530]LogD3D11RHI: InitD3DDevice
[2015.09.20-08.49.09:197][530]LogD3D11RHI: InitD3DDevice
[2015.09.20-08.49.17:275][ 30]LogD3D11RHI: InitD3DDevice
[2015.09.20-08.49.17:296][ 30]LogD3D11RHI: InitD3DDevice
[2015.09.20-08.49.19:741][153]LogD3D11RHI: InitD3DDevice
[2015.09.20-08.49.45:447][886]LogD3D11RHI: InitD3DDevice
[2015.09.20-08.49.46:111][933]LogD3D11RHI: InitD3DDevice
[2015.09.20-08.50.13:908][266]LogD3D11RHI: InitD3DDevice
[2015.09.20-08.50.17:509][465]LogD3D11RHI: InitD3DDevice
[2015.09.20-08.50.19:974][617]LogParticles: Destroying 0 GPU particle simulations for FXSystem 0x000000907F692020
[2015.09.20-08.50.19:974][617]LogParticles: Destroying 0 GPU particle simulations for FXSystem 0x000000907F691E40
[2015.09.20-08.50.19:975][617]LogParticles: Destroying 0 GPU particle simulations for FXSystem 0x000000907F8293A0
[2015.09.20-08.50.19:976][617]LogParticles: Destroying 0 GPU particle simulations for FXSystem 0x000000905DB2A2A0
[2015.09.20-08.50.20:012][617]LogD3D11RHI: InitD3DDevice
[2015.09.20-08.50.20:030][617]Cmd: OBJ SAVEPACKAGE PACKAGE="/Game/NPOTG/Blueprints/Charaktere/Markimoo" FILE="../../../../Projekte/NotPartofTheGame/Content/NPOTG/Blueprints/Charaktere/Markimoo.uasset" SILENT=true
[2015.09.20-08.50.20:337][617]LogSavePackage: Save=251.370529ms
[2015.09.20-08.50.20:337][617]LogSavePackage: Moving '../../../../Projekte/NotPartofTheGame/Saved/MarkimooA6820DB94E531F8B6E20CC93229C4304.tmp' to '../../../../Projekte/NotPartofTheGame/Content/NPOTG/Blueprints/Charaktere/Markimoo.uasset'
[2015.09.20-08.50.20:348][617]Cmd: OBJ SAVEPACKAGE PACKAGE="/Game/NPOTG/Blueprints/Charaktere/wolf" FILE="../../../../Projekte/NotPartofTheGame/Content/NPOTG/Blueprints/Charaktere/wolf.uasset" SILENT=true
[2015.09.20-08.50.20:651][617]LogSavePackage: Save=220.603180ms
[2015.09.20-08.50.20:651][617]LogSavePackage: Moving '../../../../Projekte/NotPartofTheGame/Saved/wolfFB7974C749E5AA8F8006BD9E31DB23EB.tmp' to '../../../../Projekte/NotPartofTheGame/Content/NPOTG/Blueprints/Charaktere/wolf.uasset'
[2015.09.20-08.50.28:182][ 61]LogD3D11RHI: InitD3DDevice
[2015.09.20-08.50.28:632][ 87]LogD3D11RHI: InitD3DDevice
[2015.09.20-08.50.36:714][535]LogD3D11RHI: InitD3DDevice
[2015.09.20-08.50.39:206][691]LogD3D11RHI: InitD3DDevice
[2015.09.20-08.50.40:126][751]LogD3D11RHI: InitD3DDevice
[2015.09.20-08.50.53:825][543]LogD3D11RHI: InitD3DDevice
[2015.09.20-08.50.55:628][660]LogD3D11RHI: InitD3DDevice
[2015.09.20-08.50.57:298][769]LogD3D11RHI: InitD3DDevice
[2015.09.20-08.51.06:523][384]LogD3D11RHI: InitD3DDevice
[2015.09.20-08.51.07:089][427]LogD3D11RHI: InitD3DDevice
[2015.09.20-08.51.12:130][685]LogD3D11RHI: InitD3DDevice
[2015.09.20-08.51.12:589][713]LogD3D11RHI: InitD3DDevice
[2015.09.20-08.51.18:058][ 33]LogD3D11RHI: InitD3DDevice
[2015.09.20-08.51.18:759][ 81]LogD3D11RHI: InitD3DDevice
[2015.09.20-08.51.25:397][484]LogD3D11RHI: InitD3DDevice
[2015.09.20-08.51.27:597][644]LogD3D11RHI: InitD3DDevice
[2015.09.20-08.51.30:414][832]LogD3D11RHI: InitD3DDevice
[2015.09.20-08.51.30:427][832]Cmd: OBJ SAVEPACKAGE PACKAGE="/Game/NPOTG/Blueprints/Charaktere/wolf" FILE="../../../../Projekte/NotPartofTheGame/Content/NPOTG/Blueprints/Charaktere/wolf.uasset" SILENT=true
[2015.09.20-08.51.30:681][832]LogSavePackage: Save=197.864502ms
[2015.09.20-08.51.30:681][832]LogSavePackage: Moving '../../../../Projekte/NotPartofTheGame/Saved/wolf4D3AA20F4F4BC40456E0829657781990.tmp' to '../../../../Projekte/NotPartofTheGame/Content/NPOTG/Blueprints/Charaktere/wolf.uasset'
[2015.09.20-08.51.33:424][989]LogActorComponent: UnregisterComponent: (/Engine/Transient.EditorFloorComp) Not registered. Aborting.
[2015.09.20-08.51.37:320][218]LogD3D11RHI: InitD3DDevice
[2015.09.20-08.51.37:346][218]LogD3D11RHI: InitD3DDevice
[2015.09.20-08.51.47:127][846]LogD3D11RHI: InitD3DDevice
[2015.09.20-08.51.47:705][884]LogD3D11RHI: InitD3DDevice
[2015.09.20-08.51.51:659][104]LogD3D11RHI: InitD3DDevice
[2015.09.20-08.51.52:441][163]LogD3D11RHI: InitD3DDevice
[2015.09.20-08.52.04:936][953]LogD3D11RHI: InitD3DDevice
[2015.09.20-08.52.05:225][974]LogD3D11RHI: InitD3DDevice
[2015.09.20-08.52.08:878][201]LogD3D11RHI: InitD3DDevice
[2015.09.20-08.52.09:479][250]LogD3D11RHI: InitD3DDevice
[2015.09.20-08.52.16:963][760]LogD3D11RHI: InitD3DDevice
[2015.09.20-08.52.17:281][785]LogD3D11RHI: InitD3DDevice
[2015.09.20-08.52.23:141][198]LogD3D11RHI: InitD3DDevice
[2015.09.20-08.52.23:952][260]LogD3D11RHI: InitD3DDevice
[2015.09.20-08.52.29:685][639]LogD3D11RHI: InitD3DDevice
[2015.09.20-08.52.31:537][766]LogD3D11RHI: InitD3DDevice
[2015.09.20-08.52.33:070][867]LogD3D11RHI: InitD3DDevice
[2015.09.20-08.52.34:903][987]LogParticles: Destroying 0 GPU particle simulations for FXSystem 0x000000907F18A8E0
[2015.09.20-08.52.34:924][987]LogD3D11RHI: InitD3DDevice
[2015.09.20-08.52.34:941][987]Cmd: OBJ SAVEPACKAGE PACKAGE="/Game/NPOTG/Blueprints/Widgets/Admin_Widget" FILE="../../../../Projekte/NotPartofTheGame/Content/NPOTG/Blueprints/Widgets/Admin_Widget.uasset" SILENT=true
[2015.09.20-08.52.35:036][987]LogSavePackage: Save=36.145287ms
[2015.09.20-08.52.35:036][987]LogSavePackage: Moving '../../../../Projekte/NotPartofTheGame/Saved/Admin_WidgetE2831B7142A8F14C6A068ABD396C2821.tmp' to '../../../../Projekte/NotPartofTheGame/Content/NPOTG/Blueprints/Widgets/Admin_Widget.uasset'
[2015.09.20-08.52.36:533][ 74]BlueprintLog: New page: Compile Admin_Widget
[2015.09.20-08.52.36:560][ 74]LogBlueprint:Warning: [compiler Admin_Widget] Warning Could not find a variable named "Z" in 'Markimoo_C'.
Make sure 'Markimoo_C' has been compiled for  Get Z 
[2015.09.20-08.52.36:560][ 74]LogBlueprint:Warning: [compiler Admin_Widget] Warning Could not find a variable named "X" in 'Markimoo_C'.
Make sure 'Markimoo_C' has been compiled for  Get X 
[2015.09.20-08.52.36:561][ 74]LogBlueprint:Error: [compiler Admin_Widget] Error The property associated with  Z  could not be found
[2015.09.20-08.52.36:561][ 74]LogBlueprint:Error: [compiler Admin_Widget] Error The property associated with  X  could not be found
[2015.09.20-08.52.36:725][ 74]LogBlueprint:Warning: [compiler Admin_Widget] Warning [4065.25] Compile of Admin_Widget failed. 2 Fatal Issue(s) 2 Warning(s) [in 191 ms]
[2015.09.20-08.52.36:725][ 74]BlueprintEditorCompileResults:Warning: Warning Could not find a variable named "Z" in 'Markimoo_C'.
Make sure 'Markimoo_C' has been compiled for  Get Z 
[2015.09.20-08.52.36:725][ 74]BlueprintEditorCompileResults:Warning: Warning Could not find a variable named "X" in 'Markimoo_C'.
Make sure 'Markimoo_C' has been compiled for  Get X 
[2015.09.20-08.52.36:725][ 74]BlueprintEditorCompileResults:Error: Error The property associated with  Z  could not be found
[2015.09.20-08.52.36:725][ 74]BlueprintEditorCompileResults:Error: Error The property associated with  X  could not be found
[2015.09.20-08.52.36:725][ 74]BlueprintEditorCompileResults:Warning: Warning [4065.25] Compile of Admin_Widget failed. 2 Fatal Issue(s) 2 Warning(s) [in 191 ms]
[2015.09.20-08.52.54:544][179]LogD3D11RHI: InitD3DDevice
[2015.09.20-08.52.54:557][179]LogD3D11RHI: InitD3DDevice
[2015.09.20-08.52.57:169][304]BlueprintLog: New page: Compile Markimoo
[2015.09.20-08.52.57:408][304]LogBlueprint:Error: [compiler wolf] Error The type of  Object  is undetermined.  Connect something to  Cast To Markimoo  to imply a specific type.
[2015.09.20-08.52.57:408][304]LogBlueprint:Error: [compiler wolf] Error The type of  Object  is undetermined.  Connect something to  Cast To Markimoo  to imply a specific type.
[2015.09.20-08.52.57:408][304]LogBlueprint:Error: [compiler wolf] Error The current value of the ' Object ' pin is invalid: Unsupported type Wildcard on pin Object
[2015.09.20-08.52.57:410][304]LogBlueprint:Error: [compiler wolf] Error The current value of the ' Object ' pin is invalid: Unsupported type Wildcard on pin Object
[2015.09.20-08.52.57:472][304]LogParticles: Destroying 0 GPU particle simulations for FXSystem 0x000000906BE17F60
[2015.09.20-08.52.57:566][304]LogParticles: Destroying 0 GPU particle simulations for FXSystem 0x000000906BE16B60
[2015.09.20-08.52.58:360][304]BlueprintEditorCompileResults: Info [4086.88] Compile of Markimoo successful! [in 1,190 ms]
[2015.09.20-08.53.07:307][820]LogD3D11RHI: InitD3DDevice
[2015.09.20-08.53.07:327][820]LogD3D11RHI: InitD3DDevice
[2015.09.20-08.53.10:347][978]BlueprintLog: New page: Compile Admin_Widget
[2015.09.20-08.53.10:461][978]LogParticles: Destroying 0 GPU particle simulations for FXSystem 0x000000907F8298A0
[2015.09.20-08.53.10:495][978]BlueprintEditorCompileResults: Info [4099.02] Compile of Admin_Widget successful! [in 148 ms]
[2015.09.20-08.53.13:712][155]LogParticles: Destroying 0 GPU particle simulations for FXSystem 0x000000904F1B2840
[2015.09.20-08.53.13:733][155]LogParticles: Destroying 0 GPU particle simulations for FXSystem 0x000000904F1B3920
[2015.09.20-08.53.13:735][155]LogD3D11RHI: InitD3DDevice
[2015.09.20-08.53.14:863][155]LogD3D11RHI: InitD3DDevice
[2015.09.20-08.53.14:890][155]Cmd: OBJ SAVEPACKAGE PACKAGE="/Game/NPOTG/Blueprints/Widgets/Admin_Widget" FILE="../../../../Projekte/NotPartofTheGame/Content/NPOTG/Blueprints/Widgets/Admin_Widget.uasset" SILENT=true
[2015.09.20-08.53.14:983][155]LogSavePackage: Save=35.385185ms
[2015.09.20-08.53.14:983][155]LogSavePackage: Moving '../../../../Projekte/NotPartofTheGame/Saved/Admin_Widget7024545A4BEE2EB71C864DBADEC294F7.tmp' to '../../../../Projekte/NotPartofTheGame/Content/NPOTG/Blueprints/Widgets/Admin_Widget.uasset'
[2015.09.20-08.53.15:031][155]LogD3D11RHI: InitD3DDevice
[2015.09.20-08.53.15:771][155]LogSavePackage: Save=653.003052ms
[2015.09.20-08.53.15:771][155]LogSavePackage: Moving '../../../../Projekte/NotPartofTheGame/Saved/UEDPCTesting_Level5785F2BC4F3B34F12F1CE1A697214052.tmp' to '../../../../Projekte/NotPartofTheGame/Saved/Autosaves/Game/NPOTG/Maps/UEDPCTesting_Level.umap'
[2015.09.20-08.53.35:699][487]LogD3D11RHI: InitD3DDevice
[2015.09.20-08.53.35:727][487]LogD3D11RHI: InitD3DDevice
[2015.09.20-08.53.39:077][652]LogD3D11RHI: InitD3DDevice
[2015.09.20-08.53.42:590][836]LogD3D11RHI: InitD3DDevice
[2015.09.20-08.53.48:498][159]LogD3D11RHI: InitD3DDevice
[2015.09.20-08.53.51:148][307]BlueprintLog: New page: Compile Admin_Widget
[2015.09.20-08.53.51:532][307]BlueprintEditorCompileResults: Info [4140.05] Compile of Admin_Widget successful! [in 383 ms]
[2015.09.20-08.53.52:215][343]LogD3D11RHI: InitD3DDevice
[2015.09.20-08.53.52:239][343]Cmd: OBJ SAVEPACKAGE PACKAGE="/Game/NPOTG/Blueprints/Widgets/Admin_Widget" FILE="../../../../Projekte/NotPartofTheGame/Content/NPOTG/Blueprints/Widgets/Admin_Widget.uasset" SILENT=true
[2015.09.20-08.53.52:335][343]LogSavePackage: Save=38.362457ms
[2015.09.20-08.53.52:335][343]LogSavePackage: Moving '../../../../Projekte/NotPartofTheGame/Saved/Admin_WidgetCE6A2FB7467C7BC04A6B9B886709F561.tmp' to '../../../../Projekte/NotPartofTheGame/Content/NPOTG/Blueprints/Widgets/Admin_Widget.uasset'
[2015.09.20-08.53.54:493][450]LogParticles: Destroying 0 GPU particle simulations for FXSystem 0x0000009012DF7EC0
[2015.09.20-08.53.54:556][450]LogD3D11RHI: InitD3DDevice
[2015.09.20-08.53.55:278][450]LogSavePackage: Save=646.961731ms
[2015.09.20-08.53.55:278][450]LogSavePackage: Moving '../../../../Projekte/NotPartofTheGame/Saved/UEDPCTesting_Level31F836AE47C6F325720950BDF2F86456.tmp' to '../../../../Projekte/NotPartofTheGame/Saved/Autosaves/Game/NPOTG/Maps/UEDPCTesting_Level.umap'
[2015.09.20-08.54.28:538][ 49]LogD3D11RHI: InitD3DDevice
[2015.09.20-08.54.28:554][ 49]LogD3D11RHI: InitD3DDevice
[2015.09.20-08.54.31:904][226]LogD3D11RHI: InitD3DDevice
[2015.09.20-08.54.38:242][549]LogD3D11RHI: InitD3DDevice
[2015.09.20-08.54.41:100][736]BlueprintLog: New page: Compile wolf
[2015.09.20-08.54.41:190][736]LogBlueprint:Error: [compiler wolf] Error The type of  Object  is undetermined.  Connect something to  Cast To Markimoo  to imply a specific type.
[2015.09.20-08.54.41:192][736]LogBlueprint:Error: [compiler wolf] Error The current value of the ' Object ' pin is invalid: Unsupported type Wildcard on pin Object
[2015.09.20-08.54.41:388][736]LogBlueprint:Warning: [compiler wolf] Warning [4189.91] Compile of wolf failed. 2 Fatal Issue(s) 0 Warning(s) [in 287 ms]
[2015.09.20-08.54.41:389][736]BlueprintEditorCompileResults:Error: Error The type of  Object  is undetermined.  Connect something to  Cast To Markimoo  to imply a specific type.
[2015.09.20-08.54.41:389][736]BlueprintEditorCompileResults:Error: Error The current value of the ' Object ' pin is invalid: Unsupported type Wildcard on pin Object
[2015.09.20-08.54.41:389][736]BlueprintEditorCompileResults:Warning: Warning [4189.91] Compile of wolf failed. 2 Fatal Issue(s) 0 Warning(s) [in 287 ms]
[2015.09.20-08.54.44:402][906]LogD3D11RHI: InitD3DDevice
[2015.09.20-08.54.49:406][121]LogD3D11RHI: InitD3DDevice
[2015.09.20-08.54.51:915][271]BlueprintLog: New page: Compile wolf
[2015.09.20-08.54.52:140][271]BlueprintEditorCompileResults: Info [4200.66] Compile of wolf successful! [in 224 ms]
[2015.09.20-08.54.53:075][323]LogD3D11RHI: InitD3DDevice
[2015.09.20-08.54.53:089][323]Cmd: OBJ SAVEPACKAGE PACKAGE="/Game/NPOTG/Blueprints/Charaktere/wolf" FILE="../../../../Projekte/NotPartofTheGame/Content/NPOTG/Blueprints/Charaktere/wolf.uasset" SILENT=true
[2015.09.20-08.54.53:361][323]LogSavePackage: Save=213.636612ms
[2015.09.20-08.54.53:361][323]LogSavePackage: Moving '../../../../Projekte/NotPartofTheGame/Saved/wolf1733CB36461A83964E9E2699741028CD.tmp' to '../../../../Projekte/NotPartofTheGame/Content/NPOTG/Blueprints/Charaktere/wolf.uasset'
[2015.09.20-08.54.54:157][358]LogD3D11RHI: InitD3DDevice
[2015.09.20-08.54.54:907][358]LogSavePackage: Save=676.662964ms
[2015.09.20-08.54.54:907][358]LogSavePackage: Moving '../../../../Projekte/NotPartofTheGame/Saved/UEDPCTesting_Level7F934B5448E2F8E7E3F285AF6B3238CE.tmp' to '../../../../Projekte/NotPartofTheGame/Saved/Autosaves/Game/NPOTG/Maps/UEDPCTesting_Level.umap'
[2015.09.20-08.55.16:444][575]LogD3D11RHI: InitD3DDevice
[2015.09.20-08.55.21:050][642]LogD3D11RHI: InitD3DDevice
[2015.09.20-08.55.21:797][642]LogSavePackage: Save=666.747131ms
[2015.09.20-08.55.21:797][642]LogSavePackage: Moving '../../../../Projekte/NotPartofTheGame/Saved/UEDPCTesting_Level288D12D14B80BE0D2355F7937937D789.tmp' to '../../../../Projekte/NotPartofTheGame/Saved/Autosaves/Game/NPOTG/Maps/UEDPCTesting_Level.umap'
[2015.09.20-08.55.38:408][813]LogD3D11RHI: InitD3DDevice
[2015.09.20-08.55.39:326][813]LogSavePackage: Save=689.786560ms
[2015.09.20-08.55.39:326][813]LogSavePackage: Moving '../../../../Projekte/NotPartofTheGame/Saved/Testing_Level_Auto1881EED464D1DBB0D40495DAB2B2F8492.tmp' to '../../../../Projekte/NotPartofTheGame/Saved/Autosaves/Game/NPOTG/Maps/Testing_Level_Auto1.umap'
[2015.09.20-08.55.39:330][813]LogFileHelpers: Editor autosave (incl. sublevels) for '/Game/NPOTG/Maps/Testing_Level' took 0.804
[2015.09.20-08.55.39:330][813]LogFileHelpers: Editor autosave (incl. sublevels) for all levels took 0.804
[2015.09.20-08.55.41:627][880]LogD3D11RHI: InitD3DDevice
[2015.09.20-08.55.42:381][880]LogSavePackage: Save=668.980774ms
[2015.09.20-08.55.42:381][880]LogSavePackage: Moving '../../../../Projekte/NotPartofTheGame/Saved/UEDPCTesting_Level78B74FEE4A486D7CAFC88AAF7BD0969A.tmp' to '../../../../Projekte/NotPartofTheGame/Saved/Autosaves/Game/NPOTG/Maps/UEDPCTesting_Level.umap'
[2015.09.20-08.56.23:612][766]LogD3D11RHI: InitD3DDevice
[2015.09.20-08.56.29:455][155]LogD3D11RHI: InitD3DDevice
[2015.09.20-08.56.30:555][155]LogD3D11RHI: InitD3DDevice
[2015.09.20-08.56.30:568][155]Cmd: OBJ SAVEPACKAGE PACKAGE="/Game/NPOTG/Blueprints/Charaktere/wolf" FILE="../../../../Projekte/NotPartofTheGame/Content/NPOTG/Blueprints/Charaktere/wolf.uasset" SILENT=true
[2015.09.20-08.56.30:834][155]LogSavePackage: Save=206.661972ms
[2015.09.20-08.56.30:834][155]LogSavePackage: Moving '../../../../Projekte/NotPartofTheGame/Saved/wolfAE52D5B44FDA6B60DA6D4CAF37096735.tmp' to '../../../../Projekte/NotPartofTheGame/Content/NPOTG/Blueprints/Charaktere/wolf.uasset'
[2015.09.20-08.56.30:882][155]LogD3D11RHI: InitD3DDevice
[2015.09.20-08.56.31:612][155]LogSavePackage: Save=653.242554ms
[2015.09.20-08.56.31:612][155]LogSavePackage: Moving '../../../../Projekte/NotPartofTheGame/Saved/UEDPCTesting_LevelD6683FEE4D69C74B5EEC8F9A585A0AA7.tmp' to '../../../../Projekte/NotPartofTheGame/Saved/Autosaves/Game/NPOTG/Maps/UEDPCTesting_Level.umap'
[2015.09.20-08.57.14:511][703]LogD3D11RHI: InitD3DDevice
[2015.09.20-08.57.26:300][616]LogD3D11RHI: InitD3DDevice
[2015.09.20-08.57.26:595][635]LogD3D11RHI: InitD3DDevice
[2015.09.20-08.57.34:126][  2]LogD3D11RHI: InitD3DDevice
[2015.09.20-08.57.37:516][248]LogD3D11RHI: InitD3DDevice
[2015.09.20-08.57.37:863][267]LogD3D11RHI: InitD3DDevice
[2015.09.20-08.57.43:497][594]LogD3D11RHI: InitD3DDevice
[2015.09.20-08.57.44:760][689]LogD3D11RHI: InitD3DDevice
[2015.09.20-08.57.49:159][960]LogD3D11RHI: InitD3DDevice
[2015.09.20-08.57.50:444][ 48]LogD3D11RHI: InitD3DDevice
[2015.09.20-08.57.51:711][136]LogD3D11RHI: InitD3DDevice
[2015.09.20-08.57.53:535][256]BlueprintLog: New page: Compile wolf
[2015.09.20-08.57.53:759][256]BlueprintEditorCompileResults: Info [4382.28] Compile of wolf successful! [in 223 ms]
[2015.09.20-08.57.55:638][364]LogD3D11RHI: InitD3DDevice
[2015.09.20-08.57.56:841][364]LogD3D11RHI: InitD3DDevice
[2015.09.20-08.57.56:867][364]Cmd: OBJ SAVEPACKAGE PACKAGE="/Game/NPOTG/Blueprints/Charaktere/wolf" FILE="../../../../Projekte/NotPartofTheGame/Content/NPOTG/Blueprints/Charaktere/wolf.uasset" SILENT=true
[2015.09.20-08.57.57:131][364]LogSavePackage: Save=207.358307ms
[2015.09.20-08.57.57:131][364]LogSavePackage: Moving '../../../../Projekte/NotPartofTheGame/Saved/wolf6264E6F6457FAFC805C3D4A2CAA60D96.tmp' to '../../../../Projekte/NotPartofTheGame/Content/NPOTG/Blueprints/Charaktere/wolf.uasset'
[2015.09.20-08.57.57:180][364]LogD3D11RHI: InitD3DDevice
[2015.09.20-08.57.57:899][364]LogSavePackage: Save=643.405090ms
[2015.09.20-08.57.57:899][364]LogSavePackage: Moving '../../../../Projekte/NotPartofTheGame/Saved/UEDPCTesting_LevelD9A811794B2CFE4460A9B7AACC332161.tmp' to '../../../../Projekte/NotPartofTheGame/Saved/Autosaves/Game/NPOTG/Maps/UEDPCTesting_Level.umap'
[2015.09.20-08.58.58:591][434]LogD3D11RHI: InitD3DDevice
[2015.09.20-08.59.01:079][610]LogD3D11RHI: InitD3DDevice
[2015.09.20-08.59.02:180][610]LogD3D11RHI: InitD3DDevice
[2015.09.20-08.59.02:198][610]Cmd: OBJ SAVEPACKAGE PACKAGE="/Game/NPOTG/Blueprints/Charaktere/wolf" FILE="../../../../Projekte/NotPartofTheGame/Content/NPOTG/Blueprints/Charaktere/wolf.uasset" SILENT=true
[2015.09.20-08.59.02:460][610]LogSavePackage: Save=205.163223ms
[2015.09.20-08.59.02:460][610]LogSavePackage: Moving '../../../../Projekte/NotPartofTheGame/Saved/wolfD75A147E4A83ECC87FF0129CB1B9CA18.tmp' to '../../../../Projekte/NotPartofTheGame/Content/NPOTG/Blueprints/Charaktere/wolf.uasset'
[2015.09.20-08.59.02:508][610]LogD3D11RHI: InitD3DDevice
[2015.09.20-08.59.03:238][610]LogSavePackage: Save=648.315247ms
[2015.09.20-08.59.03:238][610]LogSavePackage: Moving '../../../../Projekte/NotPartofTheGame/Saved/UEDPCTesting_LevelE880AFF14F533C8D53B7F5BE6F3401AD.tmp' to '../../../../Projekte/NotPartofTheGame/Saved/Autosaves/Game/NPOTG/Maps/UEDPCTesting_Level.umap'
[2015.09.20-08.59.46:330][934]LogD3D11RHI: InitD3DDevice
[2015.09.20-08.59.47:070][934]LogSavePackage: Save=666.147827ms
[2015.09.20-08.59.47:070][934]LogSavePackage: Moving '../../../../Projekte/NotPartofTheGame/Saved/UEDPCTesting_Level14F640AD4193CAE2A63E79AC149EA340.tmp' to '../../../../Projekte/NotPartofTheGame/Saved/Autosaves/Game/NPOTG/Maps/UEDPCTesting_Level.umap'
[2015.09.20-09.00.35:337][737]LogD3D11RHI: InitD3DDevice
[2015.09.20-09.01.24:389][ 27]LogD3D11RHI: InitD3DDevice
[2015.09.20-09.01.50:265][803]LogD3D11RHI: InitD3DDevice
[2015.09.20-09.01.53:126][ 15]LogD3D11RHI: InitD3DDevice
[2015.09.20-09.01.55:335][156]LogD3D11RHI: InitD3DDevice
[2015.09.20-09.01.56:614][156]LogD3D11RHI: InitD3DDevice
[2015.09.20-09.01.56:643][156]Cmd: OBJ SAVEPACKAGE PACKAGE="/Game/NPOTG/Blueprints/Charaktere/wolf" FILE="../../../../Projekte/NotPartofTheGame/Content/NPOTG/Blueprints/Charaktere/wolf.uasset" SILENT=true
[2015.09.20-09.01.56:888][156]LogSavePackage: Save=185.177887ms
[2015.09.20-09.01.56:888][156]LogSavePackage: Moving '../../../../Projekte/NotPartofTheGame/Saved/wolf0630EE884628C1D3C534D2B4D6EC0809.tmp' to '../../../../Projekte/NotPartofTheGame/Content/NPOTG/Blueprints/Charaktere/wolf.uasset'
[2015.09.20-09.01.56:937][156]LogD3D11RHI: InitD3DDevice
[2015.09.20-09.01.57:667][156]LogSavePackage: Save=651.771484ms
[2015.09.20-09.01.57:667][156]LogSavePackage: Moving '../../../../Projekte/NotPartofTheGame/Saved/UEDPCTesting_LevelC655BAB34980539708AD3CAD17956C7F.tmp' to '../../../../Projekte/NotPartofTheGame/Saved/Autosaves/Game/NPOTG/Maps/UEDPCTesting_Level.umap'
[2015.09.20-09.02.51:631][948]LogD3D11RHI: InitD3DDevice
[2015.09.20-09.02.51:656][948]LogD3D11RHI: InitD3DDevice
[2015.09.20-09.03.34:403][429]LogD3D11RHI: InitD3DDevice
[2015.09.20-09.03.34:423][429]LogD3D11RHI: InitD3DDevice
[2015.09.20-09.04.26:988][925]LogD3D11RHI: InitD3DDevice
[2015.09.20-09.04.42:990][ 71]LogD3D11RHI: InitD3DDevice
[2015.09.20-09.04.43:547][106]LogD3D11RHI: InitD3DDevice
[2015.09.20-09.05.18:783][650]LogD3D11RHI: InitD3DDevice
[2015.09.20-09.05.19:366][688]LogD3D11RHI: InitD3DDevice
[2015.09.20-09.07.35:308][461]LogProperty:Warning: Illegal TEXT reference to a private object in external package (EdGraphPin /Game/NPOTG/Blueprints/Charaktere/Markimoo.Markimoo:EventGraph.K2Node_Knot_5.EdGraphPin_4714) from referencer (EdGraphPin /Game/NPOTG/Blueprints/Charaktere/wolf.wolf:EventGraph.K2Node_CallFunction_9507.EdGraphPin_5761).  Import failed...
[2015.09.20-09.07.35:308][461]LogProperty:Warning: ObjectProperty /Script/Engine.EdGraphPin:LinkedTo.LinkedTo: unresolved reference to 'EdGraphPin'K2Node_Knot_5.EdGraphPin_4714''
[2015.09.20-09.07.35:309][461]LogUObjectHash:Warning: Ambiguous search, could be K2Node_VariableSet /Game/NPOTG/Blueprints/Charaktere/Markimoo.Markimoo:EventGraph.K2Node_VariableSet_731 or K2Node_VariableSet /Engine/Transient.PROTO_BP_Blueprint_0:UserConstructionScript.K2Node_VariableSet_731
[2015.09.20-09.07.35:309][461]LogUObjectHash:Warning: Ambiguous search, could be K2Node_VariableSet /Game/NPOTG/Blueprints/Charaktere/Markimoo.Markimoo:EventGraph.K2Node_VariableSet_731 or K2Node_VariableSet /Game/NPOTG/Blueprints/Charaktere/wolf.wolf:EventGraph.K2Node_VariableSet_731
[2015.09.20-09.07.35:309][461]LogProperty:Warning: Illegal TEXT reference to a private object in external package (EdGraphPin /Game/NPOTG/Blueprints/Charaktere/Markimoo.Markimoo:EventGraph.K2Node_VariableSet_731.EdGraphPin_4437) from referencer (EdGraphPin /Game/NPOTG/Blueprints/Charaktere/wolf.wolf:EventGraph.K2Node_CallFunction_9507.EdGraphPin_5762).  Import failed...
[2015.09.20-09.07.35:309][461]LogProperty:Warning: ObjectProperty /Script/Engine.EdGraphPin:LinkedTo.LinkedTo: unresolved reference to 'EdGraphPin'K2Node_VariableSet_731.EdGraphPin_4437''
[2015.09.20-09.07.35:309][461]LogUObjectHash:Warning: Ambiguous search, could be K2Node_CallFunction /Game/NPOTG/Blueprints/Charaktere/Markimoo.Markimoo:EventGraph.K2Node_CallFunction_8921 or K2Node_CallFunction /Game/NPOTG/Blueprints/Charaktere/wolf.wolf:EventGraph.K2Node_CallFunction_8921
[2015.09.20-09.07.35:309][461]LogProperty:Warning: Illegal TEXT reference to a private object in external package (EdGraphPin /Game/NPOTG/Blueprints/Charaktere/Markimoo.Markimoo:EventGraph.K2Node_CallFunction_8921.EdGraphPin_5756) from referencer (EdGraphPin /Game/NPOTG/Blueprints/Charaktere/wolf.wolf:EventGraph.K2Node_CallFunction_9507.EdGraphPin_5763).  Import failed...
[2015.09.20-09.07.35:309][461]LogProperty:Warning: ObjectProperty /Script/Engine.EdGraphPin:LinkedTo.LinkedTo: unresolved reference to 'EdGraphPin'K2Node_CallFunction_8921.EdGraphPin_5756''
[2015.09.20-09.07.35:309][461]LogUObjectHash:Warning: Ambiguous search, could be K2Node_CallFunction /Game/NPOTG/Blueprints/Charaktere/Markimoo.Markimoo:EventGraph.K2Node_CallFunction_9537 or K2Node_CallFunction /Game/NPOTG/Blueprints/Charaktere/wolf.wolf:EventGraph.K2Node_CallFunction_9537
[2015.09.20-09.07.35:309][461]LogProperty:Warning: Illegal TEXT reference to a private object in external package (EdGraphPin /Game/NPOTG/Blueprints/Charaktere/Markimoo.Markimoo:EventGraph.K2Node_CallFunction_9537.EdGraphPin_5804) from referencer (EdGraphPin /Game/NPOTG/Blueprints/Charaktere/wolf.wolf:EventGraph.K2Node_CallFunction_9507.EdGraphPin_5764).  Import failed...
[2015.09.20-09.07.35:309][461]LogProperty:Warning: ObjectProperty /Script/Engine.EdGraphPin:LinkedTo.LinkedTo: unresolved reference to 'EdGraphPin'K2Node_CallFunction_9537.EdGraphPin_5804''
[2015.09.20-09.07.35:325][461]LogBlueprint:Warning: [wolf] CreatePinForVariable: 'Direction' variable not found. Base class was probably changed.
[2015.09.20-09.07.35:325][461]LogBlueprint:Warning: [wolf] CreatePinForVariable: 'Direction' variable not found. Base class was probably changed.
[2015.09.20-09.07.40:923][788]LogD3D11RHI: InitD3DDevice
[2015.09.20-09.07.43:605][979]LogD3D11RHI: InitD3DDevice
[2015.09.20-09.07.48:970][235]LogD3D11RHI: InitD3DDevice
[2015.09.20-09.07.53:491][519]LogD3D11RHI: InitD3DDevice
[2015.09.20-09.07.54:432][581]LogD3D11RHI: InitD3DDevice
[2015.09.20-09.08.04:044][115]LogD3D11RHI: InitD3DDevice
[2015.09.20-09.08.05:511][211]LogD3D11RHI: InitD3DDevice
[2015.09.20-09.08.07:196][320]LogD3D11RHI: InitD3DDevice
[2015.09.20-09.08.10:210][504]LogParticles: Destroying 0 GPU particle simulations for FXSystem 0x000000904D20B920
[2015.09.20-09.08.10:210][504]LogParticles: Destroying 0 GPU particle simulations for FXSystem 0x000000904490DE40
[2015.09.20-09.08.10:235][504]LogD3D11RHI: InitD3DDevice
[2015.09.20-09.08.11:081][504]LogD3D11RHI: InitD3DDevice
[2015.09.20-09.08.11:099][504]Cmd: OBJ SAVEPACKAGE PACKAGE="/Game/NPOTG/Blueprints/Charaktere/wolf" FILE="../../../../Projekte/NotPartofTheGame/Content/NPOTG/Blueprints/Charaktere/wolf.uasset" SILENT=true
[2015.09.20-09.08.11:361][504]LogSavePackage: Save=200.671341ms
[2015.09.20-09.08.11:361][504]LogSavePackage: Moving '../../../../Projekte/NotPartofTheGame/Saved/wolfE759E165491C10EF5D2F13B9E6800344.tmp' to '../../../../Projekte/NotPartofTheGame/Content/NPOTG/Blueprints/Charaktere/wolf.uasset'
[2015.09.20-09.08.11:410][504]LogD3D11RHI: InitD3DDevice
[2015.09.20-09.08.12:139][504]LogSavePackage: Save=646.991943ms
[2015.09.20-09.08.12:139][504]LogSavePackage: Moving '../../../../Projekte/NotPartofTheGame/Saved/UEDPCTesting_Level3FCD510B4026DE9DF276398C80AC92BB.tmp' to '../../../../Projekte/NotPartofTheGame/Saved/Autosaves/Game/NPOTG/Maps/UEDPCTesting_Level.umap'
[2015.09.20-09.08.27:403][674]LogD3D11RHI: InitD3DDevice
[2015.09.20-09.08.32:928][742]BlueprintLog: New page: Compile wolf
[2015.09.20-09.08.33:016][742]LogBlueprint:Error: [compiler wolf] Error This blueprint (self) is not a Markimoo_C, therefore ' Target ' must have a connection.
[2015.09.20-09.08.33:016][742]LogBlueprint:Error: [compiler wolf] Error This blueprint (self) is not a Markimoo_C, therefore ' Target ' must have a connection.
[2015.09.20-09.08.33:016][742]LogBlueprint:Error: [compiler wolf] Error This blueprint (self) is not a Markimoo_C, therefore ' Target ' must have a connection.
[2015.09.20-09.08.33:224][742]LogBlueprint:Warning: [compiler wolf] Warning [5021.74] Compile of wolf failed. 3 Fatal Issue(s) 0 Warning(s) [in 294 ms]
[2015.09.20-09.08.33:224][742]BlueprintEditorCompileResults:Error: Error This blueprint (self) is not a Markimoo_C, therefore ' Target ' must have a connection.
[2015.09.20-09.08.33:224][742]BlueprintEditorCompileResults:Error: Error This blueprint (self) is not a Markimoo_C, therefore ' Target ' must have a connection.
[2015.09.20-09.08.33:224][742]BlueprintEditorCompileResults:Error: Error This blueprint (self) is not a Markimoo_C, therefore ' Target ' must have a connection.
[2015.09.20-09.08.33:224][742]BlueprintEditorCompileResults:Warning: Warning [5021.74] Compile of wolf failed. 3 Fatal Issue(s) 0 Warning(s) [in 294 ms]
[2015.09.20-09.08.37:089][947]LogD3D11RHI: InitD3DDevice
[2015.09.20-09.08.38:963][ 62]LogD3D11RHI: InitD3DDevice
[2015.09.20-09.08.41:424][223]LogD3D11RHI: InitD3DDevice
[2015.09.20-09.08.44:408][420]BlueprintLog: New page: Compile wolf
[2015.09.20-09.08.44:622][420]BlueprintEditorCompileResults: Info [5033.14] Compile of wolf successful! [in 213 ms]
[2015.09.20-09.08.46:057][495]LogD3D11RHI: InitD3DDevice
[2015.09.20-09.08.47:149][495]LogD3D11RHI: InitD3DDevice
[2015.09.20-09.08.47:164][495]Cmd: OBJ SAVEPACKAGE PACKAGE="/Game/NPOTG/Blueprints/Charaktere/wolf" FILE="../../../../Projekte/NotPartofTheGame/Content/NPOTG/Blueprints/Charaktere/wolf.uasset" SILENT=true
[2015.09.20-09.08.47:419][495]LogSavePackage: Save=196.893539ms
[2015.09.20-09.08.47:419][495]LogSavePackage: Moving '../../../../Projekte/NotPartofTheGame/Saved/wolfCCB7D002483C91CCA2B93DB36E044C47.tmp' to '../../../../Projekte/NotPartofTheGame/Content/NPOTG/Blueprints/Charaktere/wolf.uasset'
[2015.09.20-09.08.47:467][495]LogD3D11RHI: InitD3DDevice
[2015.09.20-09.08.48:183][495]LogSavePackage: Save=646.250183ms
[2015.09.20-09.08.48:183][495]LogSavePackage: Moving '../../../../Projekte/NotPartofTheGame/Saved/UEDPCTesting_LevelE54546FB4787253DD43AB39E39D05E4B.tmp' to '../../../../Projekte/NotPartofTheGame/Saved/Autosaves/Game/NPOTG/Maps/UEDPCTesting_Level.umap'
[2015.09.20-09.09.04:788][669]LogD3D11RHI: InitD3DDevice
[2015.09.20-09.09.05:698][669]LogSavePackage: Save=685.968323ms
[2015.09.20-09.09.05:698][669]LogSavePackage: Moving '../../../../Projekte/NotPartofTheGame/Saved/Testing_Level_Auto2C29F4EC04A4266E52CB6E3B9235905E1.tmp' to '../../../../Projekte/NotPartofTheGame/Saved/Autosaves/Game/NPOTG/Maps/Testing_Level_Auto2.umap'
[2015.09.20-09.09.05:702][669]LogFileHelpers: Editor autosave (incl. sublevels) for '/Game/NPOTG/Maps/Testing_Level' took 0.797
[2015.09.20-09.09.05:702][669]LogFileHelpers: Editor autosave (incl. sublevels) for all levels took 0.797
[2015.09.20-09.09.37:700][190]LogEditorViewport: Clicking on Actor (LMB): PaperSpriteActor (pointA_Sprite10)
[2015.09.20-09.09.39:899][372]LogParticles: Destroying 0 GPU particle simulations for FXSystem 0x000000907F586840
[2015.09.20-09.09.39:962][372]LogD3D11RHI: InitD3DDevice
[2015.09.20-09.09.40:711][372]LogSavePackage: Save=671.165894ms
[2015.09.20-09.09.40:711][372]LogSavePackage: Moving '../../../../Projekte/NotPartofTheGame/Saved/UEDPCTesting_LevelC6C76E544B3F2E184A16A6AC134DBB34.tmp' to '../../../../Projekte/NotPartofTheGame/Saved/Autosaves/Game/NPOTG/Maps/UEDPCTesting_Level.umap'
[2015.09.20-09.10.57:874][ 31]LogD3D11RHI: InitD3DDevice
[2015.09.20-09.10.57:960][ 31]Cmd: OBJ SAVEPACKAGE PACKAGE="/Game/NPOTG/Maps/Testing_Level" FILE="../../../../Projekte/NotPartofTheGame/Content/NPOTG/Maps/Testing_Level.umap" SILENT=true AUTOSAVING=false KEEPDIRTY=false
[2015.09.20-09.10.58:734][ 31]LogSavePackage: Save=672.360168ms
[2015.09.20-09.10.58:734][ 31]LogSavePackage: Moving '../../../../Projekte/NotPartofTheGame/Saved/Testing_Level93550FA6492707CDEAF3FABCA207E4A5.tmp' to '../../../../Projekte/NotPartofTheGame/Content/NPOTG/Maps/Testing_Level.umap'
[2015.09.20-09.10.58:780][ 31]LogFileHelpers: Saving map 'Testing_Level' took 0.892
[2015.09.20-09.10.59:428][ 85]LogParticles: Destroying 0 GPU particle simulations for FXSystem 0x000000907F3E6AC0
[2015.09.20-09.10.59:429][ 85]LogParticles: Destroying 0 GPU particle simulations for FXSystem 0x00000090043FC860
[2015.09.20-09.10.59:430][ 85]LogParticles: Destroying 0 GPU particle simulations for FXSystem 0x0000009012DF6AC0
[2015.09.20-09.10.59:606][ 85]LogParticles: Destroying 0 GPU particle simulations for FXSystem 0x000000905D3DE840
[2015.09.20-09.10.59:606][ 85]LogWindowsTextInputMethodSystem:Display: IME system now deactivated.
[2015.09.20-09.10.59:608][ 85]LogWindowsTextInputMethodSystem:Display: IME system now deactivated.
[2015.09.20-09.10.59:871][ 86]Cmd: QUIT_EDITOR
[2015.09.20-09.11.00:121][ 86]LogExit: Preparing to exit.
[2015.09.20-09.11.01:250][ 86]LogExit: Editor shut down
[2015.09.20-09.11.01:250][ 86]LogExit: Transaction tracking system shut down
[2015.09.20-09.11.01:271][ 86]LogParticles: Destroying 0 GPU particle simulations for FXSystem 0x000000904CCF89A0
[2015.09.20-09.11.01:273][ 86]LogParticles: Destroying 0 GPU particle simulations for FXSystem 0x000000907D702520
[2015.09.20-09.11.01:275][ 86]LogParticles: Destroying 0 GPU particle simulations for FXSystem 0x000000901FC1B9C0
[2015.09.20-09.11.01:276][ 86]LogParticles: Destroying 0 GPU particle simulations for FXSystem 0x00000090243042C0
[2015.09.20-09.11.01:276][ 86]LogParticles: Destroying 0 GPU particle simulations for FXSystem 0x0000009039747560
[2015.09.20-09.11.01:448][ 86]LogExit: Object subsystem successfully closed.
[2015.09.20-09.11.01:464][ 86]LogD3D11RHI: Shutdown
[2015.09.20-09.11.01:464][ 86]LogD3D11RHI: CleanupD3DDevice
[2015.09.20-09.11.01:645][ 86]LogD3D11RHI: ~FD3D11DynamicRHI
[2015.09.20-09.11.01:665][ 86]LogModuleManager: Shutting down and abandoning module SequencerWidgets (191)
[2015.09.20-09.11.01:665][ 86]LogModuleManager: Shutting down and abandoning module CrashTracker (190)
[2015.09.20-09.11.01:665][ 86]LogModuleManager: Shutting down and abandoning module SceneOutliner (189)
[2015.09.20-09.11.01:665][ 86]LogModuleManager: Shutting down and abandoning module SuperSearch (188)
[2015.09.20-09.11.01:665][ 86]LogModuleManager: Shutting down and abandoning module WidgetCarousel (187)
[2015.09.20-09.11.01:665][ 86]LogModuleManager: Shutting down and abandoning module AddContentDialog (186)
[2015.09.20-09.11.01:666][ 86]LogModuleManager: Shutting down and abandoning module EditorWidgets (185)
[2015.09.20-09.11.01:666][ 86]LogModuleManager: Shutting down and abandoning module CollectionManager (184)
[2015.09.20-09.11.01:666][ 86]LogModuleManager: Shutting down and abandoning module StatsViewer (183)
[2015.09.20-09.11.01:666][ 86]LogModuleManager: Shutting down and abandoning module FoliageEdit (182)
[2015.09.20-09.11.01:666][ 86]LogModuleManager: Shutting down and abandoning module LandscapeEditor (181)
[2015.09.20-09.11.01:666][ 86]LogModuleManager: Shutting down and abandoning module ActorPickerMode (180)
[2015.09.20-09.11.01:666][ 86]LogModuleManager: Shutting down and abandoning module GeometryMode (179)
[2015.09.20-09.11.01:666][ 86]LogModuleManager: Shutting down and abandoning module TextureAlignMode (178)
[2015.09.20-09.11.01:666][ 86]LogModuleManager: Shutting down and abandoning module BspMode (177)
[2015.09.20-09.11.01:666][ 86]LogModuleManager: Shutting down and abandoning module PlacementMode (176)
[2015.09.20-09.11.01:666][ 86]LogModuleManager: Shutting down and abandoning module AutomationWorker (175)
[2015.09.20-09.11.01:666][ 86]LogModuleManager: Shutting down and abandoning module CharacterAI (174)
[2015.09.20-09.11.01:667][ 86]LogModuleManager: Shutting down and abandoning module SmartSnapping (173)
[2015.09.20-09.11.01:667][ 86]LogModuleManager: Shutting down and abandoning module ViewportSnapping (172)
[2015.09.20-09.11.01:667][ 86]LogModuleManager: Shutting down and abandoning module LogVisualizer (171)
[2015.09.20-09.11.01:667][ 86]LogModuleManager: Shutting down and abandoning module GameProjectGeneration (170)
[2015.09.20-09.11.01:667][ 86]LogModuleManager: Shutting down and abandoning module IntroTutorials (169)
[2015.09.20-09.11.01:667][ 86]LogModuleManager: Shutting down and abandoning module EditorLiveStreaming (168)
[2015.09.20-09.11.01:667][ 86]LogModuleManager: Shutting down and abandoning module IOSPlatformEditor (167)
[2015.09.20-09.11.01:667][ 86]LogModuleManager: Shutting down and abandoning module HTML5PlatformEditor (166)
[2015.09.20-09.11.01:667][ 86]LogModuleManager: Shutting down and abandoning module AndroidDeviceDetection (165)
[2015.09.20-09.11.01:774][ 86]LogModuleManager: Shutting down and abandoning module AndroidPlatformEditor (164)
[2015.09.20-09.11.01:774][ 86]LogModuleManager: Shutting down and abandoning module IOSRuntimeSettings (163)
[2015.09.20-09.11.01:774][ 86]LogModuleManager: Shutting down and abandoning module AndroidRuntimeSettings (162)
[2015.09.20-09.11.01:774][ 86]LogModuleManager: Shutting down and abandoning module MergeActors (161)
[2015.09.20-09.11.01:774][ 86]LogModuleManager: Shutting down and abandoning module SizeMap (160)
[2015.09.20-09.11.01:774][ 86]LogModuleManager: Shutting down and abandoning module TreeMap (159)
[2015.09.20-09.11.01:774][ 86]LogModuleManager: Shutting down and abandoning module ReferenceViewer (158)
[2015.09.20-09.11.01:774][ 86]LogModuleManager: Shutting down and abandoning module LocalizationDashboard (157)
[2015.09.20-09.11.01:774][ 86]LogModuleManager: Shutting down and abandoning module HardwareTargeting (156)
[2015.09.20-09.11.01:774][ 86]LogModuleManager: Shutting down and abandoning module DeviceProfileEditor (155)
[2015.09.20-09.11.01:774][ 86]LogModuleManager: Shutting down and abandoning module UndoHistory (154)
[2015.09.20-09.11.01:774][ 86]LogModuleManager: Shutting down and abandoning module GameplayTagsEditor (153)
[2015.09.20-09.11.01:774][ 86]LogModuleManager: Shutting down and abandoning module UserFeedback (152)
[2015.09.20-09.11.01:774][ 86]LogModuleManager: Shutting down and abandoning module XmlParser (151)
[2015.09.20-09.11.01:774][ 86]LogModuleManager: Shutting down and abandoning module Blutility (150)
[2015.09.20-09.11.01:774][ 86]LogModuleManager: Shutting down and abandoning module ProjectTargetPlatformEditor (149)
[2015.09.20-09.11.01:774][ 86]LogModuleManager: Shutting down and abandoning module ProjectSettingsViewer (148)
[2015.09.20-09.11.01:774][ 86]LogModuleManager: Shutting down and abandoning module InputBindingEditor (147)
[2015.09.20-09.11.01:774][ 86]LogModuleManager: Shutting down and abandoning module EditorSettingsViewer (146)
[2015.09.20-09.11.01:774][ 86]LogModuleManager: Shutting down and abandoning module SettingsEditor (145)
[2015.09.20-09.11.01:774][ 86]LogModuleManager: Shutting down and abandoning module ProjectLauncher (144)
[2015.09.20-09.11.01:774][ 86]LogModuleManager: Shutting down and abandoning module SessionFrontend (143)
[2015.09.20-09.11.01:774][ 86]LogModuleManager: Shutting down and abandoning module ProfilerClient (142)
[2015.09.20-09.11.01:774][ 86]LogModuleManager: Shutting down and abandoning module TargetDeviceServices (141)
[2015.09.20-09.11.01:774][ 86]LogModuleManager: Shutting down and abandoning module DeviceManager (140)
[2015.09.20-09.11.01:774][ 86]LogModuleManager: Shutting down and abandoning module AutomationController (139)
[2015.09.20-09.11.01:774][ 86]LogModuleManager: Shutting down and abandoning module AutomationWindow (138)
[2015.09.20-09.11.01:774][ 86]LogModuleManager: Shutting down and abandoning module Layers (137)
[2015.09.20-09.11.01:774][ 86]LogModuleManager: Shutting down and abandoning module ComponentVisualizers (136)
[2015.09.20-09.11.01:774][ 86]LogModuleManager: Shutting down and abandoning module DetailCustomizations (135)
[2015.09.20-09.11.01:775][ 86]LogModuleManager: Shutting down and abandoning module PackagesDialog (134)
[2015.09.20-09.11.01:775][ 86]LogModuleManager: Shutting down and abandoning module Persona (133)
[2015.09.20-09.11.01:775][ 86]LogModuleManager: Shutting down and abandoning module Kismet (132)
[2015.09.20-09.11.01:775][ 86]LogModuleManager: Shutting down and abandoning module GraphEditor (131)
[2015.09.20-09.11.01:775][ 86]LogModuleManager: Shutting down and abandoning module ClassViewer (130)
[2015.09.20-09.11.01:776][ 86]LogModuleManager: Shutting down and abandoning module Toolbox (129)
[2015.09.20-09.11.01:776][ 86]LogModuleManager: Shutting down and abandoning module ModuleUI (128)
[2015.09.20-09.11.01:776][ 86]LogModuleManager: Shutting down and abandoning module MovieSceneTools (127)
[2015.09.20-09.11.01:776][ 86]LogModuleManager: Shutting down and abandoning module OutputLog (126)
[2015.09.20-09.11.01:776][ 86]LogModuleManager: Shutting down and abandoning module GammaUI (125)
[2015.09.20-09.11.01:776][ 86]LogModuleManager: Shutting down and abandoning module Documentation (124)
[2015.09.20-09.11.01:776][ 86]LogModuleManager: Shutting down and abandoning module GameLiveStreaming (123)
[2015.09.20-09.11.01:776][ 86]LogModuleManager: Shutting down and abandoning module StreamingPauseRendering (122)
[2015.09.20-09.11.01:776][ 86]LogModuleManager: Shutting down and abandoning module AnalyticsET (121)
[2015.09.20-09.11.01:776][ 86]LogModuleManager: Shutting down and abandoning module Analytics (120)
[2015.09.20-09.11.01:776][ 86]LogModuleManager: Shutting down and abandoning module AITestSuite (119)
[2015.09.20-09.11.01:776][ 86]LogModuleManager: Shutting down and abandoning module GameplayDebugger (118)
[2015.09.20-09.11.01:776][ 86]LogModuleManager: Shutting down and abandoning module AIModule (117)
[2015.09.20-09.11.01:776][ 86]LogModuleManager: Shutting down and abandoning module ProfilerService (116)
[2015.09.20-09.11.01:985][ 86]LogModuleManager: Shutting down and abandoning module TaskGraph (115)
[2015.09.20-09.11.01:985][ 86]LogModuleManager: Shutting down and abandoning module SubstanceEditor (114)
[2015.09.20-09.11.01:985][ 86]LogModuleManager: Shutting down and abandoning module SlateRemote (113)
[2015.09.20-09.11.01:985][ 86]LogModuleManager: Shutting down and abandoning module SteamVRController (112)
[2015.09.20-09.11.01:985][ 86]LogModuleManager: Shutting down and abandoning module SteamVR (111)
[2015.09.20-09.11.01:985][ 86]LogModuleManager: Shutting down and abandoning module ProceduralMeshComponent (110)
[2015.09.20-09.11.01:985][ 86]LogModuleManager: Shutting down and abandoning module OculusRift (109)
[2015.09.20-09.11.01:985][ 86]LogModuleManager: Shutting down and abandoning module LeapMotionController (108)
[2015.09.20-09.11.01:991][ 86]LogModuleManager: Shutting down and abandoning module CustomMeshComponent (107)
[2015.09.20-09.11.01:991][ 86]LogModuleManager: Shutting down and abandoning module CableComponent (106)
[2015.09.20-09.11.01:991][ 86]LogModuleManager: Shutting down and abandoning module MessagingDebugger (105)
[2015.09.20-09.11.01:991][ 86]LogModuleManager: Shutting down and abandoning module MediaPlayerEditor (104)
[2015.09.20-09.11.01:991][ 86]LogModuleManager: Shutting down and abandoning module SpeedTreeImporter (103)
[2015.09.20-09.11.01:991][ 86]LogModuleManager: Shutting down and abandoning module PluginBrowser (102)
[2015.09.20-09.11.01:991][ 86]LogModuleManager: Shutting down and abandoning module EpicSurvey (101)
[2015.09.20-09.11.01:991][ 86]LogModuleManager: Shutting down and abandoning module DesktopPlatform (100)
[2015.09.20-09.11.01:991][ 86]LogModuleManager: Shutting down and abandoning module VisualStudioSourceCodeAccess (99)
[2015.09.20-09.11.01:991][ 86]LogModuleManager: Shutting down and abandoning module UObjectPlugin (98)
[2015.09.20-09.11.01:991][ 86]LogModuleManager: Shutting down and abandoning module SubversionSourceControl (97)
[2015.09.20-09.11.01:991][ 86]LogModuleManager: Shutting down and abandoning module PerforceSourceControl (96)
[2015.09.20-09.11.01:991][ 86]LogModuleManager: Shutting down and abandoning module SourceControl (95)
[2015.09.20-09.11.01:991][ 86]LogModuleManager: Shutting down and abandoning module GitSourceControl (94)
[2015.09.20-09.11.01:991][ 86]LogModuleManager: Shutting down and abandoning module BlankPlugin (93)
[2015.09.20-09.11.01:991][ 86]LogModuleManager: Shutting down and abandoning module PaperTiledImporter (92)
[2015.09.20-09.11.01:991][ 86]LogModuleManager: Shutting down and abandoning module PaperSpriteSheetImporter (91)
[2015.09.20-09.11.01:991][ 86]LogModuleManager: Shutting down and abandoning module MeshPaint (90)
[2015.09.20-09.11.01:991][ 86]LogModuleManager: Shutting down and abandoning module SlateReflector (89)
[2015.09.20-09.11.01:991][ 86]LogModuleManager: Shutting down and abandoning module HotReload (88)
[2015.09.20-09.11.01:991][ 86]LogModuleManager: Shutting down and abandoning module MainFrame (87)
[2015.09.20-09.11.01:991][ 86]LogModuleManager: Shutting down and abandoning module LevelEditor (86)
[2015.09.20-09.11.01:992][ 86]LogModuleManager: Shutting down and abandoning module ContentBrowser (85)
[2015.09.20-09.11.01:992][ 86]LogModuleManager: Shutting down and abandoning module Paper2DEditor (84)
[2015.09.20-09.11.01:992][ 86]LogModuleManager: Shutting down and abandoning module UdpMessaging (83)
[2015.09.20-09.11.02:093][ 86]LogModuleManager: Shutting down and abandoning module DirectoryWatcher (82)
[2015.09.20-09.11.02:093][ 86]LogModuleManager: Shutting down and abandoning module AssetRegistry (81)
[2015.09.20-09.11.02:165][ 86]LogModuleManager: Shutting down and abandoning module SubstanceCore (80)
[2015.09.20-09.11.02:165][ 86]LogModuleManager: Shutting down and abandoning module Paper2D (79)
[2015.09.20-09.11.02:165][ 86]LogModuleManager: Shutting down and abandoning module WindowsMoviePlayer (78)
[2015.09.20-09.11.02:168][ 86]LogModuleManager: Shutting down and abandoning module Media (77)
[2015.09.20-09.11.02:168][ 86]LogModuleManager: Shutting down and abandoning module WmfMedia (76)
[2015.09.20-09.11.02:168][ 86]LogModuleManager: Shutting down and abandoning module OnlineBlueprintSupport (75)
[2015.09.20-09.11.02:168][ 86]LogModuleManager: Shutting down and abandoning module PropertyEditor (74)
[2015.09.20-09.11.02:168][ 86]LogModuleManager: Shutting down and abandoning module BehaviorTreeEditor (73)
[2015.09.20-09.11.02:168][ 86]LogModuleManager: Shutting down and abandoning module FunctionalTesting (72)
[2015.09.20-09.11.02:168][ 86]LogModuleManager: Shutting down and abandoning module CollisionAnalyzer (71)
[2015.09.20-09.11.02:168][ 86]LogModuleManager: Shutting down and abandoning module WorkspaceMenuStructure (70)
[2015.09.20-09.11.02:168][ 86]LogModuleManager: Shutting down and abandoning module MessageLog (69)
[2015.09.20-09.11.02:168][ 86]LogModuleManager: Shutting down and abandoning module Sequencer (68)
[2015.09.20-09.11.02:168][ 86]LogModuleManager: Shutting down and abandoning module AssetTools (67)
[2015.09.20-09.11.02:168][ 86]LogModuleManager: Shutting down and abandoning module UMGEditor (66)
[2015.09.20-09.11.02:168][ 86]LogModuleManager: Shutting down and abandoning module UMG (65)
[2015.09.20-09.11.02:168][ 86]LogModuleManager: Shutting down and abandoning module Slate (64)
[2015.09.20-09.11.02:168][ 86]LogModuleManager: Shutting down and abandoning module EditorStyle (63)
[2015.09.20-09.11.02:171][ 86]LogModuleManager: Shutting down and abandoning module SessionServices (62)
[2015.09.20-09.11.02:171][ 86]LogModuleManager: Shutting down and abandoning module SourceCodeAccess (61)
[2015.09.20-09.11.02:171][ 86]LogModuleManager: Shutting down and abandoning module HeadMountedDisplay (60)
[2015.09.20-09.11.02:171][ 86]LogModuleManager: Shutting down and abandoning module XAudio2 (59)
[2015.09.20-09.11.02:171][ 86]LogModuleManager: Shutting down and abandoning module Networking (57)
[2015.09.20-09.11.02:171][ 86]LogModuleManager: Shutting down and abandoning module Core (56)
[2015.09.20-09.11.02:171][ 86]LogModuleManager: Shutting down and abandoning module KismetCompiler (55)
[2015.09.20-09.11.02:171][ 86]LogModuleManager: Shutting down and abandoning module PhysXFormats (54)
[2015.09.20-09.11.02:171][ 86]LogModuleManager: Shutting down and abandoning module MeshUtilities (53)
[2015.09.20-09.11.02:171][ 86]LogModuleManager: Shutting down and abandoning module DerivedDataCache (52)
[2015.09.20-09.11.02:235][ 86]LogDerivedDataCache: Shutdown
[2015.09.20-09.11.02:235][ 86]LogModuleManager: Shutting down and abandoning module ShaderFormatOpenGL (51)
[2015.09.20-09.11.02:235][ 86]LogModuleManager: Shutting down and abandoning module ShaderFormatD3D (50)
[2015.09.20-09.11.02:235][ 86]LogModuleManager: Shutting down and abandoning module MetalShaderFormat (49)
[2015.09.20-09.11.02:235][ 86]LogModuleManager: Shutting down and abandoning module TextureFormatUncompressed (48)
[2015.09.20-09.11.02:235][ 86]LogModuleManager: Shutting down and abandoning module TextureFormatPVR (47)
[2015.09.20-09.11.02:235][ 86]LogModuleManager: Shutting down and abandoning module TextureFormatIntelISPCTexComp (46)
[2015.09.20-09.11.02:235][ 86]LogModuleManager: Shutting down and abandoning module TextureFormatDXT (45)
[2015.09.20-09.11.02:235][ 86]LogModuleManager: Shutting down and abandoning module ImageWrapper (44)
[2015.09.20-09.11.02:235][ 86]LogModuleManager: Shutting down and abandoning module TextureFormatASTC (43)
[2015.09.20-09.11.02:235][ 86]LogModuleManager: Shutting down and abandoning module TextureFormatAndroid (42)
[2015.09.20-09.11.02:235][ 86]LogModuleManager: Shutting down and abandoning module AudioFormatOpus (41)
[2015.09.20-09.11.02:235][ 86]LogModuleManager: Shutting down and abandoning module AudioFormatOgg (40)
[2015.09.20-09.11.02:235][ 86]LogModuleManager: Shutting down and abandoning module AudioFormatADPCM (39)
[2015.09.20-09.11.02:235][ 86]LogModuleManager: Shutting down and abandoning module LinuxTargetPlatform (38)
[2015.09.20-09.11.02:235][ 86]LogModuleManager: Shutting down and abandoning module LinuxServerTargetPlatform (37)
[2015.09.20-09.11.02:235][ 86]LogModuleManager: Shutting down and abandoning module LinuxNoEditorTargetPlatform (36)
[2015.09.20-09.11.02:235][ 86]LogModuleManager: Shutting down and abandoning module Messaging (35)
[2015.09.20-09.11.02:235][ 86]LogModuleManager: Shutting down and abandoning module IOSTargetPlatform (34)
[2015.09.20-09.11.02:235][ 86]LogModuleManager: Shutting down and abandoning module HTML5TargetPlatform (33)
[2015.09.20-09.11.02:235][ 86]LogModuleManager: Shutting down and abandoning module Android_PVRTCTargetPlatform (32)
[2015.09.20-09.11.02:235][ 86]LogModuleManager: Shutting down and abandoning module Android_ETC2TargetPlatform (31)
[2015.09.20-09.11.02:235][ 86]LogModuleManager: Shutting down and abandoning module Android_ETC1TargetPlatform (30)
[2015.09.20-09.11.02:235][ 86]LogModuleManager: Shutting down and abandoning module Android_DXTTargetPlatform (29)
[2015.09.20-09.11.02:235][ 86]LogModuleManager: Shutting down and abandoning module Android_ATCTargetPlatform (28)
[2015.09.20-09.11.02:235][ 86]LogModuleManager: Shutting down and abandoning module Android_ASTCTargetPlatform (27)
[2015.09.20-09.11.02:235][ 86]LogModuleManager: Shutting down and abandoning module AndroidTargetPlatform (26)
[2015.09.20-09.11.02:235][ 86]LogModuleManager: Shutting down and abandoning module WindowsTargetPlatform (25)
[2015.09.20-09.11.02:235][ 86]LogModuleManager: Shutting down and abandoning module WindowsServerTargetPlatform (24)
[2015.09.20-09.11.02:235][ 86]LogModuleManager: Shutting down and abandoning module WindowsNoEditorTargetPlatform (23)
[2015.09.20-09.11.02:235][ 86]LogModuleManager: Shutting down and abandoning module WindowsClientTargetPlatform (22)
[2015.09.20-09.11.02:235][ 86]LogModuleManager: Shutting down and abandoning module DesktopTargetPlatform (21)
[2015.09.20-09.11.02:235][ 86]LogModuleManager: Shutting down and abandoning module TargetPlatform (20)
[2015.09.20-09.11.02:235][ 86]LogModuleManager: Shutting down and abandoning module InputCore (19)
[2015.09.20-09.11.02:235][ 86]LogModuleManager: Shutting down and abandoning module Settings (18)
[2015.09.20-09.11.02:235][ 86]LogModuleManager: Shutting down and abandoning module OnlineSubsystem (16)
[2015.09.20-09.11.02:235][ 86]LogModuleManager: Shutting down and abandoning module HTTP (15)
[2015.09.20-09.11.02:235][ 86]LogModuleManager: Shutting down and abandoning module ExampleDeviceProfileSelector (14)
[2015.09.20-09.11.02:235][ 86]LogModuleManager: Shutting down and abandoning module TextureCompressor (13)
[2015.09.20-09.11.02:235][ 86]LogModuleManager: Shutting down and abandoning module ShaderCore (12)
[2015.09.20-09.11.02:235][ 86]LogModuleManager: Shutting down and abandoning module Landscape (11)
[2015.09.20-09.11.02:235][ 86]LogModuleManager: Shutting down and abandoning module SlateRHIRenderer (10)
[2015.09.20-09.11.02:244][ 86]LogModuleManager: Shutting down and abandoning module OpenGLDrv (9)
[2015.09.20-09.11.02:244][ 86]LogModuleManager: Shutting down and abandoning module D3D11RHI (8)
[2015.09.20-09.11.02:244][ 86]LogModuleManager: Shutting down and abandoning module Renderer (7)
[2015.09.20-09.11.02:244][ 86]LogModuleManager: Shutting down and abandoning module Engine (6)
[2015.09.20-09.11.02:244][ 86]LogModuleManager: Shutting down and abandoning module CoreUObject (5)
[2015.09.20-09.11.02:244][ 86]LogModuleManager: Shutting down and abandoning module NetworkFile (4)
[2015.09.20-09.11.02:244][ 86]LogModuleManager: Shutting down and abandoning module StreamingFile (3)
[2015.09.20-09.11.02:244][ 86]LogModuleManager: Shutting down and abandoning module SandboxFile (2)
[2015.09.20-09.11.02:244][ 86]LogModuleManager: Shutting down and abandoning module PakFile (1)
[2015.09.20-09.11.02:245][ 86]LogExit: Exiting.
[2015.09.20-09.11.02:247][ 86]Log file closed, 09/20/15 11:11:02
