[2015.08.30-17.19.54:556][  0]Log file open, 08/30/15 19:19:54
[2015.08.30-17.19.54:556][  0]LogInit:Display: Running engine for game: NotPartofGame
[2015.08.30-17.19.54:556][  0]LogInit:Display: RandInit(1724831158) SRandInit(1724831159).
[2015.08.30-17.19.54:556][  0]LogTaskGraph: Started task graph with 4 named threads and 7 total threads.
[2015.08.30-17.19.54:556][  0]LogStats: Stats thread started
[2015.08.30-17.19.54:556][  0]LogInit: Version: 4.8.3-2634408+++depot+UE4-Releases+4.8
[2015.08.30-17.19.54:556][  0]LogInit: API Version: 2579680
[2015.08.30-17.19.54:556][  0]LogInit: Compiled (64-bit): Jul 27 2015 16:24:33
[2015.08.30-17.19.54:556][  0]LogInit: Compiled with Visual C++: 18.00.21005.01
[2015.08.30-17.19.54:556][  0]LogInit: Build Configuration: Development
[2015.08.30-17.19.54:556][  0]LogInit: Branch Name: ++depot+UE4-Releases+4.8
[2015.08.30-17.19.54:556][  0]LogInit: Command line:  /Temp/Autosaves/Game/NPOTG/Maps/UEDPCTesting_Level -game -PIEVIACONSOLE -ResX=1280 -ResY=720  -Multiprocess 
[2015.08.30-17.19.54:556][  0]LogInit: Base directory: C:/Users/Bodoo/Documents/Programmieren/4.8/Engine/Binaries/Win64/
[2015.08.30-17.19.54:556][  0]LogInit: Rocket: 1
[2015.08.30-17.19.54:577][  0]LogInit: Using libcurl 7.41.0
[2015.08.30-17.19.54:577][  0]LogInit:  - built for x86_64-pc-win32
[2015.08.30-17.19.54:577][  0]LogInit:  - supports SSL with WinSSL
[2015.08.30-17.19.54:577][  0]LogInit:  - other features:
[2015.08.30-17.19.54:577][  0]LogInit:      CURL_VERSION_SSL
[2015.08.30-17.19.54:577][  0]LogInit:      CURL_VERSION_IPV6
[2015.08.30-17.19.54:577][  0]LogInit:      CURL_VERSION_ASYNCHDNS
[2015.08.30-17.19.54:577][  0]LogInit:      CURL_VERSION_LARGEFILE
[2015.08.30-17.19.54:577][  0]LogInit:      CURL_VERSION_IDN
[2015.08.30-17.19.54:577][  0]LogInit:  CurlRequestOptions (configurable via config and command line):
[2015.08.30-17.19.54:577][  0]LogInit:  - bVerifyPeer = true  - Libcurl will verify peer certificate
[2015.08.30-17.19.54:577][  0]LogInit:  - bUseHttpProxy = false  - Libcurl will NOT use HTTP proxy
[2015.08.30-17.19.54:577][  0]LogInit:  - bDontReuseConnections = false  - Libcurl will reuse connections
[2015.08.30-17.19.54:577][  0]LogInit:  - CertBundlePath = nullptr  - Libcurl will use whatever was configured at build time.
[2015.08.30-17.19.54:591][  0]LogOnline:Warning: No default platform service specified for OnlineSubsystem
[2015.08.30-17.19.54:607][  0]LogInit: Presizing for 0 objects not considered by GC, pre-allocating 0 bytes.
[2015.08.30-17.19.54:616][  0]LogInit: Object subsystem initialized
[2015.08.30-17.19.54:618][  0]LogConsoleResponse:Warning: Skipping Unknown console variable: 'UIScaleCurve = (EditorCurveData=(Keys=((Time=480.000000,Value=0.444000),(Time=720.000000,Value=0.666000),(Time=1080.000000,Value=1.000000),(Time=8640.000000,Value=8.000000))),ExternalCurve=None)'
[2015.08.30-17.19.54:618][  0]LogConsoleResponse:Warning:   Found in ini file 'C:/Users/Bodoo/Documents/Programmieren/Projekte/NotPartofTheGame/Saved/Config/Windows/Engine.ini', in section '[/Script/Engine.RendererSettings]'
[2015.08.30-17.19.54:618][  0]LogConsoleManager:Warning: Console variable 'r.MSAA.CompositingSampleCount' wasn't set ('Scalability' has a lower priority than 'ProjectSetting')
[2015.08.30-17.19.54:618][  0]LogInit: Selected Device Profile: [Windows]
[2015.08.30-17.19.54:618][  0]LogInit: Applying CVar settings loaded from the selected device profile: [Windows]
[2015.08.30-17.19.54:621][  0]LogInit: Computer: DESKTOP-GLF6O4V
[2015.08.30-17.19.54:621][  0]LogInit: User: Bodoo
[2015.08.30-17.19.54:621][  0]LogInit: CPU Page size=4096, Cores=4
[2015.08.30-17.19.54:621][  0]LogInit: High frequency timer resolution =3.215351 MHz
[2015.08.30-17.19.54:621][  0]LogMemory: Memory total: Physical=12.0GB (12GB approx)
[2015.08.30-17.19.54:621][  0]LogMemory: Platform Memory Stats for Windows
[2015.08.30-17.19.54:621][  0]LogMemory: Process Physical Memory: 50.38 MB used, 50.38 MB peak
[2015.08.30-17.19.54:621][  0]LogMemory: Process Virtual Memory: 22.68 MB used, 22.68 MB peak
[2015.08.30-17.19.54:621][  0]LogMemory: Physical Memory: 2664.30 MB used, 12270.70 MB total
[2015.08.30-17.19.54:621][  0]LogMemory: Virtual Memory: 310.61 MB used, 134217728.00 MB total
[2015.08.30-17.19.54:650][  0]LogTextLocalizationManager: The requested culture ('de_DE') has no localization data; falling back to 'en' for localization and internationalization data.
[2015.08.30-17.19.54:904][  0]LogTextLocalizationManager:Warning: Loaded localization resources contain conflicting entries for (Namespace:ContentBrowser, Key:ImportAssetToolTip):
Localization Resource: (C:/Users/Bodoo/Documents/Programmieren/4.8/Engine/Content/Localization/Editor/en/Editor.locres) Source String Hash: (-630476809) Localized String: (Import to {0}...)
Localization Resource: (C:/Users/Bodoo/Documents/Programmieren/4.8/Engine/Content/Localization/Editor/en/Editor.locres) Source String Hash: (1271782899) Localized String: (Imports an asset from file to this folder.)
[2015.08.30-17.19.55:250][  0]LogD3D11RHI: Found D3D11 adapter 0: AMD Radeon HD 6800 Series (Feature Level 11_0)
[2015.08.30-17.19.55:250][  0]LogD3D11RHI: Adapter has 1011MB of dedicated video memory, 0MB of dedicated system memory, and 3840MB of shared system memory, 1 output[s]
[2015.08.30-17.19.55:252][  0]LogD3D11RHI: Found D3D11 adapter 1: Microsoft Basic Render Driver (Feature Level 11_0)
[2015.08.30-17.19.55:252][  0]LogD3D11RHI: Adapter has 0MB of dedicated video memory, 0MB of dedicated system memory, and 6135MB of shared system memory, 0 output[s]
[2015.08.30-17.19.55:252][  0]LogD3D11RHI: Chosen D3D11 Adapter Id = 0
[2015.08.30-17.19.55:254][  0]LogD3D11RHI: InitD3DDevice
[2015.08.30-17.19.55:254][  0]LogD3D11RHI: !Direct3DDevice
[2015.08.30-17.19.55:254][  0]LogRHI: Texture pool is 708 MB (70% of 1011 MB)
[2015.08.30-17.19.55:261][  0]LogD3D11RHI: Async texture creation disabled: no driver support
[2015.08.30-17.19.55:271][  0]LogShaderCompilers:Display: Using Local Shader Compiler.
[2015.08.30-17.19.56:062][  0]LogTemp:Display: Loaded TP DesktopTargetPlatform
[2015.08.30-17.19.56:076][  0]LogTemp:Display: Loaded TP WindowsClientTargetPlatform
[2015.08.30-17.19.56:090][  0]LogTemp:Display: Loaded TP WindowsNoEditorTargetPlatform
[2015.08.30-17.19.56:104][  0]LogTemp:Display: Loaded TP WindowsServerTargetPlatform
[2015.08.30-17.19.56:120][  0]LogTemp:Display: Loaded TP WindowsTargetPlatform
[2015.08.30-17.19.56:132][  0]LogTemp:Display: Loaded TP AndroidTargetPlatform
[2015.08.30-17.19.56:145][  0]LogTemp:Display: Loaded TP Android_ASTCTargetPlatform
[2015.08.30-17.19.56:157][  0]LogTemp:Display: Loaded TP Android_ATCTargetPlatform
[2015.08.30-17.19.56:170][  0]LogTemp:Display: Loaded TP Android_DXTTargetPlatform
[2015.08.30-17.19.56:183][  0]LogTemp:Display: Loaded TP Android_ETC1TargetPlatform
[2015.08.30-17.19.56:197][  0]LogTemp:Display: Loaded TP Android_ETC2TargetPlatform
[2015.08.30-17.19.56:212][  0]LogTemp:Display: Loaded TP Android_PVRTCTargetPlatform
[2015.08.30-17.19.56:261][  0]LogTemp:Display: Loaded TP IOSTargetPlatform
[2015.08.30-17.19.56:273][  0]LogTemp:Display: Loaded TP LinuxNoEditorTargetPlatform
[2015.08.30-17.19.56:286][  0]LogTemp:Display: Loaded TP LinuxServerTargetPlatform
[2015.08.30-17.19.56:302][  0]LogTemp:Display: Loaded TP LinuxTargetPlatform
[2015.08.30-17.19.56:302][  0]LogTargetPlatformManager:Display: Building Assets For Windows
[2015.08.30-17.19.56:508][  0]LogDerivedDataCache:Display: Max Cache Size: 512 MB
[2015.08.30-17.19.56:571][  0]LogDerivedDataCache: Loaded boot cache 0.06s 53MB C:/Users/Bodoo/AppData/Local/UnrealEngine/4.8/DerivedDataCache/Boot.ddc.
[2015.08.30-17.19.56:571][  0]LogDerivedDataCache:Display: Loaded Boot cache: C:/Users/Bodoo/AppData/Local/UnrealEngine/4.8/DerivedDataCache/Boot.ddc
[2015.08.30-17.19.56:571][  0]LogDerivedDataCache: FDerivedDataBackendGraph:  Pak pak cache file ../../../../Projekte/NotPartofTheGame/DerivedDataCache/DDC.ddp not found, will not use a pak cache.
[2015.08.30-17.19.56:571][  0]LogDerivedDataCache: Unable to find inner node Pak for hierarchical cache Hierarchy.
[2015.08.30-17.19.56:571][  0]LogDerivedDataCache: FDerivedDataBackendGraph:  CompressedPak pak cache file ../../../../Projekte/NotPartofTheGame/DerivedDataCache/Compressed.ddp not found, will not use a pak cache.
[2015.08.30-17.19.56:571][  0]LogDerivedDataCache: Unable to find inner node CompressedPak for hierarchical cache Hierarchy.
[2015.08.30-17.19.56:718][  0]LogDerivedDataCache:Display: Pak cache opened for reading ../../../Engine/DerivedDataCache/Compressed.ddp.
[2015.08.30-17.19.56:730][  0]LogDerivedDataCache: Using Local data cache path C:/Users/Bodoo/AppData/Local/UnrealEngine/Common/DerivedDataCache: Writable
[2015.08.30-17.19.56:963][  0]LogInit: Selected Device Profile: [Windows]
[2015.08.30-17.19.57:047][  0]ImportText (ComponentSweepMultiTests): Missing closing parenthesis: (RootShapeAsset="/Engine/BasicShapes/Cube.Cube",ShapeType="TriggerCapsule",HitResult=(Time=0.50,Location=(X=-100.000015,Y=0.0,Z=100.000015),ImpactPoint=(X=-50.0,Y=0.0,Z=50.0),Normal=(X=-1.0,Y=-0.0,Z=0.0),ImpactNormal=(X=0.0,Y=0.0,Z=1.0),TraceStart=(X=-200.0,Y=0.0,Z=200.0),TraceEnd=(X=0.0,Y=0.0,Z=0.0))
[2015.08.30-17.19.57:047][  0]ImportText (LineTraceSingleByChannelTests): Missing closing parenthesis: (RootShapeAsset="/Engine/BasicShapes/Cube.Cube",HitResult=(Time=0.50,Location=(X=-100.000015,Y=0.0,Z=100.000015),ImpactPoint=(X=-50.0,Y=0.0,Z=50.0),Normal=(X=-1.0,Y=-0.0,Z=0.0),ImpactNormal=(X=0.0,Y=0.0,Z=1.0),TraceStart=(X=-200.0,Y=0.0,Z=200.0),TraceEnd=(X=0.0,Y=0.0,Z=0.0))
[2015.08.30-17.19.57:075][  0]LogMeshUtilities: No automatic mesh reduction module available
[2015.08.30-17.19.57:075][  0]LogMeshUtilities: No automatic mesh merging module available
[2015.08.30-17.19.57:355][  0]LogInit: WinSock: version 1.1 (2.2), MaxSocks=32767, MaxUdp=65467
[2015.08.30-17.19.57:782][  0]LogD3D11RHI: InitD3DDevice
[2015.08.30-17.19.57:786][  0]LogWindowsMoviePlayer: Unable to load movie: ../../../../Projekte/NotPartofTheGame/Content/Movies/Default_Startup.mp4
[2015.08.30-17.19.57:927][  0]LogAssetRegistry: FAssetRegistry took 0.0001 seconds to start up
[2015.08.30-17.19.57:972][  0]SourceControl: Info Source control is disabled
[2015.08.30-17.19.57:973][  0]SourceControl: Info Source control is disabled
[2015.08.30-17.19.57:982][  0]SourceControl: Info Source control is disabled
[2015.08.30-17.19.58:166][  0]LogObj: 25913 objects as part of root set at end of initial load.
[2015.08.30-17.19.58:166][  0]LogUObjectAllocator: 5218480 out of 0 bytes used by permanent object pool.
[2015.08.30-17.19.58:234][  0]LogAutomationTest:Warning: ERR: Transient text cannot be serialized "Testing Transient serialization detection".
[2015.08.30-17.19.58:234][  0]LogEngine: Initializing Engine...
[2015.08.30-17.19.58:236][  0]LogHMD: Can't find Oculus library dev build: is proper Runtime installed? Version: 0.6.0.0
[2015.08.30-17.19.58:237][  0]LogHMD:Warning: SteamVR failed to initialize.  Error: 110
[2015.08.30-17.19.58:329][  0]LogInit: XAudio2 using 'Lautsprecher (G510s Gaming Keyboard)' : 2 channels at 48 kHz using 16 bits per sample (channel mask 0x3)
[2015.08.30-17.19.58:337][  0]LogInit: FAudioDevice initialized.
[2015.08.30-17.19.58:345][  0]LogInit: Texture streaming: Disabled
[2015.08.30-17.19.58:407][  0]LogNet: Browse: /Temp/Autosaves/Game/NPOTG/Maps/UEDPCTesting_Level?Name=Player
[2015.08.30-17.19.58:407][  0]LogLoad: LoadMap: /Temp/Autosaves/Game/NPOTG/Maps/UEDPCTesting_Level?Name=Player
[2015.08.30-17.19.58:418][  0]LogParticles: Destroying 0 GPU particle simulations for FXSystem 0x0000005D7E4C7560
[2015.08.30-17.19.58:426][  0]LogMemory: Platform Memory Stats for Windows
[2015.08.30-17.19.58:426][  0]LogMemory: Process Physical Memory: 340.43 MB used, 340.43 MB peak
[2015.08.30-17.19.58:426][  0]LogMemory: Process Virtual Memory: 376.66 MB used, 376.66 MB peak
[2015.08.30-17.19.58:426][  0]LogMemory: Physical Memory: 2900.71 MB used, 12270.70 MB total
[2015.08.30-17.19.58:426][  0]LogMemory: Virtual Memory: 893.70 MB used, 134217728.00 MB total
[2015.08.30-17.19.58:426][  0]LogMemory: 
[2015.08.30-17.19.58:426][  0]Allocator Stats for TBB: (not implemented)
[2015.08.30-17.19.59:317][  0]LogProperty:Warning: ERR: Transient text cannot be serialized "NewRotation Roll".
[2015.08.30-17.19.59:317][  0]LogProperty:Warning: ERR: Transient text cannot be serialized "NewRotation Yaw".
[2015.08.30-17.19.59:317][  0]LogProperty:Warning: ERR: Transient text cannot be serialized "NewRotation Pitch".
[2015.08.30-17.19.59:317][  0]LogProperty:Warning: ERR: Transient text cannot be serialized "NewRotation Roll".
[2015.08.30-17.19.59:317][  0]LogProperty:Warning: ERR: Transient text cannot be serialized "NewRotation Yaw".
[2015.08.30-17.19.59:317][  0]LogProperty:Warning: ERR: Transient text cannot be serialized "NewRotation Pitch".
[2015.08.30-17.19.59:363][  0]LogProperty:Warning: ERR: Transient text cannot be serialized "NewRotation Roll".
[2015.08.30-17.19.59:363][  0]LogProperty:Warning: ERR: Transient text cannot be serialized "NewRotation Yaw".
[2015.08.30-17.19.59:363][  0]LogProperty:Warning: ERR: Transient text cannot be serialized "NewRotation Pitch".
[2015.08.30-17.19.59:363][  0]LogProperty:Warning: ERR: Transient text cannot be serialized "NewRotation Roll".
[2015.08.30-17.19.59:363][  0]LogProperty:Warning: ERR: Transient text cannot be serialized "NewRotation Yaw".
[2015.08.30-17.19.59:363][  0]LogProperty:Warning: ERR: Transient text cannot be serialized "NewRotation Pitch".
[2015.08.30-17.20.00:242][  0]LogAIModule: Creating AISystem for world Testing_Level
[2015.08.30-17.20.00:242][  0]LogWorld: Game class is '2DSideScrollerGameMode_C'
[2015.08.30-17.20.00:305][  0]LogWorld: Bringing World /Temp/Autosaves/Game/NPOTG/Maps/UEDPCTesting_Level.Testing_Level up for play (max tick rate 0) at 2015.08.30-19.20.00
[2015.08.30-17.20.00:318][  0]LogWorld: Bringing up level for play took: 0.072697
[2015.08.30-17.20.00:322][  0]LogInit:Display: Game Engine Initialized.
[2015.08.30-17.20.00:546][  0]LogLoad: Full Startup: 7.62 seconds (BP compile: 0.94 seconds)
[2015.08.30-17.20.00:563][  0]LogWindowsTextInputMethodSystem:Display: IME system now deactivated.
[2015.08.30-17.20.00:563][  0]LogWindowsTextInputMethodSystem:Display: IME system now deactivated.
[2015.08.30-17.20.00:566][  0]LogContentStreaming: Texture pool size is 1000.000000MB
[2015.08.30-17.20.00:688][  0]LogRenderer: Reallocating scene render targets to support 1280x720 (Frame:2).
[2015.08.30-17.20.24:777][485]LogScript:Warning: Accessed None 'K2Node_DynamicCast_AsMarkimoo4'
	wolf_C /Temp/Autosaves/Game/NPOTG/Maps/UEDPCTesting_Level.Testing_Level:PersistentLevel.wolf_C_0
	Function /Game/NPOTG/Blueprints/Charaktere/wolf.wolf_C:ExecuteUbergraph_wolf:0E82
[2015.08.30-17.20.24:777][485]LogBlueprintUserMessages: 0.991935
[2015.08.30-17.20.24:778][485]LogBlueprintUserMessages: 0.991935
[2015.08.30-17.20.24:778][485]LogBlueprintUserMessages: 0.983871
[2015.08.30-17.20.24:794][486]LogBlueprintUserMessages: 0.975806
[2015.08.30-17.20.24:809][487]LogBlueprintUserMessages: 0.967742
[2015.08.30-17.20.24:825][488]LogBlueprintUserMessages: 0.959677
[2015.08.30-17.20.24:842][489]LogBlueprintUserMessages: 0.951613
[2015.08.30-17.20.24:858][490]LogBlueprintUserMessages: 0.943548
[2015.08.30-17.20.24:874][491]LogBlueprintUserMessages: 0.935484
[2015.08.30-17.20.24:890][492]LogBlueprintUserMessages: 0.927419
[2015.08.30-17.20.24:906][493]LogBlueprintUserMessages: 0.919354
[2015.08.30-17.20.24:922][494]LogBlueprintUserMessages: 0.91129
[2015.08.30-17.20.24:939][495]LogBlueprintUserMessages: 0.903225
[2015.08.30-17.20.24:954][496]LogBlueprintUserMessages: 0.895161
[2015.08.30-17.20.24:971][497]LogBlueprintUserMessages: 0.887096
[2015.08.30-17.20.24:987][498]LogBlueprintUserMessages: 0.879032
[2015.08.30-17.20.25:003][499]LogBlueprintUserMessages: 0.870967
[2015.08.30-17.20.25:019][500]LogBlueprintUserMessages: 0.862903
[2015.08.30-17.20.25:035][501]LogBlueprintUserMessages: 0.854838
[2015.08.30-17.20.25:052][502]LogBlueprintUserMessages: 0.846773
[2015.08.30-17.20.25:068][503]LogBlueprintUserMessages: 0.838709
[2015.08.30-17.20.25:084][504]LogBlueprintUserMessages: 0.830644
[2015.08.30-17.20.25:100][505]LogBlueprintUserMessages: 0.82258
[2015.08.30-17.20.25:115][506]LogBlueprintUserMessages: 0.814515
[2015.08.30-17.20.25:132][507]LogBlueprintUserMessages: 0.806451
[2015.08.30-17.20.25:148][508]LogBlueprintUserMessages: 0.798386
[2015.08.30-17.20.25:165][509]LogBlueprintUserMessages: 0.790319
[2015.08.30-17.20.25:180][510]LogBlueprintUserMessages: 0.782255
[2015.08.30-17.20.25:197][511]LogBlueprintUserMessages: 0.77419
[2015.08.30-17.20.25:213][512]LogBlueprintUserMessages: 0.766125
[2015.08.30-17.20.25:229][513]LogBlueprintUserMessages: 0.758061
[2015.08.30-17.20.25:245][514]LogBlueprintUserMessages: 0.749996
[2015.08.30-17.20.25:260][515]LogBlueprintUserMessages: 0.741931
[2015.08.30-17.20.25:277][516]LogBlueprintUserMessages: 0.733867
[2015.08.30-17.20.25:293][517]LogBlueprintUserMessages: 0.725799
[2015.08.30-17.20.25:310][518]LogBlueprintUserMessages: 0.717735
[2015.08.30-17.20.25:325][519]LogBlueprintUserMessages: 0.70967
[2015.08.30-17.20.25:342][520]LogBlueprintUserMessages: 0.701605
[2015.08.30-17.20.25:358][521]LogBlueprintUserMessages: 0.693541
[2015.08.30-17.20.25:374][522]LogBlueprintUserMessages: 0.685476
[2015.08.30-17.20.25:390][523]LogBlueprintUserMessages: 0.677412
[2015.08.30-17.20.25:407][524]LogBlueprintUserMessages: 0.669347
[2015.08.30-17.20.25:423][525]LogBlueprintUserMessages: 0.661282
[2015.08.30-17.20.25:439][526]LogBlueprintUserMessages: 0.653218
[2015.08.30-17.20.25:455][527]LogBlueprintUserMessages: 0.645153
[2015.08.30-17.20.25:471][528]LogBlueprintUserMessages: 0.637089
[2015.08.30-17.20.25:487][529]LogBlueprintUserMessages: 0.629024
[2015.08.30-17.20.25:503][530]LogBlueprintUserMessages: 0.620959
[2015.08.30-17.20.25:519][531]LogBlueprintUserMessages: 0.612895
[2015.08.30-17.20.25:535][532]LogBlueprintUserMessages: 0.60483
[2015.08.30-17.20.25:551][533]LogBlueprintUserMessages: 0.596766
[2015.08.30-17.20.25:568][534]LogBlueprintUserMessages: 0.588701
[2015.08.30-17.20.25:584][535]LogBlueprintUserMessages: 0.580636
[2015.08.30-17.20.25:600][536]LogBlueprintUserMessages: 0.572572
[2015.08.30-17.20.25:616][537]LogBlueprintUserMessages: 0.564507
[2015.08.30-17.20.25:632][538]LogBlueprintUserMessages: 0.556442
[2015.08.30-17.20.25:648][539]LogBlueprintUserMessages: 0.548378
[2015.08.30-17.20.25:664][540]LogBlueprintUserMessages: 0.540313
[2015.08.30-17.20.25:681][541]LogBlueprintUserMessages: 0.532249
[2015.08.30-17.20.25:697][542]LogBlueprintUserMessages: 0.524184
[2015.08.30-17.20.25:712][543]LogBlueprintUserMessages: 0.516119
[2015.08.30-17.20.25:728][544]LogBlueprintUserMessages: 0.508055
[2015.08.30-17.20.25:745][545]LogBlueprintUserMessages: 0.49999
[2015.08.30-17.20.25:761][546]LogBlueprintUserMessages: 0.491926
[2015.08.30-17.20.25:777][547]LogBlueprintUserMessages: 0.483861
[2015.08.30-17.20.25:793][548]LogBlueprintUserMessages: 0.475796
[2015.08.30-17.20.25:810][549]LogBlueprintUserMessages: 0.46773
[2015.08.30-17.20.25:826][550]LogBlueprintUserMessages: 0.459665
[2015.08.30-17.20.25:842][551]LogBlueprintUserMessages: 0.4516
[2015.08.30-17.20.25:857][552]LogBlueprintUserMessages: 0.443536
[2015.08.30-17.20.25:873][553]LogBlueprintUserMessages: 0.435471
[2015.08.30-17.20.25:890][554]LogBlueprintUserMessages: 0.427406
[2015.08.30-17.20.25:906][555]LogBlueprintUserMessages: 0.419342
[2015.08.30-17.20.25:923][556]LogBlueprintUserMessages: 0.411277
[2015.08.30-17.20.25:938][557]LogBlueprintUserMessages: 0.403213
[2015.08.30-17.20.25:954][558]LogBlueprintUserMessages: 0.395148
[2015.08.30-17.20.25:970][559]LogBlueprintUserMessages: 0.387083
[2015.08.30-17.20.25:987][560]LogBlueprintUserMessages: 0.379019
[2015.08.30-17.20.26:002][561]LogBlueprintUserMessages: 0.370954
[2015.08.30-17.20.26:019][562]LogBlueprintUserMessages: 0.36289
[2015.08.30-17.20.26:036][563]LogBlueprintUserMessages: 0.354825
[2015.08.30-17.20.26:052][564]LogBlueprintUserMessages: 0.34676
[2015.08.30-17.20.26:067][565]LogBlueprintUserMessages: 0.338696
[2015.08.30-17.20.26:084][566]LogBlueprintUserMessages: 0.330631
[2015.08.30-17.20.26:099][567]LogBlueprintUserMessages: 0.322567
[2015.08.30-17.20.26:116][568]LogBlueprintUserMessages: 0.314502
[2015.08.30-17.20.26:132][569]LogBlueprintUserMessages: 0.306437
[2015.08.30-17.20.26:148][570]LogBlueprintUserMessages: 0.298373
[2015.08.30-17.20.26:164][571]LogBlueprintUserMessages: 0.290308
[2015.08.30-17.20.26:180][572]LogBlueprintUserMessages: 0.282244
[2015.08.30-17.20.26:196][573]LogBlueprintUserMessages: 0.274179
[2015.08.30-17.20.26:213][574]LogBlueprintUserMessages: 0.266114
[2015.08.30-17.20.26:229][575]LogBlueprintUserMessages: 0.25805
[2015.08.30-17.20.26:244][576]LogBlueprintUserMessages: 0.249985
[2015.08.30-17.20.26:261][577]LogBlueprintUserMessages: 0.241921
[2015.08.30-17.20.26:277][578]LogBlueprintUserMessages: 0.233856
[2015.08.30-17.20.26:294][579]LogBlueprintUserMessages: 0.225791
[2015.08.30-17.20.26:309][580]LogBlueprintUserMessages: 0.217727
[2015.08.30-17.20.26:326][581]LogBlueprintUserMessages: 0.209662
[2015.08.30-17.20.26:342][582]LogBlueprintUserMessages: 0.201598
[2015.08.30-17.20.26:358][583]LogBlueprintUserMessages: 0.193533
[2015.08.30-17.20.26:374][584]LogBlueprintUserMessages: 0.185468
[2015.08.30-17.20.26:390][585]LogBlueprintUserMessages: 0.177404
[2015.08.30-17.20.26:406][586]LogBlueprintUserMessages: 0.169339
[2015.08.30-17.20.26:422][587]LogBlueprintUserMessages: 0.161273
[2015.08.30-17.20.26:439][588]LogBlueprintUserMessages: 0.153209
[2015.08.30-17.20.26:455][589]LogBlueprintUserMessages: 0.145144
[2015.08.30-17.20.26:471][590]LogBlueprintUserMessages: 0.137077
[2015.08.30-17.20.26:487][591]LogBlueprintUserMessages: 0.129013
[2015.08.30-17.20.26:502][592]LogBlueprintUserMessages: 0.120948
[2015.08.30-17.20.26:519][593]LogBlueprintUserMessages: 0.112883
[2015.08.30-17.20.26:536][594]LogBlueprintUserMessages: 0.104819
[2015.08.30-17.20.26:552][595]LogBlueprintUserMessages: 0.096754
[2015.08.30-17.20.26:568][596]LogBlueprintUserMessages: 0.08869
[2015.08.30-17.20.26:584][597]LogBlueprintUserMessages: 0.080625
[2015.08.30-17.20.26:600][598]LogBlueprintUserMessages: 0.072561
[2015.08.30-17.20.26:616][599]LogBlueprintUserMessages: 0.064496
[2015.08.30-17.20.26:632][600]LogBlueprintUserMessages: 0.05643
[2015.08.30-17.20.26:648][601]LogBlueprintUserMessages: 0.048366
[2015.08.30-17.20.26:664][602]LogBlueprintUserMessages: 0.040299
[2015.08.30-17.20.26:680][603]LogBlueprintUserMessages: 0.032234
[2015.08.30-17.20.26:696][604]LogBlueprintUserMessages: 0.02417
[2015.08.30-17.20.26:713][605]LogBlueprintUserMessages: 0.016105
[2015.08.30-17.20.26:728][606]LogBlueprintUserMessages: 0.008041
[2015.08.30-17.20.26:729][606]Closing by request
[2015.08.30-17.20.26:729][606]LogWindows: FPlatformMisc::RequestExit(0)
[2015.08.30-17.20.27:289][607]LogWindowsTextInputMethodSystem:Display: IME system now deactivated.
[2015.08.30-17.20.27:289][607]LogWindowsTextInputMethodSystem:Display: IME system now deactivated.
[2015.08.30-17.20.27:295][607]LogExit: Preparing to exit.
[2015.08.30-17.20.27:368][607]LogExit: Game engine shut down
[2015.08.30-17.20.27:373][607]LogParticles: Destroying 0 GPU particle simulations for FXSystem 0x0000005D01611D00
[2015.08.30-17.20.27:501][607]LogExit: Object subsystem successfully closed.
[2015.08.30-17.20.27:515][607]LogD3D11RHI: Shutdown
[2015.08.30-17.20.27:515][607]LogD3D11RHI: CleanupD3DDevice
[2015.08.30-17.20.27:598][607]LogD3D11RHI: ~FD3D11DynamicRHI
[2015.08.30-17.20.27:611][607]LogModuleManager: Shutting down and abandoning module AndroidDeviceDetection (109)
[2015.08.30-17.20.28:589][607]LogModuleManager: Shutting down and abandoning module AutomationWorker (108)
[2015.08.30-17.20.28:589][607]LogModuleManager: Shutting down and abandoning module CharacterAI (107)
[2015.08.30-17.20.28:589][607]LogModuleManager: Shutting down and abandoning module AITestSuite (106)
[2015.08.30-17.20.28:589][607]LogModuleManager: Shutting down and abandoning module GameplayDebugger (105)
[2015.08.30-17.20.28:589][607]LogModuleManager: Shutting down and abandoning module AIModule (104)
[2015.08.30-17.20.28:589][607]LogModuleManager: Shutting down and abandoning module GameLiveStreaming (103)
[2015.08.30-17.20.28:589][607]LogModuleManager: Shutting down and abandoning module StreamingPauseRendering (102)
[2015.08.30-17.20.28:589][607]LogModuleManager: Shutting down and abandoning module ProfilerService (101)
[2015.08.30-17.20.28:746][607]LogModuleManager: Shutting down and abandoning module TaskGraph (100)
[2015.08.30-17.20.28:746][607]LogModuleManager: Shutting down and abandoning module SlateRemote (99)
[2015.08.30-17.20.28:746][607]LogModuleManager: Shutting down and abandoning module SteamVRController (98)
[2015.08.30-17.20.28:746][607]LogModuleManager: Shutting down and abandoning module SteamVR (97)
[2015.08.30-17.20.28:746][607]LogModuleManager: Shutting down and abandoning module ProceduralMeshComponent (96)
[2015.08.30-17.20.28:746][607]LogModuleManager: Shutting down and abandoning module OculusRift (95)
[2015.08.30-17.20.28:746][607]LogModuleManager: Shutting down and abandoning module LeapMotionController (94)
[2015.08.30-17.20.28:752][607]LogModuleManager: Shutting down and abandoning module CustomMeshComponent (93)
[2015.08.30-17.20.28:752][607]LogModuleManager: Shutting down and abandoning module CableComponent (92)
[2015.08.30-17.20.28:752][607]LogModuleManager: Shutting down and abandoning module DesktopPlatform (91)
[2015.08.30-17.20.28:752][607]LogModuleManager: Shutting down and abandoning module DirectoryWatcher (90)
[2015.08.30-17.20.28:752][607]LogModuleManager: Shutting down and abandoning module HotReload (89)
[2015.08.30-17.20.28:752][607]LogModuleManager: Shutting down and abandoning module VisualStudioSourceCodeAccess (88)
[2015.08.30-17.20.28:752][607]LogModuleManager: Shutting down and abandoning module UObjectPlugin (87)
[2015.08.30-17.20.28:752][607]LogModuleManager: Shutting down and abandoning module SubversionSourceControl (86)
[2015.08.30-17.20.28:752][607]LogModuleManager: Shutting down and abandoning module SourceControl (85)
[2015.08.30-17.20.28:752][607]LogModuleManager: Shutting down and abandoning module PerforceSourceControl (84)
[2015.08.30-17.20.28:752][607]LogModuleManager: Shutting down and abandoning module BlankPlugin (83)
[2015.08.30-17.20.28:752][607]LogModuleManager: Shutting down and abandoning module UdpMessaging (82)
[2015.08.30-17.20.28:752][607]LogModuleManager: Shutting down and abandoning module AssetRegistry (81)
[2015.08.30-17.20.28:752][607]LogModuleManager: Shutting down and abandoning module SubstanceCore (80)
[2015.08.30-17.20.28:752][607]LogModuleManager: Shutting down and abandoning module Paper2D (79)
[2015.08.30-17.20.28:752][607]LogModuleManager: Shutting down and abandoning module WindowsMoviePlayer (78)
[2015.08.30-17.20.28:754][607]LogModuleManager: Shutting down and abandoning module Media (77)
[2015.08.30-17.20.28:754][607]LogModuleManager: Shutting down and abandoning module WmfMedia (76)
[2015.08.30-17.20.28:755][607]LogModuleManager: Shutting down and abandoning module OnlineBlueprintSupport (75)
[2015.08.30-17.20.28:755][607]LogModuleManager: Shutting down and abandoning module PropertyEditor (74)
[2015.08.30-17.20.28:755][607]LogModuleManager: Shutting down and abandoning module BehaviorTreeEditor (73)
[2015.08.30-17.20.28:755][607]LogModuleManager: Shutting down and abandoning module FunctionalTesting (72)
[2015.08.30-17.20.28:755][607]LogModuleManager: Shutting down and abandoning module CollisionAnalyzer (71)
[2015.08.30-17.20.28:755][607]LogModuleManager: Shutting down and abandoning module WorkspaceMenuStructure (70)
[2015.08.30-17.20.28:755][607]LogModuleManager: Shutting down and abandoning module MessageLog (69)
[2015.08.30-17.20.28:755][607]LogModuleManager: Shutting down and abandoning module Sequencer (68)
[2015.08.30-17.20.28:755][607]LogModuleManager: Shutting down and abandoning module AssetTools (67)
[2015.08.30-17.20.28:755][607]LogModuleManager: Shutting down and abandoning module UMGEditor (66)
[2015.08.30-17.20.28:755][607]LogModuleManager: Shutting down and abandoning module UMG (65)
[2015.08.30-17.20.28:755][607]LogModuleManager: Shutting down and abandoning module Slate (64)
[2015.08.30-17.20.28:755][607]LogModuleManager: Shutting down and abandoning module EditorStyle (63)
[2015.08.30-17.20.28:757][607]LogModuleManager: Shutting down and abandoning module SessionServices (62)
[2015.08.30-17.20.28:757][607]LogModuleManager: Shutting down and abandoning module SourceCodeAccess (61)
[2015.08.30-17.20.28:757][607]LogModuleManager: Shutting down and abandoning module HeadMountedDisplay (60)
[2015.08.30-17.20.28:757][607]LogModuleManager: Shutting down and abandoning module XAudio2 (59)
[2015.08.30-17.20.28:757][607]LogModuleManager: Shutting down and abandoning module Networking (57)
[2015.08.30-17.20.28:757][607]LogModuleManager: Shutting down and abandoning module Core (56)
[2015.08.30-17.20.28:757][607]LogModuleManager: Shutting down and abandoning module KismetCompiler (55)
[2015.08.30-17.20.28:757][607]LogModuleManager: Shutting down and abandoning module PhysXFormats (54)
[2015.08.30-17.20.28:757][607]LogModuleManager: Shutting down and abandoning module MeshUtilities (53)
[2015.08.30-17.20.28:757][607]LogModuleManager: Shutting down and abandoning module DerivedDataCache (52)
[2015.08.30-17.20.28:757][607]LogDerivedDataCache: Shutdown
[2015.08.30-17.20.28:757][607]LogModuleManager: Shutting down and abandoning module ShaderFormatOpenGL (51)
[2015.08.30-17.20.28:757][607]LogModuleManager: Shutting down and abandoning module ShaderFormatD3D (50)
[2015.08.30-17.20.28:757][607]LogModuleManager: Shutting down and abandoning module MetalShaderFormat (49)
[2015.08.30-17.20.28:757][607]LogModuleManager: Shutting down and abandoning module TextureFormatUncompressed (48)
[2015.08.30-17.20.28:757][607]LogModuleManager: Shutting down and abandoning module TextureFormatPVR (47)
[2015.08.30-17.20.28:757][607]LogModuleManager: Shutting down and abandoning module TextureFormatIntelISPCTexComp (46)
[2015.08.30-17.20.28:757][607]LogModuleManager: Shutting down and abandoning module TextureFormatDXT (45)
[2015.08.30-17.20.28:757][607]LogModuleManager: Shutting down and abandoning module ImageWrapper (44)
[2015.08.30-17.20.28:757][607]LogModuleManager: Shutting down and abandoning module TextureFormatASTC (43)
[2015.08.30-17.20.28:757][607]LogModuleManager: Shutting down and abandoning module TextureFormatAndroid (42)
[2015.08.30-17.20.28:757][607]LogModuleManager: Shutting down and abandoning module AudioFormatOpus (41)
[2015.08.30-17.20.28:757][607]LogModuleManager: Shutting down and abandoning module AudioFormatOgg (40)
[2015.08.30-17.20.28:757][607]LogModuleManager: Shutting down and abandoning module AudioFormatADPCM (39)
[2015.08.30-17.20.28:757][607]LogModuleManager: Shutting down and abandoning module LinuxTargetPlatform (38)
[2015.08.30-17.20.28:757][607]LogModuleManager: Shutting down and abandoning module LinuxServerTargetPlatform (37)
[2015.08.30-17.20.28:757][607]LogModuleManager: Shutting down and abandoning module LinuxNoEditorTargetPlatform (36)
[2015.08.30-17.20.28:757][607]LogModuleManager: Shutting down and abandoning module Messaging (35)
[2015.08.30-17.20.28:757][607]LogModuleManager: Shutting down and abandoning module IOSTargetPlatform (34)
[2015.08.30-17.20.28:757][607]LogModuleManager: Shutting down and abandoning module HTML5TargetPlatform (33)
[2015.08.30-17.20.28:758][607]LogModuleManager: Shutting down and abandoning module Android_PVRTCTargetPlatform (32)
[2015.08.30-17.20.28:758][607]LogModuleManager: Shutting down and abandoning module Android_ETC2TargetPlatform (31)
[2015.08.30-17.20.28:758][607]LogModuleManager: Shutting down and abandoning module Android_ETC1TargetPlatform (30)
[2015.08.30-17.20.28:758][607]LogModuleManager: Shutting down and abandoning module Android_DXTTargetPlatform (29)
[2015.08.30-17.20.28:758][607]LogModuleManager: Shutting down and abandoning module Android_ATCTargetPlatform (28)
[2015.08.30-17.20.28:758][607]LogModuleManager: Shutting down and abandoning module Android_ASTCTargetPlatform (27)
[2015.08.30-17.20.28:758][607]LogModuleManager: Shutting down and abandoning module AndroidTargetPlatform (26)
[2015.08.30-17.20.28:758][607]LogModuleManager: Shutting down and abandoning module WindowsTargetPlatform (25)
[2015.08.30-17.20.28:758][607]LogModuleManager: Shutting down and abandoning module WindowsServerTargetPlatform (24)
[2015.08.30-17.20.28:758][607]LogModuleManager: Shutting down and abandoning module WindowsNoEditorTargetPlatform (23)
[2015.08.30-17.20.28:758][607]LogModuleManager: Shutting down and abandoning module WindowsClientTargetPlatform (22)
[2015.08.30-17.20.28:758][607]LogModuleManager: Shutting down and abandoning module DesktopTargetPlatform (21)
[2015.08.30-17.20.28:758][607]LogModuleManager: Shutting down and abandoning module TargetPlatform (20)
[2015.08.30-17.20.28:758][607]LogModuleManager: Shutting down and abandoning module InputCore (19)
[2015.08.30-17.20.28:758][607]LogModuleManager: Shutting down and abandoning module Settings (18)
[2015.08.30-17.20.28:758][607]LogModuleManager: Shutting down and abandoning module OnlineSubsystem (16)
[2015.08.30-17.20.28:758][607]LogModuleManager: Shutting down and abandoning module HTTP (15)
[2015.08.30-17.20.28:758][607]LogModuleManager: Shutting down and abandoning module ExampleDeviceProfileSelector (14)
[2015.08.30-17.20.28:758][607]LogModuleManager: Shutting down and abandoning module TextureCompressor (13)
[2015.08.30-17.20.28:758][607]LogModuleManager: Shutting down and abandoning module ShaderCore (12)
[2015.08.30-17.20.28:758][607]LogModuleManager: Shutting down and abandoning module Landscape (11)
[2015.08.30-17.20.28:758][607]LogModuleManager: Shutting down and abandoning module SlateRHIRenderer (10)
[2015.08.30-17.20.28:758][607]LogModuleManager: Shutting down and abandoning module OpenGLDrv (9)
[2015.08.30-17.20.28:758][607]LogModuleManager: Shutting down and abandoning module D3D11RHI (8)
[2015.08.30-17.20.28:758][607]LogModuleManager: Shutting down and abandoning module Renderer (7)
[2015.08.30-17.20.28:758][607]LogModuleManager: Shutting down and abandoning module Engine (6)
[2015.08.30-17.20.28:758][607]LogModuleManager: Shutting down and abandoning module CoreUObject (5)
[2015.08.30-17.20.28:758][607]LogModuleManager: Shutting down and abandoning module NetworkFile (4)
[2015.08.30-17.20.28:758][607]LogModuleManager: Shutting down and abandoning module StreamingFile (3)
[2015.08.30-17.20.28:758][607]LogModuleManager: Shutting down and abandoning module SandboxFile (2)
[2015.08.30-17.20.28:758][607]LogModuleManager: Shutting down and abandoning module PakFile (1)
[2015.08.30-17.20.28:759][607]LogExit: Exiting.
[2015.08.30-17.20.28:760][607]Log file closed, 08/30/15 19:20:28
