[2015.08.31-09.27.08:915][  0]Log file open, 08/31/15 11:27:08
[2015.08.31-09.27.08:915][  0]LogInit:Display: Running engine for game: NotPartofGame
[2015.08.31-09.27.08:915][  0]LogInit:Display: RandInit(-629583811) SRandInit(-629583811).
[2015.08.31-09.27.08:915][  0]LogTaskGraph: Started task graph with 4 named threads and 7 total threads.
[2015.08.31-09.27.08:915][  0]LogStats: Stats thread started
[2015.08.31-09.27.08:915][  0]LogInit: Version: 4.8.3-2634408+++depot+UE4-Releases+4.8
[2015.08.31-09.27.08:915][  0]LogInit: API Version: 2579680
[2015.08.31-09.27.08:915][  0]LogInit: Compiled (64-bit): Jul 27 2015 16:24:33
[2015.08.31-09.27.08:915][  0]LogInit: Compiled with Visual C++: 18.00.21005.01
[2015.08.31-09.27.08:915][  0]LogInit: Build Configuration: Development
[2015.08.31-09.27.08:915][  0]LogInit: Branch Name: ++depot+UE4-Releases+4.8
[2015.08.31-09.27.08:915][  0]LogInit: Command line: 
[2015.08.31-09.27.08:915][  0]LogInit: Base directory: C:/Users/Bodoo/Documents/Programmieren/4.8/Engine/Binaries/Win64/
[2015.08.31-09.27.08:915][  0]LogInit: Rocket: 1
[2015.08.31-09.27.08:959][  0]LogInit: Using libcurl 7.41.0
[2015.08.31-09.27.08:959][  0]LogInit:  - built for x86_64-pc-win32
[2015.08.31-09.27.08:959][  0]LogInit:  - supports SSL with WinSSL
[2015.08.31-09.27.08:959][  0]LogInit:  - other features:
[2015.08.31-09.27.08:959][  0]LogInit:      CURL_VERSION_SSL
[2015.08.31-09.27.08:959][  0]LogInit:      CURL_VERSION_IPV6
[2015.08.31-09.27.08:959][  0]LogInit:      CURL_VERSION_ASYNCHDNS
[2015.08.31-09.27.08:959][  0]LogInit:      CURL_VERSION_LARGEFILE
[2015.08.31-09.27.08:959][  0]LogInit:      CURL_VERSION_IDN
[2015.08.31-09.27.08:959][  0]LogInit:  CurlRequestOptions (configurable via config and command line):
[2015.08.31-09.27.08:959][  0]LogInit:  - bVerifyPeer = true  - Libcurl will verify peer certificate
[2015.08.31-09.27.08:959][  0]LogInit:  - bUseHttpProxy = false  - Libcurl will NOT use HTTP proxy
[2015.08.31-09.27.08:959][  0]LogInit:  - bDontReuseConnections = false  - Libcurl will reuse connections
[2015.08.31-09.27.08:959][  0]LogInit:  - CertBundlePath = nullptr  - Libcurl will use whatever was configured at build time.
[2015.08.31-09.27.08:971][  0]LogOnline:Warning: No default platform service specified for OnlineSubsystem
[2015.08.31-09.27.09:067][  0]LogInit: Presizing for 0 objects not considered by GC, pre-allocating 0 bytes.
[2015.08.31-09.27.09:075][  0]LogInit: Object subsystem initialized
[2015.08.31-09.27.09:075][  0]LogConsoleResponse:Warning: Skipping Unknown console variable: 'UIScaleCurve = (EditorCurveData=(Keys=((Time=480.000000,Value=0.444000),(Time=720.000000,Value=0.666000),(Time=1080.000000,Value=1.000000),(Time=8640.000000,Value=8.000000))),ExternalCurve=None)'
[2015.08.31-09.27.09:075][  0]LogConsoleResponse:Warning:   Found in ini file 'C:/Users/Bodoo/Documents/Programmieren/Projekte/NotPartofTheGame/Saved/Config/Windows/Engine.ini', in section '[/Script/Engine.RendererSettings]'
[2015.08.31-09.27.09:076][  0]LogConsoleManager:Warning: Console variable 'r.MSAA.CompositingSampleCount' wasn't set ('Scalability' has a lower priority than 'ProjectSetting')
[2015.08.31-09.27.09:076][  0]LogInit: Selected Device Profile: [Windows]
[2015.08.31-09.27.09:076][  0]LogInit: Applying CVar settings loaded from the selected device profile: [Windows]
[2015.08.31-09.27.09:097][  0]LogInit: Computer: DESKTOP-GLF6O4V
[2015.08.31-09.27.09:097][  0]LogInit: User: Bodoo
[2015.08.31-09.27.09:097][  0]LogInit: CPU Page size=4096, Cores=4
[2015.08.31-09.27.09:097][  0]LogInit: High frequency timer resolution =3.215351 MHz
[2015.08.31-09.27.09:097][  0]LogMemory: Memory total: Physical=12.0GB (12GB approx)
[2015.08.31-09.27.09:097][  0]LogMemory: Platform Memory Stats for Windows
[2015.08.31-09.27.09:097][  0]LogMemory: Process Physical Memory: 50.49 MB used, 50.49 MB peak
[2015.08.31-09.27.09:097][  0]LogMemory: Process Virtual Memory: 22.44 MB used, 22.44 MB peak
[2015.08.31-09.27.09:097][  0]LogMemory: Physical Memory: 2033.32 MB used, 12270.70 MB total
[2015.08.31-09.27.09:097][  0]LogMemory: Virtual Memory: 309.61 MB used, 134217728.00 MB total
[2015.08.31-09.27.09:443][  0]LogTextLocalizationManager: The requested culture ('de_DE') has no localization data; falling back to 'en' for localization and internationalization data.
[2015.08.31-09.27.09:698][  0]LogTextLocalizationManager:Warning: Loaded localization resources contain conflicting entries for (Namespace:ContentBrowser, Key:ImportAssetToolTip):
Localization Resource: (C:/Users/Bodoo/Documents/Programmieren/4.8/Engine/Content/Localization/Editor/en/Editor.locres) Source String Hash: (-630476809) Localized String: (Import to {0}...)
Localization Resource: (C:/Users/Bodoo/Documents/Programmieren/4.8/Engine/Content/Localization/Editor/en/Editor.locres) Source String Hash: (1271782899) Localized String: (Imports an asset from file to this folder.)
[2015.08.31-09.27.10:205][  0]LogD3D11RHI: Found D3D11 adapter 0: AMD Radeon HD 6800 Series (Feature Level 11_0)
[2015.08.31-09.27.10:205][  0]LogD3D11RHI: Adapter has 1011MB of dedicated video memory, 0MB of dedicated system memory, and 3840MB of shared system memory, 1 output[s]
[2015.08.31-09.27.10:206][  0]LogD3D11RHI: Found D3D11 adapter 1: Microsoft Basic Render Driver (Feature Level 11_0)
[2015.08.31-09.27.10:206][  0]LogD3D11RHI: Adapter has 0MB of dedicated video memory, 0MB of dedicated system memory, and 6135MB of shared system memory, 0 output[s]
[2015.08.31-09.27.10:206][  0]LogD3D11RHI: Chosen D3D11 Adapter Id = 0
[2015.08.31-09.27.10:209][  0]LogD3D11RHI: InitD3DDevice
[2015.08.31-09.27.10:209][  0]LogD3D11RHI: !Direct3DDevice
[2015.08.31-09.27.10:209][  0]LogRHI: Texture pool is 708 MB (70% of 1011 MB)
[2015.08.31-09.27.10:216][  0]LogD3D11RHI: Async texture creation disabled: no driver support
[2015.08.31-09.27.10:226][  0]LogShaderCompilers:Display: Using Local Shader Compiler.
[2015.08.31-09.27.12:953][  0]LogTemp:Display: Loaded TP DesktopTargetPlatform
[2015.08.31-09.27.12:969][  0]LogTemp:Display: Loaded TP WindowsClientTargetPlatform
[2015.08.31-09.27.12:984][  0]LogTemp:Display: Loaded TP WindowsNoEditorTargetPlatform
[2015.08.31-09.27.13:000][  0]LogTemp:Display: Loaded TP WindowsServerTargetPlatform
[2015.08.31-09.27.13:018][  0]LogTemp:Display: Loaded TP WindowsTargetPlatform
[2015.08.31-09.27.13:034][  0]LogTemp:Display: Loaded TP AndroidTargetPlatform
[2015.08.31-09.27.13:048][  0]LogTemp:Display: Loaded TP Android_ASTCTargetPlatform
[2015.08.31-09.27.13:062][  0]LogTemp:Display: Loaded TP Android_ATCTargetPlatform
[2015.08.31-09.27.13:076][  0]LogTemp:Display: Loaded TP Android_DXTTargetPlatform
[2015.08.31-09.27.13:090][  0]LogTemp:Display: Loaded TP Android_ETC1TargetPlatform
[2015.08.31-09.27.13:103][  0]LogTemp:Display: Loaded TP Android_ETC2TargetPlatform
[2015.08.31-09.27.13:117][  0]LogTemp:Display: Loaded TP Android_PVRTCTargetPlatform
[2015.08.31-09.27.13:245][  0]LogTemp:Display: Loaded TP IOSTargetPlatform
[2015.08.31-09.27.13:258][  0]LogTemp:Display: Loaded TP LinuxNoEditorTargetPlatform
[2015.08.31-09.27.13:273][  0]LogTemp:Display: Loaded TP LinuxServerTargetPlatform
[2015.08.31-09.27.13:291][  0]LogTemp:Display: Loaded TP LinuxTargetPlatform
[2015.08.31-09.27.13:291][  0]LogTargetPlatformManager:Display: Building Assets For Windows
[2015.08.31-09.27.14:080][  0]LogDerivedDataCache:Display: Max Cache Size: 512 MB
[2015.08.31-09.27.14:474][  0]LogDerivedDataCache: Loaded boot cache 0.39s 53MB C:/Users/Bodoo/AppData/Local/UnrealEngine/4.8/DerivedDataCache/Boot.ddc.
[2015.08.31-09.27.14:474][  0]LogDerivedDataCache:Display: Loaded Boot cache: C:/Users/Bodoo/AppData/Local/UnrealEngine/4.8/DerivedDataCache/Boot.ddc
[2015.08.31-09.27.14:493][  0]LogDerivedDataCache: FDerivedDataBackendGraph:  Pak pak cache file ../../../../Projekte/NotPartofTheGame/DerivedDataCache/DDC.ddp not found, will not use a pak cache.
[2015.08.31-09.27.14:493][  0]LogDerivedDataCache: Unable to find inner node Pak for hierarchical cache Hierarchy.
[2015.08.31-09.27.14:493][  0]LogDerivedDataCache: FDerivedDataBackendGraph:  CompressedPak pak cache file ../../../../Projekte/NotPartofTheGame/DerivedDataCache/Compressed.ddp not found, will not use a pak cache.
[2015.08.31-09.27.14:493][  0]LogDerivedDataCache: Unable to find inner node CompressedPak for hierarchical cache Hierarchy.
[2015.08.31-09.27.14:728][  0]LogDerivedDataCache:Display: Pak cache opened for reading ../../../Engine/DerivedDataCache/Compressed.ddp.
[2015.08.31-09.27.14:740][  0]LogDerivedDataCache: Using Local data cache path C:/Users/Bodoo/AppData/Local/UnrealEngine/Common/DerivedDataCache: Writable
[2015.08.31-09.27.24:590][  0]LogInit: Selected Device Profile: [Windows]
[2015.08.31-09.27.25:483][  0]ImportText (ComponentSweepMultiTests): Missing closing parenthesis: (RootShapeAsset="/Engine/BasicShapes/Cube.Cube",ShapeType="TriggerCapsule",HitResult=(Time=0.50,Location=(X=-100.000015,Y=0.0,Z=100.000015),ImpactPoint=(X=-50.0,Y=0.0,Z=50.0),Normal=(X=-1.0,Y=-0.0,Z=0.0),ImpactNormal=(X=0.0,Y=0.0,Z=1.0),TraceStart=(X=-200.0,Y=0.0,Z=200.0),TraceEnd=(X=0.0,Y=0.0,Z=0.0))
[2015.08.31-09.27.25:483][  0]ImportText (LineTraceSingleByChannelTests): Missing closing parenthesis: (RootShapeAsset="/Engine/BasicShapes/Cube.Cube",HitResult=(Time=0.50,Location=(X=-100.000015,Y=0.0,Z=100.000015),ImpactPoint=(X=-50.0,Y=0.0,Z=50.0),Normal=(X=-1.0,Y=-0.0,Z=0.0),ImpactNormal=(X=0.0,Y=0.0,Z=1.0),TraceStart=(X=-200.0,Y=0.0,Z=200.0),TraceEnd=(X=0.0,Y=0.0,Z=0.0))
[2015.08.31-09.27.25:830][  0]LogMeshUtilities: No automatic mesh reduction module available
[2015.08.31-09.27.25:830][  0]LogMeshUtilities: No automatic mesh merging module available
[2015.08.31-09.27.28:697][  0]LogInit: WinSock: version 1.1 (2.2), MaxSocks=32767, MaxUdp=65467
[2015.08.31-09.27.37:507][  0]LogAssetRegistry: FAssetRegistry took 0.0330 seconds to start up
[2015.08.31-09.27.37:571][  0]LogDirectoryWatcher:Warning: Failed to begin reading directory changes for ../../../Engine/Plugins/Experimental/CharacterAI/Content/. Error: 0
[2015.08.31-09.27.37:820][  0]UdpMessaging: Initializing bridge on interface 0.0.0.0:0 to multicast group 230.0.0.1:6666.
[2015.08.31-09.27.40:896][  0]SourceControl: Info Source control is disabled
[2015.08.31-09.27.41:130][  0]SourceControl: Info Source control is disabled
[2015.08.31-09.27.41:172][  0]SourceControl: Info Source control is disabled
[2015.08.31-09.27.41:217][  0]SourceControl: Info Source control is disabled
[2015.08.31-09.27.42:076][  0]LogObj: 26440 objects as part of root set at end of initial load.
[2015.08.31-09.27.42:076][  0]LogUObjectAllocator: 5438864 out of 0 bytes used by permanent object pool.
[2015.08.31-09.27.42:629][  0]LogEngine: Initializing Engine...
[2015.08.31-09.27.42:664][  0]LogHMD: Can't find Oculus library dev build: is proper Runtime installed? Version: 0.6.0.0
[2015.08.31-09.27.42:763][  0]LogHMD:Warning: SteamVR failed to initialize.  Error: 110
[2015.08.31-09.27.43:499][  0]LogAIModule: Creating AISystem for world NewWorld
[2015.08.31-09.27.43:770][  0]LogInit: XAudio2 using 'Lautsprecher (G510s Gaming Keyboard)' : 2 channels at 48 kHz using 16 bits per sample (channel mask 0x3)
[2015.08.31-09.27.43:799][  0]LogInit: FAudioDevice initialized.
[2015.08.31-09.27.43:835][  0]LogDerivedDataCache: Saved boot cache 0.04s 53MB C:/Users/Bodoo/AppData/Local/UnrealEngine/4.8/DerivedDataCache/Boot.ddc.
[2015.08.31-09.27.43:875][  0]LogInit: Texture streaming: Disabled
[2015.08.31-09.27.43:949][  0]LogAnalytics: Creating configured Analytics provider AnalyticsET
[2015.08.31-09.27.43:963][  0]LogAnalytics: [UEEditor.Rocket.Release] APIServer = http://et2.epicgames.com/ET2/. AppVersion = 4.8.3-2634408+++depot+UE4-Releases+4.8
[2015.08.31-09.27.43:963][  0]LogAnalytics: [UEEditor.Rocket.Release] SetUserId 0359330b4a4de6cf49a2cc9879aa4f35||823e2c57-8ae8-4d61-a04c-15505c18bf02
[2015.08.31-09.27.43:963][  0]LogAnalytics: [UEEditor.Rocket.Release] AnalyticsET::StartSession
[2015.08.31-09.27.44:516][  0]LogInit: Transaction tracking system initialized
[2015.08.31-09.27.44:924][  0]BlueprintLog: New page: Editor Load
[2015.08.31-09.27.48:157][  0]LogConsoleManager:Warning: Console variable 'r.VSync' wasn't set ('GameSetting' has a lower priority than 'SystemSettingsIni')
[2015.08.31-09.27.48:157][  0]LogConsoleResponse:Display: 
[2015.08.31-09.27.49:968][  0]LogCook:Display: Done creating registry. It took  0.00s.
[2015.08.31-09.27.51:177][  0]SourceControl: Info Source control is disabled
[2015.08.31-09.27.51:253][  0]Cmd: MAP LOAD FILE="../../../../Projekte/NotPartofTheGame/Content/NPOTG/Maps/Testing_Level.umap" TEMPLATE=0 SHOWPROGRESS=1 FEATURELEVEL=3
[2015.08.31-09.27.51:359][  0]LightingResults: New page: Lighting Build
[2015.08.31-09.27.51:602][  0]MapCheck: New page: Map Check
[2015.08.31-09.27.51:602][  0]LightingResults: New page: Lighting Build
[2015.08.31-09.27.51:926][  0]LogParticles: Destroying 0 GPU particle simulations for FXSystem 0x0000006994717920
[2015.08.31-09.27.57:745][  0]LogAIModule: Creating AISystem for world Testing_Level
[2015.08.31-09.27.57:769][  0]LogPrimitiveComponent: Zero scaling not supported (/Game/NPOTG/Maps/Testing_Level.Testing_Level:PersistentLevel.PlayerStart.CollisionCapsule)
[2015.08.31-09.27.58:166][  0]LogEditorServer: Finished looking for orphan Actors (0.000 secs)
[2015.08.31-09.27.58:183][  0]Cmd: MAP CHECKDEP NOCLEARLOG
[2015.08.31-09.27.58:247][  0]MapCheck: Info Map check complete: 0 Error(s), 0 Warning(s), took 64.038ms to complete.
[2015.08.31-09.27.58:247][  0]LogFileHelpers: Loading map 'Testing_Level' took 7.024
[2015.08.31-09.27.59:461][  0]LogCollectionManager: Loaded 0 collections in 0.002286 seconds
[2015.08.31-09.27.59:475][  0]LogContentBrowser: Native class hierarchy populated in 0.0133 seconds. Added 1807 classes and 307 folders.
[2015.08.31-09.27.59:726][  0]LogContentBrowser: Native class hierarchy updated for 'WidgetCarousel' in 0.0003 seconds. Added 0 classes and 0 folders.
[2015.08.31-09.27.59:926][  0]LogContentBrowser: Native class hierarchy updated for 'AddContentDialog' in 0.0003 seconds. Added 0 classes and 0 folders.
[2015.08.31-09.28.00:022][  0]LogContentBrowser: Native class hierarchy updated for 'SceneOutliner' in 0.0004 seconds. Added 1 classes and 2 folders.
[2015.08.31-09.28.00:837][  0]LogCrashTracker: Crashtracker disabled due to settings.
[2015.08.31-09.28.00:912][  0]LogD3D11RHI: InitD3DDevice
[2015.08.31-09.28.01:016][  0]LogUObjectGlobals:Warning: Failed to find object 'Class None.'
[2015.08.31-09.28.01:118][  0]LogLoad: Full Startup: 55.06 seconds (BP compile: 1.82 seconds)
[2015.08.31-09.28.02:293][  0]LogContentStreaming: Texture pool size is 0.000000MB
[2015.08.31-09.28.02:484][  0]LogContentStreaming: Texture pool size now 1000 MB
[2015.08.31-09.28.03:168][  0]LogRenderer: Reallocating scene render targets to support 1208x576 (Frame:2).
[2015.08.31-09.28.06:504][  9]LogAssetRegistry: Asset discovery search completed in 29.0089 seconds
[2015.08.31-09.32.01:572][738]LogD3D11RHI: InitD3DDevice
[2015.08.31-09.32.10:549][497]LogD3D11RHI: InitD3DDevice
[2015.08.31-09.32.12:433][717]LogPlayLevel: PIE:  No blueprints needed recompiling
[2015.08.31-09.32.12:477][717]PIE: New page: PIE session: Testing_Level (Aug 31, 2015, 1:32:12 PM)
[2015.08.31-09.32.12:478][717]LogPlayLevel: Creating play world package: /Game/NPOTG/Maps/UEDPIE_0_Testing_Level
[2015.08.31-09.32.12:543][717]LogPlayLevel: PIE: StaticDuplicateObject took: (0.065774s)
[2015.08.31-09.32.12:544][717]LogAIModule: Creating AISystem for world Testing_Level
[2015.08.31-09.32.12:545][717]LogPlayLevel: PIE: World Init took: (0.001370s)
[2015.08.31-09.32.12:545][717]LogPlayLevel: PIE: Created PIE world by copying editor world from /Game/NPOTG/Maps/Testing_Level.Testing_Level to /Game/NPOTG/Maps/UEDPIE_0_Testing_Level.Testing_Level (0.067724s)
[2015.08.31-09.32.12:822][717]LogInit: XAudio2 using 'Lautsprecher (G510s Gaming Keyboard)' : 2 channels at 48 kHz using 16 bits per sample (channel mask 0x3)
[2015.08.31-09.32.12:827][717]LogInit: FAudioDevice initialized.
[2015.08.31-09.32.12:830][717]LogD3D11RHI: InitD3DDevice
[2015.08.31-09.32.12:876][717]LogWorld: Game class is '2DSideScrollerGameMode_C'
[2015.08.31-09.32.13:074][717]LogWorld: Bringing World /Game/NPOTG/Maps/UEDPIE_0_Testing_Level.Testing_Level up for play (max tick rate 0) at 2015.08.31-11.32.13
[2015.08.31-09.32.13:074][717]LogActor:Warning: GameSession /Game/NPOTG/Maps/UEDPIE_0_Testing_Level.Testing_Level:PersistentLevel.GameSession_0 has natively added scene component(s), but none of them were set as the actor's RootComponent - picking one arbitrarily
[2015.08.31-09.32.13:075][717]LogActor:Warning: GameNetworkManager /Game/NPOTG/Maps/UEDPIE_0_Testing_Level.Testing_Level:PersistentLevel.GameNetworkManager_0 has natively added scene component(s), but none of them were set as the actor's RootComponent - picking one arbitrarily
[2015.08.31-09.32.13:087][717]LogWorld: Bringing up level for play took: 0.208746
[2015.08.31-09.32.13:109][717]PIE: Info Play in editor start time for /Game/NPOTG/Maps/UEDPIE_0_Testing_Level 1.534
[2015.08.31-09.32.13:134][717]LogRenderer: Reallocating scene render targets to support 1456x936 (Frame:805).
[2015.08.31-09.32.15:955][ 27]LogParticles: Destroying 0 GPU particle simulations for FXSystem 0x00000069A2C3EFC0
[2015.08.31-09.32.24:628][494]LogWindowsTextInputMethodSystem:Display: IME system now deactivated.
[2015.08.31-09.32.24:628][494]LogWindowsTextInputMethodSystem:Display: IME system now deactivated.
[2015.08.31-09.32.24:889][495]Cmd: QUIT_EDITOR
[2015.08.31-09.32.25:218][495]LogExit: Preparing to exit.
[2015.08.31-09.32.26:068][495]LogExit: Editor shut down
[2015.08.31-09.32.26:069][495]LogExit: Transaction tracking system shut down
[2015.08.31-09.32.26:076][495]LogParticles: Destroying 0 GPU particle simulations for FXSystem 0x0000006987B0CC20
[2015.08.31-09.32.26:078][495]LogParticles: Destroying 0 GPU particle simulations for FXSystem 0x00000069A2C3D760
[2015.08.31-09.32.26:203][495]LogParticles: Destroying 0 GPU particle simulations for FXSystem 0x00000069A0FCBE20
[2015.08.31-09.32.26:203][495]LogParticles: Destroying 0 GPU particle simulations for FXSystem 0x0000006987F3B880
[2015.08.31-09.32.26:203][495]LogExit: Object subsystem successfully closed.
[2015.08.31-09.32.26:217][495]LogD3D11RHI: Shutdown
[2015.08.31-09.32.26:217][495]LogD3D11RHI: CleanupD3DDevice
[2015.08.31-09.32.26:577][495]LogD3D11RHI: ~FD3D11DynamicRHI
[2015.08.31-09.32.26:595][495]LogModuleManager: Shutting down and abandoning module CrashTracker (190)
[2015.08.31-09.32.26:595][495]LogModuleManager: Shutting down and abandoning module SceneOutliner (189)
[2015.08.31-09.32.26:595][495]LogModuleManager: Shutting down and abandoning module SuperSearch (188)
[2015.08.31-09.32.26:595][495]LogModuleManager: Shutting down and abandoning module WidgetCarousel (187)
[2015.08.31-09.32.26:595][495]LogModuleManager: Shutting down and abandoning module AddContentDialog (186)
[2015.08.31-09.32.26:596][495]LogModuleManager: Shutting down and abandoning module EditorWidgets (185)
[2015.08.31-09.32.26:596][495]LogModuleManager: Shutting down and abandoning module CollectionManager (184)
[2015.08.31-09.32.26:596][495]LogModuleManager: Shutting down and abandoning module StatsViewer (183)
[2015.08.31-09.32.26:596][495]LogModuleManager: Shutting down and abandoning module FoliageEdit (182)
[2015.08.31-09.32.26:596][495]LogModuleManager: Shutting down and abandoning module LandscapeEditor (181)
[2015.08.31-09.32.26:596][495]LogModuleManager: Shutting down and abandoning module ActorPickerMode (180)
[2015.08.31-09.32.26:596][495]LogModuleManager: Shutting down and abandoning module GeometryMode (179)
[2015.08.31-09.32.26:596][495]LogModuleManager: Shutting down and abandoning module TextureAlignMode (178)
[2015.08.31-09.32.26:596][495]LogModuleManager: Shutting down and abandoning module BspMode (177)
[2015.08.31-09.32.26:596][495]LogModuleManager: Shutting down and abandoning module PlacementMode (176)
[2015.08.31-09.32.26:596][495]LogModuleManager: Shutting down and abandoning module AutomationWorker (175)
[2015.08.31-09.32.26:596][495]LogModuleManager: Shutting down and abandoning module CharacterAI (174)
[2015.08.31-09.32.26:597][495]LogModuleManager: Shutting down and abandoning module SmartSnapping (173)
[2015.08.31-09.32.26:597][495]LogModuleManager: Shutting down and abandoning module ViewportSnapping (172)
[2015.08.31-09.32.26:597][495]LogModuleManager: Shutting down and abandoning module LogVisualizer (171)
[2015.08.31-09.32.26:597][495]LogModuleManager: Shutting down and abandoning module GameProjectGeneration (170)
[2015.08.31-09.32.26:597][495]LogModuleManager: Shutting down and abandoning module IntroTutorials (169)
[2015.08.31-09.32.26:597][495]LogModuleManager: Shutting down and abandoning module EditorLiveStreaming (168)
[2015.08.31-09.32.26:597][495]LogModuleManager: Shutting down and abandoning module IOSPlatformEditor (167)
[2015.08.31-09.32.26:597][495]LogModuleManager: Shutting down and abandoning module HTML5PlatformEditor (166)
[2015.08.31-09.32.26:597][495]LogModuleManager: Shutting down and abandoning module AndroidDeviceDetection (165)
[2015.08.31-09.32.26:699][495]LogModuleManager: Shutting down and abandoning module AndroidPlatformEditor (164)
[2015.08.31-09.32.26:699][495]LogModuleManager: Shutting down and abandoning module IOSRuntimeSettings (163)
[2015.08.31-09.32.26:699][495]LogModuleManager: Shutting down and abandoning module AndroidRuntimeSettings (162)
[2015.08.31-09.32.26:699][495]LogModuleManager: Shutting down and abandoning module MergeActors (161)
[2015.08.31-09.32.26:699][495]LogModuleManager: Shutting down and abandoning module SizeMap (160)
[2015.08.31-09.32.26:699][495]LogModuleManager: Shutting down and abandoning module TreeMap (159)
[2015.08.31-09.32.26:699][495]LogModuleManager: Shutting down and abandoning module ReferenceViewer (158)
[2015.08.31-09.32.26:699][495]LogModuleManager: Shutting down and abandoning module LocalizationDashboard (157)
[2015.08.31-09.32.26:699][495]LogModuleManager: Shutting down and abandoning module HardwareTargeting (156)
[2015.08.31-09.32.26:699][495]LogModuleManager: Shutting down and abandoning module DeviceProfileEditor (155)
[2015.08.31-09.32.26:699][495]LogModuleManager: Shutting down and abandoning module UndoHistory (154)
[2015.08.31-09.32.26:699][495]LogModuleManager: Shutting down and abandoning module GameplayTagsEditor (153)
[2015.08.31-09.32.26:699][495]LogModuleManager: Shutting down and abandoning module UserFeedback (152)
[2015.08.31-09.32.26:699][495]LogModuleManager: Shutting down and abandoning module XmlParser (151)
[2015.08.31-09.32.26:699][495]LogModuleManager: Shutting down and abandoning module Blutility (150)
[2015.08.31-09.32.26:699][495]LogModuleManager: Shutting down and abandoning module ProjectTargetPlatformEditor (149)
[2015.08.31-09.32.26:699][495]LogModuleManager: Shutting down and abandoning module ProjectSettingsViewer (148)
[2015.08.31-09.32.26:699][495]LogModuleManager: Shutting down and abandoning module InputBindingEditor (147)
[2015.08.31-09.32.26:699][495]LogModuleManager: Shutting down and abandoning module EditorSettingsViewer (146)
[2015.08.31-09.32.26:699][495]LogModuleManager: Shutting down and abandoning module SettingsEditor (145)
[2015.08.31-09.32.26:699][495]LogModuleManager: Shutting down and abandoning module ProjectLauncher (144)
[2015.08.31-09.32.26:699][495]LogModuleManager: Shutting down and abandoning module SessionFrontend (143)
[2015.08.31-09.32.26:699][495]LogModuleManager: Shutting down and abandoning module ProfilerClient (142)
[2015.08.31-09.32.26:699][495]LogModuleManager: Shutting down and abandoning module TargetDeviceServices (141)
[2015.08.31-09.32.26:699][495]LogModuleManager: Shutting down and abandoning module DeviceManager (140)
[2015.08.31-09.32.26:700][495]LogModuleManager: Shutting down and abandoning module AutomationController (139)
[2015.08.31-09.32.26:700][495]LogModuleManager: Shutting down and abandoning module AutomationWindow (138)
[2015.08.31-09.32.26:700][495]LogModuleManager: Shutting down and abandoning module Layers (137)
[2015.08.31-09.32.26:700][495]LogModuleManager: Shutting down and abandoning module ComponentVisualizers (136)
[2015.08.31-09.32.26:700][495]LogModuleManager: Shutting down and abandoning module DetailCustomizations (135)
[2015.08.31-09.32.26:700][495]LogModuleManager: Shutting down and abandoning module PackagesDialog (134)
[2015.08.31-09.32.26:700][495]LogModuleManager: Shutting down and abandoning module Persona (133)
[2015.08.31-09.32.26:700][495]LogModuleManager: Shutting down and abandoning module Kismet (132)
[2015.08.31-09.32.26:700][495]LogModuleManager: Shutting down and abandoning module GraphEditor (131)
[2015.08.31-09.32.26:700][495]LogModuleManager: Shutting down and abandoning module ClassViewer (130)
[2015.08.31-09.32.26:700][495]LogModuleManager: Shutting down and abandoning module Toolbox (129)
[2015.08.31-09.32.26:700][495]LogModuleManager: Shutting down and abandoning module ModuleUI (128)
[2015.08.31-09.32.26:700][495]LogModuleManager: Shutting down and abandoning module MovieSceneTools (127)
[2015.08.31-09.32.26:700][495]LogModuleManager: Shutting down and abandoning module OutputLog (126)
[2015.08.31-09.32.26:700][495]LogModuleManager: Shutting down and abandoning module GammaUI (125)
[2015.08.31-09.32.26:700][495]LogModuleManager: Shutting down and abandoning module Documentation (124)
[2015.08.31-09.32.26:700][495]LogModuleManager: Shutting down and abandoning module GameLiveStreaming (123)
[2015.08.31-09.32.26:700][495]LogModuleManager: Shutting down and abandoning module StreamingPauseRendering (122)
[2015.08.31-09.32.26:700][495]LogModuleManager: Shutting down and abandoning module AnalyticsET (121)
[2015.08.31-09.32.26:700][495]LogModuleManager: Shutting down and abandoning module Analytics (120)
[2015.08.31-09.32.26:700][495]LogModuleManager: Shutting down and abandoning module AITestSuite (119)
[2015.08.31-09.32.26:700][495]LogModuleManager: Shutting down and abandoning module GameplayDebugger (118)
[2015.08.31-09.32.26:700][495]LogModuleManager: Shutting down and abandoning module AIModule (117)
[2015.08.31-09.32.26:700][495]LogModuleManager: Shutting down and abandoning module ProfilerService (116)
[2015.08.31-09.32.26:868][495]LogModuleManager: Shutting down and abandoning module TaskGraph (115)
[2015.08.31-09.32.26:868][495]LogModuleManager: Shutting down and abandoning module SubstanceEditor (114)
[2015.08.31-09.32.26:868][495]LogModuleManager: Shutting down and abandoning module SlateRemote (113)
[2015.08.31-09.32.26:868][495]LogModuleManager: Shutting down and abandoning module SteamVRController (112)
[2015.08.31-09.32.26:868][495]LogModuleManager: Shutting down and abandoning module SteamVR (111)
[2015.08.31-09.32.26:868][495]LogModuleManager: Shutting down and abandoning module ProceduralMeshComponent (110)
[2015.08.31-09.32.26:868][495]LogModuleManager: Shutting down and abandoning module OculusRift (109)
[2015.08.31-09.32.26:868][495]LogModuleManager: Shutting down and abandoning module LeapMotionController (108)
[2015.08.31-09.32.26:873][495]LogModuleManager: Shutting down and abandoning module CustomMeshComponent (107)
[2015.08.31-09.32.26:873][495]LogModuleManager: Shutting down and abandoning module CableComponent (106)
[2015.08.31-09.32.26:873][495]LogModuleManager: Shutting down and abandoning module MessagingDebugger (105)
[2015.08.31-09.32.26:873][495]LogModuleManager: Shutting down and abandoning module MediaPlayerEditor (104)
[2015.08.31-09.32.26:873][495]LogModuleManager: Shutting down and abandoning module SpeedTreeImporter (103)
[2015.08.31-09.32.26:873][495]LogModuleManager: Shutting down and abandoning module PluginBrowser (102)
[2015.08.31-09.32.26:873][495]LogModuleManager: Shutting down and abandoning module EpicSurvey (101)
[2015.08.31-09.32.26:873][495]LogModuleManager: Shutting down and abandoning module DesktopPlatform (100)
[2015.08.31-09.32.26:873][495]LogModuleManager: Shutting down and abandoning module VisualStudioSourceCodeAccess (99)
[2015.08.31-09.32.26:873][495]LogModuleManager: Shutting down and abandoning module UObjectPlugin (98)
[2015.08.31-09.32.26:873][495]LogModuleManager: Shutting down and abandoning module SubversionSourceControl (97)
[2015.08.31-09.32.26:874][495]LogModuleManager: Shutting down and abandoning module PerforceSourceControl (96)
[2015.08.31-09.32.26:874][495]LogModuleManager: Shutting down and abandoning module SourceControl (95)
[2015.08.31-09.32.26:874][495]LogModuleManager: Shutting down and abandoning module GitSourceControl (94)
[2015.08.31-09.32.26:874][495]LogModuleManager: Shutting down and abandoning module BlankPlugin (93)
[2015.08.31-09.32.26:874][495]LogModuleManager: Shutting down and abandoning module PaperTiledImporter (92)
[2015.08.31-09.32.26:874][495]LogModuleManager: Shutting down and abandoning module PaperSpriteSheetImporter (91)
[2015.08.31-09.32.26:874][495]LogModuleManager: Shutting down and abandoning module MeshPaint (90)
[2015.08.31-09.32.26:874][495]LogModuleManager: Shutting down and abandoning module SlateReflector (89)
[2015.08.31-09.32.26:874][495]LogModuleManager: Shutting down and abandoning module HotReload (88)
[2015.08.31-09.32.26:874][495]LogModuleManager: Shutting down and abandoning module MainFrame (87)
[2015.08.31-09.32.26:874][495]LogModuleManager: Shutting down and abandoning module LevelEditor (86)
[2015.08.31-09.32.26:874][495]LogModuleManager: Shutting down and abandoning module ContentBrowser (85)
[2015.08.31-09.32.26:875][495]LogModuleManager: Shutting down and abandoning module Paper2DEditor (84)
[2015.08.31-09.32.26:875][495]LogModuleManager: Shutting down and abandoning module UdpMessaging (83)
[2015.08.31-09.32.26:976][495]LogModuleManager: Shutting down and abandoning module DirectoryWatcher (82)
[2015.08.31-09.32.26:977][495]LogModuleManager: Shutting down and abandoning module AssetRegistry (81)
[2015.08.31-09.32.27:057][495]LogModuleManager: Shutting down and abandoning module SubstanceCore (80)
[2015.08.31-09.32.27:057][495]LogModuleManager: Shutting down and abandoning module Paper2D (79)
[2015.08.31-09.32.27:057][495]LogModuleManager: Shutting down and abandoning module WindowsMoviePlayer (78)
[2015.08.31-09.32.27:059][495]LogModuleManager: Shutting down and abandoning module Media (77)
[2015.08.31-09.32.27:059][495]LogModuleManager: Shutting down and abandoning module WmfMedia (76)
[2015.08.31-09.32.27:059][495]LogModuleManager: Shutting down and abandoning module OnlineBlueprintSupport (75)
[2015.08.31-09.32.27:059][495]LogModuleManager: Shutting down and abandoning module PropertyEditor (74)
[2015.08.31-09.32.27:059][495]LogModuleManager: Shutting down and abandoning module BehaviorTreeEditor (73)
[2015.08.31-09.32.27:059][495]LogModuleManager: Shutting down and abandoning module FunctionalTesting (72)
[2015.08.31-09.32.27:059][495]LogModuleManager: Shutting down and abandoning module CollisionAnalyzer (71)
[2015.08.31-09.32.27:059][495]LogModuleManager: Shutting down and abandoning module WorkspaceMenuStructure (70)
[2015.08.31-09.32.27:059][495]LogModuleManager: Shutting down and abandoning module MessageLog (69)
[2015.08.31-09.32.27:059][495]LogModuleManager: Shutting down and abandoning module Sequencer (68)
[2015.08.31-09.32.27:060][495]LogModuleManager: Shutting down and abandoning module AssetTools (67)
[2015.08.31-09.32.27:060][495]LogModuleManager: Shutting down and abandoning module UMGEditor (66)
[2015.08.31-09.32.27:060][495]LogModuleManager: Shutting down and abandoning module UMG (65)
[2015.08.31-09.32.27:060][495]LogModuleManager: Shutting down and abandoning module Slate (64)
[2015.08.31-09.32.27:060][495]LogModuleManager: Shutting down and abandoning module EditorStyle (63)
[2015.08.31-09.32.27:062][495]LogModuleManager: Shutting down and abandoning module SessionServices (62)
[2015.08.31-09.32.27:062][495]LogModuleManager: Shutting down and abandoning module SourceCodeAccess (61)
[2015.08.31-09.32.27:062][495]LogModuleManager: Shutting down and abandoning module HeadMountedDisplay (60)
[2015.08.31-09.32.27:062][495]LogModuleManager: Shutting down and abandoning module XAudio2 (59)
[2015.08.31-09.32.27:062][495]LogModuleManager: Shutting down and abandoning module Networking (57)
[2015.08.31-09.32.27:062][495]LogModuleManager: Shutting down and abandoning module Core (56)
[2015.08.31-09.32.27:062][495]LogModuleManager: Shutting down and abandoning module KismetCompiler (55)
[2015.08.31-09.32.27:062][495]LogModuleManager: Shutting down and abandoning module PhysXFormats (54)
[2015.08.31-09.32.27:062][495]LogModuleManager: Shutting down and abandoning module MeshUtilities (53)
[2015.08.31-09.32.27:062][495]LogModuleManager: Shutting down and abandoning module DerivedDataCache (52)
[2015.08.31-09.32.27:107][495]LogDerivedDataCache: Shutdown
[2015.08.31-09.32.27:107][495]LogModuleManager: Shutting down and abandoning module ShaderFormatOpenGL (51)
[2015.08.31-09.32.27:107][495]LogModuleManager: Shutting down and abandoning module ShaderFormatD3D (50)
[2015.08.31-09.32.27:107][495]LogModuleManager: Shutting down and abandoning module MetalShaderFormat (49)
[2015.08.31-09.32.27:107][495]LogModuleManager: Shutting down and abandoning module TextureFormatUncompressed (48)
[2015.08.31-09.32.27:107][495]LogModuleManager: Shutting down and abandoning module TextureFormatPVR (47)
[2015.08.31-09.32.27:107][495]LogModuleManager: Shutting down and abandoning module TextureFormatIntelISPCTexComp (46)
[2015.08.31-09.32.27:107][495]LogModuleManager: Shutting down and abandoning module TextureFormatDXT (45)
[2015.08.31-09.32.27:107][495]LogModuleManager: Shutting down and abandoning module ImageWrapper (44)
[2015.08.31-09.32.27:107][495]LogModuleManager: Shutting down and abandoning module TextureFormatASTC (43)
[2015.08.31-09.32.27:107][495]LogModuleManager: Shutting down and abandoning module TextureFormatAndroid (42)
[2015.08.31-09.32.27:107][495]LogModuleManager: Shutting down and abandoning module AudioFormatOpus (41)
[2015.08.31-09.32.27:107][495]LogModuleManager: Shutting down and abandoning module AudioFormatOgg (40)
[2015.08.31-09.32.27:107][495]LogModuleManager: Shutting down and abandoning module AudioFormatADPCM (39)
[2015.08.31-09.32.27:107][495]LogModuleManager: Shutting down and abandoning module LinuxTargetPlatform (38)
[2015.08.31-09.32.27:107][495]LogModuleManager: Shutting down and abandoning module LinuxServerTargetPlatform (37)
[2015.08.31-09.32.27:107][495]LogModuleManager: Shutting down and abandoning module LinuxNoEditorTargetPlatform (36)
[2015.08.31-09.32.27:107][495]LogModuleManager: Shutting down and abandoning module Messaging (35)
[2015.08.31-09.32.27:107][495]LogModuleManager: Shutting down and abandoning module IOSTargetPlatform (34)
[2015.08.31-09.32.27:107][495]LogModuleManager: Shutting down and abandoning module HTML5TargetPlatform (33)
[2015.08.31-09.32.27:107][495]LogModuleManager: Shutting down and abandoning module Android_PVRTCTargetPlatform (32)
[2015.08.31-09.32.27:107][495]LogModuleManager: Shutting down and abandoning module Android_ETC2TargetPlatform (31)
[2015.08.31-09.32.27:107][495]LogModuleManager: Shutting down and abandoning module Android_ETC1TargetPlatform (30)
[2015.08.31-09.32.27:107][495]LogModuleManager: Shutting down and abandoning module Android_DXTTargetPlatform (29)
[2015.08.31-09.32.27:107][495]LogModuleManager: Shutting down and abandoning module Android_ATCTargetPlatform (28)
[2015.08.31-09.32.27:107][495]LogModuleManager: Shutting down and abandoning module Android_ASTCTargetPlatform (27)
[2015.08.31-09.32.27:107][495]LogModuleManager: Shutting down and abandoning module AndroidTargetPlatform (26)
[2015.08.31-09.32.27:107][495]LogModuleManager: Shutting down and abandoning module WindowsTargetPlatform (25)
[2015.08.31-09.32.27:107][495]LogModuleManager: Shutting down and abandoning module WindowsServerTargetPlatform (24)
[2015.08.31-09.32.27:107][495]LogModuleManager: Shutting down and abandoning module WindowsNoEditorTargetPlatform (23)
[2015.08.31-09.32.27:107][495]LogModuleManager: Shutting down and abandoning module WindowsClientTargetPlatform (22)
[2015.08.31-09.32.27:107][495]LogModuleManager: Shutting down and abandoning module DesktopTargetPlatform (21)
[2015.08.31-09.32.27:107][495]LogModuleManager: Shutting down and abandoning module TargetPlatform (20)
[2015.08.31-09.32.27:107][495]LogModuleManager: Shutting down and abandoning module InputCore (19)
[2015.08.31-09.32.27:107][495]LogModuleManager: Shutting down and abandoning module Settings (18)
[2015.08.31-09.32.27:107][495]LogModuleManager: Shutting down and abandoning module OnlineSubsystem (16)
[2015.08.31-09.32.27:107][495]LogModuleManager: Shutting down and abandoning module HTTP (15)
[2015.08.31-09.32.27:108][495]LogModuleManager: Shutting down and abandoning module ExampleDeviceProfileSelector (14)
[2015.08.31-09.32.27:108][495]LogModuleManager: Shutting down and abandoning module TextureCompressor (13)
[2015.08.31-09.32.27:108][495]LogModuleManager: Shutting down and abandoning module ShaderCore (12)
[2015.08.31-09.32.27:108][495]LogModuleManager: Shutting down and abandoning module Landscape (11)
[2015.08.31-09.32.27:108][495]LogModuleManager: Shutting down and abandoning module SlateRHIRenderer (10)
[2015.08.31-09.32.27:110][495]LogModuleManager: Shutting down and abandoning module OpenGLDrv (9)
[2015.08.31-09.32.27:110][495]LogModuleManager: Shutting down and abandoning module D3D11RHI (8)
[2015.08.31-09.32.27:110][495]LogModuleManager: Shutting down and abandoning module Renderer (7)
[2015.08.31-09.32.27:110][495]LogModuleManager: Shutting down and abandoning module Engine (6)
[2015.08.31-09.32.27:110][495]LogModuleManager: Shutting down and abandoning module CoreUObject (5)
[2015.08.31-09.32.27:110][495]LogModuleManager: Shutting down and abandoning module NetworkFile (4)
[2015.08.31-09.32.27:110][495]LogModuleManager: Shutting down and abandoning module StreamingFile (3)
[2015.08.31-09.32.27:110][495]LogModuleManager: Shutting down and abandoning module SandboxFile (2)
[2015.08.31-09.32.27:110][495]LogModuleManager: Shutting down and abandoning module PakFile (1)
[2015.08.31-09.32.27:111][495]LogExit: Exiting.
[2015.08.31-09.32.27:112][495]Log file closed, 08/31/15 11:32:27
