[2015.09.23-16.54.05:025][  0]Log file open, 09/23/15 18:54:05
[2015.09.23-16.54.05:025][  0]LogInit:Display: Running engine for game: NotPartofGame
[2015.09.23-16.54.05:025][  0]LogInit:Display: RandInit(-1647102358) SRandInit(-1647102357).
[2015.09.23-16.54.05:025][  0]LogTaskGraph: Started task graph with 4 named threads and 7 total threads.
[2015.09.23-16.54.05:025][  0]LogStats: Stats thread started
[2015.09.23-16.54.05:025][  0]LogInit: Version: 4.8.3-2634408+++depot+UE4-Releases+4.8
[2015.09.23-16.54.05:025][  0]LogInit: API Version: 2579680
[2015.09.23-16.54.05:025][  0]LogInit: Compiled (64-bit): Jul 27 2015 16:24:33
[2015.09.23-16.54.05:025][  0]LogInit: Compiled with Visual C++: 18.00.21005.01
[2015.09.23-16.54.05:025][  0]LogInit: Build Configuration: Development
[2015.09.23-16.54.05:025][  0]LogInit: Branch Name: ++depot+UE4-Releases+4.8
[2015.09.23-16.54.05:025][  0]LogInit: Command line:  /Temp/Autosaves/Game/NPOTG/Maps/UEDPCTesting_Level -game -PIEVIACONSOLE -ResX=1280 -ResY=720  -Multiprocess 
[2015.09.23-16.54.05:025][  0]LogInit: Base directory: C:/Users/Bodoo/Documents/Programmieren/4.8/Engine/Binaries/Win64/
[2015.09.23-16.54.05:025][  0]LogInit: Rocket: 1
[2015.09.23-16.54.05:046][  0]LogInit: Using libcurl 7.41.0
[2015.09.23-16.54.05:046][  0]LogInit:  - built for x86_64-pc-win32
[2015.09.23-16.54.05:046][  0]LogInit:  - supports SSL with WinSSL
[2015.09.23-16.54.05:046][  0]LogInit:  - other features:
[2015.09.23-16.54.05:046][  0]LogInit:      CURL_VERSION_SSL
[2015.09.23-16.54.05:046][  0]LogInit:      CURL_VERSION_IPV6
[2015.09.23-16.54.05:046][  0]LogInit:      CURL_VERSION_ASYNCHDNS
[2015.09.23-16.54.05:046][  0]LogInit:      CURL_VERSION_LARGEFILE
[2015.09.23-16.54.05:046][  0]LogInit:      CURL_VERSION_IDN
[2015.09.23-16.54.05:046][  0]LogInit:  CurlRequestOptions (configurable via config and command line):
[2015.09.23-16.54.05:046][  0]LogInit:  - bVerifyPeer = true  - Libcurl will verify peer certificate
[2015.09.23-16.54.05:046][  0]LogInit:  - bUseHttpProxy = false  - Libcurl will NOT use HTTP proxy
[2015.09.23-16.54.05:046][  0]LogInit:  - bDontReuseConnections = false  - Libcurl will reuse connections
[2015.09.23-16.54.05:046][  0]LogInit:  - CertBundlePath = nullptr  - Libcurl will use whatever was configured at build time.
[2015.09.23-16.54.05:059][  0]LogOnline:Warning: No default platform service specified for OnlineSubsystem
[2015.09.23-16.54.05:075][  0]LogInit: Presizing for 0 objects not considered by GC, pre-allocating 0 bytes.
[2015.09.23-16.54.05:083][  0]LogInit: Object subsystem initialized
[2015.09.23-16.54.05:083][  0]LogConsoleResponse:Warning: Skipping Unknown console variable: 'UIScaleCurve = (EditorCurveData=(Keys=((Time=480.000000,Value=0.444000),(Time=720.000000,Value=0.666000),(Time=1080.000000,Value=1.000000),(Time=8640.000000,Value=8.000000))),ExternalCurve=None)'
[2015.09.23-16.54.05:083][  0]LogConsoleResponse:Warning:   Found in ini file 'C:/Users/Bodoo/Documents/Programmieren/Projekte/NotPartofTheGame/Saved/Config/Windows/Engine.ini', in section '[/Script/Engine.RendererSettings]'
[2015.09.23-16.54.05:084][  0]LogConsoleManager:Warning: Console variable 'r.MSAA.CompositingSampleCount' wasn't set ('Scalability' has a lower priority than 'ProjectSetting')
[2015.09.23-16.54.05:084][  0]LogInit: Selected Device Profile: [Windows]
[2015.09.23-16.54.05:084][  0]LogInit: Applying CVar settings loaded from the selected device profile: [Windows]
[2015.09.23-16.54.05:087][  0]LogInit: Computer: DESKTOP-GLF6O4V
[2015.09.23-16.54.05:087][  0]LogInit: User: Bodoo
[2015.09.23-16.54.05:087][  0]LogInit: CPU Page size=4096, Cores=4
[2015.09.23-16.54.05:087][  0]LogInit: High frequency timer resolution =3.215354 MHz
[2015.09.23-16.54.05:087][  0]LogMemory: Memory total: Physical=12.0GB (12GB approx)
[2015.09.23-16.54.05:087][  0]LogMemory: Platform Memory Stats for Windows
[2015.09.23-16.54.05:087][  0]LogMemory: Process Physical Memory: 51.16 MB used, 51.16 MB peak
[2015.09.23-16.54.05:087][  0]LogMemory: Process Virtual Memory: 22.51 MB used, 22.51 MB peak
[2015.09.23-16.54.05:087][  0]LogMemory: Physical Memory: 2634.54 MB used, 12270.45 MB total
[2015.09.23-16.54.05:087][  0]LogMemory: Virtual Memory: 310.63 MB used, 134217728.00 MB total
[2015.09.23-16.54.05:116][  0]LogTextLocalizationManager: The requested culture ('de_DE') has no localization data; falling back to 'en' for localization and internationalization data.
[2015.09.23-16.54.05:361][  0]LogTextLocalizationManager:Warning: Loaded localization resources contain conflicting entries for (Namespace:ContentBrowser, Key:ImportAssetToolTip):
Localization Resource: (C:/Users/Bodoo/Documents/Programmieren/4.8/Engine/Content/Localization/Editor/en/Editor.locres) Source String Hash: (-630476809) Localized String: (Import to {0}...)
Localization Resource: (C:/Users/Bodoo/Documents/Programmieren/4.8/Engine/Content/Localization/Editor/en/Editor.locres) Source String Hash: (1271782899) Localized String: (Imports an asset from file to this folder.)
[2015.09.23-16.54.05:698][  0]LogD3D11RHI: Found D3D11 adapter 0: AMD Radeon HD 6800 Series (Feature Level 11_0)
[2015.09.23-16.54.05:698][  0]LogD3D11RHI: Adapter has 1011MB of dedicated video memory, 0MB of dedicated system memory, and 3840MB of shared system memory, 1 output[s]
[2015.09.23-16.54.05:699][  0]LogD3D11RHI: Found D3D11 adapter 1: Microsoft Basic Render Driver (Feature Level 11_0)
[2015.09.23-16.54.05:699][  0]LogD3D11RHI: Adapter has 0MB of dedicated video memory, 0MB of dedicated system memory, and 6135MB of shared system memory, 0 output[s]
[2015.09.23-16.54.05:699][  0]LogD3D11RHI: Chosen D3D11 Adapter Id = 0
[2015.09.23-16.54.05:702][  0]LogD3D11RHI: InitD3DDevice
[2015.09.23-16.54.05:703][  0]LogD3D11RHI: !Direct3DDevice
[2015.09.23-16.54.05:703][  0]LogRHI: Texture pool is 708 MB (70% of 1011 MB)
[2015.09.23-16.54.05:709][  0]LogD3D11RHI: Async texture creation disabled: no driver support
[2015.09.23-16.54.05:718][  0]LogShaderCompilers:Display: Using Local Shader Compiler.
[2015.09.23-16.54.06:499][  0]LogTemp:Display: Loaded TP DesktopTargetPlatform
[2015.09.23-16.54.06:514][  0]LogTemp:Display: Loaded TP WindowsClientTargetPlatform
[2015.09.23-16.54.06:528][  0]LogTemp:Display: Loaded TP WindowsNoEditorTargetPlatform
[2015.09.23-16.54.06:543][  0]LogTemp:Display: Loaded TP WindowsServerTargetPlatform
[2015.09.23-16.54.06:558][  0]LogTemp:Display: Loaded TP WindowsTargetPlatform
[2015.09.23-16.54.06:571][  0]LogTemp:Display: Loaded TP AndroidTargetPlatform
[2015.09.23-16.54.06:583][  0]LogTemp:Display: Loaded TP Android_ASTCTargetPlatform
[2015.09.23-16.54.06:595][  0]LogTemp:Display: Loaded TP Android_ATCTargetPlatform
[2015.09.23-16.54.06:607][  0]LogTemp:Display: Loaded TP Android_DXTTargetPlatform
[2015.09.23-16.54.06:620][  0]LogTemp:Display: Loaded TP Android_ETC1TargetPlatform
[2015.09.23-16.54.06:632][  0]LogTemp:Display: Loaded TP Android_ETC2TargetPlatform
[2015.09.23-16.54.06:644][  0]LogTemp:Display: Loaded TP Android_PVRTCTargetPlatform
[2015.09.23-16.54.06:694][  0]LogTemp:Display: Loaded TP IOSTargetPlatform
[2015.09.23-16.54.06:706][  0]LogTemp:Display: Loaded TP LinuxNoEditorTargetPlatform
[2015.09.23-16.54.06:718][  0]LogTemp:Display: Loaded TP LinuxServerTargetPlatform
[2015.09.23-16.54.06:733][  0]LogTemp:Display: Loaded TP LinuxTargetPlatform
[2015.09.23-16.54.06:733][  0]LogTargetPlatformManager:Display: Building Assets For Windows
[2015.09.23-16.54.06:935][  0]LogDerivedDataCache:Display: Max Cache Size: 512 MB
[2015.09.23-16.54.07:000][  0]LogDerivedDataCache: Loaded boot cache 0.07s 53MB C:/Users/Bodoo/AppData/Local/UnrealEngine/4.8/DerivedDataCache/Boot.ddc.
[2015.09.23-16.54.07:000][  0]LogDerivedDataCache:Display: Loaded Boot cache: C:/Users/Bodoo/AppData/Local/UnrealEngine/4.8/DerivedDataCache/Boot.ddc
[2015.09.23-16.54.07:000][  0]LogDerivedDataCache: FDerivedDataBackendGraph:  Pak pak cache file ../../../../Projekte/NotPartofTheGame/DerivedDataCache/DDC.ddp not found, will not use a pak cache.
[2015.09.23-16.54.07:000][  0]LogDerivedDataCache: Unable to find inner node Pak for hierarchical cache Hierarchy.
[2015.09.23-16.54.07:000][  0]LogDerivedDataCache: FDerivedDataBackendGraph:  CompressedPak pak cache file ../../../../Projekte/NotPartofTheGame/DerivedDataCache/Compressed.ddp not found, will not use a pak cache.
[2015.09.23-16.54.07:000][  0]LogDerivedDataCache: Unable to find inner node CompressedPak for hierarchical cache Hierarchy.
[2015.09.23-16.54.07:145][  0]LogDerivedDataCache:Display: Pak cache opened for reading ../../../Engine/DerivedDataCache/Compressed.ddp.
[2015.09.23-16.54.07:158][  0]LogDerivedDataCache: Using Local data cache path C:/Users/Bodoo/AppData/Local/UnrealEngine/Common/DerivedDataCache: Writable
[2015.09.23-16.54.07:387][  0]LogInit: Selected Device Profile: [Windows]
[2015.09.23-16.54.07:473][  0]ImportText (ComponentSweepMultiTests): Missing closing parenthesis: (RootShapeAsset="/Engine/BasicShapes/Cube.Cube",ShapeType="TriggerCapsule",HitResult=(Time=0.50,Location=(X=-100.000015,Y=0.0,Z=100.000015),ImpactPoint=(X=-50.0,Y=0.0,Z=50.0),Normal=(X=-1.0,Y=-0.0,Z=0.0),ImpactNormal=(X=0.0,Y=0.0,Z=1.0),TraceStart=(X=-200.0,Y=0.0,Z=200.0),TraceEnd=(X=0.0,Y=0.0,Z=0.0))
[2015.09.23-16.54.07:473][  0]ImportText (LineTraceSingleByChannelTests): Missing closing parenthesis: (RootShapeAsset="/Engine/BasicShapes/Cube.Cube",HitResult=(Time=0.50,Location=(X=-100.000015,Y=0.0,Z=100.000015),ImpactPoint=(X=-50.0,Y=0.0,Z=50.0),Normal=(X=-1.0,Y=-0.0,Z=0.0),ImpactNormal=(X=0.0,Y=0.0,Z=1.0),TraceStart=(X=-200.0,Y=0.0,Z=200.0),TraceEnd=(X=0.0,Y=0.0,Z=0.0))
[2015.09.23-16.54.07:500][  0]LogMeshUtilities: No automatic mesh reduction module available
[2015.09.23-16.54.07:500][  0]LogMeshUtilities: No automatic mesh merging module available
[2015.09.23-16.54.07:808][  0]LogInit: WinSock: version 1.1 (2.2), MaxSocks=32767, MaxUdp=65467
[2015.09.23-16.54.08:237][  0]LogD3D11RHI: InitD3DDevice
[2015.09.23-16.54.08:241][  0]LogWindowsMoviePlayer: Unable to load movie: ../../../../Projekte/NotPartofTheGame/Content/Movies/Default_Startup.mp4
[2015.09.23-16.54.08:381][  0]LogAssetRegistry: FAssetRegistry took 0.0002 seconds to start up
[2015.09.23-16.54.08:425][  0]SourceControl: Info Source control is disabled
[2015.09.23-16.54.08:425][  0]SourceControl: Info Source control is disabled
[2015.09.23-16.54.08:434][  0]SourceControl: Info Source control is disabled
[2015.09.23-16.54.08:615][  0]LogObj: 25913 objects as part of root set at end of initial load.
[2015.09.23-16.54.08:615][  0]LogUObjectAllocator: 5218488 out of 0 bytes used by permanent object pool.
[2015.09.23-16.54.08:683][  0]LogAutomationTest:Warning: ERR: Transient text cannot be serialized "Testing Transient serialization detection".
[2015.09.23-16.54.08:683][  0]LogEngine: Initializing Engine...
[2015.09.23-16.54.08:685][  0]LogHMD: Can't find Oculus library dev build: is proper Runtime installed? Version: 0.6.0.0
[2015.09.23-16.54.08:686][  0]LogHMD:Warning: SteamVR failed to initialize.  Error: 110
[2015.09.23-16.54.08:779][  0]LogInit: XAudio2 using 'Lautsprecher (Realtek High Definition Audio)' : 2 channels at 48 kHz using 32 bits per sample (channel mask 0x3)
[2015.09.23-16.54.08:787][  0]LogInit: FAudioDevice initialized.
[2015.09.23-16.54.08:799][  0]LogInit: Texture streaming: Disabled
[2015.09.23-16.54.08:861][  0]LogNet: Browse: /Temp/Autosaves/Game/NPOTG/Maps/UEDPCTesting_Level?Name=Player
[2015.09.23-16.54.08:861][  0]LogLoad: LoadMap: /Temp/Autosaves/Game/NPOTG/Maps/UEDPCTesting_Level?Name=Player
[2015.09.23-16.54.08:872][  0]LogParticles: Destroying 0 GPU particle simulations for FXSystem 0x00000029F1D53560
[2015.09.23-16.54.08:880][  0]LogMemory: Platform Memory Stats for Windows
[2015.09.23-16.54.08:880][  0]LogMemory: Process Physical Memory: 328.23 MB used, 330.88 MB peak
[2015.09.23-16.54.08:880][  0]LogMemory: Process Virtual Memory: 364.17 MB used, 364.17 MB peak
[2015.09.23-16.54.08:880][  0]LogMemory: Physical Memory: 2862.46 MB used, 12270.45 MB total
[2015.09.23-16.54.08:880][  0]LogMemory: Virtual Memory: 881.35 MB used, 134217728.00 MB total
[2015.09.23-16.54.08:880][  0]LogMemory: 
[2015.09.23-16.54.08:880][  0]Allocator Stats for TBB: (not implemented)
[2015.09.23-16.54.09:176][  0]LogProperty:Warning: ERR: Transient text cannot be serialized "ReturnValue Z".
[2015.09.23-16.54.09:176][  0]LogProperty:Warning: ERR: Transient text cannot be serialized "ReturnValue Y".
[2015.09.23-16.54.09:176][  0]LogProperty:Warning: ERR: Transient text cannot be serialized "ReturnValue X".
[2015.09.23-16.54.09:497][  0]LogProperty:Warning: ERR: Transient text cannot be serialized "ReturnValue Z".
[2015.09.23-16.54.09:497][  0]LogProperty:Warning: ERR: Transient text cannot be serialized "ReturnValue Y".
[2015.09.23-16.54.09:497][  0]LogProperty:Warning: ERR: Transient text cannot be serialized "ReturnValue X".
[2015.09.23-16.54.09:867][  0]LogProperty:Warning: ERR: Transient text cannot be serialized "NewRotation Roll".
[2015.09.23-16.54.09:867][  0]LogProperty:Warning: ERR: Transient text cannot be serialized "NewRotation Yaw".
[2015.09.23-16.54.09:867][  0]LogProperty:Warning: ERR: Transient text cannot be serialized "NewRotation Pitch".
[2015.09.23-16.54.09:867][  0]LogProperty:Warning: ERR: Transient text cannot be serialized "NewRotation Roll".
[2015.09.23-16.54.09:867][  0]LogProperty:Warning: ERR: Transient text cannot be serialized "NewRotation Yaw".
[2015.09.23-16.54.09:867][  0]LogProperty:Warning: ERR: Transient text cannot be serialized "NewRotation Pitch".
[2015.09.23-16.54.09:871][  0]LogProperty:Warning: ERR: Transient text cannot be serialized "ReturnValue Z".
[2015.09.23-16.54.09:871][  0]LogProperty:Warning: ERR: Transient text cannot be serialized "ReturnValue Y".
[2015.09.23-16.54.09:871][  0]LogProperty:Warning: ERR: Transient text cannot be serialized "ReturnValue X".
[2015.09.23-16.54.09:931][  0]LogProperty:Warning: ERR: Transient text cannot be serialized "NewRotation Roll".
[2015.09.23-16.54.09:931][  0]LogProperty:Warning: ERR: Transient text cannot be serialized "NewRotation Yaw".
[2015.09.23-16.54.09:931][  0]LogProperty:Warning: ERR: Transient text cannot be serialized "NewRotation Pitch".
[2015.09.23-16.54.09:931][  0]LogProperty:Warning: ERR: Transient text cannot be serialized "NewRotation Roll".
[2015.09.23-16.54.09:931][  0]LogProperty:Warning: ERR: Transient text cannot be serialized "NewRotation Yaw".
[2015.09.23-16.54.09:931][  0]LogProperty:Warning: ERR: Transient text cannot be serialized "NewRotation Pitch".
[2015.09.23-16.54.09:935][  0]LogProperty:Warning: ERR: Transient text cannot be serialized "ReturnValue Z".
[2015.09.23-16.54.09:935][  0]LogProperty:Warning: ERR: Transient text cannot be serialized "ReturnValue Y".
[2015.09.23-16.54.09:935][  0]LogProperty:Warning: ERR: Transient text cannot be serialized "ReturnValue X".
[2015.09.23-16.54.11:147][  0]LogAIModule: Creating AISystem for world Testing_Level
[2015.09.23-16.54.11:147][  0]LogWorld: Game class is '2DSideScrollerGameMode_C'
[2015.09.23-16.54.11:237][  0]LogWorld: Bringing World /Temp/Autosaves/Game/NPOTG/Maps/UEDPCTesting_Level.Testing_Level up for play (max tick rate 0) at 2015.09.23-18.54.11
[2015.09.23-16.54.11:254][  0]LogWorld: Bringing up level for play took: 0.104697
[2015.09.23-16.54.11:258][  0]LogInit:Display: Game Engine Initialized.
[2015.09.23-16.54.11:483][  0]LogLoad: Full Startup: 8.03 seconds (BP compile: 1.17 seconds)
[2015.09.23-16.54.11:500][  0]LogWindowsTextInputMethodSystem:Display: IME system now deactivated.
[2015.09.23-16.54.11:500][  0]LogWindowsTextInputMethodSystem:Display: IME system now deactivated.
[2015.09.23-16.54.11:503][  0]LogContentStreaming: Texture pool size is 1000.000000MB
[2015.09.23-16.54.11:629][  0]LogRenderer: Reallocating scene render targets to support 1280x720 (Frame:2).
[2015.09.23-16.54.11:755][  1]LogScript:Warning: Accessed None 'PointA'
	wolf_C /Temp/Autosaves/Game/NPOTG/Maps/UEDPCTesting_Level.Testing_Level:PersistentLevel.wolf_C_8
	Function /Game/NPOTG/Blueprints/Charaktere/wolf.wolf_C:ExecuteUbergraph_wolf:046A
[2015.09.23-16.54.11:755][  1]LogScript:Warning: Accessed None 'PointB'
	wolf_C /Temp/Autosaves/Game/NPOTG/Maps/UEDPCTesting_Level.Testing_Level:PersistentLevel.wolf_C_8
	Function /Game/NPOTG/Blueprints/Charaktere/wolf.wolf_C:ExecuteUbergraph_wolf:0495
[2015.09.23-16.54.11:771][  2]LogScript:Warning: Accessed None 'PointA'
	wolf_C /Temp/Autosaves/Game/NPOTG/Maps/UEDPCTesting_Level.Testing_Level:PersistentLevel.wolf_C_8
	Function /Game/NPOTG/Blueprints/Charaktere/wolf.wolf_C:ExecuteUbergraph_wolf:046A
[2015.09.23-16.54.11:771][  2]LogScript:Warning: Accessed None 'PointB'
	wolf_C /Temp/Autosaves/Game/NPOTG/Maps/UEDPCTesting_Level.Testing_Level:PersistentLevel.wolf_C_8
	Function /Game/NPOTG/Blueprints/Charaktere/wolf.wolf_C:ExecuteUbergraph_wolf:0495
[2015.09.23-16.54.11:793][  3]LogScript:Warning: Accessed None 'PointA'
	wolf_C /Temp/Autosaves/Game/NPOTG/Maps/UEDPCTesting_Level.Testing_Level:PersistentLevel.wolf_C_8
	Function /Game/NPOTG/Blueprints/Charaktere/wolf.wolf_C:ExecuteUbergraph_wolf:046A
[2015.09.23-16.54.11:793][  3]LogScript:Warning: Accessed None 'PointB'
	wolf_C /Temp/Autosaves/Game/NPOTG/Maps/UEDPCTesting_Level.Testing_Level:PersistentLevel.wolf_C_8
	Function /Game/NPOTG/Blueprints/Charaktere/wolf.wolf_C:ExecuteUbergraph_wolf:0495
[2015.09.23-16.54.11:809][  4]LogScript:Warning: Accessed None 'PointA'
	wolf_C /Temp/Autosaves/Game/NPOTG/Maps/UEDPCTesting_Level.Testing_Level:PersistentLevel.wolf_C_8
	Function /Game/NPOTG/Blueprints/Charaktere/wolf.wolf_C:ExecuteUbergraph_wolf:046A
[2015.09.23-16.54.11:809][  4]LogScript:Warning: Accessed None 'PointB'
	wolf_C /Temp/Autosaves/Game/NPOTG/Maps/UEDPCTesting_Level.Testing_Level:PersistentLevel.wolf_C_8
	Function /Game/NPOTG/Blueprints/Charaktere/wolf.wolf_C:ExecuteUbergraph_wolf:0495
[2015.09.23-16.54.11:825][  5]LogScript:Warning: Accessed None 'PointA'
	wolf_C /Temp/Autosaves/Game/NPOTG/Maps/UEDPCTesting_Level.Testing_Level:PersistentLevel.wolf_C_8
	Function /Game/NPOTG/Blueprints/Charaktere/wolf.wolf_C:ExecuteUbergraph_wolf:046A
[2015.09.23-16.54.11:825][  5]LogScript:Warning: Accessed None 'PointB'
	wolf_C /Temp/Autosaves/Game/NPOTG/Maps/UEDPCTesting_Level.Testing_Level:PersistentLevel.wolf_C_8
	Function /Game/NPOTG/Blueprints/Charaktere/wolf.wolf_C:ExecuteUbergraph_wolf:0495
[2015.09.23-16.54.11:842][  6]LogScript:Warning: Accessed None 'PointA'
	wolf_C /Temp/Autosaves/Game/NPOTG/Maps/UEDPCTesting_Level.Testing_Level:PersistentLevel.wolf_C_8
	Function /Game/NPOTG/Blueprints/Charaktere/wolf.wolf_C:ExecuteUbergraph_wolf:046A
[2015.09.23-16.54.11:842][  6]LogScript:Warning: Accessed None 'PointB'
	wolf_C /Temp/Autosaves/Game/NPOTG/Maps/UEDPCTesting_Level.Testing_Level:PersistentLevel.wolf_C_8
	Function /Game/NPOTG/Blueprints/Charaktere/wolf.wolf_C:ExecuteUbergraph_wolf:0495
[2015.09.23-16.54.11:858][  7]LogScript:Warning: Accessed None 'PointA'
	wolf_C /Temp/Autosaves/Game/NPOTG/Maps/UEDPCTesting_Level.Testing_Level:PersistentLevel.wolf_C_8
	Function /Game/NPOTG/Blueprints/Charaktere/wolf.wolf_C:ExecuteUbergraph_wolf:046A
[2015.09.23-16.54.11:858][  7]LogScript:Warning: Accessed None 'PointB'
	wolf_C /Temp/Autosaves/Game/NPOTG/Maps/UEDPCTesting_Level.Testing_Level:PersistentLevel.wolf_C_8
	Function /Game/NPOTG/Blueprints/Charaktere/wolf.wolf_C:ExecuteUbergraph_wolf:0495
[2015.09.23-16.54.11:874][  8]LogScript:Warning: Accessed None 'PointA'
	wolf_C /Temp/Autosaves/Game/NPOTG/Maps/UEDPCTesting_Level.Testing_Level:PersistentLevel.wolf_C_8
	Function /Game/NPOTG/Blueprints/Charaktere/wolf.wolf_C:ExecuteUbergraph_wolf:046A
[2015.09.23-16.54.11:874][  8]LogScript:Warning: Accessed None 'PointB'
	wolf_C /Temp/Autosaves/Game/NPOTG/Maps/UEDPCTesting_Level.Testing_Level:PersistentLevel.wolf_C_8
	Function /Game/NPOTG/Blueprints/Charaktere/wolf.wolf_C:ExecuteUbergraph_wolf:0495
[2015.09.23-16.54.11:890][  9]LogScript:Warning: Accessed None 'PointA'
	wolf_C /Temp/Autosaves/Game/NPOTG/Maps/UEDPCTesting_Level.Testing_Level:PersistentLevel.wolf_C_8
	Function /Game/NPOTG/Blueprints/Charaktere/wolf.wolf_C:ExecuteUbergraph_wolf:046A
[2015.09.23-16.54.14:696][183]Set new viewmode: Unlit
[2015.09.23-16.54.29:085][ 73]LogScriptCore: Script call stack:
	Function /Game/NPOTG/Blueprints/Charaktere/wolf.wolf_C:BndEvt__see cone_K2Node_ComponentBoundEvent_90_ComponentBeginOverlapSignature__DelegateSignature
	Function /Game/NPOTG/Blueprints/Charaktere/wolf.wolf_C:ExecuteUbergraph_wolf
	Function /Game/NPOTG/Blueprints/Charaktere/wolf.wolf_C:start the fight
	Function /Game/NPOTG/Blueprints/Charaktere/wolf.wolf_C:construct fight
	Function /Game/NPOTG/Blueprints/Charaktere/wolf.wolf_C:start the fight
	Function /Game/NPOTG/Blueprints/Charaktere/wolf.wolf_C:construct fight
	Function /Game/NPOTG/Blueprints/Charaktere/wolf.wolf_C:start the fight
	Function /Game/NPOTG/Blueprints/Charaktere/wolf.wolf_C:construct fight
	Function /Game/NPOTG/Blueprints/Charaktere/wolf.wolf_C:start the fight
	Function /Game/NPOTG/Blueprints/Charaktere/wolf.wolf_C:construct fight
	Function /Game/NPOTG/Blueprints/Charaktere/wolf.wolf_C:start the fight
	Function /Game/NPOTG/Blueprints/Charaktere/wolf.wolf_C:construct fight
	Function /Game/NPOTG/Blueprints/Charaktere/wolf.wolf_C:start the fight
	Function /Game/NPOTG/Blueprints/Charaktere/wolf.wolf_C:construct fight
	Function /Game/NPOTG/Blueprints/Charaktere/wolf.wolf_C:start the fight
	Function /Game/NPOTG/Blueprints/Charaktere/wolf.wolf_C:construct fight
	Function /Game/NPOTG/Blueprints/Charaktere/wolf.wolf_C:start the fight
	Function /Game/NPOTG/Blueprints/Charaktere/wolf.wolf_C:construct fight
	Function /Game/NPOTG/Blueprints/Charaktere/wolf.wolf_C:start the fight
	Function /Game/NPOTG/Blueprints/Charaktere/wolf.wolf_C:construct fight
	Function /Game/NPOTG/Blueprints/Charaktere/wolf.wolf_C:start the fight
	Function /Game/NPOTG/Blueprints/Charaktere/wolf.wolf_C:construct fight
	Function /Game/NPOTG/Blueprints/Charaktere/wolf.wolf_C:start the fight
	Function /Game/NPOTG/Blueprints/Charaktere/wolf.wolf_C:construct fight
	Function /Game/NPOTG/Blueprints/Charaktere/wolf.wolf_C:start the fight
	Function /Game/NPOTG/Blueprints/Charaktere/wolf.wolf_C:construct fight
	Function /Game/NPOTG/Blueprints/Charaktere/wolf.wolf_C:start the fight
	Function /Game/NPOTG/Blueprints/Charaktere/wolf.wolf_C:construct fight
	Function /Game/NPOTG/Blueprints/Charaktere/wolf.wolf_C:start the fight
	Function /Game/NPOTG/Blueprints/Charaktere/wolf.wolf_C:construct fight
	Function /Game/NPOTG/Blueprints/Charaktere/wolf.wolf_C:start the fight
	Function /Game/NPOTG/Blueprints/Charaktere/wolf.wolf_C:construct fight
	Function /Game/NPOTG/Blueprints/Charaktere/wolf.wolf_C:start the fight
	Function /Game/NPOTG/Blueprints/Charaktere/wolf.wolf_C:construct fight
	Function /Game/NPOTG/Blueprints/Charaktere/wolf.wolf_C:start the fight
	Function /Game/NPOTG/Blueprints/Charaktere/wolf.wolf_C:construct fight
	Function /Game/NPOTG/Blueprints/Charaktere/wolf.wolf_C:start the fight
	Function /Game/NPOTG/Blueprints/Charaktere/wolf.wolf_C:construct fight
	Function /Game/NPOTG/Blueprints/Charaktere/wolf.wolf_C:start the fight
	Function /Game/NPOTG/Blueprints/Charaktere/wolf.wolf_C:construct fight
	Function /Game/NPOTG/Blueprints/Charaktere/wolf.wolf_C:start the fight
	Function /Game/NPOTG/Blueprints/Charaktere/wolf.wolf_C:construct fight
	Function /Game/NPOTG/Blueprints/Charaktere/wolf.wolf_C:start the fight
	Function /Game/NPOTG/Blueprints/Charaktere/wolf.wolf_C:construct fight
	Function /Game/NPOTG/Blueprints/Charaktere/wolf.wolf_C:start the fight
	Function /Game/NPOTG/Blueprints/Charaktere/wolf.wolf_C:construct fight
	Function /Game/NPOTG/Blueprints/Charaktere/wolf.wolf_C:start the fight
	Function /Game/NPOTG/Blueprints/Charaktere/wolf.wolf_C:construct fight
	Function /Game/NPOTG/Blueprints/Charaktere/wolf.wolf_C:start the fight
	Function /Game/NPOTG/Blueprints/Charaktere/wolf.wolf_C:construct fight
	Function /Game/NPOTG/Blueprints/Charaktere/wolf.wolf_C:start the fight
	Function /Game/NPOTG/Blueprints/Charaktere/wolf.wolf_C:construct fight
	Function /Game/NPOTG/Blueprints/Charaktere/wolf.wolf_C:start the fight
	Function /Game/NPOTG/Blueprints/Charaktere/wolf.wolf_C:construct fight
	Function /Game/NPOTG/Blueprints/Charaktere/wolf.wolf_C:start the fight
	Function /Game/NPOTG/Blueprints/Charaktere/wolf.wolf_C:construct fight
	Function /Game/NPOTG/Blueprints/Charaktere/wolf.wolf_C:start the fight
	Function /Game/NPOTG/Blueprints/Charaktere/wolf.wolf_C:construct fight
	Function /Game/NPOTG/Blueprints/Charaktere/wolf.wolf_C:start the fight
	Function /Game/NPOTG/Blueprints/Charaktere/wolf.wolf_C:construct fight
	Function /Game/NPOTG/Blueprints/Charaktere/wolf.wolf_C:start the fight
	Function /Game/NPOTG/Blueprints/Charaktere/wolf.wolf_C:construct fight
	Function /Game/NPOTG/Blueprints/Charaktere/wolf.wolf_C:start the fight
	Function /Game/NPOTG/Blueprints/Charaktere/wolf.wolf_C:construct fight
	Function /Game/NPOTG/Blueprints/Charaktere/wolf.wolf_C:start the fight
	Function /Game/NPOTG/Blueprints/Charaktere/wolf.wolf_C:construct fight
	Function /Game/NPOTG/Blueprints/Charaktere/wolf.wolf_C:start the fight
	Function /Game/NPOTG/Blueprints/Charaktere/wolf.wolf_C:construct fight
	Function /Game/NPOTG/Blueprints/Charaktere/wolf.wolf_C:start the fight
	Function /Game/NPOTG/Blueprints/Charaktere/wolf.wolf_C:construct fight
	Function /Game/NPOTG/Blueprints/Charaktere/wolf.wolf_C:start the fight
	Function /Game/NPOTG/Blueprints/Charaktere/wolf.wolf_C:construct fight
	Function /Game/NPOTG/Blueprints/Charaktere/wolf.wolf_C:start the fight
	Function /Game/NPOTG/Blueprints/Charaktere/wolf.wolf_C:construct fight
	Function /Game/NPOTG/Blueprints/Charaktere/wolf.wolf_C:start the fight
	Function /Game/NPOTG/Blueprints/Charaktere/wolf.wolf_C:construct fight
	Function /Game/NPOTG/Blueprints/Charaktere/wolf.wolf_C:start the fight
	Function /Game/NPOTG/Blueprints/Charaktere/wolf.wolf_C:construct fight
	Function /Game/NPOTG/Blueprints/Charaktere/wolf.wolf_C:start the fight
	Function /Game/NPOTG/Blueprints/Charaktere/wolf.wolf_C:construct fight
	Function /Game/NPOTG/Blueprints/Charaktere/wolf.wolf_C:start the fight
	Function /Game/NPOTG/Blueprints/Charaktere/wolf.wolf_C:construct fight
	Function /Game/NPOTG/Blueprints/Charaktere/wolf.wolf_C:start the fight
	Function /Game/NPOTG/Blueprints/Charaktere/wolf.wolf_C:construct fight
	Function /Game/NPOTG/Blueprints/Charaktere/wolf.wolf_C:start the fight
	Function /Game/NPOTG/Blueprints/Charaktere/wolf.wolf_C:construct fight
	Function /Game/NPOTG/Blueprints/Charaktere/wolf.wolf_C:start the fight
	Function /Game/NPOTG/Blueprints/Charaktere/wolf.wolf_C:construct fight
	Function /Game/NPOTG/Blueprints/Charaktere/wolf.wolf_C:start the fight
	Function /Game/NPOTG/Blueprints/Charaktere/wolf.wolf_C:construct fight
	Function /Game/NPOTG/Blueprints/Charaktere/wolf.wolf_C:start the fight
	Function /Game/NPOTG/Blueprints/Charaktere/wolf.wolf_C:construct fight
	Function /Game/NPOTG/Blueprints/Charaktere/wolf.wolf_C:start the fight
	Function /Game/NPOTG/Blueprints/Charaktere/wolf.wolf_C:construct fight
	Function /Game/NPOTG/Blueprints/Charaktere/wolf.wolf_C:start the fight
	Function /Game/NPOTG/Blueprints/Charaktere/wolf.wolf_C:construct fight
	Function /Game/NPOTG/Blueprints/Charaktere/wolf.wolf_C:start the fight
	Function /Game/NPOTG/Blueprints/Charaktere/wolf.wolf_C:construct fight
	Function /Game/NPOTG/Blueprints/Charaktere/wolf.wolf_C:start the fight
	Function /Game/NPOTG/Blueprints/Charaktere/wolf.wolf_C:construct fight
	Function /Game/NPOTG/Blueprints/Charaktere/wolf.wolf_C:start the fight
	Function /Game/NPOTG/Blueprints/Charaktere/wolf.wolf_C:construct fight
	Function /Game/NPOTG/Blueprints/Charaktere/wolf.wolf_C:start the fight
	Function /Game/NPOTG/Blueprints/Charaktere/wolf.wolf_C:construct fight
	Function /Game/NPOTG/Blueprints/Charaktere/wolf.wolf_C:start the fight
	Function /Game/NPOTG/Blueprints/Charaktere/wolf.wolf_C:construct fight
	Function /Game/NPOTG/Blueprints/Charaktere/wolf.wolf_C:start the fight
	Function /Game/NPOTG/Blueprints/Charaktere/wolf.wolf_C:construct fight
	Function /Game/NPOTG/Blueprints/Charaktere/wolf.wolf_C:start the fight
	Function /Game/NPOTG/Blueprints/Charaktere/wolf.wolf_C:construct fight
	Function /Game/NPOTG/Blueprints/Charaktere/wolf.wolf_C:start the fight
	Function /Game/NPOTG/Blueprints/Charaktere/wolf.wolf_C:construct fight
	Function /Game/NPOTG/Blueprints/Charaktere/wolf.wolf_C:start the fight
	Function /Game/NPOTG/Blueprints/Charaktere/wolf.wolf_C:construct fight
	Function /Game/NPOTG/Blueprints/Charaktere/wolf.wolf_C:start the fight
	Function /Game/NPOTG/Blueprints/Charaktere/wolf.wolf_C:construct fight
	Function /Game/NPOTG/Blueprints/Charaktere/wolf.wolf_C:start the fight
	Function /Game/NPOTG/Blueprints/Charaktere/wolf.wolf_C:construct fight
	Function /Game/NPOTG/Blueprints/Charaktere/wolf.wolf_C:start the fight
	Function /Game/NPOTG/Blueprints/Charaktere/wolf.wolf_C:construct fight
	Function /Game/NPOTG/Blueprints/Charaktere/wolf.wolf_C:start the fight
	Function /Game/NPOTG/Blueprints/Charaktere/wolf.wolf_C:construct fight
	Function /Game/NPOTG/Blueprints/Charaktere/wolf.wolf_C:start the fight
	Function /Game/NPOTG/Blueprints/Charaktere/wolf.wolf_C:construct fight
	Function /Game/NPOTG/Blueprints/Charaktere/wolf.wolf_C:start the fight
	Function /Game/NPOTG/Blueprints/Charaktere/wolf.wolf_C:construct fight
	Function /Game/NPOTG/Blueprints/Charaktere/wolf.wolf_C:start the fight
	Function /Game/NPOTG/Blueprints/Charaktere/wolf.wolf_C:construct fight
	Function /Game/NPOTG/Blueprints/Charaktere/wolf.wolf_C:start the fight
	Function /Game/NPOTG/Blueprints/Charaktere/wolf.wolf_C:construct fight
	Function /Game/NPOTG/Blueprints/Charaktere/wolf.wolf_C:start the fight
	Function /Game/NPOTG/Blueprints/Charaktere/wolf.wolf_C:construct fight
	Function /Game/NPOTG/Blueprints/Charaktere/wolf.wolf_C:start the fight
	Function /Game/NPOTG/Blueprints/Charaktere/wolf.wolf_C:construct fight
	Function /Game/NPOTG/Blueprints/Charaktere/wolf.wolf_C:start the fight
	Function /Game/NPOTG/Blueprints/Charaktere/wolf.wolf_C:construct fight
	Function /Game/NPOTG/Blueprints/Charaktere/wolf.wolf_C:start the fight
	Function /Game/NPOTG/Blueprints/Charaktere/wolf.wolf_C:construct fight
	Function /Game/NPOTG/Blueprints/Charaktere/wolf.wolf_C:start the fight
	Function /Game/NPOTG/Blueprints/Charaktere/wolf.wolf_C:construct fight
	Function /Game/NPOTG/Blueprints/Charaktere/wolf.wolf_C:start the fight
	Function /Game/NPOTG/Blueprints/Charaktere/wolf.wolf_C:construct fight
	Function /Game/NPOTG/Blueprints/Charaktere/wolf.wolf_C:start the fight
	Function /Game/NPOTG/Blueprints/Charaktere/wolf.wolf_C:construct fight
	Function /Game/NPOTG/Blueprints/Charaktere/wolf.wolf_C:start the fight
	Function /Game/NPOTG/Blueprints/Charaktere/wolf.wolf_C:construct fight
	Function /Game/NPOTG/Blueprints/Charaktere/wolf.wolf_C:start the fight
	Function /Game/NPOTG/Blueprints/Charaktere/wolf.wolf_C:construct fight
	Function /Game/NPOTG/Blueprints/Charaktere/wolf.wolf_C:start the fight
	Function /Game/NPOTG/Blueprints/Charaktere/wolf.wolf_C:construct fight
	Function /Game/NPOTG/Blueprints/Charaktere/wolf.wolf_C:start the fight
	Function /Game/NPOTG/Blueprints/Charaktere/wolf.wolf_C:construct fight
	Function /Game/NPOTG/Blueprints/Charaktere/wolf.wolf_C:start the fight
	Function /Game/NPOTG/Blueprints/Charaktere/wolf.wolf_C:construct fight
	Function /Game/NPOTG/Blueprints/Charaktere/wolf.wolf_C:start the fight
	Function /Game/NPOTG/Blueprints/Charaktere/wolf.wolf_C:construct fight
	Function /Game/NPOTG/Blueprints/Charaktere/wolf.wolf_C:start the fight
	Function /Game/NPOTG/Blueprints/Charaktere/wolf.wolf_C:construct fight
	Function /Game/NPOTG/Blueprints/Charaktere/wolf.wolf_C:start the fight
	Function /Game/NPOTG/Blueprints/Charaktere/wolf.wolf_C:construct fight
	Function /Game/NPOTG/Blueprints/Charaktere/wolf.wolf_C:start the fight
	Function /Game/NPOTG/Blueprints/Charaktere/wolf.wolf_C:construct fight
	Function /Game/NPOTG/Blueprints/Charaktere/wolf.wolf_C:start the fight
	Function /Game/NPOTG/Blueprints/Charaktere/wolf.wolf_C:construct fight
	Function /Game/NPOTG/Blueprints/Charaktere/wolf.wolf_C:start the fight
	Function /Game/NPOTG/Blueprints/Charaktere/wolf.wolf_C:construct fight
	Function /Game/NPOTG/Blueprints/Charaktere/wolf.wolf_C:start the fight
	Function /Game/NPOTG/Blueprints/Charaktere/wolf.wolf_C:construct fight
	Function /Game/NPOTG/Blueprints/Charaktere/wolf.wolf_C:start the fight
	Function /Game/NPOTG/Blueprints/Charaktere/wolf.wolf_C:construct fight
	Function /Game/NPOTG/Blueprints/Charaktere/wolf.wolf_C:start the fight
	Function /Game/NPOTG/Blueprints/Charaktere/wolf.wolf_C:construct fight
	Function /Game/NPOTG/Blueprints/Charaktere/wolf.wolf_C:start the fight
	Function /Game/NPOTG/Blueprints/Charaktere/wolf.wolf_C:construct fight
	Function /Game/NPOTG/Blueprints/Charaktere/wolf.wolf_C:start the fight
	Function /Game/NPOTG/Blueprints/Charaktere/wolf.wolf_C:construct fight
	Function /Game/NPOTG/Blueprints/Charaktere/wolf.wolf_C:start the fight
	Function /Game/NPOTG/Blueprints/Charaktere/wolf.wolf_C:construct fight
	Function /Game/NPOTG/Blueprints/Charaktere/wolf.wolf_C:start the fight
	Function /Game/NPOTG/Blueprints/Charaktere/wolf.wolf_C:construct fight
	Function /Game/NPOTG/Blueprints/Charaktere/wolf.wolf_C:start the fight
	Function /Game/NPOTG/Blueprints/Charaktere/wolf.wolf_C:construct fight
	Function /Game/NPOTG/Blueprints/Charaktere/wolf.wolf_C:start the fight
	Function /Game/NPOTG/Blueprints/Charaktere/wolf.wolf_C:construct fight
	Function /Game/NPOTG/Blueprints/Charaktere/wolf.wolf_C:start the fight
	Function /Game/NPOTG/Blueprints/Charaktere/wolf.wolf_C:construct fight
	Function /Game/NPOTG/Blueprints/Charaktere/wolf.wolf_C:start the fight
	Function /Game/NPOTG/Blueprints/Charaktere/wolf.wolf_C:construct fight
	Function /Game/NPOTG/Blueprints/Charaktere/wolf.wolf_C:start the fight
	Function /Game/NPOTG/Blueprints/Charaktere/wolf.wolf_C:construct fight
	Function /Game/NPOTG/Blueprints/Charaktere/wolf.wolf_C:start the fight
	Function /Game/NPOTG/Blueprints/Charaktere/wolf.wolf_C:construct fight
	Function /Game/NPOTG/Blueprints/Charaktere/wolf.wolf_C:start the fight
	Function /Game/NPOTG/Blueprints/Charaktere/wolf.wolf_C:construct fight
	Function /Game/NPOTG/Blueprints/Charaktere/wolf.wolf_C:start the fight
	Function /Game/NPOTG/Blueprints/Charaktere/wolf.wolf_C:construct fight
	Function /Game/NPOTG/Blueprints/Charaktere/wolf.wolf_C:start the fight
	Function /Game/NPOTG/Blueprints/Charaktere/wolf.wolf_C:construct fight
	Function /Game/NPOTG/Blueprints/Charaktere/wolf.wolf_C:start the fight
	Function /Game/NPOTG/Blueprints/Charaktere/wolf.wolf_C:construct fight
	Function /Game/NPOTG/Blueprints/Charaktere/wolf.wolf_C:start the fight
	Function /Game/NPOTG/Blueprints/Charaktere/wolf.wolf_C:construct fight
	Function /Game/NPOTG/Blueprints/Charaktere/wolf.wolf_C:start the fight
	Function /Game/NPOTG/Blueprints/Charaktere/wolf.wolf_C:construct fight
	Function /Game/NPOTG/Blueprints/Charaktere/wolf.wolf_C:start the fight
	Function /Game/NPOTG/Blueprints/Charaktere/wolf.wolf_C:construct fight
	Function /Game/NPOTG/Blueprints/Charaktere/wolf.wolf_C:start the fight
	Function /Game/NPOTG/Blueprints/Charaktere/wolf.wolf_C:construct fight
	Function /Game/NPOTG/Blueprints/Charaktere/wolf.wolf_C:start the fight
	Function /Game/NPOTG/Blueprints/Charaktere/wolf.wolf_C:construct fight
	Function /Game/NPOTG/Blueprints/Charaktere/wolf.wolf_C:start the fight
	Function /Game/NPOTG/Blueprints/Charaktere/wolf.wolf_C:construct fight
	Function /Game/NPOTG/Blueprints/Charaktere/wolf.wolf_C:start the fight
	Function /Game/NPOTG/Blueprints/Charaktere/wolf.wolf_C:construct fight
	Function /Game/NPOTG/Blueprints/Charaktere/wolf.wolf_C:start the fight
	Function /Game/NPOTG/Blueprints/Charaktere/wolf.wolf_C:construct fight
	Function /Game/NPOTG/Blueprints/Charaktere/wolf.wolf_C:start the fight
	Function /Game/NPOTG/Blueprints/Charaktere/wolf.wolf_C:construct fight
	Function /Game/NPOTG/Blueprints/Charaktere/wolf.wolf_C:start the fight
	Function /Game/NPOTG/Blueprints/Charaktere/wolf.wolf_C:construct fight
	Function /Game/NPOTG/Blueprints/Charaktere/wolf.wolf_C:start the fight
	Function /Game/NPOTG/Blueprints/Charaktere/wolf.wolf_C:construct fight
	Function /Game/NPOTG/Blueprints/Charaktere/wolf.wolf_C:start the fight
	Function /Game/NPOTG/Blueprints/Charaktere/wolf.wolf_C:construct fight
	Function /Game/NPOTG/Blueprints/Charaktere/wolf.wolf_C:start the fight
	Function /Game/NPOTG/Blueprints/Charaktere/wolf.wolf_C:construct fight
	Function /Game/NPOTG/Blueprints/Charaktere/wolf.wolf_C:start the fight
	Function /Game/NPOTG/Blueprints/Charaktere/wolf.wolf_C:construct fight
	Function /Game/NPOTG/Blueprints/Charaktere/wolf.wolf_C:start the fight
	Function /Game/NPOTG/Blueprints/Charaktere/wolf.wolf_C:construct fight
	Function /Game/NPOTG/Blueprints/Charaktere/wolf.wolf_C:start the fight
	Function /Game/NPOTG/Blueprints/Charaktere/wolf.wolf_C:construct fight
	Function /Game/NPOTG/Blueprints/Charaktere/wolf.wolf_C:start the fight
	Function /Game/NPOTG/Blueprints/Charaktere/wolf.wolf_C:construct fight
	Function /Game/NPOTG/Blueprints/Charaktere/wolf.wolf_C:start the fight
	Function /Game/NPOTG/Blueprints/Charaktere/wolf.wolf_C:construct fight
	Function /Game/NPOTG/Blueprints/Charaktere/wolf.wolf_C:start the fight
	Function /Game/NPOTG/Blueprints/Charaktere/wolf.wolf_C:construct fight
	Function /Game/NPOTG/Blueprints/Charaktere/wolf.wolf_C:start the fight
	Function /Game/NPOTG/Blueprints/Charaktere/wolf.wolf_C:construct fight
	Function /Game/NPOTG/Blueprints/Charaktere/wolf.wolf_C:start the fight
	Function /Game/NPOTG/Blueprints/Charaktere/wolf.wolf_C:construct fight
	Function /Game/NPOTG/Blueprints/Charaktere/wolf.wolf_C:start the fight
	Function /Game/NPOTG/Blueprints/Charaktere/wolf.wolf_C:construct fight
	Function /Game/NPOTG/Blueprints/Charaktere/wolf.wolf_C:start the fight
	Function /Game/NPOTG/Blueprints/Charaktere/wolf.wolf_C:construct fight
	Function /Game/NPOTG/Blueprints/Charaktere/wolf.wolf_C:start the fight
	Function /Game/NPOTG/Blueprints/Charaktere/wolf.wolf_C:construct fight
	Function /Game/NPOTG/Blueprints/Charaktere/wolf.wolf_C:start the fight
	Function /Game/NPOTG/Blueprints/Charaktere/wolf.wolf_C:construct fight

[2015.09.23-16.54.29:085][ 73]LogScript:Warning: Infinite script recursion (250 calls) detected
	wolf_C /Temp/Autosaves/Game/NPOTG/Maps/UEDPCTesting_Level.Testing_Level:PersistentLevel.wolf_C_7
	Function /Game/NPOTG/Blueprints/Charaktere/wolf.wolf_C:construct fight:0000
[2015.09.23-16.54.29:102][ 74]LogBlueprintUserMessages: 9.56295
[2015.09.23-16.54.29:102][ 74]LogBlueprintUserMessages: PRINT
[2015.09.23-16.54.29:130][ 75]LogBlueprintUserMessages: 9.497108
[2015.09.23-16.54.29:131][ 75]LogBlueprintUserMessages: PRINT
[2015.09.23-16.54.29:147][ 76]LogBlueprintUserMessages: 9.478001
[2015.09.23-16.54.29:147][ 76]LogBlueprintUserMessages: PRINT
[2015.09.23-16.54.29:163][ 77]LogBlueprintUserMessages: 9.397355
[2015.09.23-16.54.29:163][ 77]LogBlueprintUserMessages: PRINT
[2015.09.23-16.54.29:179][ 78]LogBlueprintUserMessages: 9.31671
[2015.09.23-16.54.29:179][ 78]LogBlueprintUserMessages: PRINT
[2015.09.23-16.54.29:195][ 79]LogBlueprintUserMessages: 9.236064
[2015.09.23-16.54.29:195][ 79]LogBlueprintUserMessages: PRINT
[2015.09.23-16.54.29:211][ 80]LogBlueprintUserMessages: 9.155418
[2015.09.23-16.54.29:211][ 80]LogBlueprintUserMessages: PRINT
[2015.09.23-16.54.29:227][ 81]LogBlueprintUserMessages: 9.074773
[2015.09.23-16.54.29:227][ 81]LogBlueprintUserMessages: PRINT
[2015.09.23-16.54.29:244][ 82]LogBlueprintUserMessages: 8.994127
[2015.09.23-16.54.29:244][ 82]LogBlueprintUserMessages: PRINT
[2015.09.23-16.54.29:260][ 83]LogBlueprintUserMessages: 8.913482
[2015.09.23-16.54.29:260][ 83]LogBlueprintUserMessages: PRINT
[2015.09.23-16.54.29:276][ 84]LogBlueprintUserMessages: 8.832836
[2015.09.23-16.54.29:276][ 84]LogBlueprintUserMessages: PRINT
[2015.09.23-16.54.29:292][ 85]LogBlueprintUserMessages: 8.752191
[2015.09.23-16.54.29:292][ 85]LogBlueprintUserMessages: PRINT
[2015.09.23-16.54.29:308][ 86]LogBlueprintUserMessages: 8.671545
[2015.09.23-16.54.29:308][ 86]LogBlueprintUserMessages: PRINT
[2015.09.23-16.54.29:324][ 87]LogBlueprintUserMessages: 8.590899
[2015.09.23-16.54.29:324][ 87]LogBlueprintUserMessages: PRINT
[2015.09.23-16.54.29:341][ 88]LogBlueprintUserMessages: 8.510254
[2015.09.23-16.54.29:341][ 88]LogBlueprintUserMessages: PRINT
[2015.09.23-16.54.29:357][ 89]LogBlueprintUserMessages: 8.429608
[2015.09.23-16.54.29:357][ 89]LogBlueprintUserMessages: PRINT
[2015.09.23-16.54.29:373][ 90]LogBlueprintUserMessages: 8.348963
[2015.09.23-16.54.29:373][ 90]LogBlueprintUserMessages: PRINT
[2015.09.23-16.54.29:389][ 91]LogBlueprintUserMessages: 8.268317
[2015.09.23-16.54.29:389][ 91]LogBlueprintUserMessages: PRINT
[2015.09.23-16.54.29:405][ 92]LogBlueprintUserMessages: 8.187672
[2015.09.23-16.54.29:405][ 92]LogBlueprintUserMessages: PRINT
[2015.09.23-16.54.29:421][ 93]LogBlueprintUserMessages: 8.107026
[2015.09.23-16.54.29:421][ 93]LogBlueprintUserMessages: PRINT
[2015.09.23-16.54.29:437][ 94]LogBlueprintUserMessages: 8.026381
[2015.09.23-16.54.29:437][ 94]LogBlueprintUserMessages: PRINT
[2015.09.23-16.54.29:453][ 95]LogBlueprintUserMessages: 7.945735
[2015.09.23-16.54.29:453][ 95]LogBlueprintUserMessages: PRINT
[2015.09.23-16.54.29:470][ 96]LogBlueprintUserMessages: 7.865088
[2015.09.23-16.54.29:470][ 96]LogBlueprintUserMessages: PRINT
[2015.09.23-16.54.29:486][ 97]LogBlueprintUserMessages: 7.784442
[2015.09.23-16.54.29:486][ 97]LogBlueprintUserMessages: PRINT
[2015.09.23-16.54.29:502][ 98]LogBlueprintUserMessages: 7.703796
[2015.09.23-16.54.29:502][ 98]LogBlueprintUserMessages: PRINT
[2015.09.23-16.54.29:518][ 99]LogBlueprintUserMessages: 7.62315
[2015.09.23-16.54.29:518][ 99]LogBlueprintUserMessages: PRINT
[2015.09.23-16.54.29:534][100]LogBlueprintUserMessages: 7.542504
[2015.09.23-16.54.29:534][100]LogBlueprintUserMessages: PRINT
[2015.09.23-16.54.29:550][101]LogBlueprintUserMessages: 7.461858
[2015.09.23-16.54.29:550][101]LogBlueprintUserMessages: PRINT
[2015.09.23-16.54.29:566][102]LogBlueprintUserMessages: 7.381212
[2015.09.23-16.54.29:566][102]LogBlueprintUserMessages: PRINT
[2015.09.23-16.54.29:582][103]LogBlueprintUserMessages: 7.300566
[2015.09.23-16.54.29:582][103]LogBlueprintUserMessages: PRINT
[2015.09.23-16.54.29:599][104]LogBlueprintUserMessages: 7.21992
[2015.09.23-16.54.29:599][104]LogBlueprintUserMessages: PRINT
[2015.09.23-16.54.29:615][105]LogBlueprintUserMessages: 7.139274
[2015.09.23-16.54.29:615][105]LogBlueprintUserMessages: PRINT
[2015.09.23-16.54.29:631][106]LogBlueprintUserMessages: 7.058628
[2015.09.23-16.54.29:631][106]LogBlueprintUserMessages: PRINT
[2015.09.23-16.54.29:647][107]LogBlueprintUserMessages: 6.977982
[2015.09.23-16.54.29:647][107]LogBlueprintUserMessages: PRINT
[2015.09.23-16.54.29:663][108]LogBlueprintUserMessages: 6.897336
[2015.09.23-16.54.29:663][108]LogBlueprintUserMessages: PRINT
[2015.09.23-16.54.29:679][109]LogBlueprintUserMessages: 6.81669
[2015.09.23-16.54.29:679][109]LogBlueprintUserMessages: PRINT
[2015.09.23-16.54.29:695][110]LogBlueprintUserMessages: 6.736044
[2015.09.23-16.54.29:695][110]LogBlueprintUserMessages: PRINT
[2015.09.23-16.54.29:711][111]LogBlueprintUserMessages: 6.655398
[2015.09.23-16.54.29:711][111]LogBlueprintUserMessages: PRINT
[2015.09.23-16.54.29:727][112]LogBlueprintUserMessages: 6.574752
[2015.09.23-16.54.29:728][112]LogBlueprintUserMessages: PRINT
[2015.09.23-16.54.29:744][113]LogBlueprintUserMessages: 6.494106
[2015.09.23-16.54.29:744][113]LogBlueprintUserMessages: PRINT
[2015.09.23-16.54.29:760][114]LogBlueprintUserMessages: 6.41346
[2015.09.23-16.54.29:760][114]LogBlueprintUserMessages: PRINT
[2015.09.23-16.54.29:776][115]LogBlueprintUserMessages: 6.332814
[2015.09.23-16.54.29:776][115]LogBlueprintUserMessages: PRINT
[2015.09.23-16.54.29:792][116]LogBlueprintUserMessages: 6.252168
[2015.09.23-16.54.29:792][116]LogBlueprintUserMessages: PRINT
[2015.09.23-16.54.29:808][117]LogBlueprintUserMessages: 6.171522
[2015.09.23-16.54.29:808][117]LogBlueprintUserMessages: PRINT
[2015.09.23-16.54.29:824][118]LogBlueprintUserMessages: 6.090876
[2015.09.23-16.54.29:824][118]LogBlueprintUserMessages: PRINT
[2015.09.23-16.54.29:840][119]LogBlueprintUserMessages: 6.01023
[2015.09.23-16.54.29:840][119]LogBlueprintUserMessages: PRINT
[2015.09.23-16.54.29:856][120]LogBlueprintUserMessages: 5.929584
[2015.09.23-16.54.29:856][120]LogBlueprintUserMessages: PRINT
[2015.09.23-16.54.29:873][121]LogBlueprintUserMessages: 5.848882
[2015.09.23-16.54.29:873][121]LogBlueprintUserMessages: PRINT
[2015.09.23-16.54.29:889][122]LogBlueprintUserMessages: 5.768264
[2015.09.23-16.54.29:889][122]LogBlueprintUserMessages: PRINT
[2015.09.23-16.54.29:905][123]LogBlueprintUserMessages: 5.687618
[2015.09.23-16.54.29:905][123]LogBlueprintUserMessages: PRINT
[2015.09.23-16.54.29:921][124]LogBlueprintUserMessages: 5.606972
[2015.09.23-16.54.29:921][124]LogBlueprintUserMessages: PRINT
[2015.09.23-16.54.29:937][125]LogBlueprintUserMessages: 5.526326
[2015.09.23-16.54.29:937][125]LogBlueprintUserMessages: PRINT
[2015.09.23-16.54.29:953][126]LogBlueprintUserMessages: 5.44568
[2015.09.23-16.54.29:953][126]LogBlueprintUserMessages: PRINT
[2015.09.23-16.54.29:970][127]LogBlueprintUserMessages: 5.365034
[2015.09.23-16.54.29:970][127]LogBlueprintUserMessages: PRINT
[2015.09.23-16.54.29:986][128]LogBlueprintUserMessages: 5.284388
[2015.09.23-16.54.29:986][128]LogBlueprintUserMessages: PRINT
[2015.09.23-16.54.30:002][129]LogBlueprintUserMessages: 5.203742
[2015.09.23-16.54.30:002][129]LogBlueprintUserMessages: PRINT
[2015.09.23-16.54.30:018][130]LogBlueprintUserMessages: 5.123096
[2015.09.23-16.54.30:018][130]LogBlueprintUserMessages: PRINT
[2015.09.23-16.54.30:034][131]LogBlueprintUserMessages: 5.042449
[2015.09.23-16.54.30:034][131]LogBlueprintUserMessages: PRINT
[2015.09.23-16.54.30:050][132]LogBlueprintUserMessages: 4.961803
[2015.09.23-16.54.30:050][132]LogBlueprintUserMessages: PRINT
[2015.09.23-16.54.30:066][133]LogBlueprintUserMessages: 4.881157
[2015.09.23-16.54.30:066][133]LogBlueprintUserMessages: PRINT
[2015.09.23-16.54.30:082][134]LogBlueprintUserMessages: 4.800511
[2015.09.23-16.54.30:082][134]LogBlueprintUserMessages: PRINT
[2015.09.23-16.54.30:098][135]LogBlueprintUserMessages: 4.719865
[2015.09.23-16.54.30:098][135]LogBlueprintUserMessages: PRINT
[2015.09.23-16.54.30:114][136]LogBlueprintUserMessages: 4.639219
[2015.09.23-16.54.30:114][136]LogBlueprintUserMessages: PRINT
[2015.09.23-16.54.30:131][137]LogBlueprintUserMessages: 4.558573
[2015.09.23-16.54.30:131][137]LogBlueprintUserMessages: PRINT
[2015.09.23-16.54.30:147][138]LogBlueprintUserMessages: 4.477927
[2015.09.23-16.54.30:147][138]LogBlueprintUserMessages: PRINT
[2015.09.23-16.54.30:163][139]LogBlueprintUserMessages: 4.397281
[2015.09.23-16.54.30:163][139]LogBlueprintUserMessages: PRINT
[2015.09.23-16.54.30:179][140]LogBlueprintUserMessages: 4.316635
[2015.09.23-16.54.30:179][140]LogBlueprintUserMessages: PRINT
[2015.09.23-16.54.30:195][141]LogBlueprintUserMessages: 4.235989
[2015.09.23-16.54.30:195][141]LogBlueprintUserMessages: PRINT
[2015.09.23-16.54.30:211][142]LogBlueprintUserMessages: 4.155343
[2015.09.23-16.54.30:212][142]LogBlueprintUserMessages: PRINT
[2015.09.23-16.54.30:227][143]LogBlueprintUserMessages: 4.074697
[2015.09.23-16.54.30:227][143]LogBlueprintUserMessages: PRINT
[2015.09.23-16.54.30:243][144]LogBlueprintUserMessages: 3.994051
[2015.09.23-16.54.30:243][144]LogBlueprintUserMessages: PRINT
[2015.09.23-16.54.30:260][145]LogBlueprintUserMessages: 3.913405
[2015.09.23-16.54.30:260][145]LogBlueprintUserMessages: PRINT
[2015.09.23-16.54.30:276][146]LogBlueprintUserMessages: 3.83276
[2015.09.23-16.54.30:276][146]LogBlueprintUserMessages: PRINT
[2015.09.23-16.54.30:292][147]LogBlueprintUserMessages: 3.752114
[2015.09.23-16.54.30:292][147]LogBlueprintUserMessages: PRINT
[2015.09.23-16.54.30:308][148]LogBlueprintUserMessages: 3.671468
[2015.09.23-16.54.30:308][148]LogBlueprintUserMessages: PRINT
[2015.09.23-16.54.30:324][149]LogBlueprintUserMessages: 3.590822
[2015.09.23-16.54.30:324][149]LogBlueprintUserMessages: PRINT
[2015.09.23-16.54.30:341][150]LogBlueprintUserMessages: 3.510176
[2015.09.23-16.54.30:341][150]LogBlueprintUserMessages: PRINT
[2015.09.23-16.54.30:357][151]LogBlueprintUserMessages: 3.429531
[2015.09.23-16.54.30:357][151]LogBlueprintUserMessages: PRINT
[2015.09.23-16.54.30:373][152]LogBlueprintUserMessages: 3.348885
[2015.09.23-16.54.30:373][152]LogBlueprintUserMessages: PRINT
[2015.09.23-16.54.30:389][153]LogBlueprintUserMessages: 3.268239
[2015.09.23-16.54.30:389][153]LogBlueprintUserMessages: PRINT
[2015.09.23-16.54.30:405][154]LogBlueprintUserMessages: 3.187593
[2015.09.23-16.54.30:405][154]LogBlueprintUserMessages: PRINT
[2015.09.23-16.54.30:421][155]LogBlueprintUserMessages: 3.106947
[2015.09.23-16.54.30:421][155]LogBlueprintUserMessages: PRINT
[2015.09.23-16.54.30:437][156]LogBlueprintUserMessages: 3.026302
[2015.09.23-16.54.30:437][156]LogBlueprintUserMessages: PRINT
[2015.09.23-16.54.30:453][157]LogBlueprintUserMessages: 2.945656
[2015.09.23-16.54.30:453][157]LogBlueprintUserMessages: PRINT
[2015.09.23-16.54.30:469][158]LogBlueprintUserMessages: 2.86501
[2015.09.23-16.54.30:469][158]LogBlueprintUserMessages: PRINT
[2015.09.23-16.54.30:485][159]LogBlueprintUserMessages: 2.784364
[2015.09.23-16.54.30:485][159]LogBlueprintUserMessages: PRINT
[2015.09.23-16.54.30:501][160]LogBlueprintUserMessages: 2.703718
[2015.09.23-16.54.30:502][160]LogBlueprintUserMessages: PRINT
[2015.09.23-16.54.30:518][161]LogBlueprintUserMessages: 2.623073
[2015.09.23-16.54.30:518][161]LogBlueprintUserMessages: PRINT
[2015.09.23-16.54.30:534][162]LogBlueprintUserMessages: 2.542427
[2015.09.23-16.54.30:534][162]LogBlueprintUserMessages: PRINT
[2015.09.23-16.54.30:550][163]LogBlueprintUserMessages: 2.461781
[2015.09.23-16.54.30:550][163]LogBlueprintUserMessages: PRINT
[2015.09.23-16.54.30:566][164]LogBlueprintUserMessages: 2.381135
[2015.09.23-16.54.30:566][164]LogBlueprintUserMessages: PRINT
[2015.09.23-16.54.30:582][165]LogBlueprintUserMessages: 2.300489
[2015.09.23-16.54.30:582][165]LogBlueprintUserMessages: PRINT
[2015.09.23-16.54.30:598][166]LogBlueprintUserMessages: 2.219844
[2015.09.23-16.54.30:598][166]LogBlueprintUserMessages: PRINT
[2015.09.23-16.54.30:614][167]LogBlueprintUserMessages: 2.139198
[2015.09.23-16.54.30:614][167]LogBlueprintUserMessages: PRINT
[2015.09.23-16.54.30:630][168]LogBlueprintUserMessages: 2.058552
[2015.09.23-16.54.30:630][168]LogBlueprintUserMessages: PRINT
[2015.09.23-16.54.30:647][169]LogBlueprintUserMessages: 1.977906
[2015.09.23-16.54.30:647][169]LogBlueprintUserMessages: PRINT
[2015.09.23-16.54.30:663][170]LogBlueprintUserMessages: 1.89726
[2015.09.23-16.54.30:663][170]LogBlueprintUserMessages: PRINT
[2015.09.23-16.54.30:679][171]LogBlueprintUserMessages: 1.816614
[2015.09.23-16.54.30:679][171]LogBlueprintUserMessages: PRINT
[2015.09.23-16.54.30:695][172]LogBlueprintUserMessages: 1.735969
[2015.09.23-16.54.30:695][172]LogBlueprintUserMessages: PRINT
[2015.09.23-16.54.30:711][173]LogBlueprintUserMessages: 1.655323
[2015.09.23-16.54.30:711][173]LogBlueprintUserMessages: PRINT
[2015.09.23-16.54.30:727][174]LogBlueprintUserMessages: 1.574677
[2015.09.23-16.54.30:727][174]LogBlueprintUserMessages: PRINT
[2015.09.23-16.54.30:743][175]LogBlueprintUserMessages: 1.494031
[2015.09.23-16.54.30:743][175]LogBlueprintUserMessages: PRINT
[2015.09.23-16.54.30:759][176]LogBlueprintUserMessages: 1.413385
[2015.09.23-16.54.30:759][176]LogBlueprintUserMessages: PRINT
[2015.09.23-16.54.30:775][177]LogBlueprintUserMessages: 1.332739
[2015.09.23-16.54.30:775][177]LogBlueprintUserMessages: PRINT
[2015.09.23-16.54.30:792][178]LogBlueprintUserMessages: 1.252093
[2015.09.23-16.54.30:792][178]LogBlueprintUserMessages: PRINT
[2015.09.23-16.54.30:808][179]LogBlueprintUserMessages: 1.171447
[2015.09.23-16.54.30:808][179]LogBlueprintUserMessages: PRINT
[2015.09.23-16.54.30:824][180]LogBlueprintUserMessages: 1.090801
[2015.09.23-16.54.30:824][180]LogBlueprintUserMessages: PRINT
[2015.09.23-16.54.30:840][181]LogBlueprintUserMessages: 1.010155
[2015.09.23-16.54.30:840][181]LogBlueprintUserMessages: PRINT
[2015.09.23-16.54.30:856][182]LogBlueprintUserMessages: 0.929509
[2015.09.23-16.54.30:856][182]LogBlueprintUserMessages: PRINT
[2015.09.23-16.54.30:873][183]LogBlueprintUserMessages: 0.848864
[2015.09.23-16.54.30:873][183]LogBlueprintUserMessages: PRINT
[2015.09.23-16.54.30:889][184]LogBlueprintUserMessages: 0.768218
[2015.09.23-16.54.30:889][184]LogBlueprintUserMessages: PRINT
[2015.09.23-16.54.30:905][185]LogBlueprintUserMessages: 0.687572
[2015.09.23-16.54.30:905][185]LogBlueprintUserMessages: PRINT
[2015.09.23-16.54.30:922][186]LogBlueprintUserMessages: 0.606926
[2015.09.23-16.54.30:922][186]LogBlueprintUserMessages: PRINT
[2015.09.23-16.54.30:938][187]LogBlueprintUserMessages: 0.52628
[2015.09.23-16.54.30:938][187]LogBlueprintUserMessages: PRINT
[2015.09.23-16.54.30:954][188]LogBlueprintUserMessages: 0.445634
[2015.09.23-16.54.30:954][188]LogBlueprintUserMessages: PRINT
[2015.09.23-16.54.30:970][189]LogBlueprintUserMessages: 0.364988
[2015.09.23-16.54.30:970][189]LogBlueprintUserMessages: PRINT
[2015.09.23-16.54.30:986][190]LogBlueprintUserMessages: 0.284343
[2015.09.23-16.54.30:986][190]LogBlueprintUserMessages: PRINT
[2015.09.23-16.54.31:002][191]LogBlueprintUserMessages: 0.203697
[2015.09.23-16.54.31:002][191]LogBlueprintUserMessages: PRINT
[2015.09.23-16.54.31:018][192]LogBlueprintUserMessages: 0.123051
[2015.09.23-16.54.31:018][192]LogBlueprintUserMessages: PRINT
[2015.09.23-16.54.31:034][193]LogBlueprintUserMessages: 0.042405
[2015.09.23-16.54.31:034][193]LogBlueprintUserMessages: PRINT
[2015.09.23-16.54.31:050][194]LogBlueprintUserMessages: -0.038241
[2015.09.23-16.54.31:067][195]LogBlueprintUserMessages: -0.118887
[2015.09.23-16.54.31:083][196]LogBlueprintUserMessages: -0.199533
[2015.09.23-16.54.31:099][197]LogBlueprintUserMessages: -0.280178
[2015.09.23-16.54.31:115][198]LogBlueprintUserMessages: -0.360824
[2015.09.23-16.54.31:131][199]LogBlueprintUserMessages: -0.44147
[2015.09.23-16.54.31:147][200]LogBlueprintUserMessages: -0.522116
[2015.09.23-16.54.31:163][201]LogBlueprintUserMessages: -0.602762
[2015.09.23-16.54.31:179][202]LogBlueprintUserMessages: -0.683408
[2015.09.23-16.54.31:196][203]LogBlueprintUserMessages: -0.764054
[2015.09.23-16.54.31:212][204]LogBlueprintUserMessages: -0.8447
[2015.09.23-16.54.31:228][205]LogBlueprintUserMessages: -0.925345
[2015.09.23-16.54.31:244][206]LogBlueprintUserMessages: -1.005991
[2015.09.23-16.54.31:244][206]Closing by request
[2015.09.23-16.54.31:244][206]LogWindows: FPlatformMisc::RequestExit(0)
[2015.09.23-16.54.31:733][207]LogWindowsTextInputMethodSystem:Display: IME system now deactivated.
[2015.09.23-16.54.31:734][207]LogWindowsTextInputMethodSystem:Display: IME system now deactivated.
[2015.09.23-16.54.31:744][207]LogExit: Preparing to exit.
[2015.09.23-16.54.31:801][207]LogExit: Game engine shut down
[2015.09.23-16.54.31:806][207]LogParticles: Destroying 0 GPU particle simulations for FXSystem 0x00000029F179CB80
[2015.09.23-16.54.31:943][207]LogExit: Object subsystem successfully closed.
[2015.09.23-16.54.31:961][207]LogD3D11RHI: Shutdown
[2015.09.23-16.54.31:961][207]LogD3D11RHI: CleanupD3DDevice
[2015.09.23-16.54.32:024][207]LogD3D11RHI: ~FD3D11DynamicRHI
[2015.09.23-16.54.32:036][207]LogModuleManager: Shutting down and abandoning module AndroidDeviceDetection (109)
[2015.09.23-16.54.32:505][207]LogModuleManager: Shutting down and abandoning module AutomationWorker (108)
[2015.09.23-16.54.32:505][207]LogModuleManager: Shutting down and abandoning module CharacterAI (107)
[2015.09.23-16.54.32:505][207]LogModuleManager: Shutting down and abandoning module AITestSuite (106)
[2015.09.23-16.54.32:505][207]LogModuleManager: Shutting down and abandoning module GameplayDebugger (105)
[2015.09.23-16.54.32:505][207]LogModuleManager: Shutting down and abandoning module AIModule (104)
[2015.09.23-16.54.32:505][207]LogModuleManager: Shutting down and abandoning module GameLiveStreaming (103)
[2015.09.23-16.54.32:505][207]LogModuleManager: Shutting down and abandoning module StreamingPauseRendering (102)
[2015.09.23-16.54.32:505][207]LogModuleManager: Shutting down and abandoning module ProfilerService (101)
[2015.09.23-16.54.32:679][207]LogModuleManager: Shutting down and abandoning module TaskGraph (100)
[2015.09.23-16.54.32:679][207]LogModuleManager: Shutting down and abandoning module SlateRemote (99)
[2015.09.23-16.54.32:679][207]LogModuleManager: Shutting down and abandoning module SteamVRController (98)
[2015.09.23-16.54.32:679][207]LogModuleManager: Shutting down and abandoning module SteamVR (97)
[2015.09.23-16.54.32:679][207]LogModuleManager: Shutting down and abandoning module ProceduralMeshComponent (96)
[2015.09.23-16.54.32:679][207]LogModuleManager: Shutting down and abandoning module OculusRift (95)
[2015.09.23-16.54.32:679][207]LogModuleManager: Shutting down and abandoning module LeapMotionController (94)
[2015.09.23-16.54.32:687][207]LogModuleManager: Shutting down and abandoning module CustomMeshComponent (93)
[2015.09.23-16.54.32:687][207]LogModuleManager: Shutting down and abandoning module CableComponent (92)
[2015.09.23-16.54.32:687][207]LogModuleManager: Shutting down and abandoning module DesktopPlatform (91)
[2015.09.23-16.54.32:687][207]LogModuleManager: Shutting down and abandoning module DirectoryWatcher (90)
[2015.09.23-16.54.32:687][207]LogModuleManager: Shutting down and abandoning module HotReload (89)
[2015.09.23-16.54.32:687][207]LogModuleManager: Shutting down and abandoning module VisualStudioSourceCodeAccess (88)
[2015.09.23-16.54.32:687][207]LogModuleManager: Shutting down and abandoning module UObjectPlugin (87)
[2015.09.23-16.54.32:687][207]LogModuleManager: Shutting down and abandoning module SubversionSourceControl (86)
[2015.09.23-16.54.32:687][207]LogModuleManager: Shutting down and abandoning module SourceControl (85)
[2015.09.23-16.54.32:687][207]LogModuleManager: Shutting down and abandoning module PerforceSourceControl (84)
[2015.09.23-16.54.32:687][207]LogModuleManager: Shutting down and abandoning module BlankPlugin (83)
[2015.09.23-16.54.32:687][207]LogModuleManager: Shutting down and abandoning module UdpMessaging (82)
[2015.09.23-16.54.32:687][207]LogModuleManager: Shutting down and abandoning module AssetRegistry (81)
[2015.09.23-16.54.32:687][207]LogModuleManager: Shutting down and abandoning module SubstanceCore (80)
[2015.09.23-16.54.32:687][207]LogModuleManager: Shutting down and abandoning module Paper2D (79)
[2015.09.23-16.54.32:687][207]LogModuleManager: Shutting down and abandoning module WindowsMoviePlayer (78)
[2015.09.23-16.54.32:689][207]LogModuleManager: Shutting down and abandoning module Media (77)
[2015.09.23-16.54.32:689][207]LogModuleManager: Shutting down and abandoning module WmfMedia (76)
[2015.09.23-16.54.32:689][207]LogModuleManager: Shutting down and abandoning module OnlineBlueprintSupport (75)
[2015.09.23-16.54.32:689][207]LogModuleManager: Shutting down and abandoning module PropertyEditor (74)
[2015.09.23-16.54.32:689][207]LogModuleManager: Shutting down and abandoning module BehaviorTreeEditor (73)
[2015.09.23-16.54.32:689][207]LogModuleManager: Shutting down and abandoning module FunctionalTesting (72)
[2015.09.23-16.54.32:689][207]LogModuleManager: Shutting down and abandoning module CollisionAnalyzer (71)
[2015.09.23-16.54.32:689][207]LogModuleManager: Shutting down and abandoning module WorkspaceMenuStructure (70)
[2015.09.23-16.54.32:689][207]LogModuleManager: Shutting down and abandoning module MessageLog (69)
[2015.09.23-16.54.32:689][207]LogModuleManager: Shutting down and abandoning module Sequencer (68)
[2015.09.23-16.54.32:689][207]LogModuleManager: Shutting down and abandoning module AssetTools (67)
[2015.09.23-16.54.32:689][207]LogModuleManager: Shutting down and abandoning module UMGEditor (66)
[2015.09.23-16.54.32:689][207]LogModuleManager: Shutting down and abandoning module UMG (65)
[2015.09.23-16.54.32:689][207]LogModuleManager: Shutting down and abandoning module Slate (64)
[2015.09.23-16.54.32:689][207]LogModuleManager: Shutting down and abandoning module EditorStyle (63)
[2015.09.23-16.54.32:691][207]LogModuleManager: Shutting down and abandoning module SessionServices (62)
[2015.09.23-16.54.32:691][207]LogModuleManager: Shutting down and abandoning module SourceCodeAccess (61)
[2015.09.23-16.54.32:691][207]LogModuleManager: Shutting down and abandoning module HeadMountedDisplay (60)
[2015.09.23-16.54.32:691][207]LogModuleManager: Shutting down and abandoning module XAudio2 (59)
[2015.09.23-16.54.32:691][207]LogModuleManager: Shutting down and abandoning module Networking (57)
[2015.09.23-16.54.32:691][207]LogModuleManager: Shutting down and abandoning module Core (56)
[2015.09.23-16.54.32:691][207]LogModuleManager: Shutting down and abandoning module KismetCompiler (55)
[2015.09.23-16.54.32:691][207]LogModuleManager: Shutting down and abandoning module PhysXFormats (54)
[2015.09.23-16.54.32:691][207]LogModuleManager: Shutting down and abandoning module MeshUtilities (53)
[2015.09.23-16.54.32:691][207]LogModuleManager: Shutting down and abandoning module DerivedDataCache (52)
[2015.09.23-16.54.33:170][207]LogDerivedDataCache: Shutdown
[2015.09.23-16.54.33:170][207]LogModuleManager: Shutting down and abandoning module ShaderFormatOpenGL (51)
[2015.09.23-16.54.33:170][207]LogModuleManager: Shutting down and abandoning module ShaderFormatD3D (50)
[2015.09.23-16.54.33:170][207]LogModuleManager: Shutting down and abandoning module MetalShaderFormat (49)
[2015.09.23-16.54.33:170][207]LogModuleManager: Shutting down and abandoning module TextureFormatUncompressed (48)
[2015.09.23-16.54.33:170][207]LogModuleManager: Shutting down and abandoning module TextureFormatPVR (47)
[2015.09.23-16.54.33:170][207]LogModuleManager: Shutting down and abandoning module TextureFormatIntelISPCTexComp (46)
[2015.09.23-16.54.33:170][207]LogModuleManager: Shutting down and abandoning module TextureFormatDXT (45)
[2015.09.23-16.54.33:170][207]LogModuleManager: Shutting down and abandoning module ImageWrapper (44)
[2015.09.23-16.54.33:170][207]LogModuleManager: Shutting down and abandoning module TextureFormatASTC (43)
[2015.09.23-16.54.33:170][207]LogModuleManager: Shutting down and abandoning module TextureFormatAndroid (42)
[2015.09.23-16.54.33:170][207]LogModuleManager: Shutting down and abandoning module AudioFormatOpus (41)
[2015.09.23-16.54.33:170][207]LogModuleManager: Shutting down and abandoning module AudioFormatOgg (40)
[2015.09.23-16.54.33:170][207]LogModuleManager: Shutting down and abandoning module AudioFormatADPCM (39)
[2015.09.23-16.54.33:170][207]LogModuleManager: Shutting down and abandoning module LinuxTargetPlatform (38)
[2015.09.23-16.54.33:170][207]LogModuleManager: Shutting down and abandoning module LinuxServerTargetPlatform (37)
[2015.09.23-16.54.33:170][207]LogModuleManager: Shutting down and abandoning module LinuxNoEditorTargetPlatform (36)
[2015.09.23-16.54.33:170][207]LogModuleManager: Shutting down and abandoning module Messaging (35)
[2015.09.23-16.54.33:170][207]LogModuleManager: Shutting down and abandoning module IOSTargetPlatform (34)
[2015.09.23-16.54.33:170][207]LogModuleManager: Shutting down and abandoning module HTML5TargetPlatform (33)
[2015.09.23-16.54.33:170][207]LogModuleManager: Shutting down and abandoning module Android_PVRTCTargetPlatform (32)
[2015.09.23-16.54.33:170][207]LogModuleManager: Shutting down and abandoning module Android_ETC2TargetPlatform (31)
[2015.09.23-16.54.33:170][207]LogModuleManager: Shutting down and abandoning module Android_ETC1TargetPlatform (30)
[2015.09.23-16.54.33:170][207]LogModuleManager: Shutting down and abandoning module Android_DXTTargetPlatform (29)
[2015.09.23-16.54.33:170][207]LogModuleManager: Shutting down and abandoning module Android_ATCTargetPlatform (28)
[2015.09.23-16.54.33:170][207]LogModuleManager: Shutting down and abandoning module Android_ASTCTargetPlatform (27)
[2015.09.23-16.54.33:170][207]LogModuleManager: Shutting down and abandoning module AndroidTargetPlatform (26)
[2015.09.23-16.54.33:170][207]LogModuleManager: Shutting down and abandoning module WindowsTargetPlatform (25)
[2015.09.23-16.54.33:170][207]LogModuleManager: Shutting down and abandoning module WindowsServerTargetPlatform (24)
[2015.09.23-16.54.33:170][207]LogModuleManager: Shutting down and abandoning module WindowsNoEditorTargetPlatform (23)
[2015.09.23-16.54.33:170][207]LogModuleManager: Shutting down and abandoning module WindowsClientTargetPlatform (22)
[2015.09.23-16.54.33:170][207]LogModuleManager: Shutting down and abandoning module DesktopTargetPlatform (21)
[2015.09.23-16.54.33:170][207]LogModuleManager: Shutting down and abandoning module TargetPlatform (20)
[2015.09.23-16.54.33:170][207]LogModuleManager: Shutting down and abandoning module InputCore (19)
[2015.09.23-16.54.33:170][207]LogModuleManager: Shutting down and abandoning module Settings (18)
[2015.09.23-16.54.33:170][207]LogModuleManager: Shutting down and abandoning module OnlineSubsystem (16)
[2015.09.23-16.54.33:170][207]LogModuleManager: Shutting down and abandoning module HTTP (15)
[2015.09.23-16.54.33:170][207]LogModuleManager: Shutting down and abandoning module ExampleDeviceProfileSelector (14)
[2015.09.23-16.54.33:170][207]LogModuleManager: Shutting down and abandoning module TextureCompressor (13)
[2015.09.23-16.54.33:170][207]LogModuleManager: Shutting down and abandoning module ShaderCore (12)
[2015.09.23-16.54.33:170][207]LogModuleManager: Shutting down and abandoning module Landscape (11)
[2015.09.23-16.54.33:170][207]LogModuleManager: Shutting down and abandoning module SlateRHIRenderer (10)
[2015.09.23-16.54.33:171][207]LogModuleManager: Shutting down and abandoning module OpenGLDrv (9)
[2015.09.23-16.54.33:171][207]LogModuleManager: Shutting down and abandoning module D3D11RHI (8)
[2015.09.23-16.54.33:171][207]LogModuleManager: Shutting down and abandoning module Renderer (7)
[2015.09.23-16.54.33:171][207]LogModuleManager: Shutting down and abandoning module Engine (6)
[2015.09.23-16.54.33:171][207]LogModuleManager: Shutting down and abandoning module CoreUObject (5)
[2015.09.23-16.54.33:171][207]LogModuleManager: Shutting down and abandoning module NetworkFile (4)
[2015.09.23-16.54.33:171][207]LogModuleManager: Shutting down and abandoning module StreamingFile (3)
[2015.09.23-16.54.33:171][207]LogModuleManager: Shutting down and abandoning module SandboxFile (2)
[2015.09.23-16.54.33:171][207]LogModuleManager: Shutting down and abandoning module PakFile (1)
[2015.09.23-16.54.33:171][207]LogExit: Exiting.
[2015.09.23-16.54.33:173][207]Log file closed, 09/23/15 18:54:33
