[2015.08.28-10.53.17:779][  0]Log file open, 08/28/15 12:53:17
[2015.08.28-10.53.17:779][  0]LogInit:Display: Running engine for game: NotPartofGame
[2015.08.28-10.53.17:779][  0]LogInit:Display: RandInit(2052877842) SRandInit(2052877842).
[2015.08.28-10.53.17:779][  0]LogTaskGraph: Started task graph with 4 named threads and 7 total threads.
[2015.08.28-10.53.17:779][  0]LogStats: Stats thread started
[2015.08.28-10.53.17:779][  0]LogInit: Version: 4.8.3-2634408+++depot+UE4-Releases+4.8
[2015.08.28-10.53.17:779][  0]LogInit: API Version: 2579680
[2015.08.28-10.53.17:779][  0]LogInit: Compiled (64-bit): Jul 27 2015 16:24:33
[2015.08.28-10.53.17:779][  0]LogInit: Compiled with Visual C++: 18.00.21005.01
[2015.08.28-10.53.17:779][  0]LogInit: Build Configuration: Development
[2015.08.28-10.53.17:779][  0]LogInit: Branch Name: ++depot+UE4-Releases+4.8
[2015.08.28-10.53.17:779][  0]LogInit: Command line:  /Temp/Autosaves/Game/NPOTG/Maps/UEDPCTesting_Level -game -PIEVIACONSOLE -ResX=1280 -ResY=720  -Multiprocess 
[2015.08.28-10.53.17:779][  0]LogInit: Base directory: C:/Users/Bodoo/Documents/Programmieren/4.8/Engine/Binaries/Win64/
[2015.08.28-10.53.17:779][  0]LogInit: Rocket: 1
[2015.08.28-10.53.17:797][  0]LogInit: Using libcurl 7.41.0
[2015.08.28-10.53.17:797][  0]LogInit:  - built for x86_64-pc-win32
[2015.08.28-10.53.17:797][  0]LogInit:  - supports SSL with WinSSL
[2015.08.28-10.53.17:797][  0]LogInit:  - other features:
[2015.08.28-10.53.17:797][  0]LogInit:      CURL_VERSION_SSL
[2015.08.28-10.53.17:797][  0]LogInit:      CURL_VERSION_IPV6
[2015.08.28-10.53.17:797][  0]LogInit:      CURL_VERSION_ASYNCHDNS
[2015.08.28-10.53.17:797][  0]LogInit:      CURL_VERSION_LARGEFILE
[2015.08.28-10.53.17:797][  0]LogInit:      CURL_VERSION_IDN
[2015.08.28-10.53.17:797][  0]LogInit:  CurlRequestOptions (configurable via config and command line):
[2015.08.28-10.53.17:797][  0]LogInit:  - bVerifyPeer = true  - Libcurl will verify peer certificate
[2015.08.28-10.53.17:797][  0]LogInit:  - bUseHttpProxy = false  - Libcurl will NOT use HTTP proxy
[2015.08.28-10.53.17:797][  0]LogInit:  - bDontReuseConnections = false  - Libcurl will reuse connections
[2015.08.28-10.53.17:797][  0]LogInit:  - CertBundlePath = nullptr  - Libcurl will use whatever was configured at build time.
[2015.08.28-10.53.17:812][  0]LogOnline:Warning: No default platform service specified for OnlineSubsystem
[2015.08.28-10.53.17:829][  0]LogInit: Presizing for 0 objects not considered by GC, pre-allocating 0 bytes.
[2015.08.28-10.53.17:838][  0]LogInit: Object subsystem initialized
[2015.08.28-10.53.17:839][  0]LogConsoleResponse:Warning: Skipping Unknown console variable: 'UIScaleCurve = (EditorCurveData=(Keys=((Time=480.000000,Value=0.444000),(Time=720.000000,Value=0.666000),(Time=1080.000000,Value=1.000000),(Time=8640.000000,Value=8.000000))),ExternalCurve=None)'
[2015.08.28-10.53.17:839][  0]LogConsoleResponse:Warning:   Found in ini file 'C:/Users/Bodoo/Documents/Programmieren/Projekte/NotPartofTheGame/Saved/Config/Windows/Engine.ini', in section '[/Script/Engine.RendererSettings]'
[2015.08.28-10.53.17:839][  0]LogConsoleManager:Warning: Console variable 'r.MSAA.CompositingSampleCount' wasn't set ('Scalability' has a lower priority than 'ProjectSetting')
[2015.08.28-10.53.17:839][  0]LogInit: Selected Device Profile: [Windows]
[2015.08.28-10.53.17:839][  0]LogInit: Applying CVar settings loaded from the selected device profile: [Windows]
[2015.08.28-10.53.17:843][  0]LogInit: Computer: DESKTOP-GLF6O4V
[2015.08.28-10.53.17:843][  0]LogInit: User: Bodoo
[2015.08.28-10.53.17:843][  0]LogInit: CPU Page size=4096, Cores=4
[2015.08.28-10.53.17:843][  0]LogInit: High frequency timer resolution =3.215356 MHz
[2015.08.28-10.53.17:843][  0]LogMemory: Memory total: Physical=12.0GB (12GB approx)
[2015.08.28-10.53.17:843][  0]LogMemory: Platform Memory Stats for Windows
[2015.08.28-10.53.17:843][  0]LogMemory: Process Physical Memory: 49.60 MB used, 49.60 MB peak
[2015.08.28-10.53.17:843][  0]LogMemory: Process Virtual Memory: 22.59 MB used, 22.59 MB peak
[2015.08.28-10.53.17:843][  0]LogMemory: Physical Memory: 2862.89 MB used, 12270.70 MB total
[2015.08.28-10.53.17:843][  0]LogMemory: Virtual Memory: 310.61 MB used, 134217728.00 MB total
[2015.08.28-10.53.17:871][  0]LogTextLocalizationManager: The requested culture ('de_DE') has no localization data; falling back to 'en' for localization and internationalization data.
[2015.08.28-10.53.18:128][  0]LogTextLocalizationManager:Warning: Loaded localization resources contain conflicting entries for (Namespace:ContentBrowser, Key:ImportAssetToolTip):
Localization Resource: (C:/Users/Bodoo/Documents/Programmieren/4.8/Engine/Content/Localization/Editor/en/Editor.locres) Source String Hash: (-630476809) Localized String: (Import to {0}...)
Localization Resource: (C:/Users/Bodoo/Documents/Programmieren/4.8/Engine/Content/Localization/Editor/en/Editor.locres) Source String Hash: (1271782899) Localized String: (Imports an asset from file to this folder.)
[2015.08.28-10.53.18:478][  0]LogD3D11RHI: Found D3D11 adapter 0: AMD Radeon HD 6800 Series (Feature Level 11_0)
[2015.08.28-10.53.18:478][  0]LogD3D11RHI: Adapter has 1011MB of dedicated video memory, 0MB of dedicated system memory, and 3840MB of shared system memory, 1 output[s]
[2015.08.28-10.53.18:479][  0]LogD3D11RHI: Found D3D11 adapter 1: Microsoft Basic Render Driver (Feature Level 11_0)
[2015.08.28-10.53.18:479][  0]LogD3D11RHI: Adapter has 0MB of dedicated video memory, 0MB of dedicated system memory, and 6135MB of shared system memory, 0 output[s]
[2015.08.28-10.53.18:479][  0]LogD3D11RHI: Chosen D3D11 Adapter Id = 0
[2015.08.28-10.53.18:481][  0]LogD3D11RHI: InitD3DDevice
[2015.08.28-10.53.18:482][  0]LogD3D11RHI: !Direct3DDevice
[2015.08.28-10.53.18:482][  0]LogRHI: Texture pool is 708 MB (70% of 1011 MB)
[2015.08.28-10.53.18:488][  0]LogD3D11RHI: Async texture creation disabled: no driver support
[2015.08.28-10.53.18:499][  0]LogShaderCompilers:Display: Using Local Shader Compiler.
[2015.08.28-10.53.19:314][  0]LogTemp:Display: Loaded TP DesktopTargetPlatform
[2015.08.28-10.53.19:329][  0]LogTemp:Display: Loaded TP WindowsClientTargetPlatform
[2015.08.28-10.53.19:346][  0]LogTemp:Display: Loaded TP WindowsNoEditorTargetPlatform
[2015.08.28-10.53.19:361][  0]LogTemp:Display: Loaded TP WindowsServerTargetPlatform
[2015.08.28-10.53.19:377][  0]LogTemp:Display: Loaded TP WindowsTargetPlatform
[2015.08.28-10.53.19:390][  0]LogTemp:Display: Loaded TP AndroidTargetPlatform
[2015.08.28-10.53.19:403][  0]LogTemp:Display: Loaded TP Android_ASTCTargetPlatform
[2015.08.28-10.53.19:416][  0]LogTemp:Display: Loaded TP Android_ATCTargetPlatform
[2015.08.28-10.53.19:429][  0]LogTemp:Display: Loaded TP Android_DXTTargetPlatform
[2015.08.28-10.53.19:443][  0]LogTemp:Display: Loaded TP Android_ETC1TargetPlatform
[2015.08.28-10.53.19:457][  0]LogTemp:Display: Loaded TP Android_ETC2TargetPlatform
[2015.08.28-10.53.19:470][  0]LogTemp:Display: Loaded TP Android_PVRTCTargetPlatform
[2015.08.28-10.53.19:520][  0]LogTemp:Display: Loaded TP IOSTargetPlatform
[2015.08.28-10.53.19:534][  0]LogTemp:Display: Loaded TP LinuxNoEditorTargetPlatform
[2015.08.28-10.53.19:547][  0]LogTemp:Display: Loaded TP LinuxServerTargetPlatform
[2015.08.28-10.53.19:562][  0]LogTemp:Display: Loaded TP LinuxTargetPlatform
[2015.08.28-10.53.19:562][  0]LogTargetPlatformManager:Display: Building Assets For Windows
[2015.08.28-10.53.19:793][  0]LogDerivedDataCache:Display: Max Cache Size: 512 MB
[2015.08.28-10.53.19:876][  0]LogDerivedDataCache: Loaded boot cache 0.08s 53MB C:/Users/Bodoo/AppData/Local/UnrealEngine/4.8/DerivedDataCache/Boot.ddc.
[2015.08.28-10.53.19:876][  0]LogDerivedDataCache:Display: Loaded Boot cache: C:/Users/Bodoo/AppData/Local/UnrealEngine/4.8/DerivedDataCache/Boot.ddc
[2015.08.28-10.53.19:877][  0]LogDerivedDataCache: FDerivedDataBackendGraph:  Pak pak cache file ../../../../Projekte/NotPartofTheGame/DerivedDataCache/DDC.ddp not found, will not use a pak cache.
[2015.08.28-10.53.19:877][  0]LogDerivedDataCache: Unable to find inner node Pak for hierarchical cache Hierarchy.
[2015.08.28-10.53.19:877][  0]LogDerivedDataCache: FDerivedDataBackendGraph:  CompressedPak pak cache file ../../../../Projekte/NotPartofTheGame/DerivedDataCache/Compressed.ddp not found, will not use a pak cache.
[2015.08.28-10.53.19:877][  0]LogDerivedDataCache: Unable to find inner node CompressedPak for hierarchical cache Hierarchy.
[2015.08.28-10.53.20:052][  0]LogDerivedDataCache:Display: Pak cache opened for reading ../../../Engine/DerivedDataCache/Compressed.ddp.
[2015.08.28-10.53.20:064][  0]LogDerivedDataCache: Using Local data cache path C:/Users/Bodoo/AppData/Local/UnrealEngine/Common/DerivedDataCache: Writable
[2015.08.28-10.53.20:338][  0]LogInit: Selected Device Profile: [Windows]
[2015.08.28-10.53.20:439][  0]ImportText (ComponentSweepMultiTests): Missing closing parenthesis: (RootShapeAsset="/Engine/BasicShapes/Cube.Cube",ShapeType="TriggerCapsule",HitResult=(Time=0.50,Location=(X=-100.000015,Y=0.0,Z=100.000015),ImpactPoint=(X=-50.0,Y=0.0,Z=50.0),Normal=(X=-1.0,Y=-0.0,Z=0.0),ImpactNormal=(X=0.0,Y=0.0,Z=1.0),TraceStart=(X=-200.0,Y=0.0,Z=200.0),TraceEnd=(X=0.0,Y=0.0,Z=0.0))
[2015.08.28-10.53.20:439][  0]ImportText (LineTraceSingleByChannelTests): Missing closing parenthesis: (RootShapeAsset="/Engine/BasicShapes/Cube.Cube",HitResult=(Time=0.50,Location=(X=-100.000015,Y=0.0,Z=100.000015),ImpactPoint=(X=-50.0,Y=0.0,Z=50.0),Normal=(X=-1.0,Y=-0.0,Z=0.0),ImpactNormal=(X=0.0,Y=0.0,Z=1.0),TraceStart=(X=-200.0,Y=0.0,Z=200.0),TraceEnd=(X=0.0,Y=0.0,Z=0.0))
[2015.08.28-10.53.20:472][  0]LogMeshUtilities: No automatic mesh reduction module available
[2015.08.28-10.53.20:472][  0]LogMeshUtilities: No automatic mesh merging module available
[2015.08.28-10.53.20:805][  0]LogInit: WinSock: version 1.1 (2.2), MaxSocks=32767, MaxUdp=65467
[2015.08.28-10.53.21:320][  0]LogD3D11RHI: InitD3DDevice
[2015.08.28-10.53.21:325][  0]LogWindowsMoviePlayer: Unable to load movie: ../../../../Projekte/NotPartofTheGame/Content/Movies/Default_Startup.mp4
[2015.08.28-10.53.21:467][  0]LogAssetRegistry: FAssetRegistry took 0.0001 seconds to start up
[2015.08.28-10.53.21:514][  0]SourceControl: Info Source control is disabled
[2015.08.28-10.53.21:514][  0]SourceControl: Info Source control is disabled
[2015.08.28-10.53.21:524][  0]SourceControl: Info Source control is disabled
[2015.08.28-10.53.21:715][  0]LogObj: 25913 objects as part of root set at end of initial load.
[2015.08.28-10.53.21:715][  0]LogUObjectAllocator: 5218488 out of 0 bytes used by permanent object pool.
[2015.08.28-10.53.21:784][  0]LogAutomationTest:Warning: ERR: Transient text cannot be serialized "Testing Transient serialization detection".
[2015.08.28-10.53.21:784][  0]LogEngine: Initializing Engine...
[2015.08.28-10.53.21:786][  0]LogHMD: Can't find Oculus library dev build: is proper Runtime installed? Version: 0.6.0.0
[2015.08.28-10.53.21:787][  0]LogHMD:Warning: SteamVR failed to initialize.  Error: 110
[2015.08.28-10.53.21:879][  0]LogInit: XAudio2 using 'Lautsprecher (G510s Gaming Keyboard)' : 2 channels at 48 kHz using 16 bits per sample (channel mask 0x3)
[2015.08.28-10.53.21:886][  0]LogInit: FAudioDevice initialized.
[2015.08.28-10.53.21:895][  0]LogInit: Texture streaming: Disabled
[2015.08.28-10.53.21:958][  0]LogNet: Browse: /Temp/Autosaves/Game/NPOTG/Maps/UEDPCTesting_Level?Name=Player
[2015.08.28-10.53.21:958][  0]LogLoad: LoadMap: /Temp/Autosaves/Game/NPOTG/Maps/UEDPCTesting_Level?Name=Player
[2015.08.28-10.53.21:969][  0]LogParticles: Destroying 0 GPU particle simulations for FXSystem 0x0000000DAF5BB560
[2015.08.28-10.53.21:978][  0]LogMemory: Platform Memory Stats for Windows
[2015.08.28-10.53.21:978][  0]LogMemory: Process Physical Memory: 329.30 MB used, 329.30 MB peak
[2015.08.28-10.53.21:978][  0]LogMemory: Process Virtual Memory: 366.75 MB used, 366.75 MB peak
[2015.08.28-10.53.21:978][  0]LogMemory: Physical Memory: 3093.48 MB used, 12270.70 MB total
[2015.08.28-10.53.21:978][  0]LogMemory: Virtual Memory: 884.91 MB used, 134217728.00 MB total
[2015.08.28-10.53.21:978][  0]LogMemory: 
[2015.08.28-10.53.21:978][  0]Allocator Stats for TBB: (not implemented)
[2015.08.28-10.53.22:886][  0]LogProperty:Warning: ERR: Transient text cannot be serialized "NewRotation Roll".
[2015.08.28-10.53.22:886][  0]LogProperty:Warning: ERR: Transient text cannot be serialized "NewRotation Yaw".
[2015.08.28-10.53.22:886][  0]LogProperty:Warning: ERR: Transient text cannot be serialized "NewRotation Pitch".
[2015.08.28-10.53.22:886][  0]LogProperty:Warning: ERR: Transient text cannot be serialized "NewRotation Roll".
[2015.08.28-10.53.22:886][  0]LogProperty:Warning: ERR: Transient text cannot be serialized "NewRotation Yaw".
[2015.08.28-10.53.22:886][  0]LogProperty:Warning: ERR: Transient text cannot be serialized "NewRotation Pitch".
[2015.08.28-10.53.22:932][  0]LogProperty:Warning: ERR: Transient text cannot be serialized "NewRotation Roll".
[2015.08.28-10.53.22:933][  0]LogProperty:Warning: ERR: Transient text cannot be serialized "NewRotation Yaw".
[2015.08.28-10.53.22:933][  0]LogProperty:Warning: ERR: Transient text cannot be serialized "NewRotation Pitch".
[2015.08.28-10.53.22:933][  0]LogProperty:Warning: ERR: Transient text cannot be serialized "NewRotation Roll".
[2015.08.28-10.53.22:933][  0]LogProperty:Warning: ERR: Transient text cannot be serialized "NewRotation Yaw".
[2015.08.28-10.53.22:933][  0]LogProperty:Warning: ERR: Transient text cannot be serialized "NewRotation Pitch".
[2015.08.28-10.53.23:795][  0]LogAIModule: Creating AISystem for world Testing_Level
[2015.08.28-10.53.23:795][  0]LogWorld: Game class is '2DSideScrollerGameMode_C'
[2015.08.28-10.53.23:852][  0]LogWorld: Bringing World /Temp/Autosaves/Game/NPOTG/Maps/UEDPCTesting_Level.Testing_Level up for play (max tick rate 0) at 2015.08.28-12.53.23
[2015.08.28-10.53.23:864][  0]LogWorld: Bringing up level for play took: 0.066294
[2015.08.28-10.53.23:868][  0]LogInit:Display: Game Engine Initialized.
[2015.08.28-10.53.24:093][  0]LogLoad: Full Startup: 7.97 seconds (BP compile: 0.96 seconds)
[2015.08.28-10.53.24:111][  0]LogContentStreaming: Texture pool size is 1000.000000MB
[2015.08.28-10.53.24:231][  0]LogRenderer: Reallocating scene render targets to support 1280x720 (Frame:2).
[2015.08.28-10.53.42:971][153]LogBlueprintUserMessages: 0.991935
[2015.08.28-10.53.42:971][153]LogBlueprintUserMessages: 0.991935
[2015.08.28-10.53.42:971][153]LogBlueprintUserMessages: 0.983871
[2015.08.28-10.53.42:987][154]LogBlueprintUserMessages: 0.975806
[2015.08.28-10.53.43:003][155]LogBlueprintUserMessages: 0.967742
[2015.08.28-10.53.43:019][156]LogBlueprintUserMessages: 0.959677
[2015.08.28-10.53.43:035][157]LogBlueprintUserMessages: 0.951613
[2015.08.28-10.53.43:051][158]LogBlueprintUserMessages: 0.943548
[2015.08.28-10.53.43:067][159]LogBlueprintUserMessages: 0.935484
[2015.08.28-10.53.43:084][160]LogBlueprintUserMessages: 0.927419
[2015.08.28-10.53.43:100][161]LogBlueprintUserMessages: 0.919354
[2015.08.28-10.53.43:116][162]LogBlueprintUserMessages: 0.91129
[2015.08.28-10.53.43:132][163]LogBlueprintUserMessages: 0.903225
[2015.08.28-10.53.43:148][164]LogBlueprintUserMessages: 0.895161
[2015.08.28-10.53.43:164][165]LogBlueprintUserMessages: 0.887096
[2015.08.28-10.53.43:180][166]LogBlueprintUserMessages: 0.879032
[2015.08.28-10.53.43:197][167]LogBlueprintUserMessages: 0.870967
[2015.08.28-10.53.43:213][168]LogBlueprintUserMessages: 0.862903
[2015.08.28-10.53.43:229][169]LogBlueprintUserMessages: 0.854838
[2015.08.28-10.53.43:245][170]LogBlueprintUserMessages: 0.846773
[2015.08.28-10.53.43:261][171]LogBlueprintUserMessages: 0.838709
[2015.08.28-10.53.43:277][172]LogBlueprintUserMessages: 0.830644
[2015.08.28-10.53.43:293][173]LogBlueprintUserMessages: 0.82258
[2015.08.28-10.53.43:310][174]LogBlueprintUserMessages: 0.814515
[2015.08.28-10.53.43:326][175]LogBlueprintUserMessages: 0.806451
[2015.08.28-10.53.43:342][176]LogBlueprintUserMessages: 0.798386
[2015.08.28-10.53.43:357][177]LogBlueprintUserMessages: 0.790321
[2015.08.28-10.53.43:374][178]LogBlueprintUserMessages: 0.782257
[2015.08.28-10.53.43:390][179]LogBlueprintUserMessages: 0.774192
[2015.08.28-10.53.43:406][180]LogBlueprintUserMessages: 0.766128
[2015.08.28-10.53.43:422][181]LogBlueprintUserMessages: 0.758063
[2015.08.28-10.53.43:439][182]LogBlueprintUserMessages: 0.749998
[2015.08.28-10.53.43:455][183]LogBlueprintUserMessages: 0.741934
[2015.08.28-10.53.43:471][184]LogBlueprintUserMessages: 0.733869
[2015.08.28-10.53.43:487][185]LogBlueprintUserMessages: 0.725805
[2015.08.28-10.53.43:503][186]LogBlueprintUserMessages: 0.71774
[2015.08.28-10.53.43:519][187]LogBlueprintUserMessages: 0.709675
[2015.08.28-10.53.43:535][188]LogBlueprintUserMessages: 0.701611
[2015.08.28-10.53.43:551][189]LogBlueprintUserMessages: 0.693546
[2015.08.28-10.53.43:567][190]LogBlueprintUserMessages: 0.685482
[2015.08.28-10.53.43:583][191]LogBlueprintUserMessages: 0.677417
[2015.08.28-10.53.43:599][192]LogBlueprintUserMessages: 0.669352
[2015.08.28-10.53.43:616][193]LogBlueprintUserMessages: 0.661288
[2015.08.28-10.53.43:631][194]LogBlueprintUserMessages: 0.653223
[2015.08.28-10.53.43:647][195]LogBlueprintUserMessages: 0.645159
[2015.08.28-10.53.43:664][196]LogBlueprintUserMessages: 0.637094
[2015.08.28-10.53.43:680][197]LogBlueprintUserMessages: 0.629024
[2015.08.28-10.53.43:696][198]LogBlueprintUserMessages: 0.62096
[2015.08.28-10.53.43:712][199]LogBlueprintUserMessages: 0.612895
[2015.08.28-10.53.43:728][200]LogBlueprintUserMessages: 0.604831
[2015.08.28-10.53.43:744][201]LogBlueprintUserMessages: 0.596766
[2015.08.28-10.53.43:760][202]LogBlueprintUserMessages: 0.588701
[2015.08.28-10.53.43:776][203]LogBlueprintUserMessages: 0.580637
[2015.08.28-10.53.43:793][204]LogBlueprintUserMessages: 0.572572
[2015.08.28-10.53.43:810][205]LogBlueprintUserMessages: 0.564508
[2015.08.28-10.53.43:825][206]LogBlueprintUserMessages: 0.556443
[2015.08.28-10.53.43:842][207]LogBlueprintUserMessages: 0.548378
[2015.08.28-10.53.43:858][208]LogBlueprintUserMessages: 0.540314
[2015.08.28-10.53.43:873][209]LogBlueprintUserMessages: 0.532249
[2015.08.28-10.53.43:890][210]LogBlueprintUserMessages: 0.524185
[2015.08.28-10.53.43:906][211]LogBlueprintUserMessages: 0.51612
[2015.08.28-10.53.43:923][212]LogBlueprintUserMessages: 0.508055
[2015.08.28-10.53.43:938][213]LogBlueprintUserMessages: 0.499991
[2015.08.28-10.53.43:955][214]LogBlueprintUserMessages: 0.491926
[2015.08.28-10.53.43:970][215]LogBlueprintUserMessages: 0.483862
[2015.08.28-10.53.43:986][216]LogBlueprintUserMessages: 0.475797
[2015.08.28-10.53.44:003][217]LogBlueprintUserMessages: 0.467732
[2015.08.28-10.53.44:019][218]LogBlueprintUserMessages: 0.459668
[2015.08.28-10.53.44:035][219]LogBlueprintUserMessages: 0.451603
[2015.08.28-10.53.44:051][220]LogBlueprintUserMessages: 0.443539
[2015.08.28-10.53.44:067][221]LogBlueprintUserMessages: 0.435474
[2015.08.28-10.53.44:084][222]LogBlueprintUserMessages: 0.427409
[2015.08.28-10.53.44:100][223]LogBlueprintUserMessages: 0.419345
[2015.08.28-10.53.44:116][224]LogBlueprintUserMessages: 0.41128
[2015.08.28-10.53.44:132][225]LogBlueprintUserMessages: 0.403213
[2015.08.28-10.53.44:148][226]LogBlueprintUserMessages: 0.395148
[2015.08.28-10.53.44:164][227]LogBlueprintUserMessages: 0.387084
[2015.08.28-10.53.44:180][228]LogBlueprintUserMessages: 0.379019
[2015.08.28-10.53.44:197][229]LogBlueprintUserMessages: 0.370954
[2015.08.28-10.53.44:212][230]LogBlueprintUserMessages: 0.36289
[2015.08.28-10.53.44:228][231]LogBlueprintUserMessages: 0.354825
[2015.08.28-10.53.44:245][232]LogBlueprintUserMessages: 0.346761
[2015.08.28-10.53.44:261][233]LogBlueprintUserMessages: 0.338696
[2015.08.28-10.53.44:277][234]LogBlueprintUserMessages: 0.330632
[2015.08.28-10.53.44:293][235]LogBlueprintUserMessages: 0.322567
[2015.08.28-10.53.44:310][236]LogBlueprintUserMessages: 0.314502
[2015.08.28-10.53.44:326][237]LogBlueprintUserMessages: 0.306438
[2015.08.28-10.53.44:342][238]LogBlueprintUserMessages: 0.298373
[2015.08.28-10.53.44:358][239]LogBlueprintUserMessages: 0.290309
[2015.08.28-10.53.44:374][240]LogBlueprintUserMessages: 0.282244
[2015.08.28-10.53.44:390][241]LogBlueprintUserMessages: 0.274179
[2015.08.28-10.53.44:406][242]LogBlueprintUserMessages: 0.266115
[2015.08.28-10.53.44:422][243]LogBlueprintUserMessages: 0.25805
[2015.08.28-10.53.44:439][244]LogBlueprintUserMessages: 0.249986
[2015.08.28-10.53.44:455][245]LogBlueprintUserMessages: 0.241921
[2015.08.28-10.53.44:471][246]LogBlueprintUserMessages: 0.233857
[2015.08.28-10.53.44:486][247]LogBlueprintUserMessages: 0.225792
[2015.08.28-10.53.44:503][248]LogBlueprintUserMessages: 0.217727
[2015.08.28-10.53.44:519][249]LogBlueprintUserMessages: 0.209663
[2015.08.28-10.53.54:374][860]Closing by request
[2015.08.28-10.53.54:374][860]LogWindows: FPlatformMisc::RequestExit(0)
[2015.08.28-10.53.54:839][861]LogWindowsTextInputMethodSystem:Display: IME system now deactivated.
[2015.08.28-10.53.54:845][861]LogExit: Preparing to exit.
[2015.08.28-10.53.54:912][861]LogExit: Game engine shut down
[2015.08.28-10.53.54:916][861]LogParticles: Destroying 0 GPU particle simulations for FXSystem 0x0000000DAE636C00
[2015.08.28-10.53.55:055][861]LogExit: Object subsystem successfully closed.
[2015.08.28-10.53.55:073][861]LogD3D11RHI: Shutdown
[2015.08.28-10.53.55:073][861]LogD3D11RHI: CleanupD3DDevice
[2015.08.28-10.53.55:161][861]LogD3D11RHI: ~FD3D11DynamicRHI
[2015.08.28-10.53.55:173][861]LogModuleManager: Shutting down and abandoning module AndroidDeviceDetection (109)
[2015.08.28-10.53.56:139][861]LogModuleManager: Shutting down and abandoning module AutomationWorker (108)
[2015.08.28-10.53.56:139][861]LogModuleManager: Shutting down and abandoning module CharacterAI (107)
[2015.08.28-10.53.56:139][861]LogModuleManager: Shutting down and abandoning module AITestSuite (106)
[2015.08.28-10.53.56:139][861]LogModuleManager: Shutting down and abandoning module GameplayDebugger (105)
[2015.08.28-10.53.56:139][861]LogModuleManager: Shutting down and abandoning module AIModule (104)
[2015.08.28-10.53.56:139][861]LogModuleManager: Shutting down and abandoning module GameLiveStreaming (103)
[2015.08.28-10.53.56:139][861]LogModuleManager: Shutting down and abandoning module StreamingPauseRendering (102)
[2015.08.28-10.53.56:139][861]LogModuleManager: Shutting down and abandoning module ProfilerService (101)
[2015.08.28-10.53.56:302][861]LogModuleManager: Shutting down and abandoning module TaskGraph (100)
[2015.08.28-10.53.56:302][861]LogModuleManager: Shutting down and abandoning module SlateRemote (99)
[2015.08.28-10.53.56:302][861]LogModuleManager: Shutting down and abandoning module SteamVRController (98)
[2015.08.28-10.53.56:302][861]LogModuleManager: Shutting down and abandoning module SteamVR (97)
[2015.08.28-10.53.56:302][861]LogModuleManager: Shutting down and abandoning module ProceduralMeshComponent (96)
[2015.08.28-10.53.56:302][861]LogModuleManager: Shutting down and abandoning module OculusRift (95)
[2015.08.28-10.53.56:302][861]LogModuleManager: Shutting down and abandoning module LeapMotionController (94)
[2015.08.28-10.53.56:309][861]LogModuleManager: Shutting down and abandoning module CustomMeshComponent (93)
[2015.08.28-10.53.56:309][861]LogModuleManager: Shutting down and abandoning module CableComponent (92)
[2015.08.28-10.53.56:309][861]LogModuleManager: Shutting down and abandoning module DesktopPlatform (91)
[2015.08.28-10.53.56:309][861]LogModuleManager: Shutting down and abandoning module DirectoryWatcher (90)
[2015.08.28-10.53.56:309][861]LogModuleManager: Shutting down and abandoning module HotReload (89)
[2015.08.28-10.53.56:309][861]LogModuleManager: Shutting down and abandoning module VisualStudioSourceCodeAccess (88)
[2015.08.28-10.53.56:309][861]LogModuleManager: Shutting down and abandoning module UObjectPlugin (87)
[2015.08.28-10.53.56:309][861]LogModuleManager: Shutting down and abandoning module SubversionSourceControl (86)
[2015.08.28-10.53.56:309][861]LogModuleManager: Shutting down and abandoning module SourceControl (85)
[2015.08.28-10.53.56:309][861]LogModuleManager: Shutting down and abandoning module PerforceSourceControl (84)
[2015.08.28-10.53.56:309][861]LogModuleManager: Shutting down and abandoning module BlankPlugin (83)
[2015.08.28-10.53.56:309][861]LogModuleManager: Shutting down and abandoning module UdpMessaging (82)
[2015.08.28-10.53.56:309][861]LogModuleManager: Shutting down and abandoning module AssetRegistry (81)
[2015.08.28-10.53.56:309][861]LogModuleManager: Shutting down and abandoning module SubstanceCore (80)
[2015.08.28-10.53.56:309][861]LogModuleManager: Shutting down and abandoning module Paper2D (79)
[2015.08.28-10.53.56:309][861]LogModuleManager: Shutting down and abandoning module WindowsMoviePlayer (78)
[2015.08.28-10.53.56:311][861]LogModuleManager: Shutting down and abandoning module Media (77)
[2015.08.28-10.53.56:312][861]LogModuleManager: Shutting down and abandoning module WmfMedia (76)
[2015.08.28-10.53.56:312][861]LogModuleManager: Shutting down and abandoning module OnlineBlueprintSupport (75)
[2015.08.28-10.53.56:312][861]LogModuleManager: Shutting down and abandoning module PropertyEditor (74)
[2015.08.28-10.53.56:312][861]LogModuleManager: Shutting down and abandoning module BehaviorTreeEditor (73)
[2015.08.28-10.53.56:312][861]LogModuleManager: Shutting down and abandoning module FunctionalTesting (72)
[2015.08.28-10.53.56:312][861]LogModuleManager: Shutting down and abandoning module CollisionAnalyzer (71)
[2015.08.28-10.53.56:312][861]LogModuleManager: Shutting down and abandoning module WorkspaceMenuStructure (70)
[2015.08.28-10.53.56:312][861]LogModuleManager: Shutting down and abandoning module MessageLog (69)
[2015.08.28-10.53.56:312][861]LogModuleManager: Shutting down and abandoning module Sequencer (68)
[2015.08.28-10.53.56:312][861]LogModuleManager: Shutting down and abandoning module AssetTools (67)
[2015.08.28-10.53.56:312][861]LogModuleManager: Shutting down and abandoning module UMGEditor (66)
[2015.08.28-10.53.56:312][861]LogModuleManager: Shutting down and abandoning module UMG (65)
[2015.08.28-10.53.56:312][861]LogModuleManager: Shutting down and abandoning module Slate (64)
[2015.08.28-10.53.56:312][861]LogModuleManager: Shutting down and abandoning module EditorStyle (63)
[2015.08.28-10.53.56:315][861]LogModuleManager: Shutting down and abandoning module SessionServices (62)
[2015.08.28-10.53.56:315][861]LogModuleManager: Shutting down and abandoning module SourceCodeAccess (61)
[2015.08.28-10.53.56:315][861]LogModuleManager: Shutting down and abandoning module HeadMountedDisplay (60)
[2015.08.28-10.53.56:315][861]LogModuleManager: Shutting down and abandoning module XAudio2 (59)
[2015.08.28-10.53.56:315][861]LogModuleManager: Shutting down and abandoning module Networking (57)
[2015.08.28-10.53.56:315][861]LogModuleManager: Shutting down and abandoning module Core (56)
[2015.08.28-10.53.56:315][861]LogModuleManager: Shutting down and abandoning module KismetCompiler (55)
[2015.08.28-10.53.56:315][861]LogModuleManager: Shutting down and abandoning module PhysXFormats (54)
[2015.08.28-10.53.56:315][861]LogModuleManager: Shutting down and abandoning module MeshUtilities (53)
[2015.08.28-10.53.56:315][861]LogModuleManager: Shutting down and abandoning module DerivedDataCache (52)
[2015.08.28-10.53.56:595][861]LogDerivedDataCache: Shutdown
[2015.08.28-10.53.56:595][861]LogModuleManager: Shutting down and abandoning module ShaderFormatOpenGL (51)
[2015.08.28-10.53.56:595][861]LogModuleManager: Shutting down and abandoning module ShaderFormatD3D (50)
[2015.08.28-10.53.56:595][861]LogModuleManager: Shutting down and abandoning module MetalShaderFormat (49)
[2015.08.28-10.53.56:595][861]LogModuleManager: Shutting down and abandoning module TextureFormatUncompressed (48)
[2015.08.28-10.53.56:595][861]LogModuleManager: Shutting down and abandoning module TextureFormatPVR (47)
[2015.08.28-10.53.56:595][861]LogModuleManager: Shutting down and abandoning module TextureFormatIntelISPCTexComp (46)
[2015.08.28-10.53.56:595][861]LogModuleManager: Shutting down and abandoning module TextureFormatDXT (45)
[2015.08.28-10.53.56:595][861]LogModuleManager: Shutting down and abandoning module ImageWrapper (44)
[2015.08.28-10.53.56:595][861]LogModuleManager: Shutting down and abandoning module TextureFormatASTC (43)
[2015.08.28-10.53.56:595][861]LogModuleManager: Shutting down and abandoning module TextureFormatAndroid (42)
[2015.08.28-10.53.56:595][861]LogModuleManager: Shutting down and abandoning module AudioFormatOpus (41)
[2015.08.28-10.53.56:595][861]LogModuleManager: Shutting down and abandoning module AudioFormatOgg (40)
[2015.08.28-10.53.56:595][861]LogModuleManager: Shutting down and abandoning module AudioFormatADPCM (39)
[2015.08.28-10.53.56:595][861]LogModuleManager: Shutting down and abandoning module LinuxTargetPlatform (38)
[2015.08.28-10.53.56:595][861]LogModuleManager: Shutting down and abandoning module LinuxServerTargetPlatform (37)
[2015.08.28-10.53.56:595][861]LogModuleManager: Shutting down and abandoning module LinuxNoEditorTargetPlatform (36)
[2015.08.28-10.53.56:595][861]LogModuleManager: Shutting down and abandoning module Messaging (35)
[2015.08.28-10.53.56:595][861]LogModuleManager: Shutting down and abandoning module IOSTargetPlatform (34)
[2015.08.28-10.53.56:595][861]LogModuleManager: Shutting down and abandoning module HTML5TargetPlatform (33)
[2015.08.28-10.53.56:595][861]LogModuleManager: Shutting down and abandoning module Android_PVRTCTargetPlatform (32)
[2015.08.28-10.53.56:595][861]LogModuleManager: Shutting down and abandoning module Android_ETC2TargetPlatform (31)
[2015.08.28-10.53.56:595][861]LogModuleManager: Shutting down and abandoning module Android_ETC1TargetPlatform (30)
[2015.08.28-10.53.56:595][861]LogModuleManager: Shutting down and abandoning module Android_DXTTargetPlatform (29)
[2015.08.28-10.53.56:595][861]LogModuleManager: Shutting down and abandoning module Android_ATCTargetPlatform (28)
[2015.08.28-10.53.56:595][861]LogModuleManager: Shutting down and abandoning module Android_ASTCTargetPlatform (27)
[2015.08.28-10.53.56:595][861]LogModuleManager: Shutting down and abandoning module AndroidTargetPlatform (26)
[2015.08.28-10.53.56:595][861]LogModuleManager: Shutting down and abandoning module WindowsTargetPlatform (25)
[2015.08.28-10.53.56:595][861]LogModuleManager: Shutting down and abandoning module WindowsServerTargetPlatform (24)
[2015.08.28-10.53.56:595][861]LogModuleManager: Shutting down and abandoning module WindowsNoEditorTargetPlatform (23)
[2015.08.28-10.53.56:595][861]LogModuleManager: Shutting down and abandoning module WindowsClientTargetPlatform (22)
[2015.08.28-10.53.56:595][861]LogModuleManager: Shutting down and abandoning module DesktopTargetPlatform (21)
[2015.08.28-10.53.56:595][861]LogModuleManager: Shutting down and abandoning module TargetPlatform (20)
[2015.08.28-10.53.56:595][861]LogModuleManager: Shutting down and abandoning module InputCore (19)
[2015.08.28-10.53.56:595][861]LogModuleManager: Shutting down and abandoning module Settings (18)
[2015.08.28-10.53.56:595][861]LogModuleManager: Shutting down and abandoning module OnlineSubsystem (16)
[2015.08.28-10.53.56:595][861]LogModuleManager: Shutting down and abandoning module HTTP (15)
[2015.08.28-10.53.56:595][861]LogModuleManager: Shutting down and abandoning module ExampleDeviceProfileSelector (14)
[2015.08.28-10.53.56:595][861]LogModuleManager: Shutting down and abandoning module TextureCompressor (13)
[2015.08.28-10.53.56:595][861]LogModuleManager: Shutting down and abandoning module ShaderCore (12)
[2015.08.28-10.53.56:595][861]LogModuleManager: Shutting down and abandoning module Landscape (11)
[2015.08.28-10.53.56:595][861]LogModuleManager: Shutting down and abandoning module SlateRHIRenderer (10)
[2015.08.28-10.53.56:596][861]LogModuleManager: Shutting down and abandoning module OpenGLDrv (9)
[2015.08.28-10.53.56:596][861]LogModuleManager: Shutting down and abandoning module D3D11RHI (8)
[2015.08.28-10.53.56:596][861]LogModuleManager: Shutting down and abandoning module Renderer (7)
[2015.08.28-10.53.56:596][861]LogModuleManager: Shutting down and abandoning module Engine (6)
[2015.08.28-10.53.56:596][861]LogModuleManager: Shutting down and abandoning module CoreUObject (5)
[2015.08.28-10.53.56:596][861]LogModuleManager: Shutting down and abandoning module NetworkFile (4)
[2015.08.28-10.53.56:596][861]LogModuleManager: Shutting down and abandoning module StreamingFile (3)
[2015.08.28-10.53.56:596][861]LogModuleManager: Shutting down and abandoning module SandboxFile (2)
[2015.08.28-10.53.56:596][861]LogModuleManager: Shutting down and abandoning module PakFile (1)
[2015.08.28-10.53.56:597][861]LogExit: Exiting.
[2015.08.28-10.53.56:598][861]Log file closed, 08/28/15 12:53:56
