[2015.08.27-20.39.59:301][  0]Log file open, 08/27/15 22:39:59
[2015.08.27-20.39.59:301][  0]LogInit:Display: Running engine for game: NotPartofGame
[2015.08.27-20.39.59:301][  0]LogInit:Display: RandInit(627160386) SRandInit(627160386).
[2015.08.27-20.39.59:301][  0]LogTaskGraph: Started task graph with 4 named threads and 7 total threads.
[2015.08.27-20.39.59:301][  0]LogStats: Stats thread started
[2015.08.27-20.39.59:301][  0]LogInit: Version: 4.8.3-2634408+++depot+UE4-Releases+4.8
[2015.08.27-20.39.59:301][  0]LogInit: API Version: 2579680
[2015.08.27-20.39.59:301][  0]LogInit: Compiled (64-bit): Jul 27 2015 16:24:33
[2015.08.27-20.39.59:301][  0]LogInit: Compiled with Visual C++: 18.00.21005.01
[2015.08.27-20.39.59:301][  0]LogInit: Build Configuration: Development
[2015.08.27-20.39.59:301][  0]LogInit: Branch Name: ++depot+UE4-Releases+4.8
[2015.08.27-20.39.59:301][  0]LogInit: Command line:  /Temp/Autosaves/Game/NPOTG/Maps/UEDPCTesting_Level -game -PIEVIACONSOLE -ResX=1280 -ResY=720  -Multiprocess 
[2015.08.27-20.39.59:301][  0]LogInit: Base directory: C:/Users/Bodoo/Documents/Programmieren/4.8/Engine/Binaries/Win64/
[2015.08.27-20.39.59:301][  0]LogInit: Rocket: 1
[2015.08.27-20.39.59:317][  0]LogInit: Using libcurl 7.41.0
[2015.08.27-20.39.59:317][  0]LogInit:  - built for x86_64-pc-win32
[2015.08.27-20.39.59:317][  0]LogInit:  - supports SSL with WinSSL
[2015.08.27-20.39.59:317][  0]LogInit:  - other features:
[2015.08.27-20.39.59:317][  0]LogInit:      CURL_VERSION_SSL
[2015.08.27-20.39.59:317][  0]LogInit:      CURL_VERSION_IPV6
[2015.08.27-20.39.59:317][  0]LogInit:      CURL_VERSION_ASYNCHDNS
[2015.08.27-20.39.59:317][  0]LogInit:      CURL_VERSION_LARGEFILE
[2015.08.27-20.39.59:317][  0]LogInit:      CURL_VERSION_IDN
[2015.08.27-20.39.59:317][  0]LogInit:  CurlRequestOptions (configurable via config and command line):
[2015.08.27-20.39.59:317][  0]LogInit:  - bVerifyPeer = true  - Libcurl will verify peer certificate
[2015.08.27-20.39.59:317][  0]LogInit:  - bUseHttpProxy = false  - Libcurl will NOT use HTTP proxy
[2015.08.27-20.39.59:317][  0]LogInit:  - bDontReuseConnections = false  - Libcurl will reuse connections
[2015.08.27-20.39.59:317][  0]LogInit:  - CertBundlePath = nullptr  - Libcurl will use whatever was configured at build time.
[2015.08.27-20.39.59:332][  0]LogOnline:Warning: No default platform service specified for OnlineSubsystem
[2015.08.27-20.39.59:348][  0]LogInit: Presizing for 0 objects not considered by GC, pre-allocating 0 bytes.
[2015.08.27-20.39.59:357][  0]LogInit: Object subsystem initialized
[2015.08.27-20.39.59:358][  0]LogConsoleResponse:Warning: Skipping Unknown console variable: 'UIScaleCurve = (EditorCurveData=(Keys=((Time=480.000000,Value=0.444000),(Time=720.000000,Value=0.666000),(Time=1080.000000,Value=1.000000),(Time=8640.000000,Value=8.000000))),ExternalCurve=None)'
[2015.08.27-20.39.59:358][  0]LogConsoleResponse:Warning:   Found in ini file 'C:/Users/Bodoo/Documents/Programmieren/Projekte/NotPartofTheGame/Saved/Config/Windows/Engine.ini', in section '[/Script/Engine.RendererSettings]'
[2015.08.27-20.39.59:358][  0]LogConsoleManager:Warning: Console variable 'r.MSAA.CompositingSampleCount' wasn't set ('Scalability' has a lower priority than 'ProjectSetting')
[2015.08.27-20.39.59:358][  0]LogInit: Selected Device Profile: [Windows]
[2015.08.27-20.39.59:358][  0]LogInit: Applying CVar settings loaded from the selected device profile: [Windows]
[2015.08.27-20.39.59:361][  0]LogInit: Computer: DESKTOP-GLF6O4V
[2015.08.27-20.39.59:361][  0]LogInit: User: Bodoo
[2015.08.27-20.39.59:361][  0]LogInit: CPU Page size=4096, Cores=4
[2015.08.27-20.39.59:361][  0]LogInit: High frequency timer resolution =3.215356 MHz
[2015.08.27-20.39.59:361][  0]LogMemory: Memory total: Physical=12.0GB (12GB approx)
[2015.08.27-20.39.59:361][  0]LogMemory: Platform Memory Stats for Windows
[2015.08.27-20.39.59:361][  0]LogMemory: Process Physical Memory: 49.64 MB used, 49.64 MB peak
[2015.08.27-20.39.59:361][  0]LogMemory: Process Virtual Memory: 24.75 MB used, 24.75 MB peak
[2015.08.27-20.39.59:362][  0]LogMemory: Physical Memory: 3643.78 MB used, 12270.70 MB total
[2015.08.27-20.39.59:362][  0]LogMemory: Virtual Memory: 312.55 MB used, 134217728.00 MB total
[2015.08.27-20.39.59:390][  0]LogTextLocalizationManager: The requested culture ('de_DE') has no localization data; falling back to 'en' for localization and internationalization data.
[2015.08.27-20.39.59:709][  0]LogTextLocalizationManager:Warning: Loaded localization resources contain conflicting entries for (Namespace:ContentBrowser, Key:ImportAssetToolTip):
Localization Resource: (C:/Users/Bodoo/Documents/Programmieren/4.8/Engine/Content/Localization/Editor/en/Editor.locres) Source String Hash: (-630476809) Localized String: (Import to {0}...)
Localization Resource: (C:/Users/Bodoo/Documents/Programmieren/4.8/Engine/Content/Localization/Editor/en/Editor.locres) Source String Hash: (1271782899) Localized String: (Imports an asset from file to this folder.)
[2015.08.27-20.40.00:158][  0]LogD3D11RHI: Found D3D11 adapter 0: AMD Radeon HD 6800 Series (Feature Level 11_0)
[2015.08.27-20.40.00:158][  0]LogD3D11RHI: Adapter has 1011MB of dedicated video memory, 0MB of dedicated system memory, and 3840MB of shared system memory, 1 output[s]
[2015.08.27-20.40.00:159][  0]LogD3D11RHI: Found D3D11 adapter 1: Microsoft Basic Render Driver (Feature Level 11_0)
[2015.08.27-20.40.00:159][  0]LogD3D11RHI: Adapter has 0MB of dedicated video memory, 0MB of dedicated system memory, and 6135MB of shared system memory, 0 output[s]
[2015.08.27-20.40.00:159][  0]LogD3D11RHI: Chosen D3D11 Adapter Id = 0
[2015.08.27-20.40.00:163][  0]LogD3D11RHI: InitD3DDevice
[2015.08.27-20.40.00:163][  0]LogD3D11RHI: !Direct3DDevice
[2015.08.27-20.40.00:163][  0]LogRHI: Texture pool is 708 MB (70% of 1011 MB)
[2015.08.27-20.40.00:170][  0]LogD3D11RHI: Async texture creation disabled: no driver support
[2015.08.27-20.40.00:182][  0]LogShaderCompilers:Display: Using Local Shader Compiler.
[2015.08.27-20.40.01:046][  0]LogTemp:Display: Loaded TP DesktopTargetPlatform
[2015.08.27-20.40.01:062][  0]LogTemp:Display: Loaded TP WindowsClientTargetPlatform
[2015.08.27-20.40.01:078][  0]LogTemp:Display: Loaded TP WindowsNoEditorTargetPlatform
[2015.08.27-20.40.01:095][  0]LogTemp:Display: Loaded TP WindowsServerTargetPlatform
[2015.08.27-20.40.01:113][  0]LogTemp:Display: Loaded TP WindowsTargetPlatform
[2015.08.27-20.40.01:128][  0]LogTemp:Display: Loaded TP AndroidTargetPlatform
[2015.08.27-20.40.01:141][  0]LogTemp:Display: Loaded TP Android_ASTCTargetPlatform
[2015.08.27-20.40.01:156][  0]LogTemp:Display: Loaded TP Android_ATCTargetPlatform
[2015.08.27-20.40.01:171][  0]LogTemp:Display: Loaded TP Android_DXTTargetPlatform
[2015.08.27-20.40.01:185][  0]LogTemp:Display: Loaded TP Android_ETC1TargetPlatform
[2015.08.27-20.40.01:199][  0]LogTemp:Display: Loaded TP Android_ETC2TargetPlatform
[2015.08.27-20.40.01:213][  0]LogTemp:Display: Loaded TP Android_PVRTCTargetPlatform
[2015.08.27-20.40.01:264][  0]LogTemp:Display: Loaded TP IOSTargetPlatform
[2015.08.27-20.40.01:277][  0]LogTemp:Display: Loaded TP LinuxNoEditorTargetPlatform
[2015.08.27-20.40.01:290][  0]LogTemp:Display: Loaded TP LinuxServerTargetPlatform
[2015.08.27-20.40.01:306][  0]LogTemp:Display: Loaded TP LinuxTargetPlatform
[2015.08.27-20.40.01:306][  0]LogTargetPlatformManager:Display: Building Assets For Windows
[2015.08.27-20.40.01:531][  0]LogDerivedDataCache:Display: Max Cache Size: 512 MB
[2015.08.27-20.40.01:600][  0]LogDerivedDataCache: Loaded boot cache 0.07s 53MB C:/Users/Bodoo/AppData/Local/UnrealEngine/4.8/DerivedDataCache/Boot.ddc.
[2015.08.27-20.40.01:600][  0]LogDerivedDataCache:Display: Loaded Boot cache: C:/Users/Bodoo/AppData/Local/UnrealEngine/4.8/DerivedDataCache/Boot.ddc
[2015.08.27-20.40.01:600][  0]LogDerivedDataCache: FDerivedDataBackendGraph:  Pak pak cache file ../../../../Projekte/NotPartofTheGame/DerivedDataCache/DDC.ddp not found, will not use a pak cache.
[2015.08.27-20.40.01:600][  0]LogDerivedDataCache: Unable to find inner node Pak for hierarchical cache Hierarchy.
[2015.08.27-20.40.01:601][  0]LogDerivedDataCache: FDerivedDataBackendGraph:  CompressedPak pak cache file ../../../../Projekte/NotPartofTheGame/DerivedDataCache/Compressed.ddp not found, will not use a pak cache.
[2015.08.27-20.40.01:601][  0]LogDerivedDataCache: Unable to find inner node CompressedPak for hierarchical cache Hierarchy.
[2015.08.27-20.40.01:758][  0]LogDerivedDataCache:Display: Pak cache opened for reading ../../../Engine/DerivedDataCache/Compressed.ddp.
[2015.08.27-20.40.01:770][  0]LogDerivedDataCache: Using Local data cache path C:/Users/Bodoo/AppData/Local/UnrealEngine/Common/DerivedDataCache: Writable
[2015.08.27-20.40.02:007][  0]LogInit: Selected Device Profile: [Windows]
[2015.08.27-20.40.02:095][  0]ImportText (ComponentSweepMultiTests): Missing closing parenthesis: (RootShapeAsset="/Engine/BasicShapes/Cube.Cube",ShapeType="TriggerCapsule",HitResult=(Time=0.50,Location=(X=-100.000015,Y=0.0,Z=100.000015),ImpactPoint=(X=-50.0,Y=0.0,Z=50.0),Normal=(X=-1.0,Y=-0.0,Z=0.0),ImpactNormal=(X=0.0,Y=0.0,Z=1.0),TraceStart=(X=-200.0,Y=0.0,Z=200.0),TraceEnd=(X=0.0,Y=0.0,Z=0.0))
[2015.08.27-20.40.02:095][  0]ImportText (LineTraceSingleByChannelTests): Missing closing parenthesis: (RootShapeAsset="/Engine/BasicShapes/Cube.Cube",HitResult=(Time=0.50,Location=(X=-100.000015,Y=0.0,Z=100.000015),ImpactPoint=(X=-50.0,Y=0.0,Z=50.0),Normal=(X=-1.0,Y=-0.0,Z=0.0),ImpactNormal=(X=0.0,Y=0.0,Z=1.0),TraceStart=(X=-200.0,Y=0.0,Z=200.0),TraceEnd=(X=0.0,Y=0.0,Z=0.0))
[2015.08.27-20.40.02:124][  0]LogMeshUtilities: No automatic mesh reduction module available
[2015.08.27-20.40.02:124][  0]LogMeshUtilities: No automatic mesh merging module available
[2015.08.27-20.40.02:413][  0]LogInit: WinSock: version 1.1 (2.2), MaxSocks=32767, MaxUdp=65467
[2015.08.27-20.40.02:869][  0]LogD3D11RHI: InitD3DDevice
[2015.08.27-20.40.02:874][  0]LogWindowsMoviePlayer: Unable to load movie: ../../../../Projekte/NotPartofTheGame/Content/Movies/Default_Startup.mp4
[2015.08.27-20.40.03:015][  0]LogAssetRegistry: FAssetRegistry took 0.0001 seconds to start up
[2015.08.27-20.40.03:062][  0]SourceControl: Info Source control is disabled
[2015.08.27-20.40.03:062][  0]SourceControl: Info Source control is disabled
[2015.08.27-20.40.03:072][  0]SourceControl: Info Source control is disabled
[2015.08.27-20.40.03:268][  0]LogObj: 25913 objects as part of root set at end of initial load.
[2015.08.27-20.40.03:268][  0]LogUObjectAllocator: 5218488 out of 0 bytes used by permanent object pool.
[2015.08.27-20.40.03:338][  0]LogAutomationTest:Warning: ERR: Transient text cannot be serialized "Testing Transient serialization detection".
[2015.08.27-20.40.03:338][  0]LogEngine: Initializing Engine...
[2015.08.27-20.40.03:341][  0]LogHMD: Can't find Oculus library dev build: is proper Runtime installed? Version: 0.6.0.0
[2015.08.27-20.40.03:342][  0]LogHMD:Warning: SteamVR failed to initialize.  Error: 110
[2015.08.27-20.40.03:436][  0]LogInit: XAudio2 using 'Lautsprecher (G510s Gaming Keyboard)' : 2 channels at 48 kHz using 16 bits per sample (channel mask 0x3)
[2015.08.27-20.40.03:442][  0]LogInit: FAudioDevice initialized.
[2015.08.27-20.40.03:451][  0]LogInit: Texture streaming: Disabled
[2015.08.27-20.40.03:519][  0]LogNet: Browse: /Temp/Autosaves/Game/NPOTG/Maps/UEDPCTesting_Level?Name=Player
[2015.08.27-20.40.03:519][  0]LogLoad: LoadMap: /Temp/Autosaves/Game/NPOTG/Maps/UEDPCTesting_Level?Name=Player
[2015.08.27-20.40.03:530][  0]LogParticles: Destroying 0 GPU particle simulations for FXSystem 0x000000A14CDBF560
[2015.08.27-20.40.03:539][  0]LogMemory: Platform Memory Stats for Windows
[2015.08.27-20.40.03:539][  0]LogMemory: Process Physical Memory: 333.95 MB used, 333.96 MB peak
[2015.08.27-20.40.03:539][  0]LogMemory: Process Virtual Memory: 371.38 MB used, 371.38 MB peak
[2015.08.27-20.40.03:539][  0]LogMemory: Physical Memory: 3897.00 MB used, 12270.70 MB total
[2015.08.27-20.40.03:539][  0]LogMemory: Virtual Memory: 889.39 MB used, 134217728.00 MB total
[2015.08.27-20.40.03:539][  0]LogMemory: 
[2015.08.27-20.40.03:539][  0]Allocator Stats for TBB: (not implemented)
[2015.08.27-20.40.04:483][  0]LogProperty:Warning: ERR: Transient text cannot be serialized "NewRotation Roll".
[2015.08.27-20.40.04:483][  0]LogProperty:Warning: ERR: Transient text cannot be serialized "NewRotation Yaw".
[2015.08.27-20.40.04:483][  0]LogProperty:Warning: ERR: Transient text cannot be serialized "NewRotation Pitch".
[2015.08.27-20.40.04:483][  0]LogProperty:Warning: ERR: Transient text cannot be serialized "NewRotation Roll".
[2015.08.27-20.40.04:483][  0]LogProperty:Warning: ERR: Transient text cannot be serialized "NewRotation Yaw".
[2015.08.27-20.40.04:483][  0]LogProperty:Warning: ERR: Transient text cannot be serialized "NewRotation Pitch".
[2015.08.27-20.40.04:537][  0]LogProperty:Warning: ERR: Transient text cannot be serialized "NewRotation Roll".
[2015.08.27-20.40.04:537][  0]LogProperty:Warning: ERR: Transient text cannot be serialized "NewRotation Yaw".
[2015.08.27-20.40.04:537][  0]LogProperty:Warning: ERR: Transient text cannot be serialized "NewRotation Pitch".
[2015.08.27-20.40.04:537][  0]LogProperty:Warning: ERR: Transient text cannot be serialized "NewRotation Roll".
[2015.08.27-20.40.04:537][  0]LogProperty:Warning: ERR: Transient text cannot be serialized "NewRotation Yaw".
[2015.08.27-20.40.04:537][  0]LogProperty:Warning: ERR: Transient text cannot be serialized "NewRotation Pitch".
[2015.08.27-20.40.05:433][  0]LogAIModule: Creating AISystem for world Testing_Level
[2015.08.27-20.40.05:433][  0]LogWorld: Game class is '2DSideScrollerGameMode_C'
[2015.08.27-20.40.05:490][  0]LogWorld: Bringing World /Temp/Autosaves/Game/NPOTG/Maps/UEDPCTesting_Level.Testing_Level up for play (max tick rate 0) at 2015.08.27-22.40.05
[2015.08.27-20.40.05:501][  0]LogWorld: Bringing up level for play took: 0.065164
[2015.08.27-20.40.05:505][  0]LogInit:Display: Game Engine Initialized.
[2015.08.27-20.40.05:730][  0]LogLoad: Full Startup: 8.09 seconds (BP compile: 1.02 seconds)
[2015.08.27-20.40.05:748][  0]LogContentStreaming: Texture pool size is 1000.000000MB
[2015.08.27-20.40.05:879][  0]LogRenderer: Reallocating scene render targets to support 1280x720 (Frame:2).
[2015.08.27-20.40.08:718][168]LogBlueprintUserMessages: 0.990631
[2015.08.27-20.40.08:718][168]LogBlueprintUserMessages: 0.990631
[2015.08.27-20.40.08:718][168]LogBlueprintUserMessages: 0.990631
[2015.08.27-20.40.08:718][168]LogBlueprintUserMessages: 0.990631
[2015.08.27-20.40.08:734][169]LogBlueprintUserMessages: 0.996007
[2015.08.27-20.40.08:734][169]LogBlueprintUserMessages: 0.996007
[2015.08.27-20.40.08:734][169]LogBlueprintUserMessages: 0.996007
[2015.08.27-20.40.08:734][169]LogBlueprintUserMessages: 0.996007
[2015.08.27-20.40.08:750][170]LogBlueprintUserMessages: 0.998616
[2015.08.27-20.40.08:750][170]LogBlueprintUserMessages: 0.998616
[2015.08.27-20.40.08:750][170]LogBlueprintUserMessages: 0.998616
[2015.08.27-20.40.08:750][170]LogBlueprintUserMessages: 0.998616
[2015.08.27-20.40.08:766][171]LogBlueprintUserMessages: 0.99324
[2015.08.27-20.40.08:766][171]LogBlueprintUserMessages: 0.99324
[2015.08.27-20.40.08:766][171]LogBlueprintUserMessages: 0.99324
[2015.08.27-20.40.08:767][171]LogBlueprintUserMessages: 0.99324
[2015.08.27-20.40.11:727][354]LogBlueprintUserMessages: 0.006706
[2015.08.27-20.40.11:727][354]LogBlueprintUserMessages: 0.006706
[2015.08.27-20.40.11:727][354]LogBlueprintUserMessages: 0.006706
[2015.08.27-20.40.11:727][354]LogBlueprintUserMessages: 0.006706
[2015.08.27-20.40.11:743][355]LogBlueprintUserMessages: 0.001329
[2015.08.27-20.40.11:743][355]LogBlueprintUserMessages: 0.001329
[2015.08.27-20.40.11:743][355]LogBlueprintUserMessages: 0.001329
[2015.08.27-20.40.11:743][355]LogBlueprintUserMessages: 0.001329
[2015.08.27-20.40.11:759][356]LogBlueprintUserMessages: 0.0
[2015.08.27-20.40.11:759][356]LogBlueprintUserMessages: 0.0
[2015.08.27-20.40.11:759][356]LogBlueprintUserMessages: 0.004047
[2015.08.27-20.40.11:759][356]LogBlueprintUserMessages: 0.0
[2015.08.27-20.40.11:759][356]LogBlueprintUserMessages: 0.0
[2015.08.27-20.40.11:759][356]LogBlueprintUserMessages: 0.004047
[2015.08.27-20.40.11:759][356]LogBlueprintUserMessages: 0.0
[2015.08.27-20.40.11:759][356]LogBlueprintUserMessages: 0.0
[2015.08.27-20.40.11:759][356]LogBlueprintUserMessages: 0.004047
[2015.08.27-20.40.11:759][356]LogBlueprintUserMessages: 0.0
[2015.08.27-20.40.11:760][356]LogBlueprintUserMessages: 0.0
[2015.08.27-20.40.11:760][356]LogBlueprintUserMessages: 0.004047
[2015.08.27-20.40.11:775][357]LogBlueprintUserMessages: 0.009423
[2015.08.27-20.40.11:775][357]LogBlueprintUserMessages: 0.009423
[2015.08.27-20.40.11:775][357]LogBlueprintUserMessages: 0.009423
[2015.08.27-20.40.11:775][357]LogBlueprintUserMessages: 0.009423
[2015.08.27-20.40.14:727][540]LogBlueprintUserMessages: 0.993364
[2015.08.27-20.40.14:727][540]LogBlueprintUserMessages: 0.993364
[2015.08.27-20.40.14:727][540]LogBlueprintUserMessages: 0.993364
[2015.08.27-20.40.14:727][540]LogBlueprintUserMessages: 0.993364
[2015.08.27-20.40.14:743][541]LogBlueprintUserMessages: 0.99874
[2015.08.27-20.40.14:743][541]LogBlueprintUserMessages: 0.99874
[2015.08.27-20.40.14:743][541]LogBlueprintUserMessages: 0.99874
[2015.08.27-20.40.14:743][541]LogBlueprintUserMessages: 0.99874
[2015.08.27-20.40.14:759][542]LogBlueprintUserMessages: 0.995883
[2015.08.27-20.40.14:759][542]LogBlueprintUserMessages: 0.995883
[2015.08.27-20.40.14:759][542]LogBlueprintUserMessages: 0.995883
[2015.08.27-20.40.14:759][542]LogBlueprintUserMessages: 0.995883
[2015.08.27-20.40.14:775][543]LogBlueprintUserMessages: 0.990507
[2015.08.27-20.40.14:775][543]LogBlueprintUserMessages: 0.990507
[2015.08.27-20.40.14:775][543]LogBlueprintUserMessages: 0.990507
[2015.08.27-20.40.14:775][543]LogBlueprintUserMessages: 0.990507
[2015.08.27-20.40.17:727][726]LogBlueprintUserMessages: 0.006593
[2015.08.27-20.40.17:727][726]LogBlueprintUserMessages: 0.006593
[2015.08.27-20.40.17:727][726]LogBlueprintUserMessages: 0.006593
[2015.08.27-20.40.17:727][726]LogBlueprintUserMessages: 0.006593
[2015.08.27-20.40.17:743][727]LogBlueprintUserMessages: 0.001216
[2015.08.27-20.40.17:743][727]LogBlueprintUserMessages: 0.001216
[2015.08.27-20.40.17:743][727]LogBlueprintUserMessages: 0.001216
[2015.08.27-20.40.17:743][727]LogBlueprintUserMessages: 0.001216
[2015.08.27-20.40.17:759][728]LogBlueprintUserMessages: 0.0
[2015.08.27-20.40.17:759][728]LogBlueprintUserMessages: 0.0
[2015.08.27-20.40.17:759][728]LogBlueprintUserMessages: 0.00416
[2015.08.27-20.40.17:759][728]LogBlueprintUserMessages: 0.0
[2015.08.27-20.40.17:759][728]LogBlueprintUserMessages: 0.0
[2015.08.27-20.40.17:759][728]LogBlueprintUserMessages: 0.00416
[2015.08.27-20.40.17:759][728]LogBlueprintUserMessages: 0.0
[2015.08.27-20.40.17:759][728]LogBlueprintUserMessages: 0.0
[2015.08.27-20.40.17:759][728]LogBlueprintUserMessages: 0.00416
[2015.08.27-20.40.17:759][728]LogBlueprintUserMessages: 0.0
[2015.08.27-20.40.17:759][728]LogBlueprintUserMessages: 0.0
[2015.08.27-20.40.17:759][728]LogBlueprintUserMessages: 0.00416
[2015.08.27-20.40.17:775][729]LogBlueprintUserMessages: 0.009536
[2015.08.27-20.40.17:775][729]LogBlueprintUserMessages: 0.009536
[2015.08.27-20.40.17:775][729]LogBlueprintUserMessages: 0.009536
[2015.08.27-20.40.17:775][729]LogBlueprintUserMessages: 0.009536
[2015.08.27-20.40.20:727][912]LogBlueprintUserMessages: 0.993446
[2015.08.27-20.40.20:727][912]LogBlueprintUserMessages: 0.993446
[2015.08.27-20.40.20:727][912]LogBlueprintUserMessages: 0.993446
[2015.08.27-20.40.20:727][912]LogBlueprintUserMessages: 0.993446
[2015.08.27-20.40.20:743][913]LogBlueprintUserMessages: 0.998822
[2015.08.27-20.40.20:743][913]LogBlueprintUserMessages: 0.998822
[2015.08.27-20.40.20:743][913]LogBlueprintUserMessages: 0.998822
[2015.08.27-20.40.20:743][913]LogBlueprintUserMessages: 0.998822
[2015.08.27-20.40.20:759][914]LogBlueprintUserMessages: 0.995801
[2015.08.27-20.40.20:759][914]LogBlueprintUserMessages: 0.995801
[2015.08.27-20.40.20:759][914]LogBlueprintUserMessages: 0.995801
[2015.08.27-20.40.20:759][914]LogBlueprintUserMessages: 0.995801
[2015.08.27-20.40.20:775][915]LogBlueprintUserMessages: 0.990425
[2015.08.27-20.40.20:775][915]LogBlueprintUserMessages: 0.990425
[2015.08.27-20.40.20:775][915]LogBlueprintUserMessages: 0.990425
[2015.08.27-20.40.20:775][915]LogBlueprintUserMessages: 0.990425
[2015.08.27-20.40.23:727][ 98]LogBlueprintUserMessages: 0.006496
[2015.08.27-20.40.23:727][ 98]LogBlueprintUserMessages: 0.006496
[2015.08.27-20.40.23:727][ 98]LogBlueprintUserMessages: 0.006496
[2015.08.27-20.40.23:727][ 98]LogBlueprintUserMessages: 0.006496
[2015.08.27-20.40.23:743][ 99]LogBlueprintUserMessages: 0.990322
[2015.08.27-20.40.23:743][ 99]LogBlueprintUserMessages: 0.990322
[2015.08.27-20.40.23:743][ 99]LogBlueprintUserMessages: 0.980645
[2015.08.27-20.40.23:759][100]LogBlueprintUserMessages: 0.970967
[2015.08.27-20.40.23:775][101]LogBlueprintUserMessages: 0.96129
[2015.08.27-20.40.23:791][102]LogBlueprintUserMessages: 0.951612
[2015.08.27-20.40.23:807][103]LogBlueprintUserMessages: 0.941935
[2015.08.27-20.40.23:823][104]LogBlueprintUserMessages: 0.932257
[2015.08.27-20.40.23:839][105]LogBlueprintUserMessages: 0.92258
[2015.08.27-20.40.23:856][106]LogBlueprintUserMessages: 0.912902
[2015.08.27-20.40.23:872][107]LogBlueprintUserMessages: 0.903225
[2015.08.27-20.40.23:888][108]LogBlueprintUserMessages: 0.893547
[2015.08.27-20.40.23:904][109]LogBlueprintUserMessages: 0.88387
[2015.08.27-20.40.23:920][110]LogBlueprintUserMessages: 0.874192
[2015.08.27-20.40.23:937][111]LogBlueprintUserMessages: 0.864515
[2015.08.27-20.40.23:953][112]LogBlueprintUserMessages: 0.854837
[2015.08.27-20.40.23:969][113]LogBlueprintUserMessages: 0.84516
[2015.08.27-20.40.23:986][114]LogBlueprintUserMessages: 0.835482
[2015.08.27-20.40.24:002][115]LogBlueprintUserMessages: 0.825805
[2015.08.27-20.40.24:018][116]LogBlueprintUserMessages: 0.816127
[2015.08.27-20.40.24:034][117]LogBlueprintUserMessages: 0.80645
[2015.08.27-20.40.24:050][118]LogBlueprintUserMessages: 0.796772
[2015.08.27-20.40.24:066][119]LogBlueprintUserMessages: 0.787095
[2015.08.27-20.40.24:082][120]LogBlueprintUserMessages: 0.777417
[2015.08.27-20.40.24:098][121]LogBlueprintUserMessages: 0.76774
[2015.08.27-20.40.24:114][122]LogBlueprintUserMessages: 0.758062
[2015.08.27-20.40.24:131][123]LogBlueprintUserMessages: 0.748385
[2015.08.27-20.40.24:147][124]LogBlueprintUserMessages: 0.738707
[2015.08.27-20.40.24:163][125]LogBlueprintUserMessages: 0.72903
[2015.08.27-20.40.24:179][126]LogBlueprintUserMessages: 0.719352
[2015.08.27-20.40.24:195][127]LogBlueprintUserMessages: 0.709675
[2015.08.27-20.40.24:211][128]LogBlueprintUserMessages: 0.699997
[2015.08.27-20.40.24:227][129]LogBlueprintUserMessages: 0.69032
[2015.08.27-20.40.24:243][130]LogBlueprintUserMessages: 0.680642
[2015.08.27-20.40.24:259][131]LogBlueprintUserMessages: 0.670965
[2015.08.27-20.40.24:276][132]LogBlueprintUserMessages: 0.661287
[2015.08.27-20.40.24:292][133]LogBlueprintUserMessages: 0.65161
[2015.08.27-20.40.24:308][134]LogBlueprintUserMessages: 0.641932
[2015.08.27-20.40.24:324][135]LogBlueprintUserMessages: 0.632255
[2015.08.27-20.40.24:340][136]LogBlueprintUserMessages: 0.622577
[2015.08.27-20.40.24:356][137]LogBlueprintUserMessages: 0.6129
[2015.08.27-20.40.24:372][138]LogBlueprintUserMessages: 0.603222
[2015.08.27-20.40.24:388][139]LogBlueprintUserMessages: 0.593545
[2015.08.27-20.40.24:405][140]LogBlueprintUserMessages: 0.583867
[2015.08.27-20.40.24:421][141]LogBlueprintUserMessages: 0.57419
[2015.08.27-20.40.24:437][142]LogBlueprintUserMessages: 0.564512
[2015.08.27-20.40.24:453][143]LogBlueprintUserMessages: 0.554835
[2015.08.27-20.40.24:469][144]LogBlueprintUserMessages: 0.545157
[2015.08.27-20.40.24:485][145]LogBlueprintUserMessages: 0.53548
[2015.08.27-20.40.24:501][146]LogBlueprintUserMessages: 0.525802
[2015.08.27-20.40.24:517][147]LogBlueprintUserMessages: 0.516125
[2015.08.27-20.40.24:533][148]LogBlueprintUserMessages: 0.506447
[2015.08.27-20.40.24:550][149]LogBlueprintUserMessages: 0.49677
[2015.08.27-20.40.24:566][150]LogBlueprintUserMessages: 0.487092
[2015.08.27-20.40.24:582][151]LogBlueprintUserMessages: 0.477415
[2015.08.27-20.40.24:598][152]LogBlueprintUserMessages: 0.467737
[2015.08.27-20.40.24:614][153]LogBlueprintUserMessages: 0.45806
[2015.08.27-20.40.24:630][154]LogBlueprintUserMessages: 0.448382
[2015.08.27-20.40.24:646][155]LogBlueprintUserMessages: 0.438705
[2015.08.27-20.40.24:662][156]LogBlueprintUserMessages: 0.429027
[2015.08.27-20.40.24:679][157]LogBlueprintUserMessages: 0.41935
[2015.08.27-20.40.24:695][158]LogBlueprintUserMessages: 0.409672
[2015.08.27-20.40.24:711][159]LogBlueprintUserMessages: 0.399995
[2015.08.27-20.40.24:727][160]LogBlueprintUserMessages: 0.390317
[2015.08.27-20.40.24:743][161]LogBlueprintUserMessages: 0.38064
[2015.08.27-20.40.24:759][162]LogBlueprintUserMessages: 0.370962
[2015.08.27-20.40.24:775][163]LogBlueprintUserMessages: 0.361285
[2015.08.27-20.40.24:791][164]LogBlueprintUserMessages: 0.351607
[2015.08.27-20.40.24:807][165]LogBlueprintUserMessages: 0.34193
[2015.08.27-20.40.24:824][166]LogBlueprintUserMessages: 0.332252
[2015.08.27-20.40.24:840][167]LogBlueprintUserMessages: 0.322575
[2015.08.27-20.40.24:856][168]LogBlueprintUserMessages: 0.312897
[2015.08.27-20.40.24:872][169]LogBlueprintUserMessages: 0.30322
[2015.08.27-20.40.24:888][170]LogBlueprintUserMessages: 0.293542
[2015.08.27-20.40.24:904][171]LogBlueprintUserMessages: 0.283865
[2015.08.27-20.40.24:920][172]LogBlueprintUserMessages: 0.274187
[2015.08.27-20.40.24:936][173]LogBlueprintUserMessages: 0.26451
[2015.08.27-20.40.24:953][174]LogBlueprintUserMessages: 0.254832
[2015.08.27-20.40.24:969][175]LogBlueprintUserMessages: 0.245155
[2015.08.27-20.40.24:985][176]LogBlueprintUserMessages: 0.235477
[2015.08.27-20.40.25:001][177]LogBlueprintUserMessages: 0.2258
[2015.08.27-20.40.25:001][177]LogBlueprintUserMessages: YO ICH DODGE GRADE
[2015.08.27-20.40.25:017][178]LogBlueprintUserMessages: 0.216122
[2015.08.27-20.40.25:017][178]LogBlueprintUserMessages: Gewonnen!
[2015.08.27-20.40.25:018][178]LogBlueprintUserMessages: YO ICH DODGE GRADE
[2015.08.27-20.40.25:033][179]LogBlueprintUserMessages: YO ICH DODGE GRADE
[2015.08.27-20.40.25:049][180]LogBlueprintUserMessages: YO ICH DODGE GRADE
[2015.08.27-20.40.25:066][181]LogBlueprintUserMessages: YO ICH DODGE GRADE
[2015.08.27-20.40.25:082][182]LogBlueprintUserMessages: YO ICH DODGE GRADE
[2015.08.27-20.40.26:727][284]LogBlueprintUserMessages: 0.993513
[2015.08.27-20.40.26:727][284]LogBlueprintUserMessages: 0.993513
[2015.08.27-20.40.26:727][284]LogBlueprintUserMessages: 0.993513
[2015.08.27-20.40.26:743][285]LogBlueprintUserMessages: 0.99889
[2015.08.27-20.40.26:743][285]LogBlueprintUserMessages: 0.99889
[2015.08.27-20.40.26:743][285]LogBlueprintUserMessages: 0.99889
[2015.08.27-20.40.26:759][286]LogBlueprintUserMessages: 0.995734
[2015.08.27-20.40.26:759][286]LogBlueprintUserMessages: 0.995734
[2015.08.27-20.40.26:759][286]LogBlueprintUserMessages: 0.995734
[2015.08.27-20.40.26:775][287]LogBlueprintUserMessages: 0.990357
[2015.08.27-20.40.26:775][287]LogBlueprintUserMessages: 0.990357
[2015.08.27-20.40.26:775][287]LogBlueprintUserMessages: 0.990357
[2015.08.27-20.40.27:954][360]LogBlueprintUserMessages: 0.990322
[2015.08.27-20.40.27:954][360]LogBlueprintUserMessages: 0.990322
[2015.08.27-20.40.27:954][360]LogBlueprintUserMessages: 0.980645
[2015.08.27-20.40.27:969][361]LogBlueprintUserMessages: 0.970967
[2015.08.27-20.40.27:985][362]LogBlueprintUserMessages: 0.96129
[2015.08.27-20.40.28:001][363]LogBlueprintUserMessages: 0.951612
[2015.08.27-20.40.28:017][364]LogBlueprintUserMessages: 0.941935
[2015.08.27-20.40.28:033][365]LogBlueprintUserMessages: 0.932257
[2015.08.27-20.40.28:049][366]LogBlueprintUserMessages: 0.92258
[2015.08.27-20.40.28:065][367]LogBlueprintUserMessages: 0.912902
[2015.08.27-20.40.28:081][368]LogBlueprintUserMessages: 0.903225
[2015.08.27-20.40.28:097][369]LogBlueprintUserMessages: 0.893547
[2015.08.27-20.40.28:114][370]LogBlueprintUserMessages: 0.88387
[2015.08.27-20.40.28:131][371]LogBlueprintUserMessages: 0.874192
[2015.08.27-20.40.28:147][372]LogBlueprintUserMessages: 0.864515
[2015.08.27-20.40.28:163][373]LogBlueprintUserMessages: 0.854837
[2015.08.27-20.40.28:179][374]LogBlueprintUserMessages: 0.84516
[2015.08.27-20.40.28:195][375]LogBlueprintUserMessages: 0.835482
[2015.08.27-20.40.28:211][376]LogBlueprintUserMessages: 0.825805
[2015.08.27-20.40.28:227][377]LogBlueprintUserMessages: 0.816127
[2015.08.27-20.40.28:244][378]LogBlueprintUserMessages: 0.80645
[2015.08.27-20.40.28:260][379]LogBlueprintUserMessages: 0.796772
[2015.08.27-20.40.28:276][380]LogBlueprintUserMessages: 0.787095
[2015.08.27-20.40.28:292][381]LogBlueprintUserMessages: 0.777417
[2015.08.27-20.40.28:308][382]LogBlueprintUserMessages: 0.76774
[2015.08.27-20.40.28:324][383]LogBlueprintUserMessages: 0.758062
[2015.08.27-20.40.28:340][384]LogBlueprintUserMessages: 0.748385
[2015.08.27-20.40.28:356][385]LogBlueprintUserMessages: 0.738707
[2015.08.27-20.40.28:372][386]LogBlueprintUserMessages: 0.72903
[2015.08.27-20.40.28:388][387]LogBlueprintUserMessages: 0.719352
[2015.08.27-20.40.28:405][388]LogBlueprintUserMessages: 0.709675
[2015.08.27-20.40.28:421][389]LogBlueprintUserMessages: 0.699996
[2015.08.27-20.40.28:437][390]LogBlueprintUserMessages: 0.690318
[2015.08.27-20.40.28:453][391]LogBlueprintUserMessages: 0.680641
[2015.08.27-20.40.28:469][392]LogBlueprintUserMessages: 0.670962
[2015.08.27-20.40.28:485][393]LogBlueprintUserMessages: 0.661284
[2015.08.27-20.40.28:501][394]LogBlueprintUserMessages: 0.651607
[2015.08.27-20.40.28:517][395]LogBlueprintUserMessages: 0.641929
[2015.08.27-20.40.28:533][396]LogBlueprintUserMessages: 0.632252
[2015.08.27-20.40.28:550][397]LogBlueprintUserMessages: 0.622574
[2015.08.27-20.40.28:566][398]LogBlueprintUserMessages: 0.612897
[2015.08.27-20.40.28:582][399]LogBlueprintUserMessages: 0.603219
[2015.08.27-20.40.28:598][400]LogBlueprintUserMessages: 0.593542
[2015.08.27-20.40.28:614][401]LogBlueprintUserMessages: 0.583864
[2015.08.27-20.40.28:630][402]LogBlueprintUserMessages: 0.574187
[2015.08.27-20.40.28:646][403]LogBlueprintUserMessages: 0.564509
[2015.08.27-20.40.28:662][404]LogBlueprintUserMessages: 0.554832
[2015.08.27-20.40.28:679][405]LogBlueprintUserMessages: 0.545154
[2015.08.27-20.40.28:695][406]LogBlueprintUserMessages: 0.535477
[2015.08.27-20.40.28:711][407]LogBlueprintUserMessages: 0.525799
[2015.08.27-20.40.28:727][408]LogBlueprintUserMessages: 0.516122
[2015.08.27-20.40.28:743][409]LogBlueprintUserMessages: 0.506444
[2015.08.27-20.40.28:759][410]LogBlueprintUserMessages: 0.496767
[2015.08.27-20.40.28:775][411]LogBlueprintUserMessages: 0.487089
[2015.08.27-20.40.28:791][412]LogBlueprintUserMessages: 0.477412
[2015.08.27-20.40.28:807][413]LogBlueprintUserMessages: 0.467732
[2015.08.27-20.40.28:824][414]LogBlueprintUserMessages: 0.458054
[2015.08.27-20.40.28:840][415]LogBlueprintUserMessages: 0.448377
[2015.08.27-20.40.28:856][416]LogBlueprintUserMessages: 0.438698
[2015.08.27-20.40.28:872][417]LogBlueprintUserMessages: 0.429021
[2015.08.27-20.40.28:888][418]LogBlueprintUserMessages: 0.419343
[2015.08.27-20.40.28:904][419]LogBlueprintUserMessages: 0.409666
[2015.08.27-20.40.28:920][420]LogBlueprintUserMessages: 0.399988
[2015.08.27-20.40.28:936][421]LogBlueprintUserMessages: 0.390311
[2015.08.27-20.40.28:953][422]LogBlueprintUserMessages: 0.380633
[2015.08.27-20.40.28:969][423]LogBlueprintUserMessages: 0.370956
[2015.08.27-20.40.28:986][424]LogBlueprintUserMessages: 0.361278
[2015.08.27-20.40.29:002][425]LogBlueprintUserMessages: 0.351601
[2015.08.27-20.40.29:018][426]LogBlueprintUserMessages: 0.341923
[2015.08.27-20.40.29:034][427]LogBlueprintUserMessages: 0.332246
[2015.08.27-20.40.29:050][428]LogBlueprintUserMessages: 0.322568
[2015.08.27-20.40.29:066][429]LogBlueprintUserMessages: 0.312891
[2015.08.27-20.40.29:082][430]LogBlueprintUserMessages: 0.303213
[2015.08.27-20.40.29:098][431]LogBlueprintUserMessages: 0.293536
[2015.08.27-20.40.29:114][432]LogBlueprintUserMessages: 0.283858
[2015.08.27-20.40.29:131][433]LogBlueprintUserMessages: 0.274181
[2015.08.27-20.40.29:147][434]LogBlueprintUserMessages: 0.264503
[2015.08.27-20.40.29:163][435]LogBlueprintUserMessages: 0.254826
[2015.08.27-20.40.29:179][436]LogBlueprintUserMessages: 0.245148
[2015.08.27-20.40.29:179][436]LogBlueprintUserMessages: YO ICH DODGE GRADE
[2015.08.27-20.40.29:195][437]LogBlueprintUserMessages: 0.235471
[2015.08.27-20.40.29:195][437]LogBlueprintUserMessages: Gewonnen!
[2015.08.27-20.40.29:197][437]LogBlueprintUserMessages: YO ICH DODGE GRADE
[2015.08.27-20.40.29:211][438]LogBlueprintUserMessages: YO ICH DODGE GRADE
[2015.08.27-20.40.29:227][439]LogBlueprintUserMessages: YO ICH DODGE GRADE
[2015.08.27-20.40.29:244][440]LogBlueprintUserMessages: YO ICH DODGE GRADE
[2015.08.27-20.40.29:260][441]LogBlueprintUserMessages: YO ICH DODGE GRADE
[2015.08.27-20.40.29:276][442]LogBlueprintUserMessages: YO ICH DODGE GRADE
[2015.08.27-20.40.29:727][470]LogBlueprintUserMessages: 0.00647
[2015.08.27-20.40.29:727][470]LogBlueprintUserMessages: 0.00647
[2015.08.27-20.40.29:743][471]LogBlueprintUserMessages: 0.001094
[2015.08.27-20.40.29:743][471]LogBlueprintUserMessages: 0.001094
[2015.08.27-20.40.29:759][472]LogBlueprintUserMessages: 0.0
[2015.08.27-20.40.29:759][472]LogBlueprintUserMessages: 0.0
[2015.08.27-20.40.29:759][472]LogBlueprintUserMessages: 0.004283
[2015.08.27-20.40.29:759][472]LogBlueprintUserMessages: 0.0
[2015.08.27-20.40.29:759][472]LogBlueprintUserMessages: 0.0
[2015.08.27-20.40.29:759][472]LogBlueprintUserMessages: 0.004283
[2015.08.27-20.40.29:775][473]LogBlueprintUserMessages: 0.009659
[2015.08.27-20.40.29:775][473]LogBlueprintUserMessages: 0.009659
[2015.08.27-20.40.30:582][523]LogBlueprintUserMessages: 0.990322
[2015.08.27-20.40.30:582][523]LogBlueprintUserMessages: 0.990322
[2015.08.27-20.40.30:582][523]LogBlueprintUserMessages: 0.980645
[2015.08.27-20.40.30:598][524]LogBlueprintUserMessages: 0.970967
[2015.08.27-20.40.30:615][525]LogBlueprintUserMessages: 0.96129
[2015.08.27-20.40.30:631][526]LogBlueprintUserMessages: 0.951612
[2015.08.27-20.40.30:646][527]LogBlueprintUserMessages: 0.941935
[2015.08.27-20.40.30:662][528]LogBlueprintUserMessages: 0.932257
[2015.08.27-20.40.30:678][529]LogBlueprintUserMessages: 0.92258
[2015.08.27-20.40.30:694][530]LogBlueprintUserMessages: 0.912902
[2015.08.27-20.40.30:710][531]LogBlueprintUserMessages: 0.903225
[2015.08.27-20.40.30:727][532]LogBlueprintUserMessages: 0.893547
[2015.08.27-20.40.30:743][533]LogBlueprintUserMessages: 0.88387
[2015.08.27-20.40.30:760][534]LogBlueprintUserMessages: 0.874192
[2015.08.27-20.40.30:776][535]LogBlueprintUserMessages: 0.864515
[2015.08.27-20.40.30:792][536]LogBlueprintUserMessages: 0.854837
[2015.08.27-20.40.30:808][537]LogBlueprintUserMessages: 0.84516
[2015.08.27-20.40.30:824][538]LogBlueprintUserMessages: 0.835482
[2015.08.27-20.40.30:840][539]LogBlueprintUserMessages: 0.825805
[2015.08.27-20.40.30:856][540]LogBlueprintUserMessages: 0.816127
[2015.08.27-20.40.30:873][541]LogBlueprintUserMessages: 0.80645
[2015.08.27-20.40.30:889][542]LogBlueprintUserMessages: 0.796772
[2015.08.27-20.40.30:905][543]LogBlueprintUserMessages: 0.787095
[2015.08.27-20.40.30:921][544]LogBlueprintUserMessages: 0.777417
[2015.08.27-20.40.30:937][545]LogBlueprintUserMessages: 0.76774
[2015.08.27-20.40.30:953][546]LogBlueprintUserMessages: 0.758062
[2015.08.27-20.40.30:969][547]LogBlueprintUserMessages: 0.748385
[2015.08.27-20.40.30:985][548]LogBlueprintUserMessages: 0.738707
[2015.08.27-20.40.31:002][549]LogBlueprintUserMessages: 0.72903
[2015.08.27-20.40.31:018][550]LogBlueprintUserMessages: 0.719352
[2015.08.27-20.40.31:034][551]LogBlueprintUserMessages: 0.709675
[2015.08.27-20.40.31:050][552]LogBlueprintUserMessages: 0.699997
[2015.08.27-20.40.31:066][553]LogBlueprintUserMessages: 0.69032
[2015.08.27-20.40.31:082][554]LogBlueprintUserMessages: 0.680642
[2015.08.27-20.40.31:098][555]LogBlueprintUserMessages: 0.670965
[2015.08.27-20.40.31:114][556]LogBlueprintUserMessages: 0.661287
[2015.08.27-20.40.31:130][557]LogBlueprintUserMessages: 0.65161
[2015.08.27-20.40.31:147][558]LogBlueprintUserMessages: 0.641932
[2015.08.27-20.40.31:163][559]LogBlueprintUserMessages: 0.632255
[2015.08.27-20.40.31:179][560]LogBlueprintUserMessages: 0.622577
[2015.08.27-20.40.31:195][561]LogBlueprintUserMessages: 0.6129
[2015.08.27-20.40.31:211][562]LogBlueprintUserMessages: 0.603222
[2015.08.27-20.40.31:227][563]LogBlueprintUserMessages: 0.593545
[2015.08.27-20.40.31:243][564]LogBlueprintUserMessages: 0.583867
[2015.08.27-20.40.31:259][565]LogBlueprintUserMessages: 0.57419
[2015.08.27-20.40.31:276][566]LogBlueprintUserMessages: 0.564512
[2015.08.27-20.40.31:292][567]LogBlueprintUserMessages: 0.554835
[2015.08.27-20.40.31:308][568]LogBlueprintUserMessages: 0.545157
[2015.08.27-20.40.31:324][569]LogBlueprintUserMessages: 0.53548
[2015.08.27-20.40.31:340][570]LogBlueprintUserMessages: 0.525802
[2015.08.27-20.40.31:356][571]LogBlueprintUserMessages: 0.516125
[2015.08.27-20.40.31:372][572]LogBlueprintUserMessages: 0.506447
[2015.08.27-20.40.31:388][573]LogBlueprintUserMessages: 0.49677
[2015.08.27-20.40.31:404][574]LogBlueprintUserMessages: 0.487092
[2015.08.27-20.40.31:420][575]LogBlueprintUserMessages: 0.477415
[2015.08.27-20.40.31:437][576]LogBlueprintUserMessages: 0.467737
[2015.08.27-20.40.31:453][577]LogBlueprintUserMessages: 0.45806
[2015.08.27-20.40.31:469][578]LogBlueprintUserMessages: 0.448382
[2015.08.27-20.40.31:485][579]LogBlueprintUserMessages: 0.438705
[2015.08.27-20.40.31:501][580]LogBlueprintUserMessages: 0.429027
[2015.08.27-20.40.31:517][581]LogBlueprintUserMessages: 0.41935
[2015.08.27-20.40.31:533][582]LogBlueprintUserMessages: 0.409672
[2015.08.27-20.40.31:549][583]LogBlueprintUserMessages: 0.399995
[2015.08.27-20.40.31:565][584]LogBlueprintUserMessages: 0.390317
[2015.08.27-20.40.31:582][585]LogBlueprintUserMessages: 0.38064
[2015.08.27-20.40.31:598][586]LogBlueprintUserMessages: 0.370962
[2015.08.27-20.40.31:614][587]LogBlueprintUserMessages: 0.361285
[2015.08.27-20.40.31:630][588]LogBlueprintUserMessages: 0.351607
[2015.08.27-20.40.31:646][589]LogBlueprintUserMessages: 0.34193
[2015.08.27-20.40.31:662][590]LogBlueprintUserMessages: 0.332252
[2015.08.27-20.40.31:678][591]LogBlueprintUserMessages: 0.322575
[2015.08.27-20.40.31:694][592]LogBlueprintUserMessages: 0.312897
[2015.08.27-20.40.31:710][593]LogBlueprintUserMessages: 0.30322
[2015.08.27-20.40.31:727][594]LogBlueprintUserMessages: 0.293542
[2015.08.27-20.40.31:743][595]LogBlueprintUserMessages: 0.283865
[2015.08.27-20.40.31:759][596]LogBlueprintUserMessages: 0.274187
[2015.08.27-20.40.31:759][596]LogBlueprintUserMessages: YO ICH DODGE GRADE
[2015.08.27-20.40.31:775][597]LogBlueprintUserMessages: 0.26451
[2015.08.27-20.40.31:775][597]LogBlueprintUserMessages: Gewonnen!
[2015.08.27-20.40.31:775][597]LogBlueprintUserMessages: YO ICH DODGE GRADE
[2015.08.27-20.40.31:791][598]LogBlueprintUserMessages: YO ICH DODGE GRADE
[2015.08.27-20.40.31:807][599]LogBlueprintUserMessages: YO ICH DODGE GRADE
[2015.08.27-20.40.31:823][600]LogBlueprintUserMessages: YO ICH DODGE GRADE
[2015.08.27-20.40.31:840][601]LogBlueprintUserMessages: YO ICH DODGE GRADE
[2015.08.27-20.40.31:856][602]LogBlueprintUserMessages: YO ICH DODGE GRADE
[2015.08.27-20.40.31:873][603]LogBlueprintUserMessages: YO ICH DODGE GRADE
[2015.08.27-20.40.31:889][604]LogBlueprintUserMessages: YO ICH DODGE GRADE
[2015.08.27-20.40.31:905][605]LogBlueprintUserMessages: YO ICH DODGE GRADE
[2015.08.27-20.40.32:727][656]LogBlueprintUserMessages: 0.993544
[2015.08.27-20.40.32:743][657]LogBlueprintUserMessages: 0.99892
[2015.08.27-20.40.32:759][658]LogBlueprintUserMessages: 0.995703
[2015.08.27-20.40.32:775][659]LogBlueprintUserMessages: 0.990327
[2015.08.27-20.40.35:727][842]LogBlueprintUserMessages: 0.006432
[2015.08.27-20.40.35:743][843]LogBlueprintUserMessages: 0.001056
[2015.08.27-20.40.35:759][844]LogBlueprintUserMessages: 0.0
[2015.08.27-20.40.35:759][844]LogBlueprintUserMessages: 0.0
[2015.08.27-20.40.35:759][844]LogBlueprintUserMessages: 0.004321
[2015.08.27-20.40.35:775][845]LogBlueprintUserMessages: 0.009697
[2015.08.27-20.40.40:808][157]Closing by request
[2015.08.27-20.40.40:808][157]LogWindows: FPlatformMisc::RequestExit(0)
[2015.08.27-20.40.41:399][158]LogWindowsTextInputMethodSystem:Display: IME system now deactivated.
[2015.08.27-20.40.41:405][158]LogExit: Preparing to exit.
[2015.08.27-20.40.41:450][158]LogExit: Game engine shut down
[2015.08.27-20.40.41:456][158]LogParticles: Destroying 0 GPU particle simulations for FXSystem 0x000000A13FF1D300
[2015.08.27-20.40.41:621][158]LogExit: Object subsystem successfully closed.
[2015.08.27-20.40.41:642][158]LogD3D11RHI: Shutdown
[2015.08.27-20.40.41:642][158]LogD3D11RHI: CleanupD3DDevice
[2015.08.27-20.40.41:723][158]LogD3D11RHI: ~FD3D11DynamicRHI
[2015.08.27-20.40.41:735][158]LogModuleManager: Shutting down and abandoning module AndroidDeviceDetection (109)
[2015.08.27-20.40.41:766][158]LogModuleManager: Shutting down and abandoning module AutomationWorker (108)
[2015.08.27-20.40.41:766][158]LogModuleManager: Shutting down and abandoning module CharacterAI (107)
[2015.08.27-20.40.41:766][158]LogModuleManager: Shutting down and abandoning module AITestSuite (106)
[2015.08.27-20.40.41:766][158]LogModuleManager: Shutting down and abandoning module GameplayDebugger (105)
[2015.08.27-20.40.41:766][158]LogModuleManager: Shutting down and abandoning module AIModule (104)
[2015.08.27-20.40.41:766][158]LogModuleManager: Shutting down and abandoning module GameLiveStreaming (103)
[2015.08.27-20.40.41:766][158]LogModuleManager: Shutting down and abandoning module StreamingPauseRendering (102)
[2015.08.27-20.40.41:766][158]LogModuleManager: Shutting down and abandoning module ProfilerService (101)
[2015.08.27-20.40.41:838][158]LogModuleManager: Shutting down and abandoning module TaskGraph (100)
[2015.08.27-20.40.41:838][158]LogModuleManager: Shutting down and abandoning module SlateRemote (99)
[2015.08.27-20.40.41:838][158]LogModuleManager: Shutting down and abandoning module SteamVRController (98)
[2015.08.27-20.40.41:838][158]LogModuleManager: Shutting down and abandoning module SteamVR (97)
[2015.08.27-20.40.41:838][158]LogModuleManager: Shutting down and abandoning module ProceduralMeshComponent (96)
[2015.08.27-20.40.41:838][158]LogModuleManager: Shutting down and abandoning module OculusRift (95)
[2015.08.27-20.40.41:838][158]LogModuleManager: Shutting down and abandoning module LeapMotionController (94)
[2015.08.27-20.40.41:845][158]LogModuleManager: Shutting down and abandoning module CustomMeshComponent (93)
[2015.08.27-20.40.41:845][158]LogModuleManager: Shutting down and abandoning module CableComponent (92)
[2015.08.27-20.40.41:845][158]LogModuleManager: Shutting down and abandoning module DesktopPlatform (91)
[2015.08.27-20.40.41:845][158]LogModuleManager: Shutting down and abandoning module DirectoryWatcher (90)
[2015.08.27-20.40.41:845][158]LogModuleManager: Shutting down and abandoning module HotReload (89)
[2015.08.27-20.40.41:845][158]LogModuleManager: Shutting down and abandoning module VisualStudioSourceCodeAccess (88)
[2015.08.27-20.40.41:845][158]LogModuleManager: Shutting down and abandoning module UObjectPlugin (87)
[2015.08.27-20.40.41:845][158]LogModuleManager: Shutting down and abandoning module SubversionSourceControl (86)
[2015.08.27-20.40.41:845][158]LogModuleManager: Shutting down and abandoning module SourceControl (85)
[2015.08.27-20.40.41:845][158]LogModuleManager: Shutting down and abandoning module PerforceSourceControl (84)
[2015.08.27-20.40.41:845][158]LogModuleManager: Shutting down and abandoning module BlankPlugin (83)
[2015.08.27-20.40.41:845][158]LogModuleManager: Shutting down and abandoning module UdpMessaging (82)
[2015.08.27-20.40.41:845][158]LogModuleManager: Shutting down and abandoning module AssetRegistry (81)
[2015.08.27-20.40.41:846][158]LogModuleManager: Shutting down and abandoning module SubstanceCore (80)
[2015.08.27-20.40.41:846][158]LogModuleManager: Shutting down and abandoning module Paper2D (79)
[2015.08.27-20.40.41:846][158]LogModuleManager: Shutting down and abandoning module WindowsMoviePlayer (78)
[2015.08.27-20.40.41:847][158]LogModuleManager: Shutting down and abandoning module Media (77)
[2015.08.27-20.40.41:848][158]LogModuleManager: Shutting down and abandoning module WmfMedia (76)
[2015.08.27-20.40.41:848][158]LogModuleManager: Shutting down and abandoning module OnlineBlueprintSupport (75)
[2015.08.27-20.40.41:848][158]LogModuleManager: Shutting down and abandoning module PropertyEditor (74)
[2015.08.27-20.40.41:848][158]LogModuleManager: Shutting down and abandoning module BehaviorTreeEditor (73)
[2015.08.27-20.40.41:848][158]LogModuleManager: Shutting down and abandoning module FunctionalTesting (72)
[2015.08.27-20.40.41:848][158]LogModuleManager: Shutting down and abandoning module CollisionAnalyzer (71)
[2015.08.27-20.40.41:848][158]LogModuleManager: Shutting down and abandoning module WorkspaceMenuStructure (70)
[2015.08.27-20.40.41:848][158]LogModuleManager: Shutting down and abandoning module MessageLog (69)
[2015.08.27-20.40.41:848][158]LogModuleManager: Shutting down and abandoning module Sequencer (68)
[2015.08.27-20.40.41:848][158]LogModuleManager: Shutting down and abandoning module AssetTools (67)
[2015.08.27-20.40.41:848][158]LogModuleManager: Shutting down and abandoning module UMGEditor (66)
[2015.08.27-20.40.41:848][158]LogModuleManager: Shutting down and abandoning module UMG (65)
[2015.08.27-20.40.41:848][158]LogModuleManager: Shutting down and abandoning module Slate (64)
[2015.08.27-20.40.41:848][158]LogModuleManager: Shutting down and abandoning module EditorStyle (63)
[2015.08.27-20.40.41:850][158]LogModuleManager: Shutting down and abandoning module SessionServices (62)
[2015.08.27-20.40.41:850][158]LogModuleManager: Shutting down and abandoning module SourceCodeAccess (61)
[2015.08.27-20.40.41:850][158]LogModuleManager: Shutting down and abandoning module HeadMountedDisplay (60)
[2015.08.27-20.40.41:850][158]LogModuleManager: Shutting down and abandoning module XAudio2 (59)
[2015.08.27-20.40.41:850][158]LogModuleManager: Shutting down and abandoning module Networking (57)
[2015.08.27-20.40.41:850][158]LogModuleManager: Shutting down and abandoning module Core (56)
[2015.08.27-20.40.41:850][158]LogModuleManager: Shutting down and abandoning module KismetCompiler (55)
[2015.08.27-20.40.41:850][158]LogModuleManager: Shutting down and abandoning module PhysXFormats (54)
[2015.08.27-20.40.41:851][158]LogModuleManager: Shutting down and abandoning module MeshUtilities (53)
[2015.08.27-20.40.41:851][158]LogModuleManager: Shutting down and abandoning module DerivedDataCache (52)
[2015.08.27-20.40.42:292][158]LogDerivedDataCache: Shutdown
[2015.08.27-20.40.42:292][158]LogModuleManager: Shutting down and abandoning module ShaderFormatOpenGL (51)
[2015.08.27-20.40.42:292][158]LogModuleManager: Shutting down and abandoning module ShaderFormatD3D (50)
[2015.08.27-20.40.42:292][158]LogModuleManager: Shutting down and abandoning module MetalShaderFormat (49)
[2015.08.27-20.40.42:292][158]LogModuleManager: Shutting down and abandoning module TextureFormatUncompressed (48)
[2015.08.27-20.40.42:292][158]LogModuleManager: Shutting down and abandoning module TextureFormatPVR (47)
[2015.08.27-20.40.42:292][158]LogModuleManager: Shutting down and abandoning module TextureFormatIntelISPCTexComp (46)
[2015.08.27-20.40.42:292][158]LogModuleManager: Shutting down and abandoning module TextureFormatDXT (45)
[2015.08.27-20.40.42:292][158]LogModuleManager: Shutting down and abandoning module ImageWrapper (44)
[2015.08.27-20.40.42:292][158]LogModuleManager: Shutting down and abandoning module TextureFormatASTC (43)
[2015.08.27-20.40.42:292][158]LogModuleManager: Shutting down and abandoning module TextureFormatAndroid (42)
[2015.08.27-20.40.42:292][158]LogModuleManager: Shutting down and abandoning module AudioFormatOpus (41)
[2015.08.27-20.40.42:292][158]LogModuleManager: Shutting down and abandoning module AudioFormatOgg (40)
[2015.08.27-20.40.42:292][158]LogModuleManager: Shutting down and abandoning module AudioFormatADPCM (39)
[2015.08.27-20.40.42:292][158]LogModuleManager: Shutting down and abandoning module LinuxTargetPlatform (38)
[2015.08.27-20.40.42:292][158]LogModuleManager: Shutting down and abandoning module LinuxServerTargetPlatform (37)
[2015.08.27-20.40.42:292][158]LogModuleManager: Shutting down and abandoning module LinuxNoEditorTargetPlatform (36)
[2015.08.27-20.40.42:292][158]LogModuleManager: Shutting down and abandoning module Messaging (35)
[2015.08.27-20.40.42:292][158]LogModuleManager: Shutting down and abandoning module IOSTargetPlatform (34)
[2015.08.27-20.40.42:292][158]LogModuleManager: Shutting down and abandoning module HTML5TargetPlatform (33)
[2015.08.27-20.40.42:292][158]LogModuleManager: Shutting down and abandoning module Android_PVRTCTargetPlatform (32)
[2015.08.27-20.40.42:292][158]LogModuleManager: Shutting down and abandoning module Android_ETC2TargetPlatform (31)
[2015.08.27-20.40.42:292][158]LogModuleManager: Shutting down and abandoning module Android_ETC1TargetPlatform (30)
[2015.08.27-20.40.42:292][158]LogModuleManager: Shutting down and abandoning module Android_DXTTargetPlatform (29)
[2015.08.27-20.40.42:292][158]LogModuleManager: Shutting down and abandoning module Android_ATCTargetPlatform (28)
[2015.08.27-20.40.42:292][158]LogModuleManager: Shutting down and abandoning module Android_ASTCTargetPlatform (27)
[2015.08.27-20.40.42:292][158]LogModuleManager: Shutting down and abandoning module AndroidTargetPlatform (26)
[2015.08.27-20.40.42:292][158]LogModuleManager: Shutting down and abandoning module WindowsTargetPlatform (25)
[2015.08.27-20.40.42:292][158]LogModuleManager: Shutting down and abandoning module WindowsServerTargetPlatform (24)
[2015.08.27-20.40.42:292][158]LogModuleManager: Shutting down and abandoning module WindowsNoEditorTargetPlatform (23)
[2015.08.27-20.40.42:292][158]LogModuleManager: Shutting down and abandoning module WindowsClientTargetPlatform (22)
[2015.08.27-20.40.42:292][158]LogModuleManager: Shutting down and abandoning module DesktopTargetPlatform (21)
[2015.08.27-20.40.42:292][158]LogModuleManager: Shutting down and abandoning module TargetPlatform (20)
[2015.08.27-20.40.42:292][158]LogModuleManager: Shutting down and abandoning module InputCore (19)
[2015.08.27-20.40.42:292][158]LogModuleManager: Shutting down and abandoning module Settings (18)
[2015.08.27-20.40.42:292][158]LogModuleManager: Shutting down and abandoning module OnlineSubsystem (16)
[2015.08.27-20.40.42:292][158]LogModuleManager: Shutting down and abandoning module HTTP (15)
[2015.08.27-20.40.42:292][158]LogModuleManager: Shutting down and abandoning module ExampleDeviceProfileSelector (14)
[2015.08.27-20.40.42:292][158]LogModuleManager: Shutting down and abandoning module TextureCompressor (13)
[2015.08.27-20.40.42:292][158]LogModuleManager: Shutting down and abandoning module ShaderCore (12)
[2015.08.27-20.40.42:292][158]LogModuleManager: Shutting down and abandoning module Landscape (11)
[2015.08.27-20.40.42:293][158]LogModuleManager: Shutting down and abandoning module SlateRHIRenderer (10)
[2015.08.27-20.40.42:293][158]LogModuleManager: Shutting down and abandoning module OpenGLDrv (9)
[2015.08.27-20.40.42:293][158]LogModuleManager: Shutting down and abandoning module D3D11RHI (8)
[2015.08.27-20.40.42:293][158]LogModuleManager: Shutting down and abandoning module Renderer (7)
[2015.08.27-20.40.42:293][158]LogModuleManager: Shutting down and abandoning module Engine (6)
[2015.08.27-20.40.42:293][158]LogModuleManager: Shutting down and abandoning module CoreUObject (5)
[2015.08.27-20.40.42:293][158]LogModuleManager: Shutting down and abandoning module NetworkFile (4)
[2015.08.27-20.40.42:293][158]LogModuleManager: Shutting down and abandoning module StreamingFile (3)
[2015.08.27-20.40.42:293][158]LogModuleManager: Shutting down and abandoning module SandboxFile (2)
[2015.08.27-20.40.42:293][158]LogModuleManager: Shutting down and abandoning module PakFile (1)
[2015.08.27-20.40.42:294][158]LogExit: Exiting.
[2015.08.27-20.40.42:295][158]Log file closed, 08/27/15 22:40:42
