[2015.09.23-17.31.31:170][  0]Log file open, 09/23/15 19:31:31
[2015.09.23-17.31.31:170][  0]LogInit:Display: Running engine for game: NotPartofGame
[2015.09.23-17.31.31:170][  0]LogInit:Display: RandInit(1279990362) SRandInit(1279990363).
[2015.09.23-17.31.31:170][  0]LogTaskGraph: Started task graph with 4 named threads and 7 total threads.
[2015.09.23-17.31.31:170][  0]LogStats: Stats thread started
[2015.09.23-17.31.31:170][  0]LogInit: Version: 4.8.3-2634408+++depot+UE4-Releases+4.8
[2015.09.23-17.31.31:170][  0]LogInit: API Version: 2579680
[2015.09.23-17.31.31:170][  0]LogInit: Compiled (64-bit): Jul 27 2015 16:24:33
[2015.09.23-17.31.31:170][  0]LogInit: Compiled with Visual C++: 18.00.21005.01
[2015.09.23-17.31.31:170][  0]LogInit: Build Configuration: Development
[2015.09.23-17.31.31:170][  0]LogInit: Branch Name: ++depot+UE4-Releases+4.8
[2015.09.23-17.31.31:170][  0]LogInit: Command line:  /Temp/Autosaves/Game/NPOTG/Maps/UEDPCTesting_Level -game -PIEVIACONSOLE -ResX=1280 -ResY=720  -Multiprocess 
[2015.09.23-17.31.31:170][  0]LogInit: Base directory: C:/Users/Bodoo/Documents/Programmieren/4.8/Engine/Binaries/Win64/
[2015.09.23-17.31.31:170][  0]LogInit: Rocket: 1
[2015.09.23-17.31.31:192][  0]LogInit: Using libcurl 7.41.0
[2015.09.23-17.31.31:192][  0]LogInit:  - built for x86_64-pc-win32
[2015.09.23-17.31.31:192][  0]LogInit:  - supports SSL with WinSSL
[2015.09.23-17.31.31:192][  0]LogInit:  - other features:
[2015.09.23-17.31.31:192][  0]LogInit:      CURL_VERSION_SSL
[2015.09.23-17.31.31:192][  0]LogInit:      CURL_VERSION_IPV6
[2015.09.23-17.31.31:192][  0]LogInit:      CURL_VERSION_ASYNCHDNS
[2015.09.23-17.31.31:192][  0]LogInit:      CURL_VERSION_LARGEFILE
[2015.09.23-17.31.31:192][  0]LogInit:      CURL_VERSION_IDN
[2015.09.23-17.31.31:192][  0]LogInit:  CurlRequestOptions (configurable via config and command line):
[2015.09.23-17.31.31:192][  0]LogInit:  - bVerifyPeer = true  - Libcurl will verify peer certificate
[2015.09.23-17.31.31:192][  0]LogInit:  - bUseHttpProxy = false  - Libcurl will NOT use HTTP proxy
[2015.09.23-17.31.31:192][  0]LogInit:  - bDontReuseConnections = false  - Libcurl will reuse connections
[2015.09.23-17.31.31:192][  0]LogInit:  - CertBundlePath = nullptr  - Libcurl will use whatever was configured at build time.
[2015.09.23-17.31.31:206][  0]LogOnline:Warning: No default platform service specified for OnlineSubsystem
[2015.09.23-17.31.31:221][  0]LogInit: Presizing for 0 objects not considered by GC, pre-allocating 0 bytes.
[2015.09.23-17.31.31:229][  0]LogInit: Object subsystem initialized
[2015.09.23-17.31.31:230][  0]LogConsoleResponse:Warning: Skipping Unknown console variable: 'UIScaleCurve = (EditorCurveData=(Keys=((Time=480.000000,Value=0.444000),(Time=720.000000,Value=0.666000),(Time=1080.000000,Value=1.000000),(Time=8640.000000,Value=8.000000))),ExternalCurve=None)'
[2015.09.23-17.31.31:230][  0]LogConsoleResponse:Warning:   Found in ini file 'C:/Users/Bodoo/Documents/Programmieren/Projekte/NotPartofTheGame/Saved/Config/Windows/Engine.ini', in section '[/Script/Engine.RendererSettings]'
[2015.09.23-17.31.31:230][  0]LogConsoleManager:Warning: Console variable 'r.MSAA.CompositingSampleCount' wasn't set ('Scalability' has a lower priority than 'ProjectSetting')
[2015.09.23-17.31.31:231][  0]LogInit: Selected Device Profile: [Windows]
[2015.09.23-17.31.31:231][  0]LogInit: Applying CVar settings loaded from the selected device profile: [Windows]
[2015.09.23-17.31.31:235][  0]LogInit: Computer: DESKTOP-GLF6O4V
[2015.09.23-17.31.31:235][  0]LogInit: User: Bodoo
[2015.09.23-17.31.31:235][  0]LogInit: CPU Page size=4096, Cores=4
[2015.09.23-17.31.31:235][  0]LogInit: High frequency timer resolution =3.215354 MHz
[2015.09.23-17.31.31:235][  0]LogMemory: Memory total: Physical=12.0GB (12GB approx)
[2015.09.23-17.31.31:235][  0]LogMemory: Platform Memory Stats for Windows
[2015.09.23-17.31.31:235][  0]LogMemory: Process Physical Memory: 51.22 MB used, 51.22 MB peak
[2015.09.23-17.31.31:235][  0]LogMemory: Process Virtual Memory: 22.54 MB used, 22.54 MB peak
[2015.09.23-17.31.31:235][  0]LogMemory: Physical Memory: 2802.20 MB used, 12270.45 MB total
[2015.09.23-17.31.31:235][  0]LogMemory: Virtual Memory: 310.63 MB used, 134217728.00 MB total
[2015.09.23-17.31.31:264][  0]LogTextLocalizationManager: The requested culture ('de_DE') has no localization data; falling back to 'en' for localization and internationalization data.
[2015.09.23-17.31.31:507][  0]LogTextLocalizationManager:Warning: Loaded localization resources contain conflicting entries for (Namespace:ContentBrowser, Key:ImportAssetToolTip):
Localization Resource: (C:/Users/Bodoo/Documents/Programmieren/4.8/Engine/Content/Localization/Editor/en/Editor.locres) Source String Hash: (-630476809) Localized String: (Import to {0}...)
Localization Resource: (C:/Users/Bodoo/Documents/Programmieren/4.8/Engine/Content/Localization/Editor/en/Editor.locres) Source String Hash: (1271782899) Localized String: (Imports an asset from file to this folder.)
[2015.09.23-17.31.31:841][  0]LogD3D11RHI: Found D3D11 adapter 0: AMD Radeon HD 6800 Series (Feature Level 11_0)
[2015.09.23-17.31.31:841][  0]LogD3D11RHI: Adapter has 1011MB of dedicated video memory, 0MB of dedicated system memory, and 3840MB of shared system memory, 1 output[s]
[2015.09.23-17.31.31:842][  0]LogD3D11RHI: Found D3D11 adapter 1: Microsoft Basic Render Driver (Feature Level 11_0)
[2015.09.23-17.31.31:842][  0]LogD3D11RHI: Adapter has 0MB of dedicated video memory, 0MB of dedicated system memory, and 6135MB of shared system memory, 0 output[s]
[2015.09.23-17.31.31:842][  0]LogD3D11RHI: Chosen D3D11 Adapter Id = 0
[2015.09.23-17.31.31:845][  0]LogD3D11RHI: InitD3DDevice
[2015.09.23-17.31.31:845][  0]LogD3D11RHI: !Direct3DDevice
[2015.09.23-17.31.31:845][  0]LogRHI: Texture pool is 708 MB (70% of 1011 MB)
[2015.09.23-17.31.31:851][  0]LogD3D11RHI: Async texture creation disabled: no driver support
[2015.09.23-17.31.31:861][  0]LogShaderCompilers:Display: Using Local Shader Compiler.
[2015.09.23-17.31.32:645][  0]LogTemp:Display: Loaded TP DesktopTargetPlatform
[2015.09.23-17.31.32:659][  0]LogTemp:Display: Loaded TP WindowsClientTargetPlatform
[2015.09.23-17.31.32:673][  0]LogTemp:Display: Loaded TP WindowsNoEditorTargetPlatform
[2015.09.23-17.31.32:687][  0]LogTemp:Display: Loaded TP WindowsServerTargetPlatform
[2015.09.23-17.31.32:703][  0]LogTemp:Display: Loaded TP WindowsTargetPlatform
[2015.09.23-17.31.32:715][  0]LogTemp:Display: Loaded TP AndroidTargetPlatform
[2015.09.23-17.31.32:727][  0]LogTemp:Display: Loaded TP Android_ASTCTargetPlatform
[2015.09.23-17.31.32:739][  0]LogTemp:Display: Loaded TP Android_ATCTargetPlatform
[2015.09.23-17.31.32:751][  0]LogTemp:Display: Loaded TP Android_DXTTargetPlatform
[2015.09.23-17.31.32:763][  0]LogTemp:Display: Loaded TP Android_ETC1TargetPlatform
[2015.09.23-17.31.32:776][  0]LogTemp:Display: Loaded TP Android_ETC2TargetPlatform
[2015.09.23-17.31.32:790][  0]LogTemp:Display: Loaded TP Android_PVRTCTargetPlatform
[2015.09.23-17.31.32:838][  0]LogTemp:Display: Loaded TP IOSTargetPlatform
[2015.09.23-17.31.32:851][  0]LogTemp:Display: Loaded TP LinuxNoEditorTargetPlatform
[2015.09.23-17.31.32:863][  0]LogTemp:Display: Loaded TP LinuxServerTargetPlatform
[2015.09.23-17.31.32:877][  0]LogTemp:Display: Loaded TP LinuxTargetPlatform
[2015.09.23-17.31.32:877][  0]LogTargetPlatformManager:Display: Building Assets For Windows
[2015.09.23-17.31.33:081][  0]LogDerivedDataCache:Display: Max Cache Size: 512 MB
[2015.09.23-17.31.33:149][  0]LogDerivedDataCache: Loaded boot cache 0.07s 53MB C:/Users/Bodoo/AppData/Local/UnrealEngine/4.8/DerivedDataCache/Boot.ddc.
[2015.09.23-17.31.33:149][  0]LogDerivedDataCache:Display: Loaded Boot cache: C:/Users/Bodoo/AppData/Local/UnrealEngine/4.8/DerivedDataCache/Boot.ddc
[2015.09.23-17.31.33:149][  0]LogDerivedDataCache: FDerivedDataBackendGraph:  Pak pak cache file ../../../../Projekte/NotPartofTheGame/DerivedDataCache/DDC.ddp not found, will not use a pak cache.
[2015.09.23-17.31.33:149][  0]LogDerivedDataCache: Unable to find inner node Pak for hierarchical cache Hierarchy.
[2015.09.23-17.31.33:149][  0]LogDerivedDataCache: FDerivedDataBackendGraph:  CompressedPak pak cache file ../../../../Projekte/NotPartofTheGame/DerivedDataCache/Compressed.ddp not found, will not use a pak cache.
[2015.09.23-17.31.33:149][  0]LogDerivedDataCache: Unable to find inner node CompressedPak for hierarchical cache Hierarchy.
[2015.09.23-17.31.33:299][  0]LogDerivedDataCache:Display: Pak cache opened for reading ../../../Engine/DerivedDataCache/Compressed.ddp.
[2015.09.23-17.31.33:312][  0]LogDerivedDataCache: Using Local data cache path C:/Users/Bodoo/AppData/Local/UnrealEngine/Common/DerivedDataCache: Writable
[2015.09.23-17.31.33:550][  0]LogInit: Selected Device Profile: [Windows]
[2015.09.23-17.31.33:639][  0]ImportText (ComponentSweepMultiTests): Missing closing parenthesis: (RootShapeAsset="/Engine/BasicShapes/Cube.Cube",ShapeType="TriggerCapsule",HitResult=(Time=0.50,Location=(X=-100.000015,Y=0.0,Z=100.000015),ImpactPoint=(X=-50.0,Y=0.0,Z=50.0),Normal=(X=-1.0,Y=-0.0,Z=0.0),ImpactNormal=(X=0.0,Y=0.0,Z=1.0),TraceStart=(X=-200.0,Y=0.0,Z=200.0),TraceEnd=(X=0.0,Y=0.0,Z=0.0))
[2015.09.23-17.31.33:639][  0]ImportText (LineTraceSingleByChannelTests): Missing closing parenthesis: (RootShapeAsset="/Engine/BasicShapes/Cube.Cube",HitResult=(Time=0.50,Location=(X=-100.000015,Y=0.0,Z=100.000015),ImpactPoint=(X=-50.0,Y=0.0,Z=50.0),Normal=(X=-1.0,Y=-0.0,Z=0.0),ImpactNormal=(X=0.0,Y=0.0,Z=1.0),TraceStart=(X=-200.0,Y=0.0,Z=200.0),TraceEnd=(X=0.0,Y=0.0,Z=0.0))
[2015.09.23-17.31.33:667][  0]LogMeshUtilities: No automatic mesh reduction module available
[2015.09.23-17.31.33:667][  0]LogMeshUtilities: No automatic mesh merging module available
[2015.09.23-17.31.33:973][  0]LogInit: WinSock: version 1.1 (2.2), MaxSocks=32767, MaxUdp=65467
[2015.09.23-17.31.34:410][  0]LogD3D11RHI: InitD3DDevice
[2015.09.23-17.31.34:415][  0]LogWindowsMoviePlayer: Unable to load movie: ../../../../Projekte/NotPartofTheGame/Content/Movies/Default_Startup.mp4
[2015.09.23-17.31.34:557][  0]LogAssetRegistry: FAssetRegistry took 0.0001 seconds to start up
[2015.09.23-17.31.34:602][  0]SourceControl: Info Source control is disabled
[2015.09.23-17.31.34:603][  0]SourceControl: Info Source control is disabled
[2015.09.23-17.31.34:613][  0]SourceControl: Info Source control is disabled
[2015.09.23-17.31.34:803][  0]LogObj: 25913 objects as part of root set at end of initial load.
[2015.09.23-17.31.34:803][  0]LogUObjectAllocator: 5218488 out of 0 bytes used by permanent object pool.
[2015.09.23-17.31.34:872][  0]LogAutomationTest:Warning: ERR: Transient text cannot be serialized "Testing Transient serialization detection".
[2015.09.23-17.31.34:872][  0]LogEngine: Initializing Engine...
[2015.09.23-17.31.34:874][  0]LogHMD: Can't find Oculus library dev build: is proper Runtime installed? Version: 0.6.0.0
[2015.09.23-17.31.34:875][  0]LogHMD:Warning: SteamVR failed to initialize.  Error: 110
[2015.09.23-17.31.34:970][  0]LogInit: XAudio2 using 'Lautsprecher (Realtek High Definition Audio)' : 2 channels at 48 kHz using 32 bits per sample (channel mask 0x3)
[2015.09.23-17.31.34:979][  0]LogInit: FAudioDevice initialized.
[2015.09.23-17.31.34:991][  0]LogInit: Texture streaming: Disabled
[2015.09.23-17.31.35:056][  0]LogNet: Browse: /Temp/Autosaves/Game/NPOTG/Maps/UEDPCTesting_Level?Name=Player
[2015.09.23-17.31.35:056][  0]LogLoad: LoadMap: /Temp/Autosaves/Game/NPOTG/Maps/UEDPCTesting_Level?Name=Player
[2015.09.23-17.31.35:066][  0]LogParticles: Destroying 0 GPU particle simulations for FXSystem 0x0000009BC549F560
[2015.09.23-17.31.35:075][  0]LogMemory: Platform Memory Stats for Windows
[2015.09.23-17.31.35:075][  0]LogMemory: Process Physical Memory: 337.57 MB used, 337.57 MB peak
[2015.09.23-17.31.35:075][  0]LogMemory: Process Virtual Memory: 373.92 MB used, 373.92 MB peak
[2015.09.23-17.31.35:075][  0]LogMemory: Physical Memory: 3013.12 MB used, 12270.45 MB total
[2015.09.23-17.31.35:075][  0]LogMemory: Virtual Memory: 895.86 MB used, 134217728.00 MB total
[2015.09.23-17.31.35:075][  0]LogMemory: 
[2015.09.23-17.31.35:075][  0]Allocator Stats for TBB: (not implemented)
[2015.09.23-17.31.35:377][  0]LogProperty:Warning: ERR: Transient text cannot be serialized "ReturnValue Z".
[2015.09.23-17.31.35:377][  0]LogProperty:Warning: ERR: Transient text cannot be serialized "ReturnValue Y".
[2015.09.23-17.31.35:377][  0]LogProperty:Warning: ERR: Transient text cannot be serialized "ReturnValue X".
[2015.09.23-17.31.35:698][  0]LogProperty:Warning: ERR: Transient text cannot be serialized "ReturnValue Z".
[2015.09.23-17.31.35:698][  0]LogProperty:Warning: ERR: Transient text cannot be serialized "ReturnValue Y".
[2015.09.23-17.31.35:698][  0]LogProperty:Warning: ERR: Transient text cannot be serialized "ReturnValue X".
[2015.09.23-17.31.36:080][  0]LogProperty:Warning: ERR: Transient text cannot be serialized "NewRotation Roll".
[2015.09.23-17.31.36:080][  0]LogProperty:Warning: ERR: Transient text cannot be serialized "NewRotation Yaw".
[2015.09.23-17.31.36:080][  0]LogProperty:Warning: ERR: Transient text cannot be serialized "NewRotation Pitch".
[2015.09.23-17.31.36:080][  0]LogProperty:Warning: ERR: Transient text cannot be serialized "NewRotation Roll".
[2015.09.23-17.31.36:080][  0]LogProperty:Warning: ERR: Transient text cannot be serialized "NewRotation Yaw".
[2015.09.23-17.31.36:080][  0]LogProperty:Warning: ERR: Transient text cannot be serialized "NewRotation Pitch".
[2015.09.23-17.31.36:085][  0]LogProperty:Warning: ERR: Transient text cannot be serialized "ReturnValue Z".
[2015.09.23-17.31.36:085][  0]LogProperty:Warning: ERR: Transient text cannot be serialized "ReturnValue Y".
[2015.09.23-17.31.36:085][  0]LogProperty:Warning: ERR: Transient text cannot be serialized "ReturnValue X".
[2015.09.23-17.31.36:157][  0]LogProperty:Warning: ERR: Transient text cannot be serialized "NewRotation Roll".
[2015.09.23-17.31.36:157][  0]LogProperty:Warning: ERR: Transient text cannot be serialized "NewRotation Yaw".
[2015.09.23-17.31.36:157][  0]LogProperty:Warning: ERR: Transient text cannot be serialized "NewRotation Pitch".
[2015.09.23-17.31.36:157][  0]LogProperty:Warning: ERR: Transient text cannot be serialized "NewRotation Roll".
[2015.09.23-17.31.36:157][  0]LogProperty:Warning: ERR: Transient text cannot be serialized "NewRotation Yaw".
[2015.09.23-17.31.36:157][  0]LogProperty:Warning: ERR: Transient text cannot be serialized "NewRotation Pitch".
[2015.09.23-17.31.36:162][  0]LogProperty:Warning: ERR: Transient text cannot be serialized "ReturnValue Z".
[2015.09.23-17.31.36:162][  0]LogProperty:Warning: ERR: Transient text cannot be serialized "ReturnValue Y".
[2015.09.23-17.31.36:162][  0]LogProperty:Warning: ERR: Transient text cannot be serialized "ReturnValue X".
[2015.09.23-17.31.37:366][  0]LogAIModule: Creating AISystem for world Testing_Level
[2015.09.23-17.31.37:366][  0]LogWorld: Game class is '2DSideScrollerGameMode_C'
[2015.09.23-17.31.37:455][  0]LogWorld: Bringing World /Temp/Autosaves/Game/NPOTG/Maps/UEDPCTesting_Level.Testing_Level up for play (max tick rate 0) at 2015.09.23-19.31.37
[2015.09.23-17.31.37:472][  0]LogWorld: Bringing up level for play took: 0.103052
[2015.09.23-17.31.37:476][  0]LogInit:Display: Game Engine Initialized.
[2015.09.23-17.31.37:700][  0]LogLoad: Full Startup: 8.14 seconds (BP compile: 1.17 seconds)
[2015.09.23-17.31.37:718][  0]LogWindowsTextInputMethodSystem:Display: IME system now deactivated.
[2015.09.23-17.31.37:718][  0]LogWindowsTextInputMethodSystem:Display: IME system now deactivated.
[2015.09.23-17.31.37:721][  0]LogContentStreaming: Texture pool size is 1000.000000MB
[2015.09.23-17.31.37:845][  0]LogRenderer: Reallocating scene render targets to support 1280x720 (Frame:2).
[2015.09.23-17.31.37:966][  1]LogScript:Warning: Accessed None 'PointA'
	wolf_C /Temp/Autosaves/Game/NPOTG/Maps/UEDPCTesting_Level.Testing_Level:PersistentLevel.wolf_C_15
	Function /Game/NPOTG/Blueprints/Charaktere/wolf.wolf_C:ExecuteUbergraph_wolf:007F
[2015.09.23-17.31.37:966][  1]LogScript:Warning: Accessed None 'PointB'
	wolf_C /Temp/Autosaves/Game/NPOTG/Maps/UEDPCTesting_Level.Testing_Level:PersistentLevel.wolf_C_15
	Function /Game/NPOTG/Blueprints/Charaktere/wolf.wolf_C:ExecuteUbergraph_wolf:00AA
[2015.09.23-17.31.37:981][  2]LogScript:Warning: Accessed None 'PointA'
	wolf_C /Temp/Autosaves/Game/NPOTG/Maps/UEDPCTesting_Level.Testing_Level:PersistentLevel.wolf_C_15
	Function /Game/NPOTG/Blueprints/Charaktere/wolf.wolf_C:ExecuteUbergraph_wolf:007F
[2015.09.23-17.31.37:981][  2]LogScript:Warning: Accessed None 'PointB'
	wolf_C /Temp/Autosaves/Game/NPOTG/Maps/UEDPCTesting_Level.Testing_Level:PersistentLevel.wolf_C_15
	Function /Game/NPOTG/Blueprints/Charaktere/wolf.wolf_C:ExecuteUbergraph_wolf:00AA
[2015.09.23-17.31.38:001][  3]LogScript:Warning: Accessed None 'PointA'
	wolf_C /Temp/Autosaves/Game/NPOTG/Maps/UEDPCTesting_Level.Testing_Level:PersistentLevel.wolf_C_15
	Function /Game/NPOTG/Blueprints/Charaktere/wolf.wolf_C:ExecuteUbergraph_wolf:007F
[2015.09.23-17.31.38:001][  3]LogScript:Warning: Accessed None 'PointB'
	wolf_C /Temp/Autosaves/Game/NPOTG/Maps/UEDPCTesting_Level.Testing_Level:PersistentLevel.wolf_C_15
	Function /Game/NPOTG/Blueprints/Charaktere/wolf.wolf_C:ExecuteUbergraph_wolf:00AA
[2015.09.23-17.31.38:017][  4]LogScript:Warning: Accessed None 'PointA'
	wolf_C /Temp/Autosaves/Game/NPOTG/Maps/UEDPCTesting_Level.Testing_Level:PersistentLevel.wolf_C_15
	Function /Game/NPOTG/Blueprints/Charaktere/wolf.wolf_C:ExecuteUbergraph_wolf:007F
[2015.09.23-17.31.38:017][  4]LogScript:Warning: Accessed None 'PointB'
	wolf_C /Temp/Autosaves/Game/NPOTG/Maps/UEDPCTesting_Level.Testing_Level:PersistentLevel.wolf_C_15
	Function /Game/NPOTG/Blueprints/Charaktere/wolf.wolf_C:ExecuteUbergraph_wolf:00AA
[2015.09.23-17.31.38:033][  5]LogScript:Warning: Accessed None 'PointA'
	wolf_C /Temp/Autosaves/Game/NPOTG/Maps/UEDPCTesting_Level.Testing_Level:PersistentLevel.wolf_C_15
	Function /Game/NPOTG/Blueprints/Charaktere/wolf.wolf_C:ExecuteUbergraph_wolf:007F
[2015.09.23-17.31.38:033][  5]LogScript:Warning: Accessed None 'PointB'
	wolf_C /Temp/Autosaves/Game/NPOTG/Maps/UEDPCTesting_Level.Testing_Level:PersistentLevel.wolf_C_15
	Function /Game/NPOTG/Blueprints/Charaktere/wolf.wolf_C:ExecuteUbergraph_wolf:00AA
[2015.09.23-17.31.38:049][  6]LogScript:Warning: Accessed None 'PointA'
	wolf_C /Temp/Autosaves/Game/NPOTG/Maps/UEDPCTesting_Level.Testing_Level:PersistentLevel.wolf_C_15
	Function /Game/NPOTG/Blueprints/Charaktere/wolf.wolf_C:ExecuteUbergraph_wolf:007F
[2015.09.23-17.31.38:049][  6]LogScript:Warning: Accessed None 'PointB'
	wolf_C /Temp/Autosaves/Game/NPOTG/Maps/UEDPCTesting_Level.Testing_Level:PersistentLevel.wolf_C_15
	Function /Game/NPOTG/Blueprints/Charaktere/wolf.wolf_C:ExecuteUbergraph_wolf:00AA
[2015.09.23-17.31.38:065][  7]LogScript:Warning: Accessed None 'PointA'
	wolf_C /Temp/Autosaves/Game/NPOTG/Maps/UEDPCTesting_Level.Testing_Level:PersistentLevel.wolf_C_15
	Function /Game/NPOTG/Blueprints/Charaktere/wolf.wolf_C:ExecuteUbergraph_wolf:007F
[2015.09.23-17.31.38:065][  7]LogScript:Warning: Accessed None 'PointB'
	wolf_C /Temp/Autosaves/Game/NPOTG/Maps/UEDPCTesting_Level.Testing_Level:PersistentLevel.wolf_C_15
	Function /Game/NPOTG/Blueprints/Charaktere/wolf.wolf_C:ExecuteUbergraph_wolf:00AA
[2015.09.23-17.31.38:081][  8]LogScript:Warning: Accessed None 'PointA'
	wolf_C /Temp/Autosaves/Game/NPOTG/Maps/UEDPCTesting_Level.Testing_Level:PersistentLevel.wolf_C_15
	Function /Game/NPOTG/Blueprints/Charaktere/wolf.wolf_C:ExecuteUbergraph_wolf:007F
[2015.09.23-17.31.38:081][  8]LogScript:Warning: Accessed None 'PointB'
	wolf_C /Temp/Autosaves/Game/NPOTG/Maps/UEDPCTesting_Level.Testing_Level:PersistentLevel.wolf_C_15
	Function /Game/NPOTG/Blueprints/Charaktere/wolf.wolf_C:ExecuteUbergraph_wolf:00AA
[2015.09.23-17.31.38:097][  9]LogScript:Warning: Accessed None 'PointA'
	wolf_C /Temp/Autosaves/Game/NPOTG/Maps/UEDPCTesting_Level.Testing_Level:PersistentLevel.wolf_C_15
	Function /Game/NPOTG/Blueprints/Charaktere/wolf.wolf_C:ExecuteUbergraph_wolf:007F
[2015.09.23-17.32.19:706][588]LogScriptCore: Script call stack:
	Function /Game/NPOTG/Blueprints/Charaktere/wolf.wolf_C:BndEvt__see cone_K2Node_ComponentBoundEvent_90_ComponentBeginOverlapSignature__DelegateSignature
	Function /Game/NPOTG/Blueprints/Charaktere/wolf.wolf_C:ExecuteUbergraph_wolf
	Function /Game/NPOTG/Blueprints/Charaktere/wolf.wolf_C:start the fight
	Function /Game/NPOTG/Blueprints/Charaktere/wolf.wolf_C:construct fight
	Function /Game/NPOTG/Blueprints/Charaktere/wolf.wolf_C:start the fight
	Function /Game/NPOTG/Blueprints/Charaktere/wolf.wolf_C:construct fight
	Function /Game/NPOTG/Blueprints/Charaktere/wolf.wolf_C:start the fight
	Function /Game/NPOTG/Blueprints/Charaktere/wolf.wolf_C:construct fight
	Function /Game/NPOTG/Blueprints/Charaktere/wolf.wolf_C:start the fight
	Function /Game/NPOTG/Blueprints/Charaktere/wolf.wolf_C:construct fight
	Function /Game/NPOTG/Blueprints/Charaktere/wolf.wolf_C:start the fight
	Function /Game/NPOTG/Blueprints/Charaktere/wolf.wolf_C:construct fight
	Function /Game/NPOTG/Blueprints/Charaktere/wolf.wolf_C:start the fight
	Function /Game/NPOTG/Blueprints/Charaktere/wolf.wolf_C:construct fight
	Function /Game/NPOTG/Blueprints/Charaktere/wolf.wolf_C:start the fight
	Function /Game/NPOTG/Blueprints/Charaktere/wolf.wolf_C:construct fight
	Function /Game/NPOTG/Blueprints/Charaktere/wolf.wolf_C:start the fight
	Function /Game/NPOTG/Blueprints/Charaktere/wolf.wolf_C:construct fight
	Function /Game/NPOTG/Blueprints/Charaktere/wolf.wolf_C:start the fight
	Function /Game/NPOTG/Blueprints/Charaktere/wolf.wolf_C:construct fight
	Function /Game/NPOTG/Blueprints/Charaktere/wolf.wolf_C:start the fight
	Function /Game/NPOTG/Blueprints/Charaktere/wolf.wolf_C:construct fight
	Function /Game/NPOTG/Blueprints/Charaktere/wolf.wolf_C:start the fight
	Function /Game/NPOTG/Blueprints/Charaktere/wolf.wolf_C:construct fight
	Function /Game/NPOTG/Blueprints/Charaktere/wolf.wolf_C:start the fight
	Function /Game/NPOTG/Blueprints/Charaktere/wolf.wolf_C:construct fight
	Function /Game/NPOTG/Blueprints/Charaktere/wolf.wolf_C:start the fight
	Function /Game/NPOTG/Blueprints/Charaktere/wolf.wolf_C:construct fight
	Function /Game/NPOTG/Blueprints/Charaktere/wolf.wolf_C:start the fight
	Function /Game/NPOTG/Blueprints/Charaktere/wolf.wolf_C:construct fight
	Function /Game/NPOTG/Blueprints/Charaktere/wolf.wolf_C:start the fight
	Function /Game/NPOTG/Blueprints/Charaktere/wolf.wolf_C:construct fight
	Function /Game/NPOTG/Blueprints/Charaktere/wolf.wolf_C:start the fight
	Function /Game/NPOTG/Blueprints/Charaktere/wolf.wolf_C:construct fight
	Function /Game/NPOTG/Blueprints/Charaktere/wolf.wolf_C:start the fight
	Function /Game/NPOTG/Blueprints/Charaktere/wolf.wolf_C:construct fight
	Function /Game/NPOTG/Blueprints/Charaktere/wolf.wolf_C:start the fight
	Function /Game/NPOTG/Blueprints/Charaktere/wolf.wolf_C:construct fight
	Function /Game/NPOTG/Blueprints/Charaktere/wolf.wolf_C:start the fight
	Function /Game/NPOTG/Blueprints/Charaktere/wolf.wolf_C:construct fight
	Function /Game/NPOTG/Blueprints/Charaktere/wolf.wolf_C:start the fight
	Function /Game/NPOTG/Blueprints/Charaktere/wolf.wolf_C:construct fight
	Function /Game/NPOTG/Blueprints/Charaktere/wolf.wolf_C:start the fight
	Function /Game/NPOTG/Blueprints/Charaktere/wolf.wolf_C:construct fight
	Function /Game/NPOTG/Blueprints/Charaktere/wolf.wolf_C:start the fight
	Function /Game/NPOTG/Blueprints/Charaktere/wolf.wolf_C:construct fight
	Function /Game/NPOTG/Blueprints/Charaktere/wolf.wolf_C:start the fight
	Function /Game/NPOTG/Blueprints/Charaktere/wolf.wolf_C:construct fight
	Function /Game/NPOTG/Blueprints/Charaktere/wolf.wolf_C:start the fight
	Function /Game/NPOTG/Blueprints/Charaktere/wolf.wolf_C:construct fight
	Function /Game/NPOTG/Blueprints/Charaktere/wolf.wolf_C:start the fight
	Function /Game/NPOTG/Blueprints/Charaktere/wolf.wolf_C:construct fight
	Function /Game/NPOTG/Blueprints/Charaktere/wolf.wolf_C:start the fight
	Function /Game/NPOTG/Blueprints/Charaktere/wolf.wolf_C:construct fight
	Function /Game/NPOTG/Blueprints/Charaktere/wolf.wolf_C:start the fight
	Function /Game/NPOTG/Blueprints/Charaktere/wolf.wolf_C:construct fight
	Function /Game/NPOTG/Blueprints/Charaktere/wolf.wolf_C:start the fight
	Function /Game/NPOTG/Blueprints/Charaktere/wolf.wolf_C:construct fight
	Function /Game/NPOTG/Blueprints/Charaktere/wolf.wolf_C:start the fight
	Function /Game/NPOTG/Blueprints/Charaktere/wolf.wolf_C:construct fight
	Function /Game/NPOTG/Blueprints/Charaktere/wolf.wolf_C:start the fight
	Function /Game/NPOTG/Blueprints/Charaktere/wolf.wolf_C:construct fight
	Function /Game/NPOTG/Blueprints/Charaktere/wolf.wolf_C:start the fight
	Function /Game/NPOTG/Blueprints/Charaktere/wolf.wolf_C:construct fight
	Function /Game/NPOTG/Blueprints/Charaktere/wolf.wolf_C:start the fight
	Function /Game/NPOTG/Blueprints/Charaktere/wolf.wolf_C:construct fight
	Function /Game/NPOTG/Blueprints/Charaktere/wolf.wolf_C:start the fight
	Function /Game/NPOTG/Blueprints/Charaktere/wolf.wolf_C:construct fight
	Function /Game/NPOTG/Blueprints/Charaktere/wolf.wolf_C:start the fight
	Function /Game/NPOTG/Blueprints/Charaktere/wolf.wolf_C:construct fight
	Function /Game/NPOTG/Blueprints/Charaktere/wolf.wolf_C:start the fight
	Function /Game/NPOTG/Blueprints/Charaktere/wolf.wolf_C:construct fight
	Function /Game/NPOTG/Blueprints/Charaktere/wolf.wolf_C:start the fight
	Function /Game/NPOTG/Blueprints/Charaktere/wolf.wolf_C:construct fight
	Function /Game/NPOTG/Blueprints/Charaktere/wolf.wolf_C:start the fight
	Function /Game/NPOTG/Blueprints/Charaktere/wolf.wolf_C:construct fight
	Function /Game/NPOTG/Blueprints/Charaktere/wolf.wolf_C:start the fight
	Function /Game/NPOTG/Blueprints/Charaktere/wolf.wolf_C:construct fight
	Function /Game/NPOTG/Blueprints/Charaktere/wolf.wolf_C:start the fight
	Function /Game/NPOTG/Blueprints/Charaktere/wolf.wolf_C:construct fight
	Function /Game/NPOTG/Blueprints/Charaktere/wolf.wolf_C:start the fight
	Function /Game/NPOTG/Blueprints/Charaktere/wolf.wolf_C:construct fight
	Function /Game/NPOTG/Blueprints/Charaktere/wolf.wolf_C:start the fight
	Function /Game/NPOTG/Blueprints/Charaktere/wolf.wolf_C:construct fight
	Function /Game/NPOTG/Blueprints/Charaktere/wolf.wolf_C:start the fight
	Function /Game/NPOTG/Blueprints/Charaktere/wolf.wolf_C:construct fight
	Function /Game/NPOTG/Blueprints/Charaktere/wolf.wolf_C:start the fight
	Function /Game/NPOTG/Blueprints/Charaktere/wolf.wolf_C:construct fight
	Function /Game/NPOTG/Blueprints/Charaktere/wolf.wolf_C:start the fight
	Function /Game/NPOTG/Blueprints/Charaktere/wolf.wolf_C:construct fight
	Function /Game/NPOTG/Blueprints/Charaktere/wolf.wolf_C:start the fight
	Function /Game/NPOTG/Blueprints/Charaktere/wolf.wolf_C:construct fight
	Function /Game/NPOTG/Blueprints/Charaktere/wolf.wolf_C:start the fight
	Function /Game/NPOTG/Blueprints/Charaktere/wolf.wolf_C:construct fight
	Function /Game/NPOTG/Blueprints/Charaktere/wolf.wolf_C:start the fight
	Function /Game/NPOTG/Blueprints/Charaktere/wolf.wolf_C:construct fight
	Function /Game/NPOTG/Blueprints/Charaktere/wolf.wolf_C:start the fight
	Function /Game/NPOTG/Blueprints/Charaktere/wolf.wolf_C:construct fight
	Function /Game/NPOTG/Blueprints/Charaktere/wolf.wolf_C:start the fight
	Function /Game/NPOTG/Blueprints/Charaktere/wolf.wolf_C:construct fight
	Function /Game/NPOTG/Blueprints/Charaktere/wolf.wolf_C:start the fight
	Function /Game/NPOTG/Blueprints/Charaktere/wolf.wolf_C:construct fight
	Function /Game/NPOTG/Blueprints/Charaktere/wolf.wolf_C:start the fight
	Function /Game/NPOTG/Blueprints/Charaktere/wolf.wolf_C:construct fight
	Function /Game/NPOTG/Blueprints/Charaktere/wolf.wolf_C:start the fight
	Function /Game/NPOTG/Blueprints/Charaktere/wolf.wolf_C:construct fight
	Function /Game/NPOTG/Blueprints/Charaktere/wolf.wolf_C:start the fight
	Function /Game/NPOTG/Blueprints/Charaktere/wolf.wolf_C:construct fight
	Function /Game/NPOTG/Blueprints/Charaktere/wolf.wolf_C:start the fight
	Function /Game/NPOTG/Blueprints/Charaktere/wolf.wolf_C:construct fight
	Function /Game/NPOTG/Blueprints/Charaktere/wolf.wolf_C:start the fight
	Function /Game/NPOTG/Blueprints/Charaktere/wolf.wolf_C:construct fight
	Function /Game/NPOTG/Blueprints/Charaktere/wolf.wolf_C:start the fight
	Function /Game/NPOTG/Blueprints/Charaktere/wolf.wolf_C:construct fight
	Function /Game/NPOTG/Blueprints/Charaktere/wolf.wolf_C:start the fight
	Function /Game/NPOTG/Blueprints/Charaktere/wolf.wolf_C:construct fight
	Function /Game/NPOTG/Blueprints/Charaktere/wolf.wolf_C:start the fight
	Function /Game/NPOTG/Blueprints/Charaktere/wolf.wolf_C:construct fight
	Function /Game/NPOTG/Blueprints/Charaktere/wolf.wolf_C:start the fight
	Function /Game/NPOTG/Blueprints/Charaktere/wolf.wolf_C:construct fight
	Function /Game/NPOTG/Blueprints/Charaktere/wolf.wolf_C:start the fight
	Function /Game/NPOTG/Blueprints/Charaktere/wolf.wolf_C:construct fight
	Function /Game/NPOTG/Blueprints/Charaktere/wolf.wolf_C:start the fight
	Function /Game/NPOTG/Blueprints/Charaktere/wolf.wolf_C:construct fight
	Function /Game/NPOTG/Blueprints/Charaktere/wolf.wolf_C:start the fight
	Function /Game/NPOTG/Blueprints/Charaktere/wolf.wolf_C:construct fight
	Function /Game/NPOTG/Blueprints/Charaktere/wolf.wolf_C:start the fight
	Function /Game/NPOTG/Blueprints/Charaktere/wolf.wolf_C:construct fight
	Function /Game/NPOTG/Blueprints/Charaktere/wolf.wolf_C:start the fight
	Function /Game/NPOTG/Blueprints/Charaktere/wolf.wolf_C:construct fight
	Function /Game/NPOTG/Blueprints/Charaktere/wolf.wolf_C:start the fight
	Function /Game/NPOTG/Blueprints/Charaktere/wolf.wolf_C:construct fight
	Function /Game/NPOTG/Blueprints/Charaktere/wolf.wolf_C:start the fight
	Function /Game/NPOTG/Blueprints/Charaktere/wolf.wolf_C:construct fight
	Function /Game/NPOTG/Blueprints/Charaktere/wolf.wolf_C:start the fight
	Function /Game/NPOTG/Blueprints/Charaktere/wolf.wolf_C:construct fight
	Function /Game/NPOTG/Blueprints/Charaktere/wolf.wolf_C:start the fight
	Function /Game/NPOTG/Blueprints/Charaktere/wolf.wolf_C:construct fight
	Function /Game/NPOTG/Blueprints/Charaktere/wolf.wolf_C:start the fight
	Function /Game/NPOTG/Blueprints/Charaktere/wolf.wolf_C:construct fight
	Function /Game/NPOTG/Blueprints/Charaktere/wolf.wolf_C:start the fight
	Function /Game/NPOTG/Blueprints/Charaktere/wolf.wolf_C:construct fight
	Function /Game/NPOTG/Blueprints/Charaktere/wolf.wolf_C:start the fight
	Function /Game/NPOTG/Blueprints/Charaktere/wolf.wolf_C:construct fight
	Function /Game/NPOTG/Blueprints/Charaktere/wolf.wolf_C:start the fight
	Function /Game/NPOTG/Blueprints/Charaktere/wolf.wolf_C:construct fight
	Function /Game/NPOTG/Blueprints/Charaktere/wolf.wolf_C:start the fight
	Function /Game/NPOTG/Blueprints/Charaktere/wolf.wolf_C:construct fight
	Function /Game/NPOTG/Blueprints/Charaktere/wolf.wolf_C:start the fight
	Function /Game/NPOTG/Blueprints/Charaktere/wolf.wolf_C:construct fight
	Function /Game/NPOTG/Blueprints/Charaktere/wolf.wolf_C:start the fight
	Function /Game/NPOTG/Blueprints/Charaktere/wolf.wolf_C:construct fight
	Function /Game/NPOTG/Blueprints/Charaktere/wolf.wolf_C:start the fight
	Function /Game/NPOTG/Blueprints/Charaktere/wolf.wolf_C:construct fight
	Function /Game/NPOTG/Blueprints/Charaktere/wolf.wolf_C:start the fight
	Function /Game/NPOTG/Blueprints/Charaktere/wolf.wolf_C:construct fight
	Function /Game/NPOTG/Blueprints/Charaktere/wolf.wolf_C:start the fight
	Function /Game/NPOTG/Blueprints/Charaktere/wolf.wolf_C:construct fight
	Function /Game/NPOTG/Blueprints/Charaktere/wolf.wolf_C:start the fight
	Function /Game/NPOTG/Blueprints/Charaktere/wolf.wolf_C:construct fight
	Function /Game/NPOTG/Blueprints/Charaktere/wolf.wolf_C:start the fight
	Function /Game/NPOTG/Blueprints/Charaktere/wolf.wolf_C:construct fight
	Function /Game/NPOTG/Blueprints/Charaktere/wolf.wolf_C:start the fight
	Function /Game/NPOTG/Blueprints/Charaktere/wolf.wolf_C:construct fight
	Function /Game/NPOTG/Blueprints/Charaktere/wolf.wolf_C:start the fight
	Function /Game/NPOTG/Blueprints/Charaktere/wolf.wolf_C:construct fight
	Function /Game/NPOTG/Blueprints/Charaktere/wolf.wolf_C:start the fight
	Function /Game/NPOTG/Blueprints/Charaktere/wolf.wolf_C:construct fight
	Function /Game/NPOTG/Blueprints/Charaktere/wolf.wolf_C:start the fight
	Function /Game/NPOTG/Blueprints/Charaktere/wolf.wolf_C:construct fight
	Function /Game/NPOTG/Blueprints/Charaktere/wolf.wolf_C:start the fight
	Function /Game/NPOTG/Blueprints/Charaktere/wolf.wolf_C:construct fight
	Function /Game/NPOTG/Blueprints/Charaktere/wolf.wolf_C:start the fight
	Function /Game/NPOTG/Blueprints/Charaktere/wolf.wolf_C:construct fight
	Function /Game/NPOTG/Blueprints/Charaktere/wolf.wolf_C:start the fight
	Function /Game/NPOTG/Blueprints/Charaktere/wolf.wolf_C:construct fight
	Function /Game/NPOTG/Blueprints/Charaktere/wolf.wolf_C:start the fight
	Function /Game/NPOTG/Blueprints/Charaktere/wolf.wolf_C:construct fight
	Function /Game/NPOTG/Blueprints/Charaktere/wolf.wolf_C:start the fight
	Function /Game/NPOTG/Blueprints/Charaktere/wolf.wolf_C:construct fight
	Function /Game/NPOTG/Blueprints/Charaktere/wolf.wolf_C:start the fight
	Function /Game/NPOTG/Blueprints/Charaktere/wolf.wolf_C:construct fight
	Function /Game/NPOTG/Blueprints/Charaktere/wolf.wolf_C:start the fight
	Function /Game/NPOTG/Blueprints/Charaktere/wolf.wolf_C:construct fight
	Function /Game/NPOTG/Blueprints/Charaktere/wolf.wolf_C:start the fight
	Function /Game/NPOTG/Blueprints/Charaktere/wolf.wolf_C:construct fight
	Function /Game/NPOTG/Blueprints/Charaktere/wolf.wolf_C:start the fight
	Function /Game/NPOTG/Blueprints/Charaktere/wolf.wolf_C:construct fight
	Function /Game/NPOTG/Blueprints/Charaktere/wolf.wolf_C:start the fight
	Function /Game/NPOTG/Blueprints/Charaktere/wolf.wolf_C:construct fight
	Function /Game/NPOTG/Blueprints/Charaktere/wolf.wolf_C:start the fight
	Function /Game/NPOTG/Blueprints/Charaktere/wolf.wolf_C:construct fight
	Function /Game/NPOTG/Blueprints/Charaktere/wolf.wolf_C:start the fight
	Function /Game/NPOTG/Blueprints/Charaktere/wolf.wolf_C:construct fight
	Function /Game/NPOTG/Blueprints/Charaktere/wolf.wolf_C:start the fight
	Function /Game/NPOTG/Blueprints/Charaktere/wolf.wolf_C:construct fight
	Function /Game/NPOTG/Blueprints/Charaktere/wolf.wolf_C:start the fight
	Function /Game/NPOTG/Blueprints/Charaktere/wolf.wolf_C:construct fight
	Function /Game/NPOTG/Blueprints/Charaktere/wolf.wolf_C:start the fight
	Function /Game/NPOTG/Blueprints/Charaktere/wolf.wolf_C:construct fight
	Function /Game/NPOTG/Blueprints/Charaktere/wolf.wolf_C:start the fight
	Function /Game/NPOTG/Blueprints/Charaktere/wolf.wolf_C:construct fight
	Function /Game/NPOTG/Blueprints/Charaktere/wolf.wolf_C:start the fight
	Function /Game/NPOTG/Blueprints/Charaktere/wolf.wolf_C:construct fight
	Function /Game/NPOTG/Blueprints/Charaktere/wolf.wolf_C:start the fight
	Function /Game/NPOTG/Blueprints/Charaktere/wolf.wolf_C:construct fight
	Function /Game/NPOTG/Blueprints/Charaktere/wolf.wolf_C:start the fight
	Function /Game/NPOTG/Blueprints/Charaktere/wolf.wolf_C:construct fight
	Function /Game/NPOTG/Blueprints/Charaktere/wolf.wolf_C:start the fight
	Function /Game/NPOTG/Blueprints/Charaktere/wolf.wolf_C:construct fight
	Function /Game/NPOTG/Blueprints/Charaktere/wolf.wolf_C:start the fight
	Function /Game/NPOTG/Blueprints/Charaktere/wolf.wolf_C:construct fight
	Function /Game/NPOTG/Blueprints/Charaktere/wolf.wolf_C:start the fight
	Function /Game/NPOTG/Blueprints/Charaktere/wolf.wolf_C:construct fight
	Function /Game/NPOTG/Blueprints/Charaktere/wolf.wolf_C:start the fight
	Function /Game/NPOTG/Blueprints/Charaktere/wolf.wolf_C:construct fight
	Function /Game/NPOTG/Blueprints/Charaktere/wolf.wolf_C:start the fight
	Function /Game/NPOTG/Blueprints/Charaktere/wolf.wolf_C:construct fight
	Function /Game/NPOTG/Blueprints/Charaktere/wolf.wolf_C:start the fight
	Function /Game/NPOTG/Blueprints/Charaktere/wolf.wolf_C:construct fight
	Function /Game/NPOTG/Blueprints/Charaktere/wolf.wolf_C:start the fight
	Function /Game/NPOTG/Blueprints/Charaktere/wolf.wolf_C:construct fight
	Function /Game/NPOTG/Blueprints/Charaktere/wolf.wolf_C:start the fight
	Function /Game/NPOTG/Blueprints/Charaktere/wolf.wolf_C:construct fight
	Function /Game/NPOTG/Blueprints/Charaktere/wolf.wolf_C:start the fight
	Function /Game/NPOTG/Blueprints/Charaktere/wolf.wolf_C:construct fight
	Function /Game/NPOTG/Blueprints/Charaktere/wolf.wolf_C:start the fight
	Function /Game/NPOTG/Blueprints/Charaktere/wolf.wolf_C:construct fight
	Function /Game/NPOTG/Blueprints/Charaktere/wolf.wolf_C:start the fight
	Function /Game/NPOTG/Blueprints/Charaktere/wolf.wolf_C:construct fight
	Function /Game/NPOTG/Blueprints/Charaktere/wolf.wolf_C:start the fight
	Function /Game/NPOTG/Blueprints/Charaktere/wolf.wolf_C:construct fight
	Function /Game/NPOTG/Blueprints/Charaktere/wolf.wolf_C:start the fight
	Function /Game/NPOTG/Blueprints/Charaktere/wolf.wolf_C:construct fight
	Function /Game/NPOTG/Blueprints/Charaktere/wolf.wolf_C:start the fight
	Function /Game/NPOTG/Blueprints/Charaktere/wolf.wolf_C:construct fight
	Function /Game/NPOTG/Blueprints/Charaktere/wolf.wolf_C:start the fight
	Function /Game/NPOTG/Blueprints/Charaktere/wolf.wolf_C:construct fight
	Function /Game/NPOTG/Blueprints/Charaktere/wolf.wolf_C:start the fight
	Function /Game/NPOTG/Blueprints/Charaktere/wolf.wolf_C:construct fight
	Function /Game/NPOTG/Blueprints/Charaktere/wolf.wolf_C:start the fight
	Function /Game/NPOTG/Blueprints/Charaktere/wolf.wolf_C:construct fight
	Function /Game/NPOTG/Blueprints/Charaktere/wolf.wolf_C:start the fight
	Function /Game/NPOTG/Blueprints/Charaktere/wolf.wolf_C:construct fight
	Function /Game/NPOTG/Blueprints/Charaktere/wolf.wolf_C:start the fight
	Function /Game/NPOTG/Blueprints/Charaktere/wolf.wolf_C:construct fight
	Function /Game/NPOTG/Blueprints/Charaktere/wolf.wolf_C:start the fight
	Function /Game/NPOTG/Blueprints/Charaktere/wolf.wolf_C:construct fight

[2015.09.23-17.32.19:706][588]LogScript:Warning: Infinite script recursion (250 calls) detected
	wolf_C /Temp/Autosaves/Game/NPOTG/Maps/UEDPCTesting_Level.Testing_Level:PersistentLevel.wolf_C_13
	Function /Game/NPOTG/Blueprints/Charaktere/wolf.wolf_C:construct fight:0000
[2015.09.23-17.32.19:719][589]LogBlueprintUserMessages: 9.838709
[2015.09.23-17.32.19:719][589]LogBlueprintUserMessages: PRINT
[2015.09.23-17.32.19:735][590]LogBlueprintUserMessages: 9.758063
[2015.09.23-17.32.19:735][590]LogBlueprintUserMessages: PRINT
[2015.09.23-17.32.19:751][591]LogBlueprintUserMessages: 9.677418
[2015.09.23-17.32.19:751][591]LogBlueprintUserMessages: PRINT
[2015.09.23-17.32.19:767][592]LogBlueprintUserMessages: 9.596772
[2015.09.23-17.32.19:767][592]LogBlueprintUserMessages: PRINT
[2015.09.23-17.32.19:783][593]LogBlueprintUserMessages: 9.516127
[2015.09.23-17.32.19:784][593]LogBlueprintUserMessages: PRINT
[2015.09.23-17.32.19:799][594]LogBlueprintUserMessages: 9.435481
[2015.09.23-17.32.19:799][594]LogBlueprintUserMessages: PRINT
[2015.09.23-17.32.19:815][595]LogBlueprintUserMessages: 9.354836
[2015.09.23-17.32.19:815][595]LogBlueprintUserMessages: PRINT
[2015.09.23-17.32.19:832][596]LogBlueprintUserMessages: 9.27419
[2015.09.23-17.32.19:832][596]LogBlueprintUserMessages: PRINT
[2015.09.23-17.32.19:848][597]LogBlueprintUserMessages: 9.193544
[2015.09.23-17.32.19:848][597]LogBlueprintUserMessages: PRINT
[2015.09.23-17.32.19:865][598]LogBlueprintUserMessages: 9.112899
[2015.09.23-17.32.19:865][598]LogBlueprintUserMessages: PRINT
[2015.09.23-17.32.19:881][599]LogBlueprintUserMessages: 9.032253
[2015.09.23-17.32.19:881][599]LogBlueprintUserMessages: PRINT
[2015.09.23-17.32.19:897][600]LogBlueprintUserMessages: 8.951608
[2015.09.23-17.32.19:897][600]LogBlueprintUserMessages: PRINT
[2015.09.23-17.32.19:912][601]LogBlueprintUserMessages: 8.870962
[2015.09.23-17.32.19:912][601]LogBlueprintUserMessages: PRINT
[2015.09.23-17.32.19:928][602]LogBlueprintUserMessages: 8.790317
[2015.09.23-17.32.19:929][602]LogBlueprintUserMessages: PRINT
[2015.09.23-17.32.19:945][603]LogBlueprintUserMessages: 8.709671
[2015.09.23-17.32.19:945][603]LogBlueprintUserMessages: PRINT
[2015.09.23-17.32.19:961][604]LogBlueprintUserMessages: 8.629025
[2015.09.23-17.32.19:961][604]LogBlueprintUserMessages: PRINT
[2015.09.23-17.32.19:977][605]LogBlueprintUserMessages: 8.54838
[2015.09.23-17.32.19:977][605]LogBlueprintUserMessages: PRINT
[2015.09.23-17.32.19:993][606]LogBlueprintUserMessages: 8.467734
[2015.09.23-17.32.19:994][606]LogBlueprintUserMessages: PRINT
[2015.09.23-17.32.20:010][607]LogBlueprintUserMessages: 8.387089
[2015.09.23-17.32.20:010][607]LogBlueprintUserMessages: PRINT
[2015.09.23-17.32.20:025][608]LogBlueprintUserMessages: 8.306443
[2015.09.23-17.32.20:025][608]LogBlueprintUserMessages: PRINT
[2015.09.23-17.32.20:042][609]LogBlueprintUserMessages: 8.225798
[2015.09.23-17.32.20:042][609]LogBlueprintUserMessages: PRINT
[2015.09.23-17.32.20:058][610]LogBlueprintUserMessages: 8.145152
[2015.09.23-17.32.20:058][610]LogBlueprintUserMessages: PRINT
[2015.09.23-17.32.20:074][611]LogBlueprintUserMessages: 8.064507
[2015.09.23-17.32.20:074][611]LogBlueprintUserMessages: PRINT
[2015.09.23-17.32.20:090][612]LogBlueprintUserMessages: 7.98386
[2015.09.23-17.32.20:090][612]LogBlueprintUserMessages: PRINT
[2015.09.23-17.32.20:106][613]LogBlueprintUserMessages: 7.903214
[2015.09.23-17.32.20:106][613]LogBlueprintUserMessages: PRINT
[2015.09.23-17.32.20:123][614]LogBlueprintUserMessages: 7.822568
[2015.09.23-17.32.20:123][614]LogBlueprintUserMessages: PRINT
[2015.09.23-17.32.20:138][615]LogBlueprintUserMessages: 7.741922
[2015.09.23-17.32.20:138][615]LogBlueprintUserMessages: PRINT
[2015.09.23-17.32.20:155][616]LogBlueprintUserMessages: 7.661276
[2015.09.23-17.32.20:155][616]LogBlueprintUserMessages: PRINT
[2015.09.23-17.32.20:170][617]LogBlueprintUserMessages: 7.58063
[2015.09.23-17.32.20:170][617]LogBlueprintUserMessages: PRINT
[2015.09.23-17.32.20:186][618]LogBlueprintUserMessages: 7.499984
[2015.09.23-17.32.20:187][618]LogBlueprintUserMessages: PRINT
[2015.09.23-17.32.20:203][619]LogBlueprintUserMessages: 7.419338
[2015.09.23-17.32.20:203][619]LogBlueprintUserMessages: PRINT
[2015.09.23-17.32.20:220][620]LogBlueprintUserMessages: 7.338692
[2015.09.23-17.32.20:220][620]LogBlueprintUserMessages: PRINT
[2015.09.23-17.32.20:236][621]LogBlueprintUserMessages: 7.258046
[2015.09.23-17.32.20:236][621]LogBlueprintUserMessages: PRINT
[2015.09.23-17.32.20:252][622]LogBlueprintUserMessages: 7.177385
[2015.09.23-17.32.20:252][622]LogBlueprintUserMessages: PRINT
[2015.09.23-17.32.20:268][623]LogBlueprintUserMessages: 7.096746
[2015.09.23-17.32.20:268][623]LogBlueprintUserMessages: PRINT
[2015.09.23-17.32.20:284][624]LogBlueprintUserMessages: 7.0161
[2015.09.23-17.32.20:284][624]LogBlueprintUserMessages: PRINT
[2015.09.23-17.32.20:299][625]LogBlueprintUserMessages: 6.935454
[2015.09.23-17.32.20:299][625]LogBlueprintUserMessages: PRINT
[2015.09.23-17.32.20:316][626]LogBlueprintUserMessages: 6.854808
[2015.09.23-17.32.20:316][626]LogBlueprintUserMessages: PRINT
[2015.09.23-17.32.20:332][627]LogBlueprintUserMessages: 6.774162
[2015.09.23-17.32.20:332][627]LogBlueprintUserMessages: PRINT
[2015.09.23-17.32.20:349][628]LogBlueprintUserMessages: 6.693516
[2015.09.23-17.32.20:349][628]LogBlueprintUserMessages: PRINT
[2015.09.23-17.32.20:365][629]LogBlueprintUserMessages: 6.61287
[2015.09.23-17.32.20:365][629]LogBlueprintUserMessages: PRINT
[2015.09.23-17.32.20:381][630]LogBlueprintUserMessages: 6.532224
[2015.09.23-17.32.20:381][630]LogBlueprintUserMessages: PRINT
[2015.09.23-17.32.20:397][631]LogBlueprintUserMessages: 6.451578
[2015.09.23-17.32.20:397][631]LogBlueprintUserMessages: PRINT
[2015.09.23-17.32.20:413][632]LogBlueprintUserMessages: 6.370932
[2015.09.23-17.32.20:413][632]LogBlueprintUserMessages: PRINT
[2015.09.23-17.32.20:429][633]LogBlueprintUserMessages: 6.290286
[2015.09.23-17.32.20:429][633]LogBlueprintUserMessages: PRINT
[2015.09.23-17.32.20:445][634]LogBlueprintUserMessages: 6.20964
[2015.09.23-17.32.20:445][634]LogBlueprintUserMessages: PRINT
[2015.09.23-17.32.20:461][635]LogBlueprintUserMessages: 6.128994
[2015.09.23-17.32.20:461][635]LogBlueprintUserMessages: PRINT
[2015.09.23-17.32.20:477][636]LogBlueprintUserMessages: 6.048348
[2015.09.23-17.32.20:477][636]LogBlueprintUserMessages: PRINT
[2015.09.23-17.32.20:493][637]LogBlueprintUserMessages: 5.967702
[2015.09.23-17.32.20:493][637]LogBlueprintUserMessages: PRINT
[2015.09.23-17.32.20:510][638]LogBlueprintUserMessages: 5.887056
[2015.09.23-17.32.20:510][638]LogBlueprintUserMessages: PRINT
[2015.09.23-17.32.20:525][639]LogBlueprintUserMessages: 5.80641
[2015.09.23-17.32.20:525][639]LogBlueprintUserMessages: PRINT
[2015.09.23-17.32.20:542][640]LogBlueprintUserMessages: 5.725764
[2015.09.23-17.32.20:542][640]LogBlueprintUserMessages: PRINT
[2015.09.23-17.32.20:557][641]LogBlueprintUserMessages: 5.645118
[2015.09.23-17.32.20:557][641]LogBlueprintUserMessages: PRINT
[2015.09.23-17.32.20:574][642]LogBlueprintUserMessages: 5.564472
[2015.09.23-17.32.20:574][642]LogBlueprintUserMessages: PRINT
[2015.09.23-17.32.20:590][643]LogBlueprintUserMessages: 5.483826
[2015.09.23-17.32.20:590][643]LogBlueprintUserMessages: PRINT
[2015.09.23-17.32.20:606][644]LogBlueprintUserMessages: 5.40318
[2015.09.23-17.32.20:606][644]LogBlueprintUserMessages: PRINT
[2015.09.23-17.32.20:622][645]LogBlueprintUserMessages: 5.322534
[2015.09.23-17.32.20:623][645]LogBlueprintUserMessages: PRINT
[2015.09.23-17.32.20:639][646]LogBlueprintUserMessages: 5.241888
[2015.09.23-17.32.20:639][646]LogBlueprintUserMessages: PRINT
[2015.09.23-17.32.20:654][647]LogBlueprintUserMessages: 5.161242
[2015.09.23-17.32.20:654][647]LogBlueprintUserMessages: PRINT
[2015.09.23-17.32.20:670][648]LogBlueprintUserMessages: 5.080595
[2015.09.23-17.32.20:670][648]LogBlueprintUserMessages: PRINT
[2015.09.23-17.32.20:687][649]LogBlueprintUserMessages: 4.999949
[2015.09.23-17.32.20:687][649]LogBlueprintUserMessages: PRINT
[2015.09.23-17.32.20:703][650]LogBlueprintUserMessages: 4.919303
[2015.09.23-17.32.20:703][650]LogBlueprintUserMessages: PRINT
[2015.09.23-17.32.20:719][651]LogBlueprintUserMessages: 4.838657
[2015.09.23-17.32.20:719][651]LogBlueprintUserMessages: PRINT
[2015.09.23-17.32.20:735][652]LogBlueprintUserMessages: 4.758011
[2015.09.23-17.32.20:735][652]LogBlueprintUserMessages: PRINT
[2015.09.23-17.32.20:751][653]LogBlueprintUserMessages: 4.677365
[2015.09.23-17.32.20:751][653]LogBlueprintUserMessages: PRINT
[2015.09.23-17.32.20:768][654]LogBlueprintUserMessages: 4.596719
[2015.09.23-17.32.20:768][654]LogBlueprintUserMessages: PRINT
[2015.09.23-17.32.20:784][655]LogBlueprintUserMessages: 4.516073
[2015.09.23-17.32.20:784][655]LogBlueprintUserMessages: PRINT
[2015.09.23-17.32.20:800][656]LogBlueprintUserMessages: 4.435427
[2015.09.23-17.32.20:800][656]LogBlueprintUserMessages: PRINT
[2015.09.23-17.32.20:816][657]LogBlueprintUserMessages: 4.354781
[2015.09.23-17.32.20:816][657]LogBlueprintUserMessages: PRINT
[2015.09.23-17.32.20:832][658]LogBlueprintUserMessages: 4.274135
[2015.09.23-17.32.20:832][658]LogBlueprintUserMessages: PRINT
[2015.09.23-17.32.20:848][659]LogBlueprintUserMessages: 4.193489
[2015.09.23-17.32.20:848][659]LogBlueprintUserMessages: PRINT
[2015.09.23-17.32.20:865][660]LogBlueprintUserMessages: 4.112843
[2015.09.23-17.32.20:865][660]LogBlueprintUserMessages: PRINT
[2015.09.23-17.32.20:881][661]LogBlueprintUserMessages: 4.032194
[2015.09.23-17.32.20:881][661]LogBlueprintUserMessages: PRINT
[2015.09.23-17.32.20:897][662]LogBlueprintUserMessages: 3.95155
[2015.09.23-17.32.20:897][662]LogBlueprintUserMessages: PRINT
[2015.09.23-17.32.20:913][663]LogBlueprintUserMessages: 3.870904
[2015.09.23-17.32.20:913][663]LogBlueprintUserMessages: PRINT
[2015.09.23-17.32.20:929][664]LogBlueprintUserMessages: 3.790258
[2015.09.23-17.32.20:929][664]LogBlueprintUserMessages: PRINT
[2015.09.23-17.32.20:945][665]LogBlueprintUserMessages: 3.709612
[2015.09.23-17.32.20:945][665]LogBlueprintUserMessages: PRINT
[2015.09.23-17.32.20:961][666]LogBlueprintUserMessages: 3.628967
[2015.09.23-17.32.20:961][666]LogBlueprintUserMessages: PRINT
[2015.09.23-17.32.20:977][667]LogBlueprintUserMessages: 3.548321
[2015.09.23-17.32.20:977][667]LogBlueprintUserMessages: PRINT
[2015.09.23-17.32.20:993][668]LogBlueprintUserMessages: 3.467675
[2015.09.23-17.32.20:993][668]LogBlueprintUserMessages: PRINT
[2015.09.23-17.32.21:009][669]LogBlueprintUserMessages: 3.387029
[2015.09.23-17.32.21:010][669]LogBlueprintUserMessages: PRINT
[2015.09.23-17.32.21:025][670]LogBlueprintUserMessages: 3.306383
[2015.09.23-17.32.21:026][670]LogBlueprintUserMessages: PRINT
[2015.09.23-17.32.21:042][671]LogBlueprintUserMessages: 3.225738
[2015.09.23-17.32.21:042][671]LogBlueprintUserMessages: PRINT
[2015.09.23-17.32.21:058][672]LogBlueprintUserMessages: 3.145092
[2015.09.23-17.32.21:058][672]LogBlueprintUserMessages: PRINT
[2015.09.23-17.32.21:074][673]LogBlueprintUserMessages: 3.064446
[2015.09.23-17.32.21:074][673]LogBlueprintUserMessages: PRINT
[2015.09.23-17.32.21:091][674]LogBlueprintUserMessages: 2.9838
[2015.09.23-17.32.21:091][674]LogBlueprintUserMessages: PRINT
[2015.09.23-17.32.21:107][675]LogBlueprintUserMessages: 2.903154
[2015.09.23-17.32.21:107][675]LogBlueprintUserMessages: PRINT
[2015.09.23-17.32.21:123][676]LogBlueprintUserMessages: 2.822509
[2015.09.23-17.32.21:123][676]LogBlueprintUserMessages: PRINT
[2015.09.23-17.32.21:139][677]LogBlueprintUserMessages: 2.741863
[2015.09.23-17.32.21:139][677]LogBlueprintUserMessages: PRINT
[2015.09.23-17.32.21:154][678]LogBlueprintUserMessages: 2.661217
[2015.09.23-17.32.21:154][678]LogBlueprintUserMessages: PRINT
[2015.09.23-17.32.21:170][679]LogBlueprintUserMessages: 2.580571
[2015.09.23-17.32.21:170][679]LogBlueprintUserMessages: PRINT
[2015.09.23-17.32.21:187][680]LogBlueprintUserMessages: 2.499882
[2015.09.23-17.32.21:187][680]LogBlueprintUserMessages: PRINT
[2015.09.23-17.32.21:204][681]LogBlueprintUserMessages: 2.419258
[2015.09.23-17.32.21:204][681]LogBlueprintUserMessages: PRINT
[2015.09.23-17.32.21:220][682]LogBlueprintUserMessages: zukasdfuikfsfgiHFIGASIDILUgqregfFEWERFARG
[2015.09.23-17.32.21:220][682]LogBlueprintUserMessages: true
[2015.09.23-17.32.21:220][682]LogBlueprintUserMessages: false
[2015.09.23-17.32.21:220][682]LogBlueprintUserMessages: verloren
[2015.09.23-17.32.21:220][682]Closing by request
[2015.09.23-17.32.21:220][682]LogWindows: FPlatformMisc::RequestExit(0)
[2015.09.23-17.32.21:936][683]LogWindowsTextInputMethodSystem:Display: IME system now deactivated.
[2015.09.23-17.32.21:937][683]LogWindowsTextInputMethodSystem:Display: IME system now deactivated.
[2015.09.23-17.32.21:943][683]LogExit: Preparing to exit.
[2015.09.23-17.32.22:067][683]LogExit: Game engine shut down
[2015.09.23-17.32.22:072][683]LogParticles: Destroying 0 GPU particle simulations for FXSystem 0x0000009BC3B64EA0
[2015.09.23-17.32.22:225][683]LogExit: Object subsystem successfully closed.
[2015.09.23-17.32.22:235][683]LogD3D11RHI: Shutdown
[2015.09.23-17.32.22:235][683]LogD3D11RHI: CleanupD3DDevice
[2015.09.23-17.32.22:305][683]LogD3D11RHI: ~FD3D11DynamicRHI
[2015.09.23-17.32.22:317][683]LogModuleManager: Shutting down and abandoning module AndroidDeviceDetection (109)
[2015.09.23-17.32.22:739][683]LogModuleManager: Shutting down and abandoning module AutomationWorker (108)
[2015.09.23-17.32.22:739][683]LogModuleManager: Shutting down and abandoning module CharacterAI (107)
[2015.09.23-17.32.22:739][683]LogModuleManager: Shutting down and abandoning module AITestSuite (106)
[2015.09.23-17.32.22:739][683]LogModuleManager: Shutting down and abandoning module GameplayDebugger (105)
[2015.09.23-17.32.22:739][683]LogModuleManager: Shutting down and abandoning module AIModule (104)
[2015.09.23-17.32.22:739][683]LogModuleManager: Shutting down and abandoning module GameLiveStreaming (103)
[2015.09.23-17.32.22:739][683]LogModuleManager: Shutting down and abandoning module StreamingPauseRendering (102)
[2015.09.23-17.32.22:739][683]LogModuleManager: Shutting down and abandoning module ProfilerService (101)
[2015.09.23-17.32.22:914][683]LogModuleManager: Shutting down and abandoning module TaskGraph (100)
[2015.09.23-17.32.22:914][683]LogModuleManager: Shutting down and abandoning module SlateRemote (99)
[2015.09.23-17.32.22:914][683]LogModuleManager: Shutting down and abandoning module SteamVRController (98)
[2015.09.23-17.32.22:914][683]LogModuleManager: Shutting down and abandoning module SteamVR (97)
[2015.09.23-17.32.22:914][683]LogModuleManager: Shutting down and abandoning module ProceduralMeshComponent (96)
[2015.09.23-17.32.22:914][683]LogModuleManager: Shutting down and abandoning module OculusRift (95)
[2015.09.23-17.32.22:914][683]LogModuleManager: Shutting down and abandoning module LeapMotionController (94)
[2015.09.23-17.32.22:920][683]LogModuleManager: Shutting down and abandoning module CustomMeshComponent (93)
[2015.09.23-17.32.22:920][683]LogModuleManager: Shutting down and abandoning module CableComponent (92)
[2015.09.23-17.32.22:920][683]LogModuleManager: Shutting down and abandoning module DesktopPlatform (91)
[2015.09.23-17.32.22:920][683]LogModuleManager: Shutting down and abandoning module DirectoryWatcher (90)
[2015.09.23-17.32.22:920][683]LogModuleManager: Shutting down and abandoning module HotReload (89)
[2015.09.23-17.32.22:920][683]LogModuleManager: Shutting down and abandoning module VisualStudioSourceCodeAccess (88)
[2015.09.23-17.32.22:920][683]LogModuleManager: Shutting down and abandoning module UObjectPlugin (87)
[2015.09.23-17.32.22:921][683]LogModuleManager: Shutting down and abandoning module SubversionSourceControl (86)
[2015.09.23-17.32.22:921][683]LogModuleManager: Shutting down and abandoning module SourceControl (85)
[2015.09.23-17.32.22:921][683]LogModuleManager: Shutting down and abandoning module PerforceSourceControl (84)
[2015.09.23-17.32.22:921][683]LogModuleManager: Shutting down and abandoning module BlankPlugin (83)
[2015.09.23-17.32.22:921][683]LogModuleManager: Shutting down and abandoning module UdpMessaging (82)
[2015.09.23-17.32.22:921][683]LogModuleManager: Shutting down and abandoning module AssetRegistry (81)
[2015.09.23-17.32.22:921][683]LogModuleManager: Shutting down and abandoning module SubstanceCore (80)
[2015.09.23-17.32.22:921][683]LogModuleManager: Shutting down and abandoning module Paper2D (79)
[2015.09.23-17.32.22:921][683]LogModuleManager: Shutting down and abandoning module WindowsMoviePlayer (78)
[2015.09.23-17.32.22:923][683]LogModuleManager: Shutting down and abandoning module Media (77)
[2015.09.23-17.32.22:923][683]LogModuleManager: Shutting down and abandoning module WmfMedia (76)
[2015.09.23-17.32.22:923][683]LogModuleManager: Shutting down and abandoning module OnlineBlueprintSupport (75)
[2015.09.23-17.32.22:923][683]LogModuleManager: Shutting down and abandoning module PropertyEditor (74)
[2015.09.23-17.32.22:923][683]LogModuleManager: Shutting down and abandoning module BehaviorTreeEditor (73)
[2015.09.23-17.32.22:923][683]LogModuleManager: Shutting down and abandoning module FunctionalTesting (72)
[2015.09.23-17.32.22:923][683]LogModuleManager: Shutting down and abandoning module CollisionAnalyzer (71)
[2015.09.23-17.32.22:923][683]LogModuleManager: Shutting down and abandoning module WorkspaceMenuStructure (70)
[2015.09.23-17.32.22:923][683]LogModuleManager: Shutting down and abandoning module MessageLog (69)
[2015.09.23-17.32.22:923][683]LogModuleManager: Shutting down and abandoning module Sequencer (68)
[2015.09.23-17.32.22:923][683]LogModuleManager: Shutting down and abandoning module AssetTools (67)
[2015.09.23-17.32.22:923][683]LogModuleManager: Shutting down and abandoning module UMGEditor (66)
[2015.09.23-17.32.22:923][683]LogModuleManager: Shutting down and abandoning module UMG (65)
[2015.09.23-17.32.22:923][683]LogModuleManager: Shutting down and abandoning module Slate (64)
[2015.09.23-17.32.22:923][683]LogModuleManager: Shutting down and abandoning module EditorStyle (63)
[2015.09.23-17.32.22:926][683]LogModuleManager: Shutting down and abandoning module SessionServices (62)
[2015.09.23-17.32.22:926][683]LogModuleManager: Shutting down and abandoning module SourceCodeAccess (61)
[2015.09.23-17.32.22:926][683]LogModuleManager: Shutting down and abandoning module HeadMountedDisplay (60)
[2015.09.23-17.32.22:926][683]LogModuleManager: Shutting down and abandoning module XAudio2 (59)
[2015.09.23-17.32.22:926][683]LogModuleManager: Shutting down and abandoning module Networking (57)
[2015.09.23-17.32.22:926][683]LogModuleManager: Shutting down and abandoning module Core (56)
[2015.09.23-17.32.22:926][683]LogModuleManager: Shutting down and abandoning module KismetCompiler (55)
[2015.09.23-17.32.22:926][683]LogModuleManager: Shutting down and abandoning module PhysXFormats (54)
[2015.09.23-17.32.22:926][683]LogModuleManager: Shutting down and abandoning module MeshUtilities (53)
[2015.09.23-17.32.22:926][683]LogModuleManager: Shutting down and abandoning module DerivedDataCache (52)
[2015.09.23-17.32.23:346][683]LogDerivedDataCache: Shutdown
[2015.09.23-17.32.23:346][683]LogModuleManager: Shutting down and abandoning module ShaderFormatOpenGL (51)
[2015.09.23-17.32.23:346][683]LogModuleManager: Shutting down and abandoning module ShaderFormatD3D (50)
[2015.09.23-17.32.23:346][683]LogModuleManager: Shutting down and abandoning module MetalShaderFormat (49)
[2015.09.23-17.32.23:346][683]LogModuleManager: Shutting down and abandoning module TextureFormatUncompressed (48)
[2015.09.23-17.32.23:346][683]LogModuleManager: Shutting down and abandoning module TextureFormatPVR (47)
[2015.09.23-17.32.23:346][683]LogModuleManager: Shutting down and abandoning module TextureFormatIntelISPCTexComp (46)
[2015.09.23-17.32.23:346][683]LogModuleManager: Shutting down and abandoning module TextureFormatDXT (45)
[2015.09.23-17.32.23:346][683]LogModuleManager: Shutting down and abandoning module ImageWrapper (44)
[2015.09.23-17.32.23:346][683]LogModuleManager: Shutting down and abandoning module TextureFormatASTC (43)
[2015.09.23-17.32.23:346][683]LogModuleManager: Shutting down and abandoning module TextureFormatAndroid (42)
[2015.09.23-17.32.23:346][683]LogModuleManager: Shutting down and abandoning module AudioFormatOpus (41)
[2015.09.23-17.32.23:346][683]LogModuleManager: Shutting down and abandoning module AudioFormatOgg (40)
[2015.09.23-17.32.23:346][683]LogModuleManager: Shutting down and abandoning module AudioFormatADPCM (39)
[2015.09.23-17.32.23:346][683]LogModuleManager: Shutting down and abandoning module LinuxTargetPlatform (38)
[2015.09.23-17.32.23:346][683]LogModuleManager: Shutting down and abandoning module LinuxServerTargetPlatform (37)
[2015.09.23-17.32.23:346][683]LogModuleManager: Shutting down and abandoning module LinuxNoEditorTargetPlatform (36)
[2015.09.23-17.32.23:346][683]LogModuleManager: Shutting down and abandoning module Messaging (35)
[2015.09.23-17.32.23:346][683]LogModuleManager: Shutting down and abandoning module IOSTargetPlatform (34)
[2015.09.23-17.32.23:346][683]LogModuleManager: Shutting down and abandoning module HTML5TargetPlatform (33)
[2015.09.23-17.32.23:346][683]LogModuleManager: Shutting down and abandoning module Android_PVRTCTargetPlatform (32)
[2015.09.23-17.32.23:346][683]LogModuleManager: Shutting down and abandoning module Android_ETC2TargetPlatform (31)
[2015.09.23-17.32.23:346][683]LogModuleManager: Shutting down and abandoning module Android_ETC1TargetPlatform (30)
[2015.09.23-17.32.23:346][683]LogModuleManager: Shutting down and abandoning module Android_DXTTargetPlatform (29)
[2015.09.23-17.32.23:346][683]LogModuleManager: Shutting down and abandoning module Android_ATCTargetPlatform (28)
[2015.09.23-17.32.23:346][683]LogModuleManager: Shutting down and abandoning module Android_ASTCTargetPlatform (27)
[2015.09.23-17.32.23:346][683]LogModuleManager: Shutting down and abandoning module AndroidTargetPlatform (26)
[2015.09.23-17.32.23:346][683]LogModuleManager: Shutting down and abandoning module WindowsTargetPlatform (25)
[2015.09.23-17.32.23:346][683]LogModuleManager: Shutting down and abandoning module WindowsServerTargetPlatform (24)
[2015.09.23-17.32.23:346][683]LogModuleManager: Shutting down and abandoning module WindowsNoEditorTargetPlatform (23)
[2015.09.23-17.32.23:346][683]LogModuleManager: Shutting down and abandoning module WindowsClientTargetPlatform (22)
[2015.09.23-17.32.23:346][683]LogModuleManager: Shutting down and abandoning module DesktopTargetPlatform (21)
[2015.09.23-17.32.23:346][683]LogModuleManager: Shutting down and abandoning module TargetPlatform (20)
[2015.09.23-17.32.23:346][683]LogModuleManager: Shutting down and abandoning module InputCore (19)
[2015.09.23-17.32.23:346][683]LogModuleManager: Shutting down and abandoning module Settings (18)
[2015.09.23-17.32.23:346][683]LogModuleManager: Shutting down and abandoning module OnlineSubsystem (16)
[2015.09.23-17.32.23:346][683]LogModuleManager: Shutting down and abandoning module HTTP (15)
[2015.09.23-17.32.23:346][683]LogModuleManager: Shutting down and abandoning module ExampleDeviceProfileSelector (14)
[2015.09.23-17.32.23:346][683]LogModuleManager: Shutting down and abandoning module TextureCompressor (13)
[2015.09.23-17.32.23:346][683]LogModuleManager: Shutting down and abandoning module ShaderCore (12)
[2015.09.23-17.32.23:346][683]LogModuleManager: Shutting down and abandoning module Landscape (11)
[2015.09.23-17.32.23:346][683]LogModuleManager: Shutting down and abandoning module SlateRHIRenderer (10)
[2015.09.23-17.32.23:347][683]LogModuleManager: Shutting down and abandoning module OpenGLDrv (9)
[2015.09.23-17.32.23:347][683]LogModuleManager: Shutting down and abandoning module D3D11RHI (8)
[2015.09.23-17.32.23:347][683]LogModuleManager: Shutting down and abandoning module Renderer (7)
[2015.09.23-17.32.23:347][683]LogModuleManager: Shutting down and abandoning module Engine (6)
[2015.09.23-17.32.23:347][683]LogModuleManager: Shutting down and abandoning module CoreUObject (5)
[2015.09.23-17.32.23:347][683]LogModuleManager: Shutting down and abandoning module NetworkFile (4)
[2015.09.23-17.32.23:347][683]LogModuleManager: Shutting down and abandoning module StreamingFile (3)
[2015.09.23-17.32.23:347][683]LogModuleManager: Shutting down and abandoning module SandboxFile (2)
[2015.09.23-17.32.23:347][683]LogModuleManager: Shutting down and abandoning module PakFile (1)
[2015.09.23-17.32.23:347][683]LogExit: Exiting.
[2015.09.23-17.32.23:349][683]Log file closed, 09/23/15 19:32:23
