[2015.08.30-15.22.22:127][  0]Log file open, 08/30/15 17:22:22
[2015.08.30-15.22.22:127][  0]LogInit:Display: Running engine for game: NotPartofGame
[2015.08.30-15.22.22:127][  0]LogInit:Display: RandInit(522804107) SRandInit(522804108).
[2015.08.30-15.22.22:127][  0]LogTaskGraph: Started task graph with 4 named threads and 7 total threads.
[2015.08.30-15.22.22:127][  0]LogStats: Stats thread started
[2015.08.30-15.22.22:127][  0]LogInit: Version: 4.8.3-2634408+++depot+UE4-Releases+4.8
[2015.08.30-15.22.22:127][  0]LogInit: API Version: 2579680
[2015.08.30-15.22.22:127][  0]LogInit: Compiled (64-bit): Jul 27 2015 16:24:33
[2015.08.30-15.22.22:127][  0]LogInit: Compiled with Visual C++: 18.00.21005.01
[2015.08.30-15.22.22:127][  0]LogInit: Build Configuration: Development
[2015.08.30-15.22.22:127][  0]LogInit: Branch Name: ++depot+UE4-Releases+4.8
[2015.08.30-15.22.22:127][  0]LogInit: Command line:  /Temp/Autosaves/Game/NPOTG/Maps/UEDPCTesting_Level -game -PIEVIACONSOLE -ResX=1280 -ResY=720  -Multiprocess 
[2015.08.30-15.22.22:127][  0]LogInit: Base directory: C:/Users/Bodoo/Documents/Programmieren/4.8/Engine/Binaries/Win64/
[2015.08.30-15.22.22:127][  0]LogInit: Rocket: 1
[2015.08.30-15.22.22:144][  0]LogInit: Using libcurl 7.41.0
[2015.08.30-15.22.22:144][  0]LogInit:  - built for x86_64-pc-win32
[2015.08.30-15.22.22:144][  0]LogInit:  - supports SSL with WinSSL
[2015.08.30-15.22.22:144][  0]LogInit:  - other features:
[2015.08.30-15.22.22:144][  0]LogInit:      CURL_VERSION_SSL
[2015.08.30-15.22.22:144][  0]LogInit:      CURL_VERSION_IPV6
[2015.08.30-15.22.22:144][  0]LogInit:      CURL_VERSION_ASYNCHDNS
[2015.08.30-15.22.22:144][  0]LogInit:      CURL_VERSION_LARGEFILE
[2015.08.30-15.22.22:144][  0]LogInit:      CURL_VERSION_IDN
[2015.08.30-15.22.22:144][  0]LogInit:  CurlRequestOptions (configurable via config and command line):
[2015.08.30-15.22.22:144][  0]LogInit:  - bVerifyPeer = true  - Libcurl will verify peer certificate
[2015.08.30-15.22.22:144][  0]LogInit:  - bUseHttpProxy = false  - Libcurl will NOT use HTTP proxy
[2015.08.30-15.22.22:144][  0]LogInit:  - bDontReuseConnections = false  - Libcurl will reuse connections
[2015.08.30-15.22.22:144][  0]LogInit:  - CertBundlePath = nullptr  - Libcurl will use whatever was configured at build time.
[2015.08.30-15.22.22:157][  0]LogOnline:Warning: No default platform service specified for OnlineSubsystem
[2015.08.30-15.22.22:198][  0]LogInit: Presizing for 0 objects not considered by GC, pre-allocating 0 bytes.
[2015.08.30-15.22.22:206][  0]LogInit: Object subsystem initialized
[2015.08.30-15.22.22:207][  0]LogConsoleResponse:Warning: Skipping Unknown console variable: 'UIScaleCurve = (EditorCurveData=(Keys=((Time=480.000000,Value=0.444000),(Time=720.000000,Value=0.666000),(Time=1080.000000,Value=1.000000),(Time=8640.000000,Value=8.000000))),ExternalCurve=None)'
[2015.08.30-15.22.22:207][  0]LogConsoleResponse:Warning:   Found in ini file 'C:/Users/Bodoo/Documents/Programmieren/Projekte/NotPartofTheGame/Saved/Config/Windows/Engine.ini', in section '[/Script/Engine.RendererSettings]'
[2015.08.30-15.22.22:207][  0]LogConsoleManager:Warning: Console variable 'r.MSAA.CompositingSampleCount' wasn't set ('Scalability' has a lower priority than 'ProjectSetting')
[2015.08.30-15.22.22:207][  0]LogInit: Selected Device Profile: [Windows]
[2015.08.30-15.22.22:207][  0]LogInit: Applying CVar settings loaded from the selected device profile: [Windows]
[2015.08.30-15.22.22:216][  0]LogInit: Computer: DESKTOP-GLF6O4V
[2015.08.30-15.22.22:216][  0]LogInit: User: Bodoo
[2015.08.30-15.22.22:216][  0]LogInit: CPU Page size=4096, Cores=4
[2015.08.30-15.22.22:216][  0]LogInit: High frequency timer resolution =3.215351 MHz
[2015.08.30-15.22.22:216][  0]LogMemory: Memory total: Physical=12.0GB (12GB approx)
[2015.08.30-15.22.22:216][  0]LogMemory: Platform Memory Stats for Windows
[2015.08.30-15.22.22:216][  0]LogMemory: Process Physical Memory: 49.74 MB used, 49.74 MB peak
[2015.08.30-15.22.22:216][  0]LogMemory: Process Virtual Memory: 22.68 MB used, 22.68 MB peak
[2015.08.30-15.22.22:216][  0]LogMemory: Physical Memory: 2412.30 MB used, 12270.70 MB total
[2015.08.30-15.22.22:216][  0]LogMemory: Virtual Memory: 310.61 MB used, 134217728.00 MB total
[2015.08.30-15.22.22:398][  0]LogTextLocalizationManager: The requested culture ('de_DE') has no localization data; falling back to 'en' for localization and internationalization data.
[2015.08.30-15.22.22:652][  0]LogTextLocalizationManager:Warning: Loaded localization resources contain conflicting entries for (Namespace:ContentBrowser, Key:ImportAssetToolTip):
Localization Resource: (C:/Users/Bodoo/Documents/Programmieren/4.8/Engine/Content/Localization/Editor/en/Editor.locres) Source String Hash: (-630476809) Localized String: (Import to {0}...)
Localization Resource: (C:/Users/Bodoo/Documents/Programmieren/4.8/Engine/Content/Localization/Editor/en/Editor.locres) Source String Hash: (1271782899) Localized String: (Imports an asset from file to this folder.)
[2015.08.30-15.22.23:000][  0]LogD3D11RHI: Found D3D11 adapter 0: AMD Radeon HD 6800 Series (Feature Level 11_0)
[2015.08.30-15.22.23:000][  0]LogD3D11RHI: Adapter has 1011MB of dedicated video memory, 0MB of dedicated system memory, and 3840MB of shared system memory, 1 output[s]
[2015.08.30-15.22.23:001][  0]LogD3D11RHI: Found D3D11 adapter 1: Microsoft Basic Render Driver (Feature Level 11_0)
[2015.08.30-15.22.23:001][  0]LogD3D11RHI: Adapter has 0MB of dedicated video memory, 0MB of dedicated system memory, and 6135MB of shared system memory, 0 output[s]
[2015.08.30-15.22.23:001][  0]LogD3D11RHI: Chosen D3D11 Adapter Id = 0
[2015.08.30-15.22.23:004][  0]LogD3D11RHI: InitD3DDevice
[2015.08.30-15.22.23:004][  0]LogD3D11RHI: !Direct3DDevice
[2015.08.30-15.22.23:004][  0]LogRHI: Texture pool is 708 MB (70% of 1011 MB)
[2015.08.30-15.22.23:010][  0]LogD3D11RHI: Async texture creation disabled: no driver support
[2015.08.30-15.22.23:021][  0]LogShaderCompilers:Display: Using Local Shader Compiler.
[2015.08.30-15.22.24:340][  0]LogTemp:Display: Loaded TP DesktopTargetPlatform
[2015.08.30-15.22.24:354][  0]LogTemp:Display: Loaded TP WindowsClientTargetPlatform
[2015.08.30-15.22.24:369][  0]LogTemp:Display: Loaded TP WindowsNoEditorTargetPlatform
[2015.08.30-15.22.24:383][  0]LogTemp:Display: Loaded TP WindowsServerTargetPlatform
[2015.08.30-15.22.24:399][  0]LogTemp:Display: Loaded TP WindowsTargetPlatform
[2015.08.30-15.22.24:414][  0]LogTemp:Display: Loaded TP AndroidTargetPlatform
[2015.08.30-15.22.24:427][  0]LogTemp:Display: Loaded TP Android_ASTCTargetPlatform
[2015.08.30-15.22.24:439][  0]LogTemp:Display: Loaded TP Android_ATCTargetPlatform
[2015.08.30-15.22.24:452][  0]LogTemp:Display: Loaded TP Android_DXTTargetPlatform
[2015.08.30-15.22.24:465][  0]LogTemp:Display: Loaded TP Android_ETC1TargetPlatform
[2015.08.30-15.22.24:478][  0]LogTemp:Display: Loaded TP Android_ETC2TargetPlatform
[2015.08.30-15.22.24:490][  0]LogTemp:Display: Loaded TP Android_PVRTCTargetPlatform
[2015.08.30-15.22.24:562][  0]LogTemp:Display: Loaded TP IOSTargetPlatform
[2015.08.30-15.22.24:574][  0]LogTemp:Display: Loaded TP LinuxNoEditorTargetPlatform
[2015.08.30-15.22.24:587][  0]LogTemp:Display: Loaded TP LinuxServerTargetPlatform
[2015.08.30-15.22.24:604][  0]LogTemp:Display: Loaded TP LinuxTargetPlatform
[2015.08.30-15.22.24:604][  0]LogTargetPlatformManager:Display: Building Assets For Windows
[2015.08.30-15.22.25:003][  0]LogDerivedDataCache:Display: Max Cache Size: 512 MB
[2015.08.30-15.22.25:065][  0]LogDerivedDataCache: Loaded boot cache 0.06s 53MB C:/Users/Bodoo/AppData/Local/UnrealEngine/4.8/DerivedDataCache/Boot.ddc.
[2015.08.30-15.22.25:065][  0]LogDerivedDataCache:Display: Loaded Boot cache: C:/Users/Bodoo/AppData/Local/UnrealEngine/4.8/DerivedDataCache/Boot.ddc
[2015.08.30-15.22.25:065][  0]LogDerivedDataCache: FDerivedDataBackendGraph:  Pak pak cache file ../../../../Projekte/NotPartofTheGame/DerivedDataCache/DDC.ddp not found, will not use a pak cache.
[2015.08.30-15.22.25:065][  0]LogDerivedDataCache: Unable to find inner node Pak for hierarchical cache Hierarchy.
[2015.08.30-15.22.25:065][  0]LogDerivedDataCache: FDerivedDataBackendGraph:  CompressedPak pak cache file ../../../../Projekte/NotPartofTheGame/DerivedDataCache/Compressed.ddp not found, will not use a pak cache.
[2015.08.30-15.22.25:065][  0]LogDerivedDataCache: Unable to find inner node CompressedPak for hierarchical cache Hierarchy.
[2015.08.30-15.22.25:216][  0]LogDerivedDataCache:Display: Pak cache opened for reading ../../../Engine/DerivedDataCache/Compressed.ddp.
[2015.08.30-15.22.25:228][  0]LogDerivedDataCache: Using Local data cache path C:/Users/Bodoo/AppData/Local/UnrealEngine/Common/DerivedDataCache: Writable
[2015.08.30-15.22.27:736][  0]LogInit: Selected Device Profile: [Windows]
[2015.08.30-15.22.27:821][  0]ImportText (ComponentSweepMultiTests): Missing closing parenthesis: (RootShapeAsset="/Engine/BasicShapes/Cube.Cube",ShapeType="TriggerCapsule",HitResult=(Time=0.50,Location=(X=-100.000015,Y=0.0,Z=100.000015),ImpactPoint=(X=-50.0,Y=0.0,Z=50.0),Normal=(X=-1.0,Y=-0.0,Z=0.0),ImpactNormal=(X=0.0,Y=0.0,Z=1.0),TraceStart=(X=-200.0,Y=0.0,Z=200.0),TraceEnd=(X=0.0,Y=0.0,Z=0.0))
[2015.08.30-15.22.27:821][  0]ImportText (LineTraceSingleByChannelTests): Missing closing parenthesis: (RootShapeAsset="/Engine/BasicShapes/Cube.Cube",HitResult=(Time=0.50,Location=(X=-100.000015,Y=0.0,Z=100.000015),ImpactPoint=(X=-50.0,Y=0.0,Z=50.0),Normal=(X=-1.0,Y=-0.0,Z=0.0),ImpactNormal=(X=0.0,Y=0.0,Z=1.0),TraceStart=(X=-200.0,Y=0.0,Z=200.0),TraceEnd=(X=0.0,Y=0.0,Z=0.0))
[2015.08.30-15.22.27:849][  0]LogMeshUtilities: No automatic mesh reduction module available
[2015.08.30-15.22.27:849][  0]LogMeshUtilities: No automatic mesh merging module available
[2015.08.30-15.22.28:157][  0]LogInit: WinSock: version 1.1 (2.2), MaxSocks=32767, MaxUdp=65467
[2015.08.30-15.22.28:652][  0]LogD3D11RHI: InitD3DDevice
[2015.08.30-15.22.28:656][  0]LogWindowsMoviePlayer: Unable to load movie: ../../../../Projekte/NotPartofTheGame/Content/Movies/Default_Startup.mp4
[2015.08.30-15.22.28:796][  0]LogAssetRegistry: FAssetRegistry took 0.0001 seconds to start up
[2015.08.30-15.22.28:841][  0]SourceControl: Info Source control is disabled
[2015.08.30-15.22.28:841][  0]SourceControl: Info Source control is disabled
[2015.08.30-15.22.28:851][  0]SourceControl: Info Source control is disabled
[2015.08.30-15.22.29:047][  0]LogObj: 25913 objects as part of root set at end of initial load.
[2015.08.30-15.22.29:047][  0]LogUObjectAllocator: 5218480 out of 0 bytes used by permanent object pool.
[2015.08.30-15.22.29:118][  0]LogAutomationTest:Warning: ERR: Transient text cannot be serialized "Testing Transient serialization detection".
[2015.08.30-15.22.29:118][  0]LogEngine: Initializing Engine...
[2015.08.30-15.22.29:121][  0]LogHMD: Can't find Oculus library dev build: is proper Runtime installed? Version: 0.6.0.0
[2015.08.30-15.22.29:130][  0]LogHMD:Warning: SteamVR failed to initialize.  Error: 110
[2015.08.30-15.22.29:218][  0]LogInit: XAudio2 using 'Lautsprecher (G510s Gaming Keyboard)' : 2 channels at 48 kHz using 16 bits per sample (channel mask 0x3)
[2015.08.30-15.22.29:225][  0]LogInit: FAudioDevice initialized.
[2015.08.30-15.22.29:234][  0]LogInit: Texture streaming: Disabled
[2015.08.30-15.22.29:297][  0]LogNet: Browse: /Temp/Autosaves/Game/NPOTG/Maps/UEDPCTesting_Level?Name=Player
[2015.08.30-15.22.29:297][  0]LogLoad: LoadMap: /Temp/Autosaves/Game/NPOTG/Maps/UEDPCTesting_Level?Name=Player
[2015.08.30-15.22.29:308][  0]LogParticles: Destroying 0 GPU particle simulations for FXSystem 0x0000006037083560
[2015.08.30-15.22.29:316][  0]LogMemory: Platform Memory Stats for Windows
[2015.08.30-15.22.29:316][  0]LogMemory: Process Physical Memory: 336.45 MB used, 336.45 MB peak
[2015.08.30-15.22.29:316][  0]LogMemory: Process Virtual Memory: 372.91 MB used, 372.91 MB peak
[2015.08.30-15.22.29:316][  0]LogMemory: Physical Memory: 2644.30 MB used, 12270.70 MB total
[2015.08.30-15.22.29:316][  0]LogMemory: Virtual Memory: 889.99 MB used, 134217728.00 MB total
[2015.08.30-15.22.29:316][  0]LogMemory: 
[2015.08.30-15.22.29:316][  0]Allocator Stats for TBB: (not implemented)
[2015.08.30-15.22.30:209][  0]LogProperty:Warning: ERR: Transient text cannot be serialized "NewRotation Roll".
[2015.08.30-15.22.30:209][  0]LogProperty:Warning: ERR: Transient text cannot be serialized "NewRotation Yaw".
[2015.08.30-15.22.30:209][  0]LogProperty:Warning: ERR: Transient text cannot be serialized "NewRotation Pitch".
[2015.08.30-15.22.30:209][  0]LogProperty:Warning: ERR: Transient text cannot be serialized "NewRotation Roll".
[2015.08.30-15.22.30:209][  0]LogProperty:Warning: ERR: Transient text cannot be serialized "NewRotation Yaw".
[2015.08.30-15.22.30:209][  0]LogProperty:Warning: ERR: Transient text cannot be serialized "NewRotation Pitch".
[2015.08.30-15.22.30:255][  0]LogProperty:Warning: ERR: Transient text cannot be serialized "NewRotation Roll".
[2015.08.30-15.22.30:255][  0]LogProperty:Warning: ERR: Transient text cannot be serialized "NewRotation Yaw".
[2015.08.30-15.22.30:255][  0]LogProperty:Warning: ERR: Transient text cannot be serialized "NewRotation Pitch".
[2015.08.30-15.22.30:255][  0]LogProperty:Warning: ERR: Transient text cannot be serialized "NewRotation Roll".
[2015.08.30-15.22.30:255][  0]LogProperty:Warning: ERR: Transient text cannot be serialized "NewRotation Yaw".
[2015.08.30-15.22.30:255][  0]LogProperty:Warning: ERR: Transient text cannot be serialized "NewRotation Pitch".
[2015.08.30-15.22.31:174][  0]LogAIModule: Creating AISystem for world Testing_Level
[2015.08.30-15.22.31:175][  0]LogWorld: Game class is '2DSideScrollerGameMode_C'
[2015.08.30-15.22.31:235][  0]LogWorld: Bringing World /Temp/Autosaves/Game/NPOTG/Maps/UEDPCTesting_Level.Testing_Level up for play (max tick rate 0) at 2015.08.30-17.22.31
[2015.08.30-15.22.31:247][  0]LogWorld: Bringing up level for play took: 0.070102
[2015.08.30-15.22.31:259][  0]LogInit:Display: Game Engine Initialized.
[2015.08.30-15.22.31:485][  0]LogLoad: Full Startup: 11.27 seconds (BP compile: 0.97 seconds)
[2015.08.30-15.22.31:504][  0]LogContentStreaming: Texture pool size is 1000.000000MB
[2015.08.30-15.22.31:631][  0]LogRenderer: Reallocating scene render targets to support 1280x720 (Frame:2).
[2015.08.30-15.22.52:491][284]LogBlueprintUserMessages: 0.991935
[2015.08.30-15.22.52:491][284]LogBlueprintUserMessages: 0.991935
[2015.08.30-15.22.52:491][284]LogBlueprintUserMessages: 0.983871
[2015.08.30-15.22.52:507][285]LogBlueprintUserMessages: 0.975806
[2015.08.30-15.22.52:523][286]LogBlueprintUserMessages: 0.967742
[2015.08.30-15.22.52:539][287]LogBlueprintUserMessages: 0.959677
[2015.08.30-15.22.52:555][288]LogBlueprintUserMessages: 0.951613
[2015.08.30-15.22.52:571][289]LogBlueprintUserMessages: 0.943548
[2015.08.30-15.22.52:587][290]LogBlueprintUserMessages: 0.935484
[2015.08.30-15.22.52:603][291]LogBlueprintUserMessages: 0.927419
[2015.08.30-15.22.52:620][292]LogBlueprintUserMessages: 0.919354
[2015.08.30-15.22.52:636][293]LogBlueprintUserMessages: 0.91129
[2015.08.30-15.22.52:652][294]LogBlueprintUserMessages: 0.903225
[2015.08.30-15.22.52:668][295]LogBlueprintUserMessages: 0.895161
[2015.08.30-15.22.52:684][296]LogBlueprintUserMessages: 0.887096
[2015.08.30-15.22.52:700][297]LogBlueprintUserMessages: 0.879028
[2015.08.30-15.22.52:716][298]LogBlueprintUserMessages: 0.870963
[2015.08.30-15.22.52:733][299]LogBlueprintUserMessages: 0.862899
[2015.08.30-15.22.52:748][300]LogBlueprintUserMessages: 0.854834
[2015.08.30-15.22.52:765][301]LogBlueprintUserMessages: 0.84677
[2015.08.30-15.22.52:781][302]LogBlueprintUserMessages: 0.838705
[2015.08.30-15.22.52:797][303]LogBlueprintUserMessages: 0.830641
[2015.08.30-15.22.52:813][304]LogBlueprintUserMessages: 0.822576
[2015.08.30-15.22.52:830][305]LogBlueprintUserMessages: 0.814512
[2015.08.30-15.22.52:845][306]LogBlueprintUserMessages: 0.806447
[2015.08.30-15.22.52:861][307]LogBlueprintUserMessages: 0.798382
[2015.08.30-15.22.52:878][308]LogBlueprintUserMessages: 0.790318
[2015.08.30-15.22.52:894][309]LogBlueprintUserMessages: 0.782253
[2015.08.30-15.22.52:910][310]LogBlueprintUserMessages: 0.774189
[2015.08.30-15.22.52:926][311]LogBlueprintUserMessages: 0.766124
[2015.08.30-15.22.52:942][312]LogBlueprintUserMessages: 0.758059
[2015.08.30-15.22.52:958][313]LogBlueprintUserMessages: 0.749995
[2015.08.30-15.22.52:974][314]LogBlueprintUserMessages: 0.74193
[2015.08.30-15.22.52:991][315]LogBlueprintUserMessages: 0.733866
[2015.08.30-15.22.53:007][316]LogBlueprintUserMessages: 0.725801
[2015.08.30-15.22.53:023][317]LogBlueprintUserMessages: 0.717736
[2015.08.30-15.22.53:039][318]LogBlueprintUserMessages: 0.709672
[2015.08.30-15.22.53:055][319]LogBlueprintUserMessages: 0.701607
[2015.08.30-15.22.53:071][320]LogBlueprintUserMessages: 0.693543
[2015.08.30-15.22.53:087][321]LogBlueprintUserMessages: 0.685478
[2015.08.30-15.22.53:104][322]LogBlueprintUserMessages: 0.677413
[2015.08.30-15.22.53:119][323]LogBlueprintUserMessages: 0.669349
[2015.08.30-15.22.53:135][324]LogBlueprintUserMessages: 0.661284
[2015.08.30-15.22.53:151][325]LogBlueprintUserMessages: 0.65322
[2015.08.30-15.22.53:167][326]LogBlueprintUserMessages: 0.645155
[2015.08.30-15.22.53:184][327]LogBlueprintUserMessages: 0.63709
[2015.08.30-15.22.53:200][328]LogBlueprintUserMessages: 0.629026
[2015.08.30-15.22.53:217][329]LogBlueprintUserMessages: 0.620961
[2015.08.30-15.22.53:233][330]LogBlueprintUserMessages: 0.612897
[2015.08.30-15.22.53:248][331]LogBlueprintUserMessages: 0.604832
[2015.08.30-15.22.53:264][332]LogBlueprintUserMessages: 0.596767
[2015.08.30-15.22.53:281][333]LogBlueprintUserMessages: 0.588703
[2015.08.30-15.22.53:297][334]LogBlueprintUserMessages: 0.580638
[2015.08.30-15.22.53:313][335]LogBlueprintUserMessages: 0.572574
[2015.08.30-15.22.53:329][336]LogBlueprintUserMessages: 0.564509
[2015.08.30-15.22.53:346][337]LogBlueprintUserMessages: 0.556444
[2015.08.30-15.22.53:362][338]LogBlueprintUserMessages: 0.54838
[2015.08.30-15.22.53:378][339]LogBlueprintUserMessages: 0.540315
[2015.08.30-15.22.53:394][340]LogBlueprintUserMessages: 0.532249
[2015.08.30-15.22.53:410][341]LogBlueprintUserMessages: 0.524185
[2015.08.30-15.22.53:426][342]LogBlueprintUserMessages: 0.51612
[2015.08.30-15.22.53:442][343]LogBlueprintUserMessages: 0.508055
[2015.08.30-15.22.53:458][344]LogBlueprintUserMessages: 0.49999
[2015.08.30-15.22.53:474][345]LogBlueprintUserMessages: 0.491926
[2015.08.30-15.22.53:491][346]LogBlueprintUserMessages: 0.483861
[2015.08.30-15.22.53:507][347]LogBlueprintUserMessages: 0.475796
[2015.08.30-15.22.53:523][348]LogBlueprintUserMessages: 0.467732
[2015.08.30-15.22.53:539][349]LogBlueprintUserMessages: 0.459667
[2015.08.30-15.22.53:555][350]LogBlueprintUserMessages: 0.451603
[2015.08.30-15.22.53:571][351]LogBlueprintUserMessages: 0.443538
[2015.08.30-15.22.53:588][352]LogBlueprintUserMessages: 0.435473
[2015.08.30-15.22.53:604][353]LogBlueprintUserMessages: 0.427409
[2015.08.30-15.22.53:620][354]LogBlueprintUserMessages: 0.419344
[2015.08.30-15.22.53:636][355]LogBlueprintUserMessages: 0.41128
[2015.08.30-15.22.53:652][356]LogBlueprintUserMessages: 0.403215
[2015.08.30-15.22.53:668][357]LogBlueprintUserMessages: 0.39515
[2015.08.30-15.22.53:684][358]LogBlueprintUserMessages: 0.387086
[2015.08.30-15.22.53:700][359]LogBlueprintUserMessages: 0.379021
[2015.08.30-15.22.53:717][360]LogBlueprintUserMessages: 0.370957
[2015.08.30-15.22.53:732][361]LogBlueprintUserMessages: 0.362892
[2015.08.30-15.22.53:748][362]LogBlueprintUserMessages: 0.354827
[2015.08.30-15.22.53:764][363]LogBlueprintUserMessages: 0.346763
[2015.08.30-15.22.53:781][364]LogBlueprintUserMessages: 0.338698
[2015.08.30-15.22.53:797][365]LogBlueprintUserMessages: 0.330634
[2015.08.30-15.22.53:814][366]LogBlueprintUserMessages: 0.322569
[2015.08.30-15.22.53:830][367]LogBlueprintUserMessages: 0.314504
[2015.08.30-15.22.53:846][368]LogBlueprintUserMessages: 0.30644
[2015.08.30-15.22.53:862][369]LogBlueprintUserMessages: 0.298375
[2015.08.30-15.22.53:878][370]LogBlueprintUserMessages: 0.290311
[2015.08.30-15.22.53:894][371]LogBlueprintUserMessages: 0.282246
[2015.08.30-15.22.53:910][372]LogBlueprintUserMessages: 0.274181
[2015.08.30-15.22.53:926][373]LogBlueprintUserMessages: 0.266117
[2015.08.30-15.22.56:943][560]LogBlueprintUserMessages: 0.991935
[2015.08.30-15.22.56:943][560]LogBlueprintUserMessages: 0.991935
[2015.08.30-15.22.56:943][560]LogBlueprintUserMessages: 0.983871
[2015.08.30-15.22.56:960][561]LogBlueprintUserMessages: 0.975806
[2015.08.30-15.22.56:975][562]LogBlueprintUserMessages: 0.967742
[2015.08.30-15.22.56:992][563]LogBlueprintUserMessages: 0.959677
[2015.08.30-15.22.57:007][564]LogBlueprintUserMessages: 0.951613
[2015.08.30-15.22.57:024][565]LogBlueprintUserMessages: 0.943548
[2015.08.30-15.22.57:040][566]LogBlueprintUserMessages: 0.935484
[2015.08.30-15.22.57:057][567]LogBlueprintUserMessages: 0.927419
[2015.08.30-15.22.57:073][568]LogBlueprintUserMessages: 0.919354
[2015.08.30-15.22.57:089][569]LogBlueprintUserMessages: 0.91129
[2015.08.30-15.22.57:104][570]LogBlueprintUserMessages: 0.903225
[2015.08.30-15.22.57:121][571]LogBlueprintUserMessages: 0.895161
[2015.08.30-15.22.57:137][572]LogBlueprintUserMessages: 0.887096
[2015.08.30-15.22.57:153][573]LogBlueprintUserMessages: 0.879032
[2015.08.30-15.22.57:169][574]LogBlueprintUserMessages: 0.870967
[2015.08.30-15.22.57:185][575]LogBlueprintUserMessages: 0.862903
[2015.08.30-15.22.57:202][576]LogBlueprintUserMessages: 0.854838
[2015.08.30-15.22.57:218][577]LogBlueprintUserMessages: 0.846773
[2015.08.30-15.22.57:234][578]LogBlueprintUserMessages: 0.838709
[2015.08.30-15.22.57:249][579]LogBlueprintUserMessages: 0.830644
[2015.08.30-15.22.57:266][580]LogBlueprintUserMessages: 0.82258
[2015.08.30-15.22.57:282][581]LogBlueprintUserMessages: 0.814515
[2015.08.30-15.22.57:298][582]LogBlueprintUserMessages: 0.806449
[2015.08.30-15.22.57:314][583]LogBlueprintUserMessages: 0.798385
[2015.08.30-15.22.57:331][584]LogBlueprintUserMessages: 0.79032
[2015.08.30-15.22.57:347][585]LogBlueprintUserMessages: 0.782255
[2015.08.30-15.22.57:363][586]LogBlueprintUserMessages: 0.774191
[2015.08.30-15.22.57:379][587]LogBlueprintUserMessages: 0.766126
[2015.08.30-15.22.57:395][588]LogBlueprintUserMessages: 0.758062
[2015.08.30-15.22.57:411][589]LogBlueprintUserMessages: 0.749997
[2015.08.30-15.22.57:427][590]LogBlueprintUserMessages: 0.741932
[2015.08.30-15.22.57:444][591]LogBlueprintUserMessages: 0.733868
[2015.08.30-15.22.57:459][592]LogBlueprintUserMessages: 0.725803
[2015.08.30-15.22.57:475][593]LogBlueprintUserMessages: 0.717739
[2015.08.30-15.22.57:492][594]LogBlueprintUserMessages: 0.709674
[2015.08.30-15.22.57:508][595]LogBlueprintUserMessages: 0.701609
[2015.08.30-15.22.57:524][596]LogBlueprintUserMessages: 0.693545
[2015.08.30-15.22.57:540][597]LogBlueprintUserMessages: 0.68548
[2015.08.30-15.22.57:556][598]LogBlueprintUserMessages: 0.677416
[2015.08.30-15.22.57:573][599]LogBlueprintUserMessages: 0.669351
[2015.08.30-15.22.57:589][600]LogBlueprintUserMessages: 0.661286
[2015.08.30-15.22.57:605][601]LogBlueprintUserMessages: 0.653222
[2015.08.30-15.22.57:621][602]LogBlueprintUserMessages: 0.645157
[2015.08.30-15.22.57:637][603]LogBlueprintUserMessages: 0.637093
[2015.08.30-15.22.57:653][604]LogBlueprintUserMessages: 0.629028
[2015.08.30-15.22.57:669][605]LogBlueprintUserMessages: 0.620963
[2015.08.30-15.22.57:685][606]LogBlueprintUserMessages: 0.612899
[2015.08.30-15.22.57:701][607]LogBlueprintUserMessages: 0.604834
[2015.08.30-15.22.57:718][608]LogBlueprintUserMessages: 0.59677
[2015.08.30-15.22.57:734][609]LogBlueprintUserMessages: 0.588705
[2015.08.30-15.22.57:750][610]LogBlueprintUserMessages: 0.58064
[2015.08.30-15.22.57:766][611]LogBlueprintUserMessages: 0.572576
[2015.08.30-15.22.57:782][612]LogBlueprintUserMessages: 0.564511
[2015.08.30-15.22.57:798][613]LogBlueprintUserMessages: 0.556446
[2015.08.30-15.22.57:814][614]LogBlueprintUserMessages: 0.548382
[2015.08.30-15.22.57:830][615]LogBlueprintUserMessages: 0.540317
[2015.08.30-15.22.57:846][616]LogBlueprintUserMessages: 0.532253
[2015.08.30-15.22.57:863][617]LogBlueprintUserMessages: 0.524188
[2015.08.30-15.22.57:879][618]LogBlueprintUserMessages: 0.516123
[2015.08.30-15.22.57:895][619]LogBlueprintUserMessages: 0.508059
[2015.08.30-15.22.57:911][620]LogBlueprintUserMessages: 0.499994
[2015.08.30-15.22.57:928][621]LogBlueprintUserMessages: 0.491928
[2015.08.30-15.22.57:944][622]LogBlueprintUserMessages: 0.483863
[2015.08.30-15.22.57:960][623]LogBlueprintUserMessages: 0.475798
[2015.08.30-15.22.57:976][624]LogBlueprintUserMessages: 0.467734
[2015.08.30-15.22.57:991][625]LogBlueprintUserMessages: 0.459669
[2015.08.30-15.22.58:008][626]LogBlueprintUserMessages: 0.451605
[2015.08.30-15.22.58:024][627]LogBlueprintUserMessages: 0.44354
[2015.08.30-15.22.58:040][628]LogBlueprintUserMessages: 0.435475
[2015.08.30-15.22.58:056][629]LogBlueprintUserMessages: 0.427411
[2015.08.30-15.22.58:073][630]LogBlueprintUserMessages: 0.419346
[2015.08.30-15.22.58:089][631]LogBlueprintUserMessages: 0.411281
[2015.08.30-15.22.58:105][632]LogBlueprintUserMessages: 0.403217
[2015.08.30-15.22.58:121][633]LogBlueprintUserMessages: 0.395152
[2015.08.30-15.22.58:137][634]LogBlueprintUserMessages: 0.387088
[2015.08.30-15.22.58:153][635]LogBlueprintUserMessages: 0.379023
[2015.08.30-15.22.58:169][636]LogBlueprintUserMessages: 0.370958
[2015.08.30-15.22.58:185][637]LogBlueprintUserMessages: 0.362894
[2015.08.30-15.22.58:202][638]LogBlueprintUserMessages: 0.354829
[2015.08.30-15.22.58:218][639]LogBlueprintUserMessages: 0.346765
[2015.08.30-15.22.58:234][640]LogBlueprintUserMessages: 0.3387
[2015.08.30-15.22.58:250][641]LogBlueprintUserMessages: 0.330635
[2015.08.30-15.22.58:266][642]LogBlueprintUserMessages: 0.322571
[2015.08.30-15.22.58:282][643]LogBlueprintUserMessages: 0.314506
[2015.08.30-15.22.58:298][644]LogBlueprintUserMessages: 0.306442
[2015.08.30-15.22.58:315][645]LogBlueprintUserMessages: 0.298377
[2015.08.30-15.22.58:331][646]LogBlueprintUserMessages: 0.290312
[2015.08.30-15.22.58:347][647]LogBlueprintUserMessages: 0.282248
[2015.08.30-15.22.58:363][648]LogBlueprintUserMessages: 0.274183
[2015.08.30-15.22.58:379][649]LogBlueprintUserMessages: 0.266119
[2015.08.30-15.22.58:395][650]LogBlueprintUserMessages: 0.258054
[2015.08.30-15.23.00:685][792]LogBlueprintUserMessages: 0.991935
[2015.08.30-15.23.00:685][792]LogBlueprintUserMessages: 0.991935
[2015.08.30-15.23.00:685][792]LogBlueprintUserMessages: 0.983871
[2015.08.30-15.23.00:701][793]LogBlueprintUserMessages: 0.975806
[2015.08.30-15.23.00:717][794]LogBlueprintUserMessages: 0.967742
[2015.08.30-15.23.00:733][795]LogBlueprintUserMessages: 0.959677
[2015.08.30-15.23.00:750][796]LogBlueprintUserMessages: 0.951613
[2015.08.30-15.23.00:766][797]LogBlueprintUserMessages: 0.943548
[2015.08.30-15.23.00:782][798]LogBlueprintUserMessages: 0.935484
[2015.08.30-15.23.00:798][799]LogBlueprintUserMessages: 0.927419
[2015.08.30-15.23.00:814][800]LogBlueprintUserMessages: 0.919354
[2015.08.30-15.23.00:831][801]LogBlueprintUserMessages: 0.91129
[2015.08.30-15.23.00:847][802]LogBlueprintUserMessages: 0.903225
[2015.08.30-15.23.00:862][803]LogBlueprintUserMessages: 0.895161
[2015.08.30-15.23.00:879][804]LogBlueprintUserMessages: 0.887096
[2015.08.30-15.23.00:895][805]LogBlueprintUserMessages: 0.879032
[2015.08.30-15.23.00:911][806]LogBlueprintUserMessages: 0.870967
[2015.08.30-15.23.00:927][807]LogBlueprintUserMessages: 0.862903
[2015.08.30-15.23.00:943][808]LogBlueprintUserMessages: 0.854838
[2015.08.30-15.23.00:960][809]LogBlueprintUserMessages: 0.846772
[2015.08.30-15.23.00:976][810]LogBlueprintUserMessages: 0.838707
[2015.08.30-15.23.00:992][811]LogBlueprintUserMessages: 0.830643
[2015.08.30-15.23.01:008][812]LogBlueprintUserMessages: 0.822578
[2015.08.30-15.23.01:024][813]LogBlueprintUserMessages: 0.814514
[2015.08.30-15.23.01:040][814]LogBlueprintUserMessages: 0.806449
[2015.08.30-15.23.01:057][815]LogBlueprintUserMessages: 0.798385
[2015.08.30-15.23.01:072][816]LogBlueprintUserMessages: 0.79032
[2015.08.30-15.23.01:089][817]LogBlueprintUserMessages: 0.782255
[2015.08.30-15.23.01:105][818]LogBlueprintUserMessages: 0.774191
[2015.08.30-15.23.01:121][819]LogBlueprintUserMessages: 0.766126
[2015.08.30-15.23.01:137][820]LogBlueprintUserMessages: 0.758062
[2015.08.30-15.23.01:153][821]LogBlueprintUserMessages: 0.749997
[2015.08.30-15.23.01:169][822]LogBlueprintUserMessages: 0.741932
[2015.08.30-15.23.01:185][823]LogBlueprintUserMessages: 0.733868
[2015.08.30-15.23.01:202][824]LogBlueprintUserMessages: 0.725803
[2015.08.30-15.23.01:218][825]LogBlueprintUserMessages: 0.717739
[2015.08.30-15.23.01:234][826]LogBlueprintUserMessages: 0.709674
[2015.08.30-15.23.01:250][827]LogBlueprintUserMessages: 0.701609
[2015.08.30-15.23.01:266][828]LogBlueprintUserMessages: 0.693545
[2015.08.30-15.23.01:282][829]LogBlueprintUserMessages: 0.68548
[2015.08.30-15.23.01:298][830]LogBlueprintUserMessages: 0.677416
[2015.08.30-15.23.01:314][831]LogBlueprintUserMessages: 0.669351
[2015.08.30-15.23.01:330][832]LogBlueprintUserMessages: 0.661286
[2015.08.30-15.23.01:346][833]LogBlueprintUserMessages: 0.653222
[2015.08.30-15.23.01:362][834]LogBlueprintUserMessages: 0.645157
[2015.08.30-15.23.01:379][835]LogBlueprintUserMessages: 0.637093
[2015.08.30-15.23.01:395][836]LogBlueprintUserMessages: 0.629028
[2015.08.30-15.23.01:411][837]LogBlueprintUserMessages: 0.620963
[2015.08.30-15.23.01:428][838]LogBlueprintUserMessages: 0.612899
[2015.08.30-15.23.01:444][839]LogBlueprintUserMessages: 0.604834
[2015.08.30-15.23.01:460][840]LogBlueprintUserMessages: 0.59677
[2015.08.30-15.23.01:476][841]LogBlueprintUserMessages: 0.588705
[2015.08.30-15.23.01:492][842]LogBlueprintUserMessages: 0.58064
[2015.08.30-15.23.01:508][843]LogBlueprintUserMessages: 0.572576
[2015.08.30-15.23.01:524][844]LogBlueprintUserMessages: 0.564511
[2015.08.30-15.23.01:540][845]LogBlueprintUserMessages: 0.556446
[2015.08.30-15.23.01:556][846]LogBlueprintUserMessages: 0.548382
[2015.08.30-15.23.01:572][847]LogBlueprintUserMessages: 0.540317
[2015.08.30-15.23.01:588][848]LogBlueprintUserMessages: 0.532253
[2015.08.30-15.23.01:604][849]LogBlueprintUserMessages: 0.524188
[2015.08.30-15.23.01:620][850]LogBlueprintUserMessages: 0.516122
[2015.08.30-15.23.01:636][851]LogBlueprintUserMessages: 0.508058
[2015.08.30-15.23.01:653][852]LogBlueprintUserMessages: 0.499993
[2015.08.30-15.23.01:669][853]LogBlueprintUserMessages: 0.491929
[2015.08.30-15.23.01:685][854]LogBlueprintUserMessages: 0.483864
[2015.08.30-15.23.01:702][855]LogBlueprintUserMessages: 0.475799
[2015.08.30-15.23.01:718][856]LogBlueprintUserMessages: 0.467735
[2015.08.30-15.23.01:734][857]LogBlueprintUserMessages: 0.45967
[2015.08.30-15.23.01:750][858]LogBlueprintUserMessages: 0.451606
[2015.08.30-15.23.01:766][859]LogBlueprintUserMessages: 0.443541
[2015.08.30-15.23.01:782][860]LogBlueprintUserMessages: 0.435476
[2015.08.30-15.23.01:798][861]LogBlueprintUserMessages: 0.427412
[2015.08.30-15.23.01:814][862]LogBlueprintUserMessages: 0.419347
[2015.08.30-15.23.01:830][863]LogBlueprintUserMessages: 0.411283
[2015.08.30-15.23.01:847][864]LogBlueprintUserMessages: 0.403218
[2015.08.30-15.23.01:862][865]LogBlueprintUserMessages: 0.395153
[2015.08.30-15.23.01:878][866]LogBlueprintUserMessages: 0.387089
[2015.08.30-15.23.01:895][867]LogBlueprintUserMessages: 0.379024
[2015.08.30-15.23.01:911][868]LogBlueprintUserMessages: 0.37096
[2015.08.30-15.23.01:927][869]LogBlueprintUserMessages: 0.362895
[2015.08.30-15.23.01:943][870]LogBlueprintUserMessages: 0.35483
[2015.08.30-15.23.01:959][871]LogBlueprintUserMessages: 0.346766
[2015.08.30-15.23.01:976][872]LogBlueprintUserMessages: 0.338701
[2015.08.30-15.23.01:992][873]LogBlueprintUserMessages: 0.330637
[2015.08.30-15.23.02:008][874]LogBlueprintUserMessages: 0.322572
[2015.08.30-15.23.02:024][875]LogBlueprintUserMessages: 0.314507
[2015.08.30-15.23.02:040][876]LogBlueprintUserMessages: 0.306443
[2015.08.30-15.23.02:056][877]LogBlueprintUserMessages: 0.298378
[2015.08.30-15.23.02:072][878]LogBlueprintUserMessages: 0.290313
[2015.08.30-15.23.02:089][879]LogBlueprintUserMessages: 0.282249
[2015.08.30-15.23.02:105][880]LogBlueprintUserMessages: 0.274184
[2015.08.30-15.23.02:121][881]LogBlueprintUserMessages: 0.26612
[2015.08.30-15.23.02:137][882]LogBlueprintUserMessages: 0.258055
[2015.08.30-15.23.02:153][883]LogBlueprintUserMessages: 0.24999
[2015.08.30-15.23.02:169][884]LogBlueprintUserMessages: 0.241926
[2015.08.30-15.23.04:831][ 49]LogBlueprintUserMessages: 0.991935
[2015.08.30-15.23.04:831][ 49]LogBlueprintUserMessages: 0.991935
[2015.08.30-15.23.04:831][ 49]LogBlueprintUserMessages: 0.983871
[2015.08.30-15.23.04:847][ 50]LogBlueprintUserMessages: 0.975806
[2015.08.30-15.23.04:863][ 51]LogBlueprintUserMessages: 0.967742
[2015.08.30-15.23.04:878][ 52]LogBlueprintUserMessages: 0.959677
[2015.08.30-15.23.04:895][ 53]LogBlueprintUserMessages: 0.951613
[2015.08.30-15.23.04:911][ 54]LogBlueprintUserMessages: 0.943548
[2015.08.30-15.23.04:927][ 55]LogBlueprintUserMessages: 0.935484
[2015.08.30-15.23.04:943][ 56]LogBlueprintUserMessages: 0.927419
[2015.08.30-15.23.04:960][ 57]LogBlueprintUserMessages: 0.919354
[2015.08.30-15.23.04:976][ 58]LogBlueprintUserMessages: 0.91129
[2015.08.30-15.23.04:992][ 59]LogBlueprintUserMessages: 0.903225
[2015.08.30-15.23.05:007][ 60]LogBlueprintUserMessages: 0.895161
[2015.08.30-15.23.05:024][ 61]LogBlueprintUserMessages: 0.887096
[2015.08.30-15.23.05:040][ 62]LogBlueprintUserMessages: 0.879032
[2015.08.30-15.23.05:056][ 63]LogBlueprintUserMessages: 0.870967
[2015.08.30-15.23.05:072][ 64]LogBlueprintUserMessages: 0.862903
[2015.08.30-15.23.05:088][ 65]LogBlueprintUserMessages: 0.854838
[2015.08.30-15.23.05:104][ 66]LogBlueprintUserMessages: 0.846773
[2015.08.30-15.23.05:121][ 67]LogBlueprintUserMessages: 0.838709
[2015.08.30-15.23.05:137][ 68]LogBlueprintUserMessages: 0.830644
[2015.08.30-15.23.05:153][ 69]LogBlueprintUserMessages: 0.82258
[2015.08.30-15.23.05:169][ 70]LogBlueprintUserMessages: 0.814515
[2015.08.30-15.23.05:185][ 71]LogBlueprintUserMessages: 0.806451
[2015.08.30-15.23.05:202][ 72]LogBlueprintUserMessages: 0.798386
[2015.08.30-15.23.05:218][ 73]LogBlueprintUserMessages: 0.790321
[2015.08.30-15.23.05:234][ 74]LogBlueprintUserMessages: 0.782257
[2015.08.30-15.23.05:250][ 75]LogBlueprintUserMessages: 0.774189
[2015.08.30-15.23.05:266][ 76]LogBlueprintUserMessages: 0.766125
[2015.08.30-15.23.05:282][ 77]LogBlueprintUserMessages: 0.75806
[2015.08.30-15.23.05:298][ 78]LogBlueprintUserMessages: 0.749994
[2015.08.30-15.23.05:315][ 79]LogBlueprintUserMessages: 0.74193
[2015.08.30-15.23.05:331][ 80]LogBlueprintUserMessages: 0.733865
[2015.08.30-15.23.05:347][ 81]LogBlueprintUserMessages: 0.725801
[2015.08.30-15.23.05:363][ 82]LogBlueprintUserMessages: 0.717736
[2015.08.30-15.23.05:379][ 83]LogBlueprintUserMessages: 0.709671
[2015.08.30-15.23.05:395][ 84]LogBlueprintUserMessages: 0.701607
[2015.08.30-15.23.05:412][ 85]LogBlueprintUserMessages: 0.693542
[2015.08.30-15.23.05:428][ 86]LogBlueprintUserMessages: 0.685478
[2015.08.30-15.23.05:444][ 87]LogBlueprintUserMessages: 0.677413
[2015.08.30-15.23.05:460][ 88]LogBlueprintUserMessages: 0.669348
[2015.08.30-15.23.05:476][ 89]LogBlueprintUserMessages: 0.661284
[2015.08.30-15.23.05:492][ 90]LogBlueprintUserMessages: 0.653219
[2015.08.30-15.23.05:508][ 91]LogBlueprintUserMessages: 0.645155
[2015.08.30-15.23.05:524][ 92]LogBlueprintUserMessages: 0.63709
[2015.08.30-15.23.05:540][ 93]LogBlueprintUserMessages: 0.629025
[2015.08.30-15.23.05:556][ 94]LogBlueprintUserMessages: 0.620961
[2015.08.30-15.23.05:573][ 95]LogBlueprintUserMessages: 0.612896
[2015.08.30-15.23.05:589][ 96]LogBlueprintUserMessages: 0.604832
[2015.08.30-15.23.05:605][ 97]LogBlueprintUserMessages: 0.596767
[2015.08.30-15.23.05:621][ 98]LogBlueprintUserMessages: 0.588702
[2015.08.30-15.23.05:637][ 99]LogBlueprintUserMessages: 0.580635
[2015.08.30-15.23.05:653][100]LogBlueprintUserMessages: 0.572571
[2015.08.30-15.23.05:669][101]LogBlueprintUserMessages: 0.564506
[2015.08.30-15.23.05:686][102]LogBlueprintUserMessages: 0.556442
[2015.08.30-15.23.05:702][103]LogBlueprintUserMessages: 0.548377
[2015.08.30-15.23.05:718][104]LogBlueprintUserMessages: 0.540312
[2015.08.30-15.23.05:734][105]LogBlueprintUserMessages: 0.532248
[2015.08.30-15.23.05:750][106]LogBlueprintUserMessages: 0.52418
[2015.08.30-15.23.05:766][107]LogBlueprintUserMessages: 0.516114
[2015.08.30-15.23.05:783][108]LogBlueprintUserMessages: 0.50805
[2015.08.30-15.23.05:799][109]LogBlueprintUserMessages: 0.499985
[2015.08.30-15.23.05:815][110]LogBlueprintUserMessages: 0.49192
[2015.08.30-15.23.05:831][111]LogBlueprintUserMessages: 0.483856
[2015.08.30-15.23.05:847][112]LogBlueprintUserMessages: 0.475791
[2015.08.30-15.23.05:863][113]LogBlueprintUserMessages: 0.467727
[2015.08.30-15.23.05:879][114]LogBlueprintUserMessages: 0.459662
[2015.08.30-15.23.05:895][115]LogBlueprintUserMessages: 0.451597
[2015.08.30-15.23.05:911][116]LogBlueprintUserMessages: 0.443533
[2015.08.30-15.23.05:927][117]LogBlueprintUserMessages: 0.435468
[2015.08.30-15.23.05:944][118]LogBlueprintUserMessages: 0.427404
[2015.08.30-15.23.05:960][119]LogBlueprintUserMessages: 0.419339
[2015.08.30-15.23.05:976][120]LogBlueprintUserMessages: 0.411274
[2015.08.30-15.23.05:992][121]LogBlueprintUserMessages: 0.40321
[2015.08.30-15.23.06:008][122]LogBlueprintUserMessages: 0.395145
[2015.08.30-15.23.06:024][123]LogBlueprintUserMessages: 0.387081
[2015.08.30-15.23.06:041][124]LogBlueprintUserMessages: 0.379016
[2015.08.30-15.23.06:057][125]LogBlueprintUserMessages: 0.370951
[2015.08.30-15.23.06:073][126]LogBlueprintUserMessages: 0.362887
[2015.08.30-15.23.06:089][127]LogBlueprintUserMessages: 0.354822
[2015.08.30-15.23.06:105][128]LogBlueprintUserMessages: 0.346758
[2015.08.30-15.23.06:121][129]LogBlueprintUserMessages: 0.338693
[2015.08.30-15.23.06:137][130]LogBlueprintUserMessages: 0.330628
[2015.08.30-15.23.06:153][131]LogBlueprintUserMessages: 0.322564
[2015.08.30-15.23.06:170][132]LogBlueprintUserMessages: 0.314499
[2015.08.30-15.23.06:186][133]LogBlueprintUserMessages: 0.306435
[2015.08.30-15.23.06:202][134]LogBlueprintUserMessages: 0.29837
[2015.08.30-15.23.06:218][135]LogBlueprintUserMessages: 0.290305
[2015.08.30-15.23.06:234][136]LogBlueprintUserMessages: 0.282241
[2015.08.30-15.23.06:250][137]LogBlueprintUserMessages: 0.274176
[2015.08.30-15.23.06:266][138]LogBlueprintUserMessages: 0.266112
[2015.08.30-15.23.06:282][139]LogBlueprintUserMessages: 0.258047
[2015.08.30-15.23.06:298][140]LogBlueprintUserMessages: 0.249982
[2015.08.30-15.23.06:314][141]LogBlueprintUserMessages: 0.241918
[2015.08.30-15.23.06:331][142]LogBlueprintUserMessages: 0.233853
[2015.08.30-15.23.29:380][571]Closing by request
[2015.08.30-15.23.29:380][571]LogWindows: FPlatformMisc::RequestExit(0)
[2015.08.30-15.23.30:196][572]LogWindowsTextInputMethodSystem:Display: IME system now deactivated.
[2015.08.30-15.23.30:196][572]LogWindowsTextInputMethodSystem:Display: IME system now deactivated.
[2015.08.30-15.23.30:203][572]LogExit: Preparing to exit.
[2015.08.30-15.23.30:330][572]LogExit: Game engine shut down
[2015.08.30-15.23.30:336][572]LogParticles: Destroying 0 GPU particle simulations for FXSystem 0x000000603A2FEFC0
[2015.08.30-15.23.30:481][572]LogExit: Object subsystem successfully closed.
[2015.08.30-15.23.30:492][572]LogD3D11RHI: Shutdown
[2015.08.30-15.23.30:492][572]LogD3D11RHI: CleanupD3DDevice
[2015.08.30-15.23.30:575][572]LogD3D11RHI: ~FD3D11DynamicRHI
[2015.08.30-15.23.30:587][572]LogModuleManager: Shutting down and abandoning module AndroidDeviceDetection (109)
[2015.08.30-15.23.31:539][572]LogModuleManager: Shutting down and abandoning module AutomationWorker (108)
[2015.08.30-15.23.31:539][572]LogModuleManager: Shutting down and abandoning module CharacterAI (107)
[2015.08.30-15.23.31:539][572]LogModuleManager: Shutting down and abandoning module AITestSuite (106)
[2015.08.30-15.23.31:539][572]LogModuleManager: Shutting down and abandoning module GameplayDebugger (105)
[2015.08.30-15.23.31:539][572]LogModuleManager: Shutting down and abandoning module AIModule (104)
[2015.08.30-15.23.31:539][572]LogModuleManager: Shutting down and abandoning module GameLiveStreaming (103)
[2015.08.30-15.23.31:539][572]LogModuleManager: Shutting down and abandoning module StreamingPauseRendering (102)
[2015.08.30-15.23.31:539][572]LogModuleManager: Shutting down and abandoning module ProfilerService (101)
[2015.08.30-15.23.31:681][572]LogModuleManager: Shutting down and abandoning module TaskGraph (100)
[2015.08.30-15.23.31:681][572]LogModuleManager: Shutting down and abandoning module SlateRemote (99)
[2015.08.30-15.23.31:681][572]LogModuleManager: Shutting down and abandoning module SteamVRController (98)
[2015.08.30-15.23.31:681][572]LogModuleManager: Shutting down and abandoning module SteamVR (97)
[2015.08.30-15.23.31:681][572]LogModuleManager: Shutting down and abandoning module ProceduralMeshComponent (96)
[2015.08.30-15.23.31:681][572]LogModuleManager: Shutting down and abandoning module OculusRift (95)
[2015.08.30-15.23.31:681][572]LogModuleManager: Shutting down and abandoning module LeapMotionController (94)
[2015.08.30-15.23.31:687][572]LogModuleManager: Shutting down and abandoning module CustomMeshComponent (93)
[2015.08.30-15.23.31:687][572]LogModuleManager: Shutting down and abandoning module CableComponent (92)
[2015.08.30-15.23.31:687][572]LogModuleManager: Shutting down and abandoning module DesktopPlatform (91)
[2015.08.30-15.23.31:687][572]LogModuleManager: Shutting down and abandoning module DirectoryWatcher (90)
[2015.08.30-15.23.31:687][572]LogModuleManager: Shutting down and abandoning module HotReload (89)
[2015.08.30-15.23.31:687][572]LogModuleManager: Shutting down and abandoning module VisualStudioSourceCodeAccess (88)
[2015.08.30-15.23.31:687][572]LogModuleManager: Shutting down and abandoning module UObjectPlugin (87)
[2015.08.30-15.23.31:687][572]LogModuleManager: Shutting down and abandoning module SubversionSourceControl (86)
[2015.08.30-15.23.31:687][572]LogModuleManager: Shutting down and abandoning module SourceControl (85)
[2015.08.30-15.23.31:687][572]LogModuleManager: Shutting down and abandoning module PerforceSourceControl (84)
[2015.08.30-15.23.31:687][572]LogModuleManager: Shutting down and abandoning module BlankPlugin (83)
[2015.08.30-15.23.31:687][572]LogModuleManager: Shutting down and abandoning module UdpMessaging (82)
[2015.08.30-15.23.31:687][572]LogModuleManager: Shutting down and abandoning module AssetRegistry (81)
[2015.08.30-15.23.31:687][572]LogModuleManager: Shutting down and abandoning module SubstanceCore (80)
[2015.08.30-15.23.31:687][572]LogModuleManager: Shutting down and abandoning module Paper2D (79)
[2015.08.30-15.23.31:687][572]LogModuleManager: Shutting down and abandoning module WindowsMoviePlayer (78)
[2015.08.30-15.23.31:689][572]LogModuleManager: Shutting down and abandoning module Media (77)
[2015.08.30-15.23.31:689][572]LogModuleManager: Shutting down and abandoning module WmfMedia (76)
[2015.08.30-15.23.31:689][572]LogModuleManager: Shutting down and abandoning module OnlineBlueprintSupport (75)
[2015.08.30-15.23.31:689][572]LogModuleManager: Shutting down and abandoning module PropertyEditor (74)
[2015.08.30-15.23.31:689][572]LogModuleManager: Shutting down and abandoning module BehaviorTreeEditor (73)
[2015.08.30-15.23.31:689][572]LogModuleManager: Shutting down and abandoning module FunctionalTesting (72)
[2015.08.30-15.23.31:689][572]LogModuleManager: Shutting down and abandoning module CollisionAnalyzer (71)
[2015.08.30-15.23.31:689][572]LogModuleManager: Shutting down and abandoning module WorkspaceMenuStructure (70)
[2015.08.30-15.23.31:689][572]LogModuleManager: Shutting down and abandoning module MessageLog (69)
[2015.08.30-15.23.31:689][572]LogModuleManager: Shutting down and abandoning module Sequencer (68)
[2015.08.30-15.23.31:689][572]LogModuleManager: Shutting down and abandoning module AssetTools (67)
[2015.08.30-15.23.31:689][572]LogModuleManager: Shutting down and abandoning module UMGEditor (66)
[2015.08.30-15.23.31:689][572]LogModuleManager: Shutting down and abandoning module UMG (65)
[2015.08.30-15.23.31:689][572]LogModuleManager: Shutting down and abandoning module Slate (64)
[2015.08.30-15.23.31:689][572]LogModuleManager: Shutting down and abandoning module EditorStyle (63)
[2015.08.30-15.23.31:691][572]LogModuleManager: Shutting down and abandoning module SessionServices (62)
[2015.08.30-15.23.31:691][572]LogModuleManager: Shutting down and abandoning module SourceCodeAccess (61)
[2015.08.30-15.23.31:691][572]LogModuleManager: Shutting down and abandoning module HeadMountedDisplay (60)
[2015.08.30-15.23.31:691][572]LogModuleManager: Shutting down and abandoning module XAudio2 (59)
[2015.08.30-15.23.31:691][572]LogModuleManager: Shutting down and abandoning module Networking (57)
[2015.08.30-15.23.31:691][572]LogModuleManager: Shutting down and abandoning module Core (56)
[2015.08.30-15.23.31:691][572]LogModuleManager: Shutting down and abandoning module KismetCompiler (55)
[2015.08.30-15.23.31:692][572]LogModuleManager: Shutting down and abandoning module PhysXFormats (54)
[2015.08.30-15.23.31:692][572]LogModuleManager: Shutting down and abandoning module MeshUtilities (53)
[2015.08.30-15.23.31:692][572]LogModuleManager: Shutting down and abandoning module DerivedDataCache (52)
[2015.08.30-15.23.31:782][572]LogDerivedDataCache: Shutdown
[2015.08.30-15.23.31:782][572]LogModuleManager: Shutting down and abandoning module ShaderFormatOpenGL (51)
[2015.08.30-15.23.31:782][572]LogModuleManager: Shutting down and abandoning module ShaderFormatD3D (50)
[2015.08.30-15.23.31:782][572]LogModuleManager: Shutting down and abandoning module MetalShaderFormat (49)
[2015.08.30-15.23.31:782][572]LogModuleManager: Shutting down and abandoning module TextureFormatUncompressed (48)
[2015.08.30-15.23.31:782][572]LogModuleManager: Shutting down and abandoning module TextureFormatPVR (47)
[2015.08.30-15.23.31:782][572]LogModuleManager: Shutting down and abandoning module TextureFormatIntelISPCTexComp (46)
[2015.08.30-15.23.31:782][572]LogModuleManager: Shutting down and abandoning module TextureFormatDXT (45)
[2015.08.30-15.23.31:782][572]LogModuleManager: Shutting down and abandoning module ImageWrapper (44)
[2015.08.30-15.23.31:782][572]LogModuleManager: Shutting down and abandoning module TextureFormatASTC (43)
[2015.08.30-15.23.31:782][572]LogModuleManager: Shutting down and abandoning module TextureFormatAndroid (42)
[2015.08.30-15.23.31:782][572]LogModuleManager: Shutting down and abandoning module AudioFormatOpus (41)
[2015.08.30-15.23.31:782][572]LogModuleManager: Shutting down and abandoning module AudioFormatOgg (40)
[2015.08.30-15.23.31:782][572]LogModuleManager: Shutting down and abandoning module AudioFormatADPCM (39)
[2015.08.30-15.23.31:782][572]LogModuleManager: Shutting down and abandoning module LinuxTargetPlatform (38)
[2015.08.30-15.23.31:782][572]LogModuleManager: Shutting down and abandoning module LinuxServerTargetPlatform (37)
[2015.08.30-15.23.31:782][572]LogModuleManager: Shutting down and abandoning module LinuxNoEditorTargetPlatform (36)
[2015.08.30-15.23.31:782][572]LogModuleManager: Shutting down and abandoning module Messaging (35)
[2015.08.30-15.23.31:782][572]LogModuleManager: Shutting down and abandoning module IOSTargetPlatform (34)
[2015.08.30-15.23.31:782][572]LogModuleManager: Shutting down and abandoning module HTML5TargetPlatform (33)
[2015.08.30-15.23.31:782][572]LogModuleManager: Shutting down and abandoning module Android_PVRTCTargetPlatform (32)
[2015.08.30-15.23.31:782][572]LogModuleManager: Shutting down and abandoning module Android_ETC2TargetPlatform (31)
[2015.08.30-15.23.31:782][572]LogModuleManager: Shutting down and abandoning module Android_ETC1TargetPlatform (30)
[2015.08.30-15.23.31:782][572]LogModuleManager: Shutting down and abandoning module Android_DXTTargetPlatform (29)
[2015.08.30-15.23.31:782][572]LogModuleManager: Shutting down and abandoning module Android_ATCTargetPlatform (28)
[2015.08.30-15.23.31:782][572]LogModuleManager: Shutting down and abandoning module Android_ASTCTargetPlatform (27)
[2015.08.30-15.23.31:782][572]LogModuleManager: Shutting down and abandoning module AndroidTargetPlatform (26)
[2015.08.30-15.23.31:782][572]LogModuleManager: Shutting down and abandoning module WindowsTargetPlatform (25)
[2015.08.30-15.23.31:782][572]LogModuleManager: Shutting down and abandoning module WindowsServerTargetPlatform (24)
[2015.08.30-15.23.31:782][572]LogModuleManager: Shutting down and abandoning module WindowsNoEditorTargetPlatform (23)
[2015.08.30-15.23.31:782][572]LogModuleManager: Shutting down and abandoning module WindowsClientTargetPlatform (22)
[2015.08.30-15.23.31:782][572]LogModuleManager: Shutting down and abandoning module DesktopTargetPlatform (21)
[2015.08.30-15.23.31:782][572]LogModuleManager: Shutting down and abandoning module TargetPlatform (20)
[2015.08.30-15.23.31:782][572]LogModuleManager: Shutting down and abandoning module InputCore (19)
[2015.08.30-15.23.31:782][572]LogModuleManager: Shutting down and abandoning module Settings (18)
[2015.08.30-15.23.31:782][572]LogModuleManager: Shutting down and abandoning module OnlineSubsystem (16)
[2015.08.30-15.23.31:782][572]LogModuleManager: Shutting down and abandoning module HTTP (15)
[2015.08.30-15.23.31:782][572]LogModuleManager: Shutting down and abandoning module ExampleDeviceProfileSelector (14)
[2015.08.30-15.23.31:782][572]LogModuleManager: Shutting down and abandoning module TextureCompressor (13)
[2015.08.30-15.23.31:782][572]LogModuleManager: Shutting down and abandoning module ShaderCore (12)
[2015.08.30-15.23.31:782][572]LogModuleManager: Shutting down and abandoning module Landscape (11)
[2015.08.30-15.23.31:782][572]LogModuleManager: Shutting down and abandoning module SlateRHIRenderer (10)
[2015.08.30-15.23.31:783][572]LogModuleManager: Shutting down and abandoning module OpenGLDrv (9)
[2015.08.30-15.23.31:783][572]LogModuleManager: Shutting down and abandoning module D3D11RHI (8)
[2015.08.30-15.23.31:783][572]LogModuleManager: Shutting down and abandoning module Renderer (7)
[2015.08.30-15.23.31:783][572]LogModuleManager: Shutting down and abandoning module Engine (6)
[2015.08.30-15.23.31:783][572]LogModuleManager: Shutting down and abandoning module CoreUObject (5)
[2015.08.30-15.23.31:783][572]LogModuleManager: Shutting down and abandoning module NetworkFile (4)
[2015.08.30-15.23.31:783][572]LogModuleManager: Shutting down and abandoning module StreamingFile (3)
[2015.08.30-15.23.31:783][572]LogModuleManager: Shutting down and abandoning module SandboxFile (2)
[2015.08.30-15.23.31:783][572]LogModuleManager: Shutting down and abandoning module PakFile (1)
[2015.08.30-15.23.31:783][572]LogExit: Exiting.
[2015.08.30-15.23.31:785][572]Log file closed, 08/30/15 17:23:31
