[2015.08.30-22.15.16:256][  0]Log file open, 08/31/15 00:15:16
[2015.08.30-22.15.16:256][  0]LogInit:Display: Running engine for game: NotPartofGame
[2015.08.30-22.15.16:256][  0]LogInit:Display: RandInit(-1411044072) SRandInit(-1411044071).
[2015.08.30-22.15.16:256][  0]LogTaskGraph: Started task graph with 4 named threads and 7 total threads.
[2015.08.30-22.15.16:256][  0]LogStats: Stats thread started
[2015.08.30-22.15.16:256][  0]LogInit: Version: 4.8.3-2634408+++depot+UE4-Releases+4.8
[2015.08.30-22.15.16:256][  0]LogInit: API Version: 2579680
[2015.08.30-22.15.16:256][  0]LogInit: Compiled (64-bit): Jul 27 2015 16:24:33
[2015.08.30-22.15.16:256][  0]LogInit: Compiled with Visual C++: 18.00.21005.01
[2015.08.30-22.15.16:256][  0]LogInit: Build Configuration: Development
[2015.08.30-22.15.16:256][  0]LogInit: Branch Name: ++depot+UE4-Releases+4.8
[2015.08.30-22.15.16:256][  0]LogInit: Command line: 
[2015.08.30-22.15.16:256][  0]LogInit: Base directory: C:/Users/Bodoo/Documents/Programmieren/4.8/Engine/Binaries/Win64/
[2015.08.30-22.15.16:256][  0]LogInit: Rocket: 1
[2015.08.30-22.15.16:281][  0]LogInit: Using libcurl 7.41.0
[2015.08.30-22.15.16:281][  0]LogInit:  - built for x86_64-pc-win32
[2015.08.30-22.15.16:281][  0]LogInit:  - supports SSL with WinSSL
[2015.08.30-22.15.16:281][  0]LogInit:  - other features:
[2015.08.30-22.15.16:281][  0]LogInit:      CURL_VERSION_SSL
[2015.08.30-22.15.16:281][  0]LogInit:      CURL_VERSION_IPV6
[2015.08.30-22.15.16:281][  0]LogInit:      CURL_VERSION_ASYNCHDNS
[2015.08.30-22.15.16:281][  0]LogInit:      CURL_VERSION_LARGEFILE
[2015.08.30-22.15.16:281][  0]LogInit:      CURL_VERSION_IDN
[2015.08.30-22.15.16:281][  0]LogInit:  CurlRequestOptions (configurable via config and command line):
[2015.08.30-22.15.16:281][  0]LogInit:  - bVerifyPeer = true  - Libcurl will verify peer certificate
[2015.08.30-22.15.16:281][  0]LogInit:  - bUseHttpProxy = false  - Libcurl will NOT use HTTP proxy
[2015.08.30-22.15.16:281][  0]LogInit:  - bDontReuseConnections = false  - Libcurl will reuse connections
[2015.08.30-22.15.16:281][  0]LogInit:  - CertBundlePath = nullptr  - Libcurl will use whatever was configured at build time.
[2015.08.30-22.15.16:294][  0]LogOnline:Warning: No default platform service specified for OnlineSubsystem
[2015.08.30-22.15.16:312][  0]LogInit: Presizing for 0 objects not considered by GC, pre-allocating 0 bytes.
[2015.08.30-22.15.16:321][  0]LogInit: Object subsystem initialized
[2015.08.30-22.15.16:322][  0]LogConsoleResponse:Warning: Skipping Unknown console variable: 'UIScaleCurve = (EditorCurveData=(Keys=((Time=480.000000,Value=0.444000),(Time=720.000000,Value=0.666000),(Time=1080.000000,Value=1.000000),(Time=8640.000000,Value=8.000000))),ExternalCurve=None)'
[2015.08.30-22.15.16:322][  0]LogConsoleResponse:Warning:   Found in ini file 'C:/Users/Bodoo/Documents/Programmieren/Projekte/NotPartofTheGame/Saved/Config/Windows/Engine.ini', in section '[/Script/Engine.RendererSettings]'
[2015.08.30-22.15.16:322][  0]LogConsoleManager:Warning: Console variable 'r.MSAA.CompositingSampleCount' wasn't set ('Scalability' has a lower priority than 'ProjectSetting')
[2015.08.30-22.15.16:322][  0]LogInit: Selected Device Profile: [Windows]
[2015.08.30-22.15.16:322][  0]LogInit: Applying CVar settings loaded from the selected device profile: [Windows]
[2015.08.30-22.15.16:343][  0]LogInit: Computer: DESKTOP-GLF6O4V
[2015.08.30-22.15.16:343][  0]LogInit: User: Bodoo
[2015.08.30-22.15.16:343][  0]LogInit: CPU Page size=4096, Cores=4
[2015.08.30-22.15.16:343][  0]LogInit: High frequency timer resolution =3.215351 MHz
[2015.08.30-22.15.16:343][  0]LogMemory: Memory total: Physical=12.0GB (12GB approx)
[2015.08.30-22.15.16:343][  0]LogMemory: Platform Memory Stats for Windows
[2015.08.30-22.15.16:343][  0]LogMemory: Process Physical Memory: 50.53 MB used, 50.53 MB peak
[2015.08.30-22.15.16:343][  0]LogMemory: Process Virtual Memory: 22.51 MB used, 22.51 MB peak
[2015.08.30-22.15.16:343][  0]LogMemory: Physical Memory: 2514.80 MB used, 12270.70 MB total
[2015.08.30-22.15.16:343][  0]LogMemory: Virtual Memory: 309.61 MB used, 134217728.00 MB total
[2015.08.30-22.15.16:375][  0]LogTextLocalizationManager: The requested culture ('de_DE') has no localization data; falling back to 'en' for localization and internationalization data.
[2015.08.30-22.15.16:615][  0]LogTextLocalizationManager:Warning: Loaded localization resources contain conflicting entries for (Namespace:ContentBrowser, Key:ImportAssetToolTip):
Localization Resource: (C:/Users/Bodoo/Documents/Programmieren/4.8/Engine/Content/Localization/Editor/en/Editor.locres) Source String Hash: (-630476809) Localized String: (Import to {0}...)
Localization Resource: (C:/Users/Bodoo/Documents/Programmieren/4.8/Engine/Content/Localization/Editor/en/Editor.locres) Source String Hash: (1271782899) Localized String: (Imports an asset from file to this folder.)
[2015.08.30-22.15.17:058][  0]LogD3D11RHI: Found D3D11 adapter 0: AMD Radeon HD 6800 Series (Feature Level 11_0)
[2015.08.30-22.15.17:058][  0]LogD3D11RHI: Adapter has 1011MB of dedicated video memory, 0MB of dedicated system memory, and 3840MB of shared system memory, 1 output[s]
[2015.08.30-22.15.17:059][  0]LogD3D11RHI: Found D3D11 adapter 1: Microsoft Basic Render Driver (Feature Level 11_0)
[2015.08.30-22.15.17:059][  0]LogD3D11RHI: Adapter has 0MB of dedicated video memory, 0MB of dedicated system memory, and 6135MB of shared system memory, 0 output[s]
[2015.08.30-22.15.17:059][  0]LogD3D11RHI: Chosen D3D11 Adapter Id = 0
[2015.08.30-22.15.17:063][  0]LogD3D11RHI: InitD3DDevice
[2015.08.30-22.15.17:063][  0]LogD3D11RHI: !Direct3DDevice
[2015.08.30-22.15.17:063][  0]LogRHI: Texture pool is 708 MB (70% of 1011 MB)
[2015.08.30-22.15.17:069][  0]LogD3D11RHI: Async texture creation disabled: no driver support
[2015.08.30-22.15.17:080][  0]LogShaderCompilers:Display: Using Local Shader Compiler.
[2015.08.30-22.15.17:909][  0]LogTemp:Display: Loaded TP DesktopTargetPlatform
[2015.08.30-22.15.17:923][  0]LogTemp:Display: Loaded TP WindowsClientTargetPlatform
[2015.08.30-22.15.17:938][  0]LogTemp:Display: Loaded TP WindowsNoEditorTargetPlatform
[2015.08.30-22.15.17:953][  0]LogTemp:Display: Loaded TP WindowsServerTargetPlatform
[2015.08.30-22.15.17:970][  0]LogTemp:Display: Loaded TP WindowsTargetPlatform
[2015.08.30-22.15.17:982][  0]LogTemp:Display: Loaded TP AndroidTargetPlatform
[2015.08.30-22.15.17:995][  0]LogTemp:Display: Loaded TP Android_ASTCTargetPlatform
[2015.08.30-22.15.18:008][  0]LogTemp:Display: Loaded TP Android_ATCTargetPlatform
[2015.08.30-22.15.18:021][  0]LogTemp:Display: Loaded TP Android_DXTTargetPlatform
[2015.08.30-22.15.18:034][  0]LogTemp:Display: Loaded TP Android_ETC1TargetPlatform
[2015.08.30-22.15.18:047][  0]LogTemp:Display: Loaded TP Android_ETC2TargetPlatform
[2015.08.30-22.15.18:060][  0]LogTemp:Display: Loaded TP Android_PVRTCTargetPlatform
[2015.08.30-22.15.18:109][  0]LogTemp:Display: Loaded TP IOSTargetPlatform
[2015.08.30-22.15.18:122][  0]LogTemp:Display: Loaded TP LinuxNoEditorTargetPlatform
[2015.08.30-22.15.18:135][  0]LogTemp:Display: Loaded TP LinuxServerTargetPlatform
[2015.08.30-22.15.18:150][  0]LogTemp:Display: Loaded TP LinuxTargetPlatform
[2015.08.30-22.15.18:150][  0]LogTargetPlatformManager:Display: Building Assets For Windows
[2015.08.30-22.15.18:365][  0]LogDerivedDataCache:Display: Max Cache Size: 512 MB
[2015.08.30-22.15.18:428][  0]LogDerivedDataCache: Loaded boot cache 0.06s 53MB C:/Users/Bodoo/AppData/Local/UnrealEngine/4.8/DerivedDataCache/Boot.ddc.
[2015.08.30-22.15.18:428][  0]LogDerivedDataCache:Display: Loaded Boot cache: C:/Users/Bodoo/AppData/Local/UnrealEngine/4.8/DerivedDataCache/Boot.ddc
[2015.08.30-22.15.18:428][  0]LogDerivedDataCache: FDerivedDataBackendGraph:  Pak pak cache file ../../../../Projekte/NotPartofTheGame/DerivedDataCache/DDC.ddp not found, will not use a pak cache.
[2015.08.30-22.15.18:428][  0]LogDerivedDataCache: Unable to find inner node Pak for hierarchical cache Hierarchy.
[2015.08.30-22.15.18:428][  0]LogDerivedDataCache: FDerivedDataBackendGraph:  CompressedPak pak cache file ../../../../Projekte/NotPartofTheGame/DerivedDataCache/Compressed.ddp not found, will not use a pak cache.
[2015.08.30-22.15.18:429][  0]LogDerivedDataCache: Unable to find inner node CompressedPak for hierarchical cache Hierarchy.
[2015.08.30-22.15.18:578][  0]LogDerivedDataCache:Display: Pak cache opened for reading ../../../Engine/DerivedDataCache/Compressed.ddp.
[2015.08.30-22.15.18:590][  0]LogDerivedDataCache: Using Local data cache path C:/Users/Bodoo/AppData/Local/UnrealEngine/Common/DerivedDataCache: Writable
[2015.08.30-22.15.18:838][  0]LogInit: Selected Device Profile: [Windows]
[2015.08.30-22.15.18:932][  0]ImportText (ComponentSweepMultiTests): Missing closing parenthesis: (RootShapeAsset="/Engine/BasicShapes/Cube.Cube",ShapeType="TriggerCapsule",HitResult=(Time=0.50,Location=(X=-100.000015,Y=0.0,Z=100.000015),ImpactPoint=(X=-50.0,Y=0.0,Z=50.0),Normal=(X=-1.0,Y=-0.0,Z=0.0),ImpactNormal=(X=0.0,Y=0.0,Z=1.0),TraceStart=(X=-200.0,Y=0.0,Z=200.0),TraceEnd=(X=0.0,Y=0.0,Z=0.0))
[2015.08.30-22.15.18:932][  0]ImportText (LineTraceSingleByChannelTests): Missing closing parenthesis: (RootShapeAsset="/Engine/BasicShapes/Cube.Cube",HitResult=(Time=0.50,Location=(X=-100.000015,Y=0.0,Z=100.000015),ImpactPoint=(X=-50.0,Y=0.0,Z=50.0),Normal=(X=-1.0,Y=-0.0,Z=0.0),ImpactNormal=(X=0.0,Y=0.0,Z=1.0),TraceStart=(X=-200.0,Y=0.0,Z=200.0),TraceEnd=(X=0.0,Y=0.0,Z=0.0))
[2015.08.30-22.15.18:962][  0]LogMeshUtilities: No automatic mesh reduction module available
[2015.08.30-22.15.18:962][  0]LogMeshUtilities: No automatic mesh merging module available
[2015.08.30-22.15.19:317][  0]LogInit: WinSock: version 1.1 (2.2), MaxSocks=32767, MaxUdp=65467
[2015.08.30-22.15.20:896][  0]LogAssetRegistry: FAssetRegistry took 0.0114 seconds to start up
[2015.08.30-22.15.20:912][  0]LogDirectoryWatcher:Warning: Failed to begin reading directory changes for ../../../Engine/Plugins/Experimental/CharacterAI/Content/. Error: 0
[2015.08.30-22.15.20:928][  0]UdpMessaging: Initializing bridge on interface 0.0.0.0:0 to multicast group 230.0.0.1:6666.
[2015.08.30-22.15.21:294][  0]SourceControl: Info Source control is disabled
[2015.08.30-22.15.21:333][  0]SourceControl: Info Source control is disabled
[2015.08.30-22.15.21:343][  0]SourceControl: Info Source control is disabled
[2015.08.30-22.15.21:354][  0]SourceControl: Info Source control is disabled
[2015.08.30-22.15.21:654][  0]LogObj: 26440 objects as part of root set at end of initial load.
[2015.08.30-22.15.21:654][  0]LogUObjectAllocator: 5438864 out of 0 bytes used by permanent object pool.
[2015.08.30-22.15.21:728][  0]LogEngine: Initializing Engine...
[2015.08.30-22.15.21:730][  0]LogHMD: Can't find Oculus library dev build: is proper Runtime installed? Version: 0.6.0.0
[2015.08.30-22.15.21:731][  0]LogHMD:Warning: SteamVR failed to initialize.  Error: 110
[2015.08.30-22.15.21:893][  0]LogAIModule: Creating AISystem for world NewWorld
[2015.08.30-22.15.21:898][  0]LogInit: XAudio2 using 'Lautsprecher (G510s Gaming Keyboard)' : 2 channels at 48 kHz using 16 bits per sample (channel mask 0x3)
[2015.08.30-22.15.21:904][  0]LogInit: FAudioDevice initialized.
[2015.08.30-22.15.21:933][  0]LogDerivedDataCache: Saved boot cache 0.03s 53MB C:/Users/Bodoo/AppData/Local/UnrealEngine/4.8/DerivedDataCache/Boot.ddc.
[2015.08.30-22.15.21:944][  0]LogInit: Texture streaming: Disabled
[2015.08.30-22.15.21:969][  0]LogAnalytics: Creating configured Analytics provider AnalyticsET
[2015.08.30-22.15.21:969][  0]LogAnalytics: [UEEditor.Rocket.Release] APIServer = http://et2.epicgames.com/ET2/. AppVersion = 4.8.3-2634408+++depot+UE4-Releases+4.8
[2015.08.30-22.15.21:969][  0]LogAnalytics: [UEEditor.Rocket.Release] SetUserId 0359330b4a4de6cf49a2cc9879aa4f35||823e2c57-8ae8-4d61-a04c-15505c18bf02
[2015.08.30-22.15.21:969][  0]LogAnalytics: [UEEditor.Rocket.Release] AnalyticsET::StartSession
[2015.08.30-22.15.21:993][  0]LogInit: Transaction tracking system initialized
[2015.08.30-22.15.22:121][  0]BlueprintLog: New page: Editor Load
[2015.08.30-22.15.22:750][  0]LogConsoleManager:Warning: Console variable 'r.VSync' wasn't set ('GameSetting' has a lower priority than 'SystemSettingsIni')
[2015.08.30-22.15.22:750][  0]LogConsoleResponse:Display: 
[2015.08.30-22.15.22:864][  0]LogCook:Display: Done creating registry. It took  0.00s.
[2015.08.30-22.15.23:061][  0]SourceControl: Info Source control is disabled
[2015.08.30-22.15.23:061][  0]Cmd: MAP LOAD FILE="../../../../Projekte/NotPartofTheGame/Content/NPOTG/Maps/Testing_Level.umap" TEMPLATE=0 SHOWPROGRESS=1 FEATURELEVEL=3
[2015.08.30-22.15.23:062][  0]LightingResults: New page: Lighting Build
[2015.08.30-22.15.23:075][  0]MapCheck: New page: Map Check
[2015.08.30-22.15.23:075][  0]LightingResults: New page: Lighting Build
[2015.08.30-22.15.23:084][  0]LogParticles: Destroying 0 GPU particle simulations for FXSystem 0x0000005235A2F920
[2015.08.30-22.15.25:484][  0]LogAIModule: Creating AISystem for world Testing_Level
[2015.08.30-22.15.25:486][  0]LogPrimitiveComponent: Zero scaling not supported (/Game/NPOTG/Maps/Testing_Level.Testing_Level:PersistentLevel.PlayerStart.CollisionCapsule)
[2015.08.30-22.15.25:567][  0]LogEditorServer: Finished looking for orphan Actors (0.000 secs)
[2015.08.30-22.15.25:570][  0]Cmd: MAP CHECKDEP NOCLEARLOG
[2015.08.30-22.15.25:635][  0]MapCheck: Info Map check complete: 0 Error(s), 0 Warning(s), took 65.181ms to complete.
[2015.08.30-22.15.25:635][  0]LogFileHelpers: Loading map 'Testing_Level' took 2.575
[2015.08.30-22.15.25:773][  0]LogCollectionManager: Loaded 0 collections in 0.001913 seconds
[2015.08.30-22.15.25:781][  0]LogContentBrowser: Native class hierarchy populated in 0.0080 seconds. Added 1807 classes and 307 folders.
[2015.08.30-22.15.25:831][  0]LogContentBrowser: Native class hierarchy updated for 'WidgetCarousel' in 0.0004 seconds. Added 0 classes and 0 folders.
[2015.08.30-22.15.25:920][  0]LogContentBrowser: Native class hierarchy updated for 'AddContentDialog' in 0.0004 seconds. Added 0 classes and 0 folders.
[2015.08.30-22.15.25:937][  0]LogContentBrowser: Native class hierarchy updated for 'SceneOutliner' in 0.0004 seconds. Added 1 classes and 2 folders.
[2015.08.30-22.15.26:016][  0]LogCrashTracker: Crashtracker disabled due to settings.
[2015.08.30-22.15.26:017][  0]LogD3D11RHI: InitD3DDevice
[2015.08.30-22.15.26:035][  0]LogUObjectGlobals:Warning: Failed to find object 'Class None.'
[2015.08.30-22.15.26:058][  0]LogLoad: Full Startup: 11.84 seconds (BP compile: 1.25 seconds)
[2015.08.30-22.15.26:067][  0]LogWindowsTextInputMethodSystem:Display: IME system now deactivated.
[2015.08.30-22.15.26:067][  0]LogWindowsTextInputMethodSystem:Display: IME system now deactivated.
[2015.08.30-22.15.26:175][  0]LogContentStreaming: Texture pool size is 0.000000MB
[2015.08.30-22.15.26:224][  0]LogContentStreaming: Texture pool size now 1000 MB
[2015.08.30-22.15.26:432][  1]LogRenderer: Reallocating scene render targets to support 704x504 (Frame:2).
[2015.08.30-22.15.28:246][  9]LogAssetRegistry: Asset discovery search completed in 7.3611 seconds
[2015.08.30-22.15.28:319][ 14]LogD3D11RHI: InitD3DDevice
[2015.08.30-22.15.29:621][122]LogRenderer: Reallocating scene render targets to support 1208x576 (Frame:115).
[2015.08.30-22.15.43:639][184]LogD3D11RHI: InitD3DDevice
[2015.08.30-22.15.43:859][206]LogD3D11RHI: InitD3DDevice
[2015.08.30-22.15.44:618][294]LogD3D11RHI: InitD3DDevice
[2015.08.30-22.15.54:288][ 96]LogD3D11RHI: InitD3DDevice
[2015.08.30-22.15.55:717][ 96]LogD3D11RHI: InitD3DDevice
[2015.08.30-22.15.55:781][ 96]LogD3D11RHI: InitD3DDevice
[2015.08.30-22.15.55:801][ 96]LogD3D11RHI: InitD3DDevice
[2015.08.30-22.16.04:341][778]LogD3D11RHI: InitD3DDevice
[2015.08.30-22.16.18:334][383]LogD3D11RHI: InitD3DDevice
[2015.08.30-22.16.19:128][475]LogD3D11RHI: InitD3DDevice
[2015.08.30-22.16.21:412][745]LogD3D11RHI: InitD3DDevice
[2015.08.30-22.16.21:434][745]LogD3D11RHI: InitD3DDevice
[2015.08.30-22.16.21:576][745]LogD3D11RHI: InitD3DDevice
[2015.08.30-22.16.21:600][745]Cmd: OBJ SAVEPACKAGE PACKAGE="/Game/NPOTG/Sprites/Tiles/höhle" FILE="../../../../Projekte/NotPartofTheGame/Content/NPOTG/Sprites/Tiles/höhle.uasset" SILENT=true
[2015.08.30-22.16.21:606][745]LogSavePackage: Save=4.194876ms
[2015.08.30-22.16.21:606][745]LogSavePackage: Moving '../../../../Projekte/NotPartofTheGame/Saved/höhle18CA9C9743E922100E6C03876CB7BAE6.tmp' to '../../../../Projekte/NotPartofTheGame/Content/NPOTG/Sprites/Tiles/höhle.uasset'
[2015.08.30-22.16.21:626][745]Cmd: OBJ SAVEPACKAGE PACKAGE="/Game/NPOTG/Sprites/Tiles/höhle_Sprite_0" FILE="../../../../Projekte/NotPartofTheGame/Content/NPOTG/Sprites/Tiles/höhle_Sprite_0.uasset" SILENT=true
[2015.08.30-22.16.21:635][745]LogSavePackage: Save=6.761003ms
[2015.08.30-22.16.21:635][745]LogSavePackage: Moving '../../../../Projekte/NotPartofTheGame/Saved/höhle_Sprite_0C7A609FC4B34AA00DB949A94E0253E0B.tmp' to '../../../../Projekte/NotPartofTheGame/Content/NPOTG/Sprites/Tiles/höhle_Sprite_0.uasset'
[2015.08.30-22.16.21:652][745]Cmd: OBJ SAVEPACKAGE PACKAGE="/Game/NPOTG/Sprites/Tiles/höhle_Sprite_1" FILE="../../../../Projekte/NotPartofTheGame/Content/NPOTG/Sprites/Tiles/höhle_Sprite_1.uasset" SILENT=true
[2015.08.30-22.16.21:660][745]LogSavePackage: Save=6.714353ms
[2015.08.30-22.16.21:660][745]LogSavePackage: Moving '../../../../Projekte/NotPartofTheGame/Saved/höhle_Sprite_163443B0D4BEF9EEA8079308732239DAB.tmp' to '../../../../Projekte/NotPartofTheGame/Content/NPOTG/Sprites/Tiles/höhle_Sprite_1.uasset'
[2015.08.30-22.16.21:678][745]Cmd: OBJ SAVEPACKAGE PACKAGE="/Game/NPOTG/Sprites/Tiles/höhle_Sprite_2" FILE="../../../../Projekte/NotPartofTheGame/Content/NPOTG/Sprites/Tiles/höhle_Sprite_2.uasset" SILENT=true
[2015.08.30-22.16.21:687][745]LogSavePackage: Save=6.692893ms
[2015.08.30-22.16.21:687][745]LogSavePackage: Moving '../../../../Projekte/NotPartofTheGame/Saved/höhle_Sprite_263D311E94C61E9D62DE2669AAACA59F8.tmp' to '../../../../Projekte/NotPartofTheGame/Content/NPOTG/Sprites/Tiles/höhle_Sprite_2.uasset'
[2015.08.30-22.16.21:702][745]Cmd: OBJ SAVEPACKAGE PACKAGE="/Game/NPOTG/Sprites/Tiles/höhle_Sprite_3" FILE="../../../../Projekte/NotPartofTheGame/Content/NPOTG/Sprites/Tiles/höhle_Sprite_3.uasset" SILENT=true
[2015.08.30-22.16.21:711][745]LogSavePackage: Save=6.933613ms
[2015.08.30-22.16.21:711][745]LogSavePackage: Moving '../../../../Projekte/NotPartofTheGame/Saved/höhle_Sprite_3E527CD6448F981FE2057F0A7E2A0083E.tmp' to '../../../../Projekte/NotPartofTheGame/Content/NPOTG/Sprites/Tiles/höhle_Sprite_3.uasset'
[2015.08.30-22.16.21:725][745]Cmd: OBJ SAVEPACKAGE PACKAGE="/Game/NPOTG/Sprites/Tiles/höhle_Sprite_4" FILE="../../../../Projekte/NotPartofTheGame/Content/NPOTG/Sprites/Tiles/höhle_Sprite_4.uasset" SILENT=true
[2015.08.30-22.16.21:733][745]LogSavePackage: Save=6.664280ms
[2015.08.30-22.16.21:734][745]LogSavePackage: Moving '../../../../Projekte/NotPartofTheGame/Saved/höhle_Sprite_45B58EBA1495C985C935F54A5F2A043C3.tmp' to '../../../../Projekte/NotPartofTheGame/Content/NPOTG/Sprites/Tiles/höhle_Sprite_4.uasset'
[2015.08.30-22.16.21:782][745]Cmd: OBJ SAVEPACKAGE PACKAGE="/Game/NPOTG/Sprites/Tiles/höhle_Sprite_5" FILE="../../../../Projekte/NotPartofTheGame/Content/NPOTG/Sprites/Tiles/höhle_Sprite_5.uasset" SILENT=true
[2015.08.30-22.16.21:791][745]LogSavePackage: Save=6.554805ms
[2015.08.30-22.16.21:791][745]LogSavePackage: Moving '../../../../Projekte/NotPartofTheGame/Saved/höhle_Sprite_572FDC7A445E7567D57E81295DF0C45BA.tmp' to '../../../../Projekte/NotPartofTheGame/Content/NPOTG/Sprites/Tiles/höhle_Sprite_5.uasset'
[2015.08.30-22.16.21:808][745]Cmd: OBJ SAVEPACKAGE PACKAGE="/Game/NPOTG/Sprites/Tiles/höhle_Sprite_6" FILE="../../../../Projekte/NotPartofTheGame/Content/NPOTG/Sprites/Tiles/höhle_Sprite_6.uasset" SILENT=true
[2015.08.30-22.16.21:818][745]LogSavePackage: Save=6.766602ms
[2015.08.30-22.16.21:818][745]LogSavePackage: Moving '../../../../Projekte/NotPartofTheGame/Saved/höhle_Sprite_6E3E23B9144DAC46DB08313A6CED601C7.tmp' to '../../../../Projekte/NotPartofTheGame/Content/NPOTG/Sprites/Tiles/höhle_Sprite_6.uasset'
[2015.08.30-22.16.21:836][745]Cmd: OBJ SAVEPACKAGE PACKAGE="/Game/NPOTG/Sprites/Tiles/höhle_Sprite_7" FILE="../../../../Projekte/NotPartofTheGame/Content/NPOTG/Sprites/Tiles/höhle_Sprite_7.uasset" SILENT=true
[2015.08.30-22.16.21:844][745]LogSavePackage: Save=6.543920ms
[2015.08.30-22.16.21:844][745]LogSavePackage: Moving '../../../../Projekte/NotPartofTheGame/Saved/höhle_Sprite_77D973F1A4DA9864769A8B0BFBAAE5C70.tmp' to '../../../../Projekte/NotPartofTheGame/Content/NPOTG/Sprites/Tiles/höhle_Sprite_7.uasset'
[2015.08.30-22.16.21:862][745]Cmd: OBJ SAVEPACKAGE PACKAGE="/Game/NPOTG/Sprites/Tiles/höhle_Sprite_8" FILE="../../../../Projekte/NotPartofTheGame/Content/NPOTG/Sprites/Tiles/höhle_Sprite_8.uasset" SILENT=true
[2015.08.30-22.16.21:870][745]LogSavePackage: Save=6.655261ms
[2015.08.30-22.16.21:870][745]LogSavePackage: Moving '../../../../Projekte/NotPartofTheGame/Saved/höhle_Sprite_81F1F88404B2FA02E12CD2093DD2C1649.tmp' to '../../../../Projekte/NotPartofTheGame/Content/NPOTG/Sprites/Tiles/höhle_Sprite_8.uasset'
[2015.08.30-22.16.21:877][745]LogD3D11RHI: InitD3DDevice
[2015.08.30-22.16.22:139][745]LogD3D11RHI: InitD3DDevice
[2015.08.30-22.17.03:661][523]LogD3D11RHI: InitD3DDevice
[2015.08.30-22.17.03:694][523]LogD3D11RHI: InitD3DDevice
[2015.08.30-22.17.04:900][523]LogFactory: FactoryCreateBinary: Texture with TextureFactory (0 0 C:\Users\Bodoo\Documents\Programmieren\Projekte\NotPartofTheGame\src\höhle.png)
[2015.08.30-22.17.04:905][523]LogD3D11RHI: InitD3DDevice
[2015.08.30-22.17.06:032][523]LogTexture:Display: Building textures: höhle (AutoDXT)
[2015.08.30-22.17.07:785][707]LogD3D11RHI: InitD3DDevice
[2015.08.30-22.17.08:004][728]LogD3D11RHI: InitD3DDevice
[2015.08.30-22.17.09:090][853]LogD3D11RHI: InitD3DDevice
[2015.08.30-22.17.10:900][ 68]LogTexture:Display: Building textures: höhle (BGRA8)
[2015.08.30-22.17.14:725][506]LogD3D11RHI: InitD3DDevice
[2015.08.30-22.17.29:592][932]LogD3D11RHI: InitD3DDevice
[2015.08.30-22.17.33:979][328]LogD3D11RHI: InitD3DDevice
[2015.08.30-22.17.36:734][572]LogD3D11RHI: InitD3DDevice
[2015.08.30-22.17.38:961][772]LogEditorViewport: Clicking on Actor (LMB): PaperSpriteActor (höhle_Sprite_1)
[2015.08.30-22.20.14:481][331]LogEditorViewport: Clicking Background
[2015.08.30-22.20.20:246][540]LogD3D11RHI: InitD3DDevice
[2015.08.30-22.20.20:257][540]LogFactory: FactoryCreateBinary: Texture with TextureFactory (0 0 C:\Users\Bodoo\Documents\Programmieren\Projekte\NotPartofTheGame\src\höhle background.png)
[2015.08.30-22.20.20:259][540]LogTexture:Display: Building textures: höhle_background (AutoDXT)
[2015.08.30-22.20.21:637][549]LogD3D11RHI: InitD3DDevice
[2015.08.30-22.20.22:081][597]LogD3D11RHI: InitD3DDevice
[2015.08.30-22.20.22:390][631]LogD3D11RHI: InitD3DDevice
[2015.08.30-22.20.22:688][664]LogD3D11RHI: InitD3DDevice
[2015.08.30-22.20.25:398][981]LogTexture:Display: Building textures: höhle_background (BGRA8)
[2015.08.30-22.20.26:463][ 95]LogD3D11RHI: InitD3DDevice
[2015.08.30-22.20.26:689][118]LogD3D11RHI: InitD3DDevice
[2015.08.30-22.20.26:999][152]LogD3D11RHI: InitD3DDevice
[2015.08.30-22.20.29:269][404]LogD3D11RHI: InitD3DDevice
[2015.08.30-22.20.41:120][623]LogEditorViewport: Clicking Background
[2015.08.30-22.20.43:618][917]LogEditorViewport: Clicking on Actor (LMB): PaperSpriteActor (höhle_background_Sprite)
[2015.08.30-22.20.44:818][ 11]LogD3D11RHI: InitD3DDevice
[2015.08.30-22.20.50:090][499]LogEditorViewport: Clicking Background
[2015.08.30-22.20.51:419][655]LogEditorViewport: Clicking on Actor (LMB): PaperSpriteActor (höhle_background_Sprite)
[2015.08.30-22.21.14:467][830]LogEditorViewport: Clicking Background
[2015.08.30-22.21.17:899][213]LogD3D11RHI: InitD3DDevice
[2015.08.30-22.21.20:783][525]LogEditorViewport: Clicking Background
[2015.08.30-22.22.51:078][481]LogD3D11RHI: InitD3DDevice
[2015.08.30-22.22.57:670][163]LogEditorViewport: Clicking Background
[2015.08.30-22.22.58:748][289]LogEditorViewport: Clicking on Actor (LMB): PaperSpriteActor (höhle_Sprite_22)
[2015.08.30-22.22.59:534][360]LogEditorViewport: Clicking Background
[2015.08.30-22.23.00:246][442]LogEditorViewport: Clicking on Actor (LMB): PaperSpriteActor (höhle_Sprite_18)
[2015.08.30-22.23.01:559][567]LogEditorViewport: Clicking on Actor (LMB): PaperSpriteActor (höhle_Sprite_22)
[2015.08.30-22.23.03:416][744]LogEditorViewport: Clicking on Actor (LMB): PaperSpriteActor (höhle_Sprite_21)
[2015.08.30-22.23.05:348][928]LogEditorViewport: Clicking Background
[2015.08.30-22.23.06:046][  7]LogEditorViewport: Clicking on Actor (LMB): PaperSpriteActor (höhle_Sprite_22)
[2015.08.30-22.23.09:575][335]LogEditorViewport: Clicking Background
[2015.08.30-22.23.10:741][467]LogEditorViewport: Clicking on Actor (LMB): PaperSpriteActor (höhle_Sprite_23)
[2015.08.30-22.23.14:099][778]LogEditorViewport: Clicking Background
[2015.08.30-22.23.27:085][254]LogD3D11RHI: InitD3DDevice
[2015.08.30-22.23.32:383][850]LogEditorViewport: Clicking Background
[2015.08.30-22.23.38:571][552]LogD3D11RHI: InitD3DDevice
[2015.08.30-22.23.47:155][541]LogEditorViewport: Clicking Background
[2015.08.30-22.23.54:952][431]LogD3D11RHI: InitD3DDevice
[2015.08.30-22.24.07:872][932]LogEditorViewport: Clicking Background
[2015.08.30-22.24.10:226][192]LogD3D11RHI: InitD3DDevice
[2015.08.30-22.24.12:266][289]LogD3D11RHI: InitD3DDevice
[2015.08.30-22.24.18:829][ 38]LogEditorViewport: Clicking Background
[2015.08.30-22.24.20:276][204]LogD3D11RHI: InitD3DDevice
[2015.08.30-22.24.23:434][531]LogD3D11RHI: InitD3DDevice
[2015.08.30-22.24.25:762][731]LogD3D11RHI: InitD3DDevice
[2015.08.30-22.24.30:394][125]LogD3D11RHI: InitD3DDevice
[2015.08.30-22.24.32:545][308]LogEditorViewport: Clicking Background
[2015.08.30-22.24.34:340][516]LogEditorViewport: Clicking on Actor (LMB): PaperSpriteActor (höhle_Sprite_30)
[2015.08.30-22.24.38:799][949]LogEditorViewport: Clicking Background
[2015.08.30-22.24.40:249][115]LogEditorViewport: Clicking on Actor (LMB): PaperSpriteActor (höhle_Sprite_30)
[2015.08.30-22.24.44:174][494]LogEditorViewport: Clicking Background
[2015.08.30-22.24.50:544][220]LogD3D11RHI: InitD3DDevice
[2015.08.30-22.24.53:428][516]LogD3D11RHI: InitD3DDevice
[2015.08.30-22.24.56:237][761]LogD3D11RHI: InitD3DDevice
[2015.08.30-22.25.03:923][465]LogEditorViewport: Clicking on Actor (LMB): PaperSpriteActor (höhle_Sprite_31)
[2015.08.30-22.25.07:435][795]LogEditorViewport: Clicking on Actor (LMB): PaperSpriteActor (höhle_Sprite_32)
[2015.08.30-22.25.09:152][956]LogEditorViewport: Clicking on Actor (LMB): PaperSpriteActor (höhle_Sprite_33)
[2015.08.30-22.25.11:912][209]LogEditorViewport: Clicking on Actor (LMB): PaperSpriteActor (höhle_Sprite_32)
[2015.08.30-22.25.18:190][780]LogD3D11RHI: InitD3DDevice
[2015.08.30-22.25.21:293][ 47]LogD3D11RHI: InitD3DDevice
[2015.08.30-22.25.28:006][629]LogD3D11RHI: InitD3DDevice
[2015.08.30-22.25.30:746][875]LogEditorViewport: Clicking Background
[2015.08.30-22.25.33:259][163]LogD3D11RHI: InitD3DDevice
[2015.08.30-22.25.36:417][493]LogD3D11RHI: InitD3DDevice
[2015.08.30-22.25.39:391][760]LogEditorViewport: Clicking Background
[2015.08.30-22.25.40:646][900]LogD3D11RHI: InitD3DDevice
[2015.08.30-22.25.43:843][242]LogD3D11RHI: InitD3DDevice
[2015.08.30-22.25.45:538][389]LogEditorViewport: Clicking Background
[2015.08.30-22.25.48:042][671]LogD3D11RHI: InitD3DDevice
[2015.08.30-22.25.55:750][488]LogEditorViewport: Clicking Background
[2015.08.30-22.25.56:780][603]LogD3D11RHI: InitD3DDevice
[2015.08.30-22.25.58:967][836]LogEditorViewport: Clicking Background
[2015.08.30-22.26.05:645][607]LogD3D11RHI: InitD3DDevice
[2015.08.30-22.26.08:270][879]LogEditorViewport: Clicking Background
[2015.08.30-22.26.09:436][ 15]LogEditorViewport: Clicking on Actor (LMB): PaperSpriteActor (höhle_background_Sprite4)
[2015.08.30-22.26.10:290][ 92]Cmd: DELETE
[2015.08.30-22.26.10:290][ 92]Cmd: ACTOR DELETE
[2015.08.30-22.26.10:293][ 92]LogEditorActor: Deleted Actor: PaperSpriteActor
[2015.08.30-22.26.10:318][ 92]LogEditorActor: Deleted 1 Actors (0.028 secs)
[2015.08.30-22.26.11:017][172]LogEditorViewport: Clicking on Actor (LMB): PaperSpriteActor (höhle_background_Sprite)
[2015.08.30-22.26.31:256][ 30]LogD3D11RHI: InitD3DDevice
[2015.08.30-22.26.38:320][630]LogEditorViewport: Clicking on Actor (LMB): PaperSpriteActor (höhle_background_Sprite5)
[2015.08.30-22.26.46:235][262]LogD3D11RHI: InitD3DDevice
[2015.08.30-22.26.47:147][262]LogD3D11RHI: InitD3DDevice
[2015.08.30-22.26.47:218][262]LogSavePackage: Save=4.189589ms
[2015.08.30-22.26.47:218][262]LogSavePackage: Moving '../../../../Projekte/NotPartofTheGame/Saved/hauptcharakter_normal110431474E7ED6DEE2DD08817127151B.tmp' to '../../../../Projekte/NotPartofTheGame/Content/NPOTG/Sprites/Charaktere/HEro_guy/hauptcharakter_normal.uasset'
[2015.08.30-22.26.47:228][262]Cmd: OBJ SAVEPACKAGE PACKAGE="/Game/NPOTG/Sprites/Tiles/höhle" FILE="../../../../Projekte/NotPartofTheGame/Content/NPOTG/Sprites/Tiles/höhle.uasset" SILENT=true
[2015.08.30-22.26.47:275][262]LogSavePackage: Save=3.931453ms
[2015.08.30-22.26.47:275][262]LogSavePackage: Moving '../../../../Projekte/NotPartofTheGame/Saved/höhle0A14E41D444EAA882BC68F8B0F763275.tmp' to '../../../../Projekte/NotPartofTheGame/Content/NPOTG/Sprites/Tiles/höhle.uasset'
[2015.08.30-22.26.47:283][262]Cmd: OBJ SAVEPACKAGE PACKAGE="/Game/NPOTG/Sprites/Tiles/höhle_background" FILE="../../../../Projekte/NotPartofTheGame/Content/NPOTG/Sprites/Tiles/höhle_background.uasset" SILENT=true
[2015.08.30-22.26.47:288][262]LogSavePackage: Save=3.618890ms
[2015.08.30-22.26.47:288][262]LogSavePackage: Moving '../../../../Projekte/NotPartofTheGame/Saved/höhle_background70E7C8254F34B456B07A1A8ED1459EEE.tmp' to '../../../../Projekte/NotPartofTheGame/Content/NPOTG/Sprites/Tiles/höhle_background.uasset'
[2015.08.30-22.26.47:308][262]Cmd: OBJ SAVEPACKAGE PACKAGE="/Game/NPOTG/Sprites/Tiles/höhle_background_Sprite" FILE="../../../../Projekte/NotPartofTheGame/Content/NPOTG/Sprites/Tiles/höhle_background_Sprite.uasset" SILENT=true
[2015.08.30-22.26.47:316][262]LogSavePackage: Save=6.805789ms
[2015.08.30-22.26.47:316][262]LogSavePackage: Moving '../../../../Projekte/NotPartofTheGame/Saved/höhle_background_SpriteB6E3AA124B928B509EF93A97843C65EE.tmp' to '../../../../Projekte/NotPartofTheGame/Content/NPOTG/Sprites/Tiles/höhle_background_Sprite.uasset'
[2015.08.30-22.26.47:349][262]LogD3D11RHI: InitD3DDevice
[2015.08.30-22.26.47:922][262]LogSavePackage: Save=509.491180ms
[2015.08.30-22.26.47:922][262]LogSavePackage: Moving '../../../../Projekte/NotPartofTheGame/Saved/UEDPCTesting_LevelBA6B2BBA43EA1AC70C6912B22BFE072C.tmp' to '../../../../Projekte/NotPartofTheGame/Saved/Autosaves/Game/NPOTG/Maps/UEDPCTesting_Level.umap'
[2015.08.30-22.27.02:616][307]LogD3D11RHI: InitD3DDevice
[2015.08.30-22.27.11:616][334]LogD3D11RHI: InitD3DDevice
[2015.08.30-22.27.12:331][334]LogSavePackage: Save=520.474731ms
[2015.08.30-22.27.12:331][334]LogSavePackage: Moving '../../../../Projekte/NotPartofTheGame/Saved/Testing_Level_Auto1828C49384765C3390A10B68C50BAA3F1.tmp' to '../../../../Projekte/NotPartofTheGame/Saved/Autosaves/Game/NPOTG/Maps/Testing_Level_Auto1.umap'
[2015.08.30-22.27.12:335][334]LogFileHelpers: Editor autosave (incl. sublevels) for '/Game/NPOTG/Maps/Testing_Level' took 0.601
[2015.08.30-22.27.12:335][334]LogFileHelpers: Editor autosave (incl. sublevels) for all levels took 0.601
[2015.08.30-22.28.18:688][634]LogD3D11RHI: InitD3DDevice
[2015.08.30-22.28.19:273][634]LogSavePackage: Save=517.337585ms
[2015.08.30-22.28.19:273][634]LogSavePackage: Moving '../../../../Projekte/NotPartofTheGame/Saved/UEDPCTesting_Level8B7B1D22497FAB098F5B319228A70861.tmp' to '../../../../Projekte/NotPartofTheGame/Saved/Autosaves/Game/NPOTG/Maps/UEDPCTesting_Level.umap'
[2015.08.30-22.28.35:068][ 89]LogEditorViewport: Clicking on Actor (LMB): PlayerStart (Player Start)
[2015.08.30-22.28.36:391][145]LogEditorViewport: Clicking on Actor (context menu): spikes_C (spikes3)
[2015.08.30-22.28.36:447][145]LogD3D11RHI: InitD3DDevice
[2015.08.30-22.28.38:026][264]LogEditorViewport: Clicking Background
[2015.08.30-22.28.39:302][309]LogEditorViewport: Clicking on Actor (LMB): PlayerStart (Player Start)
[2015.08.30-22.28.42:239][418]LogNavigationPoint: PostEditMove Clear paths rebuilt
[2015.08.30-22.28.52:166][922]LogNavigationPoint: PostEditMove Clear paths rebuilt
[2015.08.30-22.28.54:301][ 93]LogNavigationPoint: PostEditMove Clear paths rebuilt
[2015.08.30-22.28.55:579][187]LogD3D11RHI: InitD3DDevice
[2015.08.30-22.28.56:154][187]LogSavePackage: Save=514.817200ms
[2015.08.30-22.28.56:154][187]LogSavePackage: Moving '../../../../Projekte/NotPartofTheGame/Saved/UEDPCTesting_LevelEBEA1BBD4F45EE3D8072B6ACC20AB335.tmp' to '../../../../Projekte/NotPartofTheGame/Saved/Autosaves/Game/NPOTG/Maps/UEDPCTesting_Level.umap'
[2015.08.30-22.29.23:536][502]LogD3D11RHI: InitD3DDevice
[2015.08.30-22.29.23:600][502]LogD3D11RHI: InitD3DDevice
[2015.08.30-22.29.23:674][502]LogLinker:Warning: Asset '../../../Engine/Content/ArtTools/RenderToTexture/Macros/RenderToTextureMacros.uasset' has been saved with empty engine version. The asset will be loaded but may be incompatible.
[2015.08.30-22.29.23:730][502]LogLinker:Warning: Asset '../../../Engine/Content/ArtTools/RenderToTexture/Enums/RenderToTexture_Enum.uasset' has been saved with empty engine version. The asset will be loaded but may be incompatible.
[2015.08.30-22.29.36:195][ 14]LogD3D11RHI: InitD3DDevice
[2015.08.30-22.29.41:615][284]LogD3D11RHI: InitD3DDevice
[2015.08.30-22.29.46:401][519]LogD3D11RHI: InitD3DDevice
[2015.08.30-22.29.50:022][739]LogParticles: Destroying 0 GPU particle simulations for FXSystem 0x0000005226DFD260
[2015.08.30-22.29.50:024][739]LogD3D11RHI: InitD3DDevice
[2015.08.30-22.29.51:150][739]LogD3D11RHI: InitD3DDevice
[2015.08.30-22.29.51:164][739]Cmd: OBJ SAVEPACKAGE PACKAGE="/Game/NPOTG/Blueprints/Widgets/Admin_Widget" FILE="../../../../Projekte/NotPartofTheGame/Content/NPOTG/Blueprints/Widgets/Admin_Widget.uasset" SILENT=true
[2015.08.30-22.29.51:234][739]LogSavePackage: Save=19.772024ms
[2015.08.30-22.29.51:234][739]LogSavePackage: Moving '../../../../Projekte/NotPartofTheGame/Saved/Admin_Widget381839BE48635C783C23BAAECCC1E6B9.tmp' to '../../../../Projekte/NotPartofTheGame/Content/NPOTG/Blueprints/Widgets/Admin_Widget.uasset'
[2015.08.30-22.29.51:274][739]LogD3D11RHI: InitD3DDevice
[2015.08.30-22.29.51:833][739]LogSavePackage: Save=495.053253ms
[2015.08.30-22.29.51:833][739]LogSavePackage: Moving '../../../../Projekte/NotPartofTheGame/Saved/UEDPCTesting_Level0371597D430515C9A04D18ACE551B905.tmp' to '../../../../Projekte/NotPartofTheGame/Saved/Autosaves/Game/NPOTG/Maps/UEDPCTesting_Level.umap'
[2015.08.30-22.31.39:292][655]LogD3D11RHI: InitD3DDevice
[2015.08.30-22.31.39:309][655]LogD3D11RHI: InitD3DDevice
[2015.08.30-22.31.48:219][138]LogD3D11RHI: InitD3DDevice
[2015.08.30-22.31.59:807][947]LogD3D11RHI: InitD3DDevice
[2015.08.30-22.32.00:800][947]LogD3D11RHI: InitD3DDevice
[2015.08.30-22.32.00:827][947]Cmd: OBJ SAVEPACKAGE PACKAGE="/Game/NPOTG/Blueprints/Charaktere/Markimoo" FILE="../../../../Projekte/NotPartofTheGame/Content/NPOTG/Blueprints/Charaktere/Markimoo.uasset" SILENT=true
[2015.08.30-22.32.01:123][947]LogSavePackage: Save=248.795227ms
[2015.08.30-22.32.01:123][947]LogSavePackage: Moving '../../../../Projekte/NotPartofTheGame/Saved/Markimoo77C56E0F49EF6ADF2FE8FDA064BF58DD.tmp' to '../../../../Projekte/NotPartofTheGame/Content/NPOTG/Blueprints/Charaktere/Markimoo.uasset'
[2015.08.30-22.32.01:165][947]LogD3D11RHI: InitD3DDevice
[2015.08.30-22.32.01:737][947]LogSavePackage: Save=500.203247ms
[2015.08.30-22.32.01:737][947]LogSavePackage: Moving '../../../../Projekte/NotPartofTheGame/Saved/UEDPCTesting_Level3D9DC12149146866EF61AF96BD3CD685.tmp' to '../../../../Projekte/NotPartofTheGame/Saved/Autosaves/Game/NPOTG/Maps/UEDPCTesting_Level.umap'
[2015.08.30-22.37.02:896][199]LogParticles: Destroying 0 GPU particle simulations for FXSystem 0x0000005226C63560
[2015.08.30-22.37.02:946][199]LogD3D11RHI: InitD3DDevice
[2015.08.30-22.37.03:520][199]LogSavePackage: Save=504.966949ms
[2015.08.30-22.37.03:520][199]LogSavePackage: Moving '../../../../Projekte/NotPartofTheGame/Saved/UEDPCTesting_Level751F2B5946CC4F153667BB81676181CE.tmp' to '../../../../Projekte/NotPartofTheGame/Saved/Autosaves/Game/NPOTG/Maps/UEDPCTesting_Level.umap'
[2015.08.30-22.37.20:955][456]LogD3D11RHI: InitD3DDevice
[2015.08.30-22.37.46:004][613]LogD3D11RHI: InitD3DDevice
[2015.08.30-22.37.46:802][613]LogSavePackage: Save=599.271118ms
[2015.08.30-22.37.46:802][613]LogSavePackage: Moving '../../../../Projekte/NotPartofTheGame/Saved/Testing_Level_Auto25256F8C54608AD80759654BB7978CB89.tmp' to '../../../../Projekte/NotPartofTheGame/Saved/Autosaves/Game/NPOTG/Maps/Testing_Level_Auto2.umap'
[2015.08.30-22.37.46:806][613]LogFileHelpers: Editor autosave (incl. sublevels) for '/Game/NPOTG/Maps/Testing_Level' took 0.686
[2015.08.30-22.37.46:806][613]LogFileHelpers: Editor autosave (incl. sublevels) for all levels took 0.686
[2015.08.30-23.40.14:090][990]LogD3D11RHI: InitD3DDevice
[2015.08.30-23.40.15:282][990]LogD3D11RHI: InitD3DDevice
[2015.08.30-23.40.15:371][990]Cmd: OBJ SAVEPACKAGE PACKAGE="/Game/NPOTG/Maps/Testing_Level" FILE="../../../../Projekte/NotPartofTheGame/Content/NPOTG/Maps/Testing_Level.umap" SILENT=true AUTOSAVING=false KEEPDIRTY=false
[2015.08.30-23.40.15:942][990]LogSavePackage: Save=492.767365ms
[2015.08.30-23.40.15:942][990]LogSavePackage: Moving '../../../../Projekte/NotPartofTheGame/Saved/Testing_LevelD6B3CB4749D1E051C3C6DDA3B61F5CD6.tmp' to '../../../../Projekte/NotPartofTheGame/Content/NPOTG/Maps/Testing_Level.umap'
[2015.08.30-23.40.15:989][990]LogFileHelpers: Saving map 'Testing_Level' took 0.686
[2015.08.30-23.40.16:354][991]Cmd: QUIT_EDITOR
[2015.08.30-23.40.16:525][991]LogWindowsTextInputMethodSystem:Display: IME system now deactivated.
[2015.08.30-23.40.16:525][991]LogWindowsTextInputMethodSystem:Display: IME system now deactivated.
[2015.08.30-23.40.16:668][991]LogExit: Preparing to exit.
[2015.08.30-23.40.17:448][991]LogExit: Editor shut down
[2015.08.30-23.40.17:448][991]LogExit: Transaction tracking system shut down
[2015.08.30-23.40.17:459][991]LogParticles: Destroying 0 GPU particle simulations for FXSystem 0x00000052265E2C00
[2015.08.30-23.40.17:460][991]LogParticles: Destroying 0 GPU particle simulations for FXSystem 0x00000052362539C0
[2015.08.30-23.40.17:461][991]LogParticles: Destroying 0 GPU particle simulations for FXSystem 0x000000523ABA02C0
[2015.08.30-23.40.17:461][991]LogParticles: Destroying 0 GPU particle simulations for FXSystem 0x0000005226DFD1C0
[2015.08.30-23.40.17:636][991]LogParticles: Destroying 0 GPU particle simulations for FXSystem 0x0000005227B9FEC0
[2015.08.30-23.40.17:636][991]LogExit: Object subsystem successfully closed.
[2015.08.30-23.40.17:658][991]LogD3D11RHI: Shutdown
[2015.08.30-23.40.17:658][991]LogD3D11RHI: CleanupD3DDevice
[2015.08.30-23.40.17:776][991]LogD3D11RHI: ~FD3D11DynamicRHI
[2015.08.30-23.40.17:795][991]LogModuleManager: Shutting down and abandoning module SequencerWidgets (191)
[2015.08.30-23.40.17:795][991]LogModuleManager: Shutting down and abandoning module CrashTracker (190)
[2015.08.30-23.40.17:795][991]LogModuleManager: Shutting down and abandoning module SceneOutliner (189)
[2015.08.30-23.40.17:795][991]LogModuleManager: Shutting down and abandoning module SuperSearch (188)
[2015.08.30-23.40.17:795][991]LogModuleManager: Shutting down and abandoning module WidgetCarousel (187)
[2015.08.30-23.40.17:795][991]LogModuleManager: Shutting down and abandoning module AddContentDialog (186)
[2015.08.30-23.40.17:797][991]LogModuleManager: Shutting down and abandoning module EditorWidgets (185)
[2015.08.30-23.40.17:797][991]LogModuleManager: Shutting down and abandoning module CollectionManager (184)
[2015.08.30-23.40.17:797][991]LogModuleManager: Shutting down and abandoning module StatsViewer (183)
[2015.08.30-23.40.17:797][991]LogModuleManager: Shutting down and abandoning module FoliageEdit (182)
[2015.08.30-23.40.17:797][991]LogModuleManager: Shutting down and abandoning module LandscapeEditor (181)
[2015.08.30-23.40.17:797][991]LogModuleManager: Shutting down and abandoning module ActorPickerMode (180)
[2015.08.30-23.40.17:797][991]LogModuleManager: Shutting down and abandoning module GeometryMode (179)
[2015.08.30-23.40.17:797][991]LogModuleManager: Shutting down and abandoning module TextureAlignMode (178)
[2015.08.30-23.40.17:797][991]LogModuleManager: Shutting down and abandoning module BspMode (177)
[2015.08.30-23.40.17:797][991]LogModuleManager: Shutting down and abandoning module PlacementMode (176)
[2015.08.30-23.40.17:797][991]LogModuleManager: Shutting down and abandoning module AutomationWorker (175)
[2015.08.30-23.40.17:797][991]LogModuleManager: Shutting down and abandoning module CharacterAI (174)
[2015.08.30-23.40.17:797][991]LogModuleManager: Shutting down and abandoning module SmartSnapping (173)
[2015.08.30-23.40.17:797][991]LogModuleManager: Shutting down and abandoning module ViewportSnapping (172)
[2015.08.30-23.40.17:797][991]LogModuleManager: Shutting down and abandoning module LogVisualizer (171)
[2015.08.30-23.40.17:797][991]LogModuleManager: Shutting down and abandoning module GameProjectGeneration (170)
[2015.08.30-23.40.17:797][991]LogModuleManager: Shutting down and abandoning module IntroTutorials (169)
[2015.08.30-23.40.17:797][991]LogModuleManager: Shutting down and abandoning module EditorLiveStreaming (168)
[2015.08.30-23.40.17:797][991]LogModuleManager: Shutting down and abandoning module IOSPlatformEditor (167)
[2015.08.30-23.40.17:797][991]LogModuleManager: Shutting down and abandoning module HTML5PlatformEditor (166)
[2015.08.30-23.40.17:797][991]LogModuleManager: Shutting down and abandoning module AndroidDeviceDetection (165)
[2015.08.30-23.40.18:144][991]LogModuleManager: Shutting down and abandoning module AndroidPlatformEditor (164)
[2015.08.30-23.40.18:144][991]LogModuleManager: Shutting down and abandoning module IOSRuntimeSettings (163)
[2015.08.30-23.40.18:144][991]LogModuleManager: Shutting down and abandoning module AndroidRuntimeSettings (162)
[2015.08.30-23.40.18:144][991]LogModuleManager: Shutting down and abandoning module MergeActors (161)
[2015.08.30-23.40.18:144][991]LogModuleManager: Shutting down and abandoning module SizeMap (160)
[2015.08.30-23.40.18:144][991]LogModuleManager: Shutting down and abandoning module TreeMap (159)
[2015.08.30-23.40.18:144][991]LogModuleManager: Shutting down and abandoning module ReferenceViewer (158)
[2015.08.30-23.40.18:144][991]LogModuleManager: Shutting down and abandoning module LocalizationDashboard (157)
[2015.08.30-23.40.18:144][991]LogModuleManager: Shutting down and abandoning module HardwareTargeting (156)
[2015.08.30-23.40.18:144][991]LogModuleManager: Shutting down and abandoning module DeviceProfileEditor (155)
[2015.08.30-23.40.18:144][991]LogModuleManager: Shutting down and abandoning module UndoHistory (154)
[2015.08.30-23.40.18:144][991]LogModuleManager: Shutting down and abandoning module GameplayTagsEditor (153)
[2015.08.30-23.40.18:144][991]LogModuleManager: Shutting down and abandoning module UserFeedback (152)
[2015.08.30-23.40.18:144][991]LogModuleManager: Shutting down and abandoning module XmlParser (151)
[2015.08.30-23.40.18:144][991]LogModuleManager: Shutting down and abandoning module Blutility (150)
[2015.08.30-23.40.18:144][991]LogModuleManager: Shutting down and abandoning module ProjectTargetPlatformEditor (149)
[2015.08.30-23.40.18:144][991]LogModuleManager: Shutting down and abandoning module ProjectSettingsViewer (148)
[2015.08.30-23.40.18:144][991]LogModuleManager: Shutting down and abandoning module InputBindingEditor (147)
[2015.08.30-23.40.18:144][991]LogModuleManager: Shutting down and abandoning module EditorSettingsViewer (146)
[2015.08.30-23.40.18:144][991]LogModuleManager: Shutting down and abandoning module SettingsEditor (145)
[2015.08.30-23.40.18:144][991]LogModuleManager: Shutting down and abandoning module ProjectLauncher (144)
[2015.08.30-23.40.18:144][991]LogModuleManager: Shutting down and abandoning module SessionFrontend (143)
[2015.08.30-23.40.18:144][991]LogModuleManager: Shutting down and abandoning module ProfilerClient (142)
[2015.08.30-23.40.18:144][991]LogModuleManager: Shutting down and abandoning module TargetDeviceServices (141)
[2015.08.30-23.40.18:144][991]LogModuleManager: Shutting down and abandoning module DeviceManager (140)
[2015.08.30-23.40.18:144][991]LogModuleManager: Shutting down and abandoning module AutomationController (139)
[2015.08.30-23.40.18:144][991]LogModuleManager: Shutting down and abandoning module AutomationWindow (138)
[2015.08.30-23.40.18:145][991]LogModuleManager: Shutting down and abandoning module Layers (137)
[2015.08.30-23.40.18:145][991]LogModuleManager: Shutting down and abandoning module ComponentVisualizers (136)
[2015.08.30-23.40.18:145][991]LogModuleManager: Shutting down and abandoning module DetailCustomizations (135)
[2015.08.30-23.40.18:145][991]LogModuleManager: Shutting down and abandoning module PackagesDialog (134)
[2015.08.30-23.40.18:145][991]LogModuleManager: Shutting down and abandoning module Persona (133)
[2015.08.30-23.40.18:145][991]LogModuleManager: Shutting down and abandoning module Kismet (132)
[2015.08.30-23.40.18:145][991]LogModuleManager: Shutting down and abandoning module GraphEditor (131)
[2015.08.30-23.40.18:145][991]LogModuleManager: Shutting down and abandoning module ClassViewer (130)
[2015.08.30-23.40.18:145][991]LogModuleManager: Shutting down and abandoning module Toolbox (129)
[2015.08.30-23.40.18:145][991]LogModuleManager: Shutting down and abandoning module ModuleUI (128)
[2015.08.30-23.40.18:145][991]LogModuleManager: Shutting down and abandoning module MovieSceneTools (127)
[2015.08.30-23.40.18:145][991]LogModuleManager: Shutting down and abandoning module OutputLog (126)
[2015.08.30-23.40.18:145][991]LogModuleManager: Shutting down and abandoning module GammaUI (125)
[2015.08.30-23.40.18:145][991]LogModuleManager: Shutting down and abandoning module Documentation (124)
[2015.08.30-23.40.18:145][991]LogModuleManager: Shutting down and abandoning module GameLiveStreaming (123)
[2015.08.30-23.40.18:145][991]LogModuleManager: Shutting down and abandoning module StreamingPauseRendering (122)
[2015.08.30-23.40.18:145][991]LogModuleManager: Shutting down and abandoning module AnalyticsET (121)
[2015.08.30-23.40.18:145][991]LogModuleManager: Shutting down and abandoning module Analytics (120)
[2015.08.30-23.40.18:145][991]LogModuleManager: Shutting down and abandoning module AITestSuite (119)
[2015.08.30-23.40.18:145][991]LogModuleManager: Shutting down and abandoning module GameplayDebugger (118)
[2015.08.30-23.40.18:145][991]LogModuleManager: Shutting down and abandoning module AIModule (117)
[2015.08.30-23.40.18:145][991]LogModuleManager: Shutting down and abandoning module ProfilerService (116)
[2015.08.30-23.40.18:163][991]LogModuleManager: Shutting down and abandoning module TaskGraph (115)
[2015.08.30-23.40.18:163][991]LogModuleManager: Shutting down and abandoning module SubstanceEditor (114)
[2015.08.30-23.40.18:163][991]LogModuleManager: Shutting down and abandoning module SlateRemote (113)
[2015.08.30-23.40.18:163][991]LogModuleManager: Shutting down and abandoning module SteamVRController (112)
[2015.08.30-23.40.18:163][991]LogModuleManager: Shutting down and abandoning module SteamVR (111)
[2015.08.30-23.40.18:163][991]LogModuleManager: Shutting down and abandoning module ProceduralMeshComponent (110)
[2015.08.30-23.40.18:163][991]LogModuleManager: Shutting down and abandoning module OculusRift (109)
[2015.08.30-23.40.18:163][991]LogModuleManager: Shutting down and abandoning module LeapMotionController (108)
[2015.08.30-23.40.18:170][991]LogModuleManager: Shutting down and abandoning module CustomMeshComponent (107)
[2015.08.30-23.40.18:170][991]LogModuleManager: Shutting down and abandoning module CableComponent (106)
[2015.08.30-23.40.18:170][991]LogModuleManager: Shutting down and abandoning module MessagingDebugger (105)
[2015.08.30-23.40.18:170][991]LogModuleManager: Shutting down and abandoning module MediaPlayerEditor (104)
[2015.08.30-23.40.18:170][991]LogModuleManager: Shutting down and abandoning module SpeedTreeImporter (103)
[2015.08.30-23.40.18:170][991]LogModuleManager: Shutting down and abandoning module PluginBrowser (102)
[2015.08.30-23.40.18:170][991]LogModuleManager: Shutting down and abandoning module EpicSurvey (101)
[2015.08.30-23.40.18:170][991]LogModuleManager: Shutting down and abandoning module DesktopPlatform (100)
[2015.08.30-23.40.18:170][991]LogModuleManager: Shutting down and abandoning module VisualStudioSourceCodeAccess (99)
[2015.08.30-23.40.18:170][991]LogModuleManager: Shutting down and abandoning module UObjectPlugin (98)
[2015.08.30-23.40.18:170][991]LogModuleManager: Shutting down and abandoning module SubversionSourceControl (97)
[2015.08.30-23.40.18:170][991]LogModuleManager: Shutting down and abandoning module PerforceSourceControl (96)
[2015.08.30-23.40.18:170][991]LogModuleManager: Shutting down and abandoning module SourceControl (95)
[2015.08.30-23.40.18:170][991]LogModuleManager: Shutting down and abandoning module GitSourceControl (94)
[2015.08.30-23.40.18:170][991]LogModuleManager: Shutting down and abandoning module BlankPlugin (93)
[2015.08.30-23.40.18:170][991]LogModuleManager: Shutting down and abandoning module PaperTiledImporter (92)
[2015.08.30-23.40.18:170][991]LogModuleManager: Shutting down and abandoning module PaperSpriteSheetImporter (91)
[2015.08.30-23.40.18:170][991]LogModuleManager: Shutting down and abandoning module MeshPaint (90)
[2015.08.30-23.40.18:170][991]LogModuleManager: Shutting down and abandoning module SlateReflector (89)
[2015.08.30-23.40.18:170][991]LogModuleManager: Shutting down and abandoning module HotReload (88)
[2015.08.30-23.40.18:170][991]LogModuleManager: Shutting down and abandoning module MainFrame (87)
[2015.08.30-23.40.18:170][991]LogModuleManager: Shutting down and abandoning module LevelEditor (86)
[2015.08.30-23.40.18:171][991]LogModuleManager: Shutting down and abandoning module ContentBrowser (85)
[2015.08.30-23.40.18:172][991]LogModuleManager: Shutting down and abandoning module Paper2DEditor (84)
[2015.08.30-23.40.18:172][991]LogModuleManager: Shutting down and abandoning module UdpMessaging (83)
[2015.08.30-23.40.18:273][991]LogModuleManager: Shutting down and abandoning module DirectoryWatcher (82)
[2015.08.30-23.40.18:274][991]LogModuleManager: Shutting down and abandoning module AssetRegistry (81)
[2015.08.30-23.40.18:362][991]LogModuleManager: Shutting down and abandoning module SubstanceCore (80)
[2015.08.30-23.40.18:363][991]LogModuleManager: Shutting down and abandoning module Paper2D (79)
[2015.08.30-23.40.18:363][991]LogModuleManager: Shutting down and abandoning module WindowsMoviePlayer (78)
[2015.08.30-23.40.18:365][991]LogModuleManager: Shutting down and abandoning module Media (77)
[2015.08.30-23.40.18:365][991]LogModuleManager: Shutting down and abandoning module WmfMedia (76)
[2015.08.30-23.40.18:365][991]LogModuleManager: Shutting down and abandoning module OnlineBlueprintSupport (75)
[2015.08.30-23.40.18:365][991]LogModuleManager: Shutting down and abandoning module PropertyEditor (74)
[2015.08.30-23.40.18:365][991]LogModuleManager: Shutting down and abandoning module BehaviorTreeEditor (73)
[2015.08.30-23.40.18:365][991]LogModuleManager: Shutting down and abandoning module FunctionalTesting (72)
[2015.08.30-23.40.18:365][991]LogModuleManager: Shutting down and abandoning module CollisionAnalyzer (71)
[2015.08.30-23.40.18:365][991]LogModuleManager: Shutting down and abandoning module WorkspaceMenuStructure (70)
[2015.08.30-23.40.18:365][991]LogModuleManager: Shutting down and abandoning module MessageLog (69)
[2015.08.30-23.40.18:365][991]LogModuleManager: Shutting down and abandoning module Sequencer (68)
[2015.08.30-23.40.18:365][991]LogModuleManager: Shutting down and abandoning module AssetTools (67)
[2015.08.30-23.40.18:365][991]LogModuleManager: Shutting down and abandoning module UMGEditor (66)
[2015.08.30-23.40.18:365][991]LogModuleManager: Shutting down and abandoning module UMG (65)
[2015.08.30-23.40.18:365][991]LogModuleManager: Shutting down and abandoning module Slate (64)
[2015.08.30-23.40.18:365][991]LogModuleManager: Shutting down and abandoning module EditorStyle (63)
[2015.08.30-23.40.18:367][991]LogModuleManager: Shutting down and abandoning module SessionServices (62)
[2015.08.30-23.40.18:367][991]LogModuleManager: Shutting down and abandoning module SourceCodeAccess (61)
[2015.08.30-23.40.18:367][991]LogModuleManager: Shutting down and abandoning module HeadMountedDisplay (60)
[2015.08.30-23.40.18:367][991]LogModuleManager: Shutting down and abandoning module XAudio2 (59)
[2015.08.30-23.40.18:367][991]LogModuleManager: Shutting down and abandoning module Networking (57)
[2015.08.30-23.40.18:367][991]LogModuleManager: Shutting down and abandoning module Core (56)
[2015.08.30-23.40.18:367][991]LogModuleManager: Shutting down and abandoning module KismetCompiler (55)
[2015.08.30-23.40.18:367][991]LogModuleManager: Shutting down and abandoning module PhysXFormats (54)
[2015.08.30-23.40.18:367][991]LogModuleManager: Shutting down and abandoning module MeshUtilities (53)
[2015.08.30-23.40.18:367][991]LogModuleManager: Shutting down and abandoning module DerivedDataCache (52)
[2015.08.30-23.40.18:451][991]LogDerivedDataCache: Shutdown
[2015.08.30-23.40.18:451][991]LogModuleManager: Shutting down and abandoning module ShaderFormatOpenGL (51)
[2015.08.30-23.40.18:451][991]LogModuleManager: Shutting down and abandoning module ShaderFormatD3D (50)
[2015.08.30-23.40.18:451][991]LogModuleManager: Shutting down and abandoning module MetalShaderFormat (49)
[2015.08.30-23.40.18:451][991]LogModuleManager: Shutting down and abandoning module TextureFormatUncompressed (48)
[2015.08.30-23.40.18:451][991]LogModuleManager: Shutting down and abandoning module TextureFormatPVR (47)
[2015.08.30-23.40.18:451][991]LogModuleManager: Shutting down and abandoning module TextureFormatIntelISPCTexComp (46)
[2015.08.30-23.40.18:451][991]LogModuleManager: Shutting down and abandoning module TextureFormatDXT (45)
[2015.08.30-23.40.18:451][991]LogModuleManager: Shutting down and abandoning module ImageWrapper (44)
[2015.08.30-23.40.18:451][991]LogModuleManager: Shutting down and abandoning module TextureFormatASTC (43)
[2015.08.30-23.40.18:451][991]LogModuleManager: Shutting down and abandoning module TextureFormatAndroid (42)
[2015.08.30-23.40.18:451][991]LogModuleManager: Shutting down and abandoning module AudioFormatOpus (41)
[2015.08.30-23.40.18:451][991]LogModuleManager: Shutting down and abandoning module AudioFormatOgg (40)
[2015.08.30-23.40.18:451][991]LogModuleManager: Shutting down and abandoning module AudioFormatADPCM (39)
[2015.08.30-23.40.18:451][991]LogModuleManager: Shutting down and abandoning module LinuxTargetPlatform (38)
[2015.08.30-23.40.18:451][991]LogModuleManager: Shutting down and abandoning module LinuxServerTargetPlatform (37)
[2015.08.30-23.40.18:451][991]LogModuleManager: Shutting down and abandoning module LinuxNoEditorTargetPlatform (36)
[2015.08.30-23.40.18:451][991]LogModuleManager: Shutting down and abandoning module Messaging (35)
[2015.08.30-23.40.18:451][991]LogModuleManager: Shutting down and abandoning module IOSTargetPlatform (34)
[2015.08.30-23.40.18:451][991]LogModuleManager: Shutting down and abandoning module HTML5TargetPlatform (33)
[2015.08.30-23.40.18:451][991]LogModuleManager: Shutting down and abandoning module Android_PVRTCTargetPlatform (32)
[2015.08.30-23.40.18:451][991]LogModuleManager: Shutting down and abandoning module Android_ETC2TargetPlatform (31)
[2015.08.30-23.40.18:451][991]LogModuleManager: Shutting down and abandoning module Android_ETC1TargetPlatform (30)
[2015.08.30-23.40.18:451][991]LogModuleManager: Shutting down and abandoning module Android_DXTTargetPlatform (29)
[2015.08.30-23.40.18:451][991]LogModuleManager: Shutting down and abandoning module Android_ATCTargetPlatform (28)
[2015.08.30-23.40.18:451][991]LogModuleManager: Shutting down and abandoning module Android_ASTCTargetPlatform (27)
[2015.08.30-23.40.18:451][991]LogModuleManager: Shutting down and abandoning module AndroidTargetPlatform (26)
[2015.08.30-23.40.18:451][991]LogModuleManager: Shutting down and abandoning module WindowsTargetPlatform (25)
[2015.08.30-23.40.18:451][991]LogModuleManager: Shutting down and abandoning module WindowsServerTargetPlatform (24)
[2015.08.30-23.40.18:451][991]LogModuleManager: Shutting down and abandoning module WindowsNoEditorTargetPlatform (23)
[2015.08.30-23.40.18:451][991]LogModuleManager: Shutting down and abandoning module WindowsClientTargetPlatform (22)
[2015.08.30-23.40.18:451][991]LogModuleManager: Shutting down and abandoning module DesktopTargetPlatform (21)
[2015.08.30-23.40.18:451][991]LogModuleManager: Shutting down and abandoning module TargetPlatform (20)
[2015.08.30-23.40.18:451][991]LogModuleManager: Shutting down and abandoning module InputCore (19)
[2015.08.30-23.40.18:451][991]LogModuleManager: Shutting down and abandoning module Settings (18)
[2015.08.30-23.40.18:451][991]LogModuleManager: Shutting down and abandoning module OnlineSubsystem (16)
[2015.08.30-23.40.18:451][991]LogModuleManager: Shutting down and abandoning module HTTP (15)
[2015.08.30-23.40.18:451][991]LogModuleManager: Shutting down and abandoning module ExampleDeviceProfileSelector (14)
[2015.08.30-23.40.18:451][991]LogModuleManager: Shutting down and abandoning module TextureCompressor (13)
[2015.08.30-23.40.18:452][991]LogModuleManager: Shutting down and abandoning module ShaderCore (12)
[2015.08.30-23.40.18:452][991]LogModuleManager: Shutting down and abandoning module Landscape (11)
[2015.08.30-23.40.18:452][991]LogModuleManager: Shutting down and abandoning module SlateRHIRenderer (10)
[2015.08.30-23.40.18:457][991]LogModuleManager: Shutting down and abandoning module OpenGLDrv (9)
[2015.08.30-23.40.18:457][991]LogModuleManager: Shutting down and abandoning module D3D11RHI (8)
[2015.08.30-23.40.18:457][991]LogModuleManager: Shutting down and abandoning module Renderer (7)
[2015.08.30-23.40.18:457][991]LogModuleManager: Shutting down and abandoning module Engine (6)
[2015.08.30-23.40.18:457][991]LogModuleManager: Shutting down and abandoning module CoreUObject (5)
[2015.08.30-23.40.18:457][991]LogModuleManager: Shutting down and abandoning module NetworkFile (4)
[2015.08.30-23.40.18:457][991]LogModuleManager: Shutting down and abandoning module StreamingFile (3)
[2015.08.30-23.40.18:457][991]LogModuleManager: Shutting down and abandoning module SandboxFile (2)
[2015.08.30-23.40.18:457][991]LogModuleManager: Shutting down and abandoning module PakFile (1)
[2015.08.30-23.40.18:458][991]LogExit: Exiting.
[2015.08.30-23.40.18:459][991]Log file closed, 08/31/15 01:40:18
