[2015.08.31-09.32.29:785][  0]Log file open, 08/31/15 11:32:29
[2015.08.31-09.32.29:785][  0]LogInit:Display: Running engine for game: NotPartofGame
[2015.08.31-09.32.29:785][  0]LogInit:Display: RandInit(405611266) SRandInit(405611266).
[2015.08.31-09.32.29:785][  0]LogTaskGraph: Started task graph with 4 named threads and 7 total threads.
[2015.08.31-09.32.29:785][  0]LogStats: Stats thread started
[2015.08.31-09.32.29:785][  0]LogInit: Version: 4.8.3-2634408+++depot+UE4-Releases+4.8
[2015.08.31-09.32.29:785][  0]LogInit: API Version: 2579680
[2015.08.31-09.32.29:785][  0]LogInit: Compiled (64-bit): Jul 27 2015 16:24:33
[2015.08.31-09.32.29:785][  0]LogInit: Compiled with Visual C++: 18.00.21005.01
[2015.08.31-09.32.29:785][  0]LogInit: Build Configuration: Development
[2015.08.31-09.32.29:785][  0]LogInit: Branch Name: ++depot+UE4-Releases+4.8
[2015.08.31-09.32.29:785][  0]LogInit: Command line: 
[2015.08.31-09.32.29:785][  0]LogInit: Base directory: C:/Users/Bodoo/Documents/Programmieren/4.8/Engine/Binaries/Win64/
[2015.08.31-09.32.29:785][  0]LogInit: Rocket: 1
[2015.08.31-09.32.29:807][  0]LogInit: Using libcurl 7.41.0
[2015.08.31-09.32.29:807][  0]LogInit:  - built for x86_64-pc-win32
[2015.08.31-09.32.29:807][  0]LogInit:  - supports SSL with WinSSL
[2015.08.31-09.32.29:807][  0]LogInit:  - other features:
[2015.08.31-09.32.29:807][  0]LogInit:      CURL_VERSION_SSL
[2015.08.31-09.32.29:807][  0]LogInit:      CURL_VERSION_IPV6
[2015.08.31-09.32.29:807][  0]LogInit:      CURL_VERSION_ASYNCHDNS
[2015.08.31-09.32.29:807][  0]LogInit:      CURL_VERSION_LARGEFILE
[2015.08.31-09.32.29:807][  0]LogInit:      CURL_VERSION_IDN
[2015.08.31-09.32.29:807][  0]LogInit:  CurlRequestOptions (configurable via config and command line):
[2015.08.31-09.32.29:807][  0]LogInit:  - bVerifyPeer = true  - Libcurl will verify peer certificate
[2015.08.31-09.32.29:807][  0]LogInit:  - bUseHttpProxy = false  - Libcurl will NOT use HTTP proxy
[2015.08.31-09.32.29:807][  0]LogInit:  - bDontReuseConnections = false  - Libcurl will reuse connections
[2015.08.31-09.32.29:807][  0]LogInit:  - CertBundlePath = nullptr  - Libcurl will use whatever was configured at build time.
[2015.08.31-09.32.29:819][  0]LogOnline:Warning: No default platform service specified for OnlineSubsystem
[2015.08.31-09.32.29:833][  0]LogInit: Presizing for 0 objects not considered by GC, pre-allocating 0 bytes.
[2015.08.31-09.32.29:842][  0]LogInit: Object subsystem initialized
[2015.08.31-09.32.29:843][  0]LogConsoleResponse:Warning: Skipping Unknown console variable: 'UIScaleCurve = (EditorCurveData=(Keys=((Time=480.000000,Value=0.444000),(Time=720.000000,Value=0.666000),(Time=1080.000000,Value=1.000000),(Time=8640.000000,Value=8.000000))),ExternalCurve=None)'
[2015.08.31-09.32.29:843][  0]LogConsoleResponse:Warning:   Found in ini file 'C:/Users/Bodoo/Documents/Programmieren/Projekte/NotPartofTheGame/Saved/Config/Windows/Engine.ini', in section '[/Script/Engine.RendererSettings]'
[2015.08.31-09.32.29:843][  0]LogConsoleManager:Warning: Console variable 'r.MSAA.CompositingSampleCount' wasn't set ('Scalability' has a lower priority than 'ProjectSetting')
[2015.08.31-09.32.29:843][  0]LogInit: Selected Device Profile: [Windows]
[2015.08.31-09.32.29:843][  0]LogInit: Applying CVar settings loaded from the selected device profile: [Windows]
[2015.08.31-09.32.29:852][  0]LogInit: Computer: DESKTOP-GLF6O4V
[2015.08.31-09.32.29:852][  0]LogInit: User: Bodoo
[2015.08.31-09.32.29:852][  0]LogInit: CPU Page size=4096, Cores=4
[2015.08.31-09.32.29:852][  0]LogInit: High frequency timer resolution =3.215351 MHz
[2015.08.31-09.32.29:852][  0]LogMemory: Memory total: Physical=12.0GB (12GB approx)
[2015.08.31-09.32.29:852][  0]LogMemory: Platform Memory Stats for Windows
[2015.08.31-09.32.29:852][  0]LogMemory: Process Physical Memory: 50.55 MB used, 50.55 MB peak
[2015.08.31-09.32.29:852][  0]LogMemory: Process Virtual Memory: 22.50 MB used, 22.50 MB peak
[2015.08.31-09.32.29:852][  0]LogMemory: Physical Memory: 2171.09 MB used, 12270.70 MB total
[2015.08.31-09.32.29:852][  0]LogMemory: Virtual Memory: 309.61 MB used, 134217728.00 MB total
[2015.08.31-09.32.29:880][  0]LogTextLocalizationManager: The requested culture ('de_DE') has no localization data; falling back to 'en' for localization and internationalization data.
[2015.08.31-09.32.30:106][  0]LogTextLocalizationManager:Warning: Loaded localization resources contain conflicting entries for (Namespace:ContentBrowser, Key:ImportAssetToolTip):
Localization Resource: (C:/Users/Bodoo/Documents/Programmieren/4.8/Engine/Content/Localization/Editor/en/Editor.locres) Source String Hash: (-630476809) Localized String: (Import to {0}...)
Localization Resource: (C:/Users/Bodoo/Documents/Programmieren/4.8/Engine/Content/Localization/Editor/en/Editor.locres) Source String Hash: (1271782899) Localized String: (Imports an asset from file to this folder.)
[2015.08.31-09.32.30:518][  0]LogD3D11RHI: Found D3D11 adapter 0: AMD Radeon HD 6800 Series (Feature Level 11_0)
[2015.08.31-09.32.30:518][  0]LogD3D11RHI: Adapter has 1011MB of dedicated video memory, 0MB of dedicated system memory, and 3840MB of shared system memory, 1 output[s]
[2015.08.31-09.32.30:520][  0]LogD3D11RHI: Found D3D11 adapter 1: Microsoft Basic Render Driver (Feature Level 11_0)
[2015.08.31-09.32.30:520][  0]LogD3D11RHI: Adapter has 0MB of dedicated video memory, 0MB of dedicated system memory, and 6135MB of shared system memory, 0 output[s]
[2015.08.31-09.32.30:520][  0]LogD3D11RHI: Chosen D3D11 Adapter Id = 0
[2015.08.31-09.32.30:522][  0]LogD3D11RHI: InitD3DDevice
[2015.08.31-09.32.30:522][  0]LogD3D11RHI: !Direct3DDevice
[2015.08.31-09.32.30:522][  0]LogRHI: Texture pool is 708 MB (70% of 1011 MB)
[2015.08.31-09.32.30:529][  0]LogD3D11RHI: Async texture creation disabled: no driver support
[2015.08.31-09.32.30:539][  0]LogShaderCompilers:Display: Using Local Shader Compiler.
[2015.08.31-09.32.31:318][  0]LogTemp:Display: Loaded TP DesktopTargetPlatform
[2015.08.31-09.32.31:332][  0]LogTemp:Display: Loaded TP WindowsClientTargetPlatform
[2015.08.31-09.32.31:346][  0]LogTemp:Display: Loaded TP WindowsNoEditorTargetPlatform
[2015.08.31-09.32.31:360][  0]LogTemp:Display: Loaded TP WindowsServerTargetPlatform
[2015.08.31-09.32.31:376][  0]LogTemp:Display: Loaded TP WindowsTargetPlatform
[2015.08.31-09.32.31:388][  0]LogTemp:Display: Loaded TP AndroidTargetPlatform
[2015.08.31-09.32.31:400][  0]LogTemp:Display: Loaded TP Android_ASTCTargetPlatform
[2015.08.31-09.32.31:412][  0]LogTemp:Display: Loaded TP Android_ATCTargetPlatform
[2015.08.31-09.32.31:424][  0]LogTemp:Display: Loaded TP Android_DXTTargetPlatform
[2015.08.31-09.32.31:436][  0]LogTemp:Display: Loaded TP Android_ETC1TargetPlatform
[2015.08.31-09.32.31:448][  0]LogTemp:Display: Loaded TP Android_ETC2TargetPlatform
[2015.08.31-09.32.31:461][  0]LogTemp:Display: Loaded TP Android_PVRTCTargetPlatform
[2015.08.31-09.32.31:508][  0]LogTemp:Display: Loaded TP IOSTargetPlatform
[2015.08.31-09.32.31:520][  0]LogTemp:Display: Loaded TP LinuxNoEditorTargetPlatform
[2015.08.31-09.32.31:532][  0]LogTemp:Display: Loaded TP LinuxServerTargetPlatform
[2015.08.31-09.32.31:546][  0]LogTemp:Display: Loaded TP LinuxTargetPlatform
[2015.08.31-09.32.31:546][  0]LogTargetPlatformManager:Display: Building Assets For Windows
[2015.08.31-09.32.31:750][  0]LogDerivedDataCache:Display: Max Cache Size: 512 MB
[2015.08.31-09.32.31:807][  0]LogDerivedDataCache: Loaded boot cache 0.06s 53MB C:/Users/Bodoo/AppData/Local/UnrealEngine/4.8/DerivedDataCache/Boot.ddc.
[2015.08.31-09.32.31:807][  0]LogDerivedDataCache:Display: Loaded Boot cache: C:/Users/Bodoo/AppData/Local/UnrealEngine/4.8/DerivedDataCache/Boot.ddc
[2015.08.31-09.32.31:807][  0]LogDerivedDataCache: FDerivedDataBackendGraph:  Pak pak cache file ../../../../Projekte/NotPartofTheGame/DerivedDataCache/DDC.ddp not found, will not use a pak cache.
[2015.08.31-09.32.31:807][  0]LogDerivedDataCache: Unable to find inner node Pak for hierarchical cache Hierarchy.
[2015.08.31-09.32.31:807][  0]LogDerivedDataCache: FDerivedDataBackendGraph:  CompressedPak pak cache file ../../../../Projekte/NotPartofTheGame/DerivedDataCache/Compressed.ddp not found, will not use a pak cache.
[2015.08.31-09.32.31:807][  0]LogDerivedDataCache: Unable to find inner node CompressedPak for hierarchical cache Hierarchy.
[2015.08.31-09.32.31:953][  0]LogDerivedDataCache:Display: Pak cache opened for reading ../../../Engine/DerivedDataCache/Compressed.ddp.
[2015.08.31-09.32.31:966][  0]LogDerivedDataCache: Using Local data cache path C:/Users/Bodoo/AppData/Local/UnrealEngine/Common/DerivedDataCache: Writable
[2015.08.31-09.32.32:200][  0]LogInit: Selected Device Profile: [Windows]
[2015.08.31-09.32.32:288][  0]ImportText (ComponentSweepMultiTests): Missing closing parenthesis: (RootShapeAsset="/Engine/BasicShapes/Cube.Cube",ShapeType="TriggerCapsule",HitResult=(Time=0.50,Location=(X=-100.000015,Y=0.0,Z=100.000015),ImpactPoint=(X=-50.0,Y=0.0,Z=50.0),Normal=(X=-1.0,Y=-0.0,Z=0.0),ImpactNormal=(X=0.0,Y=0.0,Z=1.0),TraceStart=(X=-200.0,Y=0.0,Z=200.0),TraceEnd=(X=0.0,Y=0.0,Z=0.0))
[2015.08.31-09.32.32:288][  0]ImportText (LineTraceSingleByChannelTests): Missing closing parenthesis: (RootShapeAsset="/Engine/BasicShapes/Cube.Cube",HitResult=(Time=0.50,Location=(X=-100.000015,Y=0.0,Z=100.000015),ImpactPoint=(X=-50.0,Y=0.0,Z=50.0),Normal=(X=-1.0,Y=-0.0,Z=0.0),ImpactNormal=(X=0.0,Y=0.0,Z=1.0),TraceStart=(X=-200.0,Y=0.0,Z=200.0),TraceEnd=(X=0.0,Y=0.0,Z=0.0))
[2015.08.31-09.32.32:315][  0]LogMeshUtilities: No automatic mesh reduction module available
[2015.08.31-09.32.32:315][  0]LogMeshUtilities: No automatic mesh merging module available
[2015.08.31-09.32.32:641][  0]LogInit: WinSock: version 1.1 (2.2), MaxSocks=32767, MaxUdp=65467
[2015.08.31-09.32.33:641][  0]LogAssetRegistry: FAssetRegistry took 0.0107 seconds to start up
[2015.08.31-09.32.33:657][  0]LogDirectoryWatcher:Warning: Failed to begin reading directory changes for ../../../Engine/Plugins/Experimental/CharacterAI/Content/. Error: 0
[2015.08.31-09.32.33:670][  0]UdpMessaging: Initializing bridge on interface 0.0.0.0:0 to multicast group 230.0.0.1:6666.
[2015.08.31-09.32.34:009][  0]SourceControl: Info Source control is disabled
[2015.08.31-09.32.34:016][  0]SourceControl: Info Source control is disabled
[2015.08.31-09.32.34:026][  0]SourceControl: Info Source control is disabled
[2015.08.31-09.32.34:036][  0]SourceControl: Info Source control is disabled
[2015.08.31-09.32.34:298][  0]LogObj: 26440 objects as part of root set at end of initial load.
[2015.08.31-09.32.34:298][  0]LogUObjectAllocator: 5438864 out of 0 bytes used by permanent object pool.
[2015.08.31-09.32.34:369][  0]LogEngine: Initializing Engine...
[2015.08.31-09.32.34:371][  0]LogHMD: Can't find Oculus library dev build: is proper Runtime installed? Version: 0.6.0.0
[2015.08.31-09.32.34:372][  0]LogHMD:Warning: SteamVR failed to initialize.  Error: 110
[2015.08.31-09.32.34:527][  0]LogAIModule: Creating AISystem for world NewWorld
[2015.08.31-09.32.34:532][  0]LogInit: XAudio2 using 'Lautsprecher (G510s Gaming Keyboard)' : 2 channels at 48 kHz using 16 bits per sample (channel mask 0x3)
[2015.08.31-09.32.34:554][  0]LogInit: FAudioDevice initialized.
[2015.08.31-09.32.34:582][  0]LogDerivedDataCache: Saved boot cache 0.03s 53MB C:/Users/Bodoo/AppData/Local/UnrealEngine/4.8/DerivedDataCache/Boot.ddc.
[2015.08.31-09.32.34:592][  0]LogInit: Texture streaming: Disabled
[2015.08.31-09.32.34:616][  0]LogAnalytics: Creating configured Analytics provider AnalyticsET
[2015.08.31-09.32.34:616][  0]LogAnalytics: [UEEditor.Rocket.Release] APIServer = http://et2.epicgames.com/ET2/. AppVersion = 4.8.3-2634408+++depot+UE4-Releases+4.8
[2015.08.31-09.32.34:616][  0]LogAnalytics: [UEEditor.Rocket.Release] SetUserId 0359330b4a4de6cf49a2cc9879aa4f35||823e2c57-8ae8-4d61-a04c-15505c18bf02
[2015.08.31-09.32.34:616][  0]LogAnalytics: [UEEditor.Rocket.Release] AnalyticsET::StartSession
[2015.08.31-09.32.34:652][  0]LogInit: Transaction tracking system initialized
[2015.08.31-09.32.34:778][  0]BlueprintLog: New page: Editor Load
[2015.08.31-09.32.35:379][  0]LogConsoleManager:Warning: Console variable 'r.VSync' wasn't set ('GameSetting' has a lower priority than 'SystemSettingsIni')
[2015.08.31-09.32.35:379][  0]LogConsoleResponse:Display: 
[2015.08.31-09.32.35:476][  0]LogCook:Display: Done creating registry. It took  0.00s.
[2015.08.31-09.32.35:655][  0]SourceControl: Info Source control is disabled
[2015.08.31-09.32.35:656][  0]Cmd: MAP LOAD FILE="../../../../Projekte/NotPartofTheGame/Content/NPOTG/Maps/Testing_Level.umap" TEMPLATE=0 SHOWPROGRESS=1 FEATURELEVEL=3
[2015.08.31-09.32.35:656][  0]LightingResults: New page: Lighting Build
[2015.08.31-09.32.35:669][  0]MapCheck: New page: Map Check
[2015.08.31-09.32.35:669][  0]LightingResults: New page: Lighting Build
[2015.08.31-09.32.35:677][  0]LogParticles: Destroying 0 GPU particle simulations for FXSystem 0x0000001A7785F920
[2015.08.31-09.32.37:963][  0]LogAIModule: Creating AISystem for world Testing_Level
[2015.08.31-09.32.37:965][  0]LogPrimitiveComponent: Zero scaling not supported (/Game/NPOTG/Maps/Testing_Level.Testing_Level:PersistentLevel.PlayerStart.CollisionCapsule)
[2015.08.31-09.32.38:044][  0]LogEditorServer: Finished looking for orphan Actors (0.000 secs)
[2015.08.31-09.32.38:046][  0]Cmd: MAP CHECKDEP NOCLEARLOG
[2015.08.31-09.32.38:111][  0]MapCheck: Info Map check complete: 0 Error(s), 0 Warning(s), took 64.611ms to complete.
[2015.08.31-09.32.38:111][  0]LogFileHelpers: Loading map 'Testing_Level' took 2.455
[2015.08.31-09.32.38:235][  0]LogCollectionManager: Loaded 0 collections in 0.001957 seconds
[2015.08.31-09.32.38:243][  0]LogContentBrowser: Native class hierarchy populated in 0.0072 seconds. Added 1807 classes and 307 folders.
[2015.08.31-09.32.38:285][  0]LogContentBrowser: Native class hierarchy updated for 'WidgetCarousel' in 0.0003 seconds. Added 0 classes and 0 folders.
[2015.08.31-09.32.38:313][  0]LogContentBrowser: Native class hierarchy updated for 'AddContentDialog' in 0.0003 seconds. Added 0 classes and 0 folders.
[2015.08.31-09.32.38:330][  0]LogContentBrowser: Native class hierarchy updated for 'SceneOutliner' in 0.0004 seconds. Added 1 classes and 2 folders.
[2015.08.31-09.32.38:405][  0]LogCrashTracker: Crashtracker disabled due to settings.
[2015.08.31-09.32.38:406][  0]LogD3D11RHI: InitD3DDevice
[2015.08.31-09.32.38:409][  0]LogUObjectGlobals:Warning: Failed to find object 'Class None.'
[2015.08.31-09.32.38:431][  0]LogLoad: Full Startup: 10.35 seconds (BP compile: 1.21 seconds)
[2015.08.31-09.32.38:440][  0]LogWindowsTextInputMethodSystem:Display: IME system now deactivated.
[2015.08.31-09.32.38:441][  0]LogWindowsTextInputMethodSystem:Display: IME system now deactivated.
[2015.08.31-09.32.38:515][  0]LogContentStreaming: Texture pool size is 0.000000MB
[2015.08.31-09.32.38:564][  0]LogContentStreaming: Texture pool size now 1000 MB
[2015.08.31-09.32.38:764][  0]LogRenderer: Reallocating scene render targets to support 1208x576 (Frame:2).
[2015.08.31-09.32.39:338][  8]LogAssetRegistry: Asset discovery search completed in 5.7084 seconds
[2015.08.31-09.32.40:973][126]LogD3D11RHI: InitD3DDevice
[2015.08.31-09.32.41:491][166]LogPlayLevel: PIE:  No blueprints needed recompiling
[2015.08.31-09.32.41:494][166]PIE: New page: PIE session: Testing_Level (Aug 31, 2015, 1:32:41 PM)
[2015.08.31-09.32.41:494][166]LogPlayLevel: Creating play world package: /Game/NPOTG/Maps/UEDPIE_0_Testing_Level
[2015.08.31-09.32.41:556][166]LogPlayLevel: PIE: StaticDuplicateObject took: (0.061568s)
[2015.08.31-09.32.41:556][166]LogAIModule: Creating AISystem for world Testing_Level
[2015.08.31-09.32.41:557][166]LogPlayLevel: PIE: World Init took: (0.001103s)
[2015.08.31-09.32.41:557][166]LogPlayLevel: PIE: Created PIE world by copying editor world from /Game/NPOTG/Maps/Testing_Level.Testing_Level to /Game/NPOTG/Maps/UEDPIE_0_Testing_Level.Testing_Level (0.063239s)
[2015.08.31-09.32.41:824][166]LogInit: XAudio2 using 'Lautsprecher (G510s Gaming Keyboard)' : 2 channels at 48 kHz using 16 bits per sample (channel mask 0x3)
[2015.08.31-09.32.41:829][166]LogInit: FAudioDevice initialized.
[2015.08.31-09.32.41:832][166]LogD3D11RHI: InitD3DDevice
[2015.08.31-09.32.41:874][166]LogWorld: Game class is '2DSideScrollerGameMode_C'
[2015.08.31-09.32.42:071][166]LogWorld: Bringing World /Game/NPOTG/Maps/UEDPIE_0_Testing_Level.Testing_Level up for play (max tick rate 0) at 2015.08.31-11.32.42
[2015.08.31-09.32.42:072][166]LogActor:Warning: GameSession /Game/NPOTG/Maps/UEDPIE_0_Testing_Level.Testing_Level:PersistentLevel.GameSession_0 has natively added scene component(s), but none of them were set as the actor's RootComponent - picking one arbitrarily
[2015.08.31-09.32.42:072][166]LogActor:Warning: GameNetworkManager /Game/NPOTG/Maps/UEDPIE_0_Testing_Level.Testing_Level:PersistentLevel.GameNetworkManager_0 has natively added scene component(s), but none of them were set as the actor's RootComponent - picking one arbitrarily
[2015.08.31-09.32.42:084][166]LogWorld: Bringing up level for play took: 0.207784
[2015.08.31-09.32.42:106][166]PIE: Info Play in editor start time for /Game/NPOTG/Maps/UEDPIE_0_Testing_Level 0.531
[2015.08.31-09.32.42:128][166]LogRenderer: Reallocating scene render targets to support 1456x936 (Frame:162).
[2015.08.31-09.33.31:576][881]LogParticles: Destroying 0 GPU particle simulations for FXSystem 0x0000001A1051F600
[2015.08.31-09.33.42:129][496]LogEditorViewport: Clicking on Actor (LMB): PaperSpriteActor (pointB_Sprite4)
[2015.08.31-09.33.46:485][892]LogD3D11RHI: InitD3DDevice
[2015.08.31-09.33.48:279][ 87]LogD3D11RHI: InitD3DDevice
[2015.08.31-09.33.48:857][ 87]LogSavePackage: Save=504.214935ms
[2015.08.31-09.33.48:857][ 87]LogSavePackage: Moving '../../../../Projekte/NotPartofTheGame/Saved/UEDPCTesting_Level3F40D9984595B3F5DD59E2AEF9B99388.tmp' to '../../../../Projekte/NotPartofTheGame/Saved/Autosaves/Game/NPOTG/Maps/UEDPCTesting_Level.umap'
[2015.08.31-09.43.19:477][616]LogD3D11RHI: InitD3DDevice
[2015.08.31-09.43.28:477][141]LogD3D11RHI: InitD3DDevice
[2015.08.31-09.43.29:186][141]LogSavePackage: Save=513.916199ms
[2015.08.31-09.43.29:186][141]LogSavePackage: Moving '../../../../Projekte/NotPartofTheGame/Saved/Testing_Level_Auto198699B2B4C1F2CE43C64A9AA3514F919.tmp' to '../../../../Projekte/NotPartofTheGame/Saved/Autosaves/Game/NPOTG/Maps/Testing_Level_Auto1.umap'
[2015.08.31-09.43.29:190][141]LogFileHelpers: Editor autosave (incl. sublevels) for '/Game/NPOTG/Maps/Testing_Level' took 0.599
[2015.08.31-09.43.29:190][141]LogFileHelpers: Editor autosave (incl. sublevels) for all levels took 0.599
[2015.08.31-09.59.28:306][473]LogD3D11RHI: InitD3DDevice
[2015.08.31-09.59.28:332][473]LogD3D11RHI: InitD3DDevice
[2015.08.31-09.59.28:381][473]LogLinker:Warning: Asset '../../../Engine/Content/ArtTools/RenderToTexture/Macros/RenderToTextureMacros.uasset' has been saved with empty engine version. The asset will be loaded but may be incompatible.
[2015.08.31-09.59.28:520][473]LogLinker:Warning: Asset '../../../Engine/Content/ArtTools/RenderToTexture/Enums/RenderToTexture_Enum.uasset' has been saved with empty engine version. The asset will be loaded but may be incompatible.
[2015.08.31-09.59.37:166][853]LogD3D11RHI: InitD3DDevice
[2015.08.31-09.59.42:447][211]LogD3D11RHI: InitD3DDevice
[2015.08.31-10.00.16:699][241]LogD3D11RHI: InitD3DDevice
[2015.08.31-10.00.35:775][240]BlueprintLog: New page: Compile Questdude
[2015.08.31-10.00.35:919][240]BlueprintEditorCompileResults: Info [1687.84] Compile of Questdude successful! [in 143 ms]
[2015.08.31-10.00.38:515][374]LogD3D11RHI: InitD3DDevice
[2015.08.31-10.00.38:531][374]Cmd: OBJ SAVEPACKAGE PACKAGE="/Game/NPOTG/Blueprints/Charaktere/Questdude" FILE="../../../../Projekte/NotPartofTheGame/Content/NPOTG/Blueprints/Charaktere/Questdude.uasset" SILENT=true
[2015.08.31-10.00.38:629][374]LogSavePackage: Save=36.136646ms
[2015.08.31-10.00.38:629][374]LogSavePackage: Moving '../../../../Projekte/NotPartofTheGame/Saved/QuestdudeAD14A5574EA63E07CD39398D3E551F3B.tmp' to '../../../../Projekte/NotPartofTheGame/Content/NPOTG/Blueprints/Charaktere/Questdude.uasset'
[2015.08.31-10.00.40:800][518]LogEditorViewport: Clicking on Actor (LMB): Questdude_C (Questdude)
[2015.08.31-10.00.45:298][909]LogD3D11RHI: InitD3DDevice
[2015.08.31-10.00.45:862][909]LogSavePackage: Save=501.796844ms
[2015.08.31-10.00.45:862][909]LogSavePackage: Moving '../../../../Projekte/NotPartofTheGame/Saved/UEDPCTesting_LevelFBE8F39D42A4E3B9F59463AC6DCE80A6.tmp' to '../../../../Projekte/NotPartofTheGame/Saved/Autosaves/Game/NPOTG/Maps/UEDPCTesting_Level.umap'
[2015.08.31-10.01.13:864][ 88]LogD3D11RHI: InitD3DDevice
[2015.08.31-10.01.17:685][287]LogD3D11RHI: InitD3DDevice
[2015.08.31-10.01.23:045][676]LogD3D11RHI: InitD3DDevice
[2015.08.31-10.01.51:865][380]LogD3D11RHI: InitD3DDevice
[2015.08.31-10.01.51:956][380]Cmd: OBJ SAVEPACKAGE PACKAGE="/Game/NPOTG/Maps/Testing_Level" FILE="../../../../Projekte/NotPartofTheGame/Content/NPOTG/Maps/Testing_Level.umap" SILENT=true AUTOSAVING=false KEEPDIRTY=false
[2015.08.31-10.01.52:530][380]LogSavePackage: Save=496.028900ms
[2015.08.31-10.01.52:530][380]LogSavePackage: Moving '../../../../Projekte/NotPartofTheGame/Saved/Testing_LevelA3215D0C47289779253A98B4999FD084.tmp' to '../../../../Projekte/NotPartofTheGame/Content/NPOTG/Maps/Testing_Level.umap'
[2015.08.31-10.01.52:581][380]LogFileHelpers: Saving map 'Testing_Level' took 0.691
[2015.08.31-10.01.52:587][380]Cmd: OBJ SAVEPACKAGE PACKAGE="/Game/NPOTG/Blueprints/Charaktere/Life-NOte" FILE="../../../../Projekte/NotPartofTheGame/Content/NPOTG/Blueprints/Charaktere/Life-NOte.uasset" SILENT=true
[2015.08.31-10.01.52:680][380]LogSavePackage: Save=34.228924ms
[2015.08.31-10.01.52:680][380]LogSavePackage: Moving '../../../../Projekte/NotPartofTheGame/Saved/Life-NOte5EC9D6104350075776397E83E4193448.tmp' to '../../../../Projekte/NotPartofTheGame/Content/NPOTG/Blueprints/Charaktere/Life-NOte.uasset'
[2015.08.31-10.01.53:498][424]BlueprintLog: New page: Compile Life-NOte
[2015.08.31-10.01.53:626][424]BlueprintEditorCompileResults: Info [1765.54] Compile of Life-NOte successful! [in 127 ms]
[2015.08.31-10.01.54:644][472]LogActorComponent: UnregisterComponent: (/Engine/Transient.EditorFloorComp) Not registered. Aborting.
[2015.08.31-10.01.55:742][563]LogEditorViewport: Clicking Background
[2015.08.31-10.01.56:160][594]LogEditorViewport: Clicking on Actor (LMB): Life-NOte_C (Life-NOte)
[2015.08.31-10.01.58:765][815]LogEditorViewport: Clicking Background
[2015.08.31-10.02.15:627][107]LogParticles: Destroying 0 GPU particle simulations for FXSystem 0x0000001A0D057880
[2015.08.31-10.02.15:645][107]LogParticles: Destroying 0 GPU particle simulations for FXSystem 0x0000001A79361A80
[2015.08.31-10.02.15:649][107]LogD3D11RHI: InitD3DDevice
[2015.08.31-10.02.17:260][107]LogD3D11RHI: InitD3DDevice
[2015.08.31-10.02.17:338][107]Cmd: OBJ SAVEPACKAGE PACKAGE="/Game/NPOTG/Maps/Testing_Level" FILE="../../../../Projekte/NotPartofTheGame/Content/NPOTG/Maps/Testing_Level.umap" SILENT=true AUTOSAVING=false KEEPDIRTY=false
[2015.08.31-10.02.17:910][107]LogSavePackage: Save=493.552032ms
[2015.08.31-10.02.17:911][107]LogSavePackage: Moving '../../../../Projekte/NotPartofTheGame/Saved/Testing_LevelC97DE4DD4F36DD49D904799D978F46E1.tmp' to '../../../../Projekte/NotPartofTheGame/Content/NPOTG/Maps/Testing_Level.umap'
[2015.08.31-10.02.17:952][107]LogFileHelpers: Saving map 'Testing_Level' took 0.679
[2015.08.31-10.02.18:068][107]LogWindowsTextInputMethodSystem:Display: IME system now deactivated.
[2015.08.31-10.02.18:068][107]LogWindowsTextInputMethodSystem:Display: IME system now deactivated.
[2015.08.31-10.02.18:323][108]Cmd: QUIT_EDITOR
[2015.08.31-10.02.19:019][108]LogExit: Preparing to exit.
[2015.08.31-10.02.19:908][108]LogExit: Editor shut down
[2015.08.31-10.02.19:908][108]LogExit: Transaction tracking system shut down
[2015.08.31-10.02.19:915][108]LogParticles: Destroying 0 GPU particle simulations for FXSystem 0x0000001A77F3A840
[2015.08.31-10.02.19:916][108]LogParticles: Destroying 0 GPU particle simulations for FXSystem 0x0000001A04B1B9C0
[2015.08.31-10.02.19:916][108]LogParticles: Destroying 0 GPU particle simulations for FXSystem 0x0000001A04F2D1C0
[2015.08.31-10.02.19:917][108]LogParticles: Destroying 0 GPU particle simulations for FXSystem 0x0000001A68D12DE0
[2015.08.31-10.02.20:066][108]LogExit: Object subsystem successfully closed.
[2015.08.31-10.02.20:074][108]LogD3D11RHI: Shutdown
[2015.08.31-10.02.20:074][108]LogD3D11RHI: CleanupD3DDevice
[2015.08.31-10.02.20:203][108]LogD3D11RHI: ~FD3D11DynamicRHI
[2015.08.31-10.02.20:221][108]LogModuleManager: Shutting down and abandoning module CrashTracker (190)
[2015.08.31-10.02.20:221][108]LogModuleManager: Shutting down and abandoning module SceneOutliner (189)
[2015.08.31-10.02.20:221][108]LogModuleManager: Shutting down and abandoning module SuperSearch (188)
[2015.08.31-10.02.20:221][108]LogModuleManager: Shutting down and abandoning module WidgetCarousel (187)
[2015.08.31-10.02.20:221][108]LogModuleManager: Shutting down and abandoning module AddContentDialog (186)
[2015.08.31-10.02.20:222][108]LogModuleManager: Shutting down and abandoning module EditorWidgets (185)
[2015.08.31-10.02.20:222][108]LogModuleManager: Shutting down and abandoning module CollectionManager (184)
[2015.08.31-10.02.20:222][108]LogModuleManager: Shutting down and abandoning module StatsViewer (183)
[2015.08.31-10.02.20:222][108]LogModuleManager: Shutting down and abandoning module FoliageEdit (182)
[2015.08.31-10.02.20:222][108]LogModuleManager: Shutting down and abandoning module LandscapeEditor (181)
[2015.08.31-10.02.20:222][108]LogModuleManager: Shutting down and abandoning module ActorPickerMode (180)
[2015.08.31-10.02.20:222][108]LogModuleManager: Shutting down and abandoning module GeometryMode (179)
[2015.08.31-10.02.20:222][108]LogModuleManager: Shutting down and abandoning module TextureAlignMode (178)
[2015.08.31-10.02.20:222][108]LogModuleManager: Shutting down and abandoning module BspMode (177)
[2015.08.31-10.02.20:222][108]LogModuleManager: Shutting down and abandoning module PlacementMode (176)
[2015.08.31-10.02.20:222][108]LogModuleManager: Shutting down and abandoning module AutomationWorker (175)
[2015.08.31-10.02.20:222][108]LogModuleManager: Shutting down and abandoning module CharacterAI (174)
[2015.08.31-10.02.20:222][108]LogModuleManager: Shutting down and abandoning module SmartSnapping (173)
[2015.08.31-10.02.20:222][108]LogModuleManager: Shutting down and abandoning module ViewportSnapping (172)
[2015.08.31-10.02.20:222][108]LogModuleManager: Shutting down and abandoning module LogVisualizer (171)
[2015.08.31-10.02.20:222][108]LogModuleManager: Shutting down and abandoning module GameProjectGeneration (170)
[2015.08.31-10.02.20:222][108]LogModuleManager: Shutting down and abandoning module IntroTutorials (169)
[2015.08.31-10.02.20:222][108]LogModuleManager: Shutting down and abandoning module EditorLiveStreaming (168)
[2015.08.31-10.02.20:222][108]LogModuleManager: Shutting down and abandoning module IOSPlatformEditor (167)
[2015.08.31-10.02.20:222][108]LogModuleManager: Shutting down and abandoning module HTML5PlatformEditor (166)
[2015.08.31-10.02.20:222][108]LogModuleManager: Shutting down and abandoning module AndroidDeviceDetection (165)
[2015.08.31-10.02.20:372][108]LogModuleManager: Shutting down and abandoning module AndroidPlatformEditor (164)
[2015.08.31-10.02.20:372][108]LogModuleManager: Shutting down and abandoning module IOSRuntimeSettings (163)
[2015.08.31-10.02.20:372][108]LogModuleManager: Shutting down and abandoning module AndroidRuntimeSettings (162)
[2015.08.31-10.02.20:372][108]LogModuleManager: Shutting down and abandoning module MergeActors (161)
[2015.08.31-10.02.20:372][108]LogModuleManager: Shutting down and abandoning module SizeMap (160)
[2015.08.31-10.02.20:372][108]LogModuleManager: Shutting down and abandoning module TreeMap (159)
[2015.08.31-10.02.20:372][108]LogModuleManager: Shutting down and abandoning module ReferenceViewer (158)
[2015.08.31-10.02.20:372][108]LogModuleManager: Shutting down and abandoning module LocalizationDashboard (157)
[2015.08.31-10.02.20:372][108]LogModuleManager: Shutting down and abandoning module HardwareTargeting (156)
[2015.08.31-10.02.20:372][108]LogModuleManager: Shutting down and abandoning module DeviceProfileEditor (155)
[2015.08.31-10.02.20:372][108]LogModuleManager: Shutting down and abandoning module UndoHistory (154)
[2015.08.31-10.02.20:372][108]LogModuleManager: Shutting down and abandoning module GameplayTagsEditor (153)
[2015.08.31-10.02.20:372][108]LogModuleManager: Shutting down and abandoning module UserFeedback (152)
[2015.08.31-10.02.20:372][108]LogModuleManager: Shutting down and abandoning module XmlParser (151)
[2015.08.31-10.02.20:372][108]LogModuleManager: Shutting down and abandoning module Blutility (150)
[2015.08.31-10.02.20:372][108]LogModuleManager: Shutting down and abandoning module ProjectTargetPlatformEditor (149)
[2015.08.31-10.02.20:372][108]LogModuleManager: Shutting down and abandoning module ProjectSettingsViewer (148)
[2015.08.31-10.02.20:372][108]LogModuleManager: Shutting down and abandoning module InputBindingEditor (147)
[2015.08.31-10.02.20:372][108]LogModuleManager: Shutting down and abandoning module EditorSettingsViewer (146)
[2015.08.31-10.02.20:372][108]LogModuleManager: Shutting down and abandoning module SettingsEditor (145)
[2015.08.31-10.02.20:372][108]LogModuleManager: Shutting down and abandoning module ProjectLauncher (144)
[2015.08.31-10.02.20:372][108]LogModuleManager: Shutting down and abandoning module SessionFrontend (143)
[2015.08.31-10.02.20:372][108]LogModuleManager: Shutting down and abandoning module ProfilerClient (142)
[2015.08.31-10.02.20:372][108]LogModuleManager: Shutting down and abandoning module TargetDeviceServices (141)
[2015.08.31-10.02.20:372][108]LogModuleManager: Shutting down and abandoning module DeviceManager (140)
[2015.08.31-10.02.20:372][108]LogModuleManager: Shutting down and abandoning module AutomationController (139)
[2015.08.31-10.02.20:372][108]LogModuleManager: Shutting down and abandoning module AutomationWindow (138)
[2015.08.31-10.02.20:372][108]LogModuleManager: Shutting down and abandoning module Layers (137)
[2015.08.31-10.02.20:372][108]LogModuleManager: Shutting down and abandoning module ComponentVisualizers (136)
[2015.08.31-10.02.20:372][108]LogModuleManager: Shutting down and abandoning module DetailCustomizations (135)
[2015.08.31-10.02.20:372][108]LogModuleManager: Shutting down and abandoning module PackagesDialog (134)
[2015.08.31-10.02.20:372][108]LogModuleManager: Shutting down and abandoning module Persona (133)
[2015.08.31-10.02.20:372][108]LogModuleManager: Shutting down and abandoning module Kismet (132)
[2015.08.31-10.02.20:372][108]LogModuleManager: Shutting down and abandoning module GraphEditor (131)
[2015.08.31-10.02.20:372][108]LogModuleManager: Shutting down and abandoning module ClassViewer (130)
[2015.08.31-10.02.20:372][108]LogModuleManager: Shutting down and abandoning module Toolbox (129)
[2015.08.31-10.02.20:373][108]LogModuleManager: Shutting down and abandoning module ModuleUI (128)
[2015.08.31-10.02.20:373][108]LogModuleManager: Shutting down and abandoning module MovieSceneTools (127)
[2015.08.31-10.02.20:373][108]LogModuleManager: Shutting down and abandoning module OutputLog (126)
[2015.08.31-10.02.20:373][108]LogModuleManager: Shutting down and abandoning module GammaUI (125)
[2015.08.31-10.02.20:373][108]LogModuleManager: Shutting down and abandoning module Documentation (124)
[2015.08.31-10.02.20:373][108]LogModuleManager: Shutting down and abandoning module GameLiveStreaming (123)
[2015.08.31-10.02.20:373][108]LogModuleManager: Shutting down and abandoning module StreamingPauseRendering (122)
[2015.08.31-10.02.20:373][108]LogModuleManager: Shutting down and abandoning module AnalyticsET (121)
[2015.08.31-10.02.20:373][108]LogModuleManager: Shutting down and abandoning module Analytics (120)
[2015.08.31-10.02.20:373][108]LogModuleManager: Shutting down and abandoning module AITestSuite (119)
[2015.08.31-10.02.20:373][108]LogModuleManager: Shutting down and abandoning module GameplayDebugger (118)
[2015.08.31-10.02.20:373][108]LogModuleManager: Shutting down and abandoning module AIModule (117)
[2015.08.31-10.02.20:373][108]LogModuleManager: Shutting down and abandoning module ProfilerService (116)
[2015.08.31-10.02.20:400][108]LogModuleManager: Shutting down and abandoning module TaskGraph (115)
[2015.08.31-10.02.20:400][108]LogModuleManager: Shutting down and abandoning module SubstanceEditor (114)
[2015.08.31-10.02.20:400][108]LogModuleManager: Shutting down and abandoning module SlateRemote (113)
[2015.08.31-10.02.20:400][108]LogModuleManager: Shutting down and abandoning module SteamVRController (112)
[2015.08.31-10.02.20:400][108]LogModuleManager: Shutting down and abandoning module SteamVR (111)
[2015.08.31-10.02.20:400][108]LogModuleManager: Shutting down and abandoning module ProceduralMeshComponent (110)
[2015.08.31-10.02.20:400][108]LogModuleManager: Shutting down and abandoning module OculusRift (109)
[2015.08.31-10.02.20:400][108]LogModuleManager: Shutting down and abandoning module LeapMotionController (108)
[2015.08.31-10.02.20:406][108]LogModuleManager: Shutting down and abandoning module CustomMeshComponent (107)
[2015.08.31-10.02.20:406][108]LogModuleManager: Shutting down and abandoning module CableComponent (106)
[2015.08.31-10.02.20:406][108]LogModuleManager: Shutting down and abandoning module MessagingDebugger (105)
[2015.08.31-10.02.20:406][108]LogModuleManager: Shutting down and abandoning module MediaPlayerEditor (104)
[2015.08.31-10.02.20:406][108]LogModuleManager: Shutting down and abandoning module SpeedTreeImporter (103)
[2015.08.31-10.02.20:406][108]LogModuleManager: Shutting down and abandoning module PluginBrowser (102)
[2015.08.31-10.02.20:406][108]LogModuleManager: Shutting down and abandoning module EpicSurvey (101)
[2015.08.31-10.02.20:406][108]LogModuleManager: Shutting down and abandoning module DesktopPlatform (100)
[2015.08.31-10.02.20:406][108]LogModuleManager: Shutting down and abandoning module VisualStudioSourceCodeAccess (99)
[2015.08.31-10.02.20:406][108]LogModuleManager: Shutting down and abandoning module UObjectPlugin (98)
[2015.08.31-10.02.20:406][108]LogModuleManager: Shutting down and abandoning module SubversionSourceControl (97)
[2015.08.31-10.02.20:406][108]LogModuleManager: Shutting down and abandoning module PerforceSourceControl (96)
[2015.08.31-10.02.20:406][108]LogModuleManager: Shutting down and abandoning module SourceControl (95)
[2015.08.31-10.02.20:406][108]LogModuleManager: Shutting down and abandoning module GitSourceControl (94)
[2015.08.31-10.02.20:406][108]LogModuleManager: Shutting down and abandoning module BlankPlugin (93)
[2015.08.31-10.02.20:406][108]LogModuleManager: Shutting down and abandoning module PaperTiledImporter (92)
[2015.08.31-10.02.20:406][108]LogModuleManager: Shutting down and abandoning module PaperSpriteSheetImporter (91)
[2015.08.31-10.02.20:406][108]LogModuleManager: Shutting down and abandoning module MeshPaint (90)
[2015.08.31-10.02.20:406][108]LogModuleManager: Shutting down and abandoning module SlateReflector (89)
[2015.08.31-10.02.20:406][108]LogModuleManager: Shutting down and abandoning module HotReload (88)
[2015.08.31-10.02.20:406][108]LogModuleManager: Shutting down and abandoning module MainFrame (87)
[2015.08.31-10.02.20:406][108]LogModuleManager: Shutting down and abandoning module LevelEditor (86)
[2015.08.31-10.02.20:407][108]LogModuleManager: Shutting down and abandoning module ContentBrowser (85)
[2015.08.31-10.02.20:408][108]LogModuleManager: Shutting down and abandoning module Paper2DEditor (84)
[2015.08.31-10.02.20:408][108]LogModuleManager: Shutting down and abandoning module UdpMessaging (83)
[2015.08.31-10.02.20:508][108]LogModuleManager: Shutting down and abandoning module DirectoryWatcher (82)
[2015.08.31-10.02.20:508][108]LogModuleManager: Shutting down and abandoning module AssetRegistry (81)
[2015.08.31-10.02.20:593][108]LogModuleManager: Shutting down and abandoning module SubstanceCore (80)
[2015.08.31-10.02.20:593][108]LogModuleManager: Shutting down and abandoning module Paper2D (79)
[2015.08.31-10.02.20:593][108]LogModuleManager: Shutting down and abandoning module WindowsMoviePlayer (78)
[2015.08.31-10.02.20:596][108]LogModuleManager: Shutting down and abandoning module Media (77)
[2015.08.31-10.02.20:596][108]LogModuleManager: Shutting down and abandoning module WmfMedia (76)
[2015.08.31-10.02.20:596][108]LogModuleManager: Shutting down and abandoning module OnlineBlueprintSupport (75)
[2015.08.31-10.02.20:596][108]LogModuleManager: Shutting down and abandoning module PropertyEditor (74)
[2015.08.31-10.02.20:596][108]LogModuleManager: Shutting down and abandoning module BehaviorTreeEditor (73)
[2015.08.31-10.02.20:596][108]LogModuleManager: Shutting down and abandoning module FunctionalTesting (72)
[2015.08.31-10.02.20:596][108]LogModuleManager: Shutting down and abandoning module CollisionAnalyzer (71)
[2015.08.31-10.02.20:596][108]LogModuleManager: Shutting down and abandoning module WorkspaceMenuStructure (70)
[2015.08.31-10.02.20:596][108]LogModuleManager: Shutting down and abandoning module MessageLog (69)
[2015.08.31-10.02.20:596][108]LogModuleManager: Shutting down and abandoning module Sequencer (68)
[2015.08.31-10.02.20:596][108]LogModuleManager: Shutting down and abandoning module AssetTools (67)
[2015.08.31-10.02.20:596][108]LogModuleManager: Shutting down and abandoning module UMGEditor (66)
[2015.08.31-10.02.20:596][108]LogModuleManager: Shutting down and abandoning module UMG (65)
[2015.08.31-10.02.20:596][108]LogModuleManager: Shutting down and abandoning module Slate (64)
[2015.08.31-10.02.20:596][108]LogModuleManager: Shutting down and abandoning module EditorStyle (63)
[2015.08.31-10.02.20:598][108]LogModuleManager: Shutting down and abandoning module SessionServices (62)
[2015.08.31-10.02.20:598][108]LogModuleManager: Shutting down and abandoning module SourceCodeAccess (61)
[2015.08.31-10.02.20:598][108]LogModuleManager: Shutting down and abandoning module HeadMountedDisplay (60)
[2015.08.31-10.02.20:598][108]LogModuleManager: Shutting down and abandoning module XAudio2 (59)
[2015.08.31-10.02.20:598][108]LogModuleManager: Shutting down and abandoning module Networking (57)
[2015.08.31-10.02.20:598][108]LogModuleManager: Shutting down and abandoning module Core (56)
[2015.08.31-10.02.20:598][108]LogModuleManager: Shutting down and abandoning module KismetCompiler (55)
[2015.08.31-10.02.20:598][108]LogModuleManager: Shutting down and abandoning module PhysXFormats (54)
[2015.08.31-10.02.20:598][108]LogModuleManager: Shutting down and abandoning module MeshUtilities (53)
[2015.08.31-10.02.20:598][108]LogModuleManager: Shutting down and abandoning module DerivedDataCache (52)
[2015.08.31-10.02.20:668][108]LogDerivedDataCache: Shutdown
[2015.08.31-10.02.20:668][108]LogModuleManager: Shutting down and abandoning module ShaderFormatOpenGL (51)
[2015.08.31-10.02.20:668][108]LogModuleManager: Shutting down and abandoning module ShaderFormatD3D (50)
[2015.08.31-10.02.20:668][108]LogModuleManager: Shutting down and abandoning module MetalShaderFormat (49)
[2015.08.31-10.02.20:668][108]LogModuleManager: Shutting down and abandoning module TextureFormatUncompressed (48)
[2015.08.31-10.02.20:668][108]LogModuleManager: Shutting down and abandoning module TextureFormatPVR (47)
[2015.08.31-10.02.20:668][108]LogModuleManager: Shutting down and abandoning module TextureFormatIntelISPCTexComp (46)
[2015.08.31-10.02.20:668][108]LogModuleManager: Shutting down and abandoning module TextureFormatDXT (45)
[2015.08.31-10.02.20:668][108]LogModuleManager: Shutting down and abandoning module ImageWrapper (44)
[2015.08.31-10.02.20:668][108]LogModuleManager: Shutting down and abandoning module TextureFormatASTC (43)
[2015.08.31-10.02.20:668][108]LogModuleManager: Shutting down and abandoning module TextureFormatAndroid (42)
[2015.08.31-10.02.20:668][108]LogModuleManager: Shutting down and abandoning module AudioFormatOpus (41)
[2015.08.31-10.02.20:668][108]LogModuleManager: Shutting down and abandoning module AudioFormatOgg (40)
[2015.08.31-10.02.20:668][108]LogModuleManager: Shutting down and abandoning module AudioFormatADPCM (39)
[2015.08.31-10.02.20:668][108]LogModuleManager: Shutting down and abandoning module LinuxTargetPlatform (38)
[2015.08.31-10.02.20:668][108]LogModuleManager: Shutting down and abandoning module LinuxServerTargetPlatform (37)
[2015.08.31-10.02.20:668][108]LogModuleManager: Shutting down and abandoning module LinuxNoEditorTargetPlatform (36)
[2015.08.31-10.02.20:668][108]LogModuleManager: Shutting down and abandoning module Messaging (35)
[2015.08.31-10.02.20:668][108]LogModuleManager: Shutting down and abandoning module IOSTargetPlatform (34)
[2015.08.31-10.02.20:668][108]LogModuleManager: Shutting down and abandoning module HTML5TargetPlatform (33)
[2015.08.31-10.02.20:668][108]LogModuleManager: Shutting down and abandoning module Android_PVRTCTargetPlatform (32)
[2015.08.31-10.02.20:668][108]LogModuleManager: Shutting down and abandoning module Android_ETC2TargetPlatform (31)
[2015.08.31-10.02.20:668][108]LogModuleManager: Shutting down and abandoning module Android_ETC1TargetPlatform (30)
[2015.08.31-10.02.20:668][108]LogModuleManager: Shutting down and abandoning module Android_DXTTargetPlatform (29)
[2015.08.31-10.02.20:668][108]LogModuleManager: Shutting down and abandoning module Android_ATCTargetPlatform (28)
[2015.08.31-10.02.20:668][108]LogModuleManager: Shutting down and abandoning module Android_ASTCTargetPlatform (27)
[2015.08.31-10.02.20:668][108]LogModuleManager: Shutting down and abandoning module AndroidTargetPlatform (26)
[2015.08.31-10.02.20:668][108]LogModuleManager: Shutting down and abandoning module WindowsTargetPlatform (25)
[2015.08.31-10.02.20:668][108]LogModuleManager: Shutting down and abandoning module WindowsServerTargetPlatform (24)
[2015.08.31-10.02.20:668][108]LogModuleManager: Shutting down and abandoning module WindowsNoEditorTargetPlatform (23)
[2015.08.31-10.02.20:668][108]LogModuleManager: Shutting down and abandoning module WindowsClientTargetPlatform (22)
[2015.08.31-10.02.20:668][108]LogModuleManager: Shutting down and abandoning module DesktopTargetPlatform (21)
[2015.08.31-10.02.20:668][108]LogModuleManager: Shutting down and abandoning module TargetPlatform (20)
[2015.08.31-10.02.20:668][108]LogModuleManager: Shutting down and abandoning module InputCore (19)
[2015.08.31-10.02.20:668][108]LogModuleManager: Shutting down and abandoning module Settings (18)
[2015.08.31-10.02.20:668][108]LogModuleManager: Shutting down and abandoning module OnlineSubsystem (16)
[2015.08.31-10.02.20:668][108]LogModuleManager: Shutting down and abandoning module HTTP (15)
[2015.08.31-10.02.20:668][108]LogModuleManager: Shutting down and abandoning module ExampleDeviceProfileSelector (14)
[2015.08.31-10.02.20:668][108]LogModuleManager: Shutting down and abandoning module TextureCompressor (13)
[2015.08.31-10.02.20:668][108]LogModuleManager: Shutting down and abandoning module ShaderCore (12)
[2015.08.31-10.02.20:668][108]LogModuleManager: Shutting down and abandoning module Landscape (11)
[2015.08.31-10.02.20:670][108]LogModuleManager: Shutting down and abandoning module SlateRHIRenderer (10)
[2015.08.31-10.02.20:673][108]LogModuleManager: Shutting down and abandoning module OpenGLDrv (9)
[2015.08.31-10.02.20:673][108]LogModuleManager: Shutting down and abandoning module D3D11RHI (8)
[2015.08.31-10.02.20:673][108]LogModuleManager: Shutting down and abandoning module Renderer (7)
[2015.08.31-10.02.20:673][108]LogModuleManager: Shutting down and abandoning module Engine (6)
[2015.08.31-10.02.20:673][108]LogModuleManager: Shutting down and abandoning module CoreUObject (5)
[2015.08.31-10.02.20:673][108]LogModuleManager: Shutting down and abandoning module NetworkFile (4)
[2015.08.31-10.02.20:673][108]LogModuleManager: Shutting down and abandoning module StreamingFile (3)
[2015.08.31-10.02.20:673][108]LogModuleManager: Shutting down and abandoning module SandboxFile (2)
[2015.08.31-10.02.20:673][108]LogModuleManager: Shutting down and abandoning module PakFile (1)
[2015.08.31-10.02.20:674][108]LogExit: Exiting.
[2015.08.31-10.02.20:675][108]Log file closed, 08/31/15 12:02:20
