[2015.08.30-21.03.30:077][  0]Log file open, 08/30/15 23:03:30
[2015.08.30-21.03.30:077][  0]LogInit:Display: Running engine for game: NotPartofGame
[2015.08.30-21.03.30:077][  0]LogInit:Display: RandInit(1923880199) SRandInit(1923880200).
[2015.08.30-21.03.30:077][  0]LogTaskGraph: Started task graph with 4 named threads and 7 total threads.
[2015.08.30-21.03.30:077][  0]LogStats: Stats thread started
[2015.08.30-21.03.30:077][  0]LogInit: Version: 4.8.3-2634408+++depot+UE4-Releases+4.8
[2015.08.30-21.03.30:077][  0]LogInit: API Version: 2579680
[2015.08.30-21.03.30:077][  0]LogInit: Compiled (64-bit): Jul 27 2015 16:24:33
[2015.08.30-21.03.30:077][  0]LogInit: Compiled with Visual C++: 18.00.21005.01
[2015.08.30-21.03.30:077][  0]LogInit: Build Configuration: Development
[2015.08.30-21.03.30:077][  0]LogInit: Branch Name: ++depot+UE4-Releases+4.8
[2015.08.30-21.03.30:077][  0]LogInit: Command line:  /Temp/Autosaves/Game/NPOTG/Maps/UEDPCTesting_Level -game -PIEVIACONSOLE -ResX=1280 -ResY=720  -Multiprocess 
[2015.08.30-21.03.30:077][  0]LogInit: Base directory: C:/Users/Bodoo/Documents/Programmieren/4.8/Engine/Binaries/Win64/
[2015.08.30-21.03.30:077][  0]LogInit: Rocket: 1
[2015.08.30-21.03.30:103][  0]LogInit: Using libcurl 7.41.0
[2015.08.30-21.03.30:103][  0]LogInit:  - built for x86_64-pc-win32
[2015.08.30-21.03.30:103][  0]LogInit:  - supports SSL with WinSSL
[2015.08.30-21.03.30:103][  0]LogInit:  - other features:
[2015.08.30-21.03.30:103][  0]LogInit:      CURL_VERSION_SSL
[2015.08.30-21.03.30:103][  0]LogInit:      CURL_VERSION_IPV6
[2015.08.30-21.03.30:103][  0]LogInit:      CURL_VERSION_ASYNCHDNS
[2015.08.30-21.03.30:103][  0]LogInit:      CURL_VERSION_LARGEFILE
[2015.08.30-21.03.30:103][  0]LogInit:      CURL_VERSION_IDN
[2015.08.30-21.03.30:103][  0]LogInit:  CurlRequestOptions (configurable via config and command line):
[2015.08.30-21.03.30:103][  0]LogInit:  - bVerifyPeer = true  - Libcurl will verify peer certificate
[2015.08.30-21.03.30:103][  0]LogInit:  - bUseHttpProxy = false  - Libcurl will NOT use HTTP proxy
[2015.08.30-21.03.30:103][  0]LogInit:  - bDontReuseConnections = false  - Libcurl will reuse connections
[2015.08.30-21.03.30:103][  0]LogInit:  - CertBundlePath = nullptr  - Libcurl will use whatever was configured at build time.
[2015.08.30-21.03.30:119][  0]LogOnline:Warning: No default platform service specified for OnlineSubsystem
[2015.08.30-21.03.30:137][  0]LogInit: Presizing for 0 objects not considered by GC, pre-allocating 0 bytes.
[2015.08.30-21.03.30:146][  0]LogInit: Object subsystem initialized
[2015.08.30-21.03.30:148][  0]LogConsoleResponse:Warning: Skipping Unknown console variable: 'UIScaleCurve = (EditorCurveData=(Keys=((Time=480.000000,Value=0.444000),(Time=720.000000,Value=0.666000),(Time=1080.000000,Value=1.000000),(Time=8640.000000,Value=8.000000))),ExternalCurve=None)'
[2015.08.30-21.03.30:148][  0]LogConsoleResponse:Warning:   Found in ini file 'C:/Users/Bodoo/Documents/Programmieren/Projekte/NotPartofTheGame/Saved/Config/Windows/Engine.ini', in section '[/Script/Engine.RendererSettings]'
[2015.08.30-21.03.30:148][  0]LogConsoleManager:Warning: Console variable 'r.MSAA.CompositingSampleCount' wasn't set ('Scalability' has a lower priority than 'ProjectSetting')
[2015.08.30-21.03.30:148][  0]LogInit: Selected Device Profile: [Windows]
[2015.08.30-21.03.30:148][  0]LogInit: Applying CVar settings loaded from the selected device profile: [Windows]
[2015.08.30-21.03.30:151][  0]LogInit: Computer: DESKTOP-GLF6O4V
[2015.08.30-21.03.30:151][  0]LogInit: User: Bodoo
[2015.08.30-21.03.30:151][  0]LogInit: CPU Page size=4096, Cores=4
[2015.08.30-21.03.30:151][  0]LogInit: High frequency timer resolution =3.215351 MHz
[2015.08.30-21.03.30:151][  0]LogMemory: Memory total: Physical=12.0GB (12GB approx)
[2015.08.30-21.03.30:151][  0]LogMemory: Platform Memory Stats for Windows
[2015.08.30-21.03.30:151][  0]LogMemory: Process Physical Memory: 49.80 MB used, 49.80 MB peak
[2015.08.30-21.03.30:151][  0]LogMemory: Process Virtual Memory: 22.51 MB used, 22.51 MB peak
[2015.08.30-21.03.30:152][  0]LogMemory: Physical Memory: 2914.79 MB used, 12270.70 MB total
[2015.08.30-21.03.30:152][  0]LogMemory: Virtual Memory: 310.61 MB used, 134217728.00 MB total
[2015.08.30-21.03.30:181][  0]LogTextLocalizationManager: The requested culture ('de_DE') has no localization data; falling back to 'en' for localization and internationalization data.
[2015.08.30-21.03.30:454][  0]LogTextLocalizationManager:Warning: Loaded localization resources contain conflicting entries for (Namespace:ContentBrowser, Key:ImportAssetToolTip):
Localization Resource: (C:/Users/Bodoo/Documents/Programmieren/4.8/Engine/Content/Localization/Editor/en/Editor.locres) Source String Hash: (-630476809) Localized String: (Import to {0}...)
Localization Resource: (C:/Users/Bodoo/Documents/Programmieren/4.8/Engine/Content/Localization/Editor/en/Editor.locres) Source String Hash: (1271782899) Localized String: (Imports an asset from file to this folder.)
[2015.08.30-21.03.30:824][  0]LogD3D11RHI: Found D3D11 adapter 0: AMD Radeon HD 6800 Series (Feature Level 11_0)
[2015.08.30-21.03.30:824][  0]LogD3D11RHI: Adapter has 1011MB of dedicated video memory, 0MB of dedicated system memory, and 3840MB of shared system memory, 1 output[s]
[2015.08.30-21.03.30:825][  0]LogD3D11RHI: Found D3D11 adapter 1: Microsoft Basic Render Driver (Feature Level 11_0)
[2015.08.30-21.03.30:825][  0]LogD3D11RHI: Adapter has 0MB of dedicated video memory, 0MB of dedicated system memory, and 6135MB of shared system memory, 0 output[s]
[2015.08.30-21.03.30:825][  0]LogD3D11RHI: Chosen D3D11 Adapter Id = 0
[2015.08.30-21.03.30:828][  0]LogD3D11RHI: InitD3DDevice
[2015.08.30-21.03.30:828][  0]LogD3D11RHI: !Direct3DDevice
[2015.08.30-21.03.30:828][  0]LogRHI: Texture pool is 708 MB (70% of 1011 MB)
[2015.08.30-21.03.30:834][  0]LogD3D11RHI: Async texture creation disabled: no driver support
[2015.08.30-21.03.30:845][  0]LogShaderCompilers:Display: Using Local Shader Compiler.
[2015.08.30-21.03.31:669][  0]LogTemp:Display: Loaded TP DesktopTargetPlatform
[2015.08.30-21.03.31:684][  0]LogTemp:Display: Loaded TP WindowsClientTargetPlatform
[2015.08.30-21.03.31:698][  0]LogTemp:Display: Loaded TP WindowsNoEditorTargetPlatform
[2015.08.30-21.03.31:713][  0]LogTemp:Display: Loaded TP WindowsServerTargetPlatform
[2015.08.30-21.03.31:729][  0]LogTemp:Display: Loaded TP WindowsTargetPlatform
[2015.08.30-21.03.31:742][  0]LogTemp:Display: Loaded TP AndroidTargetPlatform
[2015.08.30-21.03.31:754][  0]LogTemp:Display: Loaded TP Android_ASTCTargetPlatform
[2015.08.30-21.03.31:767][  0]LogTemp:Display: Loaded TP Android_ATCTargetPlatform
[2015.08.30-21.03.31:780][  0]LogTemp:Display: Loaded TP Android_DXTTargetPlatform
[2015.08.30-21.03.31:794][  0]LogTemp:Display: Loaded TP Android_ETC1TargetPlatform
[2015.08.30-21.03.31:807][  0]LogTemp:Display: Loaded TP Android_ETC2TargetPlatform
[2015.08.30-21.03.31:820][  0]LogTemp:Display: Loaded TP Android_PVRTCTargetPlatform
[2015.08.30-21.03.31:868][  0]LogTemp:Display: Loaded TP IOSTargetPlatform
[2015.08.30-21.03.31:880][  0]LogTemp:Display: Loaded TP LinuxNoEditorTargetPlatform
[2015.08.30-21.03.31:892][  0]LogTemp:Display: Loaded TP LinuxServerTargetPlatform
[2015.08.30-21.03.31:907][  0]LogTemp:Display: Loaded TP LinuxTargetPlatform
[2015.08.30-21.03.31:907][  0]LogTargetPlatformManager:Display: Building Assets For Windows
[2015.08.30-21.03.32:116][  0]LogDerivedDataCache:Display: Max Cache Size: 512 MB
[2015.08.30-21.03.32:175][  0]LogDerivedDataCache: Loaded boot cache 0.06s 53MB C:/Users/Bodoo/AppData/Local/UnrealEngine/4.8/DerivedDataCache/Boot.ddc.
[2015.08.30-21.03.32:175][  0]LogDerivedDataCache:Display: Loaded Boot cache: C:/Users/Bodoo/AppData/Local/UnrealEngine/4.8/DerivedDataCache/Boot.ddc
[2015.08.30-21.03.32:175][  0]LogDerivedDataCache: FDerivedDataBackendGraph:  Pak pak cache file ../../../../Projekte/NotPartofTheGame/DerivedDataCache/DDC.ddp not found, will not use a pak cache.
[2015.08.30-21.03.32:175][  0]LogDerivedDataCache: Unable to find inner node Pak for hierarchical cache Hierarchy.
[2015.08.30-21.03.32:175][  0]LogDerivedDataCache: FDerivedDataBackendGraph:  CompressedPak pak cache file ../../../../Projekte/NotPartofTheGame/DerivedDataCache/Compressed.ddp not found, will not use a pak cache.
[2015.08.30-21.03.32:175][  0]LogDerivedDataCache: Unable to find inner node CompressedPak for hierarchical cache Hierarchy.
[2015.08.30-21.03.32:324][  0]LogDerivedDataCache:Display: Pak cache opened for reading ../../../Engine/DerivedDataCache/Compressed.ddp.
[2015.08.30-21.03.32:336][  0]LogDerivedDataCache: Using Local data cache path C:/Users/Bodoo/AppData/Local/UnrealEngine/Common/DerivedDataCache: Writable
[2015.08.30-21.03.32:566][  0]LogInit: Selected Device Profile: [Windows]
[2015.08.30-21.03.32:651][  0]ImportText (ComponentSweepMultiTests): Missing closing parenthesis: (RootShapeAsset="/Engine/BasicShapes/Cube.Cube",ShapeType="TriggerCapsule",HitResult=(Time=0.50,Location=(X=-100.000015,Y=0.0,Z=100.000015),ImpactPoint=(X=-50.0,Y=0.0,Z=50.0),Normal=(X=-1.0,Y=-0.0,Z=0.0),ImpactNormal=(X=0.0,Y=0.0,Z=1.0),TraceStart=(X=-200.0,Y=0.0,Z=200.0),TraceEnd=(X=0.0,Y=0.0,Z=0.0))
[2015.08.30-21.03.32:652][  0]ImportText (LineTraceSingleByChannelTests): Missing closing parenthesis: (RootShapeAsset="/Engine/BasicShapes/Cube.Cube",HitResult=(Time=0.50,Location=(X=-100.000015,Y=0.0,Z=100.000015),ImpactPoint=(X=-50.0,Y=0.0,Z=50.0),Normal=(X=-1.0,Y=-0.0,Z=0.0),ImpactNormal=(X=0.0,Y=0.0,Z=1.0),TraceStart=(X=-200.0,Y=0.0,Z=200.0),TraceEnd=(X=0.0,Y=0.0,Z=0.0))
[2015.08.30-21.03.32:679][  0]LogMeshUtilities: No automatic mesh reduction module available
[2015.08.30-21.03.32:679][  0]LogMeshUtilities: No automatic mesh merging module available
[2015.08.30-21.03.32:961][  0]LogInit: WinSock: version 1.1 (2.2), MaxSocks=32767, MaxUdp=65467
[2015.08.30-21.03.33:406][  0]LogD3D11RHI: InitD3DDevice
[2015.08.30-21.03.33:411][  0]LogWindowsMoviePlayer: Unable to load movie: ../../../../Projekte/NotPartofTheGame/Content/Movies/Default_Startup.mp4
[2015.08.30-21.03.33:552][  0]LogAssetRegistry: FAssetRegistry took 0.0001 seconds to start up
[2015.08.30-21.03.33:599][  0]SourceControl: Info Source control is disabled
[2015.08.30-21.03.33:599][  0]SourceControl: Info Source control is disabled
[2015.08.30-21.03.33:609][  0]SourceControl: Info Source control is disabled
[2015.08.30-21.03.33:793][  0]LogObj: 25913 objects as part of root set at end of initial load.
[2015.08.30-21.03.33:793][  0]LogUObjectAllocator: 5218488 out of 0 bytes used by permanent object pool.
[2015.08.30-21.03.33:860][  0]LogAutomationTest:Warning: ERR: Transient text cannot be serialized "Testing Transient serialization detection".
[2015.08.30-21.03.33:861][  0]LogEngine: Initializing Engine...
[2015.08.30-21.03.33:863][  0]LogHMD: Can't find Oculus library dev build: is proper Runtime installed? Version: 0.6.0.0
[2015.08.30-21.03.33:864][  0]LogHMD:Warning: SteamVR failed to initialize.  Error: 110
[2015.08.30-21.03.33:952][  0]LogInit: XAudio2 using 'Lautsprecher (G510s Gaming Keyboard)' : 2 channels at 48 kHz using 16 bits per sample (channel mask 0x3)
[2015.08.30-21.03.33:959][  0]LogInit: FAudioDevice initialized.
[2015.08.30-21.03.33:967][  0]LogInit: Texture streaming: Disabled
[2015.08.30-21.03.34:031][  0]LogNet: Browse: /Temp/Autosaves/Game/NPOTG/Maps/UEDPCTesting_Level?Name=Player
[2015.08.30-21.03.34:031][  0]LogLoad: LoadMap: /Temp/Autosaves/Game/NPOTG/Maps/UEDPCTesting_Level?Name=Player
[2015.08.30-21.03.34:042][  0]LogParticles: Destroying 0 GPU particle simulations for FXSystem 0x000000105BFA3560
[2015.08.30-21.03.34:051][  0]LogMemory: Platform Memory Stats for Windows
[2015.08.30-21.03.34:051][  0]LogMemory: Process Physical Memory: 336.59 MB used, 336.59 MB peak
[2015.08.30-21.03.34:051][  0]LogMemory: Process Virtual Memory: 372.95 MB used, 372.95 MB peak
[2015.08.30-21.03.34:051][  0]LogMemory: Physical Memory: 3145.66 MB used, 12270.70 MB total
[2015.08.30-21.03.34:051][  0]LogMemory: Virtual Memory: 894.84 MB used, 134217728.00 MB total
[2015.08.30-21.03.34:051][  0]LogMemory: 
[2015.08.30-21.03.34:051][  0]Allocator Stats for TBB: (not implemented)
[2015.08.30-21.03.34:950][  0]LogProperty:Warning: ERR: Transient text cannot be serialized "NewRotation Roll".
[2015.08.30-21.03.34:950][  0]LogProperty:Warning: ERR: Transient text cannot be serialized "NewRotation Yaw".
[2015.08.30-21.03.34:950][  0]LogProperty:Warning: ERR: Transient text cannot be serialized "NewRotation Pitch".
[2015.08.30-21.03.34:950][  0]LogProperty:Warning: ERR: Transient text cannot be serialized "NewRotation Roll".
[2015.08.30-21.03.34:950][  0]LogProperty:Warning: ERR: Transient text cannot be serialized "NewRotation Yaw".
[2015.08.30-21.03.34:950][  0]LogProperty:Warning: ERR: Transient text cannot be serialized "NewRotation Pitch".
[2015.08.30-21.03.34:999][  0]LogProperty:Warning: ERR: Transient text cannot be serialized "NewRotation Roll".
[2015.08.30-21.03.34:999][  0]LogProperty:Warning: ERR: Transient text cannot be serialized "NewRotation Yaw".
[2015.08.30-21.03.34:999][  0]LogProperty:Warning: ERR: Transient text cannot be serialized "NewRotation Pitch".
[2015.08.30-21.03.34:999][  0]LogProperty:Warning: ERR: Transient text cannot be serialized "NewRotation Roll".
[2015.08.30-21.03.34:999][  0]LogProperty:Warning: ERR: Transient text cannot be serialized "NewRotation Yaw".
[2015.08.30-21.03.34:999][  0]LogProperty:Warning: ERR: Transient text cannot be serialized "NewRotation Pitch".
[2015.08.30-21.03.35:888][  0]LogAIModule: Creating AISystem for world Testing_Level
[2015.08.30-21.03.35:888][  0]LogWorld: Game class is '2DSideScrollerGameMode_C'
[2015.08.30-21.03.35:952][  0]LogWorld: Bringing World /Temp/Autosaves/Game/NPOTG/Maps/UEDPCTesting_Level.Testing_Level up for play (max tick rate 0) at 2015.08.30-23.03.35
[2015.08.30-21.03.35:964][  0]LogWorld: Bringing up level for play took: 0.074193
[2015.08.30-21.03.35:969][  0]LogInit:Display: Game Engine Initialized.
[2015.08.30-21.03.36:193][  0]LogLoad: Full Startup: 7.88 seconds (BP compile: 0.96 seconds)
[2015.08.30-21.03.36:210][  0]LogWindowsTextInputMethodSystem:Display: IME system now deactivated.
[2015.08.30-21.03.36:210][  0]LogWindowsTextInputMethodSystem:Display: IME system now deactivated.
[2015.08.30-21.03.36:212][  0]LogContentStreaming: Texture pool size is 1000.000000MB
[2015.08.30-21.03.36:346][  0]LogRenderer: Reallocating scene render targets to support 1280x720 (Frame:2).
[2015.08.30-21.03.55:467][177]LogBlueprintUserMessages: 0.991935
[2015.08.30-21.03.55:468][177]LogBlueprintUserMessages: 0.991935
[2015.08.30-21.03.55:468][177]LogBlueprintUserMessages: 0.983871
[2015.08.30-21.03.55:483][178]LogBlueprintUserMessages: 0.975806
[2015.08.30-21.03.55:500][179]LogBlueprintUserMessages: 0.967742
[2015.08.30-21.03.55:516][180]LogBlueprintUserMessages: 0.959677
[2015.08.30-21.03.55:531][181]LogBlueprintUserMessages: 0.951613
[2015.08.30-21.03.55:548][182]LogBlueprintUserMessages: 0.943548
[2015.08.30-21.03.55:564][183]LogBlueprintUserMessages: 0.935484
[2015.08.30-21.03.55:580][184]LogBlueprintUserMessages: 0.927419
[2015.08.30-21.03.55:596][185]LogBlueprintUserMessages: 0.919354
[2015.08.30-21.03.55:612][186]LogBlueprintUserMessages: 0.91129
[2015.08.30-21.03.55:629][187]LogBlueprintUserMessages: 0.903225
[2015.08.30-21.03.55:645][188]LogBlueprintUserMessages: 0.895161
[2015.08.30-21.03.55:661][189]LogBlueprintUserMessages: 0.887096
[2015.08.30-21.03.55:677][190]LogBlueprintUserMessages: 0.879031
[2015.08.30-21.03.55:693][191]LogBlueprintUserMessages: 0.870967
[2015.08.30-21.03.55:709][192]LogBlueprintUserMessages: 0.862902
[2015.08.30-21.03.55:725][193]LogBlueprintUserMessages: 0.854838
[2015.08.30-21.03.55:741][194]LogBlueprintUserMessages: 0.846773
[2015.08.30-21.03.55:757][195]LogBlueprintUserMessages: 0.838709
[2015.08.30-21.03.55:773][196]LogBlueprintUserMessages: 0.830644
[2015.08.30-21.03.55:790][197]LogBlueprintUserMessages: 0.82258
[2015.08.30-21.03.55:805][198]LogBlueprintUserMessages: 0.814515
[2015.08.30-21.03.55:822][199]LogBlueprintUserMessages: 0.80645
[2015.08.30-21.03.55:838][200]LogBlueprintUserMessages: 0.798386
[2015.08.30-21.03.55:854][201]LogBlueprintUserMessages: 0.790321
[2015.08.30-21.03.55:870][202]LogBlueprintUserMessages: 0.782257
[2015.08.30-21.03.55:887][203]LogBlueprintUserMessages: 0.774192
[2015.08.30-21.03.55:903][204]LogBlueprintUserMessages: 0.766127
[2015.08.30-21.03.55:919][205]LogBlueprintUserMessages: 0.758063
[2015.08.30-21.03.55:935][206]LogBlueprintUserMessages: 0.749998
[2015.08.30-21.03.55:951][207]LogBlueprintUserMessages: 0.741934
[2015.08.30-21.03.55:967][208]LogBlueprintUserMessages: 0.733869
[2015.08.30-21.03.55:983][209]LogBlueprintUserMessages: 0.725804
[2015.08.30-21.03.55:999][210]LogBlueprintUserMessages: 0.71774
[2015.08.30-21.03.56:015][211]LogBlueprintUserMessages: 0.709675
[2015.08.30-21.03.56:032][212]LogBlueprintUserMessages: 0.701611
[2015.08.30-21.03.56:047][213]LogBlueprintUserMessages: 0.693546
[2015.08.30-21.03.56:064][214]LogBlueprintUserMessages: 0.685481
[2015.08.30-21.03.56:080][215]LogBlueprintUserMessages: 0.677417
[2015.08.30-21.03.56:096][216]LogBlueprintUserMessages: 0.669352
[2015.08.30-21.03.56:112][217]LogBlueprintUserMessages: 0.661288
[2015.08.30-21.03.56:128][218]LogBlueprintUserMessages: 0.653223
[2015.08.30-21.03.56:144][219]LogBlueprintUserMessages: 0.645158
[2015.08.30-21.03.56:160][220]LogBlueprintUserMessages: 0.637094
[2015.08.30-21.03.56:176][221]LogBlueprintUserMessages: 0.629029
[2015.08.30-21.03.56:192][222]LogBlueprintUserMessages: 0.620965
[2015.08.30-21.03.56:209][223]LogBlueprintUserMessages: 0.6129
[2015.08.30-21.03.56:225][224]LogBlueprintUserMessages: 0.604835
[2015.08.30-21.03.56:241][225]LogBlueprintUserMessages: 0.596771
[2015.08.30-21.03.56:258][226]LogBlueprintUserMessages: 0.588706
[2015.08.30-21.03.56:274][227]LogBlueprintUserMessages: 0.580642
[2015.08.30-21.03.56:290][228]LogBlueprintUserMessages: 0.572577
[2015.08.30-21.03.56:306][229]LogBlueprintUserMessages: 0.564512
[2015.08.30-21.03.56:321][230]LogBlueprintUserMessages: 0.556448
[2015.08.30-21.03.56:338][231]LogBlueprintUserMessages: 0.548383
[2015.08.30-21.03.56:354][232]LogBlueprintUserMessages: 0.540319
[2015.08.30-21.03.56:370][233]LogBlueprintUserMessages: 0.532254
[2015.08.30-21.03.56:386][234]LogBlueprintUserMessages: 0.524189
[2015.08.30-21.03.56:402][235]LogBlueprintUserMessages: 0.516125
[2015.08.30-21.03.56:419][236]LogBlueprintUserMessages: 0.50806
[2015.08.30-21.03.56:435][237]LogBlueprintUserMessages: 0.499996
[2015.08.30-21.03.56:451][238]LogBlueprintUserMessages: 0.491931
[2015.08.30-21.03.56:467][239]LogBlueprintUserMessages: 0.483866
[2015.08.30-21.03.56:483][240]LogBlueprintUserMessages: 0.475802
[2015.08.30-21.03.56:499][241]LogBlueprintUserMessages: 0.467737
[2015.08.30-21.03.56:515][242]LogBlueprintUserMessages: 0.459673
[2015.08.30-21.03.56:532][243]LogBlueprintUserMessages: 0.451608
[2015.08.30-21.03.56:548][244]LogBlueprintUserMessages: 0.443543
[2015.08.30-21.03.56:564][245]LogBlueprintUserMessages: 0.435479
[2015.08.30-21.03.56:580][246]LogBlueprintUserMessages: 0.427414
[2015.08.30-21.03.56:596][247]LogBlueprintUserMessages: 0.419349
[2015.08.30-21.03.56:612][248]LogBlueprintUserMessages: 0.411285
[2015.08.30-21.03.56:628][249]LogBlueprintUserMessages: 0.40322
[2015.08.30-21.03.56:644][250]LogBlueprintUserMessages: 0.395156
[2015.08.30-21.03.56:660][251]LogBlueprintUserMessages: 0.387091
[2015.08.30-21.03.56:677][252]LogBlueprintUserMessages: 0.379026
[2015.08.30-21.03.56:693][253]LogBlueprintUserMessages: 0.370962
[2015.08.30-21.03.56:709][254]LogBlueprintUserMessages: 0.362897
[2015.08.30-21.03.56:725][255]LogBlueprintUserMessages: 0.354833
[2015.08.30-21.03.56:741][256]LogBlueprintUserMessages: 0.346768
[2015.08.30-21.03.56:757][257]LogBlueprintUserMessages: 0.338702
[2015.08.30-21.03.56:774][258]LogBlueprintUserMessages: 0.330638
[2015.08.30-21.03.56:790][259]LogBlueprintUserMessages: 0.322573
[2015.08.30-21.03.56:805][260]LogBlueprintUserMessages: 0.314508
[2015.08.30-21.03.56:822][261]LogBlueprintUserMessages: 0.306444
[2015.08.30-21.03.56:838][262]LogBlueprintUserMessages: 0.298379
[2015.08.30-21.03.56:854][263]LogBlueprintUserMessages: 0.290315
[2015.08.30-21.03.56:870][264]LogBlueprintUserMessages: 0.28225
[2015.08.30-21.03.56:886][265]LogBlueprintUserMessages: 0.274185
[2015.08.30-21.03.56:903][266]LogBlueprintUserMessages: 0.266121
[2015.08.30-21.03.56:918][267]LogBlueprintUserMessages: 0.258056
[2015.08.30-21.04.09:209][ 29]LogBlueprintUserMessages: 0.991935
[2015.08.30-21.04.09:209][ 29]LogBlueprintUserMessages: 0.991935
[2015.08.30-21.04.09:209][ 29]LogBlueprintUserMessages: 0.983871
[2015.08.30-21.04.09:225][ 30]LogBlueprintUserMessages: 0.975806
[2015.08.30-21.04.09:241][ 31]LogBlueprintUserMessages: 0.967742
[2015.08.30-21.04.09:257][ 32]LogBlueprintUserMessages: 0.959677
[2015.08.30-21.04.09:274][ 33]LogBlueprintUserMessages: 0.951613
[2015.08.30-21.04.09:290][ 34]LogBlueprintUserMessages: 0.943548
[2015.08.30-21.04.09:306][ 35]LogBlueprintUserMessages: 0.935484
[2015.08.30-21.04.09:322][ 36]LogBlueprintUserMessages: 0.927419
[2015.08.30-21.04.09:338][ 37]LogBlueprintUserMessages: 0.919354
[2015.08.30-21.04.09:354][ 38]LogBlueprintUserMessages: 0.91129
[2015.08.30-21.04.09:370][ 39]LogBlueprintUserMessages: 0.903225
[2015.08.30-21.04.09:386][ 40]LogBlueprintUserMessages: 0.895161
[2015.08.30-21.04.09:402][ 41]LogBlueprintUserMessages: 0.887096
[2015.08.30-21.04.09:418][ 42]LogBlueprintUserMessages: 0.879032
[2015.08.30-21.04.09:435][ 43]LogBlueprintUserMessages: 0.870967
[2015.08.30-21.04.09:451][ 44]LogBlueprintUserMessages: 0.862903
[2015.08.30-21.04.09:467][ 45]LogBlueprintUserMessages: 0.854838
[2015.08.30-21.04.09:483][ 46]LogBlueprintUserMessages: 0.846773
[2015.08.30-21.04.09:499][ 47]LogBlueprintUserMessages: 0.838709
[2015.08.30-21.04.09:515][ 48]LogBlueprintUserMessages: 0.830644
[2015.08.30-21.04.09:532][ 49]LogBlueprintUserMessages: 0.82258
[2015.08.30-21.04.09:548][ 50]LogBlueprintUserMessages: 0.814515
[2015.08.30-21.04.09:564][ 51]LogBlueprintUserMessages: 0.806451
[2015.08.30-21.04.09:580][ 52]LogBlueprintUserMessages: 0.798386
[2015.08.30-21.04.09:596][ 53]LogBlueprintUserMessages: 0.790321
[2015.08.30-21.04.09:613][ 54]LogBlueprintUserMessages: 0.782257
[2015.08.30-21.04.09:628][ 55]LogBlueprintUserMessages: 0.774192
[2015.08.30-21.04.09:645][ 56]LogBlueprintUserMessages: 0.766128
[2015.08.30-21.04.09:661][ 57]LogBlueprintUserMessages: 0.758063
[2015.08.30-21.04.09:677][ 58]LogBlueprintUserMessages: 0.749998
[2015.08.30-21.04.09:693][ 59]LogBlueprintUserMessages: 0.741934
[2015.08.30-21.04.09:709][ 60]LogBlueprintUserMessages: 0.733868
[2015.08.30-21.04.09:725][ 61]LogBlueprintUserMessages: 0.725803
[2015.08.30-21.04.09:741][ 62]LogBlueprintUserMessages: 0.717739
[2015.08.30-21.04.09:757][ 63]LogBlueprintUserMessages: 0.709674
[2015.08.30-21.04.09:774][ 64]LogBlueprintUserMessages: 0.701609
[2015.08.30-21.04.09:790][ 65]LogBlueprintUserMessages: 0.693545
[2015.08.30-21.04.09:805][ 66]LogBlueprintUserMessages: 0.68548
[2015.08.30-21.04.09:822][ 67]LogBlueprintUserMessages: 0.677416
[2015.08.30-21.04.09:839][ 68]LogBlueprintUserMessages: 0.669351
[2015.08.30-21.04.09:854][ 69]LogBlueprintUserMessages: 0.661286
[2015.08.30-21.04.09:870][ 70]LogBlueprintUserMessages: 0.653222
[2015.08.30-21.04.09:887][ 71]LogBlueprintUserMessages: 0.645157
[2015.08.30-21.04.09:902][ 72]LogBlueprintUserMessages: 0.637093
[2015.08.30-21.04.09:919][ 73]LogBlueprintUserMessages: 0.629028
[2015.08.30-21.04.09:934][ 74]LogBlueprintUserMessages: 0.620963
[2015.08.30-21.04.09:951][ 75]LogBlueprintUserMessages: 0.612899
[2015.08.30-21.04.09:967][ 76]LogBlueprintUserMessages: 0.604834
[2015.08.30-21.04.09:984][ 77]LogBlueprintUserMessages: 0.59677
[2015.08.30-21.04.10:000][ 78]LogBlueprintUserMessages: 0.588705
[2015.08.30-21.04.10:016][ 79]LogBlueprintUserMessages: 0.58064
[2015.08.30-21.04.10:031][ 80]LogBlueprintUserMessages: 0.572576
[2015.08.30-21.04.10:048][ 81]LogBlueprintUserMessages: 0.564511
[2015.08.30-21.04.10:064][ 82]LogBlueprintUserMessages: 0.556447
[2015.08.30-21.04.10:080][ 83]LogBlueprintUserMessages: 0.548382
[2015.08.30-21.04.10:096][ 84]LogBlueprintUserMessages: 0.540317
[2015.08.30-21.04.10:112][ 85]LogBlueprintUserMessages: 0.532253
[2015.08.30-21.04.10:128][ 86]LogBlueprintUserMessages: 0.524188
[2015.08.30-21.04.10:144][ 87]LogBlueprintUserMessages: 0.516124
[2015.08.30-21.04.10:160][ 88]LogBlueprintUserMessages: 0.508059
[2015.08.30-21.04.10:177][ 89]LogBlueprintUserMessages: 0.499991
[2015.08.30-21.04.10:193][ 90]LogBlueprintUserMessages: 0.491926
[2015.08.30-21.04.10:209][ 91]LogBlueprintUserMessages: 0.483862
[2015.08.30-21.04.10:225][ 92]LogBlueprintUserMessages: 0.475797
[2015.08.30-21.04.10:242][ 93]LogBlueprintUserMessages: 0.467732
[2015.08.30-21.04.10:258][ 94]LogBlueprintUserMessages: 0.459668
[2015.08.30-21.04.10:274][ 95]LogBlueprintUserMessages: 0.451603
[2015.08.30-21.04.10:290][ 96]LogBlueprintUserMessages: 0.443539
[2015.08.30-21.04.10:306][ 97]LogBlueprintUserMessages: 0.435474
[2015.08.30-21.04.10:322][ 98]LogBlueprintUserMessages: 0.427409
[2015.08.30-21.04.10:338][ 99]LogBlueprintUserMessages: 0.419345
[2015.08.30-21.04.10:354][100]LogBlueprintUserMessages: 0.41128
[2015.08.30-21.04.10:370][101]LogBlueprintUserMessages: 0.403215
[2015.08.30-21.04.10:387][102]LogBlueprintUserMessages: 0.395151
[2015.08.30-21.04.10:403][103]LogBlueprintUserMessages: 0.387086
[2015.08.30-21.04.10:418][104]LogBlueprintUserMessages: 0.379022
[2015.08.30-21.04.10:434][105]LogBlueprintUserMessages: 0.370957
[2015.08.30-21.04.10:451][106]LogBlueprintUserMessages: 0.362892
[2015.08.30-21.04.10:467][107]LogBlueprintUserMessages: 0.354828
[2015.08.30-21.04.10:483][108]LogBlueprintUserMessages: 0.346763
[2015.08.30-21.04.10:499][109]LogBlueprintUserMessages: 0.338699
[2015.08.30-21.04.10:516][110]LogBlueprintUserMessages: 0.330634
[2015.08.30-21.04.10:532][111]LogBlueprintUserMessages: 0.322569
[2015.08.30-21.04.10:548][112]LogBlueprintUserMessages: 0.314505
[2015.08.30-21.04.10:564][113]LogBlueprintUserMessages: 0.30644
[2015.08.30-21.04.10:580][114]LogBlueprintUserMessages: 0.298376
[2015.08.30-21.04.10:596][115]LogBlueprintUserMessages: 0.290311
[2015.08.30-21.04.10:613][116]LogBlueprintUserMessages: 0.282246
[2015.08.30-21.04.10:629][117]LogBlueprintUserMessages: 0.274182
[2015.08.30-21.04.10:645][118]LogBlueprintUserMessages: 0.266117
[2015.08.30-21.04.10:661][119]LogBlueprintUserMessages: 0.258053
[2015.08.30-21.04.10:677][120]LogBlueprintUserMessages: 0.249988
[2015.08.30-21.04.10:693][121]LogBlueprintUserMessages: 0.241923
[2015.08.30-21.04.10:709][122]LogBlueprintUserMessages: 0.233859
[2015.08.30-21.04.10:725][123]LogBlueprintUserMessages: 0.225794
[2015.08.30-21.04.14:226][340]LogBlueprintUserMessages: 0.991935
[2015.08.30-21.04.14:226][340]LogBlueprintUserMessages: 0.991935
[2015.08.30-21.04.14:226][340]LogBlueprintUserMessages: 0.983871
[2015.08.30-21.04.14:242][341]LogBlueprintUserMessages: 0.975806
[2015.08.30-21.04.14:258][342]LogBlueprintUserMessages: 0.967742
[2015.08.30-21.04.14:274][343]LogBlueprintUserMessages: 0.959677
[2015.08.30-21.04.14:290][344]LogBlueprintUserMessages: 0.951613
[2015.08.30-21.04.14:306][345]LogBlueprintUserMessages: 0.943548
[2015.08.30-21.04.14:322][346]LogBlueprintUserMessages: 0.935484
[2015.08.30-21.04.14:339][347]LogBlueprintUserMessages: 0.927419
[2015.08.30-21.04.14:355][348]LogBlueprintUserMessages: 0.919354
[2015.08.30-21.04.14:371][349]LogBlueprintUserMessages: 0.91129
[2015.08.30-21.04.14:387][350]LogBlueprintUserMessages: 0.903225
[2015.08.30-21.04.14:403][351]LogBlueprintUserMessages: 0.895161
[2015.08.30-21.04.14:419][352]LogBlueprintUserMessages: 0.887096
[2015.08.30-21.04.14:435][353]LogBlueprintUserMessages: 0.879032
[2015.08.30-21.04.14:451][354]LogBlueprintUserMessages: 0.870967
[2015.08.30-21.04.14:468][355]LogBlueprintUserMessages: 0.862903
[2015.08.30-21.04.14:483][356]LogBlueprintUserMessages: 0.854838
[2015.08.30-21.04.14:500][357]LogBlueprintUserMessages: 0.846773
[2015.08.30-21.04.14:516][358]LogBlueprintUserMessages: 0.838709
[2015.08.30-21.04.14:532][359]LogBlueprintUserMessages: 0.830644
[2015.08.30-21.04.14:548][360]LogBlueprintUserMessages: 0.82258
[2015.08.30-21.04.14:564][361]LogBlueprintUserMessages: 0.814515
[2015.08.30-21.04.14:580][362]LogBlueprintUserMessages: 0.806451
[2015.08.30-21.04.14:596][363]LogBlueprintUserMessages: 0.798386
[2015.08.30-21.04.14:612][364]LogBlueprintUserMessages: 0.790321
[2015.08.30-21.04.14:629][365]LogBlueprintUserMessages: 0.782257
[2015.08.30-21.04.14:645][366]LogBlueprintUserMessages: 0.774192
[2015.08.30-21.04.14:661][367]LogBlueprintUserMessages: 0.766128
[2015.08.30-21.04.14:677][368]LogBlueprintUserMessages: 0.758063
[2015.08.30-21.04.14:693][369]LogBlueprintUserMessages: 0.749998
[2015.08.30-21.04.14:709][370]LogBlueprintUserMessages: 0.741934
[2015.08.30-21.04.14:725][371]LogBlueprintUserMessages: 0.733869
[2015.08.30-21.04.14:741][372]LogBlueprintUserMessages: 0.725805
[2015.08.30-21.04.14:758][373]LogBlueprintUserMessages: 0.71774
[2015.08.30-21.04.14:774][374]LogBlueprintUserMessages: 0.709675
[2015.08.30-21.04.14:790][375]LogBlueprintUserMessages: 0.701611
[2015.08.30-21.04.14:806][376]LogBlueprintUserMessages: 0.693546
[2015.08.30-21.04.14:822][377]LogBlueprintUserMessages: 0.685482
[2015.08.30-21.04.14:838][378]LogBlueprintUserMessages: 0.677417
[2015.08.30-21.04.14:855][379]LogBlueprintUserMessages: 0.669352
[2015.08.30-21.04.14:870][380]LogBlueprintUserMessages: 0.661288
[2015.08.30-21.04.14:886][381]LogBlueprintUserMessages: 0.653223
[2015.08.30-21.04.14:902][382]LogBlueprintUserMessages: 0.645159
[2015.08.30-21.04.14:919][383]LogBlueprintUserMessages: 0.637094
[2015.08.30-21.04.14:935][384]LogBlueprintUserMessages: 0.629029
[2015.08.30-21.04.14:952][385]LogBlueprintUserMessages: 0.620965
[2015.08.30-21.04.14:967][386]LogBlueprintUserMessages: 0.6129
[2015.08.30-21.04.14:983][387]LogBlueprintUserMessages: 0.604834
[2015.08.30-21.04.15:000][388]LogBlueprintUserMessages: 0.59677
[2015.08.30-21.04.15:016][389]LogBlueprintUserMessages: 0.588705
[2015.08.30-21.04.15:032][390]LogBlueprintUserMessages: 0.58064
[2015.08.30-21.04.15:048][391]LogBlueprintUserMessages: 0.572576
[2015.08.30-21.04.15:064][392]LogBlueprintUserMessages: 0.564511
[2015.08.30-21.04.15:080][393]LogBlueprintUserMessages: 0.556447
[2015.08.30-21.04.15:096][394]LogBlueprintUserMessages: 0.548382
[2015.08.30-21.04.15:112][395]LogBlueprintUserMessages: 0.540317
[2015.08.30-21.04.15:128][396]LogBlueprintUserMessages: 0.532253
[2015.08.30-21.04.15:145][397]LogBlueprintUserMessages: 0.524188
[2015.08.30-21.04.15:161][398]LogBlueprintUserMessages: 0.516124
[2015.08.30-21.04.15:177][399]LogBlueprintUserMessages: 0.508059
[2015.08.30-21.04.15:193][400]LogBlueprintUserMessages: 0.499994
[2015.08.30-21.04.15:209][401]LogBlueprintUserMessages: 0.49193
[2015.08.30-21.04.15:225][402]LogBlueprintUserMessages: 0.483865
[2015.08.30-21.04.15:242][403]LogBlueprintUserMessages: 0.475801
[2015.08.30-21.04.15:258][404]LogBlueprintUserMessages: 0.467736
[2015.08.30-21.04.15:274][405]LogBlueprintUserMessages: 0.459671
[2015.08.30-21.04.15:290][406]LogBlueprintUserMessages: 0.451607
[2015.08.30-21.04.15:306][407]LogBlueprintUserMessages: 0.443542
[2015.08.30-21.04.15:322][408]LogBlueprintUserMessages: 0.435476
[2015.08.30-21.04.15:338][409]LogBlueprintUserMessages: 0.427412
[2015.08.30-21.04.15:354][410]LogBlueprintUserMessages: 0.419347
[2015.08.30-21.04.15:370][411]LogBlueprintUserMessages: 0.411283
[2015.08.30-21.04.15:387][412]LogBlueprintUserMessages: 0.403218
[2015.08.30-21.04.15:403][413]LogBlueprintUserMessages: 0.395153
[2015.08.30-21.04.15:419][414]LogBlueprintUserMessages: 0.387089
[2015.08.30-21.04.15:435][415]LogBlueprintUserMessages: 0.379024
[2015.08.30-21.04.15:451][416]LogBlueprintUserMessages: 0.37096
[2015.08.30-21.04.15:467][417]LogBlueprintUserMessages: 0.362895
[2015.08.30-21.04.15:483][418]LogBlueprintUserMessages: 0.35483
[2015.08.30-21.04.15:500][419]LogBlueprintUserMessages: 0.346766
[2015.08.30-21.04.15:515][420]LogBlueprintUserMessages: 0.338701
[2015.08.30-21.04.15:531][421]LogBlueprintUserMessages: 0.330637
[2015.08.30-21.04.15:547][422]LogBlueprintUserMessages: 0.322572
[2015.08.30-21.04.15:564][423]LogBlueprintUserMessages: 0.314507
[2015.08.30-21.04.15:580][424]LogBlueprintUserMessages: 0.306443
[2015.08.30-21.04.15:596][425]LogBlueprintUserMessages: 0.298378
[2015.08.30-21.04.15:612][426]LogBlueprintUserMessages: 0.290314
[2015.08.30-21.04.15:629][427]LogBlueprintUserMessages: 0.282249
[2015.08.30-21.04.20:855][751]Closing by request
[2015.08.30-21.04.20:855][751]LogWindows: FPlatformMisc::RequestExit(0)
[2015.08.30-21.04.20:920][752]LogWindowsTextInputMethodSystem:Display: IME system now deactivated.
[2015.08.30-21.04.20:920][752]LogWindowsTextInputMethodSystem:Display: IME system now deactivated.
[2015.08.30-21.04.20:926][752]LogExit: Preparing to exit.
[2015.08.30-21.04.20:995][752]LogExit: Game engine shut down
[2015.08.30-21.04.20:999][752]LogParticles: Destroying 0 GPU particle simulations for FXSystem 0x000000105B674A40
[2015.08.30-21.04.21:132][752]LogExit: Object subsystem successfully closed.
[2015.08.30-21.04.21:152][752]LogD3D11RHI: Shutdown
[2015.08.30-21.04.21:152][752]LogD3D11RHI: CleanupD3DDevice
[2015.08.30-21.04.21:284][752]LogD3D11RHI: ~FD3D11DynamicRHI
[2015.08.30-21.04.21:297][752]LogModuleManager: Shutting down and abandoning module AndroidDeviceDetection (109)
[2015.08.30-21.04.22:238][752]LogModuleManager: Shutting down and abandoning module AutomationWorker (108)
[2015.08.30-21.04.22:238][752]LogModuleManager: Shutting down and abandoning module CharacterAI (107)
[2015.08.30-21.04.22:238][752]LogModuleManager: Shutting down and abandoning module AITestSuite (106)
[2015.08.30-21.04.22:238][752]LogModuleManager: Shutting down and abandoning module GameplayDebugger (105)
[2015.08.30-21.04.22:238][752]LogModuleManager: Shutting down and abandoning module AIModule (104)
[2015.08.30-21.04.22:238][752]LogModuleManager: Shutting down and abandoning module GameLiveStreaming (103)
[2015.08.30-21.04.22:238][752]LogModuleManager: Shutting down and abandoning module StreamingPauseRendering (102)
[2015.08.30-21.04.22:238][752]LogModuleManager: Shutting down and abandoning module ProfilerService (101)
[2015.08.30-21.04.22:401][752]LogModuleManager: Shutting down and abandoning module TaskGraph (100)
[2015.08.30-21.04.22:401][752]LogModuleManager: Shutting down and abandoning module SlateRemote (99)
[2015.08.30-21.04.22:401][752]LogModuleManager: Shutting down and abandoning module SteamVRController (98)
[2015.08.30-21.04.22:401][752]LogModuleManager: Shutting down and abandoning module SteamVR (97)
[2015.08.30-21.04.22:401][752]LogModuleManager: Shutting down and abandoning module ProceduralMeshComponent (96)
[2015.08.30-21.04.22:401][752]LogModuleManager: Shutting down and abandoning module OculusRift (95)
[2015.08.30-21.04.22:401][752]LogModuleManager: Shutting down and abandoning module LeapMotionController (94)
[2015.08.30-21.04.22:409][752]LogModuleManager: Shutting down and abandoning module CustomMeshComponent (93)
[2015.08.30-21.04.22:409][752]LogModuleManager: Shutting down and abandoning module CableComponent (92)
[2015.08.30-21.04.22:409][752]LogModuleManager: Shutting down and abandoning module DesktopPlatform (91)
[2015.08.30-21.04.22:409][752]LogModuleManager: Shutting down and abandoning module DirectoryWatcher (90)
[2015.08.30-21.04.22:409][752]LogModuleManager: Shutting down and abandoning module HotReload (89)
[2015.08.30-21.04.22:409][752]LogModuleManager: Shutting down and abandoning module VisualStudioSourceCodeAccess (88)
[2015.08.30-21.04.22:409][752]LogModuleManager: Shutting down and abandoning module UObjectPlugin (87)
[2015.08.30-21.04.22:409][752]LogModuleManager: Shutting down and abandoning module SubversionSourceControl (86)
[2015.08.30-21.04.22:409][752]LogModuleManager: Shutting down and abandoning module SourceControl (85)
[2015.08.30-21.04.22:409][752]LogModuleManager: Shutting down and abandoning module PerforceSourceControl (84)
[2015.08.30-21.04.22:409][752]LogModuleManager: Shutting down and abandoning module BlankPlugin (83)
[2015.08.30-21.04.22:409][752]LogModuleManager: Shutting down and abandoning module UdpMessaging (82)
[2015.08.30-21.04.22:409][752]LogModuleManager: Shutting down and abandoning module AssetRegistry (81)
[2015.08.30-21.04.22:409][752]LogModuleManager: Shutting down and abandoning module SubstanceCore (80)
[2015.08.30-21.04.22:409][752]LogModuleManager: Shutting down and abandoning module Paper2D (79)
[2015.08.30-21.04.22:409][752]LogModuleManager: Shutting down and abandoning module WindowsMoviePlayer (78)
[2015.08.30-21.04.22:413][752]LogModuleManager: Shutting down and abandoning module Media (77)
[2015.08.30-21.04.22:413][752]LogModuleManager: Shutting down and abandoning module WmfMedia (76)
[2015.08.30-21.04.22:413][752]LogModuleManager: Shutting down and abandoning module OnlineBlueprintSupport (75)
[2015.08.30-21.04.22:413][752]LogModuleManager: Shutting down and abandoning module PropertyEditor (74)
[2015.08.30-21.04.22:413][752]LogModuleManager: Shutting down and abandoning module BehaviorTreeEditor (73)
[2015.08.30-21.04.22:413][752]LogModuleManager: Shutting down and abandoning module FunctionalTesting (72)
[2015.08.30-21.04.22:413][752]LogModuleManager: Shutting down and abandoning module CollisionAnalyzer (71)
[2015.08.30-21.04.22:413][752]LogModuleManager: Shutting down and abandoning module WorkspaceMenuStructure (70)
[2015.08.30-21.04.22:413][752]LogModuleManager: Shutting down and abandoning module MessageLog (69)
[2015.08.30-21.04.22:413][752]LogModuleManager: Shutting down and abandoning module Sequencer (68)
[2015.08.30-21.04.22:413][752]LogModuleManager: Shutting down and abandoning module AssetTools (67)
[2015.08.30-21.04.22:413][752]LogModuleManager: Shutting down and abandoning module UMGEditor (66)
[2015.08.30-21.04.22:414][752]LogModuleManager: Shutting down and abandoning module UMG (65)
[2015.08.30-21.04.22:414][752]LogModuleManager: Shutting down and abandoning module Slate (64)
[2015.08.30-21.04.22:414][752]LogModuleManager: Shutting down and abandoning module EditorStyle (63)
[2015.08.30-21.04.22:416][752]LogModuleManager: Shutting down and abandoning module SessionServices (62)
[2015.08.30-21.04.22:416][752]LogModuleManager: Shutting down and abandoning module SourceCodeAccess (61)
[2015.08.30-21.04.22:416][752]LogModuleManager: Shutting down and abandoning module HeadMountedDisplay (60)
[2015.08.30-21.04.22:416][752]LogModuleManager: Shutting down and abandoning module XAudio2 (59)
[2015.08.30-21.04.22:416][752]LogModuleManager: Shutting down and abandoning module Networking (57)
[2015.08.30-21.04.22:416][752]LogModuleManager: Shutting down and abandoning module Core (56)
[2015.08.30-21.04.22:416][752]LogModuleManager: Shutting down and abandoning module KismetCompiler (55)
[2015.08.30-21.04.22:416][752]LogModuleManager: Shutting down and abandoning module PhysXFormats (54)
[2015.08.30-21.04.22:416][752]LogModuleManager: Shutting down and abandoning module MeshUtilities (53)
[2015.08.30-21.04.22:416][752]LogModuleManager: Shutting down and abandoning module DerivedDataCache (52)
[2015.08.30-21.04.22:870][752]LogDerivedDataCache: Shutdown
[2015.08.30-21.04.22:870][752]LogModuleManager: Shutting down and abandoning module ShaderFormatOpenGL (51)
[2015.08.30-21.04.22:870][752]LogModuleManager: Shutting down and abandoning module ShaderFormatD3D (50)
[2015.08.30-21.04.22:870][752]LogModuleManager: Shutting down and abandoning module MetalShaderFormat (49)
[2015.08.30-21.04.22:870][752]LogModuleManager: Shutting down and abandoning module TextureFormatUncompressed (48)
[2015.08.30-21.04.22:870][752]LogModuleManager: Shutting down and abandoning module TextureFormatPVR (47)
[2015.08.30-21.04.22:870][752]LogModuleManager: Shutting down and abandoning module TextureFormatIntelISPCTexComp (46)
[2015.08.30-21.04.22:870][752]LogModuleManager: Shutting down and abandoning module TextureFormatDXT (45)
[2015.08.30-21.04.22:870][752]LogModuleManager: Shutting down and abandoning module ImageWrapper (44)
[2015.08.30-21.04.22:870][752]LogModuleManager: Shutting down and abandoning module TextureFormatASTC (43)
[2015.08.30-21.04.22:870][752]LogModuleManager: Shutting down and abandoning module TextureFormatAndroid (42)
[2015.08.30-21.04.22:870][752]LogModuleManager: Shutting down and abandoning module AudioFormatOpus (41)
[2015.08.30-21.04.22:870][752]LogModuleManager: Shutting down and abandoning module AudioFormatOgg (40)
[2015.08.30-21.04.22:870][752]LogModuleManager: Shutting down and abandoning module AudioFormatADPCM (39)
[2015.08.30-21.04.22:870][752]LogModuleManager: Shutting down and abandoning module LinuxTargetPlatform (38)
[2015.08.30-21.04.22:870][752]LogModuleManager: Shutting down and abandoning module LinuxServerTargetPlatform (37)
[2015.08.30-21.04.22:870][752]LogModuleManager: Shutting down and abandoning module LinuxNoEditorTargetPlatform (36)
[2015.08.30-21.04.22:870][752]LogModuleManager: Shutting down and abandoning module Messaging (35)
[2015.08.30-21.04.22:870][752]LogModuleManager: Shutting down and abandoning module IOSTargetPlatform (34)
[2015.08.30-21.04.22:870][752]LogModuleManager: Shutting down and abandoning module HTML5TargetPlatform (33)
[2015.08.30-21.04.22:870][752]LogModuleManager: Shutting down and abandoning module Android_PVRTCTargetPlatform (32)
[2015.08.30-21.04.22:870][752]LogModuleManager: Shutting down and abandoning module Android_ETC2TargetPlatform (31)
[2015.08.30-21.04.22:870][752]LogModuleManager: Shutting down and abandoning module Android_ETC1TargetPlatform (30)
[2015.08.30-21.04.22:870][752]LogModuleManager: Shutting down and abandoning module Android_DXTTargetPlatform (29)
[2015.08.30-21.04.22:870][752]LogModuleManager: Shutting down and abandoning module Android_ATCTargetPlatform (28)
[2015.08.30-21.04.22:870][752]LogModuleManager: Shutting down and abandoning module Android_ASTCTargetPlatform (27)
[2015.08.30-21.04.22:870][752]LogModuleManager: Shutting down and abandoning module AndroidTargetPlatform (26)
[2015.08.30-21.04.22:870][752]LogModuleManager: Shutting down and abandoning module WindowsTargetPlatform (25)
[2015.08.30-21.04.22:870][752]LogModuleManager: Shutting down and abandoning module WindowsServerTargetPlatform (24)
[2015.08.30-21.04.22:870][752]LogModuleManager: Shutting down and abandoning module WindowsNoEditorTargetPlatform (23)
[2015.08.30-21.04.22:870][752]LogModuleManager: Shutting down and abandoning module WindowsClientTargetPlatform (22)
[2015.08.30-21.04.22:870][752]LogModuleManager: Shutting down and abandoning module DesktopTargetPlatform (21)
[2015.08.30-21.04.22:870][752]LogModuleManager: Shutting down and abandoning module TargetPlatform (20)
[2015.08.30-21.04.22:870][752]LogModuleManager: Shutting down and abandoning module InputCore (19)
[2015.08.30-21.04.22:870][752]LogModuleManager: Shutting down and abandoning module Settings (18)
[2015.08.30-21.04.22:870][752]LogModuleManager: Shutting down and abandoning module OnlineSubsystem (16)
[2015.08.30-21.04.22:870][752]LogModuleManager: Shutting down and abandoning module HTTP (15)
[2015.08.30-21.04.22:871][752]LogModuleManager: Shutting down and abandoning module ExampleDeviceProfileSelector (14)
[2015.08.30-21.04.22:871][752]LogModuleManager: Shutting down and abandoning module TextureCompressor (13)
[2015.08.30-21.04.22:871][752]LogModuleManager: Shutting down and abandoning module ShaderCore (12)
[2015.08.30-21.04.22:871][752]LogModuleManager: Shutting down and abandoning module Landscape (11)
[2015.08.30-21.04.22:871][752]LogModuleManager: Shutting down and abandoning module SlateRHIRenderer (10)
[2015.08.30-21.04.22:871][752]LogModuleManager: Shutting down and abandoning module OpenGLDrv (9)
[2015.08.30-21.04.22:871][752]LogModuleManager: Shutting down and abandoning module D3D11RHI (8)
[2015.08.30-21.04.22:871][752]LogModuleManager: Shutting down and abandoning module Renderer (7)
[2015.08.30-21.04.22:871][752]LogModuleManager: Shutting down and abandoning module Engine (6)
[2015.08.30-21.04.22:871][752]LogModuleManager: Shutting down and abandoning module CoreUObject (5)
[2015.08.30-21.04.22:871][752]LogModuleManager: Shutting down and abandoning module NetworkFile (4)
[2015.08.30-21.04.22:871][752]LogModuleManager: Shutting down and abandoning module StreamingFile (3)
[2015.08.30-21.04.22:871][752]LogModuleManager: Shutting down and abandoning module SandboxFile (2)
[2015.08.30-21.04.22:871][752]LogModuleManager: Shutting down and abandoning module PakFile (1)
[2015.08.30-21.04.22:872][752]LogExit: Exiting.
[2015.08.30-21.04.22:873][752]Log file closed, 08/30/15 23:04:22
