[2015.09.23-14.05.04:249][  0]Log file open, 09/23/15 16:05:04
[2015.09.23-14.05.04:249][  0]LogInit:Display: Running engine for game: NotPartofGame
[2015.09.23-14.05.04:249][  0]LogInit:Display: RandInit(2052480957) SRandInit(2052480958).
[2015.09.23-14.05.04:249][  0]LogTaskGraph: Started task graph with 4 named threads and 7 total threads.
[2015.09.23-14.05.04:249][  0]LogStats: Stats thread started
[2015.09.23-14.05.04:249][  0]LogInit: Version: 4.8.3-2634408+++depot+UE4-Releases+4.8
[2015.09.23-14.05.04:249][  0]LogInit: API Version: 2579680
[2015.09.23-14.05.04:249][  0]LogInit: Compiled (64-bit): Jul 27 2015 16:24:33
[2015.09.23-14.05.04:249][  0]LogInit: Compiled with Visual C++: 18.00.21005.01
[2015.09.23-14.05.04:249][  0]LogInit: Build Configuration: Development
[2015.09.23-14.05.04:249][  0]LogInit: Branch Name: ++depot+UE4-Releases+4.8
[2015.09.23-14.05.04:249][  0]LogInit: Command line:  /Temp/Autosaves/Game/NPOTG/Maps/UEDPCTesting_Level -game -PIEVIACONSOLE -ResX=1280 -ResY=720  -Multiprocess 
[2015.09.23-14.05.04:249][  0]LogInit: Base directory: C:/Users/Bodoo/Documents/Programmieren/4.8/Engine/Binaries/Win64/
[2015.09.23-14.05.04:249][  0]LogInit: Rocket: 1
[2015.09.23-14.05.04:266][  0]LogInit: Using libcurl 7.41.0
[2015.09.23-14.05.04:266][  0]LogInit:  - built for x86_64-pc-win32
[2015.09.23-14.05.04:266][  0]LogInit:  - supports SSL with WinSSL
[2015.09.23-14.05.04:266][  0]LogInit:  - other features:
[2015.09.23-14.05.04:266][  0]LogInit:      CURL_VERSION_SSL
[2015.09.23-14.05.04:266][  0]LogInit:      CURL_VERSION_IPV6
[2015.09.23-14.05.04:266][  0]LogInit:      CURL_VERSION_ASYNCHDNS
[2015.09.23-14.05.04:266][  0]LogInit:      CURL_VERSION_LARGEFILE
[2015.09.23-14.05.04:266][  0]LogInit:      CURL_VERSION_IDN
[2015.09.23-14.05.04:266][  0]LogInit:  CurlRequestOptions (configurable via config and command line):
[2015.09.23-14.05.04:266][  0]LogInit:  - bVerifyPeer = true  - Libcurl will verify peer certificate
[2015.09.23-14.05.04:266][  0]LogInit:  - bUseHttpProxy = false  - Libcurl will NOT use HTTP proxy
[2015.09.23-14.05.04:266][  0]LogInit:  - bDontReuseConnections = false  - Libcurl will reuse connections
[2015.09.23-14.05.04:266][  0]LogInit:  - CertBundlePath = nullptr  - Libcurl will use whatever was configured at build time.
[2015.09.23-14.05.04:279][  0]LogOnline:Warning: No default platform service specified for OnlineSubsystem
[2015.09.23-14.05.04:295][  0]LogInit: Presizing for 0 objects not considered by GC, pre-allocating 0 bytes.
[2015.09.23-14.05.04:303][  0]LogInit: Object subsystem initialized
[2015.09.23-14.05.04:304][  0]LogConsoleResponse:Warning: Skipping Unknown console variable: 'UIScaleCurve = (EditorCurveData=(Keys=((Time=480.000000,Value=0.444000),(Time=720.000000,Value=0.666000),(Time=1080.000000,Value=1.000000),(Time=8640.000000,Value=8.000000))),ExternalCurve=None)'
[2015.09.23-14.05.04:304][  0]LogConsoleResponse:Warning:   Found in ini file 'C:/Users/Bodoo/Documents/Programmieren/Projekte/NotPartofTheGame/Saved/Config/Windows/Engine.ini', in section '[/Script/Engine.RendererSettings]'
[2015.09.23-14.05.04:305][  0]LogConsoleManager:Warning: Console variable 'r.MSAA.CompositingSampleCount' wasn't set ('Scalability' has a lower priority than 'ProjectSetting')
[2015.09.23-14.05.04:305][  0]LogInit: Selected Device Profile: [Windows]
[2015.09.23-14.05.04:305][  0]LogInit: Applying CVar settings loaded from the selected device profile: [Windows]
[2015.09.23-14.05.04:308][  0]LogInit: Computer: DESKTOP-GLF6O4V
[2015.09.23-14.05.04:308][  0]LogInit: User: Bodoo
[2015.09.23-14.05.04:308][  0]LogInit: CPU Page size=4096, Cores=4
[2015.09.23-14.05.04:308][  0]LogInit: High frequency timer resolution =3.215355 MHz
[2015.09.23-14.05.04:308][  0]LogMemory: Memory total: Physical=12.0GB (12GB approx)
[2015.09.23-14.05.04:308][  0]LogMemory: Platform Memory Stats for Windows
[2015.09.23-14.05.04:308][  0]LogMemory: Process Physical Memory: 51.28 MB used, 51.28 MB peak
[2015.09.23-14.05.04:308][  0]LogMemory: Process Virtual Memory: 22.70 MB used, 22.70 MB peak
[2015.09.23-14.05.04:308][  0]LogMemory: Physical Memory: 2801.90 MB used, 12270.45 MB total
[2015.09.23-14.05.04:308][  0]LogMemory: Virtual Memory: 310.63 MB used, 134217728.00 MB total
[2015.09.23-14.05.04:337][  0]LogTextLocalizationManager: The requested culture ('de_DE') has no localization data; falling back to 'en' for localization and internationalization data.
[2015.09.23-14.05.04:580][  0]LogTextLocalizationManager:Warning: Loaded localization resources contain conflicting entries for (Namespace:ContentBrowser, Key:ImportAssetToolTip):
Localization Resource: (C:/Users/Bodoo/Documents/Programmieren/4.8/Engine/Content/Localization/Editor/en/Editor.locres) Source String Hash: (-630476809) Localized String: (Import to {0}...)
Localization Resource: (C:/Users/Bodoo/Documents/Programmieren/4.8/Engine/Content/Localization/Editor/en/Editor.locres) Source String Hash: (1271782899) Localized String: (Imports an asset from file to this folder.)
[2015.09.23-14.05.04:910][  0]LogD3D11RHI: Found D3D11 adapter 0: AMD Radeon HD 6800 Series (Feature Level 11_0)
[2015.09.23-14.05.04:910][  0]LogD3D11RHI: Adapter has 1011MB of dedicated video memory, 0MB of dedicated system memory, and 3840MB of shared system memory, 1 output[s]
[2015.09.23-14.05.04:911][  0]LogD3D11RHI: Found D3D11 adapter 1: Microsoft Basic Render Driver (Feature Level 11_0)
[2015.09.23-14.05.04:911][  0]LogD3D11RHI: Adapter has 0MB of dedicated video memory, 0MB of dedicated system memory, and 6135MB of shared system memory, 0 output[s]
[2015.09.23-14.05.04:911][  0]LogD3D11RHI: Chosen D3D11 Adapter Id = 0
[2015.09.23-14.05.04:914][  0]LogD3D11RHI: InitD3DDevice
[2015.09.23-14.05.04:914][  0]LogD3D11RHI: !Direct3DDevice
[2015.09.23-14.05.04:914][  0]LogRHI: Texture pool is 708 MB (70% of 1011 MB)
[2015.09.23-14.05.04:920][  0]LogD3D11RHI: Async texture creation disabled: no driver support
[2015.09.23-14.05.04:931][  0]LogShaderCompilers:Display: Using Local Shader Compiler.
[2015.09.23-14.05.05:721][  0]LogTemp:Display: Loaded TP DesktopTargetPlatform
[2015.09.23-14.05.05:736][  0]LogTemp:Display: Loaded TP WindowsClientTargetPlatform
[2015.09.23-14.05.05:750][  0]LogTemp:Display: Loaded TP WindowsNoEditorTargetPlatform
[2015.09.23-14.05.05:765][  0]LogTemp:Display: Loaded TP WindowsServerTargetPlatform
[2015.09.23-14.05.05:781][  0]LogTemp:Display: Loaded TP WindowsTargetPlatform
[2015.09.23-14.05.05:793][  0]LogTemp:Display: Loaded TP AndroidTargetPlatform
[2015.09.23-14.05.05:806][  0]LogTemp:Display: Loaded TP Android_ASTCTargetPlatform
[2015.09.23-14.05.05:818][  0]LogTemp:Display: Loaded TP Android_ATCTargetPlatform
[2015.09.23-14.05.05:831][  0]LogTemp:Display: Loaded TP Android_DXTTargetPlatform
[2015.09.23-14.05.05:844][  0]LogTemp:Display: Loaded TP Android_ETC1TargetPlatform
[2015.09.23-14.05.05:857][  0]LogTemp:Display: Loaded TP Android_ETC2TargetPlatform
[2015.09.23-14.05.05:871][  0]LogTemp:Display: Loaded TP Android_PVRTCTargetPlatform
[2015.09.23-14.05.05:920][  0]LogTemp:Display: Loaded TP IOSTargetPlatform
[2015.09.23-14.05.05:933][  0]LogTemp:Display: Loaded TP LinuxNoEditorTargetPlatform
[2015.09.23-14.05.05:946][  0]LogTemp:Display: Loaded TP LinuxServerTargetPlatform
[2015.09.23-14.05.05:961][  0]LogTemp:Display: Loaded TP LinuxTargetPlatform
[2015.09.23-14.05.05:961][  0]LogTargetPlatformManager:Display: Building Assets For Windows
[2015.09.23-14.05.06:168][  0]LogDerivedDataCache:Display: Max Cache Size: 512 MB
[2015.09.23-14.05.06:232][  0]LogDerivedDataCache: Loaded boot cache 0.06s 53MB C:/Users/Bodoo/AppData/Local/UnrealEngine/4.8/DerivedDataCache/Boot.ddc.
[2015.09.23-14.05.06:232][  0]LogDerivedDataCache:Display: Loaded Boot cache: C:/Users/Bodoo/AppData/Local/UnrealEngine/4.8/DerivedDataCache/Boot.ddc
[2015.09.23-14.05.06:232][  0]LogDerivedDataCache: FDerivedDataBackendGraph:  Pak pak cache file ../../../../Projekte/NotPartofTheGame/DerivedDataCache/DDC.ddp not found, will not use a pak cache.
[2015.09.23-14.05.06:232][  0]LogDerivedDataCache: Unable to find inner node Pak for hierarchical cache Hierarchy.
[2015.09.23-14.05.06:232][  0]LogDerivedDataCache: FDerivedDataBackendGraph:  CompressedPak pak cache file ../../../../Projekte/NotPartofTheGame/DerivedDataCache/Compressed.ddp not found, will not use a pak cache.
[2015.09.23-14.05.06:232][  0]LogDerivedDataCache: Unable to find inner node CompressedPak for hierarchical cache Hierarchy.
[2015.09.23-14.05.06:381][  0]LogDerivedDataCache:Display: Pak cache opened for reading ../../../Engine/DerivedDataCache/Compressed.ddp.
[2015.09.23-14.05.06:393][  0]LogDerivedDataCache: Using Local data cache path C:/Users/Bodoo/AppData/Local/UnrealEngine/Common/DerivedDataCache: Writable
[2015.09.23-14.05.06:624][  0]LogInit: Selected Device Profile: [Windows]
[2015.09.23-14.05.06:709][  0]ImportText (ComponentSweepMultiTests): Missing closing parenthesis: (RootShapeAsset="/Engine/BasicShapes/Cube.Cube",ShapeType="TriggerCapsule",HitResult=(Time=0.50,Location=(X=-100.000015,Y=0.0,Z=100.000015),ImpactPoint=(X=-50.0,Y=0.0,Z=50.0),Normal=(X=-1.0,Y=-0.0,Z=0.0),ImpactNormal=(X=0.0,Y=0.0,Z=1.0),TraceStart=(X=-200.0,Y=0.0,Z=200.0),TraceEnd=(X=0.0,Y=0.0,Z=0.0))
[2015.09.23-14.05.06:710][  0]ImportText (LineTraceSingleByChannelTests): Missing closing parenthesis: (RootShapeAsset="/Engine/BasicShapes/Cube.Cube",HitResult=(Time=0.50,Location=(X=-100.000015,Y=0.0,Z=100.000015),ImpactPoint=(X=-50.0,Y=0.0,Z=50.0),Normal=(X=-1.0,Y=-0.0,Z=0.0),ImpactNormal=(X=0.0,Y=0.0,Z=1.0),TraceStart=(X=-200.0,Y=0.0,Z=200.0),TraceEnd=(X=0.0,Y=0.0,Z=0.0))
[2015.09.23-14.05.06:737][  0]LogMeshUtilities: No automatic mesh reduction module available
[2015.09.23-14.05.06:737][  0]LogMeshUtilities: No automatic mesh merging module available
[2015.09.23-14.05.07:024][  0]LogInit: WinSock: version 1.1 (2.2), MaxSocks=32767, MaxUdp=65467
[2015.09.23-14.05.07:453][  0]LogD3D11RHI: InitD3DDevice
[2015.09.23-14.05.07:457][  0]LogWindowsMoviePlayer: Unable to load movie: ../../../../Projekte/NotPartofTheGame/Content/Movies/Default_Startup.mp4
[2015.09.23-14.05.07:595][  0]LogAssetRegistry: FAssetRegistry took 0.0001 seconds to start up
[2015.09.23-14.05.07:640][  0]SourceControl: Info Source control is disabled
[2015.09.23-14.05.07:640][  0]SourceControl: Info Source control is disabled
[2015.09.23-14.05.07:650][  0]SourceControl: Info Source control is disabled
[2015.09.23-14.05.07:832][  0]LogObj: 25913 objects as part of root set at end of initial load.
[2015.09.23-14.05.07:832][  0]LogUObjectAllocator: 5218488 out of 0 bytes used by permanent object pool.
[2015.09.23-14.05.07:901][  0]LogAutomationTest:Warning: ERR: Transient text cannot be serialized "Testing Transient serialization detection".
[2015.09.23-14.05.07:902][  0]LogEngine: Initializing Engine...
[2015.09.23-14.05.07:904][  0]LogHMD: Can't find Oculus library dev build: is proper Runtime installed? Version: 0.6.0.0
[2015.09.23-14.05.07:905][  0]LogHMD:Warning: SteamVR failed to initialize.  Error: 110
[2015.09.23-14.05.07:994][  0]LogInit: XAudio2 using 'Lautsprecher (Realtek High Definition Audio)' : 2 channels at 48 kHz using 32 bits per sample (channel mask 0x3)
[2015.09.23-14.05.08:002][  0]LogInit: FAudioDevice initialized.
[2015.09.23-14.05.08:011][  0]LogInit: Texture streaming: Disabled
[2015.09.23-14.05.08:074][  0]LogNet: Browse: /Temp/Autosaves/Game/NPOTG/Maps/UEDPCTesting_Level?Name=Player
[2015.09.23-14.05.08:074][  0]LogLoad: LoadMap: /Temp/Autosaves/Game/NPOTG/Maps/UEDPCTesting_Level?Name=Player
[2015.09.23-14.05.08:085][  0]LogParticles: Destroying 0 GPU particle simulations for FXSystem 0x0000008CE38D3560
[2015.09.23-14.05.08:093][  0]LogMemory: Platform Memory Stats for Windows
[2015.09.23-14.05.08:093][  0]LogMemory: Process Physical Memory: 336.62 MB used, 336.63 MB peak
[2015.09.23-14.05.08:093][  0]LogMemory: Process Virtual Memory: 372.79 MB used, 372.79 MB peak
[2015.09.23-14.05.08:093][  0]LogMemory: Physical Memory: 3031.80 MB used, 12270.45 MB total
[2015.09.23-14.05.08:093][  0]LogMemory: Virtual Memory: 889.87 MB used, 134217728.00 MB total
[2015.09.23-14.05.08:093][  0]LogMemory: 
[2015.09.23-14.05.08:093][  0]Allocator Stats for TBB: (not implemented)
[2015.09.23-14.05.08:406][  0]LogBlueprint:Warning: [Admin_Widget] CreatePinForVariable: 'X' variable not found. Base class was probably changed.
[2015.09.23-14.05.08:406][  0]LogBlueprint:Warning: [Admin_Widget] CreatePinForVariable: 'Z' variable not found. Base class was probably changed.
[2015.09.23-14.05.08:417][  0]LogProperty:Warning: ERR: Transient text cannot be serialized "ReturnValue Z".
[2015.09.23-14.05.08:418][  0]LogProperty:Warning: ERR: Transient text cannot be serialized "ReturnValue Y".
[2015.09.23-14.05.08:418][  0]LogProperty:Warning: ERR: Transient text cannot be serialized "ReturnValue X".
[2015.09.23-14.05.08:425][  0]LogBlueprint:Warning: [compiler Admin_Widget] Warning Could not find a variable named "Z" in 'Markimoo_C'.
Make sure 'Markimoo_C' has been compiled for  Get Z 
[2015.09.23-14.05.08:425][  0]LogBlueprint:Warning: [compiler Admin_Widget] Warning Could not find a variable named "X" in 'Markimoo_C'.
Make sure 'Markimoo_C' has been compiled for  Get X 
[2015.09.23-14.05.08:426][  0]LogBlueprint:Error: [compiler Admin_Widget] Error The property associated with  Z  could not be found
[2015.09.23-14.05.08:426][  0]LogBlueprint:Error: [compiler Admin_Widget] Error The property associated with  X  could not be found
[2015.09.23-14.05.08:436][  0]LogBlueprint:Warning: [compiler Admin_Widget] Warning [0005.77] Compile of Admin_Widget failed. 2 Fatal Issue(s) 2 Warning(s) [in 26 ms]
[2015.09.23-14.05.08:436][  0]LogBlueprint:Warning: [compiler Admin_Widget] Warning [0005.77] Compile of Admin_Widget failed. 2 Fatal Issue(s) 3 Warning(s) [in 0 ms]
[2015.09.23-14.05.08:437][  0]LogBlueprint:Warning: [compiler Admin_Widget] Warning [0005.77] Compile of Admin_Widget failed. 2 Fatal Issue(s) 4 Warning(s) [in 0 ms]
[2015.09.23-14.05.08:745][  0]LogProperty:Warning: ERR: Transient text cannot be serialized "ReturnValue Z".
[2015.09.23-14.05.08:745][  0]LogProperty:Warning: ERR: Transient text cannot be serialized "ReturnValue Y".
[2015.09.23-14.05.08:745][  0]LogProperty:Warning: ERR: Transient text cannot be serialized "ReturnValue X".
[2015.09.23-14.05.09:106][  0]LogProperty:Warning: ERR: Transient text cannot be serialized "NewLocation Z".
[2015.09.23-14.05.09:106][  0]LogProperty:Warning: ERR: Transient text cannot be serialized "NewLocation Y".
[2015.09.23-14.05.09:106][  0]LogProperty:Warning: ERR: Transient text cannot be serialized "NewLocation X".
[2015.09.23-14.05.09:106][  0]LogProperty:Warning: ERR: Transient text cannot be serialized "ReturnValue Z".
[2015.09.23-14.05.09:106][  0]LogProperty:Warning: ERR: Transient text cannot be serialized "ReturnValue Y".
[2015.09.23-14.05.09:106][  0]LogProperty:Warning: ERR: Transient text cannot be serialized "ReturnValue X".
[2015.09.23-14.05.09:109][  0]LogProperty:Warning: ERR: Transient text cannot be serialized "NewRotation Roll".
[2015.09.23-14.05.09:110][  0]LogProperty:Warning: ERR: Transient text cannot be serialized "NewRotation Yaw".
[2015.09.23-14.05.09:110][  0]LogProperty:Warning: ERR: Transient text cannot be serialized "NewRotation Pitch".
[2015.09.23-14.05.09:110][  0]LogProperty:Warning: ERR: Transient text cannot be serialized "NewRotation Roll".
[2015.09.23-14.05.09:110][  0]LogProperty:Warning: ERR: Transient text cannot be serialized "NewRotation Yaw".
[2015.09.23-14.05.09:110][  0]LogProperty:Warning: ERR: Transient text cannot be serialized "NewRotation Pitch".
[2015.09.23-14.05.09:167][  0]LogProperty:Warning: ERR: Transient text cannot be serialized "NewLocation Z".
[2015.09.23-14.05.09:167][  0]LogProperty:Warning: ERR: Transient text cannot be serialized "NewLocation Y".
[2015.09.23-14.05.09:167][  0]LogProperty:Warning: ERR: Transient text cannot be serialized "NewLocation X".
[2015.09.23-14.05.09:167][  0]LogProperty:Warning: ERR: Transient text cannot be serialized "ReturnValue Z".
[2015.09.23-14.05.09:167][  0]LogProperty:Warning: ERR: Transient text cannot be serialized "ReturnValue Y".
[2015.09.23-14.05.09:167][  0]LogProperty:Warning: ERR: Transient text cannot be serialized "ReturnValue X".
[2015.09.23-14.05.09:170][  0]LogProperty:Warning: ERR: Transient text cannot be serialized "NewRotation Roll".
[2015.09.23-14.05.09:170][  0]LogProperty:Warning: ERR: Transient text cannot be serialized "NewRotation Yaw".
[2015.09.23-14.05.09:170][  0]LogProperty:Warning: ERR: Transient text cannot be serialized "NewRotation Pitch".
[2015.09.23-14.05.09:170][  0]LogProperty:Warning: ERR: Transient text cannot be serialized "NewRotation Roll".
[2015.09.23-14.05.09:170][  0]LogProperty:Warning: ERR: Transient text cannot be serialized "NewRotation Yaw".
[2015.09.23-14.05.09:170][  0]LogProperty:Warning: ERR: Transient text cannot be serialized "NewRotation Pitch".
[2015.09.23-14.05.10:392][  0]LogAIModule: Creating AISystem for world Testing_Level
[2015.09.23-14.05.10:392][  0]LogWorld: Game class is '2DSideScrollerGameMode_C'
[2015.09.23-14.05.10:482][  0]LogWorld: Bringing World /Temp/Autosaves/Game/NPOTG/Maps/UEDPCTesting_Level.Testing_Level up for play (max tick rate 0) at 2015.09.23-16.05.10
[2015.09.23-14.05.10:499][  0]LogWorld: Bringing up level for play took: 0.104783
[2015.09.23-14.05.10:504][  0]LogInit:Display: Game Engine Initialized.
[2015.09.23-14.05.10:729][  0]LogLoad: Full Startup: 8.06 seconds (BP compile: 1.19 seconds)
[2015.09.23-14.05.10:747][  0]LogWindowsTextInputMethodSystem:Display: IME system now deactivated.
[2015.09.23-14.05.10:747][  0]LogWindowsTextInputMethodSystem:Display: IME system now deactivated.
[2015.09.23-14.05.10:749][  0]LogContentStreaming: Texture pool size is 1000.000000MB
[2015.09.23-14.05.10:885][  0]LogRenderer: Reallocating scene render targets to support 1280x720 (Frame:2).
[2015.09.23-14.05.11:024][  1]LogScript:Warning: Accessed None 'PointA'
	wolf_C /Temp/Autosaves/Game/NPOTG/Maps/UEDPCTesting_Level.Testing_Level:PersistentLevel.wolf_C_13
	Function /Game/NPOTG/Blueprints/Charaktere/wolf.wolf_C:ExecuteUbergraph_wolf:00C2
[2015.09.23-14.05.11:024][  1]LogScript:Warning: Accessed None 'PointB'
	wolf_C /Temp/Autosaves/Game/NPOTG/Maps/UEDPCTesting_Level.Testing_Level:PersistentLevel.wolf_C_13
	Function /Game/NPOTG/Blueprints/Charaktere/wolf.wolf_C:ExecuteUbergraph_wolf:00ED
[2015.09.23-14.05.11:040][  2]LogScript:Warning: Accessed None 'PointA'
	wolf_C /Temp/Autosaves/Game/NPOTG/Maps/UEDPCTesting_Level.Testing_Level:PersistentLevel.wolf_C_13
	Function /Game/NPOTG/Blueprints/Charaktere/wolf.wolf_C:ExecuteUbergraph_wolf:00C2
[2015.09.23-14.05.11:040][  2]LogScript:Warning: Accessed None 'PointB'
	wolf_C /Temp/Autosaves/Game/NPOTG/Maps/UEDPCTesting_Level.Testing_Level:PersistentLevel.wolf_C_13
	Function /Game/NPOTG/Blueprints/Charaktere/wolf.wolf_C:ExecuteUbergraph_wolf:00ED
[2015.09.23-14.05.11:073][  3]LogScript:Warning: Accessed None 'PointA'
	wolf_C /Temp/Autosaves/Game/NPOTG/Maps/UEDPCTesting_Level.Testing_Level:PersistentLevel.wolf_C_13
	Function /Game/NPOTG/Blueprints/Charaktere/wolf.wolf_C:ExecuteUbergraph_wolf:00C2
[2015.09.23-14.05.11:073][  3]LogScript:Warning: Accessed None 'PointB'
	wolf_C /Temp/Autosaves/Game/NPOTG/Maps/UEDPCTesting_Level.Testing_Level:PersistentLevel.wolf_C_13
	Function /Game/NPOTG/Blueprints/Charaktere/wolf.wolf_C:ExecuteUbergraph_wolf:00ED
[2015.09.23-14.05.11:089][  4]LogScript:Warning: Accessed None 'PointA'
	wolf_C /Temp/Autosaves/Game/NPOTG/Maps/UEDPCTesting_Level.Testing_Level:PersistentLevel.wolf_C_13
	Function /Game/NPOTG/Blueprints/Charaktere/wolf.wolf_C:ExecuteUbergraph_wolf:00C2
[2015.09.23-14.05.11:089][  4]LogScript:Warning: Accessed None 'PointB'
	wolf_C /Temp/Autosaves/Game/NPOTG/Maps/UEDPCTesting_Level.Testing_Level:PersistentLevel.wolf_C_13
	Function /Game/NPOTG/Blueprints/Charaktere/wolf.wolf_C:ExecuteUbergraph_wolf:00ED
[2015.09.23-14.05.11:105][  5]LogScript:Warning: Accessed None 'PointA'
	wolf_C /Temp/Autosaves/Game/NPOTG/Maps/UEDPCTesting_Level.Testing_Level:PersistentLevel.wolf_C_13
	Function /Game/NPOTG/Blueprints/Charaktere/wolf.wolf_C:ExecuteUbergraph_wolf:00C2
[2015.09.23-14.05.11:105][  5]LogScript:Warning: Accessed None 'PointB'
	wolf_C /Temp/Autosaves/Game/NPOTG/Maps/UEDPCTesting_Level.Testing_Level:PersistentLevel.wolf_C_13
	Function /Game/NPOTG/Blueprints/Charaktere/wolf.wolf_C:ExecuteUbergraph_wolf:00ED
[2015.09.23-14.05.11:121][  6]LogScript:Warning: Accessed None 'PointA'
	wolf_C /Temp/Autosaves/Game/NPOTG/Maps/UEDPCTesting_Level.Testing_Level:PersistentLevel.wolf_C_13
	Function /Game/NPOTG/Blueprints/Charaktere/wolf.wolf_C:ExecuteUbergraph_wolf:00C2
[2015.09.23-14.05.11:121][  6]LogScript:Warning: Accessed None 'PointB'
	wolf_C /Temp/Autosaves/Game/NPOTG/Maps/UEDPCTesting_Level.Testing_Level:PersistentLevel.wolf_C_13
	Function /Game/NPOTG/Blueprints/Charaktere/wolf.wolf_C:ExecuteUbergraph_wolf:00ED
[2015.09.23-14.05.11:137][  7]LogScript:Warning: Accessed None 'PointA'
	wolf_C /Temp/Autosaves/Game/NPOTG/Maps/UEDPCTesting_Level.Testing_Level:PersistentLevel.wolf_C_13
	Function /Game/NPOTG/Blueprints/Charaktere/wolf.wolf_C:ExecuteUbergraph_wolf:00C2
[2015.09.23-14.05.11:138][  7]LogScript:Warning: Accessed None 'PointB'
	wolf_C /Temp/Autosaves/Game/NPOTG/Maps/UEDPCTesting_Level.Testing_Level:PersistentLevel.wolf_C_13
	Function /Game/NPOTG/Blueprints/Charaktere/wolf.wolf_C:ExecuteUbergraph_wolf:00ED
[2015.09.23-14.05.11:154][  8]LogScript:Warning: Accessed None 'PointA'
	wolf_C /Temp/Autosaves/Game/NPOTG/Maps/UEDPCTesting_Level.Testing_Level:PersistentLevel.wolf_C_13
	Function /Game/NPOTG/Blueprints/Charaktere/wolf.wolf_C:ExecuteUbergraph_wolf:00C2
[2015.09.23-14.05.11:154][  8]LogScript:Warning: Accessed None 'PointB'
	wolf_C /Temp/Autosaves/Game/NPOTG/Maps/UEDPCTesting_Level.Testing_Level:PersistentLevel.wolf_C_13
	Function /Game/NPOTG/Blueprints/Charaktere/wolf.wolf_C:ExecuteUbergraph_wolf:00ED
[2015.09.23-14.05.11:170][  9]LogScript:Warning: Accessed None 'PointA'
	wolf_C /Temp/Autosaves/Game/NPOTG/Maps/UEDPCTesting_Level.Testing_Level:PersistentLevel.wolf_C_13
	Function /Game/NPOTG/Blueprints/Charaktere/wolf.wolf_C:ExecuteUbergraph_wolf:00C2
[2015.09.23-14.05.22:613][718]Set new viewmode: Unlit
[2015.09.23-14.05.53:793][650]Closing by request
[2015.09.23-14.05.53:793][650]LogWindows: FPlatformMisc::RequestExit(0)
[2015.09.23-14.05.53:793][650]Closing by request
[2015.09.23-14.05.53:793][650]LogWindows: FPlatformMisc::RequestExit(0)
[2015.09.23-14.05.53:967][651]LogWindowsTextInputMethodSystem:Display: IME system now deactivated.
[2015.09.23-14.05.53:968][651]LogWindowsTextInputMethodSystem:Display: IME system now deactivated.
[2015.09.23-14.05.53:974][651]LogExit: Preparing to exit.
[2015.09.23-14.05.54:038][651]LogExit: Game engine shut down
[2015.09.23-14.05.54:042][651]LogParticles: Destroying 0 GPU particle simulations for FXSystem 0x0000008CE1B34D60
[2015.09.23-14.05.54:180][651]LogExit: Object subsystem successfully closed.
[2015.09.23-14.05.54:195][651]LogD3D11RHI: Shutdown
[2015.09.23-14.05.54:195][651]LogD3D11RHI: CleanupD3DDevice
[2015.09.23-14.05.54:291][651]LogD3D11RHI: ~FD3D11DynamicRHI
[2015.09.23-14.05.54:304][651]LogModuleManager: Shutting down and abandoning module AndroidDeviceDetection (109)
[2015.09.23-14.05.54:766][651]LogModuleManager: Shutting down and abandoning module AutomationWorker (108)
[2015.09.23-14.05.54:766][651]LogModuleManager: Shutting down and abandoning module CharacterAI (107)
[2015.09.23-14.05.54:766][651]LogModuleManager: Shutting down and abandoning module AITestSuite (106)
[2015.09.23-14.05.54:766][651]LogModuleManager: Shutting down and abandoning module GameplayDebugger (105)
[2015.09.23-14.05.54:766][651]LogModuleManager: Shutting down and abandoning module AIModule (104)
[2015.09.23-14.05.54:766][651]LogModuleManager: Shutting down and abandoning module GameLiveStreaming (103)
[2015.09.23-14.05.54:766][651]LogModuleManager: Shutting down and abandoning module StreamingPauseRendering (102)
[2015.09.23-14.05.54:766][651]LogModuleManager: Shutting down and abandoning module ProfilerService (101)
[2015.09.23-14.05.54:944][651]LogModuleManager: Shutting down and abandoning module TaskGraph (100)
[2015.09.23-14.05.54:944][651]LogModuleManager: Shutting down and abandoning module SlateRemote (99)
[2015.09.23-14.05.54:944][651]LogModuleManager: Shutting down and abandoning module SteamVRController (98)
[2015.09.23-14.05.54:944][651]LogModuleManager: Shutting down and abandoning module SteamVR (97)
[2015.09.23-14.05.54:944][651]LogModuleManager: Shutting down and abandoning module ProceduralMeshComponent (96)
[2015.09.23-14.05.54:944][651]LogModuleManager: Shutting down and abandoning module OculusRift (95)
[2015.09.23-14.05.54:944][651]LogModuleManager: Shutting down and abandoning module LeapMotionController (94)
[2015.09.23-14.05.54:952][651]LogModuleManager: Shutting down and abandoning module CustomMeshComponent (93)
[2015.09.23-14.05.54:952][651]LogModuleManager: Shutting down and abandoning module CableComponent (92)
[2015.09.23-14.05.54:952][651]LogModuleManager: Shutting down and abandoning module DesktopPlatform (91)
[2015.09.23-14.05.54:952][651]LogModuleManager: Shutting down and abandoning module DirectoryWatcher (90)
[2015.09.23-14.05.54:952][651]LogModuleManager: Shutting down and abandoning module HotReload (89)
[2015.09.23-14.05.54:952][651]LogModuleManager: Shutting down and abandoning module VisualStudioSourceCodeAccess (88)
[2015.09.23-14.05.54:952][651]LogModuleManager: Shutting down and abandoning module UObjectPlugin (87)
[2015.09.23-14.05.54:952][651]LogModuleManager: Shutting down and abandoning module SubversionSourceControl (86)
[2015.09.23-14.05.54:952][651]LogModuleManager: Shutting down and abandoning module SourceControl (85)
[2015.09.23-14.05.54:952][651]LogModuleManager: Shutting down and abandoning module PerforceSourceControl (84)
[2015.09.23-14.05.54:952][651]LogModuleManager: Shutting down and abandoning module BlankPlugin (83)
[2015.09.23-14.05.54:952][651]LogModuleManager: Shutting down and abandoning module UdpMessaging (82)
[2015.09.23-14.05.54:952][651]LogModuleManager: Shutting down and abandoning module AssetRegistry (81)
[2015.09.23-14.05.54:953][651]LogModuleManager: Shutting down and abandoning module SubstanceCore (80)
[2015.09.23-14.05.54:953][651]LogModuleManager: Shutting down and abandoning module Paper2D (79)
[2015.09.23-14.05.54:953][651]LogModuleManager: Shutting down and abandoning module WindowsMoviePlayer (78)
[2015.09.23-14.05.54:955][651]LogModuleManager: Shutting down and abandoning module Media (77)
[2015.09.23-14.05.54:955][651]LogModuleManager: Shutting down and abandoning module WmfMedia (76)
[2015.09.23-14.05.54:955][651]LogModuleManager: Shutting down and abandoning module OnlineBlueprintSupport (75)
[2015.09.23-14.05.54:955][651]LogModuleManager: Shutting down and abandoning module PropertyEditor (74)
[2015.09.23-14.05.54:955][651]LogModuleManager: Shutting down and abandoning module BehaviorTreeEditor (73)
[2015.09.23-14.05.54:955][651]LogModuleManager: Shutting down and abandoning module FunctionalTesting (72)
[2015.09.23-14.05.54:955][651]LogModuleManager: Shutting down and abandoning module CollisionAnalyzer (71)
[2015.09.23-14.05.54:955][651]LogModuleManager: Shutting down and abandoning module WorkspaceMenuStructure (70)
[2015.09.23-14.05.54:955][651]LogModuleManager: Shutting down and abandoning module MessageLog (69)
[2015.09.23-14.05.54:955][651]LogModuleManager: Shutting down and abandoning module Sequencer (68)
[2015.09.23-14.05.54:955][651]LogModuleManager: Shutting down and abandoning module AssetTools (67)
[2015.09.23-14.05.54:955][651]LogModuleManager: Shutting down and abandoning module UMGEditor (66)
[2015.09.23-14.05.54:955][651]LogModuleManager: Shutting down and abandoning module UMG (65)
[2015.09.23-14.05.54:955][651]LogModuleManager: Shutting down and abandoning module Slate (64)
[2015.09.23-14.05.54:955][651]LogModuleManager: Shutting down and abandoning module EditorStyle (63)
[2015.09.23-14.05.54:958][651]LogModuleManager: Shutting down and abandoning module SessionServices (62)
[2015.09.23-14.05.54:958][651]LogModuleManager: Shutting down and abandoning module SourceCodeAccess (61)
[2015.09.23-14.05.54:958][651]LogModuleManager: Shutting down and abandoning module HeadMountedDisplay (60)
[2015.09.23-14.05.54:958][651]LogModuleManager: Shutting down and abandoning module XAudio2 (59)
[2015.09.23-14.05.54:958][651]LogModuleManager: Shutting down and abandoning module Networking (57)
[2015.09.23-14.05.54:958][651]LogModuleManager: Shutting down and abandoning module Core (56)
[2015.09.23-14.05.54:958][651]LogModuleManager: Shutting down and abandoning module KismetCompiler (55)
[2015.09.23-14.05.54:958][651]LogModuleManager: Shutting down and abandoning module PhysXFormats (54)
[2015.09.23-14.05.54:958][651]LogModuleManager: Shutting down and abandoning module MeshUtilities (53)
[2015.09.23-14.05.54:958][651]LogModuleManager: Shutting down and abandoning module DerivedDataCache (52)
[2015.09.23-14.05.55:430][651]LogDerivedDataCache: Shutdown
[2015.09.23-14.05.55:430][651]LogModuleManager: Shutting down and abandoning module ShaderFormatOpenGL (51)
[2015.09.23-14.05.55:430][651]LogModuleManager: Shutting down and abandoning module ShaderFormatD3D (50)
[2015.09.23-14.05.55:430][651]LogModuleManager: Shutting down and abandoning module MetalShaderFormat (49)
[2015.09.23-14.05.55:430][651]LogModuleManager: Shutting down and abandoning module TextureFormatUncompressed (48)
[2015.09.23-14.05.55:430][651]LogModuleManager: Shutting down and abandoning module TextureFormatPVR (47)
[2015.09.23-14.05.55:430][651]LogModuleManager: Shutting down and abandoning module TextureFormatIntelISPCTexComp (46)
[2015.09.23-14.05.55:430][651]LogModuleManager: Shutting down and abandoning module TextureFormatDXT (45)
[2015.09.23-14.05.55:430][651]LogModuleManager: Shutting down and abandoning module ImageWrapper (44)
[2015.09.23-14.05.55:430][651]LogModuleManager: Shutting down and abandoning module TextureFormatASTC (43)
[2015.09.23-14.05.55:430][651]LogModuleManager: Shutting down and abandoning module TextureFormatAndroid (42)
[2015.09.23-14.05.55:430][651]LogModuleManager: Shutting down and abandoning module AudioFormatOpus (41)
[2015.09.23-14.05.55:430][651]LogModuleManager: Shutting down and abandoning module AudioFormatOgg (40)
[2015.09.23-14.05.55:430][651]LogModuleManager: Shutting down and abandoning module AudioFormatADPCM (39)
[2015.09.23-14.05.55:430][651]LogModuleManager: Shutting down and abandoning module LinuxTargetPlatform (38)
[2015.09.23-14.05.55:430][651]LogModuleManager: Shutting down and abandoning module LinuxServerTargetPlatform (37)
[2015.09.23-14.05.55:430][651]LogModuleManager: Shutting down and abandoning module LinuxNoEditorTargetPlatform (36)
[2015.09.23-14.05.55:430][651]LogModuleManager: Shutting down and abandoning module Messaging (35)
[2015.09.23-14.05.55:430][651]LogModuleManager: Shutting down and abandoning module IOSTargetPlatform (34)
[2015.09.23-14.05.55:430][651]LogModuleManager: Shutting down and abandoning module HTML5TargetPlatform (33)
[2015.09.23-14.05.55:430][651]LogModuleManager: Shutting down and abandoning module Android_PVRTCTargetPlatform (32)
[2015.09.23-14.05.55:430][651]LogModuleManager: Shutting down and abandoning module Android_ETC2TargetPlatform (31)
[2015.09.23-14.05.55:430][651]LogModuleManager: Shutting down and abandoning module Android_ETC1TargetPlatform (30)
[2015.09.23-14.05.55:430][651]LogModuleManager: Shutting down and abandoning module Android_DXTTargetPlatform (29)
[2015.09.23-14.05.55:430][651]LogModuleManager: Shutting down and abandoning module Android_ATCTargetPlatform (28)
[2015.09.23-14.05.55:431][651]LogModuleManager: Shutting down and abandoning module Android_ASTCTargetPlatform (27)
[2015.09.23-14.05.55:431][651]LogModuleManager: Shutting down and abandoning module AndroidTargetPlatform (26)
[2015.09.23-14.05.55:431][651]LogModuleManager: Shutting down and abandoning module WindowsTargetPlatform (25)
[2015.09.23-14.05.55:431][651]LogModuleManager: Shutting down and abandoning module WindowsServerTargetPlatform (24)
[2015.09.23-14.05.55:431][651]LogModuleManager: Shutting down and abandoning module WindowsNoEditorTargetPlatform (23)
[2015.09.23-14.05.55:431][651]LogModuleManager: Shutting down and abandoning module WindowsClientTargetPlatform (22)
[2015.09.23-14.05.55:431][651]LogModuleManager: Shutting down and abandoning module DesktopTargetPlatform (21)
[2015.09.23-14.05.55:431][651]LogModuleManager: Shutting down and abandoning module TargetPlatform (20)
[2015.09.23-14.05.55:431][651]LogModuleManager: Shutting down and abandoning module InputCore (19)
[2015.09.23-14.05.55:431][651]LogModuleManager: Shutting down and abandoning module Settings (18)
[2015.09.23-14.05.55:431][651]LogModuleManager: Shutting down and abandoning module OnlineSubsystem (16)
[2015.09.23-14.05.55:431][651]LogModuleManager: Shutting down and abandoning module HTTP (15)
[2015.09.23-14.05.55:431][651]LogModuleManager: Shutting down and abandoning module ExampleDeviceProfileSelector (14)
[2015.09.23-14.05.55:431][651]LogModuleManager: Shutting down and abandoning module TextureCompressor (13)
[2015.09.23-14.05.55:431][651]LogModuleManager: Shutting down and abandoning module ShaderCore (12)
[2015.09.23-14.05.55:431][651]LogModuleManager: Shutting down and abandoning module Landscape (11)
[2015.09.23-14.05.55:431][651]LogModuleManager: Shutting down and abandoning module SlateRHIRenderer (10)
[2015.09.23-14.05.55:431][651]LogModuleManager: Shutting down and abandoning module OpenGLDrv (9)
[2015.09.23-14.05.55:431][651]LogModuleManager: Shutting down and abandoning module D3D11RHI (8)
[2015.09.23-14.05.55:431][651]LogModuleManager: Shutting down and abandoning module Renderer (7)
[2015.09.23-14.05.55:431][651]LogModuleManager: Shutting down and abandoning module Engine (6)
[2015.09.23-14.05.55:431][651]LogModuleManager: Shutting down and abandoning module CoreUObject (5)
[2015.09.23-14.05.55:431][651]LogModuleManager: Shutting down and abandoning module NetworkFile (4)
[2015.09.23-14.05.55:431][651]LogModuleManager: Shutting down and abandoning module StreamingFile (3)
[2015.09.23-14.05.55:431][651]LogModuleManager: Shutting down and abandoning module SandboxFile (2)
[2015.09.23-14.05.55:431][651]LogModuleManager: Shutting down and abandoning module PakFile (1)
[2015.09.23-14.05.55:432][651]LogExit: Exiting.
[2015.09.23-14.05.55:433][651]Log file closed, 09/23/15 16:05:55
