[2015.08.30-13.25.06:075][  0]Log file open, 08/30/15 15:25:06
[2015.08.30-13.25.06:075][  0]LogInit:Display: Running engine for game: NotPartofGame
[2015.08.30-13.25.06:075][  0]LogInit:Display: RandInit(-624812343) SRandInit(-624812343).
[2015.08.30-13.25.06:075][  0]LogTaskGraph: Started task graph with 4 named threads and 7 total threads.
[2015.08.30-13.25.06:075][  0]LogStats: Stats thread started
[2015.08.30-13.25.06:075][  0]LogInit: Version: 4.8.3-2634408+++depot+UE4-Releases+4.8
[2015.08.30-13.25.06:075][  0]LogInit: API Version: 2579680
[2015.08.30-13.25.06:075][  0]LogInit: Compiled (64-bit): Jul 27 2015 16:24:33
[2015.08.30-13.25.06:075][  0]LogInit: Compiled with Visual C++: 18.00.21005.01
[2015.08.30-13.25.06:075][  0]LogInit: Build Configuration: Development
[2015.08.30-13.25.06:075][  0]LogInit: Branch Name: ++depot+UE4-Releases+4.8
[2015.08.30-13.25.06:075][  0]LogInit: Command line:  /Temp/Autosaves/Game/NPOTG/Maps/UEDPCTesting_Level -game -PIEVIACONSOLE -ResX=1280 -ResY=720  -Multiprocess 
[2015.08.30-13.25.06:075][  0]LogInit: Base directory: C:/Users/Bodoo/Documents/Programmieren/4.8/Engine/Binaries/Win64/
[2015.08.30-13.25.06:075][  0]LogInit: Rocket: 1
[2015.08.30-13.25.06:093][  0]LogInit: Using libcurl 7.41.0
[2015.08.30-13.25.06:093][  0]LogInit:  - built for x86_64-pc-win32
[2015.08.30-13.25.06:093][  0]LogInit:  - supports SSL with WinSSL
[2015.08.30-13.25.06:093][  0]LogInit:  - other features:
[2015.08.30-13.25.06:093][  0]LogInit:      CURL_VERSION_SSL
[2015.08.30-13.25.06:093][  0]LogInit:      CURL_VERSION_IPV6
[2015.08.30-13.25.06:093][  0]LogInit:      CURL_VERSION_ASYNCHDNS
[2015.08.30-13.25.06:093][  0]LogInit:      CURL_VERSION_LARGEFILE
[2015.08.30-13.25.06:093][  0]LogInit:      CURL_VERSION_IDN
[2015.08.30-13.25.06:093][  0]LogInit:  CurlRequestOptions (configurable via config and command line):
[2015.08.30-13.25.06:093][  0]LogInit:  - bVerifyPeer = true  - Libcurl will verify peer certificate
[2015.08.30-13.25.06:093][  0]LogInit:  - bUseHttpProxy = false  - Libcurl will NOT use HTTP proxy
[2015.08.30-13.25.06:093][  0]LogInit:  - bDontReuseConnections = false  - Libcurl will reuse connections
[2015.08.30-13.25.06:093][  0]LogInit:  - CertBundlePath = nullptr  - Libcurl will use whatever was configured at build time.
[2015.08.30-13.25.06:106][  0]LogOnline:Warning: No default platform service specified for OnlineSubsystem
[2015.08.30-13.25.06:122][  0]LogInit: Presizing for 0 objects not considered by GC, pre-allocating 0 bytes.
[2015.08.30-13.25.06:130][  0]LogInit: Object subsystem initialized
[2015.08.30-13.25.06:131][  0]LogConsoleResponse:Warning: Skipping Unknown console variable: 'UIScaleCurve = (EditorCurveData=(Keys=((Time=480.000000,Value=0.444000),(Time=720.000000,Value=0.666000),(Time=1080.000000,Value=1.000000),(Time=8640.000000,Value=8.000000))),ExternalCurve=None)'
[2015.08.30-13.25.06:131][  0]LogConsoleResponse:Warning:   Found in ini file 'C:/Users/Bodoo/Documents/Programmieren/Projekte/NotPartofTheGame/Saved/Config/Windows/Engine.ini', in section '[/Script/Engine.RendererSettings]'
[2015.08.30-13.25.06:132][  0]LogConsoleManager:Warning: Console variable 'r.MSAA.CompositingSampleCount' wasn't set ('Scalability' has a lower priority than 'ProjectSetting')
[2015.08.30-13.25.06:132][  0]LogInit: Selected Device Profile: [Windows]
[2015.08.30-13.25.06:132][  0]LogInit: Applying CVar settings loaded from the selected device profile: [Windows]
[2015.08.30-13.25.06:135][  0]LogInit: Computer: DESKTOP-GLF6O4V
[2015.08.30-13.25.06:135][  0]LogInit: User: Bodoo
[2015.08.30-13.25.06:135][  0]LogInit: CPU Page size=4096, Cores=4
[2015.08.30-13.25.06:135][  0]LogInit: High frequency timer resolution =3.215351 MHz
[2015.08.30-13.25.06:135][  0]LogMemory: Memory total: Physical=12.0GB (12GB approx)
[2015.08.30-13.25.06:135][  0]LogMemory: Platform Memory Stats for Windows
[2015.08.30-13.25.06:135][  0]LogMemory: Process Physical Memory: 49.73 MB used, 49.73 MB peak
[2015.08.30-13.25.06:135][  0]LogMemory: Process Virtual Memory: 22.69 MB used, 22.69 MB peak
[2015.08.30-13.25.06:135][  0]LogMemory: Physical Memory: 3528.68 MB used, 12270.70 MB total
[2015.08.30-13.25.06:135][  0]LogMemory: Virtual Memory: 310.61 MB used, 134217728.00 MB total
[2015.08.30-13.25.06:163][  0]LogTextLocalizationManager: The requested culture ('de_DE') has no localization data; falling back to 'en' for localization and internationalization data.
[2015.08.30-13.25.06:405][  0]LogTextLocalizationManager:Warning: Loaded localization resources contain conflicting entries for (Namespace:ContentBrowser, Key:ImportAssetToolTip):
Localization Resource: (C:/Users/Bodoo/Documents/Programmieren/4.8/Engine/Content/Localization/Editor/en/Editor.locres) Source String Hash: (-630476809) Localized String: (Import to {0}...)
Localization Resource: (C:/Users/Bodoo/Documents/Programmieren/4.8/Engine/Content/Localization/Editor/en/Editor.locres) Source String Hash: (1271782899) Localized String: (Imports an asset from file to this folder.)
[2015.08.30-13.25.06:743][  0]LogD3D11RHI: Found D3D11 adapter 0: AMD Radeon HD 6800 Series (Feature Level 11_0)
[2015.08.30-13.25.06:743][  0]LogD3D11RHI: Adapter has 1011MB of dedicated video memory, 0MB of dedicated system memory, and 3840MB of shared system memory, 1 output[s]
[2015.08.30-13.25.06:745][  0]LogD3D11RHI: Found D3D11 adapter 1: Microsoft Basic Render Driver (Feature Level 11_0)
[2015.08.30-13.25.06:745][  0]LogD3D11RHI: Adapter has 0MB of dedicated video memory, 0MB of dedicated system memory, and 6135MB of shared system memory, 0 output[s]
[2015.08.30-13.25.06:745][  0]LogD3D11RHI: Chosen D3D11 Adapter Id = 0
[2015.08.30-13.25.06:747][  0]LogD3D11RHI: InitD3DDevice
[2015.08.30-13.25.06:747][  0]LogD3D11RHI: !Direct3DDevice
[2015.08.30-13.25.06:747][  0]LogRHI: Texture pool is 708 MB (70% of 1011 MB)
[2015.08.30-13.25.06:753][  0]LogD3D11RHI: Async texture creation disabled: no driver support
[2015.08.30-13.25.06:764][  0]LogShaderCompilers:Display: Using Local Shader Compiler.
[2015.08.30-13.25.07:563][  0]LogTemp:Display: Loaded TP DesktopTargetPlatform
[2015.08.30-13.25.07:578][  0]LogTemp:Display: Loaded TP WindowsClientTargetPlatform
[2015.08.30-13.25.07:593][  0]LogTemp:Display: Loaded TP WindowsNoEditorTargetPlatform
[2015.08.30-13.25.07:608][  0]LogTemp:Display: Loaded TP WindowsServerTargetPlatform
[2015.08.30-13.25.07:624][  0]LogTemp:Display: Loaded TP WindowsTargetPlatform
[2015.08.30-13.25.07:637][  0]LogTemp:Display: Loaded TP AndroidTargetPlatform
[2015.08.30-13.25.07:650][  0]LogTemp:Display: Loaded TP Android_ASTCTargetPlatform
[2015.08.30-13.25.07:663][  0]LogTemp:Display: Loaded TP Android_ATCTargetPlatform
[2015.08.30-13.25.07:676][  0]LogTemp:Display: Loaded TP Android_DXTTargetPlatform
[2015.08.30-13.25.07:688][  0]LogTemp:Display: Loaded TP Android_ETC1TargetPlatform
[2015.08.30-13.25.07:702][  0]LogTemp:Display: Loaded TP Android_ETC2TargetPlatform
[2015.08.30-13.25.07:716][  0]LogTemp:Display: Loaded TP Android_PVRTCTargetPlatform
[2015.08.30-13.25.07:765][  0]LogTemp:Display: Loaded TP IOSTargetPlatform
[2015.08.30-13.25.07:777][  0]LogTemp:Display: Loaded TP LinuxNoEditorTargetPlatform
[2015.08.30-13.25.07:790][  0]LogTemp:Display: Loaded TP LinuxServerTargetPlatform
[2015.08.30-13.25.07:805][  0]LogTemp:Display: Loaded TP LinuxTargetPlatform
[2015.08.30-13.25.07:805][  0]LogTargetPlatformManager:Display: Building Assets For Windows
[2015.08.30-13.25.08:017][  0]LogDerivedDataCache:Display: Max Cache Size: 512 MB
[2015.08.30-13.25.08:078][  0]LogDerivedDataCache: Loaded boot cache 0.06s 53MB C:/Users/Bodoo/AppData/Local/UnrealEngine/4.8/DerivedDataCache/Boot.ddc.
[2015.08.30-13.25.08:078][  0]LogDerivedDataCache:Display: Loaded Boot cache: C:/Users/Bodoo/AppData/Local/UnrealEngine/4.8/DerivedDataCache/Boot.ddc
[2015.08.30-13.25.08:078][  0]LogDerivedDataCache: FDerivedDataBackendGraph:  Pak pak cache file ../../../../Projekte/NotPartofTheGame/DerivedDataCache/DDC.ddp not found, will not use a pak cache.
[2015.08.30-13.25.08:078][  0]LogDerivedDataCache: Unable to find inner node Pak for hierarchical cache Hierarchy.
[2015.08.30-13.25.08:078][  0]LogDerivedDataCache: FDerivedDataBackendGraph:  CompressedPak pak cache file ../../../../Projekte/NotPartofTheGame/DerivedDataCache/Compressed.ddp not found, will not use a pak cache.
[2015.08.30-13.25.08:078][  0]LogDerivedDataCache: Unable to find inner node CompressedPak for hierarchical cache Hierarchy.
[2015.08.30-13.25.08:231][  0]LogDerivedDataCache:Display: Pak cache opened for reading ../../../Engine/DerivedDataCache/Compressed.ddp.
[2015.08.30-13.25.08:243][  0]LogDerivedDataCache: Using Local data cache path C:/Users/Bodoo/AppData/Local/UnrealEngine/Common/DerivedDataCache: Writable
[2015.08.30-13.25.08:478][  0]LogInit: Selected Device Profile: [Windows]
[2015.08.30-13.25.08:563][  0]ImportText (ComponentSweepMultiTests): Missing closing parenthesis: (RootShapeAsset="/Engine/BasicShapes/Cube.Cube",ShapeType="TriggerCapsule",HitResult=(Time=0.50,Location=(X=-100.000015,Y=0.0,Z=100.000015),ImpactPoint=(X=-50.0,Y=0.0,Z=50.0),Normal=(X=-1.0,Y=-0.0,Z=0.0),ImpactNormal=(X=0.0,Y=0.0,Z=1.0),TraceStart=(X=-200.0,Y=0.0,Z=200.0),TraceEnd=(X=0.0,Y=0.0,Z=0.0))
[2015.08.30-13.25.08:563][  0]ImportText (LineTraceSingleByChannelTests): Missing closing parenthesis: (RootShapeAsset="/Engine/BasicShapes/Cube.Cube",HitResult=(Time=0.50,Location=(X=-100.000015,Y=0.0,Z=100.000015),ImpactPoint=(X=-50.0,Y=0.0,Z=50.0),Normal=(X=-1.0,Y=-0.0,Z=0.0),ImpactNormal=(X=0.0,Y=0.0,Z=1.0),TraceStart=(X=-200.0,Y=0.0,Z=200.0),TraceEnd=(X=0.0,Y=0.0,Z=0.0))
[2015.08.30-13.25.08:591][  0]LogMeshUtilities: No automatic mesh reduction module available
[2015.08.30-13.25.08:591][  0]LogMeshUtilities: No automatic mesh merging module available
[2015.08.30-13.25.08:882][  0]LogInit: WinSock: version 1.1 (2.2), MaxSocks=32767, MaxUdp=65467
[2015.08.30-13.25.09:319][  0]LogD3D11RHI: InitD3DDevice
[2015.08.30-13.25.09:324][  0]LogWindowsMoviePlayer: Unable to load movie: ../../../../Projekte/NotPartofTheGame/Content/Movies/Default_Startup.mp4
[2015.08.30-13.25.09:466][  0]LogAssetRegistry: FAssetRegistry took 0.0001 seconds to start up
[2015.08.30-13.25.09:512][  0]SourceControl: Info Source control is disabled
[2015.08.30-13.25.09:512][  0]SourceControl: Info Source control is disabled
[2015.08.30-13.25.09:522][  0]SourceControl: Info Source control is disabled
[2015.08.30-13.25.09:712][  0]LogObj: 25913 objects as part of root set at end of initial load.
[2015.08.30-13.25.09:712][  0]LogUObjectAllocator: 5218480 out of 0 bytes used by permanent object pool.
[2015.08.30-13.25.09:782][  0]LogAutomationTest:Warning: ERR: Transient text cannot be serialized "Testing Transient serialization detection".
[2015.08.30-13.25.09:782][  0]LogEngine: Initializing Engine...
[2015.08.30-13.25.09:784][  0]LogHMD: Can't find Oculus library dev build: is proper Runtime installed? Version: 0.6.0.0
[2015.08.30-13.25.09:785][  0]LogHMD:Warning: SteamVR failed to initialize.  Error: 110
[2015.08.30-13.25.09:874][  0]LogInit: XAudio2 using 'Lautsprecher (G510s Gaming Keyboard)' : 2 channels at 48 kHz using 16 bits per sample (channel mask 0x3)
[2015.08.30-13.25.09:881][  0]LogInit: FAudioDevice initialized.
[2015.08.30-13.25.09:889][  0]LogInit: Texture streaming: Disabled
[2015.08.30-13.25.09:954][  0]LogNet: Browse: /Temp/Autosaves/Game/NPOTG/Maps/UEDPCTesting_Level?Name=Player
[2015.08.30-13.25.09:954][  0]LogLoad: LoadMap: /Temp/Autosaves/Game/NPOTG/Maps/UEDPCTesting_Level?Name=Player
[2015.08.30-13.25.09:965][  0]LogParticles: Destroying 0 GPU particle simulations for FXSystem 0x000000FC6E473560
[2015.08.30-13.25.09:973][  0]LogMemory: Platform Memory Stats for Windows
[2015.08.30-13.25.09:973][  0]LogMemory: Process Physical Memory: 352.84 MB used, 352.85 MB peak
[2015.08.30-13.25.09:973][  0]LogMemory: Process Virtual Memory: 371.84 MB used, 371.84 MB peak
[2015.08.30-13.25.09:973][  0]LogMemory: Physical Memory: 3775.54 MB used, 12270.70 MB total
[2015.08.30-13.25.09:973][  0]LogMemory: Virtual Memory: 888.91 MB used, 134217728.00 MB total
[2015.08.30-13.25.09:973][  0]LogMemory: 
[2015.08.30-13.25.09:973][  0]Allocator Stats for TBB: (not implemented)
[2015.08.30-13.25.10:869][  0]LogProperty:Warning: ERR: Transient text cannot be serialized "NewRotation Roll".
[2015.08.30-13.25.10:869][  0]LogProperty:Warning: ERR: Transient text cannot be serialized "NewRotation Yaw".
[2015.08.30-13.25.10:869][  0]LogProperty:Warning: ERR: Transient text cannot be serialized "NewRotation Pitch".
[2015.08.30-13.25.10:869][  0]LogProperty:Warning: ERR: Transient text cannot be serialized "NewRotation Roll".
[2015.08.30-13.25.10:869][  0]LogProperty:Warning: ERR: Transient text cannot be serialized "NewRotation Yaw".
[2015.08.30-13.25.10:869][  0]LogProperty:Warning: ERR: Transient text cannot be serialized "NewRotation Pitch".
[2015.08.30-13.25.10:914][  0]LogProperty:Warning: ERR: Transient text cannot be serialized "NewRotation Roll".
[2015.08.30-13.25.10:914][  0]LogProperty:Warning: ERR: Transient text cannot be serialized "NewRotation Yaw".
[2015.08.30-13.25.10:914][  0]LogProperty:Warning: ERR: Transient text cannot be serialized "NewRotation Pitch".
[2015.08.30-13.25.10:914][  0]LogProperty:Warning: ERR: Transient text cannot be serialized "NewRotation Roll".
[2015.08.30-13.25.10:915][  0]LogProperty:Warning: ERR: Transient text cannot be serialized "NewRotation Yaw".
[2015.08.30-13.25.10:915][  0]LogProperty:Warning: ERR: Transient text cannot be serialized "NewRotation Pitch".
[2015.08.30-13.25.11:813][  0]LogAIModule: Creating AISystem for world Testing_Level
[2015.08.30-13.25.11:813][  0]LogWorld: Game class is '2DSideScrollerGameMode_C'
[2015.08.30-13.25.11:874][  0]LogWorld: Bringing World /Temp/Autosaves/Game/NPOTG/Maps/UEDPCTesting_Level.Testing_Level up for play (max tick rate 0) at 2015.08.30-15.25.11
[2015.08.30-13.25.11:885][  0]LogWorld: Bringing up level for play took: 0.069398
[2015.08.30-13.25.11:889][  0]LogInit:Display: Game Engine Initialized.
[2015.08.30-13.25.12:114][  0]LogLoad: Full Startup: 7.64 seconds (BP compile: 0.96 seconds)
[2015.08.30-13.25.12:130][  0]LogWindowsTextInputMethodSystem:Display: IME system now deactivated.
[2015.08.30-13.25.12:130][  0]LogWindowsTextInputMethodSystem:Display: IME system now deactivated.
[2015.08.30-13.25.12:133][  0]LogContentStreaming: Texture pool size is 1000.000000MB
[2015.08.30-13.25.12:265][  0]LogRenderer: Reallocating scene render targets to support 1280x720 (Frame:2).
[2015.08.30-13.25.30:953][149]LogBlueprintUserMessages: 0.991935
[2015.08.30-13.25.30:953][149]LogBlueprintUserMessages: 0.991935
[2015.08.30-13.25.30:953][149]LogBlueprintUserMessages: 0.983871
[2015.08.30-13.25.30:969][150]LogBlueprintUserMessages: 0.975806
[2015.08.30-13.25.30:985][151]LogBlueprintUserMessages: 0.967742
[2015.08.30-13.25.31:001][152]LogBlueprintUserMessages: 0.959677
[2015.08.30-13.25.31:017][153]LogBlueprintUserMessages: 0.951613
[2015.08.30-13.25.31:033][154]LogBlueprintUserMessages: 0.943548
[2015.08.30-13.25.31:049][155]LogBlueprintUserMessages: 0.935484
[2015.08.30-13.25.31:065][156]LogBlueprintUserMessages: 0.927419
[2015.08.30-13.25.31:081][157]LogBlueprintUserMessages: 0.919354
[2015.08.30-13.25.31:097][158]LogBlueprintUserMessages: 0.91129
[2015.08.30-13.25.31:113][159]LogBlueprintUserMessages: 0.903225
[2015.08.30-13.25.31:129][160]LogBlueprintUserMessages: 0.895161
[2015.08.30-13.25.31:146][161]LogBlueprintUserMessages: 0.887096
[2015.08.30-13.25.31:162][162]LogBlueprintUserMessages: 0.879032
[2015.08.30-13.25.31:178][163]LogBlueprintUserMessages: 0.870967
[2015.08.30-13.25.31:194][164]LogBlueprintUserMessages: 0.862903
[2015.08.30-13.25.31:210][165]LogBlueprintUserMessages: 0.854838
[2015.08.30-13.25.31:227][166]LogBlueprintUserMessages: 0.846773
[2015.08.30-13.25.31:243][167]LogBlueprintUserMessages: 0.838709
[2015.08.30-13.25.31:259][168]LogBlueprintUserMessages: 0.830644
[2015.08.30-13.25.31:275][169]LogBlueprintUserMessages: 0.82258
[2015.08.30-13.25.31:291][170]LogBlueprintUserMessages: 0.814515
[2015.08.30-13.25.31:307][171]LogBlueprintUserMessages: 0.806451
[2015.08.30-13.25.31:323][172]LogBlueprintUserMessages: 0.798386
[2015.08.30-13.25.31:339][173]LogBlueprintUserMessages: 0.790321
[2015.08.30-13.25.31:355][174]LogBlueprintUserMessages: 0.782257
[2015.08.30-13.25.31:372][175]LogBlueprintUserMessages: 0.774192
[2015.08.30-13.25.31:388][176]LogBlueprintUserMessages: 0.766128
[2015.08.30-13.25.31:404][177]LogBlueprintUserMessages: 0.758063
[2015.08.30-13.25.31:420][178]LogBlueprintUserMessages: 0.749998
[2015.08.30-13.25.31:436][179]LogBlueprintUserMessages: 0.741934
[2015.08.30-13.25.31:452][180]LogBlueprintUserMessages: 0.733869
[2015.08.30-13.25.31:468][181]LogBlueprintUserMessages: 0.725805
[2015.08.30-13.25.31:485][182]LogBlueprintUserMessages: 0.71774
[2015.08.30-13.25.31:501][183]LogBlueprintUserMessages: 0.709675
[2015.08.30-13.25.31:517][184]LogBlueprintUserMessages: 0.701611
[2015.08.30-13.25.31:533][185]LogBlueprintUserMessages: 0.693546
[2015.08.30-13.25.31:549][186]LogBlueprintUserMessages: 0.685482
[2015.08.30-13.25.31:565][187]LogBlueprintUserMessages: 0.677417
[2015.08.30-13.25.31:581][188]LogBlueprintUserMessages: 0.669352
[2015.08.30-13.25.31:597][189]LogBlueprintUserMessages: 0.661288
[2015.08.30-13.25.31:613][190]LogBlueprintUserMessages: 0.653223
[2015.08.30-13.25.31:629][191]LogBlueprintUserMessages: 0.645159
[2015.08.30-13.25.31:646][192]LogBlueprintUserMessages: 0.637094
[2015.08.30-13.25.31:662][193]LogBlueprintUserMessages: 0.629029
[2015.08.30-13.25.31:678][194]LogBlueprintUserMessages: 0.620965
[2015.08.30-13.25.31:694][195]LogBlueprintUserMessages: 0.6129
[2015.08.30-13.25.31:710][196]LogBlueprintUserMessages: 0.604836
[2015.08.30-13.25.31:726][197]LogBlueprintUserMessages: 0.596771
[2015.08.30-13.25.31:742][198]LogBlueprintUserMessages: 0.588706
[2015.08.30-13.25.31:758][199]LogBlueprintUserMessages: 0.580642
[2015.08.30-13.25.31:775][200]LogBlueprintUserMessages: 0.572577
[2015.08.30-13.25.31:791][201]LogBlueprintUserMessages: 0.564513
[2015.08.30-13.25.31:807][202]LogBlueprintUserMessages: 0.556448
[2015.08.30-13.25.31:823][203]LogBlueprintUserMessages: 0.548383
[2015.08.30-13.25.31:839][204]LogBlueprintUserMessages: 0.540319
[2015.08.30-13.25.31:855][205]LogBlueprintUserMessages: 0.532254
[2015.08.30-13.25.31:871][206]LogBlueprintUserMessages: 0.52419
[2015.08.30-13.25.31:887][207]LogBlueprintUserMessages: 0.516125
[2015.08.30-13.25.31:903][208]LogBlueprintUserMessages: 0.50806
[2015.08.30-13.25.31:920][209]LogBlueprintUserMessages: 0.499996
[2015.08.30-13.25.31:936][210]LogBlueprintUserMessages: 0.491931
[2015.08.30-13.25.31:952][211]LogBlueprintUserMessages: 0.483866
[2015.08.30-13.25.31:968][212]LogBlueprintUserMessages: 0.475802
[2015.08.30-13.25.31:984][213]LogBlueprintUserMessages: 0.467737
[2015.08.30-13.25.32:000][214]LogBlueprintUserMessages: 0.459673
[2015.08.30-13.25.32:016][215]LogBlueprintUserMessages: 0.451608
[2015.08.30-13.25.32:032][216]LogBlueprintUserMessages: 0.443543
[2015.08.30-13.25.32:049][217]LogBlueprintUserMessages: 0.435479
[2015.08.30-13.25.32:065][218]LogBlueprintUserMessages: 0.427414
[2015.08.30-13.25.32:081][219]LogBlueprintUserMessages: 0.41935
[2015.08.30-13.25.32:097][220]LogBlueprintUserMessages: 0.411285
[2015.08.30-13.25.32:113][221]LogBlueprintUserMessages: 0.40322
[2015.08.30-13.25.32:129][222]LogBlueprintUserMessages: 0.395156
[2015.08.30-13.25.32:145][223]LogBlueprintUserMessages: 0.387091
[2015.08.30-13.25.32:162][224]LogBlueprintUserMessages: 0.379027
[2015.08.30-13.25.32:178][225]LogBlueprintUserMessages: 0.370962
[2015.08.30-13.25.32:195][226]LogBlueprintUserMessages: 0.362897
[2015.08.30-13.25.32:210][227]LogBlueprintUserMessages: 0.354833
[2015.08.30-13.25.32:226][228]LogBlueprintUserMessages: 0.346768
[2015.08.30-13.25.32:243][229]LogBlueprintUserMessages: 0.338703
[2015.08.30-13.25.32:259][230]LogBlueprintUserMessages: 0.330639
[2015.08.30-13.25.32:275][231]LogBlueprintUserMessages: 0.322572
[2015.08.30-13.25.32:291][232]LogBlueprintUserMessages: 0.314507
[2015.08.30-13.25.32:307][233]LogBlueprintUserMessages: 0.306443
[2015.08.30-13.25.32:323][234]LogBlueprintUserMessages: 0.298378
[2015.08.30-13.25.32:340][235]LogBlueprintUserMessages: 0.290313
[2015.08.30-13.25.32:356][236]LogBlueprintUserMessages: 0.282249
[2015.08.30-13.25.32:372][237]LogBlueprintUserMessages: 0.274184
[2015.08.30-13.25.32:388][238]LogBlueprintUserMessages: 0.26612
[2015.08.30-13.25.32:404][239]LogBlueprintUserMessages: 0.258055
[2015.08.30-13.25.32:420][240]LogBlueprintUserMessages: 0.24999
[2015.08.30-13.25.32:437][241]LogBlueprintUserMessages: 0.241926
[2015.08.30-13.25.32:452][242]LogBlueprintUserMessages: 0.233861
[2015.08.30-13.25.45:323][ 40]LogBlueprintUserMessages: 0.991935
[2015.08.30-13.25.45:323][ 40]LogBlueprintUserMessages: 0.991935
[2015.08.30-13.25.45:324][ 40]LogBlueprintUserMessages: 0.983871
[2015.08.30-13.25.45:339][ 41]LogBlueprintUserMessages: 0.975806
[2015.08.30-13.25.45:356][ 42]LogBlueprintUserMessages: 0.967742
[2015.08.30-13.25.45:372][ 43]LogBlueprintUserMessages: 0.959676
[2015.08.30-13.25.45:388][ 44]LogBlueprintUserMessages: 0.951612
[2015.08.30-13.25.45:404][ 45]LogBlueprintUserMessages: 0.943547
[2015.08.30-13.25.45:420][ 46]LogBlueprintUserMessages: 0.935483
[2015.08.30-13.25.45:436][ 47]LogBlueprintUserMessages: 0.927418
[2015.08.30-13.25.45:453][ 48]LogBlueprintUserMessages: 0.919353
[2015.08.30-13.25.45:469][ 49]LogBlueprintUserMessages: 0.911289
[2015.08.30-13.25.45:485][ 50]LogBlueprintUserMessages: 0.903224
[2015.08.30-13.25.45:501][ 51]LogBlueprintUserMessages: 0.89516
[2015.08.30-13.25.45:517][ 52]LogBlueprintUserMessages: 0.887095
[2015.08.30-13.25.45:533][ 53]LogBlueprintUserMessages: 0.879031
[2015.08.30-13.25.45:549][ 54]LogBlueprintUserMessages: 0.870966
[2015.08.30-13.25.45:565][ 55]LogBlueprintUserMessages: 0.862902
[2015.08.30-13.25.45:582][ 56]LogBlueprintUserMessages: 0.854837
[2015.08.30-13.25.45:598][ 57]LogBlueprintUserMessages: 0.846772
[2015.08.30-13.25.45:614][ 58]LogBlueprintUserMessages: 0.838708
[2015.08.30-13.25.45:630][ 59]LogBlueprintUserMessages: 0.830643
[2015.08.30-13.25.45:646][ 60]LogBlueprintUserMessages: 0.822579
[2015.08.30-13.25.45:662][ 61]LogBlueprintUserMessages: 0.814514
[2015.08.30-13.25.45:678][ 62]LogBlueprintUserMessages: 0.80645
[2015.08.30-13.25.45:694][ 63]LogBlueprintUserMessages: 0.798385
[2015.08.30-13.25.45:711][ 64]LogBlueprintUserMessages: 0.790319
[2015.08.30-13.25.45:727][ 65]LogBlueprintUserMessages: 0.782254
[2015.08.30-13.25.45:743][ 66]LogBlueprintUserMessages: 0.77419
[2015.08.30-13.25.45:759][ 67]LogBlueprintUserMessages: 0.766125
[2015.08.30-13.25.45:775][ 68]LogBlueprintUserMessages: 0.75806
[2015.08.30-13.25.45:791][ 69]LogBlueprintUserMessages: 0.749996
[2015.08.30-13.25.45:807][ 70]LogBlueprintUserMessages: 0.741931
[2015.08.30-13.25.45:823][ 71]LogBlueprintUserMessages: 0.733867
[2015.08.30-13.25.45:839][ 72]LogBlueprintUserMessages: 0.725802
[2015.08.30-13.25.45:856][ 73]LogBlueprintUserMessages: 0.717737
[2015.08.30-13.25.45:872][ 74]LogBlueprintUserMessages: 0.709673
[2015.08.30-13.25.45:888][ 75]LogBlueprintUserMessages: 0.701608
[2015.08.30-13.25.45:904][ 76]LogBlueprintUserMessages: 0.693544
[2015.08.30-13.25.45:921][ 77]LogBlueprintUserMessages: 0.685479
[2015.08.30-13.25.45:937][ 78]LogBlueprintUserMessages: 0.677414
[2015.08.30-13.25.45:953][ 79]LogBlueprintUserMessages: 0.66935
[2015.08.30-13.25.45:969][ 80]LogBlueprintUserMessages: 0.661285
[2015.08.30-13.25.45:985][ 81]LogBlueprintUserMessages: 0.653221
[2015.08.30-13.25.46:001][ 82]LogBlueprintUserMessages: 0.645156
[2015.08.30-13.25.46:017][ 83]LogBlueprintUserMessages: 0.637091
[2015.08.30-13.25.46:033][ 84]LogBlueprintUserMessages: 0.629027
[2015.08.30-13.25.46:049][ 85]LogBlueprintUserMessages: 0.620962
[2015.08.30-13.25.46:065][ 86]LogBlueprintUserMessages: 0.612898
[2015.08.30-13.25.46:082][ 87]LogBlueprintUserMessages: 0.604833
[2015.08.30-13.25.46:098][ 88]LogBlueprintUserMessages: 0.596768
[2015.08.30-13.25.46:114][ 89]LogBlueprintUserMessages: 0.588704
[2015.08.30-13.25.46:130][ 90]LogBlueprintUserMessages: 0.580639
[2015.08.30-13.25.46:146][ 91]LogBlueprintUserMessages: 0.572574
[2015.08.30-13.25.46:162][ 92]LogBlueprintUserMessages: 0.56451
[2015.08.30-13.25.46:179][ 93]LogBlueprintUserMessages: 0.556445
[2015.08.30-13.25.46:195][ 94]LogBlueprintUserMessages: 0.54838
[2015.08.30-13.25.46:211][ 95]LogBlueprintUserMessages: 0.540316
[2015.08.30-13.25.46:227][ 96]LogBlueprintUserMessages: 0.532251
[2015.08.30-13.25.46:243][ 97]LogBlueprintUserMessages: 0.524187
[2015.08.30-13.25.46:259][ 98]LogBlueprintUserMessages: 0.516122
[2015.08.30-13.25.46:275][ 99]LogBlueprintUserMessages: 0.508057
[2015.08.30-13.25.46:291][100]LogBlueprintUserMessages: 0.499993
[2015.08.30-13.25.46:307][101]LogBlueprintUserMessages: 0.491928
[2015.08.30-13.25.46:324][102]LogBlueprintUserMessages: 0.483863
[2015.08.30-13.25.46:340][103]LogBlueprintUserMessages: 0.475798
[2015.08.30-13.25.46:356][104]LogBlueprintUserMessages: 0.467734
[2015.08.30-13.25.46:372][105]LogBlueprintUserMessages: 0.459669
[2015.08.30-13.25.46:388][106]LogBlueprintUserMessages: 0.451605
[2015.08.30-13.25.46:404][107]LogBlueprintUserMessages: 0.44354
[2015.08.30-13.25.46:420][108]LogBlueprintUserMessages: 0.435474
[2015.08.30-13.25.46:437][109]LogBlueprintUserMessages: 0.427409
[2015.08.30-13.25.46:453][110]LogBlueprintUserMessages: 0.419344
[2015.08.30-13.25.46:469][111]LogBlueprintUserMessages: 0.41128
[2015.08.30-13.25.46:485][112]LogBlueprintUserMessages: 0.403215
[2015.08.30-13.25.46:501][113]LogBlueprintUserMessages: 0.395149
[2015.08.30-13.25.46:517][114]LogBlueprintUserMessages: 0.387085
[2015.08.30-13.25.46:534][115]LogBlueprintUserMessages: 0.37902
[2015.08.30-13.25.46:550][116]LogBlueprintUserMessages: 0.370956
[2015.08.30-13.25.46:566][117]LogBlueprintUserMessages: 0.362891
[2015.08.30-13.25.46:582][118]LogBlueprintUserMessages: 0.354826
[2015.08.30-13.25.46:598][119]LogBlueprintUserMessages: 0.346762
[2015.08.30-13.25.46:614][120]LogBlueprintUserMessages: 0.338697
[2015.08.30-13.25.46:630][121]LogBlueprintUserMessages: 0.330633
[2015.08.30-13.25.46:646][122]LogBlueprintUserMessages: 0.322568
[2015.08.30-13.25.46:663][123]LogBlueprintUserMessages: 0.314503
[2015.08.30-13.25.46:678][124]LogBlueprintUserMessages: 0.306439
[2015.08.30-13.25.46:695][125]LogBlueprintUserMessages: 0.298374
[2015.08.30-13.25.46:711][126]LogBlueprintUserMessages: 0.290309
[2015.08.30-13.25.46:727][127]LogBlueprintUserMessages: 0.282245
[2015.08.30-13.25.46:743][128]LogBlueprintUserMessages: 0.27418
[2015.08.30-13.25.46:759][129]LogBlueprintUserMessages: 0.266116
[2015.08.30-13.26.01:099][ 18]Closing by request
[2015.08.30-13.26.01:099][ 18]LogWindows: FPlatformMisc::RequestExit(0)
[2015.08.30-13.26.01:851][ 19]LogWindowsTextInputMethodSystem:Display: IME system now deactivated.
[2015.08.30-13.26.01:851][ 19]LogWindowsTextInputMethodSystem:Display: IME system now deactivated.
[2015.08.30-13.26.01:857][ 19]LogExit: Preparing to exit.
[2015.08.30-13.26.01:939][ 19]LogExit: Game engine shut down
[2015.08.30-13.26.01:944][ 19]LogParticles: Destroying 0 GPU particle simulations for FXSystem 0x000000FC6D443100
[2015.08.30-13.26.02:078][ 19]LogExit: Object subsystem successfully closed.
[2015.08.30-13.26.02:090][ 19]LogD3D11RHI: Shutdown
[2015.08.30-13.26.02:090][ 19]LogD3D11RHI: CleanupD3DDevice
[2015.08.30-13.26.02:216][ 19]LogD3D11RHI: ~FD3D11DynamicRHI
[2015.08.30-13.26.02:229][ 19]LogModuleManager: Shutting down and abandoning module AndroidDeviceDetection (109)
[2015.08.30-13.26.03:155][ 19]LogModuleManager: Shutting down and abandoning module AutomationWorker (108)
[2015.08.30-13.26.03:155][ 19]LogModuleManager: Shutting down and abandoning module CharacterAI (107)
[2015.08.30-13.26.03:155][ 19]LogModuleManager: Shutting down and abandoning module AITestSuite (106)
[2015.08.30-13.26.03:155][ 19]LogModuleManager: Shutting down and abandoning module GameplayDebugger (105)
[2015.08.30-13.26.03:155][ 19]LogModuleManager: Shutting down and abandoning module AIModule (104)
[2015.08.30-13.26.03:155][ 19]LogModuleManager: Shutting down and abandoning module GameLiveStreaming (103)
[2015.08.30-13.26.03:155][ 19]LogModuleManager: Shutting down and abandoning module StreamingPauseRendering (102)
[2015.08.30-13.26.03:155][ 19]LogModuleManager: Shutting down and abandoning module ProfilerService (101)
[2015.08.30-13.26.03:339][ 19]LogModuleManager: Shutting down and abandoning module TaskGraph (100)
[2015.08.30-13.26.03:339][ 19]LogModuleManager: Shutting down and abandoning module SlateRemote (99)
[2015.08.30-13.26.03:339][ 19]LogModuleManager: Shutting down and abandoning module SteamVRController (98)
[2015.08.30-13.26.03:339][ 19]LogModuleManager: Shutting down and abandoning module SteamVR (97)
[2015.08.30-13.26.03:339][ 19]LogModuleManager: Shutting down and abandoning module ProceduralMeshComponent (96)
[2015.08.30-13.26.03:339][ 19]LogModuleManager: Shutting down and abandoning module OculusRift (95)
[2015.08.30-13.26.03:339][ 19]LogModuleManager: Shutting down and abandoning module LeapMotionController (94)
[2015.08.30-13.26.03:348][ 19]LogModuleManager: Shutting down and abandoning module CustomMeshComponent (93)
[2015.08.30-13.26.03:348][ 19]LogModuleManager: Shutting down and abandoning module CableComponent (92)
[2015.08.30-13.26.03:348][ 19]LogModuleManager: Shutting down and abandoning module DesktopPlatform (91)
[2015.08.30-13.26.03:348][ 19]LogModuleManager: Shutting down and abandoning module DirectoryWatcher (90)
[2015.08.30-13.26.03:348][ 19]LogModuleManager: Shutting down and abandoning module HotReload (89)
[2015.08.30-13.26.03:348][ 19]LogModuleManager: Shutting down and abandoning module VisualStudioSourceCodeAccess (88)
[2015.08.30-13.26.03:348][ 19]LogModuleManager: Shutting down and abandoning module UObjectPlugin (87)
[2015.08.30-13.26.03:348][ 19]LogModuleManager: Shutting down and abandoning module SubversionSourceControl (86)
[2015.08.30-13.26.03:348][ 19]LogModuleManager: Shutting down and abandoning module SourceControl (85)
[2015.08.30-13.26.03:348][ 19]LogModuleManager: Shutting down and abandoning module PerforceSourceControl (84)
[2015.08.30-13.26.03:348][ 19]LogModuleManager: Shutting down and abandoning module BlankPlugin (83)
[2015.08.30-13.26.03:348][ 19]LogModuleManager: Shutting down and abandoning module UdpMessaging (82)
[2015.08.30-13.26.03:348][ 19]LogModuleManager: Shutting down and abandoning module AssetRegistry (81)
[2015.08.30-13.26.03:348][ 19]LogModuleManager: Shutting down and abandoning module SubstanceCore (80)
[2015.08.30-13.26.03:348][ 19]LogModuleManager: Shutting down and abandoning module Paper2D (79)
[2015.08.30-13.26.03:348][ 19]LogModuleManager: Shutting down and abandoning module WindowsMoviePlayer (78)
[2015.08.30-13.26.03:350][ 19]LogModuleManager: Shutting down and abandoning module Media (77)
[2015.08.30-13.26.03:350][ 19]LogModuleManager: Shutting down and abandoning module WmfMedia (76)
[2015.08.30-13.26.03:350][ 19]LogModuleManager: Shutting down and abandoning module OnlineBlueprintSupport (75)
[2015.08.30-13.26.03:350][ 19]LogModuleManager: Shutting down and abandoning module PropertyEditor (74)
[2015.08.30-13.26.03:350][ 19]LogModuleManager: Shutting down and abandoning module BehaviorTreeEditor (73)
[2015.08.30-13.26.03:350][ 19]LogModuleManager: Shutting down and abandoning module FunctionalTesting (72)
[2015.08.30-13.26.03:350][ 19]LogModuleManager: Shutting down and abandoning module CollisionAnalyzer (71)
[2015.08.30-13.26.03:350][ 19]LogModuleManager: Shutting down and abandoning module WorkspaceMenuStructure (70)
[2015.08.30-13.26.03:350][ 19]LogModuleManager: Shutting down and abandoning module MessageLog (69)
[2015.08.30-13.26.03:350][ 19]LogModuleManager: Shutting down and abandoning module Sequencer (68)
[2015.08.30-13.26.03:350][ 19]LogModuleManager: Shutting down and abandoning module AssetTools (67)
[2015.08.30-13.26.03:350][ 19]LogModuleManager: Shutting down and abandoning module UMGEditor (66)
[2015.08.30-13.26.03:350][ 19]LogModuleManager: Shutting down and abandoning module UMG (65)
[2015.08.30-13.26.03:350][ 19]LogModuleManager: Shutting down and abandoning module Slate (64)
[2015.08.30-13.26.03:350][ 19]LogModuleManager: Shutting down and abandoning module EditorStyle (63)
[2015.08.30-13.26.03:353][ 19]LogModuleManager: Shutting down and abandoning module SessionServices (62)
[2015.08.30-13.26.03:353][ 19]LogModuleManager: Shutting down and abandoning module SourceCodeAccess (61)
[2015.08.30-13.26.03:353][ 19]LogModuleManager: Shutting down and abandoning module HeadMountedDisplay (60)
[2015.08.30-13.26.03:353][ 19]LogModuleManager: Shutting down and abandoning module XAudio2 (59)
[2015.08.30-13.26.03:353][ 19]LogModuleManager: Shutting down and abandoning module Networking (57)
[2015.08.30-13.26.03:353][ 19]LogModuleManager: Shutting down and abandoning module Core (56)
[2015.08.30-13.26.03:353][ 19]LogModuleManager: Shutting down and abandoning module KismetCompiler (55)
[2015.08.30-13.26.03:353][ 19]LogModuleManager: Shutting down and abandoning module PhysXFormats (54)
[2015.08.30-13.26.03:353][ 19]LogModuleManager: Shutting down and abandoning module MeshUtilities (53)
[2015.08.30-13.26.03:353][ 19]LogModuleManager: Shutting down and abandoning module DerivedDataCache (52)
[2015.08.30-13.26.03:786][ 19]LogDerivedDataCache: Shutdown
[2015.08.30-13.26.03:786][ 19]LogModuleManager: Shutting down and abandoning module ShaderFormatOpenGL (51)
[2015.08.30-13.26.03:786][ 19]LogModuleManager: Shutting down and abandoning module ShaderFormatD3D (50)
[2015.08.30-13.26.03:786][ 19]LogModuleManager: Shutting down and abandoning module MetalShaderFormat (49)
[2015.08.30-13.26.03:786][ 19]LogModuleManager: Shutting down and abandoning module TextureFormatUncompressed (48)
[2015.08.30-13.26.03:786][ 19]LogModuleManager: Shutting down and abandoning module TextureFormatPVR (47)
[2015.08.30-13.26.03:786][ 19]LogModuleManager: Shutting down and abandoning module TextureFormatIntelISPCTexComp (46)
[2015.08.30-13.26.03:786][ 19]LogModuleManager: Shutting down and abandoning module TextureFormatDXT (45)
[2015.08.30-13.26.03:786][ 19]LogModuleManager: Shutting down and abandoning module ImageWrapper (44)
[2015.08.30-13.26.03:786][ 19]LogModuleManager: Shutting down and abandoning module TextureFormatASTC (43)
[2015.08.30-13.26.03:786][ 19]LogModuleManager: Shutting down and abandoning module TextureFormatAndroid (42)
[2015.08.30-13.26.03:786][ 19]LogModuleManager: Shutting down and abandoning module AudioFormatOpus (41)
[2015.08.30-13.26.03:786][ 19]LogModuleManager: Shutting down and abandoning module AudioFormatOgg (40)
[2015.08.30-13.26.03:786][ 19]LogModuleManager: Shutting down and abandoning module AudioFormatADPCM (39)
[2015.08.30-13.26.03:786][ 19]LogModuleManager: Shutting down and abandoning module LinuxTargetPlatform (38)
[2015.08.30-13.26.03:786][ 19]LogModuleManager: Shutting down and abandoning module LinuxServerTargetPlatform (37)
[2015.08.30-13.26.03:786][ 19]LogModuleManager: Shutting down and abandoning module LinuxNoEditorTargetPlatform (36)
[2015.08.30-13.26.03:786][ 19]LogModuleManager: Shutting down and abandoning module Messaging (35)
[2015.08.30-13.26.03:786][ 19]LogModuleManager: Shutting down and abandoning module IOSTargetPlatform (34)
[2015.08.30-13.26.03:786][ 19]LogModuleManager: Shutting down and abandoning module HTML5TargetPlatform (33)
[2015.08.30-13.26.03:786][ 19]LogModuleManager: Shutting down and abandoning module Android_PVRTCTargetPlatform (32)
[2015.08.30-13.26.03:786][ 19]LogModuleManager: Shutting down and abandoning module Android_ETC2TargetPlatform (31)
[2015.08.30-13.26.03:786][ 19]LogModuleManager: Shutting down and abandoning module Android_ETC1TargetPlatform (30)
[2015.08.30-13.26.03:786][ 19]LogModuleManager: Shutting down and abandoning module Android_DXTTargetPlatform (29)
[2015.08.30-13.26.03:786][ 19]LogModuleManager: Shutting down and abandoning module Android_ATCTargetPlatform (28)
[2015.08.30-13.26.03:786][ 19]LogModuleManager: Shutting down and abandoning module Android_ASTCTargetPlatform (27)
[2015.08.30-13.26.03:786][ 19]LogModuleManager: Shutting down and abandoning module AndroidTargetPlatform (26)
[2015.08.30-13.26.03:786][ 19]LogModuleManager: Shutting down and abandoning module WindowsTargetPlatform (25)
[2015.08.30-13.26.03:786][ 19]LogModuleManager: Shutting down and abandoning module WindowsServerTargetPlatform (24)
[2015.08.30-13.26.03:786][ 19]LogModuleManager: Shutting down and abandoning module WindowsNoEditorTargetPlatform (23)
[2015.08.30-13.26.03:786][ 19]LogModuleManager: Shutting down and abandoning module WindowsClientTargetPlatform (22)
[2015.08.30-13.26.03:786][ 19]LogModuleManager: Shutting down and abandoning module DesktopTargetPlatform (21)
[2015.08.30-13.26.03:786][ 19]LogModuleManager: Shutting down and abandoning module TargetPlatform (20)
[2015.08.30-13.26.03:786][ 19]LogModuleManager: Shutting down and abandoning module InputCore (19)
[2015.08.30-13.26.03:786][ 19]LogModuleManager: Shutting down and abandoning module Settings (18)
[2015.08.30-13.26.03:786][ 19]LogModuleManager: Shutting down and abandoning module OnlineSubsystem (16)
[2015.08.30-13.26.03:786][ 19]LogModuleManager: Shutting down and abandoning module HTTP (15)
[2015.08.30-13.26.03:786][ 19]LogModuleManager: Shutting down and abandoning module ExampleDeviceProfileSelector (14)
[2015.08.30-13.26.03:786][ 19]LogModuleManager: Shutting down and abandoning module TextureCompressor (13)
[2015.08.30-13.26.03:786][ 19]LogModuleManager: Shutting down and abandoning module ShaderCore (12)
[2015.08.30-13.26.03:786][ 19]LogModuleManager: Shutting down and abandoning module Landscape (11)
[2015.08.30-13.26.03:786][ 19]LogModuleManager: Shutting down and abandoning module SlateRHIRenderer (10)
[2015.08.30-13.26.03:787][ 19]LogModuleManager: Shutting down and abandoning module OpenGLDrv (9)
[2015.08.30-13.26.03:787][ 19]LogModuleManager: Shutting down and abandoning module D3D11RHI (8)
[2015.08.30-13.26.03:787][ 19]LogModuleManager: Shutting down and abandoning module Renderer (7)
[2015.08.30-13.26.03:787][ 19]LogModuleManager: Shutting down and abandoning module Engine (6)
[2015.08.30-13.26.03:787][ 19]LogModuleManager: Shutting down and abandoning module CoreUObject (5)
[2015.08.30-13.26.03:787][ 19]LogModuleManager: Shutting down and abandoning module NetworkFile (4)
[2015.08.30-13.26.03:787][ 19]LogModuleManager: Shutting down and abandoning module StreamingFile (3)
[2015.08.30-13.26.03:787][ 19]LogModuleManager: Shutting down and abandoning module SandboxFile (2)
[2015.08.30-13.26.03:787][ 19]LogModuleManager: Shutting down and abandoning module PakFile (1)
[2015.08.30-13.26.03:788][ 19]LogExit: Exiting.
[2015.08.30-13.26.03:789][ 19]Log file closed, 08/30/15 15:26:03
