[2015.09.16-16.28.41:284][  0]Log file open, 09/16/15 18:28:41
[2015.09.16-16.28.41:284][  0]LogInit:Display: Running engine for game: NotPartofGame
[2015.09.16-16.28.41:284][  0]LogInit:Display: RandInit(-763829364) SRandInit(-763829364).
[2015.09.16-16.28.41:284][  0]LogTaskGraph: Started task graph with 4 named threads and 7 total threads.
[2015.09.16-16.28.41:284][  0]LogStats: Stats thread started
[2015.09.16-16.28.41:284][  0]LogInit: Version: 4.8.3-2634408+++depot+UE4-Releases+4.8
[2015.09.16-16.28.41:284][  0]LogInit: API Version: 2579680
[2015.09.16-16.28.41:284][  0]LogInit: Compiled (64-bit): Jul 27 2015 16:24:33
[2015.09.16-16.28.41:284][  0]LogInit: Compiled with Visual C++: 18.00.21005.01
[2015.09.16-16.28.41:285][  0]LogInit: Build Configuration: Development
[2015.09.16-16.28.41:285][  0]LogInit: Branch Name: ++depot+UE4-Releases+4.8
[2015.09.16-16.28.41:285][  0]LogInit: Command line: 
[2015.09.16-16.28.41:285][  0]LogInit: Base directory: C:/Users/Bodoo/Documents/Programmieren/4.8/Engine/Binaries/Win64/
[2015.09.16-16.28.41:285][  0]LogInit: Rocket: 1
[2015.09.16-16.28.41:313][  0]LogInit: Using libcurl 7.41.0
[2015.09.16-16.28.41:313][  0]LogInit:  - built for x86_64-pc-win32
[2015.09.16-16.28.41:313][  0]LogInit:  - supports SSL with WinSSL
[2015.09.16-16.28.41:313][  0]LogInit:  - other features:
[2015.09.16-16.28.41:313][  0]LogInit:      CURL_VERSION_SSL
[2015.09.16-16.28.41:313][  0]LogInit:      CURL_VERSION_IPV6
[2015.09.16-16.28.41:313][  0]LogInit:      CURL_VERSION_ASYNCHDNS
[2015.09.16-16.28.41:313][  0]LogInit:      CURL_VERSION_LARGEFILE
[2015.09.16-16.28.41:313][  0]LogInit:      CURL_VERSION_IDN
[2015.09.16-16.28.41:313][  0]LogInit:  CurlRequestOptions (configurable via config and command line):
[2015.09.16-16.28.41:313][  0]LogInit:  - bVerifyPeer = true  - Libcurl will verify peer certificate
[2015.09.16-16.28.41:313][  0]LogInit:  - bUseHttpProxy = false  - Libcurl will NOT use HTTP proxy
[2015.09.16-16.28.41:313][  0]LogInit:  - bDontReuseConnections = false  - Libcurl will reuse connections
[2015.09.16-16.28.41:313][  0]LogInit:  - CertBundlePath = nullptr  - Libcurl will use whatever was configured at build time.
[2015.09.16-16.28.41:324][  0]LogOnline:Warning: No default platform service specified for OnlineSubsystem
[2015.09.16-16.28.41:338][  0]LogInit: Presizing for 0 objects not considered by GC, pre-allocating 0 bytes.
[2015.09.16-16.28.41:345][  0]LogInit: Object subsystem initialized
[2015.09.16-16.28.41:346][  0]LogConsoleResponse:Warning: Skipping Unknown console variable: 'UIScaleCurve = (EditorCurveData=(Keys=((Time=480.000000,Value=0.444000),(Time=720.000000,Value=0.666000),(Time=1080.000000,Value=1.000000),(Time=8640.000000,Value=8.000000))),ExternalCurve=None)'
[2015.09.16-16.28.41:346][  0]LogConsoleResponse:Warning:   Found in ini file 'C:/Users/Bodoo/Documents/Programmieren/Projekte/NotPartofTheGame/Saved/Config/Windows/Engine.ini', in section '[/Script/Engine.RendererSettings]'
[2015.09.16-16.28.41:346][  0]LogConsoleManager:Warning: Console variable 'r.MSAA.CompositingSampleCount' wasn't set ('Scalability' has a lower priority than 'ProjectSetting')
[2015.09.16-16.28.41:346][  0]LogInit: Selected Device Profile: [Windows]
[2015.09.16-16.28.41:346][  0]LogInit: Applying CVar settings loaded from the selected device profile: [Windows]
[2015.09.16-16.28.41:356][  0]LogInit: Computer: DESKTOP-GLF6O4V
[2015.09.16-16.28.41:356][  0]LogInit: User: Bodoo
[2015.09.16-16.28.41:356][  0]LogInit: CPU Page size=4096, Cores=4
[2015.09.16-16.28.41:356][  0]LogInit: High frequency timer resolution =3.215358 MHz
[2015.09.16-16.28.41:356][  0]LogMemory: Memory total: Physical=12.0GB (12GB approx)
[2015.09.16-16.28.41:356][  0]LogMemory: Platform Memory Stats for Windows
[2015.09.16-16.28.41:356][  0]LogMemory: Process Physical Memory: 50.85 MB used, 50.85 MB peak
[2015.09.16-16.28.41:356][  0]LogMemory: Process Virtual Memory: 22.69 MB used, 22.69 MB peak
[2015.09.16-16.28.41:357][  0]LogMemory: Physical Memory: 2270.06 MB used, 12270.70 MB total
[2015.09.16-16.28.41:357][  0]LogMemory: Virtual Memory: 310.63 MB used, 134217728.00 MB total
[2015.09.16-16.28.41:382][  0]LogTextLocalizationManager: The requested culture ('de_DE') has no localization data; falling back to 'en' for localization and internationalization data.
[2015.09.16-16.28.41:606][  0]LogTextLocalizationManager:Warning: Loaded localization resources contain conflicting entries for (Namespace:ContentBrowser, Key:ImportAssetToolTip):
Localization Resource: (C:/Users/Bodoo/Documents/Programmieren/4.8/Engine/Content/Localization/Editor/en/Editor.locres) Source String Hash: (-630476809) Localized String: (Import to {0}...)
Localization Resource: (C:/Users/Bodoo/Documents/Programmieren/4.8/Engine/Content/Localization/Editor/en/Editor.locres) Source String Hash: (1271782899) Localized String: (Imports an asset from file to this folder.)
[2015.09.16-16.28.42:023][  0]LogD3D11RHI: Found D3D11 adapter 0: AMD Radeon HD 6800 Series (Feature Level 11_0)
[2015.09.16-16.28.42:023][  0]LogD3D11RHI: Adapter has 1011MB of dedicated video memory, 0MB of dedicated system memory, and 3840MB of shared system memory, 1 output[s]
[2015.09.16-16.28.42:024][  0]LogD3D11RHI: Found D3D11 adapter 1: Microsoft Basic Render Driver (Feature Level 11_0)
[2015.09.16-16.28.42:024][  0]LogD3D11RHI: Adapter has 0MB of dedicated video memory, 0MB of dedicated system memory, and 6135MB of shared system memory, 0 output[s]
[2015.09.16-16.28.42:024][  0]LogD3D11RHI: Chosen D3D11 Adapter Id = 0
[2015.09.16-16.28.42:027][  0]LogD3D11RHI: InitD3DDevice
[2015.09.16-16.28.42:027][  0]LogD3D11RHI: !Direct3DDevice
[2015.09.16-16.28.42:027][  0]LogRHI: Texture pool is 708 MB (70% of 1011 MB)
[2015.09.16-16.28.42:033][  0]LogD3D11RHI: Async texture creation disabled: no driver support
[2015.09.16-16.28.42:043][  0]LogShaderCompilers:Display: Using Local Shader Compiler.
[2015.09.16-16.28.42:819][  0]LogTemp:Display: Loaded TP DesktopTargetPlatform
[2015.09.16-16.28.42:833][  0]LogTemp:Display: Loaded TP WindowsClientTargetPlatform
[2015.09.16-16.28.42:847][  0]LogTemp:Display: Loaded TP WindowsNoEditorTargetPlatform
[2015.09.16-16.28.42:862][  0]LogTemp:Display: Loaded TP WindowsServerTargetPlatform
[2015.09.16-16.28.42:879][  0]LogTemp:Display: Loaded TP WindowsTargetPlatform
[2015.09.16-16.28.42:892][  0]LogTemp:Display: Loaded TP AndroidTargetPlatform
[2015.09.16-16.28.42:904][  0]LogTemp:Display: Loaded TP Android_ASTCTargetPlatform
[2015.09.16-16.28.42:916][  0]LogTemp:Display: Loaded TP Android_ATCTargetPlatform
[2015.09.16-16.28.42:928][  0]LogTemp:Display: Loaded TP Android_DXTTargetPlatform
[2015.09.16-16.28.42:941][  0]LogTemp:Display: Loaded TP Android_ETC1TargetPlatform
[2015.09.16-16.28.42:953][  0]LogTemp:Display: Loaded TP Android_ETC2TargetPlatform
[2015.09.16-16.28.42:966][  0]LogTemp:Display: Loaded TP Android_PVRTCTargetPlatform
[2015.09.16-16.28.43:014][  0]LogTemp:Display: Loaded TP IOSTargetPlatform
[2015.09.16-16.28.43:026][  0]LogTemp:Display: Loaded TP LinuxNoEditorTargetPlatform
[2015.09.16-16.28.43:038][  0]LogTemp:Display: Loaded TP LinuxServerTargetPlatform
[2015.09.16-16.28.43:053][  0]LogTemp:Display: Loaded TP LinuxTargetPlatform
[2015.09.16-16.28.43:053][  0]LogTargetPlatformManager:Display: Building Assets For Windows
[2015.09.16-16.28.43:253][  0]LogDerivedDataCache:Display: Max Cache Size: 512 MB
[2015.09.16-16.28.43:311][  0]LogDerivedDataCache: Loaded boot cache 0.06s 53MB C:/Users/Bodoo/AppData/Local/UnrealEngine/4.8/DerivedDataCache/Boot.ddc.
[2015.09.16-16.28.43:311][  0]LogDerivedDataCache:Display: Loaded Boot cache: C:/Users/Bodoo/AppData/Local/UnrealEngine/4.8/DerivedDataCache/Boot.ddc
[2015.09.16-16.28.43:311][  0]LogDerivedDataCache: FDerivedDataBackendGraph:  Pak pak cache file ../../../../Projekte/NotPartofTheGame/DerivedDataCache/DDC.ddp not found, will not use a pak cache.
[2015.09.16-16.28.43:311][  0]LogDerivedDataCache: Unable to find inner node Pak for hierarchical cache Hierarchy.
[2015.09.16-16.28.43:311][  0]LogDerivedDataCache: FDerivedDataBackendGraph:  CompressedPak pak cache file ../../../../Projekte/NotPartofTheGame/DerivedDataCache/Compressed.ddp not found, will not use a pak cache.
[2015.09.16-16.28.43:311][  0]LogDerivedDataCache: Unable to find inner node CompressedPak for hierarchical cache Hierarchy.
[2015.09.16-16.28.43:454][  0]LogDerivedDataCache:Display: Pak cache opened for reading ../../../Engine/DerivedDataCache/Compressed.ddp.
[2015.09.16-16.28.43:467][  0]LogDerivedDataCache: Using Local data cache path C:/Users/Bodoo/AppData/Local/UnrealEngine/Common/DerivedDataCache: Writable
[2015.09.16-16.28.43:694][  0]LogInit: Selected Device Profile: [Windows]
[2015.09.16-16.28.43:783][  0]ImportText (ComponentSweepMultiTests): Missing closing parenthesis: (RootShapeAsset="/Engine/BasicShapes/Cube.Cube",ShapeType="TriggerCapsule",HitResult=(Time=0.50,Location=(X=-100.000015,Y=0.0,Z=100.000015),ImpactPoint=(X=-50.0,Y=0.0,Z=50.0),Normal=(X=-1.0,Y=-0.0,Z=0.0),ImpactNormal=(X=0.0,Y=0.0,Z=1.0),TraceStart=(X=-200.0,Y=0.0,Z=200.0),TraceEnd=(X=0.0,Y=0.0,Z=0.0))
[2015.09.16-16.28.43:784][  0]ImportText (LineTraceSingleByChannelTests): Missing closing parenthesis: (RootShapeAsset="/Engine/BasicShapes/Cube.Cube",HitResult=(Time=0.50,Location=(X=-100.000015,Y=0.0,Z=100.000015),ImpactPoint=(X=-50.0,Y=0.0,Z=50.0),Normal=(X=-1.0,Y=-0.0,Z=0.0),ImpactNormal=(X=0.0,Y=0.0,Z=1.0),TraceStart=(X=-200.0,Y=0.0,Z=200.0),TraceEnd=(X=0.0,Y=0.0,Z=0.0))
[2015.09.16-16.28.43:812][  0]LogMeshUtilities: No automatic mesh reduction module available
[2015.09.16-16.28.43:812][  0]LogMeshUtilities: No automatic mesh merging module available
[2015.09.16-16.28.44:129][  0]LogInit: WinSock: version 1.1 (2.2), MaxSocks=32767, MaxUdp=65467
[2015.09.16-16.28.45:130][  0]LogAssetRegistry: FAssetRegistry took 0.0106 seconds to start up
[2015.09.16-16.28.45:141][  0]LogDirectoryWatcher:Warning: Failed to begin reading directory changes for ../../../Engine/Plugins/Experimental/CharacterAI/Content/. Error: 0
[2015.09.16-16.28.45:154][  0]UdpMessaging: Initializing bridge on interface 0.0.0.0:0 to multicast group 230.0.0.1:6666.
[2015.09.16-16.28.45:504][  0]SourceControl: Info Source control is disabled
[2015.09.16-16.28.45:512][  0]SourceControl: Info Source control is disabled
[2015.09.16-16.28.45:523][  0]SourceControl: Info Source control is disabled
[2015.09.16-16.28.45:533][  0]SourceControl: Info Source control is disabled
[2015.09.16-16.28.45:791][  0]LogObj: 26440 objects as part of root set at end of initial load.
[2015.09.16-16.28.45:791][  0]LogUObjectAllocator: 5438864 out of 0 bytes used by permanent object pool.
[2015.09.16-16.28.45:861][  0]LogEngine: Initializing Engine...
[2015.09.16-16.28.45:863][  0]LogHMD: Can't find Oculus library dev build: is proper Runtime installed? Version: 0.6.0.0
[2015.09.16-16.28.45:864][  0]LogHMD:Warning: SteamVR failed to initialize.  Error: 110
[2015.09.16-16.28.46:015][  0]LogAIModule: Creating AISystem for world NewWorld
[2015.09.16-16.28.46:019][  0]LogInit: XAudio2 using 'Lautsprecher (Realtek High Definition Audio)' : 2 channels at 48 kHz using 32 bits per sample (channel mask 0x3)
[2015.09.16-16.28.46:027][  0]LogInit: FAudioDevice initialized.
[2015.09.16-16.28.46:055][  0]LogDerivedDataCache: Saved boot cache 0.03s 53MB C:/Users/Bodoo/AppData/Local/UnrealEngine/4.8/DerivedDataCache/Boot.ddc.
[2015.09.16-16.28.46:066][  0]LogInit: Texture streaming: Disabled
[2015.09.16-16.28.46:089][  0]LogAnalytics: Creating configured Analytics provider AnalyticsET
[2015.09.16-16.28.46:089][  0]LogAnalytics: [UEEditor.Rocket.Release] APIServer = http://et2.epicgames.com/ET2/. AppVersion = 4.8.3-2634408+++depot+UE4-Releases+4.8
[2015.09.16-16.28.46:089][  0]LogAnalytics: [UEEditor.Rocket.Release] SetUserId 0359330b4a4de6cf49a2cc9879aa4f35||823e2c57-8ae8-4d61-a04c-15505c18bf02
[2015.09.16-16.28.46:089][  0]LogAnalytics: [UEEditor.Rocket.Release] AnalyticsET::StartSession
[2015.09.16-16.28.46:114][  0]LogInit: Transaction tracking system initialized
[2015.09.16-16.28.46:234][  0]BlueprintLog: New page: Editor Load
[2015.09.16-16.28.46:772][  0]LogLinker:Warning: Can't find file '/Game/PuzzleBP/PuzzleOverview'
[2015.09.16-16.28.46:772][  0]LogLinker:Warning: Can't find file '/Game/PuzzleBP/PuzzleOverview'
[2015.09.16-16.28.46:773][  0]LogLinker:Warning: Can't find file '/Game/PuzzleBP/PuzzleOverview'
[2015.09.16-16.28.46:773][  0]LogUObjectGlobals:Warning: Failed to find object 'Class /Game/PuzzleBP/PuzzleOverview.PuzzleOverview_C'
[2015.09.16-16.28.46:826][  0]LogConsoleManager:Warning: Console variable 'r.VSync' wasn't set ('GameSetting' has a lower priority than 'SystemSettingsIni')
[2015.09.16-16.28.46:826][  0]LogConsoleResponse:Display: 
[2015.09.16-16.28.46:957][  0]LogCook:Display: Done creating registry. It took  0.00s.
[2015.09.16-16.28.47:135][  0]SourceControl: Info Source control is disabled
[2015.09.16-16.28.47:135][  0]Cmd: MAP LOAD FILE="../../../../Projekte/NotPartofTheGame/Content/NPOTG/Maps/Testing_Level.umap" TEMPLATE=0 SHOWPROGRESS=1 FEATURELEVEL=3
[2015.09.16-16.28.47:254][  0]LightingResults: New page: Lighting Build
[2015.09.16-16.28.47:266][  0]MapCheck: New page: Map Check
[2015.09.16-16.28.47:266][  0]LightingResults: New page: Lighting Build
[2015.09.16-16.28.47:274][  0]LogParticles: Destroying 0 GPU particle simulations for FXSystem 0x000000227643AF20
[2015.09.16-16.28.52:127][  0]LogAIModule: Creating AISystem for world Testing_Level
[2015.09.16-16.28.52:129][  0]LogPrimitiveComponent: Zero scaling not supported (/Game/NPOTG/Maps/Testing_Level.Testing_Level:PersistentLevel.PlayerStart.CollisionCapsule)
[2015.09.16-16.28.52:232][  0]LogEditorServer: Finished looking for orphan Actors (0.000 secs)
[2015.09.16-16.28.52:235][  0]Cmd: MAP CHECKDEP NOCLEARLOG
[2015.09.16-16.28.52:305][  0]MapCheck: Info Map check complete: 0 Error(s), 0 Warning(s), took 68.689ms to complete.
[2015.09.16-16.28.52:305][  0]LogFileHelpers: Loading map 'Testing_Level' took 5.169
[2015.09.16-16.28.52:440][  0]LogCollectionManager: Loaded 0 collections in 0.001855 seconds
[2015.09.16-16.28.52:447][  0]LogContentBrowser: Native class hierarchy populated in 0.0072 seconds. Added 1807 classes and 307 folders.
[2015.09.16-16.28.52:489][  0]LogContentBrowser: Native class hierarchy updated for 'WidgetCarousel' in 0.0003 seconds. Added 0 classes and 0 folders.
[2015.09.16-16.28.52:516][  0]LogContentBrowser: Native class hierarchy updated for 'AddContentDialog' in 0.0003 seconds. Added 0 classes and 0 folders.
[2015.09.16-16.28.52:532][  0]LogContentBrowser: Native class hierarchy updated for 'SceneOutliner' in 0.0003 seconds. Added 1 classes and 2 folders.
[2015.09.16-16.28.52:587][  0]LogCrashTracker: Crashtracker disabled due to settings.
[2015.09.16-16.28.52:588][  0]LogD3D11RHI: InitD3DDevice
[2015.09.16-16.28.52:591][  0]LogUObjectGlobals:Warning: Failed to find object 'Class None.'
[2015.09.16-16.28.52:613][  0]LogLoad: Full Startup: 13.20 seconds (BP compile: 1.38 seconds)
[2015.09.16-16.28.52:622][  0]LogWindowsTextInputMethodSystem:Display: IME system now deactivated.
[2015.09.16-16.28.52:622][  0]LogWindowsTextInputMethodSystem:Display: IME system now deactivated.
[2015.09.16-16.28.52:692][  0]LogContentStreaming: Texture pool size is 0.000000MB
[2015.09.16-16.28.52:744][  0]LogContentStreaming: Texture pool size now 1000 MB
[2015.09.16-16.28.52:928][  0]LogRenderer: Reallocating scene render targets to support 1208x576 (Frame:2).
[2015.09.16-16.28.53:528][  9]LogAssetRegistry: Asset discovery search completed in 8.4088 seconds
[2015.09.16-16.29.17:930][551]LogD3D11RHI: InitD3DDevice
[2015.09.16-17.45.24:266][940]LogD3D11RHI: InitD3DDevice
[2015.09.16-17.45.36:837][329]LogD3D11RHI: InitD3DDevice
[2015.09.16-17.45.41:534][825]LogD3D11RHI: InitD3DDevice
[2015.09.16-17.46.02:968][178]LogEditorViewport: Clicking Background
[2015.09.16-17.46.04:976][404]LogD3D11RHI: InitD3DDevice
[2015.09.16-17.46.10:371][ 25]LogEditorViewport: Clicking on Actor (LMB): PaperSpriteActor (tileset_Sprite1410)
[2015.09.16-17.46.29:593][384]LogD3D11RHI: InitD3DDevice
[2015.09.16-17.46.38:595][411]LogD3D11RHI: InitD3DDevice
[2015.09.16-17.46.39:863][411]LogSavePackage: Save=733.994446ms
[2015.09.16-17.46.39:863][411]LogSavePackage: Moving '../../../../Projekte/NotPartofTheGame/Saved/Testing_Level_Auto173FED7404FAA75E4AFE62C87B4737E59.tmp' to '../../../../Projekte/NotPartofTheGame/Saved/Autosaves/Game/NPOTG/Maps/Testing_Level_Auto1.umap'
[2015.09.16-17.46.39:867][411]LogFileHelpers: Editor autosave (incl. sublevels) for '/Game/NPOTG/Maps/Testing_Level' took 1.141
[2015.09.16-17.46.39:867][411]LogFileHelpers: Editor autosave (incl. sublevels) for all levels took 1.141
[2015.09.16-17.49.25:323][321]LogD3D11RHI: InitD3DDevice
[2015.09.16-17.49.25:534][339]LogD3D11RHI: InitD3DDevice
[2015.09.16-17.49.25:652][349]LogD3D11RHI: InitD3DDevice
[2015.09.16-17.49.25:703][350]LogD3D11RHI: InitD3DDevice
[2015.09.16-17.49.25:988][378]LogD3D11RHI: InitD3DDevice
[2015.09.16-17.49.35:416][473]LogD3D11RHI: InitD3DDevice
[2015.09.16-17.49.35:449][473]LogD3D11RHI: InitD3DDevice
[2015.09.16-17.49.35:483][473]LogLinker:Warning: Asset '../../../Engine/Content/ArtTools/RenderToTexture/Macros/RenderToTextureMacros.uasset' has been saved with empty engine version. The asset will be loaded but may be incompatible.
[2015.09.16-17.49.35:625][473]LogLinker:Warning: Asset '../../../Engine/Content/ArtTools/RenderToTexture/Enums/RenderToTexture_Enum.uasset' has been saved with empty engine version. The asset will be loaded but may be incompatible.
[2015.09.16-17.49.59:385][ 74]LogParticles: Destroying 0 GPU particle simulations for FXSystem 0x0000002267C5CAE0
[2015.09.16-17.49.59:412][ 74]LogParticles: Destroying 0 GPU particle simulations for FXSystem 0x0000002267C5F600
[2015.09.16-17.49.59:415][ 74]LogD3D11RHI: InitD3DDevice
[2015.09.16-17.50.00:312][ 74]LogD3D11RHI: InitD3DDevice
[2015.09.16-17.50.00:337][ 74]LogD3D11RHI: InitD3DDevice
[2015.09.16-17.50.03:426][407]LogD3D11RHI: InitD3DDevice
[2015.09.16-17.50.03:450][407]LogD3D11RHI: InitD3DDevice
[2015.09.16-17.50.18:158][151]LogD3D11RHI: InitD3DDevice
[2015.09.16-17.50.20:260][254]LogD3D11RHI: InitD3DDevice
[2015.09.16-17.50.29:915][934]LogD3D11RHI: InitD3DDevice
[2015.09.16-17.50.30:237][970]LogD3D11RHI: InitD3DDevice
[2015.09.16-17.50.30:931][ 47]LogD3D11RHI: InitD3DDevice
[2015.09.16-17.50.30:966][ 48]LogD3D11RHI: InitD3DDevice
[2015.09.16-17.50.38:470][912]LogD3D11RHI: InitD3DDevice
[2015.09.16-17.50.39:276][  7]LogD3D11RHI: InitD3DDevice
[2015.09.16-17.50.40:369][125]LogD3D11RHI: InitD3DDevice
[2015.09.16-17.50.42:859][412]LogD3D11RHI: InitD3DDevice
[2015.09.16-17.50.43:432][475]LogD3D11RHI: InitD3DDevice
[2015.09.16-17.50.48:018][ 13]LogD3D11RHI: InitD3DDevice
[2015.09.16-17.50.48:045][ 13]LogD3D11RHI: InitD3DDevice
[2015.09.16-17.50.48:378][ 13]LogParticles: Destroying 0 GPU particle simulations for FXSystem 0x000000220AEED440
[2015.09.16-17.50.48:379][ 13]LogParticles: Destroying 0 GPU particle simulations for FXSystem 0x000000220AEEC720
[2015.09.16-17.50.48:416][ 13]LogMetaData: Removing '/Game/NPOTG/Blueprints/Widgets/Horrorscreen_NOT.Horrorscreen_NOT_C' ref from Metadata '/Game/NPOTG/Blueprints/Widgets/Horrorscreen.PackageMetaData'
[2015.09.16-17.50.48:416][ 13]LogMetaData: Removing '/Game/NPOTG/Blueprints/Widgets/Horrorscreen_NOT.SKEL_Horrorscreen_NOT_C' ref from Metadata '/Game/NPOTG/Blueprints/Widgets/Horrorscreen.PackageMetaData'
[2015.09.16-17.50.48:450][ 13]LogD3D11RHI: InitD3DDevice
[2015.09.16-17.50.48:478][ 13]Cmd: OBJ SAVEPACKAGE PACKAGE="/Game/NPOTG/Blueprints/Widgets/Horrorscreen_NOT" FILE="../../../../Projekte/NotPartofTheGame/Content/NPOTG/Blueprints/Widgets/Horrorscreen_NOT.uasset" SILENT=true
[2015.09.16-17.50.48:486][ 13]LogSavePackage: Save=6.201798ms
[2015.09.16-17.50.48:486][ 13]LogSavePackage: Moving '../../../../Projekte/NotPartofTheGame/Saved/Horrorscreen_NOTE96BBDAB4EBE5EB169B7AF888C35F8F5.tmp' to '../../../../Projekte/NotPartofTheGame/Content/NPOTG/Blueprints/Widgets/Horrorscreen_NOT.uasset'
[2015.09.16-17.50.48:493][ 13]LogD3D11RHI: InitD3DDevice
[2015.09.16-17.50.48:551][ 13]LogD3D11RHI: InitD3DDevice
[2015.09.16-17.50.48:657][ 13]LogD3D11RHI: InitD3DDevice
[2015.09.16-17.50.48:679][ 13]Cmd: OBJ SAVEPACKAGE PACKAGE="/Game/NPOTG/Blueprints/Charaktere/Markimoo" FILE="../../../../Projekte/NotPartofTheGame/Content/NPOTG/Blueprints/Charaktere/Markimoo.uasset" SILENT=true
[2015.09.16-17.50.49:009][ 13]LogSavePackage: Save=262.228668ms
[2015.09.16-17.50.49:009][ 13]LogSavePackage: Moving '../../../../Projekte/NotPartofTheGame/Saved/MarkimooC86AA61A4D4FBFFF1EF4BCA6AAEED115.tmp' to '../../../../Projekte/NotPartofTheGame/Content/NPOTG/Blueprints/Charaktere/Markimoo.uasset'
[2015.09.16-17.50.49:998][112]LogD3D11RHI: InitD3DDevice
[2015.09.16-17.50.50:866][211]LogD3D11RHI: InitD3DDevice
[2015.09.16-17.50.51:658][294]LogD3D11RHI: InitD3DDevice
[2015.09.16-17.50.53:213][472]LogD3D11RHI: InitD3DDevice
[2015.09.16-17.50.53:634][516]LogD3D11RHI: InitD3DDevice
[2015.09.16-17.50.57:686][993]LogD3D11RHI: InitD3DDevice
[2015.09.16-17.50.57:737][993]LogD3D11RHI: InitD3DDevice
[2015.09.16-17.50.58:065][993]LogMetaData: Removing '/Game/NPOTG/Blueprints/Widgets/Horrorscreen_PART.Horrorscreen_PART_C' ref from Metadata '/Game/NPOTG/Blueprints/Widgets/Horrorscreen_NOT.PackageMetaData'
[2015.09.16-17.50.58:066][993]LogMetaData: Removing '/Game/NPOTG/Blueprints/Widgets/Horrorscreen_PART.SKEL_Horrorscreen_PART_C' ref from Metadata '/Game/NPOTG/Blueprints/Widgets/Horrorscreen_NOT.PackageMetaData'
[2015.09.16-17.50.58:100][993]LogD3D11RHI: InitD3DDevice
[2015.09.16-17.50.58:128][993]Cmd: OBJ SAVEPACKAGE PACKAGE="/Game/NPOTG/Blueprints/Widgets/Horrorscreen_PART" FILE="../../../../Projekte/NotPartofTheGame/Content/NPOTG/Blueprints/Widgets/Horrorscreen_PART.uasset" SILENT=true
[2015.09.16-17.50.58:136][993]LogSavePackage: Save=6.280794ms
[2015.09.16-17.50.58:136][993]LogSavePackage: Moving '../../../../Projekte/NotPartofTheGame/Saved/Horrorscreen_PARTB7CBDB144E06AF9FB6F99CA0847216FE.tmp' to '../../../../Projekte/NotPartofTheGame/Content/NPOTG/Blueprints/Widgets/Horrorscreen_PART.uasset'
[2015.09.16-17.50.58:143][993]LogD3D11RHI: InitD3DDevice
[2015.09.16-17.50.58:200][993]LogD3D11RHI: InitD3DDevice
[2015.09.16-17.50.58:307][993]LogD3D11RHI: InitD3DDevice
[2015.09.16-17.50.58:327][993]Cmd: OBJ SAVEPACKAGE PACKAGE="/Game/NPOTG/Blueprints/Charaktere/Markimoo" FILE="../../../../Projekte/NotPartofTheGame/Content/NPOTG/Blueprints/Charaktere/Markimoo.uasset" SILENT=true
[2015.09.16-17.50.58:628][993]LogSavePackage: Save=247.620956ms
[2015.09.16-17.50.58:628][993]LogSavePackage: Moving '../../../../Projekte/NotPartofTheGame/Saved/Markimoo38DC99B04D2AB90D56E4178B15CB5C0D.tmp' to '../../../../Projekte/NotPartofTheGame/Content/NPOTG/Blueprints/Charaktere/Markimoo.uasset'
[2015.09.16-17.51.00:303][173]LogD3D11RHI: InitD3DDevice
[2015.09.16-17.51.00:854][237]LogD3D11RHI: InitD3DDevice
[2015.09.16-17.51.01:659][321]LogD3D11RHI: InitD3DDevice
[2015.09.16-17.51.02:222][384]LogD3D11RHI: InitD3DDevice
[2015.09.16-17.51.02:678][432]LogD3D11RHI: InitD3DDevice
[2015.09.16-17.51.07:302][977]LogD3D11RHI: InitD3DDevice
[2015.09.16-17.51.07:353][977]LogD3D11RHI: InitD3DDevice
[2015.09.16-17.51.07:682][977]LogMetaData: Removing '/Game/NPOTG/Blueprints/Widgets/Horrorscreen_OF.Horrorscreen_OF_C' ref from Metadata '/Game/NPOTG/Blueprints/Widgets/Horrorscreen_PART.PackageMetaData'
[2015.09.16-17.51.07:682][977]LogMetaData: Removing '/Game/NPOTG/Blueprints/Widgets/Horrorscreen_OF.SKEL_Horrorscreen_OF_C' ref from Metadata '/Game/NPOTG/Blueprints/Widgets/Horrorscreen_PART.PackageMetaData'
[2015.09.16-17.51.07:717][977]LogD3D11RHI: InitD3DDevice
[2015.09.16-17.51.07:744][977]Cmd: OBJ SAVEPACKAGE PACKAGE="/Game/NPOTG/Blueprints/Widgets/Horrorscreen_OF" FILE="../../../../Projekte/NotPartofTheGame/Content/NPOTG/Blueprints/Widgets/Horrorscreen_OF.uasset" SILENT=true
[2015.09.16-17.51.07:752][977]LogSavePackage: Save=6.245339ms
[2015.09.16-17.51.07:752][977]LogSavePackage: Moving '../../../../Projekte/NotPartofTheGame/Saved/Horrorscreen_OFB7E9DB20414EC78B9EB04FA2DF3D5EF2.tmp' to '../../../../Projekte/NotPartofTheGame/Content/NPOTG/Blueprints/Widgets/Horrorscreen_OF.uasset'
[2015.09.16-17.51.07:759][977]LogD3D11RHI: InitD3DDevice
[2015.09.16-17.51.07:817][977]LogD3D11RHI: InitD3DDevice
[2015.09.16-17.51.07:924][977]LogD3D11RHI: InitD3DDevice
[2015.09.16-17.51.07:942][977]Cmd: OBJ SAVEPACKAGE PACKAGE="/Game/NPOTG/Blueprints/Charaktere/Markimoo" FILE="../../../../Projekte/NotPartofTheGame/Content/NPOTG/Blueprints/Charaktere/Markimoo.uasset" SILENT=true
[2015.09.16-17.51.08:244][977]LogSavePackage: Save=248.342178ms
[2015.09.16-17.51.08:244][977]LogSavePackage: Moving '../../../../Projekte/NotPartofTheGame/Saved/Markimoo91114B72466A552180CEA88FB585B30B.tmp' to '../../../../Projekte/NotPartofTheGame/Content/NPOTG/Blueprints/Charaktere/Markimoo.uasset'
[2015.09.16-17.51.08:992][ 52]LogD3D11RHI: InitD3DDevice
[2015.09.16-17.51.09:279][ 80]LogD3D11RHI: InitD3DDevice
[2015.09.16-17.51.12:057][402]LogD3D11RHI: InitD3DDevice
[2015.09.16-17.51.12:783][485]LogD3D11RHI: InitD3DDevice
[2015.09.16-17.51.13:760][589]LogD3D11RHI: InitD3DDevice
[2015.09.16-17.51.14:372][659]LogD3D11RHI: InitD3DDevice
[2015.09.16-17.51.14:761][699]LogD3D11RHI: InitD3DDevice
[2015.09.16-17.51.18:297][114]LogD3D11RHI: InitD3DDevice
[2015.09.16-17.51.18:353][114]LogD3D11RHI: InitD3DDevice
[2015.09.16-17.51.18:677][114]LogMetaData: Removing '/Game/NPOTG/Blueprints/Widgets/Horrorscreen_THE.Horrorscreen_THE_C' ref from Metadata '/Game/NPOTG/Blueprints/Widgets/Horrorscreen_OF.PackageMetaData'
[2015.09.16-17.51.18:677][114]LogMetaData: Removing '/Game/NPOTG/Blueprints/Widgets/Horrorscreen_THE.SKEL_Horrorscreen_THE_C' ref from Metadata '/Game/NPOTG/Blueprints/Widgets/Horrorscreen_OF.PackageMetaData'
[2015.09.16-17.51.18:712][114]LogD3D11RHI: InitD3DDevice
[2015.09.16-17.51.18:728][114]Cmd: OBJ SAVEPACKAGE PACKAGE="/Game/NPOTG/Blueprints/Widgets/Horrorscreen_THE" FILE="../../../../Projekte/NotPartofTheGame/Content/NPOTG/Blueprints/Widgets/Horrorscreen_THE.uasset" SILENT=true
[2015.09.16-17.51.18:736][114]LogSavePackage: Save=6.565054ms
[2015.09.16-17.51.18:736][114]LogSavePackage: Moving '../../../../Projekte/NotPartofTheGame/Saved/Horrorscreen_THE42FA9C87453C0F1FA3D3F88040006E16.tmp' to '../../../../Projekte/NotPartofTheGame/Content/NPOTG/Blueprints/Widgets/Horrorscreen_THE.uasset'
[2015.09.16-17.51.18:743][114]LogD3D11RHI: InitD3DDevice
[2015.09.16-17.51.18:800][114]LogD3D11RHI: InitD3DDevice
[2015.09.16-17.51.18:907][114]LogD3D11RHI: InitD3DDevice
[2015.09.16-17.51.18:925][114]Cmd: OBJ SAVEPACKAGE PACKAGE="/Game/NPOTG/Blueprints/Charaktere/Markimoo" FILE="../../../../Projekte/NotPartofTheGame/Content/NPOTG/Blueprints/Charaktere/Markimoo.uasset" SILENT=true
[2015.09.16-17.51.19:233][114]LogSavePackage: Save=253.943100ms
[2015.09.16-17.51.19:234][114]LogSavePackage: Moving '../../../../Projekte/NotPartofTheGame/Saved/Markimoo150D82924F95CA35C55A4A82B8682543.tmp' to '../../../../Projekte/NotPartofTheGame/Content/NPOTG/Blueprints/Charaktere/Markimoo.uasset'
[2015.09.16-17.51.19:929][183]LogD3D11RHI: InitD3DDevice
[2015.09.16-17.51.20:549][254]LogD3D11RHI: InitD3DDevice
[2015.09.16-17.51.21:375][341]LogD3D11RHI: InitD3DDevice
[2015.09.16-17.51.22:299][446]LogD3D11RHI: InitD3DDevice
[2015.09.16-17.51.22:648][482]LogD3D11RHI: InitD3DDevice
[2015.09.16-17.51.26:174][894]LogD3D11RHI: InitD3DDevice
[2015.09.16-17.51.26:219][894]LogD3D11RHI: InitD3DDevice
[2015.09.16-17.51.26:544][894]LogMetaData: Removing '/Game/NPOTG/Blueprints/Widgets/Horrorscreen_Game.Horrorscreen_Game_C' ref from Metadata '/Game/NPOTG/Blueprints/Widgets/Horrorscreen_THE.PackageMetaData'
[2015.09.16-17.51.26:544][894]LogMetaData: Removing '/Game/NPOTG/Blueprints/Widgets/Horrorscreen_Game.SKEL_Horrorscreen_Game_C' ref from Metadata '/Game/NPOTG/Blueprints/Widgets/Horrorscreen_THE.PackageMetaData'
[2015.09.16-17.51.26:578][894]LogD3D11RHI: InitD3DDevice
[2015.09.16-17.51.26:591][894]Cmd: OBJ SAVEPACKAGE PACKAGE="/Game/NPOTG/Blueprints/Widgets/Horrorscreen_Game" FILE="../../../../Projekte/NotPartofTheGame/Content/NPOTG/Blueprints/Widgets/Horrorscreen_Game.uasset" SILENT=true
[2015.09.16-17.51.26:599][894]LogSavePackage: Save=6.177228ms
[2015.09.16-17.51.26:599][894]LogSavePackage: Moving '../../../../Projekte/NotPartofTheGame/Saved/Horrorscreen_Game92098D434227332475C0ECA6A4341D47.tmp' to '../../../../Projekte/NotPartofTheGame/Content/NPOTG/Blueprints/Widgets/Horrorscreen_Game.uasset'
[2015.09.16-17.51.26:608][894]LogD3D11RHI: InitD3DDevice
[2015.09.16-17.51.26:664][894]LogD3D11RHI: InitD3DDevice
[2015.09.16-17.51.26:772][894]LogD3D11RHI: InitD3DDevice
[2015.09.16-17.51.26:793][894]Cmd: OBJ SAVEPACKAGE PACKAGE="/Game/NPOTG/Blueprints/Charaktere/Markimoo" FILE="../../../../Projekte/NotPartofTheGame/Content/NPOTG/Blueprints/Charaktere/Markimoo.uasset" SILENT=true
[2015.09.16-17.51.27:096][894]LogSavePackage: Save=251.014969ms
[2015.09.16-17.51.27:096][894]LogSavePackage: Moving '../../../../Projekte/NotPartofTheGame/Saved/MarkimooF2D6CAC340EF522BB8BE51B7F8B0C47B.tmp' to '../../../../Projekte/NotPartofTheGame/Content/NPOTG/Blueprints/Charaktere/Markimoo.uasset'
[2015.09.16-17.51.29:220][130]LogD3D11RHI: InitD3DDevice
[2015.09.16-17.51.29:814][199]LogD3D11RHI: InitD3DDevice
[2015.09.16-17.51.30:680][291]LogD3D11RHI: InitD3DDevice
[2015.09.16-17.52.05:160][369]LogD3D11RHI: InitD3DDevice
[2015.09.16-17.52.05:427][395]LogD3D11RHI: InitD3DDevice
[2015.09.16-17.52.11:554][119]LogD3D11RHI: InitD3DDevice
[2015.09.16-17.52.11:601][119]LogD3D11RHI: InitD3DDevice
[2015.09.16-17.52.11:931][119]LogMetaData: Removing '/Game/NPOTG/Blueprints/Widgets/Horrorscreen_WOLF_NORMAL.Horrorscreen_WOLF_NORMAL_C' ref from Metadata '/Game/NPOTG/Blueprints/Widgets/Horrorscreen_Game.PackageMetaData'
[2015.09.16-17.52.11:931][119]LogMetaData: Removing '/Game/NPOTG/Blueprints/Widgets/Horrorscreen_WOLF_NORMAL.SKEL_Horrorscreen_WOLF_NORMAL_C' ref from Metadata '/Game/NPOTG/Blueprints/Widgets/Horrorscreen_Game.PackageMetaData'
[2015.09.16-17.52.11:965][119]LogD3D11RHI: InitD3DDevice
[2015.09.16-17.52.12:000][119]LogSavePackage: Save=6.396177ms
[2015.09.16-17.52.12:000][119]LogSavePackage: Moving '../../../../Projekte/NotPartofTheGame/Saved/Horrorscreen_WOLF_NORMAL776027674701028AA4C20CAC88C22F09.tmp' to '../../../../Projekte/NotPartofTheGame/Content/NPOTG/Blueprints/Widgets/Horrorscreen_WOLF_NORMAL.uasset'
[2015.09.16-17.52.12:008][119]LogD3D11RHI: InitD3DDevice
[2015.09.16-17.52.12:065][119]LogD3D11RHI: InitD3DDevice
[2015.09.16-17.52.12:174][119]LogD3D11RHI: InitD3DDevice
[2015.09.16-17.52.12:191][119]Cmd: OBJ SAVEPACKAGE PACKAGE="/Game/NPOTG/Blueprints/Charaktere/Markimoo" FILE="../../../../Projekte/NotPartofTheGame/Content/NPOTG/Blueprints/Charaktere/Markimoo.uasset" SILENT=true
[2015.09.16-17.52.12:499][119]LogSavePackage: Save=254.072174ms
[2015.09.16-17.52.12:499][119]LogSavePackage: Moving '../../../../Projekte/NotPartofTheGame/Saved/Markimoo0F15EBF74A77D5E3ABEDBFA119B57E40.tmp' to '../../../../Projekte/NotPartofTheGame/Content/NPOTG/Blueprints/Charaktere/Markimoo.uasset'
[2015.09.16-17.52.13:520][221]LogD3D11RHI: InitD3DDevice
[2015.09.16-17.52.14:097][288]LogD3D11RHI: InitD3DDevice
[2015.09.16-17.52.14:959][389]LogD3D11RHI: InitD3DDevice
[2015.09.16-17.52.15:002][389]LogD3D11RHI: InitD3DDevice
[2015.09.16-17.52.15:323][389]LogMetaData: Removing '/Game/NPOTG/Blueprints/Widgets/Horrorscreens/Horrorscreen_WOLF_NORMAL.Horrorscreen_WOLF_NORMAL_C' ref from Metadata '/Game/NPOTG/Blueprints/Widgets/Horrorscreen_WOLF_NORMAL.PackageMetaData'
[2015.09.16-17.52.15:323][389]LogMetaData: Removing '/Game/NPOTG/Blueprints/Widgets/Horrorscreens/Horrorscreen_WOLF_NORMAL.SKEL_Horrorscreen_WOLF_NORMAL_C' ref from Metadata '/Game/NPOTG/Blueprints/Widgets/Horrorscreen_WOLF_NORMAL.PackageMetaData'
[2015.09.16-17.52.15:358][389]LogD3D11RHI: InitD3DDevice
[2015.09.16-17.52.15:381][389]LogSavePackage: Save=6.306918ms
[2015.09.16-17.52.15:381][389]LogSavePackage: Moving '../../../../Projekte/NotPartofTheGame/Saved/Horrorscreen_WOLF_NORMAL23FF2B364AEF51E6404D228BADECE396.tmp' to '../../../../Projekte/NotPartofTheGame/Content/NPOTG/Blueprints/Widgets/Horrorscreens/Horrorscreen_WOLF_NORMAL.uasset'
[2015.09.16-17.52.15:389][389]LogD3D11RHI: InitD3DDevice
[2015.09.16-17.52.15:447][389]LogD3D11RHI: InitD3DDevice
[2015.09.16-17.52.15:555][389]LogD3D11RHI: InitD3DDevice
[2015.09.16-17.52.15:573][389]Cmd: OBJ SAVEPACKAGE PACKAGE="/Game/NPOTG/Blueprints/Charaktere/Markimoo" FILE="../../../../Projekte/NotPartofTheGame/Content/NPOTG/Blueprints/Charaktere/Markimoo.uasset" SILENT=true
[2015.09.16-17.52.15:881][389]LogSavePackage: Save=253.436783ms
[2015.09.16-17.52.15:881][389]LogSavePackage: Moving '../../../../Projekte/NotPartofTheGame/Saved/MarkimooCA3B2D2F4735D25B31B55CA1B9EBF556.tmp' to '../../../../Projekte/NotPartofTheGame/Content/NPOTG/Blueprints/Charaktere/Markimoo.uasset'
[2015.09.16-17.52.18:123][630]LogD3D11RHI: InitD3DDevice
[2015.09.16-17.52.18:577][679]LogD3D11RHI: InitD3DDevice
[2015.09.16-17.52.25:928][550]LogD3D11RHI: InitD3DDevice
[2015.09.16-17.52.25:940][550]LogD3D11RHI: InitD3DDevice
[2015.09.16-17.52.26:040][550]LogMetaData: Removing '/Game/NPOTG/Blueprints/Widgets/Horrorscreens/Horrorscreen_WOLF_KILL.SKEL_Horrorscreen_WOLF_KILL_C' ref from Metadata '/Game/NPOTG/Blueprints/Widgets/Horrorscreens/Horrorscreen.PackageMetaData'
[2015.09.16-17.52.26:040][550]LogMetaData: Removing '/Game/NPOTG/Blueprints/Widgets/Horrorscreens/Horrorscreen_WOLF_KILL.Horrorscreen_WOLF_KILL_C' ref from Metadata '/Game/NPOTG/Blueprints/Widgets/Horrorscreens/Horrorscreen.PackageMetaData'
[2015.09.16-17.52.26:073][550]LogD3D11RHI: InitD3DDevice
[2015.09.16-17.52.26:100][550]LogSavePackage: Save=6.485126ms
[2015.09.16-17.52.26:100][550]LogSavePackage: Moving '../../../../Projekte/NotPartofTheGame/Saved/Horrorscreen_WOLF_KILL3EF45CC04B4236C7F56736B82EFD3F82.tmp' to '../../../../Projekte/NotPartofTheGame/Content/NPOTG/Blueprints/Widgets/Horrorscreens/Horrorscreen_WOLF_KILL.uasset'
[2015.09.16-17.52.26:108][550]LogD3D11RHI: InitD3DDevice
[2015.09.16-17.52.32:962][344]LogD3D11RHI: InitD3DDevice
[2015.09.16-17.52.33:423][394]LogD3D11RHI: InitD3DDevice
[2015.09.16-17.52.37:243][843]LogD3D11RHI: InitD3DDevice
[2015.09.16-17.52.37:257][843]LogD3D11RHI: InitD3DDevice
[2015.09.16-17.52.37:390][843]LogD3D11RHI: InitD3DDevice
[2015.09.16-17.52.37:415][843]LogSavePackage: Save=6.185626ms
[2015.09.16-17.52.37:415][843]LogSavePackage: Moving '../../../../Projekte/NotPartofTheGame/Saved/Horrorscreen_GameCB2E51384074C82716DCA383944F20AD.tmp' to '../../../../Projekte/NotPartofTheGame/Content/NPOTG/Blueprints/Widgets/Horrorscreens/Horrorscreen_Game.uasset'
[2015.09.16-17.52.37:423][843]LogD3D11RHI: InitD3DDevice
[2015.09.16-17.52.41:824][328]LogEditorViewport: Clicking Background
[2015.09.16-17.56.31:533][444]LogD3D11RHI: InitD3DDevice
[2015.09.16-17.56.40:532][471]LogD3D11RHI: InitD3DDevice
[2015.09.16-17.56.40:702][471]LogFileHelpers: Editor autosave (incl. sublevels) for '/Game/NPOTG/Maps/Testing_Level' took 0.041
[2015.09.16-17.56.40:709][471]OBJ SavePackage: Generating thumbnails for [0] asset(s) in package [/Game/NPOTG/Blueprints/Widgets/Horrorscreens/Horrorscreen_NOT] ([1] browsable assets)...
[2015.09.16-17.56.40:709][471]OBJ SavePackage: Finished generating thumbnails for package [/Game/NPOTG/Blueprints/Widgets/Horrorscreens/Horrorscreen_NOT]
[2015.09.16-17.56.40:718][471]LogSavePackage: Save=7.438052ms
[2015.09.16-17.56.40:718][471]LogSavePackage: Moving '../../../../Projekte/NotPartofTheGame/Saved/Horrorscreen_NOT_Auto291BB11AE471AA48380651292C53D75C3.tmp' to '../../../../Projekte/NotPartofTheGame/Saved/Autosaves/Game/NPOTG/Blueprints/Widgets/Horrorscreens/Horrorscreen_NOT_Auto2.uasset'
[2015.09.16-17.56.40:729][471]LogSavePackage: Save=3.177562ms
[2015.09.16-17.56.40:729][471]LogSavePackage: Moving '../../../../Projekte/NotPartofTheGame/Saved/Horrorscreen_Auto2FAE017D6482C8365726120883D27F915.tmp' to '../../../../Projekte/NotPartofTheGame/Saved/Autosaves/Game/NPOTG/Blueprints/Widgets/Horrorscreens/Horrorscreen_Auto2.uasset'
[2015.09.16-17.56.40:735][471]OBJ SavePackage: Generating thumbnails for [0] asset(s) in package [/Game/NPOTG/Blueprints/Widgets/Horrorscreens/Horrorscreen_PART] ([1] browsable assets)...
[2015.09.16-17.56.40:735][471]OBJ SavePackage: Finished generating thumbnails for package [/Game/NPOTG/Blueprints/Widgets/Horrorscreens/Horrorscreen_PART]
[2015.09.16-17.56.40:742][471]LogSavePackage: Save=6.461800ms
[2015.09.16-17.56.40:743][471]LogSavePackage: Moving '../../../../Projekte/NotPartofTheGame/Saved/Horrorscreen_PART_Auto2AD4BA9A84F367CB33A8FDFB87A2BBA39.tmp' to '../../../../Projekte/NotPartofTheGame/Saved/Autosaves/Game/NPOTG/Blueprints/Widgets/Horrorscreens/Horrorscreen_PART_Auto2.uasset'
[2015.09.16-17.56.40:749][471]OBJ SavePackage: Generating thumbnails for [0] asset(s) in package [/Game/NPOTG/Blueprints/Widgets/Horrorscreens/Horrorscreen_OF] ([1] browsable assets)...
[2015.09.16-17.56.40:749][471]OBJ SavePackage: Finished generating thumbnails for package [/Game/NPOTG/Blueprints/Widgets/Horrorscreens/Horrorscreen_OF]
[2015.09.16-17.56.40:757][471]LogSavePackage: Save=6.324957ms
[2015.09.16-17.56.40:757][471]LogSavePackage: Moving '../../../../Projekte/NotPartofTheGame/Saved/Horrorscreen_OF_Auto2F4D66ABA4C7E1067817D2D9D684942CE.tmp' to '../../../../Projekte/NotPartofTheGame/Saved/Autosaves/Game/NPOTG/Blueprints/Widgets/Horrorscreens/Horrorscreen_OF_Auto2.uasset'
[2015.09.16-17.56.40:764][471]OBJ SavePackage: Generating thumbnails for [0] asset(s) in package [/Game/NPOTG/Blueprints/Widgets/Horrorscreens/Horrorscreen_THE] ([1] browsable assets)...
[2015.09.16-17.56.40:764][471]OBJ SavePackage: Finished generating thumbnails for package [/Game/NPOTG/Blueprints/Widgets/Horrorscreens/Horrorscreen_THE]
[2015.09.16-17.56.40:772][471]LogSavePackage: Save=6.754458ms
[2015.09.16-17.56.40:772][471]LogSavePackage: Moving '../../../../Projekte/NotPartofTheGame/Saved/Horrorscreen_THE_Auto2AB6073124348F2C46C78409DA613A613.tmp' to '../../../../Projekte/NotPartofTheGame/Saved/Autosaves/Game/NPOTG/Blueprints/Widgets/Horrorscreens/Horrorscreen_THE_Auto2.uasset'
[2015.09.16-17.56.40:773][471]LogFileHelpers: Auto-saving content packages took 0.071
[2015.09.16-18.01.55:132][479]LogD3D11RHI: InitD3DDevice
[2015.09.16-18.01.56:298][479]LogD3D11RHI: InitD3DDevice
[2015.09.16-18.01.56:327][479]LogSavePackage: Save=2.789736ms
[2015.09.16-18.01.56:327][479]LogSavePackage: Moving '../../../../Projekte/NotPartofTheGame/Saved/HorrorscreenB8F78DAF4A09108C418A6A968A549598.tmp' to '../../../../Projekte/NotPartofTheGame/Content/NPOTG/Blueprints/Widgets/Horrorscreens/Horrorscreen.uasset'
[2015.09.16-18.01.56:347][479]LogSavePackage: Save=6.036031ms
[2015.09.16-18.01.56:347][479]LogSavePackage: Moving '../../../../Projekte/NotPartofTheGame/Saved/Horrorscreen_NOTBA11CD974B7423D33566468DF3BAB120.tmp' to '../../../../Projekte/NotPartofTheGame/Content/NPOTG/Blueprints/Widgets/Horrorscreens/Horrorscreen_NOT.uasset'
[2015.09.16-18.01.56:371][479]LogSavePackage: Save=6.312516ms
[2015.09.16-18.01.56:371][479]LogSavePackage: Moving '../../../../Projekte/NotPartofTheGame/Saved/Horrorscreen_OFC4F815504703D1C7F4962592C608CFFF.tmp' to '../../../../Projekte/NotPartofTheGame/Content/NPOTG/Blueprints/Widgets/Horrorscreens/Horrorscreen_OF.uasset'
[2015.09.16-18.01.56:389][479]LogSavePackage: Save=6.145505ms
[2015.09.16-18.01.56:389][479]LogSavePackage: Moving '../../../../Projekte/NotPartofTheGame/Saved/Horrorscreen_PART4B147F04437671B80CED44922F82947A.tmp' to '../../../../Projekte/NotPartofTheGame/Content/NPOTG/Blueprints/Widgets/Horrorscreens/Horrorscreen_PART.uasset'
[2015.09.16-18.01.56:408][479]LogSavePackage: Save=6.008040ms
[2015.09.16-18.01.56:408][479]LogSavePackage: Moving '../../../../Projekte/NotPartofTheGame/Saved/Horrorscreen_THEBF9008224D40121B92EFC182CA7737DD.tmp' to '../../../../Projekte/NotPartofTheGame/Content/NPOTG/Blueprints/Widgets/Horrorscreens/Horrorscreen_THE.uasset'
[2015.09.16-18.01.56:997][479]Cmd: OBJ SAVEPACKAGE PACKAGE="/Game/NPOTG/Maps/Testing_Level" FILE="../../../../Projekte/NotPartofTheGame/Content/NPOTG/Maps/Testing_Level.umap" SILENT=true AUTOSAVING=false KEEPDIRTY=false
[2015.09.16-18.01.57:755][479]LogSavePackage: Save=662.200928ms
[2015.09.16-18.01.57:755][479]LogSavePackage: Moving '../../../../Projekte/NotPartofTheGame/Saved/Testing_Level93C7B31A43CBECD94884719A6C62AD0D.tmp' to '../../../../Projekte/NotPartofTheGame/Content/NPOTG/Maps/Testing_Level.umap'
[2015.09.16-18.01.57:802][479]LogFileHelpers: Saving map 'Testing_Level' took 1.389
[2015.09.16-18.01.57:913][479]LogWindowsTextInputMethodSystem:Display: IME system now deactivated.
[2015.09.16-18.01.57:913][479]LogWindowsTextInputMethodSystem:Display: IME system now deactivated.
[2015.09.16-18.01.58:167][480]Cmd: QUIT_EDITOR
[2015.09.16-18.01.58:402][480]LogExit: Preparing to exit.
[2015.09.16-18.01.59:645][480]LogExit: Editor shut down
[2015.09.16-18.01.59:646][480]LogExit: Transaction tracking system shut down
[2015.09.16-18.01.59:657][480]LogParticles: Destroying 0 GPU particle simulations for FXSystem 0x0000002268EAE340
[2015.09.16-18.01.59:659][480]LogParticles: Destroying 0 GPU particle simulations for FXSystem 0x0000002206A5F9C0
[2015.09.16-18.01.59:659][480]LogParticles: Destroying 0 GPU particle simulations for FXSystem 0x000000220A76D260
[2015.09.16-18.01.59:659][480]LogParticles: Destroying 0 GPU particle simulations for FXSystem 0x000000220DBC2CA0
[2015.09.16-18.01.59:659][480]LogParticles: Destroying 0 GPU particle simulations for FXSystem 0x0000002205B4B420
[2015.09.16-18.01.59:825][480]LogExit: Object subsystem successfully closed.
[2015.09.16-18.01.59:847][480]LogD3D11RHI: Shutdown
[2015.09.16-18.01.59:847][480]LogD3D11RHI: CleanupD3DDevice
[2015.09.16-18.01.59:932][480]LogD3D11RHI: ~FD3D11DynamicRHI
[2015.09.16-18.01.59:951][480]LogModuleManager: Shutting down and abandoning module SequencerWidgets (191)
[2015.09.16-18.01.59:951][480]LogModuleManager: Shutting down and abandoning module CrashTracker (190)
[2015.09.16-18.01.59:951][480]LogModuleManager: Shutting down and abandoning module SceneOutliner (189)
[2015.09.16-18.01.59:951][480]LogModuleManager: Shutting down and abandoning module SuperSearch (188)
[2015.09.16-18.01.59:951][480]LogModuleManager: Shutting down and abandoning module WidgetCarousel (187)
[2015.09.16-18.01.59:951][480]LogModuleManager: Shutting down and abandoning module AddContentDialog (186)
[2015.09.16-18.01.59:953][480]LogModuleManager: Shutting down and abandoning module EditorWidgets (185)
[2015.09.16-18.01.59:953][480]LogModuleManager: Shutting down and abandoning module CollectionManager (184)
[2015.09.16-18.01.59:953][480]LogModuleManager: Shutting down and abandoning module StatsViewer (183)
[2015.09.16-18.01.59:953][480]LogModuleManager: Shutting down and abandoning module FoliageEdit (182)
[2015.09.16-18.01.59:953][480]LogModuleManager: Shutting down and abandoning module LandscapeEditor (181)
[2015.09.16-18.01.59:953][480]LogModuleManager: Shutting down and abandoning module ActorPickerMode (180)
[2015.09.16-18.01.59:953][480]LogModuleManager: Shutting down and abandoning module GeometryMode (179)
[2015.09.16-18.01.59:953][480]LogModuleManager: Shutting down and abandoning module TextureAlignMode (178)
[2015.09.16-18.01.59:953][480]LogModuleManager: Shutting down and abandoning module BspMode (177)
[2015.09.16-18.01.59:953][480]LogModuleManager: Shutting down and abandoning module PlacementMode (176)
[2015.09.16-18.01.59:953][480]LogModuleManager: Shutting down and abandoning module AutomationWorker (175)
[2015.09.16-18.01.59:953][480]LogModuleManager: Shutting down and abandoning module CharacterAI (174)
[2015.09.16-18.01.59:953][480]LogModuleManager: Shutting down and abandoning module SmartSnapping (173)
[2015.09.16-18.01.59:953][480]LogModuleManager: Shutting down and abandoning module ViewportSnapping (172)
[2015.09.16-18.01.59:953][480]LogModuleManager: Shutting down and abandoning module LogVisualizer (171)
[2015.09.16-18.01.59:953][480]LogModuleManager: Shutting down and abandoning module GameProjectGeneration (170)
[2015.09.16-18.01.59:953][480]LogModuleManager: Shutting down and abandoning module IntroTutorials (169)
[2015.09.16-18.01.59:953][480]LogModuleManager: Shutting down and abandoning module EditorLiveStreaming (168)
[2015.09.16-18.01.59:953][480]LogModuleManager: Shutting down and abandoning module IOSPlatformEditor (167)
[2015.09.16-18.01.59:953][480]LogModuleManager: Shutting down and abandoning module HTML5PlatformEditor (166)
[2015.09.16-18.01.59:953][480]LogModuleManager: Shutting down and abandoning module AndroidDeviceDetection (165)
[2015.09.16-18.02.00:319][480]LogModuleManager: Shutting down and abandoning module AndroidPlatformEditor (164)
[2015.09.16-18.02.00:319][480]LogModuleManager: Shutting down and abandoning module IOSRuntimeSettings (163)
[2015.09.16-18.02.00:319][480]LogModuleManager: Shutting down and abandoning module AndroidRuntimeSettings (162)
[2015.09.16-18.02.00:319][480]LogModuleManager: Shutting down and abandoning module MergeActors (161)
[2015.09.16-18.02.00:319][480]LogModuleManager: Shutting down and abandoning module SizeMap (160)
[2015.09.16-18.02.00:319][480]LogModuleManager: Shutting down and abandoning module TreeMap (159)
[2015.09.16-18.02.00:319][480]LogModuleManager: Shutting down and abandoning module ReferenceViewer (158)
[2015.09.16-18.02.00:319][480]LogModuleManager: Shutting down and abandoning module LocalizationDashboard (157)
[2015.09.16-18.02.00:319][480]LogModuleManager: Shutting down and abandoning module HardwareTargeting (156)
[2015.09.16-18.02.00:319][480]LogModuleManager: Shutting down and abandoning module DeviceProfileEditor (155)
[2015.09.16-18.02.00:319][480]LogModuleManager: Shutting down and abandoning module UndoHistory (154)
[2015.09.16-18.02.00:319][480]LogModuleManager: Shutting down and abandoning module GameplayTagsEditor (153)
[2015.09.16-18.02.00:319][480]LogModuleManager: Shutting down and abandoning module UserFeedback (152)
[2015.09.16-18.02.00:319][480]LogModuleManager: Shutting down and abandoning module XmlParser (151)
[2015.09.16-18.02.00:319][480]LogModuleManager: Shutting down and abandoning module Blutility (150)
[2015.09.16-18.02.00:319][480]LogModuleManager: Shutting down and abandoning module ProjectTargetPlatformEditor (149)
[2015.09.16-18.02.00:319][480]LogModuleManager: Shutting down and abandoning module ProjectSettingsViewer (148)
[2015.09.16-18.02.00:319][480]LogModuleManager: Shutting down and abandoning module InputBindingEditor (147)
[2015.09.16-18.02.00:319][480]LogModuleManager: Shutting down and abandoning module EditorSettingsViewer (146)
[2015.09.16-18.02.00:319][480]LogModuleManager: Shutting down and abandoning module SettingsEditor (145)
[2015.09.16-18.02.00:319][480]LogModuleManager: Shutting down and abandoning module ProjectLauncher (144)
[2015.09.16-18.02.00:319][480]LogModuleManager: Shutting down and abandoning module SessionFrontend (143)
[2015.09.16-18.02.00:319][480]LogModuleManager: Shutting down and abandoning module ProfilerClient (142)
[2015.09.16-18.02.00:319][480]LogModuleManager: Shutting down and abandoning module TargetDeviceServices (141)
[2015.09.16-18.02.00:319][480]LogModuleManager: Shutting down and abandoning module DeviceManager (140)
[2015.09.16-18.02.00:319][480]LogModuleManager: Shutting down and abandoning module AutomationController (139)
[2015.09.16-18.02.00:319][480]LogModuleManager: Shutting down and abandoning module AutomationWindow (138)
[2015.09.16-18.02.00:319][480]LogModuleManager: Shutting down and abandoning module Layers (137)
[2015.09.16-18.02.00:319][480]LogModuleManager: Shutting down and abandoning module ComponentVisualizers (136)
[2015.09.16-18.02.00:319][480]LogModuleManager: Shutting down and abandoning module DetailCustomizations (135)
[2015.09.16-18.02.00:320][480]LogModuleManager: Shutting down and abandoning module PackagesDialog (134)
[2015.09.16-18.02.00:320][480]LogModuleManager: Shutting down and abandoning module Persona (133)
[2015.09.16-18.02.00:320][480]LogModuleManager: Shutting down and abandoning module Kismet (132)
[2015.09.16-18.02.00:320][480]LogModuleManager: Shutting down and abandoning module GraphEditor (131)
[2015.09.16-18.02.00:320][480]LogModuleManager: Shutting down and abandoning module ClassViewer (130)
[2015.09.16-18.02.00:320][480]LogModuleManager: Shutting down and abandoning module Toolbox (129)
[2015.09.16-18.02.00:320][480]LogModuleManager: Shutting down and abandoning module ModuleUI (128)
[2015.09.16-18.02.00:320][480]LogModuleManager: Shutting down and abandoning module MovieSceneTools (127)
[2015.09.16-18.02.00:320][480]LogModuleManager: Shutting down and abandoning module OutputLog (126)
[2015.09.16-18.02.00:320][480]LogModuleManager: Shutting down and abandoning module GammaUI (125)
[2015.09.16-18.02.00:320][480]LogModuleManager: Shutting down and abandoning module Documentation (124)
[2015.09.16-18.02.00:320][480]LogModuleManager: Shutting down and abandoning module GameLiveStreaming (123)
[2015.09.16-18.02.00:320][480]LogModuleManager: Shutting down and abandoning module StreamingPauseRendering (122)
[2015.09.16-18.02.00:320][480]LogModuleManager: Shutting down and abandoning module AnalyticsET (121)
[2015.09.16-18.02.00:320][480]LogModuleManager: Shutting down and abandoning module Analytics (120)
[2015.09.16-18.02.00:320][480]LogModuleManager: Shutting down and abandoning module AITestSuite (119)
[2015.09.16-18.02.00:320][480]LogModuleManager: Shutting down and abandoning module GameplayDebugger (118)
[2015.09.16-18.02.00:320][480]LogModuleManager: Shutting down and abandoning module AIModule (117)
[2015.09.16-18.02.00:320][480]LogModuleManager: Shutting down and abandoning module ProfilerService (116)
[2015.09.16-18.02.00:461][480]LogModuleManager: Shutting down and abandoning module TaskGraph (115)
[2015.09.16-18.02.00:461][480]LogModuleManager: Shutting down and abandoning module SubstanceEditor (114)
[2015.09.16-18.02.00:461][480]LogModuleManager: Shutting down and abandoning module SlateRemote (113)
[2015.09.16-18.02.00:461][480]LogModuleManager: Shutting down and abandoning module SteamVRController (112)
[2015.09.16-18.02.00:461][480]LogModuleManager: Shutting down and abandoning module SteamVR (111)
[2015.09.16-18.02.00:461][480]LogModuleManager: Shutting down and abandoning module ProceduralMeshComponent (110)
[2015.09.16-18.02.00:461][480]LogModuleManager: Shutting down and abandoning module OculusRift (109)
[2015.09.16-18.02.00:461][480]LogModuleManager: Shutting down and abandoning module LeapMotionController (108)
[2015.09.16-18.02.00:468][480]LogModuleManager: Shutting down and abandoning module CustomMeshComponent (107)
[2015.09.16-18.02.00:468][480]LogModuleManager: Shutting down and abandoning module CableComponent (106)
[2015.09.16-18.02.00:468][480]LogModuleManager: Shutting down and abandoning module MessagingDebugger (105)
[2015.09.16-18.02.00:468][480]LogModuleManager: Shutting down and abandoning module MediaPlayerEditor (104)
[2015.09.16-18.02.00:468][480]LogModuleManager: Shutting down and abandoning module SpeedTreeImporter (103)
[2015.09.16-18.02.00:468][480]LogModuleManager: Shutting down and abandoning module PluginBrowser (102)
[2015.09.16-18.02.00:468][480]LogModuleManager: Shutting down and abandoning module EpicSurvey (101)
[2015.09.16-18.02.00:468][480]LogModuleManager: Shutting down and abandoning module DesktopPlatform (100)
[2015.09.16-18.02.00:468][480]LogModuleManager: Shutting down and abandoning module VisualStudioSourceCodeAccess (99)
[2015.09.16-18.02.00:468][480]LogModuleManager: Shutting down and abandoning module UObjectPlugin (98)
[2015.09.16-18.02.00:468][480]LogModuleManager: Shutting down and abandoning module SubversionSourceControl (97)
[2015.09.16-18.02.00:468][480]LogModuleManager: Shutting down and abandoning module PerforceSourceControl (96)
[2015.09.16-18.02.00:468][480]LogModuleManager: Shutting down and abandoning module SourceControl (95)
[2015.09.16-18.02.00:468][480]LogModuleManager: Shutting down and abandoning module GitSourceControl (94)
[2015.09.16-18.02.00:468][480]LogModuleManager: Shutting down and abandoning module BlankPlugin (93)
[2015.09.16-18.02.00:468][480]LogModuleManager: Shutting down and abandoning module PaperTiledImporter (92)
[2015.09.16-18.02.00:468][480]LogModuleManager: Shutting down and abandoning module PaperSpriteSheetImporter (91)
[2015.09.16-18.02.00:468][480]LogModuleManager: Shutting down and abandoning module MeshPaint (90)
[2015.09.16-18.02.00:468][480]LogModuleManager: Shutting down and abandoning module SlateReflector (89)
[2015.09.16-18.02.00:469][480]LogModuleManager: Shutting down and abandoning module HotReload (88)
[2015.09.16-18.02.00:469][480]LogModuleManager: Shutting down and abandoning module MainFrame (87)
[2015.09.16-18.02.00:469][480]LogModuleManager: Shutting down and abandoning module LevelEditor (86)
[2015.09.16-18.02.00:469][480]LogModuleManager: Shutting down and abandoning module ContentBrowser (85)
[2015.09.16-18.02.00:470][480]LogModuleManager: Shutting down and abandoning module Paper2DEditor (84)
[2015.09.16-18.02.00:470][480]LogModuleManager: Shutting down and abandoning module UdpMessaging (83)
[2015.09.16-18.02.00:571][480]LogModuleManager: Shutting down and abandoning module DirectoryWatcher (82)
[2015.09.16-18.02.00:572][480]LogModuleManager: Shutting down and abandoning module AssetRegistry (81)
[2015.09.16-18.02.00:632][480]LogModuleManager: Shutting down and abandoning module SubstanceCore (80)
[2015.09.16-18.02.00:632][480]LogModuleManager: Shutting down and abandoning module Paper2D (79)
[2015.09.16-18.02.00:632][480]LogModuleManager: Shutting down and abandoning module WindowsMoviePlayer (78)
[2015.09.16-18.02.00:634][480]LogModuleManager: Shutting down and abandoning module Media (77)
[2015.09.16-18.02.00:634][480]LogModuleManager: Shutting down and abandoning module WmfMedia (76)
[2015.09.16-18.02.00:634][480]LogModuleManager: Shutting down and abandoning module OnlineBlueprintSupport (75)
[2015.09.16-18.02.00:634][480]LogModuleManager: Shutting down and abandoning module PropertyEditor (74)
[2015.09.16-18.02.00:634][480]LogModuleManager: Shutting down and abandoning module BehaviorTreeEditor (73)
[2015.09.16-18.02.00:634][480]LogModuleManager: Shutting down and abandoning module FunctionalTesting (72)
[2015.09.16-18.02.00:634][480]LogModuleManager: Shutting down and abandoning module CollisionAnalyzer (71)
[2015.09.16-18.02.00:634][480]LogModuleManager: Shutting down and abandoning module WorkspaceMenuStructure (70)
[2015.09.16-18.02.00:634][480]LogModuleManager: Shutting down and abandoning module MessageLog (69)
[2015.09.16-18.02.00:634][480]LogModuleManager: Shutting down and abandoning module Sequencer (68)
[2015.09.16-18.02.00:634][480]LogModuleManager: Shutting down and abandoning module AssetTools (67)
[2015.09.16-18.02.00:634][480]LogModuleManager: Shutting down and abandoning module UMGEditor (66)
[2015.09.16-18.02.00:634][480]LogModuleManager: Shutting down and abandoning module UMG (65)
[2015.09.16-18.02.00:634][480]LogModuleManager: Shutting down and abandoning module Slate (64)
[2015.09.16-18.02.00:634][480]LogModuleManager: Shutting down and abandoning module EditorStyle (63)
[2015.09.16-18.02.00:636][480]LogModuleManager: Shutting down and abandoning module SessionServices (62)
[2015.09.16-18.02.00:636][480]LogModuleManager: Shutting down and abandoning module SourceCodeAccess (61)
[2015.09.16-18.02.00:636][480]LogModuleManager: Shutting down and abandoning module HeadMountedDisplay (60)
[2015.09.16-18.02.00:636][480]LogModuleManager: Shutting down and abandoning module XAudio2 (59)
[2015.09.16-18.02.00:636][480]LogModuleManager: Shutting down and abandoning module Networking (57)
[2015.09.16-18.02.00:636][480]LogModuleManager: Shutting down and abandoning module Core (56)
[2015.09.16-18.02.00:636][480]LogModuleManager: Shutting down and abandoning module KismetCompiler (55)
[2015.09.16-18.02.00:636][480]LogModuleManager: Shutting down and abandoning module PhysXFormats (54)
[2015.09.16-18.02.00:636][480]LogModuleManager: Shutting down and abandoning module MeshUtilities (53)
[2015.09.16-18.02.00:636][480]LogModuleManager: Shutting down and abandoning module DerivedDataCache (52)
[2015.09.16-18.02.00:691][480]LogDerivedDataCache: Shutdown
[2015.09.16-18.02.00:691][480]LogModuleManager: Shutting down and abandoning module ShaderFormatOpenGL (51)
[2015.09.16-18.02.00:691][480]LogModuleManager: Shutting down and abandoning module ShaderFormatD3D (50)
[2015.09.16-18.02.00:691][480]LogModuleManager: Shutting down and abandoning module MetalShaderFormat (49)
[2015.09.16-18.02.00:691][480]LogModuleManager: Shutting down and abandoning module TextureFormatUncompressed (48)
[2015.09.16-18.02.00:691][480]LogModuleManager: Shutting down and abandoning module TextureFormatPVR (47)
[2015.09.16-18.02.00:691][480]LogModuleManager: Shutting down and abandoning module TextureFormatIntelISPCTexComp (46)
[2015.09.16-18.02.00:691][480]LogModuleManager: Shutting down and abandoning module TextureFormatDXT (45)
[2015.09.16-18.02.00:691][480]LogModuleManager: Shutting down and abandoning module ImageWrapper (44)
[2015.09.16-18.02.00:691][480]LogModuleManager: Shutting down and abandoning module TextureFormatASTC (43)
[2015.09.16-18.02.00:691][480]LogModuleManager: Shutting down and abandoning module TextureFormatAndroid (42)
[2015.09.16-18.02.00:691][480]LogModuleManager: Shutting down and abandoning module AudioFormatOpus (41)
[2015.09.16-18.02.00:691][480]LogModuleManager: Shutting down and abandoning module AudioFormatOgg (40)
[2015.09.16-18.02.00:691][480]LogModuleManager: Shutting down and abandoning module AudioFormatADPCM (39)
[2015.09.16-18.02.00:691][480]LogModuleManager: Shutting down and abandoning module LinuxTargetPlatform (38)
[2015.09.16-18.02.00:691][480]LogModuleManager: Shutting down and abandoning module LinuxServerTargetPlatform (37)
[2015.09.16-18.02.00:691][480]LogModuleManager: Shutting down and abandoning module LinuxNoEditorTargetPlatform (36)
[2015.09.16-18.02.00:691][480]LogModuleManager: Shutting down and abandoning module Messaging (35)
[2015.09.16-18.02.00:691][480]LogModuleManager: Shutting down and abandoning module IOSTargetPlatform (34)
[2015.09.16-18.02.00:691][480]LogModuleManager: Shutting down and abandoning module HTML5TargetPlatform (33)
[2015.09.16-18.02.00:691][480]LogModuleManager: Shutting down and abandoning module Android_PVRTCTargetPlatform (32)
[2015.09.16-18.02.00:691][480]LogModuleManager: Shutting down and abandoning module Android_ETC2TargetPlatform (31)
[2015.09.16-18.02.00:691][480]LogModuleManager: Shutting down and abandoning module Android_ETC1TargetPlatform (30)
[2015.09.16-18.02.00:691][480]LogModuleManager: Shutting down and abandoning module Android_DXTTargetPlatform (29)
[2015.09.16-18.02.00:691][480]LogModuleManager: Shutting down and abandoning module Android_ATCTargetPlatform (28)
[2015.09.16-18.02.00:691][480]LogModuleManager: Shutting down and abandoning module Android_ASTCTargetPlatform (27)
[2015.09.16-18.02.00:691][480]LogModuleManager: Shutting down and abandoning module AndroidTargetPlatform (26)
[2015.09.16-18.02.00:691][480]LogModuleManager: Shutting down and abandoning module WindowsTargetPlatform (25)
[2015.09.16-18.02.00:691][480]LogModuleManager: Shutting down and abandoning module WindowsServerTargetPlatform (24)
[2015.09.16-18.02.00:691][480]LogModuleManager: Shutting down and abandoning module WindowsNoEditorTargetPlatform (23)
[2015.09.16-18.02.00:691][480]LogModuleManager: Shutting down and abandoning module WindowsClientTargetPlatform (22)
[2015.09.16-18.02.00:691][480]LogModuleManager: Shutting down and abandoning module DesktopTargetPlatform (21)
[2015.09.16-18.02.00:691][480]LogModuleManager: Shutting down and abandoning module TargetPlatform (20)
[2015.09.16-18.02.00:691][480]LogModuleManager: Shutting down and abandoning module InputCore (19)
[2015.09.16-18.02.00:691][480]LogModuleManager: Shutting down and abandoning module Settings (18)
[2015.09.16-18.02.00:691][480]LogModuleManager: Shutting down and abandoning module OnlineSubsystem (16)
[2015.09.16-18.02.00:691][480]LogModuleManager: Shutting down and abandoning module HTTP (15)
[2015.09.16-18.02.00:691][480]LogModuleManager: Shutting down and abandoning module ExampleDeviceProfileSelector (14)
[2015.09.16-18.02.00:691][480]LogModuleManager: Shutting down and abandoning module TextureCompressor (13)
[2015.09.16-18.02.00:691][480]LogModuleManager: Shutting down and abandoning module ShaderCore (12)
[2015.09.16-18.02.00:691][480]LogModuleManager: Shutting down and abandoning module Landscape (11)
[2015.09.16-18.02.00:691][480]LogModuleManager: Shutting down and abandoning module SlateRHIRenderer (10)
[2015.09.16-18.02.00:695][480]LogModuleManager: Shutting down and abandoning module OpenGLDrv (9)
[2015.09.16-18.02.00:695][480]LogModuleManager: Shutting down and abandoning module D3D11RHI (8)
[2015.09.16-18.02.00:695][480]LogModuleManager: Shutting down and abandoning module Renderer (7)
[2015.09.16-18.02.00:695][480]LogModuleManager: Shutting down and abandoning module Engine (6)
[2015.09.16-18.02.00:695][480]LogModuleManager: Shutting down and abandoning module CoreUObject (5)
[2015.09.16-18.02.00:695][480]LogModuleManager: Shutting down and abandoning module NetworkFile (4)
[2015.09.16-18.02.00:695][480]LogModuleManager: Shutting down and abandoning module StreamingFile (3)
[2015.09.16-18.02.00:695][480]LogModuleManager: Shutting down and abandoning module SandboxFile (2)
[2015.09.16-18.02.00:695][480]LogModuleManager: Shutting down and abandoning module PakFile (1)
[2015.09.16-18.02.00:696][480]LogExit: Exiting.
[2015.09.16-18.02.00:697][480]Log file closed, 09/16/15 20:02:00
