[2015.09.23-17.26.49:568][  0]Log file open, 09/23/15 19:26:49
[2015.09.23-17.26.49:568][  0]LogInit:Display: Running engine for game: NotPartofGame
[2015.09.23-17.26.49:568][  0]LogInit:Display: RandInit(374492341) SRandInit(374492341).
[2015.09.23-17.26.49:568][  0]LogTaskGraph: Started task graph with 4 named threads and 7 total threads.
[2015.09.23-17.26.49:568][  0]LogStats: Stats thread started
[2015.09.23-17.26.49:568][  0]LogInit: Version: 4.8.3-2634408+++depot+UE4-Releases+4.8
[2015.09.23-17.26.49:568][  0]LogInit: API Version: 2579680
[2015.09.23-17.26.49:568][  0]LogInit: Compiled (64-bit): Jul 27 2015 16:24:33
[2015.09.23-17.26.49:568][  0]LogInit: Compiled with Visual C++: 18.00.21005.01
[2015.09.23-17.26.49:568][  0]LogInit: Build Configuration: Development
[2015.09.23-17.26.49:568][  0]LogInit: Branch Name: ++depot+UE4-Releases+4.8
[2015.09.23-17.26.49:568][  0]LogInit: Command line:  /Temp/Autosaves/Game/NPOTG/Maps/UEDPCTesting_Level -game -PIEVIACONSOLE -ResX=1280 -ResY=720  -Multiprocess 
[2015.09.23-17.26.49:568][  0]LogInit: Base directory: C:/Users/Bodoo/Documents/Programmieren/4.8/Engine/Binaries/Win64/
[2015.09.23-17.26.49:568][  0]LogInit: Rocket: 1
[2015.09.23-17.26.49:589][  0]LogInit: Using libcurl 7.41.0
[2015.09.23-17.26.49:589][  0]LogInit:  - built for x86_64-pc-win32
[2015.09.23-17.26.49:589][  0]LogInit:  - supports SSL with WinSSL
[2015.09.23-17.26.49:589][  0]LogInit:  - other features:
[2015.09.23-17.26.49:589][  0]LogInit:      CURL_VERSION_SSL
[2015.09.23-17.26.49:589][  0]LogInit:      CURL_VERSION_IPV6
[2015.09.23-17.26.49:589][  0]LogInit:      CURL_VERSION_ASYNCHDNS
[2015.09.23-17.26.49:589][  0]LogInit:      CURL_VERSION_LARGEFILE
[2015.09.23-17.26.49:589][  0]LogInit:      CURL_VERSION_IDN
[2015.09.23-17.26.49:589][  0]LogInit:  CurlRequestOptions (configurable via config and command line):
[2015.09.23-17.26.49:589][  0]LogInit:  - bVerifyPeer = true  - Libcurl will verify peer certificate
[2015.09.23-17.26.49:589][  0]LogInit:  - bUseHttpProxy = false  - Libcurl will NOT use HTTP proxy
[2015.09.23-17.26.49:589][  0]LogInit:  - bDontReuseConnections = false  - Libcurl will reuse connections
[2015.09.23-17.26.49:589][  0]LogInit:  - CertBundlePath = nullptr  - Libcurl will use whatever was configured at build time.
[2015.09.23-17.26.49:603][  0]LogOnline:Warning: No default platform service specified for OnlineSubsystem
[2015.09.23-17.26.49:618][  0]LogInit: Presizing for 0 objects not considered by GC, pre-allocating 0 bytes.
[2015.09.23-17.26.49:626][  0]LogInit: Object subsystem initialized
[2015.09.23-17.26.49:627][  0]LogConsoleResponse:Warning: Skipping Unknown console variable: 'UIScaleCurve = (EditorCurveData=(Keys=((Time=480.000000,Value=0.444000),(Time=720.000000,Value=0.666000),(Time=1080.000000,Value=1.000000),(Time=8640.000000,Value=8.000000))),ExternalCurve=None)'
[2015.09.23-17.26.49:627][  0]LogConsoleResponse:Warning:   Found in ini file 'C:/Users/Bodoo/Documents/Programmieren/Projekte/NotPartofTheGame/Saved/Config/Windows/Engine.ini', in section '[/Script/Engine.RendererSettings]'
[2015.09.23-17.26.49:628][  0]LogConsoleManager:Warning: Console variable 'r.MSAA.CompositingSampleCount' wasn't set ('Scalability' has a lower priority than 'ProjectSetting')
[2015.09.23-17.26.49:628][  0]LogInit: Selected Device Profile: [Windows]
[2015.09.23-17.26.49:628][  0]LogInit: Applying CVar settings loaded from the selected device profile: [Windows]
[2015.09.23-17.26.49:632][  0]LogInit: Computer: DESKTOP-GLF6O4V
[2015.09.23-17.26.49:632][  0]LogInit: User: Bodoo
[2015.09.23-17.26.49:632][  0]LogInit: CPU Page size=4096, Cores=4
[2015.09.23-17.26.49:632][  0]LogInit: High frequency timer resolution =3.215354 MHz
[2015.09.23-17.26.49:632][  0]LogMemory: Memory total: Physical=12.0GB (12GB approx)
[2015.09.23-17.26.49:632][  0]LogMemory: Platform Memory Stats for Windows
[2015.09.23-17.26.49:632][  0]LogMemory: Process Physical Memory: 51.20 MB used, 51.20 MB peak
[2015.09.23-17.26.49:632][  0]LogMemory: Process Virtual Memory: 22.53 MB used, 22.53 MB peak
[2015.09.23-17.26.49:632][  0]LogMemory: Physical Memory: 2736.73 MB used, 12270.45 MB total
[2015.09.23-17.26.49:632][  0]LogMemory: Virtual Memory: 310.63 MB used, 134217728.00 MB total
[2015.09.23-17.26.49:661][  0]LogTextLocalizationManager: The requested culture ('de_DE') has no localization data; falling back to 'en' for localization and internationalization data.
[2015.09.23-17.26.49:911][  0]LogTextLocalizationManager:Warning: Loaded localization resources contain conflicting entries for (Namespace:ContentBrowser, Key:ImportAssetToolTip):
Localization Resource: (C:/Users/Bodoo/Documents/Programmieren/4.8/Engine/Content/Localization/Editor/en/Editor.locres) Source String Hash: (-630476809) Localized String: (Import to {0}...)
Localization Resource: (C:/Users/Bodoo/Documents/Programmieren/4.8/Engine/Content/Localization/Editor/en/Editor.locres) Source String Hash: (1271782899) Localized String: (Imports an asset from file to this folder.)
[2015.09.23-17.26.50:240][  0]LogD3D11RHI: Found D3D11 adapter 0: AMD Radeon HD 6800 Series (Feature Level 11_0)
[2015.09.23-17.26.50:240][  0]LogD3D11RHI: Adapter has 1011MB of dedicated video memory, 0MB of dedicated system memory, and 3840MB of shared system memory, 1 output[s]
[2015.09.23-17.26.50:241][  0]LogD3D11RHI: Found D3D11 adapter 1: Microsoft Basic Render Driver (Feature Level 11_0)
[2015.09.23-17.26.50:241][  0]LogD3D11RHI: Adapter has 0MB of dedicated video memory, 0MB of dedicated system memory, and 6135MB of shared system memory, 0 output[s]
[2015.09.23-17.26.50:241][  0]LogD3D11RHI: Chosen D3D11 Adapter Id = 0
[2015.09.23-17.26.50:244][  0]LogD3D11RHI: InitD3DDevice
[2015.09.23-17.26.50:244][  0]LogD3D11RHI: !Direct3DDevice
[2015.09.23-17.26.50:244][  0]LogRHI: Texture pool is 708 MB (70% of 1011 MB)
[2015.09.23-17.26.50:250][  0]LogD3D11RHI: Async texture creation disabled: no driver support
[2015.09.23-17.26.50:260][  0]LogShaderCompilers:Display: Using Local Shader Compiler.
[2015.09.23-17.26.51:051][  0]LogTemp:Display: Loaded TP DesktopTargetPlatform
[2015.09.23-17.26.51:066][  0]LogTemp:Display: Loaded TP WindowsClientTargetPlatform
[2015.09.23-17.26.51:080][  0]LogTemp:Display: Loaded TP WindowsNoEditorTargetPlatform
[2015.09.23-17.26.51:093][  0]LogTemp:Display: Loaded TP WindowsServerTargetPlatform
[2015.09.23-17.26.51:109][  0]LogTemp:Display: Loaded TP WindowsTargetPlatform
[2015.09.23-17.26.51:121][  0]LogTemp:Display: Loaded TP AndroidTargetPlatform
[2015.09.23-17.26.51:133][  0]LogTemp:Display: Loaded TP Android_ASTCTargetPlatform
[2015.09.23-17.26.51:146][  0]LogTemp:Display: Loaded TP Android_ATCTargetPlatform
[2015.09.23-17.26.51:158][  0]LogTemp:Display: Loaded TP Android_DXTTargetPlatform
[2015.09.23-17.26.51:172][  0]LogTemp:Display: Loaded TP Android_ETC1TargetPlatform
[2015.09.23-17.26.51:186][  0]LogTemp:Display: Loaded TP Android_ETC2TargetPlatform
[2015.09.23-17.26.51:199][  0]LogTemp:Display: Loaded TP Android_PVRTCTargetPlatform
[2015.09.23-17.26.51:248][  0]LogTemp:Display: Loaded TP IOSTargetPlatform
[2015.09.23-17.26.51:260][  0]LogTemp:Display: Loaded TP LinuxNoEditorTargetPlatform
[2015.09.23-17.26.51:273][  0]LogTemp:Display: Loaded TP LinuxServerTargetPlatform
[2015.09.23-17.26.51:288][  0]LogTemp:Display: Loaded TP LinuxTargetPlatform
[2015.09.23-17.26.51:288][  0]LogTargetPlatformManager:Display: Building Assets For Windows
[2015.09.23-17.26.51:494][  0]LogDerivedDataCache:Display: Max Cache Size: 512 MB
[2015.09.23-17.26.51:565][  0]LogDerivedDataCache: Loaded boot cache 0.07s 53MB C:/Users/Bodoo/AppData/Local/UnrealEngine/4.8/DerivedDataCache/Boot.ddc.
[2015.09.23-17.26.51:565][  0]LogDerivedDataCache:Display: Loaded Boot cache: C:/Users/Bodoo/AppData/Local/UnrealEngine/4.8/DerivedDataCache/Boot.ddc
[2015.09.23-17.26.51:565][  0]LogDerivedDataCache: FDerivedDataBackendGraph:  Pak pak cache file ../../../../Projekte/NotPartofTheGame/DerivedDataCache/DDC.ddp not found, will not use a pak cache.
[2015.09.23-17.26.51:565][  0]LogDerivedDataCache: Unable to find inner node Pak for hierarchical cache Hierarchy.
[2015.09.23-17.26.51:565][  0]LogDerivedDataCache: FDerivedDataBackendGraph:  CompressedPak pak cache file ../../../../Projekte/NotPartofTheGame/DerivedDataCache/Compressed.ddp not found, will not use a pak cache.
[2015.09.23-17.26.51:565][  0]LogDerivedDataCache: Unable to find inner node CompressedPak for hierarchical cache Hierarchy.
[2015.09.23-17.26.51:712][  0]LogDerivedDataCache:Display: Pak cache opened for reading ../../../Engine/DerivedDataCache/Compressed.ddp.
[2015.09.23-17.26.51:724][  0]LogDerivedDataCache: Using Local data cache path C:/Users/Bodoo/AppData/Local/UnrealEngine/Common/DerivedDataCache: Writable
[2015.09.23-17.26.51:953][  0]LogInit: Selected Device Profile: [Windows]
[2015.09.23-17.26.52:037][  0]ImportText (ComponentSweepMultiTests): Missing closing parenthesis: (RootShapeAsset="/Engine/BasicShapes/Cube.Cube",ShapeType="TriggerCapsule",HitResult=(Time=0.50,Location=(X=-100.000015,Y=0.0,Z=100.000015),ImpactPoint=(X=-50.0,Y=0.0,Z=50.0),Normal=(X=-1.0,Y=-0.0,Z=0.0),ImpactNormal=(X=0.0,Y=0.0,Z=1.0),TraceStart=(X=-200.0,Y=0.0,Z=200.0),TraceEnd=(X=0.0,Y=0.0,Z=0.0))
[2015.09.23-17.26.52:038][  0]ImportText (LineTraceSingleByChannelTests): Missing closing parenthesis: (RootShapeAsset="/Engine/BasicShapes/Cube.Cube",HitResult=(Time=0.50,Location=(X=-100.000015,Y=0.0,Z=100.000015),ImpactPoint=(X=-50.0,Y=0.0,Z=50.0),Normal=(X=-1.0,Y=-0.0,Z=0.0),ImpactNormal=(X=0.0,Y=0.0,Z=1.0),TraceStart=(X=-200.0,Y=0.0,Z=200.0),TraceEnd=(X=0.0,Y=0.0,Z=0.0))
[2015.09.23-17.26.52:065][  0]LogMeshUtilities: No automatic mesh reduction module available
[2015.09.23-17.26.52:065][  0]LogMeshUtilities: No automatic mesh merging module available
[2015.09.23-17.26.52:352][  0]LogInit: WinSock: version 1.1 (2.2), MaxSocks=32767, MaxUdp=65467
[2015.09.23-17.26.52:784][  0]LogD3D11RHI: InitD3DDevice
[2015.09.23-17.26.52:788][  0]LogWindowsMoviePlayer: Unable to load movie: ../../../../Projekte/NotPartofTheGame/Content/Movies/Default_Startup.mp4
[2015.09.23-17.26.52:932][  0]LogAssetRegistry: FAssetRegistry took 0.0001 seconds to start up
[2015.09.23-17.26.52:977][  0]SourceControl: Info Source control is disabled
[2015.09.23-17.26.52:977][  0]SourceControl: Info Source control is disabled
[2015.09.23-17.26.52:987][  0]SourceControl: Info Source control is disabled
[2015.09.23-17.26.53:172][  0]LogObj: 25913 objects as part of root set at end of initial load.
[2015.09.23-17.26.53:172][  0]LogUObjectAllocator: 5218488 out of 0 bytes used by permanent object pool.
[2015.09.23-17.26.53:243][  0]LogAutomationTest:Warning: ERR: Transient text cannot be serialized "Testing Transient serialization detection".
[2015.09.23-17.26.53:243][  0]LogEngine: Initializing Engine...
[2015.09.23-17.26.53:245][  0]LogHMD: Can't find Oculus library dev build: is proper Runtime installed? Version: 0.6.0.0
[2015.09.23-17.26.53:246][  0]LogHMD:Warning: SteamVR failed to initialize.  Error: 110
[2015.09.23-17.26.53:340][  0]LogInit: XAudio2 using 'Lautsprecher (Realtek High Definition Audio)' : 2 channels at 48 kHz using 32 bits per sample (channel mask 0x3)
[2015.09.23-17.26.53:348][  0]LogInit: FAudioDevice initialized.
[2015.09.23-17.26.53:359][  0]LogInit: Texture streaming: Disabled
[2015.09.23-17.26.53:422][  0]LogNet: Browse: /Temp/Autosaves/Game/NPOTG/Maps/UEDPCTesting_Level?Name=Player
[2015.09.23-17.26.53:422][  0]LogLoad: LoadMap: /Temp/Autosaves/Game/NPOTG/Maps/UEDPCTesting_Level?Name=Player
[2015.09.23-17.26.53:432][  0]LogParticles: Destroying 0 GPU particle simulations for FXSystem 0x0000001622173560
[2015.09.23-17.26.53:440][  0]LogMemory: Platform Memory Stats for Windows
[2015.09.23-17.26.53:440][  0]LogMemory: Process Physical Memory: 328.06 MB used, 330.72 MB peak
[2015.09.23-17.26.53:440][  0]LogMemory: Process Virtual Memory: 364.12 MB used, 364.12 MB peak
[2015.09.23-17.26.53:440][  0]LogMemory: Physical Memory: 2970.80 MB used, 12270.45 MB total
[2015.09.23-17.26.53:440][  0]LogMemory: Virtual Memory: 886.09 MB used, 134217728.00 MB total
[2015.09.23-17.26.53:440][  0]LogMemory: 
[2015.09.23-17.26.53:440][  0]Allocator Stats for TBB: (not implemented)
[2015.09.23-17.26.53:731][  0]LogProperty:Warning: ERR: Transient text cannot be serialized "ReturnValue Z".
[2015.09.23-17.26.53:731][  0]LogProperty:Warning: ERR: Transient text cannot be serialized "ReturnValue Y".
[2015.09.23-17.26.53:731][  0]LogProperty:Warning: ERR: Transient text cannot be serialized "ReturnValue X".
[2015.09.23-17.26.54:053][  0]LogProperty:Warning: ERR: Transient text cannot be serialized "ReturnValue Z".
[2015.09.23-17.26.54:053][  0]LogProperty:Warning: ERR: Transient text cannot be serialized "ReturnValue Y".
[2015.09.23-17.26.54:053][  0]LogProperty:Warning: ERR: Transient text cannot be serialized "ReturnValue X".
[2015.09.23-17.26.54:426][  0]LogProperty:Warning: ERR: Transient text cannot be serialized "NewRotation Roll".
[2015.09.23-17.26.54:426][  0]LogProperty:Warning: ERR: Transient text cannot be serialized "NewRotation Yaw".
[2015.09.23-17.26.54:426][  0]LogProperty:Warning: ERR: Transient text cannot be serialized "NewRotation Pitch".
[2015.09.23-17.26.54:426][  0]LogProperty:Warning: ERR: Transient text cannot be serialized "NewRotation Roll".
[2015.09.23-17.26.54:426][  0]LogProperty:Warning: ERR: Transient text cannot be serialized "NewRotation Yaw".
[2015.09.23-17.26.54:426][  0]LogProperty:Warning: ERR: Transient text cannot be serialized "NewRotation Pitch".
[2015.09.23-17.26.54:431][  0]LogProperty:Warning: ERR: Transient text cannot be serialized "ReturnValue Z".
[2015.09.23-17.26.54:431][  0]LogProperty:Warning: ERR: Transient text cannot be serialized "ReturnValue Y".
[2015.09.23-17.26.54:431][  0]LogProperty:Warning: ERR: Transient text cannot be serialized "ReturnValue X".
[2015.09.23-17.26.54:496][  0]LogProperty:Warning: ERR: Transient text cannot be serialized "NewRotation Roll".
[2015.09.23-17.26.54:496][  0]LogProperty:Warning: ERR: Transient text cannot be serialized "NewRotation Yaw".
[2015.09.23-17.26.54:496][  0]LogProperty:Warning: ERR: Transient text cannot be serialized "NewRotation Pitch".
[2015.09.23-17.26.54:496][  0]LogProperty:Warning: ERR: Transient text cannot be serialized "NewRotation Roll".
[2015.09.23-17.26.54:496][  0]LogProperty:Warning: ERR: Transient text cannot be serialized "NewRotation Yaw".
[2015.09.23-17.26.54:496][  0]LogProperty:Warning: ERR: Transient text cannot be serialized "NewRotation Pitch".
[2015.09.23-17.26.54:501][  0]LogProperty:Warning: ERR: Transient text cannot be serialized "ReturnValue Z".
[2015.09.23-17.26.54:501][  0]LogProperty:Warning: ERR: Transient text cannot be serialized "ReturnValue Y".
[2015.09.23-17.26.54:501][  0]LogProperty:Warning: ERR: Transient text cannot be serialized "ReturnValue X".
[2015.09.23-17.26.55:739][  0]LogAIModule: Creating AISystem for world Testing_Level
[2015.09.23-17.26.55:739][  0]LogWorld: Game class is '2DSideScrollerGameMode_C'
[2015.09.23-17.26.55:827][  0]LogWorld: Bringing World /Temp/Autosaves/Game/NPOTG/Maps/UEDPCTesting_Level.Testing_Level up for play (max tick rate 0) at 2015.09.23-19.26.55
[2015.09.23-17.26.55:845][  0]LogWorld: Bringing up level for play took: 0.102576
[2015.09.23-17.26.55:850][  0]LogInit:Display: Game Engine Initialized.
[2015.09.23-17.26.56:073][  0]LogLoad: Full Startup: 8.13 seconds (BP compile: 1.18 seconds)
[2015.09.23-17.26.56:091][  0]LogWindowsTextInputMethodSystem:Display: IME system now deactivated.
[2015.09.23-17.26.56:091][  0]LogWindowsTextInputMethodSystem:Display: IME system now deactivated.
[2015.09.23-17.26.56:093][  0]LogContentStreaming: Texture pool size is 1000.000000MB
[2015.09.23-17.26.56:221][  0]LogRenderer: Reallocating scene render targets to support 1280x720 (Frame:2).
[2015.09.23-17.26.56:342][  1]LogScript:Warning: Accessed None 'PointA'
	wolf_C /Temp/Autosaves/Game/NPOTG/Maps/UEDPCTesting_Level.Testing_Level:PersistentLevel.wolf_C_15
	Function /Game/NPOTG/Blueprints/Charaktere/wolf.wolf_C:ExecuteUbergraph_wolf:007F
[2015.09.23-17.26.56:342][  1]LogScript:Warning: Accessed None 'PointB'
	wolf_C /Temp/Autosaves/Game/NPOTG/Maps/UEDPCTesting_Level.Testing_Level:PersistentLevel.wolf_C_15
	Function /Game/NPOTG/Blueprints/Charaktere/wolf.wolf_C:ExecuteUbergraph_wolf:00AA
[2015.09.23-17.26.56:357][  2]LogScript:Warning: Accessed None 'PointA'
	wolf_C /Temp/Autosaves/Game/NPOTG/Maps/UEDPCTesting_Level.Testing_Level:PersistentLevel.wolf_C_15
	Function /Game/NPOTG/Blueprints/Charaktere/wolf.wolf_C:ExecuteUbergraph_wolf:007F
[2015.09.23-17.26.56:357][  2]LogScript:Warning: Accessed None 'PointB'
	wolf_C /Temp/Autosaves/Game/NPOTG/Maps/UEDPCTesting_Level.Testing_Level:PersistentLevel.wolf_C_15
	Function /Game/NPOTG/Blueprints/Charaktere/wolf.wolf_C:ExecuteUbergraph_wolf:00AA
[2015.09.23-17.26.56:379][  3]LogScript:Warning: Accessed None 'PointA'
	wolf_C /Temp/Autosaves/Game/NPOTG/Maps/UEDPCTesting_Level.Testing_Level:PersistentLevel.wolf_C_15
	Function /Game/NPOTG/Blueprints/Charaktere/wolf.wolf_C:ExecuteUbergraph_wolf:007F
[2015.09.23-17.26.56:379][  3]LogScript:Warning: Accessed None 'PointB'
	wolf_C /Temp/Autosaves/Game/NPOTG/Maps/UEDPCTesting_Level.Testing_Level:PersistentLevel.wolf_C_15
	Function /Game/NPOTG/Blueprints/Charaktere/wolf.wolf_C:ExecuteUbergraph_wolf:00AA
[2015.09.23-17.26.56:395][  4]LogScript:Warning: Accessed None 'PointA'
	wolf_C /Temp/Autosaves/Game/NPOTG/Maps/UEDPCTesting_Level.Testing_Level:PersistentLevel.wolf_C_15
	Function /Game/NPOTG/Blueprints/Charaktere/wolf.wolf_C:ExecuteUbergraph_wolf:007F
[2015.09.23-17.26.56:395][  4]LogScript:Warning: Accessed None 'PointB'
	wolf_C /Temp/Autosaves/Game/NPOTG/Maps/UEDPCTesting_Level.Testing_Level:PersistentLevel.wolf_C_15
	Function /Game/NPOTG/Blueprints/Charaktere/wolf.wolf_C:ExecuteUbergraph_wolf:00AA
[2015.09.23-17.26.56:411][  5]LogScript:Warning: Accessed None 'PointA'
	wolf_C /Temp/Autosaves/Game/NPOTG/Maps/UEDPCTesting_Level.Testing_Level:PersistentLevel.wolf_C_15
	Function /Game/NPOTG/Blueprints/Charaktere/wolf.wolf_C:ExecuteUbergraph_wolf:007F
[2015.09.23-17.26.56:411][  5]LogScript:Warning: Accessed None 'PointB'
	wolf_C /Temp/Autosaves/Game/NPOTG/Maps/UEDPCTesting_Level.Testing_Level:PersistentLevel.wolf_C_15
	Function /Game/NPOTG/Blueprints/Charaktere/wolf.wolf_C:ExecuteUbergraph_wolf:00AA
[2015.09.23-17.26.56:427][  6]LogScript:Warning: Accessed None 'PointA'
	wolf_C /Temp/Autosaves/Game/NPOTG/Maps/UEDPCTesting_Level.Testing_Level:PersistentLevel.wolf_C_15
	Function /Game/NPOTG/Blueprints/Charaktere/wolf.wolf_C:ExecuteUbergraph_wolf:007F
[2015.09.23-17.26.56:427][  6]LogScript:Warning: Accessed None 'PointB'
	wolf_C /Temp/Autosaves/Game/NPOTG/Maps/UEDPCTesting_Level.Testing_Level:PersistentLevel.wolf_C_15
	Function /Game/NPOTG/Blueprints/Charaktere/wolf.wolf_C:ExecuteUbergraph_wolf:00AA
[2015.09.23-17.26.56:443][  7]LogScript:Warning: Accessed None 'PointA'
	wolf_C /Temp/Autosaves/Game/NPOTG/Maps/UEDPCTesting_Level.Testing_Level:PersistentLevel.wolf_C_15
	Function /Game/NPOTG/Blueprints/Charaktere/wolf.wolf_C:ExecuteUbergraph_wolf:007F
[2015.09.23-17.26.56:444][  7]LogScript:Warning: Accessed None 'PointB'
	wolf_C /Temp/Autosaves/Game/NPOTG/Maps/UEDPCTesting_Level.Testing_Level:PersistentLevel.wolf_C_15
	Function /Game/NPOTG/Blueprints/Charaktere/wolf.wolf_C:ExecuteUbergraph_wolf:00AA
[2015.09.23-17.26.56:460][  8]LogScript:Warning: Accessed None 'PointA'
	wolf_C /Temp/Autosaves/Game/NPOTG/Maps/UEDPCTesting_Level.Testing_Level:PersistentLevel.wolf_C_15
	Function /Game/NPOTG/Blueprints/Charaktere/wolf.wolf_C:ExecuteUbergraph_wolf:007F
[2015.09.23-17.26.56:460][  8]LogScript:Warning: Accessed None 'PointB'
	wolf_C /Temp/Autosaves/Game/NPOTG/Maps/UEDPCTesting_Level.Testing_Level:PersistentLevel.wolf_C_15
	Function /Game/NPOTG/Blueprints/Charaktere/wolf.wolf_C:ExecuteUbergraph_wolf:00AA
[2015.09.23-17.26.56:476][  9]LogScript:Warning: Accessed None 'PointA'
	wolf_C /Temp/Autosaves/Game/NPOTG/Maps/UEDPCTesting_Level.Testing_Level:PersistentLevel.wolf_C_15
	Function /Game/NPOTG/Blueprints/Charaktere/wolf.wolf_C:ExecuteUbergraph_wolf:007F
[2015.09.23-17.28.29:730][789]Set new viewmode: Unlit
[2015.09.23-17.28.41:072][492]LogScriptCore: Script call stack:
	Function /Game/NPOTG/Blueprints/Charaktere/wolf.wolf_C:BndEvt__see cone_K2Node_ComponentBoundEvent_90_ComponentBeginOverlapSignature__DelegateSignature
	Function /Game/NPOTG/Blueprints/Charaktere/wolf.wolf_C:ExecuteUbergraph_wolf
	Function /Game/NPOTG/Blueprints/Charaktere/wolf.wolf_C:start the fight
	Function /Game/NPOTG/Blueprints/Charaktere/wolf.wolf_C:construct fight
	Function /Game/NPOTG/Blueprints/Charaktere/wolf.wolf_C:start the fight
	Function /Game/NPOTG/Blueprints/Charaktere/wolf.wolf_C:construct fight
	Function /Game/NPOTG/Blueprints/Charaktere/wolf.wolf_C:start the fight
	Function /Game/NPOTG/Blueprints/Charaktere/wolf.wolf_C:construct fight
	Function /Game/NPOTG/Blueprints/Charaktere/wolf.wolf_C:start the fight
	Function /Game/NPOTG/Blueprints/Charaktere/wolf.wolf_C:construct fight
	Function /Game/NPOTG/Blueprints/Charaktere/wolf.wolf_C:start the fight
	Function /Game/NPOTG/Blueprints/Charaktere/wolf.wolf_C:construct fight
	Function /Game/NPOTG/Blueprints/Charaktere/wolf.wolf_C:start the fight
	Function /Game/NPOTG/Blueprints/Charaktere/wolf.wolf_C:construct fight
	Function /Game/NPOTG/Blueprints/Charaktere/wolf.wolf_C:start the fight
	Function /Game/NPOTG/Blueprints/Charaktere/wolf.wolf_C:construct fight
	Function /Game/NPOTG/Blueprints/Charaktere/wolf.wolf_C:start the fight
	Function /Game/NPOTG/Blueprints/Charaktere/wolf.wolf_C:construct fight
	Function /Game/NPOTG/Blueprints/Charaktere/wolf.wolf_C:start the fight
	Function /Game/NPOTG/Blueprints/Charaktere/wolf.wolf_C:construct fight
	Function /Game/NPOTG/Blueprints/Charaktere/wolf.wolf_C:start the fight
	Function /Game/NPOTG/Blueprints/Charaktere/wolf.wolf_C:construct fight
	Function /Game/NPOTG/Blueprints/Charaktere/wolf.wolf_C:start the fight
	Function /Game/NPOTG/Blueprints/Charaktere/wolf.wolf_C:construct fight
	Function /Game/NPOTG/Blueprints/Charaktere/wolf.wolf_C:start the fight
	Function /Game/NPOTG/Blueprints/Charaktere/wolf.wolf_C:construct fight
	Function /Game/NPOTG/Blueprints/Charaktere/wolf.wolf_C:start the fight
	Function /Game/NPOTG/Blueprints/Charaktere/wolf.wolf_C:construct fight
	Function /Game/NPOTG/Blueprints/Charaktere/wolf.wolf_C:start the fight
	Function /Game/NPOTG/Blueprints/Charaktere/wolf.wolf_C:construct fight
	Function /Game/NPOTG/Blueprints/Charaktere/wolf.wolf_C:start the fight
	Function /Game/NPOTG/Blueprints/Charaktere/wolf.wolf_C:construct fight
	Function /Game/NPOTG/Blueprints/Charaktere/wolf.wolf_C:start the fight
	Function /Game/NPOTG/Blueprints/Charaktere/wolf.wolf_C:construct fight
	Function /Game/NPOTG/Blueprints/Charaktere/wolf.wolf_C:start the fight
	Function /Game/NPOTG/Blueprints/Charaktere/wolf.wolf_C:construct fight
	Function /Game/NPOTG/Blueprints/Charaktere/wolf.wolf_C:start the fight
	Function /Game/NPOTG/Blueprints/Charaktere/wolf.wolf_C:construct fight
	Function /Game/NPOTG/Blueprints/Charaktere/wolf.wolf_C:start the fight
	Function /Game/NPOTG/Blueprints/Charaktere/wolf.wolf_C:construct fight
	Function /Game/NPOTG/Blueprints/Charaktere/wolf.wolf_C:start the fight
	Function /Game/NPOTG/Blueprints/Charaktere/wolf.wolf_C:construct fight
	Function /Game/NPOTG/Blueprints/Charaktere/wolf.wolf_C:start the fight
	Function /Game/NPOTG/Blueprints/Charaktere/wolf.wolf_C:construct fight
	Function /Game/NPOTG/Blueprints/Charaktere/wolf.wolf_C:start the fight
	Function /Game/NPOTG/Blueprints/Charaktere/wolf.wolf_C:construct fight
	Function /Game/NPOTG/Blueprints/Charaktere/wolf.wolf_C:start the fight
	Function /Game/NPOTG/Blueprints/Charaktere/wolf.wolf_C:construct fight
	Function /Game/NPOTG/Blueprints/Charaktere/wolf.wolf_C:start the fight
	Function /Game/NPOTG/Blueprints/Charaktere/wolf.wolf_C:construct fight
	Function /Game/NPOTG/Blueprints/Charaktere/wolf.wolf_C:start the fight
	Function /Game/NPOTG/Blueprints/Charaktere/wolf.wolf_C:construct fight
	Function /Game/NPOTG/Blueprints/Charaktere/wolf.wolf_C:start the fight
	Function /Game/NPOTG/Blueprints/Charaktere/wolf.wolf_C:construct fight
	Function /Game/NPOTG/Blueprints/Charaktere/wolf.wolf_C:start the fight
	Function /Game/NPOTG/Blueprints/Charaktere/wolf.wolf_C:construct fight
	Function /Game/NPOTG/Blueprints/Charaktere/wolf.wolf_C:start the fight
	Function /Game/NPOTG/Blueprints/Charaktere/wolf.wolf_C:construct fight
	Function /Game/NPOTG/Blueprints/Charaktere/wolf.wolf_C:start the fight
	Function /Game/NPOTG/Blueprints/Charaktere/wolf.wolf_C:construct fight
	Function /Game/NPOTG/Blueprints/Charaktere/wolf.wolf_C:start the fight
	Function /Game/NPOTG/Blueprints/Charaktere/wolf.wolf_C:construct fight
	Function /Game/NPOTG/Blueprints/Charaktere/wolf.wolf_C:start the fight
	Function /Game/NPOTG/Blueprints/Charaktere/wolf.wolf_C:construct fight
	Function /Game/NPOTG/Blueprints/Charaktere/wolf.wolf_C:start the fight
	Function /Game/NPOTG/Blueprints/Charaktere/wolf.wolf_C:construct fight
	Function /Game/NPOTG/Blueprints/Charaktere/wolf.wolf_C:start the fight
	Function /Game/NPOTG/Blueprints/Charaktere/wolf.wolf_C:construct fight
	Function /Game/NPOTG/Blueprints/Charaktere/wolf.wolf_C:start the fight
	Function /Game/NPOTG/Blueprints/Charaktere/wolf.wolf_C:construct fight
	Function /Game/NPOTG/Blueprints/Charaktere/wolf.wolf_C:start the fight
	Function /Game/NPOTG/Blueprints/Charaktere/wolf.wolf_C:construct fight
	Function /Game/NPOTG/Blueprints/Charaktere/wolf.wolf_C:start the fight
	Function /Game/NPOTG/Blueprints/Charaktere/wolf.wolf_C:construct fight
	Function /Game/NPOTG/Blueprints/Charaktere/wolf.wolf_C:start the fight
	Function /Game/NPOTG/Blueprints/Charaktere/wolf.wolf_C:construct fight
	Function /Game/NPOTG/Blueprints/Charaktere/wolf.wolf_C:start the fight
	Function /Game/NPOTG/Blueprints/Charaktere/wolf.wolf_C:construct fight
	Function /Game/NPOTG/Blueprints/Charaktere/wolf.wolf_C:start the fight
	Function /Game/NPOTG/Blueprints/Charaktere/wolf.wolf_C:construct fight
	Function /Game/NPOTG/Blueprints/Charaktere/wolf.wolf_C:start the fight
	Function /Game/NPOTG/Blueprints/Charaktere/wolf.wolf_C:construct fight
	Function /Game/NPOTG/Blueprints/Charaktere/wolf.wolf_C:start the fight
	Function /Game/NPOTG/Blueprints/Charaktere/wolf.wolf_C:construct fight
	Function /Game/NPOTG/Blueprints/Charaktere/wolf.wolf_C:start the fight
	Function /Game/NPOTG/Blueprints/Charaktere/wolf.wolf_C:construct fight
	Function /Game/NPOTG/Blueprints/Charaktere/wolf.wolf_C:start the fight
	Function /Game/NPOTG/Blueprints/Charaktere/wolf.wolf_C:construct fight
	Function /Game/NPOTG/Blueprints/Charaktere/wolf.wolf_C:start the fight
	Function /Game/NPOTG/Blueprints/Charaktere/wolf.wolf_C:construct fight
	Function /Game/NPOTG/Blueprints/Charaktere/wolf.wolf_C:start the fight
	Function /Game/NPOTG/Blueprints/Charaktere/wolf.wolf_C:construct fight
	Function /Game/NPOTG/Blueprints/Charaktere/wolf.wolf_C:start the fight
	Function /Game/NPOTG/Blueprints/Charaktere/wolf.wolf_C:construct fight
	Function /Game/NPOTG/Blueprints/Charaktere/wolf.wolf_C:start the fight
	Function /Game/NPOTG/Blueprints/Charaktere/wolf.wolf_C:construct fight
	Function /Game/NPOTG/Blueprints/Charaktere/wolf.wolf_C:start the fight
	Function /Game/NPOTG/Blueprints/Charaktere/wolf.wolf_C:construct fight
	Function /Game/NPOTG/Blueprints/Charaktere/wolf.wolf_C:start the fight
	Function /Game/NPOTG/Blueprints/Charaktere/wolf.wolf_C:construct fight
	Function /Game/NPOTG/Blueprints/Charaktere/wolf.wolf_C:start the fight
	Function /Game/NPOTG/Blueprints/Charaktere/wolf.wolf_C:construct fight
	Function /Game/NPOTG/Blueprints/Charaktere/wolf.wolf_C:start the fight
	Function /Game/NPOTG/Blueprints/Charaktere/wolf.wolf_C:construct fight
	Function /Game/NPOTG/Blueprints/Charaktere/wolf.wolf_C:start the fight
	Function /Game/NPOTG/Blueprints/Charaktere/wolf.wolf_C:construct fight
	Function /Game/NPOTG/Blueprints/Charaktere/wolf.wolf_C:start the fight
	Function /Game/NPOTG/Blueprints/Charaktere/wolf.wolf_C:construct fight
	Function /Game/NPOTG/Blueprints/Charaktere/wolf.wolf_C:start the fight
	Function /Game/NPOTG/Blueprints/Charaktere/wolf.wolf_C:construct fight
	Function /Game/NPOTG/Blueprints/Charaktere/wolf.wolf_C:start the fight
	Function /Game/NPOTG/Blueprints/Charaktere/wolf.wolf_C:construct fight
	Function /Game/NPOTG/Blueprints/Charaktere/wolf.wolf_C:start the fight
	Function /Game/NPOTG/Blueprints/Charaktere/wolf.wolf_C:construct fight
	Function /Game/NPOTG/Blueprints/Charaktere/wolf.wolf_C:start the fight
	Function /Game/NPOTG/Blueprints/Charaktere/wolf.wolf_C:construct fight
	Function /Game/NPOTG/Blueprints/Charaktere/wolf.wolf_C:start the fight
	Function /Game/NPOTG/Blueprints/Charaktere/wolf.wolf_C:construct fight
	Function /Game/NPOTG/Blueprints/Charaktere/wolf.wolf_C:start the fight
	Function /Game/NPOTG/Blueprints/Charaktere/wolf.wolf_C:construct fight
	Function /Game/NPOTG/Blueprints/Charaktere/wolf.wolf_C:start the fight
	Function /Game/NPOTG/Blueprints/Charaktere/wolf.wolf_C:construct fight
	Function /Game/NPOTG/Blueprints/Charaktere/wolf.wolf_C:start the fight
	Function /Game/NPOTG/Blueprints/Charaktere/wolf.wolf_C:construct fight
	Function /Game/NPOTG/Blueprints/Charaktere/wolf.wolf_C:start the fight
	Function /Game/NPOTG/Blueprints/Charaktere/wolf.wolf_C:construct fight
	Function /Game/NPOTG/Blueprints/Charaktere/wolf.wolf_C:start the fight
	Function /Game/NPOTG/Blueprints/Charaktere/wolf.wolf_C:construct fight
	Function /Game/NPOTG/Blueprints/Charaktere/wolf.wolf_C:start the fight
	Function /Game/NPOTG/Blueprints/Charaktere/wolf.wolf_C:construct fight
	Function /Game/NPOTG/Blueprints/Charaktere/wolf.wolf_C:start the fight
	Function /Game/NPOTG/Blueprints/Charaktere/wolf.wolf_C:construct fight
	Function /Game/NPOTG/Blueprints/Charaktere/wolf.wolf_C:start the fight
	Function /Game/NPOTG/Blueprints/Charaktere/wolf.wolf_C:construct fight
	Function /Game/NPOTG/Blueprints/Charaktere/wolf.wolf_C:start the fight
	Function /Game/NPOTG/Blueprints/Charaktere/wolf.wolf_C:construct fight
	Function /Game/NPOTG/Blueprints/Charaktere/wolf.wolf_C:start the fight
	Function /Game/NPOTG/Blueprints/Charaktere/wolf.wolf_C:construct fight
	Function /Game/NPOTG/Blueprints/Charaktere/wolf.wolf_C:start the fight
	Function /Game/NPOTG/Blueprints/Charaktere/wolf.wolf_C:construct fight
	Function /Game/NPOTG/Blueprints/Charaktere/wolf.wolf_C:start the fight
	Function /Game/NPOTG/Blueprints/Charaktere/wolf.wolf_C:construct fight
	Function /Game/NPOTG/Blueprints/Charaktere/wolf.wolf_C:start the fight
	Function /Game/NPOTG/Blueprints/Charaktere/wolf.wolf_C:construct fight
	Function /Game/NPOTG/Blueprints/Charaktere/wolf.wolf_C:start the fight
	Function /Game/NPOTG/Blueprints/Charaktere/wolf.wolf_C:construct fight
	Function /Game/NPOTG/Blueprints/Charaktere/wolf.wolf_C:start the fight
	Function /Game/NPOTG/Blueprints/Charaktere/wolf.wolf_C:construct fight
	Function /Game/NPOTG/Blueprints/Charaktere/wolf.wolf_C:start the fight
	Function /Game/NPOTG/Blueprints/Charaktere/wolf.wolf_C:construct fight
	Function /Game/NPOTG/Blueprints/Charaktere/wolf.wolf_C:start the fight
	Function /Game/NPOTG/Blueprints/Charaktere/wolf.wolf_C:construct fight
	Function /Game/NPOTG/Blueprints/Charaktere/wolf.wolf_C:start the fight
	Function /Game/NPOTG/Blueprints/Charaktere/wolf.wolf_C:construct fight
	Function /Game/NPOTG/Blueprints/Charaktere/wolf.wolf_C:start the fight
	Function /Game/NPOTG/Blueprints/Charaktere/wolf.wolf_C:construct fight
	Function /Game/NPOTG/Blueprints/Charaktere/wolf.wolf_C:start the fight
	Function /Game/NPOTG/Blueprints/Charaktere/wolf.wolf_C:construct fight
	Function /Game/NPOTG/Blueprints/Charaktere/wolf.wolf_C:start the fight
	Function /Game/NPOTG/Blueprints/Charaktere/wolf.wolf_C:construct fight
	Function /Game/NPOTG/Blueprints/Charaktere/wolf.wolf_C:start the fight
	Function /Game/NPOTG/Blueprints/Charaktere/wolf.wolf_C:construct fight
	Function /Game/NPOTG/Blueprints/Charaktere/wolf.wolf_C:start the fight
	Function /Game/NPOTG/Blueprints/Charaktere/wolf.wolf_C:construct fight
	Function /Game/NPOTG/Blueprints/Charaktere/wolf.wolf_C:start the fight
	Function /Game/NPOTG/Blueprints/Charaktere/wolf.wolf_C:construct fight
	Function /Game/NPOTG/Blueprints/Charaktere/wolf.wolf_C:start the fight
	Function /Game/NPOTG/Blueprints/Charaktere/wolf.wolf_C:construct fight
	Function /Game/NPOTG/Blueprints/Charaktere/wolf.wolf_C:start the fight
	Function /Game/NPOTG/Blueprints/Charaktere/wolf.wolf_C:construct fight
	Function /Game/NPOTG/Blueprints/Charaktere/wolf.wolf_C:start the fight
	Function /Game/NPOTG/Blueprints/Charaktere/wolf.wolf_C:construct fight
	Function /Game/NPOTG/Blueprints/Charaktere/wolf.wolf_C:start the fight
	Function /Game/NPOTG/Blueprints/Charaktere/wolf.wolf_C:construct fight
	Function /Game/NPOTG/Blueprints/Charaktere/wolf.wolf_C:start the fight
	Function /Game/NPOTG/Blueprints/Charaktere/wolf.wolf_C:construct fight
	Function /Game/NPOTG/Blueprints/Charaktere/wolf.wolf_C:start the fight
	Function /Game/NPOTG/Blueprints/Charaktere/wolf.wolf_C:construct fight
	Function /Game/NPOTG/Blueprints/Charaktere/wolf.wolf_C:start the fight
	Function /Game/NPOTG/Blueprints/Charaktere/wolf.wolf_C:construct fight
	Function /Game/NPOTG/Blueprints/Charaktere/wolf.wolf_C:start the fight
	Function /Game/NPOTG/Blueprints/Charaktere/wolf.wolf_C:construct fight
	Function /Game/NPOTG/Blueprints/Charaktere/wolf.wolf_C:start the fight
	Function /Game/NPOTG/Blueprints/Charaktere/wolf.wolf_C:construct fight
	Function /Game/NPOTG/Blueprints/Charaktere/wolf.wolf_C:start the fight
	Function /Game/NPOTG/Blueprints/Charaktere/wolf.wolf_C:construct fight
	Function /Game/NPOTG/Blueprints/Charaktere/wolf.wolf_C:start the fight
	Function /Game/NPOTG/Blueprints/Charaktere/wolf.wolf_C:construct fight
	Function /Game/NPOTG/Blueprints/Charaktere/wolf.wolf_C:start the fight
	Function /Game/NPOTG/Blueprints/Charaktere/wolf.wolf_C:construct fight
	Function /Game/NPOTG/Blueprints/Charaktere/wolf.wolf_C:start the fight
	Function /Game/NPOTG/Blueprints/Charaktere/wolf.wolf_C:construct fight
	Function /Game/NPOTG/Blueprints/Charaktere/wolf.wolf_C:start the fight
	Function /Game/NPOTG/Blueprints/Charaktere/wolf.wolf_C:construct fight
	Function /Game/NPOTG/Blueprints/Charaktere/wolf.wolf_C:start the fight
	Function /Game/NPOTG/Blueprints/Charaktere/wolf.wolf_C:construct fight
	Function /Game/NPOTG/Blueprints/Charaktere/wolf.wolf_C:start the fight
	Function /Game/NPOTG/Blueprints/Charaktere/wolf.wolf_C:construct fight
	Function /Game/NPOTG/Blueprints/Charaktere/wolf.wolf_C:start the fight
	Function /Game/NPOTG/Blueprints/Charaktere/wolf.wolf_C:construct fight
	Function /Game/NPOTG/Blueprints/Charaktere/wolf.wolf_C:start the fight
	Function /Game/NPOTG/Blueprints/Charaktere/wolf.wolf_C:construct fight
	Function /Game/NPOTG/Blueprints/Charaktere/wolf.wolf_C:start the fight
	Function /Game/NPOTG/Blueprints/Charaktere/wolf.wolf_C:construct fight
	Function /Game/NPOTG/Blueprints/Charaktere/wolf.wolf_C:start the fight
	Function /Game/NPOTG/Blueprints/Charaktere/wolf.wolf_C:construct fight
	Function /Game/NPOTG/Blueprints/Charaktere/wolf.wolf_C:start the fight
	Function /Game/NPOTG/Blueprints/Charaktere/wolf.wolf_C:construct fight
	Function /Game/NPOTG/Blueprints/Charaktere/wolf.wolf_C:start the fight
	Function /Game/NPOTG/Blueprints/Charaktere/wolf.wolf_C:construct fight
	Function /Game/NPOTG/Blueprints/Charaktere/wolf.wolf_C:start the fight
	Function /Game/NPOTG/Blueprints/Charaktere/wolf.wolf_C:construct fight
	Function /Game/NPOTG/Blueprints/Charaktere/wolf.wolf_C:start the fight
	Function /Game/NPOTG/Blueprints/Charaktere/wolf.wolf_C:construct fight
	Function /Game/NPOTG/Blueprints/Charaktere/wolf.wolf_C:start the fight
	Function /Game/NPOTG/Blueprints/Charaktere/wolf.wolf_C:construct fight
	Function /Game/NPOTG/Blueprints/Charaktere/wolf.wolf_C:start the fight
	Function /Game/NPOTG/Blueprints/Charaktere/wolf.wolf_C:construct fight
	Function /Game/NPOTG/Blueprints/Charaktere/wolf.wolf_C:start the fight
	Function /Game/NPOTG/Blueprints/Charaktere/wolf.wolf_C:construct fight
	Function /Game/NPOTG/Blueprints/Charaktere/wolf.wolf_C:start the fight
	Function /Game/NPOTG/Blueprints/Charaktere/wolf.wolf_C:construct fight
	Function /Game/NPOTG/Blueprints/Charaktere/wolf.wolf_C:start the fight
	Function /Game/NPOTG/Blueprints/Charaktere/wolf.wolf_C:construct fight
	Function /Game/NPOTG/Blueprints/Charaktere/wolf.wolf_C:start the fight
	Function /Game/NPOTG/Blueprints/Charaktere/wolf.wolf_C:construct fight
	Function /Game/NPOTG/Blueprints/Charaktere/wolf.wolf_C:start the fight
	Function /Game/NPOTG/Blueprints/Charaktere/wolf.wolf_C:construct fight
	Function /Game/NPOTG/Blueprints/Charaktere/wolf.wolf_C:start the fight
	Function /Game/NPOTG/Blueprints/Charaktere/wolf.wolf_C:construct fight
	Function /Game/NPOTG/Blueprints/Charaktere/wolf.wolf_C:start the fight
	Function /Game/NPOTG/Blueprints/Charaktere/wolf.wolf_C:construct fight
	Function /Game/NPOTG/Blueprints/Charaktere/wolf.wolf_C:start the fight
	Function /Game/NPOTG/Blueprints/Charaktere/wolf.wolf_C:construct fight
	Function /Game/NPOTG/Blueprints/Charaktere/wolf.wolf_C:start the fight
	Function /Game/NPOTG/Blueprints/Charaktere/wolf.wolf_C:construct fight
	Function /Game/NPOTG/Blueprints/Charaktere/wolf.wolf_C:start the fight
	Function /Game/NPOTG/Blueprints/Charaktere/wolf.wolf_C:construct fight
	Function /Game/NPOTG/Blueprints/Charaktere/wolf.wolf_C:start the fight
	Function /Game/NPOTG/Blueprints/Charaktere/wolf.wolf_C:construct fight
	Function /Game/NPOTG/Blueprints/Charaktere/wolf.wolf_C:start the fight
	Function /Game/NPOTG/Blueprints/Charaktere/wolf.wolf_C:construct fight
	Function /Game/NPOTG/Blueprints/Charaktere/wolf.wolf_C:start the fight
	Function /Game/NPOTG/Blueprints/Charaktere/wolf.wolf_C:construct fight
	Function /Game/NPOTG/Blueprints/Charaktere/wolf.wolf_C:start the fight
	Function /Game/NPOTG/Blueprints/Charaktere/wolf.wolf_C:construct fight
	Function /Game/NPOTG/Blueprints/Charaktere/wolf.wolf_C:start the fight
	Function /Game/NPOTG/Blueprints/Charaktere/wolf.wolf_C:construct fight

[2015.09.23-17.28.41:073][492]LogScript:Warning: Infinite script recursion (250 calls) detected
	wolf_C /Temp/Autosaves/Game/NPOTG/Maps/UEDPCTesting_Level.Testing_Level:PersistentLevel.wolf_C_14
	Function /Game/NPOTG/Blueprints/Charaktere/wolf.wolf_C:construct fight:0000
[2015.09.23-17.28.41:086][493]LogBlueprintUserMessages: 9.838709
[2015.09.23-17.28.41:086][493]LogBlueprintUserMessages: PRINT
[2015.09.23-17.28.41:102][494]LogBlueprintUserMessages: 9.758063
[2015.09.23-17.28.41:102][494]LogBlueprintUserMessages: PRINT
[2015.09.23-17.28.41:118][495]LogBlueprintUserMessages: 9.677418
[2015.09.23-17.28.41:118][495]LogBlueprintUserMessages: PRINT
[2015.09.23-17.28.41:134][496]LogBlueprintUserMessages: 9.596772
[2015.09.23-17.28.41:134][496]LogBlueprintUserMessages: PRINT
[2015.09.23-17.28.41:150][497]LogBlueprintUserMessages: 9.516127
[2015.09.23-17.28.41:150][497]LogBlueprintUserMessages: PRINT
[2015.09.23-17.28.41:166][498]LogBlueprintUserMessages: 9.435481
[2015.09.23-17.28.41:166][498]LogBlueprintUserMessages: PRINT
[2015.09.23-17.28.41:182][499]LogBlueprintUserMessages: 9.354836
[2015.09.23-17.28.41:182][499]LogBlueprintUserMessages: PRINT
[2015.09.23-17.28.41:199][500]LogBlueprintUserMessages: 9.27419
[2015.09.23-17.28.41:199][500]LogBlueprintUserMessages: PRINT
[2015.09.23-17.28.41:215][501]LogBlueprintUserMessages: 9.193544
[2015.09.23-17.28.41:215][501]LogBlueprintUserMessages: PRINT
[2015.09.23-17.28.41:231][502]LogBlueprintUserMessages: 9.112899
[2015.09.23-17.28.41:231][502]LogBlueprintUserMessages: PRINT
[2015.09.23-17.28.41:247][503]LogBlueprintUserMessages: 9.032253
[2015.09.23-17.28.41:247][503]LogBlueprintUserMessages: PRINT
[2015.09.23-17.28.41:263][504]LogBlueprintUserMessages: 8.951608
[2015.09.23-17.28.41:263][504]LogBlueprintUserMessages: PRINT
[2015.09.23-17.28.41:279][505]LogBlueprintUserMessages: 8.870962
[2015.09.23-17.28.41:279][505]LogBlueprintUserMessages: PRINT
[2015.09.23-17.28.41:295][506]LogBlueprintUserMessages: 8.790317
[2015.09.23-17.28.41:295][506]LogBlueprintUserMessages: PRINT
[2015.09.23-17.28.41:311][507]LogBlueprintUserMessages: 8.709671
[2015.09.23-17.28.41:311][507]LogBlueprintUserMessages: PRINT
[2015.09.23-17.28.41:327][508]LogBlueprintUserMessages: 8.629025
[2015.09.23-17.28.41:327][508]LogBlueprintUserMessages: PRINT
[2015.09.23-17.28.41:343][509]LogBlueprintUserMessages: 8.54838
[2015.09.23-17.28.41:343][509]LogBlueprintUserMessages: PRINT
[2015.09.23-17.28.41:359][510]LogBlueprintUserMessages: 8.467734
[2015.09.23-17.28.41:359][510]LogBlueprintUserMessages: PRINT
[2015.09.23-17.28.41:376][511]LogBlueprintUserMessages: 8.387089
[2015.09.23-17.28.41:376][511]LogBlueprintUserMessages: PRINT
[2015.09.23-17.28.41:392][512]LogBlueprintUserMessages: 8.306443
[2015.09.23-17.28.41:392][512]LogBlueprintUserMessages: PRINT
[2015.09.23-17.28.41:408][513]LogBlueprintUserMessages: 8.225798
[2015.09.23-17.28.41:408][513]LogBlueprintUserMessages: PRINT
[2015.09.23-17.28.41:425][514]LogBlueprintUserMessages: 8.145152
[2015.09.23-17.28.41:425][514]LogBlueprintUserMessages: PRINT
[2015.09.23-17.28.41:441][515]LogBlueprintUserMessages: 8.064507
[2015.09.23-17.28.41:441][515]LogBlueprintUserMessages: PRINT
[2015.09.23-17.28.41:456][516]LogBlueprintUserMessages: 7.98386
[2015.09.23-17.28.41:456][516]LogBlueprintUserMessages: PRINT
[2015.09.23-17.28.41:473][517]LogBlueprintUserMessages: 7.903214
[2015.09.23-17.28.41:473][517]LogBlueprintUserMessages: PRINT
[2015.09.23-17.28.41:489][518]LogBlueprintUserMessages: 7.822568
[2015.09.23-17.28.41:489][518]LogBlueprintUserMessages: PRINT
[2015.09.23-17.28.41:504][519]LogBlueprintUserMessages: 7.741922
[2015.09.23-17.28.41:504][519]LogBlueprintUserMessages: PRINT
[2015.09.23-17.28.41:521][520]LogBlueprintUserMessages: 7.661276
[2015.09.23-17.28.41:521][520]LogBlueprintUserMessages: PRINT
[2015.09.23-17.28.41:537][521]LogBlueprintUserMessages: 7.58063
[2015.09.23-17.28.41:537][521]LogBlueprintUserMessages: PRINT
[2015.09.23-17.28.41:553][522]LogBlueprintUserMessages: 7.499984
[2015.09.23-17.28.41:553][522]LogBlueprintUserMessages: PRINT
[2015.09.23-17.28.41:569][523]LogBlueprintUserMessages: 7.419338
[2015.09.23-17.28.41:569][523]LogBlueprintUserMessages: PRINT
[2015.09.23-17.28.41:586][524]LogBlueprintUserMessages: 7.338692
[2015.09.23-17.28.41:586][524]LogBlueprintUserMessages: PRINT
[2015.09.23-17.28.41:601][525]LogBlueprintUserMessages: 7.258046
[2015.09.23-17.28.41:601][525]LogBlueprintUserMessages: PRINT
[2015.09.23-17.28.41:617][526]LogBlueprintUserMessages: 7.1774
[2015.09.23-17.28.41:617][526]LogBlueprintUserMessages: PRINT
[2015.09.23-17.28.41:634][527]LogBlueprintUserMessages: 7.096754
[2015.09.23-17.28.41:634][527]LogBlueprintUserMessages: PRINT
[2015.09.23-17.28.41:650][528]LogBlueprintUserMessages: 7.016108
[2015.09.23-17.28.41:650][528]LogBlueprintUserMessages: PRINT
[2015.09.23-17.28.41:666][529]LogBlueprintUserMessages: 6.935462
[2015.09.23-17.28.41:666][529]LogBlueprintUserMessages: PRINT
[2015.09.23-17.28.41:682][530]LogBlueprintUserMessages: 6.854816
[2015.09.23-17.28.41:682][530]LogBlueprintUserMessages: PRINT
[2015.09.23-17.28.41:698][531]LogBlueprintUserMessages: 6.77417
[2015.09.23-17.28.41:699][531]LogBlueprintUserMessages: PRINT
[2015.09.23-17.28.41:715][532]LogBlueprintUserMessages: 6.693095
[2015.09.23-17.28.41:715][532]LogBlueprintUserMessages: PRINT
[2015.09.23-17.28.41:731][533]LogBlueprintUserMessages: 6.612663
[2015.09.23-17.28.41:731][533]LogBlueprintUserMessages: PRINT
[2015.09.23-17.28.41:747][534]LogBlueprintUserMessages: 6.532017
[2015.09.23-17.28.41:747][534]LogBlueprintUserMessages: PRINT
[2015.09.23-17.28.41:763][535]LogBlueprintUserMessages: 6.451371
[2015.09.23-17.28.41:763][535]LogBlueprintUserMessages: PRINT
[2015.09.23-17.28.41:779][536]LogBlueprintUserMessages: 6.370725
[2015.09.23-17.28.41:779][536]LogBlueprintUserMessages: PRINT
[2015.09.23-17.28.41:795][537]LogBlueprintUserMessages: 6.290079
[2015.09.23-17.28.41:795][537]LogBlueprintUserMessages: PRINT
[2015.09.23-17.28.41:811][538]LogBlueprintUserMessages: 6.209433
[2015.09.23-17.28.41:811][538]LogBlueprintUserMessages: PRINT
[2015.09.23-17.28.41:827][539]LogBlueprintUserMessages: 6.128787
[2015.09.23-17.28.41:827][539]LogBlueprintUserMessages: PRINT
[2015.09.23-17.28.41:844][540]LogBlueprintUserMessages: 6.048141
[2015.09.23-17.28.41:844][540]LogBlueprintUserMessages: PRINT
[2015.09.23-17.28.41:859][541]LogBlueprintUserMessages: 5.967495
[2015.09.23-17.28.41:859][541]LogBlueprintUserMessages: PRINT
[2015.09.23-17.28.41:875][542]LogBlueprintUserMessages: 5.886849
[2015.09.23-17.28.41:875][542]LogBlueprintUserMessages: PRINT
[2015.09.23-17.28.41:893][543]LogBlueprintUserMessages: 5.806203
[2015.09.23-17.28.41:893][543]LogBlueprintUserMessages: PRINT
[2015.09.23-17.28.41:908][544]LogBlueprintUserMessages: 5.725557
[2015.09.23-17.28.41:908][544]LogBlueprintUserMessages: PRINT
[2015.09.23-17.28.41:925][545]LogBlueprintUserMessages: 5.644911
[2015.09.23-17.28.41:925][545]LogBlueprintUserMessages: PRINT
[2015.09.23-17.28.41:941][546]LogBlueprintUserMessages: 5.564265
[2015.09.23-17.28.41:941][546]LogBlueprintUserMessages: PRINT
[2015.09.23-17.28.41:957][547]LogBlueprintUserMessages: 5.483619
[2015.09.23-17.28.41:957][547]LogBlueprintUserMessages: PRINT
[2015.09.23-17.28.41:973][548]LogBlueprintUserMessages: 5.402973
[2015.09.23-17.28.41:973][548]LogBlueprintUserMessages: PRINT
[2015.09.23-17.28.41:989][549]LogBlueprintUserMessages: 5.322327
[2015.09.23-17.28.41:989][549]LogBlueprintUserMessages: PRINT
[2015.09.23-17.28.42:005][550]LogBlueprintUserMessages: 5.241681
[2015.09.23-17.28.42:005][550]LogBlueprintUserMessages: PRINT
[2015.09.23-17.28.42:021][551]LogBlueprintUserMessages: 5.161035
[2015.09.23-17.28.42:021][551]LogBlueprintUserMessages: PRINT
[2015.09.23-17.28.42:038][552]LogBlueprintUserMessages: 5.080389
[2015.09.23-17.28.42:038][552]LogBlueprintUserMessages: PRINT
[2015.09.23-17.28.42:054][553]LogBlueprintUserMessages: 4.999743
[2015.09.23-17.28.42:054][553]LogBlueprintUserMessages: PRINT
[2015.09.23-17.28.42:070][554]LogBlueprintUserMessages: 4.919096
[2015.09.23-17.28.42:070][554]LogBlueprintUserMessages: PRINT
[2015.09.23-17.28.42:086][555]LogBlueprintUserMessages: 4.83845
[2015.09.23-17.28.42:086][555]LogBlueprintUserMessages: PRINT
[2015.09.23-17.28.42:102][556]LogBlueprintUserMessages: 4.757804
[2015.09.23-17.28.42:102][556]LogBlueprintUserMessages: PRINT
[2015.09.23-17.28.42:118][557]LogBlueprintUserMessages: 4.677158
[2015.09.23-17.28.42:118][557]LogBlueprintUserMessages: PRINT
[2015.09.23-17.28.42:134][558]LogBlueprintUserMessages: 4.596512
[2015.09.23-17.28.42:134][558]LogBlueprintUserMessages: PRINT
[2015.09.23-17.28.42:151][559]LogBlueprintUserMessages: 4.515866
[2015.09.23-17.28.42:151][559]LogBlueprintUserMessages: PRINT
[2015.09.23-17.28.42:167][560]LogBlueprintUserMessages: 4.43522
[2015.09.23-17.28.42:167][560]LogBlueprintUserMessages: PRINT
[2015.09.23-17.28.42:183][561]LogBlueprintUserMessages: 4.354574
[2015.09.23-17.28.42:183][561]LogBlueprintUserMessages: PRINT
[2015.09.23-17.28.42:199][562]LogBlueprintUserMessages: 4.273928
[2015.09.23-17.28.42:199][562]LogBlueprintUserMessages: PRINT
[2015.09.23-17.28.42:215][563]LogBlueprintUserMessages: 4.193282
[2015.09.23-17.28.42:215][563]LogBlueprintUserMessages: PRINT
[2015.09.23-17.28.42:231][564]LogBlueprintUserMessages: 4.112636
[2015.09.23-17.28.42:231][564]LogBlueprintUserMessages: PRINT
[2015.09.23-17.28.42:247][565]LogBlueprintUserMessages: 4.03199
[2015.09.23-17.28.42:247][565]LogBlueprintUserMessages: PRINT
[2015.09.23-17.28.42:263][566]LogBlueprintUserMessages: 3.951344
[2015.09.23-17.28.42:263][566]LogBlueprintUserMessages: PRINT
[2015.09.23-17.28.42:279][567]LogBlueprintUserMessages: 3.870698
[2015.09.23-17.28.42:279][567]LogBlueprintUserMessages: PRINT
[2015.09.23-17.28.42:296][568]LogBlueprintUserMessages: 3.790053
[2015.09.23-17.28.42:296][568]LogBlueprintUserMessages: PRINT
[2015.09.23-17.28.42:312][569]LogBlueprintUserMessages: 3.709407
[2015.09.23-17.28.42:312][569]LogBlueprintUserMessages: PRINT
[2015.09.23-17.28.42:327][570]LogBlueprintUserMessages: 3.628761
[2015.09.23-17.28.42:327][570]LogBlueprintUserMessages: PRINT
[2015.09.23-17.28.42:343][571]LogBlueprintUserMessages: 3.548115
[2015.09.23-17.28.42:344][571]LogBlueprintUserMessages: PRINT
[2015.09.23-17.28.42:360][572]LogBlueprintUserMessages: 3.467469
[2015.09.23-17.28.42:360][572]LogBlueprintUserMessages: PRINT
[2015.09.23-17.28.42:376][573]LogBlueprintUserMessages: 3.386824
[2015.09.23-17.28.42:376][573]LogBlueprintUserMessages: PRINT
[2015.09.23-17.28.42:392][574]LogBlueprintUserMessages: 3.306178
[2015.09.23-17.28.42:392][574]LogBlueprintUserMessages: PRINT
[2015.09.23-17.28.42:408][575]LogBlueprintUserMessages: 3.225532
[2015.09.23-17.28.42:408][575]LogBlueprintUserMessages: PRINT
[2015.09.23-17.28.42:424][576]LogBlueprintUserMessages: 3.144886
[2015.09.23-17.28.42:424][576]LogBlueprintUserMessages: PRINT
[2015.09.23-17.28.42:441][577]LogBlueprintUserMessages: 3.06424
[2015.09.23-17.28.42:441][577]LogBlueprintUserMessages: PRINT
[2015.09.23-17.28.42:457][578]LogBlueprintUserMessages: 2.983595
[2015.09.23-17.28.42:457][578]LogBlueprintUserMessages: PRINT
[2015.09.23-17.28.42:473][579]LogBlueprintUserMessages: 2.902949
[2015.09.23-17.28.42:473][579]LogBlueprintUserMessages: PRINT
[2015.09.23-17.28.42:489][580]LogBlueprintUserMessages: 2.822303
[2015.09.23-17.28.42:489][580]LogBlueprintUserMessages: PRINT
[2015.09.23-17.28.42:505][581]LogBlueprintUserMessages: 2.741657
[2015.09.23-17.28.42:505][581]LogBlueprintUserMessages: PRINT
[2015.09.23-17.28.42:521][582]LogBlueprintUserMessages: 2.661011
[2015.09.23-17.28.42:521][582]LogBlueprintUserMessages: PRINT
[2015.09.23-17.28.42:537][583]LogBlueprintUserMessages: 2.580366
[2015.09.23-17.28.42:537][583]LogBlueprintUserMessages: PRINT
[2015.09.23-17.28.42:553][584]LogBlueprintUserMessages: 2.49972
[2015.09.23-17.28.42:554][584]LogBlueprintUserMessages: PRINT
[2015.09.23-17.28.42:569][585]LogBlueprintUserMessages: 2.419074
[2015.09.23-17.28.42:569][585]LogBlueprintUserMessages: PRINT
[2015.09.23-17.28.42:585][586]LogBlueprintUserMessages: zukasdfuikfsfgiHFIGASIDILUgqregfFEWERFARG
[2015.09.23-17.28.42:585][586]Closing by request
[2015.09.23-17.28.42:586][586]LogWindows: FPlatformMisc::RequestExit(0)
[2015.09.23-17.28.43:344][587]LogWindowsTextInputMethodSystem:Display: IME system now deactivated.
[2015.09.23-17.28.43:344][587]LogWindowsTextInputMethodSystem:Display: IME system now deactivated.
[2015.09.23-17.28.43:351][587]LogExit: Preparing to exit.
[2015.09.23-17.28.43:420][587]LogExit: Game engine shut down
[2015.09.23-17.28.43:423][587]LogParticles: Destroying 0 GPU particle simulations for FXSystem 0x0000001624EC6C00
[2015.09.23-17.28.43:542][587]LogExit: Object subsystem successfully closed.
[2015.09.23-17.28.43:555][587]LogD3D11RHI: Shutdown
[2015.09.23-17.28.43:555][587]LogD3D11RHI: CleanupD3DDevice
[2015.09.23-17.28.43:673][587]LogD3D11RHI: ~FD3D11DynamicRHI
[2015.09.23-17.28.43:685][587]LogModuleManager: Shutting down and abandoning module AndroidDeviceDetection (109)
[2015.09.23-17.28.44:155][587]LogModuleManager: Shutting down and abandoning module AutomationWorker (108)
[2015.09.23-17.28.44:155][587]LogModuleManager: Shutting down and abandoning module CharacterAI (107)
[2015.09.23-17.28.44:155][587]LogModuleManager: Shutting down and abandoning module AITestSuite (106)
[2015.09.23-17.28.44:155][587]LogModuleManager: Shutting down and abandoning module GameplayDebugger (105)
[2015.09.23-17.28.44:155][587]LogModuleManager: Shutting down and abandoning module AIModule (104)
[2015.09.23-17.28.44:155][587]LogModuleManager: Shutting down and abandoning module GameLiveStreaming (103)
[2015.09.23-17.28.44:155][587]LogModuleManager: Shutting down and abandoning module StreamingPauseRendering (102)
[2015.09.23-17.28.44:155][587]LogModuleManager: Shutting down and abandoning module ProfilerService (101)
[2015.09.23-17.28.44:401][587]LogModuleManager: Shutting down and abandoning module TaskGraph (100)
[2015.09.23-17.28.44:401][587]LogModuleManager: Shutting down and abandoning module SlateRemote (99)
[2015.09.23-17.28.44:401][587]LogModuleManager: Shutting down and abandoning module SteamVRController (98)
[2015.09.23-17.28.44:401][587]LogModuleManager: Shutting down and abandoning module SteamVR (97)
[2015.09.23-17.28.44:401][587]LogModuleManager: Shutting down and abandoning module ProceduralMeshComponent (96)
[2015.09.23-17.28.44:401][587]LogModuleManager: Shutting down and abandoning module OculusRift (95)
[2015.09.23-17.28.44:401][587]LogModuleManager: Shutting down and abandoning module LeapMotionController (94)
[2015.09.23-17.28.44:408][587]LogModuleManager: Shutting down and abandoning module CustomMeshComponent (93)
[2015.09.23-17.28.44:408][587]LogModuleManager: Shutting down and abandoning module CableComponent (92)
[2015.09.23-17.28.44:408][587]LogModuleManager: Shutting down and abandoning module DesktopPlatform (91)
[2015.09.23-17.28.44:408][587]LogModuleManager: Shutting down and abandoning module DirectoryWatcher (90)
[2015.09.23-17.28.44:408][587]LogModuleManager: Shutting down and abandoning module HotReload (89)
[2015.09.23-17.28.44:408][587]LogModuleManager: Shutting down and abandoning module VisualStudioSourceCodeAccess (88)
[2015.09.23-17.28.44:408][587]LogModuleManager: Shutting down and abandoning module UObjectPlugin (87)
[2015.09.23-17.28.44:408][587]LogModuleManager: Shutting down and abandoning module SubversionSourceControl (86)
[2015.09.23-17.28.44:408][587]LogModuleManager: Shutting down and abandoning module SourceControl (85)
[2015.09.23-17.28.44:408][587]LogModuleManager: Shutting down and abandoning module PerforceSourceControl (84)
[2015.09.23-17.28.44:408][587]LogModuleManager: Shutting down and abandoning module BlankPlugin (83)
[2015.09.23-17.28.44:408][587]LogModuleManager: Shutting down and abandoning module UdpMessaging (82)
[2015.09.23-17.28.44:408][587]LogModuleManager: Shutting down and abandoning module AssetRegistry (81)
[2015.09.23-17.28.44:408][587]LogModuleManager: Shutting down and abandoning module SubstanceCore (80)
[2015.09.23-17.28.44:408][587]LogModuleManager: Shutting down and abandoning module Paper2D (79)
[2015.09.23-17.28.44:408][587]LogModuleManager: Shutting down and abandoning module WindowsMoviePlayer (78)
[2015.09.23-17.28.44:410][587]LogModuleManager: Shutting down and abandoning module Media (77)
[2015.09.23-17.28.44:410][587]LogModuleManager: Shutting down and abandoning module WmfMedia (76)
[2015.09.23-17.28.44:410][587]LogModuleManager: Shutting down and abandoning module OnlineBlueprintSupport (75)
[2015.09.23-17.28.44:410][587]LogModuleManager: Shutting down and abandoning module PropertyEditor (74)
[2015.09.23-17.28.44:410][587]LogModuleManager: Shutting down and abandoning module BehaviorTreeEditor (73)
[2015.09.23-17.28.44:410][587]LogModuleManager: Shutting down and abandoning module FunctionalTesting (72)
[2015.09.23-17.28.44:410][587]LogModuleManager: Shutting down and abandoning module CollisionAnalyzer (71)
[2015.09.23-17.28.44:410][587]LogModuleManager: Shutting down and abandoning module WorkspaceMenuStructure (70)
[2015.09.23-17.28.44:410][587]LogModuleManager: Shutting down and abandoning module MessageLog (69)
[2015.09.23-17.28.44:410][587]LogModuleManager: Shutting down and abandoning module Sequencer (68)
[2015.09.23-17.28.44:410][587]LogModuleManager: Shutting down and abandoning module AssetTools (67)
[2015.09.23-17.28.44:410][587]LogModuleManager: Shutting down and abandoning module UMGEditor (66)
[2015.09.23-17.28.44:410][587]LogModuleManager: Shutting down and abandoning module UMG (65)
[2015.09.23-17.28.44:410][587]LogModuleManager: Shutting down and abandoning module Slate (64)
[2015.09.23-17.28.44:410][587]LogModuleManager: Shutting down and abandoning module EditorStyle (63)
[2015.09.23-17.28.44:412][587]LogModuleManager: Shutting down and abandoning module SessionServices (62)
[2015.09.23-17.28.44:412][587]LogModuleManager: Shutting down and abandoning module SourceCodeAccess (61)
[2015.09.23-17.28.44:412][587]LogModuleManager: Shutting down and abandoning module HeadMountedDisplay (60)
[2015.09.23-17.28.44:412][587]LogModuleManager: Shutting down and abandoning module XAudio2 (59)
[2015.09.23-17.28.44:412][587]LogModuleManager: Shutting down and abandoning module Networking (57)
[2015.09.23-17.28.44:412][587]LogModuleManager: Shutting down and abandoning module Core (56)
[2015.09.23-17.28.44:412][587]LogModuleManager: Shutting down and abandoning module KismetCompiler (55)
[2015.09.23-17.28.44:412][587]LogModuleManager: Shutting down and abandoning module PhysXFormats (54)
[2015.09.23-17.28.44:412][587]LogModuleManager: Shutting down and abandoning module MeshUtilities (53)
[2015.09.23-17.28.44:412][587]LogModuleManager: Shutting down and abandoning module DerivedDataCache (52)
[2015.09.23-17.28.44:829][587]LogDerivedDataCache: Shutdown
[2015.09.23-17.28.44:829][587]LogModuleManager: Shutting down and abandoning module ShaderFormatOpenGL (51)
[2015.09.23-17.28.44:829][587]LogModuleManager: Shutting down and abandoning module ShaderFormatD3D (50)
[2015.09.23-17.28.44:829][587]LogModuleManager: Shutting down and abandoning module MetalShaderFormat (49)
[2015.09.23-17.28.44:829][587]LogModuleManager: Shutting down and abandoning module TextureFormatUncompressed (48)
[2015.09.23-17.28.44:829][587]LogModuleManager: Shutting down and abandoning module TextureFormatPVR (47)
[2015.09.23-17.28.44:829][587]LogModuleManager: Shutting down and abandoning module TextureFormatIntelISPCTexComp (46)
[2015.09.23-17.28.44:829][587]LogModuleManager: Shutting down and abandoning module TextureFormatDXT (45)
[2015.09.23-17.28.44:829][587]LogModuleManager: Shutting down and abandoning module ImageWrapper (44)
[2015.09.23-17.28.44:829][587]LogModuleManager: Shutting down and abandoning module TextureFormatASTC (43)
[2015.09.23-17.28.44:829][587]LogModuleManager: Shutting down and abandoning module TextureFormatAndroid (42)
[2015.09.23-17.28.44:829][587]LogModuleManager: Shutting down and abandoning module AudioFormatOpus (41)
[2015.09.23-17.28.44:829][587]LogModuleManager: Shutting down and abandoning module AudioFormatOgg (40)
[2015.09.23-17.28.44:829][587]LogModuleManager: Shutting down and abandoning module AudioFormatADPCM (39)
[2015.09.23-17.28.44:829][587]LogModuleManager: Shutting down and abandoning module LinuxTargetPlatform (38)
[2015.09.23-17.28.44:829][587]LogModuleManager: Shutting down and abandoning module LinuxServerTargetPlatform (37)
[2015.09.23-17.28.44:829][587]LogModuleManager: Shutting down and abandoning module LinuxNoEditorTargetPlatform (36)
[2015.09.23-17.28.44:829][587]LogModuleManager: Shutting down and abandoning module Messaging (35)
[2015.09.23-17.28.44:829][587]LogModuleManager: Shutting down and abandoning module IOSTargetPlatform (34)
[2015.09.23-17.28.44:829][587]LogModuleManager: Shutting down and abandoning module HTML5TargetPlatform (33)
[2015.09.23-17.28.44:829][587]LogModuleManager: Shutting down and abandoning module Android_PVRTCTargetPlatform (32)
[2015.09.23-17.28.44:829][587]LogModuleManager: Shutting down and abandoning module Android_ETC2TargetPlatform (31)
[2015.09.23-17.28.44:829][587]LogModuleManager: Shutting down and abandoning module Android_ETC1TargetPlatform (30)
[2015.09.23-17.28.44:829][587]LogModuleManager: Shutting down and abandoning module Android_DXTTargetPlatform (29)
[2015.09.23-17.28.44:829][587]LogModuleManager: Shutting down and abandoning module Android_ATCTargetPlatform (28)
[2015.09.23-17.28.44:829][587]LogModuleManager: Shutting down and abandoning module Android_ASTCTargetPlatform (27)
[2015.09.23-17.28.44:829][587]LogModuleManager: Shutting down and abandoning module AndroidTargetPlatform (26)
[2015.09.23-17.28.44:829][587]LogModuleManager: Shutting down and abandoning module WindowsTargetPlatform (25)
[2015.09.23-17.28.44:829][587]LogModuleManager: Shutting down and abandoning module WindowsServerTargetPlatform (24)
[2015.09.23-17.28.44:829][587]LogModuleManager: Shutting down and abandoning module WindowsNoEditorTargetPlatform (23)
[2015.09.23-17.28.44:829][587]LogModuleManager: Shutting down and abandoning module WindowsClientTargetPlatform (22)
[2015.09.23-17.28.44:829][587]LogModuleManager: Shutting down and abandoning module DesktopTargetPlatform (21)
[2015.09.23-17.28.44:829][587]LogModuleManager: Shutting down and abandoning module TargetPlatform (20)
[2015.09.23-17.28.44:829][587]LogModuleManager: Shutting down and abandoning module InputCore (19)
[2015.09.23-17.28.44:829][587]LogModuleManager: Shutting down and abandoning module Settings (18)
[2015.09.23-17.28.44:829][587]LogModuleManager: Shutting down and abandoning module OnlineSubsystem (16)
[2015.09.23-17.28.44:829][587]LogModuleManager: Shutting down and abandoning module HTTP (15)
[2015.09.23-17.28.44:829][587]LogModuleManager: Shutting down and abandoning module ExampleDeviceProfileSelector (14)
[2015.09.23-17.28.44:829][587]LogModuleManager: Shutting down and abandoning module TextureCompressor (13)
[2015.09.23-17.28.44:829][587]LogModuleManager: Shutting down and abandoning module ShaderCore (12)
[2015.09.23-17.28.44:829][587]LogModuleManager: Shutting down and abandoning module Landscape (11)
[2015.09.23-17.28.44:829][587]LogModuleManager: Shutting down and abandoning module SlateRHIRenderer (10)
[2015.09.23-17.28.44:830][587]LogModuleManager: Shutting down and abandoning module OpenGLDrv (9)
[2015.09.23-17.28.44:830][587]LogModuleManager: Shutting down and abandoning module D3D11RHI (8)
[2015.09.23-17.28.44:830][587]LogModuleManager: Shutting down and abandoning module Renderer (7)
[2015.09.23-17.28.44:830][587]LogModuleManager: Shutting down and abandoning module Engine (6)
[2015.09.23-17.28.44:830][587]LogModuleManager: Shutting down and abandoning module CoreUObject (5)
[2015.09.23-17.28.44:830][587]LogModuleManager: Shutting down and abandoning module NetworkFile (4)
[2015.09.23-17.28.44:830][587]LogModuleManager: Shutting down and abandoning module StreamingFile (3)
[2015.09.23-17.28.44:830][587]LogModuleManager: Shutting down and abandoning module SandboxFile (2)
[2015.09.23-17.28.44:830][587]LogModuleManager: Shutting down and abandoning module PakFile (1)
[2015.09.23-17.28.44:831][587]LogExit: Exiting.
[2015.09.23-17.28.44:833][587]Log file closed, 09/23/15 19:28:44
