[2015.09.23-17.19.48:633][  0]Log file open, 09/23/15 19:19:48
[2015.09.23-17.19.48:633][  0]LogInit:Display: Running engine without a game
[2015.09.23-17.19.48:633][  0]LogInit:Display: Loading recent project file: ../../../../Projekte/NotPartofTheGame/NotPartofGame.uproject
[2015.09.23-17.19.48:633][  0]LogInit:Display: RandInit(-979137282) SRandInit(-979137280).
[2015.09.23-17.19.48:633][  0]LogTaskGraph: Started task graph with 4 named threads and 7 total threads.
[2015.09.23-17.19.48:633][  0]LogStats: Stats thread started
[2015.09.23-17.19.48:633][  0]LogInit: Version: 4.8.3-2634408+++depot+UE4-Releases+4.8
[2015.09.23-17.19.48:633][  0]LogInit: API Version: 2579680
[2015.09.23-17.19.48:633][  0]LogInit: Compiled (64-bit): Jul 27 2015 16:24:33
[2015.09.23-17.19.48:633][  0]LogInit: Compiled with Visual C++: 18.00.21005.01
[2015.09.23-17.19.48:633][  0]LogInit: Build Configuration: Development
[2015.09.23-17.19.48:633][  0]LogInit: Branch Name: ++depot+UE4-Releases+4.8
[2015.09.23-17.19.48:633][  0]LogInit: Command line: 
[2015.09.23-17.19.48:633][  0]LogInit: Base directory: C:/Users/Bodoo/Documents/Programmieren/4.8/Engine/Binaries/Win64/
[2015.09.23-17.19.48:633][  0]LogInit: Rocket: 1
[2015.09.23-17.19.48:648][  0]LogInit: Using libcurl 7.41.0
[2015.09.23-17.19.48:648][  0]LogInit:  - built for x86_64-pc-win32
[2015.09.23-17.19.48:648][  0]LogInit:  - supports SSL with WinSSL
[2015.09.23-17.19.48:648][  0]LogInit:  - other features:
[2015.09.23-17.19.48:648][  0]LogInit:      CURL_VERSION_SSL
[2015.09.23-17.19.48:648][  0]LogInit:      CURL_VERSION_IPV6
[2015.09.23-17.19.48:648][  0]LogInit:      CURL_VERSION_ASYNCHDNS
[2015.09.23-17.19.48:648][  0]LogInit:      CURL_VERSION_LARGEFILE
[2015.09.23-17.19.48:648][  0]LogInit:      CURL_VERSION_IDN
[2015.09.23-17.19.48:648][  0]LogInit:  CurlRequestOptions (configurable via config and command line):
[2015.09.23-17.19.48:648][  0]LogInit:  - bVerifyPeer = true  - Libcurl will verify peer certificate
[2015.09.23-17.19.48:648][  0]LogInit:  - bUseHttpProxy = false  - Libcurl will NOT use HTTP proxy
[2015.09.23-17.19.48:648][  0]LogInit:  - bDontReuseConnections = false  - Libcurl will reuse connections
[2015.09.23-17.19.48:648][  0]LogInit:  - CertBundlePath = nullptr  - Libcurl will use whatever was configured at build time.
[2015.09.23-17.19.48:664][  0]LogOnline:Warning: No default platform service specified for OnlineSubsystem
[2015.09.23-17.19.48:680][  0]LogInit: Presizing for 0 objects not considered by GC, pre-allocating 0 bytes.
[2015.09.23-17.19.48:680][  0]LogInit: Object subsystem initialized
[2015.09.23-17.19.48:680][  0]LogConsoleResponse:Warning: Skipping Unknown console variable: 'UIScaleCurve = (EditorCurveData=(Keys=((Time=480.000000,Value=0.444000),(Time=720.000000,Value=0.666000),(Time=1080.000000,Value=1.000000),(Time=8640.000000,Value=8.000000))),ExternalCurve=None)'
[2015.09.23-17.19.48:680][  0]LogConsoleResponse:Warning:   Found in ini file 'C:/Users/Bodoo/Documents/Programmieren/Projekte/NotPartofTheGame/Saved/Config/Windows/Engine.ini', in section '[/Script/Engine.RendererSettings]'
[2015.09.23-17.19.48:680][  0]LogConsoleManager:Warning: Console variable 'r.MSAA.CompositingSampleCount' wasn't set ('Scalability' has a lower priority than 'ProjectSetting')
[2015.09.23-17.19.48:680][  0]LogInit: Selected Device Profile: [Windows]
[2015.09.23-17.19.48:680][  0]LogInit: Applying CVar settings loaded from the selected device profile: [Windows]
[2015.09.23-17.19.48:697][  0]LogInit: Computer: DESKTOP-GLF6O4V
[2015.09.23-17.19.48:697][  0]LogInit: User: Bodoo
[2015.09.23-17.19.48:697][  0]LogInit: CPU Page size=4096, Cores=4
[2015.09.23-17.19.48:697][  0]LogInit: High frequency timer resolution =3.215354 MHz
[2015.09.23-17.19.48:697][  0]LogMemory: Memory total: Physical=12.0GB (12GB approx)
[2015.09.23-17.19.48:697][  0]LogMemory: Platform Memory Stats for Windows
[2015.09.23-17.19.48:697][  0]LogMemory: Process Physical Memory: 52.19 MB used, 52.19 MB peak
[2015.09.23-17.19.48:697][  0]LogMemory: Process Virtual Memory: 24.53 MB used, 24.53 MB peak
[2015.09.23-17.19.48:697][  0]LogMemory: Physical Memory: 1670.40 MB used, 12270.45 MB total
[2015.09.23-17.19.48:697][  0]LogMemory: Virtual Memory: 311.69 MB used, 134217728.00 MB total
[2015.09.23-17.19.48:725][  0]LogTextLocalizationManager: The requested culture ('de_DE') has no localization data; falling back to 'en' for localization and internationalization data.
[2015.09.23-17.19.48:934][  0]LogTextLocalizationManager:Warning: Loaded localization resources contain conflicting entries for (Namespace:ContentBrowser, Key:ImportAssetToolTip):
Localization Resource: (C:/Users/Bodoo/Documents/Programmieren/4.8/Engine/Content/Localization/Editor/en/Editor.locres) Source String Hash: (-630476809) Localized String: (Import to {0}...)
Localization Resource: (C:/Users/Bodoo/Documents/Programmieren/4.8/Engine/Content/Localization/Editor/en/Editor.locres) Source String Hash: (1271782899) Localized String: (Imports an asset from file to this folder.)
[2015.09.23-17.19.49:329][  0]LogD3D11RHI: Found D3D11 adapter 0: AMD Radeon HD 6800 Series (Feature Level 11_0)
[2015.09.23-17.19.49:329][  0]LogD3D11RHI: Adapter has 1011MB of dedicated video memory, 0MB of dedicated system memory, and 3840MB of shared system memory, 1 output[s]
[2015.09.23-17.19.49:331][  0]LogD3D11RHI: Found D3D11 adapter 1: Microsoft Basic Render Driver (Feature Level 11_0)
[2015.09.23-17.19.49:331][  0]LogD3D11RHI: Adapter has 0MB of dedicated video memory, 0MB of dedicated system memory, and 6135MB of shared system memory, 0 output[s]
[2015.09.23-17.19.49:331][  0]LogD3D11RHI: Chosen D3D11 Adapter Id = 0
[2015.09.23-17.19.49:333][  0]LogD3D11RHI: InitD3DDevice
[2015.09.23-17.19.49:333][  0]LogD3D11RHI: !Direct3DDevice
[2015.09.23-17.19.49:333][  0]LogRHI: Texture pool is 708 MB (70% of 1011 MB)
[2015.09.23-17.19.49:339][  0]LogD3D11RHI: Async texture creation disabled: no driver support
[2015.09.23-17.19.49:350][  0]LogShaderCompilers:Display: Using Local Shader Compiler.
[2015.09.23-17.19.50:127][  0]LogTemp:Display: Loaded TP DesktopTargetPlatform
[2015.09.23-17.19.50:141][  0]LogTemp:Display: Loaded TP WindowsClientTargetPlatform
[2015.09.23-17.19.50:156][  0]LogTemp:Display: Loaded TP WindowsNoEditorTargetPlatform
[2015.09.23-17.19.50:170][  0]LogTemp:Display: Loaded TP WindowsServerTargetPlatform
[2015.09.23-17.19.50:186][  0]LogTemp:Display: Loaded TP WindowsTargetPlatform
[2015.09.23-17.19.50:199][  0]LogTemp:Display: Loaded TP AndroidTargetPlatform
[2015.09.23-17.19.50:212][  0]LogTemp:Display: Loaded TP Android_ASTCTargetPlatform
[2015.09.23-17.19.50:224][  0]LogTemp:Display: Loaded TP Android_ATCTargetPlatform
[2015.09.23-17.19.50:237][  0]LogTemp:Display: Loaded TP Android_DXTTargetPlatform
[2015.09.23-17.19.50:250][  0]LogTemp:Display: Loaded TP Android_ETC1TargetPlatform
[2015.09.23-17.19.50:262][  0]LogTemp:Display: Loaded TP Android_ETC2TargetPlatform
[2015.09.23-17.19.50:275][  0]LogTemp:Display: Loaded TP Android_PVRTCTargetPlatform
[2015.09.23-17.19.50:339][  0]LogTemp:Display: Loaded TP IOSTargetPlatform
[2015.09.23-17.19.50:351][  0]LogTemp:Display: Loaded TP LinuxNoEditorTargetPlatform
[2015.09.23-17.19.50:364][  0]LogTemp:Display: Loaded TP LinuxServerTargetPlatform
[2015.09.23-17.19.50:380][  0]LogTemp:Display: Loaded TP LinuxTargetPlatform
[2015.09.23-17.19.50:380][  0]LogTargetPlatformManager:Display: Building Assets For Windows
[2015.09.23-17.19.50:605][  0]LogDerivedDataCache:Display: Max Cache Size: 512 MB
[2015.09.23-17.19.50:674][  0]LogDerivedDataCache: Loaded boot cache 0.07s 53MB C:/Users/Bodoo/AppData/Local/UnrealEngine/4.8/DerivedDataCache/Boot.ddc.
[2015.09.23-17.19.50:674][  0]LogDerivedDataCache:Display: Loaded Boot cache: C:/Users/Bodoo/AppData/Local/UnrealEngine/4.8/DerivedDataCache/Boot.ddc
[2015.09.23-17.19.50:674][  0]LogDerivedDataCache: FDerivedDataBackendGraph:  Pak pak cache file ../../../../Projekte/NotPartofTheGame/DerivedDataCache/DDC.ddp not found, will not use a pak cache.
[2015.09.23-17.19.50:674][  0]LogDerivedDataCache: Unable to find inner node Pak for hierarchical cache Hierarchy.
[2015.09.23-17.19.50:674][  0]LogDerivedDataCache: FDerivedDataBackendGraph:  CompressedPak pak cache file ../../../../Projekte/NotPartofTheGame/DerivedDataCache/Compressed.ddp not found, will not use a pak cache.
[2015.09.23-17.19.50:674][  0]LogDerivedDataCache: Unable to find inner node CompressedPak for hierarchical cache Hierarchy.
[2015.09.23-17.19.50:828][  0]LogDerivedDataCache:Display: Pak cache opened for reading ../../../Engine/DerivedDataCache/Compressed.ddp.
[2015.09.23-17.19.50:841][  0]LogDerivedDataCache: Using Local data cache path C:/Users/Bodoo/AppData/Local/UnrealEngine/Common/DerivedDataCache: Writable
[2015.09.23-17.19.51:091][  0]LogInit: Selected Device Profile: [Windows]
[2015.09.23-17.19.51:188][  0]ImportText (ComponentSweepMultiTests): Missing closing parenthesis: (RootShapeAsset="/Engine/BasicShapes/Cube.Cube",ShapeType="TriggerCapsule",HitResult=(Time=0.50,Location=(X=-100.000015,Y=0.0,Z=100.000015),ImpactPoint=(X=-50.0,Y=0.0,Z=50.0),Normal=(X=-1.0,Y=-0.0,Z=0.0),ImpactNormal=(X=0.0,Y=0.0,Z=1.0),TraceStart=(X=-200.0,Y=0.0,Z=200.0),TraceEnd=(X=0.0,Y=0.0,Z=0.0))
[2015.09.23-17.19.51:188][  0]ImportText (LineTraceSingleByChannelTests): Missing closing parenthesis: (RootShapeAsset="/Engine/BasicShapes/Cube.Cube",HitResult=(Time=0.50,Location=(X=-100.000015,Y=0.0,Z=100.000015),ImpactPoint=(X=-50.0,Y=0.0,Z=50.0),Normal=(X=-1.0,Y=-0.0,Z=0.0),ImpactNormal=(X=0.0,Y=0.0,Z=1.0),TraceStart=(X=-200.0,Y=0.0,Z=200.0),TraceEnd=(X=0.0,Y=0.0,Z=0.0))
[2015.09.23-17.19.51:217][  0]LogMeshUtilities: No automatic mesh reduction module available
[2015.09.23-17.19.51:217][  0]LogMeshUtilities: No automatic mesh merging module available
[2015.09.23-17.19.51:650][  0]LogInit: WinSock: version 1.1 (2.2), MaxSocks=32767, MaxUdp=65467
[2015.09.23-17.19.52:768][  0]LogAssetRegistry: FAssetRegistry took 0.0113 seconds to start up
[2015.09.23-17.19.52:785][  0]LogDirectoryWatcher:Warning: Failed to begin reading directory changes for ../../../Engine/Plugins/Experimental/CharacterAI/Content/. Error: 0
[2015.09.23-17.19.52:801][  0]UdpMessaging: Initializing bridge on interface 0.0.0.0:0 to multicast group 230.0.0.1:6666.
[2015.09.23-17.19.53:180][  0]SourceControl: Info Source control is disabled
[2015.09.23-17.19.53:187][  0]SourceControl: Info Source control is disabled
[2015.09.23-17.19.53:198][  0]SourceControl: Info Source control is disabled
[2015.09.23-17.19.53:208][  0]SourceControl: Info Source control is disabled
[2015.09.23-17.19.53:518][  0]LogObj: 26440 objects as part of root set at end of initial load.
[2015.09.23-17.19.53:518][  0]LogUObjectAllocator: 5438856 out of 0 bytes used by permanent object pool.
[2015.09.23-17.19.53:597][  0]LogEngine: Initializing Engine...
[2015.09.23-17.19.53:599][  0]LogHMD: Can't find Oculus library dev build: is proper Runtime installed? Version: 0.6.0.0
[2015.09.23-17.19.53:600][  0]LogHMD:Warning: SteamVR failed to initialize.  Error: 110
[2015.09.23-17.19.53:776][  0]LogAIModule: Creating AISystem for world NewWorld
[2015.09.23-17.19.53:781][  0]LogInit: XAudio2 using 'Lautsprecher (Realtek High Definition Audio)' : 2 channels at 48 kHz using 32 bits per sample (channel mask 0x3)
[2015.09.23-17.19.53:800][  0]LogInit: FAudioDevice initialized.
[2015.09.23-17.19.53:832][  0]LogDerivedDataCache: Saved boot cache 0.03s 53MB C:/Users/Bodoo/AppData/Local/UnrealEngine/4.8/DerivedDataCache/Boot.ddc.
[2015.09.23-17.19.53:845][  0]LogInit: Texture streaming: Disabled
[2015.09.23-17.19.53:872][  0]LogAnalytics: Creating configured Analytics provider AnalyticsET
[2015.09.23-17.19.53:872][  0]LogAnalytics: [UEEditor.Rocket.Release] APIServer = http://et2.epicgames.com/ET2/. AppVersion = 4.8.3-2634408+++depot+UE4-Releases+4.8
[2015.09.23-17.19.53:872][  0]LogAnalytics: [UEEditor.Rocket.Release] SetUserId 0359330b4a4de6cf49a2cc9879aa4f35||823e2c57-8ae8-4d61-a04c-15505c18bf02
[2015.09.23-17.19.53:872][  0]LogAnalytics: [UEEditor.Rocket.Release] AnalyticsET::StartSession
[2015.09.23-17.19.53:900][  0]LogInit: Transaction tracking system initialized
[2015.09.23-17.19.54:041][  0]BlueprintLog: New page: Editor Load
[2015.09.23-17.19.54:659][  0]LogLinker:Warning: Can't find file '/Game/PuzzleBP/PuzzleOverview'
[2015.09.23-17.19.54:659][  0]LogLinker:Warning: Can't find file '/Game/PuzzleBP/PuzzleOverview'
[2015.09.23-17.19.54:659][  0]LogLinker:Warning: Can't find file '/Game/PuzzleBP/PuzzleOverview'
[2015.09.23-17.19.54:660][  0]LogUObjectGlobals:Warning: Failed to find object 'Class /Game/PuzzleBP/PuzzleOverview.PuzzleOverview_C'
[2015.09.23-17.19.54:719][  0]LogConsoleManager:Warning: Console variable 'r.VSync' wasn't set ('GameSetting' has a lower priority than 'SystemSettingsIni')
[2015.09.23-17.19.54:719][  0]LogConsoleResponse:Display: 
[2015.09.23-17.19.54:825][  0]LogCook:Display: Done creating registry. It took  0.00s.
[2015.09.23-17.19.55:026][  0]SourceControl: Info Source control is disabled
[2015.09.23-17.19.55:026][  0]Cmd: MAP LOAD FILE="../../../../Projekte/NotPartofTheGame/Content/NPOTG/Maps/Testing_Level.umap" TEMPLATE=0 SHOWPROGRESS=1 FEATURELEVEL=3
[2015.09.23-17.19.55:026][  0]LightingResults: New page: Lighting Build
[2015.09.23-17.19.55:039][  0]MapCheck: New page: Map Check
[2015.09.23-17.19.55:039][  0]LightingResults: New page: Lighting Build
[2015.09.23-17.19.55:049][  0]LogParticles: Destroying 0 GPU particle simulations for FXSystem 0x000000CD0C92AF20
[2015.09.23-17.19.58:027][  0]LogAIModule: Creating AISystem for world Testing_Level
[2015.09.23-17.19.58:029][  0]LogPrimitiveComponent: Zero scaling not supported (/Game/NPOTG/Maps/Testing_Level.Testing_Level:PersistentLevel.PlayerStart.CollisionCapsule)
[2015.09.23-17.19.58:136][  0]LogEditorServer: Finished looking for orphan Actors (0.000 secs)
[2015.09.23-17.19.58:252][  0]Cmd: MAP CHECKDEP NOCLEARLOG
[2015.09.23-17.19.58:315][  0]MapCheck: Info Map check complete: 0 Error(s), 0 Warning(s), took 62.57ms to complete.
[2015.09.23-17.19.58:315][  0]LogFileHelpers: Loading map 'Testing_Level' took 3.289
[2015.09.23-17.19.58:438][  0]LogCollectionManager: Loaded 0 collections in 0.001800 seconds
[2015.09.23-17.19.58:445][  0]LogContentBrowser: Native class hierarchy populated in 0.0075 seconds. Added 1807 classes and 307 folders.
[2015.09.23-17.19.58:489][  0]LogContentBrowser: Native class hierarchy updated for 'WidgetCarousel' in 0.0003 seconds. Added 0 classes and 0 folders.
[2015.09.23-17.19.58:516][  0]LogContentBrowser: Native class hierarchy updated for 'AddContentDialog' in 0.0003 seconds. Added 0 classes and 0 folders.
[2015.09.23-17.19.58:533][  0]LogContentBrowser: Native class hierarchy updated for 'SceneOutliner' in 0.0003 seconds. Added 1 classes and 2 folders.
[2015.09.23-17.19.58:573][  0]LogCrashTracker: Crashtracker disabled due to settings.
[2015.09.23-17.19.58:575][  0]LogD3D11RHI: InitD3DDevice
[2015.09.23-17.19.58:577][  0]LogUObjectGlobals:Warning: Failed to find object 'Class None.'
[2015.09.23-17.19.58:599][  0]LogLoad: Full Startup: 11.63 seconds (BP compile: 1.56 seconds)
[2015.09.23-17.19.58:608][  0]LogWindowsTextInputMethodSystem:Display: IME system now deactivated.
[2015.09.23-17.19.58:608][  0]LogWindowsTextInputMethodSystem:Display: IME system now deactivated.
[2015.09.23-17.19.58:662][  0]LogContentStreaming: Texture pool size is 0.000000MB
[2015.09.23-17.19.58:717][  0]LogContentStreaming: Texture pool size now 1000 MB
[2015.09.23-17.19.58:937][  0]LogRenderer: Reallocating scene render targets to support 1208x576 (Frame:2).
[2015.09.23-17.20.00:271][ 11]LogAssetRegistry: Asset discovery search completed in 7.5146 seconds
[2015.09.23-17.22.38:213][502]LogD3D11RHI: InitD3DDevice
[2015.09.23-17.22.47:400][790]LogD3D11RHI: InitD3DDevice
[2015.09.23-17.22.47:430][790]LogD3D11RHI: InitD3DDevice
[2015.09.23-17.22.47:510][790]LogLinker:Warning: Asset '../../../Engine/Content/ArtTools/RenderToTexture/Macros/RenderToTextureMacros.uasset' has been saved with empty engine version. The asset will be loaded but may be incompatible.
[2015.09.23-17.22.47:566][790]LogLinker:Warning: Asset '../../../Engine/Content/ArtTools/RenderToTexture/Enums/RenderToTexture_Enum.uasset' has been saved with empty engine version. The asset will be loaded but may be incompatible.
[2015.09.23-17.23.23:951][383]LogD3D11RHI: InitD3DDevice
[2015.09.23-17.23.24:555][427]LogD3D11RHI: InitD3DDevice
[2015.09.23-17.23.29:465][686]LogD3D11RHI: InitD3DDevice
[2015.09.23-17.23.30:012][729]LogD3D11RHI: InitD3DDevice
[2015.09.23-17.23.34:958][961]LogD3D11RHI: InitD3DDevice
[2015.09.23-17.23.35:398][985]LogD3D11RHI: InitD3DDevice
[2015.09.23-17.23.41:361][271]LogD3D11RHI: InitD3DDevice
[2015.09.23-17.23.42:033][317]LogD3D11RHI: InitD3DDevice
[2015.09.23-17.23.47:223][576]LogD3D11RHI: InitD3DDevice
[2015.09.23-17.23.50:783][768]LogD3D11RHI: InitD3DDevice
[2015.09.23-17.23.52:570][862]LogD3D11RHI: InitD3DDevice
[2015.09.23-17.23.53:036][889]LogD3D11RHI: InitD3DDevice
[2015.09.23-17.24.05:575][403]LogD3D11RHI: InitD3DDevice
[2015.09.23-17.24.05:908][425]LogD3D11RHI: InitD3DDevice
[2015.09.23-17.24.15:312][780]LogD3D11RHI: InitD3DDevice
[2015.09.23-17.24.16:422][815]LogD3D11RHI: InitD3DDevice
[2015.09.23-17.24.22:830][896]LogD3D11RHI: InitD3DDevice
[2015.09.23-17.24.24:538][896]LogD3D11RHI: InitD3DDevice
[2015.09.23-17.24.24:562][896]Cmd: OBJ SAVEPACKAGE PACKAGE="/Game/NPOTG/Blueprints/Charaktere/wolf" FILE="../../../../Projekte/NotPartofTheGame/Content/NPOTG/Blueprints/Charaktere/wolf.uasset" SILENT=true
[2015.09.23-17.24.24:868][896]LogSavePackage: Save=250.927582ms
[2015.09.23-17.24.24:868][896]LogSavePackage: Moving '../../../../Projekte/NotPartofTheGame/Saved/wolf3A3269A04EB68F61CE14968F61057BAF.tmp' to '../../../../Projekte/NotPartofTheGame/Content/NPOTG/Blueprints/Charaktere/wolf.uasset'
[2015.09.23-17.24.24:915][896]LogD3D11RHI: InitD3DDevice
[2015.09.23-17.24.25:651][896]LogSavePackage: Save=650.968445ms
[2015.09.23-17.24.25:651][896]LogSavePackage: Moving '../../../../Projekte/NotPartofTheGame/Saved/UEDPCTesting_Level52ECAA6D411E5D92BAFF708C1E6E00FA.tmp' to '../../../../Projekte/NotPartofTheGame/Saved/Autosaves/Game/NPOTG/Maps/UEDPCTesting_Level.umap'
[2015.09.23-17.26.39:259][562]LogD3D11RHI: InitD3DDevice
[2015.09.23-17.26.40:817][652]LogD3D11RHI: InitD3DDevice
[2015.09.23-17.26.45:570][902]LogD3D11RHI: InitD3DDevice
[2015.09.23-17.26.46:819][902]LogD3D11RHI: InitD3DDevice
[2015.09.23-17.26.46:838][902]Cmd: OBJ SAVEPACKAGE PACKAGE="/Game/NPOTG/Blueprints/Charaktere/wolf" FILE="../../../../Projekte/NotPartofTheGame/Content/NPOTG/Blueprints/Charaktere/wolf.uasset" SILENT=true
[2015.09.23-17.26.47:130][902]LogSavePackage: Save=242.180801ms
[2015.09.23-17.26.47:130][902]LogSavePackage: Moving '../../../../Projekte/NotPartofTheGame/Saved/wolf2F0A0C7D48C629AE3416419EA685FF82.tmp' to '../../../../Projekte/NotPartofTheGame/Content/NPOTG/Blueprints/Charaktere/wolf.uasset'
[2015.09.23-17.26.47:176][902]LogD3D11RHI: InitD3DDevice
[2015.09.23-17.26.47:914][902]LogSavePackage: Save=658.801819ms
[2015.09.23-17.26.47:914][902]LogSavePackage: Moving '../../../../Projekte/NotPartofTheGame/Saved/UEDPCTesting_Level044394304B3264E45E2794922F07182A.tmp' to '../../../../Projekte/NotPartofTheGame/Saved/Autosaves/Game/NPOTG/Maps/UEDPCTesting_Level.umap'
[2015.09.23-17.28.57:537][924]LogD3D11RHI: InitD3DDevice
[2015.09.23-17.28.59:496][ 82]LogD3D11RHI: InitD3DDevice
[2015.09.23-17.29.06:478][482]LogD3D11RHI: InitD3DDevice
[2015.09.23-17.29.06:916][512]LogD3D11RHI: InitD3DDevice
[2015.09.23-17.29.16:038][ 22]LogD3D11RHI: InitD3DDevice
[2015.09.23-17.29.16:419][ 47]LogD3D11RHI: InitD3DDevice
[2015.09.23-17.29.25:038][555]LogD3D11RHI: InitD3DDevice
[2015.09.23-17.29.25:498][576]LogD3D11RHI: InitD3DDevice
[2015.09.23-17.29.34:496][169]LogD3D11RHI: InitD3DDevice
[2015.09.23-17.29.40:055][384]LogD3D11RHI: InitD3DDevice
[2015.09.23-17.29.44:988][467]LogD3D11RHI: InitD3DDevice
[2015.09.23-17.29.51:555][701]LogD3D11RHI: InitD3DDevice
[2015.09.23-17.29.53:316][793]LogD3D11RHI: InitD3DDevice
[2015.09.23-17.30.00:870][ 74]LogD3D11RHI: InitD3DDevice
[2015.09.23-17.30.05:072][224]LogD3D11RHI: InitD3DDevice
[2015.09.23-17.30.07:482][357]LogD3D11RHI: InitD3DDevice
[2015.09.23-17.30.09:280][439]LogD3D11RHI: InitD3DDevice
[2015.09.23-17.30.11:233][546]LogD3D11RHI: InitD3DDevice
[2015.09.23-17.30.13:742][652]LogD3D11RHI: InitD3DDevice
[2015.09.23-17.30.14:792][652]LogD3D11RHI: InitD3DDevice
[2015.09.23-17.30.14:816][652]Cmd: OBJ SAVEPACKAGE PACKAGE="/Game/NPOTG/Blueprints/Charaktere/wolf" FILE="../../../../Projekte/NotPartofTheGame/Content/NPOTG/Blueprints/Charaktere/wolf.uasset" SILENT=true
[2015.09.23-17.30.15:117][652]LogSavePackage: Save=246.000595ms
[2015.09.23-17.30.15:117][652]LogSavePackage: Moving '../../../../Projekte/NotPartofTheGame/Saved/wolfC0E144DB41530AE2CCEE58971D489ABE.tmp' to '../../../../Projekte/NotPartofTheGame/Content/NPOTG/Blueprints/Charaktere/wolf.uasset'
[2015.09.23-17.30.15:163][652]LogD3D11RHI: InitD3DDevice
[2015.09.23-17.30.15:886][652]LogSavePackage: Save=647.324707ms
[2015.09.23-17.30.15:886][652]LogSavePackage: Moving '../../../../Projekte/NotPartofTheGame/Saved/UEDPCTesting_Level90742ED141ABCFD0062375AF20BAE2CA.tmp' to '../../../../Projekte/NotPartofTheGame/Saved/Autosaves/Game/NPOTG/Maps/UEDPCTesting_Level.umap'
[2015.09.23-17.30.37:633][ 72]LogD3D11RHI: InitD3DDevice
[2015.09.23-17.30.39:602][199]LogD3D11RHI: InitD3DDevice
[2015.09.23-17.30.45:861][482]LogD3D11RHI: InitD3DDevice
[2015.09.23-17.30.46:978][551]LogD3D11RHI: InitD3DDevice
[2015.09.23-17.30.51:816][756]LogD3D11RHI: InitD3DDevice
[2015.09.23-17.31.14:578][464]LogD3D11RHI: InitD3DDevice
[2015.09.23-17.31.16:129][543]LogD3D11RHI: InitD3DDevice
[2015.09.23-17.31.17:805][631]LogD3D11RHI: InitD3DDevice
[2015.09.23-17.31.22:661][697]LogD3D11RHI: InitD3DDevice
[2015.09.23-17.31.23:967][738]LogD3D11RHI: InitD3DDevice
[2015.09.23-17.31.27:434][831]LogD3D11RHI: InitD3DDevice
[2015.09.23-17.31.28:420][831]LogD3D11RHI: InitD3DDevice
[2015.09.23-17.31.28:447][831]Cmd: OBJ SAVEPACKAGE PACKAGE="/Game/NPOTG/Blueprints/Charaktere/wolf" FILE="../../../../Projekte/NotPartofTheGame/Content/NPOTG/Blueprints/Charaktere/wolf.uasset" SILENT=true
[2015.09.23-17.31.28:756][831]LogSavePackage: Save=260.561676ms
[2015.09.23-17.31.28:756][831]LogSavePackage: Moving '../../../../Projekte/NotPartofTheGame/Saved/wolfC3AFC02B4AD448F3E6DAF28221C1C659.tmp' to '../../../../Projekte/NotPartofTheGame/Content/NPOTG/Blueprints/Charaktere/wolf.uasset'
[2015.09.23-17.31.28:804][831]LogD3D11RHI: InitD3DDevice
[2015.09.23-17.31.29:533][831]LogSavePackage: Save=654.672546ms
[2015.09.23-17.31.29:533][831]LogSavePackage: Moving '../../../../Projekte/NotPartofTheGame/Saved/UEDPCTesting_LevelC171992D475A7F63C48BDC823DD59BF4.tmp' to '../../../../Projekte/NotPartofTheGame/Saved/Autosaves/Game/NPOTG/Maps/UEDPCTesting_Level.umap'
[2015.09.23-17.32.25:992][206]LogD3D11RHI: InitD3DDevice
[2015.09.23-17.32.28:795][365]LogD3D11RHI: InitD3DDevice
[2015.09.23-17.32.31:899][503]LogD3D11RHI: InitD3DDevice
[2015.09.23-17.32.33:060][503]LogD3D11RHI: InitD3DDevice
[2015.09.23-17.32.33:078][503]Cmd: OBJ SAVEPACKAGE PACKAGE="/Game/NPOTG/Blueprints/Charaktere/wolf" FILE="../../../../Projekte/NotPartofTheGame/Content/NPOTG/Blueprints/Charaktere/wolf.uasset" SILENT=true
[2015.09.23-17.32.33:392][503]LogSavePackage: Save=265.688629ms
[2015.09.23-17.32.33:392][503]LogSavePackage: Moving '../../../../Projekte/NotPartofTheGame/Saved/wolf8AF736C645A5B2BE6103AB90BE8E55D1.tmp' to '../../../../Projekte/NotPartofTheGame/Content/NPOTG/Blueprints/Charaktere/wolf.uasset'
[2015.09.23-17.32.33:438][503]LogD3D11RHI: InitD3DDevice
[2015.09.23-17.32.34:192][503]LogSavePackage: Save=682.560608ms
[2015.09.23-17.32.34:192][503]LogSavePackage: Moving '../../../../Projekte/NotPartofTheGame/Saved/UEDPCTesting_Level2EC55A074A6A240017BF26A1CADC83B1.tmp' to '../../../../Projekte/NotPartofTheGame/Saved/Autosaves/Game/NPOTG/Maps/UEDPCTesting_Level.umap'
[2015.09.23-17.33.18:762][907]LogD3D11RHI: InitD3DDevice
[2015.09.23-17.33.22:160][ 74]LogD3D11RHI: InitD3DDevice
[2015.09.23-17.33.38:719][914]LogD3D11RHI: InitD3DDevice
[2015.09.23-17.33.39:758][991]LogD3D11RHI: InitD3DDevice
[2015.09.23-17.33.46:616][353]LogD3D11RHI: InitD3DDevice
[2015.09.23-17.33.53:926][665]LogD3D11RHI: InitD3DDevice
[2015.09.23-17.33.54:772][731]LogD3D11RHI: InitD3DDevice
[2015.09.23-17.33.56:397][820]LogD3D11RHI: InitD3DDevice
[2015.09.23-17.33.56:995][869]LogD3D11RHI: InitD3DDevice
[2015.09.23-17.33.58:606][950]LogD3D11RHI: InitD3DDevice
[2015.09.23-17.34.08:965][338]LogD3D11RHI: InitD3DDevice
[2015.09.23-17.34.09:574][370]LogD3D11RHI: InitD3DDevice
[2015.09.23-17.34.13:828][506]LogD3D11RHI: InitD3DDevice
[2015.09.23-17.34.17:058][647]LogD3D11RHI: InitD3DDevice
[2015.09.23-17.34.19:320][703]LogD3D11RHI: InitD3DDevice
[2015.09.23-17.34.24:036][852]LogD3D11RHI: InitD3DDevice
[2015.09.23-17.34.25:945][952]BlueprintLog: New page: Compile wolf
[2015.09.23-17.34.26:251][952]BlueprintEditorCompileResults: Info [0879.29] Compile of wolf successful! [in 306 ms]
[2015.09.23-17.34.27:133][977]LogD3D11RHI: InitD3DDevice
[2015.09.23-17.34.28:110][977]LogD3D11RHI: InitD3DDevice
[2015.09.23-17.34.28:124][977]Cmd: OBJ SAVEPACKAGE PACKAGE="/Game/NPOTG/Blueprints/Charaktere/wolf" FILE="../../../../Projekte/NotPartofTheGame/Content/NPOTG/Blueprints/Charaktere/wolf.uasset" SILENT=true
[2015.09.23-17.34.28:424][977]LogSavePackage: Save=251.595932ms
[2015.09.23-17.34.28:424][977]LogSavePackage: Moving '../../../../Projekte/NotPartofTheGame/Saved/wolf10A56D5449F2D3CEF1F0ED82341215A8.tmp' to '../../../../Projekte/NotPartofTheGame/Content/NPOTG/Blueprints/Charaktere/wolf.uasset'
[2015.09.23-17.34.28:470][977]LogD3D11RHI: InitD3DDevice
[2015.09.23-17.34.29:172][977]LogSavePackage: Save=633.577515ms
[2015.09.23-17.34.29:172][977]LogSavePackage: Moving '../../../../Projekte/NotPartofTheGame/Saved/UEDPCTesting_LevelEC97C1CB488147E13B452E91E87A71F5.tmp' to '../../../../Projekte/NotPartofTheGame/Saved/Autosaves/Game/NPOTG/Maps/UEDPCTesting_Level.umap'
[2015.09.23-17.34.44:113][ 87]LogD3D11RHI: InitD3DDevice
[2015.09.23-17.34.53:113][114]LogD3D11RHI: InitD3DDevice
[2015.09.23-17.34.54:009][114]LogSavePackage: Save=681.512207ms
[2015.09.23-17.34.54:009][114]LogSavePackage: Moving '../../../../Projekte/NotPartofTheGame/Saved/Testing_Level_Auto1144C151145DA160FBC99BEA6773877EA.tmp' to '../../../../Projekte/NotPartofTheGame/Saved/Autosaves/Game/NPOTG/Maps/Testing_Level_Auto1.umap'
[2015.09.23-17.34.54:013][114]LogFileHelpers: Editor autosave (incl. sublevels) for '/Game/NPOTG/Maps/Testing_Level' took 0.784
[2015.09.23-17.34.54:013][114]LogFileHelpers: Editor autosave (incl. sublevels) for all levels took 0.784
[2015.09.23-17.35.24:955][540]LogD3D11RHI: InitD3DDevice
[2015.09.23-17.35.25:483][567]LogD3D11RHI: InitD3DDevice
[2015.09.23-17.35.34:169][975]LogD3D11RHI: InitD3DDevice
[2015.09.23-17.35.37:308][157]LogD3D11RHI: InitD3DDevice
[2015.09.23-17.35.45:353][498]LogD3D11RHI: InitD3DDevice
[2015.09.23-17.35.46:315][551]LogD3D11RHI: InitD3DDevice
[2015.09.23-17.36.02:819][374]LogD3D11RHI: InitD3DDevice
[2015.09.23-17.36.03:292][400]LogD3D11RHI: InitD3DDevice
[2015.09.23-17.36.12:113][858]LogD3D11RHI: InitD3DDevice
[2015.09.23-17.36.12:762][895]LogD3D11RHI: InitD3DDevice
[2015.09.23-17.36.19:137][180]LogD3D11RHI: InitD3DDevice
[2015.09.23-17.36.21:700][320]LogD3D11RHI: InitD3DDevice
[2015.09.23-17.36.26:885][567]LogD3D11RHI: InitD3DDevice
[2015.09.23-17.36.27:738][567]LogD3D11RHI: InitD3DDevice
[2015.09.23-17.36.27:755][567]Cmd: OBJ SAVEPACKAGE PACKAGE="/Game/NPOTG/Blueprints/Charaktere/wolf" FILE="../../../../Projekte/NotPartofTheGame/Content/NPOTG/Blueprints/Charaktere/wolf.uasset" SILENT=true
[2015.09.23-17.36.28:077][567]LogSavePackage: Save=266.785858ms
[2015.09.23-17.36.28:077][567]LogSavePackage: Moving '../../../../Projekte/NotPartofTheGame/Saved/wolf53704CDA4F7B0AE3A0386CA1D718D8BB.tmp' to '../../../../Projekte/NotPartofTheGame/Content/NPOTG/Blueprints/Charaktere/wolf.uasset'
[2015.09.23-17.36.28:127][567]LogD3D11RHI: InitD3DDevice
[2015.09.23-17.36.28:872][567]LogSavePackage: Save=661.396851ms
[2015.09.23-17.36.28:872][567]LogSavePackage: Moving '../../../../Projekte/NotPartofTheGame/Saved/UEDPCTesting_Level48AE5C654CE1535C95A8B087C539A4E5.tmp' to '../../../../Projekte/NotPartofTheGame/Saved/Autosaves/Game/NPOTG/Maps/UEDPCTesting_Level.umap'
[2015.09.23-17.37.12:649][225]LogD3D11RHI: InitD3DDevice
[2015.09.23-17.37.22:453][645]LogD3D11RHI: InitD3DDevice
[2015.09.23-17.37.22:920][674]LogD3D11RHI: InitD3DDevice
[2015.09.23-17.37.28:515][954]LogD3D11RHI: InitD3DDevice
[2015.09.23-17.37.29:079][989]LogD3D11RHI: InitD3DDevice
[2015.09.23-17.37.33:351][152]LogD3D11RHI: InitD3DDevice
[2015.09.23-17.37.33:776][175]LogD3D11RHI: InitD3DDevice
[2015.09.23-17.37.38:639][369]LogD3D11RHI: InitD3DDevice
[2015.09.23-17.37.40:903][505]LogD3D11RHI: InitD3DDevice
[2015.09.23-17.37.43:172][636]LogD3D11RHI: InitD3DDevice
[2015.09.23-17.37.48:234][913]LogD3D11RHI: InitD3DDevice
[2015.09.23-17.37.49:798][997]LogD3D11RHI: InitD3DDevice
[2015.09.23-17.37.52:293][134]LogD3D11RHI: InitD3DDevice
[2015.09.23-17.37.54:385][236]BlueprintLog: New page: Compile wolf
[2015.09.23-17.37.54:599][236]BlueprintEditorCompileResults: Info [1087.63] Compile of wolf successful! [in 213 ms]
[2015.09.23-17.37.55:449][260]LogD3D11RHI: InitD3DDevice
[2015.09.23-17.37.56:209][260]LogD3D11RHI: InitD3DDevice
[2015.09.23-17.37.56:236][260]Cmd: OBJ SAVEPACKAGE PACKAGE="/Game/NPOTG/Blueprints/Charaktere/wolf" FILE="../../../../Projekte/NotPartofTheGame/Content/NPOTG/Blueprints/Charaktere/wolf.uasset" SILENT=true
[2015.09.23-17.37.56:551][260]LogSavePackage: Save=267.331055ms
[2015.09.23-17.37.56:551][260]LogSavePackage: Moving '../../../../Projekte/NotPartofTheGame/Saved/wolf2868B40344E29D92E1923EA9F484251C.tmp' to '../../../../Projekte/NotPartofTheGame/Content/NPOTG/Blueprints/Charaktere/wolf.uasset'
[2015.09.23-17.37.56:597][260]LogD3D11RHI: InitD3DDevice
[2015.09.23-17.37.57:298][260]LogSavePackage: Save=633.131226ms
[2015.09.23-17.37.57:298][260]LogSavePackage: Moving '../../../../Projekte/NotPartofTheGame/Saved/UEDPCTesting_Level5EA306ED41BE1BA21F553997D1325182.tmp' to '../../../../Projekte/NotPartofTheGame/Saved/Autosaves/Game/NPOTG/Maps/UEDPCTesting_Level.umap'
[2015.09.23-17.38.30:547][732]LogEditorTransaction: Undo Create Pin Link
[2015.09.23-17.38.30:612][732]LogD3D11RHI: InitD3DDevice
[2015.09.23-17.38.30:742][735]LogEditorTransaction: Undo Move Node
[2015.09.23-17.38.31:067][746]LogEditorTransaction: Undo Create Pin Link
[2015.09.23-17.38.31:417][761]LogEditorTransaction: Undo Create Pin Link
[2015.09.23-17.38.31:629][765]LogEditorTransaction: Undo Move Node
[2015.09.23-17.38.31:811][768]LogEditorTransaction: Undo Move Node
[2015.09.23-17.38.31:968][770]LogEditorTransaction: Undo Move Node
[2015.09.23-17.38.32:125][772]LogEditorTransaction: Undo Create Pin Link
[2015.09.23-17.38.32:374][777]LogEditorTransaction: Undo Move Node
[2015.09.23-17.38.32:639][783]LogEditorTransaction: Undo Create Pin Link
[2015.09.23-17.38.32:936][790]LogEditorTransaction: Undo Split Struct Pin
[2015.09.23-17.38.33:207][796]LogEditorTransaction: Undo Add Node
[2015.09.23-17.38.33:506][803]LogEditorTransaction: Undo Add Node
[2015.09.23-17.38.33:833][811]LogEditorTransaction: Undo Add Node
[2015.09.23-17.38.34:550][831]LogEditorTransaction: Undo Move Node
[2015.09.23-17.38.42:840][105]LogEditorTransaction: Undo Create Pin Link
[2015.09.23-17.38.42:904][105]LogD3D11RHI: InitD3DDevice
[2015.09.23-17.38.43:296][124]LogEditorTransaction: Undo Delete current selection
[2015.09.23-17.38.43:644][141]LogEditorTransaction: Undo Delete current selection
[2015.09.23-17.38.44:142][157]LogEditorTransaction: Undo Delete current selection
[2015.09.23-17.38.46:538][219]LogD3D11RHI: InitD3DDevice
[2015.09.23-17.38.47:267][219]LogD3D11RHI: InitD3DDevice
[2015.09.23-17.38.47:285][219]Cmd: OBJ SAVEPACKAGE PACKAGE="/Game/NPOTG/Blueprints/Charaktere/wolf" FILE="../../../../Projekte/NotPartofTheGame/Content/NPOTG/Blueprints/Charaktere/wolf.uasset" SILENT=true
[2015.09.23-17.38.47:599][219]LogSavePackage: Save=267.030640ms
[2015.09.23-17.38.47:599][219]LogSavePackage: Moving '../../../../Projekte/NotPartofTheGame/Saved/wolf06FD3C3F4FA9E06FE636A399EC48118E.tmp' to '../../../../Projekte/NotPartofTheGame/Content/NPOTG/Blueprints/Charaktere/wolf.uasset'
[2015.09.23-17.38.47:648][219]LogD3D11RHI: InitD3DDevice
[2015.09.23-17.38.48:380][219]LogSavePackage: Save=663.614319ms
[2015.09.23-17.38.48:380][219]LogSavePackage: Moving '../../../../Projekte/NotPartofTheGame/Saved/UEDPCTesting_LevelBA73452C420E907DE1321483D7FAEE11.tmp' to '../../../../Projekte/NotPartofTheGame/Saved/Autosaves/Game/NPOTG/Maps/UEDPCTesting_Level.umap'
[2015.09.23-17.39.15:574][471]LogD3D11RHI: InitD3DDevice
[2015.09.23-17.39.15:599][471]LogD3D11RHI: InitD3DDevice
[2015.09.23-17.39.29:228][928]LogD3D11RHI: InitD3DDevice
[2015.09.23-17.39.33:529][ 87]LogD3D11RHI: InitD3DDevice
[2015.09.23-17.39.33:853][107]LogD3D11RHI: InitD3DDevice
[2015.09.23-17.39.38:182][337]LogD3D11RHI: InitD3DDevice
[2015.09.23-17.39.38:660][373]LogD3D11RHI: InitD3DDevice
[2015.09.23-17.39.40:783][490]LogD3D11RHI: InitD3DDevice
[2015.09.23-17.39.42:772][597]LogD3D11RHI: InitD3DDevice
[2015.09.23-17.39.43:219][626]LogD3D11RHI: InitD3DDevice
[2015.09.23-17.39.48:946][870]LogD3D11RHI: InitD3DDevice
[2015.09.23-17.39.49:331][893]LogD3D11RHI: InitD3DDevice
[2015.09.23-17.39.53:574][ 58]LogD3D11RHI: InitD3DDevice
[2015.09.23-17.39.59:553][300]LogD3D11RHI: InitD3DDevice
[2015.09.23-17.40.02:092][446]LogD3D11RHI: InitD3DDevice
[2015.09.23-17.40.02:890][514]LogD3D11RHI: InitD3DDevice
[2015.09.23-17.40.02:927][514]LogD3D11RHI: InitD3DDevice
[2015.09.23-17.40.03:535][562]LogD3D11RHI: InitD3DDevice
[2015.09.23-17.40.04:260][587]LogD3D11RHI: InitD3DDevice
[2015.09.23-17.40.05:664][662]LogD3D11RHI: InitD3DDevice
[2015.09.23-17.40.09:280][825]LogParticles: Destroying 0 GPU particle simulations for FXSystem 0x000000CD25D0C9A0
[2015.09.23-17.40.09:306][825]LogD3D11RHI: InitD3DDevice
[2015.09.23-17.40.10:127][825]LogD3D11RHI: InitD3DDevice
[2015.09.23-17.40.10:148][825]Cmd: OBJ SAVEPACKAGE PACKAGE="/Game/NPOTG/Blueprints/Charaktere/Markimoo" FILE="../../../../Projekte/NotPartofTheGame/Content/NPOTG/Blueprints/Charaktere/Markimoo.uasset" SILENT=true
[2015.09.23-17.40.10:419][825]LogSavePackage: Save=218.397110ms
[2015.09.23-17.40.10:419][825]LogSavePackage: Moving '../../../../Projekte/NotPartofTheGame/Saved/Markimoo19FB8B67430AE0964D7D3D907530A306.tmp' to '../../../../Projekte/NotPartofTheGame/Content/NPOTG/Blueprints/Charaktere/Markimoo.uasset'
[2015.09.23-17.40.10:467][825]LogD3D11RHI: InitD3DDevice
[2015.09.23-17.40.11:172][825]LogSavePackage: Save=643.765503ms
[2015.09.23-17.40.11:172][825]LogSavePackage: Moving '../../../../Projekte/NotPartofTheGame/Saved/UEDPCTesting_Level302D6B53412BD99071D40B98A5B8146E.tmp' to '../../../../Projekte/NotPartofTheGame/Saved/Autosaves/Game/NPOTG/Maps/UEDPCTesting_Level.umap'
[2015.09.23-17.40.54:313][ 59]LogD3D11RHI: InitD3DDevice
[2015.09.23-17.40.54:330][ 59]LogD3D11RHI: InitD3DDevice
[2015.09.23-17.40.56:207][106]LogD3D11RHI: InitD3DDevice
[2015.09.23-17.41.00:534][278]LogD3D11RHI: InitD3DDevice
[2015.09.23-17.41.01:268][278]LogD3D11RHI: InitD3DDevice
[2015.09.23-17.41.01:280][278]Cmd: OBJ SAVEPACKAGE PACKAGE="/Game/NPOTG/Blueprints/Charaktere/Markimoo" FILE="../../../../Projekte/NotPartofTheGame/Content/NPOTG/Blueprints/Charaktere/Markimoo.uasset" SILENT=true
[2015.09.23-17.41.01:543][278]LogSavePackage: Save=216.365295ms
[2015.09.23-17.41.01:543][278]LogSavePackage: Moving '../../../../Projekte/NotPartofTheGame/Saved/Markimoo6C88F8D14FA11BEA5DAD359E014C84A8.tmp' to '../../../../Projekte/NotPartofTheGame/Content/NPOTG/Blueprints/Charaktere/Markimoo.uasset'
[2015.09.23-17.41.01:590][278]LogD3D11RHI: InitD3DDevice
[2015.09.23-17.41.02:326][278]LogSavePackage: Save=666.976929ms
[2015.09.23-17.41.02:326][278]LogSavePackage: Moving '../../../../Projekte/NotPartofTheGame/Saved/UEDPCTesting_Level69742C484E7CEDE1630D46BC589A4221.tmp' to '../../../../Projekte/NotPartofTheGame/Saved/Autosaves/Game/NPOTG/Maps/UEDPCTesting_Level.umap'
[2015.09.23-17.41.29:839][540]LogD3D11RHI: InitD3DDevice
[2015.09.23-17.41.29:862][540]LogD3D11RHI: InitD3DDevice
[2015.09.23-17.41.34:760][710]LogD3D11RHI: InitD3DDevice
[2015.09.23-17.41.37:157][856]LogParticles: Destroying 0 GPU particle simulations for FXSystem 0x000000CD539F1A80
[2015.09.23-17.41.37:181][856]LogD3D11RHI: InitD3DDevice
[2015.09.23-17.41.38:188][856]LogD3D11RHI: InitD3DDevice
[2015.09.23-17.41.38:213][856]Cmd: OBJ SAVEPACKAGE PACKAGE="/Game/NPOTG/Blueprints/Charaktere/wolf" FILE="../../../../Projekte/NotPartofTheGame/Content/NPOTG/Blueprints/Charaktere/wolf.uasset" SILENT=true
[2015.09.23-17.41.38:527][856]LogSavePackage: Save=262.029938ms
[2015.09.23-17.41.38:527][856]LogSavePackage: Moving '../../../../Projekte/NotPartofTheGame/Saved/wolf00F08BC5402FA62AF88585AC49E8F64C.tmp' to '../../../../Projekte/NotPartofTheGame/Content/NPOTG/Blueprints/Charaktere/wolf.uasset'
[2015.09.23-17.41.38:575][856]LogD3D11RHI: InitD3DDevice
[2015.09.23-17.41.39:286][856]LogSavePackage: Save=639.003052ms
[2015.09.23-17.41.39:286][856]LogSavePackage: Moving '../../../../Projekte/NotPartofTheGame/Saved/UEDPCTesting_Level436C390B4BD4FFF77D6A63967F5CBB5B.tmp' to '../../../../Projekte/NotPartofTheGame/Saved/Autosaves/Game/NPOTG/Maps/UEDPCTesting_Level.umap'
[2015.09.23-17.42.50:711][157]Cmd: TRANSACTION UNDO
[2015.09.23-17.42.50:711][157]LogEditorTransaction: Undo Create Pin Link
[2015.09.23-17.42.50:766][157]LogD3D11RHI: InitD3DDevice
[2015.09.23-17.42.51:160][176]Cmd: TRANSACTION UNDO
[2015.09.23-17.42.51:160][176]LogEditorTransaction: Undo Delete current selection
[2015.09.23-17.43.05:007][691]LogD3D11RHI: InitD3DDevice
[2015.09.23-17.43.06:874][783]LogD3D11RHI: InitD3DDevice
[2015.09.23-17.43.07:682][783]LogD3D11RHI: InitD3DDevice
[2015.09.23-17.43.07:712][783]Cmd: OBJ SAVEPACKAGE PACKAGE="/Game/NPOTG/Blueprints/Charaktere/wolf" FILE="../../../../Projekte/NotPartofTheGame/Content/NPOTG/Blueprints/Charaktere/wolf.uasset" SILENT=true
[2015.09.23-17.43.08:031][783]LogSavePackage: Save=267.455475ms
[2015.09.23-17.43.08:031][783]LogSavePackage: Moving '../../../../Projekte/NotPartofTheGame/Saved/wolf380A052241E4154B6A6AC9BA59BDBF25.tmp' to '../../../../Projekte/NotPartofTheGame/Content/NPOTG/Blueprints/Charaktere/wolf.uasset'
[2015.09.23-17.43.08:080][783]LogD3D11RHI: InitD3DDevice
[2015.09.23-17.43.08:802][783]LogSavePackage: Save=661.577881ms
[2015.09.23-17.43.08:802][783]LogSavePackage: Moving '../../../../Projekte/NotPartofTheGame/Saved/UEDPCTesting_LevelAEA7EE3740669846ECE758B1E8BC3DCB.tmp' to '../../../../Projekte/NotPartofTheGame/Saved/Autosaves/Game/NPOTG/Maps/UEDPCTesting_Level.umap'
[2015.09.23-17.43.30:574][919]Cmd: TRANSACTION UNDO
[2015.09.23-17.43.30:574][919]LogEditorTransaction: Undo Create Pin Link
[2015.09.23-17.43.30:629][919]LogD3D11RHI: InitD3DDevice
[2015.09.23-17.43.31:188][951]Cmd: TRANSACTION UNDO
[2015.09.23-17.43.31:188][951]LogEditorTransaction: Undo Move Node
[2015.09.23-17.43.31:755][979]Cmd: TRANSACTION UNDO
[2015.09.23-17.43.31:755][979]LogEditorTransaction: Undo Delete current selection
[2015.09.23-17.43.32:484][  0]Cmd: TRANSACTION UNDO
[2015.09.23-17.43.32:484][  0]LogEditorTransaction: Undo Delete current selection
[2015.09.23-17.43.34:645][ 61]LogD3D11RHI: InitD3DDevice
[2015.09.23-17.43.35:549][ 61]LogD3D11RHI: InitD3DDevice
[2015.09.23-17.43.35:577][ 61]Cmd: OBJ SAVEPACKAGE PACKAGE="/Game/NPOTG/Blueprints/Charaktere/wolf" FILE="../../../../Projekte/NotPartofTheGame/Content/NPOTG/Blueprints/Charaktere/wolf.uasset" SILENT=true
[2015.09.23-17.43.35:894][ 61]LogSavePackage: Save=269.957520ms
[2015.09.23-17.43.35:894][ 61]LogSavePackage: Moving '../../../../Projekte/NotPartofTheGame/Saved/wolf3A2936654924F62CA80704A54F861693.tmp' to '../../../../Projekte/NotPartofTheGame/Content/NPOTG/Blueprints/Charaktere/wolf.uasset'
[2015.09.23-17.43.35:953][ 61]LogD3D11RHI: InitD3DDevice
[2015.09.23-17.43.36:670][ 61]LogSavePackage: Save=647.608032ms
[2015.09.23-17.43.36:670][ 61]LogSavePackage: Moving '../../../../Projekte/NotPartofTheGame/Saved/UEDPCTesting_Level0B6D46B44E209B33153329B62ACE7436.tmp' to '../../../../Projekte/NotPartofTheGame/Saved/Autosaves/Game/NPOTG/Maps/UEDPCTesting_Level.umap'
[2015.09.23-17.44.09:355][665]LogD3D11RHI: InitD3DDevice
[2015.09.23-17.44.09:843][694]LogD3D11RHI: InitD3DDevice
[2015.09.23-17.44.14:967][947]LogD3D11RHI: InitD3DDevice
[2015.09.23-17.44.15:415][972]LogD3D11RHI: InitD3DDevice
[2015.09.23-17.44.18:809][104]LogD3D11RHI: InitD3DDevice
[2015.09.23-17.44.21:008][221]LogD3D11RHI: InitD3DDevice
[2015.09.23-17.44.22:380][291]LogD3D11RHI: InitD3DDevice
[2015.09.23-17.44.23:086][291]LogD3D11RHI: InitD3DDevice
[2015.09.23-17.44.23:108][291]Cmd: OBJ SAVEPACKAGE PACKAGE="/Game/NPOTG/Blueprints/Charaktere/wolf" FILE="../../../../Projekte/NotPartofTheGame/Content/NPOTG/Blueprints/Charaktere/wolf.uasset" SILENT=true
[2015.09.23-17.44.23:425][291]LogSavePackage: Save=269.428192ms
[2015.09.23-17.44.23:425][291]LogSavePackage: Moving '../../../../Projekte/NotPartofTheGame/Saved/wolfF295F03C4D95271CCE4E7D9C2A75EAEB.tmp' to '../../../../Projekte/NotPartofTheGame/Content/NPOTG/Blueprints/Charaktere/wolf.uasset'
[2015.09.23-17.44.23:472][291]LogD3D11RHI: InitD3DDevice
[2015.09.23-17.44.24:176][291]LogSavePackage: Save=636.494446ms
[2015.09.23-17.44.24:176][291]LogSavePackage: Moving '../../../../Projekte/NotPartofTheGame/Saved/UEDPCTesting_Level769520CC4192C5047FD99DB66C7B2969.tmp' to '../../../../Projekte/NotPartofTheGame/Saved/Autosaves/Game/NPOTG/Maps/UEDPCTesting_Level.umap'
[2015.09.23-17.44.45:843][422]LogD3D11RHI: InitD3DDevice
[2015.09.23-17.45.05:727][990]LogD3D11RHI: InitD3DDevice
[2015.09.23-17.45.06:497][ 34]LogD3D11RHI: InitD3DDevice
[2015.09.23-17.45.10:632][192]LogD3D11RHI: InitD3DDevice
[2015.09.23-17.45.11:319][228]LogD3D11RHI: InitD3DDevice
[2015.09.23-17.45.15:450][365]LogD3D11RHI: InitD3DDevice
[2015.09.23-17.45.15:710][381]LogD3D11RHI: InitD3DDevice
[2015.09.23-17.45.20:807][643]LogD3D11RHI: InitD3DDevice
[2015.09.23-17.45.26:087][979]LogD3D11RHI: InitD3DDevice
[2015.09.23-17.45.27:511][ 59]LogD3D11RHI: InitD3DDevice
[2015.09.23-17.45.29:380][159]LogD3D11RHI: InitD3DDevice
[2015.09.23-17.45.30:328][159]LogD3D11RHI: InitD3DDevice
[2015.09.23-17.45.30:339][159]Cmd: OBJ SAVEPACKAGE PACKAGE="/Game/NPOTG/Blueprints/Charaktere/wolf" FILE="../../../../Projekte/NotPartofTheGame/Content/NPOTG/Blueprints/Charaktere/wolf.uasset" SILENT=true
[2015.09.23-17.45.30:657][159]LogSavePackage: Save=271.320038ms
[2015.09.23-17.45.30:657][159]LogSavePackage: Moving '../../../../Projekte/NotPartofTheGame/Saved/wolf01DDB5824B90F2F0FED264841D4C76BA.tmp' to '../../../../Projekte/NotPartofTheGame/Content/NPOTG/Blueprints/Charaktere/wolf.uasset'
[2015.09.23-17.45.30:707][159]LogD3D11RHI: InitD3DDevice
[2015.09.23-17.45.31:415][159]LogSavePackage: Save=647.363586ms
[2015.09.23-17.45.31:415][159]LogSavePackage: Moving '../../../../Projekte/NotPartofTheGame/Saved/UEDPCTesting_LevelFD52B30847F1060EE66EAEA1FF1E6755.tmp' to '../../../../Projekte/NotPartofTheGame/Saved/Autosaves/Game/NPOTG/Maps/UEDPCTesting_Level.umap'
[2015.09.23-17.45.47:934][272]LogD3D11RHI: InitD3DDevice
[2015.09.23-17.45.48:832][272]LogSavePackage: Save=687.867676ms
[2015.09.23-17.45.48:832][272]LogSavePackage: Moving '../../../../Projekte/NotPartofTheGame/Saved/Testing_Level_Auto21C8C86C74B4454316E011DA70954EC10.tmp' to '../../../../Projekte/NotPartofTheGame/Saved/Autosaves/Game/NPOTG/Maps/Testing_Level_Auto2.umap'
[2015.09.23-17.45.48:836][272]LogFileHelpers: Editor autosave (incl. sublevels) for '/Game/NPOTG/Maps/Testing_Level' took 0.790
[2015.09.23-17.45.48:836][272]LogFileHelpers: Editor autosave (incl. sublevels) for all levels took 0.790
[2015.09.23-17.46.19:558][133]LogD3D11RHI: InitD3DDevice
[2015.09.23-17.46.49:921][411]LogD3D11RHI: InitD3DDevice
[2015.09.23-17.46.50:923][411]LogD3D11RHI: InitD3DDevice
[2015.09.23-17.46.50:938][411]Cmd: OBJ SAVEPACKAGE PACKAGE="/Game/NPOTG/Blueprints/Charaktere/wolf" FILE="../../../../Projekte/NotPartofTheGame/Content/NPOTG/Blueprints/Charaktere/wolf.uasset" SILENT=true
[2015.09.23-17.46.51:255][411]LogSavePackage: Save=266.675446ms
[2015.09.23-17.46.51:255][411]LogSavePackage: Moving '../../../../Projekte/NotPartofTheGame/Saved/wolf3255503A4109C73EE4B0C6954A5F3007.tmp' to '../../../../Projekte/NotPartofTheGame/Content/NPOTG/Blueprints/Charaktere/wolf.uasset'
[2015.09.23-17.46.51:302][411]LogD3D11RHI: InitD3DDevice
[2015.09.23-17.46.52:030][411]LogSavePackage: Save=659.556274ms
[2015.09.23-17.46.52:030][411]LogSavePackage: Moving '../../../../Projekte/NotPartofTheGame/Saved/UEDPCTesting_Level608138374E85080E6CD5C399E89BDD8D.tmp' to '../../../../Projekte/NotPartofTheGame/Saved/Autosaves/Game/NPOTG/Maps/UEDPCTesting_Level.umap'
[2015.09.23-17.47.28:062][619]LogParticles: Destroying 0 GPU particle simulations for FXSystem 0x000000CD7F8E34C0
[2015.09.23-17.47.28:085][619]LogD3D11RHI: InitD3DDevice
[2015.09.23-17.47.29:366][619]LogD3D11RHI: InitD3DDevice
[2015.09.23-17.47.29:448][619]Cmd: OBJ SAVEPACKAGE PACKAGE="/Game/NPOTG/Maps/Testing_Level" FILE="../../../../Projekte/NotPartofTheGame/Content/NPOTG/Maps/Testing_Level.umap" SILENT=true AUTOSAVING=false KEEPDIRTY=false
[2015.09.23-17.47.30:230][619]LogSavePackage: Save=693.783325ms
[2015.09.23-17.47.30:230][619]LogSavePackage: Moving '../../../../Projekte/NotPartofTheGame/Saved/Testing_LevelC38E2BFD4460AD511BA55983DA33EE15.tmp' to '../../../../Projekte/NotPartofTheGame/Content/NPOTG/Maps/Testing_Level.umap'
[2015.09.23-17.47.30:274][619]LogFileHelpers: Saving map 'Testing_Level' took 0.893
[2015.09.23-17.47.30:405][619]LogWindowsTextInputMethodSystem:Display: IME system now deactivated.
[2015.09.23-17.47.30:407][619]LogWindowsTextInputMethodSystem:Display: IME system now deactivated.
[2015.09.23-17.47.30:643][620]Cmd: QUIT_EDITOR
[2015.09.23-17.47.30:888][620]LogExit: Preparing to exit.
[2015.09.23-17.47.31:834][620]LogExit: Editor shut down
[2015.09.23-17.47.31:835][620]LogExit: Transaction tracking system shut down
[2015.09.23-17.47.31:844][620]LogParticles: Destroying 0 GPU particle simulations for FXSystem 0x000000CD7A72F2E0
[2015.09.23-17.47.31:847][620]LogParticles: Destroying 0 GPU particle simulations for FXSystem 0x000000CD1A50AA20
[2015.09.23-17.47.31:847][620]LogParticles: Destroying 0 GPU particle simulations for FXSystem 0x000000CD0C200860
[2015.09.23-17.47.31:848][620]LogParticles: Destroying 0 GPU particle simulations for FXSystem 0x000000CD25D0FCE0
[2015.09.23-17.47.32:025][620]LogParticles: Destroying 0 GPU particle simulations for FXSystem 0x000000CD7AD5E980
[2015.09.23-17.47.32:025][620]LogExit: Object subsystem successfully closed.
[2015.09.23-17.47.32:041][620]LogD3D11RHI: Shutdown
[2015.09.23-17.47.32:041][620]LogD3D11RHI: CleanupD3DDevice
[2015.09.23-17.47.32:516][620]LogD3D11RHI: ~FD3D11DynamicRHI
[2015.09.23-17.47.32:535][620]LogModuleManager: Shutting down and abandoning module CrashTracker (190)
[2015.09.23-17.47.32:535][620]LogModuleManager: Shutting down and abandoning module SceneOutliner (189)
[2015.09.23-17.47.32:535][620]LogModuleManager: Shutting down and abandoning module SuperSearch (188)
[2015.09.23-17.47.32:535][620]LogModuleManager: Shutting down and abandoning module WidgetCarousel (187)
[2015.09.23-17.47.32:535][620]LogModuleManager: Shutting down and abandoning module AddContentDialog (186)
[2015.09.23-17.47.32:537][620]LogModuleManager: Shutting down and abandoning module EditorWidgets (185)
[2015.09.23-17.47.32:537][620]LogModuleManager: Shutting down and abandoning module CollectionManager (184)
[2015.09.23-17.47.32:537][620]LogModuleManager: Shutting down and abandoning module StatsViewer (183)
[2015.09.23-17.47.32:537][620]LogModuleManager: Shutting down and abandoning module FoliageEdit (182)
[2015.09.23-17.47.32:537][620]LogModuleManager: Shutting down and abandoning module LandscapeEditor (181)
[2015.09.23-17.47.32:537][620]LogModuleManager: Shutting down and abandoning module ActorPickerMode (180)
[2015.09.23-17.47.32:537][620]LogModuleManager: Shutting down and abandoning module GeometryMode (179)
[2015.09.23-17.47.32:537][620]LogModuleManager: Shutting down and abandoning module TextureAlignMode (178)
[2015.09.23-17.47.32:537][620]LogModuleManager: Shutting down and abandoning module BspMode (177)
[2015.09.23-17.47.32:537][620]LogModuleManager: Shutting down and abandoning module PlacementMode (176)
[2015.09.23-17.47.32:537][620]LogModuleManager: Shutting down and abandoning module AutomationWorker (175)
[2015.09.23-17.47.32:537][620]LogModuleManager: Shutting down and abandoning module CharacterAI (174)
[2015.09.23-17.47.32:537][620]LogModuleManager: Shutting down and abandoning module SmartSnapping (173)
[2015.09.23-17.47.32:537][620]LogModuleManager: Shutting down and abandoning module ViewportSnapping (172)
[2015.09.23-17.47.32:537][620]LogModuleManager: Shutting down and abandoning module LogVisualizer (171)
[2015.09.23-17.47.32:537][620]LogModuleManager: Shutting down and abandoning module GameProjectGeneration (170)
[2015.09.23-17.47.32:537][620]LogModuleManager: Shutting down and abandoning module IntroTutorials (169)
[2015.09.23-17.47.32:537][620]LogModuleManager: Shutting down and abandoning module EditorLiveStreaming (168)
[2015.09.23-17.47.32:537][620]LogModuleManager: Shutting down and abandoning module IOSPlatformEditor (167)
[2015.09.23-17.47.32:537][620]LogModuleManager: Shutting down and abandoning module HTML5PlatformEditor (166)
[2015.09.23-17.47.32:537][620]LogModuleManager: Shutting down and abandoning module AndroidDeviceDetection (165)
[2015.09.23-17.47.33:481][620]LogModuleManager: Shutting down and abandoning module AndroidPlatformEditor (164)
[2015.09.23-17.47.33:481][620]LogModuleManager: Shutting down and abandoning module IOSRuntimeSettings (163)
[2015.09.23-17.47.33:481][620]LogModuleManager: Shutting down and abandoning module AndroidRuntimeSettings (162)
[2015.09.23-17.47.33:481][620]LogModuleManager: Shutting down and abandoning module MergeActors (161)
[2015.09.23-17.47.33:481][620]LogModuleManager: Shutting down and abandoning module SizeMap (160)
[2015.09.23-17.47.33:481][620]LogModuleManager: Shutting down and abandoning module TreeMap (159)
[2015.09.23-17.47.33:481][620]LogModuleManager: Shutting down and abandoning module ReferenceViewer (158)
[2015.09.23-17.47.33:481][620]LogModuleManager: Shutting down and abandoning module LocalizationDashboard (157)
[2015.09.23-17.47.33:481][620]LogModuleManager: Shutting down and abandoning module HardwareTargeting (156)
[2015.09.23-17.47.33:481][620]LogModuleManager: Shutting down and abandoning module DeviceProfileEditor (155)
[2015.09.23-17.47.33:481][620]LogModuleManager: Shutting down and abandoning module UndoHistory (154)
[2015.09.23-17.47.33:481][620]LogModuleManager: Shutting down and abandoning module GameplayTagsEditor (153)
[2015.09.23-17.47.33:481][620]LogModuleManager: Shutting down and abandoning module UserFeedback (152)
[2015.09.23-17.47.33:481][620]LogModuleManager: Shutting down and abandoning module XmlParser (151)
[2015.09.23-17.47.33:481][620]LogModuleManager: Shutting down and abandoning module Blutility (150)
[2015.09.23-17.47.33:481][620]LogModuleManager: Shutting down and abandoning module ProjectTargetPlatformEditor (149)
[2015.09.23-17.47.33:481][620]LogModuleManager: Shutting down and abandoning module ProjectSettingsViewer (148)
[2015.09.23-17.47.33:481][620]LogModuleManager: Shutting down and abandoning module InputBindingEditor (147)
[2015.09.23-17.47.33:481][620]LogModuleManager: Shutting down and abandoning module EditorSettingsViewer (146)
[2015.09.23-17.47.33:481][620]LogModuleManager: Shutting down and abandoning module SettingsEditor (145)
[2015.09.23-17.47.33:481][620]LogModuleManager: Shutting down and abandoning module ProjectLauncher (144)
[2015.09.23-17.47.33:481][620]LogModuleManager: Shutting down and abandoning module SessionFrontend (143)
[2015.09.23-17.47.33:481][620]LogModuleManager: Shutting down and abandoning module ProfilerClient (142)
[2015.09.23-17.47.33:481][620]LogModuleManager: Shutting down and abandoning module TargetDeviceServices (141)
[2015.09.23-17.47.33:481][620]LogModuleManager: Shutting down and abandoning module DeviceManager (140)
[2015.09.23-17.47.33:481][620]LogModuleManager: Shutting down and abandoning module AutomationController (139)
[2015.09.23-17.47.33:481][620]LogModuleManager: Shutting down and abandoning module AutomationWindow (138)
[2015.09.23-17.47.33:481][620]LogModuleManager: Shutting down and abandoning module Layers (137)
[2015.09.23-17.47.33:482][620]LogModuleManager: Shutting down and abandoning module ComponentVisualizers (136)
[2015.09.23-17.47.33:482][620]LogModuleManager: Shutting down and abandoning module DetailCustomizations (135)
[2015.09.23-17.47.33:482][620]LogModuleManager: Shutting down and abandoning module PackagesDialog (134)
[2015.09.23-17.47.33:482][620]LogModuleManager: Shutting down and abandoning module Persona (133)
[2015.09.23-17.47.33:482][620]LogModuleManager: Shutting down and abandoning module Kismet (132)
[2015.09.23-17.47.33:482][620]LogModuleManager: Shutting down and abandoning module GraphEditor (131)
[2015.09.23-17.47.33:482][620]LogModuleManager: Shutting down and abandoning module ClassViewer (130)
[2015.09.23-17.47.33:482][620]LogModuleManager: Shutting down and abandoning module Toolbox (129)
[2015.09.23-17.47.33:482][620]LogModuleManager: Shutting down and abandoning module ModuleUI (128)
[2015.09.23-17.47.33:482][620]LogModuleManager: Shutting down and abandoning module MovieSceneTools (127)
[2015.09.23-17.47.33:482][620]LogModuleManager: Shutting down and abandoning module OutputLog (126)
[2015.09.23-17.47.33:482][620]LogModuleManager: Shutting down and abandoning module GammaUI (125)
[2015.09.23-17.47.33:482][620]LogModuleManager: Shutting down and abandoning module Documentation (124)
[2015.09.23-17.47.33:482][620]LogModuleManager: Shutting down and abandoning module GameLiveStreaming (123)
[2015.09.23-17.47.33:482][620]LogModuleManager: Shutting down and abandoning module StreamingPauseRendering (122)
[2015.09.23-17.47.33:482][620]LogModuleManager: Shutting down and abandoning module AnalyticsET (121)
[2015.09.23-17.47.33:482][620]LogModuleManager: Shutting down and abandoning module Analytics (120)
[2015.09.23-17.47.33:482][620]LogModuleManager: Shutting down and abandoning module AITestSuite (119)
[2015.09.23-17.47.33:482][620]LogModuleManager: Shutting down and abandoning module GameplayDebugger (118)
[2015.09.23-17.47.33:482][620]LogModuleManager: Shutting down and abandoning module AIModule (117)
[2015.09.23-17.47.33:482][620]LogModuleManager: Shutting down and abandoning module ProfilerService (116)
[2015.09.23-17.47.33:516][620]LogModuleManager: Shutting down and abandoning module TaskGraph (115)
[2015.09.23-17.47.33:516][620]LogModuleManager: Shutting down and abandoning module SubstanceEditor (114)
[2015.09.23-17.47.33:516][620]LogModuleManager: Shutting down and abandoning module SlateRemote (113)
[2015.09.23-17.47.33:516][620]LogModuleManager: Shutting down and abandoning module SteamVRController (112)
[2015.09.23-17.47.33:516][620]LogModuleManager: Shutting down and abandoning module SteamVR (111)
[2015.09.23-17.47.33:516][620]LogModuleManager: Shutting down and abandoning module ProceduralMeshComponent (110)
[2015.09.23-17.47.33:516][620]LogModuleManager: Shutting down and abandoning module OculusRift (109)
[2015.09.23-17.47.33:516][620]LogModuleManager: Shutting down and abandoning module LeapMotionController (108)
[2015.09.23-17.47.33:522][620]LogModuleManager: Shutting down and abandoning module CustomMeshComponent (107)
[2015.09.23-17.47.33:522][620]LogModuleManager: Shutting down and abandoning module CableComponent (106)
[2015.09.23-17.47.33:522][620]LogModuleManager: Shutting down and abandoning module MessagingDebugger (105)
[2015.09.23-17.47.33:522][620]LogModuleManager: Shutting down and abandoning module MediaPlayerEditor (104)
[2015.09.23-17.47.33:522][620]LogModuleManager: Shutting down and abandoning module SpeedTreeImporter (103)
[2015.09.23-17.47.33:522][620]LogModuleManager: Shutting down and abandoning module PluginBrowser (102)
[2015.09.23-17.47.33:522][620]LogModuleManager: Shutting down and abandoning module EpicSurvey (101)
[2015.09.23-17.47.33:522][620]LogModuleManager: Shutting down and abandoning module DesktopPlatform (100)
[2015.09.23-17.47.33:522][620]LogModuleManager: Shutting down and abandoning module VisualStudioSourceCodeAccess (99)
[2015.09.23-17.47.33:522][620]LogModuleManager: Shutting down and abandoning module UObjectPlugin (98)
[2015.09.23-17.47.33:522][620]LogModuleManager: Shutting down and abandoning module SubversionSourceControl (97)
[2015.09.23-17.47.33:522][620]LogModuleManager: Shutting down and abandoning module PerforceSourceControl (96)
[2015.09.23-17.47.33:522][620]LogModuleManager: Shutting down and abandoning module SourceControl (95)
[2015.09.23-17.47.33:522][620]LogModuleManager: Shutting down and abandoning module GitSourceControl (94)
[2015.09.23-17.47.33:522][620]LogModuleManager: Shutting down and abandoning module BlankPlugin (93)
[2015.09.23-17.47.33:522][620]LogModuleManager: Shutting down and abandoning module PaperTiledImporter (92)
[2015.09.23-17.47.33:522][620]LogModuleManager: Shutting down and abandoning module PaperSpriteSheetImporter (91)
[2015.09.23-17.47.33:522][620]LogModuleManager: Shutting down and abandoning module MeshPaint (90)
[2015.09.23-17.47.33:522][620]LogModuleManager: Shutting down and abandoning module SlateReflector (89)
[2015.09.23-17.47.33:522][620]LogModuleManager: Shutting down and abandoning module HotReload (88)
[2015.09.23-17.47.33:522][620]LogModuleManager: Shutting down and abandoning module MainFrame (87)
[2015.09.23-17.47.33:522][620]LogModuleManager: Shutting down and abandoning module LevelEditor (86)
[2015.09.23-17.47.33:523][620]LogModuleManager: Shutting down and abandoning module ContentBrowser (85)
[2015.09.23-17.47.33:524][620]LogModuleManager: Shutting down and abandoning module Paper2DEditor (84)
[2015.09.23-17.47.33:524][620]LogModuleManager: Shutting down and abandoning module UdpMessaging (83)
[2015.09.23-17.47.33:624][620]LogModuleManager: Shutting down and abandoning module DirectoryWatcher (82)
[2015.09.23-17.47.33:625][620]LogModuleManager: Shutting down and abandoning module AssetRegistry (81)
[2015.09.23-17.47.33:691][620]LogModuleManager: Shutting down and abandoning module SubstanceCore (80)
[2015.09.23-17.47.33:691][620]LogModuleManager: Shutting down and abandoning module Paper2D (79)
[2015.09.23-17.47.33:692][620]LogModuleManager: Shutting down and abandoning module WindowsMoviePlayer (78)
[2015.09.23-17.47.33:693][620]LogModuleManager: Shutting down and abandoning module Media (77)
[2015.09.23-17.47.33:694][620]LogModuleManager: Shutting down and abandoning module WmfMedia (76)
[2015.09.23-17.47.33:694][620]LogModuleManager: Shutting down and abandoning module OnlineBlueprintSupport (75)
[2015.09.23-17.47.33:694][620]LogModuleManager: Shutting down and abandoning module PropertyEditor (74)
[2015.09.23-17.47.33:694][620]LogModuleManager: Shutting down and abandoning module BehaviorTreeEditor (73)
[2015.09.23-17.47.33:694][620]LogModuleManager: Shutting down and abandoning module FunctionalTesting (72)
[2015.09.23-17.47.33:694][620]LogModuleManager: Shutting down and abandoning module CollisionAnalyzer (71)
[2015.09.23-17.47.33:694][620]LogModuleManager: Shutting down and abandoning module WorkspaceMenuStructure (70)
[2015.09.23-17.47.33:694][620]LogModuleManager: Shutting down and abandoning module MessageLog (69)
[2015.09.23-17.47.33:694][620]LogModuleManager: Shutting down and abandoning module Sequencer (68)
[2015.09.23-17.47.33:694][620]LogModuleManager: Shutting down and abandoning module AssetTools (67)
[2015.09.23-17.47.33:694][620]LogModuleManager: Shutting down and abandoning module UMGEditor (66)
[2015.09.23-17.47.33:694][620]LogModuleManager: Shutting down and abandoning module UMG (65)
[2015.09.23-17.47.33:694][620]LogModuleManager: Shutting down and abandoning module Slate (64)
[2015.09.23-17.47.33:694][620]LogModuleManager: Shutting down and abandoning module EditorStyle (63)
[2015.09.23-17.47.33:696][620]LogModuleManager: Shutting down and abandoning module SessionServices (62)
[2015.09.23-17.47.33:696][620]LogModuleManager: Shutting down and abandoning module SourceCodeAccess (61)
[2015.09.23-17.47.33:696][620]LogModuleManager: Shutting down and abandoning module HeadMountedDisplay (60)
[2015.09.23-17.47.33:696][620]LogModuleManager: Shutting down and abandoning module XAudio2 (59)
[2015.09.23-17.47.33:696][620]LogModuleManager: Shutting down and abandoning module Networking (57)
[2015.09.23-17.47.33:696][620]LogModuleManager: Shutting down and abandoning module Core (56)
[2015.09.23-17.47.33:696][620]LogModuleManager: Shutting down and abandoning module KismetCompiler (55)
[2015.09.23-17.47.33:696][620]LogModuleManager: Shutting down and abandoning module PhysXFormats (54)
[2015.09.23-17.47.33:696][620]LogModuleManager: Shutting down and abandoning module MeshUtilities (53)
[2015.09.23-17.47.33:696][620]LogModuleManager: Shutting down and abandoning module DerivedDataCache (52)
[2015.09.23-17.47.33:720][620]LogDerivedDataCache: Shutdown
[2015.09.23-17.47.33:720][620]LogModuleManager: Shutting down and abandoning module ShaderFormatOpenGL (51)
[2015.09.23-17.47.33:720][620]LogModuleManager: Shutting down and abandoning module ShaderFormatD3D (50)
[2015.09.23-17.47.33:721][620]LogModuleManager: Shutting down and abandoning module MetalShaderFormat (49)
[2015.09.23-17.47.33:721][620]LogModuleManager: Shutting down and abandoning module TextureFormatUncompressed (48)
[2015.09.23-17.47.33:721][620]LogModuleManager: Shutting down and abandoning module TextureFormatPVR (47)
[2015.09.23-17.47.33:721][620]LogModuleManager: Shutting down and abandoning module TextureFormatIntelISPCTexComp (46)
[2015.09.23-17.47.33:721][620]LogModuleManager: Shutting down and abandoning module TextureFormatDXT (45)
[2015.09.23-17.47.33:721][620]LogModuleManager: Shutting down and abandoning module ImageWrapper (44)
[2015.09.23-17.47.33:721][620]LogModuleManager: Shutting down and abandoning module TextureFormatASTC (43)
[2015.09.23-17.47.33:721][620]LogModuleManager: Shutting down and abandoning module TextureFormatAndroid (42)
[2015.09.23-17.47.33:721][620]LogModuleManager: Shutting down and abandoning module AudioFormatOpus (41)
[2015.09.23-17.47.33:721][620]LogModuleManager: Shutting down and abandoning module AudioFormatOgg (40)
[2015.09.23-17.47.33:721][620]LogModuleManager: Shutting down and abandoning module AudioFormatADPCM (39)
[2015.09.23-17.47.33:721][620]LogModuleManager: Shutting down and abandoning module LinuxTargetPlatform (38)
[2015.09.23-17.47.33:721][620]LogModuleManager: Shutting down and abandoning module LinuxServerTargetPlatform (37)
[2015.09.23-17.47.33:721][620]LogModuleManager: Shutting down and abandoning module LinuxNoEditorTargetPlatform (36)
[2015.09.23-17.47.33:721][620]LogModuleManager: Shutting down and abandoning module Messaging (35)
[2015.09.23-17.47.33:721][620]LogModuleManager: Shutting down and abandoning module IOSTargetPlatform (34)
[2015.09.23-17.47.33:721][620]LogModuleManager: Shutting down and abandoning module HTML5TargetPlatform (33)
[2015.09.23-17.47.33:721][620]LogModuleManager: Shutting down and abandoning module Android_PVRTCTargetPlatform (32)
[2015.09.23-17.47.33:721][620]LogModuleManager: Shutting down and abandoning module Android_ETC2TargetPlatform (31)
[2015.09.23-17.47.33:721][620]LogModuleManager: Shutting down and abandoning module Android_ETC1TargetPlatform (30)
[2015.09.23-17.47.33:721][620]LogModuleManager: Shutting down and abandoning module Android_DXTTargetPlatform (29)
[2015.09.23-17.47.33:721][620]LogModuleManager: Shutting down and abandoning module Android_ATCTargetPlatform (28)
[2015.09.23-17.47.33:721][620]LogModuleManager: Shutting down and abandoning module Android_ASTCTargetPlatform (27)
[2015.09.23-17.47.33:721][620]LogModuleManager: Shutting down and abandoning module AndroidTargetPlatform (26)
[2015.09.23-17.47.33:721][620]LogModuleManager: Shutting down and abandoning module WindowsTargetPlatform (25)
[2015.09.23-17.47.33:721][620]LogModuleManager: Shutting down and abandoning module WindowsServerTargetPlatform (24)
[2015.09.23-17.47.33:721][620]LogModuleManager: Shutting down and abandoning module WindowsNoEditorTargetPlatform (23)
[2015.09.23-17.47.33:721][620]LogModuleManager: Shutting down and abandoning module WindowsClientTargetPlatform (22)
[2015.09.23-17.47.33:721][620]LogModuleManager: Shutting down and abandoning module DesktopTargetPlatform (21)
[2015.09.23-17.47.33:721][620]LogModuleManager: Shutting down and abandoning module TargetPlatform (20)
[2015.09.23-17.47.33:721][620]LogModuleManager: Shutting down and abandoning module InputCore (19)
[2015.09.23-17.47.33:721][620]LogModuleManager: Shutting down and abandoning module Settings (18)
[2015.09.23-17.47.33:722][620]LogModuleManager: Shutting down and abandoning module OnlineSubsystem (16)
[2015.09.23-17.47.33:722][620]LogModuleManager: Shutting down and abandoning module HTTP (15)
[2015.09.23-17.47.33:722][620]LogModuleManager: Shutting down and abandoning module ExampleDeviceProfileSelector (14)
[2015.09.23-17.47.33:722][620]LogModuleManager: Shutting down and abandoning module TextureCompressor (13)
[2015.09.23-17.47.33:722][620]LogModuleManager: Shutting down and abandoning module ShaderCore (12)
[2015.09.23-17.47.33:722][620]LogModuleManager: Shutting down and abandoning module Landscape (11)
[2015.09.23-17.47.33:722][620]LogModuleManager: Shutting down and abandoning module SlateRHIRenderer (10)
[2015.09.23-17.47.33:734][620]LogModuleManager: Shutting down and abandoning module OpenGLDrv (9)
[2015.09.23-17.47.33:734][620]LogModuleManager: Shutting down and abandoning module D3D11RHI (8)
[2015.09.23-17.47.33:734][620]LogModuleManager: Shutting down and abandoning module Renderer (7)
[2015.09.23-17.47.33:734][620]LogModuleManager: Shutting down and abandoning module Engine (6)
[2015.09.23-17.47.33:734][620]LogModuleManager: Shutting down and abandoning module CoreUObject (5)
[2015.09.23-17.47.33:734][620]LogModuleManager: Shutting down and abandoning module NetworkFile (4)
[2015.09.23-17.47.33:734][620]LogModuleManager: Shutting down and abandoning module StreamingFile (3)
[2015.09.23-17.47.33:734][620]LogModuleManager: Shutting down and abandoning module SandboxFile (2)
[2015.09.23-17.47.33:734][620]LogModuleManager: Shutting down and abandoning module PakFile (1)
[2015.09.23-17.47.33:735][620]LogExit: Exiting.
[2015.09.23-17.47.33:737][620]Log file closed, 09/23/15 19:47:33
