[2015.08.30-22.29.53:524][  0]Log file open, 08/31/15 00:29:53
[2015.08.30-22.29.53:524][  0]LogInit:Display: Running engine for game: NotPartofGame
[2015.08.30-22.29.53:524][  0]LogInit:Display: RandInit(1410925072) SRandInit(1410925073).
[2015.08.30-22.29.53:524][  0]LogTaskGraph: Started task graph with 4 named threads and 7 total threads.
[2015.08.30-22.29.53:524][  0]LogStats: Stats thread started
[2015.08.30-22.29.53:524][  0]LogInit: Version: 4.8.3-2634408+++depot+UE4-Releases+4.8
[2015.08.30-22.29.53:524][  0]LogInit: API Version: 2579680
[2015.08.30-22.29.53:524][  0]LogInit: Compiled (64-bit): Jul 27 2015 16:24:33
[2015.08.30-22.29.53:524][  0]LogInit: Compiled with Visual C++: 18.00.21005.01
[2015.08.30-22.29.53:524][  0]LogInit: Build Configuration: Development
[2015.08.30-22.29.53:524][  0]LogInit: Branch Name: ++depot+UE4-Releases+4.8
[2015.08.30-22.29.53:524][  0]LogInit: Command line:  /Temp/Autosaves/Game/NPOTG/Maps/UEDPCTesting_Level -game -PIEVIACONSOLE -ResX=1280 -ResY=720  -Multiprocess 
[2015.08.30-22.29.53:524][  0]LogInit: Base directory: C:/Users/Bodoo/Documents/Programmieren/4.8/Engine/Binaries/Win64/
[2015.08.30-22.29.53:524][  0]LogInit: Rocket: 1
[2015.08.30-22.29.53:550][  0]LogInit: Using libcurl 7.41.0
[2015.08.30-22.29.53:550][  0]LogInit:  - built for x86_64-pc-win32
[2015.08.30-22.29.53:550][  0]LogInit:  - supports SSL with WinSSL
[2015.08.30-22.29.53:550][  0]LogInit:  - other features:
[2015.08.30-22.29.53:550][  0]LogInit:      CURL_VERSION_SSL
[2015.08.30-22.29.53:550][  0]LogInit:      CURL_VERSION_IPV6
[2015.08.30-22.29.53:550][  0]LogInit:      CURL_VERSION_ASYNCHDNS
[2015.08.30-22.29.53:550][  0]LogInit:      CURL_VERSION_LARGEFILE
[2015.08.30-22.29.53:550][  0]LogInit:      CURL_VERSION_IDN
[2015.08.30-22.29.53:550][  0]LogInit:  CurlRequestOptions (configurable via config and command line):
[2015.08.30-22.29.53:550][  0]LogInit:  - bVerifyPeer = true  - Libcurl will verify peer certificate
[2015.08.30-22.29.53:550][  0]LogInit:  - bUseHttpProxy = false  - Libcurl will NOT use HTTP proxy
[2015.08.30-22.29.53:550][  0]LogInit:  - bDontReuseConnections = false  - Libcurl will reuse connections
[2015.08.30-22.29.53:550][  0]LogInit:  - CertBundlePath = nullptr  - Libcurl will use whatever was configured at build time.
[2015.08.30-22.29.53:567][  0]LogOnline:Warning: No default platform service specified for OnlineSubsystem
[2015.08.30-22.29.53:585][  0]LogInit: Presizing for 0 objects not considered by GC, pre-allocating 0 bytes.
[2015.08.30-22.29.53:594][  0]LogInit: Object subsystem initialized
[2015.08.30-22.29.53:595][  0]LogConsoleResponse:Warning: Skipping Unknown console variable: 'UIScaleCurve = (EditorCurveData=(Keys=((Time=480.000000,Value=0.444000),(Time=720.000000,Value=0.666000),(Time=1080.000000,Value=1.000000),(Time=8640.000000,Value=8.000000))),ExternalCurve=None)'
[2015.08.30-22.29.53:595][  0]LogConsoleResponse:Warning:   Found in ini file 'C:/Users/Bodoo/Documents/Programmieren/Projekte/NotPartofTheGame/Saved/Config/Windows/Engine.ini', in section '[/Script/Engine.RendererSettings]'
[2015.08.30-22.29.53:596][  0]LogConsoleManager:Warning: Console variable 'r.MSAA.CompositingSampleCount' wasn't set ('Scalability' has a lower priority than 'ProjectSetting')
[2015.08.30-22.29.53:596][  0]LogInit: Selected Device Profile: [Windows]
[2015.08.30-22.29.53:596][  0]LogInit: Applying CVar settings loaded from the selected device profile: [Windows]
[2015.08.30-22.29.53:602][  0]LogInit: Computer: DESKTOP-GLF6O4V
[2015.08.30-22.29.53:603][  0]LogInit: User: Bodoo
[2015.08.30-22.29.53:603][  0]LogInit: CPU Page size=4096, Cores=4
[2015.08.30-22.29.53:603][  0]LogInit: High frequency timer resolution =3.215351 MHz
[2015.08.30-22.29.53:603][  0]LogMemory: Memory total: Physical=12.0GB (12GB approx)
[2015.08.30-22.29.53:603][  0]LogMemory: Platform Memory Stats for Windows
[2015.08.30-22.29.53:603][  0]LogMemory: Process Physical Memory: 49.91 MB used, 49.91 MB peak
[2015.08.30-22.29.53:603][  0]LogMemory: Process Virtual Memory: 22.81 MB used, 22.81 MB peak
[2015.08.30-22.29.53:603][  0]LogMemory: Physical Memory: 3414.66 MB used, 12270.70 MB total
[2015.08.30-22.29.53:603][  0]LogMemory: Virtual Memory: 310.61 MB used, 134217728.00 MB total
[2015.08.30-22.29.53:634][  0]LogTextLocalizationManager: The requested culture ('de_DE') has no localization data; falling back to 'en' for localization and internationalization data.
[2015.08.30-22.29.53:922][  0]LogTextLocalizationManager:Warning: Loaded localization resources contain conflicting entries for (Namespace:ContentBrowser, Key:ImportAssetToolTip):
Localization Resource: (C:/Users/Bodoo/Documents/Programmieren/4.8/Engine/Content/Localization/Editor/en/Editor.locres) Source String Hash: (-630476809) Localized String: (Import to {0}...)
Localization Resource: (C:/Users/Bodoo/Documents/Programmieren/4.8/Engine/Content/Localization/Editor/en/Editor.locres) Source String Hash: (1271782899) Localized String: (Imports an asset from file to this folder.)
[2015.08.30-22.29.54:276][  0]LogD3D11RHI: Found D3D11 adapter 0: AMD Radeon HD 6800 Series (Feature Level 11_0)
[2015.08.30-22.29.54:276][  0]LogD3D11RHI: Adapter has 1011MB of dedicated video memory, 0MB of dedicated system memory, and 3840MB of shared system memory, 1 output[s]
[2015.08.30-22.29.54:277][  0]LogD3D11RHI: Found D3D11 adapter 1: Microsoft Basic Render Driver (Feature Level 11_0)
[2015.08.30-22.29.54:277][  0]LogD3D11RHI: Adapter has 0MB of dedicated video memory, 0MB of dedicated system memory, and 6135MB of shared system memory, 0 output[s]
[2015.08.30-22.29.54:277][  0]LogD3D11RHI: Chosen D3D11 Adapter Id = 0
[2015.08.30-22.29.54:280][  0]LogD3D11RHI: InitD3DDevice
[2015.08.30-22.29.54:280][  0]LogD3D11RHI: !Direct3DDevice
[2015.08.30-22.29.54:280][  0]LogRHI: Texture pool is 708 MB (70% of 1011 MB)
[2015.08.30-22.29.54:286][  0]LogD3D11RHI: Async texture creation disabled: no driver support
[2015.08.30-22.29.54:297][  0]LogShaderCompilers:Display: Using Local Shader Compiler.
[2015.08.30-22.29.55:108][  0]LogTemp:Display: Loaded TP DesktopTargetPlatform
[2015.08.30-22.29.55:123][  0]LogTemp:Display: Loaded TP WindowsClientTargetPlatform
[2015.08.30-22.29.55:138][  0]LogTemp:Display: Loaded TP WindowsNoEditorTargetPlatform
[2015.08.30-22.29.55:154][  0]LogTemp:Display: Loaded TP WindowsServerTargetPlatform
[2015.08.30-22.29.55:170][  0]LogTemp:Display: Loaded TP WindowsTargetPlatform
[2015.08.30-22.29.55:183][  0]LogTemp:Display: Loaded TP AndroidTargetPlatform
[2015.08.30-22.29.55:196][  0]LogTemp:Display: Loaded TP Android_ASTCTargetPlatform
[2015.08.30-22.29.55:209][  0]LogTemp:Display: Loaded TP Android_ATCTargetPlatform
[2015.08.30-22.29.55:223][  0]LogTemp:Display: Loaded TP Android_DXTTargetPlatform
[2015.08.30-22.29.55:236][  0]LogTemp:Display: Loaded TP Android_ETC1TargetPlatform
[2015.08.30-22.29.55:250][  0]LogTemp:Display: Loaded TP Android_ETC2TargetPlatform
[2015.08.30-22.29.55:263][  0]LogTemp:Display: Loaded TP Android_PVRTCTargetPlatform
[2015.08.30-22.29.55:313][  0]LogTemp:Display: Loaded TP IOSTargetPlatform
[2015.08.30-22.29.55:326][  0]LogTemp:Display: Loaded TP LinuxNoEditorTargetPlatform
[2015.08.30-22.29.55:339][  0]LogTemp:Display: Loaded TP LinuxServerTargetPlatform
[2015.08.30-22.29.55:354][  0]LogTemp:Display: Loaded TP LinuxTargetPlatform
[2015.08.30-22.29.55:354][  0]LogTargetPlatformManager:Display: Building Assets For Windows
[2015.08.30-22.29.55:574][  0]LogDerivedDataCache:Display: Max Cache Size: 512 MB
[2015.08.30-22.29.55:632][  0]LogDerivedDataCache: Loaded boot cache 0.06s 53MB C:/Users/Bodoo/AppData/Local/UnrealEngine/4.8/DerivedDataCache/Boot.ddc.
[2015.08.30-22.29.55:632][  0]LogDerivedDataCache:Display: Loaded Boot cache: C:/Users/Bodoo/AppData/Local/UnrealEngine/4.8/DerivedDataCache/Boot.ddc
[2015.08.30-22.29.55:632][  0]LogDerivedDataCache: FDerivedDataBackendGraph:  Pak pak cache file ../../../../Projekte/NotPartofTheGame/DerivedDataCache/DDC.ddp not found, will not use a pak cache.
[2015.08.30-22.29.55:632][  0]LogDerivedDataCache: Unable to find inner node Pak for hierarchical cache Hierarchy.
[2015.08.30-22.29.55:632][  0]LogDerivedDataCache: FDerivedDataBackendGraph:  CompressedPak pak cache file ../../../../Projekte/NotPartofTheGame/DerivedDataCache/Compressed.ddp not found, will not use a pak cache.
[2015.08.30-22.29.55:632][  0]LogDerivedDataCache: Unable to find inner node CompressedPak for hierarchical cache Hierarchy.
[2015.08.30-22.29.55:783][  0]LogDerivedDataCache:Display: Pak cache opened for reading ../../../Engine/DerivedDataCache/Compressed.ddp.
[2015.08.30-22.29.55:795][  0]LogDerivedDataCache: Using Local data cache path C:/Users/Bodoo/AppData/Local/UnrealEngine/Common/DerivedDataCache: Writable
[2015.08.30-22.29.56:032][  0]LogInit: Selected Device Profile: [Windows]
[2015.08.30-22.29.56:119][  0]ImportText (ComponentSweepMultiTests): Missing closing parenthesis: (RootShapeAsset="/Engine/BasicShapes/Cube.Cube",ShapeType="TriggerCapsule",HitResult=(Time=0.50,Location=(X=-100.000015,Y=0.0,Z=100.000015),ImpactPoint=(X=-50.0,Y=0.0,Z=50.0),Normal=(X=-1.0,Y=-0.0,Z=0.0),ImpactNormal=(X=0.0,Y=0.0,Z=1.0),TraceStart=(X=-200.0,Y=0.0,Z=200.0),TraceEnd=(X=0.0,Y=0.0,Z=0.0))
[2015.08.30-22.29.56:119][  0]ImportText (LineTraceSingleByChannelTests): Missing closing parenthesis: (RootShapeAsset="/Engine/BasicShapes/Cube.Cube",HitResult=(Time=0.50,Location=(X=-100.000015,Y=0.0,Z=100.000015),ImpactPoint=(X=-50.0,Y=0.0,Z=50.0),Normal=(X=-1.0,Y=-0.0,Z=0.0),ImpactNormal=(X=0.0,Y=0.0,Z=1.0),TraceStart=(X=-200.0,Y=0.0,Z=200.0),TraceEnd=(X=0.0,Y=0.0,Z=0.0))
[2015.08.30-22.29.56:148][  0]LogMeshUtilities: No automatic mesh reduction module available
[2015.08.30-22.29.56:148][  0]LogMeshUtilities: No automatic mesh merging module available
[2015.08.30-22.29.56:437][  0]LogInit: WinSock: version 1.1 (2.2), MaxSocks=32767, MaxUdp=65467
[2015.08.30-22.29.56:897][  0]LogD3D11RHI: InitD3DDevice
[2015.08.30-22.29.56:902][  0]LogWindowsMoviePlayer: Unable to load movie: ../../../../Projekte/NotPartofTheGame/Content/Movies/Default_Startup.mp4
[2015.08.30-22.29.57:043][  0]LogAssetRegistry: FAssetRegistry took 0.0001 seconds to start up
[2015.08.30-22.29.57:090][  0]SourceControl: Info Source control is disabled
[2015.08.30-22.29.57:090][  0]SourceControl: Info Source control is disabled
[2015.08.30-22.29.57:101][  0]SourceControl: Info Source control is disabled
[2015.08.30-22.29.57:291][  0]LogObj: 25913 objects as part of root set at end of initial load.
[2015.08.30-22.29.57:291][  0]LogUObjectAllocator: 5218488 out of 0 bytes used by permanent object pool.
[2015.08.30-22.29.57:361][  0]LogAutomationTest:Warning: ERR: Transient text cannot be serialized "Testing Transient serialization detection".
[2015.08.30-22.29.57:361][  0]LogEngine: Initializing Engine...
[2015.08.30-22.29.57:363][  0]LogHMD: Can't find Oculus library dev build: is proper Runtime installed? Version: 0.6.0.0
[2015.08.30-22.29.57:365][  0]LogHMD:Warning: SteamVR failed to initialize.  Error: 110
[2015.08.30-22.29.57:458][  0]LogInit: XAudio2 using 'Lautsprecher (G510s Gaming Keyboard)' : 2 channels at 48 kHz using 16 bits per sample (channel mask 0x3)
[2015.08.30-22.29.57:464][  0]LogInit: FAudioDevice initialized.
[2015.08.30-22.29.57:473][  0]LogInit: Texture streaming: Disabled
[2015.08.30-22.29.57:538][  0]LogNet: Browse: /Temp/Autosaves/Game/NPOTG/Maps/UEDPCTesting_Level?Name=Player
[2015.08.30-22.29.57:538][  0]LogLoad: LoadMap: /Temp/Autosaves/Game/NPOTG/Maps/UEDPCTesting_Level?Name=Player
[2015.08.30-22.29.57:548][  0]LogParticles: Destroying 0 GPU particle simulations for FXSystem 0x000000453BEA7560
[2015.08.30-22.29.57:557][  0]LogMemory: Platform Memory Stats for Windows
[2015.08.30-22.29.57:557][  0]LogMemory: Process Physical Memory: 335.36 MB used, 335.37 MB peak
[2015.08.30-22.29.57:557][  0]LogMemory: Process Virtual Memory: 371.91 MB used, 371.91 MB peak
[2015.08.30-22.29.57:557][  0]LogMemory: Physical Memory: 3647.11 MB used, 12270.70 MB total
[2015.08.30-22.29.57:557][  0]LogMemory: Virtual Memory: 893.60 MB used, 134217728.00 MB total
[2015.08.30-22.29.57:557][  0]LogMemory: 
[2015.08.30-22.29.57:557][  0]Allocator Stats for TBB: (not implemented)
[2015.08.30-22.29.58:471][  0]LogProperty:Warning: ERR: Transient text cannot be serialized "NewRotation Roll".
[2015.08.30-22.29.58:471][  0]LogProperty:Warning: ERR: Transient text cannot be serialized "NewRotation Yaw".
[2015.08.30-22.29.58:471][  0]LogProperty:Warning: ERR: Transient text cannot be serialized "NewRotation Pitch".
[2015.08.30-22.29.58:471][  0]LogProperty:Warning: ERR: Transient text cannot be serialized "NewRotation Roll".
[2015.08.30-22.29.58:471][  0]LogProperty:Warning: ERR: Transient text cannot be serialized "NewRotation Yaw".
[2015.08.30-22.29.58:471][  0]LogProperty:Warning: ERR: Transient text cannot be serialized "NewRotation Pitch".
[2015.08.30-22.29.58:519][  0]LogProperty:Warning: ERR: Transient text cannot be serialized "NewRotation Roll".
[2015.08.30-22.29.58:519][  0]LogProperty:Warning: ERR: Transient text cannot be serialized "NewRotation Yaw".
[2015.08.30-22.29.58:519][  0]LogProperty:Warning: ERR: Transient text cannot be serialized "NewRotation Pitch".
[2015.08.30-22.29.58:519][  0]LogProperty:Warning: ERR: Transient text cannot be serialized "NewRotation Roll".
[2015.08.30-22.29.58:519][  0]LogProperty:Warning: ERR: Transient text cannot be serialized "NewRotation Yaw".
[2015.08.30-22.29.58:519][  0]LogProperty:Warning: ERR: Transient text cannot be serialized "NewRotation Pitch".
[2015.08.30-22.29.59:435][  0]LogAIModule: Creating AISystem for world Testing_Level
[2015.08.30-22.29.59:436][  0]LogWorld: Game class is '2DSideScrollerGameMode_C'
[2015.08.30-22.29.59:502][  0]LogWorld: Bringing World /Temp/Autosaves/Game/NPOTG/Maps/UEDPCTesting_Level.Testing_Level up for play (max tick rate 0) at 2015.08.31-00.29.59
[2015.08.30-22.29.59:515][  0]LogWorld: Bringing up level for play took: 0.076884
[2015.08.30-22.29.59:520][  0]LogInit:Display: Game Engine Initialized.
[2015.08.30-22.29.59:745][  0]LogLoad: Full Startup: 7.89 seconds (BP compile: 0.97 seconds)
[2015.08.30-22.29.59:761][  0]LogWindowsTextInputMethodSystem:Display: IME system now deactivated.
[2015.08.30-22.29.59:762][  0]LogWindowsTextInputMethodSystem:Display: IME system now deactivated.
[2015.08.30-22.29.59:764][  0]LogContentStreaming: Texture pool size is 1000.000000MB
[2015.08.30-22.29.59:886][  0]LogRenderer: Reallocating scene render targets to support 1280x720 (Frame:2).
[2015.08.30-22.31.05:815][ 59]LogBlueprintUserMessages: 0.991935
[2015.08.30-22.31.05:815][ 59]LogBlueprintUserMessages: 0.991935
[2015.08.30-22.31.05:815][ 59]LogBlueprintUserMessages: 0.983871
[2015.08.30-22.31.05:831][ 60]LogBlueprintUserMessages: 0.975806
[2015.08.30-22.31.05:847][ 61]LogBlueprintUserMessages: 0.967742
[2015.08.30-22.31.05:864][ 62]LogBlueprintUserMessages: 0.959677
[2015.08.30-22.31.05:880][ 63]LogBlueprintUserMessages: 0.951613
[2015.08.30-22.31.05:896][ 64]LogBlueprintUserMessages: 0.943548
[2015.08.30-22.31.05:912][ 65]LogBlueprintUserMessages: 0.935484
[2015.08.30-22.31.05:929][ 66]LogBlueprintUserMessages: 0.927419
[2015.08.30-22.31.05:944][ 67]LogBlueprintUserMessages: 0.919354
[2015.08.30-22.31.05:960][ 68]LogBlueprintUserMessages: 0.91129
[2015.08.30-22.31.05:976][ 69]LogBlueprintUserMessages: 0.903225
[2015.08.30-22.31.05:993][ 70]LogBlueprintUserMessages: 0.895161
[2015.08.30-22.31.06:009][ 71]LogBlueprintUserMessages: 0.887096
[2015.08.30-22.31.06:025][ 72]LogBlueprintUserMessages: 0.879032
[2015.08.30-22.31.06:041][ 73]LogBlueprintUserMessages: 0.870967
[2015.08.30-22.31.06:057][ 74]LogBlueprintUserMessages: 0.862903
[2015.08.30-22.31.06:073][ 75]LogBlueprintUserMessages: 0.854838
[2015.08.30-22.31.06:089][ 76]LogBlueprintUserMessages: 0.846773
[2015.08.30-22.31.06:106][ 77]LogBlueprintUserMessages: 0.838709
[2015.08.30-22.31.06:122][ 78]LogBlueprintUserMessages: 0.830644
[2015.08.30-22.31.06:138][ 79]LogBlueprintUserMessages: 0.82258
[2015.08.30-22.31.06:154][ 80]LogBlueprintUserMessages: 0.814515
[2015.08.30-22.31.06:170][ 81]LogBlueprintUserMessages: 0.806451
[2015.08.30-22.31.06:186][ 82]LogBlueprintUserMessages: 0.798386
[2015.08.30-22.31.06:203][ 83]LogBlueprintUserMessages: 0.790321
[2015.08.30-22.31.06:219][ 84]LogBlueprintUserMessages: 0.782257
[2015.08.30-22.31.06:235][ 85]LogBlueprintUserMessages: 0.774192
[2015.08.30-22.31.06:251][ 86]LogBlueprintUserMessages: 0.766128
[2015.08.30-22.31.06:267][ 87]LogBlueprintUserMessages: 0.758063
[2015.08.30-22.31.06:283][ 88]LogBlueprintUserMessages: 0.749998
[2015.08.30-22.31.06:299][ 89]LogBlueprintUserMessages: 0.741934
[2015.08.30-22.31.06:315][ 90]LogBlueprintUserMessages: 0.733869
[2015.08.30-22.31.06:331][ 91]LogBlueprintUserMessages: 0.725805
[2015.08.30-22.31.06:347][ 92]LogBlueprintUserMessages: 0.71774
[2015.08.30-22.31.06:363][ 93]LogBlueprintUserMessages: 0.709675
[2015.08.30-22.31.06:379][ 94]LogBlueprintUserMessages: 0.701611
[2015.08.30-22.31.06:396][ 95]LogBlueprintUserMessages: 0.693546
[2015.08.30-22.31.06:412][ 96]LogBlueprintUserMessages: 0.685482
[2015.08.30-22.31.06:428][ 97]LogBlueprintUserMessages: 0.677417
[2015.08.30-22.31.06:444][ 98]LogBlueprintUserMessages: 0.669352
[2015.08.30-22.31.06:461][ 99]LogBlueprintUserMessages: 0.661288
[2015.08.30-22.31.06:477][100]LogBlueprintUserMessages: 0.653223
[2015.08.30-22.31.06:492][101]LogBlueprintUserMessages: 0.645159
[2015.08.30-22.31.06:509][102]LogBlueprintUserMessages: 0.637094
[2015.08.30-22.31.06:525][103]LogBlueprintUserMessages: 0.629029
[2015.08.30-22.31.06:541][104]LogBlueprintUserMessages: 0.620964
[2015.08.30-22.31.06:557][105]LogBlueprintUserMessages: 0.612899
[2015.08.30-22.31.06:573][106]LogBlueprintUserMessages: 0.604835
[2015.08.30-22.31.06:589][107]LogBlueprintUserMessages: 0.596766
[2015.08.30-22.31.06:605][108]LogBlueprintUserMessages: 0.588701
[2015.08.30-22.31.06:622][109]LogBlueprintUserMessages: 0.580637
[2015.08.30-22.31.06:638][110]LogBlueprintUserMessages: 0.572568
[2015.08.30-22.31.06:654][111]LogBlueprintUserMessages: 0.564503
[2015.08.30-22.31.06:670][112]LogBlueprintUserMessages: 0.556439
[2015.08.30-22.31.06:686][113]LogBlueprintUserMessages: 0.548374
[2015.08.30-22.31.06:703][114]LogBlueprintUserMessages: 0.540309
[2015.08.30-22.31.06:719][115]LogBlueprintUserMessages: 0.532245
[2015.08.30-22.31.06:735][116]LogBlueprintUserMessages: 0.52418
[2015.08.30-22.31.06:751][117]LogBlueprintUserMessages: 0.516116
[2015.08.30-22.31.06:767][118]LogBlueprintUserMessages: 0.508051
[2015.08.30-22.31.06:783][119]LogBlueprintUserMessages: 0.499986
[2015.08.30-22.31.06:799][120]LogBlueprintUserMessages: 0.491922
[2015.08.30-22.31.06:816][121]LogBlueprintUserMessages: 0.483857
[2015.08.30-22.31.06:832][122]LogBlueprintUserMessages: 0.475793
[2015.08.30-22.31.06:848][123]LogBlueprintUserMessages: 0.467728
[2015.08.30-22.31.06:864][124]LogBlueprintUserMessages: 0.459663
[2015.08.30-22.31.06:880][125]LogBlueprintUserMessages: 0.451599
[2015.08.30-22.31.06:896][126]LogBlueprintUserMessages: 0.443534
[2015.08.30-22.31.06:912][127]LogBlueprintUserMessages: 0.43547
[2015.08.30-22.31.06:928][128]LogBlueprintUserMessages: 0.427405
[2015.08.30-22.31.06:944][129]LogBlueprintUserMessages: 0.41934
[2015.08.30-22.31.06:960][130]LogBlueprintUserMessages: 0.411276
[2015.08.30-22.31.06:977][131]LogBlueprintUserMessages: 0.40321
[2015.08.30-22.31.06:992][132]LogBlueprintUserMessages: 0.395146
[2015.08.30-22.31.07:009][133]LogBlueprintUserMessages: 0.387081
[2015.08.30-22.31.07:025][134]LogBlueprintUserMessages: 0.379016
[2015.08.30-22.31.07:041][135]LogBlueprintUserMessages: 0.370952
[2015.08.30-22.31.07:057][136]LogBlueprintUserMessages: 0.362887
[2015.08.30-22.31.07:073][137]LogBlueprintUserMessages: 0.354823
[2015.08.30-22.31.07:089][138]LogBlueprintUserMessages: 0.346758
[2015.08.30-22.31.07:105][139]LogBlueprintUserMessages: 0.338693
[2015.08.30-22.31.07:121][140]LogBlueprintUserMessages: 0.330629
[2015.08.30-22.31.07:138][141]LogBlueprintUserMessages: 0.322564
[2015.08.30-22.31.07:154][142]LogBlueprintUserMessages: 0.3145
[2015.08.30-22.31.07:170][143]LogBlueprintUserMessages: 0.306435
[2015.08.30-22.31.07:186][144]LogBlueprintUserMessages: 0.29837
[2015.08.30-22.31.07:202][145]LogBlueprintUserMessages: 0.290306
[2015.08.30-22.31.07:218][146]LogBlueprintUserMessages: 0.282241
[2015.08.30-22.31.07:234][147]LogBlueprintUserMessages: 0.274177
[2015.08.30-22.31.07:250][148]LogBlueprintUserMessages: 0.266112
[2015.08.30-22.31.07:266][149]LogBlueprintUserMessages: 0.258047
[2015.08.30-22.31.20:763][985]LogBlueprintUserMessages: 0.991935
[2015.08.30-22.31.20:763][985]LogBlueprintUserMessages: 0.991935
[2015.08.30-22.31.20:763][985]LogBlueprintUserMessages: 0.983871
[2015.08.30-22.31.20:779][986]LogBlueprintUserMessages: 0.975806
[2015.08.30-22.31.20:794][987]LogBlueprintUserMessages: 0.967742
[2015.08.30-22.31.20:811][988]LogBlueprintUserMessages: 0.959677
[2015.08.30-22.31.20:827][989]LogBlueprintUserMessages: 0.951613
[2015.08.30-22.31.20:843][990]LogBlueprintUserMessages: 0.943548
[2015.08.30-22.31.20:859][991]LogBlueprintUserMessages: 0.935484
[2015.08.30-22.31.20:875][992]LogBlueprintUserMessages: 0.927416
[2015.08.30-22.31.20:892][993]LogBlueprintUserMessages: 0.919351
[2015.08.30-22.31.20:908][994]LogBlueprintUserMessages: 0.911286
[2015.08.30-22.31.20:924][995]LogBlueprintUserMessages: 0.903222
[2015.08.30-22.31.20:939][996]LogBlueprintUserMessages: 0.895157
[2015.08.30-22.31.20:956][997]LogBlueprintUserMessages: 0.887093
[2015.08.30-22.31.20:972][998]LogBlueprintUserMessages: 0.879028
[2015.08.30-22.31.20:988][999]LogBlueprintUserMessages: 0.870964
[2015.08.30-22.31.21:005][  0]LogBlueprintUserMessages: 0.862899
[2015.08.30-22.31.21:021][  1]LogBlueprintUserMessages: 0.854828
[2015.08.30-22.31.21:037][  2]LogBlueprintUserMessages: 0.846763
[2015.08.30-22.31.21:053][  3]LogBlueprintUserMessages: 0.838699
[2015.08.30-22.31.21:069][  4]LogBlueprintUserMessages: 0.830631
[2015.08.30-22.31.21:085][  5]LogBlueprintUserMessages: 0.822567
[2015.08.30-22.31.21:102][  6]LogBlueprintUserMessages: 0.814502
[2015.08.30-22.31.21:118][  7]LogBlueprintUserMessages: 0.806437
[2015.08.30-22.31.21:134][  8]LogBlueprintUserMessages: 0.798373
[2015.08.30-22.31.21:150][  9]LogBlueprintUserMessages: 0.790308
[2015.08.30-22.31.21:166][ 10]LogBlueprintUserMessages: 0.782244
[2015.08.30-22.31.21:182][ 11]LogBlueprintUserMessages: 0.774179
[2015.08.30-22.31.21:198][ 12]LogBlueprintUserMessages: 0.766114
[2015.08.30-22.31.21:214][ 13]LogBlueprintUserMessages: 0.75805
[2015.08.30-22.31.21:231][ 14]LogBlueprintUserMessages: 0.749985
[2015.08.30-22.31.21:246][ 15]LogBlueprintUserMessages: 0.741921
[2015.08.30-22.31.21:263][ 16]LogBlueprintUserMessages: 0.733856
[2015.08.30-22.31.21:279][ 17]LogBlueprintUserMessages: 0.725789
[2015.08.30-22.31.21:294][ 18]LogBlueprintUserMessages: 0.717725
[2015.08.30-22.31.21:311][ 19]LogBlueprintUserMessages: 0.709657
[2015.08.30-22.31.21:327][ 20]LogBlueprintUserMessages: 0.701592
[2015.08.30-22.31.21:343][ 21]LogBlueprintUserMessages: 0.693528
[2015.08.30-22.31.21:360][ 22]LogBlueprintUserMessages: 0.685463
[2015.08.30-22.31.21:375][ 23]LogBlueprintUserMessages: 0.677398
[2015.08.30-22.31.21:391][ 24]LogBlueprintUserMessages: 0.669334
[2015.08.30-22.31.21:407][ 25]LogBlueprintUserMessages: 0.661269
[2015.08.30-22.31.21:423][ 26]LogBlueprintUserMessages: 0.653205
[2015.08.30-22.31.21:439][ 27]LogBlueprintUserMessages: 0.64514
[2015.08.30-22.31.21:456][ 28]LogBlueprintUserMessages: 0.637075
[2015.08.30-22.31.21:472][ 29]LogBlueprintUserMessages: 0.629011
[2015.08.30-22.31.21:488][ 30]LogBlueprintUserMessages: 0.620946
[2015.08.30-22.31.21:505][ 31]LogBlueprintUserMessages: 0.612882
[2015.08.30-22.31.21:521][ 32]LogBlueprintUserMessages: 0.604817
[2015.08.30-22.31.21:537][ 33]LogBlueprintUserMessages: 0.596752
[2015.08.30-22.31.21:553][ 34]LogBlueprintUserMessages: 0.588688
[2015.08.30-22.31.21:569][ 35]LogBlueprintUserMessages: 0.580623
[2015.08.30-22.31.21:585][ 36]LogBlueprintUserMessages: 0.572559
[2015.08.30-22.31.21:601][ 37]LogBlueprintUserMessages: 0.564494
[2015.08.30-22.31.21:617][ 38]LogBlueprintUserMessages: 0.556429
[2015.08.30-22.31.21:633][ 39]LogBlueprintUserMessages: 0.548365
[2015.08.30-22.31.21:650][ 40]LogBlueprintUserMessages: 0.5403
[2015.08.30-22.31.21:666][ 41]LogBlueprintUserMessages: 0.532236
[2015.08.30-22.31.21:682][ 42]LogBlueprintUserMessages: 0.524169
[2015.08.30-22.31.21:698][ 43]LogBlueprintUserMessages: 0.516104
[2015.08.30-22.31.21:714][ 44]LogBlueprintUserMessages: 0.50804
[2015.08.30-22.31.21:730][ 45]LogBlueprintUserMessages: 0.499975
[2015.08.30-22.31.21:746][ 46]LogBlueprintUserMessages: 0.49191
[2015.08.30-22.31.21:762][ 47]LogBlueprintUserMessages: 0.483846
[2015.08.30-22.31.21:779][ 48]LogBlueprintUserMessages: 0.475781
[2015.08.30-22.31.21:795][ 49]LogBlueprintUserMessages: 0.467717
[2015.08.30-22.31.21:811][ 50]LogBlueprintUserMessages: 0.459652
[2015.08.30-22.31.21:827][ 51]LogBlueprintUserMessages: 0.451587
[2015.08.30-22.31.21:843][ 52]LogBlueprintUserMessages: 0.443523
[2015.08.30-22.31.21:859][ 53]LogBlueprintUserMessages: 0.435458
[2015.08.30-22.31.21:876][ 54]LogBlueprintUserMessages: 0.427394
[2015.08.30-22.31.21:891][ 55]LogBlueprintUserMessages: 0.419329
[2015.08.30-22.31.21:907][ 56]LogBlueprintUserMessages: 0.411264
[2015.08.30-22.31.21:923][ 57]LogBlueprintUserMessages: 0.4032
[2015.08.30-22.31.21:939][ 58]LogBlueprintUserMessages: 0.395135
[2015.08.30-22.31.21:956][ 59]LogBlueprintUserMessages: 0.387071
[2015.08.30-22.31.21:973][ 60]LogBlueprintUserMessages: 0.379006
[2015.08.30-22.31.21:989][ 61]LogBlueprintUserMessages: 0.370941
[2015.08.30-22.31.22:005][ 62]LogBlueprintUserMessages: 0.362873
[2015.08.30-22.31.22:021][ 63]LogBlueprintUserMessages: 0.354808
[2015.08.30-22.31.22:037][ 64]LogBlueprintUserMessages: 0.346744
[2015.08.30-22.31.22:053][ 65]LogBlueprintUserMessages: 0.338679
[2015.08.30-22.31.22:069][ 66]LogBlueprintUserMessages: 0.330613
[2015.08.30-22.31.22:085][ 67]LogBlueprintUserMessages: 0.322548
[2015.08.30-22.31.22:102][ 68]LogBlueprintUserMessages: 0.314483
[2015.08.30-22.31.22:118][ 69]LogBlueprintUserMessages: 0.306419
[2015.08.30-22.31.22:134][ 70]LogBlueprintUserMessages: 0.298354
[2015.08.30-22.31.22:150][ 71]LogBlueprintUserMessages: 0.29029
[2015.08.30-22.31.22:183][ 72]LogBlueprintUserMessages: 0.282225
[2015.08.30-22.31.22:185][ 73]LogBlueprintUserMessages: 0.272401
[2015.08.30-22.31.22:201][ 74]LogBlueprintUserMessages: 0.264337
[2015.08.30-22.31.22:218][ 75]LogBlueprintUserMessages: 0.256272
[2015.08.30-22.31.22:234][ 76]LogBlueprintUserMessages: 0.248207
[2015.08.30-22.31.22:250][ 77]LogBlueprintUserMessages: 0.240143
[2015.08.30-22.31.22:266][ 78]LogBlueprintUserMessages: 0.232078
[2015.08.30-22.31.22:283][ 79]LogBlueprintUserMessages: 0.224014
[2015.08.30-22.31.22:299][ 80]LogBlueprintUserMessages: 0.215949
[2015.08.30-22.31.22:315][ 81]LogBlueprintUserMessages: 0.207884
[2015.08.30-22.31.22:331][ 82]LogBlueprintUserMessages: 0.19982
[2015.08.30-22.31.22:347][ 83]LogBlueprintUserMessages: 0.191755
[2015.08.30-22.31.22:363][ 84]LogBlueprintUserMessages: 0.183679
[2015.08.30-22.31.22:379][ 85]LogBlueprintUserMessages: 0.175615
[2015.08.30-22.31.22:395][ 86]LogBlueprintUserMessages: 0.16755
[2015.08.30-22.31.22:411][ 87]LogBlueprintUserMessages: 0.159486
[2015.08.30-22.31.22:427][ 88]LogBlueprintUserMessages: 0.151421
[2015.08.30-22.31.22:443][ 89]LogBlueprintUserMessages: 0.143356
[2015.08.30-22.31.22:459][ 90]LogBlueprintUserMessages: 0.135292
[2015.08.30-22.31.22:476][ 91]LogBlueprintUserMessages: 0.127227
[2015.08.30-22.31.22:492][ 92]LogBlueprintUserMessages: 0.119163
[2015.08.30-22.31.22:508][ 93]LogBlueprintUserMessages: 0.111098
[2015.08.30-22.31.22:525][ 94]LogBlueprintUserMessages: 0.103033
[2015.08.30-22.31.22:541][ 95]LogBlueprintUserMessages: 0.094969
[2015.08.30-22.31.22:556][ 96]LogBlueprintUserMessages: 0.086904
[2015.08.30-22.31.22:572][ 97]LogBlueprintUserMessages: 0.07884
[2015.08.30-22.31.22:588][ 98]LogBlueprintUserMessages: 0.070775
[2015.08.30-22.31.22:605][ 99]LogBlueprintUserMessages: 0.06271
[2015.08.30-22.31.22:621][100]LogBlueprintUserMessages: 0.054646
[2015.08.30-22.31.22:637][101]LogBlueprintUserMessages: 0.046581
[2015.08.30-22.31.22:653][102]LogBlueprintUserMessages: 0.038517
[2015.08.30-22.31.22:669][103]LogBlueprintUserMessages: 0.030445
[2015.08.30-22.31.22:685][104]LogBlueprintUserMessages: 0.02238
[2015.08.30-22.31.22:701][105]LogBlueprintUserMessages: 0.014316
[2015.08.30-22.31.22:718][106]LogBlueprintUserMessages: 0.006251
[2015.08.30-22.31.22:718][106]Closing by request
[2015.08.30-22.31.22:718][106]LogWindows: FPlatformMisc::RequestExit(0)
[2015.08.30-22.31.23:451][107]LogWindowsTextInputMethodSystem:Display: IME system now deactivated.
[2015.08.30-22.31.23:451][107]LogWindowsTextInputMethodSystem:Display: IME system now deactivated.
[2015.08.30-22.31.23:459][107]LogExit: Preparing to exit.
[2015.08.30-22.31.23:547][107]LogExit: Game engine shut down
[2015.08.30-22.31.23:551][107]LogParticles: Destroying 0 GPU particle simulations for FXSystem 0x0000004538F5FE20
[2015.08.30-22.31.23:667][107]LogExit: Object subsystem successfully closed.
[2015.08.30-22.31.23:683][107]LogD3D11RHI: Shutdown
[2015.08.30-22.31.23:683][107]LogD3D11RHI: CleanupD3DDevice
[2015.08.30-22.31.23:759][107]LogD3D11RHI: ~FD3D11DynamicRHI
[2015.08.30-22.31.23:772][107]LogModuleManager: Shutting down and abandoning module AndroidDeviceDetection (109)
[2015.08.30-22.31.23:801][107]LogModuleManager: Shutting down and abandoning module AutomationWorker (108)
[2015.08.30-22.31.23:801][107]LogModuleManager: Shutting down and abandoning module CharacterAI (107)
[2015.08.30-22.31.23:801][107]LogModuleManager: Shutting down and abandoning module AITestSuite (106)
[2015.08.30-22.31.23:801][107]LogModuleManager: Shutting down and abandoning module GameplayDebugger (105)
[2015.08.30-22.31.23:801][107]LogModuleManager: Shutting down and abandoning module AIModule (104)
[2015.08.30-22.31.23:801][107]LogModuleManager: Shutting down and abandoning module GameLiveStreaming (103)
[2015.08.30-22.31.23:801][107]LogModuleManager: Shutting down and abandoning module StreamingPauseRendering (102)
[2015.08.30-22.31.23:801][107]LogModuleManager: Shutting down and abandoning module ProfilerService (101)
[2015.08.30-22.31.24:003][107]LogModuleManager: Shutting down and abandoning module TaskGraph (100)
[2015.08.30-22.31.24:003][107]LogModuleManager: Shutting down and abandoning module SlateRemote (99)
[2015.08.30-22.31.24:003][107]LogModuleManager: Shutting down and abandoning module SteamVRController (98)
[2015.08.30-22.31.24:003][107]LogModuleManager: Shutting down and abandoning module SteamVR (97)
[2015.08.30-22.31.24:003][107]LogModuleManager: Shutting down and abandoning module ProceduralMeshComponent (96)
[2015.08.30-22.31.24:003][107]LogModuleManager: Shutting down and abandoning module OculusRift (95)
[2015.08.30-22.31.24:003][107]LogModuleManager: Shutting down and abandoning module LeapMotionController (94)
[2015.08.30-22.31.24:012][107]LogModuleManager: Shutting down and abandoning module CustomMeshComponent (93)
[2015.08.30-22.31.24:012][107]LogModuleManager: Shutting down and abandoning module CableComponent (92)
[2015.08.30-22.31.24:012][107]LogModuleManager: Shutting down and abandoning module DesktopPlatform (91)
[2015.08.30-22.31.24:012][107]LogModuleManager: Shutting down and abandoning module DirectoryWatcher (90)
[2015.08.30-22.31.24:012][107]LogModuleManager: Shutting down and abandoning module HotReload (89)
[2015.08.30-22.31.24:012][107]LogModuleManager: Shutting down and abandoning module VisualStudioSourceCodeAccess (88)
[2015.08.30-22.31.24:012][107]LogModuleManager: Shutting down and abandoning module UObjectPlugin (87)
[2015.08.30-22.31.24:012][107]LogModuleManager: Shutting down and abandoning module SubversionSourceControl (86)
[2015.08.30-22.31.24:012][107]LogModuleManager: Shutting down and abandoning module SourceControl (85)
[2015.08.30-22.31.24:012][107]LogModuleManager: Shutting down and abandoning module PerforceSourceControl (84)
[2015.08.30-22.31.24:012][107]LogModuleManager: Shutting down and abandoning module BlankPlugin (83)
[2015.08.30-22.31.24:012][107]LogModuleManager: Shutting down and abandoning module UdpMessaging (82)
[2015.08.30-22.31.24:012][107]LogModuleManager: Shutting down and abandoning module AssetRegistry (81)
[2015.08.30-22.31.24:012][107]LogModuleManager: Shutting down and abandoning module SubstanceCore (80)
[2015.08.30-22.31.24:012][107]LogModuleManager: Shutting down and abandoning module Paper2D (79)
[2015.08.30-22.31.24:012][107]LogModuleManager: Shutting down and abandoning module WindowsMoviePlayer (78)
[2015.08.30-22.31.24:014][107]LogModuleManager: Shutting down and abandoning module Media (77)
[2015.08.30-22.31.24:014][107]LogModuleManager: Shutting down and abandoning module WmfMedia (76)
[2015.08.30-22.31.24:014][107]LogModuleManager: Shutting down and abandoning module OnlineBlueprintSupport (75)
[2015.08.30-22.31.24:014][107]LogModuleManager: Shutting down and abandoning module PropertyEditor (74)
[2015.08.30-22.31.24:014][107]LogModuleManager: Shutting down and abandoning module BehaviorTreeEditor (73)
[2015.08.30-22.31.24:014][107]LogModuleManager: Shutting down and abandoning module FunctionalTesting (72)
[2015.08.30-22.31.24:014][107]LogModuleManager: Shutting down and abandoning module CollisionAnalyzer (71)
[2015.08.30-22.31.24:014][107]LogModuleManager: Shutting down and abandoning module WorkspaceMenuStructure (70)
[2015.08.30-22.31.24:014][107]LogModuleManager: Shutting down and abandoning module MessageLog (69)
[2015.08.30-22.31.24:014][107]LogModuleManager: Shutting down and abandoning module Sequencer (68)
[2015.08.30-22.31.24:014][107]LogModuleManager: Shutting down and abandoning module AssetTools (67)
[2015.08.30-22.31.24:014][107]LogModuleManager: Shutting down and abandoning module UMGEditor (66)
[2015.08.30-22.31.24:014][107]LogModuleManager: Shutting down and abandoning module UMG (65)
[2015.08.30-22.31.24:014][107]LogModuleManager: Shutting down and abandoning module Slate (64)
[2015.08.30-22.31.24:014][107]LogModuleManager: Shutting down and abandoning module EditorStyle (63)
[2015.08.30-22.31.24:016][107]LogModuleManager: Shutting down and abandoning module SessionServices (62)
[2015.08.30-22.31.24:016][107]LogModuleManager: Shutting down and abandoning module SourceCodeAccess (61)
[2015.08.30-22.31.24:016][107]LogModuleManager: Shutting down and abandoning module HeadMountedDisplay (60)
[2015.08.30-22.31.24:016][107]LogModuleManager: Shutting down and abandoning module XAudio2 (59)
[2015.08.30-22.31.24:016][107]LogModuleManager: Shutting down and abandoning module Networking (57)
[2015.08.30-22.31.24:016][107]LogModuleManager: Shutting down and abandoning module Core (56)
[2015.08.30-22.31.24:016][107]LogModuleManager: Shutting down and abandoning module KismetCompiler (55)
[2015.08.30-22.31.24:016][107]LogModuleManager: Shutting down and abandoning module PhysXFormats (54)
[2015.08.30-22.31.24:017][107]LogModuleManager: Shutting down and abandoning module MeshUtilities (53)
[2015.08.30-22.31.24:017][107]LogModuleManager: Shutting down and abandoning module DerivedDataCache (52)
[2015.08.30-22.31.24:375][107]LogDerivedDataCache: Shutdown
[2015.08.30-22.31.24:375][107]LogModuleManager: Shutting down and abandoning module ShaderFormatOpenGL (51)
[2015.08.30-22.31.24:375][107]LogModuleManager: Shutting down and abandoning module ShaderFormatD3D (50)
[2015.08.30-22.31.24:375][107]LogModuleManager: Shutting down and abandoning module MetalShaderFormat (49)
[2015.08.30-22.31.24:375][107]LogModuleManager: Shutting down and abandoning module TextureFormatUncompressed (48)
[2015.08.30-22.31.24:375][107]LogModuleManager: Shutting down and abandoning module TextureFormatPVR (47)
[2015.08.30-22.31.24:375][107]LogModuleManager: Shutting down and abandoning module TextureFormatIntelISPCTexComp (46)
[2015.08.30-22.31.24:375][107]LogModuleManager: Shutting down and abandoning module TextureFormatDXT (45)
[2015.08.30-22.31.24:375][107]LogModuleManager: Shutting down and abandoning module ImageWrapper (44)
[2015.08.30-22.31.24:375][107]LogModuleManager: Shutting down and abandoning module TextureFormatASTC (43)
[2015.08.30-22.31.24:375][107]LogModuleManager: Shutting down and abandoning module TextureFormatAndroid (42)
[2015.08.30-22.31.24:375][107]LogModuleManager: Shutting down and abandoning module AudioFormatOpus (41)
[2015.08.30-22.31.24:375][107]LogModuleManager: Shutting down and abandoning module AudioFormatOgg (40)
[2015.08.30-22.31.24:375][107]LogModuleManager: Shutting down and abandoning module AudioFormatADPCM (39)
[2015.08.30-22.31.24:375][107]LogModuleManager: Shutting down and abandoning module LinuxTargetPlatform (38)
[2015.08.30-22.31.24:375][107]LogModuleManager: Shutting down and abandoning module LinuxServerTargetPlatform (37)
[2015.08.30-22.31.24:375][107]LogModuleManager: Shutting down and abandoning module LinuxNoEditorTargetPlatform (36)
[2015.08.30-22.31.24:375][107]LogModuleManager: Shutting down and abandoning module Messaging (35)
[2015.08.30-22.31.24:375][107]LogModuleManager: Shutting down and abandoning module IOSTargetPlatform (34)
[2015.08.30-22.31.24:375][107]LogModuleManager: Shutting down and abandoning module HTML5TargetPlatform (33)
[2015.08.30-22.31.24:375][107]LogModuleManager: Shutting down and abandoning module Android_PVRTCTargetPlatform (32)
[2015.08.30-22.31.24:375][107]LogModuleManager: Shutting down and abandoning module Android_ETC2TargetPlatform (31)
[2015.08.30-22.31.24:375][107]LogModuleManager: Shutting down and abandoning module Android_ETC1TargetPlatform (30)
[2015.08.30-22.31.24:375][107]LogModuleManager: Shutting down and abandoning module Android_DXTTargetPlatform (29)
[2015.08.30-22.31.24:375][107]LogModuleManager: Shutting down and abandoning module Android_ATCTargetPlatform (28)
[2015.08.30-22.31.24:375][107]LogModuleManager: Shutting down and abandoning module Android_ASTCTargetPlatform (27)
[2015.08.30-22.31.24:375][107]LogModuleManager: Shutting down and abandoning module AndroidTargetPlatform (26)
[2015.08.30-22.31.24:375][107]LogModuleManager: Shutting down and abandoning module WindowsTargetPlatform (25)
[2015.08.30-22.31.24:375][107]LogModuleManager: Shutting down and abandoning module WindowsServerTargetPlatform (24)
[2015.08.30-22.31.24:375][107]LogModuleManager: Shutting down and abandoning module WindowsNoEditorTargetPlatform (23)
[2015.08.30-22.31.24:375][107]LogModuleManager: Shutting down and abandoning module WindowsClientTargetPlatform (22)
[2015.08.30-22.31.24:375][107]LogModuleManager: Shutting down and abandoning module DesktopTargetPlatform (21)
[2015.08.30-22.31.24:375][107]LogModuleManager: Shutting down and abandoning module TargetPlatform (20)
[2015.08.30-22.31.24:375][107]LogModuleManager: Shutting down and abandoning module InputCore (19)
[2015.08.30-22.31.24:375][107]LogModuleManager: Shutting down and abandoning module Settings (18)
[2015.08.30-22.31.24:375][107]LogModuleManager: Shutting down and abandoning module OnlineSubsystem (16)
[2015.08.30-22.31.24:375][107]LogModuleManager: Shutting down and abandoning module HTTP (15)
[2015.08.30-22.31.24:375][107]LogModuleManager: Shutting down and abandoning module ExampleDeviceProfileSelector (14)
[2015.08.30-22.31.24:375][107]LogModuleManager: Shutting down and abandoning module TextureCompressor (13)
[2015.08.30-22.31.24:375][107]LogModuleManager: Shutting down and abandoning module ShaderCore (12)
[2015.08.30-22.31.24:375][107]LogModuleManager: Shutting down and abandoning module Landscape (11)
[2015.08.30-22.31.24:375][107]LogModuleManager: Shutting down and abandoning module SlateRHIRenderer (10)
[2015.08.30-22.31.24:376][107]LogModuleManager: Shutting down and abandoning module OpenGLDrv (9)
[2015.08.30-22.31.24:376][107]LogModuleManager: Shutting down and abandoning module D3D11RHI (8)
[2015.08.30-22.31.24:376][107]LogModuleManager: Shutting down and abandoning module Renderer (7)
[2015.08.30-22.31.24:376][107]LogModuleManager: Shutting down and abandoning module Engine (6)
[2015.08.30-22.31.24:376][107]LogModuleManager: Shutting down and abandoning module CoreUObject (5)
[2015.08.30-22.31.24:376][107]LogModuleManager: Shutting down and abandoning module NetworkFile (4)
[2015.08.30-22.31.24:376][107]LogModuleManager: Shutting down and abandoning module StreamingFile (3)
[2015.08.30-22.31.24:376][107]LogModuleManager: Shutting down and abandoning module SandboxFile (2)
[2015.08.30-22.31.24:376][107]LogModuleManager: Shutting down and abandoning module PakFile (1)
[2015.08.30-22.31.24:377][107]LogExit: Exiting.
[2015.08.30-22.31.24:378][107]Log file closed, 08/31/15 00:31:24
