[2015.08.27-20.54.13:993][  0]Log file open, 08/27/15 22:54:13
[2015.08.27-20.54.13:993][  0]LogInit:Display: Running engine for game: NotPartofGame
[2015.08.27-20.54.13:993][  0]LogInit:Display: RandInit(-920403131) SRandInit(-920403130).
[2015.08.27-20.54.13:993][  0]LogTaskGraph: Started task graph with 4 named threads and 7 total threads.
[2015.08.27-20.54.13:993][  0]LogStats: Stats thread started
[2015.08.27-20.54.13:993][  0]LogInit: Version: 4.8.3-2634408+++depot+UE4-Releases+4.8
[2015.08.27-20.54.13:993][  0]LogInit: API Version: 2579680
[2015.08.27-20.54.13:993][  0]LogInit: Compiled (64-bit): Jul 27 2015 16:24:33
[2015.08.27-20.54.13:993][  0]LogInit: Compiled with Visual C++: 18.00.21005.01
[2015.08.27-20.54.13:993][  0]LogInit: Build Configuration: Development
[2015.08.27-20.54.13:993][  0]LogInit: Branch Name: ++depot+UE4-Releases+4.8
[2015.08.27-20.54.13:993][  0]LogInit: Command line:  /Temp/Autosaves/Game/NPOTG/Maps/UEDPCTesting_Level -game -PIEVIACONSOLE -ResX=1280 -ResY=720  -Multiprocess 
[2015.08.27-20.54.13:993][  0]LogInit: Base directory: C:/Users/Bodoo/Documents/Programmieren/4.8/Engine/Binaries/Win64/
[2015.08.27-20.54.13:993][  0]LogInit: Rocket: 1
[2015.08.27-20.54.14:010][  0]LogInit: Using libcurl 7.41.0
[2015.08.27-20.54.14:010][  0]LogInit:  - built for x86_64-pc-win32
[2015.08.27-20.54.14:010][  0]LogInit:  - supports SSL with WinSSL
[2015.08.27-20.54.14:010][  0]LogInit:  - other features:
[2015.08.27-20.54.14:010][  0]LogInit:      CURL_VERSION_SSL
[2015.08.27-20.54.14:010][  0]LogInit:      CURL_VERSION_IPV6
[2015.08.27-20.54.14:010][  0]LogInit:      CURL_VERSION_ASYNCHDNS
[2015.08.27-20.54.14:010][  0]LogInit:      CURL_VERSION_LARGEFILE
[2015.08.27-20.54.14:010][  0]LogInit:      CURL_VERSION_IDN
[2015.08.27-20.54.14:010][  0]LogInit:  CurlRequestOptions (configurable via config and command line):
[2015.08.27-20.54.14:010][  0]LogInit:  - bVerifyPeer = true  - Libcurl will verify peer certificate
[2015.08.27-20.54.14:010][  0]LogInit:  - bUseHttpProxy = false  - Libcurl will NOT use HTTP proxy
[2015.08.27-20.54.14:010][  0]LogInit:  - bDontReuseConnections = false  - Libcurl will reuse connections
[2015.08.27-20.54.14:010][  0]LogInit:  - CertBundlePath = nullptr  - Libcurl will use whatever was configured at build time.
[2015.08.27-20.54.14:027][  0]LogOnline:Warning: No default platform service specified for OnlineSubsystem
[2015.08.27-20.54.14:052][  0]LogInit: Presizing for 0 objects not considered by GC, pre-allocating 0 bytes.
[2015.08.27-20.54.14:061][  0]LogInit: Object subsystem initialized
[2015.08.27-20.54.14:062][  0]LogConsoleResponse:Warning: Skipping Unknown console variable: 'UIScaleCurve = (EditorCurveData=(Keys=((Time=480.000000,Value=0.444000),(Time=720.000000,Value=0.666000),(Time=1080.000000,Value=1.000000),(Time=8640.000000,Value=8.000000))),ExternalCurve=None)'
[2015.08.27-20.54.14:062][  0]LogConsoleResponse:Warning:   Found in ini file 'C:/Users/Bodoo/Documents/Programmieren/Projekte/NotPartofTheGame/Saved/Config/Windows/Engine.ini', in section '[/Script/Engine.RendererSettings]'
[2015.08.27-20.54.14:062][  0]LogConsoleManager:Warning: Console variable 'r.MSAA.CompositingSampleCount' wasn't set ('Scalability' has a lower priority than 'ProjectSetting')
[2015.08.27-20.54.14:062][  0]LogInit: Selected Device Profile: [Windows]
[2015.08.27-20.54.14:062][  0]LogInit: Applying CVar settings loaded from the selected device profile: [Windows]
[2015.08.27-20.54.14:066][  0]LogInit: Computer: DESKTOP-GLF6O4V
[2015.08.27-20.54.14:066][  0]LogInit: User: Bodoo
[2015.08.27-20.54.14:066][  0]LogInit: CPU Page size=4096, Cores=4
[2015.08.27-20.54.14:066][  0]LogInit: High frequency timer resolution =3.215356 MHz
[2015.08.27-20.54.14:066][  0]LogMemory: Memory total: Physical=12.0GB (12GB approx)
[2015.08.27-20.54.14:066][  0]LogMemory: Platform Memory Stats for Windows
[2015.08.27-20.54.14:066][  0]LogMemory: Process Physical Memory: 50.20 MB used, 50.20 MB peak
[2015.08.27-20.54.14:066][  0]LogMemory: Process Virtual Memory: 22.63 MB used, 22.63 MB peak
[2015.08.27-20.54.14:066][  0]LogMemory: Physical Memory: 3944.59 MB used, 12270.70 MB total
[2015.08.27-20.54.14:066][  0]LogMemory: Virtual Memory: 310.49 MB used, 134217728.00 MB total
[2015.08.27-20.54.14:094][  0]LogTextLocalizationManager: The requested culture ('de_DE') has no localization data; falling back to 'en' for localization and internationalization data.
[2015.08.27-20.54.14:401][  0]LogTextLocalizationManager:Warning: Loaded localization resources contain conflicting entries for (Namespace:ContentBrowser, Key:ImportAssetToolTip):
Localization Resource: (C:/Users/Bodoo/Documents/Programmieren/4.8/Engine/Content/Localization/Editor/en/Editor.locres) Source String Hash: (-630476809) Localized String: (Import to {0}...)
Localization Resource: (C:/Users/Bodoo/Documents/Programmieren/4.8/Engine/Content/Localization/Editor/en/Editor.locres) Source String Hash: (1271782899) Localized String: (Imports an asset from file to this folder.)
[2015.08.27-20.54.14:805][  0]LogD3D11RHI: Found D3D11 adapter 0: AMD Radeon HD 6800 Series (Feature Level 11_0)
[2015.08.27-20.54.14:805][  0]LogD3D11RHI: Adapter has 1011MB of dedicated video memory, 0MB of dedicated system memory, and 3840MB of shared system memory, 1 output[s]
[2015.08.27-20.54.14:806][  0]LogD3D11RHI: Found D3D11 adapter 1: Microsoft Basic Render Driver (Feature Level 11_0)
[2015.08.27-20.54.14:806][  0]LogD3D11RHI: Adapter has 0MB of dedicated video memory, 0MB of dedicated system memory, and 6135MB of shared system memory, 0 output[s]
[2015.08.27-20.54.14:807][  0]LogD3D11RHI: Chosen D3D11 Adapter Id = 0
[2015.08.27-20.54.14:809][  0]LogD3D11RHI: InitD3DDevice
[2015.08.27-20.54.14:809][  0]LogD3D11RHI: !Direct3DDevice
[2015.08.27-20.54.14:809][  0]LogRHI: Texture pool is 708 MB (70% of 1011 MB)
[2015.08.27-20.54.14:816][  0]LogD3D11RHI: Async texture creation disabled: no driver support
[2015.08.27-20.54.14:826][  0]LogShaderCompilers:Display: Using Local Shader Compiler.
[2015.08.27-20.54.15:640][  0]LogTemp:Display: Loaded TP DesktopTargetPlatform
[2015.08.27-20.54.15:655][  0]LogTemp:Display: Loaded TP WindowsClientTargetPlatform
[2015.08.27-20.54.15:670][  0]LogTemp:Display: Loaded TP WindowsNoEditorTargetPlatform
[2015.08.27-20.54.15:686][  0]LogTemp:Display: Loaded TP WindowsServerTargetPlatform
[2015.08.27-20.54.15:703][  0]LogTemp:Display: Loaded TP WindowsTargetPlatform
[2015.08.27-20.54.15:717][  0]LogTemp:Display: Loaded TP AndroidTargetPlatform
[2015.08.27-20.54.15:730][  0]LogTemp:Display: Loaded TP Android_ASTCTargetPlatform
[2015.08.27-20.54.15:744][  0]LogTemp:Display: Loaded TP Android_ATCTargetPlatform
[2015.08.27-20.54.15:757][  0]LogTemp:Display: Loaded TP Android_DXTTargetPlatform
[2015.08.27-20.54.15:771][  0]LogTemp:Display: Loaded TP Android_ETC1TargetPlatform
[2015.08.27-20.54.15:785][  0]LogTemp:Display: Loaded TP Android_ETC2TargetPlatform
[2015.08.27-20.54.15:798][  0]LogTemp:Display: Loaded TP Android_PVRTCTargetPlatform
[2015.08.27-20.54.15:849][  0]LogTemp:Display: Loaded TP IOSTargetPlatform
[2015.08.27-20.54.15:862][  0]LogTemp:Display: Loaded TP LinuxNoEditorTargetPlatform
[2015.08.27-20.54.15:875][  0]LogTemp:Display: Loaded TP LinuxServerTargetPlatform
[2015.08.27-20.54.15:890][  0]LogTemp:Display: Loaded TP LinuxTargetPlatform
[2015.08.27-20.54.15:890][  0]LogTargetPlatformManager:Display: Building Assets For Windows
[2015.08.27-20.54.16:113][  0]LogDerivedDataCache:Display: Max Cache Size: 512 MB
[2015.08.27-20.54.16:173][  0]LogDerivedDataCache: Loaded boot cache 0.06s 53MB C:/Users/Bodoo/AppData/Local/UnrealEngine/4.8/DerivedDataCache/Boot.ddc.
[2015.08.27-20.54.16:173][  0]LogDerivedDataCache:Display: Loaded Boot cache: C:/Users/Bodoo/AppData/Local/UnrealEngine/4.8/DerivedDataCache/Boot.ddc
[2015.08.27-20.54.16:173][  0]LogDerivedDataCache: FDerivedDataBackendGraph:  Pak pak cache file ../../../../Projekte/NotPartofTheGame/DerivedDataCache/DDC.ddp not found, will not use a pak cache.
[2015.08.27-20.54.16:173][  0]LogDerivedDataCache: Unable to find inner node Pak for hierarchical cache Hierarchy.
[2015.08.27-20.54.16:173][  0]LogDerivedDataCache: FDerivedDataBackendGraph:  CompressedPak pak cache file ../../../../Projekte/NotPartofTheGame/DerivedDataCache/Compressed.ddp not found, will not use a pak cache.
[2015.08.27-20.54.16:173][  0]LogDerivedDataCache: Unable to find inner node CompressedPak for hierarchical cache Hierarchy.
[2015.08.27-20.54.16:328][  0]LogDerivedDataCache:Display: Pak cache opened for reading ../../../Engine/DerivedDataCache/Compressed.ddp.
[2015.08.27-20.54.16:340][  0]LogDerivedDataCache: Using Local data cache path C:/Users/Bodoo/AppData/Local/UnrealEngine/Common/DerivedDataCache: Writable
[2015.08.27-20.54.16:582][  0]LogInit: Selected Device Profile: [Windows]
[2015.08.27-20.54.16:669][  0]ImportText (ComponentSweepMultiTests): Missing closing parenthesis: (RootShapeAsset="/Engine/BasicShapes/Cube.Cube",ShapeType="TriggerCapsule",HitResult=(Time=0.50,Location=(X=-100.000015,Y=0.0,Z=100.000015),ImpactPoint=(X=-50.0,Y=0.0,Z=50.0),Normal=(X=-1.0,Y=-0.0,Z=0.0),ImpactNormal=(X=0.0,Y=0.0,Z=1.0),TraceStart=(X=-200.0,Y=0.0,Z=200.0),TraceEnd=(X=0.0,Y=0.0,Z=0.0))
[2015.08.27-20.54.16:669][  0]ImportText (LineTraceSingleByChannelTests): Missing closing parenthesis: (RootShapeAsset="/Engine/BasicShapes/Cube.Cube",HitResult=(Time=0.50,Location=(X=-100.000015,Y=0.0,Z=100.000015),ImpactPoint=(X=-50.0,Y=0.0,Z=50.0),Normal=(X=-1.0,Y=-0.0,Z=0.0),ImpactNormal=(X=0.0,Y=0.0,Z=1.0),TraceStart=(X=-200.0,Y=0.0,Z=200.0),TraceEnd=(X=0.0,Y=0.0,Z=0.0))
[2015.08.27-20.54.16:698][  0]LogMeshUtilities: No automatic mesh reduction module available
[2015.08.27-20.54.16:698][  0]LogMeshUtilities: No automatic mesh merging module available
[2015.08.27-20.54.16:987][  0]LogInit: WinSock: version 1.1 (2.2), MaxSocks=32767, MaxUdp=65467
[2015.08.27-20.54.17:446][  0]LogD3D11RHI: InitD3DDevice
[2015.08.27-20.54.17:449][  0]LogWindowsMoviePlayer: Unable to load movie: ../../../../Projekte/NotPartofTheGame/Content/Movies/Default_Startup.mp4
[2015.08.27-20.54.17:593][  0]LogAssetRegistry: FAssetRegistry took 0.0001 seconds to start up
[2015.08.27-20.54.17:639][  0]SourceControl: Info Source control is disabled
[2015.08.27-20.54.17:639][  0]SourceControl: Info Source control is disabled
[2015.08.27-20.54.17:650][  0]SourceControl: Info Source control is disabled
[2015.08.27-20.54.17:843][  0]LogObj: 25913 objects as part of root set at end of initial load.
[2015.08.27-20.54.17:843][  0]LogUObjectAllocator: 5218488 out of 0 bytes used by permanent object pool.
[2015.08.27-20.54.17:913][  0]LogAutomationTest:Warning: ERR: Transient text cannot be serialized "Testing Transient serialization detection".
[2015.08.27-20.54.17:914][  0]LogEngine: Initializing Engine...
[2015.08.27-20.54.17:916][  0]LogHMD: Can't find Oculus library dev build: is proper Runtime installed? Version: 0.6.0.0
[2015.08.27-20.54.17:917][  0]LogHMD:Warning: SteamVR failed to initialize.  Error: 110
[2015.08.27-20.54.18:008][  0]LogInit: XAudio2 using 'Lautsprecher (G510s Gaming Keyboard)' : 2 channels at 48 kHz using 16 bits per sample (channel mask 0x3)
[2015.08.27-20.54.18:015][  0]LogInit: FAudioDevice initialized.
[2015.08.27-20.54.18:023][  0]LogInit: Texture streaming: Disabled
[2015.08.27-20.54.18:089][  0]LogNet: Browse: /Temp/Autosaves/Game/NPOTG/Maps/UEDPCTesting_Level?Name=Player
[2015.08.27-20.54.18:089][  0]LogLoad: LoadMap: /Temp/Autosaves/Game/NPOTG/Maps/UEDPCTesting_Level?Name=Player
[2015.08.27-20.54.18:100][  0]LogParticles: Destroying 0 GPU particle simulations for FXSystem 0x0000003B23F33560
[2015.08.27-20.54.18:109][  0]LogMemory: Platform Memory Stats for Windows
[2015.08.27-20.54.18:109][  0]LogMemory: Process Physical Memory: 335.14 MB used, 335.15 MB peak
[2015.08.27-20.54.18:109][  0]LogMemory: Process Virtual Memory: 372.57 MB used, 372.57 MB peak
[2015.08.27-20.54.18:109][  0]LogMemory: Physical Memory: 4172.70 MB used, 12270.70 MB total
[2015.08.27-20.54.18:109][  0]LogMemory: Virtual Memory: 890.61 MB used, 134217728.00 MB total
[2015.08.27-20.54.18:109][  0]LogMemory: 
[2015.08.27-20.54.18:109][  0]Allocator Stats for TBB: (not implemented)
[2015.08.27-20.54.19:043][  0]LogProperty:Warning: ERR: Transient text cannot be serialized "NewRotation Roll".
[2015.08.27-20.54.19:043][  0]LogProperty:Warning: ERR: Transient text cannot be serialized "NewRotation Yaw".
[2015.08.27-20.54.19:043][  0]LogProperty:Warning: ERR: Transient text cannot be serialized "NewRotation Pitch".
[2015.08.27-20.54.19:043][  0]LogProperty:Warning: ERR: Transient text cannot be serialized "NewRotation Roll".
[2015.08.27-20.54.19:043][  0]LogProperty:Warning: ERR: Transient text cannot be serialized "NewRotation Yaw".
[2015.08.27-20.54.19:043][  0]LogProperty:Warning: ERR: Transient text cannot be serialized "NewRotation Pitch".
[2015.08.27-20.54.19:098][  0]LogProperty:Warning: ERR: Transient text cannot be serialized "NewRotation Roll".
[2015.08.27-20.54.19:098][  0]LogProperty:Warning: ERR: Transient text cannot be serialized "NewRotation Yaw".
[2015.08.27-20.54.19:098][  0]LogProperty:Warning: ERR: Transient text cannot be serialized "NewRotation Pitch".
[2015.08.27-20.54.19:098][  0]LogProperty:Warning: ERR: Transient text cannot be serialized "NewRotation Roll".
[2015.08.27-20.54.19:098][  0]LogProperty:Warning: ERR: Transient text cannot be serialized "NewRotation Yaw".
[2015.08.27-20.54.19:098][  0]LogProperty:Warning: ERR: Transient text cannot be serialized "NewRotation Pitch".
[2015.08.27-20.54.19:984][  0]LogAIModule: Creating AISystem for world Testing_Level
[2015.08.27-20.54.19:984][  0]LogWorld: Game class is '2DSideScrollerGameMode_C'
[2015.08.27-20.54.20:041][  0]LogWorld: Bringing World /Temp/Autosaves/Game/NPOTG/Maps/UEDPCTesting_Level.Testing_Level up for play (max tick rate 0) at 2015.08.27-22.54.20
[2015.08.27-20.54.20:053][  0]LogWorld: Bringing up level for play took: 0.066674
[2015.08.27-20.54.20:057][  0]LogInit:Display: Game Engine Initialized.
[2015.08.27-20.54.20:282][  0]LogLoad: Full Startup: 8.19 seconds (BP compile: 1.00 seconds)
[2015.08.27-20.54.20:301][  0]LogContentStreaming: Texture pool size is 1000.000000MB
[2015.08.27-20.54.20:428][  0]LogRenderer: Reallocating scene render targets to support 1280x720 (Frame:2).
[2015.08.27-20.54.23:284][170]LogBlueprintUserMessages: 0.995275
[2015.08.27-20.54.23:284][170]LogBlueprintUserMessages: 0.995275
[2015.08.27-20.54.23:284][170]LogBlueprintUserMessages: 0.995275
[2015.08.27-20.54.23:284][170]LogBlueprintUserMessages: 0.995275
[2015.08.27-20.54.23:284][170]LogBlueprintUserMessages: 0.995275
[2015.08.27-20.54.23:300][171]LogBlueprintUserMessages: 0.999349
[2015.08.27-20.54.23:300][171]LogBlueprintUserMessages: 0.999349
[2015.08.27-20.54.23:300][171]LogBlueprintUserMessages: 0.999349
[2015.08.27-20.54.23:300][171]LogBlueprintUserMessages: 0.999349
[2015.08.27-20.54.23:300][171]LogBlueprintUserMessages: 0.999349
[2015.08.27-20.54.23:316][172]LogBlueprintUserMessages: 0.993972
[2015.08.27-20.54.23:316][172]LogBlueprintUserMessages: 0.993972
[2015.08.27-20.54.23:316][172]LogBlueprintUserMessages: 0.993972
[2015.08.27-20.54.23:316][172]LogBlueprintUserMessages: 0.993972
[2015.08.27-20.54.23:316][172]LogBlueprintUserMessages: 0.993972
[2015.08.27-20.54.26:276][355]LogBlueprintUserMessages: 0.007546
[2015.08.27-20.54.26:276][355]LogBlueprintUserMessages: 0.007546
[2015.08.27-20.54.26:276][355]LogBlueprintUserMessages: 0.007546
[2015.08.27-20.54.26:276][355]LogBlueprintUserMessages: 0.007546
[2015.08.27-20.54.26:276][355]LogBlueprintUserMessages: 0.007546
[2015.08.27-20.54.26:292][356]LogBlueprintUserMessages: 0.00217
[2015.08.27-20.54.26:292][356]LogBlueprintUserMessages: 0.00217
[2015.08.27-20.54.26:292][356]LogBlueprintUserMessages: 0.00217
[2015.08.27-20.54.26:292][356]LogBlueprintUserMessages: 0.00217
[2015.08.27-20.54.26:292][356]LogBlueprintUserMessages: 0.00217
[2015.08.27-20.54.26:308][357]LogBlueprintUserMessages: 0.0
[2015.08.27-20.54.26:308][357]LogBlueprintUserMessages: 0.0
[2015.08.27-20.54.26:308][357]LogBlueprintUserMessages: 0.003206
[2015.08.27-20.54.26:308][357]LogBlueprintUserMessages: 0.0
[2015.08.27-20.54.26:308][357]LogBlueprintUserMessages: 0.0
[2015.08.27-20.54.26:308][357]LogBlueprintUserMessages: 0.003206
[2015.08.27-20.54.26:308][357]LogBlueprintUserMessages: 0.0
[2015.08.27-20.54.26:308][357]LogBlueprintUserMessages: 0.0
[2015.08.27-20.54.26:308][357]LogBlueprintUserMessages: 0.003206
[2015.08.27-20.54.26:308][357]LogBlueprintUserMessages: 0.0
[2015.08.27-20.54.26:308][357]LogBlueprintUserMessages: 0.0
[2015.08.27-20.54.26:308][357]LogBlueprintUserMessages: 0.003206
[2015.08.27-20.54.26:308][357]LogBlueprintUserMessages: 0.0
[2015.08.27-20.54.26:308][357]LogBlueprintUserMessages: 0.0
[2015.08.27-20.54.26:308][357]LogBlueprintUserMessages: 0.003206
[2015.08.27-20.54.26:324][358]LogBlueprintUserMessages: 0.008583
[2015.08.27-20.54.26:324][358]LogBlueprintUserMessages: 0.008583
[2015.08.27-20.54.26:324][358]LogBlueprintUserMessages: 0.008583
[2015.08.27-20.54.26:324][358]LogBlueprintUserMessages: 0.008583
[2015.08.27-20.54.26:324][358]LogBlueprintUserMessages: 0.008583
[2015.08.27-20.54.29:275][541]LogBlueprintUserMessages: 0.992562
[2015.08.27-20.54.29:275][541]LogBlueprintUserMessages: 0.992562
[2015.08.27-20.54.29:276][541]LogBlueprintUserMessages: 0.992562
[2015.08.27-20.54.29:276][541]LogBlueprintUserMessages: 0.992562
[2015.08.27-20.54.29:291][542]LogBlueprintUserMessages: 0.997938
[2015.08.27-20.54.29:291][542]LogBlueprintUserMessages: 0.997938
[2015.08.27-20.54.29:291][542]LogBlueprintUserMessages: 0.997938
[2015.08.27-20.54.29:292][542]LogBlueprintUserMessages: 0.997938
[2015.08.27-20.54.29:307][543]LogBlueprintUserMessages: 0.996685
[2015.08.27-20.54.29:308][543]LogBlueprintUserMessages: 0.996685
[2015.08.27-20.54.29:308][543]LogBlueprintUserMessages: 0.996685
[2015.08.27-20.54.29:308][543]LogBlueprintUserMessages: 0.996685
[2015.08.27-20.54.29:324][544]LogBlueprintUserMessages: 0.991309
[2015.08.27-20.54.29:324][544]LogBlueprintUserMessages: 0.991309
[2015.08.27-20.54.29:324][544]LogBlueprintUserMessages: 0.991309
[2015.08.27-20.54.29:324][544]LogBlueprintUserMessages: 0.991309
[2015.08.27-20.54.30:534][619]LogBlueprintUserMessages: 0.990322
[2015.08.27-20.54.30:534][619]LogBlueprintUserMessages: 0.990322
[2015.08.27-20.54.30:534][619]LogBlueprintUserMessages: 0.980645
[2015.08.27-20.54.30:549][620]LogBlueprintUserMessages: 0.970967
[2015.08.27-20.54.30:565][621]LogBlueprintUserMessages: 0.96129
[2015.08.27-20.54.30:582][622]LogBlueprintUserMessages: 0.951612
[2015.08.27-20.54.30:598][623]LogBlueprintUserMessages: 0.941935
[2015.08.27-20.54.30:614][624]LogBlueprintUserMessages: 0.932193
[2015.08.27-20.54.30:630][625]LogBlueprintUserMessages: 0.922515
[2015.08.27-20.54.30:646][626]LogBlueprintUserMessages: 0.912838
[2015.08.27-20.54.30:662][627]LogBlueprintUserMessages: 0.90316
[2015.08.27-20.54.30:678][628]LogBlueprintUserMessages: 0.893483
[2015.08.27-20.54.30:695][629]LogBlueprintUserMessages: 0.883805
[2015.08.27-20.54.30:712][630]LogBlueprintUserMessages: 0.874124
[2015.08.27-20.54.30:728][631]LogBlueprintUserMessages: 0.864446
[2015.08.27-20.54.30:744][632]LogBlueprintUserMessages: 0.854769
[2015.08.27-20.54.30:760][633]LogBlueprintUserMessages: 0.845091
[2015.08.27-20.54.30:776][634]LogBlueprintUserMessages: 0.835414
[2015.08.27-20.54.30:792][635]LogBlueprintUserMessages: 0.825736
[2015.08.27-20.54.30:808][636]LogBlueprintUserMessages: 0.816059
[2015.08.27-20.54.30:824][637]LogBlueprintUserMessages: 0.806381
[2015.08.27-20.54.30:841][638]LogBlueprintUserMessages: 0.796704
[2015.08.27-20.54.30:857][639]LogBlueprintUserMessages: 0.787026
[2015.08.27-20.54.30:873][640]LogBlueprintUserMessages: 0.777349
[2015.08.27-20.54.30:889][641]LogBlueprintUserMessages: 0.767671
[2015.08.27-20.54.30:905][642]LogBlueprintUserMessages: 0.75799
[2015.08.27-20.54.30:921][643]LogBlueprintUserMessages: 0.748312
[2015.08.27-20.54.30:937][644]LogBlueprintUserMessages: 0.738635
[2015.08.27-20.54.30:954][645]LogBlueprintUserMessages: 0.728957
[2015.08.27-20.54.30:970][646]LogBlueprintUserMessages: 0.71928
[2015.08.27-20.54.30:986][647]LogBlueprintUserMessages: 0.709602
[2015.08.27-20.54.31:002][648]LogBlueprintUserMessages: 0.699925
[2015.08.27-20.54.31:018][649]LogBlueprintUserMessages: 0.690247
[2015.08.27-20.54.31:034][650]LogBlueprintUserMessages: 0.68057
[2015.08.27-20.54.31:050][651]LogBlueprintUserMessages: 0.670892
[2015.08.27-20.54.31:066][652]LogBlueprintUserMessages: 0.661215
[2015.08.27-20.54.31:082][653]LogBlueprintUserMessages: 0.651537
[2015.08.27-20.54.31:099][654]LogBlueprintUserMessages: 0.64186
[2015.08.27-20.54.31:115][655]LogBlueprintUserMessages: 0.632182
[2015.08.27-20.54.31:131][656]LogBlueprintUserMessages: 0.622505
[2015.08.27-20.54.31:147][657]LogBlueprintUserMessages: 0.612827
[2015.08.27-20.54.31:163][658]LogBlueprintUserMessages: 0.60315
[2015.08.27-20.54.31:179][659]LogBlueprintUserMessages: 0.593472
[2015.08.27-20.54.31:195][660]LogBlueprintUserMessages: 0.583794
[2015.08.27-20.54.31:211][661]LogBlueprintUserMessages: 0.574117
[2015.08.27-20.54.31:228][662]LogBlueprintUserMessages: 0.564439
[2015.08.27-20.54.31:244][663]LogBlueprintUserMessages: 0.554762
[2015.08.27-20.54.31:260][664]LogBlueprintUserMessages: 0.545084
[2015.08.27-20.54.31:276][665]LogBlueprintUserMessages: 0.535407
[2015.08.27-20.54.31:292][666]LogBlueprintUserMessages: 0.525729
[2015.08.27-20.54.31:308][667]LogBlueprintUserMessages: 0.516052
[2015.08.27-20.54.31:324][668]LogBlueprintUserMessages: 0.506374
[2015.08.27-20.54.31:340][669]LogBlueprintUserMessages: 0.496697
[2015.08.27-20.54.31:356][670]LogBlueprintUserMessages: 0.487019
[2015.08.27-20.54.31:373][671]LogBlueprintUserMessages: 0.477342
[2015.08.27-20.54.31:389][672]LogBlueprintUserMessages: 0.467664
[2015.08.27-20.54.31:405][673]LogBlueprintUserMessages: 0.457956
[2015.08.27-20.54.31:421][674]LogBlueprintUserMessages: 0.448279
[2015.08.27-20.54.31:437][675]LogBlueprintUserMessages: 0.438601
[2015.08.27-20.54.31:453][676]LogBlueprintUserMessages: 0.428924
[2015.08.27-20.54.31:469][677]LogBlueprintUserMessages: 0.419246
[2015.08.27-20.54.31:485][678]LogBlueprintUserMessages: 0.409569
[2015.08.27-20.54.31:502][679]LogBlueprintUserMessages: 0.399891
[2015.08.27-20.54.31:518][680]LogBlueprintUserMessages: 0.390214
[2015.08.27-20.54.31:534][681]LogBlueprintUserMessages: 0.380536
[2015.08.27-20.54.31:550][682]LogBlueprintUserMessages: 0.370859
[2015.08.27-20.54.31:566][683]LogBlueprintUserMessages: 0.361181
[2015.08.27-20.54.31:582][684]LogBlueprintUserMessages: 0.351504
[2015.08.27-20.54.31:598][685]LogBlueprintUserMessages: 0.341826
[2015.08.27-20.54.31:614][686]LogBlueprintUserMessages: 0.332149
[2015.08.27-20.54.31:631][687]LogBlueprintUserMessages: 0.322471
[2015.08.27-20.54.31:647][688]LogBlueprintUserMessages: 0.312794
[2015.08.27-20.54.31:663][689]LogBlueprintUserMessages: 0.303116
[2015.08.27-20.54.31:679][690]LogBlueprintUserMessages: 0.293439
[2015.08.27-20.54.31:695][691]LogBlueprintUserMessages: 0.283761
[2015.08.27-20.54.31:711][692]LogBlueprintUserMessages: 0.274084
[2015.08.27-20.54.31:727][693]LogBlueprintUserMessages: 0.264406
[2015.08.27-20.54.31:743][694]LogBlueprintUserMessages: 0.254728
[2015.08.27-20.54.31:744][694]LogBlueprintUserMessages: YO ICH DODGE GRADE
[2015.08.27-20.54.31:759][695]LogBlueprintUserMessages: 0.245051
[2015.08.27-20.54.31:759][695]LogBlueprintUserMessages: Gewonnen!
[2015.08.27-20.54.31:762][695]LogBlueprintUserMessages: YO ICH DODGE GRADE
[2015.08.27-20.54.31:776][696]LogBlueprintUserMessages: YO ICH DODGE GRADE
[2015.08.27-20.54.31:792][697]LogBlueprintUserMessages: YO ICH DODGE GRADE
[2015.08.27-20.54.31:808][698]LogBlueprintUserMessages: YO ICH DODGE GRADE
[2015.08.27-20.54.31:824][699]LogBlueprintUserMessages: YO ICH DODGE GRADE
[2015.08.27-20.54.32:276][727]LogBlueprintUserMessages: 0.007373
[2015.08.27-20.54.32:276][727]LogBlueprintUserMessages: 0.007373
[2015.08.27-20.54.32:276][727]LogBlueprintUserMessages: 0.007373
[2015.08.27-20.54.32:292][728]LogBlueprintUserMessages: 0.001997
[2015.08.27-20.54.32:292][728]LogBlueprintUserMessages: 0.001997
[2015.08.27-20.54.32:292][728]LogBlueprintUserMessages: 0.001997
[2015.08.27-20.54.32:308][729]LogBlueprintUserMessages: 0.0
[2015.08.27-20.54.32:308][729]LogBlueprintUserMessages: 0.0
[2015.08.27-20.54.32:308][729]LogBlueprintUserMessages: 0.00338
[2015.08.27-20.54.32:308][729]LogBlueprintUserMessages: 0.0
[2015.08.27-20.54.32:308][729]LogBlueprintUserMessages: 0.0
[2015.08.27-20.54.32:309][729]LogBlueprintUserMessages: 0.00338
[2015.08.27-20.54.32:309][729]LogBlueprintUserMessages: 0.0
[2015.08.27-20.54.32:309][729]LogBlueprintUserMessages: 0.0
[2015.08.27-20.54.32:309][729]LogBlueprintUserMessages: 0.00338
[2015.08.27-20.54.32:324][730]LogBlueprintUserMessages: 0.008756
[2015.08.27-20.54.32:324][730]LogBlueprintUserMessages: 0.008756
[2015.08.27-20.54.32:325][730]LogBlueprintUserMessages: 0.008756
[2015.08.27-20.54.35:276][913]LogBlueprintUserMessages: 0.992643
[2015.08.27-20.54.35:276][913]LogBlueprintUserMessages: 0.992643
[2015.08.27-20.54.35:292][914]LogBlueprintUserMessages: 0.99802
[2015.08.27-20.54.35:292][914]LogBlueprintUserMessages: 0.99802
[2015.08.27-20.54.35:308][915]LogBlueprintUserMessages: 0.996604
[2015.08.27-20.54.35:308][915]LogBlueprintUserMessages: 0.996604
[2015.08.27-20.54.35:324][916]LogBlueprintUserMessages: 0.991228
[2015.08.27-20.54.35:325][916]LogBlueprintUserMessages: 0.991228
[2015.08.27-20.54.36:986][ 19]LogBlueprintUserMessages: 0.990322
[2015.08.27-20.54.36:986][ 19]LogBlueprintUserMessages: 0.990322
[2015.08.27-20.54.36:986][ 19]LogBlueprintUserMessages: 0.980645
[2015.08.27-20.54.37:002][ 20]LogBlueprintUserMessages: 0.970967
[2015.08.27-20.54.37:018][ 21]LogBlueprintUserMessages: 0.96129
[2015.08.27-20.54.37:034][ 22]LogBlueprintUserMessages: 0.951612
[2015.08.27-20.54.37:050][ 23]LogBlueprintUserMessages: 0.941935
[2015.08.27-20.54.37:066][ 24]LogBlueprintUserMessages: 0.932257
[2015.08.27-20.54.37:082][ 25]LogBlueprintUserMessages: 0.922572
[2015.08.27-20.54.37:099][ 26]LogBlueprintUserMessages: 0.912894
[2015.08.27-20.54.37:115][ 27]LogBlueprintUserMessages: 0.903217
[2015.08.27-20.54.37:131][ 28]LogBlueprintUserMessages: 0.893539
[2015.08.27-20.54.37:147][ 29]LogBlueprintUserMessages: 0.883862
[2015.08.27-20.54.37:163][ 30]LogBlueprintUserMessages: 0.874184
[2015.08.27-20.54.37:179][ 31]LogBlueprintUserMessages: 0.864507
[2015.08.27-20.54.37:195][ 32]LogBlueprintUserMessages: 0.854829
[2015.08.27-20.54.37:211][ 33]LogBlueprintUserMessages: 0.845152
[2015.08.27-20.54.37:228][ 34]LogBlueprintUserMessages: 0.835474
[2015.08.27-20.54.37:244][ 35]LogBlueprintUserMessages: 0.825795
[2015.08.27-20.54.37:260][ 36]LogBlueprintUserMessages: 0.816117
[2015.08.27-20.54.37:276][ 37]LogBlueprintUserMessages: 0.80644
[2015.08.27-20.54.37:292][ 38]LogBlueprintUserMessages: 0.796762
[2015.08.27-20.54.37:308][ 39]LogBlueprintUserMessages: 0.787085
[2015.08.27-20.54.37:324][ 40]LogBlueprintUserMessages: 0.777407
[2015.08.27-20.54.37:340][ 41]LogBlueprintUserMessages: 0.76773
[2015.08.27-20.54.37:356][ 42]LogBlueprintUserMessages: 0.758052
[2015.08.27-20.54.37:373][ 43]LogBlueprintUserMessages: 0.748375
[2015.08.27-20.54.37:389][ 44]LogBlueprintUserMessages: 0.738697
[2015.08.27-20.54.37:405][ 45]LogBlueprintUserMessages: 0.72902
[2015.08.27-20.54.37:421][ 46]LogBlueprintUserMessages: 0.719342
[2015.08.27-20.54.37:437][ 47]LogBlueprintUserMessages: 0.709665
[2015.08.27-20.54.37:453][ 48]LogBlueprintUserMessages: 0.699987
[2015.08.27-20.54.37:469][ 49]LogBlueprintUserMessages: 0.69031
[2015.08.27-20.54.37:485][ 50]LogBlueprintUserMessages: 0.680632
[2015.08.27-20.54.37:502][ 51]LogBlueprintUserMessages: 0.670955
[2015.08.27-20.54.37:518][ 52]LogBlueprintUserMessages: 0.661277
[2015.08.27-20.54.37:534][ 53]LogBlueprintUserMessages: 0.6516
[2015.08.27-20.54.37:550][ 54]LogBlueprintUserMessages: 0.641922
[2015.08.27-20.54.37:566][ 55]LogBlueprintUserMessages: 0.632245
[2015.08.27-20.54.37:582][ 56]LogBlueprintUserMessages: 0.622567
[2015.08.27-20.54.37:598][ 57]LogBlueprintUserMessages: 0.61289
[2015.08.27-20.54.37:614][ 58]LogBlueprintUserMessages: 0.603212
[2015.08.27-20.54.37:630][ 59]LogBlueprintUserMessages: 0.593535
[2015.08.27-20.54.37:647][ 60]LogBlueprintUserMessages: 0.583857
[2015.08.27-20.54.37:663][ 61]LogBlueprintUserMessages: 0.57418
[2015.08.27-20.54.37:679][ 62]LogBlueprintUserMessages: 0.564502
[2015.08.27-20.54.37:695][ 63]LogBlueprintUserMessages: 0.554825
[2015.08.27-20.54.37:711][ 64]LogBlueprintUserMessages: 0.545147
[2015.08.27-20.54.37:727][ 65]LogBlueprintUserMessages: 0.53547
[2015.08.27-20.54.37:744][ 66]LogBlueprintUserMessages: 0.525792
[2015.08.27-20.54.37:759][ 67]LogBlueprintUserMessages: 0.516115
[2015.08.27-20.54.37:776][ 68]LogBlueprintUserMessages: 0.506437
[2015.08.27-20.54.37:791][ 69]LogBlueprintUserMessages: 0.49676
[2015.08.27-20.54.37:809][ 70]LogBlueprintUserMessages: 0.487082
[2015.08.27-20.54.37:824][ 71]LogBlueprintUserMessages: 0.477405
[2015.08.27-20.54.37:840][ 72]LogBlueprintUserMessages: 0.467727
[2015.08.27-20.54.37:856][ 73]LogBlueprintUserMessages: 0.45805
[2015.08.27-20.54.37:872][ 74]LogBlueprintUserMessages: 0.448372
[2015.08.27-20.54.37:889][ 75]LogBlueprintUserMessages: 0.438695
[2015.08.27-20.54.37:905][ 76]LogBlueprintUserMessages: 0.429017
[2015.08.27-20.54.37:920][ 77]LogBlueprintUserMessages: 0.41934
[2015.08.27-20.54.37:937][ 78]LogBlueprintUserMessages: 0.409662
[2015.08.27-20.54.37:954][ 79]LogBlueprintUserMessages: 0.399985
[2015.08.27-20.54.37:970][ 80]LogBlueprintUserMessages: 0.390303
[2015.08.27-20.54.37:986][ 81]LogBlueprintUserMessages: 0.380625
[2015.08.27-20.54.38:002][ 82]LogBlueprintUserMessages: 0.370947
[2015.08.27-20.54.38:018][ 83]LogBlueprintUserMessages: 0.36127
[2015.08.27-20.54.38:034][ 84]LogBlueprintUserMessages: 0.351592
[2015.08.27-20.54.38:050][ 85]LogBlueprintUserMessages: 0.341914
[2015.08.27-20.54.38:067][ 86]LogBlueprintUserMessages: 0.332237
[2015.08.27-20.54.38:083][ 87]LogBlueprintUserMessages: 0.322559
[2015.08.27-20.54.38:099][ 88]LogBlueprintUserMessages: 0.312882
[2015.08.27-20.54.38:115][ 89]LogBlueprintUserMessages: 0.303201
[2015.08.27-20.54.38:131][ 90]LogBlueprintUserMessages: 0.293524
[2015.08.27-20.54.38:147][ 91]LogBlueprintUserMessages: 0.283846
[2015.08.27-20.54.38:163][ 92]LogBlueprintUserMessages: 0.274169
[2015.08.27-20.54.38:179][ 93]LogBlueprintUserMessages: 0.264491
[2015.08.27-20.54.38:195][ 94]LogBlueprintUserMessages: 0.254814
[2015.08.27-20.54.38:212][ 95]LogBlueprintUserMessages: 0.245136
[2015.08.27-20.54.38:212][ 95]LogBlueprintUserMessages: YO ICH DODGE GRADE
[2015.08.27-20.54.38:228][ 96]LogBlueprintUserMessages: 0.235459
[2015.08.27-20.54.38:228][ 96]LogBlueprintUserMessages: Gewonnen!
[2015.08.27-20.54.38:228][ 96]LogBlueprintUserMessages: YO ICH DODGE GRADE
[2015.08.27-20.54.38:244][ 97]LogBlueprintUserMessages: YO ICH DODGE GRADE
[2015.08.27-20.54.38:260][ 98]LogBlueprintUserMessages: YO ICH DODGE GRADE
[2015.08.27-20.54.38:276][ 99]LogBlueprintUserMessages: 0.007342
[2015.08.27-20.54.38:276][ 99]LogBlueprintUserMessages: YO ICH DODGE GRADE
[2015.08.27-20.54.38:292][100]LogBlueprintUserMessages: 0.001966
[2015.08.27-20.54.38:292][100]LogBlueprintUserMessages: YO ICH DODGE GRADE
[2015.08.27-20.54.38:309][101]LogBlueprintUserMessages: 0.0
[2015.08.27-20.54.38:309][101]LogBlueprintUserMessages: 0.0
[2015.08.27-20.54.38:309][101]LogBlueprintUserMessages: 0.003411
[2015.08.27-20.54.38:325][102]LogBlueprintUserMessages: 0.008787
[2015.08.27-20.54.41:276][285]LogBlueprintUserMessages: 0.992705
[2015.08.27-20.54.41:292][286]LogBlueprintUserMessages: 0.990322
[2015.08.27-20.54.41:292][286]LogBlueprintUserMessages: 0.990322
[2015.08.27-20.54.41:292][286]LogBlueprintUserMessages: 0.980645
[2015.08.27-20.54.41:308][287]LogBlueprintUserMessages: 0.970967
[2015.08.27-20.54.41:324][288]LogBlueprintUserMessages: 0.96129
[2015.08.27-20.54.41:340][289]LogBlueprintUserMessages: 0.951612
[2015.08.27-20.54.41:357][290]LogBlueprintUserMessages: 0.941935
[2015.08.27-20.54.41:373][291]LogBlueprintUserMessages: 0.932257
[2015.08.27-20.54.41:389][292]LogBlueprintUserMessages: 0.92258
[2015.08.27-20.54.41:405][293]LogBlueprintUserMessages: 0.912902
[2015.08.27-20.54.41:421][294]LogBlueprintUserMessages: 0.903225
[2015.08.27-20.54.41:437][295]LogBlueprintUserMessages: 0.893547
[2015.08.27-20.54.41:453][296]LogBlueprintUserMessages: 0.88387
[2015.08.27-20.54.41:469][297]LogBlueprintUserMessages: 0.874192
[2015.08.27-20.54.41:485][298]LogBlueprintUserMessages: 0.864515
[2015.08.27-20.54.41:502][299]LogBlueprintUserMessages: 0.854837
[2015.08.27-20.54.41:518][300]LogBlueprintUserMessages: 0.84516
[2015.08.27-20.54.41:534][301]LogBlueprintUserMessages: 0.835482
[2015.08.27-20.54.41:551][302]LogBlueprintUserMessages: 0.825805
[2015.08.27-20.54.41:567][303]LogBlueprintUserMessages: 0.816127
[2015.08.27-20.54.41:583][304]LogBlueprintUserMessages: 0.80645
[2015.08.27-20.54.41:599][305]LogBlueprintUserMessages: 0.796772
[2015.08.27-20.54.41:615][306]LogBlueprintUserMessages: 0.787093
[2015.08.27-20.54.41:631][307]LogBlueprintUserMessages: 0.777416
[2015.08.27-20.54.41:647][308]LogBlueprintUserMessages: 0.767738
[2015.08.27-20.54.41:663][309]LogBlueprintUserMessages: 0.758061
[2015.08.27-20.54.41:679][310]LogBlueprintUserMessages: 0.748383
[2015.08.27-20.54.41:696][311]LogBlueprintUserMessages: 0.738706
[2015.08.27-20.54.41:711][312]LogBlueprintUserMessages: 0.729028
[2015.08.27-20.54.41:728][313]LogBlueprintUserMessages: 0.71935
[2015.08.27-20.54.41:743][314]LogBlueprintUserMessages: 0.709673
[2015.08.27-20.54.41:759][315]LogBlueprintUserMessages: 0.699995
[2015.08.27-20.54.41:775][316]LogBlueprintUserMessages: 0.690318
[2015.08.27-20.54.41:792][317]LogBlueprintUserMessages: 0.68064
[2015.08.27-20.54.41:808][318]LogBlueprintUserMessages: 0.670963
[2015.08.27-20.54.41:824][319]LogBlueprintUserMessages: 0.661285
[2015.08.27-20.54.41:840][320]LogBlueprintUserMessages: 0.651608
[2015.08.27-20.54.41:856][321]LogBlueprintUserMessages: 0.64193
[2015.08.27-20.54.41:873][322]LogBlueprintUserMessages: 0.632253
[2015.08.27-20.54.41:889][323]LogBlueprintUserMessages: 0.622575
[2015.08.27-20.54.41:905][324]LogBlueprintUserMessages: 0.612898
[2015.08.27-20.54.41:922][325]LogBlueprintUserMessages: 0.60322
[2015.08.27-20.54.41:938][326]LogBlueprintUserMessages: 0.593543
[2015.08.27-20.54.41:954][327]LogBlueprintUserMessages: 0.583865
[2015.08.27-20.54.41:970][328]LogBlueprintUserMessages: 0.574188
[2015.08.27-20.54.41:986][329]LogBlueprintUserMessages: 0.564507
[2015.08.27-20.54.42:002][330]LogBlueprintUserMessages: 0.55483
[2015.08.27-20.54.42:018][331]LogBlueprintUserMessages: 0.545152
[2015.08.27-20.54.42:034][332]LogBlueprintUserMessages: 0.535475
[2015.08.27-20.54.42:051][333]LogBlueprintUserMessages: 0.525797
[2015.08.27-20.54.42:067][334]LogBlueprintUserMessages: 0.51612
[2015.08.27-20.54.42:083][335]LogBlueprintUserMessages: 0.506442
[2015.08.27-20.54.42:099][336]LogBlueprintUserMessages: 0.496765
[2015.08.27-20.54.42:115][337]LogBlueprintUserMessages: 0.487087
[2015.08.27-20.54.42:131][338]LogBlueprintUserMessages: 0.47741
[2015.08.27-20.54.42:147][339]LogBlueprintUserMessages: 0.467732
[2015.08.27-20.54.42:163][340]LogBlueprintUserMessages: 0.458055
[2015.08.27-20.54.42:179][341]LogBlueprintUserMessages: 0.448377
[2015.08.27-20.54.42:196][342]LogBlueprintUserMessages: 0.4387
[2015.08.27-20.54.42:212][343]LogBlueprintUserMessages: 0.429022
[2015.08.27-20.54.42:228][344]LogBlueprintUserMessages: 0.419345
[2015.08.27-20.54.42:244][345]LogBlueprintUserMessages: 0.409667
[2015.08.27-20.54.42:260][346]LogBlueprintUserMessages: 0.39999
[2015.08.27-20.54.42:276][347]LogBlueprintUserMessages: 0.390312
[2015.08.27-20.54.42:292][348]LogBlueprintUserMessages: 0.380635
[2015.08.27-20.54.42:308][349]LogBlueprintUserMessages: 0.370957
[2015.08.27-20.54.42:325][350]LogBlueprintUserMessages: 0.36128
[2015.08.27-20.54.42:341][351]LogBlueprintUserMessages: 0.351602
[2015.08.27-20.54.42:357][352]LogBlueprintUserMessages: 0.341924
[2015.08.27-20.54.42:373][353]LogBlueprintUserMessages: 0.332246
[2015.08.27-20.54.42:389][354]LogBlueprintUserMessages: 0.322569
[2015.08.27-20.54.42:405][355]LogBlueprintUserMessages: 0.312891
[2015.08.27-20.54.42:421][356]LogBlueprintUserMessages: 0.303214
[2015.08.27-20.54.42:437][357]LogBlueprintUserMessages: 0.293536
[2015.08.27-20.54.42:453][358]LogBlueprintUserMessages: 0.283859
[2015.08.27-20.54.42:470][359]LogBlueprintUserMessages: 0.274181
[2015.08.27-20.54.42:486][360]LogBlueprintUserMessages: 0.264504
[2015.08.27-20.54.42:486][360]LogBlueprintUserMessages: YO ICH DODGE GRADE
[2015.08.27-20.54.42:502][361]LogBlueprintUserMessages: 0.254826
[2015.08.27-20.54.42:502][361]LogBlueprintUserMessages: Gewonnen!
[2015.08.27-20.54.42:502][361]LogBlueprintUserMessages: YO ICH DODGE GRADE
[2015.08.27-20.54.42:518][362]LogBlueprintUserMessages: YO ICH DODGE GRADE
[2015.08.27-20.54.42:534][363]LogBlueprintUserMessages: YO ICH DODGE GRADE
[2015.08.27-20.54.42:550][364]LogBlueprintUserMessages: YO ICH DODGE GRADE
[2015.08.27-20.54.56:325][218]Closing by request
[2015.08.27-20.54.56:325][218]LogWindows: FPlatformMisc::RequestExit(0)
[2015.08.27-20.54.56:976][219]LogWindowsTextInputMethodSystem:Display: IME system now deactivated.
[2015.08.27-20.54.56:982][219]LogExit: Preparing to exit.
[2015.08.27-20.54.57:064][219]LogExit: Game engine shut down
[2015.08.27-20.54.57:068][219]LogParticles: Destroying 0 GPU particle simulations for FXSystem 0x0000003B254B07C0
[2015.08.27-20.54.57:267][219]LogExit: Object subsystem successfully closed.
[2015.08.27-20.54.57:283][219]LogD3D11RHI: Shutdown
[2015.08.27-20.54.57:283][219]LogD3D11RHI: CleanupD3DDevice
[2015.08.27-20.54.57:453][219]LogD3D11RHI: ~FD3D11DynamicRHI
[2015.08.27-20.54.57:467][219]LogModuleManager: Shutting down and abandoning module AndroidDeviceDetection (109)
[2015.08.27-20.54.58:315][219]LogModuleManager: Shutting down and abandoning module AutomationWorker (108)
[2015.08.27-20.54.58:315][219]LogModuleManager: Shutting down and abandoning module CharacterAI (107)
[2015.08.27-20.54.58:315][219]LogModuleManager: Shutting down and abandoning module AITestSuite (106)
[2015.08.27-20.54.58:315][219]LogModuleManager: Shutting down and abandoning module GameplayDebugger (105)
[2015.08.27-20.54.58:315][219]LogModuleManager: Shutting down and abandoning module AIModule (104)
[2015.08.27-20.54.58:315][219]LogModuleManager: Shutting down and abandoning module GameLiveStreaming (103)
[2015.08.27-20.54.58:315][219]LogModuleManager: Shutting down and abandoning module StreamingPauseRendering (102)
[2015.08.27-20.54.58:315][219]LogModuleManager: Shutting down and abandoning module ProfilerService (101)
[2015.08.27-20.54.58:448][219]LogModuleManager: Shutting down and abandoning module TaskGraph (100)
[2015.08.27-20.54.58:448][219]LogModuleManager: Shutting down and abandoning module SlateRemote (99)
[2015.08.27-20.54.58:448][219]LogModuleManager: Shutting down and abandoning module SteamVRController (98)
[2015.08.27-20.54.58:448][219]LogModuleManager: Shutting down and abandoning module SteamVR (97)
[2015.08.27-20.54.58:448][219]LogModuleManager: Shutting down and abandoning module ProceduralMeshComponent (96)
[2015.08.27-20.54.58:448][219]LogModuleManager: Shutting down and abandoning module OculusRift (95)
[2015.08.27-20.54.58:448][219]LogModuleManager: Shutting down and abandoning module LeapMotionController (94)
[2015.08.27-20.54.58:458][219]LogModuleManager: Shutting down and abandoning module CustomMeshComponent (93)
[2015.08.27-20.54.58:458][219]LogModuleManager: Shutting down and abandoning module CableComponent (92)
[2015.08.27-20.54.58:458][219]LogModuleManager: Shutting down and abandoning module DesktopPlatform (91)
[2015.08.27-20.54.58:458][219]LogModuleManager: Shutting down and abandoning module DirectoryWatcher (90)
[2015.08.27-20.54.58:458][219]LogModuleManager: Shutting down and abandoning module HotReload (89)
[2015.08.27-20.54.58:458][219]LogModuleManager: Shutting down and abandoning module VisualStudioSourceCodeAccess (88)
[2015.08.27-20.54.58:459][219]LogModuleManager: Shutting down and abandoning module UObjectPlugin (87)
[2015.08.27-20.54.58:459][219]LogModuleManager: Shutting down and abandoning module SubversionSourceControl (86)
[2015.08.27-20.54.58:459][219]LogModuleManager: Shutting down and abandoning module SourceControl (85)
[2015.08.27-20.54.58:459][219]LogModuleManager: Shutting down and abandoning module PerforceSourceControl (84)
[2015.08.27-20.54.58:459][219]LogModuleManager: Shutting down and abandoning module BlankPlugin (83)
[2015.08.27-20.54.58:459][219]LogModuleManager: Shutting down and abandoning module UdpMessaging (82)
[2015.08.27-20.54.58:459][219]LogModuleManager: Shutting down and abandoning module AssetRegistry (81)
[2015.08.27-20.54.58:459][219]LogModuleManager: Shutting down and abandoning module SubstanceCore (80)
[2015.08.27-20.54.58:459][219]LogModuleManager: Shutting down and abandoning module Paper2D (79)
[2015.08.27-20.54.58:459][219]LogModuleManager: Shutting down and abandoning module WindowsMoviePlayer (78)
[2015.08.27-20.54.58:461][219]LogModuleManager: Shutting down and abandoning module Media (77)
[2015.08.27-20.54.58:461][219]LogModuleManager: Shutting down and abandoning module WmfMedia (76)
[2015.08.27-20.54.58:463][219]LogModuleManager: Shutting down and abandoning module OnlineBlueprintSupport (75)
[2015.08.27-20.54.58:463][219]LogModuleManager: Shutting down and abandoning module PropertyEditor (74)
[2015.08.27-20.54.58:463][219]LogModuleManager: Shutting down and abandoning module BehaviorTreeEditor (73)
[2015.08.27-20.54.58:463][219]LogModuleManager: Shutting down and abandoning module FunctionalTesting (72)
[2015.08.27-20.54.58:463][219]LogModuleManager: Shutting down and abandoning module CollisionAnalyzer (71)
[2015.08.27-20.54.58:463][219]LogModuleManager: Shutting down and abandoning module WorkspaceMenuStructure (70)
[2015.08.27-20.54.58:463][219]LogModuleManager: Shutting down and abandoning module MessageLog (69)
[2015.08.27-20.54.58:463][219]LogModuleManager: Shutting down and abandoning module Sequencer (68)
[2015.08.27-20.54.58:463][219]LogModuleManager: Shutting down and abandoning module AssetTools (67)
[2015.08.27-20.54.58:463][219]LogModuleManager: Shutting down and abandoning module UMGEditor (66)
[2015.08.27-20.54.58:463][219]LogModuleManager: Shutting down and abandoning module UMG (65)
[2015.08.27-20.54.58:463][219]LogModuleManager: Shutting down and abandoning module Slate (64)
[2015.08.27-20.54.58:463][219]LogModuleManager: Shutting down and abandoning module EditorStyle (63)
[2015.08.27-20.54.58:466][219]LogModuleManager: Shutting down and abandoning module SessionServices (62)
[2015.08.27-20.54.58:466][219]LogModuleManager: Shutting down and abandoning module SourceCodeAccess (61)
[2015.08.27-20.54.58:466][219]LogModuleManager: Shutting down and abandoning module HeadMountedDisplay (60)
[2015.08.27-20.54.58:466][219]LogModuleManager: Shutting down and abandoning module XAudio2 (59)
[2015.08.27-20.54.58:466][219]LogModuleManager: Shutting down and abandoning module Networking (57)
[2015.08.27-20.54.58:466][219]LogModuleManager: Shutting down and abandoning module Core (56)
[2015.08.27-20.54.58:466][219]LogModuleManager: Shutting down and abandoning module KismetCompiler (55)
[2015.08.27-20.54.58:466][219]LogModuleManager: Shutting down and abandoning module PhysXFormats (54)
[2015.08.27-20.54.58:466][219]LogModuleManager: Shutting down and abandoning module MeshUtilities (53)
[2015.08.27-20.54.58:466][219]LogModuleManager: Shutting down and abandoning module DerivedDataCache (52)
[2015.08.27-20.54.58:866][219]LogDerivedDataCache: Shutdown
[2015.08.27-20.54.58:866][219]LogModuleManager: Shutting down and abandoning module ShaderFormatOpenGL (51)
[2015.08.27-20.54.58:866][219]LogModuleManager: Shutting down and abandoning module ShaderFormatD3D (50)
[2015.08.27-20.54.58:866][219]LogModuleManager: Shutting down and abandoning module MetalShaderFormat (49)
[2015.08.27-20.54.58:866][219]LogModuleManager: Shutting down and abandoning module TextureFormatUncompressed (48)
[2015.08.27-20.54.58:866][219]LogModuleManager: Shutting down and abandoning module TextureFormatPVR (47)
[2015.08.27-20.54.58:866][219]LogModuleManager: Shutting down and abandoning module TextureFormatIntelISPCTexComp (46)
[2015.08.27-20.54.58:866][219]LogModuleManager: Shutting down and abandoning module TextureFormatDXT (45)
[2015.08.27-20.54.58:866][219]LogModuleManager: Shutting down and abandoning module ImageWrapper (44)
[2015.08.27-20.54.58:866][219]LogModuleManager: Shutting down and abandoning module TextureFormatASTC (43)
[2015.08.27-20.54.58:866][219]LogModuleManager: Shutting down and abandoning module TextureFormatAndroid (42)
[2015.08.27-20.54.58:866][219]LogModuleManager: Shutting down and abandoning module AudioFormatOpus (41)
[2015.08.27-20.54.58:866][219]LogModuleManager: Shutting down and abandoning module AudioFormatOgg (40)
[2015.08.27-20.54.58:866][219]LogModuleManager: Shutting down and abandoning module AudioFormatADPCM (39)
[2015.08.27-20.54.58:866][219]LogModuleManager: Shutting down and abandoning module LinuxTargetPlatform (38)
[2015.08.27-20.54.58:866][219]LogModuleManager: Shutting down and abandoning module LinuxServerTargetPlatform (37)
[2015.08.27-20.54.58:866][219]LogModuleManager: Shutting down and abandoning module LinuxNoEditorTargetPlatform (36)
[2015.08.27-20.54.58:866][219]LogModuleManager: Shutting down and abandoning module Messaging (35)
[2015.08.27-20.54.58:866][219]LogModuleManager: Shutting down and abandoning module IOSTargetPlatform (34)
[2015.08.27-20.54.58:866][219]LogModuleManager: Shutting down and abandoning module HTML5TargetPlatform (33)
[2015.08.27-20.54.58:866][219]LogModuleManager: Shutting down and abandoning module Android_PVRTCTargetPlatform (32)
[2015.08.27-20.54.58:866][219]LogModuleManager: Shutting down and abandoning module Android_ETC2TargetPlatform (31)
[2015.08.27-20.54.58:866][219]LogModuleManager: Shutting down and abandoning module Android_ETC1TargetPlatform (30)
[2015.08.27-20.54.58:866][219]LogModuleManager: Shutting down and abandoning module Android_DXTTargetPlatform (29)
[2015.08.27-20.54.58:866][219]LogModuleManager: Shutting down and abandoning module Android_ATCTargetPlatform (28)
[2015.08.27-20.54.58:866][219]LogModuleManager: Shutting down and abandoning module Android_ASTCTargetPlatform (27)
[2015.08.27-20.54.58:866][219]LogModuleManager: Shutting down and abandoning module AndroidTargetPlatform (26)
[2015.08.27-20.54.58:866][219]LogModuleManager: Shutting down and abandoning module WindowsTargetPlatform (25)
[2015.08.27-20.54.58:866][219]LogModuleManager: Shutting down and abandoning module WindowsServerTargetPlatform (24)
[2015.08.27-20.54.58:866][219]LogModuleManager: Shutting down and abandoning module WindowsNoEditorTargetPlatform (23)
[2015.08.27-20.54.58:866][219]LogModuleManager: Shutting down and abandoning module WindowsClientTargetPlatform (22)
[2015.08.27-20.54.58:866][219]LogModuleManager: Shutting down and abandoning module DesktopTargetPlatform (21)
[2015.08.27-20.54.58:866][219]LogModuleManager: Shutting down and abandoning module TargetPlatform (20)
[2015.08.27-20.54.58:866][219]LogModuleManager: Shutting down and abandoning module InputCore (19)
[2015.08.27-20.54.58:866][219]LogModuleManager: Shutting down and abandoning module Settings (18)
[2015.08.27-20.54.58:866][219]LogModuleManager: Shutting down and abandoning module OnlineSubsystem (16)
[2015.08.27-20.54.58:866][219]LogModuleManager: Shutting down and abandoning module HTTP (15)
[2015.08.27-20.54.58:866][219]LogModuleManager: Shutting down and abandoning module ExampleDeviceProfileSelector (14)
[2015.08.27-20.54.58:866][219]LogModuleManager: Shutting down and abandoning module TextureCompressor (13)
[2015.08.27-20.54.58:866][219]LogModuleManager: Shutting down and abandoning module ShaderCore (12)
[2015.08.27-20.54.58:866][219]LogModuleManager: Shutting down and abandoning module Landscape (11)
[2015.08.27-20.54.58:866][219]LogModuleManager: Shutting down and abandoning module SlateRHIRenderer (10)
[2015.08.27-20.54.58:867][219]LogModuleManager: Shutting down and abandoning module OpenGLDrv (9)
[2015.08.27-20.54.58:867][219]LogModuleManager: Shutting down and abandoning module D3D11RHI (8)
[2015.08.27-20.54.58:867][219]LogModuleManager: Shutting down and abandoning module Renderer (7)
[2015.08.27-20.54.58:867][219]LogModuleManager: Shutting down and abandoning module Engine (6)
[2015.08.27-20.54.58:867][219]LogModuleManager: Shutting down and abandoning module CoreUObject (5)
[2015.08.27-20.54.58:867][219]LogModuleManager: Shutting down and abandoning module NetworkFile (4)
[2015.08.27-20.54.58:867][219]LogModuleManager: Shutting down and abandoning module StreamingFile (3)
[2015.08.27-20.54.58:867][219]LogModuleManager: Shutting down and abandoning module SandboxFile (2)
[2015.08.27-20.54.58:867][219]LogModuleManager: Shutting down and abandoning module PakFile (1)
[2015.08.27-20.54.58:867][219]LogExit: Exiting.
[2015.08.27-20.54.58:869][219]Log file closed, 08/27/15 22:54:58
