[2015.08.30-17.26.35:427][  0]Log file open, 08/30/15 19:26:35
[2015.08.30-17.26.35:427][  0]LogInit:Display: Running engine for game: NotPartofGame
[2015.08.30-17.26.35:427][  0]LogInit:Display: RandInit(-1281204924) SRandInit(-1281204924).
[2015.08.30-17.26.35:427][  0]LogTaskGraph: Started task graph with 4 named threads and 7 total threads.
[2015.08.30-17.26.35:427][  0]LogStats: Stats thread started
[2015.08.30-17.26.35:427][  0]LogInit: Version: 4.8.3-2634408+++depot+UE4-Releases+4.8
[2015.08.30-17.26.35:427][  0]LogInit: API Version: 2579680
[2015.08.30-17.26.35:428][  0]LogInit: Compiled (64-bit): Jul 27 2015 16:24:33
[2015.08.30-17.26.35:428][  0]LogInit: Compiled with Visual C++: 18.00.21005.01
[2015.08.30-17.26.35:428][  0]LogInit: Build Configuration: Development
[2015.08.30-17.26.35:428][  0]LogInit: Branch Name: ++depot+UE4-Releases+4.8
[2015.08.30-17.26.35:428][  0]LogInit: Command line:  /Temp/Autosaves/Game/NPOTG/Maps/UEDPCTesting_Level -game -PIEVIACONSOLE -ResX=1280 -ResY=720  -Multiprocess 
[2015.08.30-17.26.35:428][  0]LogInit: Base directory: C:/Users/Bodoo/Documents/Programmieren/4.8/Engine/Binaries/Win64/
[2015.08.30-17.26.35:428][  0]LogInit: Rocket: 1
[2015.08.30-17.26.35:450][  0]LogInit: Using libcurl 7.41.0
[2015.08.30-17.26.35:450][  0]LogInit:  - built for x86_64-pc-win32
[2015.08.30-17.26.35:450][  0]LogInit:  - supports SSL with WinSSL
[2015.08.30-17.26.35:450][  0]LogInit:  - other features:
[2015.08.30-17.26.35:450][  0]LogInit:      CURL_VERSION_SSL
[2015.08.30-17.26.35:450][  0]LogInit:      CURL_VERSION_IPV6
[2015.08.30-17.26.35:450][  0]LogInit:      CURL_VERSION_ASYNCHDNS
[2015.08.30-17.26.35:450][  0]LogInit:      CURL_VERSION_LARGEFILE
[2015.08.30-17.26.35:450][  0]LogInit:      CURL_VERSION_IDN
[2015.08.30-17.26.35:450][  0]LogInit:  CurlRequestOptions (configurable via config and command line):
[2015.08.30-17.26.35:450][  0]LogInit:  - bVerifyPeer = true  - Libcurl will verify peer certificate
[2015.08.30-17.26.35:450][  0]LogInit:  - bUseHttpProxy = false  - Libcurl will NOT use HTTP proxy
[2015.08.30-17.26.35:450][  0]LogInit:  - bDontReuseConnections = false  - Libcurl will reuse connections
[2015.08.30-17.26.35:450][  0]LogInit:  - CertBundlePath = nullptr  - Libcurl will use whatever was configured at build time.
[2015.08.30-17.26.35:470][  0]LogOnline:Warning: No default platform service specified for OnlineSubsystem
[2015.08.30-17.26.35:487][  0]LogInit: Presizing for 0 objects not considered by GC, pre-allocating 0 bytes.
[2015.08.30-17.26.35:496][  0]LogInit: Object subsystem initialized
[2015.08.30-17.26.35:497][  0]LogConsoleResponse:Warning: Skipping Unknown console variable: 'UIScaleCurve = (EditorCurveData=(Keys=((Time=480.000000,Value=0.444000),(Time=720.000000,Value=0.666000),(Time=1080.000000,Value=1.000000),(Time=8640.000000,Value=8.000000))),ExternalCurve=None)'
[2015.08.30-17.26.35:497][  0]LogConsoleResponse:Warning:   Found in ini file 'C:/Users/Bodoo/Documents/Programmieren/Projekte/NotPartofTheGame/Saved/Config/Windows/Engine.ini', in section '[/Script/Engine.RendererSettings]'
[2015.08.30-17.26.35:497][  0]LogConsoleManager:Warning: Console variable 'r.MSAA.CompositingSampleCount' wasn't set ('Scalability' has a lower priority than 'ProjectSetting')
[2015.08.30-17.26.35:497][  0]LogInit: Selected Device Profile: [Windows]
[2015.08.30-17.26.35:497][  0]LogInit: Applying CVar settings loaded from the selected device profile: [Windows]
[2015.08.30-17.26.35:500][  0]LogInit: Computer: DESKTOP-GLF6O4V
[2015.08.30-17.26.35:500][  0]LogInit: User: Bodoo
[2015.08.30-17.26.35:500][  0]LogInit: CPU Page size=4096, Cores=4
[2015.08.30-17.26.35:500][  0]LogInit: High frequency timer resolution =3.215351 MHz
[2015.08.30-17.26.35:500][  0]LogMemory: Memory total: Physical=12.0GB (12GB approx)
[2015.08.30-17.26.35:500][  0]LogMemory: Platform Memory Stats for Windows
[2015.08.30-17.26.35:500][  0]LogMemory: Process Physical Memory: 50.38 MB used, 50.38 MB peak
[2015.08.30-17.26.35:500][  0]LogMemory: Process Virtual Memory: 22.69 MB used, 22.69 MB peak
[2015.08.30-17.26.35:500][  0]LogMemory: Physical Memory: 2988.61 MB used, 12270.70 MB total
[2015.08.30-17.26.35:500][  0]LogMemory: Virtual Memory: 310.61 MB used, 134217728.00 MB total
[2015.08.30-17.26.35:529][  0]LogTextLocalizationManager: The requested culture ('de_DE') has no localization data; falling back to 'en' for localization and internationalization data.
[2015.08.30-17.26.35:799][  0]LogTextLocalizationManager:Warning: Loaded localization resources contain conflicting entries for (Namespace:ContentBrowser, Key:ImportAssetToolTip):
Localization Resource: (C:/Users/Bodoo/Documents/Programmieren/4.8/Engine/Content/Localization/Editor/en/Editor.locres) Source String Hash: (-630476809) Localized String: (Import to {0}...)
Localization Resource: (C:/Users/Bodoo/Documents/Programmieren/4.8/Engine/Content/Localization/Editor/en/Editor.locres) Source String Hash: (1271782899) Localized String: (Imports an asset from file to this folder.)
[2015.08.30-17.26.36:144][  0]LogD3D11RHI: Found D3D11 adapter 0: AMD Radeon HD 6800 Series (Feature Level 11_0)
[2015.08.30-17.26.36:144][  0]LogD3D11RHI: Adapter has 1011MB of dedicated video memory, 0MB of dedicated system memory, and 3840MB of shared system memory, 1 output[s]
[2015.08.30-17.26.36:145][  0]LogD3D11RHI: Found D3D11 adapter 1: Microsoft Basic Render Driver (Feature Level 11_0)
[2015.08.30-17.26.36:145][  0]LogD3D11RHI: Adapter has 0MB of dedicated video memory, 0MB of dedicated system memory, and 6135MB of shared system memory, 0 output[s]
[2015.08.30-17.26.36:145][  0]LogD3D11RHI: Chosen D3D11 Adapter Id = 0
[2015.08.30-17.26.36:147][  0]LogD3D11RHI: InitD3DDevice
[2015.08.30-17.26.36:147][  0]LogD3D11RHI: !Direct3DDevice
[2015.08.30-17.26.36:147][  0]LogRHI: Texture pool is 708 MB (70% of 1011 MB)
[2015.08.30-17.26.36:154][  0]LogD3D11RHI: Async texture creation disabled: no driver support
[2015.08.30-17.26.36:164][  0]LogShaderCompilers:Display: Using Local Shader Compiler.
[2015.08.30-17.26.36:972][  0]LogTemp:Display: Loaded TP DesktopTargetPlatform
[2015.08.30-17.26.36:986][  0]LogTemp:Display: Loaded TP WindowsClientTargetPlatform
[2015.08.30-17.26.37:000][  0]LogTemp:Display: Loaded TP WindowsNoEditorTargetPlatform
[2015.08.30-17.26.37:015][  0]LogTemp:Display: Loaded TP WindowsServerTargetPlatform
[2015.08.30-17.26.37:032][  0]LogTemp:Display: Loaded TP WindowsTargetPlatform
[2015.08.30-17.26.37:044][  0]LogTemp:Display: Loaded TP AndroidTargetPlatform
[2015.08.30-17.26.37:057][  0]LogTemp:Display: Loaded TP Android_ASTCTargetPlatform
[2015.08.30-17.26.37:070][  0]LogTemp:Display: Loaded TP Android_ATCTargetPlatform
[2015.08.30-17.26.37:082][  0]LogTemp:Display: Loaded TP Android_DXTTargetPlatform
[2015.08.30-17.26.37:095][  0]LogTemp:Display: Loaded TP Android_ETC1TargetPlatform
[2015.08.30-17.26.37:108][  0]LogTemp:Display: Loaded TP Android_ETC2TargetPlatform
[2015.08.30-17.26.37:122][  0]LogTemp:Display: Loaded TP Android_PVRTCTargetPlatform
[2015.08.30-17.26.37:171][  0]LogTemp:Display: Loaded TP IOSTargetPlatform
[2015.08.30-17.26.37:184][  0]LogTemp:Display: Loaded TP LinuxNoEditorTargetPlatform
[2015.08.30-17.26.37:197][  0]LogTemp:Display: Loaded TP LinuxServerTargetPlatform
[2015.08.30-17.26.37:212][  0]LogTemp:Display: Loaded TP LinuxTargetPlatform
[2015.08.30-17.26.37:212][  0]LogTargetPlatformManager:Display: Building Assets For Windows
[2015.08.30-17.26.37:420][  0]LogDerivedDataCache:Display: Max Cache Size: 512 MB
[2015.08.30-17.26.37:481][  0]LogDerivedDataCache: Loaded boot cache 0.06s 53MB C:/Users/Bodoo/AppData/Local/UnrealEngine/4.8/DerivedDataCache/Boot.ddc.
[2015.08.30-17.26.37:481][  0]LogDerivedDataCache:Display: Loaded Boot cache: C:/Users/Bodoo/AppData/Local/UnrealEngine/4.8/DerivedDataCache/Boot.ddc
[2015.08.30-17.26.37:481][  0]LogDerivedDataCache: FDerivedDataBackendGraph:  Pak pak cache file ../../../../Projekte/NotPartofTheGame/DerivedDataCache/DDC.ddp not found, will not use a pak cache.
[2015.08.30-17.26.37:481][  0]LogDerivedDataCache: Unable to find inner node Pak for hierarchical cache Hierarchy.
[2015.08.30-17.26.37:481][  0]LogDerivedDataCache: FDerivedDataBackendGraph:  CompressedPak pak cache file ../../../../Projekte/NotPartofTheGame/DerivedDataCache/Compressed.ddp not found, will not use a pak cache.
[2015.08.30-17.26.37:481][  0]LogDerivedDataCache: Unable to find inner node CompressedPak for hierarchical cache Hierarchy.
[2015.08.30-17.26.37:629][  0]LogDerivedDataCache:Display: Pak cache opened for reading ../../../Engine/DerivedDataCache/Compressed.ddp.
[2015.08.30-17.26.37:642][  0]LogDerivedDataCache: Using Local data cache path C:/Users/Bodoo/AppData/Local/UnrealEngine/Common/DerivedDataCache: Writable
[2015.08.30-17.26.37:876][  0]LogInit: Selected Device Profile: [Windows]
[2015.08.30-17.26.37:961][  0]ImportText (ComponentSweepMultiTests): Missing closing parenthesis: (RootShapeAsset="/Engine/BasicShapes/Cube.Cube",ShapeType="TriggerCapsule",HitResult=(Time=0.50,Location=(X=-100.000015,Y=0.0,Z=100.000015),ImpactPoint=(X=-50.0,Y=0.0,Z=50.0),Normal=(X=-1.0,Y=-0.0,Z=0.0),ImpactNormal=(X=0.0,Y=0.0,Z=1.0),TraceStart=(X=-200.0,Y=0.0,Z=200.0),TraceEnd=(X=0.0,Y=0.0,Z=0.0))
[2015.08.30-17.26.37:962][  0]ImportText (LineTraceSingleByChannelTests): Missing closing parenthesis: (RootShapeAsset="/Engine/BasicShapes/Cube.Cube",HitResult=(Time=0.50,Location=(X=-100.000015,Y=0.0,Z=100.000015),ImpactPoint=(X=-50.0,Y=0.0,Z=50.0),Normal=(X=-1.0,Y=-0.0,Z=0.0),ImpactNormal=(X=0.0,Y=0.0,Z=1.0),TraceStart=(X=-200.0,Y=0.0,Z=200.0),TraceEnd=(X=0.0,Y=0.0,Z=0.0))
[2015.08.30-17.26.37:989][  0]LogMeshUtilities: No automatic mesh reduction module available
[2015.08.30-17.26.37:989][  0]LogMeshUtilities: No automatic mesh merging module available
[2015.08.30-17.26.38:270][  0]LogInit: WinSock: version 1.1 (2.2), MaxSocks=32767, MaxUdp=65467
[2015.08.30-17.26.38:713][  0]LogD3D11RHI: InitD3DDevice
[2015.08.30-17.26.38:717][  0]LogWindowsMoviePlayer: Unable to load movie: ../../../../Projekte/NotPartofTheGame/Content/Movies/Default_Startup.mp4
[2015.08.30-17.26.38:858][  0]LogAssetRegistry: FAssetRegistry took 0.0001 seconds to start up
[2015.08.30-17.26.38:903][  0]SourceControl: Info Source control is disabled
[2015.08.30-17.26.38:903][  0]SourceControl: Info Source control is disabled
[2015.08.30-17.26.38:914][  0]SourceControl: Info Source control is disabled
[2015.08.30-17.26.39:098][  0]LogObj: 25913 objects as part of root set at end of initial load.
[2015.08.30-17.26.39:098][  0]LogUObjectAllocator: 5218480 out of 0 bytes used by permanent object pool.
[2015.08.30-17.26.39:167][  0]LogAutomationTest:Warning: ERR: Transient text cannot be serialized "Testing Transient serialization detection".
[2015.08.30-17.26.39:168][  0]LogEngine: Initializing Engine...
[2015.08.30-17.26.39:170][  0]LogHMD: Can't find Oculus library dev build: is proper Runtime installed? Version: 0.6.0.0
[2015.08.30-17.26.39:171][  0]LogHMD:Warning: SteamVR failed to initialize.  Error: 110
[2015.08.30-17.26.39:263][  0]LogInit: XAudio2 using 'Lautsprecher (G510s Gaming Keyboard)' : 2 channels at 48 kHz using 16 bits per sample (channel mask 0x3)
[2015.08.30-17.26.39:268][  0]LogInit: FAudioDevice initialized.
[2015.08.30-17.26.39:277][  0]LogInit: Texture streaming: Disabled
[2015.08.30-17.26.39:340][  0]LogNet: Browse: /Temp/Autosaves/Game/NPOTG/Maps/UEDPCTesting_Level?Name=Player
[2015.08.30-17.26.39:340][  0]LogLoad: LoadMap: /Temp/Autosaves/Game/NPOTG/Maps/UEDPCTesting_Level?Name=Player
[2015.08.30-17.26.39:350][  0]LogParticles: Destroying 0 GPU particle simulations for FXSystem 0x00000046C9F17560
[2015.08.30-17.26.39:358][  0]LogMemory: Platform Memory Stats for Windows
[2015.08.30-17.26.39:358][  0]LogMemory: Process Physical Memory: 338.24 MB used, 338.25 MB peak
[2015.08.30-17.26.39:358][  0]LogMemory: Process Virtual Memory: 374.57 MB used, 374.57 MB peak
[2015.08.30-17.26.39:358][  0]LogMemory: Physical Memory: 3225.69 MB used, 12270.70 MB total
[2015.08.30-17.26.39:358][  0]LogMemory: Virtual Memory: 891.67 MB used, 134217728.00 MB total
[2015.08.30-17.26.39:358][  0]LogMemory: 
[2015.08.30-17.26.39:358][  0]Allocator Stats for TBB: (not implemented)
[2015.08.30-17.26.40:258][  0]LogProperty:Warning: ERR: Transient text cannot be serialized "NewRotation Roll".
[2015.08.30-17.26.40:258][  0]LogProperty:Warning: ERR: Transient text cannot be serialized "NewRotation Yaw".
[2015.08.30-17.26.40:258][  0]LogProperty:Warning: ERR: Transient text cannot be serialized "NewRotation Pitch".
[2015.08.30-17.26.40:258][  0]LogProperty:Warning: ERR: Transient text cannot be serialized "NewRotation Roll".
[2015.08.30-17.26.40:258][  0]LogProperty:Warning: ERR: Transient text cannot be serialized "NewRotation Yaw".
[2015.08.30-17.26.40:258][  0]LogProperty:Warning: ERR: Transient text cannot be serialized "NewRotation Pitch".
[2015.08.30-17.26.40:307][  0]LogProperty:Warning: ERR: Transient text cannot be serialized "NewRotation Roll".
[2015.08.30-17.26.40:307][  0]LogProperty:Warning: ERR: Transient text cannot be serialized "NewRotation Yaw".
[2015.08.30-17.26.40:307][  0]LogProperty:Warning: ERR: Transient text cannot be serialized "NewRotation Pitch".
[2015.08.30-17.26.40:307][  0]LogProperty:Warning: ERR: Transient text cannot be serialized "NewRotation Roll".
[2015.08.30-17.26.40:307][  0]LogProperty:Warning: ERR: Transient text cannot be serialized "NewRotation Yaw".
[2015.08.30-17.26.40:307][  0]LogProperty:Warning: ERR: Transient text cannot be serialized "NewRotation Pitch".
[2015.08.30-17.26.41:214][  0]LogAIModule: Creating AISystem for world Testing_Level
[2015.08.30-17.26.41:215][  0]LogWorld: Game class is '2DSideScrollerGameMode_C'
[2015.08.30-17.26.41:278][  0]LogWorld: Bringing World /Temp/Autosaves/Game/NPOTG/Maps/UEDPCTesting_Level.Testing_Level up for play (max tick rate 0) at 2015.08.30-19.26.41
[2015.08.30-17.26.41:292][  0]LogWorld: Bringing up level for play took: 0.073792
[2015.08.30-17.26.41:296][  0]LogInit:Display: Game Engine Initialized.
[2015.08.30-17.26.41:521][  0]LogLoad: Full Startup: 7.73 seconds (BP compile: 0.97 seconds)
[2015.08.30-17.26.41:538][  0]LogWindowsTextInputMethodSystem:Display: IME system now deactivated.
[2015.08.30-17.26.41:538][  0]LogWindowsTextInputMethodSystem:Display: IME system now deactivated.
[2015.08.30-17.26.41:541][  0]LogContentStreaming: Texture pool size is 1000.000000MB
[2015.08.30-17.26.41:670][  0]LogRenderer: Reallocating scene render targets to support 1280x720 (Frame:2).
[2015.08.30-17.27.02:539][285]LogScript:Warning: Accessed None 'K2Node_DynamicCast_AsMarkimoo4'
	wolf_C /Temp/Autosaves/Game/NPOTG/Maps/UEDPCTesting_Level.Testing_Level:PersistentLevel.wolf_C_2
	Function /Game/NPOTG/Blueprints/Charaktere/wolf.wolf_C:ExecuteUbergraph_wolf:0E82
[2015.08.30-17.27.02:540][285]LogBlueprintUserMessages: 0.991935
[2015.08.30-17.27.02:540][285]LogBlueprintUserMessages: 0.991935
[2015.08.30-17.27.02:540][285]LogBlueprintUserMessages: 0.983871
[2015.08.30-17.27.02:556][286]LogBlueprintUserMessages: 0.975806
[2015.08.30-17.27.02:572][287]LogBlueprintUserMessages: 0.967742
[2015.08.30-17.27.02:587][288]LogBlueprintUserMessages: 0.959677
[2015.08.30-17.27.02:603][289]LogBlueprintUserMessages: 0.951613
[2015.08.30-17.27.02:620][290]LogBlueprintUserMessages: 0.943548
[2015.08.30-17.27.02:636][291]LogBlueprintUserMessages: 0.935484
[2015.08.30-17.27.02:652][292]LogBlueprintUserMessages: 0.927419
[2015.08.30-17.27.02:668][293]LogBlueprintUserMessages: 0.919354
[2015.08.30-17.27.02:684][294]LogBlueprintUserMessages: 0.91129
[2015.08.30-17.27.02:700][295]LogBlueprintUserMessages: 0.903225
[2015.08.30-17.27.02:716][296]LogBlueprintUserMessages: 0.895161
[2015.08.30-17.27.02:733][297]LogBlueprintUserMessages: 0.887096
[2015.08.30-17.27.02:749][298]LogBlueprintUserMessages: 0.879032
[2015.08.30-17.27.02:765][299]LogBlueprintUserMessages: 0.870967
[2015.08.30-17.27.02:781][300]LogBlueprintUserMessages: 0.862903
[2015.08.30-17.27.02:797][301]LogBlueprintUserMessages: 0.854838
[2015.08.30-17.27.02:814][302]LogBlueprintUserMessages: 0.846773
[2015.08.30-17.27.02:830][303]LogBlueprintUserMessages: 0.838709
[2015.08.30-17.27.02:845][304]LogBlueprintUserMessages: 0.830644
[2015.08.30-17.27.02:862][305]LogBlueprintUserMessages: 0.82258
[2015.08.30-17.27.02:878][306]LogBlueprintUserMessages: 0.814515
[2015.08.30-17.27.02:894][307]LogBlueprintUserMessages: 0.806451
[2015.08.30-17.27.02:910][308]LogBlueprintUserMessages: 0.798386
[2015.08.30-17.27.02:926][309]LogBlueprintUserMessages: 0.790318
[2015.08.30-17.27.02:942][310]LogBlueprintUserMessages: 0.782254
[2015.08.30-17.27.02:958][311]LogBlueprintUserMessages: 0.774189
[2015.08.30-17.27.02:975][312]LogBlueprintUserMessages: 0.766124
[2015.08.30-17.27.02:991][313]LogBlueprintUserMessages: 0.75806
[2015.08.30-17.27.03:007][314]LogBlueprintUserMessages: 0.749995
[2015.08.30-17.27.03:023][315]LogBlueprintUserMessages: 0.741931
[2015.08.30-17.27.03:039][316]LogBlueprintUserMessages: 0.733866
[2015.08.30-17.27.03:055][317]LogBlueprintUserMessages: 0.725801
[2015.08.30-17.27.03:072][318]LogBlueprintUserMessages: 0.717737
[2015.08.30-17.27.03:088][319]LogBlueprintUserMessages: 0.709672
[2015.08.30-17.27.03:104][320]LogBlueprintUserMessages: 0.701608
[2015.08.30-17.27.03:120][321]LogBlueprintUserMessages: 0.693543
[2015.08.30-17.27.03:136][322]LogBlueprintUserMessages: 0.685478
[2015.08.30-17.27.03:152][323]LogBlueprintUserMessages: 0.677414
[2015.08.30-17.27.03:168][324]LogBlueprintUserMessages: 0.669349
[2015.08.30-17.27.03:184][325]LogBlueprintUserMessages: 0.661285
[2015.08.30-17.27.03:201][326]LogBlueprintUserMessages: 0.65322
[2015.08.30-17.27.03:217][327]LogBlueprintUserMessages: 0.645155
[2015.08.30-17.27.03:233][328]LogBlueprintUserMessages: 0.637091
[2015.08.30-17.27.03:249][329]LogBlueprintUserMessages: 0.629026
[2015.08.30-17.27.03:265][330]LogBlueprintUserMessages: 0.620962
[2015.08.30-17.27.03:281][331]LogBlueprintUserMessages: 0.612896
[2015.08.30-17.27.03:298][332]LogBlueprintUserMessages: 0.604831
[2015.08.30-17.27.03:313][333]LogBlueprintUserMessages: 0.596766
[2015.08.30-17.27.03:329][334]LogBlueprintUserMessages: 0.588702
[2015.08.30-17.27.03:346][335]LogBlueprintUserMessages: 0.580637
[2015.08.30-17.27.03:362][336]LogBlueprintUserMessages: 0.572573
[2015.08.30-17.27.03:377][337]LogBlueprintUserMessages: 0.564508
[2015.08.30-17.27.03:394][338]LogBlueprintUserMessages: 0.556443
[2015.08.30-17.27.03:410][339]LogBlueprintUserMessages: 0.548379
[2015.08.30-17.27.03:427][340]LogBlueprintUserMessages: 0.540314
[2015.08.30-17.27.03:443][341]LogBlueprintUserMessages: 0.53225
[2015.08.30-17.27.03:459][342]LogBlueprintUserMessages: 0.524185
[2015.08.30-17.27.03:475][343]LogBlueprintUserMessages: 0.51612
[2015.08.30-17.27.03:491][344]LogBlueprintUserMessages: 0.508056
[2015.08.30-17.27.03:507][345]LogBlueprintUserMessages: 0.499991
[2015.08.30-17.27.03:522][346]LogBlueprintUserMessages: 0.491926
[2015.08.30-17.27.03:539][347]LogBlueprintUserMessages: 0.483862
[2015.08.30-17.27.03:555][348]LogBlueprintUserMessages: 0.475797
[2015.08.30-17.27.03:571][349]LogBlueprintUserMessages: 0.467733
[2015.08.30-17.27.03:587][350]LogBlueprintUserMessages: 0.459668
[2015.08.30-17.27.03:604][351]LogBlueprintUserMessages: 0.451603
[2015.08.30-17.27.03:620][352]LogBlueprintUserMessages: 0.443539
[2015.08.30-17.27.03:636][353]LogBlueprintUserMessages: 0.435474
[2015.08.30-17.27.03:652][354]LogBlueprintUserMessages: 0.42741
[2015.08.30-17.27.03:668][355]LogBlueprintUserMessages: 0.419345
[2015.08.30-17.27.03:684][356]LogBlueprintUserMessages: 0.41128
[2015.08.30-17.27.03:700][357]LogBlueprintUserMessages: 0.403216
[2015.08.30-17.27.03:716][358]LogBlueprintUserMessages: 0.395151
[2015.08.30-17.27.03:733][359]LogBlueprintUserMessages: 0.387087
[2015.08.30-17.27.03:748][360]LogBlueprintUserMessages: 0.379022
[2015.08.30-17.27.03:764][361]LogBlueprintUserMessages: 0.370957
[2015.08.30-17.27.03:781][362]LogBlueprintUserMessages: 0.362893
[2015.08.30-17.27.03:798][363]LogBlueprintUserMessages: 0.354828
[2015.08.30-17.27.03:813][364]LogBlueprintUserMessages: 0.346764
[2015.08.30-17.27.03:830][365]LogBlueprintUserMessages: 0.338699
[2015.08.30-17.27.03:846][366]LogBlueprintUserMessages: 0.330634
[2015.08.30-17.27.03:862][367]LogBlueprintUserMessages: 0.32257
[2015.08.30-17.27.03:878][368]LogBlueprintUserMessages: 0.314505
[2015.08.30-17.27.03:894][369]LogBlueprintUserMessages: 0.306441
[2015.08.30-17.27.03:910][370]LogBlueprintUserMessages: 0.298376
[2015.08.30-17.27.03:926][371]LogBlueprintUserMessages: 0.290311
[2015.08.30-17.27.03:942][372]LogBlueprintUserMessages: 0.282247
[2015.08.30-17.27.03:958][373]LogBlueprintUserMessages: 0.274182
[2015.08.30-17.27.03:974][374]LogBlueprintUserMessages: 0.266118
[2015.08.30-17.27.03:991][375]LogBlueprintUserMessages: 0.258053
[2015.08.30-17.27.06:781][548]LogScript:Warning: Accessed None 'K2Node_DynamicCast_AsMarkimoo4'
	wolf_C /Temp/Autosaves/Game/NPOTG/Maps/UEDPCTesting_Level.Testing_Level:PersistentLevel.wolf_C_9
	Function /Game/NPOTG/Blueprints/Charaktere/wolf.wolf_C:ExecuteUbergraph_wolf:0E82
[2015.08.30-17.27.06:782][548]LogBlueprintUserMessages: 0.991935
[2015.08.30-17.27.06:782][548]LogBlueprintUserMessages: 0.991935
[2015.08.30-17.27.06:782][548]LogBlueprintUserMessages: 0.983871
[2015.08.30-17.27.06:797][549]LogBlueprintUserMessages: 0.975806
[2015.08.30-17.27.06:813][550]LogBlueprintUserMessages: 0.967738
[2015.08.30-17.27.06:829][551]LogBlueprintUserMessages: 0.959674
[2015.08.30-17.27.06:845][552]LogBlueprintUserMessages: 0.951609
[2015.08.30-17.27.06:862][553]LogBlueprintUserMessages: 0.943545
[2015.08.30-17.27.06:878][554]LogBlueprintUserMessages: 0.93548
[2015.08.30-17.27.06:894][555]LogBlueprintUserMessages: 0.927416
[2015.08.30-17.27.06:911][556]LogBlueprintUserMessages: 0.919351
[2015.08.30-17.27.06:927][557]LogBlueprintUserMessages: 0.911287
[2015.08.30-17.27.06:943][558]LogBlueprintUserMessages: 0.903222
[2015.08.30-17.27.06:959][559]LogBlueprintUserMessages: 0.895157
[2015.08.30-17.27.06:975][560]LogBlueprintUserMessages: 0.887093
[2015.08.30-17.27.06:990][561]LogBlueprintUserMessages: 0.879028
[2015.08.30-17.27.07:007][562]LogBlueprintUserMessages: 0.870964
[2015.08.30-17.27.07:023][563]LogBlueprintUserMessages: 0.862899
[2015.08.30-17.27.07:039][564]LogBlueprintUserMessages: 0.854835
[2015.08.30-17.27.07:055][565]LogBlueprintUserMessages: 0.846767
[2015.08.30-17.27.07:071][566]LogBlueprintUserMessages: 0.838701
[2015.08.30-17.27.07:087][567]LogBlueprintUserMessages: 0.830637
[2015.08.30-17.27.07:103][568]LogBlueprintUserMessages: 0.822572
[2015.08.30-17.27.07:119][569]LogBlueprintUserMessages: 0.814508
[2015.08.30-17.27.07:136][570]LogBlueprintUserMessages: 0.806443
[2015.08.30-17.27.07:153][571]LogBlueprintUserMessages: 0.798379
[2015.08.30-17.27.07:169][572]LogBlueprintUserMessages: 0.790314
[2015.08.30-17.27.07:185][573]LogBlueprintUserMessages: 0.782249
[2015.08.30-17.27.07:201][574]LogBlueprintUserMessages: 0.774185
[2015.08.30-17.27.07:216][575]LogBlueprintUserMessages: 0.76612
[2015.08.30-17.27.07:233][576]LogBlueprintUserMessages: 0.758056
[2015.08.30-17.27.07:249][577]LogBlueprintUserMessages: 0.749991
[2015.08.30-17.27.07:265][578]LogBlueprintUserMessages: 0.741926
[2015.08.30-17.27.07:282][579]LogBlueprintUserMessages: 0.733862
[2015.08.30-17.27.07:298][580]LogBlueprintUserMessages: 0.725797
[2015.08.30-17.27.07:314][581]LogBlueprintUserMessages: 0.717733
[2015.08.30-17.27.07:329][582]LogBlueprintUserMessages: 0.709668
[2015.08.30-17.27.07:346][583]LogBlueprintUserMessages: 0.701603
[2015.08.30-17.27.07:362][584]LogBlueprintUserMessages: 0.693539
[2015.08.30-17.27.07:378][585]LogBlueprintUserMessages: 0.685474
[2015.08.30-17.27.07:394][586]LogBlueprintUserMessages: 0.67741
[2015.08.30-17.27.07:411][587]LogBlueprintUserMessages: 0.669345
[2015.08.30-17.27.07:426][588]LogBlueprintUserMessages: 0.66128
[2015.08.30-17.27.07:443][589]LogBlueprintUserMessages: 0.653216
[2015.08.30-17.27.07:459][590]LogBlueprintUserMessages: 0.645151
[2015.08.30-17.27.07:475][591]LogBlueprintUserMessages: 0.637087
[2015.08.30-17.27.07:491][592]LogBlueprintUserMessages: 0.629022
[2015.08.30-17.27.17:992][243]Closing by request
[2015.08.30-17.27.17:992][243]LogWindows: FPlatformMisc::RequestExit(0)
[2015.08.30-17.27.18:228][244]LogWindowsTextInputMethodSystem:Display: IME system now deactivated.
[2015.08.30-17.27.18:228][244]LogWindowsTextInputMethodSystem:Display: IME system now deactivated.
[2015.08.30-17.27.18:235][244]LogExit: Preparing to exit.
[2015.08.30-17.27.18:330][244]LogExit: Game engine shut down
[2015.08.30-17.27.18:334][244]LogParticles: Destroying 0 GPU particle simulations for FXSystem 0x00000046D54D1D00
[2015.08.30-17.27.18:471][244]LogExit: Object subsystem successfully closed.
[2015.08.30-17.27.18:480][244]LogD3D11RHI: Shutdown
[2015.08.30-17.27.18:480][244]LogD3D11RHI: CleanupD3DDevice
[2015.08.30-17.27.18:564][244]LogD3D11RHI: ~FD3D11DynamicRHI
[2015.08.30-17.27.18:577][244]LogModuleManager: Shutting down and abandoning module AndroidDeviceDetection (109)
[2015.08.30-17.27.19:565][244]LogModuleManager: Shutting down and abandoning module AutomationWorker (108)
[2015.08.30-17.27.19:565][244]LogModuleManager: Shutting down and abandoning module CharacterAI (107)
[2015.08.30-17.27.19:565][244]LogModuleManager: Shutting down and abandoning module AITestSuite (106)
[2015.08.30-17.27.19:565][244]LogModuleManager: Shutting down and abandoning module GameplayDebugger (105)
[2015.08.30-17.27.19:565][244]LogModuleManager: Shutting down and abandoning module AIModule (104)
[2015.08.30-17.27.19:565][244]LogModuleManager: Shutting down and abandoning module GameLiveStreaming (103)
[2015.08.30-17.27.19:565][244]LogModuleManager: Shutting down and abandoning module StreamingPauseRendering (102)
[2015.08.30-17.27.19:565][244]LogModuleManager: Shutting down and abandoning module ProfilerService (101)
[2015.08.30-17.27.19:694][244]LogModuleManager: Shutting down and abandoning module TaskGraph (100)
[2015.08.30-17.27.19:694][244]LogModuleManager: Shutting down and abandoning module SlateRemote (99)
[2015.08.30-17.27.19:694][244]LogModuleManager: Shutting down and abandoning module SteamVRController (98)
[2015.08.30-17.27.19:694][244]LogModuleManager: Shutting down and abandoning module SteamVR (97)
[2015.08.30-17.27.19:694][244]LogModuleManager: Shutting down and abandoning module ProceduralMeshComponent (96)
[2015.08.30-17.27.19:694][244]LogModuleManager: Shutting down and abandoning module OculusRift (95)
[2015.08.30-17.27.19:694][244]LogModuleManager: Shutting down and abandoning module LeapMotionController (94)
[2015.08.30-17.27.19:701][244]LogModuleManager: Shutting down and abandoning module CustomMeshComponent (93)
[2015.08.30-17.27.19:701][244]LogModuleManager: Shutting down and abandoning module CableComponent (92)
[2015.08.30-17.27.19:701][244]LogModuleManager: Shutting down and abandoning module DesktopPlatform (91)
[2015.08.30-17.27.19:701][244]LogModuleManager: Shutting down and abandoning module DirectoryWatcher (90)
[2015.08.30-17.27.19:701][244]LogModuleManager: Shutting down and abandoning module HotReload (89)
[2015.08.30-17.27.19:701][244]LogModuleManager: Shutting down and abandoning module VisualStudioSourceCodeAccess (88)
[2015.08.30-17.27.19:701][244]LogModuleManager: Shutting down and abandoning module UObjectPlugin (87)
[2015.08.30-17.27.19:701][244]LogModuleManager: Shutting down and abandoning module SubversionSourceControl (86)
[2015.08.30-17.27.19:701][244]LogModuleManager: Shutting down and abandoning module SourceControl (85)
[2015.08.30-17.27.19:701][244]LogModuleManager: Shutting down and abandoning module PerforceSourceControl (84)
[2015.08.30-17.27.19:701][244]LogModuleManager: Shutting down and abandoning module BlankPlugin (83)
[2015.08.30-17.27.19:701][244]LogModuleManager: Shutting down and abandoning module UdpMessaging (82)
[2015.08.30-17.27.19:701][244]LogModuleManager: Shutting down and abandoning module AssetRegistry (81)
[2015.08.30-17.27.19:701][244]LogModuleManager: Shutting down and abandoning module SubstanceCore (80)
[2015.08.30-17.27.19:701][244]LogModuleManager: Shutting down and abandoning module Paper2D (79)
[2015.08.30-17.27.19:701][244]LogModuleManager: Shutting down and abandoning module WindowsMoviePlayer (78)
[2015.08.30-17.27.19:703][244]LogModuleManager: Shutting down and abandoning module Media (77)
[2015.08.30-17.27.19:703][244]LogModuleManager: Shutting down and abandoning module WmfMedia (76)
[2015.08.30-17.27.19:704][244]LogModuleManager: Shutting down and abandoning module OnlineBlueprintSupport (75)
[2015.08.30-17.27.19:704][244]LogModuleManager: Shutting down and abandoning module PropertyEditor (74)
[2015.08.30-17.27.19:704][244]LogModuleManager: Shutting down and abandoning module BehaviorTreeEditor (73)
[2015.08.30-17.27.19:704][244]LogModuleManager: Shutting down and abandoning module FunctionalTesting (72)
[2015.08.30-17.27.19:704][244]LogModuleManager: Shutting down and abandoning module CollisionAnalyzer (71)
[2015.08.30-17.27.19:704][244]LogModuleManager: Shutting down and abandoning module WorkspaceMenuStructure (70)
[2015.08.30-17.27.19:704][244]LogModuleManager: Shutting down and abandoning module MessageLog (69)
[2015.08.30-17.27.19:704][244]LogModuleManager: Shutting down and abandoning module Sequencer (68)
[2015.08.30-17.27.19:704][244]LogModuleManager: Shutting down and abandoning module AssetTools (67)
[2015.08.30-17.27.19:704][244]LogModuleManager: Shutting down and abandoning module UMGEditor (66)
[2015.08.30-17.27.19:704][244]LogModuleManager: Shutting down and abandoning module UMG (65)
[2015.08.30-17.27.19:704][244]LogModuleManager: Shutting down and abandoning module Slate (64)
[2015.08.30-17.27.19:704][244]LogModuleManager: Shutting down and abandoning module EditorStyle (63)
[2015.08.30-17.27.19:707][244]LogModuleManager: Shutting down and abandoning module SessionServices (62)
[2015.08.30-17.27.19:707][244]LogModuleManager: Shutting down and abandoning module SourceCodeAccess (61)
[2015.08.30-17.27.19:707][244]LogModuleManager: Shutting down and abandoning module HeadMountedDisplay (60)
[2015.08.30-17.27.19:707][244]LogModuleManager: Shutting down and abandoning module XAudio2 (59)
[2015.08.30-17.27.19:707][244]LogModuleManager: Shutting down and abandoning module Networking (57)
[2015.08.30-17.27.19:707][244]LogModuleManager: Shutting down and abandoning module Core (56)
[2015.08.30-17.27.19:707][244]LogModuleManager: Shutting down and abandoning module KismetCompiler (55)
[2015.08.30-17.27.19:707][244]LogModuleManager: Shutting down and abandoning module PhysXFormats (54)
[2015.08.30-17.27.19:707][244]LogModuleManager: Shutting down and abandoning module MeshUtilities (53)
[2015.08.30-17.27.19:707][244]LogModuleManager: Shutting down and abandoning module DerivedDataCache (52)
[2015.08.30-17.27.20:174][244]LogDerivedDataCache: Shutdown
[2015.08.30-17.27.20:174][244]LogModuleManager: Shutting down and abandoning module ShaderFormatOpenGL (51)
[2015.08.30-17.27.20:174][244]LogModuleManager: Shutting down and abandoning module ShaderFormatD3D (50)
[2015.08.30-17.27.20:174][244]LogModuleManager: Shutting down and abandoning module MetalShaderFormat (49)
[2015.08.30-17.27.20:174][244]LogModuleManager: Shutting down and abandoning module TextureFormatUncompressed (48)
[2015.08.30-17.27.20:174][244]LogModuleManager: Shutting down and abandoning module TextureFormatPVR (47)
[2015.08.30-17.27.20:174][244]LogModuleManager: Shutting down and abandoning module TextureFormatIntelISPCTexComp (46)
[2015.08.30-17.27.20:174][244]LogModuleManager: Shutting down and abandoning module TextureFormatDXT (45)
[2015.08.30-17.27.20:174][244]LogModuleManager: Shutting down and abandoning module ImageWrapper (44)
[2015.08.30-17.27.20:174][244]LogModuleManager: Shutting down and abandoning module TextureFormatASTC (43)
[2015.08.30-17.27.20:174][244]LogModuleManager: Shutting down and abandoning module TextureFormatAndroid (42)
[2015.08.30-17.27.20:174][244]LogModuleManager: Shutting down and abandoning module AudioFormatOpus (41)
[2015.08.30-17.27.20:174][244]LogModuleManager: Shutting down and abandoning module AudioFormatOgg (40)
[2015.08.30-17.27.20:174][244]LogModuleManager: Shutting down and abandoning module AudioFormatADPCM (39)
[2015.08.30-17.27.20:174][244]LogModuleManager: Shutting down and abandoning module LinuxTargetPlatform (38)
[2015.08.30-17.27.20:174][244]LogModuleManager: Shutting down and abandoning module LinuxServerTargetPlatform (37)
[2015.08.30-17.27.20:174][244]LogModuleManager: Shutting down and abandoning module LinuxNoEditorTargetPlatform (36)
[2015.08.30-17.27.20:174][244]LogModuleManager: Shutting down and abandoning module Messaging (35)
[2015.08.30-17.27.20:174][244]LogModuleManager: Shutting down and abandoning module IOSTargetPlatform (34)
[2015.08.30-17.27.20:174][244]LogModuleManager: Shutting down and abandoning module HTML5TargetPlatform (33)
[2015.08.30-17.27.20:174][244]LogModuleManager: Shutting down and abandoning module Android_PVRTCTargetPlatform (32)
[2015.08.30-17.27.20:174][244]LogModuleManager: Shutting down and abandoning module Android_ETC2TargetPlatform (31)
[2015.08.30-17.27.20:174][244]LogModuleManager: Shutting down and abandoning module Android_ETC1TargetPlatform (30)
[2015.08.30-17.27.20:174][244]LogModuleManager: Shutting down and abandoning module Android_DXTTargetPlatform (29)
[2015.08.30-17.27.20:174][244]LogModuleManager: Shutting down and abandoning module Android_ATCTargetPlatform (28)
[2015.08.30-17.27.20:174][244]LogModuleManager: Shutting down and abandoning module Android_ASTCTargetPlatform (27)
[2015.08.30-17.27.20:174][244]LogModuleManager: Shutting down and abandoning module AndroidTargetPlatform (26)
[2015.08.30-17.27.20:174][244]LogModuleManager: Shutting down and abandoning module WindowsTargetPlatform (25)
[2015.08.30-17.27.20:174][244]LogModuleManager: Shutting down and abandoning module WindowsServerTargetPlatform (24)
[2015.08.30-17.27.20:174][244]LogModuleManager: Shutting down and abandoning module WindowsNoEditorTargetPlatform (23)
[2015.08.30-17.27.20:174][244]LogModuleManager: Shutting down and abandoning module WindowsClientTargetPlatform (22)
[2015.08.30-17.27.20:174][244]LogModuleManager: Shutting down and abandoning module DesktopTargetPlatform (21)
[2015.08.30-17.27.20:174][244]LogModuleManager: Shutting down and abandoning module TargetPlatform (20)
[2015.08.30-17.27.20:174][244]LogModuleManager: Shutting down and abandoning module InputCore (19)
[2015.08.30-17.27.20:174][244]LogModuleManager: Shutting down and abandoning module Settings (18)
[2015.08.30-17.27.20:174][244]LogModuleManager: Shutting down and abandoning module OnlineSubsystem (16)
[2015.08.30-17.27.20:174][244]LogModuleManager: Shutting down and abandoning module HTTP (15)
[2015.08.30-17.27.20:174][244]LogModuleManager: Shutting down and abandoning module ExampleDeviceProfileSelector (14)
[2015.08.30-17.27.20:174][244]LogModuleManager: Shutting down and abandoning module TextureCompressor (13)
[2015.08.30-17.27.20:174][244]LogModuleManager: Shutting down and abandoning module ShaderCore (12)
[2015.08.30-17.27.20:174][244]LogModuleManager: Shutting down and abandoning module Landscape (11)
[2015.08.30-17.27.20:174][244]LogModuleManager: Shutting down and abandoning module SlateRHIRenderer (10)
[2015.08.30-17.27.20:175][244]LogModuleManager: Shutting down and abandoning module OpenGLDrv (9)
[2015.08.30-17.27.20:175][244]LogModuleManager: Shutting down and abandoning module D3D11RHI (8)
[2015.08.30-17.27.20:175][244]LogModuleManager: Shutting down and abandoning module Renderer (7)
[2015.08.30-17.27.20:175][244]LogModuleManager: Shutting down and abandoning module Engine (6)
[2015.08.30-17.27.20:175][244]LogModuleManager: Shutting down and abandoning module CoreUObject (5)
[2015.08.30-17.27.20:175][244]LogModuleManager: Shutting down and abandoning module NetworkFile (4)
[2015.08.30-17.27.20:175][244]LogModuleManager: Shutting down and abandoning module StreamingFile (3)
[2015.08.30-17.27.20:175][244]LogModuleManager: Shutting down and abandoning module SandboxFile (2)
[2015.08.30-17.27.20:175][244]LogModuleManager: Shutting down and abandoning module PakFile (1)
[2015.08.30-17.27.20:175][244]LogExit: Exiting.
[2015.08.30-17.27.20:177][244]Log file closed, 08/30/15 19:27:20
