[2015.09.23-16.34.35:540][  0]Log file open, 09/23/15 18:34:35
[2015.09.23-16.34.35:540][  0]LogInit:Display: Running engine for game: NotPartofGame
[2015.09.23-16.34.35:540][  0]LogInit:Display: RandInit(-1112423335) SRandInit(-1112423334).
[2015.09.23-16.34.35:540][  0]LogTaskGraph: Started task graph with 4 named threads and 7 total threads.
[2015.09.23-16.34.35:540][  0]LogStats: Stats thread started
[2015.09.23-16.34.35:540][  0]LogInit: Version: 4.8.3-2634408+++depot+UE4-Releases+4.8
[2015.09.23-16.34.35:540][  0]LogInit: API Version: 2579680
[2015.09.23-16.34.35:540][  0]LogInit: Compiled (64-bit): Jul 27 2015 16:24:33
[2015.09.23-16.34.35:540][  0]LogInit: Compiled with Visual C++: 18.00.21005.01
[2015.09.23-16.34.35:540][  0]LogInit: Build Configuration: Development
[2015.09.23-16.34.35:540][  0]LogInit: Branch Name: ++depot+UE4-Releases+4.8
[2015.09.23-16.34.35:540][  0]LogInit: Command line:  /Temp/Autosaves/Game/NPOTG/Maps/UEDPCTesting_Level -game -PIEVIACONSOLE -ResX=1280 -ResY=720  -Multiprocess 
[2015.09.23-16.34.35:540][  0]LogInit: Base directory: C:/Users/Bodoo/Documents/Programmieren/4.8/Engine/Binaries/Win64/
[2015.09.23-16.34.35:540][  0]LogInit: Rocket: 1
[2015.09.23-16.34.35:558][  0]LogInit: Using libcurl 7.41.0
[2015.09.23-16.34.35:558][  0]LogInit:  - built for x86_64-pc-win32
[2015.09.23-16.34.35:558][  0]LogInit:  - supports SSL with WinSSL
[2015.09.23-16.34.35:558][  0]LogInit:  - other features:
[2015.09.23-16.34.35:558][  0]LogInit:      CURL_VERSION_SSL
[2015.09.23-16.34.35:558][  0]LogInit:      CURL_VERSION_IPV6
[2015.09.23-16.34.35:558][  0]LogInit:      CURL_VERSION_ASYNCHDNS
[2015.09.23-16.34.35:558][  0]LogInit:      CURL_VERSION_LARGEFILE
[2015.09.23-16.34.35:558][  0]LogInit:      CURL_VERSION_IDN
[2015.09.23-16.34.35:558][  0]LogInit:  CurlRequestOptions (configurable via config and command line):
[2015.09.23-16.34.35:558][  0]LogInit:  - bVerifyPeer = true  - Libcurl will verify peer certificate
[2015.09.23-16.34.35:558][  0]LogInit:  - bUseHttpProxy = false  - Libcurl will NOT use HTTP proxy
[2015.09.23-16.34.35:558][  0]LogInit:  - bDontReuseConnections = false  - Libcurl will reuse connections
[2015.09.23-16.34.35:558][  0]LogInit:  - CertBundlePath = nullptr  - Libcurl will use whatever was configured at build time.
[2015.09.23-16.34.35:571][  0]LogOnline:Warning: No default platform service specified for OnlineSubsystem
[2015.09.23-16.34.35:586][  0]LogInit: Presizing for 0 objects not considered by GC, pre-allocating 0 bytes.
[2015.09.23-16.34.35:596][  0]LogInit: Object subsystem initialized
[2015.09.23-16.34.35:597][  0]LogConsoleResponse:Warning: Skipping Unknown console variable: 'UIScaleCurve = (EditorCurveData=(Keys=((Time=480.000000,Value=0.444000),(Time=720.000000,Value=0.666000),(Time=1080.000000,Value=1.000000),(Time=8640.000000,Value=8.000000))),ExternalCurve=None)'
[2015.09.23-16.34.35:597][  0]LogConsoleResponse:Warning:   Found in ini file 'C:/Users/Bodoo/Documents/Programmieren/Projekte/NotPartofTheGame/Saved/Config/Windows/Engine.ini', in section '[/Script/Engine.RendererSettings]'
[2015.09.23-16.34.35:597][  0]LogConsoleManager:Warning: Console variable 'r.MSAA.CompositingSampleCount' wasn't set ('Scalability' has a lower priority than 'ProjectSetting')
[2015.09.23-16.34.35:597][  0]LogInit: Selected Device Profile: [Windows]
[2015.09.23-16.34.35:597][  0]LogInit: Applying CVar settings loaded from the selected device profile: [Windows]
[2015.09.23-16.34.35:600][  0]LogInit: Computer: DESKTOP-GLF6O4V
[2015.09.23-16.34.35:600][  0]LogInit: User: Bodoo
[2015.09.23-16.34.35:600][  0]LogInit: CPU Page size=4096, Cores=4
[2015.09.23-16.34.35:600][  0]LogInit: High frequency timer resolution =3.215354 MHz
[2015.09.23-16.34.35:600][  0]LogMemory: Memory total: Physical=12.0GB (12GB approx)
[2015.09.23-16.34.35:600][  0]LogMemory: Platform Memory Stats for Windows
[2015.09.23-16.34.35:600][  0]LogMemory: Process Physical Memory: 51.30 MB used, 51.30 MB peak
[2015.09.23-16.34.35:600][  0]LogMemory: Process Virtual Memory: 22.75 MB used, 22.75 MB peak
[2015.09.23-16.34.35:601][  0]LogMemory: Physical Memory: 2387.99 MB used, 12270.45 MB total
[2015.09.23-16.34.35:601][  0]LogMemory: Virtual Memory: 310.63 MB used, 134217728.00 MB total
[2015.09.23-16.34.35:629][  0]LogTextLocalizationManager: The requested culture ('de_DE') has no localization data; falling back to 'en' for localization and internationalization data.
[2015.09.23-16.34.35:869][  0]LogTextLocalizationManager:Warning: Loaded localization resources contain conflicting entries for (Namespace:ContentBrowser, Key:ImportAssetToolTip):
Localization Resource: (C:/Users/Bodoo/Documents/Programmieren/4.8/Engine/Content/Localization/Editor/en/Editor.locres) Source String Hash: (-630476809) Localized String: (Import to {0}...)
Localization Resource: (C:/Users/Bodoo/Documents/Programmieren/4.8/Engine/Content/Localization/Editor/en/Editor.locres) Source String Hash: (1271782899) Localized String: (Imports an asset from file to this folder.)
[2015.09.23-16.34.36:199][  0]LogD3D11RHI: Found D3D11 adapter 0: AMD Radeon HD 6800 Series (Feature Level 11_0)
[2015.09.23-16.34.36:199][  0]LogD3D11RHI: Adapter has 1011MB of dedicated video memory, 0MB of dedicated system memory, and 3840MB of shared system memory, 1 output[s]
[2015.09.23-16.34.36:200][  0]LogD3D11RHI: Found D3D11 adapter 1: Microsoft Basic Render Driver (Feature Level 11_0)
[2015.09.23-16.34.36:200][  0]LogD3D11RHI: Adapter has 0MB of dedicated video memory, 0MB of dedicated system memory, and 6135MB of shared system memory, 0 output[s]
[2015.09.23-16.34.36:200][  0]LogD3D11RHI: Chosen D3D11 Adapter Id = 0
[2015.09.23-16.34.36:204][  0]LogD3D11RHI: InitD3DDevice
[2015.09.23-16.34.36:204][  0]LogD3D11RHI: !Direct3DDevice
[2015.09.23-16.34.36:204][  0]LogRHI: Texture pool is 708 MB (70% of 1011 MB)
[2015.09.23-16.34.36:210][  0]LogD3D11RHI: Async texture creation disabled: no driver support
[2015.09.23-16.34.36:219][  0]LogShaderCompilers:Display: Using Local Shader Compiler.
[2015.09.23-16.34.37:006][  0]LogTemp:Display: Loaded TP DesktopTargetPlatform
[2015.09.23-16.34.37:020][  0]LogTemp:Display: Loaded TP WindowsClientTargetPlatform
[2015.09.23-16.34.37:034][  0]LogTemp:Display: Loaded TP WindowsNoEditorTargetPlatform
[2015.09.23-16.34.37:047][  0]LogTemp:Display: Loaded TP WindowsServerTargetPlatform
[2015.09.23-16.34.37:063][  0]LogTemp:Display: Loaded TP WindowsTargetPlatform
[2015.09.23-16.34.37:075][  0]LogTemp:Display: Loaded TP AndroidTargetPlatform
[2015.09.23-16.34.37:087][  0]LogTemp:Display: Loaded TP Android_ASTCTargetPlatform
[2015.09.23-16.34.37:100][  0]LogTemp:Display: Loaded TP Android_ATCTargetPlatform
[2015.09.23-16.34.37:112][  0]LogTemp:Display: Loaded TP Android_DXTTargetPlatform
[2015.09.23-16.34.37:125][  0]LogTemp:Display: Loaded TP Android_ETC1TargetPlatform
[2015.09.23-16.34.37:137][  0]LogTemp:Display: Loaded TP Android_ETC2TargetPlatform
[2015.09.23-16.34.37:150][  0]LogTemp:Display: Loaded TP Android_PVRTCTargetPlatform
[2015.09.23-16.34.37:199][  0]LogTemp:Display: Loaded TP IOSTargetPlatform
[2015.09.23-16.34.37:211][  0]LogTemp:Display: Loaded TP LinuxNoEditorTargetPlatform
[2015.09.23-16.34.37:224][  0]LogTemp:Display: Loaded TP LinuxServerTargetPlatform
[2015.09.23-16.34.37:239][  0]LogTemp:Display: Loaded TP LinuxTargetPlatform
[2015.09.23-16.34.37:239][  0]LogTargetPlatformManager:Display: Building Assets For Windows
[2015.09.23-16.34.37:441][  0]LogDerivedDataCache:Display: Max Cache Size: 512 MB
[2015.09.23-16.34.37:511][  0]LogDerivedDataCache: Loaded boot cache 0.07s 53MB C:/Users/Bodoo/AppData/Local/UnrealEngine/4.8/DerivedDataCache/Boot.ddc.
[2015.09.23-16.34.37:511][  0]LogDerivedDataCache:Display: Loaded Boot cache: C:/Users/Bodoo/AppData/Local/UnrealEngine/4.8/DerivedDataCache/Boot.ddc
[2015.09.23-16.34.37:512][  0]LogDerivedDataCache: FDerivedDataBackendGraph:  Pak pak cache file ../../../../Projekte/NotPartofTheGame/DerivedDataCache/DDC.ddp not found, will not use a pak cache.
[2015.09.23-16.34.37:512][  0]LogDerivedDataCache: Unable to find inner node Pak for hierarchical cache Hierarchy.
[2015.09.23-16.34.37:512][  0]LogDerivedDataCache: FDerivedDataBackendGraph:  CompressedPak pak cache file ../../../../Projekte/NotPartofTheGame/DerivedDataCache/Compressed.ddp not found, will not use a pak cache.
[2015.09.23-16.34.37:512][  0]LogDerivedDataCache: Unable to find inner node CompressedPak for hierarchical cache Hierarchy.
[2015.09.23-16.34.37:660][  0]LogDerivedDataCache:Display: Pak cache opened for reading ../../../Engine/DerivedDataCache/Compressed.ddp.
[2015.09.23-16.34.37:672][  0]LogDerivedDataCache: Using Local data cache path C:/Users/Bodoo/AppData/Local/UnrealEngine/Common/DerivedDataCache: Writable
[2015.09.23-16.34.37:907][  0]LogInit: Selected Device Profile: [Windows]
[2015.09.23-16.34.37:992][  0]ImportText (ComponentSweepMultiTests): Missing closing parenthesis: (RootShapeAsset="/Engine/BasicShapes/Cube.Cube",ShapeType="TriggerCapsule",HitResult=(Time=0.50,Location=(X=-100.000015,Y=0.0,Z=100.000015),ImpactPoint=(X=-50.0,Y=0.0,Z=50.0),Normal=(X=-1.0,Y=-0.0,Z=0.0),ImpactNormal=(X=0.0,Y=0.0,Z=1.0),TraceStart=(X=-200.0,Y=0.0,Z=200.0),TraceEnd=(X=0.0,Y=0.0,Z=0.0))
[2015.09.23-16.34.37:993][  0]ImportText (LineTraceSingleByChannelTests): Missing closing parenthesis: (RootShapeAsset="/Engine/BasicShapes/Cube.Cube",HitResult=(Time=0.50,Location=(X=-100.000015,Y=0.0,Z=100.000015),ImpactPoint=(X=-50.0,Y=0.0,Z=50.0),Normal=(X=-1.0,Y=-0.0,Z=0.0),ImpactNormal=(X=0.0,Y=0.0,Z=1.0),TraceStart=(X=-200.0,Y=0.0,Z=200.0),TraceEnd=(X=0.0,Y=0.0,Z=0.0))
[2015.09.23-16.34.38:019][  0]LogMeshUtilities: No automatic mesh reduction module available
[2015.09.23-16.34.38:019][  0]LogMeshUtilities: No automatic mesh merging module available
[2015.09.23-16.34.38:312][  0]LogInit: WinSock: version 1.1 (2.2), MaxSocks=32767, MaxUdp=65467
[2015.09.23-16.34.38:737][  0]LogD3D11RHI: InitD3DDevice
[2015.09.23-16.34.38:741][  0]LogWindowsMoviePlayer: Unable to load movie: ../../../../Projekte/NotPartofTheGame/Content/Movies/Default_Startup.mp4
[2015.09.23-16.34.38:879][  0]LogAssetRegistry: FAssetRegistry took 0.0001 seconds to start up
[2015.09.23-16.34.38:923][  0]SourceControl: Info Source control is disabled
[2015.09.23-16.34.38:923][  0]SourceControl: Info Source control is disabled
[2015.09.23-16.34.38:933][  0]SourceControl: Info Source control is disabled
[2015.09.23-16.34.39:113][  0]LogObj: 25913 objects as part of root set at end of initial load.
[2015.09.23-16.34.39:113][  0]LogUObjectAllocator: 5218488 out of 0 bytes used by permanent object pool.
[2015.09.23-16.34.39:181][  0]LogAutomationTest:Warning: ERR: Transient text cannot be serialized "Testing Transient serialization detection".
[2015.09.23-16.34.39:181][  0]LogEngine: Initializing Engine...
[2015.09.23-16.34.39:183][  0]LogHMD: Can't find Oculus library dev build: is proper Runtime installed? Version: 0.6.0.0
[2015.09.23-16.34.39:184][  0]LogHMD:Warning: SteamVR failed to initialize.  Error: 110
[2015.09.23-16.34.39:274][  0]LogInit: XAudio2 using 'Lautsprecher (Realtek High Definition Audio)' : 2 channels at 48 kHz using 32 bits per sample (channel mask 0x3)
[2015.09.23-16.34.39:282][  0]LogInit: FAudioDevice initialized.
[2015.09.23-16.34.39:293][  0]LogInit: Texture streaming: Disabled
[2015.09.23-16.34.39:356][  0]LogNet: Browse: /Temp/Autosaves/Game/NPOTG/Maps/UEDPCTesting_Level?Name=Player
[2015.09.23-16.34.39:356][  0]LogLoad: LoadMap: /Temp/Autosaves/Game/NPOTG/Maps/UEDPCTesting_Level?Name=Player
[2015.09.23-16.34.39:366][  0]LogParticles: Destroying 0 GPU particle simulations for FXSystem 0x00000009DDA47560
[2015.09.23-16.34.39:374][  0]LogMemory: Platform Memory Stats for Windows
[2015.09.23-16.34.39:374][  0]LogMemory: Process Physical Memory: 335.11 MB used, 335.11 MB peak
[2015.09.23-16.34.39:374][  0]LogMemory: Process Virtual Memory: 371.07 MB used, 371.07 MB peak
[2015.09.23-16.34.39:374][  0]LogMemory: Physical Memory: 2627.08 MB used, 12270.45 MB total
[2015.09.23-16.34.39:374][  0]LogMemory: Virtual Memory: 888.05 MB used, 134217728.00 MB total
[2015.09.23-16.34.39:374][  0]LogMemory: 
[2015.09.23-16.34.39:374][  0]Allocator Stats for TBB: (not implemented)
[2015.09.23-16.34.39:667][  0]LogProperty:Warning: ERR: Transient text cannot be serialized "ReturnValue Z".
[2015.09.23-16.34.39:667][  0]LogProperty:Warning: ERR: Transient text cannot be serialized "ReturnValue Y".
[2015.09.23-16.34.39:667][  0]LogProperty:Warning: ERR: Transient text cannot be serialized "ReturnValue X".
[2015.09.23-16.34.39:988][  0]LogProperty:Warning: ERR: Transient text cannot be serialized "ReturnValue Z".
[2015.09.23-16.34.39:988][  0]LogProperty:Warning: ERR: Transient text cannot be serialized "ReturnValue Y".
[2015.09.23-16.34.39:988][  0]LogProperty:Warning: ERR: Transient text cannot be serialized "ReturnValue X".
[2015.09.23-16.34.40:350][  0]LogProperty:Warning: ERR: Transient text cannot be serialized "NewRotation Roll".
[2015.09.23-16.34.40:350][  0]LogProperty:Warning: ERR: Transient text cannot be serialized "NewRotation Yaw".
[2015.09.23-16.34.40:350][  0]LogProperty:Warning: ERR: Transient text cannot be serialized "NewRotation Pitch".
[2015.09.23-16.34.40:350][  0]LogProperty:Warning: ERR: Transient text cannot be serialized "NewRotation Roll".
[2015.09.23-16.34.40:350][  0]LogProperty:Warning: ERR: Transient text cannot be serialized "NewRotation Yaw".
[2015.09.23-16.34.40:350][  0]LogProperty:Warning: ERR: Transient text cannot be serialized "NewRotation Pitch".
[2015.09.23-16.34.40:354][  0]LogProperty:Warning: ERR: Transient text cannot be serialized "ReturnValue Z".
[2015.09.23-16.34.40:354][  0]LogProperty:Warning: ERR: Transient text cannot be serialized "ReturnValue Y".
[2015.09.23-16.34.40:354][  0]LogProperty:Warning: ERR: Transient text cannot be serialized "ReturnValue X".
[2015.09.23-16.34.40:410][  0]LogProperty:Warning: ERR: Transient text cannot be serialized "NewRotation Roll".
[2015.09.23-16.34.40:410][  0]LogProperty:Warning: ERR: Transient text cannot be serialized "NewRotation Yaw".
[2015.09.23-16.34.40:410][  0]LogProperty:Warning: ERR: Transient text cannot be serialized "NewRotation Pitch".
[2015.09.23-16.34.40:410][  0]LogProperty:Warning: ERR: Transient text cannot be serialized "NewRotation Roll".
[2015.09.23-16.34.40:410][  0]LogProperty:Warning: ERR: Transient text cannot be serialized "NewRotation Yaw".
[2015.09.23-16.34.40:410][  0]LogProperty:Warning: ERR: Transient text cannot be serialized "NewRotation Pitch".
[2015.09.23-16.34.40:414][  0]LogProperty:Warning: ERR: Transient text cannot be serialized "ReturnValue Z".
[2015.09.23-16.34.40:414][  0]LogProperty:Warning: ERR: Transient text cannot be serialized "ReturnValue Y".
[2015.09.23-16.34.40:414][  0]LogProperty:Warning: ERR: Transient text cannot be serialized "ReturnValue X".
[2015.09.23-16.34.41:621][  0]LogAIModule: Creating AISystem for world Testing_Level
[2015.09.23-16.34.41:621][  0]LogWorld: Game class is '2DSideScrollerGameMode_C'
[2015.09.23-16.34.41:713][  0]LogWorld: Bringing World /Temp/Autosaves/Game/NPOTG/Maps/UEDPCTesting_Level.Testing_Level up for play (max tick rate 0) at 2015.09.23-18.34.41
[2015.09.23-16.34.41:730][  0]LogWorld: Bringing up level for play took: 0.106161
[2015.09.23-16.34.41:734][  0]LogInit:Display: Game Engine Initialized.
[2015.09.23-16.34.41:959][  0]LogLoad: Full Startup: 7.99 seconds (BP compile: 1.16 seconds)
[2015.09.23-16.34.41:976][  0]LogWindowsTextInputMethodSystem:Display: IME system now deactivated.
[2015.09.23-16.34.41:976][  0]LogWindowsTextInputMethodSystem:Display: IME system now deactivated.
[2015.09.23-16.34.41:979][  0]LogContentStreaming: Texture pool size is 1000.000000MB
[2015.09.23-16.34.42:109][  0]LogRenderer: Reallocating scene render targets to support 1280x720 (Frame:2).
[2015.09.23-16.34.42:230][  1]LogScript:Warning: Accessed None 'PointA'
	wolf_C /Temp/Autosaves/Game/NPOTG/Maps/UEDPCTesting_Level.Testing_Level:PersistentLevel.wolf_C_8
	Function /Game/NPOTG/Blueprints/Charaktere/wolf.wolf_C:ExecuteUbergraph_wolf:003A
[2015.09.23-16.34.42:230][  1]LogScript:Warning: Accessed None 'PointB'
	wolf_C /Temp/Autosaves/Game/NPOTG/Maps/UEDPCTesting_Level.Testing_Level:PersistentLevel.wolf_C_8
	Function /Game/NPOTG/Blueprints/Charaktere/wolf.wolf_C:ExecuteUbergraph_wolf:0065
[2015.09.23-16.34.42:245][  2]LogScript:Warning: Accessed None 'PointA'
	wolf_C /Temp/Autosaves/Game/NPOTG/Maps/UEDPCTesting_Level.Testing_Level:PersistentLevel.wolf_C_8
	Function /Game/NPOTG/Blueprints/Charaktere/wolf.wolf_C:ExecuteUbergraph_wolf:003A
[2015.09.23-16.34.42:245][  2]LogScript:Warning: Accessed None 'PointB'
	wolf_C /Temp/Autosaves/Game/NPOTG/Maps/UEDPCTesting_Level.Testing_Level:PersistentLevel.wolf_C_8
	Function /Game/NPOTG/Blueprints/Charaktere/wolf.wolf_C:ExecuteUbergraph_wolf:0065
[2015.09.23-16.34.42:265][  3]LogScript:Warning: Accessed None 'PointA'
	wolf_C /Temp/Autosaves/Game/NPOTG/Maps/UEDPCTesting_Level.Testing_Level:PersistentLevel.wolf_C_8
	Function /Game/NPOTG/Blueprints/Charaktere/wolf.wolf_C:ExecuteUbergraph_wolf:003A
[2015.09.23-16.34.42:265][  3]LogScript:Warning: Accessed None 'PointB'
	wolf_C /Temp/Autosaves/Game/NPOTG/Maps/UEDPCTesting_Level.Testing_Level:PersistentLevel.wolf_C_8
	Function /Game/NPOTG/Blueprints/Charaktere/wolf.wolf_C:ExecuteUbergraph_wolf:0065
[2015.09.23-16.34.42:281][  4]LogScript:Warning: Accessed None 'PointA'
	wolf_C /Temp/Autosaves/Game/NPOTG/Maps/UEDPCTesting_Level.Testing_Level:PersistentLevel.wolf_C_8
	Function /Game/NPOTG/Blueprints/Charaktere/wolf.wolf_C:ExecuteUbergraph_wolf:003A
[2015.09.23-16.34.42:281][  4]LogScript:Warning: Accessed None 'PointB'
	wolf_C /Temp/Autosaves/Game/NPOTG/Maps/UEDPCTesting_Level.Testing_Level:PersistentLevel.wolf_C_8
	Function /Game/NPOTG/Blueprints/Charaktere/wolf.wolf_C:ExecuteUbergraph_wolf:0065
[2015.09.23-16.34.42:297][  5]LogScript:Warning: Accessed None 'PointA'
	wolf_C /Temp/Autosaves/Game/NPOTG/Maps/UEDPCTesting_Level.Testing_Level:PersistentLevel.wolf_C_8
	Function /Game/NPOTG/Blueprints/Charaktere/wolf.wolf_C:ExecuteUbergraph_wolf:003A
[2015.09.23-16.34.42:297][  5]LogScript:Warning: Accessed None 'PointB'
	wolf_C /Temp/Autosaves/Game/NPOTG/Maps/UEDPCTesting_Level.Testing_Level:PersistentLevel.wolf_C_8
	Function /Game/NPOTG/Blueprints/Charaktere/wolf.wolf_C:ExecuteUbergraph_wolf:0065
[2015.09.23-16.34.42:313][  6]LogScript:Warning: Accessed None 'PointA'
	wolf_C /Temp/Autosaves/Game/NPOTG/Maps/UEDPCTesting_Level.Testing_Level:PersistentLevel.wolf_C_8
	Function /Game/NPOTG/Blueprints/Charaktere/wolf.wolf_C:ExecuteUbergraph_wolf:003A
[2015.09.23-16.34.42:313][  6]LogScript:Warning: Accessed None 'PointB'
	wolf_C /Temp/Autosaves/Game/NPOTG/Maps/UEDPCTesting_Level.Testing_Level:PersistentLevel.wolf_C_8
	Function /Game/NPOTG/Blueprints/Charaktere/wolf.wolf_C:ExecuteUbergraph_wolf:0065
[2015.09.23-16.34.42:329][  7]LogScript:Warning: Accessed None 'PointA'
	wolf_C /Temp/Autosaves/Game/NPOTG/Maps/UEDPCTesting_Level.Testing_Level:PersistentLevel.wolf_C_8
	Function /Game/NPOTG/Blueprints/Charaktere/wolf.wolf_C:ExecuteUbergraph_wolf:003A
[2015.09.23-16.34.42:329][  7]LogScript:Warning: Accessed None 'PointB'
	wolf_C /Temp/Autosaves/Game/NPOTG/Maps/UEDPCTesting_Level.Testing_Level:PersistentLevel.wolf_C_8
	Function /Game/NPOTG/Blueprints/Charaktere/wolf.wolf_C:ExecuteUbergraph_wolf:0065
[2015.09.23-16.34.42:345][  8]LogScript:Warning: Accessed None 'PointA'
	wolf_C /Temp/Autosaves/Game/NPOTG/Maps/UEDPCTesting_Level.Testing_Level:PersistentLevel.wolf_C_8
	Function /Game/NPOTG/Blueprints/Charaktere/wolf.wolf_C:ExecuteUbergraph_wolf:003A
[2015.09.23-16.34.42:345][  8]LogScript:Warning: Accessed None 'PointB'
	wolf_C /Temp/Autosaves/Game/NPOTG/Maps/UEDPCTesting_Level.Testing_Level:PersistentLevel.wolf_C_8
	Function /Game/NPOTG/Blueprints/Charaktere/wolf.wolf_C:ExecuteUbergraph_wolf:0065
[2015.09.23-16.34.42:362][  9]LogScript:Warning: Accessed None 'PointA'
	wolf_C /Temp/Autosaves/Game/NPOTG/Maps/UEDPCTesting_Level.Testing_Level:PersistentLevel.wolf_C_8
	Function /Game/NPOTG/Blueprints/Charaktere/wolf.wolf_C:ExecuteUbergraph_wolf:003A
[2015.09.23-16.34.51:187][554]LogScriptCore: Script call stack:
	Function /Game/NPOTG/Blueprints/Charaktere/wolf.wolf_C:BndEvt__see cone_K2Node_ComponentBoundEvent_90_ComponentBeginOverlapSignature__DelegateSignature
	Function /Game/NPOTG/Blueprints/Charaktere/wolf.wolf_C:ExecuteUbergraph_wolf
	Function /Game/NPOTG/Blueprints/Charaktere/wolf.wolf_C:start the fight
	Function /Game/NPOTG/Blueprints/Charaktere/wolf.wolf_C:construct fight
	Function /Game/NPOTG/Blueprints/Charaktere/wolf.wolf_C:start the fight
	Function /Game/NPOTG/Blueprints/Charaktere/wolf.wolf_C:construct fight
	Function /Game/NPOTG/Blueprints/Charaktere/wolf.wolf_C:start the fight
	Function /Game/NPOTG/Blueprints/Charaktere/wolf.wolf_C:construct fight
	Function /Game/NPOTG/Blueprints/Charaktere/wolf.wolf_C:start the fight
	Function /Game/NPOTG/Blueprints/Charaktere/wolf.wolf_C:construct fight
	Function /Game/NPOTG/Blueprints/Charaktere/wolf.wolf_C:start the fight
	Function /Game/NPOTG/Blueprints/Charaktere/wolf.wolf_C:construct fight
	Function /Game/NPOTG/Blueprints/Charaktere/wolf.wolf_C:start the fight
	Function /Game/NPOTG/Blueprints/Charaktere/wolf.wolf_C:construct fight
	Function /Game/NPOTG/Blueprints/Charaktere/wolf.wolf_C:start the fight
	Function /Game/NPOTG/Blueprints/Charaktere/wolf.wolf_C:construct fight
	Function /Game/NPOTG/Blueprints/Charaktere/wolf.wolf_C:start the fight
	Function /Game/NPOTG/Blueprints/Charaktere/wolf.wolf_C:construct fight
	Function /Game/NPOTG/Blueprints/Charaktere/wolf.wolf_C:start the fight
	Function /Game/NPOTG/Blueprints/Charaktere/wolf.wolf_C:construct fight
	Function /Game/NPOTG/Blueprints/Charaktere/wolf.wolf_C:start the fight
	Function /Game/NPOTG/Blueprints/Charaktere/wolf.wolf_C:construct fight
	Function /Game/NPOTG/Blueprints/Charaktere/wolf.wolf_C:start the fight
	Function /Game/NPOTG/Blueprints/Charaktere/wolf.wolf_C:construct fight
	Function /Game/NPOTG/Blueprints/Charaktere/wolf.wolf_C:start the fight
	Function /Game/NPOTG/Blueprints/Charaktere/wolf.wolf_C:construct fight
	Function /Game/NPOTG/Blueprints/Charaktere/wolf.wolf_C:start the fight
	Function /Game/NPOTG/Blueprints/Charaktere/wolf.wolf_C:construct fight
	Function /Game/NPOTG/Blueprints/Charaktere/wolf.wolf_C:start the fight
	Function /Game/NPOTG/Blueprints/Charaktere/wolf.wolf_C:construct fight
	Function /Game/NPOTG/Blueprints/Charaktere/wolf.wolf_C:start the fight
	Function /Game/NPOTG/Blueprints/Charaktere/wolf.wolf_C:construct fight
	Function /Game/NPOTG/Blueprints/Charaktere/wolf.wolf_C:start the fight
	Function /Game/NPOTG/Blueprints/Charaktere/wolf.wolf_C:construct fight
	Function /Game/NPOTG/Blueprints/Charaktere/wolf.wolf_C:start the fight
	Function /Game/NPOTG/Blueprints/Charaktere/wolf.wolf_C:construct fight
	Function /Game/NPOTG/Blueprints/Charaktere/wolf.wolf_C:start the fight
	Function /Game/NPOTG/Blueprints/Charaktere/wolf.wolf_C:construct fight
	Function /Game/NPOTG/Blueprints/Charaktere/wolf.wolf_C:start the fight
	Function /Game/NPOTG/Blueprints/Charaktere/wolf.wolf_C:construct fight
	Function /Game/NPOTG/Blueprints/Charaktere/wolf.wolf_C:start the fight
	Function /Game/NPOTG/Blueprints/Charaktere/wolf.wolf_C:construct fight
	Function /Game/NPOTG/Blueprints/Charaktere/wolf.wolf_C:start the fight
	Function /Game/NPOTG/Blueprints/Charaktere/wolf.wolf_C:construct fight
	Function /Game/NPOTG/Blueprints/Charaktere/wolf.wolf_C:start the fight
	Function /Game/NPOTG/Blueprints/Charaktere/wolf.wolf_C:construct fight
	Function /Game/NPOTG/Blueprints/Charaktere/wolf.wolf_C:start the fight
	Function /Game/NPOTG/Blueprints/Charaktere/wolf.wolf_C:construct fight
	Function /Game/NPOTG/Blueprints/Charaktere/wolf.wolf_C:start the fight
	Function /Game/NPOTG/Blueprints/Charaktere/wolf.wolf_C:construct fight
	Function /Game/NPOTG/Blueprints/Charaktere/wolf.wolf_C:start the fight
	Function /Game/NPOTG/Blueprints/Charaktere/wolf.wolf_C:construct fight
	Function /Game/NPOTG/Blueprints/Charaktere/wolf.wolf_C:start the fight
	Function /Game/NPOTG/Blueprints/Charaktere/wolf.wolf_C:construct fight
	Function /Game/NPOTG/Blueprints/Charaktere/wolf.wolf_C:start the fight
	Function /Game/NPOTG/Blueprints/Charaktere/wolf.wolf_C:construct fight
	Function /Game/NPOTG/Blueprints/Charaktere/wolf.wolf_C:start the fight
	Function /Game/NPOTG/Blueprints/Charaktere/wolf.wolf_C:construct fight
	Function /Game/NPOTG/Blueprints/Charaktere/wolf.wolf_C:start the fight
	Function /Game/NPOTG/Blueprints/Charaktere/wolf.wolf_C:construct fight
	Function /Game/NPOTG/Blueprints/Charaktere/wolf.wolf_C:start the fight
	Function /Game/NPOTG/Blueprints/Charaktere/wolf.wolf_C:construct fight
	Function /Game/NPOTG/Blueprints/Charaktere/wolf.wolf_C:start the fight
	Function /Game/NPOTG/Blueprints/Charaktere/wolf.wolf_C:construct fight
	Function /Game/NPOTG/Blueprints/Charaktere/wolf.wolf_C:start the fight
	Function /Game/NPOTG/Blueprints/Charaktere/wolf.wolf_C:construct fight
	Function /Game/NPOTG/Blueprints/Charaktere/wolf.wolf_C:start the fight
	Function /Game/NPOTG/Blueprints/Charaktere/wolf.wolf_C:construct fight
	Function /Game/NPOTG/Blueprints/Charaktere/wolf.wolf_C:start the fight
	Function /Game/NPOTG/Blueprints/Charaktere/wolf.wolf_C:construct fight
	Function /Game/NPOTG/Blueprints/Charaktere/wolf.wolf_C:start the fight
	Function /Game/NPOTG/Blueprints/Charaktere/wolf.wolf_C:construct fight
	Function /Game/NPOTG/Blueprints/Charaktere/wolf.wolf_C:start the fight
	Function /Game/NPOTG/Blueprints/Charaktere/wolf.wolf_C:construct fight
	Function /Game/NPOTG/Blueprints/Charaktere/wolf.wolf_C:start the fight
	Function /Game/NPOTG/Blueprints/Charaktere/wolf.wolf_C:construct fight
	Function /Game/NPOTG/Blueprints/Charaktere/wolf.wolf_C:start the fight
	Function /Game/NPOTG/Blueprints/Charaktere/wolf.wolf_C:construct fight
	Function /Game/NPOTG/Blueprints/Charaktere/wolf.wolf_C:start the fight
	Function /Game/NPOTG/Blueprints/Charaktere/wolf.wolf_C:construct fight
	Function /Game/NPOTG/Blueprints/Charaktere/wolf.wolf_C:start the fight
	Function /Game/NPOTG/Blueprints/Charaktere/wolf.wolf_C:construct fight
	Function /Game/NPOTG/Blueprints/Charaktere/wolf.wolf_C:start the fight
	Function /Game/NPOTG/Blueprints/Charaktere/wolf.wolf_C:construct fight
	Function /Game/NPOTG/Blueprints/Charaktere/wolf.wolf_C:start the fight
	Function /Game/NPOTG/Blueprints/Charaktere/wolf.wolf_C:construct fight
	Function /Game/NPOTG/Blueprints/Charaktere/wolf.wolf_C:start the fight
	Function /Game/NPOTG/Blueprints/Charaktere/wolf.wolf_C:construct fight
	Function /Game/NPOTG/Blueprints/Charaktere/wolf.wolf_C:start the fight
	Function /Game/NPOTG/Blueprints/Charaktere/wolf.wolf_C:construct fight
	Function /Game/NPOTG/Blueprints/Charaktere/wolf.wolf_C:start the fight
	Function /Game/NPOTG/Blueprints/Charaktere/wolf.wolf_C:construct fight
	Function /Game/NPOTG/Blueprints/Charaktere/wolf.wolf_C:start the fight
	Function /Game/NPOTG/Blueprints/Charaktere/wolf.wolf_C:construct fight
	Function /Game/NPOTG/Blueprints/Charaktere/wolf.wolf_C:start the fight
	Function /Game/NPOTG/Blueprints/Charaktere/wolf.wolf_C:construct fight
	Function /Game/NPOTG/Blueprints/Charaktere/wolf.wolf_C:start the fight
	Function /Game/NPOTG/Blueprints/Charaktere/wolf.wolf_C:construct fight
	Function /Game/NPOTG/Blueprints/Charaktere/wolf.wolf_C:start the fight
	Function /Game/NPOTG/Blueprints/Charaktere/wolf.wolf_C:construct fight
	Function /Game/NPOTG/Blueprints/Charaktere/wolf.wolf_C:start the fight
	Function /Game/NPOTG/Blueprints/Charaktere/wolf.wolf_C:construct fight
	Function /Game/NPOTG/Blueprints/Charaktere/wolf.wolf_C:start the fight
	Function /Game/NPOTG/Blueprints/Charaktere/wolf.wolf_C:construct fight
	Function /Game/NPOTG/Blueprints/Charaktere/wolf.wolf_C:start the fight
	Function /Game/NPOTG/Blueprints/Charaktere/wolf.wolf_C:construct fight
	Function /Game/NPOTG/Blueprints/Charaktere/wolf.wolf_C:start the fight
	Function /Game/NPOTG/Blueprints/Charaktere/wolf.wolf_C:construct fight
	Function /Game/NPOTG/Blueprints/Charaktere/wolf.wolf_C:start the fight
	Function /Game/NPOTG/Blueprints/Charaktere/wolf.wolf_C:construct fight
	Function /Game/NPOTG/Blueprints/Charaktere/wolf.wolf_C:start the fight
	Function /Game/NPOTG/Blueprints/Charaktere/wolf.wolf_C:construct fight
	Function /Game/NPOTG/Blueprints/Charaktere/wolf.wolf_C:start the fight
	Function /Game/NPOTG/Blueprints/Charaktere/wolf.wolf_C:construct fight
	Function /Game/NPOTG/Blueprints/Charaktere/wolf.wolf_C:start the fight
	Function /Game/NPOTG/Blueprints/Charaktere/wolf.wolf_C:construct fight
	Function /Game/NPOTG/Blueprints/Charaktere/wolf.wolf_C:start the fight
	Function /Game/NPOTG/Blueprints/Charaktere/wolf.wolf_C:construct fight
	Function /Game/NPOTG/Blueprints/Charaktere/wolf.wolf_C:start the fight
	Function /Game/NPOTG/Blueprints/Charaktere/wolf.wolf_C:construct fight
	Function /Game/NPOTG/Blueprints/Charaktere/wolf.wolf_C:start the fight
	Function /Game/NPOTG/Blueprints/Charaktere/wolf.wolf_C:construct fight
	Function /Game/NPOTG/Blueprints/Charaktere/wolf.wolf_C:start the fight
	Function /Game/NPOTG/Blueprints/Charaktere/wolf.wolf_C:construct fight
	Function /Game/NPOTG/Blueprints/Charaktere/wolf.wolf_C:start the fight
	Function /Game/NPOTG/Blueprints/Charaktere/wolf.wolf_C:construct fight
	Function /Game/NPOTG/Blueprints/Charaktere/wolf.wolf_C:start the fight
	Function /Game/NPOTG/Blueprints/Charaktere/wolf.wolf_C:construct fight
	Function /Game/NPOTG/Blueprints/Charaktere/wolf.wolf_C:start the fight
	Function /Game/NPOTG/Blueprints/Charaktere/wolf.wolf_C:construct fight
	Function /Game/NPOTG/Blueprints/Charaktere/wolf.wolf_C:start the fight
	Function /Game/NPOTG/Blueprints/Charaktere/wolf.wolf_C:construct fight
	Function /Game/NPOTG/Blueprints/Charaktere/wolf.wolf_C:start the fight
	Function /Game/NPOTG/Blueprints/Charaktere/wolf.wolf_C:construct fight
	Function /Game/NPOTG/Blueprints/Charaktere/wolf.wolf_C:start the fight
	Function /Game/NPOTG/Blueprints/Charaktere/wolf.wolf_C:construct fight
	Function /Game/NPOTG/Blueprints/Charaktere/wolf.wolf_C:start the fight
	Function /Game/NPOTG/Blueprints/Charaktere/wolf.wolf_C:construct fight
	Function /Game/NPOTG/Blueprints/Charaktere/wolf.wolf_C:start the fight
	Function /Game/NPOTG/Blueprints/Charaktere/wolf.wolf_C:construct fight
	Function /Game/NPOTG/Blueprints/Charaktere/wolf.wolf_C:start the fight
	Function /Game/NPOTG/Blueprints/Charaktere/wolf.wolf_C:construct fight
	Function /Game/NPOTG/Blueprints/Charaktere/wolf.wolf_C:start the fight
	Function /Game/NPOTG/Blueprints/Charaktere/wolf.wolf_C:construct fight
	Function /Game/NPOTG/Blueprints/Charaktere/wolf.wolf_C:start the fight
	Function /Game/NPOTG/Blueprints/Charaktere/wolf.wolf_C:construct fight
	Function /Game/NPOTG/Blueprints/Charaktere/wolf.wolf_C:start the fight
	Function /Game/NPOTG/Blueprints/Charaktere/wolf.wolf_C:construct fight
	Function /Game/NPOTG/Blueprints/Charaktere/wolf.wolf_C:start the fight
	Function /Game/NPOTG/Blueprints/Charaktere/wolf.wolf_C:construct fight
	Function /Game/NPOTG/Blueprints/Charaktere/wolf.wolf_C:start the fight
	Function /Game/NPOTG/Blueprints/Charaktere/wolf.wolf_C:construct fight
	Function /Game/NPOTG/Blueprints/Charaktere/wolf.wolf_C:start the fight
	Function /Game/NPOTG/Blueprints/Charaktere/wolf.wolf_C:construct fight
	Function /Game/NPOTG/Blueprints/Charaktere/wolf.wolf_C:start the fight
	Function /Game/NPOTG/Blueprints/Charaktere/wolf.wolf_C:construct fight
	Function /Game/NPOTG/Blueprints/Charaktere/wolf.wolf_C:start the fight
	Function /Game/NPOTG/Blueprints/Charaktere/wolf.wolf_C:construct fight
	Function /Game/NPOTG/Blueprints/Charaktere/wolf.wolf_C:start the fight
	Function /Game/NPOTG/Blueprints/Charaktere/wolf.wolf_C:construct fight
	Function /Game/NPOTG/Blueprints/Charaktere/wolf.wolf_C:start the fight
	Function /Game/NPOTG/Blueprints/Charaktere/wolf.wolf_C:construct fight
	Function /Game/NPOTG/Blueprints/Charaktere/wolf.wolf_C:start the fight
	Function /Game/NPOTG/Blueprints/Charaktere/wolf.wolf_C:construct fight
	Function /Game/NPOTG/Blueprints/Charaktere/wolf.wolf_C:start the fight
	Function /Game/NPOTG/Blueprints/Charaktere/wolf.wolf_C:construct fight
	Function /Game/NPOTG/Blueprints/Charaktere/wolf.wolf_C:start the fight
	Function /Game/NPOTG/Blueprints/Charaktere/wolf.wolf_C:construct fight
	Function /Game/NPOTG/Blueprints/Charaktere/wolf.wolf_C:start the fight
	Function /Game/NPOTG/Blueprints/Charaktere/wolf.wolf_C:construct fight
	Function /Game/NPOTG/Blueprints/Charaktere/wolf.wolf_C:start the fight
	Function /Game/NPOTG/Blueprints/Charaktere/wolf.wolf_C:construct fight
	Function /Game/NPOTG/Blueprints/Charaktere/wolf.wolf_C:start the fight
	Function /Game/NPOTG/Blueprints/Charaktere/wolf.wolf_C:construct fight
	Function /Game/NPOTG/Blueprints/Charaktere/wolf.wolf_C:start the fight
	Function /Game/NPOTG/Blueprints/Charaktere/wolf.wolf_C:construct fight
	Function /Game/NPOTG/Blueprints/Charaktere/wolf.wolf_C:start the fight
	Function /Game/NPOTG/Blueprints/Charaktere/wolf.wolf_C:construct fight
	Function /Game/NPOTG/Blueprints/Charaktere/wolf.wolf_C:start the fight
	Function /Game/NPOTG/Blueprints/Charaktere/wolf.wolf_C:construct fight
	Function /Game/NPOTG/Blueprints/Charaktere/wolf.wolf_C:start the fight
	Function /Game/NPOTG/Blueprints/Charaktere/wolf.wolf_C:construct fight
	Function /Game/NPOTG/Blueprints/Charaktere/wolf.wolf_C:start the fight
	Function /Game/NPOTG/Blueprints/Charaktere/wolf.wolf_C:construct fight
	Function /Game/NPOTG/Blueprints/Charaktere/wolf.wolf_C:start the fight
	Function /Game/NPOTG/Blueprints/Charaktere/wolf.wolf_C:construct fight
	Function /Game/NPOTG/Blueprints/Charaktere/wolf.wolf_C:start the fight
	Function /Game/NPOTG/Blueprints/Charaktere/wolf.wolf_C:construct fight
	Function /Game/NPOTG/Blueprints/Charaktere/wolf.wolf_C:start the fight
	Function /Game/NPOTG/Blueprints/Charaktere/wolf.wolf_C:construct fight
	Function /Game/NPOTG/Blueprints/Charaktere/wolf.wolf_C:start the fight
	Function /Game/NPOTG/Blueprints/Charaktere/wolf.wolf_C:construct fight
	Function /Game/NPOTG/Blueprints/Charaktere/wolf.wolf_C:start the fight
	Function /Game/NPOTG/Blueprints/Charaktere/wolf.wolf_C:construct fight
	Function /Game/NPOTG/Blueprints/Charaktere/wolf.wolf_C:start the fight
	Function /Game/NPOTG/Blueprints/Charaktere/wolf.wolf_C:construct fight
	Function /Game/NPOTG/Blueprints/Charaktere/wolf.wolf_C:start the fight
	Function /Game/NPOTG/Blueprints/Charaktere/wolf.wolf_C:construct fight
	Function /Game/NPOTG/Blueprints/Charaktere/wolf.wolf_C:start the fight
	Function /Game/NPOTG/Blueprints/Charaktere/wolf.wolf_C:construct fight
	Function /Game/NPOTG/Blueprints/Charaktere/wolf.wolf_C:start the fight
	Function /Game/NPOTG/Blueprints/Charaktere/wolf.wolf_C:construct fight
	Function /Game/NPOTG/Blueprints/Charaktere/wolf.wolf_C:start the fight
	Function /Game/NPOTG/Blueprints/Charaktere/wolf.wolf_C:construct fight
	Function /Game/NPOTG/Blueprints/Charaktere/wolf.wolf_C:start the fight
	Function /Game/NPOTG/Blueprints/Charaktere/wolf.wolf_C:construct fight
	Function /Game/NPOTG/Blueprints/Charaktere/wolf.wolf_C:start the fight
	Function /Game/NPOTG/Blueprints/Charaktere/wolf.wolf_C:construct fight
	Function /Game/NPOTG/Blueprints/Charaktere/wolf.wolf_C:start the fight
	Function /Game/NPOTG/Blueprints/Charaktere/wolf.wolf_C:construct fight
	Function /Game/NPOTG/Blueprints/Charaktere/wolf.wolf_C:start the fight
	Function /Game/NPOTG/Blueprints/Charaktere/wolf.wolf_C:construct fight
	Function /Game/NPOTG/Blueprints/Charaktere/wolf.wolf_C:start the fight
	Function /Game/NPOTG/Blueprints/Charaktere/wolf.wolf_C:construct fight
	Function /Game/NPOTG/Blueprints/Charaktere/wolf.wolf_C:start the fight
	Function /Game/NPOTG/Blueprints/Charaktere/wolf.wolf_C:construct fight
	Function /Game/NPOTG/Blueprints/Charaktere/wolf.wolf_C:start the fight
	Function /Game/NPOTG/Blueprints/Charaktere/wolf.wolf_C:construct fight
	Function /Game/NPOTG/Blueprints/Charaktere/wolf.wolf_C:start the fight
	Function /Game/NPOTG/Blueprints/Charaktere/wolf.wolf_C:construct fight
	Function /Game/NPOTG/Blueprints/Charaktere/wolf.wolf_C:start the fight
	Function /Game/NPOTG/Blueprints/Charaktere/wolf.wolf_C:construct fight
	Function /Game/NPOTG/Blueprints/Charaktere/wolf.wolf_C:start the fight
	Function /Game/NPOTG/Blueprints/Charaktere/wolf.wolf_C:construct fight
	Function /Game/NPOTG/Blueprints/Charaktere/wolf.wolf_C:start the fight
	Function /Game/NPOTG/Blueprints/Charaktere/wolf.wolf_C:construct fight
	Function /Game/NPOTG/Blueprints/Charaktere/wolf.wolf_C:start the fight
	Function /Game/NPOTG/Blueprints/Charaktere/wolf.wolf_C:construct fight
	Function /Game/NPOTG/Blueprints/Charaktere/wolf.wolf_C:start the fight
	Function /Game/NPOTG/Blueprints/Charaktere/wolf.wolf_C:construct fight
	Function /Game/NPOTG/Blueprints/Charaktere/wolf.wolf_C:start the fight
	Function /Game/NPOTG/Blueprints/Charaktere/wolf.wolf_C:construct fight
	Function /Game/NPOTG/Blueprints/Charaktere/wolf.wolf_C:start the fight
	Function /Game/NPOTG/Blueprints/Charaktere/wolf.wolf_C:construct fight
	Function /Game/NPOTG/Blueprints/Charaktere/wolf.wolf_C:start the fight
	Function /Game/NPOTG/Blueprints/Charaktere/wolf.wolf_C:construct fight
	Function /Game/NPOTG/Blueprints/Charaktere/wolf.wolf_C:start the fight
	Function /Game/NPOTG/Blueprints/Charaktere/wolf.wolf_C:construct fight
	Function /Game/NPOTG/Blueprints/Charaktere/wolf.wolf_C:start the fight
	Function /Game/NPOTG/Blueprints/Charaktere/wolf.wolf_C:construct fight
	Function /Game/NPOTG/Blueprints/Charaktere/wolf.wolf_C:start the fight
	Function /Game/NPOTG/Blueprints/Charaktere/wolf.wolf_C:construct fight
	Function /Game/NPOTG/Blueprints/Charaktere/wolf.wolf_C:start the fight
	Function /Game/NPOTG/Blueprints/Charaktere/wolf.wolf_C:construct fight
	Function /Game/NPOTG/Blueprints/Charaktere/wolf.wolf_C:start the fight
	Function /Game/NPOTG/Blueprints/Charaktere/wolf.wolf_C:construct fight
	Function /Game/NPOTG/Blueprints/Charaktere/wolf.wolf_C:start the fight
	Function /Game/NPOTG/Blueprints/Charaktere/wolf.wolf_C:construct fight

[2015.09.23-16.34.51:187][554]LogScript:Warning: Infinite script recursion (250 calls) detected
	wolf_C /Temp/Autosaves/Game/NPOTG/Maps/UEDPCTesting_Level.Testing_Level:PersistentLevel.wolf_C_7
	Function /Game/NPOTG/Blueprints/Charaktere/wolf.wolf_C:construct fight:0000
[2015.09.23-16.34.51:230][555]LogBlueprintUserMessages: 0.0
[2015.09.23-16.34.51:246][555]LogScript:Warning: Divide by zero: Divide_FloatFloat
[2015.09.23-16.34.51:273][556]LogBlueprintUserMessages: 0.0
[2015.09.23-16.34.51:273][556]LogScript:Warning: Divide by zero: Divide_FloatFloat
[2015.09.23-16.34.51:289][557]LogBlueprintUserMessages: 0.0
[2015.09.23-16.34.51:289][557]LogScript:Warning: Divide by zero: Divide_FloatFloat
[2015.09.23-16.34.51:305][558]LogBlueprintUserMessages: 0.0
[2015.09.23-16.34.51:305][558]LogScript:Warning: Divide by zero: Divide_FloatFloat
[2015.09.23-16.34.51:322][559]LogBlueprintUserMessages: 0.0
[2015.09.23-16.34.51:322][559]LogScript:Warning: Divide by zero: Divide_FloatFloat
[2015.09.23-16.34.51:338][560]LogBlueprintUserMessages: 0.0
[2015.09.23-16.34.51:338][560]LogScript:Warning: Divide by zero: Divide_FloatFloat
[2015.09.23-16.34.51:354][561]LogBlueprintUserMessages: 0.0
[2015.09.23-16.34.51:354][561]LogScript:Warning: Divide by zero: Divide_FloatFloat
[2015.09.23-16.34.51:370][562]LogBlueprintUserMessages: 0.0
[2015.09.23-16.34.51:370][562]LogScript:Warning: Divide by zero: Divide_FloatFloat
[2015.09.23-16.34.51:386][563]LogBlueprintUserMessages: 0.0
[2015.09.23-16.34.51:386][563]LogScript:Warning: Divide by zero: Divide_FloatFloat
[2015.09.23-16.34.51:402][564]LogBlueprintUserMessages: 0.0
[2015.09.23-16.34.51:402][564]LogScript:Warning: Divide by zero: Divide_FloatFloat
[2015.09.23-16.34.51:418][565]LogBlueprintUserMessages: 0.0
[2015.09.23-16.34.51:418][565]LogScript:Warning: Divide by zero: Divide_FloatFloat
[2015.09.23-16.34.51:434][566]LogBlueprintUserMessages: 0.0
[2015.09.23-16.34.51:434][566]LogScript:Warning: Divide by zero: Divide_FloatFloat
[2015.09.23-16.34.51:450][567]LogBlueprintUserMessages: 0.0
[2015.09.23-16.34.51:450][567]LogScript:Warning: Divide by zero: Divide_FloatFloat
[2015.09.23-16.34.51:466][568]LogBlueprintUserMessages: 0.0
[2015.09.23-16.34.51:466][568]LogScript:Warning: Divide by zero: Divide_FloatFloat
[2015.09.23-16.34.51:483][569]LogBlueprintUserMessages: 0.0
[2015.09.23-16.34.51:483][569]LogScript:Warning: Divide by zero: Divide_FloatFloat
[2015.09.23-16.34.51:499][570]LogBlueprintUserMessages: 0.0
[2015.09.23-16.34.51:499][570]LogScript:Warning: Divide by zero: Divide_FloatFloat
[2015.09.23-16.34.51:515][571]LogBlueprintUserMessages: 0.0
[2015.09.23-16.34.51:515][571]LogScript:Warning: Divide by zero: Divide_FloatFloat
[2015.09.23-16.34.51:531][572]LogBlueprintUserMessages: 0.0
[2015.09.23-16.34.51:531][572]LogScript:Warning: Divide by zero: Divide_FloatFloat
[2015.09.23-16.34.51:547][573]LogBlueprintUserMessages: 0.0
[2015.09.23-16.34.51:547][573]LogScript:Warning: Divide by zero: Divide_FloatFloat
[2015.09.23-16.34.51:564][574]LogBlueprintUserMessages: 0.0
[2015.09.23-16.34.51:564][574]LogScript:Warning: Divide by zero: Divide_FloatFloat
[2015.09.23-16.34.51:580][575]LogBlueprintUserMessages: 0.0
[2015.09.23-16.34.51:580][575]LogScript:Warning: Divide by zero: Divide_FloatFloat
[2015.09.23-16.34.51:596][576]LogBlueprintUserMessages: 0.0
[2015.09.23-16.34.51:596][576]LogScript:Warning: Divide by zero: Divide_FloatFloat
[2015.09.23-16.34.51:612][577]LogBlueprintUserMessages: 0.0
[2015.09.23-16.34.51:612][577]LogScript:Warning: Divide by zero: Divide_FloatFloat
[2015.09.23-16.34.51:628][578]LogBlueprintUserMessages: 0.0
[2015.09.23-16.34.51:628][578]LogScript:Warning: Divide by zero: Divide_FloatFloat
[2015.09.23-16.34.51:644][579]LogBlueprintUserMessages: 0.0
[2015.09.23-16.34.51:644][579]LogScript:Warning: Divide by zero: Divide_FloatFloat
[2015.09.23-16.34.51:660][580]LogBlueprintUserMessages: 0.0
[2015.09.23-16.34.51:660][580]LogScript:Warning: Divide by zero: Divide_FloatFloat
[2015.09.23-16.34.51:676][581]LogBlueprintUserMessages: 0.0
[2015.09.23-16.34.51:677][581]LogScript:Warning: Divide by zero: Divide_FloatFloat
[2015.09.23-16.34.51:693][582]LogBlueprintUserMessages: 0.0
[2015.09.23-16.34.51:693][582]LogScript:Warning: Divide by zero: Divide_FloatFloat
[2015.09.23-16.34.51:709][583]LogBlueprintUserMessages: 0.0
[2015.09.23-16.34.51:709][583]LogScript:Warning: Divide by zero: Divide_FloatFloat
[2015.09.23-16.34.51:725][584]LogBlueprintUserMessages: 0.0
[2015.09.23-16.34.51:725][584]LogScript:Warning: Divide by zero: Divide_FloatFloat
[2015.09.23-16.34.51:740][585]LogBlueprintUserMessages: 0.0
[2015.09.23-16.34.51:740][585]LogScript:Warning: Divide by zero: Divide_FloatFloat
[2015.09.23-16.34.51:757][586]LogBlueprintUserMessages: 0.0
[2015.09.23-16.34.51:757][586]LogScript:Warning: Divide by zero: Divide_FloatFloat
[2015.09.23-16.34.51:773][587]LogBlueprintUserMessages: 0.0
[2015.09.23-16.34.51:773][587]LogScript:Warning: Divide by zero: Divide_FloatFloat
[2015.09.23-16.34.51:789][588]LogBlueprintUserMessages: 0.0
[2015.09.23-16.34.51:789][588]LogScript:Warning: Divide by zero: Divide_FloatFloat
[2015.09.23-16.34.51:805][589]LogBlueprintUserMessages: 0.0
[2015.09.23-16.34.51:805][589]LogScript:Warning: Divide by zero: Divide_FloatFloat
[2015.09.23-16.34.51:821][590]LogBlueprintUserMessages: 0.0
[2015.09.23-16.34.51:821][590]LogScript:Warning: Divide by zero: Divide_FloatFloat
[2015.09.23-16.34.51:837][591]LogBlueprintUserMessages: 0.0
[2015.09.23-16.34.51:837][591]LogScript:Warning: Divide by zero: Divide_FloatFloat
[2015.09.23-16.34.51:853][592]LogBlueprintUserMessages: 0.0
[2015.09.23-16.34.51:853][592]LogScript:Warning: Divide by zero: Divide_FloatFloat
[2015.09.23-16.34.51:869][593]LogBlueprintUserMessages: 0.0
[2015.09.23-16.34.51:869][593]LogScript:Warning: Divide by zero: Divide_FloatFloat
[2015.09.23-16.34.51:885][594]LogBlueprintUserMessages: 0.0
[2015.09.23-16.34.51:885][594]LogScript:Warning: Divide by zero: Divide_FloatFloat
[2015.09.23-16.34.51:902][595]LogBlueprintUserMessages: 0.0
[2015.09.23-16.34.51:902][595]LogScript:Warning: Divide by zero: Divide_FloatFloat
[2015.09.23-16.34.51:918][596]LogBlueprintUserMessages: 0.0
[2015.09.23-16.34.51:918][596]LogScript:Warning: Divide by zero: Divide_FloatFloat
[2015.09.23-16.34.51:935][597]LogBlueprintUserMessages: 0.0
[2015.09.23-16.34.51:935][597]LogScript:Warning: Divide by zero: Divide_FloatFloat
[2015.09.23-16.34.51:951][598]LogBlueprintUserMessages: 0.0
[2015.09.23-16.34.51:951][598]LogScript:Warning: Divide by zero: Divide_FloatFloat
[2015.09.23-16.34.51:967][599]LogBlueprintUserMessages: 0.0
[2015.09.23-16.34.51:967][599]LogScript:Warning: Divide by zero: Divide_FloatFloat
[2015.09.23-16.34.51:982][600]LogBlueprintUserMessages: 0.0
[2015.09.23-16.34.51:982][600]LogScript:Warning: Divide by zero: Divide_FloatFloat
[2015.09.23-16.34.51:999][601]LogBlueprintUserMessages: 0.0
[2015.09.23-16.34.51:999][601]LogScript:Warning: Divide by zero: Divide_FloatFloat
[2015.09.23-16.34.52:015][602]LogBlueprintUserMessages: 0.0
[2015.09.23-16.34.52:015][602]LogScript:Warning: Divide by zero: Divide_FloatFloat
[2015.09.23-16.34.52:031][603]LogBlueprintUserMessages: 0.0
[2015.09.23-16.34.52:031][603]LogScript:Warning: Divide by zero: Divide_FloatFloat
[2015.09.23-16.34.52:047][604]LogBlueprintUserMessages: 0.0
[2015.09.23-16.34.52:047][604]LogScript:Warning: Divide by zero: Divide_FloatFloat
[2015.09.23-16.34.52:063][605]LogBlueprintUserMessages: 0.0
[2015.09.23-16.34.52:063][605]LogScript:Warning: Divide by zero: Divide_FloatFloat
[2015.09.23-16.34.52:079][606]LogBlueprintUserMessages: 0.0
[2015.09.23-16.34.52:079][606]LogScript:Warning: Divide by zero: Divide_FloatFloat
[2015.09.23-16.34.52:095][607]LogBlueprintUserMessages: 0.0
[2015.09.23-16.34.52:095][607]LogScript:Warning: Divide by zero: Divide_FloatFloat
[2015.09.23-16.34.52:112][608]LogBlueprintUserMessages: 0.0
[2015.09.23-16.34.52:112][608]LogScript:Warning: Divide by zero: Divide_FloatFloat
[2015.09.23-16.34.52:128][609]LogBlueprintUserMessages: 0.0
[2015.09.23-16.34.52:128][609]LogScript:Warning: Divide by zero: Divide_FloatFloat
[2015.09.23-16.34.52:144][610]LogBlueprintUserMessages: 0.0
[2015.09.23-16.34.52:144][610]LogScript:Warning: Divide by zero: Divide_FloatFloat
[2015.09.23-16.34.52:160][611]LogBlueprintUserMessages: 0.0
[2015.09.23-16.34.52:160][611]LogScript:Warning: Divide by zero: Divide_FloatFloat
[2015.09.23-16.34.52:176][612]LogBlueprintUserMessages: 0.0
[2015.09.23-16.34.52:177][612]LogScript:Warning: Divide by zero: Divide_FloatFloat
[2015.09.23-16.34.52:193][613]LogBlueprintUserMessages: 0.0
[2015.09.23-16.34.52:193][613]LogScript:Warning: Divide by zero: Divide_FloatFloat
[2015.09.23-16.34.52:209][614]LogBlueprintUserMessages: 0.0
[2015.09.23-16.34.52:209][614]LogScript:Warning: Divide by zero: Divide_FloatFloat
[2015.09.23-16.34.52:225][615]LogBlueprintUserMessages: 0.0
[2015.09.23-16.34.52:225][615]LogScript:Warning: Divide by zero: Divide_FloatFloat
[2015.09.23-16.34.52:241][616]LogBlueprintUserMessages: 0.0
[2015.09.23-16.34.52:241][616]LogScript:Warning: Divide by zero: Divide_FloatFloat
[2015.09.23-16.34.52:257][617]LogBlueprintUserMessages: 0.0
[2015.09.23-16.34.52:257][617]LogScript:Warning: Divide by zero: Divide_FloatFloat
[2015.09.23-16.34.52:273][618]LogBlueprintUserMessages: 0.0
[2015.09.23-16.34.52:274][618]LogScript:Warning: Divide by zero: Divide_FloatFloat
[2015.09.23-16.34.52:290][619]LogBlueprintUserMessages: 0.0
[2015.09.23-16.34.52:290][619]LogScript:Warning: Divide by zero: Divide_FloatFloat
[2015.09.23-16.34.52:306][620]LogBlueprintUserMessages: 0.0
[2015.09.23-16.34.52:306][620]LogScript:Warning: Divide by zero: Divide_FloatFloat
[2015.09.23-16.34.52:322][621]LogBlueprintUserMessages: 0.0
[2015.09.23-16.34.52:322][621]LogScript:Warning: Divide by zero: Divide_FloatFloat
[2015.09.23-16.34.52:337][622]LogBlueprintUserMessages: 0.0
[2015.09.23-16.34.52:337][622]LogScript:Warning: Divide by zero: Divide_FloatFloat
[2015.09.23-16.34.52:354][623]LogBlueprintUserMessages: 0.0
[2015.09.23-16.34.52:354][623]LogScript:Warning: Divide by zero: Divide_FloatFloat
[2015.09.23-16.34.52:370][624]LogBlueprintUserMessages: 0.0
[2015.09.23-16.34.52:370][624]LogScript:Warning: Divide by zero: Divide_FloatFloat
[2015.09.23-16.34.52:386][625]LogBlueprintUserMessages: 0.0
[2015.09.23-16.34.52:386][625]LogScript:Warning: Divide by zero: Divide_FloatFloat
[2015.09.23-16.34.52:402][626]LogBlueprintUserMessages: 0.0
[2015.09.23-16.34.52:403][626]LogScript:Warning: Divide by zero: Divide_FloatFloat
[2015.09.23-16.34.52:418][627]LogBlueprintUserMessages: 0.0
[2015.09.23-16.34.52:419][627]LogScript:Warning: Divide by zero: Divide_FloatFloat
[2015.09.23-16.34.52:434][628]LogBlueprintUserMessages: 0.0
[2015.09.23-16.34.52:434][628]LogScript:Warning: Divide by zero: Divide_FloatFloat
[2015.09.23-16.34.52:450][629]LogBlueprintUserMessages: 0.0
[2015.09.23-16.34.52:450][629]LogScript:Warning: Divide by zero: Divide_FloatFloat
[2015.09.23-16.34.52:466][630]LogBlueprintUserMessages: 0.0
[2015.09.23-16.34.52:466][630]LogScript:Warning: Divide by zero: Divide_FloatFloat
[2015.09.23-16.34.52:482][631]LogBlueprintUserMessages: 0.0
[2015.09.23-16.34.52:482][631]LogScript:Warning: Divide by zero: Divide_FloatFloat
[2015.09.23-16.34.52:499][632]LogBlueprintUserMessages: 0.0
[2015.09.23-16.34.52:499][632]LogScript:Warning: Divide by zero: Divide_FloatFloat
[2015.09.23-16.34.52:515][633]LogBlueprintUserMessages: 0.0
[2015.09.23-16.34.52:515][633]LogScript:Warning: Divide by zero: Divide_FloatFloat
[2015.09.23-16.34.52:531][634]LogBlueprintUserMessages: 0.0
[2015.09.23-16.34.52:531][634]LogScript:Warning: Divide by zero: Divide_FloatFloat
[2015.09.23-16.34.52:547][635]LogBlueprintUserMessages: 0.0
[2015.09.23-16.34.52:547][635]LogScript:Warning: Divide by zero: Divide_FloatFloat
[2015.09.23-16.34.52:563][636]LogBlueprintUserMessages: 0.0
[2015.09.23-16.34.52:563][636]LogScript:Warning: Divide by zero: Divide_FloatFloat
[2015.09.23-16.34.52:580][637]LogBlueprintUserMessages: 0.0
[2015.09.23-16.34.52:580][637]LogScript:Warning: Divide by zero: Divide_FloatFloat
[2015.09.23-16.34.52:596][638]LogBlueprintUserMessages: 0.0
[2015.09.23-16.34.52:596][638]LogScript:Warning: Divide by zero: Divide_FloatFloat
[2015.09.23-16.34.52:612][639]LogBlueprintUserMessages: 0.0
[2015.09.23-16.34.52:612][639]LogScript:Warning: Divide by zero: Divide_FloatFloat
[2015.09.23-16.34.52:628][640]LogBlueprintUserMessages: 0.0
[2015.09.23-16.34.52:628][640]LogScript:Warning: Divide by zero: Divide_FloatFloat
[2015.09.23-16.34.52:644][641]LogBlueprintUserMessages: 0.0
[2015.09.23-16.34.52:644][641]LogScript:Warning: Divide by zero: Divide_FloatFloat
[2015.09.23-16.34.52:660][642]LogBlueprintUserMessages: 0.0
[2015.09.23-16.34.52:660][642]LogScript:Warning: Divide by zero: Divide_FloatFloat
[2015.09.23-16.34.52:676][643]LogBlueprintUserMessages: 0.0
[2015.09.23-16.34.52:676][643]LogScript:Warning: Divide by zero: Divide_FloatFloat
[2015.09.23-16.34.52:692][644]LogBlueprintUserMessages: 0.0
[2015.09.23-16.34.52:692][644]LogScript:Warning: Divide by zero: Divide_FloatFloat
[2015.09.23-16.34.52:709][645]LogBlueprintUserMessages: 0.0
[2015.09.23-16.34.52:709][645]LogScript:Warning: Divide by zero: Divide_FloatFloat
[2015.09.23-16.34.52:725][646]LogBlueprintUserMessages: 0.0
[2015.09.23-16.34.52:725][646]LogScript:Warning: Divide by zero: Divide_FloatFloat
[2015.09.23-16.34.52:741][647]LogBlueprintUserMessages: 0.0
[2015.09.23-16.34.52:741][647]LogScript:Warning: Divide by zero: Divide_FloatFloat
[2015.09.23-16.34.52:757][648]LogBlueprintUserMessages: 0.0
[2015.09.23-16.34.52:757][648]LogScript:Warning: Divide by zero: Divide_FloatFloat
[2015.09.23-16.34.52:773][649]LogBlueprintUserMessages: 0.0
[2015.09.23-16.34.52:773][649]LogScript:Warning: Divide by zero: Divide_FloatFloat
[2015.09.23-16.34.52:789][650]LogBlueprintUserMessages: 0.0
[2015.09.23-16.34.52:789][650]LogScript:Warning: Divide by zero: Divide_FloatFloat
[2015.09.23-16.34.52:805][651]LogBlueprintUserMessages: 0.0
[2015.09.23-16.34.52:805][651]LogScript:Warning: Divide by zero: Divide_FloatFloat
[2015.09.23-16.34.52:821][652]LogBlueprintUserMessages: 0.0
[2015.09.23-16.34.52:821][652]LogScript:Warning: Divide by zero: Divide_FloatFloat
[2015.09.23-16.34.52:837][653]LogBlueprintUserMessages: 0.0
[2015.09.23-16.34.52:837][653]LogScript:Warning: Divide by zero: Divide_FloatFloat
[2015.09.23-16.34.52:853][654]LogBlueprintUserMessages: 0.0
[2015.09.23-16.34.52:853][654]LogScript:Warning: Divide by zero: Divide_FloatFloat
[2015.09.23-16.34.52:869][655]LogBlueprintUserMessages: 0.0
[2015.09.23-16.34.52:869][655]LogScript:Warning: Divide by zero: Divide_FloatFloat
[2015.09.23-16.34.52:886][656]LogBlueprintUserMessages: 0.0
[2015.09.23-16.34.52:886][656]LogScript:Warning: Divide by zero: Divide_FloatFloat
[2015.09.23-16.34.52:902][657]LogBlueprintUserMessages: 0.0
[2015.09.23-16.34.52:902][657]LogScript:Warning: Divide by zero: Divide_FloatFloat
[2015.09.23-16.34.52:918][658]LogBlueprintUserMessages: 0.0
[2015.09.23-16.34.52:918][658]LogScript:Warning: Divide by zero: Divide_FloatFloat
[2015.09.23-16.34.52:935][659]LogBlueprintUserMessages: 0.0
[2015.09.23-16.34.52:935][659]LogScript:Warning: Divide by zero: Divide_FloatFloat
[2015.09.23-16.34.52:951][660]LogBlueprintUserMessages: 0.0
[2015.09.23-16.34.52:951][660]LogScript:Warning: Divide by zero: Divide_FloatFloat
[2015.09.23-16.34.52:967][661]LogBlueprintUserMessages: 0.0
[2015.09.23-16.34.52:967][661]LogScript:Warning: Divide by zero: Divide_FloatFloat
[2015.09.23-16.34.52:983][662]LogBlueprintUserMessages: 0.0
[2015.09.23-16.34.52:983][662]LogScript:Warning: Divide by zero: Divide_FloatFloat
[2015.09.23-16.34.52:999][663]LogBlueprintUserMessages: 0.0
[2015.09.23-16.34.52:999][663]LogScript:Warning: Divide by zero: Divide_FloatFloat
[2015.09.23-16.34.53:015][664]LogBlueprintUserMessages: 0.0
[2015.09.23-16.34.53:016][664]LogScript:Warning: Divide by zero: Divide_FloatFloat
[2015.09.23-16.34.53:032][665]LogBlueprintUserMessages: 0.0
[2015.09.23-16.34.53:032][665]LogScript:Warning: Divide by zero: Divide_FloatFloat
[2015.09.23-16.34.53:048][666]LogBlueprintUserMessages: 0.0
[2015.09.23-16.34.53:048][666]LogScript:Warning: Divide by zero: Divide_FloatFloat
[2015.09.23-16.34.53:064][667]LogBlueprintUserMessages: 0.0
[2015.09.23-16.34.53:064][667]LogScript:Warning: Divide by zero: Divide_FloatFloat
[2015.09.23-16.34.53:080][668]LogBlueprintUserMessages: 0.0
[2015.09.23-16.34.53:080][668]LogScript:Warning: Divide by zero: Divide_FloatFloat
[2015.09.23-16.34.53:096][669]LogBlueprintUserMessages: 0.0
[2015.09.23-16.34.53:096][669]LogScript:Warning: Divide by zero: Divide_FloatFloat
[2015.09.23-16.34.53:112][670]LogBlueprintUserMessages: 0.0
[2015.09.23-16.34.53:112][670]LogScript:Warning: Divide by zero: Divide_FloatFloat
[2015.09.23-16.34.53:128][671]LogBlueprintUserMessages: 0.0
[2015.09.23-16.34.53:128][671]LogScript:Warning: Divide by zero: Divide_FloatFloat
[2015.09.23-16.34.53:144][672]LogBlueprintUserMessages: 0.0
[2015.09.23-16.34.53:144][672]LogScript:Warning: Divide by zero: Divide_FloatFloat
[2015.09.23-16.34.53:161][673]LogBlueprintUserMessages: 0.0
[2015.09.23-16.34.53:161][673]LogScript:Warning: Divide by zero: Divide_FloatFloat
[2015.09.23-16.34.53:177][674]LogBlueprintUserMessages: 0.0
[2015.09.23-16.34.53:177][674]LogScript:Warning: Divide by zero: Divide_FloatFloat
[2015.09.23-16.34.53:193][675]LogBlueprintUserMessages: 0.0
[2015.09.23-16.34.53:193][675]LogScript:Warning: Divide by zero: Divide_FloatFloat
[2015.09.23-16.34.53:209][676]LogBlueprintUserMessages: 0.0
[2015.09.23-16.34.53:209][676]LogScript:Warning: Divide by zero: Divide_FloatFloat
[2015.09.23-16.34.53:225][677]LogBlueprintUserMessages: 0.0
[2015.09.23-16.34.53:225][677]LogScript:Warning: Divide by zero: Divide_FloatFloat
[2015.09.23-16.34.53:241][678]LogBlueprintUserMessages: 0.0
[2015.09.23-16.34.53:241][678]LogScript:Warning: Divide by zero: Divide_FloatFloat
[2015.09.23-16.34.53:257][679]LogBlueprintUserMessages: 0.0
[2015.09.23-16.34.53:257][679]LogScript:Warning: Divide by zero: Divide_FloatFloat
[2015.09.23-16.34.53:273][680]LogBlueprintUserMessages: 0.0
[2015.09.23-16.34.53:273][680]LogScript:Warning: Divide by zero: Divide_FloatFloat
[2015.09.23-16.34.53:290][681]LogBlueprintUserMessages: 0.0
[2015.09.23-16.34.53:290][681]LogScript:Warning: Divide by zero: Divide_FloatFloat
[2015.09.23-16.34.53:306][682]LogBlueprintUserMessages: 0.0
[2015.09.23-16.34.53:306][682]LogScript:Warning: Divide by zero: Divide_FloatFloat
[2015.09.23-16.34.53:322][683]LogBlueprintUserMessages: 0.0
[2015.09.23-16.34.53:322][683]LogScript:Warning: Divide by zero: Divide_FloatFloat
[2015.09.23-16.34.53:338][684]LogBlueprintUserMessages: 0.0
[2015.09.23-16.34.53:338][684]LogScript:Warning: Divide by zero: Divide_FloatFloat
[2015.09.23-16.34.53:354][685]LogBlueprintUserMessages: 0.0
[2015.09.23-16.34.53:354][685]LogScript:Warning: Divide by zero: Divide_FloatFloat
[2015.09.23-16.34.53:370][686]LogBlueprintUserMessages: 0.0
[2015.09.23-16.34.53:370][686]LogScript:Warning: Divide by zero: Divide_FloatFloat
[2015.09.23-16.34.53:386][687]LogBlueprintUserMessages: 0.0
[2015.09.23-16.34.53:386][687]LogScript:Warning: Divide by zero: Divide_FloatFloat
[2015.09.23-16.34.53:402][688]LogBlueprintUserMessages: 0.0
[2015.09.23-16.34.53:402][688]LogScript:Warning: Divide by zero: Divide_FloatFloat
[2015.09.23-16.34.53:418][689]LogBlueprintUserMessages: 0.0
[2015.09.23-16.34.53:418][689]LogScript:Warning: Divide by zero: Divide_FloatFloat
[2015.09.23-16.34.53:435][690]LogBlueprintUserMessages: 0.0
[2015.09.23-16.34.53:435][690]LogScript:Warning: Divide by zero: Divide_FloatFloat
[2015.09.23-16.34.53:451][691]LogBlueprintUserMessages: 0.0
[2015.09.23-16.34.53:451][691]LogScript:Warning: Divide by zero: Divide_FloatFloat
[2015.09.23-16.34.53:467][692]LogBlueprintUserMessages: 0.0
[2015.09.23-16.34.53:467][692]LogScript:Warning: Divide by zero: Divide_FloatFloat
[2015.09.23-16.34.53:483][693]LogBlueprintUserMessages: 0.0
[2015.09.23-16.34.53:483][693]LogScript:Warning: Divide by zero: Divide_FloatFloat
[2015.09.23-16.34.53:499][694]LogBlueprintUserMessages: 0.0
[2015.09.23-16.34.53:499][694]LogScript:Warning: Divide by zero: Divide_FloatFloat
[2015.09.23-16.34.53:515][695]LogBlueprintUserMessages: 0.0
[2015.09.23-16.34.53:515][695]LogScript:Warning: Divide by zero: Divide_FloatFloat
[2015.09.23-16.34.53:531][696]LogBlueprintUserMessages: 0.0
[2015.09.23-16.34.53:531][696]LogScript:Warning: Divide by zero: Divide_FloatFloat
[2015.09.23-16.34.53:547][697]LogBlueprintUserMessages: 0.0
[2015.09.23-16.34.53:547][697]LogScript:Warning: Divide by zero: Divide_FloatFloat
[2015.09.23-16.34.53:563][698]LogBlueprintUserMessages: 0.0
[2015.09.23-16.34.53:564][698]LogScript:Warning: Divide by zero: Divide_FloatFloat
[2015.09.23-16.34.53:580][699]LogBlueprintUserMessages: 0.0
[2015.09.23-16.34.53:580][699]LogScript:Warning: Divide by zero: Divide_FloatFloat
[2015.09.23-16.34.53:596][700]LogBlueprintUserMessages: 0.0
[2015.09.23-16.34.53:596][700]LogScript:Warning: Divide by zero: Divide_FloatFloat
[2015.09.23-16.34.53:612][701]LogBlueprintUserMessages: 0.0
[2015.09.23-16.34.53:612][701]LogScript:Warning: Divide by zero: Divide_FloatFloat
[2015.09.23-16.34.53:628][702]LogBlueprintUserMessages: 0.0
[2015.09.23-16.34.53:628][702]LogScript:Warning: Divide by zero: Divide_FloatFloat
[2015.09.23-16.34.53:644][703]LogBlueprintUserMessages: 0.0
[2015.09.23-16.34.53:644][703]LogScript:Warning: Divide by zero: Divide_FloatFloat
[2015.09.23-16.34.53:660][704]LogBlueprintUserMessages: 0.0
[2015.09.23-16.34.53:660][704]LogScript:Warning: Divide by zero: Divide_FloatFloat
[2015.09.23-16.34.53:676][705]LogBlueprintUserMessages: 0.0
[2015.09.23-16.34.53:676][705]LogScript:Warning: Divide by zero: Divide_FloatFloat
[2015.09.23-16.34.53:692][706]LogBlueprintUserMessages: 0.0
[2015.09.23-16.34.53:692][706]LogScript:Warning: Divide by zero: Divide_FloatFloat
[2015.09.23-16.34.53:709][707]LogBlueprintUserMessages: 0.0
[2015.09.23-16.34.53:709][707]LogScript:Warning: Divide by zero: Divide_FloatFloat
[2015.09.23-16.34.53:725][708]LogBlueprintUserMessages: 0.0
[2015.09.23-16.34.53:725][708]LogScript:Warning: Divide by zero: Divide_FloatFloat
[2015.09.23-16.34.53:741][709]LogBlueprintUserMessages: 0.0
[2015.09.23-16.34.53:741][709]LogScript:Warning: Divide by zero: Divide_FloatFloat
[2015.09.23-16.34.53:757][710]LogBlueprintUserMessages: 0.0
[2015.09.23-16.34.53:757][710]LogScript:Warning: Divide by zero: Divide_FloatFloat
[2015.09.23-16.34.53:773][711]LogBlueprintUserMessages: 0.0
[2015.09.23-16.34.53:773][711]LogScript:Warning: Divide by zero: Divide_FloatFloat
[2015.09.23-16.34.53:789][712]LogBlueprintUserMessages: 0.0
[2015.09.23-16.34.53:789][712]LogScript:Warning: Divide by zero: Divide_FloatFloat
[2015.09.23-16.34.53:805][713]LogBlueprintUserMessages: 0.0
[2015.09.23-16.34.53:805][713]LogScript:Warning: Divide by zero: Divide_FloatFloat
[2015.09.23-16.34.53:821][714]LogBlueprintUserMessages: 0.0
[2015.09.23-16.34.53:821][714]LogScript:Warning: Divide by zero: Divide_FloatFloat
[2015.09.23-16.34.53:838][715]LogBlueprintUserMessages: 0.0
[2015.09.23-16.34.53:838][715]LogScript:Warning: Divide by zero: Divide_FloatFloat
[2015.09.23-16.34.53:854][716]LogBlueprintUserMessages: 0.0
[2015.09.23-16.34.53:854][716]LogScript:Warning: Divide by zero: Divide_FloatFloat
[2015.09.23-16.34.53:870][717]LogBlueprintUserMessages: 0.0
[2015.09.23-16.34.53:870][717]LogScript:Warning: Divide by zero: Divide_FloatFloat
[2015.09.23-16.34.53:886][718]LogBlueprintUserMessages: 0.0
[2015.09.23-16.34.53:886][718]LogScript:Warning: Divide by zero: Divide_FloatFloat
[2015.09.23-16.34.53:902][719]LogBlueprintUserMessages: 0.0
[2015.09.23-16.34.53:902][719]LogScript:Warning: Divide by zero: Divide_FloatFloat
[2015.09.23-16.34.53:918][720]LogBlueprintUserMessages: 0.0
[2015.09.23-16.34.53:918][720]LogScript:Warning: Divide by zero: Divide_FloatFloat
[2015.09.23-16.34.53:934][721]LogBlueprintUserMessages: 0.0
[2015.09.23-16.34.53:934][721]LogScript:Warning: Divide by zero: Divide_FloatFloat
[2015.09.23-16.34.53:950][722]LogBlueprintUserMessages: 0.0
[2015.09.23-16.34.53:950][722]LogScript:Warning: Divide by zero: Divide_FloatFloat
[2015.09.23-16.34.53:966][723]LogBlueprintUserMessages: 0.0
[2015.09.23-16.34.53:966][723]LogScript:Warning: Divide by zero: Divide_FloatFloat
[2015.09.23-16.34.53:983][724]LogBlueprintUserMessages: 0.0
[2015.09.23-16.34.53:983][724]LogScript:Warning: Divide by zero: Divide_FloatFloat
[2015.09.23-16.34.53:999][725]LogBlueprintUserMessages: 0.0
[2015.09.23-16.34.53:999][725]LogScript:Warning: Divide by zero: Divide_FloatFloat
[2015.09.23-16.34.54:015][726]LogBlueprintUserMessages: 0.0
[2015.09.23-16.34.54:015][726]LogScript:Warning: Divide by zero: Divide_FloatFloat
[2015.09.23-16.34.54:031][727]LogBlueprintUserMessages: 0.0
[2015.09.23-16.34.54:031][727]LogScript:Warning: Divide by zero: Divide_FloatFloat
[2015.09.23-16.34.54:047][728]LogBlueprintUserMessages: 0.0
[2015.09.23-16.34.54:047][728]LogScript:Warning: Divide by zero: Divide_FloatFloat
[2015.09.23-16.34.54:063][729]LogBlueprintUserMessages: 0.0
[2015.09.23-16.34.54:063][729]LogScript:Warning: Divide by zero: Divide_FloatFloat
[2015.09.23-16.34.54:079][730]LogBlueprintUserMessages: 0.0
[2015.09.23-16.34.54:079][730]LogScript:Warning: Divide by zero: Divide_FloatFloat
[2015.09.23-16.34.54:095][731]LogBlueprintUserMessages: 0.0
[2015.09.23-16.34.54:096][731]LogScript:Warning: Divide by zero: Divide_FloatFloat
[2015.09.23-16.34.54:112][732]LogBlueprintUserMessages: 0.0
[2015.09.23-16.34.54:112][732]LogScript:Warning: Divide by zero: Divide_FloatFloat
[2015.09.23-16.34.54:128][733]LogBlueprintUserMessages: 0.0
[2015.09.23-16.34.54:128][733]LogScript:Warning: Divide by zero: Divide_FloatFloat
[2015.09.23-16.34.54:144][734]LogBlueprintUserMessages: 0.0
[2015.09.23-16.34.54:144][734]LogScript:Warning: Divide by zero: Divide_FloatFloat
[2015.09.23-16.34.54:160][735]LogBlueprintUserMessages: 0.0
[2015.09.23-16.34.54:160][735]LogScript:Warning: Divide by zero: Divide_FloatFloat
[2015.09.23-16.34.54:176][736]LogBlueprintUserMessages: 0.0
[2015.09.23-16.34.54:176][736]LogScript:Warning: Divide by zero: Divide_FloatFloat
[2015.09.23-16.34.54:192][737]LogBlueprintUserMessages: 0.0
[2015.09.23-16.34.54:192][737]LogScript:Warning: Divide by zero: Divide_FloatFloat
[2015.09.23-16.34.54:208][738]LogBlueprintUserMessages: 0.0
[2015.09.23-16.34.54:208][738]LogScript:Warning: Divide by zero: Divide_FloatFloat
[2015.09.23-16.34.54:224][739]LogBlueprintUserMessages: 0.0
[2015.09.23-16.34.54:224][739]LogScript:Warning: Divide by zero: Divide_FloatFloat
[2015.09.23-16.34.54:240][740]LogBlueprintUserMessages: 0.0
[2015.09.23-16.34.54:241][740]LogScript:Warning: Divide by zero: Divide_FloatFloat
[2015.09.23-16.34.54:257][741]LogBlueprintUserMessages: 0.0
[2015.09.23-16.34.54:257][741]LogScript:Warning: Divide by zero: Divide_FloatFloat
[2015.09.23-16.34.54:273][742]LogBlueprintUserMessages: 0.0
[2015.09.23-16.34.54:273][742]LogScript:Warning: Divide by zero: Divide_FloatFloat
[2015.09.23-16.34.54:289][743]LogBlueprintUserMessages: 0.0
[2015.09.23-16.34.54:289][743]LogScript:Warning: Divide by zero: Divide_FloatFloat
[2015.09.23-16.34.54:305][744]LogBlueprintUserMessages: 0.0
[2015.09.23-16.34.54:305][744]LogScript:Warning: Divide by zero: Divide_FloatFloat
[2015.09.23-16.34.54:321][745]LogBlueprintUserMessages: 0.0
[2015.09.23-16.34.54:321][745]LogScript:Warning: Divide by zero: Divide_FloatFloat
[2015.09.23-16.34.54:337][746]LogBlueprintUserMessages: 0.0
[2015.09.23-16.34.54:337][746]LogScript:Warning: Divide by zero: Divide_FloatFloat
[2015.09.23-16.34.54:353][747]LogBlueprintUserMessages: 0.0
[2015.09.23-16.34.54:353][747]LogScript:Warning: Divide by zero: Divide_FloatFloat
[2015.09.23-16.34.54:369][748]LogBlueprintUserMessages: 0.0
[2015.09.23-16.34.54:369][748]LogScript:Warning: Divide by zero: Divide_FloatFloat
[2015.09.23-16.34.54:386][749]LogBlueprintUserMessages: 0.0
[2015.09.23-16.34.54:386][749]LogScript:Warning: Divide by zero: Divide_FloatFloat
[2015.09.23-16.34.54:402][750]LogBlueprintUserMessages: 0.0
[2015.09.23-16.34.54:402][750]LogScript:Warning: Divide by zero: Divide_FloatFloat
[2015.09.23-16.34.54:418][751]LogBlueprintUserMessages: 0.0
[2015.09.23-16.34.54:418][751]LogScript:Warning: Divide by zero: Divide_FloatFloat
[2015.09.23-16.34.54:435][752]LogBlueprintUserMessages: 0.0
[2015.09.23-16.34.54:435][752]LogScript:Warning: Divide by zero: Divide_FloatFloat
[2015.09.23-16.34.54:451][753]LogBlueprintUserMessages: 0.0
[2015.09.23-16.34.54:451][753]LogScript:Warning: Divide by zero: Divide_FloatFloat
[2015.09.23-16.34.54:467][754]LogBlueprintUserMessages: 0.0
[2015.09.23-16.34.54:467][754]LogScript:Warning: Divide by zero: Divide_FloatFloat
[2015.09.23-16.34.54:483][755]LogBlueprintUserMessages: 0.0
[2015.09.23-16.34.54:483][755]LogScript:Warning: Divide by zero: Divide_FloatFloat
[2015.09.23-16.34.54:499][756]LogBlueprintUserMessages: 0.0
[2015.09.23-16.34.54:499][756]LogScript:Warning: Divide by zero: Divide_FloatFloat
[2015.09.23-16.34.54:516][757]LogBlueprintUserMessages: 0.0
[2015.09.23-16.34.54:516][757]LogScript:Warning: Divide by zero: Divide_FloatFloat
[2015.09.23-16.34.54:532][758]LogBlueprintUserMessages: 0.0
[2015.09.23-16.34.54:532][758]LogScript:Warning: Divide by zero: Divide_FloatFloat
[2015.09.23-16.34.54:548][759]LogBlueprintUserMessages: 0.0
[2015.09.23-16.34.54:548][759]LogScript:Warning: Divide by zero: Divide_FloatFloat
[2015.09.23-16.34.54:564][760]LogBlueprintUserMessages: 0.0
[2015.09.23-16.34.54:564][760]LogScript:Warning: Divide by zero: Divide_FloatFloat
[2015.09.23-16.34.54:580][761]LogBlueprintUserMessages: 0.0
[2015.09.23-16.34.54:580][761]LogScript:Warning: Divide by zero: Divide_FloatFloat
[2015.09.23-16.34.54:596][762]LogBlueprintUserMessages: 0.0
[2015.09.23-16.34.54:596][762]LogScript:Warning: Divide by zero: Divide_FloatFloat
[2015.09.23-16.34.54:612][763]LogBlueprintUserMessages: 0.0
[2015.09.23-16.34.54:612][763]LogScript:Warning: Divide by zero: Divide_FloatFloat
[2015.09.23-16.34.54:628][764]LogBlueprintUserMessages: 0.0
[2015.09.23-16.34.54:628][764]LogScript:Warning: Divide by zero: Divide_FloatFloat
[2015.09.23-16.34.54:644][765]LogBlueprintUserMessages: 0.0
[2015.09.23-16.34.54:645][765]LogScript:Warning: Divide by zero: Divide_FloatFloat
[2015.09.23-16.34.54:661][766]LogBlueprintUserMessages: 0.0
[2015.09.23-16.34.54:661][766]LogScript:Warning: Divide by zero: Divide_FloatFloat
[2015.09.23-16.34.54:677][767]LogBlueprintUserMessages: 0.0
[2015.09.23-16.34.54:677][767]LogScript:Warning: Divide by zero: Divide_FloatFloat
[2015.09.23-16.34.54:693][768]LogBlueprintUserMessages: 0.0
[2015.09.23-16.34.54:693][768]LogScript:Warning: Divide by zero: Divide_FloatFloat
[2015.09.23-16.34.54:709][769]LogBlueprintUserMessages: 0.0
[2015.09.23-16.34.54:709][769]LogScript:Warning: Divide by zero: Divide_FloatFloat
[2015.09.23-16.34.54:725][770]LogBlueprintUserMessages: 0.0
[2015.09.23-16.34.54:725][770]LogScript:Warning: Divide by zero: Divide_FloatFloat
[2015.09.23-16.34.54:741][771]LogBlueprintUserMessages: 0.0
[2015.09.23-16.34.54:741][771]LogScript:Warning: Divide by zero: Divide_FloatFloat
[2015.09.23-16.34.54:757][772]LogBlueprintUserMessages: 0.0
[2015.09.23-16.34.54:757][772]LogScript:Warning: Divide by zero: Divide_FloatFloat
[2015.09.23-16.34.54:773][773]LogBlueprintUserMessages: 0.0
[2015.09.23-16.34.54:773][773]LogScript:Warning: Divide by zero: Divide_FloatFloat
[2015.09.23-16.34.54:790][774]LogBlueprintUserMessages: 0.0
[2015.09.23-16.34.54:790][774]LogScript:Warning: Divide by zero: Divide_FloatFloat
[2015.09.23-16.34.54:806][775]LogBlueprintUserMessages: 0.0
[2015.09.23-16.34.54:806][775]LogScript:Warning: Divide by zero: Divide_FloatFloat
[2015.09.23-16.34.54:822][776]LogBlueprintUserMessages: 0.0
[2015.09.23-16.34.54:822][776]LogScript:Warning: Divide by zero: Divide_FloatFloat
[2015.09.23-16.34.54:838][777]LogBlueprintUserMessages: 0.0
[2015.09.23-16.34.54:838][777]LogScript:Warning: Divide by zero: Divide_FloatFloat
[2015.09.23-16.34.54:854][778]LogBlueprintUserMessages: 0.0
[2015.09.23-16.34.54:854][778]LogScript:Warning: Divide by zero: Divide_FloatFloat
[2015.09.23-16.34.54:870][779]LogBlueprintUserMessages: 0.0
[2015.09.23-16.34.54:870][779]LogScript:Warning: Divide by zero: Divide_FloatFloat
[2015.09.23-16.34.54:886][780]LogBlueprintUserMessages: 0.0
[2015.09.23-16.34.54:886][780]LogScript:Warning: Divide by zero: Divide_FloatFloat
[2015.09.23-16.34.54:902][781]LogBlueprintUserMessages: 0.0
[2015.09.23-16.34.54:902][781]LogScript:Warning: Divide by zero: Divide_FloatFloat
[2015.09.23-16.34.54:918][782]LogBlueprintUserMessages: 0.0
[2015.09.23-16.34.54:918][782]LogScript:Warning: Divide by zero: Divide_FloatFloat
[2015.09.23-16.34.54:935][783]LogBlueprintUserMessages: 0.0
[2015.09.23-16.34.54:935][783]LogScript:Warning: Divide by zero: Divide_FloatFloat
[2015.09.23-16.34.54:951][784]LogBlueprintUserMessages: 0.0
[2015.09.23-16.34.54:951][784]LogScript:Warning: Divide by zero: Divide_FloatFloat
[2015.09.23-16.34.54:967][785]LogBlueprintUserMessages: 0.0
[2015.09.23-16.34.54:967][785]LogScript:Warning: Divide by zero: Divide_FloatFloat
[2015.09.23-16.34.54:983][786]LogBlueprintUserMessages: 0.0
[2015.09.23-16.34.54:983][786]LogScript:Warning: Divide by zero: Divide_FloatFloat
[2015.09.23-16.34.54:999][787]LogBlueprintUserMessages: 0.0
[2015.09.23-16.34.54:999][787]LogScript:Warning: Divide by zero: Divide_FloatFloat
[2015.09.23-16.34.55:015][788]LogBlueprintUserMessages: 0.0
[2015.09.23-16.34.55:015][788]LogScript:Warning: Divide by zero: Divide_FloatFloat
[2015.09.23-16.34.55:031][789]LogBlueprintUserMessages: 0.0
[2015.09.23-16.34.55:031][789]LogScript:Warning: Divide by zero: Divide_FloatFloat
[2015.09.23-16.34.55:047][790]LogBlueprintUserMessages: 0.0
[2015.09.23-16.34.55:047][790]LogScript:Warning: Divide by zero: Divide_FloatFloat
[2015.09.23-16.34.55:063][791]LogBlueprintUserMessages: 0.0
[2015.09.23-16.34.55:064][791]LogScript:Warning: Divide by zero: Divide_FloatFloat
[2015.09.23-16.34.55:080][792]LogBlueprintUserMessages: 0.0
[2015.09.23-16.34.55:080][792]LogScript:Warning: Divide by zero: Divide_FloatFloat
[2015.09.23-16.34.55:096][793]LogBlueprintUserMessages: 0.0
[2015.09.23-16.34.55:096][793]LogScript:Warning: Divide by zero: Divide_FloatFloat
[2015.09.23-16.34.55:112][794]LogBlueprintUserMessages: 0.0
[2015.09.23-16.34.55:112][794]LogScript:Warning: Divide by zero: Divide_FloatFloat
[2015.09.23-16.34.55:128][795]LogBlueprintUserMessages: 0.0
[2015.09.23-16.34.55:128][795]LogScript:Warning: Divide by zero: Divide_FloatFloat
[2015.09.23-16.34.55:144][796]LogBlueprintUserMessages: 0.0
[2015.09.23-16.34.55:144][796]LogScript:Warning: Divide by zero: Divide_FloatFloat
[2015.09.23-16.34.55:160][797]LogBlueprintUserMessages: 0.0
[2015.09.23-16.34.55:160][797]LogScript:Warning: Divide by zero: Divide_FloatFloat
[2015.09.23-16.34.55:176][798]LogBlueprintUserMessages: 0.0
[2015.09.23-16.34.55:176][798]LogScript:Warning: Divide by zero: Divide_FloatFloat
[2015.09.23-16.34.55:192][799]LogBlueprintUserMessages: 0.0
[2015.09.23-16.34.55:193][799]LogScript:Warning: Divide by zero: Divide_FloatFloat
[2015.09.23-16.34.55:209][800]LogBlueprintUserMessages: 0.0
[2015.09.23-16.34.55:209][800]LogScript:Warning: Divide by zero: Divide_FloatFloat
[2015.09.23-16.34.55:225][801]LogBlueprintUserMessages: 0.0
[2015.09.23-16.34.55:225][801]LogScript:Warning: Divide by zero: Divide_FloatFloat
[2015.09.23-16.34.55:241][802]LogBlueprintUserMessages: 0.0
[2015.09.23-16.34.55:241][802]LogScript:Warning: Divide by zero: Divide_FloatFloat
[2015.09.23-16.34.55:257][803]LogBlueprintUserMessages: 0.0
[2015.09.23-16.34.55:257][803]LogScript:Warning: Divide by zero: Divide_FloatFloat
[2015.09.23-16.34.55:273][804]LogBlueprintUserMessages: 0.0
[2015.09.23-16.34.55:273][804]LogScript:Warning: Divide by zero: Divide_FloatFloat
[2015.09.23-16.34.55:289][805]LogBlueprintUserMessages: 0.0
[2015.09.23-16.34.55:289][805]LogScript:Warning: Divide by zero: Divide_FloatFloat
[2015.09.23-16.34.55:305][806]LogBlueprintUserMessages: 0.0
[2015.09.23-16.34.55:305][806]LogScript:Warning: Divide by zero: Divide_FloatFloat
[2015.09.23-16.34.55:322][807]LogBlueprintUserMessages: 0.0
[2015.09.23-16.34.55:322][807]LogScript:Warning: Divide by zero: Divide_FloatFloat
[2015.09.23-16.34.55:322][807]Closing by request
[2015.09.23-16.34.55:322][807]LogWindows: FPlatformMisc::RequestExit(0)
[2015.09.23-16.34.56:233][808]LogWindowsTextInputMethodSystem:Display: IME system now deactivated.
[2015.09.23-16.34.56:233][808]LogWindowsTextInputMethodSystem:Display: IME system now deactivated.
[2015.09.23-16.34.56:244][808]LogExit: Preparing to exit.
[2015.09.23-16.34.56:379][808]LogExit: Game engine shut down
[2015.09.23-16.34.56:384][808]LogParticles: Destroying 0 GPU particle simulations for FXSystem 0x00000009DA0128E0
[2015.09.23-16.34.56:528][808]LogExit: Object subsystem successfully closed.
[2015.09.23-16.34.56:544][808]LogD3D11RHI: Shutdown
[2015.09.23-16.34.56:544][808]LogD3D11RHI: CleanupD3DDevice
[2015.09.23-16.34.56:607][808]LogD3D11RHI: ~FD3D11DynamicRHI
[2015.09.23-16.34.56:619][808]LogModuleManager: Shutting down and abandoning module AndroidDeviceDetection (109)
[2015.09.23-16.34.56:990][808]LogModuleManager: Shutting down and abandoning module AutomationWorker (108)
[2015.09.23-16.34.56:990][808]LogModuleManager: Shutting down and abandoning module CharacterAI (107)
[2015.09.23-16.34.56:990][808]LogModuleManager: Shutting down and abandoning module AITestSuite (106)
[2015.09.23-16.34.56:990][808]LogModuleManager: Shutting down and abandoning module GameplayDebugger (105)
[2015.09.23-16.34.56:990][808]LogModuleManager: Shutting down and abandoning module AIModule (104)
[2015.09.23-16.34.56:990][808]LogModuleManager: Shutting down and abandoning module GameLiveStreaming (103)
[2015.09.23-16.34.56:990][808]LogModuleManager: Shutting down and abandoning module StreamingPauseRendering (102)
[2015.09.23-16.34.56:990][808]LogModuleManager: Shutting down and abandoning module ProfilerService (101)
[2015.09.23-16.34.57:167][808]LogModuleManager: Shutting down and abandoning module TaskGraph (100)
[2015.09.23-16.34.57:167][808]LogModuleManager: Shutting down and abandoning module SlateRemote (99)
[2015.09.23-16.34.57:167][808]LogModuleManager: Shutting down and abandoning module SteamVRController (98)
[2015.09.23-16.34.57:167][808]LogModuleManager: Shutting down and abandoning module SteamVR (97)
[2015.09.23-16.34.57:167][808]LogModuleManager: Shutting down and abandoning module ProceduralMeshComponent (96)
[2015.09.23-16.34.57:167][808]LogModuleManager: Shutting down and abandoning module OculusRift (95)
[2015.09.23-16.34.57:167][808]LogModuleManager: Shutting down and abandoning module LeapMotionController (94)
[2015.09.23-16.34.57:173][808]LogModuleManager: Shutting down and abandoning module CustomMeshComponent (93)
[2015.09.23-16.34.57:173][808]LogModuleManager: Shutting down and abandoning module CableComponent (92)
[2015.09.23-16.34.57:173][808]LogModuleManager: Shutting down and abandoning module DesktopPlatform (91)
[2015.09.23-16.34.57:173][808]LogModuleManager: Shutting down and abandoning module DirectoryWatcher (90)
[2015.09.23-16.34.57:173][808]LogModuleManager: Shutting down and abandoning module HotReload (89)
[2015.09.23-16.34.57:173][808]LogModuleManager: Shutting down and abandoning module VisualStudioSourceCodeAccess (88)
[2015.09.23-16.34.57:173][808]LogModuleManager: Shutting down and abandoning module UObjectPlugin (87)
[2015.09.23-16.34.57:173][808]LogModuleManager: Shutting down and abandoning module SubversionSourceControl (86)
[2015.09.23-16.34.57:173][808]LogModuleManager: Shutting down and abandoning module SourceControl (85)
[2015.09.23-16.34.57:173][808]LogModuleManager: Shutting down and abandoning module PerforceSourceControl (84)
[2015.09.23-16.34.57:173][808]LogModuleManager: Shutting down and abandoning module BlankPlugin (83)
[2015.09.23-16.34.57:173][808]LogModuleManager: Shutting down and abandoning module UdpMessaging (82)
[2015.09.23-16.34.57:173][808]LogModuleManager: Shutting down and abandoning module AssetRegistry (81)
[2015.09.23-16.34.57:173][808]LogModuleManager: Shutting down and abandoning module SubstanceCore (80)
[2015.09.23-16.34.57:173][808]LogModuleManager: Shutting down and abandoning module Paper2D (79)
[2015.09.23-16.34.57:173][808]LogModuleManager: Shutting down and abandoning module WindowsMoviePlayer (78)
[2015.09.23-16.34.57:175][808]LogModuleManager: Shutting down and abandoning module Media (77)
[2015.09.23-16.34.57:175][808]LogModuleManager: Shutting down and abandoning module WmfMedia (76)
[2015.09.23-16.34.57:175][808]LogModuleManager: Shutting down and abandoning module OnlineBlueprintSupport (75)
[2015.09.23-16.34.57:175][808]LogModuleManager: Shutting down and abandoning module PropertyEditor (74)
[2015.09.23-16.34.57:175][808]LogModuleManager: Shutting down and abandoning module BehaviorTreeEditor (73)
[2015.09.23-16.34.57:175][808]LogModuleManager: Shutting down and abandoning module FunctionalTesting (72)
[2015.09.23-16.34.57:175][808]LogModuleManager: Shutting down and abandoning module CollisionAnalyzer (71)
[2015.09.23-16.34.57:175][808]LogModuleManager: Shutting down and abandoning module WorkspaceMenuStructure (70)
[2015.09.23-16.34.57:175][808]LogModuleManager: Shutting down and abandoning module MessageLog (69)
[2015.09.23-16.34.57:175][808]LogModuleManager: Shutting down and abandoning module Sequencer (68)
[2015.09.23-16.34.57:175][808]LogModuleManager: Shutting down and abandoning module AssetTools (67)
[2015.09.23-16.34.57:175][808]LogModuleManager: Shutting down and abandoning module UMGEditor (66)
[2015.09.23-16.34.57:175][808]LogModuleManager: Shutting down and abandoning module UMG (65)
[2015.09.23-16.34.57:175][808]LogModuleManager: Shutting down and abandoning module Slate (64)
[2015.09.23-16.34.57:175][808]LogModuleManager: Shutting down and abandoning module EditorStyle (63)
[2015.09.23-16.34.57:177][808]LogModuleManager: Shutting down and abandoning module SessionServices (62)
[2015.09.23-16.34.57:177][808]LogModuleManager: Shutting down and abandoning module SourceCodeAccess (61)
[2015.09.23-16.34.57:177][808]LogModuleManager: Shutting down and abandoning module HeadMountedDisplay (60)
[2015.09.23-16.34.57:178][808]LogModuleManager: Shutting down and abandoning module XAudio2 (59)
[2015.09.23-16.34.57:178][808]LogModuleManager: Shutting down and abandoning module Networking (57)
[2015.09.23-16.34.57:178][808]LogModuleManager: Shutting down and abandoning module Core (56)
[2015.09.23-16.34.57:178][808]LogModuleManager: Shutting down and abandoning module KismetCompiler (55)
[2015.09.23-16.34.57:178][808]LogModuleManager: Shutting down and abandoning module PhysXFormats (54)
[2015.09.23-16.34.57:178][808]LogModuleManager: Shutting down and abandoning module MeshUtilities (53)
[2015.09.23-16.34.57:178][808]LogModuleManager: Shutting down and abandoning module DerivedDataCache (52)
[2015.09.23-16.34.57:179][808]LogDerivedDataCache: Shutdown
[2015.09.23-16.34.57:179][808]LogModuleManager: Shutting down and abandoning module ShaderFormatOpenGL (51)
[2015.09.23-16.34.57:179][808]LogModuleManager: Shutting down and abandoning module ShaderFormatD3D (50)
[2015.09.23-16.34.57:179][808]LogModuleManager: Shutting down and abandoning module MetalShaderFormat (49)
[2015.09.23-16.34.57:179][808]LogModuleManager: Shutting down and abandoning module TextureFormatUncompressed (48)
[2015.09.23-16.34.57:179][808]LogModuleManager: Shutting down and abandoning module TextureFormatPVR (47)
[2015.09.23-16.34.57:179][808]LogModuleManager: Shutting down and abandoning module TextureFormatIntelISPCTexComp (46)
[2015.09.23-16.34.57:179][808]LogModuleManager: Shutting down and abandoning module TextureFormatDXT (45)
[2015.09.23-16.34.57:179][808]LogModuleManager: Shutting down and abandoning module ImageWrapper (44)
[2015.09.23-16.34.57:179][808]LogModuleManager: Shutting down and abandoning module TextureFormatASTC (43)
[2015.09.23-16.34.57:179][808]LogModuleManager: Shutting down and abandoning module TextureFormatAndroid (42)
[2015.09.23-16.34.57:179][808]LogModuleManager: Shutting down and abandoning module AudioFormatOpus (41)
[2015.09.23-16.34.57:179][808]LogModuleManager: Shutting down and abandoning module AudioFormatOgg (40)
[2015.09.23-16.34.57:179][808]LogModuleManager: Shutting down and abandoning module AudioFormatADPCM (39)
[2015.09.23-16.34.57:179][808]LogModuleManager: Shutting down and abandoning module LinuxTargetPlatform (38)
[2015.09.23-16.34.57:179][808]LogModuleManager: Shutting down and abandoning module LinuxServerTargetPlatform (37)
[2015.09.23-16.34.57:179][808]LogModuleManager: Shutting down and abandoning module LinuxNoEditorTargetPlatform (36)
[2015.09.23-16.34.57:179][808]LogModuleManager: Shutting down and abandoning module Messaging (35)
[2015.09.23-16.34.57:179][808]LogModuleManager: Shutting down and abandoning module IOSTargetPlatform (34)
[2015.09.23-16.34.57:179][808]LogModuleManager: Shutting down and abandoning module HTML5TargetPlatform (33)
[2015.09.23-16.34.57:179][808]LogModuleManager: Shutting down and abandoning module Android_PVRTCTargetPlatform (32)
[2015.09.23-16.34.57:179][808]LogModuleManager: Shutting down and abandoning module Android_ETC2TargetPlatform (31)
[2015.09.23-16.34.57:179][808]LogModuleManager: Shutting down and abandoning module Android_ETC1TargetPlatform (30)
[2015.09.23-16.34.57:179][808]LogModuleManager: Shutting down and abandoning module Android_DXTTargetPlatform (29)
[2015.09.23-16.34.57:179][808]LogModuleManager: Shutting down and abandoning module Android_ATCTargetPlatform (28)
[2015.09.23-16.34.57:179][808]LogModuleManager: Shutting down and abandoning module Android_ASTCTargetPlatform (27)
[2015.09.23-16.34.57:179][808]LogModuleManager: Shutting down and abandoning module AndroidTargetPlatform (26)
[2015.09.23-16.34.57:179][808]LogModuleManager: Shutting down and abandoning module WindowsTargetPlatform (25)
[2015.09.23-16.34.57:179][808]LogModuleManager: Shutting down and abandoning module WindowsServerTargetPlatform (24)
[2015.09.23-16.34.57:179][808]LogModuleManager: Shutting down and abandoning module WindowsNoEditorTargetPlatform (23)
[2015.09.23-16.34.57:179][808]LogModuleManager: Shutting down and abandoning module WindowsClientTargetPlatform (22)
[2015.09.23-16.34.57:179][808]LogModuleManager: Shutting down and abandoning module DesktopTargetPlatform (21)
[2015.09.23-16.34.57:179][808]LogModuleManager: Shutting down and abandoning module TargetPlatform (20)
[2015.09.23-16.34.57:179][808]LogModuleManager: Shutting down and abandoning module InputCore (19)
[2015.09.23-16.34.57:179][808]LogModuleManager: Shutting down and abandoning module Settings (18)
[2015.09.23-16.34.57:179][808]LogModuleManager: Shutting down and abandoning module OnlineSubsystem (16)
[2015.09.23-16.34.57:179][808]LogModuleManager: Shutting down and abandoning module HTTP (15)
[2015.09.23-16.34.57:179][808]LogModuleManager: Shutting down and abandoning module ExampleDeviceProfileSelector (14)
[2015.09.23-16.34.57:179][808]LogModuleManager: Shutting down and abandoning module TextureCompressor (13)
[2015.09.23-16.34.57:179][808]LogModuleManager: Shutting down and abandoning module ShaderCore (12)
[2015.09.23-16.34.57:179][808]LogModuleManager: Shutting down and abandoning module Landscape (11)
[2015.09.23-16.34.57:179][808]LogModuleManager: Shutting down and abandoning module SlateRHIRenderer (10)
[2015.09.23-16.34.57:180][808]LogModuleManager: Shutting down and abandoning module OpenGLDrv (9)
[2015.09.23-16.34.57:180][808]LogModuleManager: Shutting down and abandoning module D3D11RHI (8)
[2015.09.23-16.34.57:180][808]LogModuleManager: Shutting down and abandoning module Renderer (7)
[2015.09.23-16.34.57:180][808]LogModuleManager: Shutting down and abandoning module Engine (6)
[2015.09.23-16.34.57:180][808]LogModuleManager: Shutting down and abandoning module CoreUObject (5)
[2015.09.23-16.34.57:180][808]LogModuleManager: Shutting down and abandoning module NetworkFile (4)
[2015.09.23-16.34.57:180][808]LogModuleManager: Shutting down and abandoning module StreamingFile (3)
[2015.09.23-16.34.57:180][808]LogModuleManager: Shutting down and abandoning module SandboxFile (2)
[2015.09.23-16.34.57:180][808]LogModuleManager: Shutting down and abandoning module PakFile (1)
[2015.09.23-16.34.57:181][808]LogExit: Exiting.
[2015.09.23-16.34.57:182][808]Log file closed, 09/23/15 18:34:57
