[2015.09.23-17.38.50:055][  0]Log file open, 09/23/15 19:38:50
[2015.09.23-17.38.50:055][  0]LogInit:Display: Running engine for game: NotPartofGame
[2015.09.23-17.38.50:055][  0]LogInit:Display: RandInit(-1603959668) SRandInit(-1603959667).
[2015.09.23-17.38.50:055][  0]LogTaskGraph: Started task graph with 4 named threads and 7 total threads.
[2015.09.23-17.38.50:055][  0]LogStats: Stats thread started
[2015.09.23-17.38.50:055][  0]LogInit: Version: 4.8.3-2634408+++depot+UE4-Releases+4.8
[2015.09.23-17.38.50:055][  0]LogInit: API Version: 2579680
[2015.09.23-17.38.50:056][  0]LogInit: Compiled (64-bit): Jul 27 2015 16:24:33
[2015.09.23-17.38.50:056][  0]LogInit: Compiled with Visual C++: 18.00.21005.01
[2015.09.23-17.38.50:056][  0]LogInit: Build Configuration: Development
[2015.09.23-17.38.50:056][  0]LogInit: Branch Name: ++depot+UE4-Releases+4.8
[2015.09.23-17.38.50:056][  0]LogInit: Command line:  /Temp/Autosaves/Game/NPOTG/Maps/UEDPCTesting_Level -game -PIEVIACONSOLE -ResX=1280 -ResY=720  -Multiprocess 
[2015.09.23-17.38.50:056][  0]LogInit: Base directory: C:/Users/Bodoo/Documents/Programmieren/4.8/Engine/Binaries/Win64/
[2015.09.23-17.38.50:056][  0]LogInit: Rocket: 1
[2015.09.23-17.38.50:078][  0]LogInit: Using libcurl 7.41.0
[2015.09.23-17.38.50:078][  0]LogInit:  - built for x86_64-pc-win32
[2015.09.23-17.38.50:078][  0]LogInit:  - supports SSL with WinSSL
[2015.09.23-17.38.50:078][  0]LogInit:  - other features:
[2015.09.23-17.38.50:078][  0]LogInit:      CURL_VERSION_SSL
[2015.09.23-17.38.50:078][  0]LogInit:      CURL_VERSION_IPV6
[2015.09.23-17.38.50:078][  0]LogInit:      CURL_VERSION_ASYNCHDNS
[2015.09.23-17.38.50:078][  0]LogInit:      CURL_VERSION_LARGEFILE
[2015.09.23-17.38.50:078][  0]LogInit:      CURL_VERSION_IDN
[2015.09.23-17.38.50:078][  0]LogInit:  CurlRequestOptions (configurable via config and command line):
[2015.09.23-17.38.50:078][  0]LogInit:  - bVerifyPeer = true  - Libcurl will verify peer certificate
[2015.09.23-17.38.50:078][  0]LogInit:  - bUseHttpProxy = false  - Libcurl will NOT use HTTP proxy
[2015.09.23-17.38.50:078][  0]LogInit:  - bDontReuseConnections = false  - Libcurl will reuse connections
[2015.09.23-17.38.50:078][  0]LogInit:  - CertBundlePath = nullptr  - Libcurl will use whatever was configured at build time.
[2015.09.23-17.38.50:091][  0]LogOnline:Warning: No default platform service specified for OnlineSubsystem
[2015.09.23-17.38.50:106][  0]LogInit: Presizing for 0 objects not considered by GC, pre-allocating 0 bytes.
[2015.09.23-17.38.50:114][  0]LogInit: Object subsystem initialized
[2015.09.23-17.38.50:115][  0]LogConsoleResponse:Warning: Skipping Unknown console variable: 'UIScaleCurve = (EditorCurveData=(Keys=((Time=480.000000,Value=0.444000),(Time=720.000000,Value=0.666000),(Time=1080.000000,Value=1.000000),(Time=8640.000000,Value=8.000000))),ExternalCurve=None)'
[2015.09.23-17.38.50:115][  0]LogConsoleResponse:Warning:   Found in ini file 'C:/Users/Bodoo/Documents/Programmieren/Projekte/NotPartofTheGame/Saved/Config/Windows/Engine.ini', in section '[/Script/Engine.RendererSettings]'
[2015.09.23-17.38.50:115][  0]LogConsoleManager:Warning: Console variable 'r.MSAA.CompositingSampleCount' wasn't set ('Scalability' has a lower priority than 'ProjectSetting')
[2015.09.23-17.38.50:116][  0]LogInit: Selected Device Profile: [Windows]
[2015.09.23-17.38.50:116][  0]LogInit: Applying CVar settings loaded from the selected device profile: [Windows]
[2015.09.23-17.38.50:118][  0]LogInit: Computer: DESKTOP-GLF6O4V
[2015.09.23-17.38.50:118][  0]LogInit: User: Bodoo
[2015.09.23-17.38.50:118][  0]LogInit: CPU Page size=4096, Cores=4
[2015.09.23-17.38.50:118][  0]LogInit: High frequency timer resolution =3.215354 MHz
[2015.09.23-17.38.50:118][  0]LogMemory: Memory total: Physical=12.0GB (12GB approx)
[2015.09.23-17.38.50:118][  0]LogMemory: Platform Memory Stats for Windows
[2015.09.23-17.38.50:118][  0]LogMemory: Process Physical Memory: 51.20 MB used, 51.20 MB peak
[2015.09.23-17.38.50:118][  0]LogMemory: Process Virtual Memory: 22.55 MB used, 22.55 MB peak
[2015.09.23-17.38.50:118][  0]LogMemory: Physical Memory: 2879.48 MB used, 12270.45 MB total
[2015.09.23-17.38.50:118][  0]LogMemory: Virtual Memory: 310.63 MB used, 134217728.00 MB total
[2015.09.23-17.38.50:146][  0]LogTextLocalizationManager: The requested culture ('de_DE') has no localization data; falling back to 'en' for localization and internationalization data.
[2015.09.23-17.38.50:389][  0]LogTextLocalizationManager:Warning: Loaded localization resources contain conflicting entries for (Namespace:ContentBrowser, Key:ImportAssetToolTip):
Localization Resource: (C:/Users/Bodoo/Documents/Programmieren/4.8/Engine/Content/Localization/Editor/en/Editor.locres) Source String Hash: (-630476809) Localized String: (Import to {0}...)
Localization Resource: (C:/Users/Bodoo/Documents/Programmieren/4.8/Engine/Content/Localization/Editor/en/Editor.locres) Source String Hash: (1271782899) Localized String: (Imports an asset from file to this folder.)
[2015.09.23-17.38.50:721][  0]LogD3D11RHI: Found D3D11 adapter 0: AMD Radeon HD 6800 Series (Feature Level 11_0)
[2015.09.23-17.38.50:721][  0]LogD3D11RHI: Adapter has 1011MB of dedicated video memory, 0MB of dedicated system memory, and 3840MB of shared system memory, 1 output[s]
[2015.09.23-17.38.50:722][  0]LogD3D11RHI: Found D3D11 adapter 1: Microsoft Basic Render Driver (Feature Level 11_0)
[2015.09.23-17.38.50:722][  0]LogD3D11RHI: Adapter has 0MB of dedicated video memory, 0MB of dedicated system memory, and 6135MB of shared system memory, 0 output[s]
[2015.09.23-17.38.50:722][  0]LogD3D11RHI: Chosen D3D11 Adapter Id = 0
[2015.09.23-17.38.50:725][  0]LogD3D11RHI: InitD3DDevice
[2015.09.23-17.38.50:725][  0]LogD3D11RHI: !Direct3DDevice
[2015.09.23-17.38.50:725][  0]LogRHI: Texture pool is 708 MB (70% of 1011 MB)
[2015.09.23-17.38.50:732][  0]LogD3D11RHI: Async texture creation disabled: no driver support
[2015.09.23-17.38.50:742][  0]LogShaderCompilers:Display: Using Local Shader Compiler.
[2015.09.23-17.38.51:521][  0]LogTemp:Display: Loaded TP DesktopTargetPlatform
[2015.09.23-17.38.51:535][  0]LogTemp:Display: Loaded TP WindowsClientTargetPlatform
[2015.09.23-17.38.51:550][  0]LogTemp:Display: Loaded TP WindowsNoEditorTargetPlatform
[2015.09.23-17.38.51:564][  0]LogTemp:Display: Loaded TP WindowsServerTargetPlatform
[2015.09.23-17.38.51:580][  0]LogTemp:Display: Loaded TP WindowsTargetPlatform
[2015.09.23-17.38.51:592][  0]LogTemp:Display: Loaded TP AndroidTargetPlatform
[2015.09.23-17.38.51:604][  0]LogTemp:Display: Loaded TP Android_ASTCTargetPlatform
[2015.09.23-17.38.51:617][  0]LogTemp:Display: Loaded TP Android_ATCTargetPlatform
[2015.09.23-17.38.51:629][  0]LogTemp:Display: Loaded TP Android_DXTTargetPlatform
[2015.09.23-17.38.51:642][  0]LogTemp:Display: Loaded TP Android_ETC1TargetPlatform
[2015.09.23-17.38.51:654][  0]LogTemp:Display: Loaded TP Android_ETC2TargetPlatform
[2015.09.23-17.38.51:666][  0]LogTemp:Display: Loaded TP Android_PVRTCTargetPlatform
[2015.09.23-17.38.51:715][  0]LogTemp:Display: Loaded TP IOSTargetPlatform
[2015.09.23-17.38.51:727][  0]LogTemp:Display: Loaded TP LinuxNoEditorTargetPlatform
[2015.09.23-17.38.51:739][  0]LogTemp:Display: Loaded TP LinuxServerTargetPlatform
[2015.09.23-17.38.51:753][  0]LogTemp:Display: Loaded TP LinuxTargetPlatform
[2015.09.23-17.38.51:753][  0]LogTargetPlatformManager:Display: Building Assets For Windows
[2015.09.23-17.38.51:955][  0]LogDerivedDataCache:Display: Max Cache Size: 512 MB
[2015.09.23-17.38.52:019][  0]LogDerivedDataCache: Loaded boot cache 0.06s 53MB C:/Users/Bodoo/AppData/Local/UnrealEngine/4.8/DerivedDataCache/Boot.ddc.
[2015.09.23-17.38.52:019][  0]LogDerivedDataCache:Display: Loaded Boot cache: C:/Users/Bodoo/AppData/Local/UnrealEngine/4.8/DerivedDataCache/Boot.ddc
[2015.09.23-17.38.52:019][  0]LogDerivedDataCache: FDerivedDataBackendGraph:  Pak pak cache file ../../../../Projekte/NotPartofTheGame/DerivedDataCache/DDC.ddp not found, will not use a pak cache.
[2015.09.23-17.38.52:019][  0]LogDerivedDataCache: Unable to find inner node Pak for hierarchical cache Hierarchy.
[2015.09.23-17.38.52:019][  0]LogDerivedDataCache: FDerivedDataBackendGraph:  CompressedPak pak cache file ../../../../Projekte/NotPartofTheGame/DerivedDataCache/Compressed.ddp not found, will not use a pak cache.
[2015.09.23-17.38.52:019][  0]LogDerivedDataCache: Unable to find inner node CompressedPak for hierarchical cache Hierarchy.
[2015.09.23-17.38.52:165][  0]LogDerivedDataCache:Display: Pak cache opened for reading ../../../Engine/DerivedDataCache/Compressed.ddp.
[2015.09.23-17.38.52:177][  0]LogDerivedDataCache: Using Local data cache path C:/Users/Bodoo/AppData/Local/UnrealEngine/Common/DerivedDataCache: Writable
[2015.09.23-17.38.52:405][  0]LogInit: Selected Device Profile: [Windows]
[2015.09.23-17.38.52:489][  0]ImportText (ComponentSweepMultiTests): Missing closing parenthesis: (RootShapeAsset="/Engine/BasicShapes/Cube.Cube",ShapeType="TriggerCapsule",HitResult=(Time=0.50,Location=(X=-100.000015,Y=0.0,Z=100.000015),ImpactPoint=(X=-50.0,Y=0.0,Z=50.0),Normal=(X=-1.0,Y=-0.0,Z=0.0),ImpactNormal=(X=0.0,Y=0.0,Z=1.0),TraceStart=(X=-200.0,Y=0.0,Z=200.0),TraceEnd=(X=0.0,Y=0.0,Z=0.0))
[2015.09.23-17.38.52:490][  0]ImportText (LineTraceSingleByChannelTests): Missing closing parenthesis: (RootShapeAsset="/Engine/BasicShapes/Cube.Cube",HitResult=(Time=0.50,Location=(X=-100.000015,Y=0.0,Z=100.000015),ImpactPoint=(X=-50.0,Y=0.0,Z=50.0),Normal=(X=-1.0,Y=-0.0,Z=0.0),ImpactNormal=(X=0.0,Y=0.0,Z=1.0),TraceStart=(X=-200.0,Y=0.0,Z=200.0),TraceEnd=(X=0.0,Y=0.0,Z=0.0))
[2015.09.23-17.38.52:517][  0]LogMeshUtilities: No automatic mesh reduction module available
[2015.09.23-17.38.52:517][  0]LogMeshUtilities: No automatic mesh merging module available
[2015.09.23-17.38.52:819][  0]LogInit: WinSock: version 1.1 (2.2), MaxSocks=32767, MaxUdp=65467
[2015.09.23-17.38.53:265][  0]LogD3D11RHI: InitD3DDevice
[2015.09.23-17.38.53:269][  0]LogWindowsMoviePlayer: Unable to load movie: ../../../../Projekte/NotPartofTheGame/Content/Movies/Default_Startup.mp4
[2015.09.23-17.38.53:409][  0]LogAssetRegistry: FAssetRegistry took 0.0002 seconds to start up
[2015.09.23-17.38.53:453][  0]SourceControl: Info Source control is disabled
[2015.09.23-17.38.53:453][  0]SourceControl: Info Source control is disabled
[2015.09.23-17.38.53:463][  0]SourceControl: Info Source control is disabled
[2015.09.23-17.38.53:644][  0]LogObj: 25913 objects as part of root set at end of initial load.
[2015.09.23-17.38.53:644][  0]LogUObjectAllocator: 5218488 out of 0 bytes used by permanent object pool.
[2015.09.23-17.38.53:713][  0]LogAutomationTest:Warning: ERR: Transient text cannot be serialized "Testing Transient serialization detection".
[2015.09.23-17.38.53:714][  0]LogEngine: Initializing Engine...
[2015.09.23-17.38.53:716][  0]LogHMD: Can't find Oculus library dev build: is proper Runtime installed? Version: 0.6.0.0
[2015.09.23-17.38.53:717][  0]LogHMD:Warning: SteamVR failed to initialize.  Error: 110
[2015.09.23-17.38.53:806][  0]LogInit: XAudio2 using 'Lautsprecher (Realtek High Definition Audio)' : 2 channels at 48 kHz using 32 bits per sample (channel mask 0x3)
[2015.09.23-17.38.53:814][  0]LogInit: FAudioDevice initialized.
[2015.09.23-17.38.53:825][  0]LogInit: Texture streaming: Disabled
[2015.09.23-17.38.53:889][  0]LogNet: Browse: /Temp/Autosaves/Game/NPOTG/Maps/UEDPCTesting_Level?Name=Player
[2015.09.23-17.38.53:889][  0]LogLoad: LoadMap: /Temp/Autosaves/Game/NPOTG/Maps/UEDPCTesting_Level?Name=Player
[2015.09.23-17.38.53:901][  0]LogParticles: Destroying 0 GPU particle simulations for FXSystem 0x0000006F731BF560
[2015.09.23-17.38.53:909][  0]LogMemory: Platform Memory Stats for Windows
[2015.09.23-17.38.53:909][  0]LogMemory: Process Physical Memory: 337.65 MB used, 337.65 MB peak
[2015.09.23-17.38.53:909][  0]LogMemory: Process Virtual Memory: 373.89 MB used, 373.89 MB peak
[2015.09.23-17.38.53:909][  0]LogMemory: Physical Memory: 3118.79 MB used, 12270.45 MB total
[2015.09.23-17.38.53:909][  0]LogMemory: Virtual Memory: 891.03 MB used, 134217728.00 MB total
[2015.09.23-17.38.53:909][  0]LogMemory: 
[2015.09.23-17.38.53:909][  0]Allocator Stats for TBB: (not implemented)
[2015.09.23-17.38.54:205][  0]LogProperty:Warning: ERR: Transient text cannot be serialized "ReturnValue Z".
[2015.09.23-17.38.54:205][  0]LogProperty:Warning: ERR: Transient text cannot be serialized "ReturnValue Y".
[2015.09.23-17.38.54:205][  0]LogProperty:Warning: ERR: Transient text cannot be serialized "ReturnValue X".
[2015.09.23-17.38.54:529][  0]LogProperty:Warning: ERR: Transient text cannot be serialized "ReturnValue Z".
[2015.09.23-17.38.54:529][  0]LogProperty:Warning: ERR: Transient text cannot be serialized "ReturnValue Y".
[2015.09.23-17.38.54:529][  0]LogProperty:Warning: ERR: Transient text cannot be serialized "ReturnValue X".
[2015.09.23-17.38.54:909][  0]LogProperty:Warning: ERR: Transient text cannot be serialized "NewRotation Roll".
[2015.09.23-17.38.54:909][  0]LogProperty:Warning: ERR: Transient text cannot be serialized "NewRotation Yaw".
[2015.09.23-17.38.54:909][  0]LogProperty:Warning: ERR: Transient text cannot be serialized "NewRotation Pitch".
[2015.09.23-17.38.54:909][  0]LogProperty:Warning: ERR: Transient text cannot be serialized "NewRotation Roll".
[2015.09.23-17.38.54:909][  0]LogProperty:Warning: ERR: Transient text cannot be serialized "NewRotation Yaw".
[2015.09.23-17.38.54:909][  0]LogProperty:Warning: ERR: Transient text cannot be serialized "NewRotation Pitch".
[2015.09.23-17.38.54:914][  0]LogProperty:Warning: ERR: Transient text cannot be serialized "ReturnValue Z".
[2015.09.23-17.38.54:914][  0]LogProperty:Warning: ERR: Transient text cannot be serialized "ReturnValue Y".
[2015.09.23-17.38.54:914][  0]LogProperty:Warning: ERR: Transient text cannot be serialized "ReturnValue X".
[2015.09.23-17.38.54:917][  0]LogProperty:Warning: ERR: Transient text cannot be serialized "NewLocation Z".
[2015.09.23-17.38.54:917][  0]LogProperty:Warning: ERR: Transient text cannot be serialized "NewLocation Y".
[2015.09.23-17.38.54:917][  0]LogProperty:Warning: ERR: Transient text cannot be serialized "NewLocation X".
[2015.09.23-17.38.54:985][  0]LogProperty:Warning: ERR: Transient text cannot be serialized "NewRotation Roll".
[2015.09.23-17.38.54:985][  0]LogProperty:Warning: ERR: Transient text cannot be serialized "NewRotation Yaw".
[2015.09.23-17.38.54:985][  0]LogProperty:Warning: ERR: Transient text cannot be serialized "NewRotation Pitch".
[2015.09.23-17.38.54:985][  0]LogProperty:Warning: ERR: Transient text cannot be serialized "NewRotation Roll".
[2015.09.23-17.38.54:985][  0]LogProperty:Warning: ERR: Transient text cannot be serialized "NewRotation Yaw".
[2015.09.23-17.38.54:985][  0]LogProperty:Warning: ERR: Transient text cannot be serialized "NewRotation Pitch".
[2015.09.23-17.38.54:990][  0]LogProperty:Warning: ERR: Transient text cannot be serialized "ReturnValue Z".
[2015.09.23-17.38.54:990][  0]LogProperty:Warning: ERR: Transient text cannot be serialized "ReturnValue Y".
[2015.09.23-17.38.54:990][  0]LogProperty:Warning: ERR: Transient text cannot be serialized "ReturnValue X".
[2015.09.23-17.38.54:993][  0]LogProperty:Warning: ERR: Transient text cannot be serialized "NewLocation Z".
[2015.09.23-17.38.54:993][  0]LogProperty:Warning: ERR: Transient text cannot be serialized "NewLocation Y".
[2015.09.23-17.38.54:993][  0]LogProperty:Warning: ERR: Transient text cannot be serialized "NewLocation X".
[2015.09.23-17.38.56:228][  0]LogAIModule: Creating AISystem for world Testing_Level
[2015.09.23-17.38.56:229][  0]LogWorld: Game class is '2DSideScrollerGameMode_C'
[2015.09.23-17.38.56:319][  0]LogWorld: Bringing World /Temp/Autosaves/Game/NPOTG/Maps/UEDPCTesting_Level.Testing_Level up for play (max tick rate 0) at 2015.09.23-19.38.56
[2015.09.23-17.38.56:338][  0]LogWorld: Bringing up level for play took: 0.106756
[2015.09.23-17.38.56:343][  0]LogInit:Display: Game Engine Initialized.
[2015.09.23-17.38.56:567][  0]LogLoad: Full Startup: 8.16 seconds (BP compile: 1.18 seconds)
[2015.09.23-17.38.56:584][  0]LogWindowsTextInputMethodSystem:Display: IME system now deactivated.
[2015.09.23-17.38.56:584][  0]LogWindowsTextInputMethodSystem:Display: IME system now deactivated.
[2015.09.23-17.38.56:586][  0]LogContentStreaming: Texture pool size is 1000.000000MB
[2015.09.23-17.38.56:714][  0]LogRenderer: Reallocating scene render targets to support 1280x720 (Frame:2).
[2015.09.23-17.38.56:835][  1]LogScript:Warning: Accessed None 'PointA'
	wolf_C /Temp/Autosaves/Game/NPOTG/Maps/UEDPCTesting_Level.Testing_Level:PersistentLevel.wolf_C_6
	Function /Game/NPOTG/Blueprints/Charaktere/wolf.wolf_C:ExecuteUbergraph_wolf:007F
[2015.09.23-17.38.56:835][  1]LogScript:Warning: Accessed None 'PointB'
	wolf_C /Temp/Autosaves/Game/NPOTG/Maps/UEDPCTesting_Level.Testing_Level:PersistentLevel.wolf_C_6
	Function /Game/NPOTG/Blueprints/Charaktere/wolf.wolf_C:ExecuteUbergraph_wolf:00AA
[2015.09.23-17.38.56:850][  2]LogScript:Warning: Accessed None 'PointA'
	wolf_C /Temp/Autosaves/Game/NPOTG/Maps/UEDPCTesting_Level.Testing_Level:PersistentLevel.wolf_C_6
	Function /Game/NPOTG/Blueprints/Charaktere/wolf.wolf_C:ExecuteUbergraph_wolf:007F
[2015.09.23-17.38.56:850][  2]LogScript:Warning: Accessed None 'PointB'
	wolf_C /Temp/Autosaves/Game/NPOTG/Maps/UEDPCTesting_Level.Testing_Level:PersistentLevel.wolf_C_6
	Function /Game/NPOTG/Blueprints/Charaktere/wolf.wolf_C:ExecuteUbergraph_wolf:00AA
[2015.09.23-17.38.56:871][  3]LogScript:Warning: Accessed None 'PointA'
	wolf_C /Temp/Autosaves/Game/NPOTG/Maps/UEDPCTesting_Level.Testing_Level:PersistentLevel.wolf_C_6
	Function /Game/NPOTG/Blueprints/Charaktere/wolf.wolf_C:ExecuteUbergraph_wolf:007F
[2015.09.23-17.38.56:871][  3]LogScript:Warning: Accessed None 'PointB'
	wolf_C /Temp/Autosaves/Game/NPOTG/Maps/UEDPCTesting_Level.Testing_Level:PersistentLevel.wolf_C_6
	Function /Game/NPOTG/Blueprints/Charaktere/wolf.wolf_C:ExecuteUbergraph_wolf:00AA
[2015.09.23-17.38.56:887][  4]LogScript:Warning: Accessed None 'PointA'
	wolf_C /Temp/Autosaves/Game/NPOTG/Maps/UEDPCTesting_Level.Testing_Level:PersistentLevel.wolf_C_6
	Function /Game/NPOTG/Blueprints/Charaktere/wolf.wolf_C:ExecuteUbergraph_wolf:007F
[2015.09.23-17.38.56:887][  4]LogScript:Warning: Accessed None 'PointB'
	wolf_C /Temp/Autosaves/Game/NPOTG/Maps/UEDPCTesting_Level.Testing_Level:PersistentLevel.wolf_C_6
	Function /Game/NPOTG/Blueprints/Charaktere/wolf.wolf_C:ExecuteUbergraph_wolf:00AA
[2015.09.23-17.38.56:903][  5]LogScript:Warning: Accessed None 'PointA'
	wolf_C /Temp/Autosaves/Game/NPOTG/Maps/UEDPCTesting_Level.Testing_Level:PersistentLevel.wolf_C_6
	Function /Game/NPOTG/Blueprints/Charaktere/wolf.wolf_C:ExecuteUbergraph_wolf:007F
[2015.09.23-17.38.56:903][  5]LogScript:Warning: Accessed None 'PointB'
	wolf_C /Temp/Autosaves/Game/NPOTG/Maps/UEDPCTesting_Level.Testing_Level:PersistentLevel.wolf_C_6
	Function /Game/NPOTG/Blueprints/Charaktere/wolf.wolf_C:ExecuteUbergraph_wolf:00AA
[2015.09.23-17.38.56:919][  6]LogScript:Warning: Accessed None 'PointA'
	wolf_C /Temp/Autosaves/Game/NPOTG/Maps/UEDPCTesting_Level.Testing_Level:PersistentLevel.wolf_C_6
	Function /Game/NPOTG/Blueprints/Charaktere/wolf.wolf_C:ExecuteUbergraph_wolf:007F
[2015.09.23-17.38.56:919][  6]LogScript:Warning: Accessed None 'PointB'
	wolf_C /Temp/Autosaves/Game/NPOTG/Maps/UEDPCTesting_Level.Testing_Level:PersistentLevel.wolf_C_6
	Function /Game/NPOTG/Blueprints/Charaktere/wolf.wolf_C:ExecuteUbergraph_wolf:00AA
[2015.09.23-17.38.56:935][  7]LogScript:Warning: Accessed None 'PointA'
	wolf_C /Temp/Autosaves/Game/NPOTG/Maps/UEDPCTesting_Level.Testing_Level:PersistentLevel.wolf_C_6
	Function /Game/NPOTG/Blueprints/Charaktere/wolf.wolf_C:ExecuteUbergraph_wolf:007F
[2015.09.23-17.38.56:935][  7]LogScript:Warning: Accessed None 'PointB'
	wolf_C /Temp/Autosaves/Game/NPOTG/Maps/UEDPCTesting_Level.Testing_Level:PersistentLevel.wolf_C_6
	Function /Game/NPOTG/Blueprints/Charaktere/wolf.wolf_C:ExecuteUbergraph_wolf:00AA
[2015.09.23-17.38.56:951][  8]LogScript:Warning: Accessed None 'PointA'
	wolf_C /Temp/Autosaves/Game/NPOTG/Maps/UEDPCTesting_Level.Testing_Level:PersistentLevel.wolf_C_6
	Function /Game/NPOTG/Blueprints/Charaktere/wolf.wolf_C:ExecuteUbergraph_wolf:007F
[2015.09.23-17.38.56:952][  8]LogScript:Warning: Accessed None 'PointB'
	wolf_C /Temp/Autosaves/Game/NPOTG/Maps/UEDPCTesting_Level.Testing_Level:PersistentLevel.wolf_C_6
	Function /Game/NPOTG/Blueprints/Charaktere/wolf.wolf_C:ExecuteUbergraph_wolf:00AA
[2015.09.23-17.38.56:968][  9]LogScript:Warning: Accessed None 'PointA'
	wolf_C /Temp/Autosaves/Game/NPOTG/Maps/UEDPCTesting_Level.Testing_Level:PersistentLevel.wolf_C_6
	Function /Game/NPOTG/Blueprints/Charaktere/wolf.wolf_C:ExecuteUbergraph_wolf:007F
[2015.09.23-17.39.05:559][541]LogScriptCore: Script call stack:
	Function /Game/NPOTG/Blueprints/Charaktere/wolf.wolf_C:BndEvt__see cone_K2Node_ComponentBoundEvent_90_ComponentBeginOverlapSignature__DelegateSignature
	Function /Game/NPOTG/Blueprints/Charaktere/wolf.wolf_C:ExecuteUbergraph_wolf
	Function /Game/NPOTG/Blueprints/Charaktere/wolf.wolf_C:start the fight
	Function /Game/NPOTG/Blueprints/Charaktere/wolf.wolf_C:construct fight
	Function /Game/NPOTG/Blueprints/Charaktere/wolf.wolf_C:start the fight
	Function /Game/NPOTG/Blueprints/Charaktere/wolf.wolf_C:construct fight
	Function /Game/NPOTG/Blueprints/Charaktere/wolf.wolf_C:start the fight
	Function /Game/NPOTG/Blueprints/Charaktere/wolf.wolf_C:construct fight
	Function /Game/NPOTG/Blueprints/Charaktere/wolf.wolf_C:start the fight
	Function /Game/NPOTG/Blueprints/Charaktere/wolf.wolf_C:construct fight
	Function /Game/NPOTG/Blueprints/Charaktere/wolf.wolf_C:start the fight
	Function /Game/NPOTG/Blueprints/Charaktere/wolf.wolf_C:construct fight
	Function /Game/NPOTG/Blueprints/Charaktere/wolf.wolf_C:start the fight
	Function /Game/NPOTG/Blueprints/Charaktere/wolf.wolf_C:construct fight
	Function /Game/NPOTG/Blueprints/Charaktere/wolf.wolf_C:start the fight
	Function /Game/NPOTG/Blueprints/Charaktere/wolf.wolf_C:construct fight
	Function /Game/NPOTG/Blueprints/Charaktere/wolf.wolf_C:start the fight
	Function /Game/NPOTG/Blueprints/Charaktere/wolf.wolf_C:construct fight
	Function /Game/NPOTG/Blueprints/Charaktere/wolf.wolf_C:start the fight
	Function /Game/NPOTG/Blueprints/Charaktere/wolf.wolf_C:construct fight
	Function /Game/NPOTG/Blueprints/Charaktere/wolf.wolf_C:start the fight
	Function /Game/NPOTG/Blueprints/Charaktere/wolf.wolf_C:construct fight
	Function /Game/NPOTG/Blueprints/Charaktere/wolf.wolf_C:start the fight
	Function /Game/NPOTG/Blueprints/Charaktere/wolf.wolf_C:construct fight
	Function /Game/NPOTG/Blueprints/Charaktere/wolf.wolf_C:start the fight
	Function /Game/NPOTG/Blueprints/Charaktere/wolf.wolf_C:construct fight
	Function /Game/NPOTG/Blueprints/Charaktere/wolf.wolf_C:start the fight
	Function /Game/NPOTG/Blueprints/Charaktere/wolf.wolf_C:construct fight
	Function /Game/NPOTG/Blueprints/Charaktere/wolf.wolf_C:start the fight
	Function /Game/NPOTG/Blueprints/Charaktere/wolf.wolf_C:construct fight
	Function /Game/NPOTG/Blueprints/Charaktere/wolf.wolf_C:start the fight
	Function /Game/NPOTG/Blueprints/Charaktere/wolf.wolf_C:construct fight
	Function /Game/NPOTG/Blueprints/Charaktere/wolf.wolf_C:start the fight
	Function /Game/NPOTG/Blueprints/Charaktere/wolf.wolf_C:construct fight
	Function /Game/NPOTG/Blueprints/Charaktere/wolf.wolf_C:start the fight
	Function /Game/NPOTG/Blueprints/Charaktere/wolf.wolf_C:construct fight
	Function /Game/NPOTG/Blueprints/Charaktere/wolf.wolf_C:start the fight
	Function /Game/NPOTG/Blueprints/Charaktere/wolf.wolf_C:construct fight
	Function /Game/NPOTG/Blueprints/Charaktere/wolf.wolf_C:start the fight
	Function /Game/NPOTG/Blueprints/Charaktere/wolf.wolf_C:construct fight
	Function /Game/NPOTG/Blueprints/Charaktere/wolf.wolf_C:start the fight
	Function /Game/NPOTG/Blueprints/Charaktere/wolf.wolf_C:construct fight
	Function /Game/NPOTG/Blueprints/Charaktere/wolf.wolf_C:start the fight
	Function /Game/NPOTG/Blueprints/Charaktere/wolf.wolf_C:construct fight
	Function /Game/NPOTG/Blueprints/Charaktere/wolf.wolf_C:start the fight
	Function /Game/NPOTG/Blueprints/Charaktere/wolf.wolf_C:construct fight
	Function /Game/NPOTG/Blueprints/Charaktere/wolf.wolf_C:start the fight
	Function /Game/NPOTG/Blueprints/Charaktere/wolf.wolf_C:construct fight
	Function /Game/NPOTG/Blueprints/Charaktere/wolf.wolf_C:start the fight
	Function /Game/NPOTG/Blueprints/Charaktere/wolf.wolf_C:construct fight
	Function /Game/NPOTG/Blueprints/Charaktere/wolf.wolf_C:start the fight
	Function /Game/NPOTG/Blueprints/Charaktere/wolf.wolf_C:construct fight
	Function /Game/NPOTG/Blueprints/Charaktere/wolf.wolf_C:start the fight
	Function /Game/NPOTG/Blueprints/Charaktere/wolf.wolf_C:construct fight
	Function /Game/NPOTG/Blueprints/Charaktere/wolf.wolf_C:start the fight
	Function /Game/NPOTG/Blueprints/Charaktere/wolf.wolf_C:construct fight
	Function /Game/NPOTG/Blueprints/Charaktere/wolf.wolf_C:start the fight
	Function /Game/NPOTG/Blueprints/Charaktere/wolf.wolf_C:construct fight
	Function /Game/NPOTG/Blueprints/Charaktere/wolf.wolf_C:start the fight
	Function /Game/NPOTG/Blueprints/Charaktere/wolf.wolf_C:construct fight
	Function /Game/NPOTG/Blueprints/Charaktere/wolf.wolf_C:start the fight
	Function /Game/NPOTG/Blueprints/Charaktere/wolf.wolf_C:construct fight
	Function /Game/NPOTG/Blueprints/Charaktere/wolf.wolf_C:start the fight
	Function /Game/NPOTG/Blueprints/Charaktere/wolf.wolf_C:construct fight
	Function /Game/NPOTG/Blueprints/Charaktere/wolf.wolf_C:start the fight
	Function /Game/NPOTG/Blueprints/Charaktere/wolf.wolf_C:construct fight
	Function /Game/NPOTG/Blueprints/Charaktere/wolf.wolf_C:start the fight
	Function /Game/NPOTG/Blueprints/Charaktere/wolf.wolf_C:construct fight
	Function /Game/NPOTG/Blueprints/Charaktere/wolf.wolf_C:start the fight
	Function /Game/NPOTG/Blueprints/Charaktere/wolf.wolf_C:construct fight
	Function /Game/NPOTG/Blueprints/Charaktere/wolf.wolf_C:start the fight
	Function /Game/NPOTG/Blueprints/Charaktere/wolf.wolf_C:construct fight
	Function /Game/NPOTG/Blueprints/Charaktere/wolf.wolf_C:start the fight
	Function /Game/NPOTG/Blueprints/Charaktere/wolf.wolf_C:construct fight
	Function /Game/NPOTG/Blueprints/Charaktere/wolf.wolf_C:start the fight
	Function /Game/NPOTG/Blueprints/Charaktere/wolf.wolf_C:construct fight
	Function /Game/NPOTG/Blueprints/Charaktere/wolf.wolf_C:start the fight
	Function /Game/NPOTG/Blueprints/Charaktere/wolf.wolf_C:construct fight
	Function /Game/NPOTG/Blueprints/Charaktere/wolf.wolf_C:start the fight
	Function /Game/NPOTG/Blueprints/Charaktere/wolf.wolf_C:construct fight
	Function /Game/NPOTG/Blueprints/Charaktere/wolf.wolf_C:start the fight
	Function /Game/NPOTG/Blueprints/Charaktere/wolf.wolf_C:construct fight
	Function /Game/NPOTG/Blueprints/Charaktere/wolf.wolf_C:start the fight
	Function /Game/NPOTG/Blueprints/Charaktere/wolf.wolf_C:construct fight
	Function /Game/NPOTG/Blueprints/Charaktere/wolf.wolf_C:start the fight
	Function /Game/NPOTG/Blueprints/Charaktere/wolf.wolf_C:construct fight
	Function /Game/NPOTG/Blueprints/Charaktere/wolf.wolf_C:start the fight
	Function /Game/NPOTG/Blueprints/Charaktere/wolf.wolf_C:construct fight
	Function /Game/NPOTG/Blueprints/Charaktere/wolf.wolf_C:start the fight
	Function /Game/NPOTG/Blueprints/Charaktere/wolf.wolf_C:construct fight
	Function /Game/NPOTG/Blueprints/Charaktere/wolf.wolf_C:start the fight
	Function /Game/NPOTG/Blueprints/Charaktere/wolf.wolf_C:construct fight
	Function /Game/NPOTG/Blueprints/Charaktere/wolf.wolf_C:start the fight
	Function /Game/NPOTG/Blueprints/Charaktere/wolf.wolf_C:construct fight
	Function /Game/NPOTG/Blueprints/Charaktere/wolf.wolf_C:start the fight
	Function /Game/NPOTG/Blueprints/Charaktere/wolf.wolf_C:construct fight
	Function /Game/NPOTG/Blueprints/Charaktere/wolf.wolf_C:start the fight
	Function /Game/NPOTG/Blueprints/Charaktere/wolf.wolf_C:construct fight
	Function /Game/NPOTG/Blueprints/Charaktere/wolf.wolf_C:start the fight
	Function /Game/NPOTG/Blueprints/Charaktere/wolf.wolf_C:construct fight
	Function /Game/NPOTG/Blueprints/Charaktere/wolf.wolf_C:start the fight
	Function /Game/NPOTG/Blueprints/Charaktere/wolf.wolf_C:construct fight
	Function /Game/NPOTG/Blueprints/Charaktere/wolf.wolf_C:start the fight
	Function /Game/NPOTG/Blueprints/Charaktere/wolf.wolf_C:construct fight
	Function /Game/NPOTG/Blueprints/Charaktere/wolf.wolf_C:start the fight
	Function /Game/NPOTG/Blueprints/Charaktere/wolf.wolf_C:construct fight
	Function /Game/NPOTG/Blueprints/Charaktere/wolf.wolf_C:start the fight
	Function /Game/NPOTG/Blueprints/Charaktere/wolf.wolf_C:construct fight
	Function /Game/NPOTG/Blueprints/Charaktere/wolf.wolf_C:start the fight
	Function /Game/NPOTG/Blueprints/Charaktere/wolf.wolf_C:construct fight
	Function /Game/NPOTG/Blueprints/Charaktere/wolf.wolf_C:start the fight
	Function /Game/NPOTG/Blueprints/Charaktere/wolf.wolf_C:construct fight
	Function /Game/NPOTG/Blueprints/Charaktere/wolf.wolf_C:start the fight
	Function /Game/NPOTG/Blueprints/Charaktere/wolf.wolf_C:construct fight
	Function /Game/NPOTG/Blueprints/Charaktere/wolf.wolf_C:start the fight
	Function /Game/NPOTG/Blueprints/Charaktere/wolf.wolf_C:construct fight
	Function /Game/NPOTG/Blueprints/Charaktere/wolf.wolf_C:start the fight
	Function /Game/NPOTG/Blueprints/Charaktere/wolf.wolf_C:construct fight
	Function /Game/NPOTG/Blueprints/Charaktere/wolf.wolf_C:start the fight
	Function /Game/NPOTG/Blueprints/Charaktere/wolf.wolf_C:construct fight
	Function /Game/NPOTG/Blueprints/Charaktere/wolf.wolf_C:start the fight
	Function /Game/NPOTG/Blueprints/Charaktere/wolf.wolf_C:construct fight
	Function /Game/NPOTG/Blueprints/Charaktere/wolf.wolf_C:start the fight
	Function /Game/NPOTG/Blueprints/Charaktere/wolf.wolf_C:construct fight
	Function /Game/NPOTG/Blueprints/Charaktere/wolf.wolf_C:start the fight
	Function /Game/NPOTG/Blueprints/Charaktere/wolf.wolf_C:construct fight
	Function /Game/NPOTG/Blueprints/Charaktere/wolf.wolf_C:start the fight
	Function /Game/NPOTG/Blueprints/Charaktere/wolf.wolf_C:construct fight
	Function /Game/NPOTG/Blueprints/Charaktere/wolf.wolf_C:start the fight
	Function /Game/NPOTG/Blueprints/Charaktere/wolf.wolf_C:construct fight
	Function /Game/NPOTG/Blueprints/Charaktere/wolf.wolf_C:start the fight
	Function /Game/NPOTG/Blueprints/Charaktere/wolf.wolf_C:construct fight
	Function /Game/NPOTG/Blueprints/Charaktere/wolf.wolf_C:start the fight
	Function /Game/NPOTG/Blueprints/Charaktere/wolf.wolf_C:construct fight
	Function /Game/NPOTG/Blueprints/Charaktere/wolf.wolf_C:start the fight
	Function /Game/NPOTG/Blueprints/Charaktere/wolf.wolf_C:construct fight
	Function /Game/NPOTG/Blueprints/Charaktere/wolf.wolf_C:start the fight
	Function /Game/NPOTG/Blueprints/Charaktere/wolf.wolf_C:construct fight
	Function /Game/NPOTG/Blueprints/Charaktere/wolf.wolf_C:start the fight
	Function /Game/NPOTG/Blueprints/Charaktere/wolf.wolf_C:construct fight
	Function /Game/NPOTG/Blueprints/Charaktere/wolf.wolf_C:start the fight
	Function /Game/NPOTG/Blueprints/Charaktere/wolf.wolf_C:construct fight
	Function /Game/NPOTG/Blueprints/Charaktere/wolf.wolf_C:start the fight
	Function /Game/NPOTG/Blueprints/Charaktere/wolf.wolf_C:construct fight
	Function /Game/NPOTG/Blueprints/Charaktere/wolf.wolf_C:start the fight
	Function /Game/NPOTG/Blueprints/Charaktere/wolf.wolf_C:construct fight
	Function /Game/NPOTG/Blueprints/Charaktere/wolf.wolf_C:start the fight
	Function /Game/NPOTG/Blueprints/Charaktere/wolf.wolf_C:construct fight
	Function /Game/NPOTG/Blueprints/Charaktere/wolf.wolf_C:start the fight
	Function /Game/NPOTG/Blueprints/Charaktere/wolf.wolf_C:construct fight
	Function /Game/NPOTG/Blueprints/Charaktere/wolf.wolf_C:start the fight
	Function /Game/NPOTG/Blueprints/Charaktere/wolf.wolf_C:construct fight
	Function /Game/NPOTG/Blueprints/Charaktere/wolf.wolf_C:start the fight
	Function /Game/NPOTG/Blueprints/Charaktere/wolf.wolf_C:construct fight
	Function /Game/NPOTG/Blueprints/Charaktere/wolf.wolf_C:start the fight
	Function /Game/NPOTG/Blueprints/Charaktere/wolf.wolf_C:construct fight
	Function /Game/NPOTG/Blueprints/Charaktere/wolf.wolf_C:start the fight
	Function /Game/NPOTG/Blueprints/Charaktere/wolf.wolf_C:construct fight
	Function /Game/NPOTG/Blueprints/Charaktere/wolf.wolf_C:start the fight
	Function /Game/NPOTG/Blueprints/Charaktere/wolf.wolf_C:construct fight
	Function /Game/NPOTG/Blueprints/Charaktere/wolf.wolf_C:start the fight
	Function /Game/NPOTG/Blueprints/Charaktere/wolf.wolf_C:construct fight
	Function /Game/NPOTG/Blueprints/Charaktere/wolf.wolf_C:start the fight
	Function /Game/NPOTG/Blueprints/Charaktere/wolf.wolf_C:construct fight
	Function /Game/NPOTG/Blueprints/Charaktere/wolf.wolf_C:start the fight
	Function /Game/NPOTG/Blueprints/Charaktere/wolf.wolf_C:construct fight
	Function /Game/NPOTG/Blueprints/Charaktere/wolf.wolf_C:start the fight
	Function /Game/NPOTG/Blueprints/Charaktere/wolf.wolf_C:construct fight
	Function /Game/NPOTG/Blueprints/Charaktere/wolf.wolf_C:start the fight
	Function /Game/NPOTG/Blueprints/Charaktere/wolf.wolf_C:construct fight
	Function /Game/NPOTG/Blueprints/Charaktere/wolf.wolf_C:start the fight
	Function /Game/NPOTG/Blueprints/Charaktere/wolf.wolf_C:construct fight
	Function /Game/NPOTG/Blueprints/Charaktere/wolf.wolf_C:start the fight
	Function /Game/NPOTG/Blueprints/Charaktere/wolf.wolf_C:construct fight
	Function /Game/NPOTG/Blueprints/Charaktere/wolf.wolf_C:start the fight
	Function /Game/NPOTG/Blueprints/Charaktere/wolf.wolf_C:construct fight
	Function /Game/NPOTG/Blueprints/Charaktere/wolf.wolf_C:start the fight
	Function /Game/NPOTG/Blueprints/Charaktere/wolf.wolf_C:construct fight
	Function /Game/NPOTG/Blueprints/Charaktere/wolf.wolf_C:start the fight
	Function /Game/NPOTG/Blueprints/Charaktere/wolf.wolf_C:construct fight
	Function /Game/NPOTG/Blueprints/Charaktere/wolf.wolf_C:start the fight
	Function /Game/NPOTG/Blueprints/Charaktere/wolf.wolf_C:construct fight
	Function /Game/NPOTG/Blueprints/Charaktere/wolf.wolf_C:start the fight
	Function /Game/NPOTG/Blueprints/Charaktere/wolf.wolf_C:construct fight
	Function /Game/NPOTG/Blueprints/Charaktere/wolf.wolf_C:start the fight
	Function /Game/NPOTG/Blueprints/Charaktere/wolf.wolf_C:construct fight
	Function /Game/NPOTG/Blueprints/Charaktere/wolf.wolf_C:start the fight
	Function /Game/NPOTG/Blueprints/Charaktere/wolf.wolf_C:construct fight
	Function /Game/NPOTG/Blueprints/Charaktere/wolf.wolf_C:start the fight
	Function /Game/NPOTG/Blueprints/Charaktere/wolf.wolf_C:construct fight
	Function /Game/NPOTG/Blueprints/Charaktere/wolf.wolf_C:start the fight
	Function /Game/NPOTG/Blueprints/Charaktere/wolf.wolf_C:construct fight
	Function /Game/NPOTG/Blueprints/Charaktere/wolf.wolf_C:start the fight
	Function /Game/NPOTG/Blueprints/Charaktere/wolf.wolf_C:construct fight
	Function /Game/NPOTG/Blueprints/Charaktere/wolf.wolf_C:start the fight
	Function /Game/NPOTG/Blueprints/Charaktere/wolf.wolf_C:construct fight
	Function /Game/NPOTG/Blueprints/Charaktere/wolf.wolf_C:start the fight
	Function /Game/NPOTG/Blueprints/Charaktere/wolf.wolf_C:construct fight
	Function /Game/NPOTG/Blueprints/Charaktere/wolf.wolf_C:start the fight
	Function /Game/NPOTG/Blueprints/Charaktere/wolf.wolf_C:construct fight
	Function /Game/NPOTG/Blueprints/Charaktere/wolf.wolf_C:start the fight
	Function /Game/NPOTG/Blueprints/Charaktere/wolf.wolf_C:construct fight
	Function /Game/NPOTG/Blueprints/Charaktere/wolf.wolf_C:start the fight
	Function /Game/NPOTG/Blueprints/Charaktere/wolf.wolf_C:construct fight
	Function /Game/NPOTG/Blueprints/Charaktere/wolf.wolf_C:start the fight
	Function /Game/NPOTG/Blueprints/Charaktere/wolf.wolf_C:construct fight
	Function /Game/NPOTG/Blueprints/Charaktere/wolf.wolf_C:start the fight
	Function /Game/NPOTG/Blueprints/Charaktere/wolf.wolf_C:construct fight
	Function /Game/NPOTG/Blueprints/Charaktere/wolf.wolf_C:start the fight
	Function /Game/NPOTG/Blueprints/Charaktere/wolf.wolf_C:construct fight
	Function /Game/NPOTG/Blueprints/Charaktere/wolf.wolf_C:start the fight
	Function /Game/NPOTG/Blueprints/Charaktere/wolf.wolf_C:construct fight
	Function /Game/NPOTG/Blueprints/Charaktere/wolf.wolf_C:start the fight
	Function /Game/NPOTG/Blueprints/Charaktere/wolf.wolf_C:construct fight
	Function /Game/NPOTG/Blueprints/Charaktere/wolf.wolf_C:start the fight
	Function /Game/NPOTG/Blueprints/Charaktere/wolf.wolf_C:construct fight
	Function /Game/NPOTG/Blueprints/Charaktere/wolf.wolf_C:start the fight
	Function /Game/NPOTG/Blueprints/Charaktere/wolf.wolf_C:construct fight
	Function /Game/NPOTG/Blueprints/Charaktere/wolf.wolf_C:start the fight
	Function /Game/NPOTG/Blueprints/Charaktere/wolf.wolf_C:construct fight
	Function /Game/NPOTG/Blueprints/Charaktere/wolf.wolf_C:start the fight
	Function /Game/NPOTG/Blueprints/Charaktere/wolf.wolf_C:construct fight
	Function /Game/NPOTG/Blueprints/Charaktere/wolf.wolf_C:start the fight
	Function /Game/NPOTG/Blueprints/Charaktere/wolf.wolf_C:construct fight
	Function /Game/NPOTG/Blueprints/Charaktere/wolf.wolf_C:start the fight
	Function /Game/NPOTG/Blueprints/Charaktere/wolf.wolf_C:construct fight
	Function /Game/NPOTG/Blueprints/Charaktere/wolf.wolf_C:start the fight
	Function /Game/NPOTG/Blueprints/Charaktere/wolf.wolf_C:construct fight
	Function /Game/NPOTG/Blueprints/Charaktere/wolf.wolf_C:start the fight
	Function /Game/NPOTG/Blueprints/Charaktere/wolf.wolf_C:construct fight
	Function /Game/NPOTG/Blueprints/Charaktere/wolf.wolf_C:start the fight
	Function /Game/NPOTG/Blueprints/Charaktere/wolf.wolf_C:construct fight
	Function /Game/NPOTG/Blueprints/Charaktere/wolf.wolf_C:start the fight
	Function /Game/NPOTG/Blueprints/Charaktere/wolf.wolf_C:construct fight
	Function /Game/NPOTG/Blueprints/Charaktere/wolf.wolf_C:start the fight
	Function /Game/NPOTG/Blueprints/Charaktere/wolf.wolf_C:construct fight
	Function /Game/NPOTG/Blueprints/Charaktere/wolf.wolf_C:start the fight
	Function /Game/NPOTG/Blueprints/Charaktere/wolf.wolf_C:construct fight
	Function /Game/NPOTG/Blueprints/Charaktere/wolf.wolf_C:start the fight
	Function /Game/NPOTG/Blueprints/Charaktere/wolf.wolf_C:construct fight
	Function /Game/NPOTG/Blueprints/Charaktere/wolf.wolf_C:start the fight
	Function /Game/NPOTG/Blueprints/Charaktere/wolf.wolf_C:construct fight
	Function /Game/NPOTG/Blueprints/Charaktere/wolf.wolf_C:start the fight
	Function /Game/NPOTG/Blueprints/Charaktere/wolf.wolf_C:construct fight
	Function /Game/NPOTG/Blueprints/Charaktere/wolf.wolf_C:start the fight
	Function /Game/NPOTG/Blueprints/Charaktere/wolf.wolf_C:construct fight
	Function /Game/NPOTG/Blueprints/Charaktere/wolf.wolf_C:start the fight
	Function /Game/NPOTG/Blueprints/Charaktere/wolf.wolf_C:construct fight

[2015.09.23-17.39.05:559][541]LogScript:Warning: Infinite script recursion (250 calls) detected
	wolf_C /Temp/Autosaves/Game/NPOTG/Maps/UEDPCTesting_Level.Testing_Level:PersistentLevel.wolf_C_5
	Function /Game/NPOTG/Blueprints/Charaktere/wolf.wolf_C:construct fight:0000
[2015.09.23-17.39.05:572][542]LogBlueprintUserMessages: 9.838709
[2015.09.23-17.39.05:572][542]LogBlueprintUserMessages: PRINT
[2015.09.23-17.39.05:589][543]LogBlueprintUserMessages: 9.758063
[2015.09.23-17.39.05:589][543]LogBlueprintUserMessages: PRINT
[2015.09.23-17.39.05:605][544]LogBlueprintUserMessages: 9.677418
[2015.09.23-17.39.05:605][544]LogBlueprintUserMessages: PRINT
[2015.09.23-17.39.05:621][545]LogBlueprintUserMessages: 9.596772
[2015.09.23-17.39.05:621][545]LogBlueprintUserMessages: PRINT
[2015.09.23-17.39.05:637][546]LogBlueprintUserMessages: 9.516127
[2015.09.23-17.39.05:637][546]LogBlueprintUserMessages: PRINT
[2015.09.23-17.39.05:653][547]LogBlueprintUserMessages: 9.435481
[2015.09.23-17.39.05:653][547]LogBlueprintUserMessages: PRINT
[2015.09.23-17.39.05:669][548]LogBlueprintUserMessages: 9.354836
[2015.09.23-17.39.05:669][548]LogBlueprintUserMessages: PRINT
[2015.09.23-17.39.05:685][549]LogBlueprintUserMessages: 9.27419
[2015.09.23-17.39.05:685][549]LogBlueprintUserMessages: PRINT
[2015.09.23-17.39.05:701][550]LogBlueprintUserMessages: 9.193544
[2015.09.23-17.39.05:702][550]LogBlueprintUserMessages: PRINT
[2015.09.23-17.39.05:717][551]LogBlueprintUserMessages: 9.112899
[2015.09.23-17.39.05:717][551]LogBlueprintUserMessages: PRINT
[2015.09.23-17.39.05:734][552]LogBlueprintUserMessages: 9.032253
[2015.09.23-17.39.05:734][552]LogBlueprintUserMessages: PRINT
[2015.09.23-17.39.05:750][553]LogBlueprintUserMessages: 8.951608
[2015.09.23-17.39.05:750][553]LogBlueprintUserMessages: PRINT
[2015.09.23-17.39.05:766][554]LogBlueprintUserMessages: 8.870947
[2015.09.23-17.39.05:766][554]LogBlueprintUserMessages: PRINT
[2015.09.23-17.39.05:782][555]LogBlueprintUserMessages: 8.790309
[2015.09.23-17.39.05:782][555]LogBlueprintUserMessages: PRINT
[2015.09.23-17.39.05:798][556]LogBlueprintUserMessages: 8.709663
[2015.09.23-17.39.05:798][556]LogBlueprintUserMessages: PRINT
[2015.09.23-17.39.05:814][557]LogBlueprintUserMessages: 8.629018
[2015.09.23-17.39.05:814][557]LogBlueprintUserMessages: PRINT
[2015.09.23-17.39.05:830][558]LogBlueprintUserMessages: 8.548372
[2015.09.23-17.39.05:830][558]LogBlueprintUserMessages: PRINT
[2015.09.23-17.39.05:847][559]LogBlueprintUserMessages: 8.467727
[2015.09.23-17.39.05:847][559]LogBlueprintUserMessages: PRINT
[2015.09.23-17.39.05:863][560]LogBlueprintUserMessages: 8.387081
[2015.09.23-17.39.05:863][560]LogBlueprintUserMessages: PRINT
[2015.09.23-17.39.05:879][561]LogBlueprintUserMessages: 8.306436
[2015.09.23-17.39.05:879][561]LogBlueprintUserMessages: PRINT
[2015.09.23-17.39.05:895][562]LogBlueprintUserMessages: 8.22579
[2015.09.23-17.39.05:895][562]LogBlueprintUserMessages: PRINT
[2015.09.23-17.39.05:911][563]LogBlueprintUserMessages: 8.145144
[2015.09.23-17.39.05:911][563]LogBlueprintUserMessages: PRINT
[2015.09.23-17.39.05:927][564]LogBlueprintUserMessages: 8.064499
[2015.09.23-17.39.05:927][564]LogBlueprintUserMessages: PRINT
[2015.09.23-17.39.05:943][565]LogBlueprintUserMessages: 7.983853
[2015.09.23-17.39.05:944][565]LogBlueprintUserMessages: PRINT
[2015.09.23-17.39.05:959][566]LogBlueprintUserMessages: 7.903207
[2015.09.23-17.39.05:959][566]LogBlueprintUserMessages: PRINT
[2015.09.23-17.39.05:976][567]LogBlueprintUserMessages: 7.822561
[2015.09.23-17.39.05:976][567]LogBlueprintUserMessages: PRINT
[2015.09.23-17.39.05:992][568]LogBlueprintUserMessages: 7.741915
[2015.09.23-17.39.05:992][568]LogBlueprintUserMessages: PRINT
[2015.09.23-17.39.06:008][569]LogBlueprintUserMessages: 7.661269
[2015.09.23-17.39.06:008][569]LogBlueprintUserMessages: PRINT
[2015.09.23-17.39.06:024][570]LogBlueprintUserMessages: 7.580623
[2015.09.23-17.39.06:024][570]LogBlueprintUserMessages: PRINT
[2015.09.23-17.39.06:040][571]LogBlueprintUserMessages: 7.499977
[2015.09.23-17.39.06:040][571]LogBlueprintUserMessages: PRINT
[2015.09.23-17.39.06:056][572]LogBlueprintUserMessages: 7.419331
[2015.09.23-17.39.06:056][572]LogBlueprintUserMessages: PRINT
[2015.09.23-17.39.06:073][573]LogBlueprintUserMessages: 7.338685
[2015.09.23-17.39.06:073][573]LogBlueprintUserMessages: PRINT
[2015.09.23-17.39.06:089][574]LogBlueprintUserMessages: 7.258039
[2015.09.23-17.39.06:089][574]LogBlueprintUserMessages: PRINT
[2015.09.23-17.39.06:104][575]LogBlueprintUserMessages: 7.177392
[2015.09.23-17.39.06:104][575]LogBlueprintUserMessages: PRINT
[2015.09.23-17.39.06:120][576]LogBlueprintUserMessages: 7.096746
[2015.09.23-17.39.06:121][576]LogBlueprintUserMessages: PRINT
[2015.09.23-17.39.06:138][577]LogBlueprintUserMessages: 7.0161
[2015.09.23-17.39.06:138][577]LogBlueprintUserMessages: PRINT
[2015.09.23-17.39.06:154][578]LogBlueprintUserMessages: 6.935454
[2015.09.23-17.39.06:154][578]LogBlueprintUserMessages: PRINT
[2015.09.23-17.39.06:169][579]LogBlueprintUserMessages: 6.854808
[2015.09.23-17.39.06:169][579]LogBlueprintUserMessages: PRINT
[2015.09.23-17.39.06:185][580]LogBlueprintUserMessages: 6.774162
[2015.09.23-17.39.06:185][580]LogBlueprintUserMessages: PRINT
[2015.09.23-17.39.06:202][581]LogBlueprintUserMessages: 6.693516
[2015.09.23-17.39.06:202][581]LogBlueprintUserMessages: PRINT
[2015.09.23-17.39.06:218][582]LogBlueprintUserMessages: 6.61287
[2015.09.23-17.39.06:218][582]LogBlueprintUserMessages: PRINT
[2015.09.23-17.39.06:234][583]LogBlueprintUserMessages: 6.532224
[2015.09.23-17.39.06:234][583]LogBlueprintUserMessages: PRINT
[2015.09.23-17.39.06:250][584]LogBlueprintUserMessages: 6.451578
[2015.09.23-17.39.06:250][584]LogBlueprintUserMessages: PRINT
[2015.09.23-17.39.06:266][585]LogBlueprintUserMessages: 6.370932
[2015.09.23-17.39.06:266][585]LogBlueprintUserMessages: PRINT
[2015.09.23-17.39.06:282][586]LogBlueprintUserMessages: 6.290286
[2015.09.23-17.39.06:282][586]LogBlueprintUserMessages: PRINT
[2015.09.23-17.39.06:298][587]LogBlueprintUserMessages: 6.20964
[2015.09.23-17.39.06:298][587]LogBlueprintUserMessages: PRINT
[2015.09.23-17.39.06:314][588]LogBlueprintUserMessages: 6.128994
[2015.09.23-17.39.06:314][588]LogBlueprintUserMessages: PRINT
[2015.09.23-17.39.06:331][589]LogBlueprintUserMessages: 6.048317
[2015.09.23-17.39.06:331][589]LogBlueprintUserMessages: PRINT
[2015.09.23-17.39.06:347][590]LogBlueprintUserMessages: 5.967687
[2015.09.23-17.39.06:347][590]LogBlueprintUserMessages: PRINT
[2015.09.23-17.39.06:363][591]LogBlueprintUserMessages: 5.887041
[2015.09.23-17.39.06:363][591]LogBlueprintUserMessages: PRINT
[2015.09.23-17.39.06:379][592]LogBlueprintUserMessages: 5.806395
[2015.09.23-17.39.06:379][592]LogBlueprintUserMessages: PRINT
[2015.09.23-17.39.06:395][593]LogBlueprintUserMessages: 5.725749
[2015.09.23-17.39.06:395][593]LogBlueprintUserMessages: PRINT
[2015.09.23-17.39.06:411][594]LogBlueprintUserMessages: 5.64506
[2015.09.23-17.39.06:411][594]LogBlueprintUserMessages: PRINT
[2015.09.23-17.39.06:427][595]LogBlueprintUserMessages: 5.564435
[2015.09.23-17.39.06:427][595]LogBlueprintUserMessages: PRINT
[2015.09.23-17.39.06:443][596]LogBlueprintUserMessages: 5.483789
[2015.09.23-17.39.06:443][596]LogBlueprintUserMessages: PRINT
[2015.09.23-17.39.06:459][597]LogBlueprintUserMessages: 5.403143
[2015.09.23-17.39.06:459][597]LogBlueprintUserMessages: PRINT
[2015.09.23-17.39.06:475][598]LogBlueprintUserMessages: 5.322497
[2015.09.23-17.39.06:475][598]LogBlueprintUserMessages: PRINT
[2015.09.23-17.39.06:492][599]LogBlueprintUserMessages: 5.241851
[2015.09.23-17.39.06:492][599]LogBlueprintUserMessages: PRINT
[2015.09.23-17.39.06:508][600]LogBlueprintUserMessages: 5.161205
[2015.09.23-17.39.06:508][600]LogBlueprintUserMessages: PRINT
[2015.09.23-17.39.06:524][601]LogBlueprintUserMessages: 5.080559
[2015.09.23-17.39.06:524][601]LogBlueprintUserMessages: PRINT
[2015.09.23-17.39.06:541][602]LogBlueprintUserMessages: 4.999913
[2015.09.23-17.39.06:541][602]LogBlueprintUserMessages: PRINT
[2015.09.23-17.39.06:556][603]LogBlueprintUserMessages: 4.919267
[2015.09.23-17.39.06:556][603]LogBlueprintUserMessages: PRINT
[2015.09.23-17.39.06:572][604]LogBlueprintUserMessages: 4.838621
[2015.09.23-17.39.06:572][604]LogBlueprintUserMessages: PRINT
[2015.09.23-17.39.06:588][605]LogBlueprintUserMessages: 4.757975
[2015.09.23-17.39.06:588][605]LogBlueprintUserMessages: PRINT
[2015.09.23-17.39.06:605][606]LogBlueprintUserMessages: 4.677329
[2015.09.23-17.39.06:605][606]LogBlueprintUserMessages: PRINT
[2015.09.23-17.39.06:621][607]LogBlueprintUserMessages: 4.596683
[2015.09.23-17.39.06:622][607]LogBlueprintUserMessages: PRINT
[2015.09.23-17.39.06:637][608]LogBlueprintUserMessages: 4.516037
[2015.09.23-17.39.06:638][608]LogBlueprintUserMessages: PRINT
[2015.09.23-17.39.06:654][609]LogBlueprintUserMessages: 4.43539
[2015.09.23-17.39.06:654][609]LogBlueprintUserMessages: PRINT
[2015.09.23-17.39.06:669][610]LogBlueprintUserMessages: 4.354744
[2015.09.23-17.39.06:669][610]LogBlueprintUserMessages: PRINT
[2015.09.23-17.39.06:685][611]LogBlueprintUserMessages: 4.274098
[2015.09.23-17.39.06:685][611]LogBlueprintUserMessages: PRINT
[2015.09.23-17.39.06:702][612]LogBlueprintUserMessages: 4.193452
[2015.09.23-17.39.06:702][612]LogBlueprintUserMessages: PRINT
[2015.09.23-17.39.06:717][613]LogBlueprintUserMessages: 4.112806
[2015.09.23-17.39.06:717][613]LogBlueprintUserMessages: PRINT
[2015.09.23-17.39.06:734][614]LogBlueprintUserMessages: 4.03216
[2015.09.23-17.39.06:734][614]LogBlueprintUserMessages: PRINT
[2015.09.23-17.39.06:750][615]LogBlueprintUserMessages: 3.951514
[2015.09.23-17.39.06:750][615]LogBlueprintUserMessages: PRINT
[2015.09.23-17.39.06:766][616]LogBlueprintUserMessages: 3.870869
[2015.09.23-17.39.06:766][616]LogBlueprintUserMessages: PRINT
[2015.09.23-17.39.06:782][617]LogBlueprintUserMessages: 3.790223
[2015.09.23-17.39.06:782][617]LogBlueprintUserMessages: PRINT
[2015.09.23-17.39.06:798][618]LogBlueprintUserMessages: 3.709577
[2015.09.23-17.39.06:798][618]LogBlueprintUserMessages: PRINT
[2015.09.23-17.39.06:814][619]LogBlueprintUserMessages: 3.628931
[2015.09.23-17.39.06:814][619]LogBlueprintUserMessages: PRINT
[2015.09.23-17.39.06:830][620]LogBlueprintUserMessages: 3.548285
[2015.09.23-17.39.06:830][620]LogBlueprintUserMessages: PRINT
[2015.09.23-17.39.06:846][621]LogBlueprintUserMessages: 3.46764
[2015.09.23-17.39.06:847][621]LogBlueprintUserMessages: PRINT
[2015.09.23-17.39.06:863][622]LogBlueprintUserMessages: 3.386994
[2015.09.23-17.39.06:863][622]LogBlueprintUserMessages: PRINT
[2015.09.23-17.39.06:879][623]LogBlueprintUserMessages: 3.306348
[2015.09.23-17.39.06:879][623]LogBlueprintUserMessages: PRINT
[2015.09.23-17.39.06:895][624]LogBlueprintUserMessages: 3.225702
[2015.09.23-17.39.06:895][624]LogBlueprintUserMessages: PRINT
[2015.09.23-17.39.06:911][625]LogBlueprintUserMessages: 3.145056
[2015.09.23-17.39.06:911][625]LogBlueprintUserMessages: PRINT
[2015.09.23-17.39.06:928][626]LogBlueprintUserMessages: 3.064411
[2015.09.23-17.39.06:928][626]LogBlueprintUserMessages: PRINT
[2015.09.23-17.39.06:944][627]LogBlueprintUserMessages: 2.983765
[2015.09.23-17.39.06:944][627]LogBlueprintUserMessages: PRINT
[2015.09.23-17.39.06:959][628]LogBlueprintUserMessages: 2.903119
[2015.09.23-17.39.06:959][628]LogBlueprintUserMessages: PRINT
[2015.09.23-17.39.06:975][629]LogBlueprintUserMessages: 2.822473
[2015.09.23-17.39.06:975][629]LogBlueprintUserMessages: PRINT
[2015.09.23-17.39.06:992][630]LogBlueprintUserMessages: 2.741827
[2015.09.23-17.39.06:992][630]LogBlueprintUserMessages: PRINT
[2015.09.23-17.39.07:008][631]LogBlueprintUserMessages: 2.661182
[2015.09.23-17.39.07:008][631]LogBlueprintUserMessages: PRINT
[2015.09.23-17.39.07:025][632]LogBlueprintUserMessages: 2.580536
[2015.09.23-17.39.07:025][632]LogBlueprintUserMessages: PRINT
[2015.09.23-17.39.07:041][633]LogBlueprintUserMessages: 2.49989
[2015.09.23-17.39.07:041][633]LogBlueprintUserMessages: PRINT
[2015.09.23-17.39.07:056][634]LogBlueprintUserMessages: zukasdfuikfsfgiHFIGASIDILUgqregfFEWERFARG
[2015.09.23-17.39.11:105][885]Set new viewmode: Lit
[2015.09.23-17.39.11:331][899]Closing by request
[2015.09.23-17.39.11:331][899]LogWindows: FPlatformMisc::RequestExit(0)
[2015.09.23-17.39.11:768][900]LogWindowsTextInputMethodSystem:Display: IME system now deactivated.
[2015.09.23-17.39.11:768][900]LogWindowsTextInputMethodSystem:Display: IME system now deactivated.
[2015.09.23-17.39.11:775][900]LogExit: Preparing to exit.
[2015.09.23-17.39.11:877][900]LogExit: Game engine shut down
[2015.09.23-17.39.11:882][900]LogParticles: Destroying 0 GPU particle simulations for FXSystem 0x0000006F718B9120
[2015.09.23-17.39.12:024][900]LogExit: Object subsystem successfully closed.
[2015.09.23-17.39.12:036][900]LogD3D11RHI: Shutdown
[2015.09.23-17.39.12:036][900]LogD3D11RHI: CleanupD3DDevice
[2015.09.23-17.39.12:115][900]LogD3D11RHI: ~FD3D11DynamicRHI
[2015.09.23-17.39.12:127][900]LogModuleManager: Shutting down and abandoning module AndroidDeviceDetection (109)
[2015.09.23-17.39.12:601][900]LogModuleManager: Shutting down and abandoning module AutomationWorker (108)
[2015.09.23-17.39.12:601][900]LogModuleManager: Shutting down and abandoning module CharacterAI (107)
[2015.09.23-17.39.12:601][900]LogModuleManager: Shutting down and abandoning module AITestSuite (106)
[2015.09.23-17.39.12:601][900]LogModuleManager: Shutting down and abandoning module GameplayDebugger (105)
[2015.09.23-17.39.12:601][900]LogModuleManager: Shutting down and abandoning module AIModule (104)
[2015.09.23-17.39.12:601][900]LogModuleManager: Shutting down and abandoning module GameLiveStreaming (103)
[2015.09.23-17.39.12:601][900]LogModuleManager: Shutting down and abandoning module StreamingPauseRendering (102)
[2015.09.23-17.39.12:601][900]LogModuleManager: Shutting down and abandoning module ProfilerService (101)
[2015.09.23-17.39.12:705][900]LogModuleManager: Shutting down and abandoning module TaskGraph (100)
[2015.09.23-17.39.12:705][900]LogModuleManager: Shutting down and abandoning module SlateRemote (99)
[2015.09.23-17.39.12:705][900]LogModuleManager: Shutting down and abandoning module SteamVRController (98)
[2015.09.23-17.39.12:705][900]LogModuleManager: Shutting down and abandoning module SteamVR (97)
[2015.09.23-17.39.12:705][900]LogModuleManager: Shutting down and abandoning module ProceduralMeshComponent (96)
[2015.09.23-17.39.12:705][900]LogModuleManager: Shutting down and abandoning module OculusRift (95)
[2015.09.23-17.39.12:705][900]LogModuleManager: Shutting down and abandoning module LeapMotionController (94)
[2015.09.23-17.39.12:714][900]LogModuleManager: Shutting down and abandoning module CustomMeshComponent (93)
[2015.09.23-17.39.12:714][900]LogModuleManager: Shutting down and abandoning module CableComponent (92)
[2015.09.23-17.39.12:714][900]LogModuleManager: Shutting down and abandoning module DesktopPlatform (91)
[2015.09.23-17.39.12:714][900]LogModuleManager: Shutting down and abandoning module DirectoryWatcher (90)
[2015.09.23-17.39.12:714][900]LogModuleManager: Shutting down and abandoning module HotReload (89)
[2015.09.23-17.39.12:714][900]LogModuleManager: Shutting down and abandoning module VisualStudioSourceCodeAccess (88)
[2015.09.23-17.39.12:714][900]LogModuleManager: Shutting down and abandoning module UObjectPlugin (87)
[2015.09.23-17.39.12:714][900]LogModuleManager: Shutting down and abandoning module SubversionSourceControl (86)
[2015.09.23-17.39.12:714][900]LogModuleManager: Shutting down and abandoning module SourceControl (85)
[2015.09.23-17.39.12:714][900]LogModuleManager: Shutting down and abandoning module PerforceSourceControl (84)
[2015.09.23-17.39.12:714][900]LogModuleManager: Shutting down and abandoning module BlankPlugin (83)
[2015.09.23-17.39.12:714][900]LogModuleManager: Shutting down and abandoning module UdpMessaging (82)
[2015.09.23-17.39.12:714][900]LogModuleManager: Shutting down and abandoning module AssetRegistry (81)
[2015.09.23-17.39.12:715][900]LogModuleManager: Shutting down and abandoning module SubstanceCore (80)
[2015.09.23-17.39.12:715][900]LogModuleManager: Shutting down and abandoning module Paper2D (79)
[2015.09.23-17.39.12:715][900]LogModuleManager: Shutting down and abandoning module WindowsMoviePlayer (78)
[2015.09.23-17.39.12:717][900]LogModuleManager: Shutting down and abandoning module Media (77)
[2015.09.23-17.39.12:717][900]LogModuleManager: Shutting down and abandoning module WmfMedia (76)
[2015.09.23-17.39.12:717][900]LogModuleManager: Shutting down and abandoning module OnlineBlueprintSupport (75)
[2015.09.23-17.39.12:717][900]LogModuleManager: Shutting down and abandoning module PropertyEditor (74)
[2015.09.23-17.39.12:717][900]LogModuleManager: Shutting down and abandoning module BehaviorTreeEditor (73)
[2015.09.23-17.39.12:717][900]LogModuleManager: Shutting down and abandoning module FunctionalTesting (72)
[2015.09.23-17.39.12:717][900]LogModuleManager: Shutting down and abandoning module CollisionAnalyzer (71)
[2015.09.23-17.39.12:717][900]LogModuleManager: Shutting down and abandoning module WorkspaceMenuStructure (70)
[2015.09.23-17.39.12:717][900]LogModuleManager: Shutting down and abandoning module MessageLog (69)
[2015.09.23-17.39.12:717][900]LogModuleManager: Shutting down and abandoning module Sequencer (68)
[2015.09.23-17.39.12:717][900]LogModuleManager: Shutting down and abandoning module AssetTools (67)
[2015.09.23-17.39.12:717][900]LogModuleManager: Shutting down and abandoning module UMGEditor (66)
[2015.09.23-17.39.12:717][900]LogModuleManager: Shutting down and abandoning module UMG (65)
[2015.09.23-17.39.12:717][900]LogModuleManager: Shutting down and abandoning module Slate (64)
[2015.09.23-17.39.12:717][900]LogModuleManager: Shutting down and abandoning module EditorStyle (63)
[2015.09.23-17.39.12:720][900]LogModuleManager: Shutting down and abandoning module SessionServices (62)
[2015.09.23-17.39.12:720][900]LogModuleManager: Shutting down and abandoning module SourceCodeAccess (61)
[2015.09.23-17.39.12:720][900]LogModuleManager: Shutting down and abandoning module HeadMountedDisplay (60)
[2015.09.23-17.39.12:720][900]LogModuleManager: Shutting down and abandoning module XAudio2 (59)
[2015.09.23-17.39.12:720][900]LogModuleManager: Shutting down and abandoning module Networking (57)
[2015.09.23-17.39.12:720][900]LogModuleManager: Shutting down and abandoning module Core (56)
[2015.09.23-17.39.12:720][900]LogModuleManager: Shutting down and abandoning module KismetCompiler (55)
[2015.09.23-17.39.12:720][900]LogModuleManager: Shutting down and abandoning module PhysXFormats (54)
[2015.09.23-17.39.12:720][900]LogModuleManager: Shutting down and abandoning module MeshUtilities (53)
[2015.09.23-17.39.12:720][900]LogModuleManager: Shutting down and abandoning module DerivedDataCache (52)
[2015.09.23-17.39.13:184][900]LogDerivedDataCache: Shutdown
[2015.09.23-17.39.13:184][900]LogModuleManager: Shutting down and abandoning module ShaderFormatOpenGL (51)
[2015.09.23-17.39.13:184][900]LogModuleManager: Shutting down and abandoning module ShaderFormatD3D (50)
[2015.09.23-17.39.13:184][900]LogModuleManager: Shutting down and abandoning module MetalShaderFormat (49)
[2015.09.23-17.39.13:184][900]LogModuleManager: Shutting down and abandoning module TextureFormatUncompressed (48)
[2015.09.23-17.39.13:184][900]LogModuleManager: Shutting down and abandoning module TextureFormatPVR (47)
[2015.09.23-17.39.13:184][900]LogModuleManager: Shutting down and abandoning module TextureFormatIntelISPCTexComp (46)
[2015.09.23-17.39.13:184][900]LogModuleManager: Shutting down and abandoning module TextureFormatDXT (45)
[2015.09.23-17.39.13:184][900]LogModuleManager: Shutting down and abandoning module ImageWrapper (44)
[2015.09.23-17.39.13:184][900]LogModuleManager: Shutting down and abandoning module TextureFormatASTC (43)
[2015.09.23-17.39.13:184][900]LogModuleManager: Shutting down and abandoning module TextureFormatAndroid (42)
[2015.09.23-17.39.13:184][900]LogModuleManager: Shutting down and abandoning module AudioFormatOpus (41)
[2015.09.23-17.39.13:184][900]LogModuleManager: Shutting down and abandoning module AudioFormatOgg (40)
[2015.09.23-17.39.13:184][900]LogModuleManager: Shutting down and abandoning module AudioFormatADPCM (39)
[2015.09.23-17.39.13:184][900]LogModuleManager: Shutting down and abandoning module LinuxTargetPlatform (38)
[2015.09.23-17.39.13:184][900]LogModuleManager: Shutting down and abandoning module LinuxServerTargetPlatform (37)
[2015.09.23-17.39.13:184][900]LogModuleManager: Shutting down and abandoning module LinuxNoEditorTargetPlatform (36)
[2015.09.23-17.39.13:184][900]LogModuleManager: Shutting down and abandoning module Messaging (35)
[2015.09.23-17.39.13:184][900]LogModuleManager: Shutting down and abandoning module IOSTargetPlatform (34)
[2015.09.23-17.39.13:184][900]LogModuleManager: Shutting down and abandoning module HTML5TargetPlatform (33)
[2015.09.23-17.39.13:184][900]LogModuleManager: Shutting down and abandoning module Android_PVRTCTargetPlatform (32)
[2015.09.23-17.39.13:184][900]LogModuleManager: Shutting down and abandoning module Android_ETC2TargetPlatform (31)
[2015.09.23-17.39.13:184][900]LogModuleManager: Shutting down and abandoning module Android_ETC1TargetPlatform (30)
[2015.09.23-17.39.13:184][900]LogModuleManager: Shutting down and abandoning module Android_DXTTargetPlatform (29)
[2015.09.23-17.39.13:184][900]LogModuleManager: Shutting down and abandoning module Android_ATCTargetPlatform (28)
[2015.09.23-17.39.13:184][900]LogModuleManager: Shutting down and abandoning module Android_ASTCTargetPlatform (27)
[2015.09.23-17.39.13:184][900]LogModuleManager: Shutting down and abandoning module AndroidTargetPlatform (26)
[2015.09.23-17.39.13:184][900]LogModuleManager: Shutting down and abandoning module WindowsTargetPlatform (25)
[2015.09.23-17.39.13:184][900]LogModuleManager: Shutting down and abandoning module WindowsServerTargetPlatform (24)
[2015.09.23-17.39.13:184][900]LogModuleManager: Shutting down and abandoning module WindowsNoEditorTargetPlatform (23)
[2015.09.23-17.39.13:184][900]LogModuleManager: Shutting down and abandoning module WindowsClientTargetPlatform (22)
[2015.09.23-17.39.13:184][900]LogModuleManager: Shutting down and abandoning module DesktopTargetPlatform (21)
[2015.09.23-17.39.13:184][900]LogModuleManager: Shutting down and abandoning module TargetPlatform (20)
[2015.09.23-17.39.13:184][900]LogModuleManager: Shutting down and abandoning module InputCore (19)
[2015.09.23-17.39.13:184][900]LogModuleManager: Shutting down and abandoning module Settings (18)
[2015.09.23-17.39.13:184][900]LogModuleManager: Shutting down and abandoning module OnlineSubsystem (16)
[2015.09.23-17.39.13:184][900]LogModuleManager: Shutting down and abandoning module HTTP (15)
[2015.09.23-17.39.13:184][900]LogModuleManager: Shutting down and abandoning module ExampleDeviceProfileSelector (14)
[2015.09.23-17.39.13:184][900]LogModuleManager: Shutting down and abandoning module TextureCompressor (13)
[2015.09.23-17.39.13:184][900]LogModuleManager: Shutting down and abandoning module ShaderCore (12)
[2015.09.23-17.39.13:184][900]LogModuleManager: Shutting down and abandoning module Landscape (11)
[2015.09.23-17.39.13:184][900]LogModuleManager: Shutting down and abandoning module SlateRHIRenderer (10)
[2015.09.23-17.39.13:185][900]LogModuleManager: Shutting down and abandoning module OpenGLDrv (9)
[2015.09.23-17.39.13:185][900]LogModuleManager: Shutting down and abandoning module D3D11RHI (8)
[2015.09.23-17.39.13:185][900]LogModuleManager: Shutting down and abandoning module Renderer (7)
[2015.09.23-17.39.13:185][900]LogModuleManager: Shutting down and abandoning module Engine (6)
[2015.09.23-17.39.13:185][900]LogModuleManager: Shutting down and abandoning module CoreUObject (5)
[2015.09.23-17.39.13:185][900]LogModuleManager: Shutting down and abandoning module NetworkFile (4)
[2015.09.23-17.39.13:185][900]LogModuleManager: Shutting down and abandoning module StreamingFile (3)
[2015.09.23-17.39.13:185][900]LogModuleManager: Shutting down and abandoning module SandboxFile (2)
[2015.09.23-17.39.13:185][900]LogModuleManager: Shutting down and abandoning module PakFile (1)
[2015.09.23-17.39.13:186][900]LogExit: Exiting.
[2015.09.23-17.39.13:190][900]Log file closed, 09/23/15 19:39:13
