[2015.08.27-20.43.49:173][  0]Log file open, 08/27/15 22:43:49
[2015.08.27-20.43.49:174][  0]LogInit:Display: Running engine for game: NotPartofGame
[2015.08.27-20.43.49:174][  0]LogInit:Display: RandInit(1365396857) SRandInit(1365396858).
[2015.08.27-20.43.49:174][  0]LogTaskGraph: Started task graph with 4 named threads and 7 total threads.
[2015.08.27-20.43.49:174][  0]LogStats: Stats thread started
[2015.08.27-20.43.49:174][  0]LogInit: Version: 4.8.3-2634408+++depot+UE4-Releases+4.8
[2015.08.27-20.43.49:174][  0]LogInit: API Version: 2579680
[2015.08.27-20.43.49:174][  0]LogInit: Compiled (64-bit): Jul 27 2015 16:24:33
[2015.08.27-20.43.49:174][  0]LogInit: Compiled with Visual C++: 18.00.21005.01
[2015.08.27-20.43.49:174][  0]LogInit: Build Configuration: Development
[2015.08.27-20.43.49:174][  0]LogInit: Branch Name: ++depot+UE4-Releases+4.8
[2015.08.27-20.43.49:174][  0]LogInit: Command line:  /Temp/Autosaves/Game/NPOTG/Maps/UEDPCTesting_Level -game -PIEVIACONSOLE -ResX=1280 -ResY=720  -Multiprocess 
[2015.08.27-20.43.49:174][  0]LogInit: Base directory: C:/Users/Bodoo/Documents/Programmieren/4.8/Engine/Binaries/Win64/
[2015.08.27-20.43.49:174][  0]LogInit: Rocket: 1
[2015.08.27-20.43.49:192][  0]LogInit: Using libcurl 7.41.0
[2015.08.27-20.43.49:192][  0]LogInit:  - built for x86_64-pc-win32
[2015.08.27-20.43.49:192][  0]LogInit:  - supports SSL with WinSSL
[2015.08.27-20.43.49:192][  0]LogInit:  - other features:
[2015.08.27-20.43.49:192][  0]LogInit:      CURL_VERSION_SSL
[2015.08.27-20.43.49:192][  0]LogInit:      CURL_VERSION_IPV6
[2015.08.27-20.43.49:192][  0]LogInit:      CURL_VERSION_ASYNCHDNS
[2015.08.27-20.43.49:192][  0]LogInit:      CURL_VERSION_LARGEFILE
[2015.08.27-20.43.49:192][  0]LogInit:      CURL_VERSION_IDN
[2015.08.27-20.43.49:192][  0]LogInit:  CurlRequestOptions (configurable via config and command line):
[2015.08.27-20.43.49:192][  0]LogInit:  - bVerifyPeer = true  - Libcurl will verify peer certificate
[2015.08.27-20.43.49:192][  0]LogInit:  - bUseHttpProxy = false  - Libcurl will NOT use HTTP proxy
[2015.08.27-20.43.49:192][  0]LogInit:  - bDontReuseConnections = false  - Libcurl will reuse connections
[2015.08.27-20.43.49:192][  0]LogInit:  - CertBundlePath = nullptr  - Libcurl will use whatever was configured at build time.
[2015.08.27-20.43.49:210][  0]LogOnline:Warning: No default platform service specified for OnlineSubsystem
[2015.08.27-20.43.49:229][  0]LogInit: Presizing for 0 objects not considered by GC, pre-allocating 0 bytes.
[2015.08.27-20.43.49:237][  0]LogInit: Object subsystem initialized
[2015.08.27-20.43.49:238][  0]LogConsoleResponse:Warning: Skipping Unknown console variable: 'UIScaleCurve = (EditorCurveData=(Keys=((Time=480.000000,Value=0.444000),(Time=720.000000,Value=0.666000),(Time=1080.000000,Value=1.000000),(Time=8640.000000,Value=8.000000))),ExternalCurve=None)'
[2015.08.27-20.43.49:238][  0]LogConsoleResponse:Warning:   Found in ini file 'C:/Users/Bodoo/Documents/Programmieren/Projekte/NotPartofTheGame/Saved/Config/Windows/Engine.ini', in section '[/Script/Engine.RendererSettings]'
[2015.08.27-20.43.49:238][  0]LogConsoleManager:Warning: Console variable 'r.MSAA.CompositingSampleCount' wasn't set ('Scalability' has a lower priority than 'ProjectSetting')
[2015.08.27-20.43.49:239][  0]LogInit: Selected Device Profile: [Windows]
[2015.08.27-20.43.49:239][  0]LogInit: Applying CVar settings loaded from the selected device profile: [Windows]
[2015.08.27-20.43.49:242][  0]LogInit: Computer: DESKTOP-GLF6O4V
[2015.08.27-20.43.49:242][  0]LogInit: User: Bodoo
[2015.08.27-20.43.49:242][  0]LogInit: CPU Page size=4096, Cores=4
[2015.08.27-20.43.49:242][  0]LogInit: High frequency timer resolution =3.215356 MHz
[2015.08.27-20.43.49:242][  0]LogMemory: Memory total: Physical=12.0GB (12GB approx)
[2015.08.27-20.43.49:242][  0]LogMemory: Platform Memory Stats for Windows
[2015.08.27-20.43.49:242][  0]LogMemory: Process Physical Memory: 50.12 MB used, 50.12 MB peak
[2015.08.27-20.43.49:242][  0]LogMemory: Process Virtual Memory: 22.48 MB used, 22.48 MB peak
[2015.08.27-20.43.49:242][  0]LogMemory: Physical Memory: 3551.73 MB used, 12270.70 MB total
[2015.08.27-20.43.49:242][  0]LogMemory: Virtual Memory: 310.49 MB used, 134217728.00 MB total
[2015.08.27-20.43.49:273][  0]LogTextLocalizationManager: The requested culture ('de_DE') has no localization data; falling back to 'en' for localization and internationalization data.
[2015.08.27-20.43.49:599][  0]LogTextLocalizationManager:Warning: Loaded localization resources contain conflicting entries for (Namespace:ContentBrowser, Key:ImportAssetToolTip):
Localization Resource: (C:/Users/Bodoo/Documents/Programmieren/4.8/Engine/Content/Localization/Editor/en/Editor.locres) Source String Hash: (-630476809) Localized String: (Import to {0}...)
Localization Resource: (C:/Users/Bodoo/Documents/Programmieren/4.8/Engine/Content/Localization/Editor/en/Editor.locres) Source String Hash: (1271782899) Localized String: (Imports an asset from file to this folder.)
[2015.08.27-20.43.49:997][  0]LogD3D11RHI: Found D3D11 adapter 0: AMD Radeon HD 6800 Series (Feature Level 11_0)
[2015.08.27-20.43.49:997][  0]LogD3D11RHI: Adapter has 1011MB of dedicated video memory, 0MB of dedicated system memory, and 3840MB of shared system memory, 1 output[s]
[2015.08.27-20.43.49:998][  0]LogD3D11RHI: Found D3D11 adapter 1: Microsoft Basic Render Driver (Feature Level 11_0)
[2015.08.27-20.43.49:998][  0]LogD3D11RHI: Adapter has 0MB of dedicated video memory, 0MB of dedicated system memory, and 6135MB of shared system memory, 0 output[s]
[2015.08.27-20.43.49:998][  0]LogD3D11RHI: Chosen D3D11 Adapter Id = 0
[2015.08.27-20.43.50:001][  0]LogD3D11RHI: InitD3DDevice
[2015.08.27-20.43.50:001][  0]LogD3D11RHI: !Direct3DDevice
[2015.08.27-20.43.50:001][  0]LogRHI: Texture pool is 708 MB (70% of 1011 MB)
[2015.08.27-20.43.50:007][  0]LogD3D11RHI: Async texture creation disabled: no driver support
[2015.08.27-20.43.50:018][  0]LogShaderCompilers:Display: Using Local Shader Compiler.
[2015.08.27-20.43.50:830][  0]LogTemp:Display: Loaded TP DesktopTargetPlatform
[2015.08.27-20.43.50:845][  0]LogTemp:Display: Loaded TP WindowsClientTargetPlatform
[2015.08.27-20.43.50:861][  0]LogTemp:Display: Loaded TP WindowsNoEditorTargetPlatform
[2015.08.27-20.43.50:877][  0]LogTemp:Display: Loaded TP WindowsServerTargetPlatform
[2015.08.27-20.43.50:893][  0]LogTemp:Display: Loaded TP WindowsTargetPlatform
[2015.08.27-20.43.50:907][  0]LogTemp:Display: Loaded TP AndroidTargetPlatform
[2015.08.27-20.43.50:920][  0]LogTemp:Display: Loaded TP Android_ASTCTargetPlatform
[2015.08.27-20.43.50:933][  0]LogTemp:Display: Loaded TP Android_ATCTargetPlatform
[2015.08.27-20.43.50:947][  0]LogTemp:Display: Loaded TP Android_DXTTargetPlatform
[2015.08.27-20.43.50:960][  0]LogTemp:Display: Loaded TP Android_ETC1TargetPlatform
[2015.08.27-20.43.50:975][  0]LogTemp:Display: Loaded TP Android_ETC2TargetPlatform
[2015.08.27-20.43.50:988][  0]LogTemp:Display: Loaded TP Android_PVRTCTargetPlatform
[2015.08.27-20.43.51:039][  0]LogTemp:Display: Loaded TP IOSTargetPlatform
[2015.08.27-20.43.51:052][  0]LogTemp:Display: Loaded TP LinuxNoEditorTargetPlatform
[2015.08.27-20.43.51:065][  0]LogTemp:Display: Loaded TP LinuxServerTargetPlatform
[2015.08.27-20.43.51:082][  0]LogTemp:Display: Loaded TP LinuxTargetPlatform
[2015.08.27-20.43.51:082][  0]LogTargetPlatformManager:Display: Building Assets For Windows
[2015.08.27-20.43.51:305][  0]LogDerivedDataCache:Display: Max Cache Size: 512 MB
[2015.08.27-20.43.51:369][  0]LogDerivedDataCache: Loaded boot cache 0.06s 53MB C:/Users/Bodoo/AppData/Local/UnrealEngine/4.8/DerivedDataCache/Boot.ddc.
[2015.08.27-20.43.51:369][  0]LogDerivedDataCache:Display: Loaded Boot cache: C:/Users/Bodoo/AppData/Local/UnrealEngine/4.8/DerivedDataCache/Boot.ddc
[2015.08.27-20.43.51:369][  0]LogDerivedDataCache: FDerivedDataBackendGraph:  Pak pak cache file ../../../../Projekte/NotPartofTheGame/DerivedDataCache/DDC.ddp not found, will not use a pak cache.
[2015.08.27-20.43.51:369][  0]LogDerivedDataCache: Unable to find inner node Pak for hierarchical cache Hierarchy.
[2015.08.27-20.43.51:369][  0]LogDerivedDataCache: FDerivedDataBackendGraph:  CompressedPak pak cache file ../../../../Projekte/NotPartofTheGame/DerivedDataCache/Compressed.ddp not found, will not use a pak cache.
[2015.08.27-20.43.51:369][  0]LogDerivedDataCache: Unable to find inner node CompressedPak for hierarchical cache Hierarchy.
[2015.08.27-20.43.51:524][  0]LogDerivedDataCache:Display: Pak cache opened for reading ../../../Engine/DerivedDataCache/Compressed.ddp.
[2015.08.27-20.43.51:535][  0]LogDerivedDataCache: Using Local data cache path C:/Users/Bodoo/AppData/Local/UnrealEngine/Common/DerivedDataCache: Writable
[2015.08.27-20.43.51:779][  0]LogInit: Selected Device Profile: [Windows]
[2015.08.27-20.43.51:867][  0]ImportText (ComponentSweepMultiTests): Missing closing parenthesis: (RootShapeAsset="/Engine/BasicShapes/Cube.Cube",ShapeType="TriggerCapsule",HitResult=(Time=0.50,Location=(X=-100.000015,Y=0.0,Z=100.000015),ImpactPoint=(X=-50.0,Y=0.0,Z=50.0),Normal=(X=-1.0,Y=-0.0,Z=0.0),ImpactNormal=(X=0.0,Y=0.0,Z=1.0),TraceStart=(X=-200.0,Y=0.0,Z=200.0),TraceEnd=(X=0.0,Y=0.0,Z=0.0))
[2015.08.27-20.43.51:867][  0]ImportText (LineTraceSingleByChannelTests): Missing closing parenthesis: (RootShapeAsset="/Engine/BasicShapes/Cube.Cube",HitResult=(Time=0.50,Location=(X=-100.000015,Y=0.0,Z=100.000015),ImpactPoint=(X=-50.0,Y=0.0,Z=50.0),Normal=(X=-1.0,Y=-0.0,Z=0.0),ImpactNormal=(X=0.0,Y=0.0,Z=1.0),TraceStart=(X=-200.0,Y=0.0,Z=200.0),TraceEnd=(X=0.0,Y=0.0,Z=0.0))
[2015.08.27-20.43.51:896][  0]LogMeshUtilities: No automatic mesh reduction module available
[2015.08.27-20.43.51:896][  0]LogMeshUtilities: No automatic mesh merging module available
[2015.08.27-20.43.52:185][  0]LogInit: WinSock: version 1.1 (2.2), MaxSocks=32767, MaxUdp=65467
[2015.08.27-20.43.52:641][  0]LogD3D11RHI: InitD3DDevice
[2015.08.27-20.43.52:645][  0]LogWindowsMoviePlayer: Unable to load movie: ../../../../Projekte/NotPartofTheGame/Content/Movies/Default_Startup.mp4
[2015.08.27-20.43.52:789][  0]LogAssetRegistry: FAssetRegistry took 0.0001 seconds to start up
[2015.08.27-20.43.52:836][  0]SourceControl: Info Source control is disabled
[2015.08.27-20.43.52:836][  0]SourceControl: Info Source control is disabled
[2015.08.27-20.43.52:847][  0]SourceControl: Info Source control is disabled
[2015.08.27-20.43.53:039][  0]LogObj: 25913 objects as part of root set at end of initial load.
[2015.08.27-20.43.53:039][  0]LogUObjectAllocator: 5218488 out of 0 bytes used by permanent object pool.
[2015.08.27-20.43.53:110][  0]LogAutomationTest:Warning: ERR: Transient text cannot be serialized "Testing Transient serialization detection".
[2015.08.27-20.43.53:110][  0]LogEngine: Initializing Engine...
[2015.08.27-20.43.53:113][  0]LogHMD: Can't find Oculus library dev build: is proper Runtime installed? Version: 0.6.0.0
[2015.08.27-20.43.53:114][  0]LogHMD:Warning: SteamVR failed to initialize.  Error: 110
[2015.08.27-20.43.53:205][  0]LogInit: XAudio2 using 'Lautsprecher (G510s Gaming Keyboard)' : 2 channels at 48 kHz using 16 bits per sample (channel mask 0x3)
[2015.08.27-20.43.53:212][  0]LogInit: FAudioDevice initialized.
[2015.08.27-20.43.53:221][  0]LogInit: Texture streaming: Disabled
[2015.08.27-20.43.53:286][  0]LogNet: Browse: /Temp/Autosaves/Game/NPOTG/Maps/UEDPCTesting_Level?Name=Player
[2015.08.27-20.43.53:286][  0]LogLoad: LoadMap: /Temp/Autosaves/Game/NPOTG/Maps/UEDPCTesting_Level?Name=Player
[2015.08.27-20.43.53:298][  0]LogParticles: Destroying 0 GPU particle simulations for FXSystem 0x0000003A9EC6F560
[2015.08.27-20.43.53:307][  0]LogMemory: Platform Memory Stats for Windows
[2015.08.27-20.43.53:307][  0]LogMemory: Process Physical Memory: 333.74 MB used, 333.75 MB peak
[2015.08.27-20.43.53:307][  0]LogMemory: Process Virtual Memory: 371.11 MB used, 371.11 MB peak
[2015.08.27-20.43.53:307][  0]LogMemory: Physical Memory: 3781.36 MB used, 12270.70 MB total
[2015.08.27-20.43.53:307][  0]LogMemory: Virtual Memory: 889.37 MB used, 134217728.00 MB total
[2015.08.27-20.43.53:307][  0]LogMemory: 
[2015.08.27-20.43.53:307][  0]Allocator Stats for TBB: (not implemented)
[2015.08.27-20.43.54:241][  0]LogProperty:Warning: ERR: Transient text cannot be serialized "NewRotation Roll".
[2015.08.27-20.43.54:241][  0]LogProperty:Warning: ERR: Transient text cannot be serialized "NewRotation Yaw".
[2015.08.27-20.43.54:241][  0]LogProperty:Warning: ERR: Transient text cannot be serialized "NewRotation Pitch".
[2015.08.27-20.43.54:241][  0]LogProperty:Warning: ERR: Transient text cannot be serialized "NewRotation Roll".
[2015.08.27-20.43.54:241][  0]LogProperty:Warning: ERR: Transient text cannot be serialized "NewRotation Yaw".
[2015.08.27-20.43.54:242][  0]LogProperty:Warning: ERR: Transient text cannot be serialized "NewRotation Pitch".
[2015.08.27-20.43.54:293][  0]LogProperty:Warning: ERR: Transient text cannot be serialized "NewRotation Roll".
[2015.08.27-20.43.54:293][  0]LogProperty:Warning: ERR: Transient text cannot be serialized "NewRotation Yaw".
[2015.08.27-20.43.54:293][  0]LogProperty:Warning: ERR: Transient text cannot be serialized "NewRotation Pitch".
[2015.08.27-20.43.54:293][  0]LogProperty:Warning: ERR: Transient text cannot be serialized "NewRotation Roll".
[2015.08.27-20.43.54:293][  0]LogProperty:Warning: ERR: Transient text cannot be serialized "NewRotation Yaw".
[2015.08.27-20.43.54:293][  0]LogProperty:Warning: ERR: Transient text cannot be serialized "NewRotation Pitch".
[2015.08.27-20.43.55:163][  0]LogAIModule: Creating AISystem for world Testing_Level
[2015.08.27-20.43.55:163][  0]LogWorld: Game class is '2DSideScrollerGameMode_C'
[2015.08.27-20.43.55:218][  0]LogWorld: Bringing World /Temp/Autosaves/Game/NPOTG/Maps/UEDPCTesting_Level.Testing_Level up for play (max tick rate 0) at 2015.08.27-22.43.55
[2015.08.27-20.43.55:229][  0]LogWorld: Bringing up level for play took: 0.063574
[2015.08.27-20.43.55:233][  0]LogInit:Display: Game Engine Initialized.
[2015.08.27-20.43.55:458][  0]LogLoad: Full Startup: 8.24 seconds (BP compile: 0.99 seconds)
[2015.08.27-20.43.55:477][  0]LogContentStreaming: Texture pool size is 1000.000000MB
[2015.08.27-20.43.55:603][  0]LogRenderer: Reallocating scene render targets to support 1280x720 (Frame:2).
[2015.08.27-20.43.58:461][169]LogBlueprintUserMessages: 0.995207
[2015.08.27-20.43.58:461][169]LogBlueprintUserMessages: 0.995207
[2015.08.27-20.43.58:461][169]LogBlueprintUserMessages: 0.995207
[2015.08.27-20.43.58:461][169]LogBlueprintUserMessages: 0.995207
[2015.08.27-20.43.58:461][169]LogBlueprintUserMessages: 0.995207
[2015.08.27-20.43.58:477][170]LogBlueprintUserMessages: 0.999416
[2015.08.27-20.43.58:477][170]LogBlueprintUserMessages: 0.999416
[2015.08.27-20.43.58:477][170]LogBlueprintUserMessages: 0.999416
[2015.08.27-20.43.58:477][170]LogBlueprintUserMessages: 0.999416
[2015.08.27-20.43.58:477][170]LogBlueprintUserMessages: 0.999416
[2015.08.27-20.43.58:493][171]LogBlueprintUserMessages: 0.99404
[2015.08.27-20.43.58:493][171]LogBlueprintUserMessages: 0.99404
[2015.08.27-20.43.58:493][171]LogBlueprintUserMessages: 0.99404
[2015.08.27-20.43.58:493][171]LogBlueprintUserMessages: 0.99404
[2015.08.27-20.43.58:493][171]LogBlueprintUserMessages: 0.99404
[2015.08.27-20.44.01:452][354]LogBlueprintUserMessages: 0.00763
[2015.08.27-20.44.01:452][354]LogBlueprintUserMessages: 0.00763
[2015.08.27-20.44.01:452][354]LogBlueprintUserMessages: 0.00763
[2015.08.27-20.44.01:452][354]LogBlueprintUserMessages: 0.00763
[2015.08.27-20.44.01:452][354]LogBlueprintUserMessages: 0.00763
[2015.08.27-20.44.01:468][355]LogBlueprintUserMessages: 0.002254
[2015.08.27-20.44.01:468][355]LogBlueprintUserMessages: 0.002254
[2015.08.27-20.44.01:468][355]LogBlueprintUserMessages: 0.002254
[2015.08.27-20.44.01:468][355]LogBlueprintUserMessages: 0.002254
[2015.08.27-20.44.01:468][355]LogBlueprintUserMessages: 0.002254
[2015.08.27-20.44.01:484][356]LogBlueprintUserMessages: 0.0
[2015.08.27-20.44.01:484][356]LogBlueprintUserMessages: 0.0
[2015.08.27-20.44.01:484][356]LogBlueprintUserMessages: 0.003123
[2015.08.27-20.44.01:484][356]LogBlueprintUserMessages: 0.0
[2015.08.27-20.44.01:484][356]LogBlueprintUserMessages: 0.0
[2015.08.27-20.44.01:484][356]LogBlueprintUserMessages: 0.003123
[2015.08.27-20.44.01:485][356]LogBlueprintUserMessages: 0.0
[2015.08.27-20.44.01:485][356]LogBlueprintUserMessages: 0.0
[2015.08.27-20.44.01:485][356]LogBlueprintUserMessages: 0.003123
[2015.08.27-20.44.01:485][356]LogBlueprintUserMessages: 0.0
[2015.08.27-20.44.01:485][356]LogBlueprintUserMessages: 0.0
[2015.08.27-20.44.01:485][356]LogBlueprintUserMessages: 0.003123
[2015.08.27-20.44.01:485][356]LogBlueprintUserMessages: 0.0
[2015.08.27-20.44.01:485][356]LogBlueprintUserMessages: 0.0
[2015.08.27-20.44.01:485][356]LogBlueprintUserMessages: 0.003123
[2015.08.27-20.44.01:500][357]LogBlueprintUserMessages: 0.008499
[2015.08.27-20.44.01:500][357]LogBlueprintUserMessages: 0.008499
[2015.08.27-20.44.01:500][357]LogBlueprintUserMessages: 0.008499
[2015.08.27-20.44.01:500][357]LogBlueprintUserMessages: 0.008499
[2015.08.27-20.44.01:500][357]LogBlueprintUserMessages: 0.008499
[2015.08.27-20.44.04:453][540]LogBlueprintUserMessages: 0.992397
[2015.08.27-20.44.04:453][540]LogBlueprintUserMessages: 0.992397
[2015.08.27-20.44.04:453][540]LogBlueprintUserMessages: 0.992397
[2015.08.27-20.44.04:453][540]LogBlueprintUserMessages: 0.992397
[2015.08.27-20.44.04:453][540]LogBlueprintUserMessages: 0.992397
[2015.08.27-20.44.04:469][541]LogBlueprintUserMessages: 0.997773
[2015.08.27-20.44.04:469][541]LogBlueprintUserMessages: 0.997773
[2015.08.27-20.44.04:469][541]LogBlueprintUserMessages: 0.997773
[2015.08.27-20.44.04:469][541]LogBlueprintUserMessages: 0.997773
[2015.08.27-20.44.04:469][541]LogBlueprintUserMessages: 0.997773
[2015.08.27-20.44.04:485][542]LogBlueprintUserMessages: 0.99685
[2015.08.27-20.44.04:485][542]LogBlueprintUserMessages: 0.99685
[2015.08.27-20.44.04:485][542]LogBlueprintUserMessages: 0.99685
[2015.08.27-20.44.04:485][542]LogBlueprintUserMessages: 0.99685
[2015.08.27-20.44.04:485][542]LogBlueprintUserMessages: 0.99685
[2015.08.27-20.44.04:501][543]LogBlueprintUserMessages: 0.991474
[2015.08.27-20.44.04:501][543]LogBlueprintUserMessages: 0.991474
[2015.08.27-20.44.04:501][543]LogBlueprintUserMessages: 0.991474
[2015.08.27-20.44.04:501][543]LogBlueprintUserMessages: 0.991474
[2015.08.27-20.44.04:501][543]LogBlueprintUserMessages: 0.991474
[2015.08.27-20.44.07:453][726]LogBlueprintUserMessages: 0.007581
[2015.08.27-20.44.07:453][726]LogBlueprintUserMessages: 0.007581
[2015.08.27-20.44.07:453][726]LogBlueprintUserMessages: 0.007581
[2015.08.27-20.44.07:453][726]LogBlueprintUserMessages: 0.007581
[2015.08.27-20.44.07:453][726]LogBlueprintUserMessages: 0.007581
[2015.08.27-20.44.07:469][727]LogBlueprintUserMessages: 0.002205
[2015.08.27-20.44.07:469][727]LogBlueprintUserMessages: 0.002205
[2015.08.27-20.44.07:469][727]LogBlueprintUserMessages: 0.002205
[2015.08.27-20.44.07:469][727]LogBlueprintUserMessages: 0.002205
[2015.08.27-20.44.07:469][727]LogBlueprintUserMessages: 0.002205
[2015.08.27-20.44.07:485][728]LogBlueprintUserMessages: 0.0
[2015.08.27-20.44.07:485][728]LogBlueprintUserMessages: 0.0
[2015.08.27-20.44.07:485][728]LogBlueprintUserMessages: 0.003171
[2015.08.27-20.44.07:485][728]LogBlueprintUserMessages: 0.0
[2015.08.27-20.44.07:485][728]LogBlueprintUserMessages: 0.0
[2015.08.27-20.44.07:485][728]LogBlueprintUserMessages: 0.003171
[2015.08.27-20.44.07:485][728]LogBlueprintUserMessages: 0.0
[2015.08.27-20.44.07:485][728]LogBlueprintUserMessages: 0.0
[2015.08.27-20.44.07:485][728]LogBlueprintUserMessages: 0.003171
[2015.08.27-20.44.07:485][728]LogBlueprintUserMessages: 0.0
[2015.08.27-20.44.07:485][728]LogBlueprintUserMessages: 0.0
[2015.08.27-20.44.07:485][728]LogBlueprintUserMessages: 0.003171
[2015.08.27-20.44.07:485][728]LogBlueprintUserMessages: 0.0
[2015.08.27-20.44.07:485][728]LogBlueprintUserMessages: 0.0
[2015.08.27-20.44.07:485][728]LogBlueprintUserMessages: 0.003171
[2015.08.27-20.44.07:501][729]LogBlueprintUserMessages: 0.008548
[2015.08.27-20.44.07:501][729]LogBlueprintUserMessages: 0.008548
[2015.08.27-20.44.07:501][729]LogBlueprintUserMessages: 0.008548
[2015.08.27-20.44.07:501][729]LogBlueprintUserMessages: 0.008548
[2015.08.27-20.44.07:501][729]LogBlueprintUserMessages: 0.008548
[2015.08.27-20.44.10:453][912]LogBlueprintUserMessages: 0.992572
[2015.08.27-20.44.10:453][912]LogBlueprintUserMessages: 0.992572
[2015.08.27-20.44.10:453][912]LogBlueprintUserMessages: 0.992572
[2015.08.27-20.44.10:453][912]LogBlueprintUserMessages: 0.992572
[2015.08.27-20.44.10:453][912]LogBlueprintUserMessages: 0.992572
[2015.08.27-20.44.10:469][913]LogBlueprintUserMessages: 0.997948
[2015.08.27-20.44.10:469][913]LogBlueprintUserMessages: 0.997948
[2015.08.27-20.44.10:469][913]LogBlueprintUserMessages: 0.997948
[2015.08.27-20.44.10:469][913]LogBlueprintUserMessages: 0.997948
[2015.08.27-20.44.10:469][913]LogBlueprintUserMessages: 0.997948
[2015.08.27-20.44.10:485][914]LogBlueprintUserMessages: 0.996675
[2015.08.27-20.44.10:485][914]LogBlueprintUserMessages: 0.996675
[2015.08.27-20.44.10:485][914]LogBlueprintUserMessages: 0.996675
[2015.08.27-20.44.10:485][914]LogBlueprintUserMessages: 0.996675
[2015.08.27-20.44.10:485][914]LogBlueprintUserMessages: 0.996675
[2015.08.27-20.44.10:501][915]LogBlueprintUserMessages: 0.991299
[2015.08.27-20.44.10:501][915]LogBlueprintUserMessages: 0.991299
[2015.08.27-20.44.10:501][915]LogBlueprintUserMessages: 0.991299
[2015.08.27-20.44.10:501][915]LogBlueprintUserMessages: 0.991299
[2015.08.27-20.44.10:501][915]LogBlueprintUserMessages: 0.991299
[2015.08.27-20.44.13:453][ 98]LogBlueprintUserMessages: 0.007404
[2015.08.27-20.44.13:453][ 98]LogBlueprintUserMessages: 0.007404
[2015.08.27-20.44.13:453][ 98]LogBlueprintUserMessages: 0.007404
[2015.08.27-20.44.13:453][ 98]LogBlueprintUserMessages: 0.007404
[2015.08.27-20.44.13:453][ 98]LogBlueprintUserMessages: 0.007404
[2015.08.27-20.44.13:469][ 99]LogBlueprintUserMessages: 0.002028
[2015.08.27-20.44.13:469][ 99]LogBlueprintUserMessages: 0.002028
[2015.08.27-20.44.13:469][ 99]LogBlueprintUserMessages: 0.002028
[2015.08.27-20.44.13:469][ 99]LogBlueprintUserMessages: 0.002028
[2015.08.27-20.44.13:469][ 99]LogBlueprintUserMessages: 0.002028
[2015.08.27-20.44.13:485][100]LogBlueprintUserMessages: 0.0
[2015.08.27-20.44.13:485][100]LogBlueprintUserMessages: 0.0
[2015.08.27-20.44.13:485][100]LogBlueprintUserMessages: 0.003349
[2015.08.27-20.44.13:485][100]LogBlueprintUserMessages: 0.0
[2015.08.27-20.44.13:485][100]LogBlueprintUserMessages: 0.0
[2015.08.27-20.44.13:485][100]LogBlueprintUserMessages: 0.003349
[2015.08.27-20.44.13:485][100]LogBlueprintUserMessages: 0.0
[2015.08.27-20.44.13:485][100]LogBlueprintUserMessages: 0.0
[2015.08.27-20.44.13:485][100]LogBlueprintUserMessages: 0.003349
[2015.08.27-20.44.13:485][100]LogBlueprintUserMessages: 0.0
[2015.08.27-20.44.13:485][100]LogBlueprintUserMessages: 0.0
[2015.08.27-20.44.13:486][100]LogBlueprintUserMessages: 0.003349
[2015.08.27-20.44.13:486][100]LogBlueprintUserMessages: 0.0
[2015.08.27-20.44.13:486][100]LogBlueprintUserMessages: 0.0
[2015.08.27-20.44.13:486][100]LogBlueprintUserMessages: 0.003349
[2015.08.27-20.44.13:501][101]LogBlueprintUserMessages: 0.008725
[2015.08.27-20.44.13:501][101]LogBlueprintUserMessages: 0.008725
[2015.08.27-20.44.13:501][101]LogBlueprintUserMessages: 0.008725
[2015.08.27-20.44.13:501][101]LogBlueprintUserMessages: 0.008725
[2015.08.27-20.44.13:501][101]LogBlueprintUserMessages: 0.008725
[2015.08.27-20.44.16:454][284]LogBlueprintUserMessages: 0.992861
[2015.08.27-20.44.16:454][284]LogBlueprintUserMessages: 0.992861
[2015.08.27-20.44.16:454][284]LogBlueprintUserMessages: 0.992861
[2015.08.27-20.44.16:454][284]LogBlueprintUserMessages: 0.992861
[2015.08.27-20.44.16:454][284]LogBlueprintUserMessages: 0.992861
[2015.08.27-20.44.16:470][285]LogBlueprintUserMessages: 0.990322
[2015.08.27-20.44.16:470][285]LogBlueprintUserMessages: 0.990322
[2015.08.27-20.44.16:470][285]LogBlueprintUserMessages: 0.980645
[2015.08.27-20.44.16:486][286]LogBlueprintUserMessages: 0.970967
[2015.08.27-20.44.16:502][287]LogBlueprintUserMessages: 0.96129
[2015.08.27-20.44.16:518][288]LogBlueprintUserMessages: 0.951612
[2015.08.27-20.44.16:534][289]LogBlueprintUserMessages: 0.941935
[2015.08.27-20.44.16:550][290]LogBlueprintUserMessages: 0.932257
[2015.08.27-20.44.16:566][291]LogBlueprintUserMessages: 0.922572
[2015.08.27-20.44.16:583][292]LogBlueprintUserMessages: 0.912894
[2015.08.27-20.44.16:599][293]LogBlueprintUserMessages: 0.903217
[2015.08.27-20.44.16:615][294]LogBlueprintUserMessages: 0.893539
[2015.08.27-20.44.16:631][295]LogBlueprintUserMessages: 0.883862
[2015.08.27-20.44.16:647][296]LogBlueprintUserMessages: 0.874184
[2015.08.27-20.44.16:663][297]LogBlueprintUserMessages: 0.864507
[2015.08.27-20.44.16:679][298]LogBlueprintUserMessages: 0.854829
[2015.08.27-20.44.16:695][299]LogBlueprintUserMessages: 0.845152
[2015.08.27-20.44.16:712][300]LogBlueprintUserMessages: 0.835474
[2015.08.27-20.44.16:728][301]LogBlueprintUserMessages: 0.825797
[2015.08.27-20.44.16:744][302]LogBlueprintUserMessages: 0.816119
[2015.08.27-20.44.16:760][303]LogBlueprintUserMessages: 0.806442
[2015.08.27-20.44.16:776][304]LogBlueprintUserMessages: 0.796764
[2015.08.27-20.44.16:792][305]LogBlueprintUserMessages: 0.787087
[2015.08.27-20.44.16:808][306]LogBlueprintUserMessages: 0.777409
[2015.08.27-20.44.16:824][307]LogBlueprintUserMessages: 0.767732
[2015.08.27-20.44.16:840][308]LogBlueprintUserMessages: 0.758054
[2015.08.27-20.44.16:857][309]LogBlueprintUserMessages: 0.748377
[2015.08.27-20.44.16:873][310]LogBlueprintUserMessages: 0.738699
[2015.08.27-20.44.16:889][311]LogBlueprintUserMessages: 0.729022
[2015.08.27-20.44.16:905][312]LogBlueprintUserMessages: 0.719344
[2015.08.27-20.44.16:921][313]LogBlueprintUserMessages: 0.709667
[2015.08.27-20.44.16:937][314]LogBlueprintUserMessages: 0.699989
[2015.08.27-20.44.16:953][315]LogBlueprintUserMessages: 0.690312
[2015.08.27-20.44.16:969][316]LogBlueprintUserMessages: 0.680634
[2015.08.27-20.44.16:986][317]LogBlueprintUserMessages: 0.670957
[2015.08.27-20.44.17:002][318]LogBlueprintUserMessages: 0.661278
[2015.08.27-20.44.17:018][319]LogBlueprintUserMessages: 0.651601
[2015.08.27-20.44.17:034][320]LogBlueprintUserMessages: 0.641923
[2015.08.27-20.44.17:050][321]LogBlueprintUserMessages: 0.632246
[2015.08.27-20.44.17:066][322]LogBlueprintUserMessages: 0.622568
[2015.08.27-20.44.17:082][323]LogBlueprintUserMessages: 0.612891
[2015.08.27-20.44.17:098][324]LogBlueprintUserMessages: 0.603213
[2015.08.27-20.44.17:115][325]LogBlueprintUserMessages: 0.593536
[2015.08.27-20.44.17:132][326]LogBlueprintUserMessages: 0.583858
[2015.08.27-20.44.17:148][327]LogBlueprintUserMessages: 0.574181
[2015.08.27-20.44.17:164][328]LogBlueprintUserMessages: 0.564503
[2015.08.27-20.44.17:180][329]LogBlueprintUserMessages: 0.554826
[2015.08.27-20.44.17:196][330]LogBlueprintUserMessages: 0.545148
[2015.08.27-20.44.17:212][331]LogBlueprintUserMessages: 0.535471
[2015.08.27-20.44.17:228][332]LogBlueprintUserMessages: 0.525793
[2015.08.27-20.44.17:244][333]LogBlueprintUserMessages: 0.516116
[2015.08.27-20.44.17:261][334]LogBlueprintUserMessages: 0.506438
[2015.08.27-20.44.17:277][335]LogBlueprintUserMessages: 0.496761
[2015.08.27-20.44.17:293][336]LogBlueprintUserMessages: 0.487083
[2015.08.27-20.44.17:309][337]LogBlueprintUserMessages: 0.477406
[2015.08.27-20.44.17:324][338]LogBlueprintUserMessages: 0.467728
[2015.08.27-20.44.17:341][339]LogBlueprintUserMessages: 0.458051
[2015.08.27-20.44.17:357][340]LogBlueprintUserMessages: 0.448373
[2015.08.27-20.44.17:373][341]LogBlueprintUserMessages: 0.438696
[2015.08.27-20.44.17:389][342]LogBlueprintUserMessages: 0.429014
[2015.08.27-20.44.17:405][343]LogBlueprintUserMessages: 0.419337
[2015.08.27-20.44.17:422][344]LogBlueprintUserMessages: 0.409659
[2015.08.27-20.44.17:438][345]LogBlueprintUserMessages: 0.399982
[2015.08.27-20.44.17:454][346]LogBlueprintUserMessages: 0.390304
[2015.08.27-20.44.17:470][347]LogBlueprintUserMessages: 0.380627
[2015.08.27-20.44.17:486][348]LogBlueprintUserMessages: 0.370949
[2015.08.27-20.44.17:502][349]LogBlueprintUserMessages: 0.361272
[2015.08.27-20.44.17:518][350]LogBlueprintUserMessages: 0.351594
[2015.08.27-20.44.17:535][351]LogBlueprintUserMessages: 0.341917
[2015.08.27-20.44.17:550][352]LogBlueprintUserMessages: 0.332239
[2015.08.27-20.44.17:566][353]LogBlueprintUserMessages: 0.322562
[2015.08.27-20.44.17:583][354]LogBlueprintUserMessages: 0.312884
[2015.08.27-20.44.17:599][355]LogBlueprintUserMessages: 0.303207
[2015.08.27-20.44.17:615][356]LogBlueprintUserMessages: 0.293529
[2015.08.27-20.44.17:631][357]LogBlueprintUserMessages: 0.283852
[2015.08.27-20.44.17:647][358]LogBlueprintUserMessages: 0.274174
[2015.08.27-20.44.17:663][359]LogBlueprintUserMessages: 0.264497
[2015.08.27-20.44.17:679][360]LogBlueprintUserMessages: 0.254819
[2015.08.27-20.44.17:696][361]LogBlueprintUserMessages: 0.245142
[2015.08.27-20.44.17:696][361]LogBlueprintUserMessages: YO ICH DODGE GRADE
[2015.08.27-20.44.17:712][362]LogBlueprintUserMessages: 0.235464
[2015.08.27-20.44.17:712][362]LogBlueprintUserMessages: Gewonnen!
[2015.08.27-20.44.17:712][362]LogBlueprintUserMessages: YO ICH DODGE GRADE
[2015.08.27-20.44.17:728][363]LogBlueprintUserMessages: YO ICH DODGE GRADE
[2015.08.27-20.44.17:744][364]LogBlueprintUserMessages: YO ICH DODGE GRADE
[2015.08.27-20.44.17:760][365]LogBlueprintUserMessages: YO ICH DODGE GRADE
[2015.08.27-20.44.17:776][366]LogBlueprintUserMessages: YO ICH DODGE GRADE
[2015.08.27-20.44.17:792][367]LogBlueprintUserMessages: YO ICH DODGE GRADE
[2015.08.27-20.44.19:454][470]LogBlueprintUserMessages: 0.007122
[2015.08.27-20.44.19:454][470]LogBlueprintUserMessages: 0.007122
[2015.08.27-20.44.19:454][470]LogBlueprintUserMessages: 0.007122
[2015.08.27-20.44.19:454][470]LogBlueprintUserMessages: 0.007122
[2015.08.27-20.44.19:470][471]LogBlueprintUserMessages: 0.001746
[2015.08.27-20.44.19:470][471]LogBlueprintUserMessages: 0.001746
[2015.08.27-20.44.19:470][471]LogBlueprintUserMessages: 0.001746
[2015.08.27-20.44.19:470][471]LogBlueprintUserMessages: 0.001746
[2015.08.27-20.44.19:486][472]LogBlueprintUserMessages: 0.0
[2015.08.27-20.44.19:486][472]LogBlueprintUserMessages: 0.0
[2015.08.27-20.44.19:486][472]LogBlueprintUserMessages: 0.003631
[2015.08.27-20.44.19:486][472]LogBlueprintUserMessages: 0.0
[2015.08.27-20.44.19:486][472]LogBlueprintUserMessages: 0.0
[2015.08.27-20.44.19:486][472]LogBlueprintUserMessages: 0.003631
[2015.08.27-20.44.19:486][472]LogBlueprintUserMessages: 0.0
[2015.08.27-20.44.19:486][472]LogBlueprintUserMessages: 0.0
[2015.08.27-20.44.19:486][472]LogBlueprintUserMessages: 0.003631
[2015.08.27-20.44.19:486][472]LogBlueprintUserMessages: 0.0
[2015.08.27-20.44.19:486][472]LogBlueprintUserMessages: 0.0
[2015.08.27-20.44.19:486][472]LogBlueprintUserMessages: 0.003631
[2015.08.27-20.44.19:502][473]LogBlueprintUserMessages: 0.009007
[2015.08.27-20.44.19:502][473]LogBlueprintUserMessages: 0.009007
[2015.08.27-20.44.19:502][473]LogBlueprintUserMessages: 0.009007
[2015.08.27-20.44.19:502][473]LogBlueprintUserMessages: 0.009007
[2015.08.27-20.44.22:454][656]LogBlueprintUserMessages: 0.992897
[2015.08.27-20.44.22:454][656]LogBlueprintUserMessages: 0.992897
[2015.08.27-20.44.22:454][656]LogBlueprintUserMessages: 0.992897
[2015.08.27-20.44.22:454][656]LogBlueprintUserMessages: 0.992897
[2015.08.27-20.44.22:470][657]LogBlueprintUserMessages: 0.998274
[2015.08.27-20.44.22:470][657]LogBlueprintUserMessages: 0.998274
[2015.08.27-20.44.22:470][657]LogBlueprintUserMessages: 0.998274
[2015.08.27-20.44.22:470][657]LogBlueprintUserMessages: 0.998274
[2015.08.27-20.44.22:486][658]LogBlueprintUserMessages: 0.996348
[2015.08.27-20.44.22:486][658]LogBlueprintUserMessages: 0.996348
[2015.08.27-20.44.22:486][658]LogBlueprintUserMessages: 0.996348
[2015.08.27-20.44.22:487][658]LogBlueprintUserMessages: 0.996348
[2015.08.27-20.44.22:502][659]LogBlueprintUserMessages: 0.990972
[2015.08.27-20.44.22:503][659]LogBlueprintUserMessages: 0.990972
[2015.08.27-20.44.22:503][659]LogBlueprintUserMessages: 0.990972
[2015.08.27-20.44.22:503][659]LogBlueprintUserMessages: 0.990972
[2015.08.27-20.44.25:454][842]LogBlueprintUserMessages: 0.007068
[2015.08.27-20.44.25:455][842]LogBlueprintUserMessages: 0.007068
[2015.08.27-20.44.25:455][842]LogBlueprintUserMessages: 0.007068
[2015.08.27-20.44.25:455][842]LogBlueprintUserMessages: 0.007068
[2015.08.27-20.44.25:471][843]LogBlueprintUserMessages: 0.001692
[2015.08.27-20.44.25:471][843]LogBlueprintUserMessages: 0.001692
[2015.08.27-20.44.25:471][843]LogBlueprintUserMessages: 0.001692
[2015.08.27-20.44.25:471][843]LogBlueprintUserMessages: 0.001692
[2015.08.27-20.44.25:487][844]LogBlueprintUserMessages: 0.0
[2015.08.27-20.44.25:487][844]LogBlueprintUserMessages: 0.0
[2015.08.27-20.44.25:487][844]LogBlueprintUserMessages: 0.003685
[2015.08.27-20.44.25:487][844]LogBlueprintUserMessages: 0.0
[2015.08.27-20.44.25:487][844]LogBlueprintUserMessages: 0.0
[2015.08.27-20.44.25:487][844]LogBlueprintUserMessages: 0.003685
[2015.08.27-20.44.25:487][844]LogBlueprintUserMessages: 0.0
[2015.08.27-20.44.25:487][844]LogBlueprintUserMessages: 0.0
[2015.08.27-20.44.25:487][844]LogBlueprintUserMessages: 0.003685
[2015.08.27-20.44.25:487][844]LogBlueprintUserMessages: 0.0
[2015.08.27-20.44.25:487][844]LogBlueprintUserMessages: 0.0
[2015.08.27-20.44.25:487][844]LogBlueprintUserMessages: 0.003685
[2015.08.27-20.44.25:503][845]LogBlueprintUserMessages: 0.009061
[2015.08.27-20.44.25:503][845]LogBlueprintUserMessages: 0.009061
[2015.08.27-20.44.25:503][845]LogBlueprintUserMessages: 0.009061
[2015.08.27-20.44.25:503][845]LogBlueprintUserMessages: 0.009061
[2015.08.27-20.44.28:454][ 28]LogBlueprintUserMessages: 0.992965
[2015.08.27-20.44.28:454][ 28]LogBlueprintUserMessages: 0.992965
[2015.08.27-20.44.28:454][ 28]LogBlueprintUserMessages: 0.992965
[2015.08.27-20.44.28:470][ 29]LogBlueprintUserMessages: 0.998342
[2015.08.27-20.44.28:470][ 29]LogBlueprintUserMessages: 0.998342
[2015.08.27-20.44.28:470][ 29]LogBlueprintUserMessages: 0.998342
[2015.08.27-20.44.28:486][ 30]LogBlueprintUserMessages: 0.996282
[2015.08.27-20.44.28:486][ 30]LogBlueprintUserMessages: 0.996282
[2015.08.27-20.44.28:486][ 30]LogBlueprintUserMessages: 0.996282
[2015.08.27-20.44.28:502][ 31]LogBlueprintUserMessages: 0.990905
[2015.08.27-20.44.28:502][ 31]LogBlueprintUserMessages: 0.990905
[2015.08.27-20.44.28:503][ 31]LogBlueprintUserMessages: 0.990905
[2015.08.27-20.44.30:906][180]Closing by request
[2015.08.27-20.44.30:906][180]LogWindows: FPlatformMisc::RequestExit(0)
[2015.08.27-20.44.31:168][181]LogWindowsTextInputMethodSystem:Display: IME system now deactivated.
[2015.08.27-20.44.31:174][181]LogExit: Preparing to exit.
[2015.08.27-20.44.31:246][181]LogExit: Game engine shut down
[2015.08.27-20.44.31:250][181]LogParticles: Destroying 0 GPU particle simulations for FXSystem 0x0000003A9070D300
[2015.08.27-20.44.31:416][181]LogExit: Object subsystem successfully closed.
[2015.08.27-20.44.31:442][181]LogD3D11RHI: Shutdown
[2015.08.27-20.44.31:442][181]LogD3D11RHI: CleanupD3DDevice
[2015.08.27-20.44.31:524][181]LogD3D11RHI: ~FD3D11DynamicRHI
[2015.08.27-20.44.31:540][181]LogModuleManager: Shutting down and abandoning module AndroidDeviceDetection (109)
[2015.08.27-20.44.32:492][181]LogModuleManager: Shutting down and abandoning module AutomationWorker (108)
[2015.08.27-20.44.32:492][181]LogModuleManager: Shutting down and abandoning module CharacterAI (107)
[2015.08.27-20.44.32:492][181]LogModuleManager: Shutting down and abandoning module AITestSuite (106)
[2015.08.27-20.44.32:492][181]LogModuleManager: Shutting down and abandoning module GameplayDebugger (105)
[2015.08.27-20.44.32:492][181]LogModuleManager: Shutting down and abandoning module AIModule (104)
[2015.08.27-20.44.32:492][181]LogModuleManager: Shutting down and abandoning module GameLiveStreaming (103)
[2015.08.27-20.44.32:492][181]LogModuleManager: Shutting down and abandoning module StreamingPauseRendering (102)
[2015.08.27-20.44.32:492][181]LogModuleManager: Shutting down and abandoning module ProfilerService (101)
[2015.08.27-20.44.32:643][181]LogModuleManager: Shutting down and abandoning module TaskGraph (100)
[2015.08.27-20.44.32:643][181]LogModuleManager: Shutting down and abandoning module SlateRemote (99)
[2015.08.27-20.44.32:644][181]LogModuleManager: Shutting down and abandoning module SteamVRController (98)
[2015.08.27-20.44.32:644][181]LogModuleManager: Shutting down and abandoning module SteamVR (97)
[2015.08.27-20.44.32:644][181]LogModuleManager: Shutting down and abandoning module ProceduralMeshComponent (96)
[2015.08.27-20.44.32:644][181]LogModuleManager: Shutting down and abandoning module OculusRift (95)
[2015.08.27-20.44.32:644][181]LogModuleManager: Shutting down and abandoning module LeapMotionController (94)
[2015.08.27-20.44.32:652][181]LogModuleManager: Shutting down and abandoning module CustomMeshComponent (93)
[2015.08.27-20.44.32:652][181]LogModuleManager: Shutting down and abandoning module CableComponent (92)
[2015.08.27-20.44.32:652][181]LogModuleManager: Shutting down and abandoning module DesktopPlatform (91)
[2015.08.27-20.44.32:652][181]LogModuleManager: Shutting down and abandoning module DirectoryWatcher (90)
[2015.08.27-20.44.32:652][181]LogModuleManager: Shutting down and abandoning module HotReload (89)
[2015.08.27-20.44.32:652][181]LogModuleManager: Shutting down and abandoning module VisualStudioSourceCodeAccess (88)
[2015.08.27-20.44.32:653][181]LogModuleManager: Shutting down and abandoning module UObjectPlugin (87)
[2015.08.27-20.44.32:653][181]LogModuleManager: Shutting down and abandoning module SubversionSourceControl (86)
[2015.08.27-20.44.32:653][181]LogModuleManager: Shutting down and abandoning module SourceControl (85)
[2015.08.27-20.44.32:653][181]LogModuleManager: Shutting down and abandoning module PerforceSourceControl (84)
[2015.08.27-20.44.32:653][181]LogModuleManager: Shutting down and abandoning module BlankPlugin (83)
[2015.08.27-20.44.32:653][181]LogModuleManager: Shutting down and abandoning module UdpMessaging (82)
[2015.08.27-20.44.32:653][181]LogModuleManager: Shutting down and abandoning module AssetRegistry (81)
[2015.08.27-20.44.32:653][181]LogModuleManager: Shutting down and abandoning module SubstanceCore (80)
[2015.08.27-20.44.32:653][181]LogModuleManager: Shutting down and abandoning module Paper2D (79)
[2015.08.27-20.44.32:653][181]LogModuleManager: Shutting down and abandoning module WindowsMoviePlayer (78)
[2015.08.27-20.44.32:655][181]LogModuleManager: Shutting down and abandoning module Media (77)
[2015.08.27-20.44.32:655][181]LogModuleManager: Shutting down and abandoning module WmfMedia (76)
[2015.08.27-20.44.32:655][181]LogModuleManager: Shutting down and abandoning module OnlineBlueprintSupport (75)
[2015.08.27-20.44.32:655][181]LogModuleManager: Shutting down and abandoning module PropertyEditor (74)
[2015.08.27-20.44.32:655][181]LogModuleManager: Shutting down and abandoning module BehaviorTreeEditor (73)
[2015.08.27-20.44.32:655][181]LogModuleManager: Shutting down and abandoning module FunctionalTesting (72)
[2015.08.27-20.44.32:655][181]LogModuleManager: Shutting down and abandoning module CollisionAnalyzer (71)
[2015.08.27-20.44.32:655][181]LogModuleManager: Shutting down and abandoning module WorkspaceMenuStructure (70)
[2015.08.27-20.44.32:655][181]LogModuleManager: Shutting down and abandoning module MessageLog (69)
[2015.08.27-20.44.32:655][181]LogModuleManager: Shutting down and abandoning module Sequencer (68)
[2015.08.27-20.44.32:655][181]LogModuleManager: Shutting down and abandoning module AssetTools (67)
[2015.08.27-20.44.32:655][181]LogModuleManager: Shutting down and abandoning module UMGEditor (66)
[2015.08.27-20.44.32:655][181]LogModuleManager: Shutting down and abandoning module UMG (65)
[2015.08.27-20.44.32:655][181]LogModuleManager: Shutting down and abandoning module Slate (64)
[2015.08.27-20.44.32:655][181]LogModuleManager: Shutting down and abandoning module EditorStyle (63)
[2015.08.27-20.44.32:658][181]LogModuleManager: Shutting down and abandoning module SessionServices (62)
[2015.08.27-20.44.32:658][181]LogModuleManager: Shutting down and abandoning module SourceCodeAccess (61)
[2015.08.27-20.44.32:658][181]LogModuleManager: Shutting down and abandoning module HeadMountedDisplay (60)
[2015.08.27-20.44.32:658][181]LogModuleManager: Shutting down and abandoning module XAudio2 (59)
[2015.08.27-20.44.32:658][181]LogModuleManager: Shutting down and abandoning module Networking (57)
[2015.08.27-20.44.32:658][181]LogModuleManager: Shutting down and abandoning module Core (56)
[2015.08.27-20.44.32:658][181]LogModuleManager: Shutting down and abandoning module KismetCompiler (55)
[2015.08.27-20.44.32:658][181]LogModuleManager: Shutting down and abandoning module PhysXFormats (54)
[2015.08.27-20.44.32:658][181]LogModuleManager: Shutting down and abandoning module MeshUtilities (53)
[2015.08.27-20.44.32:658][181]LogModuleManager: Shutting down and abandoning module DerivedDataCache (52)
[2015.08.27-20.44.33:060][181]LogDerivedDataCache: Shutdown
[2015.08.27-20.44.33:060][181]LogModuleManager: Shutting down and abandoning module ShaderFormatOpenGL (51)
[2015.08.27-20.44.33:060][181]LogModuleManager: Shutting down and abandoning module ShaderFormatD3D (50)
[2015.08.27-20.44.33:060][181]LogModuleManager: Shutting down and abandoning module MetalShaderFormat (49)
[2015.08.27-20.44.33:060][181]LogModuleManager: Shutting down and abandoning module TextureFormatUncompressed (48)
[2015.08.27-20.44.33:060][181]LogModuleManager: Shutting down and abandoning module TextureFormatPVR (47)
[2015.08.27-20.44.33:060][181]LogModuleManager: Shutting down and abandoning module TextureFormatIntelISPCTexComp (46)
[2015.08.27-20.44.33:060][181]LogModuleManager: Shutting down and abandoning module TextureFormatDXT (45)
[2015.08.27-20.44.33:060][181]LogModuleManager: Shutting down and abandoning module ImageWrapper (44)
[2015.08.27-20.44.33:060][181]LogModuleManager: Shutting down and abandoning module TextureFormatASTC (43)
[2015.08.27-20.44.33:060][181]LogModuleManager: Shutting down and abandoning module TextureFormatAndroid (42)
[2015.08.27-20.44.33:060][181]LogModuleManager: Shutting down and abandoning module AudioFormatOpus (41)
[2015.08.27-20.44.33:060][181]LogModuleManager: Shutting down and abandoning module AudioFormatOgg (40)
[2015.08.27-20.44.33:060][181]LogModuleManager: Shutting down and abandoning module AudioFormatADPCM (39)
[2015.08.27-20.44.33:060][181]LogModuleManager: Shutting down and abandoning module LinuxTargetPlatform (38)
[2015.08.27-20.44.33:060][181]LogModuleManager: Shutting down and abandoning module LinuxServerTargetPlatform (37)
[2015.08.27-20.44.33:060][181]LogModuleManager: Shutting down and abandoning module LinuxNoEditorTargetPlatform (36)
[2015.08.27-20.44.33:060][181]LogModuleManager: Shutting down and abandoning module Messaging (35)
[2015.08.27-20.44.33:060][181]LogModuleManager: Shutting down and abandoning module IOSTargetPlatform (34)
[2015.08.27-20.44.33:061][181]LogModuleManager: Shutting down and abandoning module HTML5TargetPlatform (33)
[2015.08.27-20.44.33:061][181]LogModuleManager: Shutting down and abandoning module Android_PVRTCTargetPlatform (32)
[2015.08.27-20.44.33:061][181]LogModuleManager: Shutting down and abandoning module Android_ETC2TargetPlatform (31)
[2015.08.27-20.44.33:061][181]LogModuleManager: Shutting down and abandoning module Android_ETC1TargetPlatform (30)
[2015.08.27-20.44.33:061][181]LogModuleManager: Shutting down and abandoning module Android_DXTTargetPlatform (29)
[2015.08.27-20.44.33:061][181]LogModuleManager: Shutting down and abandoning module Android_ATCTargetPlatform (28)
[2015.08.27-20.44.33:061][181]LogModuleManager: Shutting down and abandoning module Android_ASTCTargetPlatform (27)
[2015.08.27-20.44.33:061][181]LogModuleManager: Shutting down and abandoning module AndroidTargetPlatform (26)
[2015.08.27-20.44.33:061][181]LogModuleManager: Shutting down and abandoning module WindowsTargetPlatform (25)
[2015.08.27-20.44.33:061][181]LogModuleManager: Shutting down and abandoning module WindowsServerTargetPlatform (24)
[2015.08.27-20.44.33:061][181]LogModuleManager: Shutting down and abandoning module WindowsNoEditorTargetPlatform (23)
[2015.08.27-20.44.33:061][181]LogModuleManager: Shutting down and abandoning module WindowsClientTargetPlatform (22)
[2015.08.27-20.44.33:061][181]LogModuleManager: Shutting down and abandoning module DesktopTargetPlatform (21)
[2015.08.27-20.44.33:061][181]LogModuleManager: Shutting down and abandoning module TargetPlatform (20)
[2015.08.27-20.44.33:061][181]LogModuleManager: Shutting down and abandoning module InputCore (19)
[2015.08.27-20.44.33:061][181]LogModuleManager: Shutting down and abandoning module Settings (18)
[2015.08.27-20.44.33:061][181]LogModuleManager: Shutting down and abandoning module OnlineSubsystem (16)
[2015.08.27-20.44.33:061][181]LogModuleManager: Shutting down and abandoning module HTTP (15)
[2015.08.27-20.44.33:061][181]LogModuleManager: Shutting down and abandoning module ExampleDeviceProfileSelector (14)
[2015.08.27-20.44.33:061][181]LogModuleManager: Shutting down and abandoning module TextureCompressor (13)
[2015.08.27-20.44.33:061][181]LogModuleManager: Shutting down and abandoning module ShaderCore (12)
[2015.08.27-20.44.33:061][181]LogModuleManager: Shutting down and abandoning module Landscape (11)
[2015.08.27-20.44.33:061][181]LogModuleManager: Shutting down and abandoning module SlateRHIRenderer (10)
[2015.08.27-20.44.33:062][181]LogModuleManager: Shutting down and abandoning module OpenGLDrv (9)
[2015.08.27-20.44.33:062][181]LogModuleManager: Shutting down and abandoning module D3D11RHI (8)
[2015.08.27-20.44.33:062][181]LogModuleManager: Shutting down and abandoning module Renderer (7)
[2015.08.27-20.44.33:062][181]LogModuleManager: Shutting down and abandoning module Engine (6)
[2015.08.27-20.44.33:062][181]LogModuleManager: Shutting down and abandoning module CoreUObject (5)
[2015.08.27-20.44.33:062][181]LogModuleManager: Shutting down and abandoning module NetworkFile (4)
[2015.08.27-20.44.33:062][181]LogModuleManager: Shutting down and abandoning module StreamingFile (3)
[2015.08.27-20.44.33:062][181]LogModuleManager: Shutting down and abandoning module SandboxFile (2)
[2015.08.27-20.44.33:062][181]LogModuleManager: Shutting down and abandoning module PakFile (1)
[2015.08.27-20.44.33:062][181]LogExit: Exiting.
[2015.08.27-20.44.33:064][181]Log file closed, 08/27/15 22:44:33
