[2015.08.28-10.52.04:952][  0]Log file open, 08/28/15 12:52:04
[2015.08.28-10.52.04:952][  0]LogInit:Display: Running engine for game: NotPartofGame
[2015.08.28-10.52.04:952][  0]LogInit:Display: RandInit(1818498842) SRandInit(1818498843).
[2015.08.28-10.52.04:952][  0]LogTaskGraph: Started task graph with 4 named threads and 7 total threads.
[2015.08.28-10.52.04:952][  0]LogStats: Stats thread started
[2015.08.28-10.52.04:952][  0]LogInit: Version: 4.8.3-2634408+++depot+UE4-Releases+4.8
[2015.08.28-10.52.04:952][  0]LogInit: API Version: 2579680
[2015.08.28-10.52.04:952][  0]LogInit: Compiled (64-bit): Jul 27 2015 16:24:33
[2015.08.28-10.52.04:952][  0]LogInit: Compiled with Visual C++: 18.00.21005.01
[2015.08.28-10.52.04:952][  0]LogInit: Build Configuration: Development
[2015.08.28-10.52.04:952][  0]LogInit: Branch Name: ++depot+UE4-Releases+4.8
[2015.08.28-10.52.04:952][  0]LogInit: Command line:  /Temp/Autosaves/Game/NPOTG/Maps/UEDPCTesting_Level -game -PIEVIACONSOLE -ResX=1280 -ResY=720  -Multiprocess 
[2015.08.28-10.52.04:952][  0]LogInit: Base directory: C:/Users/Bodoo/Documents/Programmieren/4.8/Engine/Binaries/Win64/
[2015.08.28-10.52.04:952][  0]LogInit: Rocket: 1
[2015.08.28-10.52.04:971][  0]LogInit: Using libcurl 7.41.0
[2015.08.28-10.52.04:971][  0]LogInit:  - built for x86_64-pc-win32
[2015.08.28-10.52.04:971][  0]LogInit:  - supports SSL with WinSSL
[2015.08.28-10.52.04:971][  0]LogInit:  - other features:
[2015.08.28-10.52.04:971][  0]LogInit:      CURL_VERSION_SSL
[2015.08.28-10.52.04:971][  0]LogInit:      CURL_VERSION_IPV6
[2015.08.28-10.52.04:971][  0]LogInit:      CURL_VERSION_ASYNCHDNS
[2015.08.28-10.52.04:971][  0]LogInit:      CURL_VERSION_LARGEFILE
[2015.08.28-10.52.04:971][  0]LogInit:      CURL_VERSION_IDN
[2015.08.28-10.52.04:971][  0]LogInit:  CurlRequestOptions (configurable via config and command line):
[2015.08.28-10.52.04:971][  0]LogInit:  - bVerifyPeer = true  - Libcurl will verify peer certificate
[2015.08.28-10.52.04:971][  0]LogInit:  - bUseHttpProxy = false  - Libcurl will NOT use HTTP proxy
[2015.08.28-10.52.04:971][  0]LogInit:  - bDontReuseConnections = false  - Libcurl will reuse connections
[2015.08.28-10.52.04:971][  0]LogInit:  - CertBundlePath = nullptr  - Libcurl will use whatever was configured at build time.
[2015.08.28-10.52.04:986][  0]LogOnline:Warning: No default platform service specified for OnlineSubsystem
[2015.08.28-10.52.05:003][  0]LogInit: Presizing for 0 objects not considered by GC, pre-allocating 0 bytes.
[2015.08.28-10.52.05:011][  0]LogInit: Object subsystem initialized
[2015.08.28-10.52.05:012][  0]LogConsoleResponse:Warning: Skipping Unknown console variable: 'UIScaleCurve = (EditorCurveData=(Keys=((Time=480.000000,Value=0.444000),(Time=720.000000,Value=0.666000),(Time=1080.000000,Value=1.000000),(Time=8640.000000,Value=8.000000))),ExternalCurve=None)'
[2015.08.28-10.52.05:012][  0]LogConsoleResponse:Warning:   Found in ini file 'C:/Users/Bodoo/Documents/Programmieren/Projekte/NotPartofTheGame/Saved/Config/Windows/Engine.ini', in section '[/Script/Engine.RendererSettings]'
[2015.08.28-10.52.05:013][  0]LogConsoleManager:Warning: Console variable 'r.MSAA.CompositingSampleCount' wasn't set ('Scalability' has a lower priority than 'ProjectSetting')
[2015.08.28-10.52.05:013][  0]LogInit: Selected Device Profile: [Windows]
[2015.08.28-10.52.05:013][  0]LogInit: Applying CVar settings loaded from the selected device profile: [Windows]
[2015.08.28-10.52.05:016][  0]LogInit: Computer: DESKTOP-GLF6O4V
[2015.08.28-10.52.05:016][  0]LogInit: User: Bodoo
[2015.08.28-10.52.05:016][  0]LogInit: CPU Page size=4096, Cores=4
[2015.08.28-10.52.05:016][  0]LogInit: High frequency timer resolution =3.215356 MHz
[2015.08.28-10.52.05:016][  0]LogMemory: Memory total: Physical=12.0GB (12GB approx)
[2015.08.28-10.52.05:016][  0]LogMemory: Platform Memory Stats for Windows
[2015.08.28-10.52.05:016][  0]LogMemory: Process Physical Memory: 49.58 MB used, 49.58 MB peak
[2015.08.28-10.52.05:016][  0]LogMemory: Process Virtual Memory: 22.56 MB used, 22.56 MB peak
[2015.08.28-10.52.05:016][  0]LogMemory: Physical Memory: 2791.60 MB used, 12270.70 MB total
[2015.08.28-10.52.05:016][  0]LogMemory: Virtual Memory: 310.61 MB used, 134217728.00 MB total
[2015.08.28-10.52.05:045][  0]LogTextLocalizationManager: The requested culture ('de_DE') has no localization data; falling back to 'en' for localization and internationalization data.
[2015.08.28-10.52.05:304][  0]LogTextLocalizationManager:Warning: Loaded localization resources contain conflicting entries for (Namespace:ContentBrowser, Key:ImportAssetToolTip):
Localization Resource: (C:/Users/Bodoo/Documents/Programmieren/4.8/Engine/Content/Localization/Editor/en/Editor.locres) Source String Hash: (-630476809) Localized String: (Import to {0}...)
Localization Resource: (C:/Users/Bodoo/Documents/Programmieren/4.8/Engine/Content/Localization/Editor/en/Editor.locres) Source String Hash: (1271782899) Localized String: (Imports an asset from file to this folder.)
[2015.08.28-10.52.05:656][  0]LogD3D11RHI: Found D3D11 adapter 0: AMD Radeon HD 6800 Series (Feature Level 11_0)
[2015.08.28-10.52.05:656][  0]LogD3D11RHI: Adapter has 1011MB of dedicated video memory, 0MB of dedicated system memory, and 3840MB of shared system memory, 1 output[s]
[2015.08.28-10.52.05:657][  0]LogD3D11RHI: Found D3D11 adapter 1: Microsoft Basic Render Driver (Feature Level 11_0)
[2015.08.28-10.52.05:657][  0]LogD3D11RHI: Adapter has 0MB of dedicated video memory, 0MB of dedicated system memory, and 6135MB of shared system memory, 0 output[s]
[2015.08.28-10.52.05:657][  0]LogD3D11RHI: Chosen D3D11 Adapter Id = 0
[2015.08.28-10.52.05:659][  0]LogD3D11RHI: InitD3DDevice
[2015.08.28-10.52.05:660][  0]LogD3D11RHI: !Direct3DDevice
[2015.08.28-10.52.05:660][  0]LogRHI: Texture pool is 708 MB (70% of 1011 MB)
[2015.08.28-10.52.05:666][  0]LogD3D11RHI: Async texture creation disabled: no driver support
[2015.08.28-10.52.05:676][  0]LogShaderCompilers:Display: Using Local Shader Compiler.
[2015.08.28-10.52.06:502][  0]LogTemp:Display: Loaded TP DesktopTargetPlatform
[2015.08.28-10.52.06:517][  0]LogTemp:Display: Loaded TP WindowsClientTargetPlatform
[2015.08.28-10.52.06:532][  0]LogTemp:Display: Loaded TP WindowsNoEditorTargetPlatform
[2015.08.28-10.52.06:547][  0]LogTemp:Display: Loaded TP WindowsServerTargetPlatform
[2015.08.28-10.52.06:563][  0]LogTemp:Display: Loaded TP WindowsTargetPlatform
[2015.08.28-10.52.06:577][  0]LogTemp:Display: Loaded TP AndroidTargetPlatform
[2015.08.28-10.52.06:590][  0]LogTemp:Display: Loaded TP Android_ASTCTargetPlatform
[2015.08.28-10.52.06:603][  0]LogTemp:Display: Loaded TP Android_ATCTargetPlatform
[2015.08.28-10.52.06:617][  0]LogTemp:Display: Loaded TP Android_DXTTargetPlatform
[2015.08.28-10.52.06:631][  0]LogTemp:Display: Loaded TP Android_ETC1TargetPlatform
[2015.08.28-10.52.06:645][  0]LogTemp:Display: Loaded TP Android_ETC2TargetPlatform
[2015.08.28-10.52.06:659][  0]LogTemp:Display: Loaded TP Android_PVRTCTargetPlatform
[2015.08.28-10.52.06:710][  0]LogTemp:Display: Loaded TP IOSTargetPlatform
[2015.08.28-10.52.06:723][  0]LogTemp:Display: Loaded TP LinuxNoEditorTargetPlatform
[2015.08.28-10.52.06:737][  0]LogTemp:Display: Loaded TP LinuxServerTargetPlatform
[2015.08.28-10.52.06:752][  0]LogTemp:Display: Loaded TP LinuxTargetPlatform
[2015.08.28-10.52.06:752][  0]LogTargetPlatformManager:Display: Building Assets For Windows
[2015.08.28-10.52.06:970][  0]LogDerivedDataCache:Display: Max Cache Size: 512 MB
[2015.08.28-10.52.07:031][  0]LogDerivedDataCache: Loaded boot cache 0.06s 53MB C:/Users/Bodoo/AppData/Local/UnrealEngine/4.8/DerivedDataCache/Boot.ddc.
[2015.08.28-10.52.07:031][  0]LogDerivedDataCache:Display: Loaded Boot cache: C:/Users/Bodoo/AppData/Local/UnrealEngine/4.8/DerivedDataCache/Boot.ddc
[2015.08.28-10.52.07:031][  0]LogDerivedDataCache: FDerivedDataBackendGraph:  Pak pak cache file ../../../../Projekte/NotPartofTheGame/DerivedDataCache/DDC.ddp not found, will not use a pak cache.
[2015.08.28-10.52.07:031][  0]LogDerivedDataCache: Unable to find inner node Pak for hierarchical cache Hierarchy.
[2015.08.28-10.52.07:031][  0]LogDerivedDataCache: FDerivedDataBackendGraph:  CompressedPak pak cache file ../../../../Projekte/NotPartofTheGame/DerivedDataCache/Compressed.ddp not found, will not use a pak cache.
[2015.08.28-10.52.07:031][  0]LogDerivedDataCache: Unable to find inner node CompressedPak for hierarchical cache Hierarchy.
[2015.08.28-10.52.07:187][  0]LogDerivedDataCache:Display: Pak cache opened for reading ../../../Engine/DerivedDataCache/Compressed.ddp.
[2015.08.28-10.52.07:199][  0]LogDerivedDataCache: Using Local data cache path C:/Users/Bodoo/AppData/Local/UnrealEngine/Common/DerivedDataCache: Writable
[2015.08.28-10.52.07:436][  0]LogInit: Selected Device Profile: [Windows]
[2015.08.28-10.52.07:522][  0]ImportText (ComponentSweepMultiTests): Missing closing parenthesis: (RootShapeAsset="/Engine/BasicShapes/Cube.Cube",ShapeType="TriggerCapsule",HitResult=(Time=0.50,Location=(X=-100.000015,Y=0.0,Z=100.000015),ImpactPoint=(X=-50.0,Y=0.0,Z=50.0),Normal=(X=-1.0,Y=-0.0,Z=0.0),ImpactNormal=(X=0.0,Y=0.0,Z=1.0),TraceStart=(X=-200.0,Y=0.0,Z=200.0),TraceEnd=(X=0.0,Y=0.0,Z=0.0))
[2015.08.28-10.52.07:523][  0]ImportText (LineTraceSingleByChannelTests): Missing closing parenthesis: (RootShapeAsset="/Engine/BasicShapes/Cube.Cube",HitResult=(Time=0.50,Location=(X=-100.000015,Y=0.0,Z=100.000015),ImpactPoint=(X=-50.0,Y=0.0,Z=50.0),Normal=(X=-1.0,Y=-0.0,Z=0.0),ImpactNormal=(X=0.0,Y=0.0,Z=1.0),TraceStart=(X=-200.0,Y=0.0,Z=200.0),TraceEnd=(X=0.0,Y=0.0,Z=0.0))
[2015.08.28-10.52.07:552][  0]LogMeshUtilities: No automatic mesh reduction module available
[2015.08.28-10.52.07:552][  0]LogMeshUtilities: No automatic mesh merging module available
[2015.08.28-10.52.07:846][  0]LogInit: WinSock: version 1.1 (2.2), MaxSocks=32767, MaxUdp=65467
[2015.08.28-10.52.08:327][  0]LogD3D11RHI: InitD3DDevice
[2015.08.28-10.52.08:333][  0]LogWindowsMoviePlayer: Unable to load movie: ../../../../Projekte/NotPartofTheGame/Content/Movies/Default_Startup.mp4
[2015.08.28-10.52.08:486][  0]LogAssetRegistry: FAssetRegistry took 0.0001 seconds to start up
[2015.08.28-10.52.08:532][  0]SourceControl: Info Source control is disabled
[2015.08.28-10.52.08:532][  0]SourceControl: Info Source control is disabled
[2015.08.28-10.52.08:543][  0]SourceControl: Info Source control is disabled
[2015.08.28-10.52.08:739][  0]LogObj: 25913 objects as part of root set at end of initial load.
[2015.08.28-10.52.08:739][  0]LogUObjectAllocator: 5218488 out of 0 bytes used by permanent object pool.
[2015.08.28-10.52.08:809][  0]LogAutomationTest:Warning: ERR: Transient text cannot be serialized "Testing Transient serialization detection".
[2015.08.28-10.52.08:810][  0]LogEngine: Initializing Engine...
[2015.08.28-10.52.08:812][  0]LogHMD: Can't find Oculus library dev build: is proper Runtime installed? Version: 0.6.0.0
[2015.08.28-10.52.08:813][  0]LogHMD:Warning: SteamVR failed to initialize.  Error: 110
[2015.08.28-10.52.08:910][  0]LogInit: XAudio2 using 'Lautsprecher (G510s Gaming Keyboard)' : 2 channels at 48 kHz using 16 bits per sample (channel mask 0x3)
[2015.08.28-10.52.08:918][  0]LogInit: FAudioDevice initialized.
[2015.08.28-10.52.08:929][  0]LogInit: Texture streaming: Disabled
[2015.08.28-10.52.08:998][  0]LogNet: Browse: /Temp/Autosaves/Game/NPOTG/Maps/UEDPCTesting_Level?Name=Player
[2015.08.28-10.52.08:999][  0]LogLoad: LoadMap: /Temp/Autosaves/Game/NPOTG/Maps/UEDPCTesting_Level?Name=Player
[2015.08.28-10.52.09:009][  0]LogParticles: Destroying 0 GPU particle simulations for FXSystem 0x000000B18A9DF560
[2015.08.28-10.52.09:018][  0]LogMemory: Platform Memory Stats for Windows
[2015.08.28-10.52.09:018][  0]LogMemory: Process Physical Memory: 334.02 MB used, 334.02 MB peak
[2015.08.28-10.52.09:018][  0]LogMemory: Process Virtual Memory: 371.34 MB used, 371.34 MB peak
[2015.08.28-10.52.09:018][  0]LogMemory: Physical Memory: 3024.71 MB used, 12270.70 MB total
[2015.08.28-10.52.09:018][  0]LogMemory: Virtual Memory: 889.57 MB used, 134217728.00 MB total
[2015.08.28-10.52.09:018][  0]LogMemory: 
[2015.08.28-10.52.09:018][  0]Allocator Stats for TBB: (not implemented)
[2015.08.28-10.52.10:011][  0]LogProperty:Warning: ERR: Transient text cannot be serialized "NewRotation Roll".
[2015.08.28-10.52.10:012][  0]LogProperty:Warning: ERR: Transient text cannot be serialized "NewRotation Yaw".
[2015.08.28-10.52.10:012][  0]LogProperty:Warning: ERR: Transient text cannot be serialized "NewRotation Pitch".
[2015.08.28-10.52.10:012][  0]LogProperty:Warning: ERR: Transient text cannot be serialized "NewRotation Roll".
[2015.08.28-10.52.10:012][  0]LogProperty:Warning: ERR: Transient text cannot be serialized "NewRotation Yaw".
[2015.08.28-10.52.10:012][  0]LogProperty:Warning: ERR: Transient text cannot be serialized "NewRotation Pitch".
[2015.08.28-10.52.10:061][  0]LogProperty:Warning: ERR: Transient text cannot be serialized "NewRotation Roll".
[2015.08.28-10.52.10:061][  0]LogProperty:Warning: ERR: Transient text cannot be serialized "NewRotation Yaw".
[2015.08.28-10.52.10:061][  0]LogProperty:Warning: ERR: Transient text cannot be serialized "NewRotation Pitch".
[2015.08.28-10.52.10:061][  0]LogProperty:Warning: ERR: Transient text cannot be serialized "NewRotation Roll".
[2015.08.28-10.52.10:061][  0]LogProperty:Warning: ERR: Transient text cannot be serialized "NewRotation Yaw".
[2015.08.28-10.52.10:061][  0]LogProperty:Warning: ERR: Transient text cannot be serialized "NewRotation Pitch".
[2015.08.28-10.52.10:971][  0]LogAIModule: Creating AISystem for world Testing_Level
[2015.08.28-10.52.10:971][  0]LogWorld: Game class is '2DSideScrollerGameMode_C'
[2015.08.28-10.52.11:028][  0]LogWorld: Bringing World /Temp/Autosaves/Game/NPOTG/Maps/UEDPCTesting_Level.Testing_Level up for play (max tick rate 0) at 2015.08.28-12.52.11
[2015.08.28-10.52.11:042][  0]LogWorld: Bringing up level for play took: 0.068535
[2015.08.28-10.52.11:046][  0]LogInit:Display: Game Engine Initialized.
[2015.08.28-10.52.11:272][  0]LogLoad: Full Startup: 8.05 seconds (BP compile: 1.04 seconds)
[2015.08.28-10.52.11:291][  0]LogContentStreaming: Texture pool size is 1000.000000MB
[2015.08.28-10.52.11:414][  0]LogRenderer: Reallocating scene render targets to support 1280x720 (Frame:2).
[2015.08.28-10.52.41:287][843]LogBlueprintUserMessages: 0.990322
[2015.08.28-10.52.41:287][843]LogBlueprintUserMessages: 0.990322
[2015.08.28-10.52.41:287][843]LogBlueprintUserMessages: 0.980645
[2015.08.28-10.52.41:302][844]LogBlueprintUserMessages: 0.970967
[2015.08.28-10.52.41:319][845]LogBlueprintUserMessages: 0.96129
[2015.08.28-10.52.41:336][846]LogBlueprintUserMessages: 0.951612
[2015.08.28-10.52.41:351][847]LogBlueprintUserMessages: 0.941935
[2015.08.28-10.52.41:367][848]LogBlueprintUserMessages: 0.932257
[2015.08.28-10.52.41:383][849]LogBlueprintUserMessages: 0.92258
[2015.08.28-10.52.41:400][850]LogBlueprintUserMessages: 0.912902
[2015.08.28-10.52.41:416][851]LogBlueprintUserMessages: 0.903225
[2015.08.28-10.52.41:432][852]LogBlueprintUserMessages: 0.893547
[2015.08.28-10.52.41:448][853]LogBlueprintUserMessages: 0.88387
[2015.08.28-10.52.41:464][854]LogBlueprintUserMessages: 0.874192
[2015.08.28-10.52.41:481][855]LogBlueprintUserMessages: 0.864515
[2015.08.28-10.52.41:497][856]LogBlueprintUserMessages: 0.854837
[2015.08.28-10.52.41:512][857]LogBlueprintUserMessages: 0.84516
[2015.08.28-10.52.41:529][858]LogBlueprintUserMessages: 0.835482
[2015.08.28-10.52.41:545][859]LogBlueprintUserMessages: 0.825805
[2015.08.28-10.52.41:561][860]LogBlueprintUserMessages: 0.816127
[2015.08.28-10.52.41:577][861]LogBlueprintUserMessages: 0.806447
[2015.08.28-10.52.41:594][862]LogBlueprintUserMessages: 0.796769
[2015.08.28-10.52.41:609][863]LogBlueprintUserMessages: 0.787092
[2015.08.28-10.52.41:625][864]LogBlueprintUserMessages: 0.777414
[2015.08.28-10.52.41:641][865]LogBlueprintUserMessages: 0.767737
[2015.08.28-10.52.41:657][866]LogBlueprintUserMessages: 0.758059
[2015.08.28-10.52.41:673][867]LogBlueprintUserMessages: 0.748382
[2015.08.28-10.52.41:690][868]LogBlueprintUserMessages: 0.738704
[2015.08.28-10.52.41:706][869]LogBlueprintUserMessages: 0.729027
[2015.08.28-10.52.41:722][870]LogBlueprintUserMessages: 0.719349
[2015.08.28-10.52.41:738][871]LogBlueprintUserMessages: 0.709672
[2015.08.28-10.52.41:754][872]LogBlueprintUserMessages: 0.699994
[2015.08.28-10.52.41:771][873]LogBlueprintUserMessages: 0.690317
[2015.08.28-10.52.41:787][874]LogBlueprintUserMessages: 0.680639
[2015.08.28-10.52.41:803][875]LogBlueprintUserMessages: 0.670962
[2015.08.28-10.52.41:819][876]LogBlueprintUserMessages: 0.661284
[2015.08.28-10.52.41:835][877]LogBlueprintUserMessages: 0.651607
[2015.08.28-10.52.41:852][878]LogBlueprintUserMessages: 0.641929
[2015.08.28-10.52.41:867][879]LogBlueprintUserMessages: 0.632252
[2015.08.28-10.52.41:884][880]LogBlueprintUserMessages: 0.622574
[2015.08.28-10.52.41:900][881]LogBlueprintUserMessages: 0.612897
[2015.08.28-10.52.41:916][882]LogBlueprintUserMessages: 0.603219
[2015.08.28-10.52.41:932][883]LogBlueprintUserMessages: 0.593542
[2015.08.28-10.52.41:949][884]LogBlueprintUserMessages: 0.583864
[2015.08.28-10.52.41:965][885]LogBlueprintUserMessages: 0.574187
[2015.08.28-10.52.41:980][886]LogBlueprintUserMessages: 0.564509
[2015.08.28-10.52.41:997][887]LogBlueprintUserMessages: 0.554832
[2015.08.28-10.52.42:013][888]LogBlueprintUserMessages: 0.545151
[2015.08.28-10.52.42:029][889]LogBlueprintUserMessages: 0.535473
[2015.08.28-10.52.42:045][890]LogBlueprintUserMessages: 0.525796
[2015.08.28-10.52.42:061][891]LogBlueprintUserMessages: 0.516118
[2015.08.28-10.52.42:077][892]LogBlueprintUserMessages: 0.506441
[2015.08.28-10.52.42:094][893]LogBlueprintUserMessages: 0.496763
[2015.08.28-10.52.42:110][894]LogBlueprintUserMessages: 0.487086
[2015.08.28-10.52.42:125][895]LogBlueprintUserMessages: 0.477408
[2015.08.28-10.52.42:141][896]LogBlueprintUserMessages: 0.467731
[2015.08.28-10.52.42:157][897]LogBlueprintUserMessages: 0.458053
[2015.08.28-10.52.42:174][898]LogBlueprintUserMessages: 0.448375
[2015.08.28-10.52.42:190][899]LogBlueprintUserMessages: 0.438698
[2015.08.28-10.52.42:206][900]LogBlueprintUserMessages: 0.42902
[2015.08.28-10.52.42:222][901]LogBlueprintUserMessages: 0.419343
[2015.08.28-10.52.42:239][902]LogBlueprintUserMessages: 0.409665
[2015.08.28-10.52.42:255][903]LogBlueprintUserMessages: 0.399988
[2015.08.28-10.52.42:271][904]LogBlueprintUserMessages: 0.39031
[2015.08.28-10.52.42:286][905]LogBlueprintUserMessages: 0.380633
[2015.08.28-10.52.42:303][906]LogBlueprintUserMessages: 0.370955
[2015.08.28-10.52.42:319][907]LogBlueprintUserMessages: 0.361278
[2015.08.28-10.52.42:335][908]LogBlueprintUserMessages: 0.3516
[2015.08.28-10.52.42:351][909]LogBlueprintUserMessages: 0.341923
[2015.08.28-10.52.42:367][910]LogBlueprintUserMessages: 0.332245
[2015.08.28-10.52.42:384][911]LogBlueprintUserMessages: 0.322568
[2015.08.28-10.52.42:400][912]LogBlueprintUserMessages: 0.31289
[2015.08.28-10.52.42:416][913]LogBlueprintUserMessages: 0.303213
[2015.08.28-10.52.42:432][914]LogBlueprintUserMessages: 0.293535
[2015.08.28-10.52.42:448][915]LogBlueprintUserMessages: 0.283858
[2015.08.28-10.52.42:464][916]LogBlueprintUserMessages: 0.27418
[2015.08.28-10.52.42:480][917]LogBlueprintUserMessages: 0.264503
[2015.08.28-10.52.42:496][918]LogBlueprintUserMessages: 0.254825
[2015.08.28-10.52.42:513][919]LogBlueprintUserMessages: 0.245148
[2015.08.28-10.52.42:529][920]LogBlueprintUserMessages: 0.23547
[2015.08.28-10.52.45:545][107]LogBlueprintUserMessages: 0.990322
[2015.08.28-10.52.45:545][107]LogBlueprintUserMessages: 0.990322
[2015.08.28-10.52.45:545][107]LogBlueprintUserMessages: 0.980645
[2015.08.28-10.52.45:561][108]LogBlueprintUserMessages: 0.970967
[2015.08.28-10.52.45:577][109]LogBlueprintUserMessages: 0.96129
[2015.08.28-10.52.45:593][110]LogBlueprintUserMessages: 0.951612
[2015.08.28-10.52.45:609][111]LogBlueprintUserMessages: 0.941935
[2015.08.28-10.52.45:626][112]LogBlueprintUserMessages: 0.932257
[2015.08.28-10.52.45:642][113]LogBlueprintUserMessages: 0.92258
[2015.08.28-10.52.45:658][114]LogBlueprintUserMessages: 0.912902
[2015.08.28-10.52.45:674][115]LogBlueprintUserMessages: 0.903225
[2015.08.28-10.52.45:690][116]LogBlueprintUserMessages: 0.893547
[2015.08.28-10.52.45:706][117]LogBlueprintUserMessages: 0.88387
[2015.08.28-10.52.45:722][118]LogBlueprintUserMessages: 0.874192
[2015.08.28-10.52.45:738][119]LogBlueprintUserMessages: 0.864515
[2015.08.28-10.52.45:754][120]LogBlueprintUserMessages: 0.854837
[2015.08.28-10.52.45:770][121]LogBlueprintUserMessages: 0.84516
[2015.08.28-10.52.45:787][122]LogBlueprintUserMessages: 0.835482
[2015.08.28-10.52.45:803][123]LogBlueprintUserMessages: 0.825805
[2015.08.28-10.52.45:819][124]LogBlueprintUserMessages: 0.816127
[2015.08.28-10.52.45:835][125]LogBlueprintUserMessages: 0.80645
[2015.08.28-10.52.45:851][126]LogBlueprintUserMessages: 0.796772
[2015.08.28-10.52.45:868][127]LogBlueprintUserMessages: 0.787095
[2015.08.28-10.52.45:884][128]LogBlueprintUserMessages: 0.777417
[2015.08.28-10.52.45:900][129]LogBlueprintUserMessages: 0.76774
[2015.08.28-10.52.45:916][130]LogBlueprintUserMessages: 0.758062
[2015.08.28-10.52.45:932][131]LogBlueprintUserMessages: 0.748381
[2015.08.28-10.52.45:948][132]LogBlueprintUserMessages: 0.738704
[2015.08.28-10.52.45:964][133]LogBlueprintUserMessages: 0.729026
[2015.08.28-10.52.45:980][134]LogBlueprintUserMessages: 0.719349
[2015.08.28-10.52.45:996][135]LogBlueprintUserMessages: 0.709671
[2015.08.28-10.52.46:012][136]LogBlueprintUserMessages: 0.699987
[2015.08.28-10.52.46:029][137]LogBlueprintUserMessages: 0.69031
[2015.08.28-10.52.46:045][138]LogBlueprintUserMessages: 0.680632
[2015.08.28-10.52.46:061][139]LogBlueprintUserMessages: 0.670955
[2015.08.28-10.52.46:077][140]LogBlueprintUserMessages: 0.661277
[2015.08.28-10.52.46:093][141]LogBlueprintUserMessages: 0.6516
[2015.08.28-10.52.46:109][142]LogBlueprintUserMessages: 0.641922
[2015.08.28-10.52.46:125][143]LogBlueprintUserMessages: 0.632245
[2015.08.28-10.52.46:142][144]LogBlueprintUserMessages: 0.622567
[2015.08.28-10.52.46:158][145]LogBlueprintUserMessages: 0.612888
[2015.08.28-10.52.46:174][146]LogBlueprintUserMessages: 0.603211
[2015.08.28-10.52.46:190][147]LogBlueprintUserMessages: 0.593533
[2015.08.28-10.52.46:206][148]LogBlueprintUserMessages: 0.583856
[2015.08.28-10.52.46:222][149]LogBlueprintUserMessages: 0.574178
[2015.08.28-10.52.46:238][150]LogBlueprintUserMessages: 0.564501
[2015.08.28-10.52.46:255][151]LogBlueprintUserMessages: 0.554823
[2015.08.28-10.52.46:271][152]LogBlueprintUserMessages: 0.545146
[2015.08.28-10.52.46:287][153]LogBlueprintUserMessages: 0.535468
[2015.08.28-10.52.46:303][154]LogBlueprintUserMessages: 0.525791
[2015.08.28-10.52.46:319][155]LogBlueprintUserMessages: 0.516113
[2015.08.28-10.52.46:336][156]LogBlueprintUserMessages: 0.506436
[2015.08.28-10.52.46:352][157]LogBlueprintUserMessages: 0.496758
[2015.08.28-10.52.46:368][158]LogBlueprintUserMessages: 0.487081
[2015.08.28-10.52.46:384][159]LogBlueprintUserMessages: 0.477403
[2015.08.28-10.52.46:400][160]LogBlueprintUserMessages: 0.467726
[2015.08.28-10.52.46:416][161]LogBlueprintUserMessages: 0.458048
[2015.08.28-10.52.46:432][162]LogBlueprintUserMessages: 0.448371
[2015.08.28-10.52.46:448][163]LogBlueprintUserMessages: 0.438693
[2015.08.28-10.52.46:464][164]LogBlueprintUserMessages: 0.429016
[2015.08.28-10.52.46:481][165]LogBlueprintUserMessages: 0.419338
[2015.08.28-10.52.46:497][166]LogBlueprintUserMessages: 0.409661
[2015.08.28-10.52.46:513][167]LogBlueprintUserMessages: 0.399983
[2015.08.28-10.52.46:529][168]LogBlueprintUserMessages: 0.390306
[2015.08.28-10.52.46:544][169]LogBlueprintUserMessages: 0.380628
[2015.08.28-10.52.46:561][170]LogBlueprintUserMessages: 0.370951
[2015.08.28-10.52.46:577][171]LogBlueprintUserMessages: 0.361273
[2015.08.28-10.52.46:594][172]LogBlueprintUserMessages: 0.351596
[2015.08.28-10.52.46:610][173]LogBlueprintUserMessages: 0.341918
[2015.08.28-10.52.46:626][174]LogBlueprintUserMessages: 0.332241
[2015.08.28-10.52.46:642][175]LogBlueprintUserMessages: 0.322563
[2015.08.28-10.52.46:642][175]Closing by request
[2015.08.28-10.52.46:642][175]LogWindows: FPlatformMisc::RequestExit(0)
[2015.08.28-10.52.46:868][176]LogWindowsTextInputMethodSystem:Display: IME system now deactivated.
[2015.08.28-10.52.46:876][176]LogExit: Preparing to exit.
[2015.08.28-10.52.46:985][176]LogExit: Game engine shut down
[2015.08.28-10.52.46:989][176]LogParticles: Destroying 0 GPU particle simulations for FXSystem 0x000000B1897E2DE0
[2015.08.28-10.52.47:118][176]LogExit: Object subsystem successfully closed.
[2015.08.28-10.52.47:127][176]LogD3D11RHI: Shutdown
[2015.08.28-10.52.47:127][176]LogD3D11RHI: CleanupD3DDevice
[2015.08.28-10.52.47:192][176]LogD3D11RHI: ~FD3D11DynamicRHI
[2015.08.28-10.52.47:203][176]LogModuleManager: Shutting down and abandoning module AndroidDeviceDetection (109)
[2015.08.28-10.52.47:314][176]LogModuleManager: Shutting down and abandoning module AutomationWorker (108)
[2015.08.28-10.52.47:314][176]LogModuleManager: Shutting down and abandoning module CharacterAI (107)
[2015.08.28-10.52.47:314][176]LogModuleManager: Shutting down and abandoning module AITestSuite (106)
[2015.08.28-10.52.47:314][176]LogModuleManager: Shutting down and abandoning module GameplayDebugger (105)
[2015.08.28-10.52.47:314][176]LogModuleManager: Shutting down and abandoning module AIModule (104)
[2015.08.28-10.52.47:314][176]LogModuleManager: Shutting down and abandoning module GameLiveStreaming (103)
[2015.08.28-10.52.47:314][176]LogModuleManager: Shutting down and abandoning module StreamingPauseRendering (102)
[2015.08.28-10.52.47:314][176]LogModuleManager: Shutting down and abandoning module ProfilerService (101)
[2015.08.28-10.52.47:335][176]LogModuleManager: Shutting down and abandoning module TaskGraph (100)
[2015.08.28-10.52.47:335][176]LogModuleManager: Shutting down and abandoning module SlateRemote (99)
[2015.08.28-10.52.47:335][176]LogModuleManager: Shutting down and abandoning module SteamVRController (98)
[2015.08.28-10.52.47:335][176]LogModuleManager: Shutting down and abandoning module SteamVR (97)
[2015.08.28-10.52.47:335][176]LogModuleManager: Shutting down and abandoning module ProceduralMeshComponent (96)
[2015.08.28-10.52.47:335][176]LogModuleManager: Shutting down and abandoning module OculusRift (95)
[2015.08.28-10.52.47:335][176]LogModuleManager: Shutting down and abandoning module LeapMotionController (94)
[2015.08.28-10.52.47:341][176]LogModuleManager: Shutting down and abandoning module CustomMeshComponent (93)
[2015.08.28-10.52.47:341][176]LogModuleManager: Shutting down and abandoning module CableComponent (92)
[2015.08.28-10.52.47:341][176]LogModuleManager: Shutting down and abandoning module DesktopPlatform (91)
[2015.08.28-10.52.47:341][176]LogModuleManager: Shutting down and abandoning module DirectoryWatcher (90)
[2015.08.28-10.52.47:341][176]LogModuleManager: Shutting down and abandoning module HotReload (89)
[2015.08.28-10.52.47:341][176]LogModuleManager: Shutting down and abandoning module VisualStudioSourceCodeAccess (88)
[2015.08.28-10.52.47:341][176]LogModuleManager: Shutting down and abandoning module UObjectPlugin (87)
[2015.08.28-10.52.47:341][176]LogModuleManager: Shutting down and abandoning module SubversionSourceControl (86)
[2015.08.28-10.52.47:341][176]LogModuleManager: Shutting down and abandoning module SourceControl (85)
[2015.08.28-10.52.47:341][176]LogModuleManager: Shutting down and abandoning module PerforceSourceControl (84)
[2015.08.28-10.52.47:341][176]LogModuleManager: Shutting down and abandoning module BlankPlugin (83)
[2015.08.28-10.52.47:341][176]LogModuleManager: Shutting down and abandoning module UdpMessaging (82)
[2015.08.28-10.52.47:341][176]LogModuleManager: Shutting down and abandoning module AssetRegistry (81)
[2015.08.28-10.52.47:341][176]LogModuleManager: Shutting down and abandoning module SubstanceCore (80)
[2015.08.28-10.52.47:341][176]LogModuleManager: Shutting down and abandoning module Paper2D (79)
[2015.08.28-10.52.47:341][176]LogModuleManager: Shutting down and abandoning module WindowsMoviePlayer (78)
[2015.08.28-10.52.47:343][176]LogModuleManager: Shutting down and abandoning module Media (77)
[2015.08.28-10.52.47:343][176]LogModuleManager: Shutting down and abandoning module WmfMedia (76)
[2015.08.28-10.52.47:343][176]LogModuleManager: Shutting down and abandoning module OnlineBlueprintSupport (75)
[2015.08.28-10.52.47:343][176]LogModuleManager: Shutting down and abandoning module PropertyEditor (74)
[2015.08.28-10.52.47:343][176]LogModuleManager: Shutting down and abandoning module BehaviorTreeEditor (73)
[2015.08.28-10.52.47:343][176]LogModuleManager: Shutting down and abandoning module FunctionalTesting (72)
[2015.08.28-10.52.47:343][176]LogModuleManager: Shutting down and abandoning module CollisionAnalyzer (71)
[2015.08.28-10.52.47:343][176]LogModuleManager: Shutting down and abandoning module WorkspaceMenuStructure (70)
[2015.08.28-10.52.47:343][176]LogModuleManager: Shutting down and abandoning module MessageLog (69)
[2015.08.28-10.52.47:343][176]LogModuleManager: Shutting down and abandoning module Sequencer (68)
[2015.08.28-10.52.47:343][176]LogModuleManager: Shutting down and abandoning module AssetTools (67)
[2015.08.28-10.52.47:343][176]LogModuleManager: Shutting down and abandoning module UMGEditor (66)
[2015.08.28-10.52.47:343][176]LogModuleManager: Shutting down and abandoning module UMG (65)
[2015.08.28-10.52.47:343][176]LogModuleManager: Shutting down and abandoning module Slate (64)
[2015.08.28-10.52.47:343][176]LogModuleManager: Shutting down and abandoning module EditorStyle (63)
[2015.08.28-10.52.47:345][176]LogModuleManager: Shutting down and abandoning module SessionServices (62)
[2015.08.28-10.52.47:345][176]LogModuleManager: Shutting down and abandoning module SourceCodeAccess (61)
[2015.08.28-10.52.47:345][176]LogModuleManager: Shutting down and abandoning module HeadMountedDisplay (60)
[2015.08.28-10.52.47:345][176]LogModuleManager: Shutting down and abandoning module XAudio2 (59)
[2015.08.28-10.52.47:345][176]LogModuleManager: Shutting down and abandoning module Networking (57)
[2015.08.28-10.52.47:345][176]LogModuleManager: Shutting down and abandoning module Core (56)
[2015.08.28-10.52.47:345][176]LogModuleManager: Shutting down and abandoning module KismetCompiler (55)
[2015.08.28-10.52.47:345][176]LogModuleManager: Shutting down and abandoning module PhysXFormats (54)
[2015.08.28-10.52.47:345][176]LogModuleManager: Shutting down and abandoning module MeshUtilities (53)
[2015.08.28-10.52.47:345][176]LogModuleManager: Shutting down and abandoning module DerivedDataCache (52)
[2015.08.28-10.52.47:733][176]LogDerivedDataCache: Shutdown
[2015.08.28-10.52.47:733][176]LogModuleManager: Shutting down and abandoning module ShaderFormatOpenGL (51)
[2015.08.28-10.52.47:733][176]LogModuleManager: Shutting down and abandoning module ShaderFormatD3D (50)
[2015.08.28-10.52.47:733][176]LogModuleManager: Shutting down and abandoning module MetalShaderFormat (49)
[2015.08.28-10.52.47:733][176]LogModuleManager: Shutting down and abandoning module TextureFormatUncompressed (48)
[2015.08.28-10.52.47:733][176]LogModuleManager: Shutting down and abandoning module TextureFormatPVR (47)
[2015.08.28-10.52.47:733][176]LogModuleManager: Shutting down and abandoning module TextureFormatIntelISPCTexComp (46)
[2015.08.28-10.52.47:733][176]LogModuleManager: Shutting down and abandoning module TextureFormatDXT (45)
[2015.08.28-10.52.47:733][176]LogModuleManager: Shutting down and abandoning module ImageWrapper (44)
[2015.08.28-10.52.47:733][176]LogModuleManager: Shutting down and abandoning module TextureFormatASTC (43)
[2015.08.28-10.52.47:733][176]LogModuleManager: Shutting down and abandoning module TextureFormatAndroid (42)
[2015.08.28-10.52.47:733][176]LogModuleManager: Shutting down and abandoning module AudioFormatOpus (41)
[2015.08.28-10.52.47:733][176]LogModuleManager: Shutting down and abandoning module AudioFormatOgg (40)
[2015.08.28-10.52.47:733][176]LogModuleManager: Shutting down and abandoning module AudioFormatADPCM (39)
[2015.08.28-10.52.47:733][176]LogModuleManager: Shutting down and abandoning module LinuxTargetPlatform (38)
[2015.08.28-10.52.47:733][176]LogModuleManager: Shutting down and abandoning module LinuxServerTargetPlatform (37)
[2015.08.28-10.52.47:733][176]LogModuleManager: Shutting down and abandoning module LinuxNoEditorTargetPlatform (36)
[2015.08.28-10.52.47:733][176]LogModuleManager: Shutting down and abandoning module Messaging (35)
[2015.08.28-10.52.47:733][176]LogModuleManager: Shutting down and abandoning module IOSTargetPlatform (34)
[2015.08.28-10.52.47:733][176]LogModuleManager: Shutting down and abandoning module HTML5TargetPlatform (33)
[2015.08.28-10.52.47:733][176]LogModuleManager: Shutting down and abandoning module Android_PVRTCTargetPlatform (32)
[2015.08.28-10.52.47:733][176]LogModuleManager: Shutting down and abandoning module Android_ETC2TargetPlatform (31)
[2015.08.28-10.52.47:733][176]LogModuleManager: Shutting down and abandoning module Android_ETC1TargetPlatform (30)
[2015.08.28-10.52.47:733][176]LogModuleManager: Shutting down and abandoning module Android_DXTTargetPlatform (29)
[2015.08.28-10.52.47:733][176]LogModuleManager: Shutting down and abandoning module Android_ATCTargetPlatform (28)
[2015.08.28-10.52.47:733][176]LogModuleManager: Shutting down and abandoning module Android_ASTCTargetPlatform (27)
[2015.08.28-10.52.47:733][176]LogModuleManager: Shutting down and abandoning module AndroidTargetPlatform (26)
[2015.08.28-10.52.47:733][176]LogModuleManager: Shutting down and abandoning module WindowsTargetPlatform (25)
[2015.08.28-10.52.47:733][176]LogModuleManager: Shutting down and abandoning module WindowsServerTargetPlatform (24)
[2015.08.28-10.52.47:733][176]LogModuleManager: Shutting down and abandoning module WindowsNoEditorTargetPlatform (23)
[2015.08.28-10.52.47:733][176]LogModuleManager: Shutting down and abandoning module WindowsClientTargetPlatform (22)
[2015.08.28-10.52.47:733][176]LogModuleManager: Shutting down and abandoning module DesktopTargetPlatform (21)
[2015.08.28-10.52.47:733][176]LogModuleManager: Shutting down and abandoning module TargetPlatform (20)
[2015.08.28-10.52.47:733][176]LogModuleManager: Shutting down and abandoning module InputCore (19)
[2015.08.28-10.52.47:733][176]LogModuleManager: Shutting down and abandoning module Settings (18)
[2015.08.28-10.52.47:733][176]LogModuleManager: Shutting down and abandoning module OnlineSubsystem (16)
[2015.08.28-10.52.47:733][176]LogModuleManager: Shutting down and abandoning module HTTP (15)
[2015.08.28-10.52.47:733][176]LogModuleManager: Shutting down and abandoning module ExampleDeviceProfileSelector (14)
[2015.08.28-10.52.47:733][176]LogModuleManager: Shutting down and abandoning module TextureCompressor (13)
[2015.08.28-10.52.47:733][176]LogModuleManager: Shutting down and abandoning module ShaderCore (12)
[2015.08.28-10.52.47:733][176]LogModuleManager: Shutting down and abandoning module Landscape (11)
[2015.08.28-10.52.47:733][176]LogModuleManager: Shutting down and abandoning module SlateRHIRenderer (10)
[2015.08.28-10.52.47:734][176]LogModuleManager: Shutting down and abandoning module OpenGLDrv (9)
[2015.08.28-10.52.47:734][176]LogModuleManager: Shutting down and abandoning module D3D11RHI (8)
[2015.08.28-10.52.47:734][176]LogModuleManager: Shutting down and abandoning module Renderer (7)
[2015.08.28-10.52.47:734][176]LogModuleManager: Shutting down and abandoning module Engine (6)
[2015.08.28-10.52.47:734][176]LogModuleManager: Shutting down and abandoning module CoreUObject (5)
[2015.08.28-10.52.47:734][176]LogModuleManager: Shutting down and abandoning module NetworkFile (4)
[2015.08.28-10.52.47:734][176]LogModuleManager: Shutting down and abandoning module StreamingFile (3)
[2015.08.28-10.52.47:734][176]LogModuleManager: Shutting down and abandoning module SandboxFile (2)
[2015.08.28-10.52.47:734][176]LogModuleManager: Shutting down and abandoning module PakFile (1)
[2015.08.28-10.52.47:734][176]LogExit: Exiting.
[2015.08.28-10.52.47:736][176]Log file closed, 08/28/15 12:52:47
