[2015.09.23-17.40.12:763][  0]Log file open, 09/23/15 19:40:12
[2015.09.23-17.40.12:763][  0]LogInit:Display: Running engine for game: NotPartofGame
[2015.09.23-17.40.12:763][  0]LogInit:Display: RandInit(-1337759262) SRandInit(-1337759262).
[2015.09.23-17.40.12:763][  0]LogTaskGraph: Started task graph with 4 named threads and 7 total threads.
[2015.09.23-17.40.12:763][  0]LogStats: Stats thread started
[2015.09.23-17.40.12:763][  0]LogInit: Version: 4.8.3-2634408+++depot+UE4-Releases+4.8
[2015.09.23-17.40.12:763][  0]LogInit: API Version: 2579680
[2015.09.23-17.40.12:763][  0]LogInit: Compiled (64-bit): Jul 27 2015 16:24:33
[2015.09.23-17.40.12:763][  0]LogInit: Compiled with Visual C++: 18.00.21005.01
[2015.09.23-17.40.12:763][  0]LogInit: Build Configuration: Development
[2015.09.23-17.40.12:763][  0]LogInit: Branch Name: ++depot+UE4-Releases+4.8
[2015.09.23-17.40.12:763][  0]LogInit: Command line:  /Temp/Autosaves/Game/NPOTG/Maps/UEDPCTesting_Level -game -PIEVIACONSOLE -ResX=1280 -ResY=720  -Multiprocess 
[2015.09.23-17.40.12:763][  0]LogInit: Base directory: C:/Users/Bodoo/Documents/Programmieren/4.8/Engine/Binaries/Win64/
[2015.09.23-17.40.12:763][  0]LogInit: Rocket: 1
[2015.09.23-17.40.12:786][  0]LogInit: Using libcurl 7.41.0
[2015.09.23-17.40.12:786][  0]LogInit:  - built for x86_64-pc-win32
[2015.09.23-17.40.12:786][  0]LogInit:  - supports SSL with WinSSL
[2015.09.23-17.40.12:786][  0]LogInit:  - other features:
[2015.09.23-17.40.12:786][  0]LogInit:      CURL_VERSION_SSL
[2015.09.23-17.40.12:786][  0]LogInit:      CURL_VERSION_IPV6
[2015.09.23-17.40.12:786][  0]LogInit:      CURL_VERSION_ASYNCHDNS
[2015.09.23-17.40.12:786][  0]LogInit:      CURL_VERSION_LARGEFILE
[2015.09.23-17.40.12:786][  0]LogInit:      CURL_VERSION_IDN
[2015.09.23-17.40.12:786][  0]LogInit:  CurlRequestOptions (configurable via config and command line):
[2015.09.23-17.40.12:786][  0]LogInit:  - bVerifyPeer = true  - Libcurl will verify peer certificate
[2015.09.23-17.40.12:786][  0]LogInit:  - bUseHttpProxy = false  - Libcurl will NOT use HTTP proxy
[2015.09.23-17.40.12:786][  0]LogInit:  - bDontReuseConnections = false  - Libcurl will reuse connections
[2015.09.23-17.40.12:786][  0]LogInit:  - CertBundlePath = nullptr  - Libcurl will use whatever was configured at build time.
[2015.09.23-17.40.12:800][  0]LogOnline:Warning: No default platform service specified for OnlineSubsystem
[2015.09.23-17.40.12:815][  0]LogInit: Presizing for 0 objects not considered by GC, pre-allocating 0 bytes.
[2015.09.23-17.40.12:823][  0]LogInit: Object subsystem initialized
[2015.09.23-17.40.12:824][  0]LogConsoleResponse:Warning: Skipping Unknown console variable: 'UIScaleCurve = (EditorCurveData=(Keys=((Time=480.000000,Value=0.444000),(Time=720.000000,Value=0.666000),(Time=1080.000000,Value=1.000000),(Time=8640.000000,Value=8.000000))),ExternalCurve=None)'
[2015.09.23-17.40.12:824][  0]LogConsoleResponse:Warning:   Found in ini file 'C:/Users/Bodoo/Documents/Programmieren/Projekte/NotPartofTheGame/Saved/Config/Windows/Engine.ini', in section '[/Script/Engine.RendererSettings]'
[2015.09.23-17.40.12:825][  0]LogConsoleManager:Warning: Console variable 'r.MSAA.CompositingSampleCount' wasn't set ('Scalability' has a lower priority than 'ProjectSetting')
[2015.09.23-17.40.12:825][  0]LogInit: Selected Device Profile: [Windows]
[2015.09.23-17.40.12:825][  0]LogInit: Applying CVar settings loaded from the selected device profile: [Windows]
[2015.09.23-17.40.12:828][  0]LogInit: Computer: DESKTOP-GLF6O4V
[2015.09.23-17.40.12:828][  0]LogInit: User: Bodoo
[2015.09.23-17.40.12:828][  0]LogInit: CPU Page size=4096, Cores=4
[2015.09.23-17.40.12:828][  0]LogInit: High frequency timer resolution =3.215354 MHz
[2015.09.23-17.40.12:828][  0]LogMemory: Memory total: Physical=12.0GB (12GB approx)
[2015.09.23-17.40.12:828][  0]LogMemory: Platform Memory Stats for Windows
[2015.09.23-17.40.12:828][  0]LogMemory: Process Physical Memory: 51.21 MB used, 51.21 MB peak
[2015.09.23-17.40.12:828][  0]LogMemory: Process Virtual Memory: 22.57 MB used, 22.57 MB peak
[2015.09.23-17.40.12:828][  0]LogMemory: Physical Memory: 2939.23 MB used, 12270.45 MB total
[2015.09.23-17.40.12:828][  0]LogMemory: Virtual Memory: 310.63 MB used, 134217728.00 MB total
[2015.09.23-17.40.12:857][  0]LogTextLocalizationManager: The requested culture ('de_DE') has no localization data; falling back to 'en' for localization and internationalization data.
[2015.09.23-17.40.13:112][  0]LogTextLocalizationManager:Warning: Loaded localization resources contain conflicting entries for (Namespace:ContentBrowser, Key:ImportAssetToolTip):
Localization Resource: (C:/Users/Bodoo/Documents/Programmieren/4.8/Engine/Content/Localization/Editor/en/Editor.locres) Source String Hash: (-630476809) Localized String: (Import to {0}...)
Localization Resource: (C:/Users/Bodoo/Documents/Programmieren/4.8/Engine/Content/Localization/Editor/en/Editor.locres) Source String Hash: (1271782899) Localized String: (Imports an asset from file to this folder.)
[2015.09.23-17.40.13:463][  0]LogD3D11RHI: Found D3D11 adapter 0: AMD Radeon HD 6800 Series (Feature Level 11_0)
[2015.09.23-17.40.13:463][  0]LogD3D11RHI: Adapter has 1011MB of dedicated video memory, 0MB of dedicated system memory, and 3840MB of shared system memory, 1 output[s]
[2015.09.23-17.40.13:464][  0]LogD3D11RHI: Found D3D11 adapter 1: Microsoft Basic Render Driver (Feature Level 11_0)
[2015.09.23-17.40.13:464][  0]LogD3D11RHI: Adapter has 0MB of dedicated video memory, 0MB of dedicated system memory, and 6135MB of shared system memory, 0 output[s]
[2015.09.23-17.40.13:464][  0]LogD3D11RHI: Chosen D3D11 Adapter Id = 0
[2015.09.23-17.40.13:467][  0]LogD3D11RHI: InitD3DDevice
[2015.09.23-17.40.13:467][  0]LogD3D11RHI: !Direct3DDevice
[2015.09.23-17.40.13:467][  0]LogRHI: Texture pool is 708 MB (70% of 1011 MB)
[2015.09.23-17.40.13:474][  0]LogD3D11RHI: Async texture creation disabled: no driver support
[2015.09.23-17.40.13:484][  0]LogShaderCompilers:Display: Using Local Shader Compiler.
[2015.09.23-17.40.14:262][  0]LogTemp:Display: Loaded TP DesktopTargetPlatform
[2015.09.23-17.40.14:276][  0]LogTemp:Display: Loaded TP WindowsClientTargetPlatform
[2015.09.23-17.40.14:290][  0]LogTemp:Display: Loaded TP WindowsNoEditorTargetPlatform
[2015.09.23-17.40.14:304][  0]LogTemp:Display: Loaded TP WindowsServerTargetPlatform
[2015.09.23-17.40.14:320][  0]LogTemp:Display: Loaded TP WindowsTargetPlatform
[2015.09.23-17.40.14:332][  0]LogTemp:Display: Loaded TP AndroidTargetPlatform
[2015.09.23-17.40.14:344][  0]LogTemp:Display: Loaded TP Android_ASTCTargetPlatform
[2015.09.23-17.40.14:356][  0]LogTemp:Display: Loaded TP Android_ATCTargetPlatform
[2015.09.23-17.40.14:369][  0]LogTemp:Display: Loaded TP Android_DXTTargetPlatform
[2015.09.23-17.40.14:381][  0]LogTemp:Display: Loaded TP Android_ETC1TargetPlatform
[2015.09.23-17.40.14:393][  0]LogTemp:Display: Loaded TP Android_ETC2TargetPlatform
[2015.09.23-17.40.14:406][  0]LogTemp:Display: Loaded TP Android_PVRTCTargetPlatform
[2015.09.23-17.40.14:454][  0]LogTemp:Display: Loaded TP IOSTargetPlatform
[2015.09.23-17.40.14:466][  0]LogTemp:Display: Loaded TP LinuxNoEditorTargetPlatform
[2015.09.23-17.40.14:478][  0]LogTemp:Display: Loaded TP LinuxServerTargetPlatform
[2015.09.23-17.40.14:493][  0]LogTemp:Display: Loaded TP LinuxTargetPlatform
[2015.09.23-17.40.14:493][  0]LogTargetPlatformManager:Display: Building Assets For Windows
[2015.09.23-17.40.14:699][  0]LogDerivedDataCache:Display: Max Cache Size: 512 MB
[2015.09.23-17.40.14:768][  0]LogDerivedDataCache: Loaded boot cache 0.07s 53MB C:/Users/Bodoo/AppData/Local/UnrealEngine/4.8/DerivedDataCache/Boot.ddc.
[2015.09.23-17.40.14:768][  0]LogDerivedDataCache:Display: Loaded Boot cache: C:/Users/Bodoo/AppData/Local/UnrealEngine/4.8/DerivedDataCache/Boot.ddc
[2015.09.23-17.40.14:768][  0]LogDerivedDataCache: FDerivedDataBackendGraph:  Pak pak cache file ../../../../Projekte/NotPartofTheGame/DerivedDataCache/DDC.ddp not found, will not use a pak cache.
[2015.09.23-17.40.14:768][  0]LogDerivedDataCache: Unable to find inner node Pak for hierarchical cache Hierarchy.
[2015.09.23-17.40.14:768][  0]LogDerivedDataCache: FDerivedDataBackendGraph:  CompressedPak pak cache file ../../../../Projekte/NotPartofTheGame/DerivedDataCache/Compressed.ddp not found, will not use a pak cache.
[2015.09.23-17.40.14:768][  0]LogDerivedDataCache: Unable to find inner node CompressedPak for hierarchical cache Hierarchy.
[2015.09.23-17.40.14:914][  0]LogDerivedDataCache:Display: Pak cache opened for reading ../../../Engine/DerivedDataCache/Compressed.ddp.
[2015.09.23-17.40.14:926][  0]LogDerivedDataCache: Using Local data cache path C:/Users/Bodoo/AppData/Local/UnrealEngine/Common/DerivedDataCache: Writable
[2015.09.23-17.40.15:161][  0]LogInit: Selected Device Profile: [Windows]
[2015.09.23-17.40.15:247][  0]ImportText (ComponentSweepMultiTests): Missing closing parenthesis: (RootShapeAsset="/Engine/BasicShapes/Cube.Cube",ShapeType="TriggerCapsule",HitResult=(Time=0.50,Location=(X=-100.000015,Y=0.0,Z=100.000015),ImpactPoint=(X=-50.0,Y=0.0,Z=50.0),Normal=(X=-1.0,Y=-0.0,Z=0.0),ImpactNormal=(X=0.0,Y=0.0,Z=1.0),TraceStart=(X=-200.0,Y=0.0,Z=200.0),TraceEnd=(X=0.0,Y=0.0,Z=0.0))
[2015.09.23-17.40.15:248][  0]ImportText (LineTraceSingleByChannelTests): Missing closing parenthesis: (RootShapeAsset="/Engine/BasicShapes/Cube.Cube",HitResult=(Time=0.50,Location=(X=-100.000015,Y=0.0,Z=100.000015),ImpactPoint=(X=-50.0,Y=0.0,Z=50.0),Normal=(X=-1.0,Y=-0.0,Z=0.0),ImpactNormal=(X=0.0,Y=0.0,Z=1.0),TraceStart=(X=-200.0,Y=0.0,Z=200.0),TraceEnd=(X=0.0,Y=0.0,Z=0.0))
[2015.09.23-17.40.15:275][  0]LogMeshUtilities: No automatic mesh reduction module available
[2015.09.23-17.40.15:275][  0]LogMeshUtilities: No automatic mesh merging module available
[2015.09.23-17.40.15:566][  0]LogInit: WinSock: version 1.1 (2.2), MaxSocks=32767, MaxUdp=65467
[2015.09.23-17.40.16:005][  0]LogD3D11RHI: InitD3DDevice
[2015.09.23-17.40.16:009][  0]LogWindowsMoviePlayer: Unable to load movie: ../../../../Projekte/NotPartofTheGame/Content/Movies/Default_Startup.mp4
[2015.09.23-17.40.16:148][  0]LogAssetRegistry: FAssetRegistry took 0.0001 seconds to start up
[2015.09.23-17.40.16:192][  0]SourceControl: Info Source control is disabled
[2015.09.23-17.40.16:192][  0]SourceControl: Info Source control is disabled
[2015.09.23-17.40.16:201][  0]SourceControl: Info Source control is disabled
[2015.09.23-17.40.16:381][  0]LogObj: 25913 objects as part of root set at end of initial load.
[2015.09.23-17.40.16:382][  0]LogUObjectAllocator: 5218488 out of 0 bytes used by permanent object pool.
[2015.09.23-17.40.16:449][  0]LogAutomationTest:Warning: ERR: Transient text cannot be serialized "Testing Transient serialization detection".
[2015.09.23-17.40.16:449][  0]LogEngine: Initializing Engine...
[2015.09.23-17.40.16:451][  0]LogHMD: Can't find Oculus library dev build: is proper Runtime installed? Version: 0.6.0.0
[2015.09.23-17.40.16:452][  0]LogHMD:Warning: SteamVR failed to initialize.  Error: 110
[2015.09.23-17.40.16:541][  0]LogInit: XAudio2 using 'Lautsprecher (Realtek High Definition Audio)' : 2 channels at 48 kHz using 32 bits per sample (channel mask 0x3)
[2015.09.23-17.40.16:550][  0]LogInit: FAudioDevice initialized.
[2015.09.23-17.40.16:561][  0]LogInit: Texture streaming: Disabled
[2015.09.23-17.40.16:623][  0]LogNet: Browse: /Temp/Autosaves/Game/NPOTG/Maps/UEDPCTesting_Level?Name=Player
[2015.09.23-17.40.16:624][  0]LogLoad: LoadMap: /Temp/Autosaves/Game/NPOTG/Maps/UEDPCTesting_Level?Name=Player
[2015.09.23-17.40.16:634][  0]LogParticles: Destroying 0 GPU particle simulations for FXSystem 0x0000006666937560
[2015.09.23-17.40.16:643][  0]LogMemory: Platform Memory Stats for Windows
[2015.09.23-17.40.16:643][  0]LogMemory: Process Physical Memory: 337.57 MB used, 337.57 MB peak
[2015.09.23-17.40.16:643][  0]LogMemory: Process Virtual Memory: 373.87 MB used, 373.87 MB peak
[2015.09.23-17.40.16:643][  0]LogMemory: Physical Memory: 3180.68 MB used, 12270.45 MB total
[2015.09.23-17.40.16:643][  0]LogMemory: Virtual Memory: 895.87 MB used, 134217728.00 MB total
[2015.09.23-17.40.16:643][  0]LogMemory: 
[2015.09.23-17.40.16:643][  0]Allocator Stats for TBB: (not implemented)
[2015.09.23-17.40.16:931][  0]LogProperty:Warning: ERR: Transient text cannot be serialized "ReturnValue Z".
[2015.09.23-17.40.16:931][  0]LogProperty:Warning: ERR: Transient text cannot be serialized "ReturnValue Y".
[2015.09.23-17.40.16:931][  0]LogProperty:Warning: ERR: Transient text cannot be serialized "ReturnValue X".
[2015.09.23-17.40.17:102][  0]LogProperty:Warning: ERR: Transient text cannot be serialized "ReturnValue Z".
[2015.09.23-17.40.17:102][  0]LogProperty:Warning: ERR: Transient text cannot be serialized "ReturnValue Y".
[2015.09.23-17.40.17:102][  0]LogProperty:Warning: ERR: Transient text cannot be serialized "ReturnValue X".
[2015.09.23-17.40.17:204][  0]LogProperty:Warning: ERR: Transient text cannot be serialized "ReturnValue Z".
[2015.09.23-17.40.17:204][  0]LogProperty:Warning: ERR: Transient text cannot be serialized "ReturnValue Y".
[2015.09.23-17.40.17:204][  0]LogProperty:Warning: ERR: Transient text cannot be serialized "ReturnValue X".
[2015.09.23-17.40.17:264][  0]LogProperty:Warning: ERR: Transient text cannot be serialized "ReturnValue Z".
[2015.09.23-17.40.17:264][  0]LogProperty:Warning: ERR: Transient text cannot be serialized "ReturnValue Y".
[2015.09.23-17.40.17:264][  0]LogProperty:Warning: ERR: Transient text cannot be serialized "ReturnValue X".
[2015.09.23-17.40.17:644][  0]LogProperty:Warning: ERR: Transient text cannot be serialized "NewRotation Roll".
[2015.09.23-17.40.17:644][  0]LogProperty:Warning: ERR: Transient text cannot be serialized "NewRotation Yaw".
[2015.09.23-17.40.17:644][  0]LogProperty:Warning: ERR: Transient text cannot be serialized "NewRotation Pitch".
[2015.09.23-17.40.17:644][  0]LogProperty:Warning: ERR: Transient text cannot be serialized "NewRotation Roll".
[2015.09.23-17.40.17:644][  0]LogProperty:Warning: ERR: Transient text cannot be serialized "NewRotation Yaw".
[2015.09.23-17.40.17:644][  0]LogProperty:Warning: ERR: Transient text cannot be serialized "NewRotation Pitch".
[2015.09.23-17.40.17:649][  0]LogProperty:Warning: ERR: Transient text cannot be serialized "ReturnValue Z".
[2015.09.23-17.40.17:649][  0]LogProperty:Warning: ERR: Transient text cannot be serialized "ReturnValue Y".
[2015.09.23-17.40.17:649][  0]LogProperty:Warning: ERR: Transient text cannot be serialized "ReturnValue X".
[2015.09.23-17.40.17:652][  0]LogProperty:Warning: ERR: Transient text cannot be serialized "NewLocation Z".
[2015.09.23-17.40.17:652][  0]LogProperty:Warning: ERR: Transient text cannot be serialized "NewLocation Y".
[2015.09.23-17.40.17:652][  0]LogProperty:Warning: ERR: Transient text cannot be serialized "NewLocation X".
[2015.09.23-17.40.17:717][  0]LogProperty:Warning: ERR: Transient text cannot be serialized "NewRotation Roll".
[2015.09.23-17.40.17:717][  0]LogProperty:Warning: ERR: Transient text cannot be serialized "NewRotation Yaw".
[2015.09.23-17.40.17:717][  0]LogProperty:Warning: ERR: Transient text cannot be serialized "NewRotation Pitch".
[2015.09.23-17.40.17:717][  0]LogProperty:Warning: ERR: Transient text cannot be serialized "NewRotation Roll".
[2015.09.23-17.40.17:717][  0]LogProperty:Warning: ERR: Transient text cannot be serialized "NewRotation Yaw".
[2015.09.23-17.40.17:717][  0]LogProperty:Warning: ERR: Transient text cannot be serialized "NewRotation Pitch".
[2015.09.23-17.40.17:722][  0]LogProperty:Warning: ERR: Transient text cannot be serialized "ReturnValue Z".
[2015.09.23-17.40.17:722][  0]LogProperty:Warning: ERR: Transient text cannot be serialized "ReturnValue Y".
[2015.09.23-17.40.17:722][  0]LogProperty:Warning: ERR: Transient text cannot be serialized "ReturnValue X".
[2015.09.23-17.40.17:725][  0]LogProperty:Warning: ERR: Transient text cannot be serialized "NewLocation Z".
[2015.09.23-17.40.17:725][  0]LogProperty:Warning: ERR: Transient text cannot be serialized "NewLocation Y".
[2015.09.23-17.40.17:725][  0]LogProperty:Warning: ERR: Transient text cannot be serialized "NewLocation X".
[2015.09.23-17.40.18:935][  0]LogAIModule: Creating AISystem for world Testing_Level
[2015.09.23-17.40.18:935][  0]LogWorld: Game class is '2DSideScrollerGameMode_C'
[2015.09.23-17.40.19:023][  0]LogWorld: Bringing World /Temp/Autosaves/Game/NPOTG/Maps/UEDPCTesting_Level.Testing_Level up for play (max tick rate 0) at 2015.09.23-19.40.19
[2015.09.23-17.40.19:040][  0]LogWorld: Bringing up level for play took: 0.102229
[2015.09.23-17.40.19:044][  0]LogInit:Display: Game Engine Initialized.
[2015.09.23-17.40.19:269][  0]LogLoad: Full Startup: 8.07 seconds (BP compile: 1.17 seconds)
[2015.09.23-17.40.19:286][  0]LogWindowsTextInputMethodSystem:Display: IME system now deactivated.
[2015.09.23-17.40.19:286][  0]LogWindowsTextInputMethodSystem:Display: IME system now deactivated.
[2015.09.23-17.40.19:289][  0]LogContentStreaming: Texture pool size is 1000.000000MB
[2015.09.23-17.40.19:414][  0]LogRenderer: Reallocating scene render targets to support 1280x720 (Frame:2).
[2015.09.23-17.40.19:538][  1]LogScript:Warning: Accessed None 'PointA'
	wolf_C /Temp/Autosaves/Game/NPOTG/Maps/UEDPCTesting_Level.Testing_Level:PersistentLevel.wolf_C_6
	Function /Game/NPOTG/Blueprints/Charaktere/wolf.wolf_C:ExecuteUbergraph_wolf:007F
[2015.09.23-17.40.19:538][  1]LogScript:Warning: Accessed None 'PointB'
	wolf_C /Temp/Autosaves/Game/NPOTG/Maps/UEDPCTesting_Level.Testing_Level:PersistentLevel.wolf_C_6
	Function /Game/NPOTG/Blueprints/Charaktere/wolf.wolf_C:ExecuteUbergraph_wolf:00AA
[2015.09.23-17.40.19:553][  2]LogScript:Warning: Accessed None 'PointA'
	wolf_C /Temp/Autosaves/Game/NPOTG/Maps/UEDPCTesting_Level.Testing_Level:PersistentLevel.wolf_C_6
	Function /Game/NPOTG/Blueprints/Charaktere/wolf.wolf_C:ExecuteUbergraph_wolf:007F
[2015.09.23-17.40.19:553][  2]LogScript:Warning: Accessed None 'PointB'
	wolf_C /Temp/Autosaves/Game/NPOTG/Maps/UEDPCTesting_Level.Testing_Level:PersistentLevel.wolf_C_6
	Function /Game/NPOTG/Blueprints/Charaktere/wolf.wolf_C:ExecuteUbergraph_wolf:00AA
[2015.09.23-17.40.19:571][  3]LogScript:Warning: Accessed None 'PointA'
	wolf_C /Temp/Autosaves/Game/NPOTG/Maps/UEDPCTesting_Level.Testing_Level:PersistentLevel.wolf_C_6
	Function /Game/NPOTG/Blueprints/Charaktere/wolf.wolf_C:ExecuteUbergraph_wolf:007F
[2015.09.23-17.40.19:571][  3]LogScript:Warning: Accessed None 'PointB'
	wolf_C /Temp/Autosaves/Game/NPOTG/Maps/UEDPCTesting_Level.Testing_Level:PersistentLevel.wolf_C_6
	Function /Game/NPOTG/Blueprints/Charaktere/wolf.wolf_C:ExecuteUbergraph_wolf:00AA
[2015.09.23-17.40.19:587][  4]LogScript:Warning: Accessed None 'PointA'
	wolf_C /Temp/Autosaves/Game/NPOTG/Maps/UEDPCTesting_Level.Testing_Level:PersistentLevel.wolf_C_6
	Function /Game/NPOTG/Blueprints/Charaktere/wolf.wolf_C:ExecuteUbergraph_wolf:007F
[2015.09.23-17.40.19:587][  4]LogScript:Warning: Accessed None 'PointB'
	wolf_C /Temp/Autosaves/Game/NPOTG/Maps/UEDPCTesting_Level.Testing_Level:PersistentLevel.wolf_C_6
	Function /Game/NPOTG/Blueprints/Charaktere/wolf.wolf_C:ExecuteUbergraph_wolf:00AA
[2015.09.23-17.40.19:603][  5]LogScript:Warning: Accessed None 'PointA'
	wolf_C /Temp/Autosaves/Game/NPOTG/Maps/UEDPCTesting_Level.Testing_Level:PersistentLevel.wolf_C_6
	Function /Game/NPOTG/Blueprints/Charaktere/wolf.wolf_C:ExecuteUbergraph_wolf:007F
[2015.09.23-17.40.19:603][  5]LogScript:Warning: Accessed None 'PointB'
	wolf_C /Temp/Autosaves/Game/NPOTG/Maps/UEDPCTesting_Level.Testing_Level:PersistentLevel.wolf_C_6
	Function /Game/NPOTG/Blueprints/Charaktere/wolf.wolf_C:ExecuteUbergraph_wolf:00AA
[2015.09.23-17.40.19:619][  6]LogScript:Warning: Accessed None 'PointA'
	wolf_C /Temp/Autosaves/Game/NPOTG/Maps/UEDPCTesting_Level.Testing_Level:PersistentLevel.wolf_C_6
	Function /Game/NPOTG/Blueprints/Charaktere/wolf.wolf_C:ExecuteUbergraph_wolf:007F
[2015.09.23-17.40.19:619][  6]LogScript:Warning: Accessed None 'PointB'
	wolf_C /Temp/Autosaves/Game/NPOTG/Maps/UEDPCTesting_Level.Testing_Level:PersistentLevel.wolf_C_6
	Function /Game/NPOTG/Blueprints/Charaktere/wolf.wolf_C:ExecuteUbergraph_wolf:00AA
[2015.09.23-17.40.19:635][  7]LogScript:Warning: Accessed None 'PointA'
	wolf_C /Temp/Autosaves/Game/NPOTG/Maps/UEDPCTesting_Level.Testing_Level:PersistentLevel.wolf_C_6
	Function /Game/NPOTG/Blueprints/Charaktere/wolf.wolf_C:ExecuteUbergraph_wolf:007F
[2015.09.23-17.40.19:636][  7]LogScript:Warning: Accessed None 'PointB'
	wolf_C /Temp/Autosaves/Game/NPOTG/Maps/UEDPCTesting_Level.Testing_Level:PersistentLevel.wolf_C_6
	Function /Game/NPOTG/Blueprints/Charaktere/wolf.wolf_C:ExecuteUbergraph_wolf:00AA
[2015.09.23-17.40.19:652][  8]LogScript:Warning: Accessed None 'PointA'
	wolf_C /Temp/Autosaves/Game/NPOTG/Maps/UEDPCTesting_Level.Testing_Level:PersistentLevel.wolf_C_6
	Function /Game/NPOTG/Blueprints/Charaktere/wolf.wolf_C:ExecuteUbergraph_wolf:007F
[2015.09.23-17.40.19:652][  8]LogScript:Warning: Accessed None 'PointB'
	wolf_C /Temp/Autosaves/Game/NPOTG/Maps/UEDPCTesting_Level.Testing_Level:PersistentLevel.wolf_C_6
	Function /Game/NPOTG/Blueprints/Charaktere/wolf.wolf_C:ExecuteUbergraph_wolf:00AA
[2015.09.23-17.40.19:668][  9]LogScript:Warning: Accessed None 'PointA'
	wolf_C /Temp/Autosaves/Game/NPOTG/Maps/UEDPCTesting_Level.Testing_Level:PersistentLevel.wolf_C_6
	Function /Game/NPOTG/Blueprints/Charaktere/wolf.wolf_C:ExecuteUbergraph_wolf:007F
[2015.09.23-17.40.49:260][843]LogScriptCore: Script call stack:
	Function /Game/NPOTG/Blueprints/Charaktere/wolf.wolf_C:BndEvt__see cone_K2Node_ComponentBoundEvent_90_ComponentBeginOverlapSignature__DelegateSignature
	Function /Game/NPOTG/Blueprints/Charaktere/wolf.wolf_C:ExecuteUbergraph_wolf
	Function /Game/NPOTG/Blueprints/Charaktere/wolf.wolf_C:start the fight
	Function /Game/NPOTG/Blueprints/Charaktere/wolf.wolf_C:construct fight
	Function /Game/NPOTG/Blueprints/Charaktere/wolf.wolf_C:start the fight
	Function /Game/NPOTG/Blueprints/Charaktere/wolf.wolf_C:construct fight
	Function /Game/NPOTG/Blueprints/Charaktere/wolf.wolf_C:start the fight
	Function /Game/NPOTG/Blueprints/Charaktere/wolf.wolf_C:construct fight
	Function /Game/NPOTG/Blueprints/Charaktere/wolf.wolf_C:start the fight
	Function /Game/NPOTG/Blueprints/Charaktere/wolf.wolf_C:construct fight
	Function /Game/NPOTG/Blueprints/Charaktere/wolf.wolf_C:start the fight
	Function /Game/NPOTG/Blueprints/Charaktere/wolf.wolf_C:construct fight
	Function /Game/NPOTG/Blueprints/Charaktere/wolf.wolf_C:start the fight
	Function /Game/NPOTG/Blueprints/Charaktere/wolf.wolf_C:construct fight
	Function /Game/NPOTG/Blueprints/Charaktere/wolf.wolf_C:start the fight
	Function /Game/NPOTG/Blueprints/Charaktere/wolf.wolf_C:construct fight
	Function /Game/NPOTG/Blueprints/Charaktere/wolf.wolf_C:start the fight
	Function /Game/NPOTG/Blueprints/Charaktere/wolf.wolf_C:construct fight
	Function /Game/NPOTG/Blueprints/Charaktere/wolf.wolf_C:start the fight
	Function /Game/NPOTG/Blueprints/Charaktere/wolf.wolf_C:construct fight
	Function /Game/NPOTG/Blueprints/Charaktere/wolf.wolf_C:start the fight
	Function /Game/NPOTG/Blueprints/Charaktere/wolf.wolf_C:construct fight
	Function /Game/NPOTG/Blueprints/Charaktere/wolf.wolf_C:start the fight
	Function /Game/NPOTG/Blueprints/Charaktere/wolf.wolf_C:construct fight
	Function /Game/NPOTG/Blueprints/Charaktere/wolf.wolf_C:start the fight
	Function /Game/NPOTG/Blueprints/Charaktere/wolf.wolf_C:construct fight
	Function /Game/NPOTG/Blueprints/Charaktere/wolf.wolf_C:start the fight
	Function /Game/NPOTG/Blueprints/Charaktere/wolf.wolf_C:construct fight
	Function /Game/NPOTG/Blueprints/Charaktere/wolf.wolf_C:start the fight
	Function /Game/NPOTG/Blueprints/Charaktere/wolf.wolf_C:construct fight
	Function /Game/NPOTG/Blueprints/Charaktere/wolf.wolf_C:start the fight
	Function /Game/NPOTG/Blueprints/Charaktere/wolf.wolf_C:construct fight
	Function /Game/NPOTG/Blueprints/Charaktere/wolf.wolf_C:start the fight
	Function /Game/NPOTG/Blueprints/Charaktere/wolf.wolf_C:construct fight
	Function /Game/NPOTG/Blueprints/Charaktere/wolf.wolf_C:start the fight
	Function /Game/NPOTG/Blueprints/Charaktere/wolf.wolf_C:construct fight
	Function /Game/NPOTG/Blueprints/Charaktere/wolf.wolf_C:start the fight
	Function /Game/NPOTG/Blueprints/Charaktere/wolf.wolf_C:construct fight
	Function /Game/NPOTG/Blueprints/Charaktere/wolf.wolf_C:start the fight
	Function /Game/NPOTG/Blueprints/Charaktere/wolf.wolf_C:construct fight
	Function /Game/NPOTG/Blueprints/Charaktere/wolf.wolf_C:start the fight
	Function /Game/NPOTG/Blueprints/Charaktere/wolf.wolf_C:construct fight
	Function /Game/NPOTG/Blueprints/Charaktere/wolf.wolf_C:start the fight
	Function /Game/NPOTG/Blueprints/Charaktere/wolf.wolf_C:construct fight
	Function /Game/NPOTG/Blueprints/Charaktere/wolf.wolf_C:start the fight
	Function /Game/NPOTG/Blueprints/Charaktere/wolf.wolf_C:construct fight
	Function /Game/NPOTG/Blueprints/Charaktere/wolf.wolf_C:start the fight
	Function /Game/NPOTG/Blueprints/Charaktere/wolf.wolf_C:construct fight
	Function /Game/NPOTG/Blueprints/Charaktere/wolf.wolf_C:start the fight
	Function /Game/NPOTG/Blueprints/Charaktere/wolf.wolf_C:construct fight
	Function /Game/NPOTG/Blueprints/Charaktere/wolf.wolf_C:start the fight
	Function /Game/NPOTG/Blueprints/Charaktere/wolf.wolf_C:construct fight
	Function /Game/NPOTG/Blueprints/Charaktere/wolf.wolf_C:start the fight
	Function /Game/NPOTG/Blueprints/Charaktere/wolf.wolf_C:construct fight
	Function /Game/NPOTG/Blueprints/Charaktere/wolf.wolf_C:start the fight
	Function /Game/NPOTG/Blueprints/Charaktere/wolf.wolf_C:construct fight
	Function /Game/NPOTG/Blueprints/Charaktere/wolf.wolf_C:start the fight
	Function /Game/NPOTG/Blueprints/Charaktere/wolf.wolf_C:construct fight
	Function /Game/NPOTG/Blueprints/Charaktere/wolf.wolf_C:start the fight
	Function /Game/NPOTG/Blueprints/Charaktere/wolf.wolf_C:construct fight
	Function /Game/NPOTG/Blueprints/Charaktere/wolf.wolf_C:start the fight
	Function /Game/NPOTG/Blueprints/Charaktere/wolf.wolf_C:construct fight
	Function /Game/NPOTG/Blueprints/Charaktere/wolf.wolf_C:start the fight
	Function /Game/NPOTG/Blueprints/Charaktere/wolf.wolf_C:construct fight
	Function /Game/NPOTG/Blueprints/Charaktere/wolf.wolf_C:start the fight
	Function /Game/NPOTG/Blueprints/Charaktere/wolf.wolf_C:construct fight
	Function /Game/NPOTG/Blueprints/Charaktere/wolf.wolf_C:start the fight
	Function /Game/NPOTG/Blueprints/Charaktere/wolf.wolf_C:construct fight
	Function /Game/NPOTG/Blueprints/Charaktere/wolf.wolf_C:start the fight
	Function /Game/NPOTG/Blueprints/Charaktere/wolf.wolf_C:construct fight
	Function /Game/NPOTG/Blueprints/Charaktere/wolf.wolf_C:start the fight
	Function /Game/NPOTG/Blueprints/Charaktere/wolf.wolf_C:construct fight
	Function /Game/NPOTG/Blueprints/Charaktere/wolf.wolf_C:start the fight
	Function /Game/NPOTG/Blueprints/Charaktere/wolf.wolf_C:construct fight
	Function /Game/NPOTG/Blueprints/Charaktere/wolf.wolf_C:start the fight
	Function /Game/NPOTG/Blueprints/Charaktere/wolf.wolf_C:construct fight
	Function /Game/NPOTG/Blueprints/Charaktere/wolf.wolf_C:start the fight
	Function /Game/NPOTG/Blueprints/Charaktere/wolf.wolf_C:construct fight
	Function /Game/NPOTG/Blueprints/Charaktere/wolf.wolf_C:start the fight
	Function /Game/NPOTG/Blueprints/Charaktere/wolf.wolf_C:construct fight
	Function /Game/NPOTG/Blueprints/Charaktere/wolf.wolf_C:start the fight
	Function /Game/NPOTG/Blueprints/Charaktere/wolf.wolf_C:construct fight
	Function /Game/NPOTG/Blueprints/Charaktere/wolf.wolf_C:start the fight
	Function /Game/NPOTG/Blueprints/Charaktere/wolf.wolf_C:construct fight
	Function /Game/NPOTG/Blueprints/Charaktere/wolf.wolf_C:start the fight
	Function /Game/NPOTG/Blueprints/Charaktere/wolf.wolf_C:construct fight
	Function /Game/NPOTG/Blueprints/Charaktere/wolf.wolf_C:start the fight
	Function /Game/NPOTG/Blueprints/Charaktere/wolf.wolf_C:construct fight
	Function /Game/NPOTG/Blueprints/Charaktere/wolf.wolf_C:start the fight
	Function /Game/NPOTG/Blueprints/Charaktere/wolf.wolf_C:construct fight
	Function /Game/NPOTG/Blueprints/Charaktere/wolf.wolf_C:start the fight
	Function /Game/NPOTG/Blueprints/Charaktere/wolf.wolf_C:construct fight
	Function /Game/NPOTG/Blueprints/Charaktere/wolf.wolf_C:start the fight
	Function /Game/NPOTG/Blueprints/Charaktere/wolf.wolf_C:construct fight
	Function /Game/NPOTG/Blueprints/Charaktere/wolf.wolf_C:start the fight
	Function /Game/NPOTG/Blueprints/Charaktere/wolf.wolf_C:construct fight
	Function /Game/NPOTG/Blueprints/Charaktere/wolf.wolf_C:start the fight
	Function /Game/NPOTG/Blueprints/Charaktere/wolf.wolf_C:construct fight
	Function /Game/NPOTG/Blueprints/Charaktere/wolf.wolf_C:start the fight
	Function /Game/NPOTG/Blueprints/Charaktere/wolf.wolf_C:construct fight
	Function /Game/NPOTG/Blueprints/Charaktere/wolf.wolf_C:start the fight
	Function /Game/NPOTG/Blueprints/Charaktere/wolf.wolf_C:construct fight
	Function /Game/NPOTG/Blueprints/Charaktere/wolf.wolf_C:start the fight
	Function /Game/NPOTG/Blueprints/Charaktere/wolf.wolf_C:construct fight
	Function /Game/NPOTG/Blueprints/Charaktere/wolf.wolf_C:start the fight
	Function /Game/NPOTG/Blueprints/Charaktere/wolf.wolf_C:construct fight
	Function /Game/NPOTG/Blueprints/Charaktere/wolf.wolf_C:start the fight
	Function /Game/NPOTG/Blueprints/Charaktere/wolf.wolf_C:construct fight
	Function /Game/NPOTG/Blueprints/Charaktere/wolf.wolf_C:start the fight
	Function /Game/NPOTG/Blueprints/Charaktere/wolf.wolf_C:construct fight
	Function /Game/NPOTG/Blueprints/Charaktere/wolf.wolf_C:start the fight
	Function /Game/NPOTG/Blueprints/Charaktere/wolf.wolf_C:construct fight
	Function /Game/NPOTG/Blueprints/Charaktere/wolf.wolf_C:start the fight
	Function /Game/NPOTG/Blueprints/Charaktere/wolf.wolf_C:construct fight
	Function /Game/NPOTG/Blueprints/Charaktere/wolf.wolf_C:start the fight
	Function /Game/NPOTG/Blueprints/Charaktere/wolf.wolf_C:construct fight
	Function /Game/NPOTG/Blueprints/Charaktere/wolf.wolf_C:start the fight
	Function /Game/NPOTG/Blueprints/Charaktere/wolf.wolf_C:construct fight
	Function /Game/NPOTG/Blueprints/Charaktere/wolf.wolf_C:start the fight
	Function /Game/NPOTG/Blueprints/Charaktere/wolf.wolf_C:construct fight
	Function /Game/NPOTG/Blueprints/Charaktere/wolf.wolf_C:start the fight
	Function /Game/NPOTG/Blueprints/Charaktere/wolf.wolf_C:construct fight
	Function /Game/NPOTG/Blueprints/Charaktere/wolf.wolf_C:start the fight
	Function /Game/NPOTG/Blueprints/Charaktere/wolf.wolf_C:construct fight
	Function /Game/NPOTG/Blueprints/Charaktere/wolf.wolf_C:start the fight
	Function /Game/NPOTG/Blueprints/Charaktere/wolf.wolf_C:construct fight
	Function /Game/NPOTG/Blueprints/Charaktere/wolf.wolf_C:start the fight
	Function /Game/NPOTG/Blueprints/Charaktere/wolf.wolf_C:construct fight
	Function /Game/NPOTG/Blueprints/Charaktere/wolf.wolf_C:start the fight
	Function /Game/NPOTG/Blueprints/Charaktere/wolf.wolf_C:construct fight
	Function /Game/NPOTG/Blueprints/Charaktere/wolf.wolf_C:start the fight
	Function /Game/NPOTG/Blueprints/Charaktere/wolf.wolf_C:construct fight
	Function /Game/NPOTG/Blueprints/Charaktere/wolf.wolf_C:start the fight
	Function /Game/NPOTG/Blueprints/Charaktere/wolf.wolf_C:construct fight
	Function /Game/NPOTG/Blueprints/Charaktere/wolf.wolf_C:start the fight
	Function /Game/NPOTG/Blueprints/Charaktere/wolf.wolf_C:construct fight
	Function /Game/NPOTG/Blueprints/Charaktere/wolf.wolf_C:start the fight
	Function /Game/NPOTG/Blueprints/Charaktere/wolf.wolf_C:construct fight
	Function /Game/NPOTG/Blueprints/Charaktere/wolf.wolf_C:start the fight
	Function /Game/NPOTG/Blueprints/Charaktere/wolf.wolf_C:construct fight
	Function /Game/NPOTG/Blueprints/Charaktere/wolf.wolf_C:start the fight
	Function /Game/NPOTG/Blueprints/Charaktere/wolf.wolf_C:construct fight
	Function /Game/NPOTG/Blueprints/Charaktere/wolf.wolf_C:start the fight
	Function /Game/NPOTG/Blueprints/Charaktere/wolf.wolf_C:construct fight
	Function /Game/NPOTG/Blueprints/Charaktere/wolf.wolf_C:start the fight
	Function /Game/NPOTG/Blueprints/Charaktere/wolf.wolf_C:construct fight
	Function /Game/NPOTG/Blueprints/Charaktere/wolf.wolf_C:start the fight
	Function /Game/NPOTG/Blueprints/Charaktere/wolf.wolf_C:construct fight
	Function /Game/NPOTG/Blueprints/Charaktere/wolf.wolf_C:start the fight
	Function /Game/NPOTG/Blueprints/Charaktere/wolf.wolf_C:construct fight
	Function /Game/NPOTG/Blueprints/Charaktere/wolf.wolf_C:start the fight
	Function /Game/NPOTG/Blueprints/Charaktere/wolf.wolf_C:construct fight
	Function /Game/NPOTG/Blueprints/Charaktere/wolf.wolf_C:start the fight
	Function /Game/NPOTG/Blueprints/Charaktere/wolf.wolf_C:construct fight
	Function /Game/NPOTG/Blueprints/Charaktere/wolf.wolf_C:start the fight
	Function /Game/NPOTG/Blueprints/Charaktere/wolf.wolf_C:construct fight
	Function /Game/NPOTG/Blueprints/Charaktere/wolf.wolf_C:start the fight
	Function /Game/NPOTG/Blueprints/Charaktere/wolf.wolf_C:construct fight
	Function /Game/NPOTG/Blueprints/Charaktere/wolf.wolf_C:start the fight
	Function /Game/NPOTG/Blueprints/Charaktere/wolf.wolf_C:construct fight
	Function /Game/NPOTG/Blueprints/Charaktere/wolf.wolf_C:start the fight
	Function /Game/NPOTG/Blueprints/Charaktere/wolf.wolf_C:construct fight
	Function /Game/NPOTG/Blueprints/Charaktere/wolf.wolf_C:start the fight
	Function /Game/NPOTG/Blueprints/Charaktere/wolf.wolf_C:construct fight
	Function /Game/NPOTG/Blueprints/Charaktere/wolf.wolf_C:start the fight
	Function /Game/NPOTG/Blueprints/Charaktere/wolf.wolf_C:construct fight
	Function /Game/NPOTG/Blueprints/Charaktere/wolf.wolf_C:start the fight
	Function /Game/NPOTG/Blueprints/Charaktere/wolf.wolf_C:construct fight
	Function /Game/NPOTG/Blueprints/Charaktere/wolf.wolf_C:start the fight
	Function /Game/NPOTG/Blueprints/Charaktere/wolf.wolf_C:construct fight
	Function /Game/NPOTG/Blueprints/Charaktere/wolf.wolf_C:start the fight
	Function /Game/NPOTG/Blueprints/Charaktere/wolf.wolf_C:construct fight
	Function /Game/NPOTG/Blueprints/Charaktere/wolf.wolf_C:start the fight
	Function /Game/NPOTG/Blueprints/Charaktere/wolf.wolf_C:construct fight
	Function /Game/NPOTG/Blueprints/Charaktere/wolf.wolf_C:start the fight
	Function /Game/NPOTG/Blueprints/Charaktere/wolf.wolf_C:construct fight
	Function /Game/NPOTG/Blueprints/Charaktere/wolf.wolf_C:start the fight
	Function /Game/NPOTG/Blueprints/Charaktere/wolf.wolf_C:construct fight
	Function /Game/NPOTG/Blueprints/Charaktere/wolf.wolf_C:start the fight
	Function /Game/NPOTG/Blueprints/Charaktere/wolf.wolf_C:construct fight
	Function /Game/NPOTG/Blueprints/Charaktere/wolf.wolf_C:start the fight
	Function /Game/NPOTG/Blueprints/Charaktere/wolf.wolf_C:construct fight
	Function /Game/NPOTG/Blueprints/Charaktere/wolf.wolf_C:start the fight
	Function /Game/NPOTG/Blueprints/Charaktere/wolf.wolf_C:construct fight
	Function /Game/NPOTG/Blueprints/Charaktere/wolf.wolf_C:start the fight
	Function /Game/NPOTG/Blueprints/Charaktere/wolf.wolf_C:construct fight
	Function /Game/NPOTG/Blueprints/Charaktere/wolf.wolf_C:start the fight
	Function /Game/NPOTG/Blueprints/Charaktere/wolf.wolf_C:construct fight
	Function /Game/NPOTG/Blueprints/Charaktere/wolf.wolf_C:start the fight
	Function /Game/NPOTG/Blueprints/Charaktere/wolf.wolf_C:construct fight
	Function /Game/NPOTG/Blueprints/Charaktere/wolf.wolf_C:start the fight
	Function /Game/NPOTG/Blueprints/Charaktere/wolf.wolf_C:construct fight
	Function /Game/NPOTG/Blueprints/Charaktere/wolf.wolf_C:start the fight
	Function /Game/NPOTG/Blueprints/Charaktere/wolf.wolf_C:construct fight
	Function /Game/NPOTG/Blueprints/Charaktere/wolf.wolf_C:start the fight
	Function /Game/NPOTG/Blueprints/Charaktere/wolf.wolf_C:construct fight
	Function /Game/NPOTG/Blueprints/Charaktere/wolf.wolf_C:start the fight
	Function /Game/NPOTG/Blueprints/Charaktere/wolf.wolf_C:construct fight
	Function /Game/NPOTG/Blueprints/Charaktere/wolf.wolf_C:start the fight
	Function /Game/NPOTG/Blueprints/Charaktere/wolf.wolf_C:construct fight
	Function /Game/NPOTG/Blueprints/Charaktere/wolf.wolf_C:start the fight
	Function /Game/NPOTG/Blueprints/Charaktere/wolf.wolf_C:construct fight
	Function /Game/NPOTG/Blueprints/Charaktere/wolf.wolf_C:start the fight
	Function /Game/NPOTG/Blueprints/Charaktere/wolf.wolf_C:construct fight
	Function /Game/NPOTG/Blueprints/Charaktere/wolf.wolf_C:start the fight
	Function /Game/NPOTG/Blueprints/Charaktere/wolf.wolf_C:construct fight
	Function /Game/NPOTG/Blueprints/Charaktere/wolf.wolf_C:start the fight
	Function /Game/NPOTG/Blueprints/Charaktere/wolf.wolf_C:construct fight
	Function /Game/NPOTG/Blueprints/Charaktere/wolf.wolf_C:start the fight
	Function /Game/NPOTG/Blueprints/Charaktere/wolf.wolf_C:construct fight
	Function /Game/NPOTG/Blueprints/Charaktere/wolf.wolf_C:start the fight
	Function /Game/NPOTG/Blueprints/Charaktere/wolf.wolf_C:construct fight
	Function /Game/NPOTG/Blueprints/Charaktere/wolf.wolf_C:start the fight
	Function /Game/NPOTG/Blueprints/Charaktere/wolf.wolf_C:construct fight
	Function /Game/NPOTG/Blueprints/Charaktere/wolf.wolf_C:start the fight
	Function /Game/NPOTG/Blueprints/Charaktere/wolf.wolf_C:construct fight
	Function /Game/NPOTG/Blueprints/Charaktere/wolf.wolf_C:start the fight
	Function /Game/NPOTG/Blueprints/Charaktere/wolf.wolf_C:construct fight
	Function /Game/NPOTG/Blueprints/Charaktere/wolf.wolf_C:start the fight
	Function /Game/NPOTG/Blueprints/Charaktere/wolf.wolf_C:construct fight
	Function /Game/NPOTG/Blueprints/Charaktere/wolf.wolf_C:start the fight
	Function /Game/NPOTG/Blueprints/Charaktere/wolf.wolf_C:construct fight
	Function /Game/NPOTG/Blueprints/Charaktere/wolf.wolf_C:start the fight
	Function /Game/NPOTG/Blueprints/Charaktere/wolf.wolf_C:construct fight
	Function /Game/NPOTG/Blueprints/Charaktere/wolf.wolf_C:start the fight
	Function /Game/NPOTG/Blueprints/Charaktere/wolf.wolf_C:construct fight
	Function /Game/NPOTG/Blueprints/Charaktere/wolf.wolf_C:start the fight
	Function /Game/NPOTG/Blueprints/Charaktere/wolf.wolf_C:construct fight
	Function /Game/NPOTG/Blueprints/Charaktere/wolf.wolf_C:start the fight
	Function /Game/NPOTG/Blueprints/Charaktere/wolf.wolf_C:construct fight
	Function /Game/NPOTG/Blueprints/Charaktere/wolf.wolf_C:start the fight
	Function /Game/NPOTG/Blueprints/Charaktere/wolf.wolf_C:construct fight
	Function /Game/NPOTG/Blueprints/Charaktere/wolf.wolf_C:start the fight
	Function /Game/NPOTG/Blueprints/Charaktere/wolf.wolf_C:construct fight
	Function /Game/NPOTG/Blueprints/Charaktere/wolf.wolf_C:start the fight
	Function /Game/NPOTG/Blueprints/Charaktere/wolf.wolf_C:construct fight
	Function /Game/NPOTG/Blueprints/Charaktere/wolf.wolf_C:start the fight
	Function /Game/NPOTG/Blueprints/Charaktere/wolf.wolf_C:construct fight
	Function /Game/NPOTG/Blueprints/Charaktere/wolf.wolf_C:start the fight
	Function /Game/NPOTG/Blueprints/Charaktere/wolf.wolf_C:construct fight
	Function /Game/NPOTG/Blueprints/Charaktere/wolf.wolf_C:start the fight
	Function /Game/NPOTG/Blueprints/Charaktere/wolf.wolf_C:construct fight
	Function /Game/NPOTG/Blueprints/Charaktere/wolf.wolf_C:start the fight
	Function /Game/NPOTG/Blueprints/Charaktere/wolf.wolf_C:construct fight
	Function /Game/NPOTG/Blueprints/Charaktere/wolf.wolf_C:start the fight
	Function /Game/NPOTG/Blueprints/Charaktere/wolf.wolf_C:construct fight
	Function /Game/NPOTG/Blueprints/Charaktere/wolf.wolf_C:start the fight
	Function /Game/NPOTG/Blueprints/Charaktere/wolf.wolf_C:construct fight

[2015.09.23-17.40.49:260][843]LogScript:Warning: Infinite script recursion (250 calls) detected
	wolf_C /Temp/Autosaves/Game/NPOTG/Maps/UEDPCTesting_Level.Testing_Level:PersistentLevel.wolf_C_4
	Function /Game/NPOTG/Blueprints/Charaktere/wolf.wolf_C:construct fight:0000
[2015.09.23-17.40.49:274][844]LogBlueprintUserMessages: 9.838709
[2015.09.23-17.40.49:274][844]LogBlueprintUserMessages: PRINT
[2015.09.23-17.40.49:289][845]LogBlueprintUserMessages: 9.758063
[2015.09.23-17.40.49:289][845]LogBlueprintUserMessages: PRINT
[2015.09.23-17.40.49:305][846]LogBlueprintUserMessages: 9.677418
[2015.09.23-17.40.49:305][846]LogBlueprintUserMessages: PRINT
[2015.09.23-17.40.49:321][847]LogBlueprintUserMessages: 9.596772
[2015.09.23-17.40.49:321][847]LogBlueprintUserMessages: PRINT
[2015.09.23-17.40.49:338][848]LogBlueprintUserMessages: 9.516127
[2015.09.23-17.40.49:338][848]LogBlueprintUserMessages: PRINT
[2015.09.23-17.40.49:354][849]LogBlueprintUserMessages: 9.435481
[2015.09.23-17.40.49:354][849]LogBlueprintUserMessages: PRINT
[2015.09.23-17.40.49:370][850]LogBlueprintUserMessages: 9.354836
[2015.09.23-17.40.49:370][850]LogBlueprintUserMessages: PRINT
[2015.09.23-17.40.49:387][851]LogBlueprintUserMessages: 9.27419
[2015.09.23-17.40.49:387][851]LogBlueprintUserMessages: PRINT
[2015.09.23-17.40.49:403][852]LogBlueprintUserMessages: 9.193544
[2015.09.23-17.40.49:403][852]LogBlueprintUserMessages: PRINT
[2015.09.23-17.40.49:419][853]LogBlueprintUserMessages: 9.112899
[2015.09.23-17.40.49:419][853]LogBlueprintUserMessages: PRINT
[2015.09.23-17.40.49:435][854]LogBlueprintUserMessages: 9.032253
[2015.09.23-17.40.49:435][854]LogBlueprintUserMessages: PRINT
[2015.09.23-17.40.49:451][855]LogBlueprintUserMessages: 8.951608
[2015.09.23-17.40.49:451][855]LogBlueprintUserMessages: PRINT
[2015.09.23-17.40.49:467][856]LogBlueprintUserMessages: 8.870962
[2015.09.23-17.40.49:467][856]LogBlueprintUserMessages: PRINT
[2015.09.23-17.40.49:483][857]LogBlueprintUserMessages: 8.790317
[2015.09.23-17.40.49:483][857]LogBlueprintUserMessages: PRINT
[2015.09.23-17.40.49:499][858]LogBlueprintUserMessages: 8.709671
[2015.09.23-17.40.49:499][858]LogBlueprintUserMessages: PRINT
[2015.09.23-17.40.49:515][859]LogBlueprintUserMessages: 8.629025
[2015.09.23-17.40.49:515][859]LogBlueprintUserMessages: PRINT
[2015.09.23-17.40.49:531][860]LogBlueprintUserMessages: 8.54838
[2015.09.23-17.40.49:531][860]LogBlueprintUserMessages: PRINT
[2015.09.23-17.40.49:547][861]LogBlueprintUserMessages: 8.467734
[2015.09.23-17.40.49:547][861]LogBlueprintUserMessages: PRINT
[2015.09.23-17.40.49:563][862]LogBlueprintUserMessages: 8.387089
[2015.09.23-17.40.49:563][862]LogBlueprintUserMessages: PRINT
[2015.09.23-17.40.49:579][863]LogBlueprintUserMessages: 8.306443
[2015.09.23-17.40.49:579][863]LogBlueprintUserMessages: PRINT
[2015.09.23-17.40.49:596][864]LogBlueprintUserMessages: 8.225798
[2015.09.23-17.40.49:596][864]LogBlueprintUserMessages: PRINT
[2015.09.23-17.40.49:612][865]LogBlueprintUserMessages: 8.145152
[2015.09.23-17.40.49:612][865]LogBlueprintUserMessages: PRINT
[2015.09.23-17.40.49:628][866]LogBlueprintUserMessages: 8.064507
[2015.09.23-17.40.49:628][866]LogBlueprintUserMessages: PRINT
[2015.09.23-17.40.49:645][867]LogBlueprintUserMessages: 7.98386
[2015.09.23-17.40.49:645][867]LogBlueprintUserMessages: PRINT
[2015.09.23-17.40.49:660][868]LogBlueprintUserMessages: 7.903214
[2015.09.23-17.40.49:660][868]LogBlueprintUserMessages: PRINT
[2015.09.23-17.40.49:676][869]LogBlueprintUserMessages: 7.822568
[2015.09.23-17.40.49:676][869]LogBlueprintUserMessages: PRINT
[2015.09.23-17.40.49:692][870]LogBlueprintUserMessages: 7.741922
[2015.09.23-17.40.49:692][870]LogBlueprintUserMessages: PRINT
[2015.09.23-17.40.49:709][871]LogBlueprintUserMessages: 7.661276
[2015.09.23-17.40.49:709][871]LogBlueprintUserMessages: PRINT
[2015.09.23-17.40.49:725][872]LogBlueprintUserMessages: 7.58063
[2015.09.23-17.40.49:725][872]LogBlueprintUserMessages: PRINT
[2015.09.23-17.40.49:741][873]LogBlueprintUserMessages: 7.499984
[2015.09.23-17.40.49:741][873]LogBlueprintUserMessages: PRINT
[2015.09.23-17.40.49:757][874]LogBlueprintUserMessages: 7.419338
[2015.09.23-17.40.49:757][874]LogBlueprintUserMessages: PRINT
[2015.09.23-17.40.49:773][875]LogBlueprintUserMessages: 7.338692
[2015.09.23-17.40.49:773][875]LogBlueprintUserMessages: PRINT
[2015.09.23-17.40.49:789][876]LogBlueprintUserMessages: 7.258046
[2015.09.23-17.40.49:789][876]LogBlueprintUserMessages: PRINT
[2015.09.23-17.40.49:805][877]LogBlueprintUserMessages: 7.1774
[2015.09.23-17.40.49:805][877]LogBlueprintUserMessages: PRINT
[2015.09.23-17.40.49:822][878]LogBlueprintUserMessages: 7.096754
[2015.09.23-17.40.49:822][878]LogBlueprintUserMessages: PRINT
[2015.09.23-17.40.49:838][879]LogBlueprintUserMessages: 7.016108
[2015.09.23-17.40.49:838][879]LogBlueprintUserMessages: PRINT
[2015.09.23-17.40.49:854][880]LogBlueprintUserMessages: 6.935462
[2015.09.23-17.40.49:854][880]LogBlueprintUserMessages: PRINT
[2015.09.23-17.40.49:870][881]LogBlueprintUserMessages: 6.854816
[2015.09.23-17.40.49:870][881]LogBlueprintUserMessages: PRINT
[2015.09.23-17.40.49:886][882]LogBlueprintUserMessages: 6.77417
[2015.09.23-17.40.49:886][882]LogBlueprintUserMessages: PRINT
[2015.09.23-17.40.49:902][883]LogBlueprintUserMessages: 6.693524
[2015.09.23-17.40.49:902][883]LogBlueprintUserMessages: PRINT
[2015.09.23-17.40.49:918][884]LogBlueprintUserMessages: 6.612878
[2015.09.23-17.40.49:918][884]LogBlueprintUserMessages: PRINT
[2015.09.23-17.40.49:934][885]LogBlueprintUserMessages: 6.532232
[2015.09.23-17.40.49:934][885]LogBlueprintUserMessages: PRINT
[2015.09.23-17.40.49:951][886]LogBlueprintUserMessages: 6.451586
[2015.09.23-17.40.49:951][886]LogBlueprintUserMessages: PRINT
[2015.09.23-17.40.49:967][887]LogBlueprintUserMessages: 6.37094
[2015.09.23-17.40.49:967][887]LogBlueprintUserMessages: PRINT
[2015.09.23-17.40.49:983][888]LogBlueprintUserMessages: 6.290294
[2015.09.23-17.40.49:983][888]LogBlueprintUserMessages: PRINT
[2015.09.23-17.40.49:999][889]LogBlueprintUserMessages: 6.209648
[2015.09.23-17.40.49:999][889]LogBlueprintUserMessages: PRINT
[2015.09.23-17.40.50:015][890]LogBlueprintUserMessages: 6.129002
[2015.09.23-17.40.50:015][890]LogBlueprintUserMessages: PRINT
[2015.09.23-17.40.50:031][891]LogBlueprintUserMessages: 6.048356
[2015.09.23-17.40.50:031][891]LogBlueprintUserMessages: PRINT
[2015.09.23-17.40.50:047][892]LogBlueprintUserMessages: 5.96771
[2015.09.23-17.40.50:047][892]LogBlueprintUserMessages: PRINT
[2015.09.23-17.40.50:063][893]LogBlueprintUserMessages: 5.887064
[2015.09.23-17.40.50:063][893]LogBlueprintUserMessages: PRINT
[2015.09.23-17.40.50:079][894]LogBlueprintUserMessages: 5.806417
[2015.09.23-17.40.50:079][894]LogBlueprintUserMessages: PRINT
[2015.09.23-17.40.50:096][895]LogBlueprintUserMessages: 5.725771
[2015.09.23-17.40.50:096][895]LogBlueprintUserMessages: PRINT
[2015.09.23-17.40.50:112][896]LogBlueprintUserMessages: 5.645125
[2015.09.23-17.40.50:112][896]LogBlueprintUserMessages: PRINT
[2015.09.23-17.40.50:129][897]LogBlueprintUserMessages: 5.564479
[2015.09.23-17.40.50:129][897]LogBlueprintUserMessages: PRINT
[2015.09.23-17.40.50:144][898]LogBlueprintUserMessages: 5.483833
[2015.09.23-17.40.50:144][898]LogBlueprintUserMessages: PRINT
[2015.09.23-17.40.50:160][899]LogBlueprintUserMessages: 5.403187
[2015.09.23-17.40.50:160][899]LogBlueprintUserMessages: PRINT
[2015.09.23-17.40.50:177][900]LogBlueprintUserMessages: 5.322541
[2015.09.23-17.40.50:177][900]LogBlueprintUserMessages: PRINT
[2015.09.23-17.40.50:193][901]LogBlueprintUserMessages: 5.241895
[2015.09.23-17.40.50:193][901]LogBlueprintUserMessages: PRINT
[2015.09.23-17.40.50:209][902]LogBlueprintUserMessages: 5.161249
[2015.09.23-17.40.50:209][902]LogBlueprintUserMessages: PRINT
[2015.09.23-17.40.50:225][903]LogBlueprintUserMessages: 5.080603
[2015.09.23-17.40.50:225][903]LogBlueprintUserMessages: PRINT
[2015.09.23-17.40.50:241][904]LogBlueprintUserMessages: 4.999957
[2015.09.23-17.40.50:241][904]LogBlueprintUserMessages: PRINT
[2015.09.23-17.40.50:257][905]LogBlueprintUserMessages: 4.919311
[2015.09.23-17.40.50:257][905]LogBlueprintUserMessages: PRINT
[2015.09.23-17.40.50:273][906]LogBlueprintUserMessages: 4.838665
[2015.09.23-17.40.50:273][906]LogBlueprintUserMessages: PRINT
[2015.09.23-17.40.50:289][907]LogBlueprintUserMessages: 4.758019
[2015.09.23-17.40.50:290][907]LogBlueprintUserMessages: PRINT
[2015.09.23-17.40.50:306][908]LogBlueprintUserMessages: 4.677373
[2015.09.23-17.40.50:306][908]LogBlueprintUserMessages: PRINT
[2015.09.23-17.40.50:322][909]LogBlueprintUserMessages: 4.596727
[2015.09.23-17.40.50:322][909]LogBlueprintUserMessages: PRINT
[2015.09.23-17.40.50:338][910]LogBlueprintUserMessages: 4.516081
[2015.09.23-17.40.50:338][910]LogBlueprintUserMessages: PRINT
[2015.09.23-17.40.50:354][911]LogBlueprintUserMessages: 4.435435
[2015.09.23-17.40.50:354][911]LogBlueprintUserMessages: PRINT
[2015.09.23-17.40.50:370][912]LogBlueprintUserMessages: 4.354774
[2015.09.23-17.40.50:370][912]LogBlueprintUserMessages: PRINT
[2015.09.23-17.40.50:386][913]LogBlueprintUserMessages: 4.274135
[2015.09.23-17.40.50:386][913]LogBlueprintUserMessages: PRINT
[2015.09.23-17.40.50:402][914]LogBlueprintUserMessages: 4.193489
[2015.09.23-17.40.50:402][914]LogBlueprintUserMessages: PRINT
[2015.09.23-17.40.50:418][915]LogBlueprintUserMessages: 4.112843
[2015.09.23-17.40.50:418][915]LogBlueprintUserMessages: PRINT
[2015.09.23-17.40.50:434][916]LogBlueprintUserMessages: 4.032197
[2015.09.23-17.40.50:435][916]LogBlueprintUserMessages: PRINT
[2015.09.23-17.40.50:450][917]LogBlueprintUserMessages: 3.951551
[2015.09.23-17.40.50:450][917]LogBlueprintUserMessages: PRINT
[2015.09.23-17.40.50:467][918]LogBlueprintUserMessages: 3.870905
[2015.09.23-17.40.50:467][918]LogBlueprintUserMessages: PRINT
[2015.09.23-17.40.50:483][919]LogBlueprintUserMessages: 3.79026
[2015.09.23-17.40.50:483][919]LogBlueprintUserMessages: PRINT
[2015.09.23-17.40.50:499][920]LogBlueprintUserMessages: 3.709614
[2015.09.23-17.40.50:499][920]LogBlueprintUserMessages: PRINT
[2015.09.23-17.40.50:515][921]LogBlueprintUserMessages: 3.628968
[2015.09.23-17.40.50:515][921]LogBlueprintUserMessages: PRINT
[2015.09.23-17.40.50:531][922]LogBlueprintUserMessages: 3.548322
[2015.09.23-17.40.50:531][922]LogBlueprintUserMessages: PRINT
[2015.09.23-17.40.50:547][923]LogBlueprintUserMessages: 3.467676
[2015.09.23-17.40.50:547][923]LogBlueprintUserMessages: PRINT
[2015.09.23-17.40.50:563][924]LogBlueprintUserMessages: 3.387031
[2015.09.23-17.40.50:563][924]LogBlueprintUserMessages: PRINT
[2015.09.23-17.40.50:580][925]LogBlueprintUserMessages: 3.306385
[2015.09.23-17.40.50:580][925]LogBlueprintUserMessages: PRINT
[2015.09.23-17.40.50:596][926]LogBlueprintUserMessages: 3.225739
[2015.09.23-17.40.50:596][926]LogBlueprintUserMessages: PRINT
[2015.09.23-17.40.50:612][927]LogBlueprintUserMessages: 3.145093
[2015.09.23-17.40.50:612][927]LogBlueprintUserMessages: PRINT
[2015.09.23-17.40.50:628][928]LogBlueprintUserMessages: 3.064447
[2015.09.23-17.40.50:628][928]LogBlueprintUserMessages: PRINT
[2015.09.23-17.40.50:644][929]LogBlueprintUserMessages: 2.983802
[2015.09.23-17.40.50:644][929]LogBlueprintUserMessages: PRINT
[2015.09.23-17.40.50:660][930]LogBlueprintUserMessages: 2.903156
[2015.09.23-17.40.50:660][930]LogBlueprintUserMessages: PRINT
[2015.09.23-17.40.50:677][931]LogBlueprintUserMessages: 2.82251
[2015.09.23-17.40.50:677][931]LogBlueprintUserMessages: PRINT
[2015.09.23-17.40.50:692][932]LogBlueprintUserMessages: 2.741864
[2015.09.23-17.40.50:692][932]LogBlueprintUserMessages: PRINT
[2015.09.23-17.40.50:708][933]LogBlueprintUserMessages: 2.661218
[2015.09.23-17.40.50:708][933]LogBlueprintUserMessages: PRINT
[2015.09.23-17.40.50:725][934]LogBlueprintUserMessages: 2.580573
[2015.09.23-17.40.50:725][934]LogBlueprintUserMessages: PRINT
[2015.09.23-17.40.50:741][935]LogBlueprintUserMessages: 2.499927
[2015.09.23-17.40.50:741][935]LogBlueprintUserMessages: PRINT
[2015.09.23-17.40.50:757][936]LogBlueprintUserMessages: 2.419281
[2015.09.23-17.40.50:757][936]LogBlueprintUserMessages: PRINT
[2015.09.23-17.40.50:773][937]LogBlueprintUserMessages: 2.338635
[2015.09.23-17.40.50:773][937]LogBlueprintUserMessages: PRINT
[2015.09.23-17.40.50:789][938]LogBlueprintUserMessages: zukasdfuikfsfgiHFIGASIDILUgqregfFEWERFARG
[2015.09.23-17.40.51:823][  2]Closing by request
[2015.09.23-17.40.51:823][  2]LogWindows: FPlatformMisc::RequestExit(0)
[2015.09.23-17.40.52:507][  3]LogWindowsTextInputMethodSystem:Display: IME system now deactivated.
[2015.09.23-17.40.52:507][  3]LogWindowsTextInputMethodSystem:Display: IME system now deactivated.
[2015.09.23-17.40.52:515][  3]LogExit: Preparing to exit.
[2015.09.23-17.40.52:570][  3]LogExit: Game engine shut down
[2015.09.23-17.40.52:575][  3]LogParticles: Destroying 0 GPU particle simulations for FXSystem 0x0000006664FDA980
[2015.09.23-17.40.52:717][  3]LogExit: Object subsystem successfully closed.
[2015.09.23-17.40.52:728][  3]LogD3D11RHI: Shutdown
[2015.09.23-17.40.52:728][  3]LogD3D11RHI: CleanupD3DDevice
[2015.09.23-17.40.52:792][  3]LogD3D11RHI: ~FD3D11DynamicRHI
[2015.09.23-17.40.52:805][  3]LogModuleManager: Shutting down and abandoning module AndroidDeviceDetection (109)
[2015.09.23-17.40.53:305][  3]LogModuleManager: Shutting down and abandoning module AutomationWorker (108)
[2015.09.23-17.40.53:305][  3]LogModuleManager: Shutting down and abandoning module CharacterAI (107)
[2015.09.23-17.40.53:305][  3]LogModuleManager: Shutting down and abandoning module AITestSuite (106)
[2015.09.23-17.40.53:305][  3]LogModuleManager: Shutting down and abandoning module GameplayDebugger (105)
[2015.09.23-17.40.53:305][  3]LogModuleManager: Shutting down and abandoning module AIModule (104)
[2015.09.23-17.40.53:305][  3]LogModuleManager: Shutting down and abandoning module GameLiveStreaming (103)
[2015.09.23-17.40.53:305][  3]LogModuleManager: Shutting down and abandoning module StreamingPauseRendering (102)
[2015.09.23-17.40.53:305][  3]LogModuleManager: Shutting down and abandoning module ProfilerService (101)
[2015.09.23-17.40.53:464][  3]LogModuleManager: Shutting down and abandoning module TaskGraph (100)
[2015.09.23-17.40.53:464][  3]LogModuleManager: Shutting down and abandoning module SlateRemote (99)
[2015.09.23-17.40.53:464][  3]LogModuleManager: Shutting down and abandoning module SteamVRController (98)
[2015.09.23-17.40.53:464][  3]LogModuleManager: Shutting down and abandoning module SteamVR (97)
[2015.09.23-17.40.53:464][  3]LogModuleManager: Shutting down and abandoning module ProceduralMeshComponent (96)
[2015.09.23-17.40.53:464][  3]LogModuleManager: Shutting down and abandoning module OculusRift (95)
[2015.09.23-17.40.53:464][  3]LogModuleManager: Shutting down and abandoning module LeapMotionController (94)
[2015.09.23-17.40.53:472][  3]LogModuleManager: Shutting down and abandoning module CustomMeshComponent (93)
[2015.09.23-17.40.53:472][  3]LogModuleManager: Shutting down and abandoning module CableComponent (92)
[2015.09.23-17.40.53:472][  3]LogModuleManager: Shutting down and abandoning module DesktopPlatform (91)
[2015.09.23-17.40.53:472][  3]LogModuleManager: Shutting down and abandoning module DirectoryWatcher (90)
[2015.09.23-17.40.53:472][  3]LogModuleManager: Shutting down and abandoning module HotReload (89)
[2015.09.23-17.40.53:472][  3]LogModuleManager: Shutting down and abandoning module VisualStudioSourceCodeAccess (88)
[2015.09.23-17.40.53:472][  3]LogModuleManager: Shutting down and abandoning module UObjectPlugin (87)
[2015.09.23-17.40.53:472][  3]LogModuleManager: Shutting down and abandoning module SubversionSourceControl (86)
[2015.09.23-17.40.53:472][  3]LogModuleManager: Shutting down and abandoning module SourceControl (85)
[2015.09.23-17.40.53:472][  3]LogModuleManager: Shutting down and abandoning module PerforceSourceControl (84)
[2015.09.23-17.40.53:472][  3]LogModuleManager: Shutting down and abandoning module BlankPlugin (83)
[2015.09.23-17.40.53:472][  3]LogModuleManager: Shutting down and abandoning module UdpMessaging (82)
[2015.09.23-17.40.53:472][  3]LogModuleManager: Shutting down and abandoning module AssetRegistry (81)
[2015.09.23-17.40.53:472][  3]LogModuleManager: Shutting down and abandoning module SubstanceCore (80)
[2015.09.23-17.40.53:472][  3]LogModuleManager: Shutting down and abandoning module Paper2D (79)
[2015.09.23-17.40.53:472][  3]LogModuleManager: Shutting down and abandoning module WindowsMoviePlayer (78)
[2015.09.23-17.40.53:474][  3]LogModuleManager: Shutting down and abandoning module Media (77)
[2015.09.23-17.40.53:475][  3]LogModuleManager: Shutting down and abandoning module WmfMedia (76)
[2015.09.23-17.40.53:475][  3]LogModuleManager: Shutting down and abandoning module OnlineBlueprintSupport (75)
[2015.09.23-17.40.53:475][  3]LogModuleManager: Shutting down and abandoning module PropertyEditor (74)
[2015.09.23-17.40.53:475][  3]LogModuleManager: Shutting down and abandoning module BehaviorTreeEditor (73)
[2015.09.23-17.40.53:475][  3]LogModuleManager: Shutting down and abandoning module FunctionalTesting (72)
[2015.09.23-17.40.53:475][  3]LogModuleManager: Shutting down and abandoning module CollisionAnalyzer (71)
[2015.09.23-17.40.53:475][  3]LogModuleManager: Shutting down and abandoning module WorkspaceMenuStructure (70)
[2015.09.23-17.40.53:475][  3]LogModuleManager: Shutting down and abandoning module MessageLog (69)
[2015.09.23-17.40.53:475][  3]LogModuleManager: Shutting down and abandoning module Sequencer (68)
[2015.09.23-17.40.53:475][  3]LogModuleManager: Shutting down and abandoning module AssetTools (67)
[2015.09.23-17.40.53:475][  3]LogModuleManager: Shutting down and abandoning module UMGEditor (66)
[2015.09.23-17.40.53:475][  3]LogModuleManager: Shutting down and abandoning module UMG (65)
[2015.09.23-17.40.53:475][  3]LogModuleManager: Shutting down and abandoning module Slate (64)
[2015.09.23-17.40.53:475][  3]LogModuleManager: Shutting down and abandoning module EditorStyle (63)
[2015.09.23-17.40.53:477][  3]LogModuleManager: Shutting down and abandoning module SessionServices (62)
[2015.09.23-17.40.53:477][  3]LogModuleManager: Shutting down and abandoning module SourceCodeAccess (61)
[2015.09.23-17.40.53:477][  3]LogModuleManager: Shutting down and abandoning module HeadMountedDisplay (60)
[2015.09.23-17.40.53:477][  3]LogModuleManager: Shutting down and abandoning module XAudio2 (59)
[2015.09.23-17.40.53:477][  3]LogModuleManager: Shutting down and abandoning module Networking (57)
[2015.09.23-17.40.53:477][  3]LogModuleManager: Shutting down and abandoning module Core (56)
[2015.09.23-17.40.53:477][  3]LogModuleManager: Shutting down and abandoning module KismetCompiler (55)
[2015.09.23-17.40.53:477][  3]LogModuleManager: Shutting down and abandoning module PhysXFormats (54)
[2015.09.23-17.40.53:477][  3]LogModuleManager: Shutting down and abandoning module MeshUtilities (53)
[2015.09.23-17.40.53:477][  3]LogModuleManager: Shutting down and abandoning module DerivedDataCache (52)
[2015.09.23-17.40.53:958][  3]LogDerivedDataCache: Shutdown
[2015.09.23-17.40.53:958][  3]LogModuleManager: Shutting down and abandoning module ShaderFormatOpenGL (51)
[2015.09.23-17.40.53:958][  3]LogModuleManager: Shutting down and abandoning module ShaderFormatD3D (50)
[2015.09.23-17.40.53:958][  3]LogModuleManager: Shutting down and abandoning module MetalShaderFormat (49)
[2015.09.23-17.40.53:958][  3]LogModuleManager: Shutting down and abandoning module TextureFormatUncompressed (48)
[2015.09.23-17.40.53:958][  3]LogModuleManager: Shutting down and abandoning module TextureFormatPVR (47)
[2015.09.23-17.40.53:958][  3]LogModuleManager: Shutting down and abandoning module TextureFormatIntelISPCTexComp (46)
[2015.09.23-17.40.53:958][  3]LogModuleManager: Shutting down and abandoning module TextureFormatDXT (45)
[2015.09.23-17.40.53:958][  3]LogModuleManager: Shutting down and abandoning module ImageWrapper (44)
[2015.09.23-17.40.53:958][  3]LogModuleManager: Shutting down and abandoning module TextureFormatASTC (43)
[2015.09.23-17.40.53:958][  3]LogModuleManager: Shutting down and abandoning module TextureFormatAndroid (42)
[2015.09.23-17.40.53:958][  3]LogModuleManager: Shutting down and abandoning module AudioFormatOpus (41)
[2015.09.23-17.40.53:958][  3]LogModuleManager: Shutting down and abandoning module AudioFormatOgg (40)
[2015.09.23-17.40.53:958][  3]LogModuleManager: Shutting down and abandoning module AudioFormatADPCM (39)
[2015.09.23-17.40.53:958][  3]LogModuleManager: Shutting down and abandoning module LinuxTargetPlatform (38)
[2015.09.23-17.40.53:958][  3]LogModuleManager: Shutting down and abandoning module LinuxServerTargetPlatform (37)
[2015.09.23-17.40.53:958][  3]LogModuleManager: Shutting down and abandoning module LinuxNoEditorTargetPlatform (36)
[2015.09.23-17.40.53:958][  3]LogModuleManager: Shutting down and abandoning module Messaging (35)
[2015.09.23-17.40.53:958][  3]LogModuleManager: Shutting down and abandoning module IOSTargetPlatform (34)
[2015.09.23-17.40.53:958][  3]LogModuleManager: Shutting down and abandoning module HTML5TargetPlatform (33)
[2015.09.23-17.40.53:958][  3]LogModuleManager: Shutting down and abandoning module Android_PVRTCTargetPlatform (32)
[2015.09.23-17.40.53:958][  3]LogModuleManager: Shutting down and abandoning module Android_ETC2TargetPlatform (31)
[2015.09.23-17.40.53:958][  3]LogModuleManager: Shutting down and abandoning module Android_ETC1TargetPlatform (30)
[2015.09.23-17.40.53:958][  3]LogModuleManager: Shutting down and abandoning module Android_DXTTargetPlatform (29)
[2015.09.23-17.40.53:958][  3]LogModuleManager: Shutting down and abandoning module Android_ATCTargetPlatform (28)
[2015.09.23-17.40.53:958][  3]LogModuleManager: Shutting down and abandoning module Android_ASTCTargetPlatform (27)
[2015.09.23-17.40.53:958][  3]LogModuleManager: Shutting down and abandoning module AndroidTargetPlatform (26)
[2015.09.23-17.40.53:958][  3]LogModuleManager: Shutting down and abandoning module WindowsTargetPlatform (25)
[2015.09.23-17.40.53:958][  3]LogModuleManager: Shutting down and abandoning module WindowsServerTargetPlatform (24)
[2015.09.23-17.40.53:958][  3]LogModuleManager: Shutting down and abandoning module WindowsNoEditorTargetPlatform (23)
[2015.09.23-17.40.53:958][  3]LogModuleManager: Shutting down and abandoning module WindowsClientTargetPlatform (22)
[2015.09.23-17.40.53:958][  3]LogModuleManager: Shutting down and abandoning module DesktopTargetPlatform (21)
[2015.09.23-17.40.53:958][  3]LogModuleManager: Shutting down and abandoning module TargetPlatform (20)
[2015.09.23-17.40.53:958][  3]LogModuleManager: Shutting down and abandoning module InputCore (19)
[2015.09.23-17.40.53:958][  3]LogModuleManager: Shutting down and abandoning module Settings (18)
[2015.09.23-17.40.53:958][  3]LogModuleManager: Shutting down and abandoning module OnlineSubsystem (16)
[2015.09.23-17.40.53:958][  3]LogModuleManager: Shutting down and abandoning module HTTP (15)
[2015.09.23-17.40.53:958][  3]LogModuleManager: Shutting down and abandoning module ExampleDeviceProfileSelector (14)
[2015.09.23-17.40.53:958][  3]LogModuleManager: Shutting down and abandoning module TextureCompressor (13)
[2015.09.23-17.40.53:958][  3]LogModuleManager: Shutting down and abandoning module ShaderCore (12)
[2015.09.23-17.40.53:958][  3]LogModuleManager: Shutting down and abandoning module Landscape (11)
[2015.09.23-17.40.53:958][  3]LogModuleManager: Shutting down and abandoning module SlateRHIRenderer (10)
[2015.09.23-17.40.53:959][  3]LogModuleManager: Shutting down and abandoning module OpenGLDrv (9)
[2015.09.23-17.40.53:959][  3]LogModuleManager: Shutting down and abandoning module D3D11RHI (8)
[2015.09.23-17.40.53:959][  3]LogModuleManager: Shutting down and abandoning module Renderer (7)
[2015.09.23-17.40.53:959][  3]LogModuleManager: Shutting down and abandoning module Engine (6)
[2015.09.23-17.40.53:959][  3]LogModuleManager: Shutting down and abandoning module CoreUObject (5)
[2015.09.23-17.40.53:959][  3]LogModuleManager: Shutting down and abandoning module NetworkFile (4)
[2015.09.23-17.40.53:959][  3]LogModuleManager: Shutting down and abandoning module StreamingFile (3)
[2015.09.23-17.40.53:959][  3]LogModuleManager: Shutting down and abandoning module SandboxFile (2)
[2015.09.23-17.40.53:959][  3]LogModuleManager: Shutting down and abandoning module PakFile (1)
[2015.09.23-17.40.53:959][  3]LogExit: Exiting.
[2015.09.23-17.40.53:961][  3]Log file closed, 09/23/15 19:40:53
