[2015.09.21-11.39.33:463][  0]Log file open, 09/21/15 13:39:33
[2015.09.21-11.39.33:463][  0]LogInit:Display: Running engine without a game
[2015.09.21-11.39.33:463][  0]LogInit:Display: Loading recent project file: ../../../../Projekte/NotPartofTheGame/NotPartofGame.uproject
[2015.09.21-11.39.33:463][  0]LogInit:Display: RandInit(-355155719) SRandInit(-355155695).
[2015.09.21-11.39.33:463][  0]LogTaskGraph: Started task graph with 4 named threads and 7 total threads.
[2015.09.21-11.39.33:463][  0]LogStats: Stats thread started
[2015.09.21-11.39.33:463][  0]LogInit: Version: 4.8.3-2634408+++depot+UE4-Releases+4.8
[2015.09.21-11.39.33:463][  0]LogInit: API Version: 2579680
[2015.09.21-11.39.33:463][  0]LogInit: Compiled (64-bit): Jul 27 2015 16:24:33
[2015.09.21-11.39.33:463][  0]LogInit: Compiled with Visual C++: 18.00.21005.01
[2015.09.21-11.39.33:463][  0]LogInit: Build Configuration: Development
[2015.09.21-11.39.33:463][  0]LogInit: Branch Name: ++depot+UE4-Releases+4.8
[2015.09.21-11.39.33:463][  0]LogInit: Command line: 
[2015.09.21-11.39.33:463][  0]LogInit: Base directory: C:/Users/Bodoo/Documents/Programmieren/4.8/Engine/Binaries/Win64/
[2015.09.21-11.39.33:463][  0]LogInit: Rocket: 1
[2015.09.21-11.39.33:572][  0]LogInit: Using libcurl 7.41.0
[2015.09.21-11.39.33:572][  0]LogInit:  - built for x86_64-pc-win32
[2015.09.21-11.39.33:572][  0]LogInit:  - supports SSL with WinSSL
[2015.09.21-11.39.33:572][  0]LogInit:  - other features:
[2015.09.21-11.39.33:572][  0]LogInit:      CURL_VERSION_SSL
[2015.09.21-11.39.33:572][  0]LogInit:      CURL_VERSION_IPV6
[2015.09.21-11.39.33:572][  0]LogInit:      CURL_VERSION_ASYNCHDNS
[2015.09.21-11.39.33:572][  0]LogInit:      CURL_VERSION_LARGEFILE
[2015.09.21-11.39.33:572][  0]LogInit:      CURL_VERSION_IDN
[2015.09.21-11.39.33:572][  0]LogInit:  CurlRequestOptions (configurable via config and command line):
[2015.09.21-11.39.33:572][  0]LogInit:  - bVerifyPeer = true  - Libcurl will verify peer certificate
[2015.09.21-11.39.33:572][  0]LogInit:  - bUseHttpProxy = false  - Libcurl will NOT use HTTP proxy
[2015.09.21-11.39.33:572][  0]LogInit:  - bDontReuseConnections = false  - Libcurl will reuse connections
[2015.09.21-11.39.33:572][  0]LogInit:  - CertBundlePath = nullptr  - Libcurl will use whatever was configured at build time.
[2015.09.21-11.39.33:588][  0]LogOnline:Warning: No default platform service specified for OnlineSubsystem
[2015.09.21-11.39.33:697][  0]LogInit: Presizing for 0 objects not considered by GC, pre-allocating 0 bytes.
[2015.09.21-11.39.33:697][  0]LogInit: Object subsystem initialized
[2015.09.21-11.39.33:697][  0]LogConsoleResponse:Warning: Skipping Unknown console variable: 'UIScaleCurve = (EditorCurveData=(Keys=((Time=480.000000,Value=0.444000),(Time=720.000000,Value=0.666000),(Time=1080.000000,Value=1.000000),(Time=8640.000000,Value=8.000000))),ExternalCurve=None)'
[2015.09.21-11.39.33:697][  0]LogConsoleResponse:Warning:   Found in ini file 'C:/Users/Bodoo/Documents/Programmieren/Projekte/NotPartofTheGame/Saved/Config/Windows/Engine.ini', in section '[/Script/Engine.RendererSettings]'
[2015.09.21-11.39.33:697][  0]LogConsoleManager:Warning: Console variable 'r.MSAA.CompositingSampleCount' wasn't set ('Scalability' has a lower priority than 'ProjectSetting')
[2015.09.21-11.39.33:697][  0]LogInit: Selected Device Profile: [Windows]
[2015.09.21-11.39.33:697][  0]LogInit: Applying CVar settings loaded from the selected device profile: [Windows]
[2015.09.21-11.39.33:732][  0]LogInit: Computer: DESKTOP-GLF6O4V
[2015.09.21-11.39.33:732][  0]LogInit: User: Bodoo
[2015.09.21-11.39.33:732][  0]LogInit: CPU Page size=4096, Cores=4
[2015.09.21-11.39.33:732][  0]LogInit: High frequency timer resolution =3.215351 MHz
[2015.09.21-11.39.33:732][  0]LogMemory: Memory total: Physical=12.0GB (12GB approx)
[2015.09.21-11.39.33:732][  0]LogMemory: Platform Memory Stats for Windows
[2015.09.21-11.39.33:732][  0]LogMemory: Process Physical Memory: 51.77 MB used, 51.77 MB peak
[2015.09.21-11.39.33:732][  0]LogMemory: Process Virtual Memory: 22.52 MB used, 22.52 MB peak
[2015.09.21-11.39.33:732][  0]LogMemory: Physical Memory: 1711.05 MB used, 12270.45 MB total
[2015.09.21-11.39.33:732][  0]LogMemory: Virtual Memory: 310.10 MB used, 134217728.00 MB total
[2015.09.21-11.39.34:128][  0]LogTextLocalizationManager: The requested culture ('de_DE') has no localization data; falling back to 'en' for localization and internationalization data.
[2015.09.21-11.39.34:354][  0]LogTextLocalizationManager:Warning: Loaded localization resources contain conflicting entries for (Namespace:ContentBrowser, Key:ImportAssetToolTip):
Localization Resource: (C:/Users/Bodoo/Documents/Programmieren/4.8/Engine/Content/Localization/Editor/en/Editor.locres) Source String Hash: (-630476809) Localized String: (Import to {0}...)
Localization Resource: (C:/Users/Bodoo/Documents/Programmieren/4.8/Engine/Content/Localization/Editor/en/Editor.locres) Source String Hash: (1271782899) Localized String: (Imports an asset from file to this folder.)
[2015.09.21-11.39.34:784][  0]LogD3D11RHI: Found D3D11 adapter 0: AMD Radeon HD 6800 Series (Feature Level 11_0)
[2015.09.21-11.39.34:784][  0]LogD3D11RHI: Adapter has 1011MB of dedicated video memory, 0MB of dedicated system memory, and 3840MB of shared system memory, 1 output[s]
[2015.09.21-11.39.34:785][  0]LogD3D11RHI: Found D3D11 adapter 1: Microsoft Basic Render Driver (Feature Level 11_0)
[2015.09.21-11.39.34:785][  0]LogD3D11RHI: Adapter has 0MB of dedicated video memory, 0MB of dedicated system memory, and 6135MB of shared system memory, 0 output[s]
[2015.09.21-11.39.34:785][  0]LogD3D11RHI: Chosen D3D11 Adapter Id = 0
[2015.09.21-11.39.34:788][  0]LogD3D11RHI: InitD3DDevice
[2015.09.21-11.39.34:788][  0]LogD3D11RHI: !Direct3DDevice
[2015.09.21-11.39.34:788][  0]LogRHI: Texture pool is 708 MB (70% of 1011 MB)
[2015.09.21-11.39.34:794][  0]LogD3D11RHI: Async texture creation disabled: no driver support
[2015.09.21-11.39.34:804][  0]LogShaderCompilers:Display: Using Local Shader Compiler.
[2015.09.21-11.39.36:828][  0]LogTemp:Display: Loaded TP DesktopTargetPlatform
[2015.09.21-11.39.36:843][  0]LogTemp:Display: Loaded TP WindowsClientTargetPlatform
[2015.09.21-11.39.36:858][  0]LogTemp:Display: Loaded TP WindowsNoEditorTargetPlatform
[2015.09.21-11.39.36:873][  0]LogTemp:Display: Loaded TP WindowsServerTargetPlatform
[2015.09.21-11.39.36:889][  0]LogTemp:Display: Loaded TP WindowsTargetPlatform
[2015.09.21-11.39.36:903][  0]LogTemp:Display: Loaded TP AndroidTargetPlatform
[2015.09.21-11.39.36:916][  0]LogTemp:Display: Loaded TP Android_ASTCTargetPlatform
[2015.09.21-11.39.36:929][  0]LogTemp:Display: Loaded TP Android_ATCTargetPlatform
[2015.09.21-11.39.36:942][  0]LogTemp:Display: Loaded TP Android_DXTTargetPlatform
[2015.09.21-11.39.36:955][  0]LogTemp:Display: Loaded TP Android_ETC1TargetPlatform
[2015.09.21-11.39.36:968][  0]LogTemp:Display: Loaded TP Android_ETC2TargetPlatform
[2015.09.21-11.39.36:981][  0]LogTemp:Display: Loaded TP Android_PVRTCTargetPlatform
[2015.09.21-11.39.37:102][  0]LogTemp:Display: Loaded TP IOSTargetPlatform
[2015.09.21-11.39.37:114][  0]LogTemp:Display: Loaded TP LinuxNoEditorTargetPlatform
[2015.09.21-11.39.37:127][  0]LogTemp:Display: Loaded TP LinuxServerTargetPlatform
[2015.09.21-11.39.37:144][  0]LogTemp:Display: Loaded TP LinuxTargetPlatform
[2015.09.21-11.39.37:144][  0]LogTargetPlatformManager:Display: Building Assets For Windows
[2015.09.21-11.39.37:791][  0]LogDerivedDataCache:Display: Max Cache Size: 512 MB
[2015.09.21-11.39.38:081][  0]LogDerivedDataCache: Loaded boot cache 0.29s 53MB C:/Users/Bodoo/AppData/Local/UnrealEngine/4.8/DerivedDataCache/Boot.ddc.
[2015.09.21-11.39.38:081][  0]LogDerivedDataCache:Display: Loaded Boot cache: C:/Users/Bodoo/AppData/Local/UnrealEngine/4.8/DerivedDataCache/Boot.ddc
[2015.09.21-11.39.38:081][  0]LogDerivedDataCache: FDerivedDataBackendGraph:  Pak pak cache file ../../../../Projekte/NotPartofTheGame/DerivedDataCache/DDC.ddp not found, will not use a pak cache.
[2015.09.21-11.39.38:081][  0]LogDerivedDataCache: Unable to find inner node Pak for hierarchical cache Hierarchy.
[2015.09.21-11.39.38:081][  0]LogDerivedDataCache: FDerivedDataBackendGraph:  CompressedPak pak cache file ../../../../Projekte/NotPartofTheGame/DerivedDataCache/Compressed.ddp not found, will not use a pak cache.
[2015.09.21-11.39.38:081][  0]LogDerivedDataCache: Unable to find inner node CompressedPak for hierarchical cache Hierarchy.
[2015.09.21-11.39.38:294][  0]LogDerivedDataCache:Display: Pak cache opened for reading ../../../Engine/DerivedDataCache/Compressed.ddp.
[2015.09.21-11.39.38:338][  0]LogDerivedDataCache: Using Local data cache path C:/Users/Bodoo/AppData/Local/UnrealEngine/Common/DerivedDataCache: Writable
[2015.09.21-11.39.45:419][  0]LogInit: Selected Device Profile: [Windows]
[2015.09.21-11.39.45:556][  0]ImportText (ComponentSweepMultiTests): Missing closing parenthesis: (RootShapeAsset="/Engine/BasicShapes/Cube.Cube",ShapeType="TriggerCapsule",HitResult=(Time=0.50,Location=(X=-100.000015,Y=0.0,Z=100.000015),ImpactPoint=(X=-50.0,Y=0.0,Z=50.0),Normal=(X=-1.0,Y=-0.0,Z=0.0),ImpactNormal=(X=0.0,Y=0.0,Z=1.0),TraceStart=(X=-200.0,Y=0.0,Z=200.0),TraceEnd=(X=0.0,Y=0.0,Z=0.0))
[2015.09.21-11.39.45:556][  0]ImportText (LineTraceSingleByChannelTests): Missing closing parenthesis: (RootShapeAsset="/Engine/BasicShapes/Cube.Cube",HitResult=(Time=0.50,Location=(X=-100.000015,Y=0.0,Z=100.000015),ImpactPoint=(X=-50.0,Y=0.0,Z=50.0),Normal=(X=-1.0,Y=-0.0,Z=0.0),ImpactNormal=(X=0.0,Y=0.0,Z=1.0),TraceStart=(X=-200.0,Y=0.0,Z=200.0),TraceEnd=(X=0.0,Y=0.0,Z=0.0))
[2015.09.21-11.39.45:613][  0]LogMeshUtilities: No automatic mesh reduction module available
[2015.09.21-11.39.45:613][  0]LogMeshUtilities: No automatic mesh merging module available
[2015.09.21-11.39.46:868][  0]LogInit: WinSock: version 1.1 (2.2), MaxSocks=32767, MaxUdp=65467
[2015.09.21-11.39.53:938][  0]LogAssetRegistry: FAssetRegistry took 0.0112 seconds to start up
[2015.09.21-11.39.53:950][  0]LogDirectoryWatcher:Warning: Failed to begin reading directory changes for ../../../Engine/Plugins/Experimental/CharacterAI/Content/. Error: 0
[2015.09.21-11.39.53:962][  0]UdpMessaging: Initializing bridge on interface 0.0.0.0:0 to multicast group 230.0.0.1:6666.
[2015.09.21-11.39.55:767][  0]SourceControl: Info Source control is disabled
[2015.09.21-11.39.56:042][  0]SourceControl: Info Source control is disabled
[2015.09.21-11.39.56:053][  0]SourceControl: Info Source control is disabled
[2015.09.21-11.39.56:063][  0]SourceControl: Info Source control is disabled
[2015.09.21-11.39.56:741][  0]LogObj: 26440 objects as part of root set at end of initial load.
[2015.09.21-11.39.56:741][  0]LogUObjectAllocator: 5438864 out of 0 bytes used by permanent object pool.
[2015.09.21-11.39.56:954][  0]LogEngine: Initializing Engine...
[2015.09.21-11.39.56:956][  0]LogHMD: Can't find Oculus library dev build: is proper Runtime installed? Version: 0.6.0.0
[2015.09.21-11.39.56:984][  0]LogHMD:Warning: SteamVR failed to initialize.  Error: 110
[2015.09.21-11.39.57:616][  0]LogAIModule: Creating AISystem for world NewWorld
[2015.09.21-11.39.57:621][  0]LogInit: XAudio2 using 'Lautsprecher (Realtek High Definition Audio)' : 2 channels at 48 kHz using 32 bits per sample (channel mask 0x3)
[2015.09.21-11.39.57:639][  0]LogInit: FAudioDevice initialized.
[2015.09.21-11.39.57:668][  0]LogDerivedDataCache: Saved boot cache 0.03s 53MB C:/Users/Bodoo/AppData/Local/UnrealEngine/4.8/DerivedDataCache/Boot.ddc.
[2015.09.21-11.39.57:678][  0]LogInit: Texture streaming: Disabled
[2015.09.21-11.39.57:702][  0]LogAnalytics: Creating configured Analytics provider AnalyticsET
[2015.09.21-11.39.57:702][  0]LogAnalytics: [UEEditor.Rocket.Release] APIServer = http://et2.epicgames.com/ET2/. AppVersion = 4.8.3-2634408+++depot+UE4-Releases+4.8
[2015.09.21-11.39.57:702][  0]LogAnalytics: [UEEditor.Rocket.Release] SetUserId 0359330b4a4de6cf49a2cc9879aa4f35||823e2c57-8ae8-4d61-a04c-15505c18bf02
[2015.09.21-11.39.57:702][  0]LogAnalytics: [UEEditor.Rocket.Release] AnalyticsET::StartSession
[2015.09.21-11.39.57:728][  0]LogInit: Transaction tracking system initialized
[2015.09.21-11.39.57:849][  0]BlueprintLog: New page: Editor Load
[2015.09.21-11.39.58:470][  0]LogLinker:Warning: Can't find file '/Game/PuzzleBP/PuzzleOverview'
[2015.09.21-11.39.58:471][  0]LogLinker:Warning: Can't find file '/Game/PuzzleBP/PuzzleOverview'
[2015.09.21-11.39.58:471][  0]LogLinker:Warning: Can't find file '/Game/PuzzleBP/PuzzleOverview'
[2015.09.21-11.39.58:471][  0]LogUObjectGlobals:Warning: Failed to find object 'Class /Game/PuzzleBP/PuzzleOverview.PuzzleOverview_C'
[2015.09.21-11.39.58:582][  0]LogConsoleManager:Warning: Console variable 'r.VSync' wasn't set ('GameSetting' has a lower priority than 'SystemSettingsIni')
[2015.09.21-11.39.58:582][  0]LogConsoleResponse:Display: 
[2015.09.21-11.40.00:292][  0]LogCook:Display: Done creating registry. It took  0.00s.
[2015.09.21-11.40.01:182][  0]SourceControl: Info Source control is disabled
[2015.09.21-11.40.01:182][  0]Cmd: MAP LOAD FILE="../../../../Projekte/NotPartofTheGame/Content/NPOTG/Maps/Testing_Level.umap" TEMPLATE=0 SHOWPROGRESS=1 FEATURELEVEL=3
[2015.09.21-11.40.01:239][  0]LightingResults: New page: Lighting Build
[2015.09.21-11.40.01:251][  0]MapCheck: New page: Map Check
[2015.09.21-11.40.01:251][  0]LightingResults: New page: Lighting Build
[2015.09.21-11.40.01:260][  0]LogParticles: Destroying 0 GPU particle simulations for FXSystem 0x0000007200986F20
[2015.09.21-11.40.02:823][  0]LogBlueprint:Warning: [Admin_Widget] CreatePinForVariable: 'X' variable not found. Base class was probably changed.
[2015.09.21-11.40.02:823][  0]LogBlueprint:Warning: [Admin_Widget] CreatePinForVariable: 'Z' variable not found. Base class was probably changed.
[2015.09.21-11.40.02:847][  0]LogBlueprint:Warning: [compiler Admin_Widget] Warning Could not find a variable named "Z" in 'Markimoo_C'.
Make sure 'Markimoo_C' has been compiled for  Get Z 
[2015.09.21-11.40.02:847][  0]LogBlueprint:Warning: [compiler Admin_Widget] Warning Could not find a variable named "X" in 'Markimoo_C'.
Make sure 'Markimoo_C' has been compiled for  Get X 
[2015.09.21-11.40.02:848][  0]LogBlueprint:Error: [compiler Admin_Widget] Error The property associated with  Z  could not be found
[2015.09.21-11.40.02:848][  0]LogBlueprint:Error: [compiler Admin_Widget] Error The property associated with  X  could not be found
[2015.09.21-11.40.02:860][  0]LogBlueprint:Warning: [compiler Admin_Widget] Warning [0032.15] Compile of Admin_Widget failed. 2 Fatal Issue(s) 2 Warning(s) [in 31 ms]
[2015.09.21-11.40.02:860][  0]LogBlueprint:Warning: [compiler Admin_Widget] Warning [0032.15] Compile of Admin_Widget failed. 2 Fatal Issue(s) 3 Warning(s) [in 0 ms]
[2015.09.21-11.40.02:860][  0]LogBlueprint:Warning: [compiler Admin_Widget] Warning [0032.15] Compile of Admin_Widget failed. 2 Fatal Issue(s) 4 Warning(s) [in 0 ms]
[2015.09.21-11.40.07:129][  0]LogAIModule: Creating AISystem for world Testing_Level
[2015.09.21-11.40.07:131][  0]LogPrimitiveComponent: Zero scaling not supported (/Game/NPOTG/Maps/Testing_Level.Testing_Level:PersistentLevel.PlayerStart.CollisionCapsule)
[2015.09.21-11.40.07:237][  0]LogEditorServer: Finished looking for orphan Actors (0.000 secs)
[2015.09.21-11.40.07:241][  0]Cmd: MAP CHECKDEP NOCLEARLOG
[2015.09.21-11.40.07:308][  0]MapCheck: Info Map check complete: 0 Error(s), 0 Warning(s), took 66.932ms to complete.
[2015.09.21-11.40.07:308][  0]LogFileHelpers: Loading map 'Testing_Level' took 6.125
[2015.09.21-11.40.07:570][  0]LogCollectionManager: Loaded 0 collections in 0.001736 seconds
[2015.09.21-11.40.07:578][  0]LogContentBrowser: Native class hierarchy populated in 0.0072 seconds. Added 1807 classes and 307 folders.
[2015.09.21-11.40.07:637][  0]LogContentBrowser: Native class hierarchy updated for 'WidgetCarousel' in 0.0003 seconds. Added 0 classes and 0 folders.
[2015.09.21-11.40.07:845][  0]LogContentBrowser: Native class hierarchy updated for 'AddContentDialog' in 0.0003 seconds. Added 0 classes and 0 folders.
[2015.09.21-11.40.07:861][  0]LogContentBrowser: Native class hierarchy updated for 'SceneOutliner' in 0.0003 seconds. Added 1 classes and 2 folders.
[2015.09.21-11.40.08:058][  0]LogCrashTracker: Crashtracker disabled due to settings.
[2015.09.21-11.40.08:059][  0]LogD3D11RHI: InitD3DDevice
[2015.09.21-11.40.08:062][  0]LogUObjectGlobals:Warning: Failed to find object 'Class None.'
[2015.09.21-11.40.08:084][  0]LogLoad: Full Startup: 37.37 seconds (BP compile: 1.54 seconds)
[2015.09.21-11.40.08:094][  0]LogWindowsTextInputMethodSystem:Display: IME system now deactivated.
[2015.09.21-11.40.08:094][  0]LogWindowsTextInputMethodSystem:Display: IME system now deactivated.
[2015.09.21-11.40.08:094][  0]LoadErrors:Error: Error Failed import for FloatProperty /Game/NPOTG/Blueprints/Charaktere/Markimoo.Markimoo_C:X
[2015.09.21-11.40.08:103][  0]LoadErrors:Error: Error Failed import for FloatProperty /Game/NPOTG/Blueprints/Charaktere/Markimoo.Markimoo_C:Z
[2015.09.21-11.40.08:343][  0]LogContentStreaming: Texture pool size is 0.000000MB
[2015.09.21-11.40.08:474][  0]LogContentStreaming: Texture pool size now 1000 MB
[2015.09.21-11.40.08:477][  0]LogD3D11RHI: InitD3DDevice
[2015.09.21-11.40.08:746][  0]LogRenderer: Reallocating scene render targets to support 1208x576 (Frame:2).
[2015.09.21-11.40.09:336][  9]LogAssetRegistry: Asset discovery search completed in 15.4092 seconds
[2015.09.21-11.40.10:464][123]LogD3D11RHI: InitD3DDevice
[2015.09.21-11.40.19:729][ 62]LogD3D11RHI: InitD3DDevice
[2015.09.21-11.40.19:751][ 62]LogD3D11RHI: InitD3DDevice
[2015.09.21-11.40.19:805][ 62]LogLinker:Warning: Asset '../../../Engine/Content/ArtTools/RenderToTexture/Macros/RenderToTextureMacros.uasset' has been saved with empty engine version. The asset will be loaded but may be incompatible.
[2015.09.21-11.40.19:947][ 62]LogLinker:Warning: Asset '../../../Engine/Content/ArtTools/RenderToTexture/Enums/RenderToTexture_Enum.uasset' has been saved with empty engine version. The asset will be loaded but may be incompatible.
[2015.09.21-11.40.22:515][122]BlueprintLog: New page: Compile Markimoo
[2015.09.21-11.40.23:792][122]BlueprintEditorCompileResults: Info [0053.08] Compile of Markimoo successful! [in 1,276 ms]
[2015.09.21-11.40.26:614][268]LogParticles: Destroying 0 GPU particle simulations for FXSystem 0x000000720DFB6520
[2015.09.21-11.40.26:678][268]LogD3D11RHI: InitD3DDevice
[2015.09.21-11.40.28:072][268]LogSavePackage: Save=644.499146ms
[2015.09.21-11.40.28:072][268]LogSavePackage: Moving '../../../../Projekte/NotPartofTheGame/Saved/UEDPCTesting_Level03145DB14E4ADD0AF4ED26B1B0FE5EB7.tmp' to '../../../../Projekte/NotPartofTheGame/Saved/Autosaves/Game/NPOTG/Maps/UEDPCTesting_Level.umap'
[2015.09.21-11.41.17:634][408]LogD3D11RHI: InitD3DDevice
[2015.09.21-11.41.23:302][905]LogEditorViewport: Clicking on Actor (LMB): PaperSpriteActor (tileset2_Sprite_91)
[2015.09.21-11.41.25:713][144]LogEditorViewport: Clicking on Actor (LMB): PaperSpriteActor (tileset2_Sprite_88)
[2015.09.21-11.41.28:054][389]LogEditorViewport: Clicking on Actor (LMB): PaperSpriteActor (tileset2_Sprite_89)
[2015.09.21-11.41.29:813][572]LogEditorViewport: Clicking on Actor (LMB): PaperSpriteActor (tileset2_Sprite_90)
[2015.09.21-11.41.31:886][791]LogEditorViewport: Clicking Background
[2015.09.21-11.41.36:542][310]LogEditorViewport: Clicking on Actor (LMB): PaperSpriteActor (tileset2_Sprite_90)
[2015.09.21-11.41.42:035][901]LogEditorViewport: Clicking on Actor (LMB): PaperSpriteActor (tileset2_Sprite_91)
[2015.09.21-11.41.44:530][148]LogD3D11RHI: InitD3DDevice
[2015.09.21-11.41.45:294][148]LogSavePackage: Save=667.510010ms
[2015.09.21-11.41.45:294][148]LogSavePackage: Moving '../../../../Projekte/NotPartofTheGame/Saved/UEDPCTesting_Level6CE464D44049A561E351C79FE314B664.tmp' to '../../../../Projekte/NotPartofTheGame/Saved/Autosaves/Game/NPOTG/Maps/UEDPCTesting_Level.umap'
[2015.09.21-11.42.08:458][724]LogEditorViewport: Clicking on Actor (LMB): PaperSpriteActor (tileset2_Sprite_90)
[2015.09.21-11.42.14:369][356]LogD3D11RHI: InitD3DDevice
[2015.09.21-11.42.14:395][356]LogD3D11RHI: InitD3DDevice
[2015.09.21-11.42.48:253][452]LogD3D11RHI: InitD3DDevice
[2015.09.21-11.42.48:939][489]LogD3D11RHI: InitD3DDevice
[2015.09.21-11.43.20:165][354]LogD3D11RHI: InitD3DDevice
[2015.09.21-11.43.27:232][710]LogD3D11RHI: InitD3DDevice
[2015.09.21-11.43.33:741][108]LogD3D11RHI: InitD3DDevice
[2015.09.21-11.43.34:750][108]LogD3D11RHI: InitD3DDevice
[2015.09.21-11.43.34:779][108]Cmd: OBJ SAVEPACKAGE PACKAGE="/Game/NPOTG/Blueprints/Charaktere/wolf" FILE="../../../../Projekte/NotPartofTheGame/Content/NPOTG/Blueprints/Charaktere/wolf.uasset" SILENT=true
[2015.09.21-11.43.35:082][108]LogSavePackage: Save=206.764359ms
[2015.09.21-11.43.35:082][108]LogSavePackage: Moving '../../../../Projekte/NotPartofTheGame/Saved/wolfB66B6EA84A9023924875B8A6F0348DC7.tmp' to '../../../../Projekte/NotPartofTheGame/Content/NPOTG/Blueprints/Charaktere/wolf.uasset'
[2015.09.21-11.43.35:126][108]LogD3D11RHI: InitD3DDevice
[2015.09.21-11.43.35:866][108]LogSavePackage: Save=664.449707ms
[2015.09.21-11.43.35:866][108]LogSavePackage: Moving '../../../../Projekte/NotPartofTheGame/Saved/UEDPCTesting_Level4B92DF2143914B6B4FE6D48C3B5BEF86.tmp' to '../../../../Projekte/NotPartofTheGame/Saved/Autosaves/Game/NPOTG/Maps/UEDPCTesting_Level.umap'
[2015.09.21-11.44.22:995][725]LogD3D11RHI: InitD3DDevice
[2015.09.21-11.44.26:826][981]LogD3D11RHI: InitD3DDevice
[2015.09.21-11.44.27:552][ 26]LogD3D11RHI: InitD3DDevice
[2015.09.21-11.45.07:340][392]LogD3D11RHI: InitD3DDevice
[2015.09.21-11.45.10:688][611]LogD3D11RHI: InitD3DDevice
[2015.09.21-11.45.15:818][959]LogD3D11RHI: InitD3DDevice
[2015.09.21-11.45.16:296][988]LogD3D11RHI: InitD3DDevice
[2015.09.21-11.45.25:438][534]LogEditorTransaction: Undo Move Node
[2015.09.21-11.45.25:496][534]LogD3D11RHI: InitD3DDevice
[2015.09.21-11.45.26:000][554]LogEditorTransaction: Undo Promote To Variable
[2015.09.21-11.45.26:014][554]LogBlueprint:Warning: Loaded invalid component bound event in node /Engine/Transient.EdGraph_504:K2Node_ComponentBoundEvent_91.
[2015.09.21-11.45.29:596][767]LogD3D11RHI: InitD3DDevice
[2015.09.21-11.45.31:516][895]LogD3D11RHI: InitD3DDevice
[2015.09.21-11.45.32:019][925]LogD3D11RHI: InitD3DDevice
[2015.09.21-11.45.43:290][603]BlueprintLog: New page: Compile wolf
[2015.09.21-11.45.43:597][603]BlueprintEditorCompileResults: Info [0372.89] Compile of wolf successful! [in 306 ms]
[2015.09.21-11.46.00:001][627]LogD3D11RHI: InitD3DDevice
[2015.09.21-11.46.02:195][767]BlueprintLog: New page: Compile wolf
[2015.09.21-11.46.02:506][767]BlueprintEditorCompileResults: Info [0391.79] Compile of wolf successful! [in 311 ms]
[2015.09.21-11.46.03:408][815]LogD3D11RHI: InitD3DDevice
[2015.09.21-11.46.06:928][931]LogD3D11RHI: InitD3DDevice
[2015.09.21-11.46.07:943][931]LogD3D11RHI: InitD3DDevice
[2015.09.21-11.46.07:955][931]Cmd: OBJ SAVEPACKAGE PACKAGE="/Game/NPOTG/Blueprints/Charaktere/wolf" FILE="../../../../Projekte/NotPartofTheGame/Content/NPOTG/Blueprints/Charaktere/wolf.uasset" SILENT=true
[2015.09.21-11.46.08:215][931]LogSavePackage: Save=203.602661ms
[2015.09.21-11.46.08:215][931]LogSavePackage: Moving '../../../../Projekte/NotPartofTheGame/Saved/wolfE858A4354E48D1A60A2D959E5380C7EB.tmp' to '../../../../Projekte/NotPartofTheGame/Content/NPOTG/Blueprints/Charaktere/wolf.uasset'
[2015.09.21-11.46.08:259][931]LogD3D11RHI: InitD3DDevice
[2015.09.21-11.46.08:980][931]LogSavePackage: Save=646.563599ms
[2015.09.21-11.46.08:980][931]LogSavePackage: Moving '../../../../Projekte/NotPartofTheGame/Saved/UEDPCTesting_Level8856A203436E9F6FBCA73F86C9D1BE73.tmp' to '../../../../Projekte/NotPartofTheGame/Saved/Autosaves/Game/NPOTG/Maps/UEDPCTesting_Level.umap'
[2015.09.21-11.47.00:069][534]LogD3D11RHI: InitD3DDevice
[2015.09.21-11.47.02:840][534]LogD3D11RHI: InitD3DDevice
[2015.09.21-11.47.02:919][534]Cmd: OBJ SAVEPACKAGE PACKAGE="/Game/NPOTG/Maps/Testing_Level" FILE="../../../../Projekte/NotPartofTheGame/Content/NPOTG/Maps/Testing_Level.umap" SILENT=true AUTOSAVING=false KEEPDIRTY=false
[2015.09.21-11.47.03:694][534]LogSavePackage: Save=678.191284ms
[2015.09.21-11.47.03:694][534]LogSavePackage: Moving '../../../../Projekte/NotPartofTheGame/Saved/Testing_Level6881D76F4F395F9DCEF3B383B8CA2E0A.tmp' to '../../../../Projekte/NotPartofTheGame/Content/NPOTG/Maps/Testing_Level.umap'
[2015.09.21-11.47.03:737][534]LogFileHelpers: Saving map 'Testing_Level' took 0.888
[2015.09.21-11.47.03:855][534]LogWindowsTextInputMethodSystem:Display: IME system now deactivated.
[2015.09.21-11.47.03:855][534]LogWindowsTextInputMethodSystem:Display: IME system now deactivated.
[2015.09.21-11.47.04:105][535]Cmd: QUIT_EDITOR
[2015.09.21-11.47.04:346][535]LogExit: Preparing to exit.
[2015.09.21-11.47.05:289][535]LogExit: Editor shut down
[2015.09.21-11.47.05:290][535]LogExit: Transaction tracking system shut down
[2015.09.21-11.47.05:294][535]LogParticles: Destroying 0 GPU particle simulations for FXSystem 0x000000723271E840
[2015.09.21-11.47.05:294][535]LogParticles: Destroying 0 GPU particle simulations for FXSystem 0x000000722D099300
[2015.09.21-11.47.05:295][535]LogParticles: Destroying 0 GPU particle simulations for FXSystem 0x0000007204F94E00
[2015.09.21-11.47.05:297][535]LogParticles: Destroying 0 GPU particle simulations for FXSystem 0x000000720E52B9C0
[2015.09.21-11.47.05:297][535]LogParticles: Destroying 0 GPU particle simulations for FXSystem 0x0000007201FA45E0
[2015.09.21-11.47.05:297][535]LogParticles: Destroying 0 GPU particle simulations for FXSystem 0x0000007204FBC2C0
[2015.09.21-11.47.05:468][535]LogExit: Object subsystem successfully closed.
[2015.09.21-11.47.05:484][535]LogD3D11RHI: Shutdown
[2015.09.21-11.47.05:484][535]LogD3D11RHI: CleanupD3DDevice
[2015.09.21-11.47.05:564][535]LogD3D11RHI: ~FD3D11DynamicRHI
[2015.09.21-11.47.05:584][535]LogModuleManager: Shutting down and abandoning module CrashTracker (190)
[2015.09.21-11.47.05:584][535]LogModuleManager: Shutting down and abandoning module SceneOutliner (189)
[2015.09.21-11.47.05:584][535]LogModuleManager: Shutting down and abandoning module SuperSearch (188)
[2015.09.21-11.47.05:584][535]LogModuleManager: Shutting down and abandoning module WidgetCarousel (187)
[2015.09.21-11.47.05:584][535]LogModuleManager: Shutting down and abandoning module AddContentDialog (186)
[2015.09.21-11.47.05:584][535]LogModuleManager: Shutting down and abandoning module EditorWidgets (185)
[2015.09.21-11.47.05:584][535]LogModuleManager: Shutting down and abandoning module CollectionManager (184)
[2015.09.21-11.47.05:585][535]LogModuleManager: Shutting down and abandoning module StatsViewer (183)
[2015.09.21-11.47.05:585][535]LogModuleManager: Shutting down and abandoning module FoliageEdit (182)
[2015.09.21-11.47.05:585][535]LogModuleManager: Shutting down and abandoning module LandscapeEditor (181)
[2015.09.21-11.47.05:585][535]LogModuleManager: Shutting down and abandoning module ActorPickerMode (180)
[2015.09.21-11.47.05:585][535]LogModuleManager: Shutting down and abandoning module GeometryMode (179)
[2015.09.21-11.47.05:585][535]LogModuleManager: Shutting down and abandoning module TextureAlignMode (178)
[2015.09.21-11.47.05:585][535]LogModuleManager: Shutting down and abandoning module BspMode (177)
[2015.09.21-11.47.05:585][535]LogModuleManager: Shutting down and abandoning module PlacementMode (176)
[2015.09.21-11.47.05:585][535]LogModuleManager: Shutting down and abandoning module AutomationWorker (175)
[2015.09.21-11.47.05:585][535]LogModuleManager: Shutting down and abandoning module CharacterAI (174)
[2015.09.21-11.47.05:585][535]LogModuleManager: Shutting down and abandoning module SmartSnapping (173)
[2015.09.21-11.47.05:585][535]LogModuleManager: Shutting down and abandoning module ViewportSnapping (172)
[2015.09.21-11.47.05:585][535]LogModuleManager: Shutting down and abandoning module LogVisualizer (171)
[2015.09.21-11.47.05:585][535]LogModuleManager: Shutting down and abandoning module GameProjectGeneration (170)
[2015.09.21-11.47.05:585][535]LogModuleManager: Shutting down and abandoning module IntroTutorials (169)
[2015.09.21-11.47.05:585][535]LogModuleManager: Shutting down and abandoning module EditorLiveStreaming (168)
[2015.09.21-11.47.05:585][535]LogModuleManager: Shutting down and abandoning module IOSPlatformEditor (167)
[2015.09.21-11.47.05:585][535]LogModuleManager: Shutting down and abandoning module HTML5PlatformEditor (166)
[2015.09.21-11.47.05:585][535]LogModuleManager: Shutting down and abandoning module AndroidDeviceDetection (165)
[2015.09.21-11.47.05:607][535]LogModuleManager: Shutting down and abandoning module AndroidPlatformEditor (164)
[2015.09.21-11.47.05:607][535]LogModuleManager: Shutting down and abandoning module IOSRuntimeSettings (163)
[2015.09.21-11.47.05:607][535]LogModuleManager: Shutting down and abandoning module AndroidRuntimeSettings (162)
[2015.09.21-11.47.05:607][535]LogModuleManager: Shutting down and abandoning module MergeActors (161)
[2015.09.21-11.47.05:607][535]LogModuleManager: Shutting down and abandoning module SizeMap (160)
[2015.09.21-11.47.05:607][535]LogModuleManager: Shutting down and abandoning module TreeMap (159)
[2015.09.21-11.47.05:607][535]LogModuleManager: Shutting down and abandoning module ReferenceViewer (158)
[2015.09.21-11.47.05:607][535]LogModuleManager: Shutting down and abandoning module LocalizationDashboard (157)
[2015.09.21-11.47.05:607][535]LogModuleManager: Shutting down and abandoning module HardwareTargeting (156)
[2015.09.21-11.47.05:607][535]LogModuleManager: Shutting down and abandoning module DeviceProfileEditor (155)
[2015.09.21-11.47.05:607][535]LogModuleManager: Shutting down and abandoning module UndoHistory (154)
[2015.09.21-11.47.05:607][535]LogModuleManager: Shutting down and abandoning module GameplayTagsEditor (153)
[2015.09.21-11.47.05:607][535]LogModuleManager: Shutting down and abandoning module UserFeedback (152)
[2015.09.21-11.47.05:607][535]LogModuleManager: Shutting down and abandoning module XmlParser (151)
[2015.09.21-11.47.05:607][535]LogModuleManager: Shutting down and abandoning module Blutility (150)
[2015.09.21-11.47.05:607][535]LogModuleManager: Shutting down and abandoning module ProjectTargetPlatformEditor (149)
[2015.09.21-11.47.05:607][535]LogModuleManager: Shutting down and abandoning module ProjectSettingsViewer (148)
[2015.09.21-11.47.05:607][535]LogModuleManager: Shutting down and abandoning module InputBindingEditor (147)
[2015.09.21-11.47.05:607][535]LogModuleManager: Shutting down and abandoning module EditorSettingsViewer (146)
[2015.09.21-11.47.05:607][535]LogModuleManager: Shutting down and abandoning module SettingsEditor (145)
[2015.09.21-11.47.05:607][535]LogModuleManager: Shutting down and abandoning module ProjectLauncher (144)
[2015.09.21-11.47.05:607][535]LogModuleManager: Shutting down and abandoning module SessionFrontend (143)
[2015.09.21-11.47.05:607][535]LogModuleManager: Shutting down and abandoning module ProfilerClient (142)
[2015.09.21-11.47.05:607][535]LogModuleManager: Shutting down and abandoning module TargetDeviceServices (141)
[2015.09.21-11.47.05:607][535]LogModuleManager: Shutting down and abandoning module DeviceManager (140)
[2015.09.21-11.47.05:607][535]LogModuleManager: Shutting down and abandoning module AutomationController (139)
[2015.09.21-11.47.05:607][535]LogModuleManager: Shutting down and abandoning module AutomationWindow (138)
[2015.09.21-11.47.05:607][535]LogModuleManager: Shutting down and abandoning module Layers (137)
[2015.09.21-11.47.05:607][535]LogModuleManager: Shutting down and abandoning module ComponentVisualizers (136)
[2015.09.21-11.47.05:607][535]LogModuleManager: Shutting down and abandoning module DetailCustomizations (135)
[2015.09.21-11.47.05:608][535]LogModuleManager: Shutting down and abandoning module PackagesDialog (134)
[2015.09.21-11.47.05:608][535]LogModuleManager: Shutting down and abandoning module Persona (133)
[2015.09.21-11.47.05:608][535]LogModuleManager: Shutting down and abandoning module Kismet (132)
[2015.09.21-11.47.05:608][535]LogModuleManager: Shutting down and abandoning module GraphEditor (131)
[2015.09.21-11.47.05:608][535]LogModuleManager: Shutting down and abandoning module ClassViewer (130)
[2015.09.21-11.47.05:608][535]LogModuleManager: Shutting down and abandoning module Toolbox (129)
[2015.09.21-11.47.05:608][535]LogModuleManager: Shutting down and abandoning module ModuleUI (128)
[2015.09.21-11.47.05:608][535]LogModuleManager: Shutting down and abandoning module MovieSceneTools (127)
[2015.09.21-11.47.05:608][535]LogModuleManager: Shutting down and abandoning module OutputLog (126)
[2015.09.21-11.47.05:608][535]LogModuleManager: Shutting down and abandoning module GammaUI (125)
[2015.09.21-11.47.05:608][535]LogModuleManager: Shutting down and abandoning module Documentation (124)
[2015.09.21-11.47.05:608][535]LogModuleManager: Shutting down and abandoning module GameLiveStreaming (123)
[2015.09.21-11.47.05:608][535]LogModuleManager: Shutting down and abandoning module StreamingPauseRendering (122)
[2015.09.21-11.47.05:608][535]LogModuleManager: Shutting down and abandoning module AnalyticsET (121)
[2015.09.21-11.47.05:608][535]LogModuleManager: Shutting down and abandoning module Analytics (120)
[2015.09.21-11.47.05:608][535]LogModuleManager: Shutting down and abandoning module AITestSuite (119)
[2015.09.21-11.47.05:608][535]LogModuleManager: Shutting down and abandoning module GameplayDebugger (118)
[2015.09.21-11.47.05:608][535]LogModuleManager: Shutting down and abandoning module AIModule (117)
[2015.09.21-11.47.05:608][535]LogModuleManager: Shutting down and abandoning module ProfilerService (116)
[2015.09.21-11.47.05:847][535]LogModuleManager: Shutting down and abandoning module TaskGraph (115)
[2015.09.21-11.47.05:847][535]LogModuleManager: Shutting down and abandoning module SubstanceEditor (114)
[2015.09.21-11.47.05:847][535]LogModuleManager: Shutting down and abandoning module SlateRemote (113)
[2015.09.21-11.47.05:847][535]LogModuleManager: Shutting down and abandoning module SteamVRController (112)
[2015.09.21-11.47.05:847][535]LogModuleManager: Shutting down and abandoning module SteamVR (111)
[2015.09.21-11.47.05:847][535]LogModuleManager: Shutting down and abandoning module ProceduralMeshComponent (110)
[2015.09.21-11.47.05:847][535]LogModuleManager: Shutting down and abandoning module OculusRift (109)
[2015.09.21-11.47.05:847][535]LogModuleManager: Shutting down and abandoning module LeapMotionController (108)
[2015.09.21-11.47.05:854][535]LogModuleManager: Shutting down and abandoning module CustomMeshComponent (107)
[2015.09.21-11.47.05:854][535]LogModuleManager: Shutting down and abandoning module CableComponent (106)
[2015.09.21-11.47.05:854][535]LogModuleManager: Shutting down and abandoning module MessagingDebugger (105)
[2015.09.21-11.47.05:854][535]LogModuleManager: Shutting down and abandoning module MediaPlayerEditor (104)
[2015.09.21-11.47.05:854][535]LogModuleManager: Shutting down and abandoning module SpeedTreeImporter (103)
[2015.09.21-11.47.05:854][535]LogModuleManager: Shutting down and abandoning module PluginBrowser (102)
[2015.09.21-11.47.05:854][535]LogModuleManager: Shutting down and abandoning module EpicSurvey (101)
[2015.09.21-11.47.05:854][535]LogModuleManager: Shutting down and abandoning module DesktopPlatform (100)
[2015.09.21-11.47.05:854][535]LogModuleManager: Shutting down and abandoning module VisualStudioSourceCodeAccess (99)
[2015.09.21-11.47.05:854][535]LogModuleManager: Shutting down and abandoning module UObjectPlugin (98)
[2015.09.21-11.47.05:854][535]LogModuleManager: Shutting down and abandoning module SubversionSourceControl (97)
[2015.09.21-11.47.05:854][535]LogModuleManager: Shutting down and abandoning module PerforceSourceControl (96)
[2015.09.21-11.47.05:854][535]LogModuleManager: Shutting down and abandoning module SourceControl (95)
[2015.09.21-11.47.05:854][535]LogModuleManager: Shutting down and abandoning module GitSourceControl (94)
[2015.09.21-11.47.05:854][535]LogModuleManager: Shutting down and abandoning module BlankPlugin (93)
[2015.09.21-11.47.05:854][535]LogModuleManager: Shutting down and abandoning module PaperTiledImporter (92)
[2015.09.21-11.47.05:854][535]LogModuleManager: Shutting down and abandoning module PaperSpriteSheetImporter (91)
[2015.09.21-11.47.05:854][535]LogModuleManager: Shutting down and abandoning module MeshPaint (90)
[2015.09.21-11.47.05:854][535]LogModuleManager: Shutting down and abandoning module SlateReflector (89)
[2015.09.21-11.47.05:854][535]LogModuleManager: Shutting down and abandoning module HotReload (88)
[2015.09.21-11.47.05:854][535]LogModuleManager: Shutting down and abandoning module MainFrame (87)
[2015.09.21-11.47.05:854][535]LogModuleManager: Shutting down and abandoning module LevelEditor (86)
[2015.09.21-11.47.05:855][535]LogModuleManager: Shutting down and abandoning module ContentBrowser (85)
[2015.09.21-11.47.05:856][535]LogModuleManager: Shutting down and abandoning module Paper2DEditor (84)
[2015.09.21-11.47.05:856][535]LogModuleManager: Shutting down and abandoning module UdpMessaging (83)
[2015.09.21-11.47.05:957][535]LogModuleManager: Shutting down and abandoning module DirectoryWatcher (82)
[2015.09.21-11.47.05:957][535]LogModuleManager: Shutting down and abandoning module AssetRegistry (81)
[2015.09.21-11.47.06:027][535]LogModuleManager: Shutting down and abandoning module SubstanceCore (80)
[2015.09.21-11.47.06:027][535]LogModuleManager: Shutting down and abandoning module Paper2D (79)
[2015.09.21-11.47.06:027][535]LogModuleManager: Shutting down and abandoning module WindowsMoviePlayer (78)
[2015.09.21-11.47.06:029][535]LogModuleManager: Shutting down and abandoning module Media (77)
[2015.09.21-11.47.06:029][535]LogModuleManager: Shutting down and abandoning module WmfMedia (76)
[2015.09.21-11.47.06:029][535]LogModuleManager: Shutting down and abandoning module OnlineBlueprintSupport (75)
[2015.09.21-11.47.06:029][535]LogModuleManager: Shutting down and abandoning module PropertyEditor (74)
[2015.09.21-11.47.06:029][535]LogModuleManager: Shutting down and abandoning module BehaviorTreeEditor (73)
[2015.09.21-11.47.06:029][535]LogModuleManager: Shutting down and abandoning module FunctionalTesting (72)
[2015.09.21-11.47.06:029][535]LogModuleManager: Shutting down and abandoning module CollisionAnalyzer (71)
[2015.09.21-11.47.06:029][535]LogModuleManager: Shutting down and abandoning module WorkspaceMenuStructure (70)
[2015.09.21-11.47.06:029][535]LogModuleManager: Shutting down and abandoning module MessageLog (69)
[2015.09.21-11.47.06:029][535]LogModuleManager: Shutting down and abandoning module Sequencer (68)
[2015.09.21-11.47.06:029][535]LogModuleManager: Shutting down and abandoning module AssetTools (67)
[2015.09.21-11.47.06:029][535]LogModuleManager: Shutting down and abandoning module UMGEditor (66)
[2015.09.21-11.47.06:029][535]LogModuleManager: Shutting down and abandoning module UMG (65)
[2015.09.21-11.47.06:029][535]LogModuleManager: Shutting down and abandoning module Slate (64)
[2015.09.21-11.47.06:029][535]LogModuleManager: Shutting down and abandoning module EditorStyle (63)
[2015.09.21-11.47.06:032][535]LogModuleManager: Shutting down and abandoning module SessionServices (62)
[2015.09.21-11.47.06:032][535]LogModuleManager: Shutting down and abandoning module SourceCodeAccess (61)
[2015.09.21-11.47.06:032][535]LogModuleManager: Shutting down and abandoning module HeadMountedDisplay (60)
[2015.09.21-11.47.06:032][535]LogModuleManager: Shutting down and abandoning module XAudio2 (59)
[2015.09.21-11.47.06:032][535]LogModuleManager: Shutting down and abandoning module Networking (57)
[2015.09.21-11.47.06:032][535]LogModuleManager: Shutting down and abandoning module Core (56)
[2015.09.21-11.47.06:032][535]LogModuleManager: Shutting down and abandoning module KismetCompiler (55)
[2015.09.21-11.47.06:032][535]LogModuleManager: Shutting down and abandoning module PhysXFormats (54)
[2015.09.21-11.47.06:032][535]LogModuleManager: Shutting down and abandoning module MeshUtilities (53)
[2015.09.21-11.47.06:032][535]LogModuleManager: Shutting down and abandoning module DerivedDataCache (52)
[2015.09.21-11.47.06:094][535]LogDerivedDataCache: Shutdown
[2015.09.21-11.47.06:094][535]LogModuleManager: Shutting down and abandoning module ShaderFormatOpenGL (51)
[2015.09.21-11.47.06:094][535]LogModuleManager: Shutting down and abandoning module ShaderFormatD3D (50)
[2015.09.21-11.47.06:094][535]LogModuleManager: Shutting down and abandoning module MetalShaderFormat (49)
[2015.09.21-11.47.06:094][535]LogModuleManager: Shutting down and abandoning module TextureFormatUncompressed (48)
[2015.09.21-11.47.06:094][535]LogModuleManager: Shutting down and abandoning module TextureFormatPVR (47)
[2015.09.21-11.47.06:094][535]LogModuleManager: Shutting down and abandoning module TextureFormatIntelISPCTexComp (46)
[2015.09.21-11.47.06:094][535]LogModuleManager: Shutting down and abandoning module TextureFormatDXT (45)
[2015.09.21-11.47.06:094][535]LogModuleManager: Shutting down and abandoning module ImageWrapper (44)
[2015.09.21-11.47.06:094][535]LogModuleManager: Shutting down and abandoning module TextureFormatASTC (43)
[2015.09.21-11.47.06:094][535]LogModuleManager: Shutting down and abandoning module TextureFormatAndroid (42)
[2015.09.21-11.47.06:094][535]LogModuleManager: Shutting down and abandoning module AudioFormatOpus (41)
[2015.09.21-11.47.06:094][535]LogModuleManager: Shutting down and abandoning module AudioFormatOgg (40)
[2015.09.21-11.47.06:094][535]LogModuleManager: Shutting down and abandoning module AudioFormatADPCM (39)
[2015.09.21-11.47.06:094][535]LogModuleManager: Shutting down and abandoning module LinuxTargetPlatform (38)
[2015.09.21-11.47.06:094][535]LogModuleManager: Shutting down and abandoning module LinuxServerTargetPlatform (37)
[2015.09.21-11.47.06:094][535]LogModuleManager: Shutting down and abandoning module LinuxNoEditorTargetPlatform (36)
[2015.09.21-11.47.06:094][535]LogModuleManager: Shutting down and abandoning module Messaging (35)
[2015.09.21-11.47.06:094][535]LogModuleManager: Shutting down and abandoning module IOSTargetPlatform (34)
[2015.09.21-11.47.06:094][535]LogModuleManager: Shutting down and abandoning module HTML5TargetPlatform (33)
[2015.09.21-11.47.06:094][535]LogModuleManager: Shutting down and abandoning module Android_PVRTCTargetPlatform (32)
[2015.09.21-11.47.06:094][535]LogModuleManager: Shutting down and abandoning module Android_ETC2TargetPlatform (31)
[2015.09.21-11.47.06:094][535]LogModuleManager: Shutting down and abandoning module Android_ETC1TargetPlatform (30)
[2015.09.21-11.47.06:094][535]LogModuleManager: Shutting down and abandoning module Android_DXTTargetPlatform (29)
[2015.09.21-11.47.06:094][535]LogModuleManager: Shutting down and abandoning module Android_ATCTargetPlatform (28)
[2015.09.21-11.47.06:094][535]LogModuleManager: Shutting down and abandoning module Android_ASTCTargetPlatform (27)
[2015.09.21-11.47.06:094][535]LogModuleManager: Shutting down and abandoning module AndroidTargetPlatform (26)
[2015.09.21-11.47.06:094][535]LogModuleManager: Shutting down and abandoning module WindowsTargetPlatform (25)
[2015.09.21-11.47.06:094][535]LogModuleManager: Shutting down and abandoning module WindowsServerTargetPlatform (24)
[2015.09.21-11.47.06:094][535]LogModuleManager: Shutting down and abandoning module WindowsNoEditorTargetPlatform (23)
[2015.09.21-11.47.06:094][535]LogModuleManager: Shutting down and abandoning module WindowsClientTargetPlatform (22)
[2015.09.21-11.47.06:094][535]LogModuleManager: Shutting down and abandoning module DesktopTargetPlatform (21)
[2015.09.21-11.47.06:094][535]LogModuleManager: Shutting down and abandoning module TargetPlatform (20)
[2015.09.21-11.47.06:094][535]LogModuleManager: Shutting down and abandoning module InputCore (19)
[2015.09.21-11.47.06:094][535]LogModuleManager: Shutting down and abandoning module Settings (18)
[2015.09.21-11.47.06:094][535]LogModuleManager: Shutting down and abandoning module OnlineSubsystem (16)
[2015.09.21-11.47.06:094][535]LogModuleManager: Shutting down and abandoning module HTTP (15)
[2015.09.21-11.47.06:094][535]LogModuleManager: Shutting down and abandoning module ExampleDeviceProfileSelector (14)
[2015.09.21-11.47.06:094][535]LogModuleManager: Shutting down and abandoning module TextureCompressor (13)
[2015.09.21-11.47.06:094][535]LogModuleManager: Shutting down and abandoning module ShaderCore (12)
[2015.09.21-11.47.06:094][535]LogModuleManager: Shutting down and abandoning module Landscape (11)
[2015.09.21-11.47.06:094][535]LogModuleManager: Shutting down and abandoning module SlateRHIRenderer (10)
[2015.09.21-11.47.06:098][535]LogModuleManager: Shutting down and abandoning module OpenGLDrv (9)
[2015.09.21-11.47.06:098][535]LogModuleManager: Shutting down and abandoning module D3D11RHI (8)
[2015.09.21-11.47.06:098][535]LogModuleManager: Shutting down and abandoning module Renderer (7)
[2015.09.21-11.47.06:098][535]LogModuleManager: Shutting down and abandoning module Engine (6)
[2015.09.21-11.47.06:098][535]LogModuleManager: Shutting down and abandoning module CoreUObject (5)
[2015.09.21-11.47.06:098][535]LogModuleManager: Shutting down and abandoning module NetworkFile (4)
[2015.09.21-11.47.06:098][535]LogModuleManager: Shutting down and abandoning module StreamingFile (3)
[2015.09.21-11.47.06:098][535]LogModuleManager: Shutting down and abandoning module SandboxFile (2)
[2015.09.21-11.47.06:098][535]LogModuleManager: Shutting down and abandoning module PakFile (1)
[2015.09.21-11.47.06:100][535]LogExit: Exiting.
[2015.09.21-11.47.06:101][535]Log file closed, 09/21/15 13:47:06
