[2015.08.30-16.51.25:042][  0]Log file open, 08/30/15 18:51:25
[2015.08.30-16.51.25:042][  0]LogInit:Display: Running engine for game: NotPartofGame
[2015.08.30-16.51.25:042][  0]LogInit:Display: RandInit(523225458) SRandInit(523225458).
[2015.08.30-16.51.25:042][  0]LogTaskGraph: Started task graph with 4 named threads and 7 total threads.
[2015.08.30-16.51.25:042][  0]LogStats: Stats thread started
[2015.08.30-16.51.25:042][  0]LogInit: Version: 4.8.3-2634408+++depot+UE4-Releases+4.8
[2015.08.30-16.51.25:042][  0]LogInit: API Version: 2579680
[2015.08.30-16.51.25:042][  0]LogInit: Compiled (64-bit): Jul 27 2015 16:24:33
[2015.08.30-16.51.25:042][  0]LogInit: Compiled with Visual C++: 18.00.21005.01
[2015.08.30-16.51.25:042][  0]LogInit: Build Configuration: Development
[2015.08.30-16.51.25:042][  0]LogInit: Branch Name: ++depot+UE4-Releases+4.8
[2015.08.30-16.51.25:042][  0]LogInit: Command line:  /Temp/Autosaves/Game/NPOTG/Maps/UEDPCTesting_Level -game -PIEVIACONSOLE -ResX=1280 -ResY=720  -Multiprocess 
[2015.08.30-16.51.25:042][  0]LogInit: Base directory: C:/Users/Bodoo/Documents/Programmieren/4.8/Engine/Binaries/Win64/
[2015.08.30-16.51.25:042][  0]LogInit: Rocket: 1
[2015.08.30-16.51.25:060][  0]LogInit: Using libcurl 7.41.0
[2015.08.30-16.51.25:060][  0]LogInit:  - built for x86_64-pc-win32
[2015.08.30-16.51.25:060][  0]LogInit:  - supports SSL with WinSSL
[2015.08.30-16.51.25:060][  0]LogInit:  - other features:
[2015.08.30-16.51.25:060][  0]LogInit:      CURL_VERSION_SSL
[2015.08.30-16.51.25:060][  0]LogInit:      CURL_VERSION_IPV6
[2015.08.30-16.51.25:060][  0]LogInit:      CURL_VERSION_ASYNCHDNS
[2015.08.30-16.51.25:060][  0]LogInit:      CURL_VERSION_LARGEFILE
[2015.08.30-16.51.25:060][  0]LogInit:      CURL_VERSION_IDN
[2015.08.30-16.51.25:061][  0]LogInit:  CurlRequestOptions (configurable via config and command line):
[2015.08.30-16.51.25:061][  0]LogInit:  - bVerifyPeer = true  - Libcurl will verify peer certificate
[2015.08.30-16.51.25:061][  0]LogInit:  - bUseHttpProxy = false  - Libcurl will NOT use HTTP proxy
[2015.08.30-16.51.25:061][  0]LogInit:  - bDontReuseConnections = false  - Libcurl will reuse connections
[2015.08.30-16.51.25:061][  0]LogInit:  - CertBundlePath = nullptr  - Libcurl will use whatever was configured at build time.
[2015.08.30-16.51.25:074][  0]LogOnline:Warning: No default platform service specified for OnlineSubsystem
[2015.08.30-16.51.25:090][  0]LogInit: Presizing for 0 objects not considered by GC, pre-allocating 0 bytes.
[2015.08.30-16.51.25:099][  0]LogInit: Object subsystem initialized
[2015.08.30-16.51.25:100][  0]LogConsoleResponse:Warning: Skipping Unknown console variable: 'UIScaleCurve = (EditorCurveData=(Keys=((Time=480.000000,Value=0.444000),(Time=720.000000,Value=0.666000),(Time=1080.000000,Value=1.000000),(Time=8640.000000,Value=8.000000))),ExternalCurve=None)'
[2015.08.30-16.51.25:100][  0]LogConsoleResponse:Warning:   Found in ini file 'C:/Users/Bodoo/Documents/Programmieren/Projekte/NotPartofTheGame/Saved/Config/Windows/Engine.ini', in section '[/Script/Engine.RendererSettings]'
[2015.08.30-16.51.25:100][  0]LogConsoleManager:Warning: Console variable 'r.MSAA.CompositingSampleCount' wasn't set ('Scalability' has a lower priority than 'ProjectSetting')
[2015.08.30-16.51.25:100][  0]LogInit: Selected Device Profile: [Windows]
[2015.08.30-16.51.25:100][  0]LogInit: Applying CVar settings loaded from the selected device profile: [Windows]
[2015.08.30-16.51.25:103][  0]LogInit: Computer: DESKTOP-GLF6O4V
[2015.08.30-16.51.25:103][  0]LogInit: User: Bodoo
[2015.08.30-16.51.25:103][  0]LogInit: CPU Page size=4096, Cores=4
[2015.08.30-16.51.25:103][  0]LogInit: High frequency timer resolution =3.215351 MHz
[2015.08.30-16.51.25:103][  0]LogMemory: Memory total: Physical=12.0GB (12GB approx)
[2015.08.30-16.51.25:103][  0]LogMemory: Platform Memory Stats for Windows
[2015.08.30-16.51.25:103][  0]LogMemory: Process Physical Memory: 50.32 MB used, 50.32 MB peak
[2015.08.30-16.51.25:103][  0]LogMemory: Process Virtual Memory: 22.58 MB used, 22.58 MB peak
[2015.08.30-16.51.25:104][  0]LogMemory: Physical Memory: 2715.59 MB used, 12270.70 MB total
[2015.08.30-16.51.25:104][  0]LogMemory: Virtual Memory: 310.61 MB used, 134217728.00 MB total
[2015.08.30-16.51.25:133][  0]LogTextLocalizationManager: The requested culture ('de_DE') has no localization data; falling back to 'en' for localization and internationalization data.
[2015.08.30-16.51.25:378][  0]LogTextLocalizationManager:Warning: Loaded localization resources contain conflicting entries for (Namespace:ContentBrowser, Key:ImportAssetToolTip):
Localization Resource: (C:/Users/Bodoo/Documents/Programmieren/4.8/Engine/Content/Localization/Editor/en/Editor.locres) Source String Hash: (-630476809) Localized String: (Import to {0}...)
Localization Resource: (C:/Users/Bodoo/Documents/Programmieren/4.8/Engine/Content/Localization/Editor/en/Editor.locres) Source String Hash: (1271782899) Localized String: (Imports an asset from file to this folder.)
[2015.08.30-16.51.25:713][  0]LogD3D11RHI: Found D3D11 adapter 0: AMD Radeon HD 6800 Series (Feature Level 11_0)
[2015.08.30-16.51.25:713][  0]LogD3D11RHI: Adapter has 1011MB of dedicated video memory, 0MB of dedicated system memory, and 3840MB of shared system memory, 1 output[s]
[2015.08.30-16.51.25:714][  0]LogD3D11RHI: Found D3D11 adapter 1: Microsoft Basic Render Driver (Feature Level 11_0)
[2015.08.30-16.51.25:714][  0]LogD3D11RHI: Adapter has 0MB of dedicated video memory, 0MB of dedicated system memory, and 6135MB of shared system memory, 0 output[s]
[2015.08.30-16.51.25:714][  0]LogD3D11RHI: Chosen D3D11 Adapter Id = 0
[2015.08.30-16.51.25:717][  0]LogD3D11RHI: InitD3DDevice
[2015.08.30-16.51.25:717][  0]LogD3D11RHI: !Direct3DDevice
[2015.08.30-16.51.25:717][  0]LogRHI: Texture pool is 708 MB (70% of 1011 MB)
[2015.08.30-16.51.25:723][  0]LogD3D11RHI: Async texture creation disabled: no driver support
[2015.08.30-16.51.25:733][  0]LogShaderCompilers:Display: Using Local Shader Compiler.
[2015.08.30-16.51.26:535][  0]LogTemp:Display: Loaded TP DesktopTargetPlatform
[2015.08.30-16.51.26:550][  0]LogTemp:Display: Loaded TP WindowsClientTargetPlatform
[2015.08.30-16.51.26:564][  0]LogTemp:Display: Loaded TP WindowsNoEditorTargetPlatform
[2015.08.30-16.51.26:579][  0]LogTemp:Display: Loaded TP WindowsServerTargetPlatform
[2015.08.30-16.51.26:595][  0]LogTemp:Display: Loaded TP WindowsTargetPlatform
[2015.08.30-16.51.26:608][  0]LogTemp:Display: Loaded TP AndroidTargetPlatform
[2015.08.30-16.51.26:620][  0]LogTemp:Display: Loaded TP Android_ASTCTargetPlatform
[2015.08.30-16.51.26:633][  0]LogTemp:Display: Loaded TP Android_ATCTargetPlatform
[2015.08.30-16.51.26:645][  0]LogTemp:Display: Loaded TP Android_DXTTargetPlatform
[2015.08.30-16.51.26:658][  0]LogTemp:Display: Loaded TP Android_ETC1TargetPlatform
[2015.08.30-16.51.26:672][  0]LogTemp:Display: Loaded TP Android_ETC2TargetPlatform
[2015.08.30-16.51.26:686][  0]LogTemp:Display: Loaded TP Android_PVRTCTargetPlatform
[2015.08.30-16.51.26:735][  0]LogTemp:Display: Loaded TP IOSTargetPlatform
[2015.08.30-16.51.26:747][  0]LogTemp:Display: Loaded TP LinuxNoEditorTargetPlatform
[2015.08.30-16.51.26:760][  0]LogTemp:Display: Loaded TP LinuxServerTargetPlatform
[2015.08.30-16.51.26:776][  0]LogTemp:Display: Loaded TP LinuxTargetPlatform
[2015.08.30-16.51.26:776][  0]LogTargetPlatformManager:Display: Building Assets For Windows
[2015.08.30-16.51.26:981][  0]LogDerivedDataCache:Display: Max Cache Size: 512 MB
[2015.08.30-16.51.27:045][  0]LogDerivedDataCache: Loaded boot cache 0.06s 53MB C:/Users/Bodoo/AppData/Local/UnrealEngine/4.8/DerivedDataCache/Boot.ddc.
[2015.08.30-16.51.27:045][  0]LogDerivedDataCache:Display: Loaded Boot cache: C:/Users/Bodoo/AppData/Local/UnrealEngine/4.8/DerivedDataCache/Boot.ddc
[2015.08.30-16.51.27:045][  0]LogDerivedDataCache: FDerivedDataBackendGraph:  Pak pak cache file ../../../../Projekte/NotPartofTheGame/DerivedDataCache/DDC.ddp not found, will not use a pak cache.
[2015.08.30-16.51.27:045][  0]LogDerivedDataCache: Unable to find inner node Pak for hierarchical cache Hierarchy.
[2015.08.30-16.51.27:045][  0]LogDerivedDataCache: FDerivedDataBackendGraph:  CompressedPak pak cache file ../../../../Projekte/NotPartofTheGame/DerivedDataCache/Compressed.ddp not found, will not use a pak cache.
[2015.08.30-16.51.27:045][  0]LogDerivedDataCache: Unable to find inner node CompressedPak for hierarchical cache Hierarchy.
[2015.08.30-16.51.27:192][  0]LogDerivedDataCache:Display: Pak cache opened for reading ../../../Engine/DerivedDataCache/Compressed.ddp.
[2015.08.30-16.51.27:204][  0]LogDerivedDataCache: Using Local data cache path C:/Users/Bodoo/AppData/Local/UnrealEngine/Common/DerivedDataCache: Writable
[2015.08.30-16.51.27:437][  0]LogInit: Selected Device Profile: [Windows]
[2015.08.30-16.51.27:522][  0]ImportText (ComponentSweepMultiTests): Missing closing parenthesis: (RootShapeAsset="/Engine/BasicShapes/Cube.Cube",ShapeType="TriggerCapsule",HitResult=(Time=0.50,Location=(X=-100.000015,Y=0.0,Z=100.000015),ImpactPoint=(X=-50.0,Y=0.0,Z=50.0),Normal=(X=-1.0,Y=-0.0,Z=0.0),ImpactNormal=(X=0.0,Y=0.0,Z=1.0),TraceStart=(X=-200.0,Y=0.0,Z=200.0),TraceEnd=(X=0.0,Y=0.0,Z=0.0))
[2015.08.30-16.51.27:523][  0]ImportText (LineTraceSingleByChannelTests): Missing closing parenthesis: (RootShapeAsset="/Engine/BasicShapes/Cube.Cube",HitResult=(Time=0.50,Location=(X=-100.000015,Y=0.0,Z=100.000015),ImpactPoint=(X=-50.0,Y=0.0,Z=50.0),Normal=(X=-1.0,Y=-0.0,Z=0.0),ImpactNormal=(X=0.0,Y=0.0,Z=1.0),TraceStart=(X=-200.0,Y=0.0,Z=200.0),TraceEnd=(X=0.0,Y=0.0,Z=0.0))
[2015.08.30-16.51.27:551][  0]LogMeshUtilities: No automatic mesh reduction module available
[2015.08.30-16.51.27:551][  0]LogMeshUtilities: No automatic mesh merging module available
[2015.08.30-16.51.27:831][  0]LogInit: WinSock: version 1.1 (2.2), MaxSocks=32767, MaxUdp=65467
[2015.08.30-16.51.28:270][  0]LogD3D11RHI: InitD3DDevice
[2015.08.30-16.51.28:275][  0]LogWindowsMoviePlayer: Unable to load movie: ../../../../Projekte/NotPartofTheGame/Content/Movies/Default_Startup.mp4
[2015.08.30-16.51.28:415][  0]LogAssetRegistry: FAssetRegistry took 0.0001 seconds to start up
[2015.08.30-16.51.28:460][  0]SourceControl: Info Source control is disabled
[2015.08.30-16.51.28:461][  0]SourceControl: Info Source control is disabled
[2015.08.30-16.51.28:471][  0]SourceControl: Info Source control is disabled
[2015.08.30-16.51.28:652][  0]LogObj: 25913 objects as part of root set at end of initial load.
[2015.08.30-16.51.28:652][  0]LogUObjectAllocator: 5218480 out of 0 bytes used by permanent object pool.
[2015.08.30-16.51.28:722][  0]LogAutomationTest:Warning: ERR: Transient text cannot be serialized "Testing Transient serialization detection".
[2015.08.30-16.51.28:722][  0]LogEngine: Initializing Engine...
[2015.08.30-16.51.28:724][  0]LogHMD: Can't find Oculus library dev build: is proper Runtime installed? Version: 0.6.0.0
[2015.08.30-16.51.28:725][  0]LogHMD:Warning: SteamVR failed to initialize.  Error: 110
[2015.08.30-16.51.28:817][  0]LogInit: XAudio2 using 'Lautsprecher (G510s Gaming Keyboard)' : 2 channels at 48 kHz using 16 bits per sample (channel mask 0x3)
[2015.08.30-16.51.28:824][  0]LogInit: FAudioDevice initialized.
[2015.08.30-16.51.28:833][  0]LogInit: Texture streaming: Disabled
[2015.08.30-16.51.28:894][  0]LogNet: Browse: /Temp/Autosaves/Game/NPOTG/Maps/UEDPCTesting_Level?Name=Player
[2015.08.30-16.51.28:895][  0]LogLoad: LoadMap: /Temp/Autosaves/Game/NPOTG/Maps/UEDPCTesting_Level?Name=Player
[2015.08.30-16.51.28:905][  0]LogParticles: Destroying 0 GPU particle simulations for FXSystem 0x000000B3D1487560
[2015.08.30-16.51.28:914][  0]LogMemory: Platform Memory Stats for Windows
[2015.08.30-16.51.28:914][  0]LogMemory: Process Physical Memory: 338.19 MB used, 338.20 MB peak
[2015.08.30-16.51.28:914][  0]LogMemory: Process Virtual Memory: 374.46 MB used, 374.46 MB peak
[2015.08.30-16.51.28:914][  0]LogMemory: Physical Memory: 2953.63 MB used, 12270.70 MB total
[2015.08.30-16.51.28:914][  0]LogMemory: Virtual Memory: 891.63 MB used, 134217728.00 MB total
[2015.08.30-16.51.28:914][  0]LogMemory: 
[2015.08.30-16.51.28:914][  0]Allocator Stats for TBB: (not implemented)
[2015.08.30-16.51.29:800][  0]LogProperty:Warning: ERR: Transient text cannot be serialized "NewRotation Roll".
[2015.08.30-16.51.29:800][  0]LogProperty:Warning: ERR: Transient text cannot be serialized "NewRotation Yaw".
[2015.08.30-16.51.29:800][  0]LogProperty:Warning: ERR: Transient text cannot be serialized "NewRotation Pitch".
[2015.08.30-16.51.29:800][  0]LogProperty:Warning: ERR: Transient text cannot be serialized "NewRotation Roll".
[2015.08.30-16.51.29:800][  0]LogProperty:Warning: ERR: Transient text cannot be serialized "NewRotation Yaw".
[2015.08.30-16.51.29:800][  0]LogProperty:Warning: ERR: Transient text cannot be serialized "NewRotation Pitch".
[2015.08.30-16.51.29:846][  0]LogProperty:Warning: ERR: Transient text cannot be serialized "NewRotation Roll".
[2015.08.30-16.51.29:846][  0]LogProperty:Warning: ERR: Transient text cannot be serialized "NewRotation Yaw".
[2015.08.30-16.51.29:846][  0]LogProperty:Warning: ERR: Transient text cannot be serialized "NewRotation Pitch".
[2015.08.30-16.51.29:846][  0]LogProperty:Warning: ERR: Transient text cannot be serialized "NewRotation Roll".
[2015.08.30-16.51.29:846][  0]LogProperty:Warning: ERR: Transient text cannot be serialized "NewRotation Yaw".
[2015.08.30-16.51.29:846][  0]LogProperty:Warning: ERR: Transient text cannot be serialized "NewRotation Pitch".
[2015.08.30-16.51.30:721][  0]LogAIModule: Creating AISystem for world Testing_Level
[2015.08.30-16.51.30:722][  0]LogWorld: Game class is '2DSideScrollerGameMode_C'
[2015.08.30-16.51.30:785][  0]LogWorld: Bringing World /Temp/Autosaves/Game/NPOTG/Maps/UEDPCTesting_Level.Testing_Level up for play (max tick rate 0) at 2015.08.30-18.51.30
[2015.08.30-16.51.30:798][  0]LogWorld: Bringing up level for play took: 0.073415
[2015.08.30-16.51.30:802][  0]LogInit:Display: Game Engine Initialized.
[2015.08.30-16.51.31:028][  0]LogLoad: Full Startup: 7.58 seconds (BP compile: 0.94 seconds)
[2015.08.30-16.51.31:044][  0]LogWindowsTextInputMethodSystem:Display: IME system now deactivated.
[2015.08.30-16.51.31:045][  0]LogWindowsTextInputMethodSystem:Display: IME system now deactivated.
[2015.08.30-16.51.31:047][  0]LogContentStreaming: Texture pool size is 1000.000000MB
[2015.08.30-16.51.31:173][  0]LogRenderer: Reallocating scene render targets to support 1280x720 (Frame:2).
[2015.08.30-16.51.33:927][  3]LogD3D11RHI:Error: Direct3DDevice->CreateQuery(&Desc,Query.GetInitReference()) failed 
 at D:\BuildFarm\buildmachine_++depot+UE4-Releases+4.8\Engine\Source\Runtime\Windows\D3D11RHI\Private\D3D11Query.cpp:36 
 with error DXGI_ERROR_DEVICE_REMOVED
[2015.08.30-16.51.37:178][  3]LogWindows: FPlatformMisc::RequestExit(1)
[2015.08.30-16.51.37:178][  3]Log file closed, 08/30/15 18:51:37
