[2015.09.23-16.41.57:531][  0]Log file open, 09/23/15 18:41:57
[2015.09.23-16.41.57:531][  0]LogInit:Display: Running engine for game: NotPartofGame
[2015.09.23-16.41.57:531][  0]LogInit:Display: RandInit(308713037) SRandInit(308713038).
[2015.09.23-16.41.57:531][  0]LogTaskGraph: Started task graph with 4 named threads and 7 total threads.
[2015.09.23-16.41.57:531][  0]LogStats: Stats thread started
[2015.09.23-16.41.57:531][  0]LogInit: Version: 4.8.3-2634408+++depot+UE4-Releases+4.8
[2015.09.23-16.41.57:531][  0]LogInit: API Version: 2579680
[2015.09.23-16.41.57:531][  0]LogInit: Compiled (64-bit): Jul 27 2015 16:24:33
[2015.09.23-16.41.57:531][  0]LogInit: Compiled with Visual C++: 18.00.21005.01
[2015.09.23-16.41.57:531][  0]LogInit: Build Configuration: Development
[2015.09.23-16.41.57:531][  0]LogInit: Branch Name: ++depot+UE4-Releases+4.8
[2015.09.23-16.41.57:531][  0]LogInit: Command line:  /Temp/Autosaves/Game/NPOTG/Maps/UEDPCTesting_Level -game -PIEVIACONSOLE -ResX=1280 -ResY=720  -Multiprocess 
[2015.09.23-16.41.57:531][  0]LogInit: Base directory: C:/Users/Bodoo/Documents/Programmieren/4.8/Engine/Binaries/Win64/
[2015.09.23-16.41.57:531][  0]LogInit: Rocket: 1
[2015.09.23-16.41.57:550][  0]LogInit: Using libcurl 7.41.0
[2015.09.23-16.41.57:550][  0]LogInit:  - built for x86_64-pc-win32
[2015.09.23-16.41.57:550][  0]LogInit:  - supports SSL with WinSSL
[2015.09.23-16.41.57:550][  0]LogInit:  - other features:
[2015.09.23-16.41.57:550][  0]LogInit:      CURL_VERSION_SSL
[2015.09.23-16.41.57:550][  0]LogInit:      CURL_VERSION_IPV6
[2015.09.23-16.41.57:550][  0]LogInit:      CURL_VERSION_ASYNCHDNS
[2015.09.23-16.41.57:550][  0]LogInit:      CURL_VERSION_LARGEFILE
[2015.09.23-16.41.57:550][  0]LogInit:      CURL_VERSION_IDN
[2015.09.23-16.41.57:550][  0]LogInit:  CurlRequestOptions (configurable via config and command line):
[2015.09.23-16.41.57:550][  0]LogInit:  - bVerifyPeer = true  - Libcurl will verify peer certificate
[2015.09.23-16.41.57:550][  0]LogInit:  - bUseHttpProxy = false  - Libcurl will NOT use HTTP proxy
[2015.09.23-16.41.57:550][  0]LogInit:  - bDontReuseConnections = false  - Libcurl will reuse connections
[2015.09.23-16.41.57:550][  0]LogInit:  - CertBundlePath = nullptr  - Libcurl will use whatever was configured at build time.
[2015.09.23-16.41.57:563][  0]LogOnline:Warning: No default platform service specified for OnlineSubsystem
[2015.09.23-16.41.57:578][  0]LogInit: Presizing for 0 objects not considered by GC, pre-allocating 0 bytes.
[2015.09.23-16.41.57:586][  0]LogInit: Object subsystem initialized
[2015.09.23-16.41.57:587][  0]LogConsoleResponse:Warning: Skipping Unknown console variable: 'UIScaleCurve = (EditorCurveData=(Keys=((Time=480.000000,Value=0.444000),(Time=720.000000,Value=0.666000),(Time=1080.000000,Value=1.000000),(Time=8640.000000,Value=8.000000))),ExternalCurve=None)'
[2015.09.23-16.41.57:587][  0]LogConsoleResponse:Warning:   Found in ini file 'C:/Users/Bodoo/Documents/Programmieren/Projekte/NotPartofTheGame/Saved/Config/Windows/Engine.ini', in section '[/Script/Engine.RendererSettings]'
[2015.09.23-16.41.57:587][  0]LogConsoleManager:Warning: Console variable 'r.MSAA.CompositingSampleCount' wasn't set ('Scalability' has a lower priority than 'ProjectSetting')
[2015.09.23-16.41.57:587][  0]LogInit: Selected Device Profile: [Windows]
[2015.09.23-16.41.57:587][  0]LogInit: Applying CVar settings loaded from the selected device profile: [Windows]
[2015.09.23-16.41.57:591][  0]LogInit: Computer: DESKTOP-GLF6O4V
[2015.09.23-16.41.57:591][  0]LogInit: User: Bodoo
[2015.09.23-16.41.57:591][  0]LogInit: CPU Page size=4096, Cores=4
[2015.09.23-16.41.57:591][  0]LogInit: High frequency timer resolution =3.215354 MHz
[2015.09.23-16.41.57:591][  0]LogMemory: Memory total: Physical=12.0GB (12GB approx)
[2015.09.23-16.41.57:591][  0]LogMemory: Platform Memory Stats for Windows
[2015.09.23-16.41.57:591][  0]LogMemory: Process Physical Memory: 51.36 MB used, 51.36 MB peak
[2015.09.23-16.41.57:591][  0]LogMemory: Process Virtual Memory: 22.80 MB used, 22.80 MB peak
[2015.09.23-16.41.57:591][  0]LogMemory: Physical Memory: 2415.78 MB used, 12270.45 MB total
[2015.09.23-16.41.57:591][  0]LogMemory: Virtual Memory: 310.63 MB used, 134217728.00 MB total
[2015.09.23-16.41.57:619][  0]LogTextLocalizationManager: The requested culture ('de_DE') has no localization data; falling back to 'en' for localization and internationalization data.
[2015.09.23-16.41.57:862][  0]LogTextLocalizationManager:Warning: Loaded localization resources contain conflicting entries for (Namespace:ContentBrowser, Key:ImportAssetToolTip):
Localization Resource: (C:/Users/Bodoo/Documents/Programmieren/4.8/Engine/Content/Localization/Editor/en/Editor.locres) Source String Hash: (-630476809) Localized String: (Import to {0}...)
Localization Resource: (C:/Users/Bodoo/Documents/Programmieren/4.8/Engine/Content/Localization/Editor/en/Editor.locres) Source String Hash: (1271782899) Localized String: (Imports an asset from file to this folder.)
[2015.09.23-16.41.58:192][  0]LogD3D11RHI: Found D3D11 adapter 0: AMD Radeon HD 6800 Series (Feature Level 11_0)
[2015.09.23-16.41.58:192][  0]LogD3D11RHI: Adapter has 1011MB of dedicated video memory, 0MB of dedicated system memory, and 3840MB of shared system memory, 1 output[s]
[2015.09.23-16.41.58:193][  0]LogD3D11RHI: Found D3D11 adapter 1: Microsoft Basic Render Driver (Feature Level 11_0)
[2015.09.23-16.41.58:194][  0]LogD3D11RHI: Adapter has 0MB of dedicated video memory, 0MB of dedicated system memory, and 6135MB of shared system memory, 0 output[s]
[2015.09.23-16.41.58:194][  0]LogD3D11RHI: Chosen D3D11 Adapter Id = 0
[2015.09.23-16.41.58:197][  0]LogD3D11RHI: InitD3DDevice
[2015.09.23-16.41.58:197][  0]LogD3D11RHI: !Direct3DDevice
[2015.09.23-16.41.58:197][  0]LogRHI: Texture pool is 708 MB (70% of 1011 MB)
[2015.09.23-16.41.58:204][  0]LogD3D11RHI: Async texture creation disabled: no driver support
[2015.09.23-16.41.58:214][  0]LogShaderCompilers:Display: Using Local Shader Compiler.
[2015.09.23-16.41.58:989][  0]LogTemp:Display: Loaded TP DesktopTargetPlatform
[2015.09.23-16.41.59:003][  0]LogTemp:Display: Loaded TP WindowsClientTargetPlatform
[2015.09.23-16.41.59:018][  0]LogTemp:Display: Loaded TP WindowsNoEditorTargetPlatform
[2015.09.23-16.41.59:031][  0]LogTemp:Display: Loaded TP WindowsServerTargetPlatform
[2015.09.23-16.41.59:047][  0]LogTemp:Display: Loaded TP WindowsTargetPlatform
[2015.09.23-16.41.59:059][  0]LogTemp:Display: Loaded TP AndroidTargetPlatform
[2015.09.23-16.41.59:071][  0]LogTemp:Display: Loaded TP Android_ASTCTargetPlatform
[2015.09.23-16.41.59:085][  0]LogTemp:Display: Loaded TP Android_ATCTargetPlatform
[2015.09.23-16.41.59:097][  0]LogTemp:Display: Loaded TP Android_DXTTargetPlatform
[2015.09.23-16.41.59:109][  0]LogTemp:Display: Loaded TP Android_ETC1TargetPlatform
[2015.09.23-16.41.59:122][  0]LogTemp:Display: Loaded TP Android_ETC2TargetPlatform
[2015.09.23-16.41.59:134][  0]LogTemp:Display: Loaded TP Android_PVRTCTargetPlatform
[2015.09.23-16.41.59:183][  0]LogTemp:Display: Loaded TP IOSTargetPlatform
[2015.09.23-16.41.59:195][  0]LogTemp:Display: Loaded TP LinuxNoEditorTargetPlatform
[2015.09.23-16.41.59:207][  0]LogTemp:Display: Loaded TP LinuxServerTargetPlatform
[2015.09.23-16.41.59:222][  0]LogTemp:Display: Loaded TP LinuxTargetPlatform
[2015.09.23-16.41.59:222][  0]LogTargetPlatformManager:Display: Building Assets For Windows
[2015.09.23-16.41.59:423][  0]LogDerivedDataCache:Display: Max Cache Size: 512 MB
[2015.09.23-16.41.59:491][  0]LogDerivedDataCache: Loaded boot cache 0.07s 53MB C:/Users/Bodoo/AppData/Local/UnrealEngine/4.8/DerivedDataCache/Boot.ddc.
[2015.09.23-16.41.59:491][  0]LogDerivedDataCache:Display: Loaded Boot cache: C:/Users/Bodoo/AppData/Local/UnrealEngine/4.8/DerivedDataCache/Boot.ddc
[2015.09.23-16.41.59:491][  0]LogDerivedDataCache: FDerivedDataBackendGraph:  Pak pak cache file ../../../../Projekte/NotPartofTheGame/DerivedDataCache/DDC.ddp not found, will not use a pak cache.
[2015.09.23-16.41.59:491][  0]LogDerivedDataCache: Unable to find inner node Pak for hierarchical cache Hierarchy.
[2015.09.23-16.41.59:491][  0]LogDerivedDataCache: FDerivedDataBackendGraph:  CompressedPak pak cache file ../../../../Projekte/NotPartofTheGame/DerivedDataCache/Compressed.ddp not found, will not use a pak cache.
[2015.09.23-16.41.59:491][  0]LogDerivedDataCache: Unable to find inner node CompressedPak for hierarchical cache Hierarchy.
[2015.09.23-16.41.59:638][  0]LogDerivedDataCache:Display: Pak cache opened for reading ../../../Engine/DerivedDataCache/Compressed.ddp.
[2015.09.23-16.41.59:650][  0]LogDerivedDataCache: Using Local data cache path C:/Users/Bodoo/AppData/Local/UnrealEngine/Common/DerivedDataCache: Writable
[2015.09.23-16.41.59:880][  0]LogInit: Selected Device Profile: [Windows]
[2015.09.23-16.41.59:964][  0]ImportText (ComponentSweepMultiTests): Missing closing parenthesis: (RootShapeAsset="/Engine/BasicShapes/Cube.Cube",ShapeType="TriggerCapsule",HitResult=(Time=0.50,Location=(X=-100.000015,Y=0.0,Z=100.000015),ImpactPoint=(X=-50.0,Y=0.0,Z=50.0),Normal=(X=-1.0,Y=-0.0,Z=0.0),ImpactNormal=(X=0.0,Y=0.0,Z=1.0),TraceStart=(X=-200.0,Y=0.0,Z=200.0),TraceEnd=(X=0.0,Y=0.0,Z=0.0))
[2015.09.23-16.41.59:964][  0]ImportText (LineTraceSingleByChannelTests): Missing closing parenthesis: (RootShapeAsset="/Engine/BasicShapes/Cube.Cube",HitResult=(Time=0.50,Location=(X=-100.000015,Y=0.0,Z=100.000015),ImpactPoint=(X=-50.0,Y=0.0,Z=50.0),Normal=(X=-1.0,Y=-0.0,Z=0.0),ImpactNormal=(X=0.0,Y=0.0,Z=1.0),TraceStart=(X=-200.0,Y=0.0,Z=200.0),TraceEnd=(X=0.0,Y=0.0,Z=0.0))
[2015.09.23-16.41.59:991][  0]LogMeshUtilities: No automatic mesh reduction module available
[2015.09.23-16.41.59:991][  0]LogMeshUtilities: No automatic mesh merging module available
[2015.09.23-16.42.00:285][  0]LogInit: WinSock: version 1.1 (2.2), MaxSocks=32767, MaxUdp=65467
[2015.09.23-16.42.00:720][  0]LogD3D11RHI: InitD3DDevice
[2015.09.23-16.42.00:725][  0]LogWindowsMoviePlayer: Unable to load movie: ../../../../Projekte/NotPartofTheGame/Content/Movies/Default_Startup.mp4
[2015.09.23-16.42.00:868][  0]LogAssetRegistry: FAssetRegistry took 0.0002 seconds to start up
[2015.09.23-16.42.00:913][  0]SourceControl: Info Source control is disabled
[2015.09.23-16.42.00:913][  0]SourceControl: Info Source control is disabled
[2015.09.23-16.42.00:923][  0]SourceControl: Info Source control is disabled
[2015.09.23-16.42.01:106][  0]LogObj: 25913 objects as part of root set at end of initial load.
[2015.09.23-16.42.01:107][  0]LogUObjectAllocator: 5218488 out of 0 bytes used by permanent object pool.
[2015.09.23-16.42.01:175][  0]LogAutomationTest:Warning: ERR: Transient text cannot be serialized "Testing Transient serialization detection".
[2015.09.23-16.42.01:176][  0]LogEngine: Initializing Engine...
[2015.09.23-16.42.01:178][  0]LogHMD: Can't find Oculus library dev build: is proper Runtime installed? Version: 0.6.0.0
[2015.09.23-16.42.01:179][  0]LogHMD:Warning: SteamVR failed to initialize.  Error: 110
[2015.09.23-16.42.01:270][  0]LogInit: XAudio2 using 'Lautsprecher (Realtek High Definition Audio)' : 2 channels at 48 kHz using 32 bits per sample (channel mask 0x3)
[2015.09.23-16.42.01:279][  0]LogInit: FAudioDevice initialized.
[2015.09.23-16.42.01:290][  0]LogInit: Texture streaming: Disabled
[2015.09.23-16.42.01:352][  0]LogNet: Browse: /Temp/Autosaves/Game/NPOTG/Maps/UEDPCTesting_Level?Name=Player
[2015.09.23-16.42.01:352][  0]LogLoad: LoadMap: /Temp/Autosaves/Game/NPOTG/Maps/UEDPCTesting_Level?Name=Player
[2015.09.23-16.42.01:363][  0]LogParticles: Destroying 0 GPU particle simulations for FXSystem 0x000000F57AA13560
[2015.09.23-16.42.01:372][  0]LogMemory: Platform Memory Stats for Windows
[2015.09.23-16.42.01:372][  0]LogMemory: Process Physical Memory: 336.79 MB used, 336.79 MB peak
[2015.09.23-16.42.01:372][  0]LogMemory: Process Virtual Memory: 372.93 MB used, 372.93 MB peak
[2015.09.23-16.42.01:372][  0]LogMemory: Physical Memory: 2668.09 MB used, 12270.45 MB total
[2015.09.23-16.42.01:372][  0]LogMemory: Virtual Memory: 889.82 MB used, 134217728.00 MB total
[2015.09.23-16.42.01:372][  0]LogMemory: 
[2015.09.23-16.42.01:372][  0]Allocator Stats for TBB: (not implemented)
[2015.09.23-16.42.01:663][  0]LogProperty:Warning: ERR: Transient text cannot be serialized "ReturnValue Z".
[2015.09.23-16.42.01:663][  0]LogProperty:Warning: ERR: Transient text cannot be serialized "ReturnValue Y".
[2015.09.23-16.42.01:663][  0]LogProperty:Warning: ERR: Transient text cannot be serialized "ReturnValue X".
[2015.09.23-16.42.01:982][  0]LogProperty:Warning: ERR: Transient text cannot be serialized "ReturnValue Z".
[2015.09.23-16.42.01:982][  0]LogProperty:Warning: ERR: Transient text cannot be serialized "ReturnValue Y".
[2015.09.23-16.42.01:982][  0]LogProperty:Warning: ERR: Transient text cannot be serialized "ReturnValue X".
[2015.09.23-16.42.02:343][  0]LogProperty:Warning: ERR: Transient text cannot be serialized "NewRotation Roll".
[2015.09.23-16.42.02:343][  0]LogProperty:Warning: ERR: Transient text cannot be serialized "NewRotation Yaw".
[2015.09.23-16.42.02:343][  0]LogProperty:Warning: ERR: Transient text cannot be serialized "NewRotation Pitch".
[2015.09.23-16.42.02:343][  0]LogProperty:Warning: ERR: Transient text cannot be serialized "NewRotation Roll".
[2015.09.23-16.42.02:343][  0]LogProperty:Warning: ERR: Transient text cannot be serialized "NewRotation Yaw".
[2015.09.23-16.42.02:343][  0]LogProperty:Warning: ERR: Transient text cannot be serialized "NewRotation Pitch".
[2015.09.23-16.42.02:347][  0]LogProperty:Warning: ERR: Transient text cannot be serialized "ReturnValue Z".
[2015.09.23-16.42.02:348][  0]LogProperty:Warning: ERR: Transient text cannot be serialized "ReturnValue Y".
[2015.09.23-16.42.02:348][  0]LogProperty:Warning: ERR: Transient text cannot be serialized "ReturnValue X".
[2015.09.23-16.42.02:405][  0]LogProperty:Warning: ERR: Transient text cannot be serialized "NewRotation Roll".
[2015.09.23-16.42.02:405][  0]LogProperty:Warning: ERR: Transient text cannot be serialized "NewRotation Yaw".
[2015.09.23-16.42.02:405][  0]LogProperty:Warning: ERR: Transient text cannot be serialized "NewRotation Pitch".
[2015.09.23-16.42.02:405][  0]LogProperty:Warning: ERR: Transient text cannot be serialized "NewRotation Roll".
[2015.09.23-16.42.02:405][  0]LogProperty:Warning: ERR: Transient text cannot be serialized "NewRotation Yaw".
[2015.09.23-16.42.02:405][  0]LogProperty:Warning: ERR: Transient text cannot be serialized "NewRotation Pitch".
[2015.09.23-16.42.02:409][  0]LogProperty:Warning: ERR: Transient text cannot be serialized "ReturnValue Z".
[2015.09.23-16.42.02:409][  0]LogProperty:Warning: ERR: Transient text cannot be serialized "ReturnValue Y".
[2015.09.23-16.42.02:409][  0]LogProperty:Warning: ERR: Transient text cannot be serialized "ReturnValue X".
[2015.09.23-16.42.03:604][  0]LogAIModule: Creating AISystem for world Testing_Level
[2015.09.23-16.42.03:604][  0]LogWorld: Game class is '2DSideScrollerGameMode_C'
[2015.09.23-16.42.03:692][  0]LogWorld: Bringing World /Temp/Autosaves/Game/NPOTG/Maps/UEDPCTesting_Level.Testing_Level up for play (max tick rate 0) at 2015.09.23-18.42.03
[2015.09.23-16.42.03:709][  0]LogWorld: Bringing up level for play took: 0.101529
[2015.09.23-16.42.03:713][  0]LogInit:Display: Game Engine Initialized.
[2015.09.23-16.42.03:937][  0]LogLoad: Full Startup: 7.98 seconds (BP compile: 1.15 seconds)
[2015.09.23-16.42.03:954][  0]LogWindowsTextInputMethodSystem:Display: IME system now deactivated.
[2015.09.23-16.42.03:954][  0]LogWindowsTextInputMethodSystem:Display: IME system now deactivated.
[2015.09.23-16.42.03:956][  0]LogContentStreaming: Texture pool size is 1000.000000MB
[2015.09.23-16.42.04:086][  0]LogRenderer: Reallocating scene render targets to support 1280x720 (Frame:2).
[2015.09.23-16.42.04:211][  1]LogScript:Warning: Accessed None 'PointA'
	wolf_C /Temp/Autosaves/Game/NPOTG/Maps/UEDPCTesting_Level.Testing_Level:PersistentLevel.wolf_C_8
	Function /Game/NPOTG/Blueprints/Charaktere/wolf.wolf_C:ExecuteUbergraph_wolf:0064
[2015.09.23-16.42.04:211][  1]LogScript:Warning: Accessed None 'PointB'
	wolf_C /Temp/Autosaves/Game/NPOTG/Maps/UEDPCTesting_Level.Testing_Level:PersistentLevel.wolf_C_8
	Function /Game/NPOTG/Blueprints/Charaktere/wolf.wolf_C:ExecuteUbergraph_wolf:008F
[2015.09.23-16.42.04:242][  2]LogScript:Warning: Accessed None 'PointA'
	wolf_C /Temp/Autosaves/Game/NPOTG/Maps/UEDPCTesting_Level.Testing_Level:PersistentLevel.wolf_C_8
	Function /Game/NPOTG/Blueprints/Charaktere/wolf.wolf_C:ExecuteUbergraph_wolf:0064
[2015.09.23-16.42.04:242][  2]LogScript:Warning: Accessed None 'PointB'
	wolf_C /Temp/Autosaves/Game/NPOTG/Maps/UEDPCTesting_Level.Testing_Level:PersistentLevel.wolf_C_8
	Function /Game/NPOTG/Blueprints/Charaktere/wolf.wolf_C:ExecuteUbergraph_wolf:008F
[2015.09.23-16.42.04:267][  3]LogScript:Warning: Accessed None 'PointA'
	wolf_C /Temp/Autosaves/Game/NPOTG/Maps/UEDPCTesting_Level.Testing_Level:PersistentLevel.wolf_C_8
	Function /Game/NPOTG/Blueprints/Charaktere/wolf.wolf_C:ExecuteUbergraph_wolf:0064
[2015.09.23-16.42.04:267][  3]LogScript:Warning: Accessed None 'PointB'
	wolf_C /Temp/Autosaves/Game/NPOTG/Maps/UEDPCTesting_Level.Testing_Level:PersistentLevel.wolf_C_8
	Function /Game/NPOTG/Blueprints/Charaktere/wolf.wolf_C:ExecuteUbergraph_wolf:008F
[2015.09.23-16.42.04:283][  4]LogScript:Warning: Accessed None 'PointA'
	wolf_C /Temp/Autosaves/Game/NPOTG/Maps/UEDPCTesting_Level.Testing_Level:PersistentLevel.wolf_C_8
	Function /Game/NPOTG/Blueprints/Charaktere/wolf.wolf_C:ExecuteUbergraph_wolf:0064
[2015.09.23-16.42.04:283][  4]LogScript:Warning: Accessed None 'PointB'
	wolf_C /Temp/Autosaves/Game/NPOTG/Maps/UEDPCTesting_Level.Testing_Level:PersistentLevel.wolf_C_8
	Function /Game/NPOTG/Blueprints/Charaktere/wolf.wolf_C:ExecuteUbergraph_wolf:008F
[2015.09.23-16.42.04:299][  5]LogScript:Warning: Accessed None 'PointA'
	wolf_C /Temp/Autosaves/Game/NPOTG/Maps/UEDPCTesting_Level.Testing_Level:PersistentLevel.wolf_C_8
	Function /Game/NPOTG/Blueprints/Charaktere/wolf.wolf_C:ExecuteUbergraph_wolf:0064
[2015.09.23-16.42.04:299][  5]LogScript:Warning: Accessed None 'PointB'
	wolf_C /Temp/Autosaves/Game/NPOTG/Maps/UEDPCTesting_Level.Testing_Level:PersistentLevel.wolf_C_8
	Function /Game/NPOTG/Blueprints/Charaktere/wolf.wolf_C:ExecuteUbergraph_wolf:008F
[2015.09.23-16.42.04:316][  6]LogScript:Warning: Accessed None 'PointA'
	wolf_C /Temp/Autosaves/Game/NPOTG/Maps/UEDPCTesting_Level.Testing_Level:PersistentLevel.wolf_C_8
	Function /Game/NPOTG/Blueprints/Charaktere/wolf.wolf_C:ExecuteUbergraph_wolf:0064
[2015.09.23-16.42.04:316][  6]LogScript:Warning: Accessed None 'PointB'
	wolf_C /Temp/Autosaves/Game/NPOTG/Maps/UEDPCTesting_Level.Testing_Level:PersistentLevel.wolf_C_8
	Function /Game/NPOTG/Blueprints/Charaktere/wolf.wolf_C:ExecuteUbergraph_wolf:008F
[2015.09.23-16.42.04:332][  7]LogScript:Warning: Accessed None 'PointA'
	wolf_C /Temp/Autosaves/Game/NPOTG/Maps/UEDPCTesting_Level.Testing_Level:PersistentLevel.wolf_C_8
	Function /Game/NPOTG/Blueprints/Charaktere/wolf.wolf_C:ExecuteUbergraph_wolf:0064
[2015.09.23-16.42.04:332][  7]LogScript:Warning: Accessed None 'PointB'
	wolf_C /Temp/Autosaves/Game/NPOTG/Maps/UEDPCTesting_Level.Testing_Level:PersistentLevel.wolf_C_8
	Function /Game/NPOTG/Blueprints/Charaktere/wolf.wolf_C:ExecuteUbergraph_wolf:008F
[2015.09.23-16.42.04:347][  8]LogScript:Warning: Accessed None 'PointA'
	wolf_C /Temp/Autosaves/Game/NPOTG/Maps/UEDPCTesting_Level.Testing_Level:PersistentLevel.wolf_C_8
	Function /Game/NPOTG/Blueprints/Charaktere/wolf.wolf_C:ExecuteUbergraph_wolf:0064
[2015.09.23-16.42.04:347][  8]LogScript:Warning: Accessed None 'PointB'
	wolf_C /Temp/Autosaves/Game/NPOTG/Maps/UEDPCTesting_Level.Testing_Level:PersistentLevel.wolf_C_8
	Function /Game/NPOTG/Blueprints/Charaktere/wolf.wolf_C:ExecuteUbergraph_wolf:008F
[2015.09.23-16.42.04:363][  9]LogScript:Warning: Accessed None 'PointA'
	wolf_C /Temp/Autosaves/Game/NPOTG/Maps/UEDPCTesting_Level.Testing_Level:PersistentLevel.wolf_C_8
	Function /Game/NPOTG/Blueprints/Charaktere/wolf.wolf_C:ExecuteUbergraph_wolf:0064
[2015.09.23-16.42.20:044][979]LogScriptCore: Script call stack:
	Function /Game/NPOTG/Blueprints/Charaktere/wolf.wolf_C:BndEvt__see cone_K2Node_ComponentBoundEvent_90_ComponentBeginOverlapSignature__DelegateSignature
	Function /Game/NPOTG/Blueprints/Charaktere/wolf.wolf_C:ExecuteUbergraph_wolf
	Function /Game/NPOTG/Blueprints/Charaktere/wolf.wolf_C:start the fight
	Function /Game/NPOTG/Blueprints/Charaktere/wolf.wolf_C:construct fight
	Function /Game/NPOTG/Blueprints/Charaktere/wolf.wolf_C:start the fight
	Function /Game/NPOTG/Blueprints/Charaktere/wolf.wolf_C:construct fight
	Function /Game/NPOTG/Blueprints/Charaktere/wolf.wolf_C:start the fight
	Function /Game/NPOTG/Blueprints/Charaktere/wolf.wolf_C:construct fight
	Function /Game/NPOTG/Blueprints/Charaktere/wolf.wolf_C:start the fight
	Function /Game/NPOTG/Blueprints/Charaktere/wolf.wolf_C:construct fight
	Function /Game/NPOTG/Blueprints/Charaktere/wolf.wolf_C:start the fight
	Function /Game/NPOTG/Blueprints/Charaktere/wolf.wolf_C:construct fight
	Function /Game/NPOTG/Blueprints/Charaktere/wolf.wolf_C:start the fight
	Function /Game/NPOTG/Blueprints/Charaktere/wolf.wolf_C:construct fight
	Function /Game/NPOTG/Blueprints/Charaktere/wolf.wolf_C:start the fight
	Function /Game/NPOTG/Blueprints/Charaktere/wolf.wolf_C:construct fight
	Function /Game/NPOTG/Blueprints/Charaktere/wolf.wolf_C:start the fight
	Function /Game/NPOTG/Blueprints/Charaktere/wolf.wolf_C:construct fight
	Function /Game/NPOTG/Blueprints/Charaktere/wolf.wolf_C:start the fight
	Function /Game/NPOTG/Blueprints/Charaktere/wolf.wolf_C:construct fight
	Function /Game/NPOTG/Blueprints/Charaktere/wolf.wolf_C:start the fight
	Function /Game/NPOTG/Blueprints/Charaktere/wolf.wolf_C:construct fight
	Function /Game/NPOTG/Blueprints/Charaktere/wolf.wolf_C:start the fight
	Function /Game/NPOTG/Blueprints/Charaktere/wolf.wolf_C:construct fight
	Function /Game/NPOTG/Blueprints/Charaktere/wolf.wolf_C:start the fight
	Function /Game/NPOTG/Blueprints/Charaktere/wolf.wolf_C:construct fight
	Function /Game/NPOTG/Blueprints/Charaktere/wolf.wolf_C:start the fight
	Function /Game/NPOTG/Blueprints/Charaktere/wolf.wolf_C:construct fight
	Function /Game/NPOTG/Blueprints/Charaktere/wolf.wolf_C:start the fight
	Function /Game/NPOTG/Blueprints/Charaktere/wolf.wolf_C:construct fight
	Function /Game/NPOTG/Blueprints/Charaktere/wolf.wolf_C:start the fight
	Function /Game/NPOTG/Blueprints/Charaktere/wolf.wolf_C:construct fight
	Function /Game/NPOTG/Blueprints/Charaktere/wolf.wolf_C:start the fight
	Function /Game/NPOTG/Blueprints/Charaktere/wolf.wolf_C:construct fight
	Function /Game/NPOTG/Blueprints/Charaktere/wolf.wolf_C:start the fight
	Function /Game/NPOTG/Blueprints/Charaktere/wolf.wolf_C:construct fight
	Function /Game/NPOTG/Blueprints/Charaktere/wolf.wolf_C:start the fight
	Function /Game/NPOTG/Blueprints/Charaktere/wolf.wolf_C:construct fight
	Function /Game/NPOTG/Blueprints/Charaktere/wolf.wolf_C:start the fight
	Function /Game/NPOTG/Blueprints/Charaktere/wolf.wolf_C:construct fight
	Function /Game/NPOTG/Blueprints/Charaktere/wolf.wolf_C:start the fight
	Function /Game/NPOTG/Blueprints/Charaktere/wolf.wolf_C:construct fight
	Function /Game/NPOTG/Blueprints/Charaktere/wolf.wolf_C:start the fight
	Function /Game/NPOTG/Blueprints/Charaktere/wolf.wolf_C:construct fight
	Function /Game/NPOTG/Blueprints/Charaktere/wolf.wolf_C:start the fight
	Function /Game/NPOTG/Blueprints/Charaktere/wolf.wolf_C:construct fight
	Function /Game/NPOTG/Blueprints/Charaktere/wolf.wolf_C:start the fight
	Function /Game/NPOTG/Blueprints/Charaktere/wolf.wolf_C:construct fight
	Function /Game/NPOTG/Blueprints/Charaktere/wolf.wolf_C:start the fight
	Function /Game/NPOTG/Blueprints/Charaktere/wolf.wolf_C:construct fight
	Function /Game/NPOTG/Blueprints/Charaktere/wolf.wolf_C:start the fight
	Function /Game/NPOTG/Blueprints/Charaktere/wolf.wolf_C:construct fight
	Function /Game/NPOTG/Blueprints/Charaktere/wolf.wolf_C:start the fight
	Function /Game/NPOTG/Blueprints/Charaktere/wolf.wolf_C:construct fight
	Function /Game/NPOTG/Blueprints/Charaktere/wolf.wolf_C:start the fight
	Function /Game/NPOTG/Blueprints/Charaktere/wolf.wolf_C:construct fight
	Function /Game/NPOTG/Blueprints/Charaktere/wolf.wolf_C:start the fight
	Function /Game/NPOTG/Blueprints/Charaktere/wolf.wolf_C:construct fight
	Function /Game/NPOTG/Blueprints/Charaktere/wolf.wolf_C:start the fight
	Function /Game/NPOTG/Blueprints/Charaktere/wolf.wolf_C:construct fight
	Function /Game/NPOTG/Blueprints/Charaktere/wolf.wolf_C:start the fight
	Function /Game/NPOTG/Blueprints/Charaktere/wolf.wolf_C:construct fight
	Function /Game/NPOTG/Blueprints/Charaktere/wolf.wolf_C:start the fight
	Function /Game/NPOTG/Blueprints/Charaktere/wolf.wolf_C:construct fight
	Function /Game/NPOTG/Blueprints/Charaktere/wolf.wolf_C:start the fight
	Function /Game/NPOTG/Blueprints/Charaktere/wolf.wolf_C:construct fight
	Function /Game/NPOTG/Blueprints/Charaktere/wolf.wolf_C:start the fight
	Function /Game/NPOTG/Blueprints/Charaktere/wolf.wolf_C:construct fight
	Function /Game/NPOTG/Blueprints/Charaktere/wolf.wolf_C:start the fight
	Function /Game/NPOTG/Blueprints/Charaktere/wolf.wolf_C:construct fight
	Function /Game/NPOTG/Blueprints/Charaktere/wolf.wolf_C:start the fight
	Function /Game/NPOTG/Blueprints/Charaktere/wolf.wolf_C:construct fight
	Function /Game/NPOTG/Blueprints/Charaktere/wolf.wolf_C:start the fight
	Function /Game/NPOTG/Blueprints/Charaktere/wolf.wolf_C:construct fight
	Function /Game/NPOTG/Blueprints/Charaktere/wolf.wolf_C:start the fight
	Function /Game/NPOTG/Blueprints/Charaktere/wolf.wolf_C:construct fight
	Function /Game/NPOTG/Blueprints/Charaktere/wolf.wolf_C:start the fight
	Function /Game/NPOTG/Blueprints/Charaktere/wolf.wolf_C:construct fight
	Function /Game/NPOTG/Blueprints/Charaktere/wolf.wolf_C:start the fight
	Function /Game/NPOTG/Blueprints/Charaktere/wolf.wolf_C:construct fight
	Function /Game/NPOTG/Blueprints/Charaktere/wolf.wolf_C:start the fight
	Function /Game/NPOTG/Blueprints/Charaktere/wolf.wolf_C:construct fight
	Function /Game/NPOTG/Blueprints/Charaktere/wolf.wolf_C:start the fight
	Function /Game/NPOTG/Blueprints/Charaktere/wolf.wolf_C:construct fight
	Function /Game/NPOTG/Blueprints/Charaktere/wolf.wolf_C:start the fight
	Function /Game/NPOTG/Blueprints/Charaktere/wolf.wolf_C:construct fight
	Function /Game/NPOTG/Blueprints/Charaktere/wolf.wolf_C:start the fight
	Function /Game/NPOTG/Blueprints/Charaktere/wolf.wolf_C:construct fight
	Function /Game/NPOTG/Blueprints/Charaktere/wolf.wolf_C:start the fight
	Function /Game/NPOTG/Blueprints/Charaktere/wolf.wolf_C:construct fight
	Function /Game/NPOTG/Blueprints/Charaktere/wolf.wolf_C:start the fight
	Function /Game/NPOTG/Blueprints/Charaktere/wolf.wolf_C:construct fight
	Function /Game/NPOTG/Blueprints/Charaktere/wolf.wolf_C:start the fight
	Function /Game/NPOTG/Blueprints/Charaktere/wolf.wolf_C:construct fight
	Function /Game/NPOTG/Blueprints/Charaktere/wolf.wolf_C:start the fight
	Function /Game/NPOTG/Blueprints/Charaktere/wolf.wolf_C:construct fight
	Function /Game/NPOTG/Blueprints/Charaktere/wolf.wolf_C:start the fight
	Function /Game/NPOTG/Blueprints/Charaktere/wolf.wolf_C:construct fight
	Function /Game/NPOTG/Blueprints/Charaktere/wolf.wolf_C:start the fight
	Function /Game/NPOTG/Blueprints/Charaktere/wolf.wolf_C:construct fight
	Function /Game/NPOTG/Blueprints/Charaktere/wolf.wolf_C:start the fight
	Function /Game/NPOTG/Blueprints/Charaktere/wolf.wolf_C:construct fight
	Function /Game/NPOTG/Blueprints/Charaktere/wolf.wolf_C:start the fight
	Function /Game/NPOTG/Blueprints/Charaktere/wolf.wolf_C:construct fight
	Function /Game/NPOTG/Blueprints/Charaktere/wolf.wolf_C:start the fight
	Function /Game/NPOTG/Blueprints/Charaktere/wolf.wolf_C:construct fight
	Function /Game/NPOTG/Blueprints/Charaktere/wolf.wolf_C:start the fight
	Function /Game/NPOTG/Blueprints/Charaktere/wolf.wolf_C:construct fight
	Function /Game/NPOTG/Blueprints/Charaktere/wolf.wolf_C:start the fight
	Function /Game/NPOTG/Blueprints/Charaktere/wolf.wolf_C:construct fight
	Function /Game/NPOTG/Blueprints/Charaktere/wolf.wolf_C:start the fight
	Function /Game/NPOTG/Blueprints/Charaktere/wolf.wolf_C:construct fight
	Function /Game/NPOTG/Blueprints/Charaktere/wolf.wolf_C:start the fight
	Function /Game/NPOTG/Blueprints/Charaktere/wolf.wolf_C:construct fight
	Function /Game/NPOTG/Blueprints/Charaktere/wolf.wolf_C:start the fight
	Function /Game/NPOTG/Blueprints/Charaktere/wolf.wolf_C:construct fight
	Function /Game/NPOTG/Blueprints/Charaktere/wolf.wolf_C:start the fight
	Function /Game/NPOTG/Blueprints/Charaktere/wolf.wolf_C:construct fight
	Function /Game/NPOTG/Blueprints/Charaktere/wolf.wolf_C:start the fight
	Function /Game/NPOTG/Blueprints/Charaktere/wolf.wolf_C:construct fight
	Function /Game/NPOTG/Blueprints/Charaktere/wolf.wolf_C:start the fight
	Function /Game/NPOTG/Blueprints/Charaktere/wolf.wolf_C:construct fight
	Function /Game/NPOTG/Blueprints/Charaktere/wolf.wolf_C:start the fight
	Function /Game/NPOTG/Blueprints/Charaktere/wolf.wolf_C:construct fight
	Function /Game/NPOTG/Blueprints/Charaktere/wolf.wolf_C:start the fight
	Function /Game/NPOTG/Blueprints/Charaktere/wolf.wolf_C:construct fight
	Function /Game/NPOTG/Blueprints/Charaktere/wolf.wolf_C:start the fight
	Function /Game/NPOTG/Blueprints/Charaktere/wolf.wolf_C:construct fight
	Function /Game/NPOTG/Blueprints/Charaktere/wolf.wolf_C:start the fight
	Function /Game/NPOTG/Blueprints/Charaktere/wolf.wolf_C:construct fight
	Function /Game/NPOTG/Blueprints/Charaktere/wolf.wolf_C:start the fight
	Function /Game/NPOTG/Blueprints/Charaktere/wolf.wolf_C:construct fight
	Function /Game/NPOTG/Blueprints/Charaktere/wolf.wolf_C:start the fight
	Function /Game/NPOTG/Blueprints/Charaktere/wolf.wolf_C:construct fight
	Function /Game/NPOTG/Blueprints/Charaktere/wolf.wolf_C:start the fight
	Function /Game/NPOTG/Blueprints/Charaktere/wolf.wolf_C:construct fight
	Function /Game/NPOTG/Blueprints/Charaktere/wolf.wolf_C:start the fight
	Function /Game/NPOTG/Blueprints/Charaktere/wolf.wolf_C:construct fight
	Function /Game/NPOTG/Blueprints/Charaktere/wolf.wolf_C:start the fight
	Function /Game/NPOTG/Blueprints/Charaktere/wolf.wolf_C:construct fight
	Function /Game/NPOTG/Blueprints/Charaktere/wolf.wolf_C:start the fight
	Function /Game/NPOTG/Blueprints/Charaktere/wolf.wolf_C:construct fight
	Function /Game/NPOTG/Blueprints/Charaktere/wolf.wolf_C:start the fight
	Function /Game/NPOTG/Blueprints/Charaktere/wolf.wolf_C:construct fight
	Function /Game/NPOTG/Blueprints/Charaktere/wolf.wolf_C:start the fight
	Function /Game/NPOTG/Blueprints/Charaktere/wolf.wolf_C:construct fight
	Function /Game/NPOTG/Blueprints/Charaktere/wolf.wolf_C:start the fight
	Function /Game/NPOTG/Blueprints/Charaktere/wolf.wolf_C:construct fight
	Function /Game/NPOTG/Blueprints/Charaktere/wolf.wolf_C:start the fight
	Function /Game/NPOTG/Blueprints/Charaktere/wolf.wolf_C:construct fight
	Function /Game/NPOTG/Blueprints/Charaktere/wolf.wolf_C:start the fight
	Function /Game/NPOTG/Blueprints/Charaktere/wolf.wolf_C:construct fight
	Function /Game/NPOTG/Blueprints/Charaktere/wolf.wolf_C:start the fight
	Function /Game/NPOTG/Blueprints/Charaktere/wolf.wolf_C:construct fight
	Function /Game/NPOTG/Blueprints/Charaktere/wolf.wolf_C:start the fight
	Function /Game/NPOTG/Blueprints/Charaktere/wolf.wolf_C:construct fight
	Function /Game/NPOTG/Blueprints/Charaktere/wolf.wolf_C:start the fight
	Function /Game/NPOTG/Blueprints/Charaktere/wolf.wolf_C:construct fight
	Function /Game/NPOTG/Blueprints/Charaktere/wolf.wolf_C:start the fight
	Function /Game/NPOTG/Blueprints/Charaktere/wolf.wolf_C:construct fight
	Function /Game/NPOTG/Blueprints/Charaktere/wolf.wolf_C:start the fight
	Function /Game/NPOTG/Blueprints/Charaktere/wolf.wolf_C:construct fight
	Function /Game/NPOTG/Blueprints/Charaktere/wolf.wolf_C:start the fight
	Function /Game/NPOTG/Blueprints/Charaktere/wolf.wolf_C:construct fight
	Function /Game/NPOTG/Blueprints/Charaktere/wolf.wolf_C:start the fight
	Function /Game/NPOTG/Blueprints/Charaktere/wolf.wolf_C:construct fight
	Function /Game/NPOTG/Blueprints/Charaktere/wolf.wolf_C:start the fight
	Function /Game/NPOTG/Blueprints/Charaktere/wolf.wolf_C:construct fight
	Function /Game/NPOTG/Blueprints/Charaktere/wolf.wolf_C:start the fight
	Function /Game/NPOTG/Blueprints/Charaktere/wolf.wolf_C:construct fight
	Function /Game/NPOTG/Blueprints/Charaktere/wolf.wolf_C:start the fight
	Function /Game/NPOTG/Blueprints/Charaktere/wolf.wolf_C:construct fight
	Function /Game/NPOTG/Blueprints/Charaktere/wolf.wolf_C:start the fight
	Function /Game/NPOTG/Blueprints/Charaktere/wolf.wolf_C:construct fight
	Function /Game/NPOTG/Blueprints/Charaktere/wolf.wolf_C:start the fight
	Function /Game/NPOTG/Blueprints/Charaktere/wolf.wolf_C:construct fight
	Function /Game/NPOTG/Blueprints/Charaktere/wolf.wolf_C:start the fight
	Function /Game/NPOTG/Blueprints/Charaktere/wolf.wolf_C:construct fight
	Function /Game/NPOTG/Blueprints/Charaktere/wolf.wolf_C:start the fight
	Function /Game/NPOTG/Blueprints/Charaktere/wolf.wolf_C:construct fight
	Function /Game/NPOTG/Blueprints/Charaktere/wolf.wolf_C:start the fight
	Function /Game/NPOTG/Blueprints/Charaktere/wolf.wolf_C:construct fight
	Function /Game/NPOTG/Blueprints/Charaktere/wolf.wolf_C:start the fight
	Function /Game/NPOTG/Blueprints/Charaktere/wolf.wolf_C:construct fight
	Function /Game/NPOTG/Blueprints/Charaktere/wolf.wolf_C:start the fight
	Function /Game/NPOTG/Blueprints/Charaktere/wolf.wolf_C:construct fight
	Function /Game/NPOTG/Blueprints/Charaktere/wolf.wolf_C:start the fight
	Function /Game/NPOTG/Blueprints/Charaktere/wolf.wolf_C:construct fight
	Function /Game/NPOTG/Blueprints/Charaktere/wolf.wolf_C:start the fight
	Function /Game/NPOTG/Blueprints/Charaktere/wolf.wolf_C:construct fight
	Function /Game/NPOTG/Blueprints/Charaktere/wolf.wolf_C:start the fight
	Function /Game/NPOTG/Blueprints/Charaktere/wolf.wolf_C:construct fight
	Function /Game/NPOTG/Blueprints/Charaktere/wolf.wolf_C:start the fight
	Function /Game/NPOTG/Blueprints/Charaktere/wolf.wolf_C:construct fight
	Function /Game/NPOTG/Blueprints/Charaktere/wolf.wolf_C:start the fight
	Function /Game/NPOTG/Blueprints/Charaktere/wolf.wolf_C:construct fight
	Function /Game/NPOTG/Blueprints/Charaktere/wolf.wolf_C:start the fight
	Function /Game/NPOTG/Blueprints/Charaktere/wolf.wolf_C:construct fight
	Function /Game/NPOTG/Blueprints/Charaktere/wolf.wolf_C:start the fight
	Function /Game/NPOTG/Blueprints/Charaktere/wolf.wolf_C:construct fight
	Function /Game/NPOTG/Blueprints/Charaktere/wolf.wolf_C:start the fight
	Function /Game/NPOTG/Blueprints/Charaktere/wolf.wolf_C:construct fight
	Function /Game/NPOTG/Blueprints/Charaktere/wolf.wolf_C:start the fight
	Function /Game/NPOTG/Blueprints/Charaktere/wolf.wolf_C:construct fight
	Function /Game/NPOTG/Blueprints/Charaktere/wolf.wolf_C:start the fight
	Function /Game/NPOTG/Blueprints/Charaktere/wolf.wolf_C:construct fight
	Function /Game/NPOTG/Blueprints/Charaktere/wolf.wolf_C:start the fight
	Function /Game/NPOTG/Blueprints/Charaktere/wolf.wolf_C:construct fight
	Function /Game/NPOTG/Blueprints/Charaktere/wolf.wolf_C:start the fight
	Function /Game/NPOTG/Blueprints/Charaktere/wolf.wolf_C:construct fight
	Function /Game/NPOTG/Blueprints/Charaktere/wolf.wolf_C:start the fight
	Function /Game/NPOTG/Blueprints/Charaktere/wolf.wolf_C:construct fight
	Function /Game/NPOTG/Blueprints/Charaktere/wolf.wolf_C:start the fight
	Function /Game/NPOTG/Blueprints/Charaktere/wolf.wolf_C:construct fight
	Function /Game/NPOTG/Blueprints/Charaktere/wolf.wolf_C:start the fight
	Function /Game/NPOTG/Blueprints/Charaktere/wolf.wolf_C:construct fight
	Function /Game/NPOTG/Blueprints/Charaktere/wolf.wolf_C:start the fight
	Function /Game/NPOTG/Blueprints/Charaktere/wolf.wolf_C:construct fight
	Function /Game/NPOTG/Blueprints/Charaktere/wolf.wolf_C:start the fight
	Function /Game/NPOTG/Blueprints/Charaktere/wolf.wolf_C:construct fight
	Function /Game/NPOTG/Blueprints/Charaktere/wolf.wolf_C:start the fight
	Function /Game/NPOTG/Blueprints/Charaktere/wolf.wolf_C:construct fight
	Function /Game/NPOTG/Blueprints/Charaktere/wolf.wolf_C:start the fight
	Function /Game/NPOTG/Blueprints/Charaktere/wolf.wolf_C:construct fight
	Function /Game/NPOTG/Blueprints/Charaktere/wolf.wolf_C:start the fight
	Function /Game/NPOTG/Blueprints/Charaktere/wolf.wolf_C:construct fight
	Function /Game/NPOTG/Blueprints/Charaktere/wolf.wolf_C:start the fight
	Function /Game/NPOTG/Blueprints/Charaktere/wolf.wolf_C:construct fight
	Function /Game/NPOTG/Blueprints/Charaktere/wolf.wolf_C:start the fight
	Function /Game/NPOTG/Blueprints/Charaktere/wolf.wolf_C:construct fight
	Function /Game/NPOTG/Blueprints/Charaktere/wolf.wolf_C:start the fight
	Function /Game/NPOTG/Blueprints/Charaktere/wolf.wolf_C:construct fight
	Function /Game/NPOTG/Blueprints/Charaktere/wolf.wolf_C:start the fight
	Function /Game/NPOTG/Blueprints/Charaktere/wolf.wolf_C:construct fight
	Function /Game/NPOTG/Blueprints/Charaktere/wolf.wolf_C:start the fight
	Function /Game/NPOTG/Blueprints/Charaktere/wolf.wolf_C:construct fight
	Function /Game/NPOTG/Blueprints/Charaktere/wolf.wolf_C:start the fight
	Function /Game/NPOTG/Blueprints/Charaktere/wolf.wolf_C:construct fight
	Function /Game/NPOTG/Blueprints/Charaktere/wolf.wolf_C:start the fight
	Function /Game/NPOTG/Blueprints/Charaktere/wolf.wolf_C:construct fight
	Function /Game/NPOTG/Blueprints/Charaktere/wolf.wolf_C:start the fight
	Function /Game/NPOTG/Blueprints/Charaktere/wolf.wolf_C:construct fight
	Function /Game/NPOTG/Blueprints/Charaktere/wolf.wolf_C:start the fight
	Function /Game/NPOTG/Blueprints/Charaktere/wolf.wolf_C:construct fight
	Function /Game/NPOTG/Blueprints/Charaktere/wolf.wolf_C:start the fight
	Function /Game/NPOTG/Blueprints/Charaktere/wolf.wolf_C:construct fight
	Function /Game/NPOTG/Blueprints/Charaktere/wolf.wolf_C:start the fight
	Function /Game/NPOTG/Blueprints/Charaktere/wolf.wolf_C:construct fight
	Function /Game/NPOTG/Blueprints/Charaktere/wolf.wolf_C:start the fight
	Function /Game/NPOTG/Blueprints/Charaktere/wolf.wolf_C:construct fight

[2015.09.23-16.42.20:044][979]LogScript:Warning: Infinite script recursion (250 calls) detected
	wolf_C /Temp/Autosaves/Game/NPOTG/Maps/UEDPCTesting_Level.Testing_Level:PersistentLevel.wolf_C_7
	Function /Game/NPOTG/Blueprints/Charaktere/wolf.wolf_C:construct fight:0000
[2015.09.23-16.42.20:062][980]LogBlueprintUserMessages: 9.544168
[2015.09.23-16.42.20:091][981]LogBlueprintUserMessages: 9.481355
[2015.09.23-16.42.20:107][982]LogBlueprintUserMessages: 9.465428
[2015.09.23-16.42.20:123][983]LogBlueprintUserMessages: 9.384783
[2015.09.23-16.42.20:140][984]LogBlueprintUserMessages: 9.304137
[2015.09.23-16.42.20:156][985]LogBlueprintUserMessages: 9.223492
[2015.09.23-16.42.20:172][986]LogBlueprintUserMessages: 9.142846
[2015.09.23-16.42.20:188][987]LogBlueprintUserMessages: 9.062201
[2015.09.23-16.42.20:204][988]LogBlueprintUserMessages: 8.981555
[2015.09.23-16.42.20:220][989]LogBlueprintUserMessages: 8.900909
[2015.09.23-16.42.20:236][990]LogBlueprintUserMessages: 8.820264
[2015.09.23-16.42.20:252][991]LogBlueprintUserMessages: 8.739618
[2015.09.23-16.42.20:269][992]LogBlueprintUserMessages: 8.658973
[2015.09.23-16.42.20:285][993]LogBlueprintUserMessages: 8.578327
[2015.09.23-16.42.20:301][994]LogBlueprintUserMessages: 8.497682
[2015.09.23-16.42.20:317][995]LogBlueprintUserMessages: 8.417036
[2015.09.23-16.42.20:333][996]LogBlueprintUserMessages: 8.33639
[2015.09.23-16.42.20:349][997]LogBlueprintUserMessages: 8.255745
[2015.09.23-16.42.20:365][998]LogBlueprintUserMessages: 8.175099
[2015.09.23-16.42.20:382][999]LogBlueprintUserMessages: 8.094454
[2015.09.23-16.42.20:399][  0]LogBlueprintUserMessages: 8.013808
[2015.09.23-16.42.20:415][  1]LogBlueprintUserMessages: 7.933162
[2015.09.23-16.42.20:431][  2]LogBlueprintUserMessages: 7.852516
[2015.09.23-16.42.20:447][  3]LogBlueprintUserMessages: 7.77187
[2015.09.23-16.42.20:463][  4]LogBlueprintUserMessages: 7.691224
[2015.09.23-16.42.20:479][  5]LogBlueprintUserMessages: 7.610578
[2015.09.23-16.42.20:495][  6]LogBlueprintUserMessages: 7.529932
[2015.09.23-16.42.20:511][  7]LogBlueprintUserMessages: 7.449286
[2015.09.23-16.42.20:527][  8]LogBlueprintUserMessages: 7.36864
[2015.09.23-16.42.20:544][  9]LogBlueprintUserMessages: 7.287994
[2015.09.23-16.42.20:560][ 10]LogBlueprintUserMessages: 7.207348
[2015.09.23-16.42.20:576][ 11]LogBlueprintUserMessages: 7.126702
[2015.09.23-16.42.20:592][ 12]LogBlueprintUserMessages: 7.046056
[2015.09.23-16.42.20:608][ 13]LogBlueprintUserMessages: 6.96541
[2015.09.23-16.42.20:624][ 14]LogBlueprintUserMessages: 6.884764
[2015.09.23-16.42.20:640][ 15]LogBlueprintUserMessages: 6.804118
[2015.09.23-16.42.20:656][ 16]LogBlueprintUserMessages: 6.723472
[2015.09.23-16.42.20:673][ 17]LogBlueprintUserMessages: 6.642826
[2015.09.23-16.42.20:689][ 18]LogBlueprintUserMessages: 6.56218
[2015.09.23-16.42.20:705][ 19]LogBlueprintUserMessages: 6.481534
[2015.09.23-16.42.20:721][ 20]LogBlueprintUserMessages: 6.400887
[2015.09.23-16.42.20:737][ 21]LogBlueprintUserMessages: 6.320241
[2015.09.23-16.42.20:753][ 22]LogBlueprintUserMessages: 6.239595
[2015.09.23-16.42.20:769][ 23]LogBlueprintUserMessages: 6.158949
[2015.09.23-16.42.20:785][ 24]LogBlueprintUserMessages: 6.078303
[2015.09.23-16.42.20:802][ 25]LogBlueprintUserMessages: 5.997657
[2015.09.23-16.42.20:818][ 26]LogBlueprintUserMessages: 5.917011
[2015.09.23-16.42.20:834][ 27]LogBlueprintUserMessages: 5.836365
[2015.09.23-16.42.20:850][ 28]LogBlueprintUserMessages: 5.755719
[2015.09.23-16.42.20:866][ 29]LogBlueprintUserMessages: 5.675073
[2015.09.23-16.42.20:882][ 30]LogBlueprintUserMessages: 5.594427
[2015.09.23-16.42.20:898][ 31]LogBlueprintUserMessages: 5.513781
[2015.09.23-16.42.20:914][ 32]LogBlueprintUserMessages: 5.433135
[2015.09.23-16.42.20:930][ 33]LogBlueprintUserMessages: 5.352489
[2015.09.23-16.42.20:947][ 34]LogBlueprintUserMessages: 5.271843
[2015.09.23-16.42.20:963][ 35]LogBlueprintUserMessages: 5.191197
[2015.09.23-16.42.20:979][ 36]LogBlueprintUserMessages: 5.110551
[2015.09.23-16.42.20:995][ 37]LogBlueprintUserMessages: 5.029905
[2015.09.23-16.42.21:011][ 38]LogBlueprintUserMessages: 4.949259
[2015.09.23-16.42.21:027][ 39]LogBlueprintUserMessages: 4.868613
[2015.09.23-16.42.21:043][ 40]LogBlueprintUserMessages: 4.787967
[2015.09.23-16.42.21:059][ 41]LogBlueprintUserMessages: 4.707321
[2015.09.23-16.42.21:075][ 42]LogBlueprintUserMessages: 4.626675
[2015.09.23-16.42.21:092][ 43]LogBlueprintUserMessages: 4.546029
[2015.09.23-16.42.21:108][ 44]LogBlueprintUserMessages: 4.465383
[2015.09.23-16.42.21:124][ 45]LogBlueprintUserMessages: 4.384737
[2015.09.23-16.42.21:140][ 46]LogBlueprintUserMessages: 4.30409
[2015.09.23-16.42.21:156][ 47]LogBlueprintUserMessages: 4.223444
[2015.09.23-16.42.21:172][ 48]LogBlueprintUserMessages: 4.142798
[2015.09.23-16.42.21:188][ 49]LogBlueprintUserMessages: 4.062152
[2015.09.23-16.42.21:204][ 50]LogBlueprintUserMessages: 3.981507
[2015.09.23-16.42.21:221][ 51]LogBlueprintUserMessages: 3.900861
[2015.09.23-16.42.21:237][ 52]LogBlueprintUserMessages: 3.820215
[2015.09.23-16.42.21:253][ 53]LogBlueprintUserMessages: 3.739569
[2015.09.23-16.42.21:269][ 54]LogBlueprintUserMessages: 3.658923
[2015.09.23-16.42.21:285][ 55]LogBlueprintUserMessages: 3.578278
[2015.09.23-16.42.21:301][ 56]LogBlueprintUserMessages: 3.497632
[2015.09.23-16.42.21:318][ 57]LogBlueprintUserMessages: 3.416986
[2015.09.23-16.42.21:334][ 58]LogBlueprintUserMessages: 3.33634
[2015.09.23-16.42.21:350][ 59]LogBlueprintUserMessages: 3.255694
[2015.09.23-16.42.21:366][ 60]LogBlueprintUserMessages: 3.175049
[2015.09.23-16.42.21:382][ 61]LogBlueprintUserMessages: 3.094403
[2015.09.23-16.42.21:398][ 62]LogBlueprintUserMessages: 3.013757
[2015.09.23-16.42.21:414][ 63]LogBlueprintUserMessages: 2.933111
[2015.09.23-16.42.21:430][ 64]LogBlueprintUserMessages: 2.852465
[2015.09.23-16.42.21:447][ 65]LogBlueprintUserMessages: 2.77182
[2015.09.23-16.42.21:463][ 66]LogBlueprintUserMessages: 2.691174
[2015.09.23-16.42.21:479][ 67]LogBlueprintUserMessages: 2.610528
[2015.09.23-16.42.21:495][ 68]LogBlueprintUserMessages: 2.529882
[2015.09.23-16.42.21:511][ 69]LogBlueprintUserMessages: 2.449236
[2015.09.23-16.42.21:527][ 70]LogBlueprintUserMessages: 2.368591
[2015.09.23-16.42.21:543][ 71]LogBlueprintUserMessages: 2.287945
[2015.09.23-16.42.21:559][ 72]LogBlueprintUserMessages: 2.207299
[2015.09.23-16.42.21:575][ 73]LogBlueprintUserMessages: 2.126653
[2015.09.23-16.42.21:592][ 74]LogBlueprintUserMessages: 2.046007
[2015.09.23-16.42.21:608][ 75]LogBlueprintUserMessages: 1.965361
[2015.09.23-16.42.21:624][ 76]LogBlueprintUserMessages: 1.884716
[2015.09.23-16.42.21:640][ 77]LogBlueprintUserMessages: 1.80407
[2015.09.23-16.42.21:656][ 78]LogBlueprintUserMessages: 1.723424
[2015.09.23-16.42.21:672][ 79]LogBlueprintUserMessages: 1.642778
[2015.09.23-16.42.21:688][ 80]LogBlueprintUserMessages: 1.562048
[2015.09.23-16.42.21:704][ 81]LogBlueprintUserMessages: 1.481444
[2015.09.23-16.42.21:721][ 82]LogBlueprintUserMessages: 1.400798
[2015.09.23-16.42.21:737][ 83]LogBlueprintUserMessages: 1.320152
[2015.09.23-16.42.21:753][ 84]LogBlueprintUserMessages: 1.239454
[2015.09.23-16.42.21:769][ 85]LogBlueprintUserMessages: 1.158834
[2015.09.23-16.42.21:785][ 86]LogBlueprintUserMessages: 1.078188
[2015.09.23-16.42.21:801][ 87]LogBlueprintUserMessages: 0.997542
[2015.09.23-16.42.21:817][ 88]LogBlueprintUserMessages: 0.916897
[2015.09.23-16.42.21:833][ 89]LogBlueprintUserMessages: 0.836251
[2015.09.23-16.42.21:849][ 90]LogBlueprintUserMessages: 0.755605
[2015.09.23-16.42.21:866][ 91]LogBlueprintUserMessages: 0.674959
[2015.09.23-16.42.21:882][ 92]LogBlueprintUserMessages: 0.594313
[2015.09.23-16.42.21:898][ 93]LogBlueprintUserMessages: 0.513667
[2015.09.23-16.42.21:914][ 94]LogBlueprintUserMessages: 0.433021
[2015.09.23-16.42.21:930][ 95]LogBlueprintUserMessages: 0.352376
[2015.09.23-16.42.21:946][ 96]LogBlueprintUserMessages: 0.27173
[2015.09.23-16.42.21:962][ 97]LogBlueprintUserMessages: 0.191084
[2015.09.23-16.42.21:978][ 98]LogBlueprintUserMessages: 0.110438
[2015.09.23-16.42.21:995][ 99]LogBlueprintUserMessages: 0.029792
[2015.09.23-16.42.22:011][100]LogBlueprintUserMessages: -0.050854
[2015.09.23-16.42.22:011][100]Closing by request
[2015.09.23-16.42.22:011][100]LogWindows: FPlatformMisc::RequestExit(0)
[2015.09.23-16.42.22:227][101]LogWindowsTextInputMethodSystem:Display: IME system now deactivated.
[2015.09.23-16.42.22:227][101]LogWindowsTextInputMethodSystem:Display: IME system now deactivated.
[2015.09.23-16.42.22:239][101]LogExit: Preparing to exit.
[2015.09.23-16.42.22:365][101]LogExit: Game engine shut down
[2015.09.23-16.42.22:370][101]LogParticles: Destroying 0 GPU particle simulations for FXSystem 0x000000F5756C2A20
[2015.09.23-16.42.22:514][101]LogExit: Object subsystem successfully closed.
[2015.09.23-16.42.22:523][101]LogD3D11RHI: Shutdown
[2015.09.23-16.42.22:523][101]LogD3D11RHI: CleanupD3DDevice
[2015.09.23-16.42.22:610][101]LogD3D11RHI: ~FD3D11DynamicRHI
[2015.09.23-16.42.22:622][101]LogModuleManager: Shutting down and abandoning module AndroidDeviceDetection (109)
[2015.09.23-16.42.22:963][101]LogModuleManager: Shutting down and abandoning module AutomationWorker (108)
[2015.09.23-16.42.22:963][101]LogModuleManager: Shutting down and abandoning module CharacterAI (107)
[2015.09.23-16.42.22:963][101]LogModuleManager: Shutting down and abandoning module AITestSuite (106)
[2015.09.23-16.42.22:963][101]LogModuleManager: Shutting down and abandoning module GameplayDebugger (105)
[2015.09.23-16.42.22:963][101]LogModuleManager: Shutting down and abandoning module AIModule (104)
[2015.09.23-16.42.22:963][101]LogModuleManager: Shutting down and abandoning module GameLiveStreaming (103)
[2015.09.23-16.42.22:963][101]LogModuleManager: Shutting down and abandoning module StreamingPauseRendering (102)
[2015.09.23-16.42.22:963][101]LogModuleManager: Shutting down and abandoning module ProfilerService (101)
[2015.09.23-16.42.23:165][101]LogModuleManager: Shutting down and abandoning module TaskGraph (100)
[2015.09.23-16.42.23:165][101]LogModuleManager: Shutting down and abandoning module SlateRemote (99)
[2015.09.23-16.42.23:165][101]LogModuleManager: Shutting down and abandoning module SteamVRController (98)
[2015.09.23-16.42.23:165][101]LogModuleManager: Shutting down and abandoning module SteamVR (97)
[2015.09.23-16.42.23:165][101]LogModuleManager: Shutting down and abandoning module ProceduralMeshComponent (96)
[2015.09.23-16.42.23:165][101]LogModuleManager: Shutting down and abandoning module OculusRift (95)
[2015.09.23-16.42.23:165][101]LogModuleManager: Shutting down and abandoning module LeapMotionController (94)
[2015.09.23-16.42.23:173][101]LogModuleManager: Shutting down and abandoning module CustomMeshComponent (93)
[2015.09.23-16.42.23:173][101]LogModuleManager: Shutting down and abandoning module CableComponent (92)
[2015.09.23-16.42.23:173][101]LogModuleManager: Shutting down and abandoning module DesktopPlatform (91)
[2015.09.23-16.42.23:173][101]LogModuleManager: Shutting down and abandoning module DirectoryWatcher (90)
[2015.09.23-16.42.23:173][101]LogModuleManager: Shutting down and abandoning module HotReload (89)
[2015.09.23-16.42.23:173][101]LogModuleManager: Shutting down and abandoning module VisualStudioSourceCodeAccess (88)
[2015.09.23-16.42.23:173][101]LogModuleManager: Shutting down and abandoning module UObjectPlugin (87)
[2015.09.23-16.42.23:173][101]LogModuleManager: Shutting down and abandoning module SubversionSourceControl (86)
[2015.09.23-16.42.23:173][101]LogModuleManager: Shutting down and abandoning module SourceControl (85)
[2015.09.23-16.42.23:173][101]LogModuleManager: Shutting down and abandoning module PerforceSourceControl (84)
[2015.09.23-16.42.23:173][101]LogModuleManager: Shutting down and abandoning module BlankPlugin (83)
[2015.09.23-16.42.23:173][101]LogModuleManager: Shutting down and abandoning module UdpMessaging (82)
[2015.09.23-16.42.23:173][101]LogModuleManager: Shutting down and abandoning module AssetRegistry (81)
[2015.09.23-16.42.23:173][101]LogModuleManager: Shutting down and abandoning module SubstanceCore (80)
[2015.09.23-16.42.23:173][101]LogModuleManager: Shutting down and abandoning module Paper2D (79)
[2015.09.23-16.42.23:173][101]LogModuleManager: Shutting down and abandoning module WindowsMoviePlayer (78)
[2015.09.23-16.42.23:175][101]LogModuleManager: Shutting down and abandoning module Media (77)
[2015.09.23-16.42.23:175][101]LogModuleManager: Shutting down and abandoning module WmfMedia (76)
[2015.09.23-16.42.23:176][101]LogModuleManager: Shutting down and abandoning module OnlineBlueprintSupport (75)
[2015.09.23-16.42.23:176][101]LogModuleManager: Shutting down and abandoning module PropertyEditor (74)
[2015.09.23-16.42.23:176][101]LogModuleManager: Shutting down and abandoning module BehaviorTreeEditor (73)
[2015.09.23-16.42.23:176][101]LogModuleManager: Shutting down and abandoning module FunctionalTesting (72)
[2015.09.23-16.42.23:176][101]LogModuleManager: Shutting down and abandoning module CollisionAnalyzer (71)
[2015.09.23-16.42.23:176][101]LogModuleManager: Shutting down and abandoning module WorkspaceMenuStructure (70)
[2015.09.23-16.42.23:176][101]LogModuleManager: Shutting down and abandoning module MessageLog (69)
[2015.09.23-16.42.23:176][101]LogModuleManager: Shutting down and abandoning module Sequencer (68)
[2015.09.23-16.42.23:176][101]LogModuleManager: Shutting down and abandoning module AssetTools (67)
[2015.09.23-16.42.23:176][101]LogModuleManager: Shutting down and abandoning module UMGEditor (66)
[2015.09.23-16.42.23:176][101]LogModuleManager: Shutting down and abandoning module UMG (65)
[2015.09.23-16.42.23:176][101]LogModuleManager: Shutting down and abandoning module Slate (64)
[2015.09.23-16.42.23:176][101]LogModuleManager: Shutting down and abandoning module EditorStyle (63)
[2015.09.23-16.42.23:178][101]LogModuleManager: Shutting down and abandoning module SessionServices (62)
[2015.09.23-16.42.23:178][101]LogModuleManager: Shutting down and abandoning module SourceCodeAccess (61)
[2015.09.23-16.42.23:178][101]LogModuleManager: Shutting down and abandoning module HeadMountedDisplay (60)
[2015.09.23-16.42.23:178][101]LogModuleManager: Shutting down and abandoning module XAudio2 (59)
[2015.09.23-16.42.23:178][101]LogModuleManager: Shutting down and abandoning module Networking (57)
[2015.09.23-16.42.23:178][101]LogModuleManager: Shutting down and abandoning module Core (56)
[2015.09.23-16.42.23:178][101]LogModuleManager: Shutting down and abandoning module KismetCompiler (55)
[2015.09.23-16.42.23:178][101]LogModuleManager: Shutting down and abandoning module PhysXFormats (54)
[2015.09.23-16.42.23:178][101]LogModuleManager: Shutting down and abandoning module MeshUtilities (53)
[2015.09.23-16.42.23:178][101]LogModuleManager: Shutting down and abandoning module DerivedDataCache (52)
[2015.09.23-16.42.23:660][101]LogDerivedDataCache: Shutdown
[2015.09.23-16.42.23:660][101]LogModuleManager: Shutting down and abandoning module ShaderFormatOpenGL (51)
[2015.09.23-16.42.23:660][101]LogModuleManager: Shutting down and abandoning module ShaderFormatD3D (50)
[2015.09.23-16.42.23:660][101]LogModuleManager: Shutting down and abandoning module MetalShaderFormat (49)
[2015.09.23-16.42.23:660][101]LogModuleManager: Shutting down and abandoning module TextureFormatUncompressed (48)
[2015.09.23-16.42.23:660][101]LogModuleManager: Shutting down and abandoning module TextureFormatPVR (47)
[2015.09.23-16.42.23:660][101]LogModuleManager: Shutting down and abandoning module TextureFormatIntelISPCTexComp (46)
[2015.09.23-16.42.23:660][101]LogModuleManager: Shutting down and abandoning module TextureFormatDXT (45)
[2015.09.23-16.42.23:660][101]LogModuleManager: Shutting down and abandoning module ImageWrapper (44)
[2015.09.23-16.42.23:660][101]LogModuleManager: Shutting down and abandoning module TextureFormatASTC (43)
[2015.09.23-16.42.23:660][101]LogModuleManager: Shutting down and abandoning module TextureFormatAndroid (42)
[2015.09.23-16.42.23:660][101]LogModuleManager: Shutting down and abandoning module AudioFormatOpus (41)
[2015.09.23-16.42.23:660][101]LogModuleManager: Shutting down and abandoning module AudioFormatOgg (40)
[2015.09.23-16.42.23:660][101]LogModuleManager: Shutting down and abandoning module AudioFormatADPCM (39)
[2015.09.23-16.42.23:660][101]LogModuleManager: Shutting down and abandoning module LinuxTargetPlatform (38)
[2015.09.23-16.42.23:660][101]LogModuleManager: Shutting down and abandoning module LinuxServerTargetPlatform (37)
[2015.09.23-16.42.23:660][101]LogModuleManager: Shutting down and abandoning module LinuxNoEditorTargetPlatform (36)
[2015.09.23-16.42.23:660][101]LogModuleManager: Shutting down and abandoning module Messaging (35)
[2015.09.23-16.42.23:660][101]LogModuleManager: Shutting down and abandoning module IOSTargetPlatform (34)
[2015.09.23-16.42.23:660][101]LogModuleManager: Shutting down and abandoning module HTML5TargetPlatform (33)
[2015.09.23-16.42.23:660][101]LogModuleManager: Shutting down and abandoning module Android_PVRTCTargetPlatform (32)
[2015.09.23-16.42.23:660][101]LogModuleManager: Shutting down and abandoning module Android_ETC2TargetPlatform (31)
[2015.09.23-16.42.23:660][101]LogModuleManager: Shutting down and abandoning module Android_ETC1TargetPlatform (30)
[2015.09.23-16.42.23:660][101]LogModuleManager: Shutting down and abandoning module Android_DXTTargetPlatform (29)
[2015.09.23-16.42.23:660][101]LogModuleManager: Shutting down and abandoning module Android_ATCTargetPlatform (28)
[2015.09.23-16.42.23:660][101]LogModuleManager: Shutting down and abandoning module Android_ASTCTargetPlatform (27)
[2015.09.23-16.42.23:660][101]LogModuleManager: Shutting down and abandoning module AndroidTargetPlatform (26)
[2015.09.23-16.42.23:660][101]LogModuleManager: Shutting down and abandoning module WindowsTargetPlatform (25)
[2015.09.23-16.42.23:660][101]LogModuleManager: Shutting down and abandoning module WindowsServerTargetPlatform (24)
[2015.09.23-16.42.23:660][101]LogModuleManager: Shutting down and abandoning module WindowsNoEditorTargetPlatform (23)
[2015.09.23-16.42.23:660][101]LogModuleManager: Shutting down and abandoning module WindowsClientTargetPlatform (22)
[2015.09.23-16.42.23:660][101]LogModuleManager: Shutting down and abandoning module DesktopTargetPlatform (21)
[2015.09.23-16.42.23:660][101]LogModuleManager: Shutting down and abandoning module TargetPlatform (20)
[2015.09.23-16.42.23:660][101]LogModuleManager: Shutting down and abandoning module InputCore (19)
[2015.09.23-16.42.23:660][101]LogModuleManager: Shutting down and abandoning module Settings (18)
[2015.09.23-16.42.23:660][101]LogModuleManager: Shutting down and abandoning module OnlineSubsystem (16)
[2015.09.23-16.42.23:660][101]LogModuleManager: Shutting down and abandoning module HTTP (15)
[2015.09.23-16.42.23:661][101]LogModuleManager: Shutting down and abandoning module ExampleDeviceProfileSelector (14)
[2015.09.23-16.42.23:661][101]LogModuleManager: Shutting down and abandoning module TextureCompressor (13)
[2015.09.23-16.42.23:661][101]LogModuleManager: Shutting down and abandoning module ShaderCore (12)
[2015.09.23-16.42.23:661][101]LogModuleManager: Shutting down and abandoning module Landscape (11)
[2015.09.23-16.42.23:661][101]LogModuleManager: Shutting down and abandoning module SlateRHIRenderer (10)
[2015.09.23-16.42.23:661][101]LogModuleManager: Shutting down and abandoning module OpenGLDrv (9)
[2015.09.23-16.42.23:661][101]LogModuleManager: Shutting down and abandoning module D3D11RHI (8)
[2015.09.23-16.42.23:661][101]LogModuleManager: Shutting down and abandoning module Renderer (7)
[2015.09.23-16.42.23:661][101]LogModuleManager: Shutting down and abandoning module Engine (6)
[2015.09.23-16.42.23:661][101]LogModuleManager: Shutting down and abandoning module CoreUObject (5)
[2015.09.23-16.42.23:661][101]LogModuleManager: Shutting down and abandoning module NetworkFile (4)
[2015.09.23-16.42.23:661][101]LogModuleManager: Shutting down and abandoning module StreamingFile (3)
[2015.09.23-16.42.23:661][101]LogModuleManager: Shutting down and abandoning module SandboxFile (2)
[2015.09.23-16.42.23:661][101]LogModuleManager: Shutting down and abandoning module PakFile (1)
[2015.09.23-16.42.23:662][101]LogExit: Exiting.
[2015.09.23-16.42.23:664][101]Log file closed, 09/23/15 18:42:23
