[2015.08.30-19.59.32:445][  0]Log file open, 08/30/15 21:59:32
[2015.08.30-19.59.32:445][  0]LogInit:Display: Running engine for game: NotPartofGame
[2015.08.30-19.59.32:445][  0]LogInit:Display: RandInit(-1824933304) SRandInit(-1824933303).
[2015.08.30-19.59.32:445][  0]LogTaskGraph: Started task graph with 4 named threads and 7 total threads.
[2015.08.30-19.59.32:445][  0]LogStats: Stats thread started
[2015.08.30-19.59.32:445][  0]LogInit: Version: 4.8.3-2634408+++depot+UE4-Releases+4.8
[2015.08.30-19.59.32:445][  0]LogInit: API Version: 2579680
[2015.08.30-19.59.32:445][  0]LogInit: Compiled (64-bit): Jul 27 2015 16:24:33
[2015.08.30-19.59.32:445][  0]LogInit: Compiled with Visual C++: 18.00.21005.01
[2015.08.30-19.59.32:445][  0]LogInit: Build Configuration: Development
[2015.08.30-19.59.32:445][  0]LogInit: Branch Name: ++depot+UE4-Releases+4.8
[2015.08.30-19.59.32:445][  0]LogInit: Command line:  /Temp/Autosaves/Game/NPOTG/Maps/UEDPCTesting_Level -game -PIEVIACONSOLE -ResX=1280 -ResY=720  -Multiprocess 
[2015.08.30-19.59.32:445][  0]LogInit: Base directory: C:/Users/Bodoo/Documents/Programmieren/4.8/Engine/Binaries/Win64/
[2015.08.30-19.59.32:445][  0]LogInit: Rocket: 1
[2015.08.30-19.59.32:466][  0]LogInit: Using libcurl 7.41.0
[2015.08.30-19.59.32:466][  0]LogInit:  - built for x86_64-pc-win32
[2015.08.30-19.59.32:466][  0]LogInit:  - supports SSL with WinSSL
[2015.08.30-19.59.32:466][  0]LogInit:  - other features:
[2015.08.30-19.59.32:466][  0]LogInit:      CURL_VERSION_SSL
[2015.08.30-19.59.32:466][  0]LogInit:      CURL_VERSION_IPV6
[2015.08.30-19.59.32:466][  0]LogInit:      CURL_VERSION_ASYNCHDNS
[2015.08.30-19.59.32:466][  0]LogInit:      CURL_VERSION_LARGEFILE
[2015.08.30-19.59.32:466][  0]LogInit:      CURL_VERSION_IDN
[2015.08.30-19.59.32:466][  0]LogInit:  CurlRequestOptions (configurable via config and command line):
[2015.08.30-19.59.32:466][  0]LogInit:  - bVerifyPeer = true  - Libcurl will verify peer certificate
[2015.08.30-19.59.32:466][  0]LogInit:  - bUseHttpProxy = false  - Libcurl will NOT use HTTP proxy
[2015.08.30-19.59.32:466][  0]LogInit:  - bDontReuseConnections = false  - Libcurl will reuse connections
[2015.08.30-19.59.32:466][  0]LogInit:  - CertBundlePath = nullptr  - Libcurl will use whatever was configured at build time.
[2015.08.30-19.59.32:480][  0]LogOnline:Warning: No default platform service specified for OnlineSubsystem
[2015.08.30-19.59.32:495][  0]LogInit: Presizing for 0 objects not considered by GC, pre-allocating 0 bytes.
[2015.08.30-19.59.32:503][  0]LogInit: Object subsystem initialized
[2015.08.30-19.59.32:504][  0]LogConsoleResponse:Warning: Skipping Unknown console variable: 'UIScaleCurve = (EditorCurveData=(Keys=((Time=480.000000,Value=0.444000),(Time=720.000000,Value=0.666000),(Time=1080.000000,Value=1.000000),(Time=8640.000000,Value=8.000000))),ExternalCurve=None)'
[2015.08.30-19.59.32:504][  0]LogConsoleResponse:Warning:   Found in ini file 'C:/Users/Bodoo/Documents/Programmieren/Projekte/NotPartofTheGame/Saved/Config/Windows/Engine.ini', in section '[/Script/Engine.RendererSettings]'
[2015.08.30-19.59.32:504][  0]LogConsoleManager:Warning: Console variable 'r.MSAA.CompositingSampleCount' wasn't set ('Scalability' has a lower priority than 'ProjectSetting')
[2015.08.30-19.59.32:505][  0]LogInit: Selected Device Profile: [Windows]
[2015.08.30-19.59.32:505][  0]LogInit: Applying CVar settings loaded from the selected device profile: [Windows]
[2015.08.30-19.59.32:508][  0]LogInit: Computer: DESKTOP-GLF6O4V
[2015.08.30-19.59.32:508][  0]LogInit: User: Bodoo
[2015.08.30-19.59.32:508][  0]LogInit: CPU Page size=4096, Cores=4
[2015.08.30-19.59.32:508][  0]LogInit: High frequency timer resolution =3.215351 MHz
[2015.08.30-19.59.32:508][  0]LogMemory: Memory total: Physical=12.0GB (12GB approx)
[2015.08.30-19.59.32:508][  0]LogMemory: Platform Memory Stats for Windows
[2015.08.30-19.59.32:508][  0]LogMemory: Process Physical Memory: 49.75 MB used, 49.75 MB peak
[2015.08.30-19.59.32:508][  0]LogMemory: Process Virtual Memory: 22.50 MB used, 22.50 MB peak
[2015.08.30-19.59.32:508][  0]LogMemory: Physical Memory: 2924.13 MB used, 12270.70 MB total
[2015.08.30-19.59.32:508][  0]LogMemory: Virtual Memory: 310.61 MB used, 134217728.00 MB total
[2015.08.30-19.59.32:537][  0]LogTextLocalizationManager: The requested culture ('de_DE') has no localization data; falling back to 'en' for localization and internationalization data.
[2015.08.30-19.59.32:778][  0]LogTextLocalizationManager:Warning: Loaded localization resources contain conflicting entries for (Namespace:ContentBrowser, Key:ImportAssetToolTip):
Localization Resource: (C:/Users/Bodoo/Documents/Programmieren/4.8/Engine/Content/Localization/Editor/en/Editor.locres) Source String Hash: (-630476809) Localized String: (Import to {0}...)
Localization Resource: (C:/Users/Bodoo/Documents/Programmieren/4.8/Engine/Content/Localization/Editor/en/Editor.locres) Source String Hash: (1271782899) Localized String: (Imports an asset from file to this folder.)
[2015.08.30-19.59.33:109][  0]LogD3D11RHI: Found D3D11 adapter 0: AMD Radeon HD 6800 Series (Feature Level 11_0)
[2015.08.30-19.59.33:109][  0]LogD3D11RHI: Adapter has 1011MB of dedicated video memory, 0MB of dedicated system memory, and 3840MB of shared system memory, 1 output[s]
[2015.08.30-19.59.33:110][  0]LogD3D11RHI: Found D3D11 adapter 1: Microsoft Basic Render Driver (Feature Level 11_0)
[2015.08.30-19.59.33:110][  0]LogD3D11RHI: Adapter has 0MB of dedicated video memory, 0MB of dedicated system memory, and 6135MB of shared system memory, 0 output[s]
[2015.08.30-19.59.33:110][  0]LogD3D11RHI: Chosen D3D11 Adapter Id = 0
[2015.08.30-19.59.33:113][  0]LogD3D11RHI: InitD3DDevice
[2015.08.30-19.59.33:113][  0]LogD3D11RHI: !Direct3DDevice
[2015.08.30-19.59.33:113][  0]LogRHI: Texture pool is 708 MB (70% of 1011 MB)
[2015.08.30-19.59.33:119][  0]LogD3D11RHI: Async texture creation disabled: no driver support
[2015.08.30-19.59.33:130][  0]LogShaderCompilers:Display: Using Local Shader Compiler.
[2015.08.30-19.59.33:931][  0]LogTemp:Display: Loaded TP DesktopTargetPlatform
[2015.08.30-19.59.33:945][  0]LogTemp:Display: Loaded TP WindowsClientTargetPlatform
[2015.08.30-19.59.33:960][  0]LogTemp:Display: Loaded TP WindowsNoEditorTargetPlatform
[2015.08.30-19.59.33:975][  0]LogTemp:Display: Loaded TP WindowsServerTargetPlatform
[2015.08.30-19.59.33:991][  0]LogTemp:Display: Loaded TP WindowsTargetPlatform
[2015.08.30-19.59.34:004][  0]LogTemp:Display: Loaded TP AndroidTargetPlatform
[2015.08.30-19.59.34:018][  0]LogTemp:Display: Loaded TP Android_ASTCTargetPlatform
[2015.08.30-19.59.34:031][  0]LogTemp:Display: Loaded TP Android_ATCTargetPlatform
[2015.08.30-19.59.34:045][  0]LogTemp:Display: Loaded TP Android_DXTTargetPlatform
[2015.08.30-19.59.34:058][  0]LogTemp:Display: Loaded TP Android_ETC1TargetPlatform
[2015.08.30-19.59.34:072][  0]LogTemp:Display: Loaded TP Android_ETC2TargetPlatform
[2015.08.30-19.59.34:086][  0]LogTemp:Display: Loaded TP Android_PVRTCTargetPlatform
[2015.08.30-19.59.34:137][  0]LogTemp:Display: Loaded TP IOSTargetPlatform
[2015.08.30-19.59.34:150][  0]LogTemp:Display: Loaded TP LinuxNoEditorTargetPlatform
[2015.08.30-19.59.34:162][  0]LogTemp:Display: Loaded TP LinuxServerTargetPlatform
[2015.08.30-19.59.34:178][  0]LogTemp:Display: Loaded TP LinuxTargetPlatform
[2015.08.30-19.59.34:178][  0]LogTargetPlatformManager:Display: Building Assets For Windows
[2015.08.30-19.59.34:397][  0]LogDerivedDataCache:Display: Max Cache Size: 512 MB
[2015.08.30-19.59.34:460][  0]LogDerivedDataCache: Loaded boot cache 0.06s 53MB C:/Users/Bodoo/AppData/Local/UnrealEngine/4.8/DerivedDataCache/Boot.ddc.
[2015.08.30-19.59.34:460][  0]LogDerivedDataCache:Display: Loaded Boot cache: C:/Users/Bodoo/AppData/Local/UnrealEngine/4.8/DerivedDataCache/Boot.ddc
[2015.08.30-19.59.34:460][  0]LogDerivedDataCache: FDerivedDataBackendGraph:  Pak pak cache file ../../../../Projekte/NotPartofTheGame/DerivedDataCache/DDC.ddp not found, will not use a pak cache.
[2015.08.30-19.59.34:460][  0]LogDerivedDataCache: Unable to find inner node Pak for hierarchical cache Hierarchy.
[2015.08.30-19.59.34:460][  0]LogDerivedDataCache: FDerivedDataBackendGraph:  CompressedPak pak cache file ../../../../Projekte/NotPartofTheGame/DerivedDataCache/Compressed.ddp not found, will not use a pak cache.
[2015.08.30-19.59.34:460][  0]LogDerivedDataCache: Unable to find inner node CompressedPak for hierarchical cache Hierarchy.
[2015.08.30-19.59.34:614][  0]LogDerivedDataCache:Display: Pak cache opened for reading ../../../Engine/DerivedDataCache/Compressed.ddp.
[2015.08.30-19.59.34:626][  0]LogDerivedDataCache: Using Local data cache path C:/Users/Bodoo/AppData/Local/UnrealEngine/Common/DerivedDataCache: Writable
[2015.08.30-19.59.34:871][  0]LogInit: Selected Device Profile: [Windows]
[2015.08.30-19.59.34:957][  0]ImportText (ComponentSweepMultiTests): Missing closing parenthesis: (RootShapeAsset="/Engine/BasicShapes/Cube.Cube",ShapeType="TriggerCapsule",HitResult=(Time=0.50,Location=(X=-100.000015,Y=0.0,Z=100.000015),ImpactPoint=(X=-50.0,Y=0.0,Z=50.0),Normal=(X=-1.0,Y=-0.0,Z=0.0),ImpactNormal=(X=0.0,Y=0.0,Z=1.0),TraceStart=(X=-200.0,Y=0.0,Z=200.0),TraceEnd=(X=0.0,Y=0.0,Z=0.0))
[2015.08.30-19.59.34:958][  0]ImportText (LineTraceSingleByChannelTests): Missing closing parenthesis: (RootShapeAsset="/Engine/BasicShapes/Cube.Cube",HitResult=(Time=0.50,Location=(X=-100.000015,Y=0.0,Z=100.000015),ImpactPoint=(X=-50.0,Y=0.0,Z=50.0),Normal=(X=-1.0,Y=-0.0,Z=0.0),ImpactNormal=(X=0.0,Y=0.0,Z=1.0),TraceStart=(X=-200.0,Y=0.0,Z=200.0),TraceEnd=(X=0.0,Y=0.0,Z=0.0))
[2015.08.30-19.59.34:986][  0]LogMeshUtilities: No automatic mesh reduction module available
[2015.08.30-19.59.34:986][  0]LogMeshUtilities: No automatic mesh merging module available
[2015.08.30-19.59.35:276][  0]LogInit: WinSock: version 1.1 (2.2), MaxSocks=32767, MaxUdp=65467
[2015.08.30-19.59.35:738][  0]LogD3D11RHI: InitD3DDevice
[2015.08.30-19.59.35:747][  0]LogWindowsMoviePlayer: Unable to load movie: ../../../../Projekte/NotPartofTheGame/Content/Movies/Default_Startup.mp4
[2015.08.30-19.59.35:892][  0]LogAssetRegistry: FAssetRegistry took 0.0001 seconds to start up
[2015.08.30-19.59.35:939][  0]SourceControl: Info Source control is disabled
[2015.08.30-19.59.35:939][  0]SourceControl: Info Source control is disabled
[2015.08.30-19.59.35:950][  0]SourceControl: Info Source control is disabled
[2015.08.30-19.59.36:144][  0]LogObj: 25913 objects as part of root set at end of initial load.
[2015.08.30-19.59.36:144][  0]LogUObjectAllocator: 5218480 out of 0 bytes used by permanent object pool.
[2015.08.30-19.59.36:214][  0]LogAutomationTest:Warning: ERR: Transient text cannot be serialized "Testing Transient serialization detection".
[2015.08.30-19.59.36:214][  0]LogEngine: Initializing Engine...
[2015.08.30-19.59.36:216][  0]LogHMD: Can't find Oculus library dev build: is proper Runtime installed? Version: 0.6.0.0
[2015.08.30-19.59.36:218][  0]LogHMD:Warning: SteamVR failed to initialize.  Error: 110
[2015.08.30-19.59.36:311][  0]LogInit: XAudio2 using 'Lautsprecher (G510s Gaming Keyboard)' : 2 channels at 48 kHz using 16 bits per sample (channel mask 0x3)
[2015.08.30-19.59.36:318][  0]LogInit: FAudioDevice initialized.
[2015.08.30-19.59.36:327][  0]LogInit: Texture streaming: Disabled
[2015.08.30-19.59.36:395][  0]LogNet: Browse: /Temp/Autosaves/Game/NPOTG/Maps/UEDPCTesting_Level?Name=Player
[2015.08.30-19.59.36:395][  0]LogLoad: LoadMap: /Temp/Autosaves/Game/NPOTG/Maps/UEDPCTesting_Level?Name=Player
[2015.08.30-19.59.36:406][  0]LogParticles: Destroying 0 GPU particle simulations for FXSystem 0x00000035623C7560
[2015.08.30-19.59.36:416][  0]LogMemory: Platform Memory Stats for Windows
[2015.08.30-19.59.36:416][  0]LogMemory: Process Physical Memory: 333.92 MB used, 333.92 MB peak
[2015.08.30-19.59.36:416][  0]LogMemory: Process Virtual Memory: 370.51 MB used, 370.51 MB peak
[2015.08.30-19.59.36:416][  0]LogMemory: Physical Memory: 3164.53 MB used, 12270.70 MB total
[2015.08.30-19.59.36:416][  0]LogMemory: Virtual Memory: 887.68 MB used, 134217728.00 MB total
[2015.08.30-19.59.36:416][  0]LogMemory: 
[2015.08.30-19.59.36:416][  0]Allocator Stats for TBB: (not implemented)
[2015.08.30-19.59.37:305][  0]LogProperty:Warning: ERR: Transient text cannot be serialized "NewRotation Roll".
[2015.08.30-19.59.37:305][  0]LogProperty:Warning: ERR: Transient text cannot be serialized "NewRotation Yaw".
[2015.08.30-19.59.37:305][  0]LogProperty:Warning: ERR: Transient text cannot be serialized "NewRotation Pitch".
[2015.08.30-19.59.37:305][  0]LogProperty:Warning: ERR: Transient text cannot be serialized "NewRotation Roll".
[2015.08.30-19.59.37:305][  0]LogProperty:Warning: ERR: Transient text cannot be serialized "NewRotation Yaw".
[2015.08.30-19.59.37:305][  0]LogProperty:Warning: ERR: Transient text cannot be serialized "NewRotation Pitch".
[2015.08.30-19.59.37:359][  0]LogProperty:Warning: ERR: Transient text cannot be serialized "NewRotation Roll".
[2015.08.30-19.59.37:359][  0]LogProperty:Warning: ERR: Transient text cannot be serialized "NewRotation Yaw".
[2015.08.30-19.59.37:359][  0]LogProperty:Warning: ERR: Transient text cannot be serialized "NewRotation Pitch".
[2015.08.30-19.59.37:359][  0]LogProperty:Warning: ERR: Transient text cannot be serialized "NewRotation Roll".
[2015.08.30-19.59.37:359][  0]LogProperty:Warning: ERR: Transient text cannot be serialized "NewRotation Yaw".
[2015.08.30-19.59.37:359][  0]LogProperty:Warning: ERR: Transient text cannot be serialized "NewRotation Pitch".
[2015.08.30-19.59.38:359][  0]LogAIModule: Creating AISystem for world Testing_Level
[2015.08.30-19.59.38:360][  0]LogWorld: Game class is '2DSideScrollerGameMode_C'
[2015.08.30-19.59.38:426][  0]LogWorld: Bringing World /Temp/Autosaves/Game/NPOTG/Maps/UEDPCTesting_Level.Testing_Level up for play (max tick rate 0) at 2015.08.30-21.59.38
[2015.08.30-19.59.38:439][  0]LogWorld: Bringing up level for play took: 0.077230
[2015.08.30-19.59.38:444][  0]LogInit:Display: Game Engine Initialized.
[2015.08.30-19.59.38:670][  0]LogLoad: Full Startup: 7.80 seconds (BP compile: 1.02 seconds)
[2015.08.30-19.59.38:687][  0]LogWindowsTextInputMethodSystem:Display: IME system now deactivated.
[2015.08.30-19.59.38:687][  0]LogWindowsTextInputMethodSystem:Display: IME system now deactivated.
[2015.08.30-19.59.38:689][  0]LogContentStreaming: Texture pool size is 1000.000000MB
[2015.08.30-19.59.38:813][  0]LogRenderer: Reallocating scene render targets to support 1280x720 (Frame:2).
[2015.08.30-20.00.29:683][144]LogBlueprintUserMessages: 0.991935
[2015.08.30-20.00.29:683][144]LogBlueprintUserMessages: 0.991935
[2015.08.30-20.00.29:683][144]LogBlueprintUserMessages: 0.983871
[2015.08.30-20.00.29:698][145]LogBlueprintUserMessages: 0.975806
[2015.08.30-20.00.29:715][146]LogBlueprintUserMessages: 0.967742
[2015.08.30-20.00.29:731][147]LogBlueprintUserMessages: 0.959677
[2015.08.30-20.00.29:747][148]LogBlueprintUserMessages: 0.951613
[2015.08.30-20.00.29:763][149]LogBlueprintUserMessages: 0.943548
[2015.08.30-20.00.29:779][150]LogBlueprintUserMessages: 0.935484
[2015.08.30-20.00.29:795][151]LogBlueprintUserMessages: 0.927419
[2015.08.30-20.00.29:811][152]LogBlueprintUserMessages: 0.919354
[2015.08.30-20.00.29:828][153]LogBlueprintUserMessages: 0.911287
[2015.08.30-20.00.29:844][154]LogBlueprintUserMessages: 0.903222
[2015.08.30-20.00.29:860][155]LogBlueprintUserMessages: 0.895158
[2015.08.30-20.00.29:876][156]LogBlueprintUserMessages: 0.887093
[2015.08.30-20.00.29:892][157]LogBlueprintUserMessages: 0.879028
[2015.08.30-20.00.29:908][158]LogBlueprintUserMessages: 0.870963
[2015.08.30-20.00.29:924][159]LogBlueprintUserMessages: 0.862899
[2015.08.30-20.00.29:940][160]LogBlueprintUserMessages: 0.854834
[2015.08.30-20.00.29:956][161]LogBlueprintUserMessages: 0.84677
[2015.08.30-20.00.29:973][162]LogBlueprintUserMessages: 0.838705
[2015.08.30-20.00.29:989][163]LogBlueprintUserMessages: 0.83064
[2015.08.30-20.00.30:005][164]LogBlueprintUserMessages: 0.822576
[2015.08.30-20.00.30:021][165]LogBlueprintUserMessages: 0.814511
[2015.08.30-20.00.30:037][166]LogBlueprintUserMessages: 0.806447
[2015.08.30-20.00.30:053][167]LogBlueprintUserMessages: 0.798382
[2015.08.30-20.00.30:069][168]LogBlueprintUserMessages: 0.790318
[2015.08.30-20.00.30:085][169]LogBlueprintUserMessages: 0.782253
[2015.08.30-20.00.30:102][170]LogBlueprintUserMessages: 0.774188
[2015.08.30-20.00.30:118][171]LogBlueprintUserMessages: 0.766124
[2015.08.30-20.00.30:134][172]LogBlueprintUserMessages: 0.758059
[2015.08.30-20.00.30:150][173]LogBlueprintUserMessages: 0.749995
[2015.08.30-20.00.30:166][174]LogBlueprintUserMessages: 0.74193
[2015.08.30-20.00.30:183][175]LogBlueprintUserMessages: 0.733865
[2015.08.30-20.00.30:199][176]LogBlueprintUserMessages: 0.725801
[2015.08.30-20.00.30:215][177]LogBlueprintUserMessages: 0.717736
[2015.08.30-20.00.30:231][178]LogBlueprintUserMessages: 0.709672
[2015.08.30-20.00.30:247][179]LogBlueprintUserMessages: 0.701607
[2015.08.30-20.00.30:263][180]LogBlueprintUserMessages: 0.693542
[2015.08.30-20.00.30:279][181]LogBlueprintUserMessages: 0.685478
[2015.08.30-20.00.30:296][182]LogBlueprintUserMessages: 0.677413
[2015.08.30-20.00.30:312][183]LogBlueprintUserMessages: 0.669349
[2015.08.30-20.00.30:327][184]LogBlueprintUserMessages: 0.661284
[2015.08.30-20.00.30:344][185]LogBlueprintUserMessages: 0.653219
[2015.08.30-20.00.30:360][186]LogBlueprintUserMessages: 0.645155
[2015.08.30-20.00.30:376][187]LogBlueprintUserMessages: 0.63709
[2015.08.30-20.00.30:392][188]LogBlueprintUserMessages: 0.629026
[2015.08.30-20.00.30:408][189]LogBlueprintUserMessages: 0.620961
[2015.08.30-20.00.30:424][190]LogBlueprintUserMessages: 0.612896
[2015.08.30-20.00.30:440][191]LogBlueprintUserMessages: 0.604832
[2015.08.30-20.00.30:457][192]LogBlueprintUserMessages: 0.596767
[2015.08.30-20.00.30:473][193]LogBlueprintUserMessages: 0.588703
[2015.08.30-20.00.30:489][194]LogBlueprintUserMessages: 0.580638
[2015.08.30-20.00.30:505][195]LogBlueprintUserMessages: 0.572573
[2015.08.30-20.00.30:521][196]LogBlueprintUserMessages: 0.564509
[2015.08.30-20.00.30:537][197]LogBlueprintUserMessages: 0.556444
[2015.08.30-20.00.30:553][198]LogBlueprintUserMessages: 0.54838
[2015.08.30-20.00.30:569][199]LogBlueprintUserMessages: 0.540315
[2015.08.30-20.00.30:585][200]LogBlueprintUserMessages: 0.53225
[2015.08.30-20.00.30:601][201]LogBlueprintUserMessages: 0.524186
[2015.08.30-20.00.30:617][202]LogBlueprintUserMessages: 0.516121
[2015.08.30-20.00.30:634][203]LogBlueprintUserMessages: 0.508057
[2015.08.30-20.00.30:650][204]LogBlueprintUserMessages: 0.499992
[2015.08.30-20.00.30:667][205]LogBlueprintUserMessages: 0.491927
[2015.08.30-20.00.30:683][206]LogBlueprintUserMessages: 0.483863
[2015.08.30-20.00.30:699][207]LogBlueprintUserMessages: 0.475798
[2015.08.30-20.00.30:714][208]LogBlueprintUserMessages: 0.467733
[2015.08.30-20.00.30:730][209]LogBlueprintUserMessages: 0.459669
[2015.08.30-20.00.30:746][210]LogBlueprintUserMessages: 0.451604
[2015.08.30-20.00.30:763][211]LogBlueprintUserMessages: 0.44354
[2015.08.30-20.00.30:779][212]LogBlueprintUserMessages: 0.435475
[2015.08.30-20.00.30:795][213]LogBlueprintUserMessages: 0.42741
[2015.08.30-20.00.30:811][214]LogBlueprintUserMessages: 0.419346
[2015.08.30-20.00.30:827][215]LogBlueprintUserMessages: 0.411281
[2015.08.30-20.00.30:843][216]LogBlueprintUserMessages: 0.403217
[2015.08.30-20.00.30:860][217]LogBlueprintUserMessages: 0.395152
[2015.08.30-20.00.30:876][218]LogBlueprintUserMessages: 0.387087
[2015.08.30-20.00.30:892][219]LogBlueprintUserMessages: 0.379023
[2015.08.30-20.00.30:908][220]LogBlueprintUserMessages: 0.370958
[2015.08.30-20.00.30:925][221]LogBlueprintUserMessages: 0.362894
[2015.08.30-20.00.30:941][222]LogBlueprintUserMessages: 0.354829
[2015.08.30-20.00.30:957][223]LogBlueprintUserMessages: 0.346764
[2015.08.30-20.00.30:973][224]LogBlueprintUserMessages: 0.3387
[2015.08.30-20.00.30:989][225]LogBlueprintUserMessages: 0.330635
[2015.08.30-20.00.31:005][226]LogBlueprintUserMessages: 0.322571
[2015.08.30-20.00.31:021][227]LogBlueprintUserMessages: 0.314506
[2015.08.30-20.00.31:037][228]LogBlueprintUserMessages: 0.306441
[2015.08.30-20.00.31:054][229]LogBlueprintUserMessages: 0.298377
[2015.08.30-20.00.33:990][411]LogBlueprintUserMessages: 0.991935
[2015.08.30-20.00.33:990][411]LogBlueprintUserMessages: 0.991935
[2015.08.30-20.00.33:990][411]LogBlueprintUserMessages: 0.983871
[2015.08.30-20.00.34:005][412]LogBlueprintUserMessages: 0.975806
[2015.08.30-20.00.34:021][413]LogBlueprintUserMessages: 0.967742
[2015.08.30-20.00.34:038][414]LogBlueprintUserMessages: 0.959674
[2015.08.30-20.00.34:053][415]LogBlueprintUserMessages: 0.95161
[2015.08.30-20.00.34:069][416]LogBlueprintUserMessages: 0.943545
[2015.08.30-20.00.34:085][417]LogBlueprintUserMessages: 0.935481
[2015.08.30-20.00.34:102][418]LogBlueprintUserMessages: 0.927416
[2015.08.30-20.00.34:118][419]LogBlueprintUserMessages: 0.91935
[2015.08.30-20.00.34:134][420]LogBlueprintUserMessages: 0.911286
[2015.08.30-20.00.34:150][421]LogBlueprintUserMessages: 0.903221
[2015.08.30-20.00.34:166][422]LogBlueprintUserMessages: 0.895157
[2015.08.30-20.00.34:182][423]LogBlueprintUserMessages: 0.887092
[2015.08.30-20.00.34:199][424]LogBlueprintUserMessages: 0.879028
[2015.08.30-20.00.34:214][425]LogBlueprintUserMessages: 0.870963
[2015.08.30-20.00.34:230][426]LogBlueprintUserMessages: 0.862898
[2015.08.30-20.00.34:247][427]LogBlueprintUserMessages: 0.854834
[2015.08.30-20.00.34:263][428]LogBlueprintUserMessages: 0.846769
[2015.08.30-20.00.34:279][429]LogBlueprintUserMessages: 0.838705
[2015.08.30-20.00.34:296][430]LogBlueprintUserMessages: 0.83064
[2015.08.30-20.00.34:312][431]LogBlueprintUserMessages: 0.822574
[2015.08.30-20.00.34:328][432]LogBlueprintUserMessages: 0.814506
[2015.08.30-20.00.34:344][433]LogBlueprintUserMessages: 0.806442
[2015.08.30-20.00.34:360][434]LogBlueprintUserMessages: 0.798377
[2015.08.30-20.00.34:376][435]LogBlueprintUserMessages: 0.790313
[2015.08.30-20.00.34:392][436]LogBlueprintUserMessages: 0.782248
[2015.08.30-20.00.34:408][437]LogBlueprintUserMessages: 0.774183
[2015.08.30-20.00.34:424][438]LogBlueprintUserMessages: 0.766119
[2015.08.30-20.00.34:440][439]LogBlueprintUserMessages: 0.758054
[2015.08.30-20.00.34:457][440]LogBlueprintUserMessages: 0.74999
[2015.08.30-20.00.34:472][441]LogBlueprintUserMessages: 0.741925
[2015.08.30-20.00.34:488][442]LogBlueprintUserMessages: 0.73386
[2015.08.30-20.00.34:504][443]LogBlueprintUserMessages: 0.725796
[2015.08.30-20.00.34:522][444]LogBlueprintUserMessages: 0.717731
[2015.08.30-20.00.34:538][445]LogBlueprintUserMessages: 0.709667
[2015.08.30-20.00.34:554][446]LogBlueprintUserMessages: 0.701602
[2015.08.30-20.00.34:570][447]LogBlueprintUserMessages: 0.693537
[2015.08.30-20.00.34:586][448]LogBlueprintUserMessages: 0.685473
[2015.08.30-20.00.34:602][449]LogBlueprintUserMessages: 0.677408
[2015.08.30-20.00.34:618][450]LogBlueprintUserMessages: 0.669344
[2015.08.30-20.00.34:634][451]LogBlueprintUserMessages: 0.661279
[2015.08.30-20.00.34:650][452]LogBlueprintUserMessages: 0.653214
[2015.08.30-20.00.34:666][453]LogBlueprintUserMessages: 0.64515
[2015.08.30-20.00.34:683][454]LogBlueprintUserMessages: 0.637085
[2015.08.30-20.00.34:699][455]LogBlueprintUserMessages: 0.629021
[2015.08.30-20.00.34:714][456]LogBlueprintUserMessages: 0.620956
[2015.08.30-20.00.34:730][457]LogBlueprintUserMessages: 0.612891
[2015.08.30-20.00.34:747][458]LogBlueprintUserMessages: 0.604827
[2015.08.30-20.00.34:763][459]LogBlueprintUserMessages: 0.596762
[2015.08.30-20.00.34:779][460]LogBlueprintUserMessages: 0.588697
[2015.08.30-20.00.34:796][461]LogBlueprintUserMessages: 0.580633
[2015.08.30-20.00.34:812][462]LogBlueprintUserMessages: 0.572568
[2015.08.30-20.00.34:827][463]LogBlueprintUserMessages: 0.564504
[2015.08.30-20.00.34:843][464]LogBlueprintUserMessages: 0.556439
[2015.08.30-20.00.34:859][465]LogBlueprintUserMessages: 0.548374
[2015.08.30-20.00.34:875][466]LogBlueprintUserMessages: 0.54031
[2015.08.30-20.00.34:893][467]LogBlueprintUserMessages: 0.532184
[2015.08.30-20.00.34:909][468]LogBlueprintUserMessages: 0.524119
[2015.08.30-20.00.34:925][469]LogBlueprintUserMessages: 0.516055
[2015.08.30-20.00.34:941][470]LogBlueprintUserMessages: 0.50799
[2015.08.30-20.00.34:957][471]LogBlueprintUserMessages: 0.499926
[2015.08.30-20.00.34:973][472]LogBlueprintUserMessages: 0.491861
[2015.08.30-20.00.34:989][473]LogBlueprintUserMessages: 0.483796
[2015.08.30-20.00.35:005][474]LogBlueprintUserMessages: 0.475732
[2015.08.30-20.00.35:022][475]LogBlueprintUserMessages: 0.467667
[2015.08.30-20.00.35:038][476]LogBlueprintUserMessages: 0.459603
[2015.08.30-20.00.35:053][477]LogBlueprintUserMessages: 0.451537
[2015.08.30-20.00.35:069][478]LogBlueprintUserMessages: 0.443473
[2015.08.30-20.00.35:085][479]LogBlueprintUserMessages: 0.435408
[2015.08.30-20.00.35:102][480]LogBlueprintUserMessages: 0.427343
[2015.08.30-20.00.35:118][481]LogBlueprintUserMessages: 0.419279
[2015.08.30-20.00.35:134][482]LogBlueprintUserMessages: 0.411214
[2015.08.30-20.00.35:151][483]LogBlueprintUserMessages: 0.40315
[2015.08.30-20.00.35:167][484]LogBlueprintUserMessages: 0.395085
[2015.08.30-20.00.35:183][485]LogBlueprintUserMessages: 0.38702
[2015.08.30-20.00.35:199][486]LogBlueprintUserMessages: 0.378956
[2015.08.30-20.00.35:215][487]LogBlueprintUserMessages: 0.370891
[2015.08.30-20.00.35:231][488]LogBlueprintUserMessages: 0.362827
[2015.08.30-20.00.35:247][489]LogBlueprintUserMessages: 0.354762
[2015.08.30-20.00.35:263][490]LogBlueprintUserMessages: 0.346697
[2015.08.30-20.00.35:279][491]LogBlueprintUserMessages: 0.338633
[2015.08.30-20.00.35:296][492]LogBlueprintUserMessages: 0.330568
[2015.08.30-20.00.35:311][493]LogBlueprintUserMessages: 0.322504
[2015.08.30-20.00.35:327][494]LogBlueprintUserMessages: 0.314439
[2015.08.30-20.00.35:343][495]LogBlueprintUserMessages: 0.306374
[2015.08.30-20.00.35:360][496]LogBlueprintUserMessages: 0.29831
[2015.08.30-20.00.35:376][497]LogBlueprintUserMessages: 0.290245
[2015.08.30-20.00.35:392][498]LogBlueprintUserMessages: 0.28218
[2015.08.30-20.00.35:408][499]LogBlueprintUserMessages: 0.274116
[2015.08.30-20.00.35:424][500]LogBlueprintUserMessages: 0.266051
[2015.08.30-20.00.35:440][501]LogBlueprintUserMessages: 0.257987
[2015.08.30-20.00.35:456][502]LogBlueprintUserMessages: 0.249922
[2015.08.30-20.00.35:473][503]LogBlueprintUserMessages: 0.241857
[2015.08.30-20.00.35:489][504]LogBlueprintUserMessages: 0.233793
[2015.08.30-20.00.35:506][505]LogBlueprintUserMessages: 0.225728
[2015.08.30-20.01.00:758][ 70]Closing by request
[2015.08.30-20.01.00:758][ 70]LogWindows: FPlatformMisc::RequestExit(0)
[2015.08.30-20.01.01:294][ 71]LogWindowsTextInputMethodSystem:Display: IME system now deactivated.
[2015.08.30-20.01.01:294][ 71]LogWindowsTextInputMethodSystem:Display: IME system now deactivated.
[2015.08.30-20.01.01:304][ 71]LogExit: Preparing to exit.
[2015.08.30-20.01.01:387][ 71]LogExit: Game engine shut down
[2015.08.30-20.01.01:390][ 71]LogParticles: Destroying 0 GPU particle simulations for FXSystem 0x000000355E796A20
[2015.08.30-20.01.01:502][ 71]LogExit: Object subsystem successfully closed.
[2015.08.30-20.01.01:513][ 71]LogD3D11RHI: Shutdown
[2015.08.30-20.01.01:513][ 71]LogD3D11RHI: CleanupD3DDevice
[2015.08.30-20.01.01:594][ 71]LogD3D11RHI: ~FD3D11DynamicRHI
[2015.08.30-20.01.01:605][ 71]LogModuleManager: Shutting down and abandoning module AndroidDeviceDetection (109)
[2015.08.30-20.01.01:725][ 71]LogModuleManager: Shutting down and abandoning module AutomationWorker (108)
[2015.08.30-20.01.01:725][ 71]LogModuleManager: Shutting down and abandoning module CharacterAI (107)
[2015.08.30-20.01.01:725][ 71]LogModuleManager: Shutting down and abandoning module AITestSuite (106)
[2015.08.30-20.01.01:725][ 71]LogModuleManager: Shutting down and abandoning module GameplayDebugger (105)
[2015.08.30-20.01.01:725][ 71]LogModuleManager: Shutting down and abandoning module AIModule (104)
[2015.08.30-20.01.01:725][ 71]LogModuleManager: Shutting down and abandoning module GameLiveStreaming (103)
[2015.08.30-20.01.01:725][ 71]LogModuleManager: Shutting down and abandoning module StreamingPauseRendering (102)
[2015.08.30-20.01.01:725][ 71]LogModuleManager: Shutting down and abandoning module ProfilerService (101)
[2015.08.30-20.01.01:832][ 71]LogModuleManager: Shutting down and abandoning module TaskGraph (100)
[2015.08.30-20.01.01:832][ 71]LogModuleManager: Shutting down and abandoning module SlateRemote (99)
[2015.08.30-20.01.01:832][ 71]LogModuleManager: Shutting down and abandoning module SteamVRController (98)
[2015.08.30-20.01.01:832][ 71]LogModuleManager: Shutting down and abandoning module SteamVR (97)
[2015.08.30-20.01.01:832][ 71]LogModuleManager: Shutting down and abandoning module ProceduralMeshComponent (96)
[2015.08.30-20.01.01:832][ 71]LogModuleManager: Shutting down and abandoning module OculusRift (95)
[2015.08.30-20.01.01:832][ 71]LogModuleManager: Shutting down and abandoning module LeapMotionController (94)
[2015.08.30-20.01.01:839][ 71]LogModuleManager: Shutting down and abandoning module CustomMeshComponent (93)
[2015.08.30-20.01.01:839][ 71]LogModuleManager: Shutting down and abandoning module CableComponent (92)
[2015.08.30-20.01.01:839][ 71]LogModuleManager: Shutting down and abandoning module DesktopPlatform (91)
[2015.08.30-20.01.01:839][ 71]LogModuleManager: Shutting down and abandoning module DirectoryWatcher (90)
[2015.08.30-20.01.01:839][ 71]LogModuleManager: Shutting down and abandoning module HotReload (89)
[2015.08.30-20.01.01:839][ 71]LogModuleManager: Shutting down and abandoning module VisualStudioSourceCodeAccess (88)
[2015.08.30-20.01.01:840][ 71]LogModuleManager: Shutting down and abandoning module UObjectPlugin (87)
[2015.08.30-20.01.01:840][ 71]LogModuleManager: Shutting down and abandoning module SubversionSourceControl (86)
[2015.08.30-20.01.01:840][ 71]LogModuleManager: Shutting down and abandoning module SourceControl (85)
[2015.08.30-20.01.01:840][ 71]LogModuleManager: Shutting down and abandoning module PerforceSourceControl (84)
[2015.08.30-20.01.01:840][ 71]LogModuleManager: Shutting down and abandoning module BlankPlugin (83)
[2015.08.30-20.01.01:840][ 71]LogModuleManager: Shutting down and abandoning module UdpMessaging (82)
[2015.08.30-20.01.01:840][ 71]LogModuleManager: Shutting down and abandoning module AssetRegistry (81)
[2015.08.30-20.01.01:840][ 71]LogModuleManager: Shutting down and abandoning module SubstanceCore (80)
[2015.08.30-20.01.01:840][ 71]LogModuleManager: Shutting down and abandoning module Paper2D (79)
[2015.08.30-20.01.01:840][ 71]LogModuleManager: Shutting down and abandoning module WindowsMoviePlayer (78)
[2015.08.30-20.01.01:842][ 71]LogModuleManager: Shutting down and abandoning module Media (77)
[2015.08.30-20.01.01:842][ 71]LogModuleManager: Shutting down and abandoning module WmfMedia (76)
[2015.08.30-20.01.01:842][ 71]LogModuleManager: Shutting down and abandoning module OnlineBlueprintSupport (75)
[2015.08.30-20.01.01:842][ 71]LogModuleManager: Shutting down and abandoning module PropertyEditor (74)
[2015.08.30-20.01.01:842][ 71]LogModuleManager: Shutting down and abandoning module BehaviorTreeEditor (73)
[2015.08.30-20.01.01:842][ 71]LogModuleManager: Shutting down and abandoning module FunctionalTesting (72)
[2015.08.30-20.01.01:842][ 71]LogModuleManager: Shutting down and abandoning module CollisionAnalyzer (71)
[2015.08.30-20.01.01:842][ 71]LogModuleManager: Shutting down and abandoning module WorkspaceMenuStructure (70)
[2015.08.30-20.01.01:842][ 71]LogModuleManager: Shutting down and abandoning module MessageLog (69)
[2015.08.30-20.01.01:842][ 71]LogModuleManager: Shutting down and abandoning module Sequencer (68)
[2015.08.30-20.01.01:842][ 71]LogModuleManager: Shutting down and abandoning module AssetTools (67)
[2015.08.30-20.01.01:842][ 71]LogModuleManager: Shutting down and abandoning module UMGEditor (66)
[2015.08.30-20.01.01:842][ 71]LogModuleManager: Shutting down and abandoning module UMG (65)
[2015.08.30-20.01.01:842][ 71]LogModuleManager: Shutting down and abandoning module Slate (64)
[2015.08.30-20.01.01:842][ 71]LogModuleManager: Shutting down and abandoning module EditorStyle (63)
[2015.08.30-20.01.01:844][ 71]LogModuleManager: Shutting down and abandoning module SessionServices (62)
[2015.08.30-20.01.01:844][ 71]LogModuleManager: Shutting down and abandoning module SourceCodeAccess (61)
[2015.08.30-20.01.01:844][ 71]LogModuleManager: Shutting down and abandoning module HeadMountedDisplay (60)
[2015.08.30-20.01.01:844][ 71]LogModuleManager: Shutting down and abandoning module XAudio2 (59)
[2015.08.30-20.01.01:844][ 71]LogModuleManager: Shutting down and abandoning module Networking (57)
[2015.08.30-20.01.01:844][ 71]LogModuleManager: Shutting down and abandoning module Core (56)
[2015.08.30-20.01.01:844][ 71]LogModuleManager: Shutting down and abandoning module KismetCompiler (55)
[2015.08.30-20.01.01:844][ 71]LogModuleManager: Shutting down and abandoning module PhysXFormats (54)
[2015.08.30-20.01.01:844][ 71]LogModuleManager: Shutting down and abandoning module MeshUtilities (53)
[2015.08.30-20.01.01:844][ 71]LogModuleManager: Shutting down and abandoning module DerivedDataCache (52)
[2015.08.30-20.01.02:203][ 71]LogDerivedDataCache: Shutdown
[2015.08.30-20.01.02:203][ 71]LogModuleManager: Shutting down and abandoning module ShaderFormatOpenGL (51)
[2015.08.30-20.01.02:203][ 71]LogModuleManager: Shutting down and abandoning module ShaderFormatD3D (50)
[2015.08.30-20.01.02:203][ 71]LogModuleManager: Shutting down and abandoning module MetalShaderFormat (49)
[2015.08.30-20.01.02:203][ 71]LogModuleManager: Shutting down and abandoning module TextureFormatUncompressed (48)
[2015.08.30-20.01.02:203][ 71]LogModuleManager: Shutting down and abandoning module TextureFormatPVR (47)
[2015.08.30-20.01.02:203][ 71]LogModuleManager: Shutting down and abandoning module TextureFormatIntelISPCTexComp (46)
[2015.08.30-20.01.02:203][ 71]LogModuleManager: Shutting down and abandoning module TextureFormatDXT (45)
[2015.08.30-20.01.02:203][ 71]LogModuleManager: Shutting down and abandoning module ImageWrapper (44)
[2015.08.30-20.01.02:203][ 71]LogModuleManager: Shutting down and abandoning module TextureFormatASTC (43)
[2015.08.30-20.01.02:203][ 71]LogModuleManager: Shutting down and abandoning module TextureFormatAndroid (42)
[2015.08.30-20.01.02:203][ 71]LogModuleManager: Shutting down and abandoning module AudioFormatOpus (41)
[2015.08.30-20.01.02:203][ 71]LogModuleManager: Shutting down and abandoning module AudioFormatOgg (40)
[2015.08.30-20.01.02:203][ 71]LogModuleManager: Shutting down and abandoning module AudioFormatADPCM (39)
[2015.08.30-20.01.02:203][ 71]LogModuleManager: Shutting down and abandoning module LinuxTargetPlatform (38)
[2015.08.30-20.01.02:203][ 71]LogModuleManager: Shutting down and abandoning module LinuxServerTargetPlatform (37)
[2015.08.30-20.01.02:203][ 71]LogModuleManager: Shutting down and abandoning module LinuxNoEditorTargetPlatform (36)
[2015.08.30-20.01.02:203][ 71]LogModuleManager: Shutting down and abandoning module Messaging (35)
[2015.08.30-20.01.02:203][ 71]LogModuleManager: Shutting down and abandoning module IOSTargetPlatform (34)
[2015.08.30-20.01.02:203][ 71]LogModuleManager: Shutting down and abandoning module HTML5TargetPlatform (33)
[2015.08.30-20.01.02:203][ 71]LogModuleManager: Shutting down and abandoning module Android_PVRTCTargetPlatform (32)
[2015.08.30-20.01.02:203][ 71]LogModuleManager: Shutting down and abandoning module Android_ETC2TargetPlatform (31)
[2015.08.30-20.01.02:203][ 71]LogModuleManager: Shutting down and abandoning module Android_ETC1TargetPlatform (30)
[2015.08.30-20.01.02:203][ 71]LogModuleManager: Shutting down and abandoning module Android_DXTTargetPlatform (29)
[2015.08.30-20.01.02:203][ 71]LogModuleManager: Shutting down and abandoning module Android_ATCTargetPlatform (28)
[2015.08.30-20.01.02:203][ 71]LogModuleManager: Shutting down and abandoning module Android_ASTCTargetPlatform (27)
[2015.08.30-20.01.02:203][ 71]LogModuleManager: Shutting down and abandoning module AndroidTargetPlatform (26)
[2015.08.30-20.01.02:203][ 71]LogModuleManager: Shutting down and abandoning module WindowsTargetPlatform (25)
[2015.08.30-20.01.02:203][ 71]LogModuleManager: Shutting down and abandoning module WindowsServerTargetPlatform (24)
[2015.08.30-20.01.02:203][ 71]LogModuleManager: Shutting down and abandoning module WindowsNoEditorTargetPlatform (23)
[2015.08.30-20.01.02:203][ 71]LogModuleManager: Shutting down and abandoning module WindowsClientTargetPlatform (22)
[2015.08.30-20.01.02:203][ 71]LogModuleManager: Shutting down and abandoning module DesktopTargetPlatform (21)
[2015.08.30-20.01.02:203][ 71]LogModuleManager: Shutting down and abandoning module TargetPlatform (20)
[2015.08.30-20.01.02:203][ 71]LogModuleManager: Shutting down and abandoning module InputCore (19)
[2015.08.30-20.01.02:203][ 71]LogModuleManager: Shutting down and abandoning module Settings (18)
[2015.08.30-20.01.02:203][ 71]LogModuleManager: Shutting down and abandoning module OnlineSubsystem (16)
[2015.08.30-20.01.02:203][ 71]LogModuleManager: Shutting down and abandoning module HTTP (15)
[2015.08.30-20.01.02:203][ 71]LogModuleManager: Shutting down and abandoning module ExampleDeviceProfileSelector (14)
[2015.08.30-20.01.02:203][ 71]LogModuleManager: Shutting down and abandoning module TextureCompressor (13)
[2015.08.30-20.01.02:203][ 71]LogModuleManager: Shutting down and abandoning module ShaderCore (12)
[2015.08.30-20.01.02:203][ 71]LogModuleManager: Shutting down and abandoning module Landscape (11)
[2015.08.30-20.01.02:203][ 71]LogModuleManager: Shutting down and abandoning module SlateRHIRenderer (10)
[2015.08.30-20.01.02:204][ 71]LogModuleManager: Shutting down and abandoning module OpenGLDrv (9)
[2015.08.30-20.01.02:204][ 71]LogModuleManager: Shutting down and abandoning module D3D11RHI (8)
[2015.08.30-20.01.02:204][ 71]LogModuleManager: Shutting down and abandoning module Renderer (7)
[2015.08.30-20.01.02:204][ 71]LogModuleManager: Shutting down and abandoning module Engine (6)
[2015.08.30-20.01.02:204][ 71]LogModuleManager: Shutting down and abandoning module CoreUObject (5)
[2015.08.30-20.01.02:204][ 71]LogModuleManager: Shutting down and abandoning module NetworkFile (4)
[2015.08.30-20.01.02:204][ 71]LogModuleManager: Shutting down and abandoning module StreamingFile (3)
[2015.08.30-20.01.02:204][ 71]LogModuleManager: Shutting down and abandoning module SandboxFile (2)
[2015.08.30-20.01.02:204][ 71]LogModuleManager: Shutting down and abandoning module PakFile (1)
[2015.08.30-20.01.02:204][ 71]LogExit: Exiting.
[2015.08.30-20.01.02:206][ 71]Log file closed, 08/30/15 22:01:02
