[2015.08.31-21.41.49:776][  0]Log file open, 08/31/15 23:41:49
[2015.08.31-21.41.49:776][  0]LogInit:Display: Running engine for game: NotPartofGame
[2015.08.31-21.41.49:776][  0]LogInit:Display: RandInit(-600458689) SRandInit(-600458689).
[2015.08.31-21.41.49:776][  0]LogTaskGraph: Started task graph with 4 named threads and 7 total threads.
[2015.08.31-21.41.49:776][  0]LogStats: Stats thread started
[2015.08.31-21.41.49:776][  0]LogInit: Version: 4.8.3-2634408+++depot+UE4-Releases+4.8
[2015.08.31-21.41.49:776][  0]LogInit: API Version: 2579680
[2015.08.31-21.41.49:776][  0]LogInit: Compiled (64-bit): Jul 27 2015 16:24:33
[2015.08.31-21.41.49:776][  0]LogInit: Compiled with Visual C++: 18.00.21005.01
[2015.08.31-21.41.49:776][  0]LogInit: Build Configuration: Development
[2015.08.31-21.41.49:776][  0]LogInit: Branch Name: ++depot+UE4-Releases+4.8
[2015.08.31-21.41.49:776][  0]LogInit: Command line: 
[2015.08.31-21.41.49:776][  0]LogInit: Base directory: C:/Users/Bodoo/Documents/Programmieren/4.8/Engine/Binaries/Win64/
[2015.08.31-21.41.49:776][  0]LogInit: Rocket: 1
[2015.08.31-21.41.49:807][  0]LogInit: Using libcurl 7.41.0
[2015.08.31-21.41.49:807][  0]LogInit:  - built for x86_64-pc-win32
[2015.08.31-21.41.49:807][  0]LogInit:  - supports SSL with WinSSL
[2015.08.31-21.41.49:807][  0]LogInit:  - other features:
[2015.08.31-21.41.49:807][  0]LogInit:      CURL_VERSION_SSL
[2015.08.31-21.41.49:807][  0]LogInit:      CURL_VERSION_IPV6
[2015.08.31-21.41.49:807][  0]LogInit:      CURL_VERSION_ASYNCHDNS
[2015.08.31-21.41.49:807][  0]LogInit:      CURL_VERSION_LARGEFILE
[2015.08.31-21.41.49:807][  0]LogInit:      CURL_VERSION_IDN
[2015.08.31-21.41.49:808][  0]LogInit:  CurlRequestOptions (configurable via config and command line):
[2015.08.31-21.41.49:808][  0]LogInit:  - bVerifyPeer = true  - Libcurl will verify peer certificate
[2015.08.31-21.41.49:808][  0]LogInit:  - bUseHttpProxy = false  - Libcurl will NOT use HTTP proxy
[2015.08.31-21.41.49:808][  0]LogInit:  - bDontReuseConnections = false  - Libcurl will reuse connections
[2015.08.31-21.41.49:808][  0]LogInit:  - CertBundlePath = nullptr  - Libcurl will use whatever was configured at build time.
[2015.08.31-21.41.49:819][  0]LogOnline:Warning: No default platform service specified for OnlineSubsystem
[2015.08.31-21.41.49:895][  0]LogInit: Presizing for 0 objects not considered by GC, pre-allocating 0 bytes.
[2015.08.31-21.41.49:902][  0]LogInit: Object subsystem initialized
[2015.08.31-21.41.49:903][  0]LogConsoleResponse:Warning: Skipping Unknown console variable: 'UIScaleCurve = (EditorCurveData=(Keys=((Time=480.000000,Value=0.444000),(Time=720.000000,Value=0.666000),(Time=1080.000000,Value=1.000000),(Time=8640.000000,Value=8.000000))),ExternalCurve=None)'
[2015.08.31-21.41.49:903][  0]LogConsoleResponse:Warning:   Found in ini file 'C:/Users/Bodoo/Documents/Programmieren/Projekte/NotPartofTheGame/Saved/Config/Windows/Engine.ini', in section '[/Script/Engine.RendererSettings]'
[2015.08.31-21.41.49:904][  0]LogConsoleManager:Warning: Console variable 'r.MSAA.CompositingSampleCount' wasn't set ('Scalability' has a lower priority than 'ProjectSetting')
[2015.08.31-21.41.49:904][  0]LogInit: Selected Device Profile: [Windows]
[2015.08.31-21.41.49:904][  0]LogInit: Applying CVar settings loaded from the selected device profile: [Windows]
[2015.08.31-21.41.49:920][  0]LogInit: Computer: DESKTOP-GLF6O4V
[2015.08.31-21.41.49:920][  0]LogInit: User: Bodoo
[2015.08.31-21.41.49:920][  0]LogInit: CPU Page size=4096, Cores=4
[2015.08.31-21.41.49:920][  0]LogInit: High frequency timer resolution =3.215351 MHz
[2015.08.31-21.41.49:920][  0]LogMemory: Memory total: Physical=12.0GB (12GB approx)
[2015.08.31-21.41.49:920][  0]LogMemory: Platform Memory Stats for Windows
[2015.08.31-21.41.49:920][  0]LogMemory: Process Physical Memory: 51.14 MB used, 51.14 MB peak
[2015.08.31-21.41.49:920][  0]LogMemory: Process Virtual Memory: 22.45 MB used, 22.45 MB peak
[2015.08.31-21.41.49:920][  0]LogMemory: Physical Memory: 2252.82 MB used, 12270.70 MB total
[2015.08.31-21.41.49:920][  0]LogMemory: Virtual Memory: 309.61 MB used, 134217728.00 MB total
[2015.08.31-21.41.50:310][  0]LogTextLocalizationManager: The requested culture ('de_DE') has no localization data; falling back to 'en' for localization and internationalization data.
[2015.08.31-21.41.50:557][  0]LogTextLocalizationManager:Warning: Loaded localization resources contain conflicting entries for (Namespace:ContentBrowser, Key:ImportAssetToolTip):
Localization Resource: (C:/Users/Bodoo/Documents/Programmieren/4.8/Engine/Content/Localization/Editor/en/Editor.locres) Source String Hash: (-630476809) Localized String: (Import to {0}...)
Localization Resource: (C:/Users/Bodoo/Documents/Programmieren/4.8/Engine/Content/Localization/Editor/en/Editor.locres) Source String Hash: (1271782899) Localized String: (Imports an asset from file to this folder.)
[2015.08.31-21.41.51:025][  0]LogD3D11RHI: Found D3D11 adapter 0: AMD Radeon HD 6800 Series (Feature Level 11_0)
[2015.08.31-21.41.51:025][  0]LogD3D11RHI: Adapter has 1011MB of dedicated video memory, 0MB of dedicated system memory, and 3840MB of shared system memory, 1 output[s]
[2015.08.31-21.41.51:027][  0]LogD3D11RHI: Found D3D11 adapter 1: Microsoft Basic Render Driver (Feature Level 11_0)
[2015.08.31-21.41.51:027][  0]LogD3D11RHI: Adapter has 0MB of dedicated video memory, 0MB of dedicated system memory, and 6135MB of shared system memory, 0 output[s]
[2015.08.31-21.41.51:027][  0]LogD3D11RHI: Chosen D3D11 Adapter Id = 0
[2015.08.31-21.41.51:029][  0]LogD3D11RHI: InitD3DDevice
[2015.08.31-21.41.51:030][  0]LogD3D11RHI: !Direct3DDevice
[2015.08.31-21.41.51:030][  0]LogRHI: Texture pool is 708 MB (70% of 1011 MB)
[2015.08.31-21.41.51:036][  0]LogD3D11RHI: Async texture creation disabled: no driver support
[2015.08.31-21.41.51:047][  0]LogShaderCompilers:Display: Using Local Shader Compiler.
[2015.08.31-21.41.52:748][  0]LogTemp:Display: Loaded TP DesktopTargetPlatform
[2015.08.31-21.41.52:764][  0]LogTemp:Display: Loaded TP WindowsClientTargetPlatform
[2015.08.31-21.41.52:779][  0]LogTemp:Display: Loaded TP WindowsNoEditorTargetPlatform
[2015.08.31-21.41.52:794][  0]LogTemp:Display: Loaded TP WindowsServerTargetPlatform
[2015.08.31-21.41.52:810][  0]LogTemp:Display: Loaded TP WindowsTargetPlatform
[2015.08.31-21.41.52:824][  0]LogTemp:Display: Loaded TP AndroidTargetPlatform
[2015.08.31-21.41.52:837][  0]LogTemp:Display: Loaded TP Android_ASTCTargetPlatform
[2015.08.31-21.41.52:850][  0]LogTemp:Display: Loaded TP Android_ATCTargetPlatform
[2015.08.31-21.41.52:862][  0]LogTemp:Display: Loaded TP Android_DXTTargetPlatform
[2015.08.31-21.41.52:876][  0]LogTemp:Display: Loaded TP Android_ETC1TargetPlatform
[2015.08.31-21.41.52:889][  0]LogTemp:Display: Loaded TP Android_ETC2TargetPlatform
[2015.08.31-21.41.52:903][  0]LogTemp:Display: Loaded TP Android_PVRTCTargetPlatform
[2015.08.31-21.41.53:057][  0]LogTemp:Display: Loaded TP IOSTargetPlatform
[2015.08.31-21.41.53:070][  0]LogTemp:Display: Loaded TP LinuxNoEditorTargetPlatform
[2015.08.31-21.41.53:083][  0]LogTemp:Display: Loaded TP LinuxServerTargetPlatform
[2015.08.31-21.41.53:100][  0]LogTemp:Display: Loaded TP LinuxTargetPlatform
[2015.08.31-21.41.53:100][  0]LogTargetPlatformManager:Display: Building Assets For Windows
[2015.08.31-21.41.53:959][  0]LogDerivedDataCache:Display: Max Cache Size: 512 MB
[2015.08.31-21.41.54:284][  0]LogDerivedDataCache: Loaded boot cache 0.33s 53MB C:/Users/Bodoo/AppData/Local/UnrealEngine/4.8/DerivedDataCache/Boot.ddc.
[2015.08.31-21.41.54:284][  0]LogDerivedDataCache:Display: Loaded Boot cache: C:/Users/Bodoo/AppData/Local/UnrealEngine/4.8/DerivedDataCache/Boot.ddc
[2015.08.31-21.41.54:284][  0]LogDerivedDataCache: FDerivedDataBackendGraph:  Pak pak cache file ../../../../Projekte/NotPartofTheGame/DerivedDataCache/DDC.ddp not found, will not use a pak cache.
[2015.08.31-21.41.54:284][  0]LogDerivedDataCache: Unable to find inner node Pak for hierarchical cache Hierarchy.
[2015.08.31-21.41.54:284][  0]LogDerivedDataCache: FDerivedDataBackendGraph:  CompressedPak pak cache file ../../../../Projekte/NotPartofTheGame/DerivedDataCache/Compressed.ddp not found, will not use a pak cache.
[2015.08.31-21.41.54:284][  0]LogDerivedDataCache: Unable to find inner node CompressedPak for hierarchical cache Hierarchy.
[2015.08.31-21.41.54:467][  0]LogDerivedDataCache:Display: Pak cache opened for reading ../../../Engine/DerivedDataCache/Compressed.ddp.
[2015.08.31-21.41.54:479][  0]LogDerivedDataCache: Using Local data cache path C:/Users/Bodoo/AppData/Local/UnrealEngine/Common/DerivedDataCache: Writable
[2015.08.31-21.42.01:019][  0]LogInit: Selected Device Profile: [Windows]
[2015.08.31-21.42.01:143][  0]ImportText (ComponentSweepMultiTests): Missing closing parenthesis: (RootShapeAsset="/Engine/BasicShapes/Cube.Cube",ShapeType="TriggerCapsule",HitResult=(Time=0.50,Location=(X=-100.000015,Y=0.0,Z=100.000015),ImpactPoint=(X=-50.0,Y=0.0,Z=50.0),Normal=(X=-1.0,Y=-0.0,Z=0.0),ImpactNormal=(X=0.0,Y=0.0,Z=1.0),TraceStart=(X=-200.0,Y=0.0,Z=200.0),TraceEnd=(X=0.0,Y=0.0,Z=0.0))
[2015.08.31-21.42.01:144][  0]ImportText (LineTraceSingleByChannelTests): Missing closing parenthesis: (RootShapeAsset="/Engine/BasicShapes/Cube.Cube",HitResult=(Time=0.50,Location=(X=-100.000015,Y=0.0,Z=100.000015),ImpactPoint=(X=-50.0,Y=0.0,Z=50.0),Normal=(X=-1.0,Y=-0.0,Z=0.0),ImpactNormal=(X=0.0,Y=0.0,Z=1.0),TraceStart=(X=-200.0,Y=0.0,Z=200.0),TraceEnd=(X=0.0,Y=0.0,Z=0.0))
[2015.08.31-21.42.01:187][  0]LogMeshUtilities: No automatic mesh reduction module available
[2015.08.31-21.42.01:187][  0]LogMeshUtilities: No automatic mesh merging module available
[2015.08.31-21.42.02:122][  0]LogInit: WinSock: version 1.1 (2.2), MaxSocks=32767, MaxUdp=65467
[2015.08.31-21.42.08:304][  0]LogAssetRegistry: FAssetRegistry took 0.0109 seconds to start up
[2015.08.31-21.42.08:318][  0]LogDirectoryWatcher:Warning: Failed to begin reading directory changes for ../../../Engine/Plugins/Experimental/CharacterAI/Content/. Error: 0
[2015.08.31-21.42.08:333][  0]UdpMessaging: Initializing bridge on interface 0.0.0.0:0 to multicast group 230.0.0.1:6666.
[2015.08.31-21.42.09:327][  0]SourceControl: Info Source control is disabled
[2015.08.31-21.42.09:614][  0]SourceControl: Info Source control is disabled
[2015.08.31-21.42.09:627][  0]SourceControl: Info Source control is disabled
[2015.08.31-21.42.09:638][  0]SourceControl: Info Source control is disabled
[2015.08.31-21.42.10:114][  0]LogObj: 26440 objects as part of root set at end of initial load.
[2015.08.31-21.42.10:114][  0]LogUObjectAllocator: 5438864 out of 0 bytes used by permanent object pool.
[2015.08.31-21.42.10:230][  0]LogEngine: Initializing Engine...
[2015.08.31-21.42.10:232][  0]LogHMD: Can't find Oculus library dev build: is proper Runtime installed? Version: 0.6.0.0
[2015.08.31-21.42.10:251][  0]LogHMD:Warning: SteamVR failed to initialize.  Error: 110
[2015.08.31-21.42.10:551][  0]LogAIModule: Creating AISystem for world NewWorld
[2015.08.31-21.42.10:556][  0]LogInit: XAudio2 using 'Lautsprecher (G510s Gaming Keyboard)' : 2 channels at 48 kHz using 16 bits per sample (channel mask 0x3)
[2015.08.31-21.42.10:578][  0]LogInit: FAudioDevice initialized.
[2015.08.31-21.42.10:608][  0]LogDerivedDataCache: Saved boot cache 0.03s 53MB C:/Users/Bodoo/AppData/Local/UnrealEngine/4.8/DerivedDataCache/Boot.ddc.
[2015.08.31-21.42.10:618][  0]LogInit: Texture streaming: Disabled
[2015.08.31-21.42.10:643][  0]LogAnalytics: Creating configured Analytics provider AnalyticsET
[2015.08.31-21.42.10:643][  0]LogAnalytics: [UEEditor.Rocket.Release] APIServer = http://et2.epicgames.com/ET2/. AppVersion = 4.8.3-2634408+++depot+UE4-Releases+4.8
[2015.08.31-21.42.10:643][  0]LogAnalytics: [UEEditor.Rocket.Release] SetUserId 0359330b4a4de6cf49a2cc9879aa4f35||823e2c57-8ae8-4d61-a04c-15505c18bf02
[2015.08.31-21.42.10:643][  0]LogAnalytics: [UEEditor.Rocket.Release] AnalyticsET::StartSession
[2015.08.31-21.42.10:670][  0]LogInit: Transaction tracking system initialized
[2015.08.31-21.42.10:795][  0]BlueprintLog: New page: Editor Load
[2015.08.31-21.42.12:290][  0]LogConsoleManager:Warning: Console variable 'r.VSync' wasn't set ('GameSetting' has a lower priority than 'SystemSettingsIni')
[2015.08.31-21.42.12:290][  0]LogConsoleResponse:Display: 
[2015.08.31-21.42.12:820][  0]LogCook:Display: Done creating registry. It took  0.00s.
[2015.08.31-21.42.13:093][  0]SourceControl: Info Source control is disabled
[2015.08.31-21.42.13:093][  0]Cmd: MAP LOAD FILE="../../../../Projekte/NotPartofTheGame/Content/NPOTG/Maps/Testing_Level.umap" TEMPLATE=0 SHOWPROGRESS=1 FEATURELEVEL=3
[2015.08.31-21.42.13:112][  0]LightingResults: New page: Lighting Build
[2015.08.31-21.42.13:124][  0]MapCheck: New page: Map Check
[2015.08.31-21.42.13:124][  0]LightingResults: New page: Lighting Build
[2015.08.31-21.42.13:133][  0]LogParticles: Destroying 0 GPU particle simulations for FXSystem 0x00000071B166AF20
[2015.08.31-21.42.16:635][  0]LogAIModule: Creating AISystem for world Testing_Level
[2015.08.31-21.42.16:637][  0]LogPrimitiveComponent: Zero scaling not supported (/Game/NPOTG/Maps/Testing_Level.Testing_Level:PersistentLevel.PlayerStart.CollisionCapsule)
[2015.08.31-21.42.16:723][  0]LogEditorServer: Finished looking for orphan Actors (0.000 secs)
[2015.08.31-21.42.16:726][  0]Cmd: MAP CHECKDEP NOCLEARLOG
[2015.08.31-21.42.16:799][  0]MapCheck: Info Map check complete: 0 Error(s), 0 Warning(s), took 73.711ms to complete.
[2015.08.31-21.42.16:799][  0]LogFileHelpers: Loading map 'Testing_Level' took 3.707
[2015.08.31-21.42.16:970][  0]LogCollectionManager: Loaded 0 collections in 0.001799 seconds
[2015.08.31-21.42.16:977][  0]LogContentBrowser: Native class hierarchy populated in 0.0072 seconds. Added 1807 classes and 307 folders.
[2015.08.31-21.42.17:032][  0]LogContentBrowser: Native class hierarchy updated for 'WidgetCarousel' in 0.0003 seconds. Added 0 classes and 0 folders.
[2015.08.31-21.42.17:160][  0]LogContentBrowser: Native class hierarchy updated for 'AddContentDialog' in 0.0004 seconds. Added 0 classes and 0 folders.
[2015.08.31-21.42.17:177][  0]LogContentBrowser: Native class hierarchy updated for 'SceneOutliner' in 0.0003 seconds. Added 1 classes and 2 folders.
[2015.08.31-21.42.17:301][  0]LogCrashTracker: Crashtracker disabled due to settings.
[2015.08.31-21.42.17:302][  0]LogD3D11RHI: InitD3DDevice
[2015.08.31-21.42.17:305][  0]LogUObjectGlobals:Warning: Failed to find object 'Class None.'
[2015.08.31-21.42.17:328][  0]LogLoad: Full Startup: 29.93 seconds (BP compile: 1.32 seconds)
[2015.08.31-21.42.17:668][  0]LoadErrors:Error: Error Failed import for CurveFloat /Game/NPOTG/Blueprints/moving_platform.moving_platform_C:CurveFloat_1_2__F8FE0E88
[2015.08.31-21.42.17:758][  0]LogContentStreaming: Texture pool size is 0.000000MB
[2015.08.31-21.42.17:813][  0]LogContentStreaming: Texture pool size now 1000 MB
[2015.08.31-21.42.17:835][  0]LogD3D11RHI: InitD3DDevice
[2015.08.31-21.42.18:183][  0]LogRenderer: Reallocating scene render targets to support 1208x576 (Frame:2).
[2015.08.31-21.42.20:990][  9]LogAssetRegistry: Asset discovery search completed in 12.6970 seconds
[2015.08.31-21.42.39:501][ 83]LogD3D11RHI: InitD3DDevice
[2015.08.31-21.42.50:316][102]LogD3D11RHI: InitD3DDevice
[2015.08.31-21.42.51:009][169]LogD3D11RHI: InitD3DDevice
[2015.08.31-21.42.55:160][659]LogEditorViewport: Clicking on Actor (LMB): moving_platform_C (moving_platform2)
[2015.08.31-21.42.56:754][811]LogEditorViewport: Clicking on Actor (LMB): PaperSpriteActor (pointB_Sprite7)
[2015.08.31-21.43.00:638][205]LogEditorViewport: Clicking on Actor (LMB): moving_platform_C (moving_platform2)
[2015.08.31-21.43.07:214][753]LogD3D11RHI: InitD3DDevice
[2015.08.31-21.43.12:407][193]LogD3D11RHI: InitD3DDevice
[2015.08.31-21.43.13:030][193]LogSavePackage: Save=537.986389ms
[2015.08.31-21.43.13:030][193]LogSavePackage: Moving '../../../../Projekte/NotPartofTheGame/Saved/UEDPCTesting_Level7C7A9349472E0B6C09563DA2356DB425.tmp' to '../../../../Projekte/NotPartofTheGame/Saved/Autosaves/Game/NPOTG/Maps/UEDPCTesting_Level.umap'
[2015.08.31-21.43.50:642][797]LogEditorViewport: Clicking on Actor (LMB): PaperSpriteActor (pointB_Sprite8)
[2015.08.31-21.43.51:716][911]Cmd: DELETE
[2015.08.31-21.43.51:716][911]Cmd: ACTOR DELETE
[2015.08.31-21.43.51:719][911]LogEditorActor: Deleted Actor: PaperSpriteActor
[2015.08.31-21.43.51:744][911]LogEditorActor: Deleted 1 Actors (0.028 secs)
[2015.08.31-21.43.52:634][ 15]LogEditorViewport: Clicking on Actor (LMB): moving_platform_C (moving_platform2)
[2015.08.31-21.43.55:124][272]LogEditorViewport: Clicking on Actor (LMB): PaperSpriteActor (pointA_Sprite6)
[2015.08.31-21.43.56:611][422]LogEditorViewport: Clicking on Actor (LMB): moving_platform_C (moving_platform2)
[2015.08.31-21.44.02:719][978]LogD3D11RHI: InitD3DDevice
[2015.08.31-21.44.03:323][978]LogSavePackage: Save=539.184387ms
[2015.08.31-21.44.03:323][978]LogSavePackage: Moving '../../../../Projekte/NotPartofTheGame/Saved/UEDPCTesting_Level1430AB2B4A391BD7D97497B1433204B3.tmp' to '../../../../Projekte/NotPartofTheGame/Saved/Autosaves/Game/NPOTG/Maps/UEDPCTesting_Level.umap'
[2015.08.31-21.44.35:032][  3]LogD3D11RHI: InitD3DDevice
[2015.08.31-21.44.42:520][722]LogD3D11RHI: InitD3DDevice
[2015.08.31-21.44.56:560][220]LogD3D11RHI: InitD3DDevice
[2015.08.31-21.45.04:626][ 64]LogD3D11RHI: InitD3DDevice
[2015.08.31-21.45.07:779][387]LogD3D11RHI: InitD3DDevice
[2015.08.31-21.45.07:810][387]LogD3D11RHI: InitD3DDevice
[2015.08.31-21.45.07:898][387]LogLinker:Warning: Asset '../../../Engine/Content/ArtTools/RenderToTexture/Macros/RenderToTextureMacros.uasset' has been saved with empty engine version. The asset will be loaded but may be incompatible.
[2015.08.31-21.45.07:986][387]LogLinker:Warning: Asset '../../../Engine/Content/ArtTools/RenderToTexture/Enums/RenderToTexture_Enum.uasset' has been saved with empty engine version. The asset will be loaded but may be incompatible.
[2015.08.31-21.45.09:221][387]LogRenderer: Reallocating scene render targets to support 1208x712 (Frame:9370).
[2015.08.31-21.45.20:655][108]LogD3D11RHI: InitD3DDevice
[2015.08.31-21.45.22:110][233]LogD3D11RHI: InitD3DDevice
[2015.08.31-21.45.27:893][652]LogD3D11RHI: InitD3DDevice
[2015.08.31-21.45.29:559][792]LogD3D11RHI: InitD3DDevice
[2015.08.31-21.45.39:736][459]LogD3D11RHI: InitD3DDevice
[2015.08.31-21.45.45:021][930]LogD3D11RHI: InitD3DDevice
[2015.08.31-21.45.50:888][450]LogD3D11RHI: InitD3DDevice
[2015.08.31-21.45.56:143][909]LogD3D11RHI: InitD3DDevice
[2015.08.31-21.45.58:956][147]LogD3D11RHI: InitD3DDevice
[2015.08.31-21.46.03:721][555]LogD3D11RHI: InitD3DDevice
[2015.08.31-21.46.04:431][610]LogD3D11RHI: InitD3DDevice
[2015.08.31-21.46.12:660][254]BlueprintLog: New page: Compile swamp
[2015.08.31-21.46.12:819][254]BlueprintEditorCompileResults: Info [0265.42] Compile of swamp successful! [in 158 ms]
[2015.08.31-21.46.14:802][407]LogD3D11RHI: InitD3DDevice
[2015.08.31-21.46.16:014][407]LogD3D11RHI: InitD3DDevice
[2015.08.31-21.46.16:040][407]Cmd: OBJ SAVEPACKAGE PACKAGE="/Game/NPOTG/Blueprints/swamp" FILE="../../../../Projekte/NotPartofTheGame/Content/NPOTG/Blueprints/swamp.uasset" SILENT=true
[2015.08.31-21.46.16:065][407]LogSavePackage: Save=22.907297ms
[2015.08.31-21.46.16:065][407]LogSavePackage: Moving '../../../../Projekte/NotPartofTheGame/Saved/swamp2D674948493004B0B7D1D59E12D7E848.tmp' to '../../../../Projekte/NotPartofTheGame/Content/NPOTG/Blueprints/swamp.uasset'
[2015.08.31-21.46.16:106][407]LogD3D11RHI: InitD3DDevice
[2015.08.31-21.46.16:708][407]LogSavePackage: Save=542.634094ms
[2015.08.31-21.46.16:708][407]LogSavePackage: Moving '../../../../Projekte/NotPartofTheGame/Saved/UEDPCTesting_LevelA9FA3A6A4D13D216565AE0B4EF24C38B.tmp' to '../../../../Projekte/NotPartofTheGame/Saved/Autosaves/Game/NPOTG/Maps/UEDPCTesting_Level.umap'
[2015.08.31-21.46.29:705][732]LogD3D11RHI: InitD3DDevice
[2015.08.31-21.46.30:313][732]LogSavePackage: Save=546.711670ms
[2015.08.31-21.46.30:313][732]LogSavePackage: Moving '../../../../Projekte/NotPartofTheGame/Saved/UEDPCTesting_LevelC706DA2444F12F2C89E0068FC7A86D49.tmp' to '../../../../Projekte/NotPartofTheGame/Saved/Autosaves/Game/NPOTG/Maps/UEDPCTesting_Level.umap'
[2015.08.31-21.47.39:907][252]LogEditorViewport: Clicking Background
[2015.08.31-21.47.49:987][428]LogD3D11RHI: InitD3DDevice
[2015.08.31-21.47.54:030][856]LogD3D11RHI: InitD3DDevice
[2015.08.31-21.47.55:977][ 41]LogEditorViewport: Clicking Background
[2015.08.31-21.48.03:836][959]LogD3D11RHI: InitD3DDevice
[2015.08.31-21.48.04:034][979]LogD3D11RHI: InitD3DDevice
[2015.08.31-21.48.04:877][ 78]LogD3D11RHI: InitD3DDevice
[2015.08.31-21.48.07:556][381]LogD3D11RHI: InitD3DDevice
[2015.08.31-21.48.12:480][918]LogD3D11RHI: InitD3DDevice
[2015.08.31-21.48.16:607][324]LogEditorViewport: Clicking Background
[2015.08.31-21.48.17:583][438]LogEditorViewport: Clicking on Actor (LMB): PaperSpriteActor (baum_tod_Sprite)
[2015.08.31-21.48.20:586][720]LogD3D11RHI: InitD3DDevice
[2015.08.31-21.48.22:966][987]LogD3D11RHI: InitD3DDevice
[2015.08.31-21.48.26:303][309]LogD3D11RHI: InitD3DDevice
[2015.08.31-21.48.26:829][363]LogD3D11RHI: InitD3DDevice
[2015.08.31-21.48.27:317][415]LogD3D11RHI: InitD3DDevice
[2015.08.31-21.48.29:243][619]LogD3D11RHI: InitD3DDevice
[2015.08.31-21.48.38:505][529]LogEditorViewport: Clicking on Actor (LMB): PaperSpriteActor (tileset2_Sprite_29)
[2015.08.31-21.48.40:331][704]LogEditorViewport: Clicking on Actor (LMB): PaperSpriteActor (tileset2_Sprite_30)
[2015.08.31-21.48.43:633][ 16]LogD3D11RHI: InitD3DDevice
[2015.08.31-21.48.44:730][ 16]LogD3D11RHI: InitD3DDevice
[2015.08.31-21.48.44:764][ 16]Cmd: OBJ SAVEPACKAGE PACKAGE="/Game/NPOTG/Sprites/baum_tod_Sprite" FILE="../../../../Projekte/NotPartofTheGame/Content/NPOTG/Sprites/baum_tod_Sprite.uasset" SILENT=true
[2015.08.31-21.48.44:773][ 16]LogSavePackage: Save=7.394527ms
[2015.08.31-21.48.44:773][ 16]LogSavePackage: Moving '../../../../Projekte/NotPartofTheGame/Saved/baum_tod_Sprite68C027B94C48FD1B11E5F0A65B4E9242.tmp' to '../../../../Projekte/NotPartofTheGame/Content/NPOTG/Sprites/baum_tod_Sprite.uasset'
[2015.08.31-21.48.44:813][ 16]LogD3D11RHI: InitD3DDevice
[2015.08.31-21.48.45:419][ 16]LogSavePackage: Save=537.867249ms
[2015.08.31-21.48.45:419][ 16]LogSavePackage: Moving '../../../../Projekte/NotPartofTheGame/Saved/UEDPCTesting_Level58AAED7B49E009BA00354EBC208D04B0.tmp' to '../../../../Projekte/NotPartofTheGame/Saved/Autosaves/Game/NPOTG/Maps/UEDPCTesting_Level.umap'
[2015.08.31-21.49.21:424][686]LogEditorViewport: Clicking on Actor (LMB): PaperSpriteActor (baum_tod_Sprite)
[2015.08.31-21.49.43:618][782]LogD3D11RHI: InitD3DDevice
[2015.08.31-21.49.44:224][782]LogSavePackage: Save=546.624634ms
[2015.08.31-21.49.44:224][782]LogSavePackage: Moving '../../../../Projekte/NotPartofTheGame/Saved/UEDPCTesting_LevelF369CF1D4E167101297290B0315B80B0.tmp' to '../../../../Projekte/NotPartofTheGame/Saved/Autosaves/Game/NPOTG/Maps/UEDPCTesting_Level.umap'
[2015.08.31-21.50.03:413][287]LogD3D11RHI: InitD3DDevice
[2015.08.31-21.50.06:802][636]LogEditorViewport: Clicking on Actor (LMB): PaperSpriteActor (tileset2_Sprite_16)
[2015.08.31-21.50.07:529][708]LogEditorViewport: Clicking on Actor (LMB): PaperSpriteActor (tileset2_Sprite_28)
[2015.08.31-21.50.10:301][977]LogEditorViewport: Clicking on Actor (LMB): PaperSpriteActor (tileset2_Sprite_16)
[2015.08.31-21.50.38:690][774]LogEditorViewport: Clicking on Actor (LMB): PaperSpriteActor (tileset2_Sprite_44)
[2015.08.31-21.50.43:627][274]LogEditorViewport: Clicking Background
[2015.08.31-21.51.46:256][584]LogD3D11RHI: InitD3DDevice
[2015.08.31-21.52.06:080][302]Cmd: DELETE
[2015.08.31-21.52.06:080][302]Cmd: ACTOR DELETE
[2015.08.31-21.52.06:084][302]LogEditorActor: Deleted Actor: PaperSpriteActor
[2015.08.31-21.52.06:127][302]LogEditorActor: Deleted 1 Actors (0.046 secs)
[2015.08.31-21.52.11:600][945]LogEditorViewport: Clicking on Actor (LMB): moving_platform_C (moving_platform2)
[2015.08.31-21.52.21:100][870]LogEditorViewport: Clicking on Actor (LMB): moving_platform_C (moving_platform3)
[2015.08.31-21.52.21:473][904]LogEditorViewport: Clicking on Actor (LMB): moving_platform_C (moving_platform4)
[2015.08.31-21.52.22:777][ 33]LogEditorViewport: Clicking on Actor (LMB): moving_platform_C (moving_platform3)
[2015.08.31-21.52.24:301][180]LogEditorViewport: Clicking on Actor (LMB): moving_platform_C (moving_platform4)
[2015.08.31-21.52.26:087][354]LogEditorViewport: Clicking Background
[2015.08.31-21.52.26:815][438]LogEditorViewport: Clicking on Actor (LMB): moving_platform_C (moving_platform5)
[2015.08.31-21.52.29:448][696]LogEditorViewport: Clicking on Actor (LMB): PaperSpriteActor (pointB_Sprite9)
[2015.08.31-21.52.44:084][187]LogEditorViewport: Clicking on Actor (LMB): PaperSpriteActor (pointA_Sprite6)
[2015.08.31-21.53.00:790][898]LogEditorViewport: Clicking Background
[2015.08.31-21.53.05:134][413]LogEditorViewport: Clicking on Actor (LMB): moving_platform_C (moving_platform3)
[2015.08.31-21.53.09:599][824]LogEditorViewport: Clicking on Actor (LMB): moving_platform_C (moving_platform4)
[2015.08.31-21.53.14:767][310]LogEditorViewport: Clicking on Actor (LMB): moving_platform_C (moving_platform5)
[2015.08.31-21.53.17:769][578]LogEditorViewport: Clicking on Actor (LMB): moving_platform_C (moving_platform3)
[2015.08.31-21.53.20:797][854]LogEditorViewport: Clicking on Actor (LMB): moving_platform_C (moving_platform4)
[2015.08.31-21.53.24:193][146]LogEditorViewport: Clicking on Actor (LMB): PaperSpriteActor (pointA_Sprite9)
[2015.08.31-21.53.25:489][281]LogEditorViewport: Clicking on Actor (LMB): moving_platform_C (moving_platform4)
[2015.08.31-21.53.28:401][540]LogEditorViewport: Clicking on Actor (LMB): moving_platform_C (moving_platform5)
[2015.08.31-21.53.32:284][885]LogD3D11RHI: InitD3DDevice
[2015.08.31-21.53.32:909][885]LogSavePackage: Save=554.079163ms
[2015.08.31-21.53.32:909][885]LogSavePackage: Moving '../../../../Projekte/NotPartofTheGame/Saved/UEDPCTesting_LevelA4AA4DD747F35B1A7A1348A8B61DE33A.tmp' to '../../../../Projekte/NotPartofTheGame/Saved/Autosaves/Game/NPOTG/Maps/UEDPCTesting_Level.umap'
[2015.08.31-21.53.49:824][ 55]LogD3D11RHI: InitD3DDevice
[2015.08.31-21.53.58:825][ 82]LogD3D11RHI: InitD3DDevice
[2015.08.31-21.53.59:589][ 82]LogSavePackage: Save=555.647888ms
[2015.08.31-21.53.59:589][ 82]LogSavePackage: Moving '../../../../Projekte/NotPartofTheGame/Saved/Testing_Level_Auto1D601E61C482CD64FEEB6609B95ACFA16.tmp' to '../../../../Projekte/NotPartofTheGame/Saved/Autosaves/Game/NPOTG/Maps/Testing_Level_Auto1.umap'
[2015.08.31-21.53.59:594][ 82]LogFileHelpers: Editor autosave (incl. sublevels) for '/Game/NPOTG/Maps/Testing_Level' took 0.652
[2015.08.31-21.53.59:594][ 82]LogFileHelpers: Editor autosave (incl. sublevels) for all levels took 0.652
[2015.08.31-22.22.53:755][768]LogD3D11RHI: InitD3DDevice
[2015.08.31-22.22.54:829][768]LogD3D11RHI: InitD3DDevice
[2015.08.31-22.22.54:909][768]Cmd: OBJ SAVEPACKAGE PACKAGE="/Game/NPOTG/Maps/Testing_Level" FILE="../../../../Projekte/NotPartofTheGame/Content/NPOTG/Maps/Testing_Level.umap" SILENT=true AUTOSAVING=false KEEPDIRTY=false
[2015.08.31-22.22.55:545][768]LogSavePackage: Save=552.056396ms
[2015.08.31-22.22.55:545][768]LogSavePackage: Moving '../../../../Projekte/NotPartofTheGame/Saved/Testing_Level398141BF4F5E8D40E92018872390F676.tmp' to '../../../../Projekte/NotPartofTheGame/Content/NPOTG/Maps/Testing_Level.umap'
[2015.08.31-22.22.55:591][768]LogFileHelpers: Saving map 'Testing_Level' took 0.751
[2015.08.31-22.22.55:975][769]Cmd: QUIT_EDITOR
[2015.08.31-22.22.56:139][769]LogWindowsTextInputMethodSystem:Display: IME system now deactivated.
[2015.08.31-22.22.56:140][769]LogWindowsTextInputMethodSystem:Display: IME system now deactivated.
[2015.08.31-22.22.56:257][769]LogExit: Preparing to exit.
[2015.08.31-22.22.56:561][769]LogExit: Editor shut down
[2015.08.31-22.22.56:561][769]LogExit: Transaction tracking system shut down
[2015.08.31-22.22.56:571][769]LogParticles: Destroying 0 GPU particle simulations for FXSystem 0x00000071A4DFAD40
[2015.08.31-22.22.56:573][769]LogParticles: Destroying 0 GPU particle simulations for FXSystem 0x00000071BECEA160
[2015.08.31-22.22.56:573][769]LogParticles: Destroying 0 GPU particle simulations for FXSystem 0x00000071A504D6C0
[2015.08.31-22.22.56:573][769]LogParticles: Destroying 0 GPU particle simulations for FXSystem 0x00000071A5F7B2E0
[2015.08.31-22.22.56:574][769]LogParticles: Destroying 0 GPU particle simulations for FXSystem 0x00000071BEB6EB60
[2015.08.31-22.22.56:727][769]LogExit: Object subsystem successfully closed.
[2015.08.31-22.22.56:746][769]LogD3D11RHI: Shutdown
[2015.08.31-22.22.56:746][769]LogD3D11RHI: CleanupD3DDevice
[2015.08.31-22.22.56:809][769]LogD3D11RHI: ~FD3D11DynamicRHI
[2015.08.31-22.22.56:828][769]LogModuleManager: Shutting down and abandoning module CrashTracker (190)
[2015.08.31-22.22.56:828][769]LogModuleManager: Shutting down and abandoning module SceneOutliner (189)
[2015.08.31-22.22.56:828][769]LogModuleManager: Shutting down and abandoning module SuperSearch (188)
[2015.08.31-22.22.56:828][769]LogModuleManager: Shutting down and abandoning module WidgetCarousel (187)
[2015.08.31-22.22.56:828][769]LogModuleManager: Shutting down and abandoning module AddContentDialog (186)
[2015.08.31-22.22.56:829][769]LogModuleManager: Shutting down and abandoning module EditorWidgets (185)
[2015.08.31-22.22.56:829][769]LogModuleManager: Shutting down and abandoning module CollectionManager (184)
[2015.08.31-22.22.56:830][769]LogModuleManager: Shutting down and abandoning module StatsViewer (183)
[2015.08.31-22.22.56:830][769]LogModuleManager: Shutting down and abandoning module FoliageEdit (182)
[2015.08.31-22.22.56:830][769]LogModuleManager: Shutting down and abandoning module LandscapeEditor (181)
[2015.08.31-22.22.56:830][769]LogModuleManager: Shutting down and abandoning module ActorPickerMode (180)
[2015.08.31-22.22.56:830][769]LogModuleManager: Shutting down and abandoning module GeometryMode (179)
[2015.08.31-22.22.56:830][769]LogModuleManager: Shutting down and abandoning module TextureAlignMode (178)
[2015.08.31-22.22.56:830][769]LogModuleManager: Shutting down and abandoning module BspMode (177)
[2015.08.31-22.22.56:830][769]LogModuleManager: Shutting down and abandoning module PlacementMode (176)
[2015.08.31-22.22.56:830][769]LogModuleManager: Shutting down and abandoning module AutomationWorker (175)
[2015.08.31-22.22.56:830][769]LogModuleManager: Shutting down and abandoning module CharacterAI (174)
[2015.08.31-22.22.56:830][769]LogModuleManager: Shutting down and abandoning module SmartSnapping (173)
[2015.08.31-22.22.56:830][769]LogModuleManager: Shutting down and abandoning module ViewportSnapping (172)
[2015.08.31-22.22.56:830][769]LogModuleManager: Shutting down and abandoning module LogVisualizer (171)
[2015.08.31-22.22.56:830][769]LogModuleManager: Shutting down and abandoning module GameProjectGeneration (170)
[2015.08.31-22.22.56:830][769]LogModuleManager: Shutting down and abandoning module IntroTutorials (169)
[2015.08.31-22.22.56:830][769]LogModuleManager: Shutting down and abandoning module EditorLiveStreaming (168)
[2015.08.31-22.22.56:830][769]LogModuleManager: Shutting down and abandoning module IOSPlatformEditor (167)
[2015.08.31-22.22.56:830][769]LogModuleManager: Shutting down and abandoning module HTML5PlatformEditor (166)
[2015.08.31-22.22.56:830][769]LogModuleManager: Shutting down and abandoning module AndroidDeviceDetection (165)
[2015.08.31-22.22.56:923][769]LogModuleManager: Shutting down and abandoning module AndroidPlatformEditor (164)
[2015.08.31-22.22.56:923][769]LogModuleManager: Shutting down and abandoning module IOSRuntimeSettings (163)
[2015.08.31-22.22.56:923][769]LogModuleManager: Shutting down and abandoning module AndroidRuntimeSettings (162)
[2015.08.31-22.22.56:923][769]LogModuleManager: Shutting down and abandoning module MergeActors (161)
[2015.08.31-22.22.56:923][769]LogModuleManager: Shutting down and abandoning module SizeMap (160)
[2015.08.31-22.22.56:923][769]LogModuleManager: Shutting down and abandoning module TreeMap (159)
[2015.08.31-22.22.56:923][769]LogModuleManager: Shutting down and abandoning module ReferenceViewer (158)
[2015.08.31-22.22.56:923][769]LogModuleManager: Shutting down and abandoning module LocalizationDashboard (157)
[2015.08.31-22.22.56:923][769]LogModuleManager: Shutting down and abandoning module HardwareTargeting (156)
[2015.08.31-22.22.56:923][769]LogModuleManager: Shutting down and abandoning module DeviceProfileEditor (155)
[2015.08.31-22.22.56:923][769]LogModuleManager: Shutting down and abandoning module UndoHistory (154)
[2015.08.31-22.22.56:923][769]LogModuleManager: Shutting down and abandoning module GameplayTagsEditor (153)
[2015.08.31-22.22.56:923][769]LogModuleManager: Shutting down and abandoning module UserFeedback (152)
[2015.08.31-22.22.56:923][769]LogModuleManager: Shutting down and abandoning module XmlParser (151)
[2015.08.31-22.22.56:923][769]LogModuleManager: Shutting down and abandoning module Blutility (150)
[2015.08.31-22.22.56:923][769]LogModuleManager: Shutting down and abandoning module ProjectTargetPlatformEditor (149)
[2015.08.31-22.22.56:923][769]LogModuleManager: Shutting down and abandoning module ProjectSettingsViewer (148)
[2015.08.31-22.22.56:923][769]LogModuleManager: Shutting down and abandoning module InputBindingEditor (147)
[2015.08.31-22.22.56:923][769]LogModuleManager: Shutting down and abandoning module EditorSettingsViewer (146)
[2015.08.31-22.22.56:923][769]LogModuleManager: Shutting down and abandoning module SettingsEditor (145)
[2015.08.31-22.22.56:923][769]LogModuleManager: Shutting down and abandoning module ProjectLauncher (144)
[2015.08.31-22.22.56:923][769]LogModuleManager: Shutting down and abandoning module SessionFrontend (143)
[2015.08.31-22.22.56:923][769]LogModuleManager: Shutting down and abandoning module ProfilerClient (142)
[2015.08.31-22.22.56:923][769]LogModuleManager: Shutting down and abandoning module TargetDeviceServices (141)
[2015.08.31-22.22.56:923][769]LogModuleManager: Shutting down and abandoning module DeviceManager (140)
[2015.08.31-22.22.56:924][769]LogModuleManager: Shutting down and abandoning module AutomationController (139)
[2015.08.31-22.22.56:924][769]LogModuleManager: Shutting down and abandoning module AutomationWindow (138)
[2015.08.31-22.22.56:924][769]LogModuleManager: Shutting down and abandoning module Layers (137)
[2015.08.31-22.22.56:924][769]LogModuleManager: Shutting down and abandoning module ComponentVisualizers (136)
[2015.08.31-22.22.56:924][769]LogModuleManager: Shutting down and abandoning module DetailCustomizations (135)
[2015.08.31-22.22.56:924][769]LogModuleManager: Shutting down and abandoning module PackagesDialog (134)
[2015.08.31-22.22.56:924][769]LogModuleManager: Shutting down and abandoning module Persona (133)
[2015.08.31-22.22.56:924][769]LogModuleManager: Shutting down and abandoning module Kismet (132)
[2015.08.31-22.22.56:924][769]LogModuleManager: Shutting down and abandoning module GraphEditor (131)
[2015.08.31-22.22.56:924][769]LogModuleManager: Shutting down and abandoning module ClassViewer (130)
[2015.08.31-22.22.56:924][769]LogModuleManager: Shutting down and abandoning module Toolbox (129)
[2015.08.31-22.22.56:924][769]LogModuleManager: Shutting down and abandoning module ModuleUI (128)
[2015.08.31-22.22.56:924][769]LogModuleManager: Shutting down and abandoning module MovieSceneTools (127)
[2015.08.31-22.22.56:924][769]LogModuleManager: Shutting down and abandoning module OutputLog (126)
[2015.08.31-22.22.56:924][769]LogModuleManager: Shutting down and abandoning module GammaUI (125)
[2015.08.31-22.22.56:924][769]LogModuleManager: Shutting down and abandoning module Documentation (124)
[2015.08.31-22.22.56:924][769]LogModuleManager: Shutting down and abandoning module GameLiveStreaming (123)
[2015.08.31-22.22.56:924][769]LogModuleManager: Shutting down and abandoning module StreamingPauseRendering (122)
[2015.08.31-22.22.56:924][769]LogModuleManager: Shutting down and abandoning module AnalyticsET (121)
[2015.08.31-22.22.56:924][769]LogModuleManager: Shutting down and abandoning module Analytics (120)
[2015.08.31-22.22.56:924][769]LogModuleManager: Shutting down and abandoning module AITestSuite (119)
[2015.08.31-22.22.56:924][769]LogModuleManager: Shutting down and abandoning module GameplayDebugger (118)
[2015.08.31-22.22.56:924][769]LogModuleManager: Shutting down and abandoning module AIModule (117)
[2015.08.31-22.22.56:924][769]LogModuleManager: Shutting down and abandoning module ProfilerService (116)
[2015.08.31-22.22.57:017][769]LogModuleManager: Shutting down and abandoning module TaskGraph (115)
[2015.08.31-22.22.57:017][769]LogModuleManager: Shutting down and abandoning module SubstanceEditor (114)
[2015.08.31-22.22.57:017][769]LogModuleManager: Shutting down and abandoning module SlateRemote (113)
[2015.08.31-22.22.57:017][769]LogModuleManager: Shutting down and abandoning module SteamVRController (112)
[2015.08.31-22.22.57:017][769]LogModuleManager: Shutting down and abandoning module SteamVR (111)
[2015.08.31-22.22.57:017][769]LogModuleManager: Shutting down and abandoning module ProceduralMeshComponent (110)
[2015.08.31-22.22.57:017][769]LogModuleManager: Shutting down and abandoning module OculusRift (109)
[2015.08.31-22.22.57:017][769]LogModuleManager: Shutting down and abandoning module LeapMotionController (108)
[2015.08.31-22.22.57:023][769]LogModuleManager: Shutting down and abandoning module CustomMeshComponent (107)
[2015.08.31-22.22.57:023][769]LogModuleManager: Shutting down and abandoning module CableComponent (106)
[2015.08.31-22.22.57:023][769]LogModuleManager: Shutting down and abandoning module MessagingDebugger (105)
[2015.08.31-22.22.57:023][769]LogModuleManager: Shutting down and abandoning module MediaPlayerEditor (104)
[2015.08.31-22.22.57:023][769]LogModuleManager: Shutting down and abandoning module SpeedTreeImporter (103)
[2015.08.31-22.22.57:023][769]LogModuleManager: Shutting down and abandoning module PluginBrowser (102)
[2015.08.31-22.22.57:023][769]LogModuleManager: Shutting down and abandoning module EpicSurvey (101)
[2015.08.31-22.22.57:023][769]LogModuleManager: Shutting down and abandoning module DesktopPlatform (100)
[2015.08.31-22.22.57:023][769]LogModuleManager: Shutting down and abandoning module VisualStudioSourceCodeAccess (99)
[2015.08.31-22.22.57:023][769]LogModuleManager: Shutting down and abandoning module UObjectPlugin (98)
[2015.08.31-22.22.57:023][769]LogModuleManager: Shutting down and abandoning module SubversionSourceControl (97)
[2015.08.31-22.22.57:023][769]LogModuleManager: Shutting down and abandoning module PerforceSourceControl (96)
[2015.08.31-22.22.57:023][769]LogModuleManager: Shutting down and abandoning module SourceControl (95)
[2015.08.31-22.22.57:023][769]LogModuleManager: Shutting down and abandoning module GitSourceControl (94)
[2015.08.31-22.22.57:023][769]LogModuleManager: Shutting down and abandoning module BlankPlugin (93)
[2015.08.31-22.22.57:023][769]LogModuleManager: Shutting down and abandoning module PaperTiledImporter (92)
[2015.08.31-22.22.57:023][769]LogModuleManager: Shutting down and abandoning module PaperSpriteSheetImporter (91)
[2015.08.31-22.22.57:023][769]LogModuleManager: Shutting down and abandoning module MeshPaint (90)
[2015.08.31-22.22.57:023][769]LogModuleManager: Shutting down and abandoning module SlateReflector (89)
[2015.08.31-22.22.57:023][769]LogModuleManager: Shutting down and abandoning module HotReload (88)
[2015.08.31-22.22.57:023][769]LogModuleManager: Shutting down and abandoning module MainFrame (87)
[2015.08.31-22.22.57:023][769]LogModuleManager: Shutting down and abandoning module LevelEditor (86)
[2015.08.31-22.22.57:024][769]LogModuleManager: Shutting down and abandoning module ContentBrowser (85)
[2015.08.31-22.22.57:025][769]LogModuleManager: Shutting down and abandoning module Paper2DEditor (84)
[2015.08.31-22.22.57:025][769]LogModuleManager: Shutting down and abandoning module UdpMessaging (83)
[2015.08.31-22.22.57:125][769]LogModuleManager: Shutting down and abandoning module DirectoryWatcher (82)
[2015.08.31-22.22.57:125][769]LogModuleManager: Shutting down and abandoning module AssetRegistry (81)
[2015.08.31-22.22.57:242][769]LogModuleManager: Shutting down and abandoning module SubstanceCore (80)
[2015.08.31-22.22.57:242][769]LogModuleManager: Shutting down and abandoning module Paper2D (79)
[2015.08.31-22.22.57:242][769]LogModuleManager: Shutting down and abandoning module WindowsMoviePlayer (78)
[2015.08.31-22.22.57:244][769]LogModuleManager: Shutting down and abandoning module Media (77)
[2015.08.31-22.22.57:244][769]LogModuleManager: Shutting down and abandoning module WmfMedia (76)
[2015.08.31-22.22.57:244][769]LogModuleManager: Shutting down and abandoning module OnlineBlueprintSupport (75)
[2015.08.31-22.22.57:244][769]LogModuleManager: Shutting down and abandoning module PropertyEditor (74)
[2015.08.31-22.22.57:244][769]LogModuleManager: Shutting down and abandoning module BehaviorTreeEditor (73)
[2015.08.31-22.22.57:244][769]LogModuleManager: Shutting down and abandoning module FunctionalTesting (72)
[2015.08.31-22.22.57:244][769]LogModuleManager: Shutting down and abandoning module CollisionAnalyzer (71)
[2015.08.31-22.22.57:244][769]LogModuleManager: Shutting down and abandoning module WorkspaceMenuStructure (70)
[2015.08.31-22.22.57:244][769]LogModuleManager: Shutting down and abandoning module MessageLog (69)
[2015.08.31-22.22.57:244][769]LogModuleManager: Shutting down and abandoning module Sequencer (68)
[2015.08.31-22.22.57:244][769]LogModuleManager: Shutting down and abandoning module AssetTools (67)
[2015.08.31-22.22.57:244][769]LogModuleManager: Shutting down and abandoning module UMGEditor (66)
[2015.08.31-22.22.57:244][769]LogModuleManager: Shutting down and abandoning module UMG (65)
[2015.08.31-22.22.57:244][769]LogModuleManager: Shutting down and abandoning module Slate (64)
[2015.08.31-22.22.57:244][769]LogModuleManager: Shutting down and abandoning module EditorStyle (63)
[2015.08.31-22.22.57:247][769]LogModuleManager: Shutting down and abandoning module SessionServices (62)
[2015.08.31-22.22.57:247][769]LogModuleManager: Shutting down and abandoning module SourceCodeAccess (61)
[2015.08.31-22.22.57:247][769]LogModuleManager: Shutting down and abandoning module HeadMountedDisplay (60)
[2015.08.31-22.22.57:247][769]LogModuleManager: Shutting down and abandoning module XAudio2 (59)
[2015.08.31-22.22.57:247][769]LogModuleManager: Shutting down and abandoning module Networking (57)
[2015.08.31-22.22.57:247][769]LogModuleManager: Shutting down and abandoning module Core (56)
[2015.08.31-22.22.57:247][769]LogModuleManager: Shutting down and abandoning module KismetCompiler (55)
[2015.08.31-22.22.57:247][769]LogModuleManager: Shutting down and abandoning module PhysXFormats (54)
[2015.08.31-22.22.57:247][769]LogModuleManager: Shutting down and abandoning module MeshUtilities (53)
[2015.08.31-22.22.57:247][769]LogModuleManager: Shutting down and abandoning module DerivedDataCache (52)
[2015.08.31-22.22.57:248][769]LogDerivedDataCache: Shutdown
[2015.08.31-22.22.57:248][769]LogModuleManager: Shutting down and abandoning module ShaderFormatOpenGL (51)
[2015.08.31-22.22.57:248][769]LogModuleManager: Shutting down and abandoning module ShaderFormatD3D (50)
[2015.08.31-22.22.57:248][769]LogModuleManager: Shutting down and abandoning module MetalShaderFormat (49)
[2015.08.31-22.22.57:248][769]LogModuleManager: Shutting down and abandoning module TextureFormatUncompressed (48)
[2015.08.31-22.22.57:248][769]LogModuleManager: Shutting down and abandoning module TextureFormatPVR (47)
[2015.08.31-22.22.57:248][769]LogModuleManager: Shutting down and abandoning module TextureFormatIntelISPCTexComp (46)
[2015.08.31-22.22.57:248][769]LogModuleManager: Shutting down and abandoning module TextureFormatDXT (45)
[2015.08.31-22.22.57:248][769]LogModuleManager: Shutting down and abandoning module ImageWrapper (44)
[2015.08.31-22.22.57:248][769]LogModuleManager: Shutting down and abandoning module TextureFormatASTC (43)
[2015.08.31-22.22.57:248][769]LogModuleManager: Shutting down and abandoning module TextureFormatAndroid (42)
[2015.08.31-22.22.57:248][769]LogModuleManager: Shutting down and abandoning module AudioFormatOpus (41)
[2015.08.31-22.22.57:248][769]LogModuleManager: Shutting down and abandoning module AudioFormatOgg (40)
[2015.08.31-22.22.57:248][769]LogModuleManager: Shutting down and abandoning module AudioFormatADPCM (39)
[2015.08.31-22.22.57:248][769]LogModuleManager: Shutting down and abandoning module LinuxTargetPlatform (38)
[2015.08.31-22.22.57:248][769]LogModuleManager: Shutting down and abandoning module LinuxServerTargetPlatform (37)
[2015.08.31-22.22.57:248][769]LogModuleManager: Shutting down and abandoning module LinuxNoEditorTargetPlatform (36)
[2015.08.31-22.22.57:248][769]LogModuleManager: Shutting down and abandoning module Messaging (35)
[2015.08.31-22.22.57:248][769]LogModuleManager: Shutting down and abandoning module IOSTargetPlatform (34)
[2015.08.31-22.22.57:248][769]LogModuleManager: Shutting down and abandoning module HTML5TargetPlatform (33)
[2015.08.31-22.22.57:248][769]LogModuleManager: Shutting down and abandoning module Android_PVRTCTargetPlatform (32)
[2015.08.31-22.22.57:248][769]LogModuleManager: Shutting down and abandoning module Android_ETC2TargetPlatform (31)
[2015.08.31-22.22.57:248][769]LogModuleManager: Shutting down and abandoning module Android_ETC1TargetPlatform (30)
[2015.08.31-22.22.57:248][769]LogModuleManager: Shutting down and abandoning module Android_DXTTargetPlatform (29)
[2015.08.31-22.22.57:248][769]LogModuleManager: Shutting down and abandoning module Android_ATCTargetPlatform (28)
[2015.08.31-22.22.57:248][769]LogModuleManager: Shutting down and abandoning module Android_ASTCTargetPlatform (27)
[2015.08.31-22.22.57:248][769]LogModuleManager: Shutting down and abandoning module AndroidTargetPlatform (26)
[2015.08.31-22.22.57:248][769]LogModuleManager: Shutting down and abandoning module WindowsTargetPlatform (25)
[2015.08.31-22.22.57:248][769]LogModuleManager: Shutting down and abandoning module WindowsServerTargetPlatform (24)
[2015.08.31-22.22.57:248][769]LogModuleManager: Shutting down and abandoning module WindowsNoEditorTargetPlatform (23)
[2015.08.31-22.22.57:248][769]LogModuleManager: Shutting down and abandoning module WindowsClientTargetPlatform (22)
[2015.08.31-22.22.57:248][769]LogModuleManager: Shutting down and abandoning module DesktopTargetPlatform (21)
[2015.08.31-22.22.57:248][769]LogModuleManager: Shutting down and abandoning module TargetPlatform (20)
[2015.08.31-22.22.57:248][769]LogModuleManager: Shutting down and abandoning module InputCore (19)
[2015.08.31-22.22.57:248][769]LogModuleManager: Shutting down and abandoning module Settings (18)
[2015.08.31-22.22.57:248][769]LogModuleManager: Shutting down and abandoning module OnlineSubsystem (16)
[2015.08.31-22.22.57:248][769]LogModuleManager: Shutting down and abandoning module HTTP (15)
[2015.08.31-22.22.57:248][769]LogModuleManager: Shutting down and abandoning module ExampleDeviceProfileSelector (14)
[2015.08.31-22.22.57:248][769]LogModuleManager: Shutting down and abandoning module TextureCompressor (13)
[2015.08.31-22.22.57:248][769]LogModuleManager: Shutting down and abandoning module ShaderCore (12)
[2015.08.31-22.22.57:248][769]LogModuleManager: Shutting down and abandoning module Landscape (11)
[2015.08.31-22.22.57:248][769]LogModuleManager: Shutting down and abandoning module SlateRHIRenderer (10)
[2015.08.31-22.22.57:255][769]LogModuleManager: Shutting down and abandoning module OpenGLDrv (9)
[2015.08.31-22.22.57:255][769]LogModuleManager: Shutting down and abandoning module D3D11RHI (8)
[2015.08.31-22.22.57:255][769]LogModuleManager: Shutting down and abandoning module Renderer (7)
[2015.08.31-22.22.57:255][769]LogModuleManager: Shutting down and abandoning module Engine (6)
[2015.08.31-22.22.57:255][769]LogModuleManager: Shutting down and abandoning module CoreUObject (5)
[2015.08.31-22.22.57:255][769]LogModuleManager: Shutting down and abandoning module NetworkFile (4)
[2015.08.31-22.22.57:255][769]LogModuleManager: Shutting down and abandoning module StreamingFile (3)
[2015.08.31-22.22.57:255][769]LogModuleManager: Shutting down and abandoning module SandboxFile (2)
[2015.08.31-22.22.57:255][769]LogModuleManager: Shutting down and abandoning module PakFile (1)
[2015.08.31-22.22.57:256][769]LogExit: Exiting.
[2015.08.31-22.22.57:257][769]Log file closed, 09/01/15 00:22:57
