[2015.09.17-15.41.23:804][  0]Log file open, 09/17/15 17:41:23
[2015.09.17-15.41.23:804][  0]LogInit:Display: Running engine without a game
[2015.09.17-15.41.23:804][  0]LogInit:Display: Loading recent project file: ../../../../Projekte/NotPartofTheGame/NotPartofGame.uproject
[2015.09.17-15.41.23:804][  0]LogInit:Display: RandInit(218509009) SRandInit(218509011).
[2015.09.17-15.41.23:804][  0]LogTaskGraph: Started task graph with 4 named threads and 7 total threads.
[2015.09.17-15.41.23:804][  0]LogStats: Stats thread started
[2015.09.17-15.41.23:804][  0]LogInit: Version: 4.8.3-2634408+++depot+UE4-Releases+4.8
[2015.09.17-15.41.23:804][  0]LogInit: API Version: 2579680
[2015.09.17-15.41.23:804][  0]LogInit: Compiled (64-bit): Jul 27 2015 16:24:33
[2015.09.17-15.41.23:804][  0]LogInit: Compiled with Visual C++: 18.00.21005.01
[2015.09.17-15.41.23:804][  0]LogInit: Build Configuration: Development
[2015.09.17-15.41.23:804][  0]LogInit: Branch Name: ++depot+UE4-Releases+4.8
[2015.09.17-15.41.23:804][  0]LogInit: Command line: 
[2015.09.17-15.41.23:804][  0]LogInit: Base directory: C:/Users/Bodoo/Documents/Programmieren/4.8/Engine/Binaries/Win64/
[2015.09.17-15.41.23:804][  0]LogInit: Rocket: 1
[2015.09.17-15.41.23:820][  0]LogInit: Using libcurl 7.41.0
[2015.09.17-15.41.23:820][  0]LogInit:  - built for x86_64-pc-win32
[2015.09.17-15.41.23:820][  0]LogInit:  - supports SSL with WinSSL
[2015.09.17-15.41.23:820][  0]LogInit:  - other features:
[2015.09.17-15.41.23:820][  0]LogInit:      CURL_VERSION_SSL
[2015.09.17-15.41.23:820][  0]LogInit:      CURL_VERSION_IPV6
[2015.09.17-15.41.23:820][  0]LogInit:      CURL_VERSION_ASYNCHDNS
[2015.09.17-15.41.23:820][  0]LogInit:      CURL_VERSION_LARGEFILE
[2015.09.17-15.41.23:820][  0]LogInit:      CURL_VERSION_IDN
[2015.09.17-15.41.23:820][  0]LogInit:  CurlRequestOptions (configurable via config and command line):
[2015.09.17-15.41.23:820][  0]LogInit:  - bVerifyPeer = true  - Libcurl will verify peer certificate
[2015.09.17-15.41.23:820][  0]LogInit:  - bUseHttpProxy = false  - Libcurl will NOT use HTTP proxy
[2015.09.17-15.41.23:820][  0]LogInit:  - bDontReuseConnections = false  - Libcurl will reuse connections
[2015.09.17-15.41.23:820][  0]LogInit:  - CertBundlePath = nullptr  - Libcurl will use whatever was configured at build time.
[2015.09.17-15.41.23:820][  0]LogOnline:Warning: No default platform service specified for OnlineSubsystem
[2015.09.17-15.41.23:836][  0]LogInit: Presizing for 0 objects not considered by GC, pre-allocating 0 bytes.
[2015.09.17-15.41.23:851][  0]LogInit: Object subsystem initialized
[2015.09.17-15.41.23:851][  0]LogConsoleResponse:Warning: Skipping Unknown console variable: 'UIScaleCurve = (EditorCurveData=(Keys=((Time=480.000000,Value=0.444000),(Time=720.000000,Value=0.666000),(Time=1080.000000,Value=1.000000),(Time=8640.000000,Value=8.000000))),ExternalCurve=None)'
[2015.09.17-15.41.23:851][  0]LogConsoleResponse:Warning:   Found in ini file 'C:/Users/Bodoo/Documents/Programmieren/Projekte/NotPartofTheGame/Saved/Config/Windows/Engine.ini', in section '[/Script/Engine.RendererSettings]'
[2015.09.17-15.41.23:851][  0]LogConsoleManager:Warning: Console variable 'r.MSAA.CompositingSampleCount' wasn't set ('Scalability' has a lower priority than 'ProjectSetting')
[2015.09.17-15.41.23:851][  0]LogInit: Selected Device Profile: [Windows]
[2015.09.17-15.41.23:851][  0]LogInit: Applying CVar settings loaded from the selected device profile: [Windows]
[2015.09.17-15.41.23:866][  0]LogInit: Computer: DESKTOP-GLF6O4V
[2015.09.17-15.41.23:866][  0]LogInit: User: Bodoo
[2015.09.17-15.41.23:866][  0]LogInit: CPU Page size=4096, Cores=4
[2015.09.17-15.41.23:866][  0]LogInit: High frequency timer resolution =3.215353 MHz
[2015.09.17-15.41.23:866][  0]LogMemory: Memory total: Physical=12.0GB (12GB approx)
[2015.09.17-15.41.23:866][  0]LogMemory: Platform Memory Stats for Windows
[2015.09.17-15.41.23:866][  0]LogMemory: Process Physical Memory: 50.98 MB used, 50.98 MB peak
[2015.09.17-15.41.23:866][  0]LogMemory: Process Virtual Memory: 22.52 MB used, 22.52 MB peak
[2015.09.17-15.41.23:866][  0]LogMemory: Physical Memory: 1708.27 MB used, 12270.70 MB total
[2015.09.17-15.41.23:866][  0]LogMemory: Virtual Memory: 309.63 MB used, 134217728.00 MB total
[2015.09.17-15.41.23:893][  0]LogTextLocalizationManager: The requested culture ('de_DE') has no localization data; falling back to 'en' for localization and internationalization data.
[2015.09.17-15.41.24:132][  0]LogTextLocalizationManager:Warning: Loaded localization resources contain conflicting entries for (Namespace:ContentBrowser, Key:ImportAssetToolTip):
Localization Resource: (C:/Users/Bodoo/Documents/Programmieren/4.8/Engine/Content/Localization/Editor/en/Editor.locres) Source String Hash: (-630476809) Localized String: (Import to {0}...)
Localization Resource: (C:/Users/Bodoo/Documents/Programmieren/4.8/Engine/Content/Localization/Editor/en/Editor.locres) Source String Hash: (1271782899) Localized String: (Imports an asset from file to this folder.)
[2015.09.17-15.41.24:635][  0]LogD3D11RHI: Found D3D11 adapter 0: AMD Radeon HD 6800 Series (Feature Level 11_0)
[2015.09.17-15.41.24:635][  0]LogD3D11RHI: Adapter has 1011MB of dedicated video memory, 0MB of dedicated system memory, and 3840MB of shared system memory, 1 output[s]
[2015.09.17-15.41.24:639][  0]LogD3D11RHI: Found D3D11 adapter 1: Microsoft Basic Render Driver (Feature Level 11_0)
[2015.09.17-15.41.24:639][  0]LogD3D11RHI: Adapter has 0MB of dedicated video memory, 0MB of dedicated system memory, and 6135MB of shared system memory, 0 output[s]
[2015.09.17-15.41.24:639][  0]LogD3D11RHI: Chosen D3D11 Adapter Id = 0
[2015.09.17-15.41.24:644][  0]LogD3D11RHI: InitD3DDevice
[2015.09.17-15.41.24:644][  0]LogD3D11RHI: !Direct3DDevice
[2015.09.17-15.41.24:644][  0]LogRHI: Texture pool is 708 MB (70% of 1011 MB)
[2015.09.17-15.41.24:653][  0]LogD3D11RHI: Async texture creation disabled: no driver support
[2015.09.17-15.41.24:664][  0]LogShaderCompilers:Display: Using Local Shader Compiler.
[2015.09.17-15.41.25:525][  0]LogTemp:Display: Loaded TP DesktopTargetPlatform
[2015.09.17-15.41.25:541][  0]LogTemp:Display: Loaded TP WindowsClientTargetPlatform
[2015.09.17-15.41.25:559][  0]LogTemp:Display: Loaded TP WindowsNoEditorTargetPlatform
[2015.09.17-15.41.25:577][  0]LogTemp:Display: Loaded TP WindowsServerTargetPlatform
[2015.09.17-15.41.25:596][  0]LogTemp:Display: Loaded TP WindowsTargetPlatform
[2015.09.17-15.41.25:610][  0]LogTemp:Display: Loaded TP AndroidTargetPlatform
[2015.09.17-15.41.25:624][  0]LogTemp:Display: Loaded TP Android_ASTCTargetPlatform
[2015.09.17-15.41.25:638][  0]LogTemp:Display: Loaded TP Android_ATCTargetPlatform
[2015.09.17-15.41.25:652][  0]LogTemp:Display: Loaded TP Android_DXTTargetPlatform
[2015.09.17-15.41.25:667][  0]LogTemp:Display: Loaded TP Android_ETC1TargetPlatform
[2015.09.17-15.41.25:682][  0]LogTemp:Display: Loaded TP Android_ETC2TargetPlatform
[2015.09.17-15.41.25:698][  0]LogTemp:Display: Loaded TP Android_PVRTCTargetPlatform
[2015.09.17-15.41.25:756][  0]LogTemp:Display: Loaded TP IOSTargetPlatform
[2015.09.17-15.41.25:771][  0]LogTemp:Display: Loaded TP LinuxNoEditorTargetPlatform
[2015.09.17-15.41.25:786][  0]LogTemp:Display: Loaded TP LinuxServerTargetPlatform
[2015.09.17-15.41.25:803][  0]LogTemp:Display: Loaded TP LinuxTargetPlatform
[2015.09.17-15.41.25:803][  0]LogTargetPlatformManager:Display: Building Assets For Windows
[2015.09.17-15.41.26:028][  0]LogDerivedDataCache:Display: Max Cache Size: 512 MB
[2015.09.17-15.41.26:095][  0]LogDerivedDataCache: Loaded boot cache 0.07s 53MB C:/Users/Bodoo/AppData/Local/UnrealEngine/4.8/DerivedDataCache/Boot.ddc.
[2015.09.17-15.41.26:095][  0]LogDerivedDataCache:Display: Loaded Boot cache: C:/Users/Bodoo/AppData/Local/UnrealEngine/4.8/DerivedDataCache/Boot.ddc
[2015.09.17-15.41.26:095][  0]LogDerivedDataCache: FDerivedDataBackendGraph:  Pak pak cache file ../../../../Projekte/NotPartofTheGame/DerivedDataCache/DDC.ddp not found, will not use a pak cache.
[2015.09.17-15.41.26:095][  0]LogDerivedDataCache: Unable to find inner node Pak for hierarchical cache Hierarchy.
[2015.09.17-15.41.26:095][  0]LogDerivedDataCache: FDerivedDataBackendGraph:  CompressedPak pak cache file ../../../../Projekte/NotPartofTheGame/DerivedDataCache/Compressed.ddp not found, will not use a pak cache.
[2015.09.17-15.41.26:095][  0]LogDerivedDataCache: Unable to find inner node CompressedPak for hierarchical cache Hierarchy.
[2015.09.17-15.41.26:257][  0]LogDerivedDataCache:Display: Pak cache opened for reading ../../../Engine/DerivedDataCache/Compressed.ddp.
[2015.09.17-15.41.26:270][  0]LogDerivedDataCache: Using Local data cache path C:/Users/Bodoo/AppData/Local/UnrealEngine/Common/DerivedDataCache: Writable
[2015.09.17-15.41.26:546][  0]LogInit: Selected Device Profile: [Windows]
[2015.09.17-15.41.26:648][  0]ImportText (ComponentSweepMultiTests): Missing closing parenthesis: (RootShapeAsset="/Engine/BasicShapes/Cube.Cube",ShapeType="TriggerCapsule",HitResult=(Time=0.50,Location=(X=-100.000015,Y=0.0,Z=100.000015),ImpactPoint=(X=-50.0,Y=0.0,Z=50.0),Normal=(X=-1.0,Y=-0.0,Z=0.0),ImpactNormal=(X=0.0,Y=0.0,Z=1.0),TraceStart=(X=-200.0,Y=0.0,Z=200.0),TraceEnd=(X=0.0,Y=0.0,Z=0.0))
[2015.09.17-15.41.26:648][  0]ImportText (LineTraceSingleByChannelTests): Missing closing parenthesis: (RootShapeAsset="/Engine/BasicShapes/Cube.Cube",HitResult=(Time=0.50,Location=(X=-100.000015,Y=0.0,Z=100.000015),ImpactPoint=(X=-50.0,Y=0.0,Z=50.0),Normal=(X=-1.0,Y=-0.0,Z=0.0),ImpactNormal=(X=0.0,Y=0.0,Z=1.0),TraceStart=(X=-200.0,Y=0.0,Z=200.0),TraceEnd=(X=0.0,Y=0.0,Z=0.0))
[2015.09.17-15.41.26:682][  0]LogMeshUtilities: No automatic mesh reduction module available
[2015.09.17-15.41.26:682][  0]LogMeshUtilities: No automatic mesh merging module available
[2015.09.17-15.41.27:011][  0]LogInit: WinSock: version 1.1 (2.2), MaxSocks=32767, MaxUdp=65467
[2015.09.17-15.41.28:098][  0]LogAssetRegistry: FAssetRegistry took 0.0106 seconds to start up
[2015.09.17-15.41.28:114][  0]LogDirectoryWatcher:Warning: Failed to begin reading directory changes for ../../../Engine/Plugins/Experimental/CharacterAI/Content/. Error: 0
[2015.09.17-15.41.28:128][  0]UdpMessaging: Initializing bridge on interface 0.0.0.0:0 to multicast group 230.0.0.1:6666.
[2015.09.17-15.41.28:481][  0]SourceControl: Info Source control is disabled
[2015.09.17-15.41.28:489][  0]SourceControl: Info Source control is disabled
[2015.09.17-15.41.28:499][  0]SourceControl: Info Source control is disabled
[2015.09.17-15.41.28:510][  0]SourceControl: Info Source control is disabled
[2015.09.17-15.41.28:796][  0]LogObj: 26440 objects as part of root set at end of initial load.
[2015.09.17-15.41.28:796][  0]LogUObjectAllocator: 5438864 out of 0 bytes used by permanent object pool.
[2015.09.17-15.41.28:870][  0]LogEngine: Initializing Engine...
[2015.09.17-15.41.28:872][  0]LogHMD: Can't find Oculus library dev build: is proper Runtime installed? Version: 0.6.0.0
[2015.09.17-15.41.28:873][  0]LogHMD:Warning: SteamVR failed to initialize.  Error: 110
[2015.09.17-15.41.29:034][  0]LogAIModule: Creating AISystem for world NewWorld
[2015.09.17-15.41.29:039][  0]LogInit: XAudio2 using 'Lautsprecher (Realtek High Definition Audio)' : 2 channels at 48 kHz using 32 bits per sample (channel mask 0x3)
[2015.09.17-15.41.29:056][  0]LogInit: FAudioDevice initialized.
[2015.09.17-15.41.29:084][  0]LogDerivedDataCache: Saved boot cache 0.03s 53MB C:/Users/Bodoo/AppData/Local/UnrealEngine/4.8/DerivedDataCache/Boot.ddc.
[2015.09.17-15.41.29:095][  0]LogInit: Texture streaming: Disabled
[2015.09.17-15.41.29:120][  0]LogAnalytics: Creating configured Analytics provider AnalyticsET
[2015.09.17-15.41.29:120][  0]LogAnalytics: [UEEditor.Rocket.Release] APIServer = http://et2.epicgames.com/ET2/. AppVersion = 4.8.3-2634408+++depot+UE4-Releases+4.8
[2015.09.17-15.41.29:120][  0]LogAnalytics: [UEEditor.Rocket.Release] SetUserId 0359330b4a4de6cf49a2cc9879aa4f35||823e2c57-8ae8-4d61-a04c-15505c18bf02
[2015.09.17-15.41.29:120][  0]LogAnalytics: [UEEditor.Rocket.Release] AnalyticsET::StartSession
[2015.09.17-15.41.29:147][  0]LogInit: Transaction tracking system initialized
[2015.09.17-15.41.29:282][  0]BlueprintLog: New page: Editor Load
[2015.09.17-15.41.29:874][  0]LogLinker:Warning: Can't find file '/Game/PuzzleBP/PuzzleOverview'
[2015.09.17-15.41.29:874][  0]LogLinker:Warning: Can't find file '/Game/PuzzleBP/PuzzleOverview'
[2015.09.17-15.41.29:874][  0]LogLinker:Warning: Can't find file '/Game/PuzzleBP/PuzzleOverview'
[2015.09.17-15.41.29:874][  0]LogUObjectGlobals:Warning: Failed to find object 'Class /Game/PuzzleBP/PuzzleOverview.PuzzleOverview_C'
[2015.09.17-15.41.29:929][  0]LogConsoleManager:Warning: Console variable 'r.VSync' wasn't set ('GameSetting' has a lower priority than 'SystemSettingsIni')
[2015.09.17-15.41.29:929][  0]LogConsoleResponse:Display: 
[2015.09.17-15.41.30:027][  0]LogCook:Display: Done creating registry. It took  0.00s.
[2015.09.17-15.41.30:212][  0]SourceControl: Info Source control is disabled
[2015.09.17-15.41.30:212][  0]Cmd: MAP LOAD FILE="../../../../Projekte/NotPartofTheGame/Content/NPOTG/Maps/Testing_Level.umap" TEMPLATE=0 SHOWPROGRESS=1 FEATURELEVEL=3
[2015.09.17-15.41.30:212][  0]LightingResults: New page: Lighting Build
[2015.09.17-15.41.30:225][  0]MapCheck: New page: Map Check
[2015.09.17-15.41.30:225][  0]LightingResults: New page: Lighting Build
[2015.09.17-15.41.30:233][  0]LogParticles: Destroying 0 GPU particle simulations for FXSystem 0x0000001134F7AF20
[2015.09.17-15.41.32:101][  0]LogBlueprint:Error: [compiler wolf] Error The current value of the ' Target Array ' pin is invalid: Array inputs (like 'Target Array') must have an input wired into them (try connecting a MakeArray node).
[2015.09.17-15.41.32:102][  0]LogBlueprint:Error: [compiler wolf] Error The current value of the ' Target Array ' pin is invalid: Array inputs (like 'Target Array') must have an input wired into them (try connecting a MakeArray node).
[2015.09.17-15.41.32:134][  0]LogBlueprint:Warning: [compiler wolf] Warning [0010.07] Compile of wolf failed. 2 Fatal Issue(s) 0 Warning(s) [in 95 ms]
[2015.09.17-15.41.32:134][  0]LogBlueprint:Warning: [compiler wolf] Warning [0010.07] Compile of wolf failed. 2 Fatal Issue(s) 1 Warning(s) [in 0 ms]
[2015.09.17-15.41.32:134][  0]LogBlueprint:Warning: [compiler wolf] Warning [0010.07] Compile of wolf failed. 2 Fatal Issue(s) 2 Warning(s) [in 0 ms]
[2015.09.17-15.41.32:224][  0]LogBlueprint:Error: [compiler wolf] Error The current value of the ' Target Array ' pin is invalid: Array inputs (like 'Target Array') must have an input wired into them (try connecting a MakeArray node).
[2015.09.17-15.41.32:225][  0]LogBlueprint:Error: [compiler wolf] Error The current value of the ' Target Array ' pin is invalid: Array inputs (like 'Target Array') must have an input wired into them (try connecting a MakeArray node).
[2015.09.17-15.41.32:258][  0]LogBlueprint:Warning: [compiler wolf] Warning [0010.20] Compile of wolf failed. 2 Fatal Issue(s) 0 Warning(s) [in 97 ms]
[2015.09.17-15.41.32:258][  0]LogBlueprint:Warning: [compiler wolf] Warning [0010.20] Compile of wolf failed. 2 Fatal Issue(s) 1 Warning(s) [in 0 ms]
[2015.09.17-15.41.33:256][  0]LogAIModule: Creating AISystem for world Testing_Level
[2015.09.17-15.41.33:261][  0]LogPrimitiveComponent: Zero scaling not supported (/Game/NPOTG/Maps/Testing_Level.Testing_Level:PersistentLevel.PlayerStart.CollisionCapsule)
[2015.09.17-15.41.33:371][  0]LogEditorServer: Finished looking for orphan Actors (0.000 secs)
[2015.09.17-15.41.33:374][  0]Cmd: MAP CHECKDEP NOCLEARLOG
[2015.09.17-15.41.33:450][  0]MapCheck: Info Map check complete: 0 Error(s), 0 Warning(s), took 75.442ms to complete.
[2015.09.17-15.41.33:450][  0]LogFileHelpers: Loading map 'Testing_Level' took 3.238
[2015.09.17-15.41.33:591][  0]LogCollectionManager: Loaded 0 collections in 0.002042 seconds
[2015.09.17-15.41.33:598][  0]LogContentBrowser: Native class hierarchy populated in 0.0070 seconds. Added 1807 classes and 307 folders.
[2015.09.17-15.41.33:643][  0]LogContentBrowser: Native class hierarchy updated for 'WidgetCarousel' in 0.0004 seconds. Added 0 classes and 0 folders.
[2015.09.17-15.41.33:670][  0]LogContentBrowser: Native class hierarchy updated for 'AddContentDialog' in 0.0004 seconds. Added 0 classes and 0 folders.
[2015.09.17-15.41.33:688][  0]LogContentBrowser: Native class hierarchy updated for 'SceneOutliner' in 0.0005 seconds. Added 1 classes and 2 folders.
[2015.09.17-15.41.33:727][  0]LogCrashTracker: Crashtracker disabled due to settings.
[2015.09.17-15.41.33:728][  0]LogD3D11RHI: InitD3DDevice
[2015.09.17-15.41.33:731][  0]LogUObjectGlobals:Warning: Failed to find object 'Class None.'
[2015.09.17-15.41.33:754][  0]LogLoad: Full Startup: 11.69 seconds (BP compile: 1.61 seconds)
[2015.09.17-15.41.34:166][  0]LogContentStreaming: Texture pool size is 0.000000MB
[2015.09.17-15.41.34:284][  0]LogContentStreaming: Texture pool size now 1000 MB
[2015.09.17-15.41.34:480][  0]LogRenderer: Reallocating scene render targets to support 1208x576 (Frame:2).
[2015.09.17-15.41.37:586][ 10]LogAssetRegistry: Asset discovery search completed in 9.4994 seconds
[2015.09.17-15.41.58:315][119]LogD3D11RHI: InitD3DDevice
[2015.09.17-15.41.59:047][202]LogPlayLevel: PIE:  No blueprints needed recompiling
[2015.09.17-15.41.59:051][202]LogD3D11RHI: InitD3DDevice
[2015.09.17-15.42.03:426][202]PIE: New page: PIE session: Testing_Level (Sep 17, 2015, 7:42:03 PM)
[2015.09.17-15.42.03:426][202]LogPlayLevel: Creating play world package: /Game/NPOTG/Maps/UEDPIE_0_Testing_Level
[2015.09.17-15.42.03:511][202]LogPlayLevel: PIE: StaticDuplicateObject took: (0.085268s)
[2015.09.17-15.42.03:512][202]LogAIModule: Creating AISystem for world Testing_Level
[2015.09.17-15.42.03:513][202]LogPlayLevel: PIE: World Init took: (0.001153s)
[2015.09.17-15.42.03:513][202]LogPlayLevel: PIE: Created PIE world by copying editor world from /Game/NPOTG/Maps/Testing_Level.Testing_Level to /Game/NPOTG/Maps/UEDPIE_0_Testing_Level.Testing_Level (0.087137s)
[2015.09.17-15.42.03:864][202]LogInit: XAudio2 using 'Lautsprecher (Realtek High Definition Audio)' : 2 channels at 48 kHz using 32 bits per sample (channel mask 0x3)
[2015.09.17-15.42.03:871][202]LogInit: FAudioDevice initialized.
[2015.09.17-15.42.03:875][202]LogD3D11RHI: InitD3DDevice
[2015.09.17-15.42.03:922][202]LogWorld: Game class is '2DSideScrollerGameMode_C'
[2015.09.17-15.42.04:190][202]LogWorld: Bringing World /Game/NPOTG/Maps/UEDPIE_0_Testing_Level.Testing_Level up for play (max tick rate 0) at 2015.09.17-17.42.04
[2015.09.17-15.42.04:190][202]LogActor:Warning: GameSession /Game/NPOTG/Maps/UEDPIE_0_Testing_Level.Testing_Level:PersistentLevel.GameSession_0 has natively added scene component(s), but none of them were set as the actor's RootComponent - picking one arbitrarily
[2015.09.17-15.42.04:191][202]LogActor:Warning: GameNetworkManager /Game/NPOTG/Maps/UEDPIE_0_Testing_Level.Testing_Level:PersistentLevel.GameNetworkManager_0 has natively added scene component(s), but none of them were set as the actor's RootComponent - picking one arbitrarily
[2015.09.17-15.42.04:206][202]LogWorld: Bringing up level for play took: 0.282464
[2015.09.17-15.42.04:230][202]PIE: Info Play in editor start time for /Game/NPOTG/Maps/UEDPIE_0_Testing_Level 5.584
[2015.09.17-15.42.04:255][202]LogRenderer: Reallocating scene render targets to support 1456x936 (Frame:127).
[2015.09.17-15.42.12:118][933]LogParticles: Destroying 0 GPU particle simulations for FXSystem 0x0000001141125760
[2015.09.17-15.42.16:684][266]LogWindowsTextInputMethodSystem:Display: IME system now deactivated.
[2015.09.17-15.42.16:684][266]LogWindowsTextInputMethodSystem:Display: IME system now deactivated.
[2015.09.17-15.42.16:949][267]Cmd: QUIT_EDITOR
[2015.09.17-15.42.18:121][267]LogExit: Preparing to exit.
[2015.09.17-15.42.19:239][267]LogExit: Editor shut down
[2015.09.17-15.42.19:239][267]LogExit: Transaction tracking system shut down
[2015.09.17-15.42.19:247][267]LogParticles: Destroying 0 GPU particle simulations for FXSystem 0x000000113A91CEA0
[2015.09.17-15.42.19:249][267]LogParticles: Destroying 0 GPU particle simulations for FXSystem 0x000000114148F9C0
[2015.09.17-15.42.19:249][267]LogParticles: Destroying 0 GPU particle simulations for FXSystem 0x00000011413E0AE0
[2015.09.17-15.42.19:375][267]LogParticles: Destroying 0 GPU particle simulations for FXSystem 0x000000114D713740
[2015.09.17-15.42.19:375][267]LogExit: Object subsystem successfully closed.
[2015.09.17-15.42.19:392][267]LogD3D11RHI: Shutdown
[2015.09.17-15.42.19:392][267]LogD3D11RHI: CleanupD3DDevice
[2015.09.17-15.42.19:612][267]LogD3D11RHI: ~FD3D11DynamicRHI
[2015.09.17-15.42.19:630][267]LogModuleManager: Shutting down and abandoning module CrashTracker (190)
[2015.09.17-15.42.19:630][267]LogModuleManager: Shutting down and abandoning module SceneOutliner (189)
[2015.09.17-15.42.19:630][267]LogModuleManager: Shutting down and abandoning module SuperSearch (188)
[2015.09.17-15.42.19:630][267]LogModuleManager: Shutting down and abandoning module WidgetCarousel (187)
[2015.09.17-15.42.19:631][267]LogModuleManager: Shutting down and abandoning module AddContentDialog (186)
[2015.09.17-15.42.19:631][267]LogModuleManager: Shutting down and abandoning module EditorWidgets (185)
[2015.09.17-15.42.19:631][267]LogModuleManager: Shutting down and abandoning module CollectionManager (184)
[2015.09.17-15.42.19:631][267]LogModuleManager: Shutting down and abandoning module StatsViewer (183)
[2015.09.17-15.42.19:631][267]LogModuleManager: Shutting down and abandoning module FoliageEdit (182)
[2015.09.17-15.42.19:631][267]LogModuleManager: Shutting down and abandoning module LandscapeEditor (181)
[2015.09.17-15.42.19:631][267]LogModuleManager: Shutting down and abandoning module ActorPickerMode (180)
[2015.09.17-15.42.19:631][267]LogModuleManager: Shutting down and abandoning module GeometryMode (179)
[2015.09.17-15.42.19:631][267]LogModuleManager: Shutting down and abandoning module TextureAlignMode (178)
[2015.09.17-15.42.19:631][267]LogModuleManager: Shutting down and abandoning module BspMode (177)
[2015.09.17-15.42.19:631][267]LogModuleManager: Shutting down and abandoning module PlacementMode (176)
[2015.09.17-15.42.19:631][267]LogModuleManager: Shutting down and abandoning module AutomationWorker (175)
[2015.09.17-15.42.19:631][267]LogModuleManager: Shutting down and abandoning module CharacterAI (174)
[2015.09.17-15.42.19:631][267]LogModuleManager: Shutting down and abandoning module SmartSnapping (173)
[2015.09.17-15.42.19:631][267]LogModuleManager: Shutting down and abandoning module ViewportSnapping (172)
[2015.09.17-15.42.19:631][267]LogModuleManager: Shutting down and abandoning module LogVisualizer (171)
[2015.09.17-15.42.19:632][267]LogModuleManager: Shutting down and abandoning module GameProjectGeneration (170)
[2015.09.17-15.42.19:632][267]LogModuleManager: Shutting down and abandoning module IntroTutorials (169)
[2015.09.17-15.42.19:632][267]LogModuleManager: Shutting down and abandoning module EditorLiveStreaming (168)
[2015.09.17-15.42.19:632][267]LogModuleManager: Shutting down and abandoning module IOSPlatformEditor (167)
[2015.09.17-15.42.19:632][267]LogModuleManager: Shutting down and abandoning module HTML5PlatformEditor (166)
[2015.09.17-15.42.19:632][267]LogModuleManager: Shutting down and abandoning module AndroidDeviceDetection (165)
[2015.09.17-15.42.19:805][267]LogModuleManager: Shutting down and abandoning module AndroidPlatformEditor (164)
[2015.09.17-15.42.19:805][267]LogModuleManager: Shutting down and abandoning module IOSRuntimeSettings (163)
[2015.09.17-15.42.19:805][267]LogModuleManager: Shutting down and abandoning module AndroidRuntimeSettings (162)
[2015.09.17-15.42.19:805][267]LogModuleManager: Shutting down and abandoning module MergeActors (161)
[2015.09.17-15.42.19:805][267]LogModuleManager: Shutting down and abandoning module SizeMap (160)
[2015.09.17-15.42.19:805][267]LogModuleManager: Shutting down and abandoning module TreeMap (159)
[2015.09.17-15.42.19:805][267]LogModuleManager: Shutting down and abandoning module ReferenceViewer (158)
[2015.09.17-15.42.19:805][267]LogModuleManager: Shutting down and abandoning module LocalizationDashboard (157)
[2015.09.17-15.42.19:805][267]LogModuleManager: Shutting down and abandoning module HardwareTargeting (156)
[2015.09.17-15.42.19:805][267]LogModuleManager: Shutting down and abandoning module DeviceProfileEditor (155)
[2015.09.17-15.42.19:805][267]LogModuleManager: Shutting down and abandoning module UndoHistory (154)
[2015.09.17-15.42.19:805][267]LogModuleManager: Shutting down and abandoning module GameplayTagsEditor (153)
[2015.09.17-15.42.19:805][267]LogModuleManager: Shutting down and abandoning module UserFeedback (152)
[2015.09.17-15.42.19:805][267]LogModuleManager: Shutting down and abandoning module XmlParser (151)
[2015.09.17-15.42.19:805][267]LogModuleManager: Shutting down and abandoning module Blutility (150)
[2015.09.17-15.42.19:805][267]LogModuleManager: Shutting down and abandoning module ProjectTargetPlatformEditor (149)
[2015.09.17-15.42.19:805][267]LogModuleManager: Shutting down and abandoning module ProjectSettingsViewer (148)
[2015.09.17-15.42.19:805][267]LogModuleManager: Shutting down and abandoning module InputBindingEditor (147)
[2015.09.17-15.42.19:805][267]LogModuleManager: Shutting down and abandoning module EditorSettingsViewer (146)
[2015.09.17-15.42.19:805][267]LogModuleManager: Shutting down and abandoning module SettingsEditor (145)
[2015.09.17-15.42.19:805][267]LogModuleManager: Shutting down and abandoning module ProjectLauncher (144)
[2015.09.17-15.42.19:805][267]LogModuleManager: Shutting down and abandoning module SessionFrontend (143)
[2015.09.17-15.42.19:805][267]LogModuleManager: Shutting down and abandoning module ProfilerClient (142)
[2015.09.17-15.42.19:805][267]LogModuleManager: Shutting down and abandoning module TargetDeviceServices (141)
[2015.09.17-15.42.19:805][267]LogModuleManager: Shutting down and abandoning module DeviceManager (140)
[2015.09.17-15.42.19:805][267]LogModuleManager: Shutting down and abandoning module AutomationController (139)
[2015.09.17-15.42.19:805][267]LogModuleManager: Shutting down and abandoning module AutomationWindow (138)
[2015.09.17-15.42.19:805][267]LogModuleManager: Shutting down and abandoning module Layers (137)
[2015.09.17-15.42.19:806][267]LogModuleManager: Shutting down and abandoning module ComponentVisualizers (136)
[2015.09.17-15.42.19:806][267]LogModuleManager: Shutting down and abandoning module DetailCustomizations (135)
[2015.09.17-15.42.19:806][267]LogModuleManager: Shutting down and abandoning module PackagesDialog (134)
[2015.09.17-15.42.19:806][267]LogModuleManager: Shutting down and abandoning module Persona (133)
[2015.09.17-15.42.19:806][267]LogModuleManager: Shutting down and abandoning module Kismet (132)
[2015.09.17-15.42.19:806][267]LogModuleManager: Shutting down and abandoning module GraphEditor (131)
[2015.09.17-15.42.19:806][267]LogModuleManager: Shutting down and abandoning module ClassViewer (130)
[2015.09.17-15.42.19:806][267]LogModuleManager: Shutting down and abandoning module Toolbox (129)
[2015.09.17-15.42.19:806][267]LogModuleManager: Shutting down and abandoning module ModuleUI (128)
[2015.09.17-15.42.19:806][267]LogModuleManager: Shutting down and abandoning module MovieSceneTools (127)
[2015.09.17-15.42.19:806][267]LogModuleManager: Shutting down and abandoning module OutputLog (126)
[2015.09.17-15.42.19:806][267]LogModuleManager: Shutting down and abandoning module GammaUI (125)
[2015.09.17-15.42.19:806][267]LogModuleManager: Shutting down and abandoning module Documentation (124)
[2015.09.17-15.42.19:806][267]LogModuleManager: Shutting down and abandoning module GameLiveStreaming (123)
[2015.09.17-15.42.19:806][267]LogModuleManager: Shutting down and abandoning module StreamingPauseRendering (122)
[2015.09.17-15.42.19:806][267]LogModuleManager: Shutting down and abandoning module AnalyticsET (121)
[2015.09.17-15.42.19:806][267]LogModuleManager: Shutting down and abandoning module Analytics (120)
[2015.09.17-15.42.19:806][267]LogModuleManager: Shutting down and abandoning module AITestSuite (119)
[2015.09.17-15.42.19:806][267]LogModuleManager: Shutting down and abandoning module GameplayDebugger (118)
[2015.09.17-15.42.19:806][267]LogModuleManager: Shutting down and abandoning module AIModule (117)
[2015.09.17-15.42.19:806][267]LogModuleManager: Shutting down and abandoning module ProfilerService (116)
[2015.09.17-15.42.19:897][267]LogModuleManager: Shutting down and abandoning module TaskGraph (115)
[2015.09.17-15.42.19:897][267]LogModuleManager: Shutting down and abandoning module SubstanceEditor (114)
[2015.09.17-15.42.19:897][267]LogModuleManager: Shutting down and abandoning module SlateRemote (113)
[2015.09.17-15.42.19:897][267]LogModuleManager: Shutting down and abandoning module SteamVRController (112)
[2015.09.17-15.42.19:897][267]LogModuleManager: Shutting down and abandoning module SteamVR (111)
[2015.09.17-15.42.19:897][267]LogModuleManager: Shutting down and abandoning module ProceduralMeshComponent (110)
[2015.09.17-15.42.19:897][267]LogModuleManager: Shutting down and abandoning module OculusRift (109)
[2015.09.17-15.42.19:897][267]LogModuleManager: Shutting down and abandoning module LeapMotionController (108)
[2015.09.17-15.42.19:903][267]LogModuleManager: Shutting down and abandoning module CustomMeshComponent (107)
[2015.09.17-15.42.19:903][267]LogModuleManager: Shutting down and abandoning module CableComponent (106)
[2015.09.17-15.42.19:903][267]LogModuleManager: Shutting down and abandoning module MessagingDebugger (105)
[2015.09.17-15.42.19:903][267]LogModuleManager: Shutting down and abandoning module MediaPlayerEditor (104)
[2015.09.17-15.42.19:903][267]LogModuleManager: Shutting down and abandoning module SpeedTreeImporter (103)
[2015.09.17-15.42.19:903][267]LogModuleManager: Shutting down and abandoning module PluginBrowser (102)
[2015.09.17-15.42.19:903][267]LogModuleManager: Shutting down and abandoning module EpicSurvey (101)
[2015.09.17-15.42.19:903][267]LogModuleManager: Shutting down and abandoning module DesktopPlatform (100)
[2015.09.17-15.42.19:903][267]LogModuleManager: Shutting down and abandoning module VisualStudioSourceCodeAccess (99)
[2015.09.17-15.42.19:903][267]LogModuleManager: Shutting down and abandoning module UObjectPlugin (98)
[2015.09.17-15.42.19:904][267]LogModuleManager: Shutting down and abandoning module SubversionSourceControl (97)
[2015.09.17-15.42.19:904][267]LogModuleManager: Shutting down and abandoning module PerforceSourceControl (96)
[2015.09.17-15.42.19:904][267]LogModuleManager: Shutting down and abandoning module SourceControl (95)
[2015.09.17-15.42.19:904][267]LogModuleManager: Shutting down and abandoning module GitSourceControl (94)
[2015.09.17-15.42.19:904][267]LogModuleManager: Shutting down and abandoning module BlankPlugin (93)
[2015.09.17-15.42.19:904][267]LogModuleManager: Shutting down and abandoning module PaperTiledImporter (92)
[2015.09.17-15.42.19:904][267]LogModuleManager: Shutting down and abandoning module PaperSpriteSheetImporter (91)
[2015.09.17-15.42.19:904][267]LogModuleManager: Shutting down and abandoning module MeshPaint (90)
[2015.09.17-15.42.19:904][267]LogModuleManager: Shutting down and abandoning module SlateReflector (89)
[2015.09.17-15.42.19:904][267]LogModuleManager: Shutting down and abandoning module HotReload (88)
[2015.09.17-15.42.19:904][267]LogModuleManager: Shutting down and abandoning module MainFrame (87)
[2015.09.17-15.42.19:904][267]LogModuleManager: Shutting down and abandoning module LevelEditor (86)
[2015.09.17-15.42.19:904][267]LogModuleManager: Shutting down and abandoning module ContentBrowser (85)
[2015.09.17-15.42.19:905][267]LogModuleManager: Shutting down and abandoning module Paper2DEditor (84)
[2015.09.17-15.42.19:905][267]LogModuleManager: Shutting down and abandoning module UdpMessaging (83)
[2015.09.17-15.42.20:006][267]LogModuleManager: Shutting down and abandoning module DirectoryWatcher (82)
[2015.09.17-15.42.20:006][267]LogModuleManager: Shutting down and abandoning module AssetRegistry (81)
[2015.09.17-15.42.20:122][267]LogModuleManager: Shutting down and abandoning module SubstanceCore (80)
[2015.09.17-15.42.20:122][267]LogModuleManager: Shutting down and abandoning module Paper2D (79)
[2015.09.17-15.42.20:122][267]LogModuleManager: Shutting down and abandoning module WindowsMoviePlayer (78)
[2015.09.17-15.42.20:124][267]LogModuleManager: Shutting down and abandoning module Media (77)
[2015.09.17-15.42.20:124][267]LogModuleManager: Shutting down and abandoning module WmfMedia (76)
[2015.09.17-15.42.20:124][267]LogModuleManager: Shutting down and abandoning module OnlineBlueprintSupport (75)
[2015.09.17-15.42.20:124][267]LogModuleManager: Shutting down and abandoning module PropertyEditor (74)
[2015.09.17-15.42.20:124][267]LogModuleManager: Shutting down and abandoning module BehaviorTreeEditor (73)
[2015.09.17-15.42.20:124][267]LogModuleManager: Shutting down and abandoning module FunctionalTesting (72)
[2015.09.17-15.42.20:124][267]LogModuleManager: Shutting down and abandoning module CollisionAnalyzer (71)
[2015.09.17-15.42.20:124][267]LogModuleManager: Shutting down and abandoning module WorkspaceMenuStructure (70)
[2015.09.17-15.42.20:124][267]LogModuleManager: Shutting down and abandoning module MessageLog (69)
[2015.09.17-15.42.20:124][267]LogModuleManager: Shutting down and abandoning module Sequencer (68)
[2015.09.17-15.42.20:124][267]LogModuleManager: Shutting down and abandoning module AssetTools (67)
[2015.09.17-15.42.20:124][267]LogModuleManager: Shutting down and abandoning module UMGEditor (66)
[2015.09.17-15.42.20:124][267]LogModuleManager: Shutting down and abandoning module UMG (65)
[2015.09.17-15.42.20:124][267]LogModuleManager: Shutting down and abandoning module Slate (64)
[2015.09.17-15.42.20:124][267]LogModuleManager: Shutting down and abandoning module EditorStyle (63)
[2015.09.17-15.42.20:127][267]LogModuleManager: Shutting down and abandoning module SessionServices (62)
[2015.09.17-15.42.20:127][267]LogModuleManager: Shutting down and abandoning module SourceCodeAccess (61)
[2015.09.17-15.42.20:127][267]LogModuleManager: Shutting down and abandoning module HeadMountedDisplay (60)
[2015.09.17-15.42.20:127][267]LogModuleManager: Shutting down and abandoning module XAudio2 (59)
[2015.09.17-15.42.20:127][267]LogModuleManager: Shutting down and abandoning module Networking (57)
[2015.09.17-15.42.20:127][267]LogModuleManager: Shutting down and abandoning module Core (56)
[2015.09.17-15.42.20:127][267]LogModuleManager: Shutting down and abandoning module KismetCompiler (55)
[2015.09.17-15.42.20:127][267]LogModuleManager: Shutting down and abandoning module PhysXFormats (54)
[2015.09.17-15.42.20:127][267]LogModuleManager: Shutting down and abandoning module MeshUtilities (53)
[2015.09.17-15.42.20:127][267]LogModuleManager: Shutting down and abandoning module DerivedDataCache (52)
[2015.09.17-15.42.20:306][267]LogDerivedDataCache: Shutdown
[2015.09.17-15.42.20:306][267]LogModuleManager: Shutting down and abandoning module ShaderFormatOpenGL (51)
[2015.09.17-15.42.20:306][267]LogModuleManager: Shutting down and abandoning module ShaderFormatD3D (50)
[2015.09.17-15.42.20:306][267]LogModuleManager: Shutting down and abandoning module MetalShaderFormat (49)
[2015.09.17-15.42.20:306][267]LogModuleManager: Shutting down and abandoning module TextureFormatUncompressed (48)
[2015.09.17-15.42.20:306][267]LogModuleManager: Shutting down and abandoning module TextureFormatPVR (47)
[2015.09.17-15.42.20:306][267]LogModuleManager: Shutting down and abandoning module TextureFormatIntelISPCTexComp (46)
[2015.09.17-15.42.20:306][267]LogModuleManager: Shutting down and abandoning module TextureFormatDXT (45)
[2015.09.17-15.42.20:306][267]LogModuleManager: Shutting down and abandoning module ImageWrapper (44)
[2015.09.17-15.42.20:306][267]LogModuleManager: Shutting down and abandoning module TextureFormatASTC (43)
[2015.09.17-15.42.20:306][267]LogModuleManager: Shutting down and abandoning module TextureFormatAndroid (42)
[2015.09.17-15.42.20:306][267]LogModuleManager: Shutting down and abandoning module AudioFormatOpus (41)
[2015.09.17-15.42.20:306][267]LogModuleManager: Shutting down and abandoning module AudioFormatOgg (40)
[2015.09.17-15.42.20:306][267]LogModuleManager: Shutting down and abandoning module AudioFormatADPCM (39)
[2015.09.17-15.42.20:306][267]LogModuleManager: Shutting down and abandoning module LinuxTargetPlatform (38)
[2015.09.17-15.42.20:306][267]LogModuleManager: Shutting down and abandoning module LinuxServerTargetPlatform (37)
[2015.09.17-15.42.20:306][267]LogModuleManager: Shutting down and abandoning module LinuxNoEditorTargetPlatform (36)
[2015.09.17-15.42.20:306][267]LogModuleManager: Shutting down and abandoning module Messaging (35)
[2015.09.17-15.42.20:306][267]LogModuleManager: Shutting down and abandoning module IOSTargetPlatform (34)
[2015.09.17-15.42.20:306][267]LogModuleManager: Shutting down and abandoning module HTML5TargetPlatform (33)
[2015.09.17-15.42.20:306][267]LogModuleManager: Shutting down and abandoning module Android_PVRTCTargetPlatform (32)
[2015.09.17-15.42.20:306][267]LogModuleManager: Shutting down and abandoning module Android_ETC2TargetPlatform (31)
[2015.09.17-15.42.20:306][267]LogModuleManager: Shutting down and abandoning module Android_ETC1TargetPlatform (30)
[2015.09.17-15.42.20:306][267]LogModuleManager: Shutting down and abandoning module Android_DXTTargetPlatform (29)
[2015.09.17-15.42.20:306][267]LogModuleManager: Shutting down and abandoning module Android_ATCTargetPlatform (28)
[2015.09.17-15.42.20:306][267]LogModuleManager: Shutting down and abandoning module Android_ASTCTargetPlatform (27)
[2015.09.17-15.42.20:306][267]LogModuleManager: Shutting down and abandoning module AndroidTargetPlatform (26)
[2015.09.17-15.42.20:306][267]LogModuleManager: Shutting down and abandoning module WindowsTargetPlatform (25)
[2015.09.17-15.42.20:306][267]LogModuleManager: Shutting down and abandoning module WindowsServerTargetPlatform (24)
[2015.09.17-15.42.20:306][267]LogModuleManager: Shutting down and abandoning module WindowsNoEditorTargetPlatform (23)
[2015.09.17-15.42.20:306][267]LogModuleManager: Shutting down and abandoning module WindowsClientTargetPlatform (22)
[2015.09.17-15.42.20:306][267]LogModuleManager: Shutting down and abandoning module DesktopTargetPlatform (21)
[2015.09.17-15.42.20:306][267]LogModuleManager: Shutting down and abandoning module TargetPlatform (20)
[2015.09.17-15.42.20:306][267]LogModuleManager: Shutting down and abandoning module InputCore (19)
[2015.09.17-15.42.20:306][267]LogModuleManager: Shutting down and abandoning module Settings (18)
[2015.09.17-15.42.20:306][267]LogModuleManager: Shutting down and abandoning module OnlineSubsystem (16)
[2015.09.17-15.42.20:306][267]LogModuleManager: Shutting down and abandoning module HTTP (15)
[2015.09.17-15.42.20:307][267]LogModuleManager: Shutting down and abandoning module ExampleDeviceProfileSelector (14)
[2015.09.17-15.42.20:307][267]LogModuleManager: Shutting down and abandoning module TextureCompressor (13)
[2015.09.17-15.42.20:307][267]LogModuleManager: Shutting down and abandoning module ShaderCore (12)
[2015.09.17-15.42.20:307][267]LogModuleManager: Shutting down and abandoning module Landscape (11)
[2015.09.17-15.42.20:307][267]LogModuleManager: Shutting down and abandoning module SlateRHIRenderer (10)
[2015.09.17-15.42.20:308][267]LogModuleManager: Shutting down and abandoning module OpenGLDrv (9)
[2015.09.17-15.42.20:309][267]LogModuleManager: Shutting down and abandoning module D3D11RHI (8)
[2015.09.17-15.42.20:309][267]LogModuleManager: Shutting down and abandoning module Renderer (7)
[2015.09.17-15.42.20:309][267]LogModuleManager: Shutting down and abandoning module Engine (6)
[2015.09.17-15.42.20:309][267]LogModuleManager: Shutting down and abandoning module CoreUObject (5)
[2015.09.17-15.42.20:309][267]LogModuleManager: Shutting down and abandoning module NetworkFile (4)
[2015.09.17-15.42.20:309][267]LogModuleManager: Shutting down and abandoning module StreamingFile (3)
[2015.09.17-15.42.20:309][267]LogModuleManager: Shutting down and abandoning module SandboxFile (2)
[2015.09.17-15.42.20:309][267]LogModuleManager: Shutting down and abandoning module PakFile (1)
[2015.09.17-15.42.20:309][267]LogExit: Exiting.
[2015.09.17-15.42.20:311][267]Log file closed, 09/17/15 17:42:20
