[2015.09.23-17.24.27:267][  0]Log file open, 09/23/15 19:24:27
[2015.09.23-17.24.27:267][  0]LogInit:Display: Running engine for game: NotPartofGame
[2015.09.23-17.24.27:267][  0]LogInit:Display: RandInit(-82952125) SRandInit(-82952124).
[2015.09.23-17.24.27:267][  0]LogTaskGraph: Started task graph with 4 named threads and 7 total threads.
[2015.09.23-17.24.27:267][  0]LogStats: Stats thread started
[2015.09.23-17.24.27:267][  0]LogInit: Version: 4.8.3-2634408+++depot+UE4-Releases+4.8
[2015.09.23-17.24.27:267][  0]LogInit: API Version: 2579680
[2015.09.23-17.24.27:267][  0]LogInit: Compiled (64-bit): Jul 27 2015 16:24:33
[2015.09.23-17.24.27:267][  0]LogInit: Compiled with Visual C++: 18.00.21005.01
[2015.09.23-17.24.27:267][  0]LogInit: Build Configuration: Development
[2015.09.23-17.24.27:267][  0]LogInit: Branch Name: ++depot+UE4-Releases+4.8
[2015.09.23-17.24.27:267][  0]LogInit: Command line:  /Temp/Autosaves/Game/NPOTG/Maps/UEDPCTesting_Level -game -PIEVIACONSOLE -ResX=1280 -ResY=720  -Multiprocess 
[2015.09.23-17.24.27:267][  0]LogInit: Base directory: C:/Users/Bodoo/Documents/Programmieren/4.8/Engine/Binaries/Win64/
[2015.09.23-17.24.27:267][  0]LogInit: Rocket: 1
[2015.09.23-17.24.27:289][  0]LogInit: Using libcurl 7.41.0
[2015.09.23-17.24.27:289][  0]LogInit:  - built for x86_64-pc-win32
[2015.09.23-17.24.27:289][  0]LogInit:  - supports SSL with WinSSL
[2015.09.23-17.24.27:289][  0]LogInit:  - other features:
[2015.09.23-17.24.27:289][  0]LogInit:      CURL_VERSION_SSL
[2015.09.23-17.24.27:289][  0]LogInit:      CURL_VERSION_IPV6
[2015.09.23-17.24.27:289][  0]LogInit:      CURL_VERSION_ASYNCHDNS
[2015.09.23-17.24.27:289][  0]LogInit:      CURL_VERSION_LARGEFILE
[2015.09.23-17.24.27:289][  0]LogInit:      CURL_VERSION_IDN
[2015.09.23-17.24.27:289][  0]LogInit:  CurlRequestOptions (configurable via config and command line):
[2015.09.23-17.24.27:289][  0]LogInit:  - bVerifyPeer = true  - Libcurl will verify peer certificate
[2015.09.23-17.24.27:289][  0]LogInit:  - bUseHttpProxy = false  - Libcurl will NOT use HTTP proxy
[2015.09.23-17.24.27:289][  0]LogInit:  - bDontReuseConnections = false  - Libcurl will reuse connections
[2015.09.23-17.24.27:289][  0]LogInit:  - CertBundlePath = nullptr  - Libcurl will use whatever was configured at build time.
[2015.09.23-17.24.27:302][  0]LogOnline:Warning: No default platform service specified for OnlineSubsystem
[2015.09.23-17.24.27:318][  0]LogInit: Presizing for 0 objects not considered by GC, pre-allocating 0 bytes.
[2015.09.23-17.24.27:326][  0]LogInit: Object subsystem initialized
[2015.09.23-17.24.27:327][  0]LogConsoleResponse:Warning: Skipping Unknown console variable: 'UIScaleCurve = (EditorCurveData=(Keys=((Time=480.000000,Value=0.444000),(Time=720.000000,Value=0.666000),(Time=1080.000000,Value=1.000000),(Time=8640.000000,Value=8.000000))),ExternalCurve=None)'
[2015.09.23-17.24.27:327][  0]LogConsoleResponse:Warning:   Found in ini file 'C:/Users/Bodoo/Documents/Programmieren/Projekte/NotPartofTheGame/Saved/Config/Windows/Engine.ini', in section '[/Script/Engine.RendererSettings]'
[2015.09.23-17.24.27:327][  0]LogConsoleManager:Warning: Console variable 'r.MSAA.CompositingSampleCount' wasn't set ('Scalability' has a lower priority than 'ProjectSetting')
[2015.09.23-17.24.27:327][  0]LogInit: Selected Device Profile: [Windows]
[2015.09.23-17.24.27:327][  0]LogInit: Applying CVar settings loaded from the selected device profile: [Windows]
[2015.09.23-17.24.27:330][  0]LogInit: Computer: DESKTOP-GLF6O4V
[2015.09.23-17.24.27:330][  0]LogInit: User: Bodoo
[2015.09.23-17.24.27:330][  0]LogInit: CPU Page size=4096, Cores=4
[2015.09.23-17.24.27:330][  0]LogInit: High frequency timer resolution =3.215354 MHz
[2015.09.23-17.24.27:330][  0]LogMemory: Memory total: Physical=12.0GB (12GB approx)
[2015.09.23-17.24.27:330][  0]LogMemory: Platform Memory Stats for Windows
[2015.09.23-17.24.27:330][  0]LogMemory: Process Physical Memory: 51.18 MB used, 51.18 MB peak
[2015.09.23-17.24.27:330][  0]LogMemory: Process Virtual Memory: 22.53 MB used, 22.53 MB peak
[2015.09.23-17.24.27:330][  0]LogMemory: Physical Memory: 2796.38 MB used, 12270.45 MB total
[2015.09.23-17.24.27:330][  0]LogMemory: Virtual Memory: 310.63 MB used, 134217728.00 MB total
[2015.09.23-17.24.27:359][  0]LogTextLocalizationManager: The requested culture ('de_DE') has no localization data; falling back to 'en' for localization and internationalization data.
[2015.09.23-17.24.27:603][  0]LogTextLocalizationManager:Warning: Loaded localization resources contain conflicting entries for (Namespace:ContentBrowser, Key:ImportAssetToolTip):
Localization Resource: (C:/Users/Bodoo/Documents/Programmieren/4.8/Engine/Content/Localization/Editor/en/Editor.locres) Source String Hash: (-630476809) Localized String: (Import to {0}...)
Localization Resource: (C:/Users/Bodoo/Documents/Programmieren/4.8/Engine/Content/Localization/Editor/en/Editor.locres) Source String Hash: (1271782899) Localized String: (Imports an asset from file to this folder.)
[2015.09.23-17.24.27:980][  0]LogD3D11RHI: Found D3D11 adapter 0: AMD Radeon HD 6800 Series (Feature Level 11_0)
[2015.09.23-17.24.27:980][  0]LogD3D11RHI: Adapter has 1011MB of dedicated video memory, 0MB of dedicated system memory, and 3840MB of shared system memory, 1 output[s]
[2015.09.23-17.24.27:982][  0]LogD3D11RHI: Found D3D11 adapter 1: Microsoft Basic Render Driver (Feature Level 11_0)
[2015.09.23-17.24.27:982][  0]LogD3D11RHI: Adapter has 0MB of dedicated video memory, 0MB of dedicated system memory, and 6135MB of shared system memory, 0 output[s]
[2015.09.23-17.24.27:982][  0]LogD3D11RHI: Chosen D3D11 Adapter Id = 0
[2015.09.23-17.24.27:985][  0]LogD3D11RHI: InitD3DDevice
[2015.09.23-17.24.27:985][  0]LogD3D11RHI: !Direct3DDevice
[2015.09.23-17.24.27:985][  0]LogRHI: Texture pool is 708 MB (70% of 1011 MB)
[2015.09.23-17.24.27:991][  0]LogD3D11RHI: Async texture creation disabled: no driver support
[2015.09.23-17.24.28:002][  0]LogShaderCompilers:Display: Using Local Shader Compiler.
[2015.09.23-17.24.28:805][  0]LogTemp:Display: Loaded TP DesktopTargetPlatform
[2015.09.23-17.24.28:820][  0]LogTemp:Display: Loaded TP WindowsClientTargetPlatform
[2015.09.23-17.24.28:836][  0]LogTemp:Display: Loaded TP WindowsNoEditorTargetPlatform
[2015.09.23-17.24.28:851][  0]LogTemp:Display: Loaded TP WindowsServerTargetPlatform
[2015.09.23-17.24.28:867][  0]LogTemp:Display: Loaded TP WindowsTargetPlatform
[2015.09.23-17.24.28:880][  0]LogTemp:Display: Loaded TP AndroidTargetPlatform
[2015.09.23-17.24.28:893][  0]LogTemp:Display: Loaded TP Android_ASTCTargetPlatform
[2015.09.23-17.24.28:905][  0]LogTemp:Display: Loaded TP Android_ATCTargetPlatform
[2015.09.23-17.24.28:917][  0]LogTemp:Display: Loaded TP Android_DXTTargetPlatform
[2015.09.23-17.24.28:930][  0]LogTemp:Display: Loaded TP Android_ETC1TargetPlatform
[2015.09.23-17.24.28:943][  0]LogTemp:Display: Loaded TP Android_ETC2TargetPlatform
[2015.09.23-17.24.28:956][  0]LogTemp:Display: Loaded TP Android_PVRTCTargetPlatform
[2015.09.23-17.24.29:004][  0]LogTemp:Display: Loaded TP IOSTargetPlatform
[2015.09.23-17.24.29:016][  0]LogTemp:Display: Loaded TP LinuxNoEditorTargetPlatform
[2015.09.23-17.24.29:028][  0]LogTemp:Display: Loaded TP LinuxServerTargetPlatform
[2015.09.23-17.24.29:042][  0]LogTemp:Display: Loaded TP LinuxTargetPlatform
[2015.09.23-17.24.29:042][  0]LogTargetPlatformManager:Display: Building Assets For Windows
[2015.09.23-17.24.29:246][  0]LogDerivedDataCache:Display: Max Cache Size: 512 MB
[2015.09.23-17.24.29:322][  0]LogDerivedDataCache: Loaded boot cache 0.08s 53MB C:/Users/Bodoo/AppData/Local/UnrealEngine/4.8/DerivedDataCache/Boot.ddc.
[2015.09.23-17.24.29:322][  0]LogDerivedDataCache:Display: Loaded Boot cache: C:/Users/Bodoo/AppData/Local/UnrealEngine/4.8/DerivedDataCache/Boot.ddc
[2015.09.23-17.24.29:322][  0]LogDerivedDataCache: FDerivedDataBackendGraph:  Pak pak cache file ../../../../Projekte/NotPartofTheGame/DerivedDataCache/DDC.ddp not found, will not use a pak cache.
[2015.09.23-17.24.29:322][  0]LogDerivedDataCache: Unable to find inner node Pak for hierarchical cache Hierarchy.
[2015.09.23-17.24.29:322][  0]LogDerivedDataCache: FDerivedDataBackendGraph:  CompressedPak pak cache file ../../../../Projekte/NotPartofTheGame/DerivedDataCache/Compressed.ddp not found, will not use a pak cache.
[2015.09.23-17.24.29:322][  0]LogDerivedDataCache: Unable to find inner node CompressedPak for hierarchical cache Hierarchy.
[2015.09.23-17.24.29:473][  0]LogDerivedDataCache:Display: Pak cache opened for reading ../../../Engine/DerivedDataCache/Compressed.ddp.
[2015.09.23-17.24.29:486][  0]LogDerivedDataCache: Using Local data cache path C:/Users/Bodoo/AppData/Local/UnrealEngine/Common/DerivedDataCache: Writable
[2015.09.23-17.24.29:724][  0]LogInit: Selected Device Profile: [Windows]
[2015.09.23-17.24.29:811][  0]ImportText (ComponentSweepMultiTests): Missing closing parenthesis: (RootShapeAsset="/Engine/BasicShapes/Cube.Cube",ShapeType="TriggerCapsule",HitResult=(Time=0.50,Location=(X=-100.000015,Y=0.0,Z=100.000015),ImpactPoint=(X=-50.0,Y=0.0,Z=50.0),Normal=(X=-1.0,Y=-0.0,Z=0.0),ImpactNormal=(X=0.0,Y=0.0,Z=1.0),TraceStart=(X=-200.0,Y=0.0,Z=200.0),TraceEnd=(X=0.0,Y=0.0,Z=0.0))
[2015.09.23-17.24.29:811][  0]ImportText (LineTraceSingleByChannelTests): Missing closing parenthesis: (RootShapeAsset="/Engine/BasicShapes/Cube.Cube",HitResult=(Time=0.50,Location=(X=-100.000015,Y=0.0,Z=100.000015),ImpactPoint=(X=-50.0,Y=0.0,Z=50.0),Normal=(X=-1.0,Y=-0.0,Z=0.0),ImpactNormal=(X=0.0,Y=0.0,Z=1.0),TraceStart=(X=-200.0,Y=0.0,Z=200.0),TraceEnd=(X=0.0,Y=0.0,Z=0.0))
[2015.09.23-17.24.29:838][  0]LogMeshUtilities: No automatic mesh reduction module available
[2015.09.23-17.24.29:838][  0]LogMeshUtilities: No automatic mesh merging module available
[2015.09.23-17.24.30:135][  0]LogInit: WinSock: version 1.1 (2.2), MaxSocks=32767, MaxUdp=65467
[2015.09.23-17.24.30:560][  0]LogD3D11RHI: InitD3DDevice
[2015.09.23-17.24.30:565][  0]LogWindowsMoviePlayer: Unable to load movie: ../../../../Projekte/NotPartofTheGame/Content/Movies/Default_Startup.mp4
[2015.09.23-17.24.30:703][  0]LogAssetRegistry: FAssetRegistry took 0.0001 seconds to start up
[2015.09.23-17.24.30:747][  0]SourceControl: Info Source control is disabled
[2015.09.23-17.24.30:747][  0]SourceControl: Info Source control is disabled
[2015.09.23-17.24.30:757][  0]SourceControl: Info Source control is disabled
[2015.09.23-17.24.30:938][  0]LogObj: 25913 objects as part of root set at end of initial load.
[2015.09.23-17.24.30:938][  0]LogUObjectAllocator: 5218488 out of 0 bytes used by permanent object pool.
[2015.09.23-17.24.31:005][  0]LogAutomationTest:Warning: ERR: Transient text cannot be serialized "Testing Transient serialization detection".
[2015.09.23-17.24.31:006][  0]LogEngine: Initializing Engine...
[2015.09.23-17.24.31:008][  0]LogHMD: Can't find Oculus library dev build: is proper Runtime installed? Version: 0.6.0.0
[2015.09.23-17.24.31:009][  0]LogHMD:Warning: SteamVR failed to initialize.  Error: 110
[2015.09.23-17.24.31:099][  0]LogInit: XAudio2 using 'Lautsprecher (Realtek High Definition Audio)' : 2 channels at 48 kHz using 32 bits per sample (channel mask 0x3)
[2015.09.23-17.24.31:108][  0]LogInit: FAudioDevice initialized.
[2015.09.23-17.24.31:120][  0]LogInit: Texture streaming: Disabled
[2015.09.23-17.24.31:183][  0]LogNet: Browse: /Temp/Autosaves/Game/NPOTG/Maps/UEDPCTesting_Level?Name=Player
[2015.09.23-17.24.31:183][  0]LogLoad: LoadMap: /Temp/Autosaves/Game/NPOTG/Maps/UEDPCTesting_Level?Name=Player
[2015.09.23-17.24.31:193][  0]LogParticles: Destroying 0 GPU particle simulations for FXSystem 0x00000067318F7560
[2015.09.23-17.24.31:202][  0]LogMemory: Platform Memory Stats for Windows
[2015.09.23-17.24.31:202][  0]LogMemory: Process Physical Memory: 336.11 MB used, 336.12 MB peak
[2015.09.23-17.24.31:202][  0]LogMemory: Process Virtual Memory: 372.56 MB used, 372.56 MB peak
[2015.09.23-17.24.31:202][  0]LogMemory: Physical Memory: 3018.89 MB used, 12270.45 MB total
[2015.09.23-17.24.31:202][  0]LogMemory: Virtual Memory: 889.79 MB used, 134217728.00 MB total
[2015.09.23-17.24.31:202][  0]LogMemory: 
[2015.09.23-17.24.31:202][  0]Allocator Stats for TBB: (not implemented)
[2015.09.23-17.24.31:492][  0]LogProperty:Warning: ERR: Transient text cannot be serialized "ReturnValue Z".
[2015.09.23-17.24.31:492][  0]LogProperty:Warning: ERR: Transient text cannot be serialized "ReturnValue Y".
[2015.09.23-17.24.31:492][  0]LogProperty:Warning: ERR: Transient text cannot be serialized "ReturnValue X".
[2015.09.23-17.24.31:818][  0]LogProperty:Warning: ERR: Transient text cannot be serialized "ReturnValue Z".
[2015.09.23-17.24.31:818][  0]LogProperty:Warning: ERR: Transient text cannot be serialized "ReturnValue Y".
[2015.09.23-17.24.31:818][  0]LogProperty:Warning: ERR: Transient text cannot be serialized "ReturnValue X".
[2015.09.23-17.24.32:192][  0]LogProperty:Warning: ERR: Transient text cannot be serialized "NewRotation Roll".
[2015.09.23-17.24.32:192][  0]LogProperty:Warning: ERR: Transient text cannot be serialized "NewRotation Yaw".
[2015.09.23-17.24.32:192][  0]LogProperty:Warning: ERR: Transient text cannot be serialized "NewRotation Pitch".
[2015.09.23-17.24.32:192][  0]LogProperty:Warning: ERR: Transient text cannot be serialized "NewRotation Roll".
[2015.09.23-17.24.32:192][  0]LogProperty:Warning: ERR: Transient text cannot be serialized "NewRotation Yaw".
[2015.09.23-17.24.32:192][  0]LogProperty:Warning: ERR: Transient text cannot be serialized "NewRotation Pitch".
[2015.09.23-17.24.32:197][  0]LogProperty:Warning: ERR: Transient text cannot be serialized "ReturnValue Z".
[2015.09.23-17.24.32:197][  0]LogProperty:Warning: ERR: Transient text cannot be serialized "ReturnValue Y".
[2015.09.23-17.24.32:197][  0]LogProperty:Warning: ERR: Transient text cannot be serialized "ReturnValue X".
[2015.09.23-17.24.32:262][  0]LogProperty:Warning: ERR: Transient text cannot be serialized "NewRotation Roll".
[2015.09.23-17.24.32:262][  0]LogProperty:Warning: ERR: Transient text cannot be serialized "NewRotation Yaw".
[2015.09.23-17.24.32:262][  0]LogProperty:Warning: ERR: Transient text cannot be serialized "NewRotation Pitch".
[2015.09.23-17.24.32:262][  0]LogProperty:Warning: ERR: Transient text cannot be serialized "NewRotation Roll".
[2015.09.23-17.24.32:262][  0]LogProperty:Warning: ERR: Transient text cannot be serialized "NewRotation Yaw".
[2015.09.23-17.24.32:262][  0]LogProperty:Warning: ERR: Transient text cannot be serialized "NewRotation Pitch".
[2015.09.23-17.24.32:267][  0]LogProperty:Warning: ERR: Transient text cannot be serialized "ReturnValue Z".
[2015.09.23-17.24.32:267][  0]LogProperty:Warning: ERR: Transient text cannot be serialized "ReturnValue Y".
[2015.09.23-17.24.32:267][  0]LogProperty:Warning: ERR: Transient text cannot be serialized "ReturnValue X".
[2015.09.23-17.24.33:472][  0]LogAIModule: Creating AISystem for world Testing_Level
[2015.09.23-17.24.33:473][  0]LogWorld: Game class is '2DSideScrollerGameMode_C'
[2015.09.23-17.24.33:563][  0]LogWorld: Bringing World /Temp/Autosaves/Game/NPOTG/Maps/UEDPCTesting_Level.Testing_Level up for play (max tick rate 0) at 2015.09.23-19.24.33
[2015.09.23-17.24.33:580][  0]LogWorld: Bringing up level for play took: 0.104221
[2015.09.23-17.24.33:584][  0]LogInit:Display: Game Engine Initialized.
[2015.09.23-17.24.33:808][  0]LogLoad: Full Startup: 8.13 seconds (BP compile: 1.16 seconds)
[2015.09.23-17.24.33:825][  0]LogWindowsTextInputMethodSystem:Display: IME system now deactivated.
[2015.09.23-17.24.33:825][  0]LogWindowsTextInputMethodSystem:Display: IME system now deactivated.
[2015.09.23-17.24.33:828][  0]LogContentStreaming: Texture pool size is 1000.000000MB
[2015.09.23-17.24.33:958][  0]LogRenderer: Reallocating scene render targets to support 1280x720 (Frame:2).
[2015.09.23-17.24.34:078][  1]LogScript:Warning: Accessed None 'PointA'
	wolf_C /Temp/Autosaves/Game/NPOTG/Maps/UEDPCTesting_Level.Testing_Level:PersistentLevel.wolf_C_15
	Function /Game/NPOTG/Blueprints/Charaktere/wolf.wolf_C:ExecuteUbergraph_wolf:007F
[2015.09.23-17.24.34:078][  1]LogScript:Warning: Accessed None 'PointB'
	wolf_C /Temp/Autosaves/Game/NPOTG/Maps/UEDPCTesting_Level.Testing_Level:PersistentLevel.wolf_C_15
	Function /Game/NPOTG/Blueprints/Charaktere/wolf.wolf_C:ExecuteUbergraph_wolf:00AA
[2015.09.23-17.24.34:104][  2]LogScript:Warning: Accessed None 'PointA'
	wolf_C /Temp/Autosaves/Game/NPOTG/Maps/UEDPCTesting_Level.Testing_Level:PersistentLevel.wolf_C_15
	Function /Game/NPOTG/Blueprints/Charaktere/wolf.wolf_C:ExecuteUbergraph_wolf:007F
[2015.09.23-17.24.34:104][  2]LogScript:Warning: Accessed None 'PointB'
	wolf_C /Temp/Autosaves/Game/NPOTG/Maps/UEDPCTesting_Level.Testing_Level:PersistentLevel.wolf_C_15
	Function /Game/NPOTG/Blueprints/Charaktere/wolf.wolf_C:ExecuteUbergraph_wolf:00AA
[2015.09.23-17.24.34:129][  3]LogScript:Warning: Accessed None 'PointA'
	wolf_C /Temp/Autosaves/Game/NPOTG/Maps/UEDPCTesting_Level.Testing_Level:PersistentLevel.wolf_C_15
	Function /Game/NPOTG/Blueprints/Charaktere/wolf.wolf_C:ExecuteUbergraph_wolf:007F
[2015.09.23-17.24.34:129][  3]LogScript:Warning: Accessed None 'PointB'
	wolf_C /Temp/Autosaves/Game/NPOTG/Maps/UEDPCTesting_Level.Testing_Level:PersistentLevel.wolf_C_15
	Function /Game/NPOTG/Blueprints/Charaktere/wolf.wolf_C:ExecuteUbergraph_wolf:00AA
[2015.09.23-17.24.34:145][  4]LogScript:Warning: Accessed None 'PointA'
	wolf_C /Temp/Autosaves/Game/NPOTG/Maps/UEDPCTesting_Level.Testing_Level:PersistentLevel.wolf_C_15
	Function /Game/NPOTG/Blueprints/Charaktere/wolf.wolf_C:ExecuteUbergraph_wolf:007F
[2015.09.23-17.24.34:145][  4]LogScript:Warning: Accessed None 'PointB'
	wolf_C /Temp/Autosaves/Game/NPOTG/Maps/UEDPCTesting_Level.Testing_Level:PersistentLevel.wolf_C_15
	Function /Game/NPOTG/Blueprints/Charaktere/wolf.wolf_C:ExecuteUbergraph_wolf:00AA
[2015.09.23-17.24.34:161][  5]LogScript:Warning: Accessed None 'PointA'
	wolf_C /Temp/Autosaves/Game/NPOTG/Maps/UEDPCTesting_Level.Testing_Level:PersistentLevel.wolf_C_15
	Function /Game/NPOTG/Blueprints/Charaktere/wolf.wolf_C:ExecuteUbergraph_wolf:007F
[2015.09.23-17.24.34:161][  5]LogScript:Warning: Accessed None 'PointB'
	wolf_C /Temp/Autosaves/Game/NPOTG/Maps/UEDPCTesting_Level.Testing_Level:PersistentLevel.wolf_C_15
	Function /Game/NPOTG/Blueprints/Charaktere/wolf.wolf_C:ExecuteUbergraph_wolf:00AA
[2015.09.23-17.24.34:177][  6]LogScript:Warning: Accessed None 'PointA'
	wolf_C /Temp/Autosaves/Game/NPOTG/Maps/UEDPCTesting_Level.Testing_Level:PersistentLevel.wolf_C_15
	Function /Game/NPOTG/Blueprints/Charaktere/wolf.wolf_C:ExecuteUbergraph_wolf:007F
[2015.09.23-17.24.34:177][  6]LogScript:Warning: Accessed None 'PointB'
	wolf_C /Temp/Autosaves/Game/NPOTG/Maps/UEDPCTesting_Level.Testing_Level:PersistentLevel.wolf_C_15
	Function /Game/NPOTG/Blueprints/Charaktere/wolf.wolf_C:ExecuteUbergraph_wolf:00AA
[2015.09.23-17.24.34:193][  7]LogScript:Warning: Accessed None 'PointA'
	wolf_C /Temp/Autosaves/Game/NPOTG/Maps/UEDPCTesting_Level.Testing_Level:PersistentLevel.wolf_C_15
	Function /Game/NPOTG/Blueprints/Charaktere/wolf.wolf_C:ExecuteUbergraph_wolf:007F
[2015.09.23-17.24.34:193][  7]LogScript:Warning: Accessed None 'PointB'
	wolf_C /Temp/Autosaves/Game/NPOTG/Maps/UEDPCTesting_Level.Testing_Level:PersistentLevel.wolf_C_15
	Function /Game/NPOTG/Blueprints/Charaktere/wolf.wolf_C:ExecuteUbergraph_wolf:00AA
[2015.09.23-17.24.34:209][  8]LogScript:Warning: Accessed None 'PointA'
	wolf_C /Temp/Autosaves/Game/NPOTG/Maps/UEDPCTesting_Level.Testing_Level:PersistentLevel.wolf_C_15
	Function /Game/NPOTG/Blueprints/Charaktere/wolf.wolf_C:ExecuteUbergraph_wolf:007F
[2015.09.23-17.24.34:209][  8]LogScript:Warning: Accessed None 'PointB'
	wolf_C /Temp/Autosaves/Game/NPOTG/Maps/UEDPCTesting_Level.Testing_Level:PersistentLevel.wolf_C_15
	Function /Game/NPOTG/Blueprints/Charaktere/wolf.wolf_C:ExecuteUbergraph_wolf:00AA
[2015.09.23-17.24.34:225][  9]LogScript:Warning: Accessed None 'PointA'
	wolf_C /Temp/Autosaves/Game/NPOTG/Maps/UEDPCTesting_Level.Testing_Level:PersistentLevel.wolf_C_15
	Function /Game/NPOTG/Blueprints/Charaktere/wolf.wolf_C:ExecuteUbergraph_wolf:007F
[2015.09.23-17.25.37:394][924]Set new viewmode: Unlit
[2015.09.23-17.25.40:285][103]LogScriptCore: Script call stack:
	Function /Game/NPOTG/Blueprints/Charaktere/wolf.wolf_C:BndEvt__see cone_K2Node_ComponentBoundEvent_90_ComponentBeginOverlapSignature__DelegateSignature
	Function /Game/NPOTG/Blueprints/Charaktere/wolf.wolf_C:ExecuteUbergraph_wolf
	Function /Game/NPOTG/Blueprints/Charaktere/wolf.wolf_C:start the fight
	Function /Game/NPOTG/Blueprints/Charaktere/wolf.wolf_C:construct fight
	Function /Game/NPOTG/Blueprints/Charaktere/wolf.wolf_C:start the fight
	Function /Game/NPOTG/Blueprints/Charaktere/wolf.wolf_C:construct fight
	Function /Game/NPOTG/Blueprints/Charaktere/wolf.wolf_C:start the fight
	Function /Game/NPOTG/Blueprints/Charaktere/wolf.wolf_C:construct fight
	Function /Game/NPOTG/Blueprints/Charaktere/wolf.wolf_C:start the fight
	Function /Game/NPOTG/Blueprints/Charaktere/wolf.wolf_C:construct fight
	Function /Game/NPOTG/Blueprints/Charaktere/wolf.wolf_C:start the fight
	Function /Game/NPOTG/Blueprints/Charaktere/wolf.wolf_C:construct fight
	Function /Game/NPOTG/Blueprints/Charaktere/wolf.wolf_C:start the fight
	Function /Game/NPOTG/Blueprints/Charaktere/wolf.wolf_C:construct fight
	Function /Game/NPOTG/Blueprints/Charaktere/wolf.wolf_C:start the fight
	Function /Game/NPOTG/Blueprints/Charaktere/wolf.wolf_C:construct fight
	Function /Game/NPOTG/Blueprints/Charaktere/wolf.wolf_C:start the fight
	Function /Game/NPOTG/Blueprints/Charaktere/wolf.wolf_C:construct fight
	Function /Game/NPOTG/Blueprints/Charaktere/wolf.wolf_C:start the fight
	Function /Game/NPOTG/Blueprints/Charaktere/wolf.wolf_C:construct fight
	Function /Game/NPOTG/Blueprints/Charaktere/wolf.wolf_C:start the fight
	Function /Game/NPOTG/Blueprints/Charaktere/wolf.wolf_C:construct fight
	Function /Game/NPOTG/Blueprints/Charaktere/wolf.wolf_C:start the fight
	Function /Game/NPOTG/Blueprints/Charaktere/wolf.wolf_C:construct fight
	Function /Game/NPOTG/Blueprints/Charaktere/wolf.wolf_C:start the fight
	Function /Game/NPOTG/Blueprints/Charaktere/wolf.wolf_C:construct fight
	Function /Game/NPOTG/Blueprints/Charaktere/wolf.wolf_C:start the fight
	Function /Game/NPOTG/Blueprints/Charaktere/wolf.wolf_C:construct fight
	Function /Game/NPOTG/Blueprints/Charaktere/wolf.wolf_C:start the fight
	Function /Game/NPOTG/Blueprints/Charaktere/wolf.wolf_C:construct fight
	Function /Game/NPOTG/Blueprints/Charaktere/wolf.wolf_C:start the fight
	Function /Game/NPOTG/Blueprints/Charaktere/wolf.wolf_C:construct fight
	Function /Game/NPOTG/Blueprints/Charaktere/wolf.wolf_C:start the fight
	Function /Game/NPOTG/Blueprints/Charaktere/wolf.wolf_C:construct fight
	Function /Game/NPOTG/Blueprints/Charaktere/wolf.wolf_C:start the fight
	Function /Game/NPOTG/Blueprints/Charaktere/wolf.wolf_C:construct fight
	Function /Game/NPOTG/Blueprints/Charaktere/wolf.wolf_C:start the fight
	Function /Game/NPOTG/Blueprints/Charaktere/wolf.wolf_C:construct fight
	Function /Game/NPOTG/Blueprints/Charaktere/wolf.wolf_C:start the fight
	Function /Game/NPOTG/Blueprints/Charaktere/wolf.wolf_C:construct fight
	Function /Game/NPOTG/Blueprints/Charaktere/wolf.wolf_C:start the fight
	Function /Game/NPOTG/Blueprints/Charaktere/wolf.wolf_C:construct fight
	Function /Game/NPOTG/Blueprints/Charaktere/wolf.wolf_C:start the fight
	Function /Game/NPOTG/Blueprints/Charaktere/wolf.wolf_C:construct fight
	Function /Game/NPOTG/Blueprints/Charaktere/wolf.wolf_C:start the fight
	Function /Game/NPOTG/Blueprints/Charaktere/wolf.wolf_C:construct fight
	Function /Game/NPOTG/Blueprints/Charaktere/wolf.wolf_C:start the fight
	Function /Game/NPOTG/Blueprints/Charaktere/wolf.wolf_C:construct fight
	Function /Game/NPOTG/Blueprints/Charaktere/wolf.wolf_C:start the fight
	Function /Game/NPOTG/Blueprints/Charaktere/wolf.wolf_C:construct fight
	Function /Game/NPOTG/Blueprints/Charaktere/wolf.wolf_C:start the fight
	Function /Game/NPOTG/Blueprints/Charaktere/wolf.wolf_C:construct fight
	Function /Game/NPOTG/Blueprints/Charaktere/wolf.wolf_C:start the fight
	Function /Game/NPOTG/Blueprints/Charaktere/wolf.wolf_C:construct fight
	Function /Game/NPOTG/Blueprints/Charaktere/wolf.wolf_C:start the fight
	Function /Game/NPOTG/Blueprints/Charaktere/wolf.wolf_C:construct fight
	Function /Game/NPOTG/Blueprints/Charaktere/wolf.wolf_C:start the fight
	Function /Game/NPOTG/Blueprints/Charaktere/wolf.wolf_C:construct fight
	Function /Game/NPOTG/Blueprints/Charaktere/wolf.wolf_C:start the fight
	Function /Game/NPOTG/Blueprints/Charaktere/wolf.wolf_C:construct fight
	Function /Game/NPOTG/Blueprints/Charaktere/wolf.wolf_C:start the fight
	Function /Game/NPOTG/Blueprints/Charaktere/wolf.wolf_C:construct fight
	Function /Game/NPOTG/Blueprints/Charaktere/wolf.wolf_C:start the fight
	Function /Game/NPOTG/Blueprints/Charaktere/wolf.wolf_C:construct fight
	Function /Game/NPOTG/Blueprints/Charaktere/wolf.wolf_C:start the fight
	Function /Game/NPOTG/Blueprints/Charaktere/wolf.wolf_C:construct fight
	Function /Game/NPOTG/Blueprints/Charaktere/wolf.wolf_C:start the fight
	Function /Game/NPOTG/Blueprints/Charaktere/wolf.wolf_C:construct fight
	Function /Game/NPOTG/Blueprints/Charaktere/wolf.wolf_C:start the fight
	Function /Game/NPOTG/Blueprints/Charaktere/wolf.wolf_C:construct fight
	Function /Game/NPOTG/Blueprints/Charaktere/wolf.wolf_C:start the fight
	Function /Game/NPOTG/Blueprints/Charaktere/wolf.wolf_C:construct fight
	Function /Game/NPOTG/Blueprints/Charaktere/wolf.wolf_C:start the fight
	Function /Game/NPOTG/Blueprints/Charaktere/wolf.wolf_C:construct fight
	Function /Game/NPOTG/Blueprints/Charaktere/wolf.wolf_C:start the fight
	Function /Game/NPOTG/Blueprints/Charaktere/wolf.wolf_C:construct fight
	Function /Game/NPOTG/Blueprints/Charaktere/wolf.wolf_C:start the fight
	Function /Game/NPOTG/Blueprints/Charaktere/wolf.wolf_C:construct fight
	Function /Game/NPOTG/Blueprints/Charaktere/wolf.wolf_C:start the fight
	Function /Game/NPOTG/Blueprints/Charaktere/wolf.wolf_C:construct fight
	Function /Game/NPOTG/Blueprints/Charaktere/wolf.wolf_C:start the fight
	Function /Game/NPOTG/Blueprints/Charaktere/wolf.wolf_C:construct fight
	Function /Game/NPOTG/Blueprints/Charaktere/wolf.wolf_C:start the fight
	Function /Game/NPOTG/Blueprints/Charaktere/wolf.wolf_C:construct fight
	Function /Game/NPOTG/Blueprints/Charaktere/wolf.wolf_C:start the fight
	Function /Game/NPOTG/Blueprints/Charaktere/wolf.wolf_C:construct fight
	Function /Game/NPOTG/Blueprints/Charaktere/wolf.wolf_C:start the fight
	Function /Game/NPOTG/Blueprints/Charaktere/wolf.wolf_C:construct fight
	Function /Game/NPOTG/Blueprints/Charaktere/wolf.wolf_C:start the fight
	Function /Game/NPOTG/Blueprints/Charaktere/wolf.wolf_C:construct fight
	Function /Game/NPOTG/Blueprints/Charaktere/wolf.wolf_C:start the fight
	Function /Game/NPOTG/Blueprints/Charaktere/wolf.wolf_C:construct fight
	Function /Game/NPOTG/Blueprints/Charaktere/wolf.wolf_C:start the fight
	Function /Game/NPOTG/Blueprints/Charaktere/wolf.wolf_C:construct fight
	Function /Game/NPOTG/Blueprints/Charaktere/wolf.wolf_C:start the fight
	Function /Game/NPOTG/Blueprints/Charaktere/wolf.wolf_C:construct fight
	Function /Game/NPOTG/Blueprints/Charaktere/wolf.wolf_C:start the fight
	Function /Game/NPOTG/Blueprints/Charaktere/wolf.wolf_C:construct fight
	Function /Game/NPOTG/Blueprints/Charaktere/wolf.wolf_C:start the fight
	Function /Game/NPOTG/Blueprints/Charaktere/wolf.wolf_C:construct fight
	Function /Game/NPOTG/Blueprints/Charaktere/wolf.wolf_C:start the fight
	Function /Game/NPOTG/Blueprints/Charaktere/wolf.wolf_C:construct fight
	Function /Game/NPOTG/Blueprints/Charaktere/wolf.wolf_C:start the fight
	Function /Game/NPOTG/Blueprints/Charaktere/wolf.wolf_C:construct fight
	Function /Game/NPOTG/Blueprints/Charaktere/wolf.wolf_C:start the fight
	Function /Game/NPOTG/Blueprints/Charaktere/wolf.wolf_C:construct fight
	Function /Game/NPOTG/Blueprints/Charaktere/wolf.wolf_C:start the fight
	Function /Game/NPOTG/Blueprints/Charaktere/wolf.wolf_C:construct fight
	Function /Game/NPOTG/Blueprints/Charaktere/wolf.wolf_C:start the fight
	Function /Game/NPOTG/Blueprints/Charaktere/wolf.wolf_C:construct fight
	Function /Game/NPOTG/Blueprints/Charaktere/wolf.wolf_C:start the fight
	Function /Game/NPOTG/Blueprints/Charaktere/wolf.wolf_C:construct fight
	Function /Game/NPOTG/Blueprints/Charaktere/wolf.wolf_C:start the fight
	Function /Game/NPOTG/Blueprints/Charaktere/wolf.wolf_C:construct fight
	Function /Game/NPOTG/Blueprints/Charaktere/wolf.wolf_C:start the fight
	Function /Game/NPOTG/Blueprints/Charaktere/wolf.wolf_C:construct fight
	Function /Game/NPOTG/Blueprints/Charaktere/wolf.wolf_C:start the fight
	Function /Game/NPOTG/Blueprints/Charaktere/wolf.wolf_C:construct fight
	Function /Game/NPOTG/Blueprints/Charaktere/wolf.wolf_C:start the fight
	Function /Game/NPOTG/Blueprints/Charaktere/wolf.wolf_C:construct fight
	Function /Game/NPOTG/Blueprints/Charaktere/wolf.wolf_C:start the fight
	Function /Game/NPOTG/Blueprints/Charaktere/wolf.wolf_C:construct fight
	Function /Game/NPOTG/Blueprints/Charaktere/wolf.wolf_C:start the fight
	Function /Game/NPOTG/Blueprints/Charaktere/wolf.wolf_C:construct fight
	Function /Game/NPOTG/Blueprints/Charaktere/wolf.wolf_C:start the fight
	Function /Game/NPOTG/Blueprints/Charaktere/wolf.wolf_C:construct fight
	Function /Game/NPOTG/Blueprints/Charaktere/wolf.wolf_C:start the fight
	Function /Game/NPOTG/Blueprints/Charaktere/wolf.wolf_C:construct fight
	Function /Game/NPOTG/Blueprints/Charaktere/wolf.wolf_C:start the fight
	Function /Game/NPOTG/Blueprints/Charaktere/wolf.wolf_C:construct fight
	Function /Game/NPOTG/Blueprints/Charaktere/wolf.wolf_C:start the fight
	Function /Game/NPOTG/Blueprints/Charaktere/wolf.wolf_C:construct fight
	Function /Game/NPOTG/Blueprints/Charaktere/wolf.wolf_C:start the fight
	Function /Game/NPOTG/Blueprints/Charaktere/wolf.wolf_C:construct fight
	Function /Game/NPOTG/Blueprints/Charaktere/wolf.wolf_C:start the fight
	Function /Game/NPOTG/Blueprints/Charaktere/wolf.wolf_C:construct fight
	Function /Game/NPOTG/Blueprints/Charaktere/wolf.wolf_C:start the fight
	Function /Game/NPOTG/Blueprints/Charaktere/wolf.wolf_C:construct fight
	Function /Game/NPOTG/Blueprints/Charaktere/wolf.wolf_C:start the fight
	Function /Game/NPOTG/Blueprints/Charaktere/wolf.wolf_C:construct fight
	Function /Game/NPOTG/Blueprints/Charaktere/wolf.wolf_C:start the fight
	Function /Game/NPOTG/Blueprints/Charaktere/wolf.wolf_C:construct fight
	Function /Game/NPOTG/Blueprints/Charaktere/wolf.wolf_C:start the fight
	Function /Game/NPOTG/Blueprints/Charaktere/wolf.wolf_C:construct fight
	Function /Game/NPOTG/Blueprints/Charaktere/wolf.wolf_C:start the fight
	Function /Game/NPOTG/Blueprints/Charaktere/wolf.wolf_C:construct fight
	Function /Game/NPOTG/Blueprints/Charaktere/wolf.wolf_C:start the fight
	Function /Game/NPOTG/Blueprints/Charaktere/wolf.wolf_C:construct fight
	Function /Game/NPOTG/Blueprints/Charaktere/wolf.wolf_C:start the fight
	Function /Game/NPOTG/Blueprints/Charaktere/wolf.wolf_C:construct fight
	Function /Game/NPOTG/Blueprints/Charaktere/wolf.wolf_C:start the fight
	Function /Game/NPOTG/Blueprints/Charaktere/wolf.wolf_C:construct fight
	Function /Game/NPOTG/Blueprints/Charaktere/wolf.wolf_C:start the fight
	Function /Game/NPOTG/Blueprints/Charaktere/wolf.wolf_C:construct fight
	Function /Game/NPOTG/Blueprints/Charaktere/wolf.wolf_C:start the fight
	Function /Game/NPOTG/Blueprints/Charaktere/wolf.wolf_C:construct fight
	Function /Game/NPOTG/Blueprints/Charaktere/wolf.wolf_C:start the fight
	Function /Game/NPOTG/Blueprints/Charaktere/wolf.wolf_C:construct fight
	Function /Game/NPOTG/Blueprints/Charaktere/wolf.wolf_C:start the fight
	Function /Game/NPOTG/Blueprints/Charaktere/wolf.wolf_C:construct fight
	Function /Game/NPOTG/Blueprints/Charaktere/wolf.wolf_C:start the fight
	Function /Game/NPOTG/Blueprints/Charaktere/wolf.wolf_C:construct fight
	Function /Game/NPOTG/Blueprints/Charaktere/wolf.wolf_C:start the fight
	Function /Game/NPOTG/Blueprints/Charaktere/wolf.wolf_C:construct fight
	Function /Game/NPOTG/Blueprints/Charaktere/wolf.wolf_C:start the fight
	Function /Game/NPOTG/Blueprints/Charaktere/wolf.wolf_C:construct fight
	Function /Game/NPOTG/Blueprints/Charaktere/wolf.wolf_C:start the fight
	Function /Game/NPOTG/Blueprints/Charaktere/wolf.wolf_C:construct fight
	Function /Game/NPOTG/Blueprints/Charaktere/wolf.wolf_C:start the fight
	Function /Game/NPOTG/Blueprints/Charaktere/wolf.wolf_C:construct fight
	Function /Game/NPOTG/Blueprints/Charaktere/wolf.wolf_C:start the fight
	Function /Game/NPOTG/Blueprints/Charaktere/wolf.wolf_C:construct fight
	Function /Game/NPOTG/Blueprints/Charaktere/wolf.wolf_C:start the fight
	Function /Game/NPOTG/Blueprints/Charaktere/wolf.wolf_C:construct fight
	Function /Game/NPOTG/Blueprints/Charaktere/wolf.wolf_C:start the fight
	Function /Game/NPOTG/Blueprints/Charaktere/wolf.wolf_C:construct fight
	Function /Game/NPOTG/Blueprints/Charaktere/wolf.wolf_C:start the fight
	Function /Game/NPOTG/Blueprints/Charaktere/wolf.wolf_C:construct fight
	Function /Game/NPOTG/Blueprints/Charaktere/wolf.wolf_C:start the fight
	Function /Game/NPOTG/Blueprints/Charaktere/wolf.wolf_C:construct fight
	Function /Game/NPOTG/Blueprints/Charaktere/wolf.wolf_C:start the fight
	Function /Game/NPOTG/Blueprints/Charaktere/wolf.wolf_C:construct fight
	Function /Game/NPOTG/Blueprints/Charaktere/wolf.wolf_C:start the fight
	Function /Game/NPOTG/Blueprints/Charaktere/wolf.wolf_C:construct fight
	Function /Game/NPOTG/Blueprints/Charaktere/wolf.wolf_C:start the fight
	Function /Game/NPOTG/Blueprints/Charaktere/wolf.wolf_C:construct fight
	Function /Game/NPOTG/Blueprints/Charaktere/wolf.wolf_C:start the fight
	Function /Game/NPOTG/Blueprints/Charaktere/wolf.wolf_C:construct fight
	Function /Game/NPOTG/Blueprints/Charaktere/wolf.wolf_C:start the fight
	Function /Game/NPOTG/Blueprints/Charaktere/wolf.wolf_C:construct fight
	Function /Game/NPOTG/Blueprints/Charaktere/wolf.wolf_C:start the fight
	Function /Game/NPOTG/Blueprints/Charaktere/wolf.wolf_C:construct fight
	Function /Game/NPOTG/Blueprints/Charaktere/wolf.wolf_C:start the fight
	Function /Game/NPOTG/Blueprints/Charaktere/wolf.wolf_C:construct fight
	Function /Game/NPOTG/Blueprints/Charaktere/wolf.wolf_C:start the fight
	Function /Game/NPOTG/Blueprints/Charaktere/wolf.wolf_C:construct fight
	Function /Game/NPOTG/Blueprints/Charaktere/wolf.wolf_C:start the fight
	Function /Game/NPOTG/Blueprints/Charaktere/wolf.wolf_C:construct fight
	Function /Game/NPOTG/Blueprints/Charaktere/wolf.wolf_C:start the fight
	Function /Game/NPOTG/Blueprints/Charaktere/wolf.wolf_C:construct fight
	Function /Game/NPOTG/Blueprints/Charaktere/wolf.wolf_C:start the fight
	Function /Game/NPOTG/Blueprints/Charaktere/wolf.wolf_C:construct fight
	Function /Game/NPOTG/Blueprints/Charaktere/wolf.wolf_C:start the fight
	Function /Game/NPOTG/Blueprints/Charaktere/wolf.wolf_C:construct fight
	Function /Game/NPOTG/Blueprints/Charaktere/wolf.wolf_C:start the fight
	Function /Game/NPOTG/Blueprints/Charaktere/wolf.wolf_C:construct fight
	Function /Game/NPOTG/Blueprints/Charaktere/wolf.wolf_C:start the fight
	Function /Game/NPOTG/Blueprints/Charaktere/wolf.wolf_C:construct fight
	Function /Game/NPOTG/Blueprints/Charaktere/wolf.wolf_C:start the fight
	Function /Game/NPOTG/Blueprints/Charaktere/wolf.wolf_C:construct fight
	Function /Game/NPOTG/Blueprints/Charaktere/wolf.wolf_C:start the fight
	Function /Game/NPOTG/Blueprints/Charaktere/wolf.wolf_C:construct fight
	Function /Game/NPOTG/Blueprints/Charaktere/wolf.wolf_C:start the fight
	Function /Game/NPOTG/Blueprints/Charaktere/wolf.wolf_C:construct fight
	Function /Game/NPOTG/Blueprints/Charaktere/wolf.wolf_C:start the fight
	Function /Game/NPOTG/Blueprints/Charaktere/wolf.wolf_C:construct fight
	Function /Game/NPOTG/Blueprints/Charaktere/wolf.wolf_C:start the fight
	Function /Game/NPOTG/Blueprints/Charaktere/wolf.wolf_C:construct fight
	Function /Game/NPOTG/Blueprints/Charaktere/wolf.wolf_C:start the fight
	Function /Game/NPOTG/Blueprints/Charaktere/wolf.wolf_C:construct fight
	Function /Game/NPOTG/Blueprints/Charaktere/wolf.wolf_C:start the fight
	Function /Game/NPOTG/Blueprints/Charaktere/wolf.wolf_C:construct fight
	Function /Game/NPOTG/Blueprints/Charaktere/wolf.wolf_C:start the fight
	Function /Game/NPOTG/Blueprints/Charaktere/wolf.wolf_C:construct fight
	Function /Game/NPOTG/Blueprints/Charaktere/wolf.wolf_C:start the fight
	Function /Game/NPOTG/Blueprints/Charaktere/wolf.wolf_C:construct fight
	Function /Game/NPOTG/Blueprints/Charaktere/wolf.wolf_C:start the fight
	Function /Game/NPOTG/Blueprints/Charaktere/wolf.wolf_C:construct fight
	Function /Game/NPOTG/Blueprints/Charaktere/wolf.wolf_C:start the fight
	Function /Game/NPOTG/Blueprints/Charaktere/wolf.wolf_C:construct fight
	Function /Game/NPOTG/Blueprints/Charaktere/wolf.wolf_C:start the fight
	Function /Game/NPOTG/Blueprints/Charaktere/wolf.wolf_C:construct fight
	Function /Game/NPOTG/Blueprints/Charaktere/wolf.wolf_C:start the fight
	Function /Game/NPOTG/Blueprints/Charaktere/wolf.wolf_C:construct fight
	Function /Game/NPOTG/Blueprints/Charaktere/wolf.wolf_C:start the fight
	Function /Game/NPOTG/Blueprints/Charaktere/wolf.wolf_C:construct fight
	Function /Game/NPOTG/Blueprints/Charaktere/wolf.wolf_C:start the fight
	Function /Game/NPOTG/Blueprints/Charaktere/wolf.wolf_C:construct fight
	Function /Game/NPOTG/Blueprints/Charaktere/wolf.wolf_C:start the fight
	Function /Game/NPOTG/Blueprints/Charaktere/wolf.wolf_C:construct fight
	Function /Game/NPOTG/Blueprints/Charaktere/wolf.wolf_C:start the fight
	Function /Game/NPOTG/Blueprints/Charaktere/wolf.wolf_C:construct fight
	Function /Game/NPOTG/Blueprints/Charaktere/wolf.wolf_C:start the fight
	Function /Game/NPOTG/Blueprints/Charaktere/wolf.wolf_C:construct fight
	Function /Game/NPOTG/Blueprints/Charaktere/wolf.wolf_C:start the fight
	Function /Game/NPOTG/Blueprints/Charaktere/wolf.wolf_C:construct fight
	Function /Game/NPOTG/Blueprints/Charaktere/wolf.wolf_C:start the fight
	Function /Game/NPOTG/Blueprints/Charaktere/wolf.wolf_C:construct fight
	Function /Game/NPOTG/Blueprints/Charaktere/wolf.wolf_C:start the fight
	Function /Game/NPOTG/Blueprints/Charaktere/wolf.wolf_C:construct fight

[2015.09.23-17.25.40:286][103]LogScript:Warning: Infinite script recursion (250 calls) detected
	wolf_C /Temp/Autosaves/Game/NPOTG/Maps/UEDPCTesting_Level.Testing_Level:PersistentLevel.wolf_C_13
	Function /Game/NPOTG/Blueprints/Charaktere/wolf.wolf_C:construct fight:0000
[2015.09.23-17.25.40:299][104]LogBlueprintUserMessages: 9.838709
[2015.09.23-17.25.40:299][104]LogBlueprintUserMessages: PRINT
[2015.09.23-17.25.40:316][105]LogBlueprintUserMessages: 9.758063
[2015.09.23-17.25.40:316][105]LogBlueprintUserMessages: PRINT
[2015.09.23-17.25.40:331][106]LogBlueprintUserMessages: 9.677418
[2015.09.23-17.25.40:331][106]LogBlueprintUserMessages: PRINT
[2015.09.23-17.25.40:347][107]LogBlueprintUserMessages: 9.596772
[2015.09.23-17.25.40:347][107]LogBlueprintUserMessages: PRINT
[2015.09.23-17.25.40:364][108]LogBlueprintUserMessages: 9.516127
[2015.09.23-17.25.40:364][108]LogBlueprintUserMessages: PRINT
[2015.09.23-17.25.40:380][109]LogBlueprintUserMessages: 9.435481
[2015.09.23-17.25.40:380][109]LogBlueprintUserMessages: PRINT
[2015.09.23-17.25.40:396][110]LogBlueprintUserMessages: 9.354836
[2015.09.23-17.25.40:396][110]LogBlueprintUserMessages: PRINT
[2015.09.23-17.25.40:412][111]LogBlueprintUserMessages: 9.27419
[2015.09.23-17.25.40:412][111]LogBlueprintUserMessages: PRINT
[2015.09.23-17.25.40:428][112]LogBlueprintUserMessages: 9.193544
[2015.09.23-17.25.40:428][112]LogBlueprintUserMessages: PRINT
[2015.09.23-17.25.40:445][113]LogBlueprintUserMessages: 9.112899
[2015.09.23-17.25.40:445][113]LogBlueprintUserMessages: PRINT
[2015.09.23-17.25.40:460][114]LogBlueprintUserMessages: 9.032253
[2015.09.23-17.25.40:461][114]LogBlueprintUserMessages: PRINT
[2015.09.23-17.25.40:477][115]LogBlueprintUserMessages: 8.951608
[2015.09.23-17.25.40:477][115]LogBlueprintUserMessages: PRINT
[2015.09.23-17.25.40:493][116]LogBlueprintUserMessages: 8.870962
[2015.09.23-17.25.40:493][116]LogBlueprintUserMessages: PRINT
[2015.09.23-17.25.40:509][117]LogBlueprintUserMessages: 8.790317
[2015.09.23-17.25.40:509][117]LogBlueprintUserMessages: PRINT
[2015.09.23-17.25.40:525][118]LogBlueprintUserMessages: 8.709671
[2015.09.23-17.25.40:525][118]LogBlueprintUserMessages: PRINT
[2015.09.23-17.25.40:542][119]LogBlueprintUserMessages: 8.629025
[2015.09.23-17.25.40:542][119]LogBlueprintUserMessages: PRINT
[2015.09.23-17.25.40:558][120]LogBlueprintUserMessages: 8.54838
[2015.09.23-17.25.40:558][120]LogBlueprintUserMessages: PRINT
[2015.09.23-17.25.40:574][121]LogBlueprintUserMessages: 8.467734
[2015.09.23-17.25.40:574][121]LogBlueprintUserMessages: PRINT
[2015.09.23-17.25.40:589][122]LogBlueprintUserMessages: 8.387089
[2015.09.23-17.25.40:589][122]LogBlueprintUserMessages: PRINT
[2015.09.23-17.25.40:605][123]LogBlueprintUserMessages: 8.306443
[2015.09.23-17.25.40:605][123]LogBlueprintUserMessages: PRINT
[2015.09.23-17.25.40:621][124]LogBlueprintUserMessages: 8.225798
[2015.09.23-17.25.40:621][124]LogBlueprintUserMessages: PRINT
[2015.09.23-17.25.40:637][125]LogBlueprintUserMessages: 8.145152
[2015.09.23-17.25.40:637][125]LogBlueprintUserMessages: PRINT
[2015.09.23-17.25.40:654][126]LogBlueprintUserMessages: 8.064507
[2015.09.23-17.25.40:654][126]LogBlueprintUserMessages: PRINT
[2015.09.23-17.25.40:670][127]LogBlueprintUserMessages: 7.98386
[2015.09.23-17.25.40:670][127]LogBlueprintUserMessages: PRINT
[2015.09.23-17.25.40:686][128]LogBlueprintUserMessages: 7.903214
[2015.09.23-17.25.40:686][128]LogBlueprintUserMessages: PRINT
[2015.09.23-17.25.40:702][129]LogBlueprintUserMessages: 7.822568
[2015.09.23-17.25.40:702][129]LogBlueprintUserMessages: PRINT
[2015.09.23-17.25.40:718][130]LogBlueprintUserMessages: 7.741922
[2015.09.23-17.25.40:718][130]LogBlueprintUserMessages: PRINT
[2015.09.23-17.25.40:734][131]LogBlueprintUserMessages: 7.661276
[2015.09.23-17.25.40:734][131]LogBlueprintUserMessages: PRINT
[2015.09.23-17.25.40:750][132]LogBlueprintUserMessages: 7.58063
[2015.09.23-17.25.40:750][132]LogBlueprintUserMessages: PRINT
[2015.09.23-17.25.40:766][133]LogBlueprintUserMessages: 7.499984
[2015.09.23-17.25.40:767][133]LogBlueprintUserMessages: PRINT
[2015.09.23-17.25.40:783][134]LogBlueprintUserMessages: 7.419338
[2015.09.23-17.25.40:783][134]LogBlueprintUserMessages: PRINT
[2015.09.23-17.25.40:799][135]LogBlueprintUserMessages: 7.338692
[2015.09.23-17.25.40:799][135]LogBlueprintUserMessages: PRINT
[2015.09.23-17.25.40:815][136]LogBlueprintUserMessages: 7.258046
[2015.09.23-17.25.40:815][136]LogBlueprintUserMessages: PRINT
[2015.09.23-17.25.40:831][137]LogBlueprintUserMessages: 7.1774
[2015.09.23-17.25.40:831][137]LogBlueprintUserMessages: PRINT
[2015.09.23-17.25.40:847][138]LogBlueprintUserMessages: 7.096754
[2015.09.23-17.25.40:847][138]LogBlueprintUserMessages: PRINT
[2015.09.23-17.25.40:863][139]LogBlueprintUserMessages: 7.016108
[2015.09.23-17.25.40:863][139]LogBlueprintUserMessages: PRINT
[2015.09.23-17.25.40:879][140]LogBlueprintUserMessages: 6.935462
[2015.09.23-17.25.40:879][140]LogBlueprintUserMessages: PRINT
[2015.09.23-17.25.40:896][141]LogBlueprintUserMessages: 6.854816
[2015.09.23-17.25.40:896][141]LogBlueprintUserMessages: PRINT
[2015.09.23-17.25.40:912][142]LogBlueprintUserMessages: 6.77417
[2015.09.23-17.25.40:912][142]LogBlueprintUserMessages: PRINT
[2015.09.23-17.25.40:928][143]LogBlueprintUserMessages: 6.693524
[2015.09.23-17.25.40:928][143]LogBlueprintUserMessages: PRINT
[2015.09.23-17.25.40:945][144]LogBlueprintUserMessages: 6.612878
[2015.09.23-17.25.40:945][144]LogBlueprintUserMessages: PRINT
[2015.09.23-17.25.40:961][145]LogBlueprintUserMessages: 6.532232
[2015.09.23-17.25.40:961][145]LogBlueprintUserMessages: PRINT
[2015.09.23-17.25.40:977][146]LogBlueprintUserMessages: 6.451586
[2015.09.23-17.25.40:977][146]LogBlueprintUserMessages: PRINT
[2015.09.23-17.25.40:993][147]LogBlueprintUserMessages: 6.37094
[2015.09.23-17.25.40:993][147]LogBlueprintUserMessages: PRINT
[2015.09.23-17.25.41:009][148]LogBlueprintUserMessages: 6.290294
[2015.09.23-17.25.41:009][148]LogBlueprintUserMessages: PRINT
[2015.09.23-17.25.41:025][149]LogBlueprintUserMessages: 6.209648
[2015.09.23-17.25.41:025][149]LogBlueprintUserMessages: PRINT
[2015.09.23-17.25.41:041][150]LogBlueprintUserMessages: 6.129002
[2015.09.23-17.25.41:041][150]LogBlueprintUserMessages: PRINT
[2015.09.23-17.25.41:057][151]LogBlueprintUserMessages: 6.048356
[2015.09.23-17.25.41:057][151]LogBlueprintUserMessages: PRINT
[2015.09.23-17.25.41:073][152]LogBlueprintUserMessages: 5.96771
[2015.09.23-17.25.41:074][152]LogBlueprintUserMessages: PRINT
[2015.09.23-17.25.41:090][153]LogBlueprintUserMessages: 5.887064
[2015.09.23-17.25.41:090][153]LogBlueprintUserMessages: PRINT
[2015.09.23-17.25.41:105][154]LogBlueprintUserMessages: 5.806417
[2015.09.23-17.25.41:105][154]LogBlueprintUserMessages: PRINT
[2015.09.23-17.25.41:122][155]LogBlueprintUserMessages: 5.725771
[2015.09.23-17.25.41:122][155]LogBlueprintUserMessages: PRINT
[2015.09.23-17.25.41:138][156]LogBlueprintUserMessages: 5.645125
[2015.09.23-17.25.41:138][156]LogBlueprintUserMessages: PRINT
[2015.09.23-17.25.41:154][157]LogBlueprintUserMessages: 5.564479
[2015.09.23-17.25.41:154][157]LogBlueprintUserMessages: PRINT
[2015.09.23-17.25.41:170][158]LogBlueprintUserMessages: 5.483833
[2015.09.23-17.25.41:170][158]LogBlueprintUserMessages: PRINT
[2015.09.23-17.25.41:186][159]LogBlueprintUserMessages: 5.403187
[2015.09.23-17.25.41:186][159]LogBlueprintUserMessages: PRINT
[2015.09.23-17.25.41:202][160]LogBlueprintUserMessages: 5.322541
[2015.09.23-17.25.41:202][160]LogBlueprintUserMessages: PRINT
[2015.09.23-17.25.41:218][161]LogBlueprintUserMessages: 5.241895
[2015.09.23-17.25.41:218][161]LogBlueprintUserMessages: PRINT
[2015.09.23-17.25.41:234][162]LogBlueprintUserMessages: 5.161249
[2015.09.23-17.25.41:235][162]LogBlueprintUserMessages: PRINT
[2015.09.23-17.25.41:250][163]LogBlueprintUserMessages: 5.080603
[2015.09.23-17.25.41:250][163]LogBlueprintUserMessages: PRINT
[2015.09.23-17.25.41:267][164]LogBlueprintUserMessages: 4.999957
[2015.09.23-17.25.41:267][164]LogBlueprintUserMessages: PRINT
[2015.09.23-17.25.41:283][165]LogBlueprintUserMessages: 4.919311
[2015.09.23-17.25.41:283][165]LogBlueprintUserMessages: PRINT
[2015.09.23-17.25.41:299][166]LogBlueprintUserMessages: 4.838665
[2015.09.23-17.25.41:299][166]LogBlueprintUserMessages: PRINT
[2015.09.23-17.25.41:315][167]LogBlueprintUserMessages: 4.758019
[2015.09.23-17.25.41:315][167]LogBlueprintUserMessages: PRINT
[2015.09.23-17.25.41:331][168]LogBlueprintUserMessages: 4.677373
[2015.09.23-17.25.41:331][168]LogBlueprintUserMessages: PRINT
[2015.09.23-17.25.41:347][169]LogBlueprintUserMessages: 4.596727
[2015.09.23-17.25.41:348][169]LogBlueprintUserMessages: PRINT
[2015.09.23-17.25.41:364][170]LogBlueprintUserMessages: 4.516081
[2015.09.23-17.25.41:364][170]LogBlueprintUserMessages: PRINT
[2015.09.23-17.25.41:380][171]LogBlueprintUserMessages: 4.435435
[2015.09.23-17.25.41:380][171]LogBlueprintUserMessages: PRINT
[2015.09.23-17.25.41:396][172]LogBlueprintUserMessages: 4.354789
[2015.09.23-17.25.41:396][172]LogBlueprintUserMessages: PRINT
[2015.09.23-17.25.41:412][173]LogBlueprintUserMessages: 4.274143
[2015.09.23-17.25.41:412][173]LogBlueprintUserMessages: PRINT
[2015.09.23-17.25.41:428][174]LogBlueprintUserMessages: 4.193497
[2015.09.23-17.25.41:428][174]LogBlueprintUserMessages: PRINT
[2015.09.23-17.25.41:444][175]LogBlueprintUserMessages: 4.112851
[2015.09.23-17.25.41:444][175]LogBlueprintUserMessages: PRINT
[2015.09.23-17.25.41:460][176]LogBlueprintUserMessages: 4.032205
[2015.09.23-17.25.41:460][176]LogBlueprintUserMessages: PRINT
[2015.09.23-17.25.41:476][177]LogBlueprintUserMessages: 3.951559
[2015.09.23-17.25.41:476][177]LogBlueprintUserMessages: PRINT
[2015.09.23-17.25.41:492][178]LogBlueprintUserMessages: 3.870913
[2015.09.23-17.25.41:492][178]LogBlueprintUserMessages: PRINT
[2015.09.23-17.25.41:509][179]LogBlueprintUserMessages: 3.790267
[2015.09.23-17.25.41:509][179]LogBlueprintUserMessages: PRINT
[2015.09.23-17.25.41:525][180]LogBlueprintUserMessages: 3.709621
[2015.09.23-17.25.41:525][180]LogBlueprintUserMessages: PRINT
[2015.09.23-17.25.41:541][181]LogBlueprintUserMessages: 3.628976
[2015.09.23-17.25.41:541][181]LogBlueprintUserMessages: PRINT
[2015.09.23-17.25.41:557][182]LogBlueprintUserMessages: 3.54833
[2015.09.23-17.25.41:557][182]LogBlueprintUserMessages: PRINT
[2015.09.23-17.25.41:573][183]LogBlueprintUserMessages: 3.467684
[2015.09.23-17.25.41:573][183]LogBlueprintUserMessages: PRINT
[2015.09.23-17.25.41:589][184]LogBlueprintUserMessages: 3.387038
[2015.09.23-17.25.41:589][184]LogBlueprintUserMessages: PRINT
[2015.09.23-17.25.41:605][185]LogBlueprintUserMessages: 3.306392
[2015.09.23-17.25.41:606][185]LogBlueprintUserMessages: PRINT
[2015.09.23-17.25.41:622][186]LogBlueprintUserMessages: 3.225747
[2015.09.23-17.25.41:622][186]LogBlueprintUserMessages: PRINT
[2015.09.23-17.25.41:638][187]LogBlueprintUserMessages: 3.145101
[2015.09.23-17.25.41:638][187]LogBlueprintUserMessages: PRINT
[2015.09.23-17.25.41:654][188]LogBlueprintUserMessages: 3.064455
[2015.09.23-17.25.41:654][188]LogBlueprintUserMessages: PRINT
[2015.09.23-17.25.41:670][189]LogBlueprintUserMessages: 2.983809
[2015.09.23-17.25.41:670][189]LogBlueprintUserMessages: PRINT
[2015.09.23-17.25.41:687][190]LogBlueprintUserMessages: 2.903163
[2015.09.23-17.25.41:687][190]LogBlueprintUserMessages: PRINT
[2015.09.23-17.25.41:702][191]LogBlueprintUserMessages: zukasdfuikfsfgiHFIGASIDILUgqregfFEWERFARG
[2015.09.23-17.25.41:702][191]Closing by request
[2015.09.23-17.25.41:702][191]LogWindows: FPlatformMisc::RequestExit(0)
[2015.09.23-17.25.42:085][192]LogWindowsTextInputMethodSystem:Display: IME system now deactivated.
[2015.09.23-17.25.42:086][192]LogWindowsTextInputMethodSystem:Display: IME system now deactivated.
[2015.09.23-17.25.42:093][192]LogExit: Preparing to exit.
[2015.09.23-17.25.42:135][192]LogExit: Game engine shut down
[2015.09.23-17.25.42:139][192]LogParticles: Destroying 0 GPU particle simulations for FXSystem 0x000000673014A8E0
[2015.09.23-17.25.42:251][192]LogExit: Object subsystem successfully closed.
[2015.09.23-17.25.42:263][192]LogD3D11RHI: Shutdown
[2015.09.23-17.25.42:263][192]LogD3D11RHI: CleanupD3DDevice
[2015.09.23-17.25.42:370][192]LogD3D11RHI: ~FD3D11DynamicRHI
[2015.09.23-17.25.42:382][192]LogModuleManager: Shutting down and abandoning module AndroidDeviceDetection (109)
[2015.09.23-17.25.42:863][192]LogModuleManager: Shutting down and abandoning module AutomationWorker (108)
[2015.09.23-17.25.42:863][192]LogModuleManager: Shutting down and abandoning module CharacterAI (107)
[2015.09.23-17.25.42:863][192]LogModuleManager: Shutting down and abandoning module AITestSuite (106)
[2015.09.23-17.25.42:863][192]LogModuleManager: Shutting down and abandoning module GameplayDebugger (105)
[2015.09.23-17.25.42:863][192]LogModuleManager: Shutting down and abandoning module AIModule (104)
[2015.09.23-17.25.42:863][192]LogModuleManager: Shutting down and abandoning module GameLiveStreaming (103)
[2015.09.23-17.25.42:863][192]LogModuleManager: Shutting down and abandoning module StreamingPauseRendering (102)
[2015.09.23-17.25.42:863][192]LogModuleManager: Shutting down and abandoning module ProfilerService (101)
[2015.09.23-17.25.43:093][192]LogModuleManager: Shutting down and abandoning module TaskGraph (100)
[2015.09.23-17.25.43:093][192]LogModuleManager: Shutting down and abandoning module SlateRemote (99)
[2015.09.23-17.25.43:093][192]LogModuleManager: Shutting down and abandoning module SteamVRController (98)
[2015.09.23-17.25.43:093][192]LogModuleManager: Shutting down and abandoning module SteamVR (97)
[2015.09.23-17.25.43:093][192]LogModuleManager: Shutting down and abandoning module ProceduralMeshComponent (96)
[2015.09.23-17.25.43:093][192]LogModuleManager: Shutting down and abandoning module OculusRift (95)
[2015.09.23-17.25.43:093][192]LogModuleManager: Shutting down and abandoning module LeapMotionController (94)
[2015.09.23-17.25.43:100][192]LogModuleManager: Shutting down and abandoning module CustomMeshComponent (93)
[2015.09.23-17.25.43:100][192]LogModuleManager: Shutting down and abandoning module CableComponent (92)
[2015.09.23-17.25.43:100][192]LogModuleManager: Shutting down and abandoning module DesktopPlatform (91)
[2015.09.23-17.25.43:100][192]LogModuleManager: Shutting down and abandoning module DirectoryWatcher (90)
[2015.09.23-17.25.43:100][192]LogModuleManager: Shutting down and abandoning module HotReload (89)
[2015.09.23-17.25.43:100][192]LogModuleManager: Shutting down and abandoning module VisualStudioSourceCodeAccess (88)
[2015.09.23-17.25.43:100][192]LogModuleManager: Shutting down and abandoning module UObjectPlugin (87)
[2015.09.23-17.25.43:100][192]LogModuleManager: Shutting down and abandoning module SubversionSourceControl (86)
[2015.09.23-17.25.43:100][192]LogModuleManager: Shutting down and abandoning module SourceControl (85)
[2015.09.23-17.25.43:100][192]LogModuleManager: Shutting down and abandoning module PerforceSourceControl (84)
[2015.09.23-17.25.43:100][192]LogModuleManager: Shutting down and abandoning module BlankPlugin (83)
[2015.09.23-17.25.43:100][192]LogModuleManager: Shutting down and abandoning module UdpMessaging (82)
[2015.09.23-17.25.43:100][192]LogModuleManager: Shutting down and abandoning module AssetRegistry (81)
[2015.09.23-17.25.43:101][192]LogModuleManager: Shutting down and abandoning module SubstanceCore (80)
[2015.09.23-17.25.43:101][192]LogModuleManager: Shutting down and abandoning module Paper2D (79)
[2015.09.23-17.25.43:101][192]LogModuleManager: Shutting down and abandoning module WindowsMoviePlayer (78)
[2015.09.23-17.25.43:103][192]LogModuleManager: Shutting down and abandoning module Media (77)
[2015.09.23-17.25.43:103][192]LogModuleManager: Shutting down and abandoning module WmfMedia (76)
[2015.09.23-17.25.43:103][192]LogModuleManager: Shutting down and abandoning module OnlineBlueprintSupport (75)
[2015.09.23-17.25.43:103][192]LogModuleManager: Shutting down and abandoning module PropertyEditor (74)
[2015.09.23-17.25.43:103][192]LogModuleManager: Shutting down and abandoning module BehaviorTreeEditor (73)
[2015.09.23-17.25.43:103][192]LogModuleManager: Shutting down and abandoning module FunctionalTesting (72)
[2015.09.23-17.25.43:103][192]LogModuleManager: Shutting down and abandoning module CollisionAnalyzer (71)
[2015.09.23-17.25.43:103][192]LogModuleManager: Shutting down and abandoning module WorkspaceMenuStructure (70)
[2015.09.23-17.25.43:103][192]LogModuleManager: Shutting down and abandoning module MessageLog (69)
[2015.09.23-17.25.43:103][192]LogModuleManager: Shutting down and abandoning module Sequencer (68)
[2015.09.23-17.25.43:103][192]LogModuleManager: Shutting down and abandoning module AssetTools (67)
[2015.09.23-17.25.43:103][192]LogModuleManager: Shutting down and abandoning module UMGEditor (66)
[2015.09.23-17.25.43:103][192]LogModuleManager: Shutting down and abandoning module UMG (65)
[2015.09.23-17.25.43:103][192]LogModuleManager: Shutting down and abandoning module Slate (64)
[2015.09.23-17.25.43:103][192]LogModuleManager: Shutting down and abandoning module EditorStyle (63)
[2015.09.23-17.25.43:105][192]LogModuleManager: Shutting down and abandoning module SessionServices (62)
[2015.09.23-17.25.43:105][192]LogModuleManager: Shutting down and abandoning module SourceCodeAccess (61)
[2015.09.23-17.25.43:105][192]LogModuleManager: Shutting down and abandoning module HeadMountedDisplay (60)
[2015.09.23-17.25.43:105][192]LogModuleManager: Shutting down and abandoning module XAudio2 (59)
[2015.09.23-17.25.43:105][192]LogModuleManager: Shutting down and abandoning module Networking (57)
[2015.09.23-17.25.43:105][192]LogModuleManager: Shutting down and abandoning module Core (56)
[2015.09.23-17.25.43:105][192]LogModuleManager: Shutting down and abandoning module KismetCompiler (55)
[2015.09.23-17.25.43:105][192]LogModuleManager: Shutting down and abandoning module PhysXFormats (54)
[2015.09.23-17.25.43:105][192]LogModuleManager: Shutting down and abandoning module MeshUtilities (53)
[2015.09.23-17.25.43:105][192]LogModuleManager: Shutting down and abandoning module DerivedDataCache (52)
[2015.09.23-17.25.43:551][192]LogDerivedDataCache: Shutdown
[2015.09.23-17.25.43:551][192]LogModuleManager: Shutting down and abandoning module ShaderFormatOpenGL (51)
[2015.09.23-17.25.43:551][192]LogModuleManager: Shutting down and abandoning module ShaderFormatD3D (50)
[2015.09.23-17.25.43:551][192]LogModuleManager: Shutting down and abandoning module MetalShaderFormat (49)
[2015.09.23-17.25.43:551][192]LogModuleManager: Shutting down and abandoning module TextureFormatUncompressed (48)
[2015.09.23-17.25.43:551][192]LogModuleManager: Shutting down and abandoning module TextureFormatPVR (47)
[2015.09.23-17.25.43:551][192]LogModuleManager: Shutting down and abandoning module TextureFormatIntelISPCTexComp (46)
[2015.09.23-17.25.43:551][192]LogModuleManager: Shutting down and abandoning module TextureFormatDXT (45)
[2015.09.23-17.25.43:551][192]LogModuleManager: Shutting down and abandoning module ImageWrapper (44)
[2015.09.23-17.25.43:551][192]LogModuleManager: Shutting down and abandoning module TextureFormatASTC (43)
[2015.09.23-17.25.43:551][192]LogModuleManager: Shutting down and abandoning module TextureFormatAndroid (42)
[2015.09.23-17.25.43:551][192]LogModuleManager: Shutting down and abandoning module AudioFormatOpus (41)
[2015.09.23-17.25.43:551][192]LogModuleManager: Shutting down and abandoning module AudioFormatOgg (40)
[2015.09.23-17.25.43:551][192]LogModuleManager: Shutting down and abandoning module AudioFormatADPCM (39)
[2015.09.23-17.25.43:551][192]LogModuleManager: Shutting down and abandoning module LinuxTargetPlatform (38)
[2015.09.23-17.25.43:551][192]LogModuleManager: Shutting down and abandoning module LinuxServerTargetPlatform (37)
[2015.09.23-17.25.43:551][192]LogModuleManager: Shutting down and abandoning module LinuxNoEditorTargetPlatform (36)
[2015.09.23-17.25.43:551][192]LogModuleManager: Shutting down and abandoning module Messaging (35)
[2015.09.23-17.25.43:551][192]LogModuleManager: Shutting down and abandoning module IOSTargetPlatform (34)
[2015.09.23-17.25.43:551][192]LogModuleManager: Shutting down and abandoning module HTML5TargetPlatform (33)
[2015.09.23-17.25.43:551][192]LogModuleManager: Shutting down and abandoning module Android_PVRTCTargetPlatform (32)
[2015.09.23-17.25.43:551][192]LogModuleManager: Shutting down and abandoning module Android_ETC2TargetPlatform (31)
[2015.09.23-17.25.43:551][192]LogModuleManager: Shutting down and abandoning module Android_ETC1TargetPlatform (30)
[2015.09.23-17.25.43:551][192]LogModuleManager: Shutting down and abandoning module Android_DXTTargetPlatform (29)
[2015.09.23-17.25.43:551][192]LogModuleManager: Shutting down and abandoning module Android_ATCTargetPlatform (28)
[2015.09.23-17.25.43:551][192]LogModuleManager: Shutting down and abandoning module Android_ASTCTargetPlatform (27)
[2015.09.23-17.25.43:551][192]LogModuleManager: Shutting down and abandoning module AndroidTargetPlatform (26)
[2015.09.23-17.25.43:551][192]LogModuleManager: Shutting down and abandoning module WindowsTargetPlatform (25)
[2015.09.23-17.25.43:551][192]LogModuleManager: Shutting down and abandoning module WindowsServerTargetPlatform (24)
[2015.09.23-17.25.43:551][192]LogModuleManager: Shutting down and abandoning module WindowsNoEditorTargetPlatform (23)
[2015.09.23-17.25.43:551][192]LogModuleManager: Shutting down and abandoning module WindowsClientTargetPlatform (22)
[2015.09.23-17.25.43:551][192]LogModuleManager: Shutting down and abandoning module DesktopTargetPlatform (21)
[2015.09.23-17.25.43:551][192]LogModuleManager: Shutting down and abandoning module TargetPlatform (20)
[2015.09.23-17.25.43:551][192]LogModuleManager: Shutting down and abandoning module InputCore (19)
[2015.09.23-17.25.43:551][192]LogModuleManager: Shutting down and abandoning module Settings (18)
[2015.09.23-17.25.43:551][192]LogModuleManager: Shutting down and abandoning module OnlineSubsystem (16)
[2015.09.23-17.25.43:551][192]LogModuleManager: Shutting down and abandoning module HTTP (15)
[2015.09.23-17.25.43:551][192]LogModuleManager: Shutting down and abandoning module ExampleDeviceProfileSelector (14)
[2015.09.23-17.25.43:551][192]LogModuleManager: Shutting down and abandoning module TextureCompressor (13)
[2015.09.23-17.25.43:551][192]LogModuleManager: Shutting down and abandoning module ShaderCore (12)
[2015.09.23-17.25.43:551][192]LogModuleManager: Shutting down and abandoning module Landscape (11)
[2015.09.23-17.25.43:551][192]LogModuleManager: Shutting down and abandoning module SlateRHIRenderer (10)
[2015.09.23-17.25.43:552][192]LogModuleManager: Shutting down and abandoning module OpenGLDrv (9)
[2015.09.23-17.25.43:552][192]LogModuleManager: Shutting down and abandoning module D3D11RHI (8)
[2015.09.23-17.25.43:552][192]LogModuleManager: Shutting down and abandoning module Renderer (7)
[2015.09.23-17.25.43:552][192]LogModuleManager: Shutting down and abandoning module Engine (6)
[2015.09.23-17.25.43:552][192]LogModuleManager: Shutting down and abandoning module CoreUObject (5)
[2015.09.23-17.25.43:552][192]LogModuleManager: Shutting down and abandoning module NetworkFile (4)
[2015.09.23-17.25.43:552][192]LogModuleManager: Shutting down and abandoning module StreamingFile (3)
[2015.09.23-17.25.43:552][192]LogModuleManager: Shutting down and abandoning module SandboxFile (2)
[2015.09.23-17.25.43:552][192]LogModuleManager: Shutting down and abandoning module PakFile (1)
[2015.09.23-17.25.43:553][192]LogExit: Exiting.
[2015.09.23-17.25.43:554][192]Log file closed, 09/23/15 19:25:43
