[2015.08.30-20.59.53:591][  0]Log file open, 08/30/15 22:59:53
[2015.08.30-20.59.53:591][  0]LogInit:Display: Running engine for game: NotPartofGame
[2015.08.30-20.59.53:591][  0]LogInit:Display: RandInit(1228187458) SRandInit(1228187458).
[2015.08.30-20.59.53:591][  0]LogTaskGraph: Started task graph with 4 named threads and 7 total threads.
[2015.08.30-20.59.53:591][  0]LogStats: Stats thread started
[2015.08.30-20.59.53:591][  0]LogInit: Version: 4.8.3-2634408+++depot+UE4-Releases+4.8
[2015.08.30-20.59.53:591][  0]LogInit: API Version: 2579680
[2015.08.30-20.59.53:591][  0]LogInit: Compiled (64-bit): Jul 27 2015 16:24:33
[2015.08.30-20.59.53:591][  0]LogInit: Compiled with Visual C++: 18.00.21005.01
[2015.08.30-20.59.53:591][  0]LogInit: Build Configuration: Development
[2015.08.30-20.59.53:591][  0]LogInit: Branch Name: ++depot+UE4-Releases+4.8
[2015.08.30-20.59.53:592][  0]LogInit: Command line:  /Temp/Autosaves/Game/NPOTG/Maps/UEDPCTesting_Level -game -PIEVIACONSOLE -ResX=1280 -ResY=720  -Multiprocess 
[2015.08.30-20.59.53:592][  0]LogInit: Base directory: C:/Users/Bodoo/Documents/Programmieren/4.8/Engine/Binaries/Win64/
[2015.08.30-20.59.53:592][  0]LogInit: Rocket: 1
[2015.08.30-20.59.53:614][  0]LogInit: Using libcurl 7.41.0
[2015.08.30-20.59.53:614][  0]LogInit:  - built for x86_64-pc-win32
[2015.08.30-20.59.53:614][  0]LogInit:  - supports SSL with WinSSL
[2015.08.30-20.59.53:614][  0]LogInit:  - other features:
[2015.08.30-20.59.53:614][  0]LogInit:      CURL_VERSION_SSL
[2015.08.30-20.59.53:614][  0]LogInit:      CURL_VERSION_IPV6
[2015.08.30-20.59.53:614][  0]LogInit:      CURL_VERSION_ASYNCHDNS
[2015.08.30-20.59.53:614][  0]LogInit:      CURL_VERSION_LARGEFILE
[2015.08.30-20.59.53:614][  0]LogInit:      CURL_VERSION_IDN
[2015.08.30-20.59.53:614][  0]LogInit:  CurlRequestOptions (configurable via config and command line):
[2015.08.30-20.59.53:615][  0]LogInit:  - bVerifyPeer = true  - Libcurl will verify peer certificate
[2015.08.30-20.59.53:615][  0]LogInit:  - bUseHttpProxy = false  - Libcurl will NOT use HTTP proxy
[2015.08.30-20.59.53:615][  0]LogInit:  - bDontReuseConnections = false  - Libcurl will reuse connections
[2015.08.30-20.59.53:615][  0]LogInit:  - CertBundlePath = nullptr  - Libcurl will use whatever was configured at build time.
[2015.08.30-20.59.53:628][  0]LogOnline:Warning: No default platform service specified for OnlineSubsystem
[2015.08.30-20.59.53:645][  0]LogInit: Presizing for 0 objects not considered by GC, pre-allocating 0 bytes.
[2015.08.30-20.59.53:653][  0]LogInit: Object subsystem initialized
[2015.08.30-20.59.53:655][  0]LogConsoleResponse:Warning: Skipping Unknown console variable: 'UIScaleCurve = (EditorCurveData=(Keys=((Time=480.000000,Value=0.444000),(Time=720.000000,Value=0.666000),(Time=1080.000000,Value=1.000000),(Time=8640.000000,Value=8.000000))),ExternalCurve=None)'
[2015.08.30-20.59.53:655][  0]LogConsoleResponse:Warning:   Found in ini file 'C:/Users/Bodoo/Documents/Programmieren/Projekte/NotPartofTheGame/Saved/Config/Windows/Engine.ini', in section '[/Script/Engine.RendererSettings]'
[2015.08.30-20.59.53:655][  0]LogConsoleManager:Warning: Console variable 'r.MSAA.CompositingSampleCount' wasn't set ('Scalability' has a lower priority than 'ProjectSetting')
[2015.08.30-20.59.53:655][  0]LogInit: Selected Device Profile: [Windows]
[2015.08.30-20.59.53:655][  0]LogInit: Applying CVar settings loaded from the selected device profile: [Windows]
[2015.08.30-20.59.53:658][  0]LogInit: Computer: DESKTOP-GLF6O4V
[2015.08.30-20.59.53:658][  0]LogInit: User: Bodoo
[2015.08.30-20.59.53:658][  0]LogInit: CPU Page size=4096, Cores=4
[2015.08.30-20.59.53:658][  0]LogInit: High frequency timer resolution =3.215351 MHz
[2015.08.30-20.59.53:658][  0]LogMemory: Memory total: Physical=12.0GB (12GB approx)
[2015.08.30-20.59.53:658][  0]LogMemory: Platform Memory Stats for Windows
[2015.08.30-20.59.53:658][  0]LogMemory: Process Physical Memory: 49.91 MB used, 49.91 MB peak
[2015.08.30-20.59.53:658][  0]LogMemory: Process Virtual Memory: 22.74 MB used, 22.74 MB peak
[2015.08.30-20.59.53:658][  0]LogMemory: Physical Memory: 2859.68 MB used, 12270.70 MB total
[2015.08.30-20.59.53:658][  0]LogMemory: Virtual Memory: 310.61 MB used, 134217728.00 MB total
[2015.08.30-20.59.53:686][  0]LogTextLocalizationManager: The requested culture ('de_DE') has no localization data; falling back to 'en' for localization and internationalization data.
[2015.08.30-20.59.53:938][  0]LogTextLocalizationManager:Warning: Loaded localization resources contain conflicting entries for (Namespace:ContentBrowser, Key:ImportAssetToolTip):
Localization Resource: (C:/Users/Bodoo/Documents/Programmieren/4.8/Engine/Content/Localization/Editor/en/Editor.locres) Source String Hash: (-630476809) Localized String: (Import to {0}...)
Localization Resource: (C:/Users/Bodoo/Documents/Programmieren/4.8/Engine/Content/Localization/Editor/en/Editor.locres) Source String Hash: (1271782899) Localized String: (Imports an asset from file to this folder.)
[2015.08.30-20.59.54:284][  0]LogD3D11RHI: Found D3D11 adapter 0: AMD Radeon HD 6800 Series (Feature Level 11_0)
[2015.08.30-20.59.54:284][  0]LogD3D11RHI: Adapter has 1011MB of dedicated video memory, 0MB of dedicated system memory, and 3840MB of shared system memory, 1 output[s]
[2015.08.30-20.59.54:285][  0]LogD3D11RHI: Found D3D11 adapter 1: Microsoft Basic Render Driver (Feature Level 11_0)
[2015.08.30-20.59.54:285][  0]LogD3D11RHI: Adapter has 0MB of dedicated video memory, 0MB of dedicated system memory, and 6135MB of shared system memory, 0 output[s]
[2015.08.30-20.59.54:285][  0]LogD3D11RHI: Chosen D3D11 Adapter Id = 0
[2015.08.30-20.59.54:288][  0]LogD3D11RHI: InitD3DDevice
[2015.08.30-20.59.54:288][  0]LogD3D11RHI: !Direct3DDevice
[2015.08.30-20.59.54:288][  0]LogRHI: Texture pool is 708 MB (70% of 1011 MB)
[2015.08.30-20.59.54:294][  0]LogD3D11RHI: Async texture creation disabled: no driver support
[2015.08.30-20.59.54:305][  0]LogShaderCompilers:Display: Using Local Shader Compiler.
[2015.08.30-20.59.55:104][  0]LogTemp:Display: Loaded TP DesktopTargetPlatform
[2015.08.30-20.59.55:118][  0]LogTemp:Display: Loaded TP WindowsClientTargetPlatform
[2015.08.30-20.59.55:133][  0]LogTemp:Display: Loaded TP WindowsNoEditorTargetPlatform
[2015.08.30-20.59.55:147][  0]LogTemp:Display: Loaded TP WindowsServerTargetPlatform
[2015.08.30-20.59.55:164][  0]LogTemp:Display: Loaded TP WindowsTargetPlatform
[2015.08.30-20.59.55:176][  0]LogTemp:Display: Loaded TP AndroidTargetPlatform
[2015.08.30-20.59.55:188][  0]LogTemp:Display: Loaded TP Android_ASTCTargetPlatform
[2015.08.30-20.59.55:201][  0]LogTemp:Display: Loaded TP Android_ATCTargetPlatform
[2015.08.30-20.59.55:214][  0]LogTemp:Display: Loaded TP Android_DXTTargetPlatform
[2015.08.30-20.59.55:227][  0]LogTemp:Display: Loaded TP Android_ETC1TargetPlatform
[2015.08.30-20.59.55:240][  0]LogTemp:Display: Loaded TP Android_ETC2TargetPlatform
[2015.08.30-20.59.55:253][  0]LogTemp:Display: Loaded TP Android_PVRTCTargetPlatform
[2015.08.30-20.59.55:302][  0]LogTemp:Display: Loaded TP IOSTargetPlatform
[2015.08.30-20.59.55:314][  0]LogTemp:Display: Loaded TP LinuxNoEditorTargetPlatform
[2015.08.30-20.59.55:327][  0]LogTemp:Display: Loaded TP LinuxServerTargetPlatform
[2015.08.30-20.59.55:341][  0]LogTemp:Display: Loaded TP LinuxTargetPlatform
[2015.08.30-20.59.55:341][  0]LogTargetPlatformManager:Display: Building Assets For Windows
[2015.08.30-20.59.55:548][  0]LogDerivedDataCache:Display: Max Cache Size: 512 MB
[2015.08.30-20.59.55:606][  0]LogDerivedDataCache: Loaded boot cache 0.06s 53MB C:/Users/Bodoo/AppData/Local/UnrealEngine/4.8/DerivedDataCache/Boot.ddc.
[2015.08.30-20.59.55:606][  0]LogDerivedDataCache:Display: Loaded Boot cache: C:/Users/Bodoo/AppData/Local/UnrealEngine/4.8/DerivedDataCache/Boot.ddc
[2015.08.30-20.59.55:606][  0]LogDerivedDataCache: FDerivedDataBackendGraph:  Pak pak cache file ../../../../Projekte/NotPartofTheGame/DerivedDataCache/DDC.ddp not found, will not use a pak cache.
[2015.08.30-20.59.55:606][  0]LogDerivedDataCache: Unable to find inner node Pak for hierarchical cache Hierarchy.
[2015.08.30-20.59.55:606][  0]LogDerivedDataCache: FDerivedDataBackendGraph:  CompressedPak pak cache file ../../../../Projekte/NotPartofTheGame/DerivedDataCache/Compressed.ddp not found, will not use a pak cache.
[2015.08.30-20.59.55:606][  0]LogDerivedDataCache: Unable to find inner node CompressedPak for hierarchical cache Hierarchy.
[2015.08.30-20.59.55:754][  0]LogDerivedDataCache:Display: Pak cache opened for reading ../../../Engine/DerivedDataCache/Compressed.ddp.
[2015.08.30-20.59.55:766][  0]LogDerivedDataCache: Using Local data cache path C:/Users/Bodoo/AppData/Local/UnrealEngine/Common/DerivedDataCache: Writable
[2015.08.30-20.59.55:998][  0]LogInit: Selected Device Profile: [Windows]
[2015.08.30-20.59.56:083][  0]ImportText (ComponentSweepMultiTests): Missing closing parenthesis: (RootShapeAsset="/Engine/BasicShapes/Cube.Cube",ShapeType="TriggerCapsule",HitResult=(Time=0.50,Location=(X=-100.000015,Y=0.0,Z=100.000015),ImpactPoint=(X=-50.0,Y=0.0,Z=50.0),Normal=(X=-1.0,Y=-0.0,Z=0.0),ImpactNormal=(X=0.0,Y=0.0,Z=1.0),TraceStart=(X=-200.0,Y=0.0,Z=200.0),TraceEnd=(X=0.0,Y=0.0,Z=0.0))
[2015.08.30-20.59.56:084][  0]ImportText (LineTraceSingleByChannelTests): Missing closing parenthesis: (RootShapeAsset="/Engine/BasicShapes/Cube.Cube",HitResult=(Time=0.50,Location=(X=-100.000015,Y=0.0,Z=100.000015),ImpactPoint=(X=-50.0,Y=0.0,Z=50.0),Normal=(X=-1.0,Y=-0.0,Z=0.0),ImpactNormal=(X=0.0,Y=0.0,Z=1.0),TraceStart=(X=-200.0,Y=0.0,Z=200.0),TraceEnd=(X=0.0,Y=0.0,Z=0.0))
[2015.08.30-20.59.56:112][  0]LogMeshUtilities: No automatic mesh reduction module available
[2015.08.30-20.59.56:112][  0]LogMeshUtilities: No automatic mesh merging module available
[2015.08.30-20.59.56:392][  0]LogInit: WinSock: version 1.1 (2.2), MaxSocks=32767, MaxUdp=65467
[2015.08.30-20.59.56:835][  0]LogD3D11RHI: InitD3DDevice
[2015.08.30-20.59.56:840][  0]LogWindowsMoviePlayer: Unable to load movie: ../../../../Projekte/NotPartofTheGame/Content/Movies/Default_Startup.mp4
[2015.08.30-20.59.56:981][  0]LogAssetRegistry: FAssetRegistry took 0.0001 seconds to start up
[2015.08.30-20.59.57:026][  0]SourceControl: Info Source control is disabled
[2015.08.30-20.59.57:026][  0]SourceControl: Info Source control is disabled
[2015.08.30-20.59.57:036][  0]SourceControl: Info Source control is disabled
[2015.08.30-20.59.57:218][  0]LogObj: 25913 objects as part of root set at end of initial load.
[2015.08.30-20.59.57:218][  0]LogUObjectAllocator: 5218488 out of 0 bytes used by permanent object pool.
[2015.08.30-20.59.57:287][  0]LogAutomationTest:Warning: ERR: Transient text cannot be serialized "Testing Transient serialization detection".
[2015.08.30-20.59.57:287][  0]LogEngine: Initializing Engine...
[2015.08.30-20.59.57:289][  0]LogHMD: Can't find Oculus library dev build: is proper Runtime installed? Version: 0.6.0.0
[2015.08.30-20.59.57:291][  0]LogHMD:Warning: SteamVR failed to initialize.  Error: 110
[2015.08.30-20.59.57:380][  0]LogInit: XAudio2 using 'Lautsprecher (G510s Gaming Keyboard)' : 2 channels at 48 kHz using 16 bits per sample (channel mask 0x3)
[2015.08.30-20.59.57:387][  0]LogInit: FAudioDevice initialized.
[2015.08.30-20.59.57:395][  0]LogInit: Texture streaming: Disabled
[2015.08.30-20.59.57:458][  0]LogNet: Browse: /Temp/Autosaves/Game/NPOTG/Maps/UEDPCTesting_Level?Name=Player
[2015.08.30-20.59.57:458][  0]LogLoad: LoadMap: /Temp/Autosaves/Game/NPOTG/Maps/UEDPCTesting_Level?Name=Player
[2015.08.30-20.59.57:469][  0]LogParticles: Destroying 0 GPU particle simulations for FXSystem 0x0000008FCD547560
[2015.08.30-20.59.57:477][  0]LogMemory: Platform Memory Stats for Windows
[2015.08.30-20.59.57:477][  0]LogMemory: Process Physical Memory: 334.33 MB used, 334.34 MB peak
[2015.08.30-20.59.57:477][  0]LogMemory: Process Virtual Memory: 370.88 MB used, 370.88 MB peak
[2015.08.30-20.59.57:477][  0]LogMemory: Physical Memory: 3097.21 MB used, 12270.70 MB total
[2015.08.30-20.59.57:477][  0]LogMemory: Virtual Memory: 887.84 MB used, 134217728.00 MB total
[2015.08.30-20.59.57:477][  0]LogMemory: 
[2015.08.30-20.59.57:477][  0]Allocator Stats for TBB: (not implemented)
[2015.08.30-20.59.58:379][  0]LogProperty:Warning: ERR: Transient text cannot be serialized "NewRotation Roll".
[2015.08.30-20.59.58:379][  0]LogProperty:Warning: ERR: Transient text cannot be serialized "NewRotation Yaw".
[2015.08.30-20.59.58:379][  0]LogProperty:Warning: ERR: Transient text cannot be serialized "NewRotation Pitch".
[2015.08.30-20.59.58:379][  0]LogProperty:Warning: ERR: Transient text cannot be serialized "NewRotation Roll".
[2015.08.30-20.59.58:379][  0]LogProperty:Warning: ERR: Transient text cannot be serialized "NewRotation Yaw".
[2015.08.30-20.59.58:379][  0]LogProperty:Warning: ERR: Transient text cannot be serialized "NewRotation Pitch".
[2015.08.30-20.59.58:427][  0]LogProperty:Warning: ERR: Transient text cannot be serialized "NewRotation Roll".
[2015.08.30-20.59.58:427][  0]LogProperty:Warning: ERR: Transient text cannot be serialized "NewRotation Yaw".
[2015.08.30-20.59.58:427][  0]LogProperty:Warning: ERR: Transient text cannot be serialized "NewRotation Pitch".
[2015.08.30-20.59.58:427][  0]LogProperty:Warning: ERR: Transient text cannot be serialized "NewRotation Roll".
[2015.08.30-20.59.58:427][  0]LogProperty:Warning: ERR: Transient text cannot be serialized "NewRotation Yaw".
[2015.08.30-20.59.58:427][  0]LogProperty:Warning: ERR: Transient text cannot be serialized "NewRotation Pitch".
[2015.08.30-20.59.59:316][  0]LogAIModule: Creating AISystem for world Testing_Level
[2015.08.30-20.59.59:316][  0]LogWorld: Game class is '2DSideScrollerGameMode_C'
[2015.08.30-20.59.59:379][  0]LogWorld: Bringing World /Temp/Autosaves/Game/NPOTG/Maps/UEDPCTesting_Level.Testing_Level up for play (max tick rate 0) at 2015.08.30-22.59.59
[2015.08.30-20.59.59:391][  0]LogWorld: Bringing up level for play took: 0.072768
[2015.08.30-20.59.59:395][  0]LogInit:Display: Game Engine Initialized.
[2015.08.30-20.59.59:620][  0]LogLoad: Full Startup: 7.67 seconds (BP compile: 0.96 seconds)
[2015.08.30-20.59.59:637][  0]LogWindowsTextInputMethodSystem:Display: IME system now deactivated.
[2015.08.30-20.59.59:637][  0]LogWindowsTextInputMethodSystem:Display: IME system now deactivated.
[2015.08.30-20.59.59:640][  0]LogContentStreaming: Texture pool size is 1000.000000MB
[2015.08.30-20.59.59:773][  0]LogRenderer: Reallocating scene render targets to support 1280x720 (Frame:2).
[2015.08.30-21.00.18:936][179]LogBlueprintUserMessages: 0.991935
[2015.08.30-21.00.18:936][179]LogBlueprintUserMessages: 0.991935
[2015.08.30-21.00.18:936][179]LogBlueprintUserMessages: 0.983871
[2015.08.30-21.00.18:951][180]LogBlueprintUserMessages: 0.975806
[2015.08.30-21.00.18:967][181]LogBlueprintUserMessages: 0.967742
[2015.08.30-21.00.18:983][182]LogBlueprintUserMessages: 0.959677
[2015.08.30-21.00.18:999][183]LogBlueprintUserMessages: 0.951611
[2015.08.30-21.00.19:016][184]LogBlueprintUserMessages: 0.943546
[2015.08.30-21.00.19:032][185]LogBlueprintUserMessages: 0.935481
[2015.08.30-21.00.19:048][186]LogBlueprintUserMessages: 0.927417
[2015.08.30-21.00.19:064][187]LogBlueprintUserMessages: 0.919352
[2015.08.30-21.00.19:080][188]LogBlueprintUserMessages: 0.911287
[2015.08.30-21.00.19:096][189]LogBlueprintUserMessages: 0.903222
[2015.08.30-21.00.19:113][190]LogBlueprintUserMessages: 0.895157
[2015.08.30-21.00.19:128][191]LogBlueprintUserMessages: 0.887093
[2015.08.30-21.00.19:145][192]LogBlueprintUserMessages: 0.879028
[2015.08.30-21.00.19:161][193]LogBlueprintUserMessages: 0.870964
[2015.08.30-21.00.19:177][194]LogBlueprintUserMessages: 0.862899
[2015.08.30-21.00.19:193][195]LogBlueprintUserMessages: 0.854835
[2015.08.30-21.00.19:209][196]LogBlueprintUserMessages: 0.84677
[2015.08.30-21.00.19:225][197]LogBlueprintUserMessages: 0.838706
[2015.08.30-21.00.19:241][198]LogBlueprintUserMessages: 0.830641
[2015.08.30-21.00.19:257][199]LogBlueprintUserMessages: 0.822576
[2015.08.30-21.00.19:274][200]LogBlueprintUserMessages: 0.814512
[2015.08.30-21.00.19:290][201]LogBlueprintUserMessages: 0.806447
[2015.08.30-21.00.19:306][202]LogBlueprintUserMessages: 0.798383
[2015.08.30-21.00.19:322][203]LogBlueprintUserMessages: 0.790318
[2015.08.30-21.00.19:338][204]LogBlueprintUserMessages: 0.782254
[2015.08.30-21.00.19:354][205]LogBlueprintUserMessages: 0.774189
[2015.08.30-21.00.19:370][206]LogBlueprintUserMessages: 0.766124
[2015.08.30-21.00.19:387][207]LogBlueprintUserMessages: 0.75806
[2015.08.30-21.00.19:403][208]LogBlueprintUserMessages: 0.749995
[2015.08.30-21.00.19:418][209]LogBlueprintUserMessages: 0.74193
[2015.08.30-21.00.19:435][210]LogBlueprintUserMessages: 0.733866
[2015.08.30-21.00.19:451][211]LogBlueprintUserMessages: 0.725801
[2015.08.30-21.00.19:467][212]LogBlueprintUserMessages: 0.717737
[2015.08.30-21.00.19:483][213]LogBlueprintUserMessages: 0.709672
[2015.08.30-21.00.19:500][214]LogBlueprintUserMessages: 0.701607
[2015.08.30-21.00.19:515][215]LogBlueprintUserMessages: 0.693543
[2015.08.30-21.00.19:531][216]LogBlueprintUserMessages: 0.685478
[2015.08.30-21.00.19:547][217]LogBlueprintUserMessages: 0.677414
[2015.08.30-21.00.19:564][218]LogBlueprintUserMessages: 0.669349
[2015.08.30-21.00.19:580][219]LogBlueprintUserMessages: 0.661284
[2015.08.30-21.00.19:596][220]LogBlueprintUserMessages: 0.65322
[2015.08.30-21.00.19:613][221]LogBlueprintUserMessages: 0.645155
[2015.08.30-21.00.19:629][222]LogBlueprintUserMessages: 0.637091
[2015.08.30-21.00.19:645][223]LogBlueprintUserMessages: 0.629026
[2015.08.30-21.00.19:660][224]LogBlueprintUserMessages: 0.620961
[2015.08.30-21.00.19:676][225]LogBlueprintUserMessages: 0.612897
[2015.08.30-21.00.19:693][226]LogBlueprintUserMessages: 0.604832
[2015.08.30-21.00.19:709][227]LogBlueprintUserMessages: 0.596768
[2015.08.30-21.00.19:725][228]LogBlueprintUserMessages: 0.588703
[2015.08.30-21.00.19:741][229]LogBlueprintUserMessages: 0.580638
[2015.08.30-21.00.19:757][230]LogBlueprintUserMessages: 0.572574
[2015.08.30-21.00.19:773][231]LogBlueprintUserMessages: 0.564509
[2015.08.30-21.00.19:789][232]LogBlueprintUserMessages: 0.556445
[2015.08.30-21.00.19:805][233]LogBlueprintUserMessages: 0.54838
[2015.08.30-21.00.19:821][234]LogBlueprintUserMessages: 0.540315
[2015.08.30-21.00.19:838][235]LogBlueprintUserMessages: 0.532251
[2015.08.30-21.00.19:854][236]LogBlueprintUserMessages: 0.524186
[2015.08.30-21.00.19:870][237]LogBlueprintUserMessages: 0.516122
[2015.08.30-21.00.19:886][238]LogBlueprintUserMessages: 0.508057
[2015.08.30-21.00.19:902][239]LogBlueprintUserMessages: 0.499992
[2015.08.30-21.00.19:919][240]LogBlueprintUserMessages: 0.491928
[2015.08.30-21.00.19:935][241]LogBlueprintUserMessages: 0.483863
[2015.08.30-21.00.19:951][242]LogBlueprintUserMessages: 0.475799
[2015.08.30-21.00.19:967][243]LogBlueprintUserMessages: 0.467734
[2015.08.30-21.00.19:984][244]LogBlueprintUserMessages: 0.459669
[2015.08.30-21.00.19:999][245]LogBlueprintUserMessages: 0.451605
[2015.08.30-21.00.20:015][246]LogBlueprintUserMessages: 0.44354
[2015.08.30-21.00.20:031][247]LogBlueprintUserMessages: 0.435476
[2015.08.30-21.00.20:047][248]LogBlueprintUserMessages: 0.427411
[2015.08.30-21.00.20:063][249]LogBlueprintUserMessages: 0.419346
[2015.08.30-21.00.20:080][250]LogBlueprintUserMessages: 0.411282
[2015.08.30-21.00.20:096][251]LogBlueprintUserMessages: 0.403217
[2015.08.30-21.00.20:112][252]LogBlueprintUserMessages: 0.395153
[2015.08.30-21.00.20:128][253]LogBlueprintUserMessages: 0.387088
[2015.08.30-21.00.20:145][254]LogBlueprintUserMessages: 0.379023
[2015.08.30-21.00.20:161][255]LogBlueprintUserMessages: 0.370959
[2015.08.30-21.00.20:177][256]LogBlueprintUserMessages: 0.362894
[2015.08.30-21.00.20:193][257]LogBlueprintUserMessages: 0.354829
[2015.08.30-21.00.20:209][258]LogBlueprintUserMessages: 0.346765
[2015.08.30-21.00.20:226][259]LogBlueprintUserMessages: 0.3387
[2015.08.30-21.00.20:241][260]LogBlueprintUserMessages: 0.330636
[2015.08.30-21.00.20:257][261]LogBlueprintUserMessages: 0.322571
[2015.08.30-21.00.20:273][262]LogBlueprintUserMessages: 0.314506
[2015.08.30-21.00.20:289][263]LogBlueprintUserMessages: 0.306442
[2015.08.30-21.00.20:305][264]LogBlueprintUserMessages: 0.298377
[2015.08.30-21.00.20:321][265]LogBlueprintUserMessages: 0.290313
[2015.08.30-21.00.20:338][266]LogBlueprintUserMessages: 0.282248
[2015.08.30-21.00.20:355][267]LogBlueprintUserMessages: 0.274183
[2015.08.30-21.00.20:371][268]LogBlueprintUserMessages: 0.266119
[2015.08.30-21.00.20:387][269]LogBlueprintUserMessages: 0.258054
[2015.08.30-21.00.20:403][270]LogBlueprintUserMessages: 0.24999
[2015.08.30-21.00.26:629][656]LogBlueprintUserMessages: 0.991935
[2015.08.30-21.00.26:629][656]LogBlueprintUserMessages: 0.991935
[2015.08.30-21.00.26:629][656]LogBlueprintUserMessages: 0.983871
[2015.08.30-21.00.26:645][657]LogBlueprintUserMessages: 0.975806
[2015.08.30-21.00.26:661][658]LogBlueprintUserMessages: 0.967742
[2015.08.30-21.00.26:677][659]LogBlueprintUserMessages: 0.959677
[2015.08.30-21.00.26:693][660]LogBlueprintUserMessages: 0.951613
[2015.08.30-21.00.26:709][661]LogBlueprintUserMessages: 0.943548
[2015.08.30-21.00.26:725][662]LogBlueprintUserMessages: 0.935484
[2015.08.30-21.00.26:741][663]LogBlueprintUserMessages: 0.927419
[2015.08.30-21.00.26:757][664]LogBlueprintUserMessages: 0.919354
[2015.08.30-21.00.26:773][665]LogBlueprintUserMessages: 0.91129
[2015.08.30-21.00.26:789][666]LogBlueprintUserMessages: 0.903225
[2015.08.30-21.00.26:806][667]LogBlueprintUserMessages: 0.895161
[2015.08.30-21.00.26:822][668]LogBlueprintUserMessages: 0.887096
[2015.08.30-21.00.26:838][669]LogBlueprintUserMessages: 0.879032
[2015.08.30-21.00.26:854][670]LogBlueprintUserMessages: 0.870967
[2015.08.30-21.00.26:870][671]LogBlueprintUserMessages: 0.862903
[2015.08.30-21.00.26:886][672]LogBlueprintUserMessages: 0.854838
[2015.08.30-21.00.26:902][673]LogBlueprintUserMessages: 0.846762
[2015.08.30-21.00.26:919][674]LogBlueprintUserMessages: 0.838698
[2015.08.30-21.00.26:935][675]LogBlueprintUserMessages: 0.830633
[2015.08.30-21.00.26:951][676]LogBlueprintUserMessages: 0.822569
[2015.08.30-21.00.26:967][677]LogBlueprintUserMessages: 0.814504
[2015.08.30-21.00.26:983][678]LogBlueprintUserMessages: 0.80644
[2015.08.30-21.00.26:999][679]LogBlueprintUserMessages: 0.798375
[2015.08.30-21.00.27:015][680]LogBlueprintUserMessages: 0.790311
[2015.08.30-21.00.27:031][681]LogBlueprintUserMessages: 0.782246
[2015.08.30-21.00.27:048][682]LogBlueprintUserMessages: 0.774181
[2015.08.30-21.00.27:064][683]LogBlueprintUserMessages: 0.766117
[2015.08.30-21.00.27:080][684]LogBlueprintUserMessages: 0.758052
[2015.08.30-21.00.27:096][685]LogBlueprintUserMessages: 0.749987
[2015.08.30-21.00.27:112][686]LogBlueprintUserMessages: 0.741923
[2015.08.30-21.00.27:128][687]LogBlueprintUserMessages: 0.733858
[2015.08.30-21.00.27:145][688]LogBlueprintUserMessages: 0.725794
[2015.08.30-21.00.27:161][689]LogBlueprintUserMessages: 0.717729
[2015.08.30-21.00.27:177][690]LogBlueprintUserMessages: 0.709664
[2015.08.30-21.00.27:193][691]LogBlueprintUserMessages: 0.7016
[2015.08.30-21.00.27:209][692]LogBlueprintUserMessages: 0.693535
[2015.08.30-21.00.27:225][693]LogBlueprintUserMessages: 0.685471
[2015.08.30-21.00.27:242][694]LogBlueprintUserMessages: 0.677406
[2015.08.30-21.00.27:258][695]LogBlueprintUserMessages: 0.669341
[2015.08.30-21.00.27:274][696]LogBlueprintUserMessages: 0.661277
[2015.08.30-21.00.27:290][697]LogBlueprintUserMessages: 0.653212
[2015.08.30-21.00.27:305][698]LogBlueprintUserMessages: 0.645148
[2015.08.30-21.00.27:322][699]LogBlueprintUserMessages: 0.637083
[2015.08.30-21.00.27:339][700]LogBlueprintUserMessages: 0.629018
[2015.08.30-21.00.27:355][701]LogBlueprintUserMessages: 0.620954
[2015.08.30-21.00.27:371][702]LogBlueprintUserMessages: 0.612889
[2015.08.30-21.00.27:387][703]LogBlueprintUserMessages: 0.604825
[2015.08.30-21.00.27:403][704]LogBlueprintUserMessages: 0.59676
[2015.08.30-21.00.27:419][705]LogBlueprintUserMessages: 0.588693
[2015.08.30-21.00.27:435][706]LogBlueprintUserMessages: 0.580628
[2015.08.30-21.00.27:451][707]LogBlueprintUserMessages: 0.572563
[2015.08.30-21.00.27:467][708]LogBlueprintUserMessages: 0.564499
[2015.08.30-21.00.27:484][709]LogBlueprintUserMessages: 0.556434
[2015.08.30-21.00.27:499][710]LogBlueprintUserMessages: 0.54837
[2015.08.30-21.00.27:516][711]LogBlueprintUserMessages: 0.540305
[2015.08.30-21.00.27:532][712]LogBlueprintUserMessages: 0.53224
[2015.08.30-21.00.27:548][713]LogBlueprintUserMessages: 0.524176
[2015.08.30-21.00.27:564][714]LogBlueprintUserMessages: 0.516111
[2015.08.30-21.00.27:580][715]LogBlueprintUserMessages: 0.508047
[2015.08.30-21.00.27:596][716]LogBlueprintUserMessages: 0.499982
[2015.08.30-21.00.27:613][717]LogBlueprintUserMessages: 0.491917
[2015.08.30-21.00.27:629][718]LogBlueprintUserMessages: 0.483853
[2015.08.30-21.00.27:645][719]LogBlueprintUserMessages: 0.475788
[2015.08.30-21.00.27:661][720]LogBlueprintUserMessages: 0.467722
[2015.08.30-21.00.27:677][721]LogBlueprintUserMessages: 0.459658
[2015.08.30-21.00.27:693][722]LogBlueprintUserMessages: 0.451593
[2015.08.30-21.00.27:710][723]LogBlueprintUserMessages: 0.443528
[2015.08.30-21.00.27:725][724]LogBlueprintUserMessages: 0.435464
[2015.08.30-21.00.27:741][725]LogBlueprintUserMessages: 0.427399
[2015.08.30-21.00.27:757][726]LogBlueprintUserMessages: 0.419335
[2015.08.30-21.00.27:774][727]LogBlueprintUserMessages: 0.41127
[2015.08.30-21.00.27:789][728]LogBlueprintUserMessages: 0.403205
[2015.08.30-21.00.27:806][729]LogBlueprintUserMessages: 0.395141
[2015.08.30-21.00.27:822][730]LogBlueprintUserMessages: 0.387076
[2015.08.30-21.00.27:838][731]LogBlueprintUserMessages: 0.379011
[2015.08.30-21.00.27:854][732]LogBlueprintUserMessages: 0.370947
[2015.08.30-21.00.27:871][733]LogBlueprintUserMessages: 0.362882
[2015.08.30-21.00.27:887][734]LogBlueprintUserMessages: 0.354817
[2015.08.30-21.00.27:903][735]LogBlueprintUserMessages: 0.346753
[2015.08.30-21.00.27:919][736]LogBlueprintUserMessages: 0.338688
[2015.08.30-21.00.27:935][737]LogBlueprintUserMessages: 0.330623
[2015.08.30-21.00.27:951][738]LogBlueprintUserMessages: 0.322555
[2015.08.30-21.00.27:967][739]LogBlueprintUserMessages: 0.314491
[2015.08.30-21.00.27:983][740]LogBlueprintUserMessages: 0.306426
[2015.08.30-21.00.28:000][741]LogBlueprintUserMessages: 0.298362
[2015.08.30-21.00.28:016][742]LogBlueprintUserMessages: 0.290297
[2015.08.30-21.00.28:032][743]LogBlueprintUserMessages: 0.282232
[2015.08.30-21.00.31:145][936]LogBlueprintUserMessages: 0.991935
[2015.08.30-21.00.31:145][936]LogBlueprintUserMessages: 0.991935
[2015.08.30-21.00.31:145][936]LogBlueprintUserMessages: 0.983871
[2015.08.30-21.00.31:161][937]LogBlueprintUserMessages: 0.975806
[2015.08.30-21.00.31:177][938]LogBlueprintUserMessages: 0.967742
[2015.08.30-21.00.31:193][939]LogBlueprintUserMessages: 0.959677
[2015.08.30-21.00.31:209][940]LogBlueprintUserMessages: 0.951613
[2015.08.30-21.00.31:225][941]LogBlueprintUserMessages: 0.943548
[2015.08.30-21.00.31:242][942]LogBlueprintUserMessages: 0.935484
[2015.08.30-21.00.31:258][943]LogBlueprintUserMessages: 0.927419
[2015.08.30-21.00.31:274][944]LogBlueprintUserMessages: 0.919354
[2015.08.30-21.00.31:289][945]LogBlueprintUserMessages: 0.91129
[2015.08.30-21.00.31:306][946]LogBlueprintUserMessages: 0.903225
[2015.08.30-21.00.31:322][947]LogBlueprintUserMessages: 0.895161
[2015.08.30-21.00.31:338][948]LogBlueprintUserMessages: 0.887096
[2015.08.30-21.00.31:354][949]LogBlueprintUserMessages: 0.879032
[2015.08.30-21.00.31:371][950]LogBlueprintUserMessages: 0.870967
[2015.08.30-21.00.31:387][951]LogBlueprintUserMessages: 0.862902
[2015.08.30-21.00.31:403][952]LogBlueprintUserMessages: 0.854838
[2015.08.30-21.00.31:419][953]LogBlueprintUserMessages: 0.846773
[2015.08.30-21.00.31:435][954]LogBlueprintUserMessages: 0.838709
[2015.08.30-21.00.31:451][955]LogBlueprintUserMessages: 0.830644
[2015.08.30-21.00.31:468][956]LogBlueprintUserMessages: 0.82258
[2015.08.30-21.00.31:483][957]LogBlueprintUserMessages: 0.814515
[2015.08.30-21.00.31:500][958]LogBlueprintUserMessages: 0.80645
[2015.08.30-21.00.31:515][959]LogBlueprintUserMessages: 0.798386
[2015.08.30-21.00.31:531][960]LogBlueprintUserMessages: 0.790321
[2015.08.30-21.00.31:548][961]LogBlueprintUserMessages: 0.782257
[2015.08.30-21.00.31:564][962]LogBlueprintUserMessages: 0.774192
[2015.08.30-21.00.31:580][963]LogBlueprintUserMessages: 0.766127
[2015.08.30-21.00.31:596][964]LogBlueprintUserMessages: 0.758063
[2015.08.30-21.00.31:612][965]LogBlueprintUserMessages: 0.749998
[2015.08.30-21.00.31:629][966]LogBlueprintUserMessages: 0.741931
[2015.08.30-21.00.31:645][967]LogBlueprintUserMessages: 0.733866
[2015.08.30-21.00.31:661][968]LogBlueprintUserMessages: 0.725802
[2015.08.30-21.00.31:677][969]LogBlueprintUserMessages: 0.717737
[2015.08.30-21.00.31:693][970]LogBlueprintUserMessages: 0.709673
[2015.08.30-21.00.31:709][971]LogBlueprintUserMessages: 0.701608
[2015.08.30-21.00.31:725][972]LogBlueprintUserMessages: 0.693543
[2015.08.30-21.00.31:741][973]LogBlueprintUserMessages: 0.685479
[2015.08.30-21.00.31:758][974]LogBlueprintUserMessages: 0.677414
[2015.08.30-21.00.31:774][975]LogBlueprintUserMessages: 0.66935
[2015.08.30-21.00.31:790][976]LogBlueprintUserMessages: 0.661285
[2015.08.30-21.00.31:806][977]LogBlueprintUserMessages: 0.65322
[2015.08.30-21.00.31:822][978]LogBlueprintUserMessages: 0.645156
[2015.08.30-21.00.31:838][979]LogBlueprintUserMessages: 0.637091
[2015.08.30-21.00.31:855][980]LogBlueprintUserMessages: 0.629027
[2015.08.30-21.00.31:871][981]LogBlueprintUserMessages: 0.620962
[2015.08.30-21.00.31:887][982]LogBlueprintUserMessages: 0.612897
[2015.08.30-21.00.31:903][983]LogBlueprintUserMessages: 0.604833
[2015.08.30-21.00.31:919][984]LogBlueprintUserMessages: 0.596768
[2015.08.30-21.00.31:935][985]LogBlueprintUserMessages: 0.588704
[2015.08.30-21.00.31:951][986]LogBlueprintUserMessages: 0.580639
[2015.08.30-21.00.31:968][987]LogBlueprintUserMessages: 0.572574
[2015.08.30-21.00.31:984][988]LogBlueprintUserMessages: 0.56451
[2015.08.30-21.00.31:999][989]LogBlueprintUserMessages: 0.556445
[2015.08.30-21.00.32:016][990]LogBlueprintUserMessages: 0.54838
[2015.08.30-21.00.32:032][991]LogBlueprintUserMessages: 0.540316
[2015.08.30-21.00.32:048][992]LogBlueprintUserMessages: 0.532251
[2015.08.30-21.00.32:064][993]LogBlueprintUserMessages: 0.524187
[2015.08.30-21.00.32:080][994]LogBlueprintUserMessages: 0.516122
[2015.08.30-21.00.32:096][995]LogBlueprintUserMessages: 0.508057
[2015.08.30-21.00.32:113][996]LogBlueprintUserMessages: 0.499993
[2015.08.30-21.00.32:129][997]LogBlueprintUserMessages: 0.491928
[2015.08.30-21.00.32:145][998]LogBlueprintUserMessages: 0.483864
[2015.08.30-21.00.32:160][999]LogBlueprintUserMessages: 0.475799
[2015.08.30-21.00.32:177][  0]LogBlueprintUserMessages: 0.467734
[2015.08.30-21.00.32:193][  1]LogBlueprintUserMessages: 0.45967
[2015.08.30-21.00.32:209][  2]LogBlueprintUserMessages: 0.451605
[2015.08.30-21.00.32:225][  3]LogBlueprintUserMessages: 0.443541
[2015.08.30-21.00.32:242][  4]LogBlueprintUserMessages: 0.435476
[2015.08.30-21.00.32:258][  5]LogBlueprintUserMessages: 0.427411
[2015.08.30-21.00.32:274][  6]LogBlueprintUserMessages: 0.419347
[2015.08.30-21.00.32:290][  7]LogBlueprintUserMessages: 0.411282
[2015.08.30-21.00.32:306][  8]LogBlueprintUserMessages: 0.403217
[2015.08.30-21.00.32:322][  9]LogBlueprintUserMessages: 0.395153
[2015.08.30-21.00.32:338][ 10]LogBlueprintUserMessages: 0.387088
[2015.08.30-21.00.32:355][ 11]LogBlueprintUserMessages: 0.379024
[2015.08.30-21.00.32:371][ 12]LogBlueprintUserMessages: 0.370959
[2015.08.30-21.00.32:387][ 13]LogBlueprintUserMessages: 0.362894
[2015.08.30-21.00.32:403][ 14]LogBlueprintUserMessages: 0.35483
[2015.08.30-21.00.32:419][ 15]LogBlueprintUserMessages: 0.346765
[2015.08.30-21.00.32:435][ 16]LogBlueprintUserMessages: 0.338701
[2015.08.30-21.00.32:451][ 17]LogBlueprintUserMessages: 0.330636
[2015.08.30-21.00.32:467][ 18]LogBlueprintUserMessages: 0.322571
[2015.08.30-21.00.32:484][ 19]LogBlueprintUserMessages: 0.314507
[2015.08.30-21.00.32:499][ 20]LogBlueprintUserMessages: 0.306442
[2015.08.30-21.00.32:515][ 21]LogBlueprintUserMessages: 0.298378
[2015.08.30-21.00.32:531][ 22]LogBlueprintUserMessages: 0.290313
[2015.08.30-21.00.32:548][ 23]LogBlueprintUserMessages: 0.282248
[2015.08.30-21.00.32:564][ 24]LogBlueprintUserMessages: 0.274184
[2015.08.30-21.00.32:580][ 25]LogBlueprintUserMessages: 0.266119
[2015.08.30-21.00.32:596][ 26]LogBlueprintUserMessages: 0.258055
[2015.08.30-21.00.32:613][ 27]LogBlueprintUserMessages: 0.24999
[2015.08.30-21.00.32:629][ 28]LogBlueprintUserMessages: 0.241925
[2015.08.30-21.01.37:285][ 36]Closing by request
[2015.08.30-21.01.37:285][ 36]LogWindows: FPlatformMisc::RequestExit(0)
[2015.08.30-21.01.37:378][ 37]LogWindowsTextInputMethodSystem:Display: IME system now deactivated.
[2015.08.30-21.01.37:378][ 37]LogWindowsTextInputMethodSystem:Display: IME system now deactivated.
[2015.08.30-21.01.37:386][ 37]LogExit: Preparing to exit.
[2015.08.30-21.01.37:413][ 37]LogExit: Game engine shut down
[2015.08.30-21.01.37:417][ 37]LogParticles: Destroying 0 GPU particle simulations for FXSystem 0x0000008FC6618860
[2015.08.30-21.01.37:526][ 37]LogExit: Object subsystem successfully closed.
[2015.08.30-21.01.37:536][ 37]LogD3D11RHI: Shutdown
[2015.08.30-21.01.37:536][ 37]LogD3D11RHI: CleanupD3DDevice
[2015.08.30-21.01.37:623][ 37]LogD3D11RHI: ~FD3D11DynamicRHI
[2015.08.30-21.01.37:635][ 37]LogModuleManager: Shutting down and abandoning module AndroidDeviceDetection (109)
[2015.08.30-21.01.37:673][ 37]LogModuleManager: Shutting down and abandoning module AutomationWorker (108)
[2015.08.30-21.01.37:673][ 37]LogModuleManager: Shutting down and abandoning module CharacterAI (107)
[2015.08.30-21.01.37:673][ 37]LogModuleManager: Shutting down and abandoning module AITestSuite (106)
[2015.08.30-21.01.37:673][ 37]LogModuleManager: Shutting down and abandoning module GameplayDebugger (105)
[2015.08.30-21.01.37:673][ 37]LogModuleManager: Shutting down and abandoning module AIModule (104)
[2015.08.30-21.01.37:673][ 37]LogModuleManager: Shutting down and abandoning module GameLiveStreaming (103)
[2015.08.30-21.01.37:673][ 37]LogModuleManager: Shutting down and abandoning module StreamingPauseRendering (102)
[2015.08.30-21.01.37:673][ 37]LogModuleManager: Shutting down and abandoning module ProfilerService (101)
[2015.08.30-21.01.37:921][ 37]LogModuleManager: Shutting down and abandoning module TaskGraph (100)
[2015.08.30-21.01.37:921][ 37]LogModuleManager: Shutting down and abandoning module SlateRemote (99)
[2015.08.30-21.01.37:921][ 37]LogModuleManager: Shutting down and abandoning module SteamVRController (98)
[2015.08.30-21.01.37:921][ 37]LogModuleManager: Shutting down and abandoning module SteamVR (97)
[2015.08.30-21.01.37:921][ 37]LogModuleManager: Shutting down and abandoning module ProceduralMeshComponent (96)
[2015.08.30-21.01.37:921][ 37]LogModuleManager: Shutting down and abandoning module OculusRift (95)
[2015.08.30-21.01.37:921][ 37]LogModuleManager: Shutting down and abandoning module LeapMotionController (94)
[2015.08.30-21.01.37:927][ 37]LogModuleManager: Shutting down and abandoning module CustomMeshComponent (93)
[2015.08.30-21.01.37:927][ 37]LogModuleManager: Shutting down and abandoning module CableComponent (92)
[2015.08.30-21.01.37:927][ 37]LogModuleManager: Shutting down and abandoning module DesktopPlatform (91)
[2015.08.30-21.01.37:927][ 37]LogModuleManager: Shutting down and abandoning module DirectoryWatcher (90)
[2015.08.30-21.01.37:927][ 37]LogModuleManager: Shutting down and abandoning module HotReload (89)
[2015.08.30-21.01.37:927][ 37]LogModuleManager: Shutting down and abandoning module VisualStudioSourceCodeAccess (88)
[2015.08.30-21.01.37:927][ 37]LogModuleManager: Shutting down and abandoning module UObjectPlugin (87)
[2015.08.30-21.01.37:927][ 37]LogModuleManager: Shutting down and abandoning module SubversionSourceControl (86)
[2015.08.30-21.01.37:927][ 37]LogModuleManager: Shutting down and abandoning module SourceControl (85)
[2015.08.30-21.01.37:927][ 37]LogModuleManager: Shutting down and abandoning module PerforceSourceControl (84)
[2015.08.30-21.01.37:927][ 37]LogModuleManager: Shutting down and abandoning module BlankPlugin (83)
[2015.08.30-21.01.37:927][ 37]LogModuleManager: Shutting down and abandoning module UdpMessaging (82)
[2015.08.30-21.01.37:928][ 37]LogModuleManager: Shutting down and abandoning module AssetRegistry (81)
[2015.08.30-21.01.37:928][ 37]LogModuleManager: Shutting down and abandoning module SubstanceCore (80)
[2015.08.30-21.01.37:928][ 37]LogModuleManager: Shutting down and abandoning module Paper2D (79)
[2015.08.30-21.01.37:928][ 37]LogModuleManager: Shutting down and abandoning module WindowsMoviePlayer (78)
[2015.08.30-21.01.37:930][ 37]LogModuleManager: Shutting down and abandoning module Media (77)
[2015.08.30-21.01.37:930][ 37]LogModuleManager: Shutting down and abandoning module WmfMedia (76)
[2015.08.30-21.01.37:930][ 37]LogModuleManager: Shutting down and abandoning module OnlineBlueprintSupport (75)
[2015.08.30-21.01.37:930][ 37]LogModuleManager: Shutting down and abandoning module PropertyEditor (74)
[2015.08.30-21.01.37:930][ 37]LogModuleManager: Shutting down and abandoning module BehaviorTreeEditor (73)
[2015.08.30-21.01.37:930][ 37]LogModuleManager: Shutting down and abandoning module FunctionalTesting (72)
[2015.08.30-21.01.37:930][ 37]LogModuleManager: Shutting down and abandoning module CollisionAnalyzer (71)
[2015.08.30-21.01.37:930][ 37]LogModuleManager: Shutting down and abandoning module WorkspaceMenuStructure (70)
[2015.08.30-21.01.37:930][ 37]LogModuleManager: Shutting down and abandoning module MessageLog (69)
[2015.08.30-21.01.37:930][ 37]LogModuleManager: Shutting down and abandoning module Sequencer (68)
[2015.08.30-21.01.37:930][ 37]LogModuleManager: Shutting down and abandoning module AssetTools (67)
[2015.08.30-21.01.37:930][ 37]LogModuleManager: Shutting down and abandoning module UMGEditor (66)
[2015.08.30-21.01.37:930][ 37]LogModuleManager: Shutting down and abandoning module UMG (65)
[2015.08.30-21.01.37:930][ 37]LogModuleManager: Shutting down and abandoning module Slate (64)
[2015.08.30-21.01.37:930][ 37]LogModuleManager: Shutting down and abandoning module EditorStyle (63)
[2015.08.30-21.01.37:933][ 37]LogModuleManager: Shutting down and abandoning module SessionServices (62)
[2015.08.30-21.01.37:933][ 37]LogModuleManager: Shutting down and abandoning module SourceCodeAccess (61)
[2015.08.30-21.01.37:933][ 37]LogModuleManager: Shutting down and abandoning module HeadMountedDisplay (60)
[2015.08.30-21.01.37:933][ 37]LogModuleManager: Shutting down and abandoning module XAudio2 (59)
[2015.08.30-21.01.37:933][ 37]LogModuleManager: Shutting down and abandoning module Networking (57)
[2015.08.30-21.01.37:933][ 37]LogModuleManager: Shutting down and abandoning module Core (56)
[2015.08.30-21.01.37:933][ 37]LogModuleManager: Shutting down and abandoning module KismetCompiler (55)
[2015.08.30-21.01.37:933][ 37]LogModuleManager: Shutting down and abandoning module PhysXFormats (54)
[2015.08.30-21.01.37:933][ 37]LogModuleManager: Shutting down and abandoning module MeshUtilities (53)
[2015.08.30-21.01.37:933][ 37]LogModuleManager: Shutting down and abandoning module DerivedDataCache (52)
[2015.08.30-21.01.38:360][ 37]LogDerivedDataCache: Shutdown
[2015.08.30-21.01.38:360][ 37]LogModuleManager: Shutting down and abandoning module ShaderFormatOpenGL (51)
[2015.08.30-21.01.38:360][ 37]LogModuleManager: Shutting down and abandoning module ShaderFormatD3D (50)
[2015.08.30-21.01.38:360][ 37]LogModuleManager: Shutting down and abandoning module MetalShaderFormat (49)
[2015.08.30-21.01.38:360][ 37]LogModuleManager: Shutting down and abandoning module TextureFormatUncompressed (48)
[2015.08.30-21.01.38:360][ 37]LogModuleManager: Shutting down and abandoning module TextureFormatPVR (47)
[2015.08.30-21.01.38:360][ 37]LogModuleManager: Shutting down and abandoning module TextureFormatIntelISPCTexComp (46)
[2015.08.30-21.01.38:360][ 37]LogModuleManager: Shutting down and abandoning module TextureFormatDXT (45)
[2015.08.30-21.01.38:360][ 37]LogModuleManager: Shutting down and abandoning module ImageWrapper (44)
[2015.08.30-21.01.38:360][ 37]LogModuleManager: Shutting down and abandoning module TextureFormatASTC (43)
[2015.08.30-21.01.38:360][ 37]LogModuleManager: Shutting down and abandoning module TextureFormatAndroid (42)
[2015.08.30-21.01.38:360][ 37]LogModuleManager: Shutting down and abandoning module AudioFormatOpus (41)
[2015.08.30-21.01.38:360][ 37]LogModuleManager: Shutting down and abandoning module AudioFormatOgg (40)
[2015.08.30-21.01.38:360][ 37]LogModuleManager: Shutting down and abandoning module AudioFormatADPCM (39)
[2015.08.30-21.01.38:360][ 37]LogModuleManager: Shutting down and abandoning module LinuxTargetPlatform (38)
[2015.08.30-21.01.38:360][ 37]LogModuleManager: Shutting down and abandoning module LinuxServerTargetPlatform (37)
[2015.08.30-21.01.38:360][ 37]LogModuleManager: Shutting down and abandoning module LinuxNoEditorTargetPlatform (36)
[2015.08.30-21.01.38:360][ 37]LogModuleManager: Shutting down and abandoning module Messaging (35)
[2015.08.30-21.01.38:360][ 37]LogModuleManager: Shutting down and abandoning module IOSTargetPlatform (34)
[2015.08.30-21.01.38:360][ 37]LogModuleManager: Shutting down and abandoning module HTML5TargetPlatform (33)
[2015.08.30-21.01.38:360][ 37]LogModuleManager: Shutting down and abandoning module Android_PVRTCTargetPlatform (32)
[2015.08.30-21.01.38:360][ 37]LogModuleManager: Shutting down and abandoning module Android_ETC2TargetPlatform (31)
[2015.08.30-21.01.38:360][ 37]LogModuleManager: Shutting down and abandoning module Android_ETC1TargetPlatform (30)
[2015.08.30-21.01.38:360][ 37]LogModuleManager: Shutting down and abandoning module Android_DXTTargetPlatform (29)
[2015.08.30-21.01.38:360][ 37]LogModuleManager: Shutting down and abandoning module Android_ATCTargetPlatform (28)
[2015.08.30-21.01.38:360][ 37]LogModuleManager: Shutting down and abandoning module Android_ASTCTargetPlatform (27)
[2015.08.30-21.01.38:360][ 37]LogModuleManager: Shutting down and abandoning module AndroidTargetPlatform (26)
[2015.08.30-21.01.38:360][ 37]LogModuleManager: Shutting down and abandoning module WindowsTargetPlatform (25)
[2015.08.30-21.01.38:360][ 37]LogModuleManager: Shutting down and abandoning module WindowsServerTargetPlatform (24)
[2015.08.30-21.01.38:360][ 37]LogModuleManager: Shutting down and abandoning module WindowsNoEditorTargetPlatform (23)
[2015.08.30-21.01.38:360][ 37]LogModuleManager: Shutting down and abandoning module WindowsClientTargetPlatform (22)
[2015.08.30-21.01.38:360][ 37]LogModuleManager: Shutting down and abandoning module DesktopTargetPlatform (21)
[2015.08.30-21.01.38:360][ 37]LogModuleManager: Shutting down and abandoning module TargetPlatform (20)
[2015.08.30-21.01.38:360][ 37]LogModuleManager: Shutting down and abandoning module InputCore (19)
[2015.08.30-21.01.38:360][ 37]LogModuleManager: Shutting down and abandoning module Settings (18)
[2015.08.30-21.01.38:360][ 37]LogModuleManager: Shutting down and abandoning module OnlineSubsystem (16)
[2015.08.30-21.01.38:360][ 37]LogModuleManager: Shutting down and abandoning module HTTP (15)
[2015.08.30-21.01.38:360][ 37]LogModuleManager: Shutting down and abandoning module ExampleDeviceProfileSelector (14)
[2015.08.30-21.01.38:360][ 37]LogModuleManager: Shutting down and abandoning module TextureCompressor (13)
[2015.08.30-21.01.38:360][ 37]LogModuleManager: Shutting down and abandoning module ShaderCore (12)
[2015.08.30-21.01.38:361][ 37]LogModuleManager: Shutting down and abandoning module Landscape (11)
[2015.08.30-21.01.38:361][ 37]LogModuleManager: Shutting down and abandoning module SlateRHIRenderer (10)
[2015.08.30-21.01.38:361][ 37]LogModuleManager: Shutting down and abandoning module OpenGLDrv (9)
[2015.08.30-21.01.38:361][ 37]LogModuleManager: Shutting down and abandoning module D3D11RHI (8)
[2015.08.30-21.01.38:361][ 37]LogModuleManager: Shutting down and abandoning module Renderer (7)
[2015.08.30-21.01.38:361][ 37]LogModuleManager: Shutting down and abandoning module Engine (6)
[2015.08.30-21.01.38:361][ 37]LogModuleManager: Shutting down and abandoning module CoreUObject (5)
[2015.08.30-21.01.38:361][ 37]LogModuleManager: Shutting down and abandoning module NetworkFile (4)
[2015.08.30-21.01.38:361][ 37]LogModuleManager: Shutting down and abandoning module StreamingFile (3)
[2015.08.30-21.01.38:361][ 37]LogModuleManager: Shutting down and abandoning module SandboxFile (2)
[2015.08.30-21.01.38:361][ 37]LogModuleManager: Shutting down and abandoning module PakFile (1)
[2015.08.30-21.01.38:362][ 37]LogExit: Exiting.
[2015.08.30-21.01.38:363][ 37]Log file closed, 08/30/15 23:01:38
