[2015.09.04-13.58.58:585][  0]Log file open, 09/04/15 15:58:58
[2015.09.04-13.58.58:585][  0]LogInit:Display: Running engine for game: NotPartofGame
[2015.09.04-13.58.58:585][  0]LogInit:Display: RandInit(537437882) SRandInit(537437883).
[2015.09.04-13.58.58:585][  0]LogTaskGraph: Started task graph with 4 named threads and 7 total threads.
[2015.09.04-13.58.58:585][  0]LogStats: Stats thread started
[2015.09.04-13.58.58:585][  0]LogInit: Version: 4.8.3-2634408+++depot+UE4-Releases+4.8
[2015.09.04-13.58.58:585][  0]LogInit: API Version: 2579680
[2015.09.04-13.58.58:585][  0]LogInit: Compiled (64-bit): Jul 27 2015 16:24:33
[2015.09.04-13.58.58:585][  0]LogInit: Compiled with Visual C++: 18.00.21005.01
[2015.09.04-13.58.58:585][  0]LogInit: Build Configuration: Development
[2015.09.04-13.58.58:585][  0]LogInit: Branch Name: ++depot+UE4-Releases+4.8
[2015.09.04-13.58.58:585][  0]LogInit: Command line: 
[2015.09.04-13.58.58:585][  0]LogInit: Base directory: C:/Users/Bodoo/Documents/Programmieren/4.8/Engine/Binaries/Win64/
[2015.09.04-13.58.58:585][  0]LogInit: Rocket: 1
[2015.09.04-13.58.58:614][  0]LogInit: Using libcurl 7.41.0
[2015.09.04-13.58.58:614][  0]LogInit:  - built for x86_64-pc-win32
[2015.09.04-13.58.58:614][  0]LogInit:  - supports SSL with WinSSL
[2015.09.04-13.58.58:614][  0]LogInit:  - other features:
[2015.09.04-13.58.58:614][  0]LogInit:      CURL_VERSION_SSL
[2015.09.04-13.58.58:614][  0]LogInit:      CURL_VERSION_IPV6
[2015.09.04-13.58.58:614][  0]LogInit:      CURL_VERSION_ASYNCHDNS
[2015.09.04-13.58.58:614][  0]LogInit:      CURL_VERSION_LARGEFILE
[2015.09.04-13.58.58:614][  0]LogInit:      CURL_VERSION_IDN
[2015.09.04-13.58.58:614][  0]LogInit:  CurlRequestOptions (configurable via config and command line):
[2015.09.04-13.58.58:614][  0]LogInit:  - bVerifyPeer = true  - Libcurl will verify peer certificate
[2015.09.04-13.58.58:614][  0]LogInit:  - bUseHttpProxy = false  - Libcurl will NOT use HTTP proxy
[2015.09.04-13.58.58:614][  0]LogInit:  - bDontReuseConnections = false  - Libcurl will reuse connections
[2015.09.04-13.58.58:614][  0]LogInit:  - CertBundlePath = nullptr  - Libcurl will use whatever was configured at build time.
[2015.09.04-13.58.58:626][  0]LogOnline:Warning: No default platform service specified for OnlineSubsystem
[2015.09.04-13.58.58:641][  0]LogInit: Presizing for 0 objects not considered by GC, pre-allocating 0 bytes.
[2015.09.04-13.58.58:649][  0]LogInit: Object subsystem initialized
[2015.09.04-13.58.58:650][  0]LogConsoleResponse:Warning: Skipping Unknown console variable: 'UIScaleCurve = (EditorCurveData=(Keys=((Time=480.000000,Value=0.444000),(Time=720.000000,Value=0.666000),(Time=1080.000000,Value=1.000000),(Time=8640.000000,Value=8.000000))),ExternalCurve=None)'
[2015.09.04-13.58.58:650][  0]LogConsoleResponse:Warning:   Found in ini file 'C:/Users/Bodoo/Documents/Programmieren/Projekte/NotPartofTheGame/Saved/Config/Windows/Engine.ini', in section '[/Script/Engine.RendererSettings]'
[2015.09.04-13.58.58:650][  0]LogConsoleManager:Warning: Console variable 'r.MSAA.CompositingSampleCount' wasn't set ('Scalability' has a lower priority than 'ProjectSetting')
[2015.09.04-13.58.58:650][  0]LogInit: Selected Device Profile: [Windows]
[2015.09.04-13.58.58:650][  0]LogInit: Applying CVar settings loaded from the selected device profile: [Windows]
[2015.09.04-13.58.58:659][  0]LogInit: Computer: DESKTOP-GLF6O4V
[2015.09.04-13.58.58:659][  0]LogInit: User: Bodoo
[2015.09.04-13.58.58:659][  0]LogInit: CPU Page size=4096, Cores=4
[2015.09.04-13.58.58:659][  0]LogInit: High frequency timer resolution =3.215355 MHz
[2015.09.04-13.58.58:659][  0]LogMemory: Memory total: Physical=12.0GB (12GB approx)
[2015.09.04-13.58.58:659][  0]LogMemory: Platform Memory Stats for Windows
[2015.09.04-13.58.58:659][  0]LogMemory: Process Physical Memory: 51.08 MB used, 51.08 MB peak
[2015.09.04-13.58.58:659][  0]LogMemory: Process Virtual Memory: 22.52 MB used, 24.43 MB peak
[2015.09.04-13.58.58:659][  0]LogMemory: Physical Memory: 2226.14 MB used, 12270.70 MB total
[2015.09.04-13.58.58:659][  0]LogMemory: Virtual Memory: 309.63 MB used, 134217728.00 MB total
[2015.09.04-13.58.58:688][  0]LogTextLocalizationManager: The requested culture ('de_DE') has no localization data; falling back to 'en' for localization and internationalization data.
[2015.09.04-13.58.58:928][  0]LogTextLocalizationManager:Warning: Loaded localization resources contain conflicting entries for (Namespace:ContentBrowser, Key:ImportAssetToolTip):
Localization Resource: (C:/Users/Bodoo/Documents/Programmieren/4.8/Engine/Content/Localization/Editor/en/Editor.locres) Source String Hash: (-630476809) Localized String: (Import to {0}...)
Localization Resource: (C:/Users/Bodoo/Documents/Programmieren/4.8/Engine/Content/Localization/Editor/en/Editor.locres) Source String Hash: (1271782899) Localized String: (Imports an asset from file to this folder.)
[2015.09.04-13.58.59:366][  0]LogD3D11RHI: Found D3D11 adapter 0: AMD Radeon HD 6800 Series (Feature Level 11_0)
[2015.09.04-13.58.59:366][  0]LogD3D11RHI: Adapter has 1011MB of dedicated video memory, 0MB of dedicated system memory, and 3840MB of shared system memory, 1 output[s]
[2015.09.04-13.58.59:367][  0]LogD3D11RHI: Found D3D11 adapter 1: Microsoft Basic Render Driver (Feature Level 11_0)
[2015.09.04-13.58.59:367][  0]LogD3D11RHI: Adapter has 0MB of dedicated video memory, 0MB of dedicated system memory, and 6135MB of shared system memory, 0 output[s]
[2015.09.04-13.58.59:367][  0]LogD3D11RHI: Chosen D3D11 Adapter Id = 0
[2015.09.04-13.58.59:370][  0]LogD3D11RHI: InitD3DDevice
[2015.09.04-13.58.59:370][  0]LogD3D11RHI: !Direct3DDevice
[2015.09.04-13.58.59:370][  0]LogRHI: Texture pool is 708 MB (70% of 1011 MB)
[2015.09.04-13.58.59:377][  0]LogD3D11RHI: Async texture creation disabled: no driver support
[2015.09.04-13.58.59:387][  0]LogShaderCompilers:Display: Using Local Shader Compiler.
[2015.09.04-13.59.00:232][  0]LogTemp:Display: Loaded TP DesktopTargetPlatform
[2015.09.04-13.59.00:249][  0]LogTemp:Display: Loaded TP WindowsClientTargetPlatform
[2015.09.04-13.59.00:265][  0]LogTemp:Display: Loaded TP WindowsNoEditorTargetPlatform
[2015.09.04-13.59.00:281][  0]LogTemp:Display: Loaded TP WindowsServerTargetPlatform
[2015.09.04-13.59.00:298][  0]LogTemp:Display: Loaded TP WindowsTargetPlatform
[2015.09.04-13.59.00:316][  0]LogTemp:Display: Loaded TP AndroidTargetPlatform
[2015.09.04-13.59.00:339][  0]LogTemp:Display: Loaded TP Android_ASTCTargetPlatform
[2015.09.04-13.59.00:355][  0]LogTemp:Display: Loaded TP Android_ATCTargetPlatform
[2015.09.04-13.59.00:370][  0]LogTemp:Display: Loaded TP Android_DXTTargetPlatform
[2015.09.04-13.59.00:384][  0]LogTemp:Display: Loaded TP Android_ETC1TargetPlatform
[2015.09.04-13.59.00:398][  0]LogTemp:Display: Loaded TP Android_ETC2TargetPlatform
[2015.09.04-13.59.00:412][  0]LogTemp:Display: Loaded TP Android_PVRTCTargetPlatform
[2015.09.04-13.59.00:463][  0]LogTemp:Display: Loaded TP IOSTargetPlatform
[2015.09.04-13.59.00:476][  0]LogTemp:Display: Loaded TP LinuxNoEditorTargetPlatform
[2015.09.04-13.59.00:489][  0]LogTemp:Display: Loaded TP LinuxServerTargetPlatform
[2015.09.04-13.59.00:506][  0]LogTemp:Display: Loaded TP LinuxTargetPlatform
[2015.09.04-13.59.00:506][  0]LogTargetPlatformManager:Display: Building Assets For Windows
[2015.09.04-13.59.00:736][  0]LogDerivedDataCache:Display: Max Cache Size: 512 MB
[2015.09.04-13.59.00:800][  0]LogDerivedDataCache: Loaded boot cache 0.06s 53MB C:/Users/Bodoo/AppData/Local/UnrealEngine/4.8/DerivedDataCache/Boot.ddc.
[2015.09.04-13.59.00:800][  0]LogDerivedDataCache:Display: Loaded Boot cache: C:/Users/Bodoo/AppData/Local/UnrealEngine/4.8/DerivedDataCache/Boot.ddc
[2015.09.04-13.59.00:800][  0]LogDerivedDataCache: FDerivedDataBackendGraph:  Pak pak cache file ../../../../Projekte/NotPartofTheGame/DerivedDataCache/DDC.ddp not found, will not use a pak cache.
[2015.09.04-13.59.00:800][  0]LogDerivedDataCache: Unable to find inner node Pak for hierarchical cache Hierarchy.
[2015.09.04-13.59.00:800][  0]LogDerivedDataCache: FDerivedDataBackendGraph:  CompressedPak pak cache file ../../../../Projekte/NotPartofTheGame/DerivedDataCache/Compressed.ddp not found, will not use a pak cache.
[2015.09.04-13.59.00:800][  0]LogDerivedDataCache: Unable to find inner node CompressedPak for hierarchical cache Hierarchy.
[2015.09.04-13.59.00:966][  0]LogDerivedDataCache:Display: Pak cache opened for reading ../../../Engine/DerivedDataCache/Compressed.ddp.
[2015.09.04-13.59.00:978][  0]LogDerivedDataCache: Using Local data cache path C:/Users/Bodoo/AppData/Local/UnrealEngine/Common/DerivedDataCache: Writable
[2015.09.04-13.59.01:230][  0]LogInit: Selected Device Profile: [Windows]
[2015.09.04-13.59.01:323][  0]ImportText (ComponentSweepMultiTests): Missing closing parenthesis: (RootShapeAsset="/Engine/BasicShapes/Cube.Cube",ShapeType="TriggerCapsule",HitResult=(Time=0.50,Location=(X=-100.000015,Y=0.0,Z=100.000015),ImpactPoint=(X=-50.0,Y=0.0,Z=50.0),Normal=(X=-1.0,Y=-0.0,Z=0.0),ImpactNormal=(X=0.0,Y=0.0,Z=1.0),TraceStart=(X=-200.0,Y=0.0,Z=200.0),TraceEnd=(X=0.0,Y=0.0,Z=0.0))
[2015.09.04-13.59.01:323][  0]ImportText (LineTraceSingleByChannelTests): Missing closing parenthesis: (RootShapeAsset="/Engine/BasicShapes/Cube.Cube",HitResult=(Time=0.50,Location=(X=-100.000015,Y=0.0,Z=100.000015),ImpactPoint=(X=-50.0,Y=0.0,Z=50.0),Normal=(X=-1.0,Y=-0.0,Z=0.0),ImpactNormal=(X=0.0,Y=0.0,Z=1.0),TraceStart=(X=-200.0,Y=0.0,Z=200.0),TraceEnd=(X=0.0,Y=0.0,Z=0.0))
[2015.09.04-13.59.01:353][  0]LogMeshUtilities: No automatic mesh reduction module available
[2015.09.04-13.59.01:353][  0]LogMeshUtilities: No automatic mesh merging module available
[2015.09.04-13.59.01:698][  0]LogInit: WinSock: version 1.1 (2.2), MaxSocks=32767, MaxUdp=65467
[2015.09.04-13.59.02:785][  0]LogAssetRegistry: FAssetRegistry took 0.0112 seconds to start up
[2015.09.04-13.59.02:800][  0]LogDirectoryWatcher:Warning: Failed to begin reading directory changes for ../../../Engine/Plugins/Experimental/CharacterAI/Content/. Error: 0
[2015.09.04-13.59.02:816][  0]UdpMessaging: Initializing bridge on interface 0.0.0.0:0 to multicast group 230.0.0.1:6666.
[2015.09.04-13.59.03:180][  0]SourceControl: Info Source control is disabled
[2015.09.04-13.59.03:188][  0]SourceControl: Info Source control is disabled
[2015.09.04-13.59.03:198][  0]SourceControl: Info Source control is disabled
[2015.09.04-13.59.03:209][  0]SourceControl: Info Source control is disabled
[2015.09.04-13.59.03:496][  0]LogObj: 26440 objects as part of root set at end of initial load.
[2015.09.04-13.59.03:496][  0]LogUObjectAllocator: 5438864 out of 0 bytes used by permanent object pool.
[2015.09.04-13.59.03:570][  0]LogEngine: Initializing Engine...
[2015.09.04-13.59.03:572][  0]LogHMD: Can't find Oculus library dev build: is proper Runtime installed? Version: 0.6.0.0
[2015.09.04-13.59.03:573][  0]LogHMD:Warning: SteamVR failed to initialize.  Error: 110
[2015.09.04-13.59.03:737][  0]LogAIModule: Creating AISystem for world NewWorld
[2015.09.04-13.59.03:742][  0]LogInit: XAudio2 using 'Lautsprecher (G510s Gaming Keyboard)' : 2 channels at 48 kHz using 16 bits per sample (channel mask 0x3)
[2015.09.04-13.59.03:748][  0]LogInit: FAudioDevice initialized.
[2015.09.04-13.59.03:777][  0]LogDerivedDataCache: Saved boot cache 0.03s 53MB C:/Users/Bodoo/AppData/Local/UnrealEngine/4.8/DerivedDataCache/Boot.ddc.
[2015.09.04-13.59.03:788][  0]LogInit: Texture streaming: Disabled
[2015.09.04-13.59.03:812][  0]LogAnalytics: Creating configured Analytics provider AnalyticsET
[2015.09.04-13.59.03:812][  0]LogAnalytics: [UEEditor.Rocket.Release] APIServer = http://et2.epicgames.com/ET2/. AppVersion = 4.8.3-2634408+++depot+UE4-Releases+4.8
[2015.09.04-13.59.03:812][  0]LogAnalytics: [UEEditor.Rocket.Release] SetUserId 0359330b4a4de6cf49a2cc9879aa4f35||823e2c57-8ae8-4d61-a04c-15505c18bf02
[2015.09.04-13.59.03:813][  0]LogAnalytics: [UEEditor.Rocket.Release] AnalyticsET::StartSession
[2015.09.04-13.59.03:838][  0]LogInit: Transaction tracking system initialized
[2015.09.04-13.59.03:971][  0]BlueprintLog: New page: Editor Load
[2015.09.04-13.59.04:624][  0]LogConsoleManager:Warning: Console variable 'r.VSync' wasn't set ('GameSetting' has a lower priority than 'SystemSettingsIni')
[2015.09.04-13.59.04:624][  0]LogConsoleResponse:Display: 
[2015.09.04-13.59.04:723][  0]LogCook:Display: Done creating registry. It took  0.00s.
[2015.09.04-13.59.04:912][  0]SourceControl: Info Source control is disabled
[2015.09.04-13.59.04:912][  0]Cmd: MAP LOAD FILE="../../../../Projekte/NotPartofTheGame/Content/NPOTG/Maps/Testing_Level.umap" TEMPLATE=0 SHOWPROGRESS=1 FEATURELEVEL=3
[2015.09.04-13.59.04:912][  0]LightingResults: New page: Lighting Build
[2015.09.04-13.59.04:925][  0]MapCheck: New page: Map Check
[2015.09.04-13.59.04:925][  0]LightingResults: New page: Lighting Build
[2015.09.04-13.59.04:934][  0]LogParticles: Destroying 0 GPU particle simulations for FXSystem 0x0000009799BD6F20
[2015.09.04-13.59.07:516][  0]LogAIModule: Creating AISystem for world Testing_Level
[2015.09.04-13.59.07:518][  0]LogPrimitiveComponent: Zero scaling not supported (/Game/NPOTG/Maps/Testing_Level.Testing_Level:PersistentLevel.PlayerStart.CollisionCapsule)
[2015.09.04-13.59.07:607][  0]LogEditorServer: Finished looking for orphan Actors (0.000 secs)
[2015.09.04-13.59.07:609][  0]Cmd: MAP CHECKDEP NOCLEARLOG
[2015.09.04-13.59.07:675][  0]MapCheck: Info Map check complete: 0 Error(s), 0 Warning(s), took 65.628ms to complete.
[2015.09.04-13.59.07:675][  0]LogFileHelpers: Loading map 'Testing_Level' took 2.763
[2015.09.04-13.59.07:804][  0]LogCollectionManager: Loaded 0 collections in 0.002303 seconds
[2015.09.04-13.59.07:812][  0]LogContentBrowser: Native class hierarchy populated in 0.0074 seconds. Added 1807 classes and 307 folders.
[2015.09.04-13.59.07:857][  0]LogContentBrowser: Native class hierarchy updated for 'WidgetCarousel' in 0.0004 seconds. Added 0 classes and 0 folders.
[2015.09.04-13.59.07:885][  0]LogContentBrowser: Native class hierarchy updated for 'AddContentDialog' in 0.0003 seconds. Added 0 classes and 0 folders.
[2015.09.04-13.59.07:903][  0]LogContentBrowser: Native class hierarchy updated for 'SceneOutliner' in 0.0004 seconds. Added 1 classes and 2 folders.
[2015.09.04-13.59.07:986][  0]LogCrashTracker: Crashtracker disabled due to settings.
[2015.09.04-13.59.07:987][  0]LogD3D11RHI: InitD3DDevice
[2015.09.04-13.59.07:990][  0]LogUObjectGlobals:Warning: Failed to find object 'Class None.'
[2015.09.04-13.59.08:012][  0]LogLoad: Full Startup: 11.21 seconds (BP compile: 1.38 seconds)
[2015.09.04-13.59.08:087][  0]LogContentStreaming: Texture pool size is 0.000000MB
[2015.09.04-13.59.08:134][  0]LogContentStreaming: Texture pool size now 1000 MB
[2015.09.04-13.59.08:363][  0]LogRenderer: Reallocating scene render targets to support 1208x576 (Frame:2).
[2015.09.04-13.59.08:973][  9]LogAssetRegistry: Asset discovery search completed in 6.1997 seconds
[2015.09.04-13.59.30:460][498]Cmd: DELETE
[2015.09.04-13.59.30:460][498]Cmd: ACTOR DELETE
[2015.09.04-13.59.30:517][498]LogEditorActor: Deleted Actor: PaperSpriteActor
[2015.09.04-13.59.30:520][498]LogEditorActor: Deleted Actor: PaperSpriteActor
[2015.09.04-13.59.30:522][498]LogEditorActor: Deleted Actor: PaperSpriteActor
[2015.09.04-13.59.30:525][498]LogEditorActor: Deleted Actor: PaperSpriteActor
[2015.09.04-13.59.30:528][498]LogEditorActor: Deleted Actor: PaperSpriteActor
[2015.09.04-13.59.30:530][498]LogEditorActor: Deleted Actor: PaperSpriteActor
[2015.09.04-13.59.30:533][498]LogEditorActor: Deleted Actor: PaperSpriteActor
[2015.09.04-13.59.30:535][498]LogEditorActor: Deleted Actor: PaperSpriteActor
[2015.09.04-13.59.30:537][498]LogEditorActor: Deleted Actor: PaperSpriteActor
[2015.09.04-13.59.30:540][498]LogEditorActor: Deleted Actor: PaperSpriteActor
[2015.09.04-13.59.30:542][498]LogEditorActor: Deleted Actor: PaperSpriteActor
[2015.09.04-13.59.30:545][498]LogEditorActor: Deleted Actor: PaperSpriteActor
[2015.09.04-13.59.30:547][498]LogEditorActor: Deleted Actor: PaperSpriteActor
[2015.09.04-13.59.30:550][498]LogEditorActor: Deleted Actor: PaperSpriteActor
[2015.09.04-13.59.30:552][498]LogEditorActor: Deleted Actor: PaperSpriteActor
[2015.09.04-13.59.30:555][498]LogEditorActor: Deleted Actor: PaperSpriteActor
[2015.09.04-13.59.30:558][498]LogEditorActor: Deleted Actor: PaperSpriteActor
[2015.09.04-13.59.30:561][498]LogEditorActor: Deleted Actor: PaperSpriteActor
[2015.09.04-13.59.30:563][498]LogEditorActor: Deleted Actor: PaperSpriteActor
[2015.09.04-13.59.30:566][498]LogEditorActor: Deleted Actor: PaperSpriteActor
[2015.09.04-13.59.30:569][498]LogEditorActor: Deleted Actor: PaperSpriteActor
[2015.09.04-13.59.30:572][498]LogEditorActor: Deleted Actor: PaperSpriteActor
[2015.09.04-13.59.30:574][498]LogEditorActor: Deleted Actor: PaperSpriteActor
[2015.09.04-13.59.30:577][498]LogEditorActor: Deleted Actor: PaperSpriteActor
[2015.09.04-13.59.30:579][498]LogEditorActor: Deleted Actor: PaperSpriteActor
[2015.09.04-13.59.30:582][498]LogEditorActor: Deleted Actor: PaperSpriteActor
[2015.09.04-13.59.30:585][498]LogEditorActor: Deleted Actor: PaperSpriteActor
[2015.09.04-13.59.30:587][498]LogEditorActor: Deleted Actor: PaperSpriteActor
[2015.09.04-13.59.30:590][498]LogEditorActor: Deleted Actor: PaperSpriteActor
[2015.09.04-13.59.30:592][498]LogEditorActor: Deleted Actor: PaperSpriteActor
[2015.09.04-13.59.30:595][498]LogEditorActor: Deleted Actor: PaperSpriteActor
[2015.09.04-13.59.30:597][498]LogEditorActor: Deleted Actor: PaperSpriteActor
[2015.09.04-13.59.30:600][498]LogEditorActor: Deleted Actor: PaperSpriteActor
[2015.09.04-13.59.30:603][498]LogEditorActor: Deleted Actor: PaperSpriteActor
[2015.09.04-13.59.30:605][498]LogEditorActor: Deleted Actor: PaperSpriteActor
[2015.09.04-13.59.30:608][498]LogEditorActor: Deleted Actor: PaperSpriteActor
[2015.09.04-13.59.30:610][498]LogEditorActor: Deleted Actor: PaperSpriteActor
[2015.09.04-13.59.30:612][498]LogEditorActor: Deleted Actor: PaperSpriteActor
[2015.09.04-13.59.30:615][498]LogEditorActor: Deleted Actor: PaperSpriteActor
[2015.09.04-13.59.30:617][498]LogEditorActor: Deleted Actor: PaperSpriteActor
[2015.09.04-13.59.30:620][498]LogEditorActor: Deleted Actor: PaperSpriteActor
[2015.09.04-13.59.30:622][498]LogEditorActor: Deleted Actor: PaperSpriteActor
[2015.09.04-13.59.30:624][498]LogEditorActor: Deleted Actor: PaperSpriteActor
[2015.09.04-13.59.30:627][498]LogEditorActor: Deleted Actor: PaperSpriteActor
[2015.09.04-13.59.30:629][498]LogEditorActor: Deleted Actor: PaperSpriteActor
[2015.09.04-13.59.30:631][498]LogEditorActor: Deleted Actor: PaperSpriteActor
[2015.09.04-13.59.30:634][498]LogEditorActor: Deleted Actor: PaperSpriteActor
[2015.09.04-13.59.30:636][498]LogEditorActor: Deleted Actor: PaperSpriteActor
[2015.09.04-13.59.30:639][498]LogEditorActor: Deleted Actor: PaperSpriteActor
[2015.09.04-13.59.30:642][498]LogEditorActor: Deleted Actor: PaperSpriteActor
[2015.09.04-13.59.30:644][498]LogEditorActor: Deleted Actor: PaperSpriteActor
[2015.09.04-13.59.30:647][498]LogEditorActor: Deleted Actor: PaperSpriteActor
[2015.09.04-13.59.30:649][498]LogEditorActor: Deleted Actor: PaperSpriteActor
[2015.09.04-13.59.30:652][498]LogEditorActor: Deleted Actor: PaperSpriteActor
[2015.09.04-13.59.30:654][498]LogEditorActor: Deleted Actor: PaperSpriteActor
[2015.09.04-13.59.30:657][498]LogEditorActor: Deleted Actor: PaperSpriteActor
[2015.09.04-13.59.30:659][498]LogEditorActor: Deleted Actor: PaperSpriteActor
[2015.09.04-13.59.30:662][498]LogEditorActor: Deleted Actor: PaperSpriteActor
[2015.09.04-13.59.30:664][498]LogEditorActor: Deleted Actor: PaperSpriteActor
[2015.09.04-13.59.30:667][498]LogEditorActor: Deleted Actor: PaperSpriteActor
[2015.09.04-13.59.30:670][498]LogEditorActor: Deleted Actor: PaperSpriteActor
[2015.09.04-13.59.30:673][498]LogEditorActor: Deleted Actor: PaperSpriteActor
[2015.09.04-13.59.30:675][498]LogEditorActor: Deleted Actor: PaperSpriteActor
[2015.09.04-13.59.30:678][498]LogEditorActor: Deleted Actor: PaperSpriteActor
[2015.09.04-13.59.30:680][498]LogEditorActor: Deleted Actor: PaperSpriteActor
[2015.09.04-13.59.30:683][498]LogEditorActor: Deleted Actor: PaperSpriteActor
[2015.09.04-13.59.30:686][498]LogEditorActor: Deleted Actor: PaperSpriteActor
[2015.09.04-13.59.30:688][498]LogEditorActor: Deleted Actor: PaperSpriteActor
[2015.09.04-13.59.30:691][498]LogEditorActor: Deleted Actor: PaperSpriteActor
[2015.09.04-13.59.30:693][498]LogEditorActor: Deleted Actor: PaperSpriteActor
[2015.09.04-13.59.30:696][498]LogEditorActor: Deleted Actor: PaperSpriteActor
[2015.09.04-13.59.30:698][498]LogEditorActor: Deleted Actor: PaperSpriteActor
[2015.09.04-13.59.30:701][498]LogEditorActor: Deleted Actor: PaperSpriteActor
[2015.09.04-13.59.30:703][498]LogEditorActor: Deleted Actor: PaperSpriteActor
[2015.09.04-13.59.30:706][498]LogEditorActor: Deleted Actor: PaperSpriteActor
[2015.09.04-13.59.30:708][498]LogEditorActor: Deleted Actor: PaperSpriteActor
[2015.09.04-13.59.30:710][498]LogEditorActor: Deleted Actor: PaperSpriteActor
[2015.09.04-13.59.30:713][498]LogEditorActor: Deleted Actor: PaperSpriteActor
[2015.09.04-13.59.30:715][498]LogEditorActor: Deleted Actor: PaperSpriteActor
[2015.09.04-13.59.30:717][498]LogEditorActor: Deleted Actor: PaperSpriteActor
[2015.09.04-13.59.30:720][498]LogEditorActor: Deleted Actor: PaperSpriteActor
[2015.09.04-13.59.30:723][498]LogEditorActor: Deleted Actor: PaperSpriteActor
[2015.09.04-13.59.30:726][498]LogEditorActor: Deleted Actor: PaperSpriteActor
[2015.09.04-13.59.30:729][498]LogEditorActor: Deleted Actor: PaperSpriteActor
[2015.09.04-13.59.30:731][498]LogEditorActor: Deleted Actor: PaperSpriteActor
[2015.09.04-13.59.30:734][498]LogEditorActor: Deleted Actor: PaperSpriteActor
[2015.09.04-13.59.30:737][498]LogEditorActor: Deleted Actor: PaperSpriteActor
[2015.09.04-13.59.30:739][498]LogEditorActor: Deleted Actor: PaperSpriteActor
[2015.09.04-13.59.30:742][498]LogEditorActor: Deleted Actor: PaperSpriteActor
[2015.09.04-13.59.30:744][498]LogEditorActor: Deleted Actor: PaperSpriteActor
[2015.09.04-13.59.30:746][498]LogEditorActor: Deleted Actor: PaperSpriteActor
[2015.09.04-13.59.30:749][498]LogEditorActor: Deleted Actor: PaperSpriteActor
[2015.09.04-13.59.30:752][498]LogEditorActor: Deleted Actor: PaperSpriteActor
[2015.09.04-13.59.30:754][498]LogEditorActor: Deleted Actor: PaperSpriteActor
[2015.09.04-13.59.30:757][498]LogEditorActor: Deleted Actor: PaperSpriteActor
[2015.09.04-13.59.30:759][498]LogEditorActor: Deleted Actor: PaperSpriteActor
[2015.09.04-13.59.30:761][498]LogEditorActor: Deleted Actor: PaperSpriteActor
[2015.09.04-13.59.30:764][498]LogEditorActor: Deleted Actor: PaperSpriteActor
[2015.09.04-13.59.30:766][498]LogEditorActor: Deleted Actor: PaperSpriteActor
[2015.09.04-13.59.30:769][498]LogEditorActor: Deleted Actor: PaperSpriteActor
[2015.09.04-13.59.30:771][498]LogEditorActor: Deleted Actor: PaperSpriteActor
[2015.09.04-13.59.30:774][498]LogEditorActor: Deleted Actor: PaperSpriteActor
[2015.09.04-13.59.30:776][498]LogEditorActor: Deleted Actor: PaperSpriteActor
[2015.09.04-13.59.30:778][498]LogEditorActor: Deleted Actor: PaperSpriteActor
[2015.09.04-13.59.30:781][498]LogEditorActor: Deleted Actor: PaperSpriteActor
[2015.09.04-13.59.30:783][498]LogEditorActor: Deleted Actor: PaperSpriteActor
[2015.09.04-13.59.30:786][498]LogEditorActor: Deleted Actor: PaperSpriteActor
[2015.09.04-13.59.30:788][498]LogEditorActor: Deleted Actor: PaperSpriteActor
[2015.09.04-13.59.30:790][498]LogEditorActor: Deleted Actor: PaperSpriteActor
[2015.09.04-13.59.30:793][498]LogEditorActor: Deleted Actor: PaperSpriteActor
[2015.09.04-13.59.30:795][498]LogEditorActor: Deleted Actor: PaperSpriteActor
[2015.09.04-13.59.30:798][498]LogEditorActor: Deleted Actor: PaperSpriteActor
[2015.09.04-13.59.30:800][498]LogEditorActor: Deleted Actor: PaperSpriteActor
[2015.09.04-13.59.30:803][498]LogEditorActor: Deleted Actor: PaperSpriteActor
[2015.09.04-13.59.30:806][498]LogEditorActor: Deleted Actor: PaperSpriteActor
[2015.09.04-13.59.30:809][498]LogEditorActor: Deleted Actor: PaperSpriteActor
[2015.09.04-13.59.30:811][498]LogEditorActor: Deleted Actor: PaperSpriteActor
[2015.09.04-13.59.30:814][498]LogEditorActor: Deleted Actor: PaperSpriteActor
[2015.09.04-13.59.30:817][498]LogEditorActor: Deleted Actor: PaperSpriteActor
[2015.09.04-13.59.30:820][498]LogEditorActor: Deleted Actor: PaperSpriteActor
[2015.09.04-13.59.30:823][498]LogEditorActor: Deleted Actor: PaperSpriteActor
[2015.09.04-13.59.30:825][498]LogEditorActor: Deleted Actor: PaperSpriteActor
[2015.09.04-13.59.30:828][498]LogEditorActor: Deleted Actor: PaperSpriteActor
[2015.09.04-13.59.30:831][498]LogEditorActor: Deleted Actor: PaperSpriteActor
[2015.09.04-13.59.30:834][498]LogEditorActor: Deleted Actor: PaperSpriteActor
[2015.09.04-13.59.30:837][498]LogEditorActor: Deleted Actor: PaperSpriteActor
[2015.09.04-13.59.30:840][498]LogEditorActor: Deleted Actor: PaperSpriteActor
[2015.09.04-13.59.30:842][498]LogEditorActor: Deleted Actor: PaperSpriteActor
[2015.09.04-13.59.30:845][498]LogEditorActor: Deleted Actor: PaperSpriteActor
[2015.09.04-13.59.30:847][498]LogEditorActor: Deleted Actor: PaperSpriteActor
[2015.09.04-13.59.30:850][498]LogEditorActor: Deleted Actor: PaperSpriteActor
[2015.09.04-13.59.30:853][498]LogEditorActor: Deleted Actor: PaperSpriteActor
[2015.09.04-13.59.30:855][498]LogEditorActor: Deleted Actor: PaperSpriteActor
[2015.09.04-13.59.30:858][498]LogEditorActor: Deleted Actor: PaperSpriteActor
[2015.09.04-13.59.30:860][498]LogEditorActor: Deleted Actor: PaperSpriteActor
[2015.09.04-13.59.30:862][498]LogEditorActor: Deleted Actor: PaperSpriteActor
[2015.09.04-13.59.30:865][498]LogEditorActor: Deleted Actor: PaperSpriteActor
[2015.09.04-13.59.30:867][498]LogEditorActor: Deleted Actor: PaperSpriteActor
[2015.09.04-13.59.30:869][498]LogEditorActor: Deleted Actor: PaperSpriteActor
[2015.09.04-13.59.30:872][498]LogEditorActor: Deleted Actor: PaperSpriteActor
[2015.09.04-13.59.30:874][498]LogEditorActor: Deleted Actor: PaperSpriteActor
[2015.09.04-13.59.30:876][498]LogEditorActor: Deleted Actor: PaperSpriteActor
[2015.09.04-13.59.30:879][498]LogEditorActor: Deleted Actor: PaperSpriteActor
[2015.09.04-13.59.30:881][498]LogEditorActor: Deleted Actor: PaperSpriteActor
[2015.09.04-13.59.30:883][498]LogEditorActor: Deleted Actor: PaperSpriteActor
[2015.09.04-13.59.30:886][498]LogEditorActor: Deleted Actor: PaperSpriteActor
[2015.09.04-13.59.30:888][498]LogEditorActor: Deleted Actor: PaperSpriteActor
[2015.09.04-13.59.30:891][498]LogEditorActor: Deleted Actor: PaperSpriteActor
[2015.09.04-13.59.30:894][498]LogEditorActor: Deleted Actor: PaperSpriteActor
[2015.09.04-13.59.30:896][498]LogEditorActor: Deleted Actor: PaperSpriteActor
[2015.09.04-13.59.30:899][498]LogEditorActor: Deleted Actor: PaperSpriteActor
[2015.09.04-13.59.30:901][498]LogEditorActor: Deleted Actor: PaperSpriteActor
[2015.09.04-13.59.30:904][498]LogEditorActor: Deleted Actor: PaperSpriteActor
[2015.09.04-13.59.30:907][498]LogEditorActor: Deleted Actor: PaperSpriteActor
[2015.09.04-13.59.30:909][498]LogEditorActor: Deleted Actor: PaperSpriteActor
[2015.09.04-13.59.30:911][498]LogEditorActor: Deleted Actor: PaperSpriteActor
[2015.09.04-13.59.30:913][498]LogEditorActor: Deleted Actor: PaperSpriteActor
[2015.09.04-13.59.30:916][498]LogEditorActor: Deleted Actor: PaperSpriteActor
[2015.09.04-13.59.30:919][498]LogEditorActor: Deleted Actor: PaperSpriteActor
[2015.09.04-13.59.30:921][498]LogEditorActor: Deleted Actor: PaperSpriteActor
[2015.09.04-13.59.30:924][498]LogEditorActor: Deleted Actor: PaperSpriteActor
[2015.09.04-13.59.30:926][498]LogEditorActor: Deleted Actor: PaperSpriteActor
[2015.09.04-13.59.30:928][498]LogEditorActor: Deleted Actor: PaperSpriteActor
[2015.09.04-13.59.30:930][498]LogEditorActor: Deleted Actor: PaperSpriteActor
[2015.09.04-13.59.30:933][498]LogEditorActor: Deleted Actor: PaperSpriteActor
[2015.09.04-13.59.30:935][498]LogEditorActor: Deleted Actor: PaperSpriteActor
[2015.09.04-13.59.30:938][498]LogEditorActor: Deleted Actor: PaperSpriteActor
[2015.09.04-13.59.30:940][498]LogEditorActor: Deleted Actor: PaperSpriteActor
[2015.09.04-13.59.30:942][498]LogEditorActor: Deleted Actor: PaperSpriteActor
[2015.09.04-13.59.30:944][498]LogEditorActor: Deleted Actor: PaperSpriteActor
[2015.09.04-13.59.30:946][498]LogEditorActor: Deleted Actor: PaperSpriteActor
[2015.09.04-13.59.30:949][498]LogEditorActor: Deleted Actor: PaperSpriteActor
[2015.09.04-13.59.30:951][498]LogEditorActor: Deleted Actor: PaperSpriteActor
[2015.09.04-13.59.30:953][498]LogEditorActor: Deleted Actor: PaperSpriteActor
[2015.09.04-13.59.30:955][498]LogEditorActor: Deleted Actor: PaperSpriteActor
[2015.09.04-13.59.30:957][498]LogEditorActor: Deleted Actor: PaperSpriteActor
[2015.09.04-13.59.30:959][498]LogEditorActor: Deleted Actor: PaperSpriteActor
[2015.09.04-13.59.30:962][498]LogEditorActor: Deleted Actor: PaperSpriteActor
[2015.09.04-13.59.30:964][498]LogEditorActor: Deleted Actor: PaperSpriteActor
[2015.09.04-13.59.30:966][498]LogEditorActor: Deleted Actor: PaperSpriteActor
[2015.09.04-13.59.30:968][498]LogEditorActor: Deleted Actor: PaperSpriteActor
[2015.09.04-13.59.30:971][498]LogEditorActor: Deleted Actor: PaperSpriteActor
[2015.09.04-13.59.30:973][498]LogEditorActor: Deleted Actor: PaperSpriteActor
[2015.09.04-13.59.30:976][498]LogEditorActor: Deleted Actor: PaperSpriteActor
[2015.09.04-13.59.30:978][498]LogEditorActor: Deleted Actor: PaperSpriteActor
[2015.09.04-13.59.30:980][498]LogEditorActor: Deleted Actor: PaperSpriteActor
[2015.09.04-13.59.30:982][498]LogEditorActor: Deleted Actor: PaperSpriteActor
[2015.09.04-13.59.30:985][498]LogEditorActor: Deleted Actor: PaperSpriteActor
[2015.09.04-13.59.30:987][498]LogEditorActor: Deleted Actor: PaperSpriteActor
[2015.09.04-13.59.30:990][498]LogEditorActor: Deleted Actor: PaperSpriteActor
[2015.09.04-13.59.30:992][498]LogEditorActor: Deleted Actor: PaperSpriteActor
[2015.09.04-13.59.30:994][498]LogEditorActor: Deleted Actor: PaperSpriteActor
[2015.09.04-13.59.30:996][498]LogEditorActor: Deleted Actor: PaperSpriteActor
[2015.09.04-13.59.30:999][498]LogEditorActor: Deleted Actor: PaperSpriteActor
[2015.09.04-13.59.31:001][498]LogEditorActor: Deleted Actor: PaperSpriteActor
[2015.09.04-13.59.31:004][498]LogEditorActor: Deleted Actor: PaperSpriteActor
[2015.09.04-13.59.31:006][498]LogEditorActor: Deleted Actor: PaperSpriteActor
[2015.09.04-13.59.31:009][498]LogEditorActor: Deleted Actor: PaperSpriteActor
[2015.09.04-13.59.31:011][498]LogEditorActor: Deleted Actor: PaperSpriteActor
[2015.09.04-13.59.31:013][498]LogEditorActor: Deleted Actor: PaperSpriteActor
[2015.09.04-13.59.31:016][498]LogEditorActor: Deleted Actor: PaperSpriteActor
[2015.09.04-13.59.31:018][498]LogEditorActor: Deleted Actor: PaperSpriteActor
[2015.09.04-13.59.31:021][498]LogEditorActor: Deleted Actor: PaperSpriteActor
[2015.09.04-13.59.31:023][498]LogEditorActor: Deleted Actor: PaperSpriteActor
[2015.09.04-13.59.31:025][498]LogEditorActor: Deleted Actor: PaperSpriteActor
[2015.09.04-13.59.31:027][498]LogEditorActor: Deleted Actor: PaperSpriteActor
[2015.09.04-13.59.31:029][498]LogEditorActor: Deleted Actor: PaperSpriteActor
[2015.09.04-13.59.31:031][498]LogEditorActor: Deleted Actor: PaperSpriteActor
[2015.09.04-13.59.31:033][498]LogEditorActor: Deleted Actor: PaperSpriteActor
[2015.09.04-13.59.31:036][498]LogEditorActor: Deleted Actor: PaperSpriteActor
[2015.09.04-13.59.31:038][498]LogEditorActor: Deleted Actor: PaperSpriteActor
[2015.09.04-13.59.31:040][498]LogEditorActor: Deleted Actor: PaperSpriteActor
[2015.09.04-13.59.31:042][498]LogEditorActor: Deleted Actor: PaperSpriteActor
[2015.09.04-13.59.31:044][498]LogEditorActor: Deleted Actor: PaperSpriteActor
[2015.09.04-13.59.31:047][498]LogEditorActor: Deleted Actor: PaperSpriteActor
[2015.09.04-13.59.31:049][498]LogEditorActor: Deleted Actor: PaperSpriteActor
[2015.09.04-13.59.31:051][498]LogEditorActor: Deleted Actor: PaperSpriteActor
[2015.09.04-13.59.31:053][498]LogEditorActor: Deleted Actor: PaperSpriteActor
[2015.09.04-13.59.31:056][498]LogEditorActor: Deleted Actor: PaperSpriteActor
[2015.09.04-13.59.31:059][498]LogEditorActor: Deleted Actor: PaperSpriteActor
[2015.09.04-13.59.31:061][498]LogEditorActor: Deleted Actor: PaperSpriteActor
[2015.09.04-13.59.31:063][498]LogEditorActor: Deleted Actor: PaperSpriteActor
[2015.09.04-13.59.31:066][498]LogEditorActor: Deleted Actor: PaperSpriteActor
[2015.09.04-13.59.31:069][498]LogEditorActor: Deleted Actor: PaperSpriteActor
[2015.09.04-13.59.31:071][498]LogEditorActor: Deleted Actor: PaperSpriteActor
[2015.09.04-13.59.31:073][498]LogEditorActor: Deleted Actor: PaperSpriteActor
[2015.09.04-13.59.31:076][498]LogEditorActor: Deleted Actor: PaperSpriteActor
[2015.09.04-13.59.31:078][498]LogEditorActor: Deleted Actor: PaperSpriteActor
[2015.09.04-13.59.31:080][498]LogEditorActor: Deleted Actor: PaperSpriteActor
[2015.09.04-13.59.31:083][498]LogEditorActor: Deleted Actor: PaperSpriteActor
[2015.09.04-13.59.31:085][498]LogEditorActor: Deleted Actor: PaperSpriteActor
[2015.09.04-13.59.31:087][498]LogEditorActor: Deleted Actor: PaperSpriteActor
[2015.09.04-13.59.31:090][498]LogEditorActor: Deleted Actor: PaperSpriteActor
[2015.09.04-13.59.31:092][498]LogEditorActor: Deleted Actor: PaperSpriteActor
[2015.09.04-13.59.31:094][498]LogEditorActor: Deleted Actor: PaperSpriteActor
[2015.09.04-13.59.31:097][498]LogEditorActor: Deleted Actor: PaperSpriteActor
[2015.09.04-13.59.31:099][498]LogEditorActor: Deleted Actor: PaperSpriteActor
[2015.09.04-13.59.31:102][498]LogEditorActor: Deleted Actor: PaperSpriteActor
[2015.09.04-13.59.31:104][498]LogEditorActor: Deleted Actor: PaperSpriteActor
[2015.09.04-13.59.31:106][498]LogEditorActor: Deleted Actor: PaperSpriteActor
[2015.09.04-13.59.31:108][498]LogEditorActor: Deleted Actor: PaperSpriteActor
[2015.09.04-13.59.31:111][498]LogEditorActor: Deleted Actor: PaperSpriteActor
[2015.09.04-13.59.31:113][498]LogEditorActor: Deleted Actor: PaperSpriteActor
[2015.09.04-13.59.31:115][498]LogEditorActor: Deleted Actor: PaperSpriteActor
[2015.09.04-13.59.31:117][498]LogEditorActor: Deleted Actor: PaperSpriteActor
[2015.09.04-13.59.31:119][498]LogEditorActor: Deleted Actor: PaperSpriteActor
[2015.09.04-13.59.31:122][498]LogEditorActor: Deleted Actor: PaperSpriteActor
[2015.09.04-13.59.31:124][498]LogEditorActor: Deleted Actor: PaperSpriteActor
[2015.09.04-13.59.31:126][498]LogEditorActor: Deleted Actor: PaperSpriteActor
[2015.09.04-13.59.31:128][498]LogEditorActor: Deleted Actor: PaperSpriteActor
[2015.09.04-13.59.31:130][498]LogEditorActor: Deleted Actor: PaperSpriteActor
[2015.09.04-13.59.31:132][498]LogEditorActor: Deleted Actor: PaperSpriteActor
[2015.09.04-13.59.31:135][498]LogEditorActor: Deleted Actor: PaperSpriteActor
[2015.09.04-13.59.31:137][498]LogEditorActor: Deleted Actor: PaperSpriteActor
[2015.09.04-13.59.31:139][498]LogEditorActor: Deleted Actor: PaperSpriteActor
[2015.09.04-13.59.31:142][498]LogEditorActor: Deleted Actor: PaperSpriteActor
[2015.09.04-13.59.31:144][498]LogEditorActor: Deleted Actor: PaperSpriteActor
[2015.09.04-13.59.31:146][498]LogEditorActor: Deleted Actor: PaperSpriteActor
[2015.09.04-13.59.31:148][498]LogEditorActor: Deleted Actor: PaperSpriteActor
[2015.09.04-13.59.31:151][498]LogEditorActor: Deleted Actor: PaperSpriteActor
[2015.09.04-13.59.31:153][498]LogEditorActor: Deleted Actor: PaperSpriteActor
[2015.09.04-13.59.31:156][498]LogEditorActor: Deleted Actor: PaperSpriteActor
[2015.09.04-13.59.31:158][498]LogEditorActor: Deleted Actor: PaperSpriteActor
[2015.09.04-13.59.31:160][498]LogEditorActor: Deleted Actor: PaperSpriteActor
[2015.09.04-13.59.31:162][498]LogEditorActor: Deleted Actor: PaperSpriteActor
[2015.09.04-13.59.31:164][498]LogEditorActor: Deleted Actor: PaperSpriteActor
[2015.09.04-13.59.31:167][498]LogEditorActor: Deleted Actor: PaperSpriteActor
[2015.09.04-13.59.31:169][498]LogEditorActor: Deleted Actor: PaperSpriteActor
[2015.09.04-13.59.31:171][498]LogEditorActor: Deleted Actor: PaperSpriteActor
[2015.09.04-13.59.31:174][498]LogEditorActor: Deleted Actor: PaperSpriteActor
[2015.09.04-13.59.31:176][498]LogEditorActor: Deleted Actor: PaperSpriteActor
[2015.09.04-13.59.31:178][498]LogEditorActor: Deleted Actor: PaperSpriteActor
[2015.09.04-13.59.31:180][498]LogEditorActor: Deleted Actor: PaperSpriteActor
[2015.09.04-13.59.31:182][498]LogEditorActor: Deleted Actor: PaperSpriteActor
[2015.09.04-13.59.31:185][498]LogEditorActor: Deleted Actor: PaperSpriteActor
[2015.09.04-13.59.31:187][498]LogEditorActor: Deleted Actor: PaperSpriteActor
[2015.09.04-13.59.31:189][498]LogEditorActor: Deleted Actor: PaperSpriteActor
[2015.09.04-13.59.31:191][498]LogEditorActor: Deleted Actor: PaperSpriteActor
[2015.09.04-13.59.31:193][498]LogEditorActor: Deleted Actor: PaperSpriteActor
[2015.09.04-13.59.31:195][498]LogEditorActor: Deleted Actor: PaperSpriteActor
[2015.09.04-13.59.31:198][498]LogEditorActor: Deleted Actor: PaperSpriteActor
[2015.09.04-13.59.31:200][498]LogEditorActor: Deleted Actor: PaperSpriteActor
[2015.09.04-13.59.31:202][498]LogEditorActor: Deleted Actor: PaperSpriteActor
[2015.09.04-13.59.31:204][498]LogEditorActor: Deleted Actor: PaperSpriteActor
[2015.09.04-13.59.31:206][498]LogEditorActor: Deleted Actor: PaperSpriteActor
[2015.09.04-13.59.31:208][498]LogEditorActor: Deleted Actor: PaperSpriteActor
[2015.09.04-13.59.31:210][498]LogEditorActor: Deleted Actor: PaperSpriteActor
[2015.09.04-13.59.31:212][498]LogEditorActor: Deleted Actor: PaperSpriteActor
[2015.09.04-13.59.31:215][498]LogEditorActor: Deleted Actor: PaperSpriteActor
[2015.09.04-13.59.31:217][498]LogEditorActor: Deleted Actor: PaperSpriteActor
[2015.09.04-13.59.31:220][498]LogEditorActor: Deleted Actor: PaperSpriteActor
[2015.09.04-13.59.31:222][498]LogEditorActor: Deleted Actor: PaperSpriteActor
[2015.09.04-13.59.31:225][498]LogEditorActor: Deleted Actor: PaperSpriteActor
[2015.09.04-13.59.31:227][498]LogEditorActor: Deleted Actor: PaperSpriteActor
[2015.09.04-13.59.31:229][498]LogEditorActor: Deleted Actor: PaperSpriteActor
[2015.09.04-13.59.31:231][498]LogEditorActor: Deleted Actor: PaperSpriteActor
[2015.09.04-13.59.31:234][498]LogEditorActor: Deleted Actor: PaperSpriteActor
[2015.09.04-13.59.31:236][498]LogEditorActor: Deleted Actor: PaperSpriteActor
[2015.09.04-13.59.31:238][498]LogEditorActor: Deleted Actor: PaperSpriteActor
[2015.09.04-13.59.31:241][498]LogEditorActor: Deleted Actor: PaperSpriteActor
[2015.09.04-13.59.31:243][498]LogEditorActor: Deleted Actor: PaperSpriteActor
[2015.09.04-13.59.31:245][498]LogEditorActor: Deleted Actor: PaperSpriteActor
[2015.09.04-13.59.31:247][498]LogEditorActor: Deleted Actor: PaperSpriteActor
[2015.09.04-13.59.31:250][498]LogEditorActor: Deleted Actor: PaperSpriteActor
[2015.09.04-13.59.31:252][498]LogEditorActor: Deleted Actor: PaperSpriteActor
[2015.09.04-13.59.31:254][498]LogEditorActor: Deleted Actor: PaperSpriteActor
[2015.09.04-13.59.31:256][498]LogEditorActor: Deleted Actor: PaperSpriteActor
[2015.09.04-13.59.31:258][498]LogEditorActor: Deleted Actor: PaperSpriteActor
[2015.09.04-13.59.31:260][498]LogEditorActor: Deleted Actor: PaperSpriteActor
[2015.09.04-13.59.31:262][498]LogEditorActor: Deleted Actor: PaperSpriteActor
[2015.09.04-13.59.31:265][498]LogEditorActor: Deleted Actor: PaperSpriteActor
[2015.09.04-13.59.31:267][498]LogEditorActor: Deleted Actor: PaperSpriteActor
[2015.09.04-13.59.31:269][498]LogEditorActor: Deleted Actor: PaperSpriteActor
[2015.09.04-13.59.31:271][498]LogEditorActor: Deleted Actor: PaperSpriteActor
[2015.09.04-13.59.31:273][498]LogEditorActor: Deleted Actor: PaperSpriteActor
[2015.09.04-13.59.31:276][498]LogEditorActor: Deleted Actor: PaperSpriteActor
[2015.09.04-13.59.31:278][498]LogEditorActor: Deleted Actor: PaperSpriteActor
[2015.09.04-13.59.31:280][498]LogEditorActor: Deleted Actor: PaperSpriteActor
[2015.09.04-13.59.31:282][498]LogEditorActor: Deleted Actor: PaperSpriteActor
[2015.09.04-13.59.31:284][498]LogEditorActor: Deleted Actor: PaperSpriteActor
[2015.09.04-13.59.31:286][498]LogEditorActor: Deleted Actor: PaperSpriteActor
[2015.09.04-13.59.31:288][498]LogEditorActor: Deleted Actor: PaperSpriteActor
[2015.09.04-13.59.31:290][498]LogEditorActor: Deleted Actor: PaperSpriteActor
[2015.09.04-13.59.31:292][498]LogEditorActor: Deleted Actor: PaperSpriteActor
[2015.09.04-13.59.31:294][498]LogEditorActor: Deleted Actor: PaperSpriteActor
[2015.09.04-13.59.31:602][498]LogEditorActor: Deleted 325 Actors (1.098 secs)
[2015.09.04-13.59.38:992][282]LogEditorViewport: Clicking on Actor (LMB): spikes_C (spikes5)
[2015.09.04-13.59.41:959][552]LogEditorViewport: Clicking on Actor (LMB): PaperSpriteActor (tileset_Sprite1009)
[2015.09.04-13.59.43:608][702]LogEditorViewport: Clicking on Actor (LMB): PaperSpriteActor (tileset_Sprite1005)
[2015.09.04-13.59.53:301][590]LogEditorViewport: Clicking Background
[2015.09.04-13.59.55:766][873]LogEditorViewport: Clicking on Actor (LMB): PaperSpriteActor (tileset_Sprite1020)
[2015.09.04-14.00.02:173][434]LogEditorViewport: Clicking Background
[2015.09.04-14.00.05:176][781]LogEditorViewport: Clicking on Actor (LMB): PaperSpriteActor (tileset_Sprite1035)
[2015.09.04-14.00.11:807][405]LogEditorViewport: Clicking Background
[2015.09.04-14.00.12:928][528]LogD3D11RHI: InitD3DDevice
[2015.09.04-14.01.18:262][662]LogEditorViewport: Clicking on Actor (LMB): spikes_C (spikes4)
[2015.09.04-14.01.31:491][910]LogEditorViewport: Clicking Background
[2015.09.04-14.01.33:612][130]LogD3D11RHI: InitD3DDevice
[2015.09.04-14.01.34:393][130]LogSavePackage: Save=477.971161ms
[2015.09.04-14.01.34:393][130]LogSavePackage: Moving '../../../../Projekte/NotPartofTheGame/Saved/UEDPCTesting_Level21AC56FF480A3E7605D0ECABF930717A.tmp' to '../../../../Projekte/NotPartofTheGame/Saved/Autosaves/Game/NPOTG/Maps/UEDPCTesting_Level.umap'
[2015.09.04-14.01.49:647][686]LogEditorViewport: Clicking on Actor (LMB): PlayerStart (Player Start)
[2015.09.04-14.01.52:165][776]LogNavigationPoint: PostEditMove Clear paths rebuilt
[2015.09.04-14.01.53:138][798]LogD3D11RHI: InitD3DDevice
[2015.09.04-14.01.53:669][798]LogSavePackage: Save=473.386932ms
[2015.09.04-14.01.53:669][798]LogSavePackage: Moving '../../../../Projekte/NotPartofTheGame/Saved/UEDPCTesting_LevelCAC4F1D04B3CCB381FBE93B3F73C7DB0.tmp' to '../../../../Projekte/NotPartofTheGame/Saved/Autosaves/Game/NPOTG/Maps/UEDPCTesting_Level.umap'
[2015.09.04-14.03.04:571][445]LogEditorViewport: Clicking on Actor (LMB): wolf_C (wolf5)
[2015.09.04-14.03.05:329][514]LogD3D11RHI: InitD3DDevice
[2015.09.04-14.03.06:465][630]LogD3D11RHI: InitD3DDevice
[2015.09.04-14.03.06:486][630]LogD3D11RHI: InitD3DDevice
[2015.09.04-14.03.06:614][630]LogLinker:Warning: Asset '../../../Engine/Content/ArtTools/RenderToTexture/Macros/RenderToTextureMacros.uasset' has been saved with empty engine version. The asset will be loaded but may be incompatible.
[2015.09.04-14.03.06:688][630]LogLinker:Warning: Asset '../../../Engine/Content/ArtTools/RenderToTexture/Enums/RenderToTexture_Enum.uasset' has been saved with empty engine version. The asset will be loaded but may be incompatible.
[2015.09.04-14.03.26:385][558]LogD3D11RHI: InitD3DDevice
[2015.09.04-14.03.34:180][970]LogD3D11RHI: InitD3DDevice
[2015.09.04-14.03.36:721][116]LogD3D11RHI: InitD3DDevice
[2015.09.04-14.03.37:380][149]LogD3D11RHI: InitD3DDevice
[2015.09.04-14.03.41:791][382]LogD3D11RHI: InitD3DDevice
[2015.09.04-14.03.44:117][512]LogD3D11RHI: InitD3DDevice
[2015.09.04-14.03.58:703][320]BlueprintLog: New page: Compile wolf
[2015.09.04-14.03.58:977][320]BlueprintEditorCompileResults: Info [0302.18] Compile of wolf successful! [in 274 ms]
[2015.09.04-14.04.05:176][747]LogEditorViewport: Clicking on Actor (LMB): PaperSpriteActor (pointB_Sprite5)
[2015.09.04-14.04.07:280][940]LogEditorViewport: Clicking on Actor (LMB): PaperSpriteActor (pointA_Sprite4)
[2015.09.04-14.04.09:638][161]LogEditorViewport: Clicking on Actor (LMB): wolf_C (wolf5)
[2015.09.04-14.04.27:248][922]LogEditorViewport: Clicking on Actor (LMB): PaperSpriteActor (pointA_Sprite4)
[2015.09.04-14.04.29:349][122]LogEditorViewport: Clicking on Actor (LMB): PaperSpriteActor (pointB_Sprite5)
[2015.09.04-14.04.32:012][375]LogEditorViewport: Clicking on Actor (LMB): PaperSpriteActor (pointA_Sprite4)
[2015.09.04-14.04.34:396][602]LogEditorViewport: Clicking on Actor (LMB): PaperSpriteActor (baum_Sprite)
[2015.09.04-14.04.35:341][691]LogEditorViewport: Clicking on Actor (LMB): wolf_C (wolf4)
[2015.09.04-14.04.42:138][367]LogEditorViewport: Clicking on Actor (LMB): PaperSpriteActor (tileset_Sprite907)
[2015.09.04-14.04.43:032][451]LogEditorViewport: Clicking on Actor (LMB): PaperSpriteActor (tileset_Sprite908)
[2015.09.04-14.04.46:913][803]LogEditorViewport: Clicking on Actor (LMB): PaperSpriteActor (tileset_Sprite914)
[2015.09.04-14.04.51:389][197]LogEditorViewport: Clicking on Actor (LMB): PaperSpriteActor (baum_Sprite)
[2015.09.04-14.04.54:888][534]LogEditorViewport: Clicking on Actor (LMB): wolf_C (wolf4)
[2015.09.04-14.04.56:797][715]LogEditorViewport: Clicking on Actor (LMB): PaperSpriteActor (pointB_Sprite4)
[2015.09.04-14.04.59:758][  2]LogEditorViewport: Clicking on Actor (LMB): PaperSpriteActor (tileset_Sprite916)
[2015.09.04-14.05.11:893][122]LogD3D11RHI: InitD3DDevice
[2015.09.04-14.05.14:514][122]LogD3D11RHI: InitD3DDevice
[2015.09.04-14.05.14:530][122]Cmd: OBJ SAVEPACKAGE PACKAGE="/Game/NPOTG/Blueprints/Charaktere/wolf" FILE="../../../../Projekte/NotPartofTheGame/Content/NPOTG/Blueprints/Charaktere/wolf.uasset" SILENT=true
[2015.09.04-14.05.14:740][122]LogSavePackage: Save=149.103287ms
[2015.09.04-14.05.14:740][122]LogSavePackage: Moving '../../../../Projekte/NotPartofTheGame/Saved/wolfC14259404729643AC580B6A69604571C.tmp' to '../../../../Projekte/NotPartofTheGame/Content/NPOTG/Blueprints/Charaktere/wolf.uasset'
[2015.09.04-14.05.14:786][122]LogD3D11RHI: InitD3DDevice
[2015.09.04-14.05.15:339][122]LogSavePackage: Save=479.057831ms
[2015.09.04-14.05.15:339][122]LogSavePackage: Moving '../../../../Projekte/NotPartofTheGame/Saved/UEDPCTesting_Level57F1F50149A57F1ADDCDFEB8A3FC3DC3.tmp' to '../../../../Projekte/NotPartofTheGame/Saved/Autosaves/Game/NPOTG/Maps/UEDPCTesting_Level.umap'
[2015.09.04-14.07.50:531][851]LogEditorViewport: Clicking on Actor (LMB): wolf_C (wolf5)
[2015.09.04-14.07.51:201][914]LogEditorViewport: Clicking on Actor (LMB): PaperSpriteActor (pointA_Sprite4)
[2015.09.04-14.07.52:813][ 66]LogEditorViewport: Clicking on Actor (LMB): PaperSpriteActor (pointB_Sprite5)
[2015.09.04-14.07.55:097][286]LogEditorViewport: Clicking on Actor (LMB): wolf_C (wolf5)
[2015.09.04-14.08.00:109][784]LogEditorViewport: Clicking Background
[2015.09.04-14.08.07:092][552]LogD3D11RHI: InitD3DDevice
[2015.09.04-14.08.07:617][552]LogSavePackage: Save=458.091888ms
[2015.09.04-14.08.07:617][552]LogSavePackage: Moving '../../../../Projekte/NotPartofTheGame/Saved/UEDPCTesting_Level5C3039E5459536354A7BF0BD2FE68811.tmp' to '../../../../Projekte/NotPartofTheGame/Saved/Autosaves/Game/NPOTG/Maps/UEDPCTesting_Level.umap'
[2015.09.04-14.08.59:614][976]LogD3D11RHI: InitD3DDevice
[2015.09.04-14.09.08:614][  3]LogD3D11RHI: InitD3DDevice
[2015.09.04-14.09.09:418][  3]LogSavePackage: Save=523.481262ms
[2015.09.04-14.09.09:418][  3]LogSavePackage: Moving '../../../../Projekte/NotPartofTheGame/Saved/Testing_Level_Auto1F495AB7F419EFD5D7898299BA4FC39E7.tmp' to '../../../../Projekte/NotPartofTheGame/Saved/Autosaves/Game/NPOTG/Maps/Testing_Level_Auto1.umap'
[2015.09.04-14.09.09:424][  3]LogFileHelpers: Editor autosave (incl. sublevels) for '/Game/NPOTG/Maps/Testing_Level' took 0.656
[2015.09.04-14.09.09:424][  3]LogFileHelpers: Editor autosave (incl. sublevels) for all levels took 0.656
[2015.09.04-14.25.08:274][881]LogD3D11RHI: InitD3DDevice
[2015.09.04-14.25.09:544][881]LogD3D11RHI: InitD3DDevice
[2015.09.04-14.25.09:624][881]Cmd: OBJ SAVEPACKAGE PACKAGE="/Game/NPOTG/Maps/Testing_Level" FILE="../../../../Projekte/NotPartofTheGame/Content/NPOTG/Maps/Testing_Level.umap" SILENT=true AUTOSAVING=false KEEPDIRTY=false
[2015.09.04-14.25.10:167][881]LogSavePackage: Save=457.619141ms
[2015.09.04-14.25.10:167][881]LogSavePackage: Moving '../../../../Projekte/NotPartofTheGame/Saved/Testing_Level120C99C149D07F4021F3A7A448382AA1.tmp' to '../../../../Projekte/NotPartofTheGame/Content/NPOTG/Maps/Testing_Level.umap'
[2015.09.04-14.25.10:210][881]LogFileHelpers: Saving map 'Testing_Level' took 0.653
[2015.09.04-14.25.10:327][881]LogWindowsTextInputMethodSystem:Display: IME system now deactivated.
[2015.09.04-14.25.10:582][882]Cmd: QUIT_EDITOR
[2015.09.04-14.25.10:860][882]LogExit: Preparing to exit.
[2015.09.04-14.25.11:771][882]LogExit: Editor shut down
[2015.09.04-14.25.11:771][882]LogExit: Transaction tracking system shut down
[2015.09.04-14.25.11:779][882]LogParticles: Destroying 0 GPU particle simulations for FXSystem 0x00000097A1CBCA40
[2015.09.04-14.25.11:780][882]LogParticles: Destroying 0 GPU particle simulations for FXSystem 0x00000097A78479C0
[2015.09.04-14.25.11:781][882]LogParticles: Destroying 0 GPU particle simulations for FXSystem 0x000000978AE6E520
[2015.09.04-14.25.11:781][882]LogParticles: Destroying 0 GPU particle simulations for FXSystem 0x00000097A98A77E0
[2015.09.04-14.25.11:781][882]LogParticles: Destroying 0 GPU particle simulations for FXSystem 0x00000097D6531260
[2015.09.04-14.25.11:951][882]LogExit: Object subsystem successfully closed.
[2015.09.04-14.25.11:963][882]LogD3D11RHI: Shutdown
[2015.09.04-14.25.11:963][882]LogD3D11RHI: CleanupD3DDevice
[2015.09.04-14.25.12:020][882]LogD3D11RHI: ~FD3D11DynamicRHI
[2015.09.04-14.25.12:040][882]LogModuleManager: Shutting down and abandoning module CrashTracker (190)
[2015.09.04-14.25.12:040][882]LogModuleManager: Shutting down and abandoning module SceneOutliner (189)
[2015.09.04-14.25.12:040][882]LogModuleManager: Shutting down and abandoning module SuperSearch (188)
[2015.09.04-14.25.12:040][882]LogModuleManager: Shutting down and abandoning module WidgetCarousel (187)
[2015.09.04-14.25.12:040][882]LogModuleManager: Shutting down and abandoning module AddContentDialog (186)
[2015.09.04-14.25.12:040][882]LogModuleManager: Shutting down and abandoning module EditorWidgets (185)
[2015.09.04-14.25.12:040][882]LogModuleManager: Shutting down and abandoning module CollectionManager (184)
[2015.09.04-14.25.12:041][882]LogModuleManager: Shutting down and abandoning module StatsViewer (183)
[2015.09.04-14.25.12:041][882]LogModuleManager: Shutting down and abandoning module FoliageEdit (182)
[2015.09.04-14.25.12:041][882]LogModuleManager: Shutting down and abandoning module LandscapeEditor (181)
[2015.09.04-14.25.12:041][882]LogModuleManager: Shutting down and abandoning module ActorPickerMode (180)
[2015.09.04-14.25.12:041][882]LogModuleManager: Shutting down and abandoning module GeometryMode (179)
[2015.09.04-14.25.12:041][882]LogModuleManager: Shutting down and abandoning module TextureAlignMode (178)
[2015.09.04-14.25.12:041][882]LogModuleManager: Shutting down and abandoning module BspMode (177)
[2015.09.04-14.25.12:041][882]LogModuleManager: Shutting down and abandoning module PlacementMode (176)
[2015.09.04-14.25.12:041][882]LogModuleManager: Shutting down and abandoning module AutomationWorker (175)
[2015.09.04-14.25.12:041][882]LogModuleManager: Shutting down and abandoning module CharacterAI (174)
[2015.09.04-14.25.12:041][882]LogModuleManager: Shutting down and abandoning module SmartSnapping (173)
[2015.09.04-14.25.12:041][882]LogModuleManager: Shutting down and abandoning module ViewportSnapping (172)
[2015.09.04-14.25.12:041][882]LogModuleManager: Shutting down and abandoning module LogVisualizer (171)
[2015.09.04-14.25.12:041][882]LogModuleManager: Shutting down and abandoning module GameProjectGeneration (170)
[2015.09.04-14.25.12:041][882]LogModuleManager: Shutting down and abandoning module IntroTutorials (169)
[2015.09.04-14.25.12:041][882]LogModuleManager: Shutting down and abandoning module EditorLiveStreaming (168)
[2015.09.04-14.25.12:041][882]LogModuleManager: Shutting down and abandoning module IOSPlatformEditor (167)
[2015.09.04-14.25.12:041][882]LogModuleManager: Shutting down and abandoning module HTML5PlatformEditor (166)
[2015.09.04-14.25.12:041][882]LogModuleManager: Shutting down and abandoning module AndroidDeviceDetection (165)
[2015.09.04-14.25.12:409][882]LogModuleManager: Shutting down and abandoning module AndroidPlatformEditor (164)
[2015.09.04-14.25.12:409][882]LogModuleManager: Shutting down and abandoning module IOSRuntimeSettings (163)
[2015.09.04-14.25.12:409][882]LogModuleManager: Shutting down and abandoning module AndroidRuntimeSettings (162)
[2015.09.04-14.25.12:409][882]LogModuleManager: Shutting down and abandoning module MergeActors (161)
[2015.09.04-14.25.12:409][882]LogModuleManager: Shutting down and abandoning module SizeMap (160)
[2015.09.04-14.25.12:409][882]LogModuleManager: Shutting down and abandoning module TreeMap (159)
[2015.09.04-14.25.12:409][882]LogModuleManager: Shutting down and abandoning module ReferenceViewer (158)
[2015.09.04-14.25.12:409][882]LogModuleManager: Shutting down and abandoning module LocalizationDashboard (157)
[2015.09.04-14.25.12:409][882]LogModuleManager: Shutting down and abandoning module HardwareTargeting (156)
[2015.09.04-14.25.12:409][882]LogModuleManager: Shutting down and abandoning module DeviceProfileEditor (155)
[2015.09.04-14.25.12:409][882]LogModuleManager: Shutting down and abandoning module UndoHistory (154)
[2015.09.04-14.25.12:409][882]LogModuleManager: Shutting down and abandoning module GameplayTagsEditor (153)
[2015.09.04-14.25.12:409][882]LogModuleManager: Shutting down and abandoning module UserFeedback (152)
[2015.09.04-14.25.12:409][882]LogModuleManager: Shutting down and abandoning module XmlParser (151)
[2015.09.04-14.25.12:409][882]LogModuleManager: Shutting down and abandoning module Blutility (150)
[2015.09.04-14.25.12:409][882]LogModuleManager: Shutting down and abandoning module ProjectTargetPlatformEditor (149)
[2015.09.04-14.25.12:409][882]LogModuleManager: Shutting down and abandoning module ProjectSettingsViewer (148)
[2015.09.04-14.25.12:409][882]LogModuleManager: Shutting down and abandoning module InputBindingEditor (147)
[2015.09.04-14.25.12:409][882]LogModuleManager: Shutting down and abandoning module EditorSettingsViewer (146)
[2015.09.04-14.25.12:409][882]LogModuleManager: Shutting down and abandoning module SettingsEditor (145)
[2015.09.04-14.25.12:409][882]LogModuleManager: Shutting down and abandoning module ProjectLauncher (144)
[2015.09.04-14.25.12:409][882]LogModuleManager: Shutting down and abandoning module SessionFrontend (143)
[2015.09.04-14.25.12:409][882]LogModuleManager: Shutting down and abandoning module ProfilerClient (142)
[2015.09.04-14.25.12:409][882]LogModuleManager: Shutting down and abandoning module TargetDeviceServices (141)
[2015.09.04-14.25.12:409][882]LogModuleManager: Shutting down and abandoning module DeviceManager (140)
[2015.09.04-14.25.12:410][882]LogModuleManager: Shutting down and abandoning module AutomationController (139)
[2015.09.04-14.25.12:410][882]LogModuleManager: Shutting down and abandoning module AutomationWindow (138)
[2015.09.04-14.25.12:410][882]LogModuleManager: Shutting down and abandoning module Layers (137)
[2015.09.04-14.25.12:410][882]LogModuleManager: Shutting down and abandoning module ComponentVisualizers (136)
[2015.09.04-14.25.12:410][882]LogModuleManager: Shutting down and abandoning module DetailCustomizations (135)
[2015.09.04-14.25.12:410][882]LogModuleManager: Shutting down and abandoning module PackagesDialog (134)
[2015.09.04-14.25.12:410][882]LogModuleManager: Shutting down and abandoning module Persona (133)
[2015.09.04-14.25.12:410][882]LogModuleManager: Shutting down and abandoning module Kismet (132)
[2015.09.04-14.25.12:410][882]LogModuleManager: Shutting down and abandoning module GraphEditor (131)
[2015.09.04-14.25.12:410][882]LogModuleManager: Shutting down and abandoning module ClassViewer (130)
[2015.09.04-14.25.12:410][882]LogModuleManager: Shutting down and abandoning module Toolbox (129)
[2015.09.04-14.25.12:410][882]LogModuleManager: Shutting down and abandoning module ModuleUI (128)
[2015.09.04-14.25.12:410][882]LogModuleManager: Shutting down and abandoning module MovieSceneTools (127)
[2015.09.04-14.25.12:410][882]LogModuleManager: Shutting down and abandoning module OutputLog (126)
[2015.09.04-14.25.12:410][882]LogModuleManager: Shutting down and abandoning module GammaUI (125)
[2015.09.04-14.25.12:410][882]LogModuleManager: Shutting down and abandoning module Documentation (124)
[2015.09.04-14.25.12:410][882]LogModuleManager: Shutting down and abandoning module GameLiveStreaming (123)
[2015.09.04-14.25.12:410][882]LogModuleManager: Shutting down and abandoning module StreamingPauseRendering (122)
[2015.09.04-14.25.12:410][882]LogModuleManager: Shutting down and abandoning module AnalyticsET (121)
[2015.09.04-14.25.12:410][882]LogModuleManager: Shutting down and abandoning module Analytics (120)
[2015.09.04-14.25.12:410][882]LogModuleManager: Shutting down and abandoning module AITestSuite (119)
[2015.09.04-14.25.12:410][882]LogModuleManager: Shutting down and abandoning module GameplayDebugger (118)
[2015.09.04-14.25.12:410][882]LogModuleManager: Shutting down and abandoning module AIModule (117)
[2015.09.04-14.25.12:410][882]LogModuleManager: Shutting down and abandoning module ProfilerService (116)
[2015.09.04-14.25.12:455][882]LogModuleManager: Shutting down and abandoning module TaskGraph (115)
[2015.09.04-14.25.12:455][882]LogModuleManager: Shutting down and abandoning module SubstanceEditor (114)
[2015.09.04-14.25.12:455][882]LogModuleManager: Shutting down and abandoning module SlateRemote (113)
[2015.09.04-14.25.12:455][882]LogModuleManager: Shutting down and abandoning module SteamVRController (112)
[2015.09.04-14.25.12:455][882]LogModuleManager: Shutting down and abandoning module SteamVR (111)
[2015.09.04-14.25.12:455][882]LogModuleManager: Shutting down and abandoning module ProceduralMeshComponent (110)
[2015.09.04-14.25.12:455][882]LogModuleManager: Shutting down and abandoning module OculusRift (109)
[2015.09.04-14.25.12:455][882]LogModuleManager: Shutting down and abandoning module LeapMotionController (108)
[2015.09.04-14.25.12:463][882]LogModuleManager: Shutting down and abandoning module CustomMeshComponent (107)
[2015.09.04-14.25.12:463][882]LogModuleManager: Shutting down and abandoning module CableComponent (106)
[2015.09.04-14.25.12:463][882]LogModuleManager: Shutting down and abandoning module MessagingDebugger (105)
[2015.09.04-14.25.12:464][882]LogModuleManager: Shutting down and abandoning module MediaPlayerEditor (104)
[2015.09.04-14.25.12:464][882]LogModuleManager: Shutting down and abandoning module SpeedTreeImporter (103)
[2015.09.04-14.25.12:464][882]LogModuleManager: Shutting down and abandoning module PluginBrowser (102)
[2015.09.04-14.25.12:464][882]LogModuleManager: Shutting down and abandoning module EpicSurvey (101)
[2015.09.04-14.25.12:464][882]LogModuleManager: Shutting down and abandoning module DesktopPlatform (100)
[2015.09.04-14.25.12:464][882]LogModuleManager: Shutting down and abandoning module VisualStudioSourceCodeAccess (99)
[2015.09.04-14.25.12:464][882]LogModuleManager: Shutting down and abandoning module UObjectPlugin (98)
[2015.09.04-14.25.12:464][882]LogModuleManager: Shutting down and abandoning module SubversionSourceControl (97)
[2015.09.04-14.25.12:464][882]LogModuleManager: Shutting down and abandoning module PerforceSourceControl (96)
[2015.09.04-14.25.12:464][882]LogModuleManager: Shutting down and abandoning module SourceControl (95)
[2015.09.04-14.25.12:464][882]LogModuleManager: Shutting down and abandoning module GitSourceControl (94)
[2015.09.04-14.25.12:464][882]LogModuleManager: Shutting down and abandoning module BlankPlugin (93)
[2015.09.04-14.25.12:464][882]LogModuleManager: Shutting down and abandoning module PaperTiledImporter (92)
[2015.09.04-14.25.12:464][882]LogModuleManager: Shutting down and abandoning module PaperSpriteSheetImporter (91)
[2015.09.04-14.25.12:464][882]LogModuleManager: Shutting down and abandoning module MeshPaint (90)
[2015.09.04-14.25.12:464][882]LogModuleManager: Shutting down and abandoning module SlateReflector (89)
[2015.09.04-14.25.12:464][882]LogModuleManager: Shutting down and abandoning module HotReload (88)
[2015.09.04-14.25.12:464][882]LogModuleManager: Shutting down and abandoning module MainFrame (87)
[2015.09.04-14.25.12:464][882]LogModuleManager: Shutting down and abandoning module LevelEditor (86)
[2015.09.04-14.25.12:465][882]LogModuleManager: Shutting down and abandoning module ContentBrowser (85)
[2015.09.04-14.25.12:465][882]LogModuleManager: Shutting down and abandoning module Paper2DEditor (84)
[2015.09.04-14.25.12:465][882]LogModuleManager: Shutting down and abandoning module UdpMessaging (83)
[2015.09.04-14.25.12:567][882]LogModuleManager: Shutting down and abandoning module DirectoryWatcher (82)
[2015.09.04-14.25.12:567][882]LogModuleManager: Shutting down and abandoning module AssetRegistry (81)
[2015.09.04-14.25.12:686][882]LogModuleManager: Shutting down and abandoning module SubstanceCore (80)
[2015.09.04-14.25.12:686][882]LogModuleManager: Shutting down and abandoning module Paper2D (79)
[2015.09.04-14.25.12:686][882]LogModuleManager: Shutting down and abandoning module WindowsMoviePlayer (78)
[2015.09.04-14.25.12:688][882]LogModuleManager: Shutting down and abandoning module Media (77)
[2015.09.04-14.25.12:688][882]LogModuleManager: Shutting down and abandoning module WmfMedia (76)
[2015.09.04-14.25.12:688][882]LogModuleManager: Shutting down and abandoning module OnlineBlueprintSupport (75)
[2015.09.04-14.25.12:688][882]LogModuleManager: Shutting down and abandoning module PropertyEditor (74)
[2015.09.04-14.25.12:688][882]LogModuleManager: Shutting down and abandoning module BehaviorTreeEditor (73)
[2015.09.04-14.25.12:688][882]LogModuleManager: Shutting down and abandoning module FunctionalTesting (72)
[2015.09.04-14.25.12:688][882]LogModuleManager: Shutting down and abandoning module CollisionAnalyzer (71)
[2015.09.04-14.25.12:688][882]LogModuleManager: Shutting down and abandoning module WorkspaceMenuStructure (70)
[2015.09.04-14.25.12:688][882]LogModuleManager: Shutting down and abandoning module MessageLog (69)
[2015.09.04-14.25.12:688][882]LogModuleManager: Shutting down and abandoning module Sequencer (68)
[2015.09.04-14.25.12:688][882]LogModuleManager: Shutting down and abandoning module AssetTools (67)
[2015.09.04-14.25.12:688][882]LogModuleManager: Shutting down and abandoning module UMGEditor (66)
[2015.09.04-14.25.12:688][882]LogModuleManager: Shutting down and abandoning module UMG (65)
[2015.09.04-14.25.12:688][882]LogModuleManager: Shutting down and abandoning module Slate (64)
[2015.09.04-14.25.12:688][882]LogModuleManager: Shutting down and abandoning module EditorStyle (63)
[2015.09.04-14.25.12:691][882]LogModuleManager: Shutting down and abandoning module SessionServices (62)
[2015.09.04-14.25.12:691][882]LogModuleManager: Shutting down and abandoning module SourceCodeAccess (61)
[2015.09.04-14.25.12:691][882]LogModuleManager: Shutting down and abandoning module HeadMountedDisplay (60)
[2015.09.04-14.25.12:691][882]LogModuleManager: Shutting down and abandoning module XAudio2 (59)
[2015.09.04-14.25.12:691][882]LogModuleManager: Shutting down and abandoning module Networking (57)
[2015.09.04-14.25.12:691][882]LogModuleManager: Shutting down and abandoning module Core (56)
[2015.09.04-14.25.12:691][882]LogModuleManager: Shutting down and abandoning module KismetCompiler (55)
[2015.09.04-14.25.12:691][882]LogModuleManager: Shutting down and abandoning module PhysXFormats (54)
[2015.09.04-14.25.12:691][882]LogModuleManager: Shutting down and abandoning module MeshUtilities (53)
[2015.09.04-14.25.12:691][882]LogModuleManager: Shutting down and abandoning module DerivedDataCache (52)
[2015.09.04-14.25.12:754][882]LogDerivedDataCache: Shutdown
[2015.09.04-14.25.12:754][882]LogModuleManager: Shutting down and abandoning module ShaderFormatOpenGL (51)
[2015.09.04-14.25.12:754][882]LogModuleManager: Shutting down and abandoning module ShaderFormatD3D (50)
[2015.09.04-14.25.12:754][882]LogModuleManager: Shutting down and abandoning module MetalShaderFormat (49)
[2015.09.04-14.25.12:754][882]LogModuleManager: Shutting down and abandoning module TextureFormatUncompressed (48)
[2015.09.04-14.25.12:754][882]LogModuleManager: Shutting down and abandoning module TextureFormatPVR (47)
[2015.09.04-14.25.12:754][882]LogModuleManager: Shutting down and abandoning module TextureFormatIntelISPCTexComp (46)
[2015.09.04-14.25.12:754][882]LogModuleManager: Shutting down and abandoning module TextureFormatDXT (45)
[2015.09.04-14.25.12:754][882]LogModuleManager: Shutting down and abandoning module ImageWrapper (44)
[2015.09.04-14.25.12:754][882]LogModuleManager: Shutting down and abandoning module TextureFormatASTC (43)
[2015.09.04-14.25.12:754][882]LogModuleManager: Shutting down and abandoning module TextureFormatAndroid (42)
[2015.09.04-14.25.12:754][882]LogModuleManager: Shutting down and abandoning module AudioFormatOpus (41)
[2015.09.04-14.25.12:754][882]LogModuleManager: Shutting down and abandoning module AudioFormatOgg (40)
[2015.09.04-14.25.12:754][882]LogModuleManager: Shutting down and abandoning module AudioFormatADPCM (39)
[2015.09.04-14.25.12:754][882]LogModuleManager: Shutting down and abandoning module LinuxTargetPlatform (38)
[2015.09.04-14.25.12:754][882]LogModuleManager: Shutting down and abandoning module LinuxServerTargetPlatform (37)
[2015.09.04-14.25.12:754][882]LogModuleManager: Shutting down and abandoning module LinuxNoEditorTargetPlatform (36)
[2015.09.04-14.25.12:754][882]LogModuleManager: Shutting down and abandoning module Messaging (35)
[2015.09.04-14.25.12:754][882]LogModuleManager: Shutting down and abandoning module IOSTargetPlatform (34)
[2015.09.04-14.25.12:754][882]LogModuleManager: Shutting down and abandoning module HTML5TargetPlatform (33)
[2015.09.04-14.25.12:754][882]LogModuleManager: Shutting down and abandoning module Android_PVRTCTargetPlatform (32)
[2015.09.04-14.25.12:754][882]LogModuleManager: Shutting down and abandoning module Android_ETC2TargetPlatform (31)
[2015.09.04-14.25.12:754][882]LogModuleManager: Shutting down and abandoning module Android_ETC1TargetPlatform (30)
[2015.09.04-14.25.12:754][882]LogModuleManager: Shutting down and abandoning module Android_DXTTargetPlatform (29)
[2015.09.04-14.25.12:754][882]LogModuleManager: Shutting down and abandoning module Android_ATCTargetPlatform (28)
[2015.09.04-14.25.12:754][882]LogModuleManager: Shutting down and abandoning module Android_ASTCTargetPlatform (27)
[2015.09.04-14.25.12:754][882]LogModuleManager: Shutting down and abandoning module AndroidTargetPlatform (26)
[2015.09.04-14.25.12:754][882]LogModuleManager: Shutting down and abandoning module WindowsTargetPlatform (25)
[2015.09.04-14.25.12:754][882]LogModuleManager: Shutting down and abandoning module WindowsServerTargetPlatform (24)
[2015.09.04-14.25.12:754][882]LogModuleManager: Shutting down and abandoning module WindowsNoEditorTargetPlatform (23)
[2015.09.04-14.25.12:754][882]LogModuleManager: Shutting down and abandoning module WindowsClientTargetPlatform (22)
[2015.09.04-14.25.12:754][882]LogModuleManager: Shutting down and abandoning module DesktopTargetPlatform (21)
[2015.09.04-14.25.12:754][882]LogModuleManager: Shutting down and abandoning module TargetPlatform (20)
[2015.09.04-14.25.12:754][882]LogModuleManager: Shutting down and abandoning module InputCore (19)
[2015.09.04-14.25.12:754][882]LogModuleManager: Shutting down and abandoning module Settings (18)
[2015.09.04-14.25.12:754][882]LogModuleManager: Shutting down and abandoning module OnlineSubsystem (16)
[2015.09.04-14.25.12:754][882]LogModuleManager: Shutting down and abandoning module HTTP (15)
[2015.09.04-14.25.12:755][882]LogModuleManager: Shutting down and abandoning module ExampleDeviceProfileSelector (14)
[2015.09.04-14.25.12:755][882]LogModuleManager: Shutting down and abandoning module TextureCompressor (13)
[2015.09.04-14.25.12:755][882]LogModuleManager: Shutting down and abandoning module ShaderCore (12)
[2015.09.04-14.25.12:755][882]LogModuleManager: Shutting down and abandoning module Landscape (11)
[2015.09.04-14.25.12:755][882]LogModuleManager: Shutting down and abandoning module SlateRHIRenderer (10)
[2015.09.04-14.25.12:759][882]LogModuleManager: Shutting down and abandoning module OpenGLDrv (9)
[2015.09.04-14.25.12:759][882]LogModuleManager: Shutting down and abandoning module D3D11RHI (8)
[2015.09.04-14.25.12:759][882]LogModuleManager: Shutting down and abandoning module Renderer (7)
[2015.09.04-14.25.12:759][882]LogModuleManager: Shutting down and abandoning module Engine (6)
[2015.09.04-14.25.12:759][882]LogModuleManager: Shutting down and abandoning module CoreUObject (5)
[2015.09.04-14.25.12:759][882]LogModuleManager: Shutting down and abandoning module NetworkFile (4)
[2015.09.04-14.25.12:759][882]LogModuleManager: Shutting down and abandoning module StreamingFile (3)
[2015.09.04-14.25.12:759][882]LogModuleManager: Shutting down and abandoning module SandboxFile (2)
[2015.09.04-14.25.12:759][882]LogModuleManager: Shutting down and abandoning module PakFile (1)
[2015.09.04-14.25.12:760][882]LogExit: Exiting.
[2015.09.04-14.25.12:761][882]Log file closed, 09/04/15 16:25:12
