[2015.09.23-17.17.36:719][  0]Log file open, 09/23/15 19:17:36
[2015.09.23-17.17.36:719][  0]LogInit:Display: Running engine for game: NotPartofGame
[2015.09.23-17.17.36:719][  0]LogInit:Display: RandInit(-1402955859) SRandInit(-1402955858).
[2015.09.23-17.17.36:719][  0]LogTaskGraph: Started task graph with 4 named threads and 7 total threads.
[2015.09.23-17.17.36:719][  0]LogStats: Stats thread started
[2015.09.23-17.17.36:719][  0]LogInit: Version: 4.8.3-2634408+++depot+UE4-Releases+4.8
[2015.09.23-17.17.36:719][  0]LogInit: API Version: 2579680
[2015.09.23-17.17.36:719][  0]LogInit: Compiled (64-bit): Jul 27 2015 16:24:33
[2015.09.23-17.17.36:719][  0]LogInit: Compiled with Visual C++: 18.00.21005.01
[2015.09.23-17.17.36:719][  0]LogInit: Build Configuration: Development
[2015.09.23-17.17.36:719][  0]LogInit: Branch Name: ++depot+UE4-Releases+4.8
[2015.09.23-17.17.36:719][  0]LogInit: Command line:  /Temp/Autosaves/Game/NPOTG/Maps/UEDPCTesting_Level -game -PIEVIACONSOLE -ResX=1280 -ResY=720  -Multiprocess 
[2015.09.23-17.17.36:719][  0]LogInit: Base directory: C:/Users/Bodoo/Documents/Programmieren/4.8/Engine/Binaries/Win64/
[2015.09.23-17.17.36:719][  0]LogInit: Rocket: 1
[2015.09.23-17.17.36:739][  0]LogInit: Using libcurl 7.41.0
[2015.09.23-17.17.36:739][  0]LogInit:  - built for x86_64-pc-win32
[2015.09.23-17.17.36:739][  0]LogInit:  - supports SSL with WinSSL
[2015.09.23-17.17.36:739][  0]LogInit:  - other features:
[2015.09.23-17.17.36:739][  0]LogInit:      CURL_VERSION_SSL
[2015.09.23-17.17.36:739][  0]LogInit:      CURL_VERSION_IPV6
[2015.09.23-17.17.36:739][  0]LogInit:      CURL_VERSION_ASYNCHDNS
[2015.09.23-17.17.36:739][  0]LogInit:      CURL_VERSION_LARGEFILE
[2015.09.23-17.17.36:739][  0]LogInit:      CURL_VERSION_IDN
[2015.09.23-17.17.36:740][  0]LogInit:  CurlRequestOptions (configurable via config and command line):
[2015.09.23-17.17.36:740][  0]LogInit:  - bVerifyPeer = true  - Libcurl will verify peer certificate
[2015.09.23-17.17.36:740][  0]LogInit:  - bUseHttpProxy = false  - Libcurl will NOT use HTTP proxy
[2015.09.23-17.17.36:740][  0]LogInit:  - bDontReuseConnections = false  - Libcurl will reuse connections
[2015.09.23-17.17.36:740][  0]LogInit:  - CertBundlePath = nullptr  - Libcurl will use whatever was configured at build time.
[2015.09.23-17.17.36:753][  0]LogOnline:Warning: No default platform service specified for OnlineSubsystem
[2015.09.23-17.17.36:768][  0]LogInit: Presizing for 0 objects not considered by GC, pre-allocating 0 bytes.
[2015.09.23-17.17.36:776][  0]LogInit: Object subsystem initialized
[2015.09.23-17.17.36:777][  0]LogConsoleResponse:Warning: Skipping Unknown console variable: 'UIScaleCurve = (EditorCurveData=(Keys=((Time=480.000000,Value=0.444000),(Time=720.000000,Value=0.666000),(Time=1080.000000,Value=1.000000),(Time=8640.000000,Value=8.000000))),ExternalCurve=None)'
[2015.09.23-17.17.36:777][  0]LogConsoleResponse:Warning:   Found in ini file 'C:/Users/Bodoo/Documents/Programmieren/Projekte/NotPartofTheGame/Saved/Config/Windows/Engine.ini', in section '[/Script/Engine.RendererSettings]'
[2015.09.23-17.17.36:777][  0]LogConsoleManager:Warning: Console variable 'r.MSAA.CompositingSampleCount' wasn't set ('Scalability' has a lower priority than 'ProjectSetting')
[2015.09.23-17.17.36:777][  0]LogInit: Selected Device Profile: [Windows]
[2015.09.23-17.17.36:777][  0]LogInit: Applying CVar settings loaded from the selected device profile: [Windows]
[2015.09.23-17.17.36:780][  0]LogInit: Computer: DESKTOP-GLF6O4V
[2015.09.23-17.17.36:780][  0]LogInit: User: Bodoo
[2015.09.23-17.17.36:780][  0]LogInit: CPU Page size=4096, Cores=4
[2015.09.23-17.17.36:780][  0]LogInit: High frequency timer resolution =3.215354 MHz
[2015.09.23-17.17.36:780][  0]LogMemory: Memory total: Physical=12.0GB (12GB approx)
[2015.09.23-17.17.36:780][  0]LogMemory: Platform Memory Stats for Windows
[2015.09.23-17.17.36:780][  0]LogMemory: Process Physical Memory: 51.24 MB used, 51.24 MB peak
[2015.09.23-17.17.36:780][  0]LogMemory: Process Virtual Memory: 22.63 MB used, 22.63 MB peak
[2015.09.23-17.17.36:780][  0]LogMemory: Physical Memory: 2758.40 MB used, 12270.45 MB total
[2015.09.23-17.17.36:780][  0]LogMemory: Virtual Memory: 310.63 MB used, 134217728.00 MB total
[2015.09.23-17.17.36:808][  0]LogTextLocalizationManager: The requested culture ('de_DE') has no localization data; falling back to 'en' for localization and internationalization data.
[2015.09.23-17.17.37:049][  0]LogTextLocalizationManager:Warning: Loaded localization resources contain conflicting entries for (Namespace:ContentBrowser, Key:ImportAssetToolTip):
Localization Resource: (C:/Users/Bodoo/Documents/Programmieren/4.8/Engine/Content/Localization/Editor/en/Editor.locres) Source String Hash: (-630476809) Localized String: (Import to {0}...)
Localization Resource: (C:/Users/Bodoo/Documents/Programmieren/4.8/Engine/Content/Localization/Editor/en/Editor.locres) Source String Hash: (1271782899) Localized String: (Imports an asset from file to this folder.)
[2015.09.23-17.17.37:381][  0]LogD3D11RHI: Found D3D11 adapter 0: AMD Radeon HD 6800 Series (Feature Level 11_0)
[2015.09.23-17.17.37:381][  0]LogD3D11RHI: Adapter has 1011MB of dedicated video memory, 0MB of dedicated system memory, and 3840MB of shared system memory, 1 output[s]
[2015.09.23-17.17.37:383][  0]LogD3D11RHI: Found D3D11 adapter 1: Microsoft Basic Render Driver (Feature Level 11_0)
[2015.09.23-17.17.37:383][  0]LogD3D11RHI: Adapter has 0MB of dedicated video memory, 0MB of dedicated system memory, and 6135MB of shared system memory, 0 output[s]
[2015.09.23-17.17.37:383][  0]LogD3D11RHI: Chosen D3D11 Adapter Id = 0
[2015.09.23-17.17.37:385][  0]LogD3D11RHI: InitD3DDevice
[2015.09.23-17.17.37:385][  0]LogD3D11RHI: !Direct3DDevice
[2015.09.23-17.17.37:385][  0]LogRHI: Texture pool is 708 MB (70% of 1011 MB)
[2015.09.23-17.17.37:392][  0]LogD3D11RHI: Async texture creation disabled: no driver support
[2015.09.23-17.17.37:402][  0]LogShaderCompilers:Display: Using Local Shader Compiler.
[2015.09.23-17.17.38:179][  0]LogTemp:Display: Loaded TP DesktopTargetPlatform
[2015.09.23-17.17.38:193][  0]LogTemp:Display: Loaded TP WindowsClientTargetPlatform
[2015.09.23-17.17.38:207][  0]LogTemp:Display: Loaded TP WindowsNoEditorTargetPlatform
[2015.09.23-17.17.38:221][  0]LogTemp:Display: Loaded TP WindowsServerTargetPlatform
[2015.09.23-17.17.38:238][  0]LogTemp:Display: Loaded TP WindowsTargetPlatform
[2015.09.23-17.17.38:250][  0]LogTemp:Display: Loaded TP AndroidTargetPlatform
[2015.09.23-17.17.38:263][  0]LogTemp:Display: Loaded TP Android_ASTCTargetPlatform
[2015.09.23-17.17.38:275][  0]LogTemp:Display: Loaded TP Android_ATCTargetPlatform
[2015.09.23-17.17.38:287][  0]LogTemp:Display: Loaded TP Android_DXTTargetPlatform
[2015.09.23-17.17.38:299][  0]LogTemp:Display: Loaded TP Android_ETC1TargetPlatform
[2015.09.23-17.17.38:311][  0]LogTemp:Display: Loaded TP Android_ETC2TargetPlatform
[2015.09.23-17.17.38:325][  0]LogTemp:Display: Loaded TP Android_PVRTCTargetPlatform
[2015.09.23-17.17.38:373][  0]LogTemp:Display: Loaded TP IOSTargetPlatform
[2015.09.23-17.17.38:385][  0]LogTemp:Display: Loaded TP LinuxNoEditorTargetPlatform
[2015.09.23-17.17.38:397][  0]LogTemp:Display: Loaded TP LinuxServerTargetPlatform
[2015.09.23-17.17.38:411][  0]LogTemp:Display: Loaded TP LinuxTargetPlatform
[2015.09.23-17.17.38:411][  0]LogTargetPlatformManager:Display: Building Assets For Windows
[2015.09.23-17.17.38:614][  0]LogDerivedDataCache:Display: Max Cache Size: 512 MB
[2015.09.23-17.17.38:682][  0]LogDerivedDataCache: Loaded boot cache 0.07s 53MB C:/Users/Bodoo/AppData/Local/UnrealEngine/4.8/DerivedDataCache/Boot.ddc.
[2015.09.23-17.17.38:682][  0]LogDerivedDataCache:Display: Loaded Boot cache: C:/Users/Bodoo/AppData/Local/UnrealEngine/4.8/DerivedDataCache/Boot.ddc
[2015.09.23-17.17.38:683][  0]LogDerivedDataCache: FDerivedDataBackendGraph:  Pak pak cache file ../../../../Projekte/NotPartofTheGame/DerivedDataCache/DDC.ddp not found, will not use a pak cache.
[2015.09.23-17.17.38:683][  0]LogDerivedDataCache: Unable to find inner node Pak for hierarchical cache Hierarchy.
[2015.09.23-17.17.38:683][  0]LogDerivedDataCache: FDerivedDataBackendGraph:  CompressedPak pak cache file ../../../../Projekte/NotPartofTheGame/DerivedDataCache/Compressed.ddp not found, will not use a pak cache.
[2015.09.23-17.17.38:683][  0]LogDerivedDataCache: Unable to find inner node CompressedPak for hierarchical cache Hierarchy.
[2015.09.23-17.17.38:830][  0]LogDerivedDataCache:Display: Pak cache opened for reading ../../../Engine/DerivedDataCache/Compressed.ddp.
[2015.09.23-17.17.38:843][  0]LogDerivedDataCache: Using Local data cache path C:/Users/Bodoo/AppData/Local/UnrealEngine/Common/DerivedDataCache: Writable
[2015.09.23-17.17.39:072][  0]LogInit: Selected Device Profile: [Windows]
[2015.09.23-17.17.39:158][  0]ImportText (ComponentSweepMultiTests): Missing closing parenthesis: (RootShapeAsset="/Engine/BasicShapes/Cube.Cube",ShapeType="TriggerCapsule",HitResult=(Time=0.50,Location=(X=-100.000015,Y=0.0,Z=100.000015),ImpactPoint=(X=-50.0,Y=0.0,Z=50.0),Normal=(X=-1.0,Y=-0.0,Z=0.0),ImpactNormal=(X=0.0,Y=0.0,Z=1.0),TraceStart=(X=-200.0,Y=0.0,Z=200.0),TraceEnd=(X=0.0,Y=0.0,Z=0.0))
[2015.09.23-17.17.39:158][  0]ImportText (LineTraceSingleByChannelTests): Missing closing parenthesis: (RootShapeAsset="/Engine/BasicShapes/Cube.Cube",HitResult=(Time=0.50,Location=(X=-100.000015,Y=0.0,Z=100.000015),ImpactPoint=(X=-50.0,Y=0.0,Z=50.0),Normal=(X=-1.0,Y=-0.0,Z=0.0),ImpactNormal=(X=0.0,Y=0.0,Z=1.0),TraceStart=(X=-200.0,Y=0.0,Z=200.0),TraceEnd=(X=0.0,Y=0.0,Z=0.0))
[2015.09.23-17.17.39:185][  0]LogMeshUtilities: No automatic mesh reduction module available
[2015.09.23-17.17.39:185][  0]LogMeshUtilities: No automatic mesh merging module available
[2015.09.23-17.17.39:491][  0]LogInit: WinSock: version 1.1 (2.2), MaxSocks=32767, MaxUdp=65467
[2015.09.23-17.17.39:912][  0]LogD3D11RHI: InitD3DDevice
[2015.09.23-17.17.39:917][  0]LogWindowsMoviePlayer: Unable to load movie: ../../../../Projekte/NotPartofTheGame/Content/Movies/Default_Startup.mp4
[2015.09.23-17.17.40:055][  0]LogAssetRegistry: FAssetRegistry took 0.0001 seconds to start up
[2015.09.23-17.17.40:100][  0]SourceControl: Info Source control is disabled
[2015.09.23-17.17.40:100][  0]SourceControl: Info Source control is disabled
[2015.09.23-17.17.40:109][  0]SourceControl: Info Source control is disabled
[2015.09.23-17.17.40:289][  0]LogObj: 25913 objects as part of root set at end of initial load.
[2015.09.23-17.17.40:289][  0]LogUObjectAllocator: 5218488 out of 0 bytes used by permanent object pool.
[2015.09.23-17.17.40:356][  0]LogAutomationTest:Warning: ERR: Transient text cannot be serialized "Testing Transient serialization detection".
[2015.09.23-17.17.40:356][  0]LogEngine: Initializing Engine...
[2015.09.23-17.17.40:358][  0]LogHMD: Can't find Oculus library dev build: is proper Runtime installed? Version: 0.6.0.0
[2015.09.23-17.17.40:360][  0]LogHMD:Warning: SteamVR failed to initialize.  Error: 110
[2015.09.23-17.17.40:452][  0]LogInit: XAudio2 using 'Lautsprecher (Realtek High Definition Audio)' : 2 channels at 48 kHz using 32 bits per sample (channel mask 0x3)
[2015.09.23-17.17.40:460][  0]LogInit: FAudioDevice initialized.
[2015.09.23-17.17.40:473][  0]LogInit: Texture streaming: Disabled
[2015.09.23-17.17.40:535][  0]LogNet: Browse: /Temp/Autosaves/Game/NPOTG/Maps/UEDPCTesting_Level?Name=Player
[2015.09.23-17.17.40:535][  0]LogLoad: LoadMap: /Temp/Autosaves/Game/NPOTG/Maps/UEDPCTesting_Level?Name=Player
[2015.09.23-17.17.40:545][  0]LogParticles: Destroying 0 GPU particle simulations for FXSystem 0x0000005C4A617560
[2015.09.23-17.17.40:554][  0]LogMemory: Platform Memory Stats for Windows
[2015.09.23-17.17.40:554][  0]LogMemory: Process Physical Memory: 339.85 MB used, 339.85 MB peak
[2015.09.23-17.17.40:554][  0]LogMemory: Process Virtual Memory: 376.10 MB used, 376.10 MB peak
[2015.09.23-17.17.40:554][  0]LogMemory: Physical Memory: 2994.75 MB used, 12270.45 MB total
[2015.09.23-17.17.40:554][  0]LogMemory: Virtual Memory: 897.85 MB used, 134217728.00 MB total
[2015.09.23-17.17.40:554][  0]LogMemory: 
[2015.09.23-17.17.40:554][  0]Allocator Stats for TBB: (not implemented)
[2015.09.23-17.17.40:851][  0]LogProperty:Warning: ERR: Transient text cannot be serialized "ReturnValue Z".
[2015.09.23-17.17.40:851][  0]LogProperty:Warning: ERR: Transient text cannot be serialized "ReturnValue Y".
[2015.09.23-17.17.40:851][  0]LogProperty:Warning: ERR: Transient text cannot be serialized "ReturnValue X".
[2015.09.23-17.17.41:175][  0]LogProperty:Warning: ERR: Transient text cannot be serialized "ReturnValue Z".
[2015.09.23-17.17.41:175][  0]LogProperty:Warning: ERR: Transient text cannot be serialized "ReturnValue Y".
[2015.09.23-17.17.41:175][  0]LogProperty:Warning: ERR: Transient text cannot be serialized "ReturnValue X".
[2015.09.23-17.17.41:553][  0]LogProperty:Warning: ERR: Transient text cannot be serialized "NewRotation Roll".
[2015.09.23-17.17.41:553][  0]LogProperty:Warning: ERR: Transient text cannot be serialized "NewRotation Yaw".
[2015.09.23-17.17.41:553][  0]LogProperty:Warning: ERR: Transient text cannot be serialized "NewRotation Pitch".
[2015.09.23-17.17.41:553][  0]LogProperty:Warning: ERR: Transient text cannot be serialized "NewRotation Roll".
[2015.09.23-17.17.41:553][  0]LogProperty:Warning: ERR: Transient text cannot be serialized "NewRotation Yaw".
[2015.09.23-17.17.41:553][  0]LogProperty:Warning: ERR: Transient text cannot be serialized "NewRotation Pitch".
[2015.09.23-17.17.41:558][  0]LogProperty:Warning: ERR: Transient text cannot be serialized "ReturnValue Z".
[2015.09.23-17.17.41:558][  0]LogProperty:Warning: ERR: Transient text cannot be serialized "ReturnValue Y".
[2015.09.23-17.17.41:558][  0]LogProperty:Warning: ERR: Transient text cannot be serialized "ReturnValue X".
[2015.09.23-17.17.41:620][  0]LogProperty:Warning: ERR: Transient text cannot be serialized "NewRotation Roll".
[2015.09.23-17.17.41:620][  0]LogProperty:Warning: ERR: Transient text cannot be serialized "NewRotation Yaw".
[2015.09.23-17.17.41:620][  0]LogProperty:Warning: ERR: Transient text cannot be serialized "NewRotation Pitch".
[2015.09.23-17.17.41:620][  0]LogProperty:Warning: ERR: Transient text cannot be serialized "NewRotation Roll".
[2015.09.23-17.17.41:620][  0]LogProperty:Warning: ERR: Transient text cannot be serialized "NewRotation Yaw".
[2015.09.23-17.17.41:620][  0]LogProperty:Warning: ERR: Transient text cannot be serialized "NewRotation Pitch".
[2015.09.23-17.17.41:625][  0]LogProperty:Warning: ERR: Transient text cannot be serialized "ReturnValue Z".
[2015.09.23-17.17.41:625][  0]LogProperty:Warning: ERR: Transient text cannot be serialized "ReturnValue Y".
[2015.09.23-17.17.41:625][  0]LogProperty:Warning: ERR: Transient text cannot be serialized "ReturnValue X".
[2015.09.23-17.17.42:839][  0]LogAIModule: Creating AISystem for world Testing_Level
[2015.09.23-17.17.42:839][  0]LogWorld: Game class is '2DSideScrollerGameMode_C'
[2015.09.23-17.17.42:929][  0]LogWorld: Bringing World /Temp/Autosaves/Game/NPOTG/Maps/UEDPCTesting_Level.Testing_Level up for play (max tick rate 0) at 2015.09.23-19.17.42
[2015.09.23-17.17.42:946][  0]LogWorld: Bringing up level for play took: 0.102880
[2015.09.23-17.17.42:951][  0]LogInit:Display: Game Engine Initialized.
[2015.09.23-17.17.43:175][  0]LogLoad: Full Startup: 8.03 seconds (BP compile: 1.17 seconds)
[2015.09.23-17.17.43:192][  0]LogWindowsTextInputMethodSystem:Display: IME system now deactivated.
[2015.09.23-17.17.43:192][  0]LogWindowsTextInputMethodSystem:Display: IME system now deactivated.
[2015.09.23-17.17.43:195][  0]LogContentStreaming: Texture pool size is 1000.000000MB
[2015.09.23-17.17.43:320][  0]LogRenderer: Reallocating scene render targets to support 1280x720 (Frame:2).
[2015.09.23-17.17.43:444][  1]LogScript:Warning: Accessed None 'PointA'
	wolf_C /Temp/Autosaves/Game/NPOTG/Maps/UEDPCTesting_Level.Testing_Level:PersistentLevel.wolf_C_15
	Function /Game/NPOTG/Blueprints/Charaktere/wolf.wolf_C:ExecuteUbergraph_wolf:046E
[2015.09.23-17.17.43:445][  1]LogScript:Warning: Accessed None 'PointB'
	wolf_C /Temp/Autosaves/Game/NPOTG/Maps/UEDPCTesting_Level.Testing_Level:PersistentLevel.wolf_C_15
	Function /Game/NPOTG/Blueprints/Charaktere/wolf.wolf_C:ExecuteUbergraph_wolf:0499
[2015.09.23-17.17.43:460][  2]LogScript:Warning: Accessed None 'PointA'
	wolf_C /Temp/Autosaves/Game/NPOTG/Maps/UEDPCTesting_Level.Testing_Level:PersistentLevel.wolf_C_15
	Function /Game/NPOTG/Blueprints/Charaktere/wolf.wolf_C:ExecuteUbergraph_wolf:046E
[2015.09.23-17.17.43:460][  2]LogScript:Warning: Accessed None 'PointB'
	wolf_C /Temp/Autosaves/Game/NPOTG/Maps/UEDPCTesting_Level.Testing_Level:PersistentLevel.wolf_C_15
	Function /Game/NPOTG/Blueprints/Charaktere/wolf.wolf_C:ExecuteUbergraph_wolf:0499
[2015.09.23-17.17.43:479][  3]LogScript:Warning: Accessed None 'PointA'
	wolf_C /Temp/Autosaves/Game/NPOTG/Maps/UEDPCTesting_Level.Testing_Level:PersistentLevel.wolf_C_15
	Function /Game/NPOTG/Blueprints/Charaktere/wolf.wolf_C:ExecuteUbergraph_wolf:046E
[2015.09.23-17.17.43:479][  3]LogScript:Warning: Accessed None 'PointB'
	wolf_C /Temp/Autosaves/Game/NPOTG/Maps/UEDPCTesting_Level.Testing_Level:PersistentLevel.wolf_C_15
	Function /Game/NPOTG/Blueprints/Charaktere/wolf.wolf_C:ExecuteUbergraph_wolf:0499
[2015.09.23-17.17.43:495][  4]LogScript:Warning: Accessed None 'PointA'
	wolf_C /Temp/Autosaves/Game/NPOTG/Maps/UEDPCTesting_Level.Testing_Level:PersistentLevel.wolf_C_15
	Function /Game/NPOTG/Blueprints/Charaktere/wolf.wolf_C:ExecuteUbergraph_wolf:046E
[2015.09.23-17.17.43:495][  4]LogScript:Warning: Accessed None 'PointB'
	wolf_C /Temp/Autosaves/Game/NPOTG/Maps/UEDPCTesting_Level.Testing_Level:PersistentLevel.wolf_C_15
	Function /Game/NPOTG/Blueprints/Charaktere/wolf.wolf_C:ExecuteUbergraph_wolf:0499
[2015.09.23-17.17.43:511][  5]LogScript:Warning: Accessed None 'PointA'
	wolf_C /Temp/Autosaves/Game/NPOTG/Maps/UEDPCTesting_Level.Testing_Level:PersistentLevel.wolf_C_15
	Function /Game/NPOTG/Blueprints/Charaktere/wolf.wolf_C:ExecuteUbergraph_wolf:046E
[2015.09.23-17.17.43:511][  5]LogScript:Warning: Accessed None 'PointB'
	wolf_C /Temp/Autosaves/Game/NPOTG/Maps/UEDPCTesting_Level.Testing_Level:PersistentLevel.wolf_C_15
	Function /Game/NPOTG/Blueprints/Charaktere/wolf.wolf_C:ExecuteUbergraph_wolf:0499
[2015.09.23-17.17.43:527][  6]LogScript:Warning: Accessed None 'PointA'
	wolf_C /Temp/Autosaves/Game/NPOTG/Maps/UEDPCTesting_Level.Testing_Level:PersistentLevel.wolf_C_15
	Function /Game/NPOTG/Blueprints/Charaktere/wolf.wolf_C:ExecuteUbergraph_wolf:046E
[2015.09.23-17.17.43:527][  6]LogScript:Warning: Accessed None 'PointB'
	wolf_C /Temp/Autosaves/Game/NPOTG/Maps/UEDPCTesting_Level.Testing_Level:PersistentLevel.wolf_C_15
	Function /Game/NPOTG/Blueprints/Charaktere/wolf.wolf_C:ExecuteUbergraph_wolf:0499
[2015.09.23-17.17.43:544][  7]LogScript:Warning: Accessed None 'PointA'
	wolf_C /Temp/Autosaves/Game/NPOTG/Maps/UEDPCTesting_Level.Testing_Level:PersistentLevel.wolf_C_15
	Function /Game/NPOTG/Blueprints/Charaktere/wolf.wolf_C:ExecuteUbergraph_wolf:046E
[2015.09.23-17.17.43:544][  7]LogScript:Warning: Accessed None 'PointB'
	wolf_C /Temp/Autosaves/Game/NPOTG/Maps/UEDPCTesting_Level.Testing_Level:PersistentLevel.wolf_C_15
	Function /Game/NPOTG/Blueprints/Charaktere/wolf.wolf_C:ExecuteUbergraph_wolf:0499
[2015.09.23-17.17.43:560][  8]LogScript:Warning: Accessed None 'PointA'
	wolf_C /Temp/Autosaves/Game/NPOTG/Maps/UEDPCTesting_Level.Testing_Level:PersistentLevel.wolf_C_15
	Function /Game/NPOTG/Blueprints/Charaktere/wolf.wolf_C:ExecuteUbergraph_wolf:046E
[2015.09.23-17.17.43:560][  8]LogScript:Warning: Accessed None 'PointB'
	wolf_C /Temp/Autosaves/Game/NPOTG/Maps/UEDPCTesting_Level.Testing_Level:PersistentLevel.wolf_C_15
	Function /Game/NPOTG/Blueprints/Charaktere/wolf.wolf_C:ExecuteUbergraph_wolf:0499
[2015.09.23-17.17.43:576][  9]LogScript:Warning: Accessed None 'PointA'
	wolf_C /Temp/Autosaves/Game/NPOTG/Maps/UEDPCTesting_Level.Testing_Level:PersistentLevel.wolf_C_15
	Function /Game/NPOTG/Blueprints/Charaktere/wolf.wolf_C:ExecuteUbergraph_wolf:046E
[2015.09.23-17.17.46:914][216]Set new viewmode: Unlit
[2015.09.23-17.17.49:167][355]LogScriptCore: Script call stack:
	Function /Game/NPOTG/Blueprints/Charaktere/wolf.wolf_C:BndEvt__see cone_K2Node_ComponentBoundEvent_90_ComponentBeginOverlapSignature__DelegateSignature
	Function /Game/NPOTG/Blueprints/Charaktere/wolf.wolf_C:ExecuteUbergraph_wolf
	Function /Game/NPOTG/Blueprints/Charaktere/wolf.wolf_C:start the fight
	Function /Game/NPOTG/Blueprints/Charaktere/wolf.wolf_C:construct fight
	Function /Game/NPOTG/Blueprints/Charaktere/wolf.wolf_C:start the fight
	Function /Game/NPOTG/Blueprints/Charaktere/wolf.wolf_C:construct fight
	Function /Game/NPOTG/Blueprints/Charaktere/wolf.wolf_C:start the fight
	Function /Game/NPOTG/Blueprints/Charaktere/wolf.wolf_C:construct fight
	Function /Game/NPOTG/Blueprints/Charaktere/wolf.wolf_C:start the fight
	Function /Game/NPOTG/Blueprints/Charaktere/wolf.wolf_C:construct fight
	Function /Game/NPOTG/Blueprints/Charaktere/wolf.wolf_C:start the fight
	Function /Game/NPOTG/Blueprints/Charaktere/wolf.wolf_C:construct fight
	Function /Game/NPOTG/Blueprints/Charaktere/wolf.wolf_C:start the fight
	Function /Game/NPOTG/Blueprints/Charaktere/wolf.wolf_C:construct fight
	Function /Game/NPOTG/Blueprints/Charaktere/wolf.wolf_C:start the fight
	Function /Game/NPOTG/Blueprints/Charaktere/wolf.wolf_C:construct fight
	Function /Game/NPOTG/Blueprints/Charaktere/wolf.wolf_C:start the fight
	Function /Game/NPOTG/Blueprints/Charaktere/wolf.wolf_C:construct fight
	Function /Game/NPOTG/Blueprints/Charaktere/wolf.wolf_C:start the fight
	Function /Game/NPOTG/Blueprints/Charaktere/wolf.wolf_C:construct fight
	Function /Game/NPOTG/Blueprints/Charaktere/wolf.wolf_C:start the fight
	Function /Game/NPOTG/Blueprints/Charaktere/wolf.wolf_C:construct fight
	Function /Game/NPOTG/Blueprints/Charaktere/wolf.wolf_C:start the fight
	Function /Game/NPOTG/Blueprints/Charaktere/wolf.wolf_C:construct fight
	Function /Game/NPOTG/Blueprints/Charaktere/wolf.wolf_C:start the fight
	Function /Game/NPOTG/Blueprints/Charaktere/wolf.wolf_C:construct fight
	Function /Game/NPOTG/Blueprints/Charaktere/wolf.wolf_C:start the fight
	Function /Game/NPOTG/Blueprints/Charaktere/wolf.wolf_C:construct fight
	Function /Game/NPOTG/Blueprints/Charaktere/wolf.wolf_C:start the fight
	Function /Game/NPOTG/Blueprints/Charaktere/wolf.wolf_C:construct fight
	Function /Game/NPOTG/Blueprints/Charaktere/wolf.wolf_C:start the fight
	Function /Game/NPOTG/Blueprints/Charaktere/wolf.wolf_C:construct fight
	Function /Game/NPOTG/Blueprints/Charaktere/wolf.wolf_C:start the fight
	Function /Game/NPOTG/Blueprints/Charaktere/wolf.wolf_C:construct fight
	Function /Game/NPOTG/Blueprints/Charaktere/wolf.wolf_C:start the fight
	Function /Game/NPOTG/Blueprints/Charaktere/wolf.wolf_C:construct fight
	Function /Game/NPOTG/Blueprints/Charaktere/wolf.wolf_C:start the fight
	Function /Game/NPOTG/Blueprints/Charaktere/wolf.wolf_C:construct fight
	Function /Game/NPOTG/Blueprints/Charaktere/wolf.wolf_C:start the fight
	Function /Game/NPOTG/Blueprints/Charaktere/wolf.wolf_C:construct fight
	Function /Game/NPOTG/Blueprints/Charaktere/wolf.wolf_C:start the fight
	Function /Game/NPOTG/Blueprints/Charaktere/wolf.wolf_C:construct fight
	Function /Game/NPOTG/Blueprints/Charaktere/wolf.wolf_C:start the fight
	Function /Game/NPOTG/Blueprints/Charaktere/wolf.wolf_C:construct fight
	Function /Game/NPOTG/Blueprints/Charaktere/wolf.wolf_C:start the fight
	Function /Game/NPOTG/Blueprints/Charaktere/wolf.wolf_C:construct fight
	Function /Game/NPOTG/Blueprints/Charaktere/wolf.wolf_C:start the fight
	Function /Game/NPOTG/Blueprints/Charaktere/wolf.wolf_C:construct fight
	Function /Game/NPOTG/Blueprints/Charaktere/wolf.wolf_C:start the fight
	Function /Game/NPOTG/Blueprints/Charaktere/wolf.wolf_C:construct fight
	Function /Game/NPOTG/Blueprints/Charaktere/wolf.wolf_C:start the fight
	Function /Game/NPOTG/Blueprints/Charaktere/wolf.wolf_C:construct fight
	Function /Game/NPOTG/Blueprints/Charaktere/wolf.wolf_C:start the fight
	Function /Game/NPOTG/Blueprints/Charaktere/wolf.wolf_C:construct fight
	Function /Game/NPOTG/Blueprints/Charaktere/wolf.wolf_C:start the fight
	Function /Game/NPOTG/Blueprints/Charaktere/wolf.wolf_C:construct fight
	Function /Game/NPOTG/Blueprints/Charaktere/wolf.wolf_C:start the fight
	Function /Game/NPOTG/Blueprints/Charaktere/wolf.wolf_C:construct fight
	Function /Game/NPOTG/Blueprints/Charaktere/wolf.wolf_C:start the fight
	Function /Game/NPOTG/Blueprints/Charaktere/wolf.wolf_C:construct fight
	Function /Game/NPOTG/Blueprints/Charaktere/wolf.wolf_C:start the fight
	Function /Game/NPOTG/Blueprints/Charaktere/wolf.wolf_C:construct fight
	Function /Game/NPOTG/Blueprints/Charaktere/wolf.wolf_C:start the fight
	Function /Game/NPOTG/Blueprints/Charaktere/wolf.wolf_C:construct fight
	Function /Game/NPOTG/Blueprints/Charaktere/wolf.wolf_C:start the fight
	Function /Game/NPOTG/Blueprints/Charaktere/wolf.wolf_C:construct fight
	Function /Game/NPOTG/Blueprints/Charaktere/wolf.wolf_C:start the fight
	Function /Game/NPOTG/Blueprints/Charaktere/wolf.wolf_C:construct fight
	Function /Game/NPOTG/Blueprints/Charaktere/wolf.wolf_C:start the fight
	Function /Game/NPOTG/Blueprints/Charaktere/wolf.wolf_C:construct fight
	Function /Game/NPOTG/Blueprints/Charaktere/wolf.wolf_C:start the fight
	Function /Game/NPOTG/Blueprints/Charaktere/wolf.wolf_C:construct fight
	Function /Game/NPOTG/Blueprints/Charaktere/wolf.wolf_C:start the fight
	Function /Game/NPOTG/Blueprints/Charaktere/wolf.wolf_C:construct fight
	Function /Game/NPOTG/Blueprints/Charaktere/wolf.wolf_C:start the fight
	Function /Game/NPOTG/Blueprints/Charaktere/wolf.wolf_C:construct fight
	Function /Game/NPOTG/Blueprints/Charaktere/wolf.wolf_C:start the fight
	Function /Game/NPOTG/Blueprints/Charaktere/wolf.wolf_C:construct fight
	Function /Game/NPOTG/Blueprints/Charaktere/wolf.wolf_C:start the fight
	Function /Game/NPOTG/Blueprints/Charaktere/wolf.wolf_C:construct fight
	Function /Game/NPOTG/Blueprints/Charaktere/wolf.wolf_C:start the fight
	Function /Game/NPOTG/Blueprints/Charaktere/wolf.wolf_C:construct fight
	Function /Game/NPOTG/Blueprints/Charaktere/wolf.wolf_C:start the fight
	Function /Game/NPOTG/Blueprints/Charaktere/wolf.wolf_C:construct fight
	Function /Game/NPOTG/Blueprints/Charaktere/wolf.wolf_C:start the fight
	Function /Game/NPOTG/Blueprints/Charaktere/wolf.wolf_C:construct fight
	Function /Game/NPOTG/Blueprints/Charaktere/wolf.wolf_C:start the fight
	Function /Game/NPOTG/Blueprints/Charaktere/wolf.wolf_C:construct fight
	Function /Game/NPOTG/Blueprints/Charaktere/wolf.wolf_C:start the fight
	Function /Game/NPOTG/Blueprints/Charaktere/wolf.wolf_C:construct fight
	Function /Game/NPOTG/Blueprints/Charaktere/wolf.wolf_C:start the fight
	Function /Game/NPOTG/Blueprints/Charaktere/wolf.wolf_C:construct fight
	Function /Game/NPOTG/Blueprints/Charaktere/wolf.wolf_C:start the fight
	Function /Game/NPOTG/Blueprints/Charaktere/wolf.wolf_C:construct fight
	Function /Game/NPOTG/Blueprints/Charaktere/wolf.wolf_C:start the fight
	Function /Game/NPOTG/Blueprints/Charaktere/wolf.wolf_C:construct fight
	Function /Game/NPOTG/Blueprints/Charaktere/wolf.wolf_C:start the fight
	Function /Game/NPOTG/Blueprints/Charaktere/wolf.wolf_C:construct fight
	Function /Game/NPOTG/Blueprints/Charaktere/wolf.wolf_C:start the fight
	Function /Game/NPOTG/Blueprints/Charaktere/wolf.wolf_C:construct fight
	Function /Game/NPOTG/Blueprints/Charaktere/wolf.wolf_C:start the fight
	Function /Game/NPOTG/Blueprints/Charaktere/wolf.wolf_C:construct fight
	Function /Game/NPOTG/Blueprints/Charaktere/wolf.wolf_C:start the fight
	Function /Game/NPOTG/Blueprints/Charaktere/wolf.wolf_C:construct fight
	Function /Game/NPOTG/Blueprints/Charaktere/wolf.wolf_C:start the fight
	Function /Game/NPOTG/Blueprints/Charaktere/wolf.wolf_C:construct fight
	Function /Game/NPOTG/Blueprints/Charaktere/wolf.wolf_C:start the fight
	Function /Game/NPOTG/Blueprints/Charaktere/wolf.wolf_C:construct fight
	Function /Game/NPOTG/Blueprints/Charaktere/wolf.wolf_C:start the fight
	Function /Game/NPOTG/Blueprints/Charaktere/wolf.wolf_C:construct fight
	Function /Game/NPOTG/Blueprints/Charaktere/wolf.wolf_C:start the fight
	Function /Game/NPOTG/Blueprints/Charaktere/wolf.wolf_C:construct fight
	Function /Game/NPOTG/Blueprints/Charaktere/wolf.wolf_C:start the fight
	Function /Game/NPOTG/Blueprints/Charaktere/wolf.wolf_C:construct fight
	Function /Game/NPOTG/Blueprints/Charaktere/wolf.wolf_C:start the fight
	Function /Game/NPOTG/Blueprints/Charaktere/wolf.wolf_C:construct fight
	Function /Game/NPOTG/Blueprints/Charaktere/wolf.wolf_C:start the fight
	Function /Game/NPOTG/Blueprints/Charaktere/wolf.wolf_C:construct fight
	Function /Game/NPOTG/Blueprints/Charaktere/wolf.wolf_C:start the fight
	Function /Game/NPOTG/Blueprints/Charaktere/wolf.wolf_C:construct fight
	Function /Game/NPOTG/Blueprints/Charaktere/wolf.wolf_C:start the fight
	Function /Game/NPOTG/Blueprints/Charaktere/wolf.wolf_C:construct fight
	Function /Game/NPOTG/Blueprints/Charaktere/wolf.wolf_C:start the fight
	Function /Game/NPOTG/Blueprints/Charaktere/wolf.wolf_C:construct fight
	Function /Game/NPOTG/Blueprints/Charaktere/wolf.wolf_C:start the fight
	Function /Game/NPOTG/Blueprints/Charaktere/wolf.wolf_C:construct fight
	Function /Game/NPOTG/Blueprints/Charaktere/wolf.wolf_C:start the fight
	Function /Game/NPOTG/Blueprints/Charaktere/wolf.wolf_C:construct fight
	Function /Game/NPOTG/Blueprints/Charaktere/wolf.wolf_C:start the fight
	Function /Game/NPOTG/Blueprints/Charaktere/wolf.wolf_C:construct fight
	Function /Game/NPOTG/Blueprints/Charaktere/wolf.wolf_C:start the fight
	Function /Game/NPOTG/Blueprints/Charaktere/wolf.wolf_C:construct fight
	Function /Game/NPOTG/Blueprints/Charaktere/wolf.wolf_C:start the fight
	Function /Game/NPOTG/Blueprints/Charaktere/wolf.wolf_C:construct fight
	Function /Game/NPOTG/Blueprints/Charaktere/wolf.wolf_C:start the fight
	Function /Game/NPOTG/Blueprints/Charaktere/wolf.wolf_C:construct fight
	Function /Game/NPOTG/Blueprints/Charaktere/wolf.wolf_C:start the fight
	Function /Game/NPOTG/Blueprints/Charaktere/wolf.wolf_C:construct fight
	Function /Game/NPOTG/Blueprints/Charaktere/wolf.wolf_C:start the fight
	Function /Game/NPOTG/Blueprints/Charaktere/wolf.wolf_C:construct fight
	Function /Game/NPOTG/Blueprints/Charaktere/wolf.wolf_C:start the fight
	Function /Game/NPOTG/Blueprints/Charaktere/wolf.wolf_C:construct fight
	Function /Game/NPOTG/Blueprints/Charaktere/wolf.wolf_C:start the fight
	Function /Game/NPOTG/Blueprints/Charaktere/wolf.wolf_C:construct fight
	Function /Game/NPOTG/Blueprints/Charaktere/wolf.wolf_C:start the fight
	Function /Game/NPOTG/Blueprints/Charaktere/wolf.wolf_C:construct fight
	Function /Game/NPOTG/Blueprints/Charaktere/wolf.wolf_C:start the fight
	Function /Game/NPOTG/Blueprints/Charaktere/wolf.wolf_C:construct fight
	Function /Game/NPOTG/Blueprints/Charaktere/wolf.wolf_C:start the fight
	Function /Game/NPOTG/Blueprints/Charaktere/wolf.wolf_C:construct fight
	Function /Game/NPOTG/Blueprints/Charaktere/wolf.wolf_C:start the fight
	Function /Game/NPOTG/Blueprints/Charaktere/wolf.wolf_C:construct fight
	Function /Game/NPOTG/Blueprints/Charaktere/wolf.wolf_C:start the fight
	Function /Game/NPOTG/Blueprints/Charaktere/wolf.wolf_C:construct fight
	Function /Game/NPOTG/Blueprints/Charaktere/wolf.wolf_C:start the fight
	Function /Game/NPOTG/Blueprints/Charaktere/wolf.wolf_C:construct fight
	Function /Game/NPOTG/Blueprints/Charaktere/wolf.wolf_C:start the fight
	Function /Game/NPOTG/Blueprints/Charaktere/wolf.wolf_C:construct fight
	Function /Game/NPOTG/Blueprints/Charaktere/wolf.wolf_C:start the fight
	Function /Game/NPOTG/Blueprints/Charaktere/wolf.wolf_C:construct fight
	Function /Game/NPOTG/Blueprints/Charaktere/wolf.wolf_C:start the fight
	Function /Game/NPOTG/Blueprints/Charaktere/wolf.wolf_C:construct fight
	Function /Game/NPOTG/Blueprints/Charaktere/wolf.wolf_C:start the fight
	Function /Game/NPOTG/Blueprints/Charaktere/wolf.wolf_C:construct fight
	Function /Game/NPOTG/Blueprints/Charaktere/wolf.wolf_C:start the fight
	Function /Game/NPOTG/Blueprints/Charaktere/wolf.wolf_C:construct fight
	Function /Game/NPOTG/Blueprints/Charaktere/wolf.wolf_C:start the fight
	Function /Game/NPOTG/Blueprints/Charaktere/wolf.wolf_C:construct fight
	Function /Game/NPOTG/Blueprints/Charaktere/wolf.wolf_C:start the fight
	Function /Game/NPOTG/Blueprints/Charaktere/wolf.wolf_C:construct fight
	Function /Game/NPOTG/Blueprints/Charaktere/wolf.wolf_C:start the fight
	Function /Game/NPOTG/Blueprints/Charaktere/wolf.wolf_C:construct fight
	Function /Game/NPOTG/Blueprints/Charaktere/wolf.wolf_C:start the fight
	Function /Game/NPOTG/Blueprints/Charaktere/wolf.wolf_C:construct fight
	Function /Game/NPOTG/Blueprints/Charaktere/wolf.wolf_C:start the fight
	Function /Game/NPOTG/Blueprints/Charaktere/wolf.wolf_C:construct fight
	Function /Game/NPOTG/Blueprints/Charaktere/wolf.wolf_C:start the fight
	Function /Game/NPOTG/Blueprints/Charaktere/wolf.wolf_C:construct fight
	Function /Game/NPOTG/Blueprints/Charaktere/wolf.wolf_C:start the fight
	Function /Game/NPOTG/Blueprints/Charaktere/wolf.wolf_C:construct fight
	Function /Game/NPOTG/Blueprints/Charaktere/wolf.wolf_C:start the fight
	Function /Game/NPOTG/Blueprints/Charaktere/wolf.wolf_C:construct fight
	Function /Game/NPOTG/Blueprints/Charaktere/wolf.wolf_C:start the fight
	Function /Game/NPOTG/Blueprints/Charaktere/wolf.wolf_C:construct fight
	Function /Game/NPOTG/Blueprints/Charaktere/wolf.wolf_C:start the fight
	Function /Game/NPOTG/Blueprints/Charaktere/wolf.wolf_C:construct fight
	Function /Game/NPOTG/Blueprints/Charaktere/wolf.wolf_C:start the fight
	Function /Game/NPOTG/Blueprints/Charaktere/wolf.wolf_C:construct fight
	Function /Game/NPOTG/Blueprints/Charaktere/wolf.wolf_C:start the fight
	Function /Game/NPOTG/Blueprints/Charaktere/wolf.wolf_C:construct fight
	Function /Game/NPOTG/Blueprints/Charaktere/wolf.wolf_C:start the fight
	Function /Game/NPOTG/Blueprints/Charaktere/wolf.wolf_C:construct fight
	Function /Game/NPOTG/Blueprints/Charaktere/wolf.wolf_C:start the fight
	Function /Game/NPOTG/Blueprints/Charaktere/wolf.wolf_C:construct fight
	Function /Game/NPOTG/Blueprints/Charaktere/wolf.wolf_C:start the fight
	Function /Game/NPOTG/Blueprints/Charaktere/wolf.wolf_C:construct fight
	Function /Game/NPOTG/Blueprints/Charaktere/wolf.wolf_C:start the fight
	Function /Game/NPOTG/Blueprints/Charaktere/wolf.wolf_C:construct fight
	Function /Game/NPOTG/Blueprints/Charaktere/wolf.wolf_C:start the fight
	Function /Game/NPOTG/Blueprints/Charaktere/wolf.wolf_C:construct fight
	Function /Game/NPOTG/Blueprints/Charaktere/wolf.wolf_C:start the fight
	Function /Game/NPOTG/Blueprints/Charaktere/wolf.wolf_C:construct fight
	Function /Game/NPOTG/Blueprints/Charaktere/wolf.wolf_C:start the fight
	Function /Game/NPOTG/Blueprints/Charaktere/wolf.wolf_C:construct fight
	Function /Game/NPOTG/Blueprints/Charaktere/wolf.wolf_C:start the fight
	Function /Game/NPOTG/Blueprints/Charaktere/wolf.wolf_C:construct fight
	Function /Game/NPOTG/Blueprints/Charaktere/wolf.wolf_C:start the fight
	Function /Game/NPOTG/Blueprints/Charaktere/wolf.wolf_C:construct fight
	Function /Game/NPOTG/Blueprints/Charaktere/wolf.wolf_C:start the fight
	Function /Game/NPOTG/Blueprints/Charaktere/wolf.wolf_C:construct fight
	Function /Game/NPOTG/Blueprints/Charaktere/wolf.wolf_C:start the fight
	Function /Game/NPOTG/Blueprints/Charaktere/wolf.wolf_C:construct fight
	Function /Game/NPOTG/Blueprints/Charaktere/wolf.wolf_C:start the fight
	Function /Game/NPOTG/Blueprints/Charaktere/wolf.wolf_C:construct fight
	Function /Game/NPOTG/Blueprints/Charaktere/wolf.wolf_C:start the fight
	Function /Game/NPOTG/Blueprints/Charaktere/wolf.wolf_C:construct fight
	Function /Game/NPOTG/Blueprints/Charaktere/wolf.wolf_C:start the fight
	Function /Game/NPOTG/Blueprints/Charaktere/wolf.wolf_C:construct fight
	Function /Game/NPOTG/Blueprints/Charaktere/wolf.wolf_C:start the fight
	Function /Game/NPOTG/Blueprints/Charaktere/wolf.wolf_C:construct fight
	Function /Game/NPOTG/Blueprints/Charaktere/wolf.wolf_C:start the fight
	Function /Game/NPOTG/Blueprints/Charaktere/wolf.wolf_C:construct fight
	Function /Game/NPOTG/Blueprints/Charaktere/wolf.wolf_C:start the fight
	Function /Game/NPOTG/Blueprints/Charaktere/wolf.wolf_C:construct fight
	Function /Game/NPOTG/Blueprints/Charaktere/wolf.wolf_C:start the fight
	Function /Game/NPOTG/Blueprints/Charaktere/wolf.wolf_C:construct fight
	Function /Game/NPOTG/Blueprints/Charaktere/wolf.wolf_C:start the fight
	Function /Game/NPOTG/Blueprints/Charaktere/wolf.wolf_C:construct fight
	Function /Game/NPOTG/Blueprints/Charaktere/wolf.wolf_C:start the fight
	Function /Game/NPOTG/Blueprints/Charaktere/wolf.wolf_C:construct fight
	Function /Game/NPOTG/Blueprints/Charaktere/wolf.wolf_C:start the fight
	Function /Game/NPOTG/Blueprints/Charaktere/wolf.wolf_C:construct fight
	Function /Game/NPOTG/Blueprints/Charaktere/wolf.wolf_C:start the fight
	Function /Game/NPOTG/Blueprints/Charaktere/wolf.wolf_C:construct fight
	Function /Game/NPOTG/Blueprints/Charaktere/wolf.wolf_C:start the fight
	Function /Game/NPOTG/Blueprints/Charaktere/wolf.wolf_C:construct fight
	Function /Game/NPOTG/Blueprints/Charaktere/wolf.wolf_C:start the fight
	Function /Game/NPOTG/Blueprints/Charaktere/wolf.wolf_C:construct fight
	Function /Game/NPOTG/Blueprints/Charaktere/wolf.wolf_C:start the fight
	Function /Game/NPOTG/Blueprints/Charaktere/wolf.wolf_C:construct fight
	Function /Game/NPOTG/Blueprints/Charaktere/wolf.wolf_C:start the fight
	Function /Game/NPOTG/Blueprints/Charaktere/wolf.wolf_C:construct fight
	Function /Game/NPOTG/Blueprints/Charaktere/wolf.wolf_C:start the fight
	Function /Game/NPOTG/Blueprints/Charaktere/wolf.wolf_C:construct fight
	Function /Game/NPOTG/Blueprints/Charaktere/wolf.wolf_C:start the fight
	Function /Game/NPOTG/Blueprints/Charaktere/wolf.wolf_C:construct fight
	Function /Game/NPOTG/Blueprints/Charaktere/wolf.wolf_C:start the fight
	Function /Game/NPOTG/Blueprints/Charaktere/wolf.wolf_C:construct fight

[2015.09.23-17.17.49:167][355]LogScript:Warning: Infinite script recursion (250 calls) detected
	wolf_C /Temp/Autosaves/Game/NPOTG/Maps/UEDPCTesting_Level.Testing_Level:PersistentLevel.wolf_C_13
	Function /Game/NPOTG/Blueprints/Charaktere/wolf.wolf_C:construct fight:0000
[2015.09.23-17.17.49:180][356]LogBlueprintUserMessages: 9.838709
[2015.09.23-17.17.49:180][356]LogBlueprintUserMessages: PRINT
[2015.09.23-17.17.49:196][357]LogBlueprintUserMessages: 9.758063
[2015.09.23-17.17.49:196][357]LogBlueprintUserMessages: PRINT
[2015.09.23-17.17.49:212][358]LogBlueprintUserMessages: 9.677418
[2015.09.23-17.17.49:212][358]LogBlueprintUserMessages: PRINT
[2015.09.23-17.17.49:228][359]LogBlueprintUserMessages: 9.596772
[2015.09.23-17.17.49:228][359]LogBlueprintUserMessages: PRINT
[2015.09.23-17.17.49:245][360]LogBlueprintUserMessages: 9.516127
[2015.09.23-17.17.49:245][360]LogBlueprintUserMessages: PRINT
[2015.09.23-17.17.49:260][361]LogBlueprintUserMessages: 9.435481
[2015.09.23-17.17.49:260][361]LogBlueprintUserMessages: PRINT
[2015.09.23-17.17.49:276][362]LogBlueprintUserMessages: 9.354836
[2015.09.23-17.17.49:277][362]LogBlueprintUserMessages: PRINT
[2015.09.23-17.17.49:293][363]LogBlueprintUserMessages: 9.27419
[2015.09.23-17.17.49:293][363]LogBlueprintUserMessages: PRINT
[2015.09.23-17.17.49:309][364]LogBlueprintUserMessages: 9.193544
[2015.09.23-17.17.49:309][364]LogBlueprintUserMessages: PRINT
[2015.09.23-17.17.49:325][365]LogBlueprintUserMessages: 9.112899
[2015.09.23-17.17.49:325][365]LogBlueprintUserMessages: PRINT
[2015.09.23-17.17.49:342][366]LogBlueprintUserMessages: 9.032253
[2015.09.23-17.17.49:342][366]LogBlueprintUserMessages: PRINT
[2015.09.23-17.17.49:358][367]LogBlueprintUserMessages: 8.951608
[2015.09.23-17.17.49:358][367]LogBlueprintUserMessages: PRINT
[2015.09.23-17.17.49:374][368]LogBlueprintUserMessages: 8.870962
[2015.09.23-17.17.49:374][368]LogBlueprintUserMessages: PRINT
[2015.09.23-17.17.49:390][369]LogBlueprintUserMessages: 8.790317
[2015.09.23-17.17.49:390][369]LogBlueprintUserMessages: PRINT
[2015.09.23-17.17.49:406][370]LogBlueprintUserMessages: 8.709671
[2015.09.23-17.17.49:406][370]LogBlueprintUserMessages: PRINT
[2015.09.23-17.17.49:422][371]LogBlueprintUserMessages: 8.629025
[2015.09.23-17.17.49:422][371]LogBlueprintUserMessages: PRINT
[2015.09.23-17.17.49:438][372]LogBlueprintUserMessages: 8.54838
[2015.09.23-17.17.49:438][372]LogBlueprintUserMessages: PRINT
[2015.09.23-17.17.49:454][373]LogBlueprintUserMessages: 8.467734
[2015.09.23-17.17.49:454][373]LogBlueprintUserMessages: PRINT
[2015.09.23-17.17.49:471][374]LogBlueprintUserMessages: 8.387089
[2015.09.23-17.17.49:471][374]LogBlueprintUserMessages: PRINT
[2015.09.23-17.17.49:486][375]LogBlueprintUserMessages: 8.306443
[2015.09.23-17.17.49:486][375]LogBlueprintUserMessages: PRINT
[2015.09.23-17.17.49:502][376]LogBlueprintUserMessages: 8.225798
[2015.09.23-17.17.49:502][376]LogBlueprintUserMessages: PRINT
[2015.09.23-17.17.49:518][377]LogBlueprintUserMessages: 8.145152
[2015.09.23-17.17.49:518][377]LogBlueprintUserMessages: PRINT
[2015.09.23-17.17.49:535][378]LogBlueprintUserMessages: 8.064507
[2015.09.23-17.17.49:535][378]LogBlueprintUserMessages: PRINT
[2015.09.23-17.17.49:551][379]LogBlueprintUserMessages: 7.98386
[2015.09.23-17.17.49:551][379]LogBlueprintUserMessages: PRINT
[2015.09.23-17.17.49:567][380]LogBlueprintUserMessages: 7.903214
[2015.09.23-17.17.49:567][380]LogBlueprintUserMessages: PRINT
[2015.09.23-17.17.49:584][381]LogBlueprintUserMessages: 7.822568
[2015.09.23-17.17.49:584][381]LogBlueprintUserMessages: PRINT
[2015.09.23-17.17.49:600][382]LogBlueprintUserMessages: 7.741922
[2015.09.23-17.17.49:600][382]LogBlueprintUserMessages: PRINT
[2015.09.23-17.17.49:616][383]LogBlueprintUserMessages: 7.661276
[2015.09.23-17.17.49:616][383]LogBlueprintUserMessages: PRINT
[2015.09.23-17.17.49:632][384]LogBlueprintUserMessages: 7.58063
[2015.09.23-17.17.49:632][384]LogBlueprintUserMessages: PRINT
[2015.09.23-17.17.49:648][385]LogBlueprintUserMessages: 7.499984
[2015.09.23-17.17.49:648][385]LogBlueprintUserMessages: PRINT
[2015.09.23-17.17.49:664][386]LogBlueprintUserMessages: 7.419338
[2015.09.23-17.17.49:664][386]LogBlueprintUserMessages: PRINT
[2015.09.23-17.17.49:680][387]LogBlueprintUserMessages: 7.338692
[2015.09.23-17.17.49:680][387]LogBlueprintUserMessages: PRINT
[2015.09.23-17.17.49:696][388]LogBlueprintUserMessages: 7.258046
[2015.09.23-17.17.49:696][388]LogBlueprintUserMessages: PRINT
[2015.09.23-17.17.49:712][389]LogBlueprintUserMessages: 7.1774
[2015.09.23-17.17.49:712][389]LogBlueprintUserMessages: PRINT
[2015.09.23-17.17.49:728][390]LogBlueprintUserMessages: 7.096754
[2015.09.23-17.17.49:728][390]LogBlueprintUserMessages: PRINT
[2015.09.23-17.17.49:745][391]LogBlueprintUserMessages: 7.016108
[2015.09.23-17.17.49:745][391]LogBlueprintUserMessages: PRINT
[2015.09.23-17.17.49:761][392]LogBlueprintUserMessages: 6.935462
[2015.09.23-17.17.49:761][392]LogBlueprintUserMessages: PRINT
[2015.09.23-17.17.49:777][393]LogBlueprintUserMessages: 6.854816
[2015.09.23-17.17.49:777][393]LogBlueprintUserMessages: PRINT
[2015.09.23-17.17.49:793][394]LogBlueprintUserMessages: 6.77417
[2015.09.23-17.17.49:793][394]LogBlueprintUserMessages: PRINT
[2015.09.23-17.17.49:809][395]LogBlueprintUserMessages: 6.693524
[2015.09.23-17.17.49:809][395]LogBlueprintUserMessages: PRINT
[2015.09.23-17.17.49:825][396]LogBlueprintUserMessages: 6.612878
[2015.09.23-17.17.49:825][396]LogBlueprintUserMessages: PRINT
[2015.09.23-17.17.49:841][397]LogBlueprintUserMessages: 6.532232
[2015.09.23-17.17.49:841][397]LogBlueprintUserMessages: PRINT
[2015.09.23-17.17.49:857][398]LogBlueprintUserMessages: 6.451586
[2015.09.23-17.17.49:857][398]LogBlueprintUserMessages: PRINT
[2015.09.23-17.17.49:874][399]LogBlueprintUserMessages: 6.37094
[2015.09.23-17.17.49:874][399]LogBlueprintUserMessages: PRINT
[2015.09.23-17.17.49:890][400]LogBlueprintUserMessages: 6.290294
[2015.09.23-17.17.49:890][400]LogBlueprintUserMessages: PRINT
[2015.09.23-17.17.49:906][401]LogBlueprintUserMessages: 6.209648
[2015.09.23-17.17.49:906][401]LogBlueprintUserMessages: PRINT
[2015.09.23-17.17.49:922][402]LogBlueprintUserMessages: 6.129002
[2015.09.23-17.17.49:922][402]LogBlueprintUserMessages: PRINT
[2015.09.23-17.17.49:938][403]LogBlueprintUserMessages: 6.048356
[2015.09.23-17.17.49:938][403]LogBlueprintUserMessages: PRINT
[2015.09.23-17.17.49:954][404]LogBlueprintUserMessages: 5.96771
[2015.09.23-17.17.49:954][404]LogBlueprintUserMessages: PRINT
[2015.09.23-17.17.49:971][405]LogBlueprintUserMessages: 5.887064
[2015.09.23-17.17.49:971][405]LogBlueprintUserMessages: PRINT
[2015.09.23-17.17.49:987][406]LogBlueprintUserMessages: 5.806417
[2015.09.23-17.17.49:987][406]LogBlueprintUserMessages: PRINT
[2015.09.23-17.17.50:003][407]LogBlueprintUserMessages: 5.725771
[2015.09.23-17.17.50:003][407]LogBlueprintUserMessages: PRINT
[2015.09.23-17.17.50:019][408]LogBlueprintUserMessages: 5.645125
[2015.09.23-17.17.50:019][408]LogBlueprintUserMessages: PRINT
[2015.09.23-17.17.50:035][409]LogBlueprintUserMessages: 5.564479
[2015.09.23-17.17.50:035][409]LogBlueprintUserMessages: PRINT
[2015.09.23-17.17.50:051][410]LogBlueprintUserMessages: 5.483833
[2015.09.23-17.17.50:051][410]LogBlueprintUserMessages: PRINT
[2015.09.23-17.17.50:067][411]LogBlueprintUserMessages: 5.403187
[2015.09.23-17.17.50:067][411]LogBlueprintUserMessages: PRINT
[2015.09.23-17.17.50:083][412]LogBlueprintUserMessages: 5.322541
[2015.09.23-17.17.50:084][412]LogBlueprintUserMessages: PRINT
[2015.09.23-17.17.50:100][413]LogBlueprintUserMessages: 5.241895
[2015.09.23-17.17.50:100][413]LogBlueprintUserMessages: PRINT
[2015.09.23-17.17.50:116][414]LogBlueprintUserMessages: 5.161249
[2015.09.23-17.17.50:116][414]LogBlueprintUserMessages: PRINT
[2015.09.23-17.17.50:132][415]LogBlueprintUserMessages: 5.080603
[2015.09.23-17.17.50:132][415]LogBlueprintUserMessages: PRINT
[2015.09.23-17.17.50:148][416]LogBlueprintUserMessages: 4.999957
[2015.09.23-17.17.50:148][416]LogBlueprintUserMessages: PRINT
[2015.09.23-17.17.50:164][417]LogBlueprintUserMessages: 4.919311
[2015.09.23-17.17.50:164][417]LogBlueprintUserMessages: PRINT
[2015.09.23-17.17.50:180][418]LogBlueprintUserMessages: 4.838665
[2015.09.23-17.17.50:180][418]LogBlueprintUserMessages: PRINT
[2015.09.23-17.17.50:196][419]LogBlueprintUserMessages: 4.758019
[2015.09.23-17.17.50:196][419]LogBlueprintUserMessages: PRINT
[2015.09.23-17.17.50:212][420]LogBlueprintUserMessages: 4.677351
[2015.09.23-17.17.50:212][420]LogBlueprintUserMessages: PRINT
[2015.09.23-17.17.50:228][421]LogBlueprintUserMessages: 4.596716
[2015.09.23-17.17.50:228][421]LogBlueprintUserMessages: PRINT
[2015.09.23-17.17.50:245][422]LogBlueprintUserMessages: 4.51607
[2015.09.23-17.17.50:245][422]LogBlueprintUserMessages: PRINT
[2015.09.23-17.17.50:260][423]LogBlueprintUserMessages: 4.435424
[2015.09.23-17.17.50:260][423]LogBlueprintUserMessages: PRINT
[2015.09.23-17.17.50:277][424]LogBlueprintUserMessages: 4.354778
[2015.09.23-17.17.50:277][424]LogBlueprintUserMessages: PRINT
[2015.09.23-17.17.50:293][425]LogBlueprintUserMessages: 4.274132
[2015.09.23-17.17.50:293][425]LogBlueprintUserMessages: PRINT
[2015.09.23-17.17.50:309][426]LogBlueprintUserMessages: 4.193486
[2015.09.23-17.17.50:310][426]LogBlueprintUserMessages: PRINT
[2015.09.23-17.17.50:326][427]LogBlueprintUserMessages: 4.11284
[2015.09.23-17.17.50:326][427]LogBlueprintUserMessages: PRINT
[2015.09.23-17.17.50:342][428]LogBlueprintUserMessages: 4.032194
[2015.09.23-17.17.50:342][428]LogBlueprintUserMessages: PRINT
[2015.09.23-17.17.50:357][429]LogBlueprintUserMessages: 3.951548
[2015.09.23-17.17.50:357][429]LogBlueprintUserMessages: PRINT
[2015.09.23-17.17.50:374][430]LogBlueprintUserMessages: 3.870902
[2015.09.23-17.17.50:374][430]LogBlueprintUserMessages: PRINT
[2015.09.23-17.17.50:389][431]LogBlueprintUserMessages: 3.790256
[2015.09.23-17.17.50:389][431]LogBlueprintUserMessages: PRINT
[2015.09.23-17.17.50:406][432]LogBlueprintUserMessages: 3.70961
[2015.09.23-17.17.50:406][432]LogBlueprintUserMessages: PRINT
[2015.09.23-17.17.50:422][433]LogBlueprintUserMessages: 3.628965
[2015.09.23-17.17.50:422][433]LogBlueprintUserMessages: PRINT
[2015.09.23-17.17.50:439][434]LogBlueprintUserMessages: 3.548319
[2015.09.23-17.17.50:439][434]LogBlueprintUserMessages: PRINT
[2015.09.23-17.17.50:455][435]LogBlueprintUserMessages: 3.467673
[2015.09.23-17.17.50:455][435]LogBlueprintUserMessages: PRINT
[2015.09.23-17.17.50:471][436]LogBlueprintUserMessages: 3.387027
[2015.09.23-17.17.50:471][436]LogBlueprintUserMessages: PRINT
[2015.09.23-17.17.50:486][437]LogBlueprintUserMessages: 3.306381
[2015.09.23-17.17.50:486][437]LogBlueprintUserMessages: PRINT
[2015.09.23-17.17.50:503][438]LogBlueprintUserMessages: 3.225736
[2015.09.23-17.17.50:503][438]LogBlueprintUserMessages: PRINT
[2015.09.23-17.17.50:518][439]LogBlueprintUserMessages: 3.14509
[2015.09.23-17.17.50:518][439]LogBlueprintUserMessages: PRINT
[2015.09.23-17.17.50:535][440]LogBlueprintUserMessages: 3.064444
[2015.09.23-17.17.50:535][440]LogBlueprintUserMessages: PRINT
[2015.09.23-17.17.50:552][441]LogBlueprintUserMessages: 2.983798
[2015.09.23-17.17.50:552][441]LogBlueprintUserMessages: PRINT
[2015.09.23-17.17.50:568][442]LogBlueprintUserMessages: 2.903152
[2015.09.23-17.17.50:568][442]LogBlueprintUserMessages: PRINT
[2015.09.23-17.17.50:584][443]LogBlueprintUserMessages: 2.822507
[2015.09.23-17.17.50:584][443]LogBlueprintUserMessages: PRINT
[2015.09.23-17.17.50:599][444]LogBlueprintUserMessages: 2.741861
[2015.09.23-17.17.50:599][444]LogBlueprintUserMessages: PRINT
[2015.09.23-17.17.50:616][445]LogBlueprintUserMessages: 2.661215
[2015.09.23-17.17.50:616][445]LogBlueprintUserMessages: PRINT
[2015.09.23-17.17.50:631][446]LogBlueprintUserMessages: 2.580569
[2015.09.23-17.17.50:631][446]LogBlueprintUserMessages: PRINT
[2015.09.23-17.17.50:648][447]LogBlueprintUserMessages: 2.499923
[2015.09.23-17.17.50:648][447]LogBlueprintUserMessages: PRINT
[2015.09.23-17.17.50:664][448]LogBlueprintUserMessages: 2.419278
[2015.09.23-17.17.50:664][448]LogBlueprintUserMessages: PRINT
[2015.09.23-17.17.50:680][449]LogBlueprintUserMessages: 2.338632
[2015.09.23-17.17.50:680][449]LogBlueprintUserMessages: PRINT
[2015.09.23-17.17.50:696][450]LogBlueprintUserMessages: 2.257986
[2015.09.23-17.17.50:696][450]LogBlueprintUserMessages: PRINT
[2015.09.23-17.17.50:712][451]LogBlueprintUserMessages: 2.17734
[2015.09.23-17.17.50:712][451]LogBlueprintUserMessages: PRINT
[2015.09.23-17.17.50:728][452]LogBlueprintUserMessages: 2.096694
[2015.09.23-17.17.50:728][452]LogBlueprintUserMessages: PRINT
[2015.09.23-17.17.50:744][453]LogBlueprintUserMessages: 2.016049
[2015.09.23-17.17.50:744][453]LogBlueprintUserMessages: PRINT
[2015.09.23-17.17.50:760][454]LogBlueprintUserMessages: 1.935403
[2015.09.23-17.17.50:760][454]LogBlueprintUserMessages: PRINT
[2015.09.23-17.17.50:777][455]LogBlueprintUserMessages: 1.854757
[2015.09.23-17.17.50:777][455]LogBlueprintUserMessages: PRINT
[2015.09.23-17.17.50:793][456]LogBlueprintUserMessages: 1.774111
[2015.09.23-17.17.50:793][456]LogBlueprintUserMessages: PRINT
[2015.09.23-17.17.50:809][457]LogBlueprintUserMessages: 1.693465
[2015.09.23-17.17.50:809][457]LogBlueprintUserMessages: PRINT
[2015.09.23-17.17.50:825][458]LogBlueprintUserMessages: 1.612819
[2015.09.23-17.17.50:825][458]LogBlueprintUserMessages: PRINT
[2015.09.23-17.17.50:841][459]LogBlueprintUserMessages: 1.532173
[2015.09.23-17.17.50:841][459]LogBlueprintUserMessages: PRINT
[2015.09.23-17.17.50:857][460]LogBlueprintUserMessages: 1.451527
[2015.09.23-17.17.50:857][460]LogBlueprintUserMessages: PRINT
[2015.09.23-17.17.50:873][461]LogBlueprintUserMessages: 1.370881
[2015.09.23-17.17.50:873][461]LogBlueprintUserMessages: PRINT
[2015.09.23-17.17.50:889][462]LogBlueprintUserMessages: 1.290236
[2015.09.23-17.17.50:890][462]LogBlueprintUserMessages: PRINT
[2015.09.23-17.17.50:906][463]LogBlueprintUserMessages: 1.20959
[2015.09.23-17.17.50:906][463]LogBlueprintUserMessages: PRINT
[2015.09.23-17.17.50:922][464]LogBlueprintUserMessages: 1.128944
[2015.09.23-17.17.50:922][464]LogBlueprintUserMessages: PRINT
[2015.09.23-17.17.50:938][465]LogBlueprintUserMessages: 1.048298
[2015.09.23-17.17.50:938][465]LogBlueprintUserMessages: PRINT
[2015.09.23-17.17.50:954][466]LogBlueprintUserMessages: 0.967652
[2015.09.23-17.17.50:954][466]LogBlueprintUserMessages: PRINT
[2015.09.23-17.17.50:970][467]LogBlueprintUserMessages: 0.887006
[2015.09.23-17.17.50:970][467]LogBlueprintUserMessages: PRINT
[2015.09.23-17.17.50:986][468]LogBlueprintUserMessages: 0.80636
[2015.09.23-17.17.50:986][468]LogBlueprintUserMessages: PRINT
[2015.09.23-17.17.51:002][469]LogBlueprintUserMessages: 0.725714
[2015.09.23-17.17.51:002][469]LogBlueprintUserMessages: PRINT
[2015.09.23-17.17.51:018][470]LogBlueprintUserMessages: 0.645069
[2015.09.23-17.17.51:018][470]LogBlueprintUserMessages: PRINT
[2015.09.23-17.17.51:036][471]LogBlueprintUserMessages: 0.564423
[2015.09.23-17.17.51:036][471]LogBlueprintUserMessages: PRINT
[2015.09.23-17.17.51:051][472]LogBlueprintUserMessages: 0.483777
[2015.09.23-17.17.51:051][472]LogBlueprintUserMessages: PRINT
[2015.09.23-17.17.51:067][473]LogBlueprintUserMessages: 0.403131
[2015.09.23-17.17.51:067][473]LogBlueprintUserMessages: PRINT
[2015.09.23-17.17.51:083][474]LogBlueprintUserMessages: 0.322485
[2015.09.23-17.17.51:083][474]LogBlueprintUserMessages: PRINT
[2015.09.23-17.17.51:099][475]LogBlueprintUserMessages: 0.241839
[2015.09.23-17.17.51:099][475]LogBlueprintUserMessages: PRINT
[2015.09.23-17.17.51:115][476]LogBlueprintUserMessages: 0.161193
[2015.09.23-17.17.51:115][476]LogBlueprintUserMessages: PRINT
[2015.09.23-17.17.51:132][477]LogBlueprintUserMessages: 0.080548
[2015.09.23-17.17.51:132][477]LogBlueprintUserMessages: PRINT
[2015.09.23-17.17.51:148][478]LogBlueprintUserMessages: -0.000098
[2015.09.23-17.17.51:164][479]LogBlueprintUserMessages: -0.080744
[2015.09.23-17.17.51:181][480]LogBlueprintUserMessages: -0.16139
[2015.09.23-17.17.51:196][481]LogBlueprintUserMessages: -0.242036
[2015.09.23-17.17.51:212][482]LogBlueprintUserMessages: -0.322682
[2015.09.23-17.17.51:228][483]LogBlueprintUserMessages: -0.403328
[2015.09.23-17.17.51:245][484]LogBlueprintUserMessages: -0.483973
[2015.09.23-17.17.51:261][485]LogBlueprintUserMessages: -0.564619
[2015.09.23-17.17.51:277][486]LogBlueprintUserMessages: -0.645265
[2015.09.23-17.17.51:293][487]LogBlueprintUserMessages: -0.725911
[2015.09.23-17.17.51:309][488]LogBlueprintUserMessages: -0.806557
[2015.09.23-17.17.51:325][489]LogBlueprintUserMessages: -0.887203
[2015.09.23-17.17.51:342][490]LogBlueprintUserMessages: -0.967849
[2015.09.23-17.17.51:342][490]Closing by request
[2015.09.23-17.17.51:342][490]LogWindows: FPlatformMisc::RequestExit(0)
[2015.09.23-17.17.51:409][491]LogWindowsTextInputMethodSystem:Display: IME system now deactivated.
[2015.09.23-17.17.51:410][491]LogWindowsTextInputMethodSystem:Display: IME system now deactivated.
[2015.09.23-17.17.51:416][491]LogExit: Preparing to exit.
[2015.09.23-17.17.51:486][491]LogExit: Game engine shut down
[2015.09.23-17.17.51:491][491]LogParticles: Destroying 0 GPU particle simulations for FXSystem 0x0000005C4565AAC0
[2015.09.23-17.17.51:627][491]LogExit: Object subsystem successfully closed.
[2015.09.23-17.17.51:650][491]LogD3D11RHI: Shutdown
[2015.09.23-17.17.51:650][491]LogD3D11RHI: CleanupD3DDevice
[2015.09.23-17.17.51:748][491]LogD3D11RHI: ~FD3D11DynamicRHI
[2015.09.23-17.17.51:760][491]LogModuleManager: Shutting down and abandoning module AndroidDeviceDetection (109)
[2015.09.23-17.17.52:203][491]LogModuleManager: Shutting down and abandoning module AutomationWorker (108)
[2015.09.23-17.17.52:203][491]LogModuleManager: Shutting down and abandoning module CharacterAI (107)
[2015.09.23-17.17.52:203][491]LogModuleManager: Shutting down and abandoning module AITestSuite (106)
[2015.09.23-17.17.52:203][491]LogModuleManager: Shutting down and abandoning module GameplayDebugger (105)
[2015.09.23-17.17.52:203][491]LogModuleManager: Shutting down and abandoning module AIModule (104)
[2015.09.23-17.17.52:203][491]LogModuleManager: Shutting down and abandoning module GameLiveStreaming (103)
[2015.09.23-17.17.52:203][491]LogModuleManager: Shutting down and abandoning module StreamingPauseRendering (102)
[2015.09.23-17.17.52:203][491]LogModuleManager: Shutting down and abandoning module ProfilerService (101)
[2015.09.23-17.17.52:335][491]LogModuleManager: Shutting down and abandoning module TaskGraph (100)
[2015.09.23-17.17.52:335][491]LogModuleManager: Shutting down and abandoning module SlateRemote (99)
[2015.09.23-17.17.52:335][491]LogModuleManager: Shutting down and abandoning module SteamVRController (98)
[2015.09.23-17.17.52:335][491]LogModuleManager: Shutting down and abandoning module SteamVR (97)
[2015.09.23-17.17.52:335][491]LogModuleManager: Shutting down and abandoning module ProceduralMeshComponent (96)
[2015.09.23-17.17.52:335][491]LogModuleManager: Shutting down and abandoning module OculusRift (95)
[2015.09.23-17.17.52:335][491]LogModuleManager: Shutting down and abandoning module LeapMotionController (94)
[2015.09.23-17.17.52:342][491]LogModuleManager: Shutting down and abandoning module CustomMeshComponent (93)
[2015.09.23-17.17.52:342][491]LogModuleManager: Shutting down and abandoning module CableComponent (92)
[2015.09.23-17.17.52:342][491]LogModuleManager: Shutting down and abandoning module DesktopPlatform (91)
[2015.09.23-17.17.52:342][491]LogModuleManager: Shutting down and abandoning module DirectoryWatcher (90)
[2015.09.23-17.17.52:342][491]LogModuleManager: Shutting down and abandoning module HotReload (89)
[2015.09.23-17.17.52:342][491]LogModuleManager: Shutting down and abandoning module VisualStudioSourceCodeAccess (88)
[2015.09.23-17.17.52:342][491]LogModuleManager: Shutting down and abandoning module UObjectPlugin (87)
[2015.09.23-17.17.52:342][491]LogModuleManager: Shutting down and abandoning module SubversionSourceControl (86)
[2015.09.23-17.17.52:342][491]LogModuleManager: Shutting down and abandoning module SourceControl (85)
[2015.09.23-17.17.52:342][491]LogModuleManager: Shutting down and abandoning module PerforceSourceControl (84)
[2015.09.23-17.17.52:342][491]LogModuleManager: Shutting down and abandoning module BlankPlugin (83)
[2015.09.23-17.17.52:342][491]LogModuleManager: Shutting down and abandoning module UdpMessaging (82)
[2015.09.23-17.17.52:342][491]LogModuleManager: Shutting down and abandoning module AssetRegistry (81)
[2015.09.23-17.17.52:342][491]LogModuleManager: Shutting down and abandoning module SubstanceCore (80)
[2015.09.23-17.17.52:342][491]LogModuleManager: Shutting down and abandoning module Paper2D (79)
[2015.09.23-17.17.52:342][491]LogModuleManager: Shutting down and abandoning module WindowsMoviePlayer (78)
[2015.09.23-17.17.52:344][491]LogModuleManager: Shutting down and abandoning module Media (77)
[2015.09.23-17.17.52:344][491]LogModuleManager: Shutting down and abandoning module WmfMedia (76)
[2015.09.23-17.17.52:344][491]LogModuleManager: Shutting down and abandoning module OnlineBlueprintSupport (75)
[2015.09.23-17.17.52:344][491]LogModuleManager: Shutting down and abandoning module PropertyEditor (74)
[2015.09.23-17.17.52:344][491]LogModuleManager: Shutting down and abandoning module BehaviorTreeEditor (73)
[2015.09.23-17.17.52:344][491]LogModuleManager: Shutting down and abandoning module FunctionalTesting (72)
[2015.09.23-17.17.52:344][491]LogModuleManager: Shutting down and abandoning module CollisionAnalyzer (71)
[2015.09.23-17.17.52:344][491]LogModuleManager: Shutting down and abandoning module WorkspaceMenuStructure (70)
[2015.09.23-17.17.52:344][491]LogModuleManager: Shutting down and abandoning module MessageLog (69)
[2015.09.23-17.17.52:344][491]LogModuleManager: Shutting down and abandoning module Sequencer (68)
[2015.09.23-17.17.52:344][491]LogModuleManager: Shutting down and abandoning module AssetTools (67)
[2015.09.23-17.17.52:344][491]LogModuleManager: Shutting down and abandoning module UMGEditor (66)
[2015.09.23-17.17.52:344][491]LogModuleManager: Shutting down and abandoning module UMG (65)
[2015.09.23-17.17.52:344][491]LogModuleManager: Shutting down and abandoning module Slate (64)
[2015.09.23-17.17.52:344][491]LogModuleManager: Shutting down and abandoning module EditorStyle (63)
[2015.09.23-17.17.52:346][491]LogModuleManager: Shutting down and abandoning module SessionServices (62)
[2015.09.23-17.17.52:346][491]LogModuleManager: Shutting down and abandoning module SourceCodeAccess (61)
[2015.09.23-17.17.52:346][491]LogModuleManager: Shutting down and abandoning module HeadMountedDisplay (60)
[2015.09.23-17.17.52:346][491]LogModuleManager: Shutting down and abandoning module XAudio2 (59)
[2015.09.23-17.17.52:346][491]LogModuleManager: Shutting down and abandoning module Networking (57)
[2015.09.23-17.17.52:346][491]LogModuleManager: Shutting down and abandoning module Core (56)
[2015.09.23-17.17.52:346][491]LogModuleManager: Shutting down and abandoning module KismetCompiler (55)
[2015.09.23-17.17.52:347][491]LogModuleManager: Shutting down and abandoning module PhysXFormats (54)
[2015.09.23-17.17.52:347][491]LogModuleManager: Shutting down and abandoning module MeshUtilities (53)
[2015.09.23-17.17.52:347][491]LogModuleManager: Shutting down and abandoning module DerivedDataCache (52)
[2015.09.23-17.17.52:844][491]LogDerivedDataCache: Shutdown
[2015.09.23-17.17.52:844][491]LogModuleManager: Shutting down and abandoning module ShaderFormatOpenGL (51)
[2015.09.23-17.17.52:844][491]LogModuleManager: Shutting down and abandoning module ShaderFormatD3D (50)
[2015.09.23-17.17.52:844][491]LogModuleManager: Shutting down and abandoning module MetalShaderFormat (49)
[2015.09.23-17.17.52:844][491]LogModuleManager: Shutting down and abandoning module TextureFormatUncompressed (48)
[2015.09.23-17.17.52:844][491]LogModuleManager: Shutting down and abandoning module TextureFormatPVR (47)
[2015.09.23-17.17.52:844][491]LogModuleManager: Shutting down and abandoning module TextureFormatIntelISPCTexComp (46)
[2015.09.23-17.17.52:844][491]LogModuleManager: Shutting down and abandoning module TextureFormatDXT (45)
[2015.09.23-17.17.52:844][491]LogModuleManager: Shutting down and abandoning module ImageWrapper (44)
[2015.09.23-17.17.52:844][491]LogModuleManager: Shutting down and abandoning module TextureFormatASTC (43)
[2015.09.23-17.17.52:844][491]LogModuleManager: Shutting down and abandoning module TextureFormatAndroid (42)
[2015.09.23-17.17.52:844][491]LogModuleManager: Shutting down and abandoning module AudioFormatOpus (41)
[2015.09.23-17.17.52:844][491]LogModuleManager: Shutting down and abandoning module AudioFormatOgg (40)
[2015.09.23-17.17.52:844][491]LogModuleManager: Shutting down and abandoning module AudioFormatADPCM (39)
[2015.09.23-17.17.52:844][491]LogModuleManager: Shutting down and abandoning module LinuxTargetPlatform (38)
[2015.09.23-17.17.52:844][491]LogModuleManager: Shutting down and abandoning module LinuxServerTargetPlatform (37)
[2015.09.23-17.17.52:844][491]LogModuleManager: Shutting down and abandoning module LinuxNoEditorTargetPlatform (36)
[2015.09.23-17.17.52:844][491]LogModuleManager: Shutting down and abandoning module Messaging (35)
[2015.09.23-17.17.52:844][491]LogModuleManager: Shutting down and abandoning module IOSTargetPlatform (34)
[2015.09.23-17.17.52:844][491]LogModuleManager: Shutting down and abandoning module HTML5TargetPlatform (33)
[2015.09.23-17.17.52:844][491]LogModuleManager: Shutting down and abandoning module Android_PVRTCTargetPlatform (32)
[2015.09.23-17.17.52:844][491]LogModuleManager: Shutting down and abandoning module Android_ETC2TargetPlatform (31)
[2015.09.23-17.17.52:844][491]LogModuleManager: Shutting down and abandoning module Android_ETC1TargetPlatform (30)
[2015.09.23-17.17.52:844][491]LogModuleManager: Shutting down and abandoning module Android_DXTTargetPlatform (29)
[2015.09.23-17.17.52:844][491]LogModuleManager: Shutting down and abandoning module Android_ATCTargetPlatform (28)
[2015.09.23-17.17.52:844][491]LogModuleManager: Shutting down and abandoning module Android_ASTCTargetPlatform (27)
[2015.09.23-17.17.52:844][491]LogModuleManager: Shutting down and abandoning module AndroidTargetPlatform (26)
[2015.09.23-17.17.52:844][491]LogModuleManager: Shutting down and abandoning module WindowsTargetPlatform (25)
[2015.09.23-17.17.52:844][491]LogModuleManager: Shutting down and abandoning module WindowsServerTargetPlatform (24)
[2015.09.23-17.17.52:844][491]LogModuleManager: Shutting down and abandoning module WindowsNoEditorTargetPlatform (23)
[2015.09.23-17.17.52:844][491]LogModuleManager: Shutting down and abandoning module WindowsClientTargetPlatform (22)
[2015.09.23-17.17.52:844][491]LogModuleManager: Shutting down and abandoning module DesktopTargetPlatform (21)
[2015.09.23-17.17.52:844][491]LogModuleManager: Shutting down and abandoning module TargetPlatform (20)
[2015.09.23-17.17.52:844][491]LogModuleManager: Shutting down and abandoning module InputCore (19)
[2015.09.23-17.17.52:844][491]LogModuleManager: Shutting down and abandoning module Settings (18)
[2015.09.23-17.17.52:844][491]LogModuleManager: Shutting down and abandoning module OnlineSubsystem (16)
[2015.09.23-17.17.52:844][491]LogModuleManager: Shutting down and abandoning module HTTP (15)
[2015.09.23-17.17.52:844][491]LogModuleManager: Shutting down and abandoning module ExampleDeviceProfileSelector (14)
[2015.09.23-17.17.52:844][491]LogModuleManager: Shutting down and abandoning module TextureCompressor (13)
[2015.09.23-17.17.52:844][491]LogModuleManager: Shutting down and abandoning module ShaderCore (12)
[2015.09.23-17.17.52:844][491]LogModuleManager: Shutting down and abandoning module Landscape (11)
[2015.09.23-17.17.52:844][491]LogModuleManager: Shutting down and abandoning module SlateRHIRenderer (10)
[2015.09.23-17.17.52:845][491]LogModuleManager: Shutting down and abandoning module OpenGLDrv (9)
[2015.09.23-17.17.52:845][491]LogModuleManager: Shutting down and abandoning module D3D11RHI (8)
[2015.09.23-17.17.52:845][491]LogModuleManager: Shutting down and abandoning module Renderer (7)
[2015.09.23-17.17.52:845][491]LogModuleManager: Shutting down and abandoning module Engine (6)
[2015.09.23-17.17.52:845][491]LogModuleManager: Shutting down and abandoning module CoreUObject (5)
[2015.09.23-17.17.52:845][491]LogModuleManager: Shutting down and abandoning module NetworkFile (4)
[2015.09.23-17.17.52:845][491]LogModuleManager: Shutting down and abandoning module StreamingFile (3)
[2015.09.23-17.17.52:845][491]LogModuleManager: Shutting down and abandoning module SandboxFile (2)
[2015.09.23-17.17.52:845][491]LogModuleManager: Shutting down and abandoning module PakFile (1)
[2015.09.23-17.17.52:846][491]LogExit: Exiting.
[2015.09.23-17.17.52:847][491]Log file closed, 09/23/15 19:17:52
