[2015.08.30-16.51.45:017][  0]Log file open, 08/30/15 18:51:45
[2015.08.30-16.51.45:017][  0]LogInit:Display: Running engine for game: NotPartofGame
[2015.08.30-16.51.45:017][  0]LogInit:Display: RandInit(587435453) SRandInit(587435454).
[2015.08.30-16.51.45:017][  0]LogTaskGraph: Started task graph with 4 named threads and 7 total threads.
[2015.08.30-16.51.45:017][  0]LogStats: Stats thread started
[2015.08.30-16.51.45:017][  0]LogInit: Version: 4.8.3-2634408+++depot+UE4-Releases+4.8
[2015.08.30-16.51.45:017][  0]LogInit: API Version: 2579680
[2015.08.30-16.51.45:017][  0]LogInit: Compiled (64-bit): Jul 27 2015 16:24:33
[2015.08.30-16.51.45:017][  0]LogInit: Compiled with Visual C++: 18.00.21005.01
[2015.08.30-16.51.45:017][  0]LogInit: Build Configuration: Development
[2015.08.30-16.51.45:017][  0]LogInit: Branch Name: ++depot+UE4-Releases+4.8
[2015.08.30-16.51.45:017][  0]LogInit: Command line:  /Temp/Autosaves/Game/NPOTG/Maps/UEDPCTesting_Level -game -PIEVIACONSOLE -ResX=1280 -ResY=720  -Multiprocess 
[2015.08.30-16.51.45:017][  0]LogInit: Base directory: C:/Users/Bodoo/Documents/Programmieren/4.8/Engine/Binaries/Win64/
[2015.08.30-16.51.45:017][  0]LogInit: Rocket: 1
[2015.08.30-16.51.45:036][  0]LogInit: Using libcurl 7.41.0
[2015.08.30-16.51.45:036][  0]LogInit:  - built for x86_64-pc-win32
[2015.08.30-16.51.45:036][  0]LogInit:  - supports SSL with WinSSL
[2015.08.30-16.51.45:036][  0]LogInit:  - other features:
[2015.08.30-16.51.45:036][  0]LogInit:      CURL_VERSION_SSL
[2015.08.30-16.51.45:036][  0]LogInit:      CURL_VERSION_IPV6
[2015.08.30-16.51.45:036][  0]LogInit:      CURL_VERSION_ASYNCHDNS
[2015.08.30-16.51.45:036][  0]LogInit:      CURL_VERSION_LARGEFILE
[2015.08.30-16.51.45:036][  0]LogInit:      CURL_VERSION_IDN
[2015.08.30-16.51.45:036][  0]LogInit:  CurlRequestOptions (configurable via config and command line):
[2015.08.30-16.51.45:036][  0]LogInit:  - bVerifyPeer = true  - Libcurl will verify peer certificate
[2015.08.30-16.51.45:036][  0]LogInit:  - bUseHttpProxy = false  - Libcurl will NOT use HTTP proxy
[2015.08.30-16.51.45:036][  0]LogInit:  - bDontReuseConnections = false  - Libcurl will reuse connections
[2015.08.30-16.51.45:036][  0]LogInit:  - CertBundlePath = nullptr  - Libcurl will use whatever was configured at build time.
[2015.08.30-16.51.45:049][  0]LogOnline:Warning: No default platform service specified for OnlineSubsystem
[2015.08.30-16.51.45:065][  0]LogInit: Presizing for 0 objects not considered by GC, pre-allocating 0 bytes.
[2015.08.30-16.51.45:074][  0]LogInit: Object subsystem initialized
[2015.08.30-16.51.45:075][  0]LogConsoleResponse:Warning: Skipping Unknown console variable: 'UIScaleCurve = (EditorCurveData=(Keys=((Time=480.000000,Value=0.444000),(Time=720.000000,Value=0.666000),(Time=1080.000000,Value=1.000000),(Time=8640.000000,Value=8.000000))),ExternalCurve=None)'
[2015.08.30-16.51.45:075][  0]LogConsoleResponse:Warning:   Found in ini file 'C:/Users/Bodoo/Documents/Programmieren/Projekte/NotPartofTheGame/Saved/Config/Windows/Engine.ini', in section '[/Script/Engine.RendererSettings]'
[2015.08.30-16.51.45:075][  0]LogConsoleManager:Warning: Console variable 'r.MSAA.CompositingSampleCount' wasn't set ('Scalability' has a lower priority than 'ProjectSetting')
[2015.08.30-16.51.45:075][  0]LogInit: Selected Device Profile: [Windows]
[2015.08.30-16.51.45:075][  0]LogInit: Applying CVar settings loaded from the selected device profile: [Windows]
[2015.08.30-16.51.45:078][  0]LogInit: Computer: DESKTOP-GLF6O4V
[2015.08.30-16.51.45:078][  0]LogInit: User: Bodoo
[2015.08.30-16.51.45:078][  0]LogInit: CPU Page size=4096, Cores=4
[2015.08.30-16.51.45:078][  0]LogInit: High frequency timer resolution =3.215351 MHz
[2015.08.30-16.51.45:078][  0]LogMemory: Memory total: Physical=12.0GB (12GB approx)
[2015.08.30-16.51.45:078][  0]LogMemory: Platform Memory Stats for Windows
[2015.08.30-16.51.45:078][  0]LogMemory: Process Physical Memory: 50.35 MB used, 50.35 MB peak
[2015.08.30-16.51.45:078][  0]LogMemory: Process Virtual Memory: 22.61 MB used, 22.61 MB peak
[2015.08.30-16.51.45:079][  0]LogMemory: Physical Memory: 2723.83 MB used, 12270.70 MB total
[2015.08.30-16.51.45:079][  0]LogMemory: Virtual Memory: 310.61 MB used, 134217728.00 MB total
[2015.08.30-16.51.45:107][  0]LogTextLocalizationManager: The requested culture ('de_DE') has no localization data; falling back to 'en' for localization and internationalization data.
[2015.08.30-16.51.45:351][  0]LogTextLocalizationManager:Warning: Loaded localization resources contain conflicting entries for (Namespace:ContentBrowser, Key:ImportAssetToolTip):
Localization Resource: (C:/Users/Bodoo/Documents/Programmieren/4.8/Engine/Content/Localization/Editor/en/Editor.locres) Source String Hash: (-630476809) Localized String: (Import to {0}...)
Localization Resource: (C:/Users/Bodoo/Documents/Programmieren/4.8/Engine/Content/Localization/Editor/en/Editor.locres) Source String Hash: (1271782899) Localized String: (Imports an asset from file to this folder.)
[2015.08.30-16.51.45:683][  0]LogD3D11RHI: Found D3D11 adapter 0: AMD Radeon HD 6800 Series (Feature Level 11_0)
[2015.08.30-16.51.45:683][  0]LogD3D11RHI: Adapter has 1011MB of dedicated video memory, 0MB of dedicated system memory, and 3840MB of shared system memory, 1 output[s]
[2015.08.30-16.51.45:684][  0]LogD3D11RHI: Found D3D11 adapter 1: Microsoft Basic Render Driver (Feature Level 11_0)
[2015.08.30-16.51.45:684][  0]LogD3D11RHI: Adapter has 0MB of dedicated video memory, 0MB of dedicated system memory, and 6135MB of shared system memory, 0 output[s]
[2015.08.30-16.51.45:684][  0]LogD3D11RHI: Chosen D3D11 Adapter Id = 0
[2015.08.30-16.51.45:687][  0]LogD3D11RHI: InitD3DDevice
[2015.08.30-16.51.45:687][  0]LogD3D11RHI: !Direct3DDevice
[2015.08.30-16.51.45:687][  0]LogRHI: Texture pool is 708 MB (70% of 1011 MB)
[2015.08.30-16.51.45:693][  0]LogD3D11RHI: Async texture creation disabled: no driver support
[2015.08.30-16.51.45:703][  0]LogShaderCompilers:Display: Using Local Shader Compiler.
[2015.08.30-16.51.46:493][  0]LogTemp:Display: Loaded TP DesktopTargetPlatform
[2015.08.30-16.51.46:507][  0]LogTemp:Display: Loaded TP WindowsClientTargetPlatform
[2015.08.30-16.51.46:521][  0]LogTemp:Display: Loaded TP WindowsNoEditorTargetPlatform
[2015.08.30-16.51.46:536][  0]LogTemp:Display: Loaded TP WindowsServerTargetPlatform
[2015.08.30-16.51.46:552][  0]LogTemp:Display: Loaded TP WindowsTargetPlatform
[2015.08.30-16.51.46:564][  0]LogTemp:Display: Loaded TP AndroidTargetPlatform
[2015.08.30-16.51.46:576][  0]LogTemp:Display: Loaded TP Android_ASTCTargetPlatform
[2015.08.30-16.51.46:589][  0]LogTemp:Display: Loaded TP Android_ATCTargetPlatform
[2015.08.30-16.51.46:602][  0]LogTemp:Display: Loaded TP Android_DXTTargetPlatform
[2015.08.30-16.51.46:614][  0]LogTemp:Display: Loaded TP Android_ETC1TargetPlatform
[2015.08.30-16.51.46:627][  0]LogTemp:Display: Loaded TP Android_ETC2TargetPlatform
[2015.08.30-16.51.46:640][  0]LogTemp:Display: Loaded TP Android_PVRTCTargetPlatform
[2015.08.30-16.51.46:689][  0]LogTemp:Display: Loaded TP IOSTargetPlatform
[2015.08.30-16.51.46:701][  0]LogTemp:Display: Loaded TP LinuxNoEditorTargetPlatform
[2015.08.30-16.51.46:714][  0]LogTemp:Display: Loaded TP LinuxServerTargetPlatform
[2015.08.30-16.51.46:728][  0]LogTemp:Display: Loaded TP LinuxTargetPlatform
[2015.08.30-16.51.46:729][  0]LogTargetPlatformManager:Display: Building Assets For Windows
[2015.08.30-16.51.46:940][  0]LogDerivedDataCache:Display: Max Cache Size: 512 MB
[2015.08.30-16.51.46:997][  0]LogDerivedDataCache: Loaded boot cache 0.06s 53MB C:/Users/Bodoo/AppData/Local/UnrealEngine/4.8/DerivedDataCache/Boot.ddc.
[2015.08.30-16.51.46:997][  0]LogDerivedDataCache:Display: Loaded Boot cache: C:/Users/Bodoo/AppData/Local/UnrealEngine/4.8/DerivedDataCache/Boot.ddc
[2015.08.30-16.51.46:997][  0]LogDerivedDataCache: FDerivedDataBackendGraph:  Pak pak cache file ../../../../Projekte/NotPartofTheGame/DerivedDataCache/DDC.ddp not found, will not use a pak cache.
[2015.08.30-16.51.46:997][  0]LogDerivedDataCache: Unable to find inner node Pak for hierarchical cache Hierarchy.
[2015.08.30-16.51.46:997][  0]LogDerivedDataCache: FDerivedDataBackendGraph:  CompressedPak pak cache file ../../../../Projekte/NotPartofTheGame/DerivedDataCache/Compressed.ddp not found, will not use a pak cache.
[2015.08.30-16.51.46:997][  0]LogDerivedDataCache: Unable to find inner node CompressedPak for hierarchical cache Hierarchy.
[2015.08.30-16.51.47:146][  0]LogDerivedDataCache:Display: Pak cache opened for reading ../../../Engine/DerivedDataCache/Compressed.ddp.
[2015.08.30-16.51.47:158][  0]LogDerivedDataCache: Using Local data cache path C:/Users/Bodoo/AppData/Local/UnrealEngine/Common/DerivedDataCache: Writable
[2015.08.30-16.51.47:390][  0]LogInit: Selected Device Profile: [Windows]
[2015.08.30-16.51.47:475][  0]ImportText (ComponentSweepMultiTests): Missing closing parenthesis: (RootShapeAsset="/Engine/BasicShapes/Cube.Cube",ShapeType="TriggerCapsule",HitResult=(Time=0.50,Location=(X=-100.000015,Y=0.0,Z=100.000015),ImpactPoint=(X=-50.0,Y=0.0,Z=50.0),Normal=(X=-1.0,Y=-0.0,Z=0.0),ImpactNormal=(X=0.0,Y=0.0,Z=1.0),TraceStart=(X=-200.0,Y=0.0,Z=200.0),TraceEnd=(X=0.0,Y=0.0,Z=0.0))
[2015.08.30-16.51.47:475][  0]ImportText (LineTraceSingleByChannelTests): Missing closing parenthesis: (RootShapeAsset="/Engine/BasicShapes/Cube.Cube",HitResult=(Time=0.50,Location=(X=-100.000015,Y=0.0,Z=100.000015),ImpactPoint=(X=-50.0,Y=0.0,Z=50.0),Normal=(X=-1.0,Y=-0.0,Z=0.0),ImpactNormal=(X=0.0,Y=0.0,Z=1.0),TraceStart=(X=-200.0,Y=0.0,Z=200.0),TraceEnd=(X=0.0,Y=0.0,Z=0.0))
[2015.08.30-16.51.47:503][  0]LogMeshUtilities: No automatic mesh reduction module available
[2015.08.30-16.51.47:503][  0]LogMeshUtilities: No automatic mesh merging module available
[2015.08.30-16.51.47:781][  0]LogInit: WinSock: version 1.1 (2.2), MaxSocks=32767, MaxUdp=65467
[2015.08.30-16.51.48:208][  0]LogD3D11RHI: InitD3DDevice
[2015.08.30-16.51.48:212][  0]LogWindowsMoviePlayer: Unable to load movie: ../../../../Projekte/NotPartofTheGame/Content/Movies/Default_Startup.mp4
[2015.08.30-16.51.48:353][  0]LogAssetRegistry: FAssetRegistry took 0.0001 seconds to start up
[2015.08.30-16.51.48:398][  0]SourceControl: Info Source control is disabled
[2015.08.30-16.51.48:398][  0]SourceControl: Info Source control is disabled
[2015.08.30-16.51.48:408][  0]SourceControl: Info Source control is disabled
[2015.08.30-16.51.48:590][  0]LogObj: 25913 objects as part of root set at end of initial load.
[2015.08.30-16.51.48:590][  0]LogUObjectAllocator: 5218480 out of 0 bytes used by permanent object pool.
[2015.08.30-16.51.48:658][  0]LogAutomationTest:Warning: ERR: Transient text cannot be serialized "Testing Transient serialization detection".
[2015.08.30-16.51.48:659][  0]LogEngine: Initializing Engine...
[2015.08.30-16.51.48:661][  0]LogHMD: Can't find Oculus library dev build: is proper Runtime installed? Version: 0.6.0.0
[2015.08.30-16.51.48:662][  0]LogHMD:Warning: SteamVR failed to initialize.  Error: 110
[2015.08.30-16.51.48:751][  0]LogInit: XAudio2 using 'Lautsprecher (G510s Gaming Keyboard)' : 2 channels at 48 kHz using 16 bits per sample (channel mask 0x3)
[2015.08.30-16.51.48:756][  0]LogInit: FAudioDevice initialized.
[2015.08.30-16.51.48:765][  0]LogInit: Texture streaming: Disabled
[2015.08.30-16.51.48:828][  0]LogNet: Browse: /Temp/Autosaves/Game/NPOTG/Maps/UEDPCTesting_Level?Name=Player
[2015.08.30-16.51.48:828][  0]LogLoad: LoadMap: /Temp/Autosaves/Game/NPOTG/Maps/UEDPCTesting_Level?Name=Player
[2015.08.30-16.51.48:838][  0]LogParticles: Destroying 0 GPU particle simulations for FXSystem 0x000000FE2AC93560
[2015.08.30-16.51.48:846][  0]LogMemory: Platform Memory Stats for Windows
[2015.08.30-16.51.48:846][  0]LogMemory: Process Physical Memory: 338.28 MB used, 338.28 MB peak
[2015.08.30-16.51.48:846][  0]LogMemory: Process Virtual Memory: 374.55 MB used, 374.55 MB peak
[2015.08.30-16.51.48:846][  0]LogMemory: Physical Memory: 2962.91 MB used, 12270.70 MB total
[2015.08.30-16.51.48:846][  0]LogMemory: Virtual Memory: 891.73 MB used, 134217728.00 MB total
[2015.08.30-16.51.48:846][  0]LogMemory: 
[2015.08.30-16.51.48:846][  0]Allocator Stats for TBB: (not implemented)
[2015.08.30-16.51.49:738][  0]LogProperty:Warning: ERR: Transient text cannot be serialized "NewRotation Roll".
[2015.08.30-16.51.49:738][  0]LogProperty:Warning: ERR: Transient text cannot be serialized "NewRotation Yaw".
[2015.08.30-16.51.49:738][  0]LogProperty:Warning: ERR: Transient text cannot be serialized "NewRotation Pitch".
[2015.08.30-16.51.49:738][  0]LogProperty:Warning: ERR: Transient text cannot be serialized "NewRotation Roll".
[2015.08.30-16.51.49:738][  0]LogProperty:Warning: ERR: Transient text cannot be serialized "NewRotation Yaw".
[2015.08.30-16.51.49:738][  0]LogProperty:Warning: ERR: Transient text cannot be serialized "NewRotation Pitch".
[2015.08.30-16.51.49:785][  0]LogProperty:Warning: ERR: Transient text cannot be serialized "NewRotation Roll".
[2015.08.30-16.51.49:785][  0]LogProperty:Warning: ERR: Transient text cannot be serialized "NewRotation Yaw".
[2015.08.30-16.51.49:785][  0]LogProperty:Warning: ERR: Transient text cannot be serialized "NewRotation Pitch".
[2015.08.30-16.51.49:785][  0]LogProperty:Warning: ERR: Transient text cannot be serialized "NewRotation Roll".
[2015.08.30-16.51.49:785][  0]LogProperty:Warning: ERR: Transient text cannot be serialized "NewRotation Yaw".
[2015.08.30-16.51.49:785][  0]LogProperty:Warning: ERR: Transient text cannot be serialized "NewRotation Pitch".
[2015.08.30-16.51.50:668][  0]LogAIModule: Creating AISystem for world Testing_Level
[2015.08.30-16.51.50:669][  0]LogWorld: Game class is '2DSideScrollerGameMode_C'
[2015.08.30-16.51.50:731][  0]LogWorld: Bringing World /Temp/Autosaves/Game/NPOTG/Maps/UEDPCTesting_Level.Testing_Level up for play (max tick rate 0) at 2015.08.30-18.51.50
[2015.08.30-16.51.50:744][  0]LogWorld: Bringing up level for play took: 0.072427
[2015.08.30-16.51.50:748][  0]LogInit:Display: Game Engine Initialized.
[2015.08.30-16.51.50:974][  0]LogLoad: Full Startup: 7.55 seconds (BP compile: 0.95 seconds)
[2015.08.30-16.51.50:990][  0]LogWindowsTextInputMethodSystem:Display: IME system now deactivated.
[2015.08.30-16.51.50:990][  0]LogWindowsTextInputMethodSystem:Display: IME system now deactivated.
[2015.08.30-16.51.50:992][  0]LogContentStreaming: Texture pool size is 1000.000000MB
[2015.08.30-16.51.51:117][  0]LogRenderer: Reallocating scene render targets to support 1280x720 (Frame:2).
[2015.08.30-16.52.29:028][342]LogBlueprintUserMessages: 0.991935
[2015.08.30-16.52.29:028][342]LogBlueprintUserMessages: 0.991935
[2015.08.30-16.52.29:028][342]LogBlueprintUserMessages: 0.983871
[2015.08.30-16.52.29:044][343]LogBlueprintUserMessages: 0.975806
[2015.08.30-16.52.29:061][344]LogBlueprintUserMessages: 0.967742
[2015.08.30-16.52.29:076][345]LogBlueprintUserMessages: 0.959677
[2015.08.30-16.52.29:092][346]LogBlueprintUserMessages: 0.951613
[2015.08.30-16.52.29:108][347]LogBlueprintUserMessages: 0.943548
[2015.08.30-16.52.29:124][348]LogBlueprintUserMessages: 0.935484
[2015.08.30-16.52.29:141][349]LogBlueprintUserMessages: 0.927419
[2015.08.30-16.52.29:157][350]LogBlueprintUserMessages: 0.919354
[2015.08.30-16.52.29:173][351]LogBlueprintUserMessages: 0.91129
[2015.08.30-16.52.29:190][352]LogBlueprintUserMessages: 0.903225
[2015.08.30-16.52.29:206][353]LogBlueprintUserMessages: 0.895161
[2015.08.30-16.52.29:222][354]LogBlueprintUserMessages: 0.887096
[2015.08.30-16.52.29:238][355]LogBlueprintUserMessages: 0.879032
[2015.08.30-16.52.29:253][356]LogBlueprintUserMessages: 0.870967
[2015.08.30-16.52.29:270][357]LogBlueprintUserMessages: 0.862903
[2015.08.30-16.52.29:286][358]LogBlueprintUserMessages: 0.854838
[2015.08.30-16.52.29:302][359]LogBlueprintUserMessages: 0.846772
[2015.08.30-16.52.29:318][360]LogBlueprintUserMessages: 0.838707
[2015.08.30-16.52.29:334][361]LogBlueprintUserMessages: 0.830642
[2015.08.30-16.52.29:350][362]LogBlueprintUserMessages: 0.822578
[2015.08.30-16.52.29:366][363]LogBlueprintUserMessages: 0.814513
[2015.08.30-16.52.29:383][364]LogBlueprintUserMessages: 0.806449
[2015.08.30-16.52.29:398][365]LogBlueprintUserMessages: 0.798384
[2015.08.30-16.52.29:415][366]LogBlueprintUserMessages: 0.79032
[2015.08.30-16.52.29:431][367]LogBlueprintUserMessages: 0.782255
[2015.08.30-16.52.29:448][368]LogBlueprintUserMessages: 0.77419
[2015.08.30-16.52.29:463][369]LogBlueprintUserMessages: 0.766126
[2015.08.30-16.52.29:480][370]LogBlueprintUserMessages: 0.758061
[2015.08.30-16.52.29:496][371]LogBlueprintUserMessages: 0.749997
[2015.08.30-16.52.29:512][372]LogBlueprintUserMessages: 0.741932
[2015.08.30-16.52.29:528][373]LogBlueprintUserMessages: 0.733867
[2015.08.30-16.52.29:544][374]LogBlueprintUserMessages: 0.725803
[2015.08.30-16.52.29:560][375]LogBlueprintUserMessages: 0.717738
[2015.08.30-16.52.29:576][376]LogBlueprintUserMessages: 0.709674
[2015.08.30-16.52.29:592][377]LogBlueprintUserMessages: 0.701609
[2015.08.30-16.52.29:608][378]LogBlueprintUserMessages: 0.693544
[2015.08.30-16.52.29:624][379]LogBlueprintUserMessages: 0.68548
[2015.08.30-16.52.29:640][380]LogBlueprintUserMessages: 0.677415
[2015.08.30-16.52.29:657][381]LogBlueprintUserMessages: 0.669351
[2015.08.30-16.52.29:673][382]LogBlueprintUserMessages: 0.661286
[2015.08.30-16.52.29:689][383]LogBlueprintUserMessages: 0.653221
[2015.08.30-16.52.29:705][384]LogBlueprintUserMessages: 0.645157
[2015.08.30-16.52.29:721][385]LogBlueprintUserMessages: 0.637092
[2015.08.30-16.52.29:738][386]LogBlueprintUserMessages: 0.629027
[2015.08.30-16.52.29:753][387]LogBlueprintUserMessages: 0.620963
[2015.08.30-16.52.29:770][388]LogBlueprintUserMessages: 0.612898
[2015.08.30-16.52.29:786][389]LogBlueprintUserMessages: 0.604834
[2015.08.30-16.52.29:802][390]LogBlueprintUserMessages: 0.596769
[2015.08.30-16.52.29:818][391]LogBlueprintUserMessages: 0.588704
[2015.08.30-16.52.29:835][392]LogBlueprintUserMessages: 0.58064
[2015.08.30-16.52.29:851][393]LogBlueprintUserMessages: 0.572572
[2015.08.30-16.52.29:867][394]LogBlueprintUserMessages: 0.564508
[2015.08.30-16.52.29:883][395]LogBlueprintUserMessages: 0.556443
[2015.08.30-16.52.29:899][396]LogBlueprintUserMessages: 0.548378
[2015.08.30-16.52.29:915][397]LogBlueprintUserMessages: 0.540314
[2015.08.30-16.52.29:931][398]LogBlueprintUserMessages: 0.532249
[2015.08.30-16.52.29:947][399]LogBlueprintUserMessages: 0.524185
[2015.08.30-16.52.29:964][400]LogBlueprintUserMessages: 0.516119
[2015.08.30-16.52.29:980][401]LogBlueprintUserMessages: 0.508054
[2015.08.30-16.52.29:996][402]LogBlueprintUserMessages: 0.49999
[2015.08.30-16.52.30:012][403]LogBlueprintUserMessages: 0.491922
[2015.08.30-16.52.30:028][404]LogBlueprintUserMessages: 0.483858
[2015.08.30-16.52.30:044][405]LogBlueprintUserMessages: 0.475793
[2015.08.30-16.52.30:060][406]LogBlueprintUserMessages: 0.467729
[2015.08.30-16.52.30:076][407]LogBlueprintUserMessages: 0.459664
[2015.08.30-16.52.30:092][408]LogBlueprintUserMessages: 0.451599
[2015.08.30-16.52.30:109][409]LogBlueprintUserMessages: 0.443535
[2015.08.30-16.52.30:125][410]LogBlueprintUserMessages: 0.43547
[2015.08.30-16.52.30:141][411]LogBlueprintUserMessages: 0.427406
[2015.08.30-16.52.30:157][412]LogBlueprintUserMessages: 0.419341
[2015.08.30-16.52.30:173][413]LogBlueprintUserMessages: 0.411276
[2015.08.30-16.52.30:189][414]LogBlueprintUserMessages: 0.403212
[2015.08.30-16.52.30:205][415]LogBlueprintUserMessages: 0.395147
[2015.08.30-16.52.30:221][416]LogBlueprintUserMessages: 0.387083
[2015.08.30-16.52.30:237][417]LogBlueprintUserMessages: 0.379018
[2015.08.30-16.52.30:253][418]LogBlueprintUserMessages: 0.370953
[2015.08.30-16.52.30:270][419]LogBlueprintUserMessages: 0.362889
[2015.08.30-16.52.30:286][420]LogBlueprintUserMessages: 0.354824
[2015.08.30-16.52.30:303][421]LogBlueprintUserMessages: 0.346759
[2015.08.30-16.52.30:319][422]LogBlueprintUserMessages: 0.338695
[2015.08.30-16.52.30:335][423]LogBlueprintUserMessages: 0.33063
[2015.08.30-16.52.30:351][424]LogBlueprintUserMessages: 0.322566
[2015.08.30-16.52.30:367][425]LogBlueprintUserMessages: 0.314501
[2015.08.30-16.52.30:382][426]LogBlueprintUserMessages: 0.306436
[2015.08.30-16.52.30:399][427]LogBlueprintUserMessages: 0.298372
[2015.08.30-16.52.30:415][428]LogBlueprintUserMessages: 0.290307
[2015.08.30-16.52.30:431][429]LogBlueprintUserMessages: 0.282243
[2015.08.30-16.52.30:448][430]LogBlueprintUserMessages: 0.274178
[2015.08.30-16.52.30:464][431]LogBlueprintUserMessages: 0.266113
[2015.08.30-16.52.42:431][173]LogBlueprintUserMessages: 0.991935
[2015.08.30-16.52.42:431][173]LogBlueprintUserMessages: 0.991935
[2015.08.30-16.52.42:431][173]LogBlueprintUserMessages: 0.983871
[2015.08.30-16.52.42:447][174]LogBlueprintUserMessages: 0.975806
[2015.08.30-16.52.42:463][175]LogBlueprintUserMessages: 0.967742
[2015.08.30-16.52.42:479][176]LogBlueprintUserMessages: 0.959677
[2015.08.30-16.52.42:496][177]LogBlueprintUserMessages: 0.951613
[2015.08.30-16.52.42:512][178]LogBlueprintUserMessages: 0.943548
[2015.08.30-16.52.42:528][179]LogBlueprintUserMessages: 0.935484
[2015.08.30-16.52.42:544][180]LogBlueprintUserMessages: 0.927419
[2015.08.30-16.52.42:560][181]LogBlueprintUserMessages: 0.919354
[2015.08.30-16.52.42:577][182]LogBlueprintUserMessages: 0.91129
[2015.08.30-16.52.42:592][183]LogBlueprintUserMessages: 0.903225
[2015.08.30-16.52.42:609][184]LogBlueprintUserMessages: 0.895161
[2015.08.30-16.52.42:625][185]LogBlueprintUserMessages: 0.887096
[2015.08.30-16.52.42:641][186]LogBlueprintUserMessages: 0.879032
[2015.08.30-16.52.42:658][187]LogBlueprintUserMessages: 0.870967
[2015.08.30-16.52.42:674][188]LogBlueprintUserMessages: 0.862903
[2015.08.30-16.52.42:690][189]LogBlueprintUserMessages: 0.854838
[2015.08.30-16.52.42:705][190]LogBlueprintUserMessages: 0.846773
[2015.08.30-16.52.42:721][191]LogBlueprintUserMessages: 0.838709
[2015.08.30-16.52.42:737][192]LogBlueprintUserMessages: 0.830644
[2015.08.30-16.52.42:754][193]LogBlueprintUserMessages: 0.82258
[2015.08.30-16.52.42:770][194]LogBlueprintUserMessages: 0.814515
[2015.08.30-16.52.42:787][195]LogBlueprintUserMessages: 0.806451
[2015.08.30-16.52.42:802][196]LogBlueprintUserMessages: 0.798386
[2015.08.30-16.52.42:819][197]LogBlueprintUserMessages: 0.790321
[2015.08.30-16.52.42:835][198]LogBlueprintUserMessages: 0.782257
[2015.08.30-16.52.42:851][199]LogBlueprintUserMessages: 0.774192
[2015.08.30-16.52.42:866][200]LogBlueprintUserMessages: 0.766128
[2015.08.30-16.52.42:883][201]LogBlueprintUserMessages: 0.758063
[2015.08.30-16.52.42:899][202]LogBlueprintUserMessages: 0.749998
[2015.08.30-16.52.42:915][203]LogBlueprintUserMessages: 0.741934
[2015.08.30-16.52.42:932][204]LogBlueprintUserMessages: 0.733869
[2015.08.30-16.52.42:948][205]LogBlueprintUserMessages: 0.725805
[2015.08.30-16.52.42:964][206]LogBlueprintUserMessages: 0.71774
[2015.08.30-16.52.42:980][207]LogBlueprintUserMessages: 0.709675
[2015.08.30-16.52.42:996][208]LogBlueprintUserMessages: 0.701611
[2015.08.30-16.52.43:012][209]LogBlueprintUserMessages: 0.693546
[2015.08.30-16.52.43:028][210]LogBlueprintUserMessages: 0.685482
[2015.08.30-16.52.43:045][211]LogBlueprintUserMessages: 0.677417
[2015.08.30-16.52.43:060][212]LogBlueprintUserMessages: 0.669352
[2015.08.30-16.52.43:077][213]LogBlueprintUserMessages: 0.661288
[2015.08.30-16.52.43:093][214]LogBlueprintUserMessages: 0.653223
[2015.08.30-16.52.43:109][215]LogBlueprintUserMessages: 0.645159
[2015.08.30-16.52.43:125][216]LogBlueprintUserMessages: 0.637094
[2015.08.30-16.52.43:141][217]LogBlueprintUserMessages: 0.629029
[2015.08.30-16.52.43:157][218]LogBlueprintUserMessages: 0.62096
[2015.08.30-16.52.43:174][219]LogBlueprintUserMessages: 0.612896
[2015.08.30-16.52.43:190][220]LogBlueprintUserMessages: 0.604831
[2015.08.30-16.52.43:206][221]LogBlueprintUserMessages: 0.596767
[2015.08.30-16.52.43:222][222]LogBlueprintUserMessages: 0.588702
[2015.08.30-16.52.43:238][223]LogBlueprintUserMessages: 0.580637
[2015.08.30-16.52.43:254][224]LogBlueprintUserMessages: 0.572573
[2015.08.30-16.52.43:270][225]LogBlueprintUserMessages: 0.564508
[2015.08.30-16.52.43:286][226]LogBlueprintUserMessages: 0.556444
[2015.08.30-16.52.43:302][227]LogBlueprintUserMessages: 0.548379
[2015.08.30-16.52.43:318][228]LogBlueprintUserMessages: 0.540314
[2015.08.30-16.52.43:335][229]LogBlueprintUserMessages: 0.53225
[2015.08.30-16.52.43:351][230]LogBlueprintUserMessages: 0.524185
[2015.08.30-16.52.43:367][231]LogBlueprintUserMessages: 0.516121
[2015.08.30-16.52.43:383][232]LogBlueprintUserMessages: 0.508056
[2015.08.30-16.52.43:399][233]LogBlueprintUserMessages: 0.499991
[2015.08.30-16.52.43:415][234]LogBlueprintUserMessages: 0.491927
[2015.08.30-16.52.43:432][235]LogBlueprintUserMessages: 0.483862
[2015.08.30-16.52.43:447][236]LogBlueprintUserMessages: 0.475798
[2015.08.30-16.52.43:463][237]LogBlueprintUserMessages: 0.467733
[2015.08.30-16.52.43:479][238]LogBlueprintUserMessages: 0.459668
[2015.08.30-16.52.43:496][239]LogBlueprintUserMessages: 0.451604
[2015.08.30-16.52.43:512][240]LogBlueprintUserMessages: 0.443539
[2015.08.30-16.52.43:528][241]LogBlueprintUserMessages: 0.435475
[2015.08.30-16.52.43:544][242]LogBlueprintUserMessages: 0.42741
[2015.08.30-16.52.43:560][243]LogBlueprintUserMessages: 0.419345
[2015.08.30-16.52.43:576][244]LogBlueprintUserMessages: 0.411281
[2015.08.30-16.52.43:593][245]LogBlueprintUserMessages: 0.403216
[2015.08.30-16.52.43:609][246]LogBlueprintUserMessages: 0.395152
[2015.08.30-16.52.43:625][247]LogBlueprintUserMessages: 0.387087
[2015.08.30-16.52.43:641][248]LogBlueprintUserMessages: 0.379022
[2015.08.30-16.52.43:657][249]LogBlueprintUserMessages: 0.370958
[2015.08.30-16.52.43:673][250]LogBlueprintUserMessages: 0.362893
[2015.08.30-16.52.43:690][251]LogBlueprintUserMessages: 0.354829
[2015.08.30-16.52.43:706][252]LogBlueprintUserMessages: 0.346764
[2015.08.30-16.52.43:722][253]LogBlueprintUserMessages: 0.338699
[2015.08.30-16.52.43:738][254]LogBlueprintUserMessages: 0.330635
[2015.08.30-16.52.43:754][255]LogBlueprintUserMessages: 0.32257
[2015.08.30-16.52.43:770][256]LogBlueprintUserMessages: 0.314505
[2015.08.30-16.52.43:786][257]LogBlueprintUserMessages: 0.306441
[2015.08.30-16.52.43:803][258]LogBlueprintUserMessages: 0.298376
[2015.08.30-16.52.43:818][259]LogBlueprintUserMessages: 0.290312
[2015.08.30-16.52.43:835][260]LogBlueprintUserMessages: 0.282247
[2015.08.30-16.52.43:850][261]LogBlueprintUserMessages: 0.274182
[2015.08.30-16.52.43:867][262]LogBlueprintUserMessages: 0.266118
[2015.08.30-16.52.48:061][522]LogBlueprintUserMessages: 0.991935
[2015.08.30-16.52.48:061][522]LogBlueprintUserMessages: 0.991935
[2015.08.30-16.52.48:061][522]LogBlueprintUserMessages: 0.983871
[2015.08.30-16.52.48:076][523]LogBlueprintUserMessages: 0.975806
[2015.08.30-16.52.48:092][524]LogBlueprintUserMessages: 0.967742
[2015.08.30-16.52.48:109][525]LogBlueprintUserMessages: 0.959677
[2015.08.30-16.52.48:125][526]LogBlueprintUserMessages: 0.951613
[2015.08.30-16.52.48:141][527]LogBlueprintUserMessages: 0.943548
[2015.08.30-16.52.48:157][528]LogBlueprintUserMessages: 0.935484
[2015.08.30-16.52.48:174][529]LogBlueprintUserMessages: 0.927419
[2015.08.30-16.52.48:190][530]LogBlueprintUserMessages: 0.919354
[2015.08.30-16.52.48:206][531]LogBlueprintUserMessages: 0.91129
[2015.08.30-16.52.48:222][532]LogBlueprintUserMessages: 0.903225
[2015.08.30-16.52.48:238][533]LogBlueprintUserMessages: 0.895161
[2015.08.30-16.52.48:254][534]LogBlueprintUserMessages: 0.887096
[2015.08.30-16.52.48:270][535]LogBlueprintUserMessages: 0.879032
[2015.08.30-16.52.48:286][536]LogBlueprintUserMessages: 0.870967
[2015.08.30-16.52.48:302][537]LogBlueprintUserMessages: 0.862903
[2015.08.30-16.52.48:318][538]LogBlueprintUserMessages: 0.854838
[2015.08.30-16.52.48:334][539]LogBlueprintUserMessages: 0.846773
[2015.08.30-16.52.48:351][540]LogBlueprintUserMessages: 0.838709
[2015.08.30-16.52.48:367][541]LogBlueprintUserMessages: 0.830644
[2015.08.30-16.52.48:383][542]LogBlueprintUserMessages: 0.82258
[2015.08.30-16.52.48:399][543]LogBlueprintUserMessages: 0.814515
[2015.08.30-16.52.48:415][544]LogBlueprintUserMessages: 0.806451
[2015.08.30-16.52.48:432][545]LogBlueprintUserMessages: 0.798386
[2015.08.30-16.52.48:448][546]LogBlueprintUserMessages: 0.790321
[2015.08.30-16.52.48:464][547]LogBlueprintUserMessages: 0.782257
[2015.08.30-16.52.48:480][548]LogBlueprintUserMessages: 0.774192
[2015.08.30-16.52.48:496][549]LogBlueprintUserMessages: 0.766128
[2015.08.30-16.52.48:512][550]LogBlueprintUserMessages: 0.758063
[2015.08.30-16.52.48:528][551]LogBlueprintUserMessages: 0.749998
[2015.08.30-16.52.48:544][552]LogBlueprintUserMessages: 0.741934
[2015.08.30-16.52.48:561][553]LogBlueprintUserMessages: 0.733869
[2015.08.30-16.52.48:577][554]LogBlueprintUserMessages: 0.725805
[2015.08.30-16.52.48:593][555]LogBlueprintUserMessages: 0.71774
[2015.08.30-16.52.48:609][556]LogBlueprintUserMessages: 0.709675
[2015.08.30-16.52.48:625][557]LogBlueprintUserMessages: 0.701611
[2015.08.30-16.52.48:641][558]LogBlueprintUserMessages: 0.693545
[2015.08.30-16.52.48:657][559]LogBlueprintUserMessages: 0.68548
[2015.08.30-16.52.48:674][560]LogBlueprintUserMessages: 0.677415
[2015.08.30-16.52.48:690][561]LogBlueprintUserMessages: 0.669351
[2015.08.30-16.52.48:706][562]LogBlueprintUserMessages: 0.661286
[2015.08.30-16.52.48:722][563]LogBlueprintUserMessages: 0.653221
[2015.08.30-16.52.48:738][564]LogBlueprintUserMessages: 0.645154
[2015.08.30-16.52.48:754][565]LogBlueprintUserMessages: 0.637089
[2015.08.30-16.52.48:770][566]LogBlueprintUserMessages: 0.629025
[2015.08.30-16.52.48:786][567]LogBlueprintUserMessages: 0.62096
[2015.08.30-16.52.48:802][568]LogBlueprintUserMessages: 0.612895
[2015.08.30-16.52.48:818][569]LogBlueprintUserMessages: 0.604831
[2015.08.30-16.52.48:834][570]LogBlueprintUserMessages: 0.596766
[2015.08.30-16.52.48:851][571]LogBlueprintUserMessages: 0.588702
[2015.08.30-16.52.48:867][572]LogBlueprintUserMessages: 0.580637
[2015.08.30-16.52.48:883][573]LogBlueprintUserMessages: 0.572572
[2015.08.30-16.52.48:899][574]LogBlueprintUserMessages: 0.564508
[2015.08.30-16.52.48:916][575]LogBlueprintUserMessages: 0.556443
[2015.08.30-16.52.48:931][576]LogBlueprintUserMessages: 0.548379
[2015.08.30-16.52.48:947][577]LogBlueprintUserMessages: 0.540314
[2015.08.30-16.52.48:964][578]LogBlueprintUserMessages: 0.532249
[2015.08.30-16.52.48:980][579]LogBlueprintUserMessages: 0.524185
[2015.08.30-16.52.48:996][580]LogBlueprintUserMessages: 0.51612
[2015.08.30-16.52.49:012][581]LogBlueprintUserMessages: 0.508056
[2015.08.30-16.52.49:028][582]LogBlueprintUserMessages: 0.499991
[2015.08.30-16.52.49:044][583]LogBlueprintUserMessages: 0.49192
[2015.08.30-16.52.49:060][584]LogBlueprintUserMessages: 0.483849
[2015.08.30-16.52.49:076][585]LogBlueprintUserMessages: 0.475785
[2015.08.30-16.52.49:093][586]LogBlueprintUserMessages: 0.46772
[2015.08.30-16.52.49:109][587]LogBlueprintUserMessages: 0.459656
[2015.08.30-16.52.49:125][588]LogBlueprintUserMessages: 0.451591
[2015.08.30-16.52.49:141][589]LogBlueprintUserMessages: 0.443526
[2015.08.30-16.52.49:157][590]LogBlueprintUserMessages: 0.435462
[2015.08.30-16.52.49:173][591]LogBlueprintUserMessages: 0.427397
[2015.08.30-16.52.49:189][592]LogBlueprintUserMessages: 0.419333
[2015.08.30-16.52.49:206][593]LogBlueprintUserMessages: 0.411268
[2015.08.30-16.52.49:222][594]LogBlueprintUserMessages: 0.403203
[2015.08.30-16.52.49:238][595]LogBlueprintUserMessages: 0.395139
[2015.08.30-16.52.49:254][596]LogBlueprintUserMessages: 0.387074
[2015.08.30-16.52.49:270][597]LogBlueprintUserMessages: 0.37901
[2015.08.30-16.52.49:286][598]LogBlueprintUserMessages: 0.370945
[2015.08.30-16.52.49:302][599]LogBlueprintUserMessages: 0.36288
[2015.08.30-16.52.49:318][600]LogBlueprintUserMessages: 0.354816
[2015.08.30-16.52.49:334][601]LogBlueprintUserMessages: 0.346751
[2015.08.30-16.52.49:351][602]LogBlueprintUserMessages: 0.338687
[2015.08.30-16.52.49:367][603]LogBlueprintUserMessages: 0.330622
[2015.08.30-16.52.49:383][604]LogBlueprintUserMessages: 0.322557
[2015.08.30-16.52.49:399][605]LogBlueprintUserMessages: 0.314493
[2015.08.30-16.52.49:416][606]LogBlueprintUserMessages: 0.306428
[2015.08.30-16.52.49:432][607]LogBlueprintUserMessages: 0.298362
[2015.08.30-16.52.49:448][608]LogBlueprintUserMessages: 0.290297
[2015.08.30-16.52.49:464][609]LogBlueprintUserMessages: 0.282233
[2015.08.30-16.52.49:480][610]LogBlueprintUserMessages: 0.274168
[2015.08.30-16.52.49:496][611]LogBlueprintUserMessages: 0.266104
[2015.08.30-16.52.49:512][612]LogBlueprintUserMessages: 0.258039
[2015.08.30-16.52.49:529][613]LogBlueprintUserMessages: 0.249974
[2015.08.30-16.52.49:544][614]LogBlueprintUserMessages: 0.24191
[2015.08.30-16.52.49:561][615]LogBlueprintUserMessages: 0.233845
[2015.08.30-16.52.53:555][862]LogBlueprintUserMessages: 0.991935
[2015.08.30-16.52.53:555][862]LogBlueprintUserMessages: 0.991935
[2015.08.30-16.52.53:555][862]LogBlueprintUserMessages: 0.983871
[2015.08.30-16.52.53:571][863]LogBlueprintUserMessages: 0.975806
[2015.08.30-16.52.53:588][864]LogBlueprintUserMessages: 0.967742
[2015.08.30-16.52.53:603][865]LogBlueprintUserMessages: 0.959677
[2015.08.30-16.52.53:619][866]LogBlueprintUserMessages: 0.951613
[2015.08.30-16.52.53:636][867]LogBlueprintUserMessages: 0.943548
[2015.08.30-16.52.53:652][868]LogBlueprintUserMessages: 0.935484
[2015.08.30-16.52.53:667][869]LogBlueprintUserMessages: 0.927419
[2015.08.30-16.52.53:684][870]LogBlueprintUserMessages: 0.919354
[2015.08.30-16.52.53:700][871]LogBlueprintUserMessages: 0.91129
[2015.08.30-16.52.53:716][872]LogBlueprintUserMessages: 0.903225
[2015.08.30-16.52.53:732][873]LogBlueprintUserMessages: 0.895161
[2015.08.30-16.52.53:749][874]LogBlueprintUserMessages: 0.887096
[2015.08.30-16.52.53:765][875]LogBlueprintUserMessages: 0.879032
[2015.08.30-16.52.53:781][876]LogBlueprintUserMessages: 0.870967
[2015.08.30-16.52.53:797][877]LogBlueprintUserMessages: 0.862903
[2015.08.30-16.52.53:812][878]LogBlueprintUserMessages: 0.854838
[2015.08.30-16.52.53:829][879]LogBlueprintUserMessages: 0.846773
[2015.08.30-16.52.53:845][880]LogBlueprintUserMessages: 0.838709
[2015.08.30-16.52.53:862][881]LogBlueprintUserMessages: 0.830644
[2015.08.30-16.52.53:878][882]LogBlueprintUserMessages: 0.82258
[2015.08.30-16.52.53:894][883]LogBlueprintUserMessages: 0.814515
[2015.08.30-16.52.53:910][884]LogBlueprintUserMessages: 0.80645
[2015.08.30-16.52.53:926][885]LogBlueprintUserMessages: 0.798385
[2015.08.30-16.52.53:942][886]LogBlueprintUserMessages: 0.790321
[2015.08.30-16.52.53:958][887]LogBlueprintUserMessages: 0.782256
[2015.08.30-16.52.53:974][888]LogBlueprintUserMessages: 0.774192
[2015.08.30-16.52.53:990][889]LogBlueprintUserMessages: 0.766127
[2015.08.30-16.52.54:006][890]LogBlueprintUserMessages: 0.758062
[2015.08.30-16.52.54:022][891]LogBlueprintUserMessages: 0.749998
[2015.08.30-16.52.54:038][892]LogBlueprintUserMessages: 0.741933
[2015.08.30-16.52.54:055][893]LogBlueprintUserMessages: 0.733869
[2015.08.30-16.52.54:071][894]LogBlueprintUserMessages: 0.725804
[2015.08.30-16.52.54:087][895]LogBlueprintUserMessages: 0.717739
[2015.08.30-16.52.54:103][896]LogBlueprintUserMessages: 0.709675
[2015.08.30-16.52.54:119][897]LogBlueprintUserMessages: 0.70161
[2015.08.30-16.52.54:136][898]LogBlueprintUserMessages: 0.693546
[2015.08.30-16.52.54:152][899]LogBlueprintUserMessages: 0.685481
[2015.08.30-16.52.54:168][900]LogBlueprintUserMessages: 0.677416
[2015.08.30-16.52.54:184][901]LogBlueprintUserMessages: 0.669352
[2015.08.30-16.52.54:200][902]LogBlueprintUserMessages: 0.661287
[2015.08.30-16.52.54:216][903]LogBlueprintUserMessages: 0.653223
[2015.08.30-16.52.54:232][904]LogBlueprintUserMessages: 0.645158
[2015.08.30-16.52.54:248][905]LogBlueprintUserMessages: 0.637093
[2015.08.30-16.52.54:265][906]LogBlueprintUserMessages: 0.629029
[2015.08.30-16.52.54:281][907]LogBlueprintUserMessages: 0.620964
[2015.08.30-16.52.54:297][908]LogBlueprintUserMessages: 0.612899
[2015.08.30-16.52.54:313][909]LogBlueprintUserMessages: 0.604835
[2015.08.30-16.52.54:329][910]LogBlueprintUserMessages: 0.59677
[2015.08.30-16.52.54:345][911]LogBlueprintUserMessages: 0.588706
[2015.08.30-16.52.54:361][912]LogBlueprintUserMessages: 0.580641
[2015.08.30-16.52.54:378][913]LogBlueprintUserMessages: 0.572576
[2015.08.30-16.52.54:394][914]LogBlueprintUserMessages: 0.564512
[2015.08.30-16.52.54:410][915]LogBlueprintUserMessages: 0.556447
[2015.08.30-16.52.54:426][916]LogBlueprintUserMessages: 0.548383
[2015.08.30-16.52.54:441][917]LogBlueprintUserMessages: 0.540318
[2015.08.30-16.52.54:457][918]LogBlueprintUserMessages: 0.532253
[2015.08.30-16.52.54:475][919]LogBlueprintUserMessages: 0.524189
[2015.08.30-16.52.54:491][920]LogBlueprintUserMessages: 0.516124
[2015.08.30-16.52.54:507][921]LogBlueprintUserMessages: 0.50806
[2015.08.30-16.52.54:523][922]LogBlueprintUserMessages: 0.499995
[2015.08.30-16.52.54:539][923]LogBlueprintUserMessages: 0.49193
[2015.08.30-16.52.54:554][924]LogBlueprintUserMessages: 0.483866
[2015.08.30-16.52.54:571][925]LogBlueprintUserMessages: 0.4758
[2015.08.30-16.52.54:587][926]LogBlueprintUserMessages: 0.467735
[2015.08.30-16.52.54:603][927]LogBlueprintUserMessages: 0.45967
[2015.08.30-16.52.54:620][928]LogBlueprintUserMessages: 0.451606
[2015.08.30-16.52.54:636][929]LogBlueprintUserMessages: 0.443541
[2015.08.30-16.52.54:652][930]LogBlueprintUserMessages: 0.435474
[2015.08.30-16.52.54:668][931]LogBlueprintUserMessages: 0.427409
[2015.08.30-16.52.54:684][932]LogBlueprintUserMessages: 0.419345
[2015.08.30-16.52.54:700][933]LogBlueprintUserMessages: 0.41128
[2015.08.30-16.52.54:716][934]LogBlueprintUserMessages: 0.403215
[2015.08.30-16.52.54:732][935]LogBlueprintUserMessages: 0.395151
[2015.08.30-16.52.54:748][936]LogBlueprintUserMessages: 0.387086
[2015.08.30-16.52.54:765][937]LogBlueprintUserMessages: 0.379022
[2015.08.30-16.52.54:781][938]LogBlueprintUserMessages: 0.370957
[2015.08.30-16.52.54:797][939]LogBlueprintUserMessages: 0.362892
[2015.08.30-16.52.54:813][940]LogBlueprintUserMessages: 0.354828
[2015.08.30-16.52.54:829][941]LogBlueprintUserMessages: 0.346763
[2015.08.30-16.52.54:845][942]LogBlueprintUserMessages: 0.338696
[2015.08.30-16.52.54:861][943]LogBlueprintUserMessages: 0.330631
[2015.08.30-16.52.54:877][944]LogBlueprintUserMessages: 0.322566
[2015.08.30-16.52.54:893][945]LogBlueprintUserMessages: 0.314502
[2015.08.30-16.52.54:910][946]LogBlueprintUserMessages: 0.306437
[2015.08.30-16.52.54:926][947]LogBlueprintUserMessages: 0.298373
[2015.08.30-16.52.54:942][948]LogBlueprintUserMessages: 0.290308
[2015.08.30-16.52.54:958][949]LogBlueprintUserMessages: 0.282243
[2015.08.30-16.52.54:974][950]LogBlueprintUserMessages: 0.274179
[2015.08.30-16.52.54:991][951]LogBlueprintUserMessages: 0.266114
[2015.08.30-16.52.55:007][952]LogBlueprintUserMessages: 0.258046
[2015.08.30-16.52.55:023][953]LogBlueprintUserMessages: 0.249982
[2015.08.30-16.53.08:087][763]Closing by request
[2015.08.30-16.53.08:087][763]LogWindows: FPlatformMisc::RequestExit(0)
[2015.08.30-16.53.08:739][764]LogWindowsTextInputMethodSystem:Display: IME system now deactivated.
[2015.08.30-16.53.08:740][764]LogWindowsTextInputMethodSystem:Display: IME system now deactivated.
[2015.08.30-16.53.08:747][764]LogExit: Preparing to exit.
[2015.08.30-16.53.08:817][764]LogExit: Game engine shut down
[2015.08.30-16.53.08:820][764]LogParticles: Destroying 0 GPU particle simulations for FXSystem 0x000000FE29B66FC0
[2015.08.30-16.53.08:928][764]LogExit: Object subsystem successfully closed.
[2015.08.30-16.53.08:941][764]LogD3D11RHI: Shutdown
[2015.08.30-16.53.08:941][764]LogD3D11RHI: CleanupD3DDevice
[2015.08.30-16.53.09:025][764]LogD3D11RHI: ~FD3D11DynamicRHI
[2015.08.30-16.53.09:037][764]LogModuleManager: Shutting down and abandoning module AndroidDeviceDetection (109)
[2015.08.30-16.53.10:035][764]LogModuleManager: Shutting down and abandoning module AutomationWorker (108)
[2015.08.30-16.53.10:035][764]LogModuleManager: Shutting down and abandoning module CharacterAI (107)
[2015.08.30-16.53.10:035][764]LogModuleManager: Shutting down and abandoning module AITestSuite (106)
[2015.08.30-16.53.10:035][764]LogModuleManager: Shutting down and abandoning module GameplayDebugger (105)
[2015.08.30-16.53.10:035][764]LogModuleManager: Shutting down and abandoning module AIModule (104)
[2015.08.30-16.53.10:035][764]LogModuleManager: Shutting down and abandoning module GameLiveStreaming (103)
[2015.08.30-16.53.10:035][764]LogModuleManager: Shutting down and abandoning module StreamingPauseRendering (102)
[2015.08.30-16.53.10:035][764]LogModuleManager: Shutting down and abandoning module ProfilerService (101)
[2015.08.30-16.53.10:248][764]LogModuleManager: Shutting down and abandoning module TaskGraph (100)
[2015.08.30-16.53.10:248][764]LogModuleManager: Shutting down and abandoning module SlateRemote (99)
[2015.08.30-16.53.10:248][764]LogModuleManager: Shutting down and abandoning module SteamVRController (98)
[2015.08.30-16.53.10:248][764]LogModuleManager: Shutting down and abandoning module SteamVR (97)
[2015.08.30-16.53.10:248][764]LogModuleManager: Shutting down and abandoning module ProceduralMeshComponent (96)
[2015.08.30-16.53.10:248][764]LogModuleManager: Shutting down and abandoning module OculusRift (95)
[2015.08.30-16.53.10:248][764]LogModuleManager: Shutting down and abandoning module LeapMotionController (94)
[2015.08.30-16.53.10:254][764]LogModuleManager: Shutting down and abandoning module CustomMeshComponent (93)
[2015.08.30-16.53.10:254][764]LogModuleManager: Shutting down and abandoning module CableComponent (92)
[2015.08.30-16.53.10:254][764]LogModuleManager: Shutting down and abandoning module DesktopPlatform (91)
[2015.08.30-16.53.10:254][764]LogModuleManager: Shutting down and abandoning module DirectoryWatcher (90)
[2015.08.30-16.53.10:254][764]LogModuleManager: Shutting down and abandoning module HotReload (89)
[2015.08.30-16.53.10:254][764]LogModuleManager: Shutting down and abandoning module VisualStudioSourceCodeAccess (88)
[2015.08.30-16.53.10:254][764]LogModuleManager: Shutting down and abandoning module UObjectPlugin (87)
[2015.08.30-16.53.10:254][764]LogModuleManager: Shutting down and abandoning module SubversionSourceControl (86)
[2015.08.30-16.53.10:254][764]LogModuleManager: Shutting down and abandoning module SourceControl (85)
[2015.08.30-16.53.10:254][764]LogModuleManager: Shutting down and abandoning module PerforceSourceControl (84)
[2015.08.30-16.53.10:255][764]LogModuleManager: Shutting down and abandoning module BlankPlugin (83)
[2015.08.30-16.53.10:255][764]LogModuleManager: Shutting down and abandoning module UdpMessaging (82)
[2015.08.30-16.53.10:255][764]LogModuleManager: Shutting down and abandoning module AssetRegistry (81)
[2015.08.30-16.53.10:255][764]LogModuleManager: Shutting down and abandoning module SubstanceCore (80)
[2015.08.30-16.53.10:255][764]LogModuleManager: Shutting down and abandoning module Paper2D (79)
[2015.08.30-16.53.10:255][764]LogModuleManager: Shutting down and abandoning module WindowsMoviePlayer (78)
[2015.08.30-16.53.10:257][764]LogModuleManager: Shutting down and abandoning module Media (77)
[2015.08.30-16.53.10:257][764]LogModuleManager: Shutting down and abandoning module WmfMedia (76)
[2015.08.30-16.53.10:257][764]LogModuleManager: Shutting down and abandoning module OnlineBlueprintSupport (75)
[2015.08.30-16.53.10:257][764]LogModuleManager: Shutting down and abandoning module PropertyEditor (74)
[2015.08.30-16.53.10:257][764]LogModuleManager: Shutting down and abandoning module BehaviorTreeEditor (73)
[2015.08.30-16.53.10:257][764]LogModuleManager: Shutting down and abandoning module FunctionalTesting (72)
[2015.08.30-16.53.10:257][764]LogModuleManager: Shutting down and abandoning module CollisionAnalyzer (71)
[2015.08.30-16.53.10:257][764]LogModuleManager: Shutting down and abandoning module WorkspaceMenuStructure (70)
[2015.08.30-16.53.10:257][764]LogModuleManager: Shutting down and abandoning module MessageLog (69)
[2015.08.30-16.53.10:257][764]LogModuleManager: Shutting down and abandoning module Sequencer (68)
[2015.08.30-16.53.10:257][764]LogModuleManager: Shutting down and abandoning module AssetTools (67)
[2015.08.30-16.53.10:257][764]LogModuleManager: Shutting down and abandoning module UMGEditor (66)
[2015.08.30-16.53.10:257][764]LogModuleManager: Shutting down and abandoning module UMG (65)
[2015.08.30-16.53.10:257][764]LogModuleManager: Shutting down and abandoning module Slate (64)
[2015.08.30-16.53.10:257][764]LogModuleManager: Shutting down and abandoning module EditorStyle (63)
[2015.08.30-16.53.10:260][764]LogModuleManager: Shutting down and abandoning module SessionServices (62)
[2015.08.30-16.53.10:260][764]LogModuleManager: Shutting down and abandoning module SourceCodeAccess (61)
[2015.08.30-16.53.10:260][764]LogModuleManager: Shutting down and abandoning module HeadMountedDisplay (60)
[2015.08.30-16.53.10:260][764]LogModuleManager: Shutting down and abandoning module XAudio2 (59)
[2015.08.30-16.53.10:260][764]LogModuleManager: Shutting down and abandoning module Networking (57)
[2015.08.30-16.53.10:260][764]LogModuleManager: Shutting down and abandoning module Core (56)
[2015.08.30-16.53.10:260][764]LogModuleManager: Shutting down and abandoning module KismetCompiler (55)
[2015.08.30-16.53.10:260][764]LogModuleManager: Shutting down and abandoning module PhysXFormats (54)
[2015.08.30-16.53.10:260][764]LogModuleManager: Shutting down and abandoning module MeshUtilities (53)
[2015.08.30-16.53.10:260][764]LogModuleManager: Shutting down and abandoning module DerivedDataCache (52)
[2015.08.30-16.53.10:734][764]LogDerivedDataCache: Shutdown
[2015.08.30-16.53.10:734][764]LogModuleManager: Shutting down and abandoning module ShaderFormatOpenGL (51)
[2015.08.30-16.53.10:734][764]LogModuleManager: Shutting down and abandoning module ShaderFormatD3D (50)
[2015.08.30-16.53.10:734][764]LogModuleManager: Shutting down and abandoning module MetalShaderFormat (49)
[2015.08.30-16.53.10:734][764]LogModuleManager: Shutting down and abandoning module TextureFormatUncompressed (48)
[2015.08.30-16.53.10:734][764]LogModuleManager: Shutting down and abandoning module TextureFormatPVR (47)
[2015.08.30-16.53.10:734][764]LogModuleManager: Shutting down and abandoning module TextureFormatIntelISPCTexComp (46)
[2015.08.30-16.53.10:734][764]LogModuleManager: Shutting down and abandoning module TextureFormatDXT (45)
[2015.08.30-16.53.10:734][764]LogModuleManager: Shutting down and abandoning module ImageWrapper (44)
[2015.08.30-16.53.10:734][764]LogModuleManager: Shutting down and abandoning module TextureFormatASTC (43)
[2015.08.30-16.53.10:734][764]LogModuleManager: Shutting down and abandoning module TextureFormatAndroid (42)
[2015.08.30-16.53.10:734][764]LogModuleManager: Shutting down and abandoning module AudioFormatOpus (41)
[2015.08.30-16.53.10:734][764]LogModuleManager: Shutting down and abandoning module AudioFormatOgg (40)
[2015.08.30-16.53.10:734][764]LogModuleManager: Shutting down and abandoning module AudioFormatADPCM (39)
[2015.08.30-16.53.10:734][764]LogModuleManager: Shutting down and abandoning module LinuxTargetPlatform (38)
[2015.08.30-16.53.10:734][764]LogModuleManager: Shutting down and abandoning module LinuxServerTargetPlatform (37)
[2015.08.30-16.53.10:734][764]LogModuleManager: Shutting down and abandoning module LinuxNoEditorTargetPlatform (36)
[2015.08.30-16.53.10:734][764]LogModuleManager: Shutting down and abandoning module Messaging (35)
[2015.08.30-16.53.10:734][764]LogModuleManager: Shutting down and abandoning module IOSTargetPlatform (34)
[2015.08.30-16.53.10:734][764]LogModuleManager: Shutting down and abandoning module HTML5TargetPlatform (33)
[2015.08.30-16.53.10:734][764]LogModuleManager: Shutting down and abandoning module Android_PVRTCTargetPlatform (32)
[2015.08.30-16.53.10:734][764]LogModuleManager: Shutting down and abandoning module Android_ETC2TargetPlatform (31)
[2015.08.30-16.53.10:734][764]LogModuleManager: Shutting down and abandoning module Android_ETC1TargetPlatform (30)
[2015.08.30-16.53.10:734][764]LogModuleManager: Shutting down and abandoning module Android_DXTTargetPlatform (29)
[2015.08.30-16.53.10:734][764]LogModuleManager: Shutting down and abandoning module Android_ATCTargetPlatform (28)
[2015.08.30-16.53.10:734][764]LogModuleManager: Shutting down and abandoning module Android_ASTCTargetPlatform (27)
[2015.08.30-16.53.10:734][764]LogModuleManager: Shutting down and abandoning module AndroidTargetPlatform (26)
[2015.08.30-16.53.10:734][764]LogModuleManager: Shutting down and abandoning module WindowsTargetPlatform (25)
[2015.08.30-16.53.10:734][764]LogModuleManager: Shutting down and abandoning module WindowsServerTargetPlatform (24)
[2015.08.30-16.53.10:734][764]LogModuleManager: Shutting down and abandoning module WindowsNoEditorTargetPlatform (23)
[2015.08.30-16.53.10:734][764]LogModuleManager: Shutting down and abandoning module WindowsClientTargetPlatform (22)
[2015.08.30-16.53.10:734][764]LogModuleManager: Shutting down and abandoning module DesktopTargetPlatform (21)
[2015.08.30-16.53.10:734][764]LogModuleManager: Shutting down and abandoning module TargetPlatform (20)
[2015.08.30-16.53.10:734][764]LogModuleManager: Shutting down and abandoning module InputCore (19)
[2015.08.30-16.53.10:734][764]LogModuleManager: Shutting down and abandoning module Settings (18)
[2015.08.30-16.53.10:734][764]LogModuleManager: Shutting down and abandoning module OnlineSubsystem (16)
[2015.08.30-16.53.10:734][764]LogModuleManager: Shutting down and abandoning module HTTP (15)
[2015.08.30-16.53.10:735][764]LogModuleManager: Shutting down and abandoning module ExampleDeviceProfileSelector (14)
[2015.08.30-16.53.10:735][764]LogModuleManager: Shutting down and abandoning module TextureCompressor (13)
[2015.08.30-16.53.10:735][764]LogModuleManager: Shutting down and abandoning module ShaderCore (12)
[2015.08.30-16.53.10:735][764]LogModuleManager: Shutting down and abandoning module Landscape (11)
[2015.08.30-16.53.10:735][764]LogModuleManager: Shutting down and abandoning module SlateRHIRenderer (10)
[2015.08.30-16.53.10:736][764]LogModuleManager: Shutting down and abandoning module OpenGLDrv (9)
[2015.08.30-16.53.10:736][764]LogModuleManager: Shutting down and abandoning module D3D11RHI (8)
[2015.08.30-16.53.10:736][764]LogModuleManager: Shutting down and abandoning module Renderer (7)
[2015.08.30-16.53.10:736][764]LogModuleManager: Shutting down and abandoning module Engine (6)
[2015.08.30-16.53.10:736][764]LogModuleManager: Shutting down and abandoning module CoreUObject (5)
[2015.08.30-16.53.10:736][764]LogModuleManager: Shutting down and abandoning module NetworkFile (4)
[2015.08.30-16.53.10:736][764]LogModuleManager: Shutting down and abandoning module StreamingFile (3)
[2015.08.30-16.53.10:736][764]LogModuleManager: Shutting down and abandoning module SandboxFile (2)
[2015.08.30-16.53.10:736][764]LogModuleManager: Shutting down and abandoning module PakFile (1)
[2015.08.30-16.53.10:737][764]LogExit: Exiting.
[2015.08.30-16.53.10:738][764]Log file closed, 08/30/15 18:53:10
