[2015.09.23-16.59.31:419][  0]Log file open, 09/23/15 18:59:31
[2015.09.23-16.59.31:419][  0]LogInit:Display: Running engine for game: NotPartofGame
[2015.09.23-16.59.31:419][  0]LogInit:Display: RandInit(-597600010) SRandInit(-597600009).
[2015.09.23-16.59.31:419][  0]LogTaskGraph: Started task graph with 4 named threads and 7 total threads.
[2015.09.23-16.59.31:419][  0]LogStats: Stats thread started
[2015.09.23-16.59.31:419][  0]LogInit: Version: 4.8.3-2634408+++depot+UE4-Releases+4.8
[2015.09.23-16.59.31:419][  0]LogInit: API Version: 2579680
[2015.09.23-16.59.31:419][  0]LogInit: Compiled (64-bit): Jul 27 2015 16:24:33
[2015.09.23-16.59.31:419][  0]LogInit: Compiled with Visual C++: 18.00.21005.01
[2015.09.23-16.59.31:419][  0]LogInit: Build Configuration: Development
[2015.09.23-16.59.31:419][  0]LogInit: Branch Name: ++depot+UE4-Releases+4.8
[2015.09.23-16.59.31:419][  0]LogInit: Command line:  /Temp/Autosaves/Game/NPOTG/Maps/UEDPCTesting_Level -game -PIEVIACONSOLE -ResX=1280 -ResY=720  -Multiprocess 
[2015.09.23-16.59.31:419][  0]LogInit: Base directory: C:/Users/Bodoo/Documents/Programmieren/4.8/Engine/Binaries/Win64/
[2015.09.23-16.59.31:419][  0]LogInit: Rocket: 1
[2015.09.23-16.59.31:438][  0]LogInit: Using libcurl 7.41.0
[2015.09.23-16.59.31:438][  0]LogInit:  - built for x86_64-pc-win32
[2015.09.23-16.59.31:438][  0]LogInit:  - supports SSL with WinSSL
[2015.09.23-16.59.31:438][  0]LogInit:  - other features:
[2015.09.23-16.59.31:438][  0]LogInit:      CURL_VERSION_SSL
[2015.09.23-16.59.31:438][  0]LogInit:      CURL_VERSION_IPV6
[2015.09.23-16.59.31:438][  0]LogInit:      CURL_VERSION_ASYNCHDNS
[2015.09.23-16.59.31:438][  0]LogInit:      CURL_VERSION_LARGEFILE
[2015.09.23-16.59.31:438][  0]LogInit:      CURL_VERSION_IDN
[2015.09.23-16.59.31:438][  0]LogInit:  CurlRequestOptions (configurable via config and command line):
[2015.09.23-16.59.31:438][  0]LogInit:  - bVerifyPeer = true  - Libcurl will verify peer certificate
[2015.09.23-16.59.31:438][  0]LogInit:  - bUseHttpProxy = false  - Libcurl will NOT use HTTP proxy
[2015.09.23-16.59.31:438][  0]LogInit:  - bDontReuseConnections = false  - Libcurl will reuse connections
[2015.09.23-16.59.31:438][  0]LogInit:  - CertBundlePath = nullptr  - Libcurl will use whatever was configured at build time.
[2015.09.23-16.59.31:452][  0]LogOnline:Warning: No default platform service specified for OnlineSubsystem
[2015.09.23-16.59.31:467][  0]LogInit: Presizing for 0 objects not considered by GC, pre-allocating 0 bytes.
[2015.09.23-16.59.31:475][  0]LogInit: Object subsystem initialized
[2015.09.23-16.59.31:476][  0]LogConsoleResponse:Warning: Skipping Unknown console variable: 'UIScaleCurve = (EditorCurveData=(Keys=((Time=480.000000,Value=0.444000),(Time=720.000000,Value=0.666000),(Time=1080.000000,Value=1.000000),(Time=8640.000000,Value=8.000000))),ExternalCurve=None)'
[2015.09.23-16.59.31:476][  0]LogConsoleResponse:Warning:   Found in ini file 'C:/Users/Bodoo/Documents/Programmieren/Projekte/NotPartofTheGame/Saved/Config/Windows/Engine.ini', in section '[/Script/Engine.RendererSettings]'
[2015.09.23-16.59.31:476][  0]LogConsoleManager:Warning: Console variable 'r.MSAA.CompositingSampleCount' wasn't set ('Scalability' has a lower priority than 'ProjectSetting')
[2015.09.23-16.59.31:476][  0]LogInit: Selected Device Profile: [Windows]
[2015.09.23-16.59.31:476][  0]LogInit: Applying CVar settings loaded from the selected device profile: [Windows]
[2015.09.23-16.59.31:479][  0]LogInit: Computer: DESKTOP-GLF6O4V
[2015.09.23-16.59.31:479][  0]LogInit: User: Bodoo
[2015.09.23-16.59.31:479][  0]LogInit: CPU Page size=4096, Cores=4
[2015.09.23-16.59.31:479][  0]LogInit: High frequency timer resolution =3.215354 MHz
[2015.09.23-16.59.31:479][  0]LogMemory: Memory total: Physical=12.0GB (12GB approx)
[2015.09.23-16.59.31:479][  0]LogMemory: Platform Memory Stats for Windows
[2015.09.23-16.59.31:479][  0]LogMemory: Process Physical Memory: 51.20 MB used, 51.20 MB peak
[2015.09.23-16.59.31:479][  0]LogMemory: Process Virtual Memory: 22.55 MB used, 22.55 MB peak
[2015.09.23-16.59.31:479][  0]LogMemory: Physical Memory: 2615.25 MB used, 12270.45 MB total
[2015.09.23-16.59.31:479][  0]LogMemory: Virtual Memory: 310.63 MB used, 134217728.00 MB total
[2015.09.23-16.59.31:507][  0]LogTextLocalizationManager: The requested culture ('de_DE') has no localization data; falling back to 'en' for localization and internationalization data.
[2015.09.23-16.59.31:747][  0]LogTextLocalizationManager:Warning: Loaded localization resources contain conflicting entries for (Namespace:ContentBrowser, Key:ImportAssetToolTip):
Localization Resource: (C:/Users/Bodoo/Documents/Programmieren/4.8/Engine/Content/Localization/Editor/en/Editor.locres) Source String Hash: (-630476809) Localized String: (Import to {0}...)
Localization Resource: (C:/Users/Bodoo/Documents/Programmieren/4.8/Engine/Content/Localization/Editor/en/Editor.locres) Source String Hash: (1271782899) Localized String: (Imports an asset from file to this folder.)
[2015.09.23-16.59.32:078][  0]LogD3D11RHI: Found D3D11 adapter 0: AMD Radeon HD 6800 Series (Feature Level 11_0)
[2015.09.23-16.59.32:078][  0]LogD3D11RHI: Adapter has 1011MB of dedicated video memory, 0MB of dedicated system memory, and 3840MB of shared system memory, 1 output[s]
[2015.09.23-16.59.32:079][  0]LogD3D11RHI: Found D3D11 adapter 1: Microsoft Basic Render Driver (Feature Level 11_0)
[2015.09.23-16.59.32:079][  0]LogD3D11RHI: Adapter has 0MB of dedicated video memory, 0MB of dedicated system memory, and 6135MB of shared system memory, 0 output[s]
[2015.09.23-16.59.32:079][  0]LogD3D11RHI: Chosen D3D11 Adapter Id = 0
[2015.09.23-16.59.32:082][  0]LogD3D11RHI: InitD3DDevice
[2015.09.23-16.59.32:082][  0]LogD3D11RHI: !Direct3DDevice
[2015.09.23-16.59.32:082][  0]LogRHI: Texture pool is 708 MB (70% of 1011 MB)
[2015.09.23-16.59.32:089][  0]LogD3D11RHI: Async texture creation disabled: no driver support
[2015.09.23-16.59.32:099][  0]LogShaderCompilers:Display: Using Local Shader Compiler.
[2015.09.23-16.59.32:880][  0]LogTemp:Display: Loaded TP DesktopTargetPlatform
[2015.09.23-16.59.32:894][  0]LogTemp:Display: Loaded TP WindowsClientTargetPlatform
[2015.09.23-16.59.32:908][  0]LogTemp:Display: Loaded TP WindowsNoEditorTargetPlatform
[2015.09.23-16.59.32:922][  0]LogTemp:Display: Loaded TP WindowsServerTargetPlatform
[2015.09.23-16.59.32:938][  0]LogTemp:Display: Loaded TP WindowsTargetPlatform
[2015.09.23-16.59.32:950][  0]LogTemp:Display: Loaded TP AndroidTargetPlatform
[2015.09.23-16.59.32:962][  0]LogTemp:Display: Loaded TP Android_ASTCTargetPlatform
[2015.09.23-16.59.32:975][  0]LogTemp:Display: Loaded TP Android_ATCTargetPlatform
[2015.09.23-16.59.32:987][  0]LogTemp:Display: Loaded TP Android_DXTTargetPlatform
[2015.09.23-16.59.32:999][  0]LogTemp:Display: Loaded TP Android_ETC1TargetPlatform
[2015.09.23-16.59.33:011][  0]LogTemp:Display: Loaded TP Android_ETC2TargetPlatform
[2015.09.23-16.59.33:024][  0]LogTemp:Display: Loaded TP Android_PVRTCTargetPlatform
[2015.09.23-16.59.33:072][  0]LogTemp:Display: Loaded TP IOSTargetPlatform
[2015.09.23-16.59.33:084][  0]LogTemp:Display: Loaded TP LinuxNoEditorTargetPlatform
[2015.09.23-16.59.33:096][  0]LogTemp:Display: Loaded TP LinuxServerTargetPlatform
[2015.09.23-16.59.33:111][  0]LogTemp:Display: Loaded TP LinuxTargetPlatform
[2015.09.23-16.59.33:111][  0]LogTargetPlatformManager:Display: Building Assets For Windows
[2015.09.23-16.59.33:314][  0]LogDerivedDataCache:Display: Max Cache Size: 512 MB
[2015.09.23-16.59.33:382][  0]LogDerivedDataCache: Loaded boot cache 0.07s 53MB C:/Users/Bodoo/AppData/Local/UnrealEngine/4.8/DerivedDataCache/Boot.ddc.
[2015.09.23-16.59.33:382][  0]LogDerivedDataCache:Display: Loaded Boot cache: C:/Users/Bodoo/AppData/Local/UnrealEngine/4.8/DerivedDataCache/Boot.ddc
[2015.09.23-16.59.33:382][  0]LogDerivedDataCache: FDerivedDataBackendGraph:  Pak pak cache file ../../../../Projekte/NotPartofTheGame/DerivedDataCache/DDC.ddp not found, will not use a pak cache.
[2015.09.23-16.59.33:382][  0]LogDerivedDataCache: Unable to find inner node Pak for hierarchical cache Hierarchy.
[2015.09.23-16.59.33:382][  0]LogDerivedDataCache: FDerivedDataBackendGraph:  CompressedPak pak cache file ../../../../Projekte/NotPartofTheGame/DerivedDataCache/Compressed.ddp not found, will not use a pak cache.
[2015.09.23-16.59.33:382][  0]LogDerivedDataCache: Unable to find inner node CompressedPak for hierarchical cache Hierarchy.
[2015.09.23-16.59.33:528][  0]LogDerivedDataCache:Display: Pak cache opened for reading ../../../Engine/DerivedDataCache/Compressed.ddp.
[2015.09.23-16.59.33:540][  0]LogDerivedDataCache: Using Local data cache path C:/Users/Bodoo/AppData/Local/UnrealEngine/Common/DerivedDataCache: Writable
[2015.09.23-16.59.33:769][  0]LogInit: Selected Device Profile: [Windows]
[2015.09.23-16.59.33:853][  0]ImportText (ComponentSweepMultiTests): Missing closing parenthesis: (RootShapeAsset="/Engine/BasicShapes/Cube.Cube",ShapeType="TriggerCapsule",HitResult=(Time=0.50,Location=(X=-100.000015,Y=0.0,Z=100.000015),ImpactPoint=(X=-50.0,Y=0.0,Z=50.0),Normal=(X=-1.0,Y=-0.0,Z=0.0),ImpactNormal=(X=0.0,Y=0.0,Z=1.0),TraceStart=(X=-200.0,Y=0.0,Z=200.0),TraceEnd=(X=0.0,Y=0.0,Z=0.0))
[2015.09.23-16.59.33:853][  0]ImportText (LineTraceSingleByChannelTests): Missing closing parenthesis: (RootShapeAsset="/Engine/BasicShapes/Cube.Cube",HitResult=(Time=0.50,Location=(X=-100.000015,Y=0.0,Z=100.000015),ImpactPoint=(X=-50.0,Y=0.0,Z=50.0),Normal=(X=-1.0,Y=-0.0,Z=0.0),ImpactNormal=(X=0.0,Y=0.0,Z=1.0),TraceStart=(X=-200.0,Y=0.0,Z=200.0),TraceEnd=(X=0.0,Y=0.0,Z=0.0))
[2015.09.23-16.59.33:880][  0]LogMeshUtilities: No automatic mesh reduction module available
[2015.09.23-16.59.33:880][  0]LogMeshUtilities: No automatic mesh merging module available
[2015.09.23-16.59.34:183][  0]LogInit: WinSock: version 1.1 (2.2), MaxSocks=32767, MaxUdp=65467
[2015.09.23-16.59.34:615][  0]LogD3D11RHI: InitD3DDevice
[2015.09.23-16.59.34:618][  0]LogWindowsMoviePlayer: Unable to load movie: ../../../../Projekte/NotPartofTheGame/Content/Movies/Default_Startup.mp4
[2015.09.23-16.59.34:760][  0]LogAssetRegistry: FAssetRegistry took 0.0002 seconds to start up
[2015.09.23-16.59.34:805][  0]SourceControl: Info Source control is disabled
[2015.09.23-16.59.34:805][  0]SourceControl: Info Source control is disabled
[2015.09.23-16.59.34:815][  0]SourceControl: Info Source control is disabled
[2015.09.23-16.59.34:994][  0]LogObj: 25913 objects as part of root set at end of initial load.
[2015.09.23-16.59.34:994][  0]LogUObjectAllocator: 5218488 out of 0 bytes used by permanent object pool.
[2015.09.23-16.59.35:062][  0]LogAutomationTest:Warning: ERR: Transient text cannot be serialized "Testing Transient serialization detection".
[2015.09.23-16.59.35:062][  0]LogEngine: Initializing Engine...
[2015.09.23-16.59.35:064][  0]LogHMD: Can't find Oculus library dev build: is proper Runtime installed? Version: 0.6.0.0
[2015.09.23-16.59.35:065][  0]LogHMD:Warning: SteamVR failed to initialize.  Error: 110
[2015.09.23-16.59.35:154][  0]LogInit: XAudio2 using 'Lautsprecher (Realtek High Definition Audio)' : 2 channels at 48 kHz using 32 bits per sample (channel mask 0x3)
[2015.09.23-16.59.35:162][  0]LogInit: FAudioDevice initialized.
[2015.09.23-16.59.35:174][  0]LogInit: Texture streaming: Disabled
[2015.09.23-16.59.35:237][  0]LogNet: Browse: /Temp/Autosaves/Game/NPOTG/Maps/UEDPCTesting_Level?Name=Player
[2015.09.23-16.59.35:237][  0]LogLoad: LoadMap: /Temp/Autosaves/Game/NPOTG/Maps/UEDPCTesting_Level?Name=Player
[2015.09.23-16.59.35:248][  0]LogParticles: Destroying 0 GPU particle simulations for FXSystem 0x000000BD4D8C3560
[2015.09.23-16.59.35:256][  0]LogMemory: Platform Memory Stats for Windows
[2015.09.23-16.59.35:256][  0]LogMemory: Process Physical Memory: 336.65 MB used, 336.66 MB peak
[2015.09.23-16.59.35:256][  0]LogMemory: Process Virtual Memory: 372.71 MB used, 372.71 MB peak
[2015.09.23-16.59.35:256][  0]LogMemory: Physical Memory: 2846.45 MB used, 12270.45 MB total
[2015.09.23-16.59.35:256][  0]LogMemory: Virtual Memory: 889.82 MB used, 134217728.00 MB total
[2015.09.23-16.59.35:256][  0]LogMemory: 
[2015.09.23-16.59.35:256][  0]Allocator Stats for TBB: (not implemented)
[2015.09.23-16.59.35:549][  0]LogProperty:Warning: ERR: Transient text cannot be serialized "ReturnValue Z".
[2015.09.23-16.59.35:549][  0]LogProperty:Warning: ERR: Transient text cannot be serialized "ReturnValue Y".
[2015.09.23-16.59.35:549][  0]LogProperty:Warning: ERR: Transient text cannot be serialized "ReturnValue X".
[2015.09.23-16.59.35:869][  0]LogProperty:Warning: ERR: Transient text cannot be serialized "ReturnValue Z".
[2015.09.23-16.59.35:869][  0]LogProperty:Warning: ERR: Transient text cannot be serialized "ReturnValue Y".
[2015.09.23-16.59.35:869][  0]LogProperty:Warning: ERR: Transient text cannot be serialized "ReturnValue X".
[2015.09.23-16.59.36:173][  0]LogProperty:Warning: ERR: Transient text cannot be serialized "NewRotation Roll".
[2015.09.23-16.59.36:173][  0]LogProperty:Warning: ERR: Transient text cannot be serialized "NewRotation Yaw".
[2015.09.23-16.59.36:173][  0]LogProperty:Warning: ERR: Transient text cannot be serialized "NewRotation Pitch".
[2015.09.23-16.59.36:173][  0]LogProperty:Warning: ERR: Transient text cannot be serialized "NewRotation Roll".
[2015.09.23-16.59.36:173][  0]LogProperty:Warning: ERR: Transient text cannot be serialized "NewRotation Yaw".
[2015.09.23-16.59.36:173][  0]LogProperty:Warning: ERR: Transient text cannot be serialized "NewRotation Pitch".
[2015.09.23-16.59.36:177][  0]LogProperty:Warning: ERR: Transient text cannot be serialized "ReturnValue Z".
[2015.09.23-16.59.36:177][  0]LogProperty:Warning: ERR: Transient text cannot be serialized "ReturnValue Y".
[2015.09.23-16.59.36:177][  0]LogProperty:Warning: ERR: Transient text cannot be serialized "ReturnValue X".
[2015.09.23-16.59.36:240][  0]LogProperty:Warning: ERR: Transient text cannot be serialized "NewRotation Roll".
[2015.09.23-16.59.36:240][  0]LogProperty:Warning: ERR: Transient text cannot be serialized "NewRotation Yaw".
[2015.09.23-16.59.36:240][  0]LogProperty:Warning: ERR: Transient text cannot be serialized "NewRotation Pitch".
[2015.09.23-16.59.36:240][  0]LogProperty:Warning: ERR: Transient text cannot be serialized "NewRotation Roll".
[2015.09.23-16.59.36:240][  0]LogProperty:Warning: ERR: Transient text cannot be serialized "NewRotation Yaw".
[2015.09.23-16.59.36:240][  0]LogProperty:Warning: ERR: Transient text cannot be serialized "NewRotation Pitch".
[2015.09.23-16.59.36:245][  0]LogProperty:Warning: ERR: Transient text cannot be serialized "ReturnValue Z".
[2015.09.23-16.59.36:245][  0]LogProperty:Warning: ERR: Transient text cannot be serialized "ReturnValue Y".
[2015.09.23-16.59.36:245][  0]LogProperty:Warning: ERR: Transient text cannot be serialized "ReturnValue X".
[2015.09.23-16.59.37:510][  0]LogAIModule: Creating AISystem for world Testing_Level
[2015.09.23-16.59.37:510][  0]LogWorld: Game class is '2DSideScrollerGameMode_C'
[2015.09.23-16.59.37:594][  0]LogWorld: Bringing World /Temp/Autosaves/Game/NPOTG/Maps/UEDPCTesting_Level.Testing_Level up for play (max tick rate 0) at 2015.09.23-18.59.37
[2015.09.23-16.59.37:611][  0]LogWorld: Bringing up level for play took: 0.097693
[2015.09.23-16.59.37:615][  0]LogInit:Display: Game Engine Initialized.
[2015.09.23-16.59.37:838][  0]LogLoad: Full Startup: 7.98 seconds (BP compile: 1.16 seconds)
[2015.09.23-16.59.37:855][  0]LogWindowsTextInputMethodSystem:Display: IME system now deactivated.
[2015.09.23-16.59.37:855][  0]LogWindowsTextInputMethodSystem:Display: IME system now deactivated.
[2015.09.23-16.59.37:857][  0]LogContentStreaming: Texture pool size is 1000.000000MB
[2015.09.23-16.59.37:978][  0]LogRenderer: Reallocating scene render targets to support 1280x720 (Frame:2).
[2015.09.23-16.59.38:101][  1]LogScript:Warning: Accessed None 'PointA'
	wolf_C /Temp/Autosaves/Game/NPOTG/Maps/UEDPCTesting_Level.Testing_Level:PersistentLevel.wolf_C_15
	Function /Game/NPOTG/Blueprints/Charaktere/wolf.wolf_C:ExecuteUbergraph_wolf:046A
[2015.09.23-16.59.38:101][  1]LogScript:Warning: Accessed None 'PointB'
	wolf_C /Temp/Autosaves/Game/NPOTG/Maps/UEDPCTesting_Level.Testing_Level:PersistentLevel.wolf_C_15
	Function /Game/NPOTG/Blueprints/Charaktere/wolf.wolf_C:ExecuteUbergraph_wolf:0495
[2015.09.23-16.59.38:116][  2]LogScript:Warning: Accessed None 'PointA'
	wolf_C /Temp/Autosaves/Game/NPOTG/Maps/UEDPCTesting_Level.Testing_Level:PersistentLevel.wolf_C_15
	Function /Game/NPOTG/Blueprints/Charaktere/wolf.wolf_C:ExecuteUbergraph_wolf:046A
[2015.09.23-16.59.38:116][  2]LogScript:Warning: Accessed None 'PointB'
	wolf_C /Temp/Autosaves/Game/NPOTG/Maps/UEDPCTesting_Level.Testing_Level:PersistentLevel.wolf_C_15
	Function /Game/NPOTG/Blueprints/Charaktere/wolf.wolf_C:ExecuteUbergraph_wolf:0495
[2015.09.23-16.59.38:136][  3]LogScript:Warning: Accessed None 'PointA'
	wolf_C /Temp/Autosaves/Game/NPOTG/Maps/UEDPCTesting_Level.Testing_Level:PersistentLevel.wolf_C_15
	Function /Game/NPOTG/Blueprints/Charaktere/wolf.wolf_C:ExecuteUbergraph_wolf:046A
[2015.09.23-16.59.38:136][  3]LogScript:Warning: Accessed None 'PointB'
	wolf_C /Temp/Autosaves/Game/NPOTG/Maps/UEDPCTesting_Level.Testing_Level:PersistentLevel.wolf_C_15
	Function /Game/NPOTG/Blueprints/Charaktere/wolf.wolf_C:ExecuteUbergraph_wolf:0495
[2015.09.23-16.59.38:152][  4]LogScript:Warning: Accessed None 'PointA'
	wolf_C /Temp/Autosaves/Game/NPOTG/Maps/UEDPCTesting_Level.Testing_Level:PersistentLevel.wolf_C_15
	Function /Game/NPOTG/Blueprints/Charaktere/wolf.wolf_C:ExecuteUbergraph_wolf:046A
[2015.09.23-16.59.38:153][  4]LogScript:Warning: Accessed None 'PointB'
	wolf_C /Temp/Autosaves/Game/NPOTG/Maps/UEDPCTesting_Level.Testing_Level:PersistentLevel.wolf_C_15
	Function /Game/NPOTG/Blueprints/Charaktere/wolf.wolf_C:ExecuteUbergraph_wolf:0495
[2015.09.23-16.59.38:169][  5]LogScript:Warning: Accessed None 'PointA'
	wolf_C /Temp/Autosaves/Game/NPOTG/Maps/UEDPCTesting_Level.Testing_Level:PersistentLevel.wolf_C_15
	Function /Game/NPOTG/Blueprints/Charaktere/wolf.wolf_C:ExecuteUbergraph_wolf:046A
[2015.09.23-16.59.38:169][  5]LogScript:Warning: Accessed None 'PointB'
	wolf_C /Temp/Autosaves/Game/NPOTG/Maps/UEDPCTesting_Level.Testing_Level:PersistentLevel.wolf_C_15
	Function /Game/NPOTG/Blueprints/Charaktere/wolf.wolf_C:ExecuteUbergraph_wolf:0495
[2015.09.23-16.59.38:185][  6]LogScript:Warning: Accessed None 'PointA'
	wolf_C /Temp/Autosaves/Game/NPOTG/Maps/UEDPCTesting_Level.Testing_Level:PersistentLevel.wolf_C_15
	Function /Game/NPOTG/Blueprints/Charaktere/wolf.wolf_C:ExecuteUbergraph_wolf:046A
[2015.09.23-16.59.38:185][  6]LogScript:Warning: Accessed None 'PointB'
	wolf_C /Temp/Autosaves/Game/NPOTG/Maps/UEDPCTesting_Level.Testing_Level:PersistentLevel.wolf_C_15
	Function /Game/NPOTG/Blueprints/Charaktere/wolf.wolf_C:ExecuteUbergraph_wolf:0495
[2015.09.23-16.59.38:201][  7]LogScript:Warning: Accessed None 'PointA'
	wolf_C /Temp/Autosaves/Game/NPOTG/Maps/UEDPCTesting_Level.Testing_Level:PersistentLevel.wolf_C_15
	Function /Game/NPOTG/Blueprints/Charaktere/wolf.wolf_C:ExecuteUbergraph_wolf:046A
[2015.09.23-16.59.38:201][  7]LogScript:Warning: Accessed None 'PointB'
	wolf_C /Temp/Autosaves/Game/NPOTG/Maps/UEDPCTesting_Level.Testing_Level:PersistentLevel.wolf_C_15
	Function /Game/NPOTG/Blueprints/Charaktere/wolf.wolf_C:ExecuteUbergraph_wolf:0495
[2015.09.23-16.59.38:217][  8]LogScript:Warning: Accessed None 'PointA'
	wolf_C /Temp/Autosaves/Game/NPOTG/Maps/UEDPCTesting_Level.Testing_Level:PersistentLevel.wolf_C_15
	Function /Game/NPOTG/Blueprints/Charaktere/wolf.wolf_C:ExecuteUbergraph_wolf:046A
[2015.09.23-16.59.38:217][  8]LogScript:Warning: Accessed None 'PointB'
	wolf_C /Temp/Autosaves/Game/NPOTG/Maps/UEDPCTesting_Level.Testing_Level:PersistentLevel.wolf_C_15
	Function /Game/NPOTG/Blueprints/Charaktere/wolf.wolf_C:ExecuteUbergraph_wolf:0495
[2015.09.23-16.59.38:233][  9]LogScript:Warning: Accessed None 'PointA'
	wolf_C /Temp/Autosaves/Game/NPOTG/Maps/UEDPCTesting_Level.Testing_Level:PersistentLevel.wolf_C_15
	Function /Game/NPOTG/Blueprints/Charaktere/wolf.wolf_C:ExecuteUbergraph_wolf:046A
[2015.09.23-16.59.40:007][119]Set new viewmode: Wireframe
[2015.09.23-16.59.40:442][146]Set new viewmode: Unlit
[2015.09.23-16.59.46:983][551]LogBlueprintUserMessages: 1.0
[2015.09.23-16.59.46:983][551]LogBlueprintUserMessages: 2.0
[2015.09.23-16.59.46:984][551]LogBlueprintUserMessages: 3.0
[2015.09.23-16.59.46:984][551]LogBlueprintUserMessages: 4.0
[2015.09.23-16.59.46:984][551]LogBlueprintUserMessages: 5.0
[2015.09.23-16.59.46:984][551]LogBlueprintUserMessages: 6.0
[2015.09.23-16.59.46:984][551]LogBlueprintUserMessages: 7.0
[2015.09.23-16.59.46:985][551]LogBlueprintUserMessages: 8.0
[2015.09.23-16.59.46:985][551]LogBlueprintUserMessages: 9.0
[2015.09.23-16.59.46:985][551]LogBlueprintUserMessages: 10.0
[2015.09.23-16.59.46:985][551]LogBlueprintUserMessages: 11.0
[2015.09.23-16.59.46:985][551]LogBlueprintUserMessages: 12.0
[2015.09.23-16.59.46:986][551]LogBlueprintUserMessages: 13.0
[2015.09.23-16.59.46:986][551]LogBlueprintUserMessages: 14.0
[2015.09.23-16.59.46:986][551]LogBlueprintUserMessages: 15.0
[2015.09.23-16.59.46:986][551]LogBlueprintUserMessages: 16.0
[2015.09.23-16.59.46:987][551]LogBlueprintUserMessages: 17.0
[2015.09.23-16.59.46:987][551]LogBlueprintUserMessages: 18.0
[2015.09.23-16.59.46:987][551]LogBlueprintUserMessages: 19.0
[2015.09.23-16.59.46:987][551]LogBlueprintUserMessages: 20.0
[2015.09.23-16.59.46:987][551]LogBlueprintUserMessages: 21.0
[2015.09.23-16.59.46:988][551]LogBlueprintUserMessages: 22.0
[2015.09.23-16.59.46:988][551]LogBlueprintUserMessages: 23.0
[2015.09.23-16.59.46:988][551]LogBlueprintUserMessages: 24.0
[2015.09.23-16.59.46:988][551]LogBlueprintUserMessages: 25.0
[2015.09.23-16.59.46:988][551]LogBlueprintUserMessages: 26.0
[2015.09.23-16.59.46:989][551]LogBlueprintUserMessages: 27.0
[2015.09.23-16.59.46:989][551]LogBlueprintUserMessages: 28.0
[2015.09.23-16.59.46:989][551]LogBlueprintUserMessages: 29.0
[2015.09.23-16.59.46:989][551]LogBlueprintUserMessages: 30.0
[2015.09.23-16.59.46:990][551]LogBlueprintUserMessages: 31.0
[2015.09.23-16.59.46:990][551]LogBlueprintUserMessages: 32.0
[2015.09.23-16.59.46:990][551]LogBlueprintUserMessages: 33.0
[2015.09.23-16.59.46:990][551]LogBlueprintUserMessages: 34.0
[2015.09.23-16.59.46:990][551]LogBlueprintUserMessages: 35.0
[2015.09.23-16.59.46:991][551]LogBlueprintUserMessages: 36.0
[2015.09.23-16.59.46:991][551]LogBlueprintUserMessages: 37.0
[2015.09.23-16.59.46:991][551]LogBlueprintUserMessages: 38.0
[2015.09.23-16.59.46:991][551]LogBlueprintUserMessages: 39.0
[2015.09.23-16.59.46:992][551]LogBlueprintUserMessages: 40.0
[2015.09.23-16.59.46:992][551]LogBlueprintUserMessages: 41.0
[2015.09.23-16.59.46:992][551]LogBlueprintUserMessages: 42.0
[2015.09.23-16.59.46:992][551]LogBlueprintUserMessages: 43.0
[2015.09.23-16.59.46:993][551]LogBlueprintUserMessages: 44.0
[2015.09.23-16.59.46:993][551]LogBlueprintUserMessages: 45.0
[2015.09.23-16.59.46:993][551]LogBlueprintUserMessages: 46.0
[2015.09.23-16.59.46:993][551]LogBlueprintUserMessages: 47.0
[2015.09.23-16.59.46:993][551]LogBlueprintUserMessages: 48.0
[2015.09.23-16.59.46:994][551]LogBlueprintUserMessages: 49.0
[2015.09.23-16.59.46:994][551]LogBlueprintUserMessages: 50.0
[2015.09.23-16.59.46:994][551]LogBlueprintUserMessages: 51.0
[2015.09.23-16.59.46:994][551]LogBlueprintUserMessages: 52.0
[2015.09.23-16.59.46:994][551]LogBlueprintUserMessages: 53.0
[2015.09.23-16.59.46:995][551]LogBlueprintUserMessages: 54.0
[2015.09.23-16.59.46:996][551]LogBlueprintUserMessages: 55.0
[2015.09.23-16.59.46:996][551]LogBlueprintUserMessages: 56.0
[2015.09.23-16.59.46:996][551]LogBlueprintUserMessages: 57.0
[2015.09.23-16.59.46:996][551]LogBlueprintUserMessages: 58.0
[2015.09.23-16.59.46:997][551]LogBlueprintUserMessages: 59.0
[2015.09.23-16.59.46:997][551]LogBlueprintUserMessages: 60.0
[2015.09.23-16.59.46:997][551]LogBlueprintUserMessages: 61.0
[2015.09.23-16.59.46:997][551]LogBlueprintUserMessages: 62.0
[2015.09.23-16.59.46:997][551]LogBlueprintUserMessages: 63.0
[2015.09.23-16.59.46:998][551]LogBlueprintUserMessages: 64.0
[2015.09.23-16.59.46:998][551]LogBlueprintUserMessages: 65.0
[2015.09.23-16.59.46:998][551]LogBlueprintUserMessages: 66.0
[2015.09.23-16.59.46:998][551]LogBlueprintUserMessages: 67.0
[2015.09.23-16.59.46:999][551]LogBlueprintUserMessages: 68.0
[2015.09.23-16.59.46:999][551]LogBlueprintUserMessages: 69.0
[2015.09.23-16.59.46:999][551]LogBlueprintUserMessages: 70.0
[2015.09.23-16.59.46:999][551]LogBlueprintUserMessages: 71.0
[2015.09.23-16.59.46:999][551]LogBlueprintUserMessages: 72.0
[2015.09.23-16.59.47:000][551]LogBlueprintUserMessages: 73.0
[2015.09.23-16.59.47:000][551]LogBlueprintUserMessages: 74.0
[2015.09.23-16.59.47:000][551]LogBlueprintUserMessages: 75.0
[2015.09.23-16.59.47:000][551]LogBlueprintUserMessages: 76.0
[2015.09.23-16.59.47:001][551]LogBlueprintUserMessages: 77.0
[2015.09.23-16.59.47:001][551]LogBlueprintUserMessages: 78.0
[2015.09.23-16.59.47:001][551]LogBlueprintUserMessages: 79.0
[2015.09.23-16.59.47:001][551]LogBlueprintUserMessages: 80.0
[2015.09.23-16.59.47:001][551]LogBlueprintUserMessages: 81.0
[2015.09.23-16.59.47:002][551]LogBlueprintUserMessages: 82.0
[2015.09.23-16.59.47:002][551]LogBlueprintUserMessages: 83.0
[2015.09.23-16.59.47:002][551]LogBlueprintUserMessages: 84.0
[2015.09.23-16.59.47:002][551]LogBlueprintUserMessages: 85.0
[2015.09.23-16.59.47:003][551]LogBlueprintUserMessages: 86.0
[2015.09.23-16.59.47:003][551]LogBlueprintUserMessages: 87.0
[2015.09.23-16.59.47:003][551]LogBlueprintUserMessages: 88.0
[2015.09.23-16.59.47:003][551]LogBlueprintUserMessages: 89.0
[2015.09.23-16.59.47:004][551]LogBlueprintUserMessages: 90.0
[2015.09.23-16.59.47:004][551]LogBlueprintUserMessages: 91.0
[2015.09.23-16.59.47:004][551]LogBlueprintUserMessages: 92.0
[2015.09.23-16.59.47:004][551]LogBlueprintUserMessages: 93.0
[2015.09.23-16.59.47:004][551]LogBlueprintUserMessages: 94.0
[2015.09.23-16.59.47:005][551]LogBlueprintUserMessages: 95.0
[2015.09.23-16.59.47:005][551]LogBlueprintUserMessages: 96.0
[2015.09.23-16.59.47:005][551]LogBlueprintUserMessages: 97.0
[2015.09.23-16.59.47:005][551]LogBlueprintUserMessages: 98.0
[2015.09.23-16.59.47:006][551]LogBlueprintUserMessages: 99.0
[2015.09.23-16.59.47:006][551]LogBlueprintUserMessages: 100.0
[2015.09.23-16.59.47:006][551]LogBlueprintUserMessages: 101.0
[2015.09.23-16.59.47:006][551]LogBlueprintUserMessages: 102.0
[2015.09.23-16.59.47:006][551]LogBlueprintUserMessages: 103.0
[2015.09.23-16.59.47:007][551]LogBlueprintUserMessages: 104.0
[2015.09.23-16.59.47:007][551]LogBlueprintUserMessages: 105.0
[2015.09.23-16.59.47:007][551]LogBlueprintUserMessages: 106.0
[2015.09.23-16.59.47:007][551]LogBlueprintUserMessages: 107.0
[2015.09.23-16.59.47:008][551]LogBlueprintUserMessages: 108.0
[2015.09.23-16.59.47:008][551]LogBlueprintUserMessages: 109.0
[2015.09.23-16.59.47:008][551]LogBlueprintUserMessages: 110.0
[2015.09.23-16.59.47:008][551]LogBlueprintUserMessages: 111.0
[2015.09.23-16.59.47:008][551]LogBlueprintUserMessages: 112.0
[2015.09.23-16.59.47:009][551]LogBlueprintUserMessages: 113.0
[2015.09.23-16.59.47:009][551]LogBlueprintUserMessages: 114.0
[2015.09.23-16.59.47:009][551]LogBlueprintUserMessages: 115.0
[2015.09.23-16.59.47:009][551]LogBlueprintUserMessages: 116.0
[2015.09.23-16.59.47:009][551]LogBlueprintUserMessages: 117.0
[2015.09.23-16.59.47:010][551]LogBlueprintUserMessages: 118.0
[2015.09.23-16.59.47:010][551]LogBlueprintUserMessages: 119.0
[2015.09.23-16.59.47:010][551]LogBlueprintUserMessages: 120.0
[2015.09.23-16.59.47:010][551]LogBlueprintUserMessages: 121.0
[2015.09.23-16.59.47:011][551]LogBlueprintUserMessages: 122.0
[2015.09.23-16.59.47:012][551]LogScriptCore: Script call stack:
	Function /Game/NPOTG/Blueprints/Charaktere/wolf.wolf_C:BndEvt__see cone_K2Node_ComponentBoundEvent_90_ComponentBeginOverlapSignature__DelegateSignature
	Function /Game/NPOTG/Blueprints/Charaktere/wolf.wolf_C:ExecuteUbergraph_wolf
	Function /Game/NPOTG/Blueprints/Charaktere/wolf.wolf_C:start the fight
	Function /Game/NPOTG/Blueprints/Charaktere/wolf.wolf_C:construct fight
	Function /Game/NPOTG/Blueprints/Charaktere/wolf.wolf_C:start the fight
	Function /Game/NPOTG/Blueprints/Charaktere/wolf.wolf_C:construct fight
	Function /Game/NPOTG/Blueprints/Charaktere/wolf.wolf_C:start the fight
	Function /Game/NPOTG/Blueprints/Charaktere/wolf.wolf_C:construct fight
	Function /Game/NPOTG/Blueprints/Charaktere/wolf.wolf_C:start the fight
	Function /Game/NPOTG/Blueprints/Charaktere/wolf.wolf_C:construct fight
	Function /Game/NPOTG/Blueprints/Charaktere/wolf.wolf_C:start the fight
	Function /Game/NPOTG/Blueprints/Charaktere/wolf.wolf_C:construct fight
	Function /Game/NPOTG/Blueprints/Charaktere/wolf.wolf_C:start the fight
	Function /Game/NPOTG/Blueprints/Charaktere/wolf.wolf_C:construct fight
	Function /Game/NPOTG/Blueprints/Charaktere/wolf.wolf_C:start the fight
	Function /Game/NPOTG/Blueprints/Charaktere/wolf.wolf_C:construct fight
	Function /Game/NPOTG/Blueprints/Charaktere/wolf.wolf_C:start the fight
	Function /Game/NPOTG/Blueprints/Charaktere/wolf.wolf_C:construct fight
	Function /Game/NPOTG/Blueprints/Charaktere/wolf.wolf_C:start the fight
	Function /Game/NPOTG/Blueprints/Charaktere/wolf.wolf_C:construct fight
	Function /Game/NPOTG/Blueprints/Charaktere/wolf.wolf_C:start the fight
	Function /Game/NPOTG/Blueprints/Charaktere/wolf.wolf_C:construct fight
	Function /Game/NPOTG/Blueprints/Charaktere/wolf.wolf_C:start the fight
	Function /Game/NPOTG/Blueprints/Charaktere/wolf.wolf_C:construct fight
	Function /Game/NPOTG/Blueprints/Charaktere/wolf.wolf_C:start the fight
	Function /Game/NPOTG/Blueprints/Charaktere/wolf.wolf_C:construct fight
	Function /Game/NPOTG/Blueprints/Charaktere/wolf.wolf_C:start the fight
	Function /Game/NPOTG/Blueprints/Charaktere/wolf.wolf_C:construct fight
	Function /Game/NPOTG/Blueprints/Charaktere/wolf.wolf_C:start the fight
	Function /Game/NPOTG/Blueprints/Charaktere/wolf.wolf_C:construct fight
	Function /Game/NPOTG/Blueprints/Charaktere/wolf.wolf_C:start the fight
	Function /Game/NPOTG/Blueprints/Charaktere/wolf.wolf_C:construct fight
	Function /Game/NPOTG/Blueprints/Charaktere/wolf.wolf_C:start the fight
	Function /Game/NPOTG/Blueprints/Charaktere/wolf.wolf_C:construct fight
	Function /Game/NPOTG/Blueprints/Charaktere/wolf.wolf_C:start the fight
	Function /Game/NPOTG/Blueprints/Charaktere/wolf.wolf_C:construct fight
	Function /Game/NPOTG/Blueprints/Charaktere/wolf.wolf_C:start the fight
	Function /Game/NPOTG/Blueprints/Charaktere/wolf.wolf_C:construct fight
	Function /Game/NPOTG/Blueprints/Charaktere/wolf.wolf_C:start the fight
	Function /Game/NPOTG/Blueprints/Charaktere/wolf.wolf_C:construct fight
	Function /Game/NPOTG/Blueprints/Charaktere/wolf.wolf_C:start the fight
	Function /Game/NPOTG/Blueprints/Charaktere/wolf.wolf_C:construct fight
	Function /Game/NPOTG/Blueprints/Charaktere/wolf.wolf_C:start the fight
	Function /Game/NPOTG/Blueprints/Charaktere/wolf.wolf_C:construct fight
	Function /Game/NPOTG/Blueprints/Charaktere/wolf.wolf_C:start the fight
	Function /Game/NPOTG/Blueprints/Charaktere/wolf.wolf_C:construct fight
	Function /Game/NPOTG/Blueprints/Charaktere/wolf.wolf_C:start the fight
	Function /Game/NPOTG/Blueprints/Charaktere/wolf.wolf_C:construct fight
	Function /Game/NPOTG/Blueprints/Charaktere/wolf.wolf_C:start the fight
	Function /Game/NPOTG/Blueprints/Charaktere/wolf.wolf_C:construct fight
	Function /Game/NPOTG/Blueprints/Charaktere/wolf.wolf_C:start the fight
	Function /Game/NPOTG/Blueprints/Charaktere/wolf.wolf_C:construct fight
	Function /Game/NPOTG/Blueprints/Charaktere/wolf.wolf_C:start the fight
	Function /Game/NPOTG/Blueprints/Charaktere/wolf.wolf_C:construct fight
	Function /Game/NPOTG/Blueprints/Charaktere/wolf.wolf_C:start the fight
	Function /Game/NPOTG/Blueprints/Charaktere/wolf.wolf_C:construct fight
	Function /Game/NPOTG/Blueprints/Charaktere/wolf.wolf_C:start the fight
	Function /Game/NPOTG/Blueprints/Charaktere/wolf.wolf_C:construct fight
	Function /Game/NPOTG/Blueprints/Charaktere/wolf.wolf_C:start the fight
	Function /Game/NPOTG/Blueprints/Charaktere/wolf.wolf_C:construct fight
	Function /Game/NPOTG/Blueprints/Charaktere/wolf.wolf_C:start the fight
	Function /Game/NPOTG/Blueprints/Charaktere/wolf.wolf_C:construct fight
	Function /Game/NPOTG/Blueprints/Charaktere/wolf.wolf_C:start the fight
	Function /Game/NPOTG/Blueprints/Charaktere/wolf.wolf_C:construct fight
	Function /Game/NPOTG/Blueprints/Charaktere/wolf.wolf_C:start the fight
	Function /Game/NPOTG/Blueprints/Charaktere/wolf.wolf_C:construct fight
	Function /Game/NPOTG/Blueprints/Charaktere/wolf.wolf_C:start the fight
	Function /Game/NPOTG/Blueprints/Charaktere/wolf.wolf_C:construct fight
	Function /Game/NPOTG/Blueprints/Charaktere/wolf.wolf_C:start the fight
	Function /Game/NPOTG/Blueprints/Charaktere/wolf.wolf_C:construct fight
	Function /Game/NPOTG/Blueprints/Charaktere/wolf.wolf_C:start the fight
	Function /Game/NPOTG/Blueprints/Charaktere/wolf.wolf_C:construct fight
	Function /Game/NPOTG/Blueprints/Charaktere/wolf.wolf_C:start the fight
	Function /Game/NPOTG/Blueprints/Charaktere/wolf.wolf_C:construct fight
	Function /Game/NPOTG/Blueprints/Charaktere/wolf.wolf_C:start the fight
	Function /Game/NPOTG/Blueprints/Charaktere/wolf.wolf_C:construct fight
	Function /Game/NPOTG/Blueprints/Charaktere/wolf.wolf_C:start the fight
	Function /Game/NPOTG/Blueprints/Charaktere/wolf.wolf_C:construct fight
	Function /Game/NPOTG/Blueprints/Charaktere/wolf.wolf_C:start the fight
	Function /Game/NPOTG/Blueprints/Charaktere/wolf.wolf_C:construct fight
	Function /Game/NPOTG/Blueprints/Charaktere/wolf.wolf_C:start the fight
	Function /Game/NPOTG/Blueprints/Charaktere/wolf.wolf_C:construct fight
	Function /Game/NPOTG/Blueprints/Charaktere/wolf.wolf_C:start the fight
	Function /Game/NPOTG/Blueprints/Charaktere/wolf.wolf_C:construct fight
	Function /Game/NPOTG/Blueprints/Charaktere/wolf.wolf_C:start the fight
	Function /Game/NPOTG/Blueprints/Charaktere/wolf.wolf_C:construct fight
	Function /Game/NPOTG/Blueprints/Charaktere/wolf.wolf_C:start the fight
	Function /Game/NPOTG/Blueprints/Charaktere/wolf.wolf_C:construct fight
	Function /Game/NPOTG/Blueprints/Charaktere/wolf.wolf_C:start the fight
	Function /Game/NPOTG/Blueprints/Charaktere/wolf.wolf_C:construct fight
	Function /Game/NPOTG/Blueprints/Charaktere/wolf.wolf_C:start the fight
	Function /Game/NPOTG/Blueprints/Charaktere/wolf.wolf_C:construct fight
	Function /Game/NPOTG/Blueprints/Charaktere/wolf.wolf_C:start the fight
	Function /Game/NPOTG/Blueprints/Charaktere/wolf.wolf_C:construct fight
	Function /Game/NPOTG/Blueprints/Charaktere/wolf.wolf_C:start the fight
	Function /Game/NPOTG/Blueprints/Charaktere/wolf.wolf_C:construct fight
	Function /Game/NPOTG/Blueprints/Charaktere/wolf.wolf_C:start the fight
	Function /Game/NPOTG/Blueprints/Charaktere/wolf.wolf_C:construct fight
	Function /Game/NPOTG/Blueprints/Charaktere/wolf.wolf_C:start the fight
	Function /Game/NPOTG/Blueprints/Charaktere/wolf.wolf_C:construct fight
	Function /Game/NPOTG/Blueprints/Charaktere/wolf.wolf_C:start the fight
	Function /Game/NPOTG/Blueprints/Charaktere/wolf.wolf_C:construct fight
	Function /Game/NPOTG/Blueprints/Charaktere/wolf.wolf_C:start the fight
	Function /Game/NPOTG/Blueprints/Charaktere/wolf.wolf_C:construct fight
	Function /Game/NPOTG/Blueprints/Charaktere/wolf.wolf_C:start the fight
	Function /Game/NPOTG/Blueprints/Charaktere/wolf.wolf_C:construct fight
	Function /Game/NPOTG/Blueprints/Charaktere/wolf.wolf_C:start the fight
	Function /Game/NPOTG/Blueprints/Charaktere/wolf.wolf_C:construct fight
	Function /Game/NPOTG/Blueprints/Charaktere/wolf.wolf_C:start the fight
	Function /Game/NPOTG/Blueprints/Charaktere/wolf.wolf_C:construct fight
	Function /Game/NPOTG/Blueprints/Charaktere/wolf.wolf_C:start the fight
	Function /Game/NPOTG/Blueprints/Charaktere/wolf.wolf_C:construct fight
	Function /Game/NPOTG/Blueprints/Charaktere/wolf.wolf_C:start the fight
	Function /Game/NPOTG/Blueprints/Charaktere/wolf.wolf_C:construct fight
	Function /Game/NPOTG/Blueprints/Charaktere/wolf.wolf_C:start the fight
	Function /Game/NPOTG/Blueprints/Charaktere/wolf.wolf_C:construct fight
	Function /Game/NPOTG/Blueprints/Charaktere/wolf.wolf_C:start the fight
	Function /Game/NPOTG/Blueprints/Charaktere/wolf.wolf_C:construct fight
	Function /Game/NPOTG/Blueprints/Charaktere/wolf.wolf_C:start the fight
	Function /Game/NPOTG/Blueprints/Charaktere/wolf.wolf_C:construct fight
	Function /Game/NPOTG/Blueprints/Charaktere/wolf.wolf_C:start the fight
	Function /Game/NPOTG/Blueprints/Charaktere/wolf.wolf_C:construct fight
	Function /Game/NPOTG/Blueprints/Charaktere/wolf.wolf_C:start the fight
	Function /Game/NPOTG/Blueprints/Charaktere/wolf.wolf_C:construct fight
	Function /Game/NPOTG/Blueprints/Charaktere/wolf.wolf_C:start the fight
	Function /Game/NPOTG/Blueprints/Charaktere/wolf.wolf_C:construct fight
	Function /Game/NPOTG/Blueprints/Charaktere/wolf.wolf_C:start the fight
	Function /Game/NPOTG/Blueprints/Charaktere/wolf.wolf_C:construct fight
	Function /Game/NPOTG/Blueprints/Charaktere/wolf.wolf_C:start the fight
	Function /Game/NPOTG/Blueprints/Charaktere/wolf.wolf_C:construct fight
	Function /Game/NPOTG/Blueprints/Charaktere/wolf.wolf_C:start the fight
	Function /Game/NPOTG/Blueprints/Charaktere/wolf.wolf_C:construct fight
	Function /Game/NPOTG/Blueprints/Charaktere/wolf.wolf_C:start the fight
	Function /Game/NPOTG/Blueprints/Charaktere/wolf.wolf_C:construct fight
	Function /Game/NPOTG/Blueprints/Charaktere/wolf.wolf_C:start the fight
	Function /Game/NPOTG/Blueprints/Charaktere/wolf.wolf_C:construct fight
	Function /Game/NPOTG/Blueprints/Charaktere/wolf.wolf_C:start the fight
	Function /Game/NPOTG/Blueprints/Charaktere/wolf.wolf_C:construct fight
	Function /Game/NPOTG/Blueprints/Charaktere/wolf.wolf_C:start the fight
	Function /Game/NPOTG/Blueprints/Charaktere/wolf.wolf_C:construct fight
	Function /Game/NPOTG/Blueprints/Charaktere/wolf.wolf_C:start the fight
	Function /Game/NPOTG/Blueprints/Charaktere/wolf.wolf_C:construct fight
	Function /Game/NPOTG/Blueprints/Charaktere/wolf.wolf_C:start the fight
	Function /Game/NPOTG/Blueprints/Charaktere/wolf.wolf_C:construct fight
	Function /Game/NPOTG/Blueprints/Charaktere/wolf.wolf_C:start the fight
	Function /Game/NPOTG/Blueprints/Charaktere/wolf.wolf_C:construct fight
	Function /Game/NPOTG/Blueprints/Charaktere/wolf.wolf_C:start the fight
	Function /Game/NPOTG/Blueprints/Charaktere/wolf.wolf_C:construct fight
	Function /Game/NPOTG/Blueprints/Charaktere/wolf.wolf_C:start the fight
	Function /Game/NPOTG/Blueprints/Charaktere/wolf.wolf_C:construct fight
	Function /Game/NPOTG/Blueprints/Charaktere/wolf.wolf_C:start the fight
	Function /Game/NPOTG/Blueprints/Charaktere/wolf.wolf_C:construct fight
	Function /Game/NPOTG/Blueprints/Charaktere/wolf.wolf_C:start the fight
	Function /Game/NPOTG/Blueprints/Charaktere/wolf.wolf_C:construct fight
	Function /Game/NPOTG/Blueprints/Charaktere/wolf.wolf_C:start the fight
	Function /Game/NPOTG/Blueprints/Charaktere/wolf.wolf_C:construct fight
	Function /Game/NPOTG/Blueprints/Charaktere/wolf.wolf_C:start the fight
	Function /Game/NPOTG/Blueprints/Charaktere/wolf.wolf_C:construct fight
	Function /Game/NPOTG/Blueprints/Charaktere/wolf.wolf_C:start the fight
	Function /Game/NPOTG/Blueprints/Charaktere/wolf.wolf_C:construct fight
	Function /Game/NPOTG/Blueprints/Charaktere/wolf.wolf_C:start the fight
	Function /Game/NPOTG/Blueprints/Charaktere/wolf.wolf_C:construct fight
	Function /Game/NPOTG/Blueprints/Charaktere/wolf.wolf_C:start the fight
	Function /Game/NPOTG/Blueprints/Charaktere/wolf.wolf_C:construct fight
	Function /Game/NPOTG/Blueprints/Charaktere/wolf.wolf_C:start the fight
	Function /Game/NPOTG/Blueprints/Charaktere/wolf.wolf_C:construct fight
	Function /Game/NPOTG/Blueprints/Charaktere/wolf.wolf_C:start the fight
	Function /Game/NPOTG/Blueprints/Charaktere/wolf.wolf_C:construct fight
	Function /Game/NPOTG/Blueprints/Charaktere/wolf.wolf_C:start the fight
	Function /Game/NPOTG/Blueprints/Charaktere/wolf.wolf_C:construct fight
	Function /Game/NPOTG/Blueprints/Charaktere/wolf.wolf_C:start the fight
	Function /Game/NPOTG/Blueprints/Charaktere/wolf.wolf_C:construct fight
	Function /Game/NPOTG/Blueprints/Charaktere/wolf.wolf_C:start the fight
	Function /Game/NPOTG/Blueprints/Charaktere/wolf.wolf_C:construct fight
	Function /Game/NPOTG/Blueprints/Charaktere/wolf.wolf_C:start the fight
	Function /Game/NPOTG/Blueprints/Charaktere/wolf.wolf_C:construct fight
	Function /Game/NPOTG/Blueprints/Charaktere/wolf.wolf_C:start the fight
	Function /Game/NPOTG/Blueprints/Charaktere/wolf.wolf_C:construct fight
	Function /Game/NPOTG/Blueprints/Charaktere/wolf.wolf_C:start the fight
	Function /Game/NPOTG/Blueprints/Charaktere/wolf.wolf_C:construct fight
	Function /Game/NPOTG/Blueprints/Charaktere/wolf.wolf_C:start the fight
	Function /Game/NPOTG/Blueprints/Charaktere/wolf.wolf_C:construct fight
	Function /Game/NPOTG/Blueprints/Charaktere/wolf.wolf_C:start the fight
	Function /Game/NPOTG/Blueprints/Charaktere/wolf.wolf_C:construct fight
	Function /Game/NPOTG/Blueprints/Charaktere/wolf.wolf_C:start the fight
	Function /Game/NPOTG/Blueprints/Charaktere/wolf.wolf_C:construct fight
	Function /Game/NPOTG/Blueprints/Charaktere/wolf.wolf_C:start the fight
	Function /Game/NPOTG/Blueprints/Charaktere/wolf.wolf_C:construct fight
	Function /Game/NPOTG/Blueprints/Charaktere/wolf.wolf_C:start the fight
	Function /Game/NPOTG/Blueprints/Charaktere/wolf.wolf_C:construct fight
	Function /Game/NPOTG/Blueprints/Charaktere/wolf.wolf_C:start the fight
	Function /Game/NPOTG/Blueprints/Charaktere/wolf.wolf_C:construct fight
	Function /Game/NPOTG/Blueprints/Charaktere/wolf.wolf_C:start the fight
	Function /Game/NPOTG/Blueprints/Charaktere/wolf.wolf_C:construct fight
	Function /Game/NPOTG/Blueprints/Charaktere/wolf.wolf_C:start the fight
	Function /Game/NPOTG/Blueprints/Charaktere/wolf.wolf_C:construct fight
	Function /Game/NPOTG/Blueprints/Charaktere/wolf.wolf_C:start the fight
	Function /Game/NPOTG/Blueprints/Charaktere/wolf.wolf_C:construct fight
	Function /Game/NPOTG/Blueprints/Charaktere/wolf.wolf_C:start the fight
	Function /Game/NPOTG/Blueprints/Charaktere/wolf.wolf_C:construct fight
	Function /Game/NPOTG/Blueprints/Charaktere/wolf.wolf_C:start the fight
	Function /Game/NPOTG/Blueprints/Charaktere/wolf.wolf_C:construct fight
	Function /Game/NPOTG/Blueprints/Charaktere/wolf.wolf_C:start the fight
	Function /Game/NPOTG/Blueprints/Charaktere/wolf.wolf_C:construct fight
	Function /Game/NPOTG/Blueprints/Charaktere/wolf.wolf_C:start the fight
	Function /Game/NPOTG/Blueprints/Charaktere/wolf.wolf_C:construct fight
	Function /Game/NPOTG/Blueprints/Charaktere/wolf.wolf_C:start the fight
	Function /Game/NPOTG/Blueprints/Charaktere/wolf.wolf_C:construct fight
	Function /Game/NPOTG/Blueprints/Charaktere/wolf.wolf_C:start the fight
	Function /Game/NPOTG/Blueprints/Charaktere/wolf.wolf_C:construct fight
	Function /Game/NPOTG/Blueprints/Charaktere/wolf.wolf_C:start the fight
	Function /Game/NPOTG/Blueprints/Charaktere/wolf.wolf_C:construct fight
	Function /Game/NPOTG/Blueprints/Charaktere/wolf.wolf_C:start the fight
	Function /Game/NPOTG/Blueprints/Charaktere/wolf.wolf_C:construct fight
	Function /Game/NPOTG/Blueprints/Charaktere/wolf.wolf_C:start the fight
	Function /Game/NPOTG/Blueprints/Charaktere/wolf.wolf_C:construct fight
	Function /Game/NPOTG/Blueprints/Charaktere/wolf.wolf_C:start the fight
	Function /Game/NPOTG/Blueprints/Charaktere/wolf.wolf_C:construct fight
	Function /Game/NPOTG/Blueprints/Charaktere/wolf.wolf_C:start the fight
	Function /Game/NPOTG/Blueprints/Charaktere/wolf.wolf_C:construct fight
	Function /Game/NPOTG/Blueprints/Charaktere/wolf.wolf_C:start the fight
	Function /Game/NPOTG/Blueprints/Charaktere/wolf.wolf_C:construct fight
	Function /Game/NPOTG/Blueprints/Charaktere/wolf.wolf_C:start the fight
	Function /Game/NPOTG/Blueprints/Charaktere/wolf.wolf_C:construct fight
	Function /Game/NPOTG/Blueprints/Charaktere/wolf.wolf_C:start the fight
	Function /Game/NPOTG/Blueprints/Charaktere/wolf.wolf_C:construct fight
	Function /Game/NPOTG/Blueprints/Charaktere/wolf.wolf_C:start the fight
	Function /Game/NPOTG/Blueprints/Charaktere/wolf.wolf_C:construct fight
	Function /Game/NPOTG/Blueprints/Charaktere/wolf.wolf_C:start the fight
	Function /Game/NPOTG/Blueprints/Charaktere/wolf.wolf_C:construct fight
	Function /Game/NPOTG/Blueprints/Charaktere/wolf.wolf_C:start the fight
	Function /Game/NPOTG/Blueprints/Charaktere/wolf.wolf_C:construct fight
	Function /Game/NPOTG/Blueprints/Charaktere/wolf.wolf_C:start the fight
	Function /Game/NPOTG/Blueprints/Charaktere/wolf.wolf_C:construct fight
	Function /Game/NPOTG/Blueprints/Charaktere/wolf.wolf_C:start the fight
	Function /Game/NPOTG/Blueprints/Charaktere/wolf.wolf_C:construct fight
	Function /Game/NPOTG/Blueprints/Charaktere/wolf.wolf_C:start the fight
	Function /Game/NPOTG/Blueprints/Charaktere/wolf.wolf_C:construct fight
	Function /Game/NPOTG/Blueprints/Charaktere/wolf.wolf_C:start the fight
	Function /Game/NPOTG/Blueprints/Charaktere/wolf.wolf_C:construct fight
	Function /Game/NPOTG/Blueprints/Charaktere/wolf.wolf_C:start the fight
	Function /Game/NPOTG/Blueprints/Charaktere/wolf.wolf_C:construct fight
	Function /Game/NPOTG/Blueprints/Charaktere/wolf.wolf_C:start the fight
	Function /Game/NPOTG/Blueprints/Charaktere/wolf.wolf_C:construct fight
	Function /Game/NPOTG/Blueprints/Charaktere/wolf.wolf_C:start the fight
	Function /Game/NPOTG/Blueprints/Charaktere/wolf.wolf_C:construct fight
	Function /Game/NPOTG/Blueprints/Charaktere/wolf.wolf_C:start the fight
	Function /Game/NPOTG/Blueprints/Charaktere/wolf.wolf_C:construct fight

[2015.09.23-16.59.47:012][551]LogScript:Warning: Infinite script recursion (250 calls) detected
	wolf_C /Temp/Autosaves/Game/NPOTG/Maps/UEDPCTesting_Level.Testing_Level:PersistentLevel.wolf_C_14
	Function /Game/NPOTG/Blueprints/Charaktere/wolf.wolf_C:construct fight:0000
[2015.09.23-16.59.47:031][552]LogBlueprintUserMessages: 9.51033
[2015.09.23-16.59.47:031][552]LogBlueprintUserMessages: PRINT
[2015.09.23-16.59.47:058][553]LogBlueprintUserMessages: 9.482635
[2015.09.23-16.59.47:059][553]LogBlueprintUserMessages: PRINT
[2015.09.23-16.59.47:074][554]LogBlueprintUserMessages: 9.457609
[2015.09.23-16.59.47:074][554]LogBlueprintUserMessages: PRINT
[2015.09.23-16.59.47:091][555]LogBlueprintUserMessages: 9.376964
[2015.09.23-16.59.47:091][555]LogBlueprintUserMessages: PRINT
[2015.09.23-16.59.47:107][556]LogBlueprintUserMessages: 9.296318
[2015.09.23-16.59.47:107][556]LogBlueprintUserMessages: PRINT
[2015.09.23-16.59.47:123][557]LogBlueprintUserMessages: 9.215672
[2015.09.23-16.59.47:123][557]LogBlueprintUserMessages: PRINT
[2015.09.23-16.59.47:139][558]LogBlueprintUserMessages: 9.135027
[2015.09.23-16.59.47:139][558]LogBlueprintUserMessages: PRINT
[2015.09.23-16.59.47:155][559]LogBlueprintUserMessages: 9.054381
[2015.09.23-16.59.47:155][559]LogBlueprintUserMessages: PRINT
[2015.09.23-16.59.47:171][560]LogBlueprintUserMessages: 8.973736
[2015.09.23-16.59.47:171][560]LogBlueprintUserMessages: PRINT
[2015.09.23-16.59.47:187][561]LogBlueprintUserMessages: 8.89309
[2015.09.23-16.59.47:187][561]LogBlueprintUserMessages: PRINT
[2015.09.23-16.59.47:203][562]LogBlueprintUserMessages: 8.812445
[2015.09.23-16.59.47:203][562]LogBlueprintUserMessages: PRINT
[2015.09.23-16.59.47:219][563]LogBlueprintUserMessages: 8.731799
[2015.09.23-16.59.47:219][563]LogBlueprintUserMessages: PRINT
[2015.09.23-16.59.47:235][564]LogBlueprintUserMessages: 8.651154
[2015.09.23-16.59.47:235][564]LogBlueprintUserMessages: PRINT
[2015.09.23-16.59.47:251][565]LogBlueprintUserMessages: 8.570508
[2015.09.23-16.59.47:251][565]LogBlueprintUserMessages: PRINT
[2015.09.23-16.59.47:267][566]LogBlueprintUserMessages: 8.489862
[2015.09.23-16.59.47:268][566]LogBlueprintUserMessages: PRINT
[2015.09.23-16.59.47:284][567]LogBlueprintUserMessages: 8.409217
[2015.09.23-16.59.47:284][567]LogBlueprintUserMessages: PRINT
[2015.09.23-16.59.47:300][568]LogBlueprintUserMessages: 8.328571
[2015.09.23-16.59.47:301][568]LogBlueprintUserMessages: PRINT
[2015.09.23-16.59.47:316][569]LogBlueprintUserMessages: 8.247926
[2015.09.23-16.59.47:316][569]LogBlueprintUserMessages: PRINT
[2015.09.23-16.59.47:332][570]LogBlueprintUserMessages: 8.16728
[2015.09.23-16.59.47:332][570]LogBlueprintUserMessages: PRINT
[2015.09.23-16.59.47:348][571]LogBlueprintUserMessages: 8.086635
[2015.09.23-16.59.47:348][571]LogBlueprintUserMessages: PRINT
[2015.09.23-16.59.47:364][572]LogBlueprintUserMessages: 8.005989
[2015.09.23-16.59.47:364][572]LogBlueprintUserMessages: PRINT
[2015.09.23-16.59.47:380][573]LogBlueprintUserMessages: 7.925343
[2015.09.23-16.59.47:380][573]LogBlueprintUserMessages: PRINT
[2015.09.23-16.59.47:397][574]LogBlueprintUserMessages: 7.844697
[2015.09.23-16.59.47:397][574]LogBlueprintUserMessages: PRINT
[2015.09.23-16.59.47:413][575]LogBlueprintUserMessages: 7.764051
[2015.09.23-16.59.47:413][575]LogBlueprintUserMessages: PRINT
[2015.09.23-16.59.47:429][576]LogBlueprintUserMessages: 7.683405
[2015.09.23-16.59.47:429][576]LogBlueprintUserMessages: PRINT
[2015.09.23-16.59.47:445][577]LogBlueprintUserMessages: 7.602759
[2015.09.23-16.59.47:445][577]LogBlueprintUserMessages: PRINT
[2015.09.23-16.59.47:461][578]LogBlueprintUserMessages: 7.522113
[2015.09.23-16.59.47:461][578]LogBlueprintUserMessages: PRINT
[2015.09.23-16.59.47:477][579]LogBlueprintUserMessages: 7.441467
[2015.09.23-16.59.47:477][579]LogBlueprintUserMessages: PRINT
[2015.09.23-16.59.47:493][580]LogBlueprintUserMessages: 7.360821
[2015.09.23-16.59.47:493][580]LogBlueprintUserMessages: PRINT
[2015.09.23-16.59.47:510][581]LogBlueprintUserMessages: 7.280175
[2015.09.23-16.59.47:510][581]LogBlueprintUserMessages: PRINT
[2015.09.23-16.59.47:526][582]LogBlueprintUserMessages: 7.199529
[2015.09.23-16.59.47:526][582]LogBlueprintUserMessages: PRINT
[2015.09.23-16.59.47:542][583]LogBlueprintUserMessages: 7.118883
[2015.09.23-16.59.47:542][583]LogBlueprintUserMessages: PRINT
[2015.09.23-16.59.47:558][584]LogBlueprintUserMessages: 7.038237
[2015.09.23-16.59.47:558][584]LogBlueprintUserMessages: PRINT
[2015.09.23-16.59.47:574][585]LogBlueprintUserMessages: 6.957591
[2015.09.23-16.59.47:574][585]LogBlueprintUserMessages: PRINT
[2015.09.23-16.59.47:590][586]LogBlueprintUserMessages: 6.876945
[2015.09.23-16.59.47:590][586]LogBlueprintUserMessages: PRINT
[2015.09.23-16.59.47:606][587]LogBlueprintUserMessages: 6.796299
[2015.09.23-16.59.47:606][587]LogBlueprintUserMessages: PRINT
[2015.09.23-16.59.47:622][588]LogBlueprintUserMessages: 6.715652
[2015.09.23-16.59.47:622][588]LogBlueprintUserMessages: PRINT
[2015.09.23-16.59.47:639][589]LogBlueprintUserMessages: 6.635006
[2015.09.23-16.59.47:639][589]LogBlueprintUserMessages: PRINT
[2015.09.23-16.59.47:655][590]LogBlueprintUserMessages: 6.55436
[2015.09.23-16.59.47:655][590]LogBlueprintUserMessages: PRINT
[2015.09.23-16.59.47:671][591]LogBlueprintUserMessages: 6.473714
[2015.09.23-16.59.47:671][591]LogBlueprintUserMessages: PRINT
[2015.09.23-16.59.47:687][592]LogBlueprintUserMessages: 6.393068
[2015.09.23-16.59.47:687][592]LogBlueprintUserMessages: PRINT
[2015.09.23-16.59.47:703][593]LogBlueprintUserMessages: 6.312422
[2015.09.23-16.59.47:703][593]LogBlueprintUserMessages: PRINT
[2015.09.23-16.59.47:719][594]LogBlueprintUserMessages: 6.231776
[2015.09.23-16.59.47:719][594]LogBlueprintUserMessages: PRINT
[2015.09.23-16.59.47:735][595]LogBlueprintUserMessages: 6.15113
[2015.09.23-16.59.47:735][595]LogBlueprintUserMessages: PRINT
[2015.09.23-16.59.47:751][596]LogBlueprintUserMessages: 6.070484
[2015.09.23-16.59.47:751][596]LogBlueprintUserMessages: PRINT
[2015.09.23-16.59.47:767][597]LogBlueprintUserMessages: 5.989838
[2015.09.23-16.59.47:768][597]LogBlueprintUserMessages: PRINT
[2015.09.23-16.59.47:784][598]LogBlueprintUserMessages: 5.909192
[2015.09.23-16.59.47:784][598]LogBlueprintUserMessages: PRINT
[2015.09.23-16.59.47:800][599]LogBlueprintUserMessages: 5.828546
[2015.09.23-16.59.47:800][599]LogBlueprintUserMessages: PRINT
[2015.09.23-16.59.47:816][600]LogBlueprintUserMessages: 5.7479
[2015.09.23-16.59.47:816][600]LogBlueprintUserMessages: PRINT
[2015.09.23-16.59.47:832][601]LogBlueprintUserMessages: 5.667254
[2015.09.23-16.59.47:832][601]LogBlueprintUserMessages: PRINT
[2015.09.23-16.59.47:848][602]LogBlueprintUserMessages: 5.586608
[2015.09.23-16.59.47:848][602]LogBlueprintUserMessages: PRINT
[2015.09.23-16.59.47:864][603]LogBlueprintUserMessages: 5.505962
[2015.09.23-16.59.47:864][603]LogBlueprintUserMessages: PRINT
[2015.09.23-16.59.47:880][604]LogBlueprintUserMessages: 5.425316
[2015.09.23-16.59.47:880][604]LogBlueprintUserMessages: PRINT
[2015.09.23-16.59.47:896][605]LogBlueprintUserMessages: 5.34467
[2015.09.23-16.59.47:896][605]LogBlueprintUserMessages: PRINT
[2015.09.23-16.59.47:914][606]LogBlueprintUserMessages: 5.264024
[2015.09.23-16.59.47:914][606]LogBlueprintUserMessages: PRINT
[2015.09.23-16.59.47:930][607]LogBlueprintUserMessages: 5.183378
[2015.09.23-16.59.47:930][607]LogBlueprintUserMessages: PRINT
[2015.09.23-16.59.47:946][608]LogBlueprintUserMessages: 5.102732
[2015.09.23-16.59.47:946][608]LogBlueprintUserMessages: PRINT
[2015.09.23-16.59.47:962][609]LogBlueprintUserMessages: 5.022086
[2015.09.23-16.59.47:962][609]LogBlueprintUserMessages: PRINT
[2015.09.23-16.59.47:978][610]LogBlueprintUserMessages: 4.94144
[2015.09.23-16.59.47:978][610]LogBlueprintUserMessages: PRINT
[2015.09.23-16.59.47:994][611]LogBlueprintUserMessages: 4.860794
[2015.09.23-16.59.47:994][611]LogBlueprintUserMessages: PRINT
[2015.09.23-16.59.48:010][612]LogBlueprintUserMessages: 4.780148
[2015.09.23-16.59.48:010][612]LogBlueprintUserMessages: PRINT
[2015.09.23-16.59.48:026][613]LogBlueprintUserMessages: 4.699502
[2015.09.23-16.59.48:026][613]LogBlueprintUserMessages: PRINT
[2015.09.23-16.59.48:043][614]LogBlueprintUserMessages: 4.618855
[2015.09.23-16.59.48:043][614]LogBlueprintUserMessages: PRINT
[2015.09.23-16.59.48:059][615]LogBlueprintUserMessages: 4.538209
[2015.09.23-16.59.48:059][615]LogBlueprintUserMessages: PRINT
[2015.09.23-16.59.48:075][616]LogBlueprintUserMessages: 4.457563
[2015.09.23-16.59.48:075][616]LogBlueprintUserMessages: PRINT
[2015.09.23-16.59.48:091][617]LogBlueprintUserMessages: 4.376917
[2015.09.23-16.59.48:091][617]LogBlueprintUserMessages: PRINT
[2015.09.23-16.59.48:107][618]LogBlueprintUserMessages: 4.296271
[2015.09.23-16.59.48:107][618]LogBlueprintUserMessages: PRINT
[2015.09.23-16.59.48:123][619]LogBlueprintUserMessages: 4.215625
[2015.09.23-16.59.48:123][619]LogBlueprintUserMessages: PRINT
[2015.09.23-16.59.48:139][620]LogBlueprintUserMessages: 4.134979
[2015.09.23-16.59.48:139][620]LogBlueprintUserMessages: PRINT
[2015.09.23-16.59.48:155][621]LogBlueprintUserMessages: 4.054333
[2015.09.23-16.59.48:155][621]LogBlueprintUserMessages: PRINT
[2015.09.23-16.59.48:171][622]LogBlueprintUserMessages: 3.973687
[2015.09.23-16.59.48:172][622]LogBlueprintUserMessages: PRINT
[2015.09.23-16.59.48:188][623]LogBlueprintUserMessages: 3.893042
[2015.09.23-16.59.48:188][623]LogBlueprintUserMessages: PRINT
[2015.09.23-16.59.48:204][624]LogBlueprintUserMessages: 3.812396
[2015.09.23-16.59.48:204][624]LogBlueprintUserMessages: PRINT
[2015.09.23-16.59.48:220][625]LogBlueprintUserMessages: 3.73175
[2015.09.23-16.59.48:220][625]LogBlueprintUserMessages: PRINT
[2015.09.23-16.59.48:236][626]LogBlueprintUserMessages: 3.651104
[2015.09.23-16.59.48:236][626]LogBlueprintUserMessages: PRINT
[2015.09.23-16.59.48:252][627]LogBlueprintUserMessages: 3.570458
[2015.09.23-16.59.48:252][627]LogBlueprintUserMessages: PRINT
[2015.09.23-16.59.48:268][628]LogBlueprintUserMessages: 3.489813
[2015.09.23-16.59.48:268][628]LogBlueprintUserMessages: PRINT
[2015.09.23-16.59.48:284][629]LogBlueprintUserMessages: 3.409167
[2015.09.23-16.59.48:284][629]LogBlueprintUserMessages: PRINT
[2015.09.23-16.59.48:300][630]LogBlueprintUserMessages: 3.328521
[2015.09.23-16.59.48:301][630]LogBlueprintUserMessages: PRINT
[2015.09.23-16.59.48:317][631]LogBlueprintUserMessages: 3.247875
[2015.09.23-16.59.48:317][631]LogBlueprintUserMessages: PRINT
[2015.09.23-16.59.48:333][632]LogBlueprintUserMessages: 3.167229
[2015.09.23-16.59.48:333][632]LogBlueprintUserMessages: PRINT
[2015.09.23-16.59.48:349][633]LogBlueprintUserMessages: 3.086584
[2015.09.23-16.59.48:349][633]LogBlueprintUserMessages: PRINT
[2015.09.23-16.59.48:365][634]LogBlueprintUserMessages: 3.005938
[2015.09.23-16.59.48:365][634]LogBlueprintUserMessages: PRINT
[2015.09.23-16.59.48:381][635]LogBlueprintUserMessages: 2.925292
[2015.09.23-16.59.48:381][635]LogBlueprintUserMessages: PRINT
[2015.09.23-16.59.48:397][636]LogBlueprintUserMessages: 2.844646
[2015.09.23-16.59.48:397][636]LogBlueprintUserMessages: PRINT
[2015.09.23-16.59.48:413][637]LogBlueprintUserMessages: 2.764
[2015.09.23-16.59.48:413][637]LogBlueprintUserMessages: PRINT
[2015.09.23-16.59.48:429][638]LogBlueprintUserMessages: 2.683355
[2015.09.23-16.59.48:429][638]LogBlueprintUserMessages: PRINT
[2015.09.23-16.59.48:445][639]LogBlueprintUserMessages: 2.602709
[2015.09.23-16.59.48:446][639]LogBlueprintUserMessages: PRINT
[2015.09.23-16.59.48:462][640]LogBlueprintUserMessages: 2.522063
[2015.09.23-16.59.48:462][640]LogBlueprintUserMessages: PRINT
[2015.09.23-16.59.48:478][641]LogBlueprintUserMessages: 2.441417
[2015.09.23-16.59.48:478][641]LogBlueprintUserMessages: PRINT
[2015.09.23-16.59.48:494][642]LogBlueprintUserMessages: 2.360771
[2015.09.23-16.59.48:494][642]LogBlueprintUserMessages: PRINT
[2015.09.23-16.59.48:510][643]LogBlueprintUserMessages: 2.280126
[2015.09.23-16.59.48:510][643]LogBlueprintUserMessages: PRINT
[2015.09.23-16.59.48:526][644]LogBlueprintUserMessages: 2.19948
[2015.09.23-16.59.48:526][644]LogBlueprintUserMessages: PRINT
[2015.09.23-16.59.48:542][645]LogBlueprintUserMessages: 2.118834
[2015.09.23-16.59.48:542][645]LogBlueprintUserMessages: PRINT
[2015.09.23-16.59.48:558][646]LogBlueprintUserMessages: 2.038188
[2015.09.23-16.59.48:558][646]LogBlueprintUserMessages: PRINT
[2015.09.23-16.59.48:574][647]LogBlueprintUserMessages: 1.957542
[2015.09.23-16.59.48:574][647]LogBlueprintUserMessages: PRINT
[2015.09.23-16.59.48:591][648]LogBlueprintUserMessages: 1.876896
[2015.09.23-16.59.48:591][648]LogBlueprintUserMessages: PRINT
[2015.09.23-16.59.48:607][649]LogBlueprintUserMessages: 1.796251
[2015.09.23-16.59.48:607][649]LogBlueprintUserMessages: PRINT
[2015.09.23-16.59.48:623][650]LogBlueprintUserMessages: 1.715605
[2015.09.23-16.59.48:623][650]LogBlueprintUserMessages: PRINT
[2015.09.23-16.59.48:639][651]LogBlueprintUserMessages: 1.634959
[2015.09.23-16.59.48:639][651]LogBlueprintUserMessages: PRINT
[2015.09.23-16.59.48:655][652]LogBlueprintUserMessages: 1.554313
[2015.09.23-16.59.48:655][652]LogBlueprintUserMessages: PRINT
[2015.09.23-16.59.48:671][653]LogBlueprintUserMessages: 1.473667
[2015.09.23-16.59.48:671][653]LogBlueprintUserMessages: PRINT
[2015.09.23-16.59.48:687][654]LogBlueprintUserMessages: 1.393021
[2015.09.23-16.59.48:687][654]LogBlueprintUserMessages: PRINT
[2015.09.23-16.59.48:703][655]LogBlueprintUserMessages: 1.312375
[2015.09.23-16.59.48:703][655]LogBlueprintUserMessages: PRINT
[2015.09.23-16.59.48:719][656]LogBlueprintUserMessages: 1.231729
[2015.09.23-16.59.48:720][656]LogBlueprintUserMessages: PRINT
[2015.09.23-16.59.48:736][657]LogBlueprintUserMessages: 1.151083
[2015.09.23-16.59.48:736][657]LogBlueprintUserMessages: PRINT
[2015.09.23-16.59.48:752][658]LogBlueprintUserMessages: 1.070437
[2015.09.23-16.59.48:752][658]LogBlueprintUserMessages: PRINT
[2015.09.23-16.59.48:768][659]LogBlueprintUserMessages: 0.989792
[2015.09.23-16.59.48:768][659]LogBlueprintUserMessages: PRINT
[2015.09.23-16.59.48:784][660]LogBlueprintUserMessages: 0.909146
[2015.09.23-16.59.48:784][660]LogBlueprintUserMessages: PRINT
[2015.09.23-16.59.48:800][661]LogBlueprintUserMessages: 0.8285
[2015.09.23-16.59.48:800][661]LogBlueprintUserMessages: PRINT
[2015.09.23-16.59.48:816][662]LogBlueprintUserMessages: 0.747854
[2015.09.23-16.59.48:816][662]LogBlueprintUserMessages: PRINT
[2015.09.23-16.59.48:832][663]LogBlueprintUserMessages: 0.667208
[2015.09.23-16.59.48:832][663]LogBlueprintUserMessages: PRINT
[2015.09.23-16.59.48:848][664]LogBlueprintUserMessages: 0.586562
[2015.09.23-16.59.48:848][664]LogBlueprintUserMessages: PRINT
[2015.09.23-16.59.48:865][665]LogBlueprintUserMessages: 0.505916
[2015.09.23-16.59.48:865][665]LogBlueprintUserMessages: PRINT
[2015.09.23-16.59.48:881][666]LogBlueprintUserMessages: 0.425271
[2015.09.23-16.59.48:881][666]LogBlueprintUserMessages: PRINT
[2015.09.23-16.59.48:897][667]LogBlueprintUserMessages: 0.344625
[2015.09.23-16.59.48:897][667]LogBlueprintUserMessages: PRINT
[2015.09.23-16.59.48:913][668]LogBlueprintUserMessages: 0.263979
[2015.09.23-16.59.48:913][668]LogBlueprintUserMessages: PRINT
[2015.09.23-16.59.48:929][669]LogBlueprintUserMessages: 0.183333
[2015.09.23-16.59.48:929][669]LogBlueprintUserMessages: PRINT
[2015.09.23-16.59.48:945][670]LogBlueprintUserMessages: 0.102687
[2015.09.23-16.59.48:945][670]LogBlueprintUserMessages: PRINT
[2015.09.23-16.59.48:961][671]LogBlueprintUserMessages: 0.022041
[2015.09.23-16.59.48:961][671]LogBlueprintUserMessages: PRINT
[2015.09.23-16.59.48:977][672]LogBlueprintUserMessages: -0.058605
[2015.09.23-16.59.48:993][673]LogBlueprintUserMessages: -0.13925
[2015.09.23-16.59.49:010][674]LogBlueprintUserMessages: -0.219896
[2015.09.23-16.59.49:026][675]LogBlueprintUserMessages: -0.300542
[2015.09.23-16.59.49:042][676]LogBlueprintUserMessages: -0.381188
[2015.09.23-16.59.49:058][677]LogBlueprintUserMessages: -0.461834
[2015.09.23-16.59.49:074][678]LogBlueprintUserMessages: -0.54248
[2015.09.23-16.59.49:090][679]LogBlueprintUserMessages: -0.623126
[2015.09.23-16.59.49:106][680]LogBlueprintUserMessages: -0.703771
[2015.09.23-16.59.49:122][681]LogBlueprintUserMessages: -0.784417
[2015.09.23-16.59.49:139][682]LogBlueprintUserMessages: -0.865063
[2015.09.23-16.59.49:155][683]LogBlueprintUserMessages: -0.945709
[2015.09.23-16.59.49:171][684]LogBlueprintUserMessages: -1.026501
[2015.09.23-16.59.49:171][684]Closing by request
[2015.09.23-16.59.49:171][684]LogWindows: FPlatformMisc::RequestExit(0)
[2015.09.23-16.59.50:114][685]LogWindowsTextInputMethodSystem:Display: IME system now deactivated.
[2015.09.23-16.59.50:114][685]LogWindowsTextInputMethodSystem:Display: IME system now deactivated.
[2015.09.23-16.59.50:125][685]LogExit: Preparing to exit.
[2015.09.23-16.59.50:229][685]LogExit: Game engine shut down
[2015.09.23-16.59.50:235][685]LogParticles: Destroying 0 GPU particle simulations for FXSystem 0x000000BD4BECCC20
[2015.09.23-16.59.50:378][685]LogExit: Object subsystem successfully closed.
[2015.09.23-16.59.50:396][685]LogD3D11RHI: Shutdown
[2015.09.23-16.59.50:396][685]LogD3D11RHI: CleanupD3DDevice
[2015.09.23-16.59.50:463][685]LogD3D11RHI: ~FD3D11DynamicRHI
[2015.09.23-16.59.50:477][685]LogModuleManager: Shutting down and abandoning module AndroidDeviceDetection (109)
[2015.09.23-16.59.50:863][685]LogModuleManager: Shutting down and abandoning module AutomationWorker (108)
[2015.09.23-16.59.50:863][685]LogModuleManager: Shutting down and abandoning module CharacterAI (107)
[2015.09.23-16.59.50:863][685]LogModuleManager: Shutting down and abandoning module AITestSuite (106)
[2015.09.23-16.59.50:863][685]LogModuleManager: Shutting down and abandoning module GameplayDebugger (105)
[2015.09.23-16.59.50:863][685]LogModuleManager: Shutting down and abandoning module AIModule (104)
[2015.09.23-16.59.50:863][685]LogModuleManager: Shutting down and abandoning module GameLiveStreaming (103)
[2015.09.23-16.59.50:863][685]LogModuleManager: Shutting down and abandoning module StreamingPauseRendering (102)
[2015.09.23-16.59.50:863][685]LogModuleManager: Shutting down and abandoning module ProfilerService (101)
[2015.09.23-16.59.51:042][685]LogModuleManager: Shutting down and abandoning module TaskGraph (100)
[2015.09.23-16.59.51:042][685]LogModuleManager: Shutting down and abandoning module SlateRemote (99)
[2015.09.23-16.59.51:042][685]LogModuleManager: Shutting down and abandoning module SteamVRController (98)
[2015.09.23-16.59.51:042][685]LogModuleManager: Shutting down and abandoning module SteamVR (97)
[2015.09.23-16.59.51:042][685]LogModuleManager: Shutting down and abandoning module ProceduralMeshComponent (96)
[2015.09.23-16.59.51:042][685]LogModuleManager: Shutting down and abandoning module OculusRift (95)
[2015.09.23-16.59.51:042][685]LogModuleManager: Shutting down and abandoning module LeapMotionController (94)
[2015.09.23-16.59.51:049][685]LogModuleManager: Shutting down and abandoning module CustomMeshComponent (93)
[2015.09.23-16.59.51:049][685]LogModuleManager: Shutting down and abandoning module CableComponent (92)
[2015.09.23-16.59.51:049][685]LogModuleManager: Shutting down and abandoning module DesktopPlatform (91)
[2015.09.23-16.59.51:049][685]LogModuleManager: Shutting down and abandoning module DirectoryWatcher (90)
[2015.09.23-16.59.51:049][685]LogModuleManager: Shutting down and abandoning module HotReload (89)
[2015.09.23-16.59.51:049][685]LogModuleManager: Shutting down and abandoning module VisualStudioSourceCodeAccess (88)
[2015.09.23-16.59.51:049][685]LogModuleManager: Shutting down and abandoning module UObjectPlugin (87)
[2015.09.23-16.59.51:049][685]LogModuleManager: Shutting down and abandoning module SubversionSourceControl (86)
[2015.09.23-16.59.51:049][685]LogModuleManager: Shutting down and abandoning module SourceControl (85)
[2015.09.23-16.59.51:049][685]LogModuleManager: Shutting down and abandoning module PerforceSourceControl (84)
[2015.09.23-16.59.51:049][685]LogModuleManager: Shutting down and abandoning module BlankPlugin (83)
[2015.09.23-16.59.51:049][685]LogModuleManager: Shutting down and abandoning module UdpMessaging (82)
[2015.09.23-16.59.51:050][685]LogModuleManager: Shutting down and abandoning module AssetRegistry (81)
[2015.09.23-16.59.51:050][685]LogModuleManager: Shutting down and abandoning module SubstanceCore (80)
[2015.09.23-16.59.51:050][685]LogModuleManager: Shutting down and abandoning module Paper2D (79)
[2015.09.23-16.59.51:050][685]LogModuleManager: Shutting down and abandoning module WindowsMoviePlayer (78)
[2015.09.23-16.59.51:052][685]LogModuleManager: Shutting down and abandoning module Media (77)
[2015.09.23-16.59.51:052][685]LogModuleManager: Shutting down and abandoning module WmfMedia (76)
[2015.09.23-16.59.51:052][685]LogModuleManager: Shutting down and abandoning module OnlineBlueprintSupport (75)
[2015.09.23-16.59.51:052][685]LogModuleManager: Shutting down and abandoning module PropertyEditor (74)
[2015.09.23-16.59.51:052][685]LogModuleManager: Shutting down and abandoning module BehaviorTreeEditor (73)
[2015.09.23-16.59.51:052][685]LogModuleManager: Shutting down and abandoning module FunctionalTesting (72)
[2015.09.23-16.59.51:052][685]LogModuleManager: Shutting down and abandoning module CollisionAnalyzer (71)
[2015.09.23-16.59.51:052][685]LogModuleManager: Shutting down and abandoning module WorkspaceMenuStructure (70)
[2015.09.23-16.59.51:052][685]LogModuleManager: Shutting down and abandoning module MessageLog (69)
[2015.09.23-16.59.51:052][685]LogModuleManager: Shutting down and abandoning module Sequencer (68)
[2015.09.23-16.59.51:052][685]LogModuleManager: Shutting down and abandoning module AssetTools (67)
[2015.09.23-16.59.51:052][685]LogModuleManager: Shutting down and abandoning module UMGEditor (66)
[2015.09.23-16.59.51:052][685]LogModuleManager: Shutting down and abandoning module UMG (65)
[2015.09.23-16.59.51:052][685]LogModuleManager: Shutting down and abandoning module Slate (64)
[2015.09.23-16.59.51:052][685]LogModuleManager: Shutting down and abandoning module EditorStyle (63)
[2015.09.23-16.59.51:054][685]LogModuleManager: Shutting down and abandoning module SessionServices (62)
[2015.09.23-16.59.51:054][685]LogModuleManager: Shutting down and abandoning module SourceCodeAccess (61)
[2015.09.23-16.59.51:054][685]LogModuleManager: Shutting down and abandoning module HeadMountedDisplay (60)
[2015.09.23-16.59.51:054][685]LogModuleManager: Shutting down and abandoning module XAudio2 (59)
[2015.09.23-16.59.51:054][685]LogModuleManager: Shutting down and abandoning module Networking (57)
[2015.09.23-16.59.51:054][685]LogModuleManager: Shutting down and abandoning module Core (56)
[2015.09.23-16.59.51:054][685]LogModuleManager: Shutting down and abandoning module KismetCompiler (55)
[2015.09.23-16.59.51:054][685]LogModuleManager: Shutting down and abandoning module PhysXFormats (54)
[2015.09.23-16.59.51:054][685]LogModuleManager: Shutting down and abandoning module MeshUtilities (53)
[2015.09.23-16.59.51:054][685]LogModuleManager: Shutting down and abandoning module DerivedDataCache (52)
[2015.09.23-16.59.51:548][685]LogDerivedDataCache: Shutdown
[2015.09.23-16.59.51:548][685]LogModuleManager: Shutting down and abandoning module ShaderFormatOpenGL (51)
[2015.09.23-16.59.51:548][685]LogModuleManager: Shutting down and abandoning module ShaderFormatD3D (50)
[2015.09.23-16.59.51:548][685]LogModuleManager: Shutting down and abandoning module MetalShaderFormat (49)
[2015.09.23-16.59.51:548][685]LogModuleManager: Shutting down and abandoning module TextureFormatUncompressed (48)
[2015.09.23-16.59.51:548][685]LogModuleManager: Shutting down and abandoning module TextureFormatPVR (47)
[2015.09.23-16.59.51:548][685]LogModuleManager: Shutting down and abandoning module TextureFormatIntelISPCTexComp (46)
[2015.09.23-16.59.51:548][685]LogModuleManager: Shutting down and abandoning module TextureFormatDXT (45)
[2015.09.23-16.59.51:548][685]LogModuleManager: Shutting down and abandoning module ImageWrapper (44)
[2015.09.23-16.59.51:548][685]LogModuleManager: Shutting down and abandoning module TextureFormatASTC (43)
[2015.09.23-16.59.51:548][685]LogModuleManager: Shutting down and abandoning module TextureFormatAndroid (42)
[2015.09.23-16.59.51:548][685]LogModuleManager: Shutting down and abandoning module AudioFormatOpus (41)
[2015.09.23-16.59.51:548][685]LogModuleManager: Shutting down and abandoning module AudioFormatOgg (40)
[2015.09.23-16.59.51:548][685]LogModuleManager: Shutting down and abandoning module AudioFormatADPCM (39)
[2015.09.23-16.59.51:548][685]LogModuleManager: Shutting down and abandoning module LinuxTargetPlatform (38)
[2015.09.23-16.59.51:548][685]LogModuleManager: Shutting down and abandoning module LinuxServerTargetPlatform (37)
[2015.09.23-16.59.51:548][685]LogModuleManager: Shutting down and abandoning module LinuxNoEditorTargetPlatform (36)
[2015.09.23-16.59.51:548][685]LogModuleManager: Shutting down and abandoning module Messaging (35)
[2015.09.23-16.59.51:548][685]LogModuleManager: Shutting down and abandoning module IOSTargetPlatform (34)
[2015.09.23-16.59.51:548][685]LogModuleManager: Shutting down and abandoning module HTML5TargetPlatform (33)
[2015.09.23-16.59.51:548][685]LogModuleManager: Shutting down and abandoning module Android_PVRTCTargetPlatform (32)
[2015.09.23-16.59.51:548][685]LogModuleManager: Shutting down and abandoning module Android_ETC2TargetPlatform (31)
[2015.09.23-16.59.51:548][685]LogModuleManager: Shutting down and abandoning module Android_ETC1TargetPlatform (30)
[2015.09.23-16.59.51:548][685]LogModuleManager: Shutting down and abandoning module Android_DXTTargetPlatform (29)
[2015.09.23-16.59.51:548][685]LogModuleManager: Shutting down and abandoning module Android_ATCTargetPlatform (28)
[2015.09.23-16.59.51:548][685]LogModuleManager: Shutting down and abandoning module Android_ASTCTargetPlatform (27)
[2015.09.23-16.59.51:548][685]LogModuleManager: Shutting down and abandoning module AndroidTargetPlatform (26)
[2015.09.23-16.59.51:548][685]LogModuleManager: Shutting down and abandoning module WindowsTargetPlatform (25)
[2015.09.23-16.59.51:548][685]LogModuleManager: Shutting down and abandoning module WindowsServerTargetPlatform (24)
[2015.09.23-16.59.51:548][685]LogModuleManager: Shutting down and abandoning module WindowsNoEditorTargetPlatform (23)
[2015.09.23-16.59.51:548][685]LogModuleManager: Shutting down and abandoning module WindowsClientTargetPlatform (22)
[2015.09.23-16.59.51:548][685]LogModuleManager: Shutting down and abandoning module DesktopTargetPlatform (21)
[2015.09.23-16.59.51:548][685]LogModuleManager: Shutting down and abandoning module TargetPlatform (20)
[2015.09.23-16.59.51:548][685]LogModuleManager: Shutting down and abandoning module InputCore (19)
[2015.09.23-16.59.51:548][685]LogModuleManager: Shutting down and abandoning module Settings (18)
[2015.09.23-16.59.51:548][685]LogModuleManager: Shutting down and abandoning module OnlineSubsystem (16)
[2015.09.23-16.59.51:548][685]LogModuleManager: Shutting down and abandoning module HTTP (15)
[2015.09.23-16.59.51:548][685]LogModuleManager: Shutting down and abandoning module ExampleDeviceProfileSelector (14)
[2015.09.23-16.59.51:548][685]LogModuleManager: Shutting down and abandoning module TextureCompressor (13)
[2015.09.23-16.59.51:548][685]LogModuleManager: Shutting down and abandoning module ShaderCore (12)
[2015.09.23-16.59.51:548][685]LogModuleManager: Shutting down and abandoning module Landscape (11)
[2015.09.23-16.59.51:548][685]LogModuleManager: Shutting down and abandoning module SlateRHIRenderer (10)
[2015.09.23-16.59.51:549][685]LogModuleManager: Shutting down and abandoning module OpenGLDrv (9)
[2015.09.23-16.59.51:549][685]LogModuleManager: Shutting down and abandoning module D3D11RHI (8)
[2015.09.23-16.59.51:549][685]LogModuleManager: Shutting down and abandoning module Renderer (7)
[2015.09.23-16.59.51:549][685]LogModuleManager: Shutting down and abandoning module Engine (6)
[2015.09.23-16.59.51:549][685]LogModuleManager: Shutting down and abandoning module CoreUObject (5)
[2015.09.23-16.59.51:549][685]LogModuleManager: Shutting down and abandoning module NetworkFile (4)
[2015.09.23-16.59.51:549][685]LogModuleManager: Shutting down and abandoning module StreamingFile (3)
[2015.09.23-16.59.51:549][685]LogModuleManager: Shutting down and abandoning module SandboxFile (2)
[2015.09.23-16.59.51:549][685]LogModuleManager: Shutting down and abandoning module PakFile (1)
[2015.09.23-16.59.51:550][685]LogExit: Exiting.
[2015.09.23-16.59.51:552][685]Log file closed, 09/23/15 18:59:51
