[2015.09.23-16.47.57:323][  0]Log file open, 09/23/15 18:47:57
[2015.09.23-16.47.57:323][  0]LogInit:Display: Running engine for game: NotPartofGame
[2015.09.23-16.47.57:323][  0]LogInit:Display: RandInit(1465484207) SRandInit(1465484208).
[2015.09.23-16.47.57:323][  0]LogTaskGraph: Started task graph with 4 named threads and 7 total threads.
[2015.09.23-16.47.57:323][  0]LogStats: Stats thread started
[2015.09.23-16.47.57:323][  0]LogInit: Version: 4.8.3-2634408+++depot+UE4-Releases+4.8
[2015.09.23-16.47.57:323][  0]LogInit: API Version: 2579680
[2015.09.23-16.47.57:323][  0]LogInit: Compiled (64-bit): Jul 27 2015 16:24:33
[2015.09.23-16.47.57:323][  0]LogInit: Compiled with Visual C++: 18.00.21005.01
[2015.09.23-16.47.57:323][  0]LogInit: Build Configuration: Development
[2015.09.23-16.47.57:323][  0]LogInit: Branch Name: ++depot+UE4-Releases+4.8
[2015.09.23-16.47.57:323][  0]LogInit: Command line:  /Temp/Autosaves/Game/NPOTG/Maps/UEDPCTesting_Level -game -PIEVIACONSOLE -ResX=1280 -ResY=720  -Multiprocess 
[2015.09.23-16.47.57:323][  0]LogInit: Base directory: C:/Users/Bodoo/Documents/Programmieren/4.8/Engine/Binaries/Win64/
[2015.09.23-16.47.57:323][  0]LogInit: Rocket: 1
[2015.09.23-16.47.57:342][  0]LogInit: Using libcurl 7.41.0
[2015.09.23-16.47.57:342][  0]LogInit:  - built for x86_64-pc-win32
[2015.09.23-16.47.57:342][  0]LogInit:  - supports SSL with WinSSL
[2015.09.23-16.47.57:342][  0]LogInit:  - other features:
[2015.09.23-16.47.57:342][  0]LogInit:      CURL_VERSION_SSL
[2015.09.23-16.47.57:342][  0]LogInit:      CURL_VERSION_IPV6
[2015.09.23-16.47.57:342][  0]LogInit:      CURL_VERSION_ASYNCHDNS
[2015.09.23-16.47.57:342][  0]LogInit:      CURL_VERSION_LARGEFILE
[2015.09.23-16.47.57:342][  0]LogInit:      CURL_VERSION_IDN
[2015.09.23-16.47.57:342][  0]LogInit:  CurlRequestOptions (configurable via config and command line):
[2015.09.23-16.47.57:342][  0]LogInit:  - bVerifyPeer = true  - Libcurl will verify peer certificate
[2015.09.23-16.47.57:342][  0]LogInit:  - bUseHttpProxy = false  - Libcurl will NOT use HTTP proxy
[2015.09.23-16.47.57:342][  0]LogInit:  - bDontReuseConnections = false  - Libcurl will reuse connections
[2015.09.23-16.47.57:342][  0]LogInit:  - CertBundlePath = nullptr  - Libcurl will use whatever was configured at build time.
[2015.09.23-16.47.57:356][  0]LogOnline:Warning: No default platform service specified for OnlineSubsystem
[2015.09.23-16.47.57:371][  0]LogInit: Presizing for 0 objects not considered by GC, pre-allocating 0 bytes.
[2015.09.23-16.47.57:380][  0]LogInit: Object subsystem initialized
[2015.09.23-16.47.57:381][  0]LogConsoleResponse:Warning: Skipping Unknown console variable: 'UIScaleCurve = (EditorCurveData=(Keys=((Time=480.000000,Value=0.444000),(Time=720.000000,Value=0.666000),(Time=1080.000000,Value=1.000000),(Time=8640.000000,Value=8.000000))),ExternalCurve=None)'
[2015.09.23-16.47.57:381][  0]LogConsoleResponse:Warning:   Found in ini file 'C:/Users/Bodoo/Documents/Programmieren/Projekte/NotPartofTheGame/Saved/Config/Windows/Engine.ini', in section '[/Script/Engine.RendererSettings]'
[2015.09.23-16.47.57:381][  0]LogConsoleManager:Warning: Console variable 'r.MSAA.CompositingSampleCount' wasn't set ('Scalability' has a lower priority than 'ProjectSetting')
[2015.09.23-16.47.57:381][  0]LogInit: Selected Device Profile: [Windows]
[2015.09.23-16.47.57:381][  0]LogInit: Applying CVar settings loaded from the selected device profile: [Windows]
[2015.09.23-16.47.57:384][  0]LogInit: Computer: DESKTOP-GLF6O4V
[2015.09.23-16.47.57:384][  0]LogInit: User: Bodoo
[2015.09.23-16.47.57:384][  0]LogInit: CPU Page size=4096, Cores=4
[2015.09.23-16.47.57:384][  0]LogInit: High frequency timer resolution =3.215354 MHz
[2015.09.23-16.47.57:384][  0]LogMemory: Memory total: Physical=12.0GB (12GB approx)
[2015.09.23-16.47.57:384][  0]LogMemory: Platform Memory Stats for Windows
[2015.09.23-16.47.57:384][  0]LogMemory: Process Physical Memory: 51.31 MB used, 51.31 MB peak
[2015.09.23-16.47.57:384][  0]LogMemory: Process Virtual Memory: 22.71 MB used, 22.71 MB peak
[2015.09.23-16.47.57:384][  0]LogMemory: Physical Memory: 2553.37 MB used, 12270.45 MB total
[2015.09.23-16.47.57:384][  0]LogMemory: Virtual Memory: 310.63 MB used, 134217728.00 MB total
[2015.09.23-16.47.57:413][  0]LogTextLocalizationManager: The requested culture ('de_DE') has no localization data; falling back to 'en' for localization and internationalization data.
[2015.09.23-16.47.57:655][  0]LogTextLocalizationManager:Warning: Loaded localization resources contain conflicting entries for (Namespace:ContentBrowser, Key:ImportAssetToolTip):
Localization Resource: (C:/Users/Bodoo/Documents/Programmieren/4.8/Engine/Content/Localization/Editor/en/Editor.locres) Source String Hash: (-630476809) Localized String: (Import to {0}...)
Localization Resource: (C:/Users/Bodoo/Documents/Programmieren/4.8/Engine/Content/Localization/Editor/en/Editor.locres) Source String Hash: (1271782899) Localized String: (Imports an asset from file to this folder.)
[2015.09.23-16.47.57:997][  0]LogD3D11RHI: Found D3D11 adapter 0: AMD Radeon HD 6800 Series (Feature Level 11_0)
[2015.09.23-16.47.57:997][  0]LogD3D11RHI: Adapter has 1011MB of dedicated video memory, 0MB of dedicated system memory, and 3840MB of shared system memory, 1 output[s]
[2015.09.23-16.47.57:999][  0]LogD3D11RHI: Found D3D11 adapter 1: Microsoft Basic Render Driver (Feature Level 11_0)
[2015.09.23-16.47.57:999][  0]LogD3D11RHI: Adapter has 0MB of dedicated video memory, 0MB of dedicated system memory, and 6135MB of shared system memory, 0 output[s]
[2015.09.23-16.47.57:999][  0]LogD3D11RHI: Chosen D3D11 Adapter Id = 0
[2015.09.23-16.47.58:001][  0]LogD3D11RHI: InitD3DDevice
[2015.09.23-16.47.58:001][  0]LogD3D11RHI: !Direct3DDevice
[2015.09.23-16.47.58:001][  0]LogRHI: Texture pool is 708 MB (70% of 1011 MB)
[2015.09.23-16.47.58:007][  0]LogD3D11RHI: Async texture creation disabled: no driver support
[2015.09.23-16.47.58:018][  0]LogShaderCompilers:Display: Using Local Shader Compiler.
[2015.09.23-16.47.58:799][  0]LogTemp:Display: Loaded TP DesktopTargetPlatform
[2015.09.23-16.47.58:812][  0]LogTemp:Display: Loaded TP WindowsClientTargetPlatform
[2015.09.23-16.47.58:826][  0]LogTemp:Display: Loaded TP WindowsNoEditorTargetPlatform
[2015.09.23-16.47.58:840][  0]LogTemp:Display: Loaded TP WindowsServerTargetPlatform
[2015.09.23-16.47.58:856][  0]LogTemp:Display: Loaded TP WindowsTargetPlatform
[2015.09.23-16.47.58:868][  0]LogTemp:Display: Loaded TP AndroidTargetPlatform
[2015.09.23-16.47.58:881][  0]LogTemp:Display: Loaded TP Android_ASTCTargetPlatform
[2015.09.23-16.47.58:893][  0]LogTemp:Display: Loaded TP Android_ATCTargetPlatform
[2015.09.23-16.47.58:905][  0]LogTemp:Display: Loaded TP Android_DXTTargetPlatform
[2015.09.23-16.47.58:917][  0]LogTemp:Display: Loaded TP Android_ETC1TargetPlatform
[2015.09.23-16.47.58:930][  0]LogTemp:Display: Loaded TP Android_ETC2TargetPlatform
[2015.09.23-16.47.58:943][  0]LogTemp:Display: Loaded TP Android_PVRTCTargetPlatform
[2015.09.23-16.47.58:992][  0]LogTemp:Display: Loaded TP IOSTargetPlatform
[2015.09.23-16.47.59:004][  0]LogTemp:Display: Loaded TP LinuxNoEditorTargetPlatform
[2015.09.23-16.47.59:016][  0]LogTemp:Display: Loaded TP LinuxServerTargetPlatform
[2015.09.23-16.47.59:030][  0]LogTemp:Display: Loaded TP LinuxTargetPlatform
[2015.09.23-16.47.59:030][  0]LogTargetPlatformManager:Display: Building Assets For Windows
[2015.09.23-16.47.59:231][  0]LogDerivedDataCache:Display: Max Cache Size: 512 MB
[2015.09.23-16.47.59:299][  0]LogDerivedDataCache: Loaded boot cache 0.07s 53MB C:/Users/Bodoo/AppData/Local/UnrealEngine/4.8/DerivedDataCache/Boot.ddc.
[2015.09.23-16.47.59:299][  0]LogDerivedDataCache:Display: Loaded Boot cache: C:/Users/Bodoo/AppData/Local/UnrealEngine/4.8/DerivedDataCache/Boot.ddc
[2015.09.23-16.47.59:299][  0]LogDerivedDataCache: FDerivedDataBackendGraph:  Pak pak cache file ../../../../Projekte/NotPartofTheGame/DerivedDataCache/DDC.ddp not found, will not use a pak cache.
[2015.09.23-16.47.59:299][  0]LogDerivedDataCache: Unable to find inner node Pak for hierarchical cache Hierarchy.
[2015.09.23-16.47.59:300][  0]LogDerivedDataCache: FDerivedDataBackendGraph:  CompressedPak pak cache file ../../../../Projekte/NotPartofTheGame/DerivedDataCache/Compressed.ddp not found, will not use a pak cache.
[2015.09.23-16.47.59:300][  0]LogDerivedDataCache: Unable to find inner node CompressedPak for hierarchical cache Hierarchy.
[2015.09.23-16.47.59:443][  0]LogDerivedDataCache:Display: Pak cache opened for reading ../../../Engine/DerivedDataCache/Compressed.ddp.
[2015.09.23-16.47.59:455][  0]LogDerivedDataCache: Using Local data cache path C:/Users/Bodoo/AppData/Local/UnrealEngine/Common/DerivedDataCache: Writable
[2015.09.23-16.47.59:681][  0]LogInit: Selected Device Profile: [Windows]
[2015.09.23-16.47.59:766][  0]ImportText (ComponentSweepMultiTests): Missing closing parenthesis: (RootShapeAsset="/Engine/BasicShapes/Cube.Cube",ShapeType="TriggerCapsule",HitResult=(Time=0.50,Location=(X=-100.000015,Y=0.0,Z=100.000015),ImpactPoint=(X=-50.0,Y=0.0,Z=50.0),Normal=(X=-1.0,Y=-0.0,Z=0.0),ImpactNormal=(X=0.0,Y=0.0,Z=1.0),TraceStart=(X=-200.0,Y=0.0,Z=200.0),TraceEnd=(X=0.0,Y=0.0,Z=0.0))
[2015.09.23-16.47.59:767][  0]ImportText (LineTraceSingleByChannelTests): Missing closing parenthesis: (RootShapeAsset="/Engine/BasicShapes/Cube.Cube",HitResult=(Time=0.50,Location=(X=-100.000015,Y=0.0,Z=100.000015),ImpactPoint=(X=-50.0,Y=0.0,Z=50.0),Normal=(X=-1.0,Y=-0.0,Z=0.0),ImpactNormal=(X=0.0,Y=0.0,Z=1.0),TraceStart=(X=-200.0,Y=0.0,Z=200.0),TraceEnd=(X=0.0,Y=0.0,Z=0.0))
[2015.09.23-16.47.59:793][  0]LogMeshUtilities: No automatic mesh reduction module available
[2015.09.23-16.47.59:793][  0]LogMeshUtilities: No automatic mesh merging module available
[2015.09.23-16.48.00:094][  0]LogInit: WinSock: version 1.1 (2.2), MaxSocks=32767, MaxUdp=65467
[2015.09.23-16.48.00:534][  0]LogD3D11RHI: InitD3DDevice
[2015.09.23-16.48.00:537][  0]LogWindowsMoviePlayer: Unable to load movie: ../../../../Projekte/NotPartofTheGame/Content/Movies/Default_Startup.mp4
[2015.09.23-16.48.00:680][  0]LogAssetRegistry: FAssetRegistry took 0.0001 seconds to start up
[2015.09.23-16.48.00:726][  0]SourceControl: Info Source control is disabled
[2015.09.23-16.48.00:726][  0]SourceControl: Info Source control is disabled
[2015.09.23-16.48.00:736][  0]SourceControl: Info Source control is disabled
[2015.09.23-16.48.00:919][  0]LogObj: 25913 objects as part of root set at end of initial load.
[2015.09.23-16.48.00:919][  0]LogUObjectAllocator: 5218488 out of 0 bytes used by permanent object pool.
[2015.09.23-16.48.00:988][  0]LogAutomationTest:Warning: ERR: Transient text cannot be serialized "Testing Transient serialization detection".
[2015.09.23-16.48.00:988][  0]LogEngine: Initializing Engine...
[2015.09.23-16.48.00:990][  0]LogHMD: Can't find Oculus library dev build: is proper Runtime installed? Version: 0.6.0.0
[2015.09.23-16.48.00:991][  0]LogHMD:Warning: SteamVR failed to initialize.  Error: 110
[2015.09.23-16.48.01:084][  0]LogInit: XAudio2 using 'Lautsprecher (Realtek High Definition Audio)' : 2 channels at 48 kHz using 32 bits per sample (channel mask 0x3)
[2015.09.23-16.48.01:092][  0]LogInit: FAudioDevice initialized.
[2015.09.23-16.48.01:104][  0]LogInit: Texture streaming: Disabled
[2015.09.23-16.48.01:167][  0]LogNet: Browse: /Temp/Autosaves/Game/NPOTG/Maps/UEDPCTesting_Level?Name=Player
[2015.09.23-16.48.01:167][  0]LogLoad: LoadMap: /Temp/Autosaves/Game/NPOTG/Maps/UEDPCTesting_Level?Name=Player
[2015.09.23-16.48.01:178][  0]LogParticles: Destroying 0 GPU particle simulations for FXSystem 0x0000005CF9FBF560
[2015.09.23-16.48.01:186][  0]LogMemory: Platform Memory Stats for Windows
[2015.09.23-16.48.01:186][  0]LogMemory: Process Physical Memory: 334.80 MB used, 334.80 MB peak
[2015.09.23-16.48.01:186][  0]LogMemory: Process Virtual Memory: 370.84 MB used, 370.84 MB peak
[2015.09.23-16.48.01:186][  0]LogMemory: Physical Memory: 2813.64 MB used, 12270.45 MB total
[2015.09.23-16.48.01:186][  0]LogMemory: Virtual Memory: 887.94 MB used, 134217728.00 MB total
[2015.09.23-16.48.01:186][  0]LogMemory: 
[2015.09.23-16.48.01:186][  0]Allocator Stats for TBB: (not implemented)
[2015.09.23-16.48.01:481][  0]LogProperty:Warning: ERR: Transient text cannot be serialized "ReturnValue Z".
[2015.09.23-16.48.01:482][  0]LogProperty:Warning: ERR: Transient text cannot be serialized "ReturnValue Y".
[2015.09.23-16.48.01:482][  0]LogProperty:Warning: ERR: Transient text cannot be serialized "ReturnValue X".
[2015.09.23-16.48.01:802][  0]LogProperty:Warning: ERR: Transient text cannot be serialized "ReturnValue Z".
[2015.09.23-16.48.01:802][  0]LogProperty:Warning: ERR: Transient text cannot be serialized "ReturnValue Y".
[2015.09.23-16.48.01:802][  0]LogProperty:Warning: ERR: Transient text cannot be serialized "ReturnValue X".
[2015.09.23-16.48.02:166][  0]LogProperty:Warning: ERR: Transient text cannot be serialized "NewRotation Roll".
[2015.09.23-16.48.02:166][  0]LogProperty:Warning: ERR: Transient text cannot be serialized "NewRotation Yaw".
[2015.09.23-16.48.02:166][  0]LogProperty:Warning: ERR: Transient text cannot be serialized "NewRotation Pitch".
[2015.09.23-16.48.02:166][  0]LogProperty:Warning: ERR: Transient text cannot be serialized "NewRotation Roll".
[2015.09.23-16.48.02:166][  0]LogProperty:Warning: ERR: Transient text cannot be serialized "NewRotation Yaw".
[2015.09.23-16.48.02:166][  0]LogProperty:Warning: ERR: Transient text cannot be serialized "NewRotation Pitch".
[2015.09.23-16.48.02:170][  0]LogProperty:Warning: ERR: Transient text cannot be serialized "ReturnValue Z".
[2015.09.23-16.48.02:170][  0]LogProperty:Warning: ERR: Transient text cannot be serialized "ReturnValue Y".
[2015.09.23-16.48.02:170][  0]LogProperty:Warning: ERR: Transient text cannot be serialized "ReturnValue X".
[2015.09.23-16.48.02:227][  0]LogProperty:Warning: ERR: Transient text cannot be serialized "NewRotation Roll".
[2015.09.23-16.48.02:227][  0]LogProperty:Warning: ERR: Transient text cannot be serialized "NewRotation Yaw".
[2015.09.23-16.48.02:227][  0]LogProperty:Warning: ERR: Transient text cannot be serialized "NewRotation Pitch".
[2015.09.23-16.48.02:227][  0]LogProperty:Warning: ERR: Transient text cannot be serialized "NewRotation Roll".
[2015.09.23-16.48.02:227][  0]LogProperty:Warning: ERR: Transient text cannot be serialized "NewRotation Yaw".
[2015.09.23-16.48.02:227][  0]LogProperty:Warning: ERR: Transient text cannot be serialized "NewRotation Pitch".
[2015.09.23-16.48.02:232][  0]LogProperty:Warning: ERR: Transient text cannot be serialized "ReturnValue Z".
[2015.09.23-16.48.02:232][  0]LogProperty:Warning: ERR: Transient text cannot be serialized "ReturnValue Y".
[2015.09.23-16.48.02:232][  0]LogProperty:Warning: ERR: Transient text cannot be serialized "ReturnValue X".
[2015.09.23-16.48.03:428][  0]LogAIModule: Creating AISystem for world Testing_Level
[2015.09.23-16.48.03:428][  0]LogWorld: Game class is '2DSideScrollerGameMode_C'
[2015.09.23-16.48.03:518][  0]LogWorld: Bringing World /Temp/Autosaves/Game/NPOTG/Maps/UEDPCTesting_Level.Testing_Level up for play (max tick rate 0) at 2015.09.23-18.48.03
[2015.09.23-16.48.03:535][  0]LogWorld: Bringing up level for play took: 0.103882
[2015.09.23-16.48.03:538][  0]LogInit:Display: Game Engine Initialized.
[2015.09.23-16.48.03:762][  0]LogLoad: Full Startup: 8.04 seconds (BP compile: 1.15 seconds)
[2015.09.23-16.48.03:779][  0]LogWindowsTextInputMethodSystem:Display: IME system now deactivated.
[2015.09.23-16.48.03:779][  0]LogWindowsTextInputMethodSystem:Display: IME system now deactivated.
[2015.09.23-16.48.03:781][  0]LogContentStreaming: Texture pool size is 1000.000000MB
[2015.09.23-16.48.03:908][  0]LogRenderer: Reallocating scene render targets to support 1280x720 (Frame:2).
[2015.09.23-16.48.04:033][  1]LogScript:Warning: Accessed None 'PointA'
	wolf_C /Temp/Autosaves/Game/NPOTG/Maps/UEDPCTesting_Level.Testing_Level:PersistentLevel.wolf_C_8
	Function /Game/NPOTG/Blueprints/Charaktere/wolf.wolf_C:ExecuteUbergraph_wolf:003A
[2015.09.23-16.48.04:033][  1]LogScript:Warning: Accessed None 'PointB'
	wolf_C /Temp/Autosaves/Game/NPOTG/Maps/UEDPCTesting_Level.Testing_Level:PersistentLevel.wolf_C_8
	Function /Game/NPOTG/Blueprints/Charaktere/wolf.wolf_C:ExecuteUbergraph_wolf:0065
[2015.09.23-16.48.04:047][  2]LogScript:Warning: Accessed None 'PointA'
	wolf_C /Temp/Autosaves/Game/NPOTG/Maps/UEDPCTesting_Level.Testing_Level:PersistentLevel.wolf_C_8
	Function /Game/NPOTG/Blueprints/Charaktere/wolf.wolf_C:ExecuteUbergraph_wolf:003A
[2015.09.23-16.48.04:047][  2]LogScript:Warning: Accessed None 'PointB'
	wolf_C /Temp/Autosaves/Game/NPOTG/Maps/UEDPCTesting_Level.Testing_Level:PersistentLevel.wolf_C_8
	Function /Game/NPOTG/Blueprints/Charaktere/wolf.wolf_C:ExecuteUbergraph_wolf:0065
[2015.09.23-16.48.04:071][  3]LogScript:Warning: Accessed None 'PointA'
	wolf_C /Temp/Autosaves/Game/NPOTG/Maps/UEDPCTesting_Level.Testing_Level:PersistentLevel.wolf_C_8
	Function /Game/NPOTG/Blueprints/Charaktere/wolf.wolf_C:ExecuteUbergraph_wolf:003A
[2015.09.23-16.48.04:071][  3]LogScript:Warning: Accessed None 'PointB'
	wolf_C /Temp/Autosaves/Game/NPOTG/Maps/UEDPCTesting_Level.Testing_Level:PersistentLevel.wolf_C_8
	Function /Game/NPOTG/Blueprints/Charaktere/wolf.wolf_C:ExecuteUbergraph_wolf:0065
[2015.09.23-16.48.04:087][  4]LogScript:Warning: Accessed None 'PointA'
	wolf_C /Temp/Autosaves/Game/NPOTG/Maps/UEDPCTesting_Level.Testing_Level:PersistentLevel.wolf_C_8
	Function /Game/NPOTG/Blueprints/Charaktere/wolf.wolf_C:ExecuteUbergraph_wolf:003A
[2015.09.23-16.48.04:087][  4]LogScript:Warning: Accessed None 'PointB'
	wolf_C /Temp/Autosaves/Game/NPOTG/Maps/UEDPCTesting_Level.Testing_Level:PersistentLevel.wolf_C_8
	Function /Game/NPOTG/Blueprints/Charaktere/wolf.wolf_C:ExecuteUbergraph_wolf:0065
[2015.09.23-16.48.04:103][  5]LogScript:Warning: Accessed None 'PointA'
	wolf_C /Temp/Autosaves/Game/NPOTG/Maps/UEDPCTesting_Level.Testing_Level:PersistentLevel.wolf_C_8
	Function /Game/NPOTG/Blueprints/Charaktere/wolf.wolf_C:ExecuteUbergraph_wolf:003A
[2015.09.23-16.48.04:103][  5]LogScript:Warning: Accessed None 'PointB'
	wolf_C /Temp/Autosaves/Game/NPOTG/Maps/UEDPCTesting_Level.Testing_Level:PersistentLevel.wolf_C_8
	Function /Game/NPOTG/Blueprints/Charaktere/wolf.wolf_C:ExecuteUbergraph_wolf:0065
[2015.09.23-16.48.04:119][  6]LogScript:Warning: Accessed None 'PointA'
	wolf_C /Temp/Autosaves/Game/NPOTG/Maps/UEDPCTesting_Level.Testing_Level:PersistentLevel.wolf_C_8
	Function /Game/NPOTG/Blueprints/Charaktere/wolf.wolf_C:ExecuteUbergraph_wolf:003A
[2015.09.23-16.48.04:119][  6]LogScript:Warning: Accessed None 'PointB'
	wolf_C /Temp/Autosaves/Game/NPOTG/Maps/UEDPCTesting_Level.Testing_Level:PersistentLevel.wolf_C_8
	Function /Game/NPOTG/Blueprints/Charaktere/wolf.wolf_C:ExecuteUbergraph_wolf:0065
[2015.09.23-16.48.04:135][  7]LogScript:Warning: Accessed None 'PointA'
	wolf_C /Temp/Autosaves/Game/NPOTG/Maps/UEDPCTesting_Level.Testing_Level:PersistentLevel.wolf_C_8
	Function /Game/NPOTG/Blueprints/Charaktere/wolf.wolf_C:ExecuteUbergraph_wolf:003A
[2015.09.23-16.48.04:135][  7]LogScript:Warning: Accessed None 'PointB'
	wolf_C /Temp/Autosaves/Game/NPOTG/Maps/UEDPCTesting_Level.Testing_Level:PersistentLevel.wolf_C_8
	Function /Game/NPOTG/Blueprints/Charaktere/wolf.wolf_C:ExecuteUbergraph_wolf:0065
[2015.09.23-16.48.04:151][  8]LogScript:Warning: Accessed None 'PointA'
	wolf_C /Temp/Autosaves/Game/NPOTG/Maps/UEDPCTesting_Level.Testing_Level:PersistentLevel.wolf_C_8
	Function /Game/NPOTG/Blueprints/Charaktere/wolf.wolf_C:ExecuteUbergraph_wolf:003A
[2015.09.23-16.48.04:151][  8]LogScript:Warning: Accessed None 'PointB'
	wolf_C /Temp/Autosaves/Game/NPOTG/Maps/UEDPCTesting_Level.Testing_Level:PersistentLevel.wolf_C_8
	Function /Game/NPOTG/Blueprints/Charaktere/wolf.wolf_C:ExecuteUbergraph_wolf:0065
[2015.09.23-16.48.04:167][  9]LogScript:Warning: Accessed None 'PointA'
	wolf_C /Temp/Autosaves/Game/NPOTG/Maps/UEDPCTesting_Level.Testing_Level:PersistentLevel.wolf_C_8
	Function /Game/NPOTG/Blueprints/Charaktere/wolf.wolf_C:ExecuteUbergraph_wolf:003A
[2015.09.23-16.48.06:113][128]LogScriptCore: Script call stack:
	Function /Game/NPOTG/Blueprints/Charaktere/wolf.wolf_C:BndEvt__see cone_K2Node_ComponentBoundEvent_90_ComponentBeginOverlapSignature__DelegateSignature
	Function /Game/NPOTG/Blueprints/Charaktere/wolf.wolf_C:ExecuteUbergraph_wolf
	Function /Game/NPOTG/Blueprints/Charaktere/wolf.wolf_C:start the fight
	Function /Game/NPOTG/Blueprints/Charaktere/wolf.wolf_C:construct fight
	Function /Game/NPOTG/Blueprints/Charaktere/wolf.wolf_C:start the fight
	Function /Game/NPOTG/Blueprints/Charaktere/wolf.wolf_C:construct fight
	Function /Game/NPOTG/Blueprints/Charaktere/wolf.wolf_C:start the fight
	Function /Game/NPOTG/Blueprints/Charaktere/wolf.wolf_C:construct fight
	Function /Game/NPOTG/Blueprints/Charaktere/wolf.wolf_C:start the fight
	Function /Game/NPOTG/Blueprints/Charaktere/wolf.wolf_C:construct fight
	Function /Game/NPOTG/Blueprints/Charaktere/wolf.wolf_C:start the fight
	Function /Game/NPOTG/Blueprints/Charaktere/wolf.wolf_C:construct fight
	Function /Game/NPOTG/Blueprints/Charaktere/wolf.wolf_C:start the fight
	Function /Game/NPOTG/Blueprints/Charaktere/wolf.wolf_C:construct fight
	Function /Game/NPOTG/Blueprints/Charaktere/wolf.wolf_C:start the fight
	Function /Game/NPOTG/Blueprints/Charaktere/wolf.wolf_C:construct fight
	Function /Game/NPOTG/Blueprints/Charaktere/wolf.wolf_C:start the fight
	Function /Game/NPOTG/Blueprints/Charaktere/wolf.wolf_C:construct fight
	Function /Game/NPOTG/Blueprints/Charaktere/wolf.wolf_C:start the fight
	Function /Game/NPOTG/Blueprints/Charaktere/wolf.wolf_C:construct fight
	Function /Game/NPOTG/Blueprints/Charaktere/wolf.wolf_C:start the fight
	Function /Game/NPOTG/Blueprints/Charaktere/wolf.wolf_C:construct fight
	Function /Game/NPOTG/Blueprints/Charaktere/wolf.wolf_C:start the fight
	Function /Game/NPOTG/Blueprints/Charaktere/wolf.wolf_C:construct fight
	Function /Game/NPOTG/Blueprints/Charaktere/wolf.wolf_C:start the fight
	Function /Game/NPOTG/Blueprints/Charaktere/wolf.wolf_C:construct fight
	Function /Game/NPOTG/Blueprints/Charaktere/wolf.wolf_C:start the fight
	Function /Game/NPOTG/Blueprints/Charaktere/wolf.wolf_C:construct fight
	Function /Game/NPOTG/Blueprints/Charaktere/wolf.wolf_C:start the fight
	Function /Game/NPOTG/Blueprints/Charaktere/wolf.wolf_C:construct fight
	Function /Game/NPOTG/Blueprints/Charaktere/wolf.wolf_C:start the fight
	Function /Game/NPOTG/Blueprints/Charaktere/wolf.wolf_C:construct fight
	Function /Game/NPOTG/Blueprints/Charaktere/wolf.wolf_C:start the fight
	Function /Game/NPOTG/Blueprints/Charaktere/wolf.wolf_C:construct fight
	Function /Game/NPOTG/Blueprints/Charaktere/wolf.wolf_C:start the fight
	Function /Game/NPOTG/Blueprints/Charaktere/wolf.wolf_C:construct fight
	Function /Game/NPOTG/Blueprints/Charaktere/wolf.wolf_C:start the fight
	Function /Game/NPOTG/Blueprints/Charaktere/wolf.wolf_C:construct fight
	Function /Game/NPOTG/Blueprints/Charaktere/wolf.wolf_C:start the fight
	Function /Game/NPOTG/Blueprints/Charaktere/wolf.wolf_C:construct fight
	Function /Game/NPOTG/Blueprints/Charaktere/wolf.wolf_C:start the fight
	Function /Game/NPOTG/Blueprints/Charaktere/wolf.wolf_C:construct fight
	Function /Game/NPOTG/Blueprints/Charaktere/wolf.wolf_C:start the fight
	Function /Game/NPOTG/Blueprints/Charaktere/wolf.wolf_C:construct fight
	Function /Game/NPOTG/Blueprints/Charaktere/wolf.wolf_C:start the fight
	Function /Game/NPOTG/Blueprints/Charaktere/wolf.wolf_C:construct fight
	Function /Game/NPOTG/Blueprints/Charaktere/wolf.wolf_C:start the fight
	Function /Game/NPOTG/Blueprints/Charaktere/wolf.wolf_C:construct fight
	Function /Game/NPOTG/Blueprints/Charaktere/wolf.wolf_C:start the fight
	Function /Game/NPOTG/Blueprints/Charaktere/wolf.wolf_C:construct fight
	Function /Game/NPOTG/Blueprints/Charaktere/wolf.wolf_C:start the fight
	Function /Game/NPOTG/Blueprints/Charaktere/wolf.wolf_C:construct fight
	Function /Game/NPOTG/Blueprints/Charaktere/wolf.wolf_C:start the fight
	Function /Game/NPOTG/Blueprints/Charaktere/wolf.wolf_C:construct fight
	Function /Game/NPOTG/Blueprints/Charaktere/wolf.wolf_C:start the fight
	Function /Game/NPOTG/Blueprints/Charaktere/wolf.wolf_C:construct fight
	Function /Game/NPOTG/Blueprints/Charaktere/wolf.wolf_C:start the fight
	Function /Game/NPOTG/Blueprints/Charaktere/wolf.wolf_C:construct fight
	Function /Game/NPOTG/Blueprints/Charaktere/wolf.wolf_C:start the fight
	Function /Game/NPOTG/Blueprints/Charaktere/wolf.wolf_C:construct fight
	Function /Game/NPOTG/Blueprints/Charaktere/wolf.wolf_C:start the fight
	Function /Game/NPOTG/Blueprints/Charaktere/wolf.wolf_C:construct fight
	Function /Game/NPOTG/Blueprints/Charaktere/wolf.wolf_C:start the fight
	Function /Game/NPOTG/Blueprints/Charaktere/wolf.wolf_C:construct fight
	Function /Game/NPOTG/Blueprints/Charaktere/wolf.wolf_C:start the fight
	Function /Game/NPOTG/Blueprints/Charaktere/wolf.wolf_C:construct fight
	Function /Game/NPOTG/Blueprints/Charaktere/wolf.wolf_C:start the fight
	Function /Game/NPOTG/Blueprints/Charaktere/wolf.wolf_C:construct fight
	Function /Game/NPOTG/Blueprints/Charaktere/wolf.wolf_C:start the fight
	Function /Game/NPOTG/Blueprints/Charaktere/wolf.wolf_C:construct fight
	Function /Game/NPOTG/Blueprints/Charaktere/wolf.wolf_C:start the fight
	Function /Game/NPOTG/Blueprints/Charaktere/wolf.wolf_C:construct fight
	Function /Game/NPOTG/Blueprints/Charaktere/wolf.wolf_C:start the fight
	Function /Game/NPOTG/Blueprints/Charaktere/wolf.wolf_C:construct fight
	Function /Game/NPOTG/Blueprints/Charaktere/wolf.wolf_C:start the fight
	Function /Game/NPOTG/Blueprints/Charaktere/wolf.wolf_C:construct fight
	Function /Game/NPOTG/Blueprints/Charaktere/wolf.wolf_C:start the fight
	Function /Game/NPOTG/Blueprints/Charaktere/wolf.wolf_C:construct fight
	Function /Game/NPOTG/Blueprints/Charaktere/wolf.wolf_C:start the fight
	Function /Game/NPOTG/Blueprints/Charaktere/wolf.wolf_C:construct fight
	Function /Game/NPOTG/Blueprints/Charaktere/wolf.wolf_C:start the fight
	Function /Game/NPOTG/Blueprints/Charaktere/wolf.wolf_C:construct fight
	Function /Game/NPOTG/Blueprints/Charaktere/wolf.wolf_C:start the fight
	Function /Game/NPOTG/Blueprints/Charaktere/wolf.wolf_C:construct fight
	Function /Game/NPOTG/Blueprints/Charaktere/wolf.wolf_C:start the fight
	Function /Game/NPOTG/Blueprints/Charaktere/wolf.wolf_C:construct fight
	Function /Game/NPOTG/Blueprints/Charaktere/wolf.wolf_C:start the fight
	Function /Game/NPOTG/Blueprints/Charaktere/wolf.wolf_C:construct fight
	Function /Game/NPOTG/Blueprints/Charaktere/wolf.wolf_C:start the fight
	Function /Game/NPOTG/Blueprints/Charaktere/wolf.wolf_C:construct fight
	Function /Game/NPOTG/Blueprints/Charaktere/wolf.wolf_C:start the fight
	Function /Game/NPOTG/Blueprints/Charaktere/wolf.wolf_C:construct fight
	Function /Game/NPOTG/Blueprints/Charaktere/wolf.wolf_C:start the fight
	Function /Game/NPOTG/Blueprints/Charaktere/wolf.wolf_C:construct fight
	Function /Game/NPOTG/Blueprints/Charaktere/wolf.wolf_C:start the fight
	Function /Game/NPOTG/Blueprints/Charaktere/wolf.wolf_C:construct fight
	Function /Game/NPOTG/Blueprints/Charaktere/wolf.wolf_C:start the fight
	Function /Game/NPOTG/Blueprints/Charaktere/wolf.wolf_C:construct fight
	Function /Game/NPOTG/Blueprints/Charaktere/wolf.wolf_C:start the fight
	Function /Game/NPOTG/Blueprints/Charaktere/wolf.wolf_C:construct fight
	Function /Game/NPOTG/Blueprints/Charaktere/wolf.wolf_C:start the fight
	Function /Game/NPOTG/Blueprints/Charaktere/wolf.wolf_C:construct fight
	Function /Game/NPOTG/Blueprints/Charaktere/wolf.wolf_C:start the fight
	Function /Game/NPOTG/Blueprints/Charaktere/wolf.wolf_C:construct fight
	Function /Game/NPOTG/Blueprints/Charaktere/wolf.wolf_C:start the fight
	Function /Game/NPOTG/Blueprints/Charaktere/wolf.wolf_C:construct fight
	Function /Game/NPOTG/Blueprints/Charaktere/wolf.wolf_C:start the fight
	Function /Game/NPOTG/Blueprints/Charaktere/wolf.wolf_C:construct fight
	Function /Game/NPOTG/Blueprints/Charaktere/wolf.wolf_C:start the fight
	Function /Game/NPOTG/Blueprints/Charaktere/wolf.wolf_C:construct fight
	Function /Game/NPOTG/Blueprints/Charaktere/wolf.wolf_C:start the fight
	Function /Game/NPOTG/Blueprints/Charaktere/wolf.wolf_C:construct fight
	Function /Game/NPOTG/Blueprints/Charaktere/wolf.wolf_C:start the fight
	Function /Game/NPOTG/Blueprints/Charaktere/wolf.wolf_C:construct fight
	Function /Game/NPOTG/Blueprints/Charaktere/wolf.wolf_C:start the fight
	Function /Game/NPOTG/Blueprints/Charaktere/wolf.wolf_C:construct fight
	Function /Game/NPOTG/Blueprints/Charaktere/wolf.wolf_C:start the fight
	Function /Game/NPOTG/Blueprints/Charaktere/wolf.wolf_C:construct fight
	Function /Game/NPOTG/Blueprints/Charaktere/wolf.wolf_C:start the fight
	Function /Game/NPOTG/Blueprints/Charaktere/wolf.wolf_C:construct fight
	Function /Game/NPOTG/Blueprints/Charaktere/wolf.wolf_C:start the fight
	Function /Game/NPOTG/Blueprints/Charaktere/wolf.wolf_C:construct fight
	Function /Game/NPOTG/Blueprints/Charaktere/wolf.wolf_C:start the fight
	Function /Game/NPOTG/Blueprints/Charaktere/wolf.wolf_C:construct fight
	Function /Game/NPOTG/Blueprints/Charaktere/wolf.wolf_C:start the fight
	Function /Game/NPOTG/Blueprints/Charaktere/wolf.wolf_C:construct fight
	Function /Game/NPOTG/Blueprints/Charaktere/wolf.wolf_C:start the fight
	Function /Game/NPOTG/Blueprints/Charaktere/wolf.wolf_C:construct fight
	Function /Game/NPOTG/Blueprints/Charaktere/wolf.wolf_C:start the fight
	Function /Game/NPOTG/Blueprints/Charaktere/wolf.wolf_C:construct fight
	Function /Game/NPOTG/Blueprints/Charaktere/wolf.wolf_C:start the fight
	Function /Game/NPOTG/Blueprints/Charaktere/wolf.wolf_C:construct fight
	Function /Game/NPOTG/Blueprints/Charaktere/wolf.wolf_C:start the fight
	Function /Game/NPOTG/Blueprints/Charaktere/wolf.wolf_C:construct fight
	Function /Game/NPOTG/Blueprints/Charaktere/wolf.wolf_C:start the fight
	Function /Game/NPOTG/Blueprints/Charaktere/wolf.wolf_C:construct fight
	Function /Game/NPOTG/Blueprints/Charaktere/wolf.wolf_C:start the fight
	Function /Game/NPOTG/Blueprints/Charaktere/wolf.wolf_C:construct fight
	Function /Game/NPOTG/Blueprints/Charaktere/wolf.wolf_C:start the fight
	Function /Game/NPOTG/Blueprints/Charaktere/wolf.wolf_C:construct fight
	Function /Game/NPOTG/Blueprints/Charaktere/wolf.wolf_C:start the fight
	Function /Game/NPOTG/Blueprints/Charaktere/wolf.wolf_C:construct fight
	Function /Game/NPOTG/Blueprints/Charaktere/wolf.wolf_C:start the fight
	Function /Game/NPOTG/Blueprints/Charaktere/wolf.wolf_C:construct fight
	Function /Game/NPOTG/Blueprints/Charaktere/wolf.wolf_C:start the fight
	Function /Game/NPOTG/Blueprints/Charaktere/wolf.wolf_C:construct fight
	Function /Game/NPOTG/Blueprints/Charaktere/wolf.wolf_C:start the fight
	Function /Game/NPOTG/Blueprints/Charaktere/wolf.wolf_C:construct fight
	Function /Game/NPOTG/Blueprints/Charaktere/wolf.wolf_C:start the fight
	Function /Game/NPOTG/Blueprints/Charaktere/wolf.wolf_C:construct fight
	Function /Game/NPOTG/Blueprints/Charaktere/wolf.wolf_C:start the fight
	Function /Game/NPOTG/Blueprints/Charaktere/wolf.wolf_C:construct fight
	Function /Game/NPOTG/Blueprints/Charaktere/wolf.wolf_C:start the fight
	Function /Game/NPOTG/Blueprints/Charaktere/wolf.wolf_C:construct fight
	Function /Game/NPOTG/Blueprints/Charaktere/wolf.wolf_C:start the fight
	Function /Game/NPOTG/Blueprints/Charaktere/wolf.wolf_C:construct fight
	Function /Game/NPOTG/Blueprints/Charaktere/wolf.wolf_C:start the fight
	Function /Game/NPOTG/Blueprints/Charaktere/wolf.wolf_C:construct fight
	Function /Game/NPOTG/Blueprints/Charaktere/wolf.wolf_C:start the fight
	Function /Game/NPOTG/Blueprints/Charaktere/wolf.wolf_C:construct fight
	Function /Game/NPOTG/Blueprints/Charaktere/wolf.wolf_C:start the fight
	Function /Game/NPOTG/Blueprints/Charaktere/wolf.wolf_C:construct fight
	Function /Game/NPOTG/Blueprints/Charaktere/wolf.wolf_C:start the fight
	Function /Game/NPOTG/Blueprints/Charaktere/wolf.wolf_C:construct fight
	Function /Game/NPOTG/Blueprints/Charaktere/wolf.wolf_C:start the fight
	Function /Game/NPOTG/Blueprints/Charaktere/wolf.wolf_C:construct fight
	Function /Game/NPOTG/Blueprints/Charaktere/wolf.wolf_C:start the fight
	Function /Game/NPOTG/Blueprints/Charaktere/wolf.wolf_C:construct fight
	Function /Game/NPOTG/Blueprints/Charaktere/wolf.wolf_C:start the fight
	Function /Game/NPOTG/Blueprints/Charaktere/wolf.wolf_C:construct fight
	Function /Game/NPOTG/Blueprints/Charaktere/wolf.wolf_C:start the fight
	Function /Game/NPOTG/Blueprints/Charaktere/wolf.wolf_C:construct fight
	Function /Game/NPOTG/Blueprints/Charaktere/wolf.wolf_C:start the fight
	Function /Game/NPOTG/Blueprints/Charaktere/wolf.wolf_C:construct fight
	Function /Game/NPOTG/Blueprints/Charaktere/wolf.wolf_C:start the fight
	Function /Game/NPOTG/Blueprints/Charaktere/wolf.wolf_C:construct fight
	Function /Game/NPOTG/Blueprints/Charaktere/wolf.wolf_C:start the fight
	Function /Game/NPOTG/Blueprints/Charaktere/wolf.wolf_C:construct fight
	Function /Game/NPOTG/Blueprints/Charaktere/wolf.wolf_C:start the fight
	Function /Game/NPOTG/Blueprints/Charaktere/wolf.wolf_C:construct fight
	Function /Game/NPOTG/Blueprints/Charaktere/wolf.wolf_C:start the fight
	Function /Game/NPOTG/Blueprints/Charaktere/wolf.wolf_C:construct fight
	Function /Game/NPOTG/Blueprints/Charaktere/wolf.wolf_C:start the fight
	Function /Game/NPOTG/Blueprints/Charaktere/wolf.wolf_C:construct fight
	Function /Game/NPOTG/Blueprints/Charaktere/wolf.wolf_C:start the fight
	Function /Game/NPOTG/Blueprints/Charaktere/wolf.wolf_C:construct fight
	Function /Game/NPOTG/Blueprints/Charaktere/wolf.wolf_C:start the fight
	Function /Game/NPOTG/Blueprints/Charaktere/wolf.wolf_C:construct fight
	Function /Game/NPOTG/Blueprints/Charaktere/wolf.wolf_C:start the fight
	Function /Game/NPOTG/Blueprints/Charaktere/wolf.wolf_C:construct fight
	Function /Game/NPOTG/Blueprints/Charaktere/wolf.wolf_C:start the fight
	Function /Game/NPOTG/Blueprints/Charaktere/wolf.wolf_C:construct fight
	Function /Game/NPOTG/Blueprints/Charaktere/wolf.wolf_C:start the fight
	Function /Game/NPOTG/Blueprints/Charaktere/wolf.wolf_C:construct fight
	Function /Game/NPOTG/Blueprints/Charaktere/wolf.wolf_C:start the fight
	Function /Game/NPOTG/Blueprints/Charaktere/wolf.wolf_C:construct fight
	Function /Game/NPOTG/Blueprints/Charaktere/wolf.wolf_C:start the fight
	Function /Game/NPOTG/Blueprints/Charaktere/wolf.wolf_C:construct fight
	Function /Game/NPOTG/Blueprints/Charaktere/wolf.wolf_C:start the fight
	Function /Game/NPOTG/Blueprints/Charaktere/wolf.wolf_C:construct fight
	Function /Game/NPOTG/Blueprints/Charaktere/wolf.wolf_C:start the fight
	Function /Game/NPOTG/Blueprints/Charaktere/wolf.wolf_C:construct fight
	Function /Game/NPOTG/Blueprints/Charaktere/wolf.wolf_C:start the fight
	Function /Game/NPOTG/Blueprints/Charaktere/wolf.wolf_C:construct fight
	Function /Game/NPOTG/Blueprints/Charaktere/wolf.wolf_C:start the fight
	Function /Game/NPOTG/Blueprints/Charaktere/wolf.wolf_C:construct fight
	Function /Game/NPOTG/Blueprints/Charaktere/wolf.wolf_C:start the fight
	Function /Game/NPOTG/Blueprints/Charaktere/wolf.wolf_C:construct fight
	Function /Game/NPOTG/Blueprints/Charaktere/wolf.wolf_C:start the fight
	Function /Game/NPOTG/Blueprints/Charaktere/wolf.wolf_C:construct fight
	Function /Game/NPOTG/Blueprints/Charaktere/wolf.wolf_C:start the fight
	Function /Game/NPOTG/Blueprints/Charaktere/wolf.wolf_C:construct fight
	Function /Game/NPOTG/Blueprints/Charaktere/wolf.wolf_C:start the fight
	Function /Game/NPOTG/Blueprints/Charaktere/wolf.wolf_C:construct fight
	Function /Game/NPOTG/Blueprints/Charaktere/wolf.wolf_C:start the fight
	Function /Game/NPOTG/Blueprints/Charaktere/wolf.wolf_C:construct fight
	Function /Game/NPOTG/Blueprints/Charaktere/wolf.wolf_C:start the fight
	Function /Game/NPOTG/Blueprints/Charaktere/wolf.wolf_C:construct fight
	Function /Game/NPOTG/Blueprints/Charaktere/wolf.wolf_C:start the fight
	Function /Game/NPOTG/Blueprints/Charaktere/wolf.wolf_C:construct fight
	Function /Game/NPOTG/Blueprints/Charaktere/wolf.wolf_C:start the fight
	Function /Game/NPOTG/Blueprints/Charaktere/wolf.wolf_C:construct fight
	Function /Game/NPOTG/Blueprints/Charaktere/wolf.wolf_C:start the fight
	Function /Game/NPOTG/Blueprints/Charaktere/wolf.wolf_C:construct fight
	Function /Game/NPOTG/Blueprints/Charaktere/wolf.wolf_C:start the fight
	Function /Game/NPOTG/Blueprints/Charaktere/wolf.wolf_C:construct fight
	Function /Game/NPOTG/Blueprints/Charaktere/wolf.wolf_C:start the fight
	Function /Game/NPOTG/Blueprints/Charaktere/wolf.wolf_C:construct fight
	Function /Game/NPOTG/Blueprints/Charaktere/wolf.wolf_C:start the fight
	Function /Game/NPOTG/Blueprints/Charaktere/wolf.wolf_C:construct fight
	Function /Game/NPOTG/Blueprints/Charaktere/wolf.wolf_C:start the fight
	Function /Game/NPOTG/Blueprints/Charaktere/wolf.wolf_C:construct fight
	Function /Game/NPOTG/Blueprints/Charaktere/wolf.wolf_C:start the fight
	Function /Game/NPOTG/Blueprints/Charaktere/wolf.wolf_C:construct fight
	Function /Game/NPOTG/Blueprints/Charaktere/wolf.wolf_C:start the fight
	Function /Game/NPOTG/Blueprints/Charaktere/wolf.wolf_C:construct fight
	Function /Game/NPOTG/Blueprints/Charaktere/wolf.wolf_C:start the fight
	Function /Game/NPOTG/Blueprints/Charaktere/wolf.wolf_C:construct fight
	Function /Game/NPOTG/Blueprints/Charaktere/wolf.wolf_C:start the fight
	Function /Game/NPOTG/Blueprints/Charaktere/wolf.wolf_C:construct fight
	Function /Game/NPOTG/Blueprints/Charaktere/wolf.wolf_C:start the fight
	Function /Game/NPOTG/Blueprints/Charaktere/wolf.wolf_C:construct fight
	Function /Game/NPOTG/Blueprints/Charaktere/wolf.wolf_C:start the fight
	Function /Game/NPOTG/Blueprints/Charaktere/wolf.wolf_C:construct fight
	Function /Game/NPOTG/Blueprints/Charaktere/wolf.wolf_C:start the fight
	Function /Game/NPOTG/Blueprints/Charaktere/wolf.wolf_C:construct fight
	Function /Game/NPOTG/Blueprints/Charaktere/wolf.wolf_C:start the fight
	Function /Game/NPOTG/Blueprints/Charaktere/wolf.wolf_C:construct fight
	Function /Game/NPOTG/Blueprints/Charaktere/wolf.wolf_C:start the fight
	Function /Game/NPOTG/Blueprints/Charaktere/wolf.wolf_C:construct fight

[2015.09.23-16.48.06:113][128]LogScript:Warning: Infinite script recursion (250 calls) detected
	wolf_C /Temp/Autosaves/Game/NPOTG/Maps/UEDPCTesting_Level.Testing_Level:PersistentLevel.wolf_C_6
	Function /Game/NPOTG/Blueprints/Charaktere/wolf.wolf_C:construct fight:0000
[2015.09.23-16.48.06:131][129]LogBlueprintUserMessages: 9.552252
[2015.09.23-16.48.06:159][130]LogBlueprintUserMessages: 9.496716
[2015.09.23-16.48.06:175][131]LogBlueprintUserMessages: 9.47513
[2015.09.23-16.48.06:191][132]LogBlueprintUserMessages: 9.394485
[2015.09.23-16.48.06:207][133]LogBlueprintUserMessages: 9.313839
[2015.09.23-16.48.06:223][134]LogBlueprintUserMessages: 9.233193
[2015.09.23-16.48.06:240][135]LogBlueprintUserMessages: 9.152548
[2015.09.23-16.48.06:256][136]LogBlueprintUserMessages: 9.071902
[2015.09.23-16.48.06:272][137]LogBlueprintUserMessages: 8.991257
[2015.09.23-16.48.06:288][138]LogBlueprintUserMessages: 8.910611
[2015.09.23-16.48.06:304][139]LogBlueprintUserMessages: 8.829966
[2015.09.23-16.48.06:320][140]LogBlueprintUserMessages: 8.74932
[2015.09.23-16.48.06:336][141]LogBlueprintUserMessages: 8.668674
[2015.09.23-16.48.06:352][142]LogBlueprintUserMessages: 8.588029
[2015.09.23-16.48.06:368][143]LogBlueprintUserMessages: 8.507383
[2015.09.23-16.48.06:385][144]LogBlueprintUserMessages: 8.426738
[2015.09.23-16.48.06:401][145]LogBlueprintUserMessages: 8.346092
[2015.09.23-16.48.06:417][146]LogBlueprintUserMessages: 8.265447
[2015.09.23-16.48.06:433][147]LogBlueprintUserMessages: 8.184801
[2015.09.23-16.48.06:449][148]LogBlueprintUserMessages: 8.104156
[2015.09.23-16.48.06:465][149]LogBlueprintUserMessages: 8.02351
[2015.09.23-16.48.06:481][150]LogBlueprintUserMessages: 7.942864
[2015.09.23-16.48.06:497][151]LogBlueprintUserMessages: 7.862218
[2015.09.23-16.48.06:514][152]LogBlueprintUserMessages: 7.781572
[2015.09.23-16.48.06:530][153]LogBlueprintUserMessages: 7.700926
[2015.09.23-16.48.06:546][154]LogBlueprintUserMessages: 7.62028
[2015.09.23-16.48.06:562][155]LogBlueprintUserMessages: 7.539634
[2015.09.23-16.48.06:578][156]LogBlueprintUserMessages: 7.458988
[2015.09.23-16.48.06:594][157]LogBlueprintUserMessages: 7.378342
[2015.09.23-16.48.06:610][158]LogBlueprintUserMessages: 7.297696
[2015.09.23-16.48.06:626][159]LogBlueprintUserMessages: 7.21705
[2015.09.23-16.48.06:642][160]LogBlueprintUserMessages: 7.136404
[2015.09.23-16.48.06:659][161]LogBlueprintUserMessages: 7.055758
[2015.09.23-16.48.06:675][162]LogBlueprintUserMessages: 6.975111
[2015.09.23-16.48.06:691][163]LogBlueprintUserMessages: 6.894465
[2015.09.23-16.48.06:707][164]LogBlueprintUserMessages: 6.813819
[2015.09.23-16.48.06:723][165]LogBlueprintUserMessages: 6.733173
[2015.09.23-16.48.06:739][166]LogBlueprintUserMessages: 6.652527
[2015.09.23-16.48.06:755][167]LogBlueprintUserMessages: 6.571881
[2015.09.23-16.48.06:771][168]LogBlueprintUserMessages: 6.491235
[2015.09.23-16.48.06:788][169]LogBlueprintUserMessages: 6.410589
[2015.09.23-16.48.06:804][170]LogBlueprintUserMessages: 6.329943
[2015.09.23-16.48.06:820][171]LogBlueprintUserMessages: 6.249297
[2015.09.23-16.48.06:836][172]LogBlueprintUserMessages: 6.168651
[2015.09.23-16.48.06:852][173]LogBlueprintUserMessages: 6.088005
[2015.09.23-16.48.06:868][174]LogBlueprintUserMessages: 6.007359
[2015.09.23-16.48.06:884][175]LogBlueprintUserMessages: 5.926713
[2015.09.23-16.48.06:900][176]LogBlueprintUserMessages: 5.846067
[2015.09.23-16.48.06:916][177]LogBlueprintUserMessages: 5.765421
[2015.09.23-16.48.06:933][178]LogBlueprintUserMessages: 5.684732
[2015.09.23-16.48.06:949][179]LogBlueprintUserMessages: 5.604107
[2015.09.23-16.48.06:965][180]LogBlueprintUserMessages: 5.523461
[2015.09.23-16.48.06:981][181]LogBlueprintUserMessages: 5.442815
[2015.09.23-16.48.06:998][182]LogBlueprintUserMessages: 5.362169
[2015.09.23-16.48.07:014][183]LogBlueprintUserMessages: 5.281523
[2015.09.23-16.48.07:030][184]LogBlueprintUserMessages: 5.200877
[2015.09.23-16.48.07:047][185]LogBlueprintUserMessages: 5.120231
[2015.09.23-16.48.07:063][186]LogBlueprintUserMessages: 5.039585
[2015.09.23-16.48.07:079][187]LogBlueprintUserMessages: 4.958939
[2015.09.23-16.48.07:095][188]LogBlueprintUserMessages: 4.878293
[2015.09.23-16.48.07:111][189]LogBlueprintUserMessages: 4.797647
[2015.09.23-16.48.07:127][190]LogBlueprintUserMessages: 4.717001
[2015.09.23-16.48.07:143][191]LogBlueprintUserMessages: 4.636355
[2015.09.23-16.48.07:159][192]LogBlueprintUserMessages: 4.555709
[2015.09.23-16.48.07:175][193]LogBlueprintUserMessages: 4.475063
[2015.09.23-16.48.07:192][194]LogBlueprintUserMessages: 4.394417
[2015.09.23-16.48.07:208][195]LogBlueprintUserMessages: 4.313771
[2015.09.23-16.48.07:224][196]LogBlueprintUserMessages: 4.233125
[2015.09.23-16.48.07:240][197]LogBlueprintUserMessages: 4.152479
[2015.09.23-16.48.07:256][198]LogBlueprintUserMessages: 4.071833
[2015.09.23-16.48.07:272][199]LogBlueprintUserMessages: 3.991187
[2015.09.23-16.48.07:288][200]LogBlueprintUserMessages: 3.910541
[2015.09.23-16.48.07:304][201]LogBlueprintUserMessages: 3.829895
[2015.09.23-16.48.07:320][202]LogBlueprintUserMessages: 3.749249
[2015.09.23-16.48.07:337][203]LogBlueprintUserMessages: 3.668554
[2015.09.23-16.48.07:353][204]LogBlueprintUserMessages: 3.587933
[2015.09.23-16.48.07:369][205]LogBlueprintUserMessages: 3.507287
[2015.09.23-16.48.07:385][206]LogBlueprintUserMessages: 3.426641
[2015.09.23-16.48.07:401][207]LogBlueprintUserMessages: 3.345995
[2015.09.23-16.48.07:417][208]LogBlueprintUserMessages: 3.26535
[2015.09.23-16.48.07:433][209]LogBlueprintUserMessages: 3.184704
[2015.09.23-16.48.07:449][210]LogBlueprintUserMessages: 3.104048
[2015.09.23-16.48.07:466][211]LogBlueprintUserMessages: 3.023379
[2015.09.23-16.48.07:482][212]LogBlueprintUserMessages: 2.942748
[2015.09.23-16.48.07:498][213]LogBlueprintUserMessages: 2.862102
[2015.09.23-16.48.07:514][214]LogBlueprintUserMessages: 2.781456
[2015.09.23-16.48.07:530][215]LogBlueprintUserMessages: 2.70081
[2015.09.23-16.48.07:546][216]LogBlueprintUserMessages: 2.620164
[2015.09.23-16.48.07:562][217]LogBlueprintUserMessages: 2.539519
[2015.09.23-16.48.07:578][218]LogBlueprintUserMessages: 2.458789
[2015.09.23-16.48.07:594][219]LogBlueprintUserMessages: 2.378185
[2015.09.23-16.48.07:611][220]LogBlueprintUserMessages: 2.297539
[2015.09.23-16.48.07:627][221]LogBlueprintUserMessages: 2.216893
[2015.09.23-16.48.07:643][222]LogBlueprintUserMessages: 2.136198
[2015.09.23-16.48.07:659][223]LogBlueprintUserMessages: 2.055577
[2015.09.23-16.48.07:675][224]LogBlueprintUserMessages: 1.974931
[2015.09.23-16.48.07:691][225]LogBlueprintUserMessages: 1.894285
[2015.09.23-16.48.07:707][226]LogBlueprintUserMessages: 1.813639
[2015.09.23-16.48.07:723][227]LogBlueprintUserMessages: 1.732993
[2015.09.23-16.48.07:740][228]LogBlueprintUserMessages: 1.652214
[2015.09.23-16.48.07:756][229]LogBlueprintUserMessages: 1.571635
[2015.09.23-16.48.07:772][230]LogBlueprintUserMessages: 1.490989
[2015.09.23-16.48.07:803][231]LogBlueprintUserMessages: 1.259513
[2015.09.23-16.48.07:819][232]LogBlueprintUserMessages: 1.254282
[2015.09.23-16.48.07:835][233]LogBlueprintUserMessages: 1.173636
[2015.09.23-16.48.07:851][234]LogBlueprintUserMessages: 1.09299
[2015.09.23-16.48.07:867][235]LogBlueprintUserMessages: 1.012344
[2015.09.23-16.48.07:884][236]LogBlueprintUserMessages: 0.931699
[2015.09.23-16.48.07:900][237]LogBlueprintUserMessages: 0.851053
[2015.09.23-16.48.07:916][238]LogBlueprintUserMessages: 0.770404
[2015.09.23-16.48.07:932][239]LogBlueprintUserMessages: 0.689759
[2015.09.23-16.48.07:948][240]LogBlueprintUserMessages: 0.609114
[2015.09.23-16.48.07:964][241]LogBlueprintUserMessages: 0.528468
[2015.09.23-16.48.07:980][242]LogBlueprintUserMessages: 0.447822
[2015.09.23-16.48.07:996][243]LogBlueprintUserMessages: 0.367108
[2015.09.23-16.48.08:013][244]LogBlueprintUserMessages: 0.286496
[2015.09.23-16.48.08:029][245]LogBlueprintUserMessages: 0.20585
[2015.09.23-16.48.08:045][246]LogBlueprintUserMessages: 0.125204
[2015.09.23-16.48.08:061][247]LogBlueprintUserMessages: 0.044518
[2015.09.23-16.48.08:077][248]LogBlueprintUserMessages: -0.036108
[2015.09.23-16.48.08:077][248]Closing by request
[2015.09.23-16.48.08:077][248]LogWindows: FPlatformMisc::RequestExit(0)
[2015.09.23-16.48.09:035][249]LogWindowsTextInputMethodSystem:Display: IME system now deactivated.
[2015.09.23-16.48.09:035][249]LogWindowsTextInputMethodSystem:Display: IME system now deactivated.
[2015.09.23-16.48.09:046][249]LogExit: Preparing to exit.
[2015.09.23-16.48.09:134][249]LogExit: Game engine shut down
[2015.09.23-16.48.09:139][249]LogParticles: Destroying 0 GPU particle simulations for FXSystem 0x0000005CF65B9120
[2015.09.23-16.48.09:280][249]LogExit: Object subsystem successfully closed.
[2015.09.23-16.48.09:300][249]LogD3D11RHI: Shutdown
[2015.09.23-16.48.09:300][249]LogD3D11RHI: CleanupD3DDevice
[2015.09.23-16.48.09:390][249]LogD3D11RHI: ~FD3D11DynamicRHI
[2015.09.23-16.48.09:402][249]LogModuleManager: Shutting down and abandoning module AndroidDeviceDetection (109)
[2015.09.23-16.48.09:794][249]LogModuleManager: Shutting down and abandoning module AutomationWorker (108)
[2015.09.23-16.48.09:794][249]LogModuleManager: Shutting down and abandoning module CharacterAI (107)
[2015.09.23-16.48.09:794][249]LogModuleManager: Shutting down and abandoning module AITestSuite (106)
[2015.09.23-16.48.09:794][249]LogModuleManager: Shutting down and abandoning module GameplayDebugger (105)
[2015.09.23-16.48.09:794][249]LogModuleManager: Shutting down and abandoning module AIModule (104)
[2015.09.23-16.48.09:794][249]LogModuleManager: Shutting down and abandoning module GameLiveStreaming (103)
[2015.09.23-16.48.09:794][249]LogModuleManager: Shutting down and abandoning module StreamingPauseRendering (102)
[2015.09.23-16.48.09:794][249]LogModuleManager: Shutting down and abandoning module ProfilerService (101)
[2015.09.23-16.48.09:960][249]LogModuleManager: Shutting down and abandoning module TaskGraph (100)
[2015.09.23-16.48.09:960][249]LogModuleManager: Shutting down and abandoning module SlateRemote (99)
[2015.09.23-16.48.09:960][249]LogModuleManager: Shutting down and abandoning module SteamVRController (98)
[2015.09.23-16.48.09:960][249]LogModuleManager: Shutting down and abandoning module SteamVR (97)
[2015.09.23-16.48.09:960][249]LogModuleManager: Shutting down and abandoning module ProceduralMeshComponent (96)
[2015.09.23-16.48.09:960][249]LogModuleManager: Shutting down and abandoning module OculusRift (95)
[2015.09.23-16.48.09:960][249]LogModuleManager: Shutting down and abandoning module LeapMotionController (94)
[2015.09.23-16.48.09:966][249]LogModuleManager: Shutting down and abandoning module CustomMeshComponent (93)
[2015.09.23-16.48.09:966][249]LogModuleManager: Shutting down and abandoning module CableComponent (92)
[2015.09.23-16.48.09:966][249]LogModuleManager: Shutting down and abandoning module DesktopPlatform (91)
[2015.09.23-16.48.09:966][249]LogModuleManager: Shutting down and abandoning module DirectoryWatcher (90)
[2015.09.23-16.48.09:966][249]LogModuleManager: Shutting down and abandoning module HotReload (89)
[2015.09.23-16.48.09:966][249]LogModuleManager: Shutting down and abandoning module VisualStudioSourceCodeAccess (88)
[2015.09.23-16.48.09:966][249]LogModuleManager: Shutting down and abandoning module UObjectPlugin (87)
[2015.09.23-16.48.09:966][249]LogModuleManager: Shutting down and abandoning module SubversionSourceControl (86)
[2015.09.23-16.48.09:966][249]LogModuleManager: Shutting down and abandoning module SourceControl (85)
[2015.09.23-16.48.09:966][249]LogModuleManager: Shutting down and abandoning module PerforceSourceControl (84)
[2015.09.23-16.48.09:966][249]LogModuleManager: Shutting down and abandoning module BlankPlugin (83)
[2015.09.23-16.48.09:966][249]LogModuleManager: Shutting down and abandoning module UdpMessaging (82)
[2015.09.23-16.48.09:966][249]LogModuleManager: Shutting down and abandoning module AssetRegistry (81)
[2015.09.23-16.48.09:966][249]LogModuleManager: Shutting down and abandoning module SubstanceCore (80)
[2015.09.23-16.48.09:966][249]LogModuleManager: Shutting down and abandoning module Paper2D (79)
[2015.09.23-16.48.09:966][249]LogModuleManager: Shutting down and abandoning module WindowsMoviePlayer (78)
[2015.09.23-16.48.09:968][249]LogModuleManager: Shutting down and abandoning module Media (77)
[2015.09.23-16.48.09:968][249]LogModuleManager: Shutting down and abandoning module WmfMedia (76)
[2015.09.23-16.48.09:968][249]LogModuleManager: Shutting down and abandoning module OnlineBlueprintSupport (75)
[2015.09.23-16.48.09:968][249]LogModuleManager: Shutting down and abandoning module PropertyEditor (74)
[2015.09.23-16.48.09:969][249]LogModuleManager: Shutting down and abandoning module BehaviorTreeEditor (73)
[2015.09.23-16.48.09:969][249]LogModuleManager: Shutting down and abandoning module FunctionalTesting (72)
[2015.09.23-16.48.09:969][249]LogModuleManager: Shutting down and abandoning module CollisionAnalyzer (71)
[2015.09.23-16.48.09:969][249]LogModuleManager: Shutting down and abandoning module WorkspaceMenuStructure (70)
[2015.09.23-16.48.09:969][249]LogModuleManager: Shutting down and abandoning module MessageLog (69)
[2015.09.23-16.48.09:969][249]LogModuleManager: Shutting down and abandoning module Sequencer (68)
[2015.09.23-16.48.09:969][249]LogModuleManager: Shutting down and abandoning module AssetTools (67)
[2015.09.23-16.48.09:969][249]LogModuleManager: Shutting down and abandoning module UMGEditor (66)
[2015.09.23-16.48.09:969][249]LogModuleManager: Shutting down and abandoning module UMG (65)
[2015.09.23-16.48.09:969][249]LogModuleManager: Shutting down and abandoning module Slate (64)
[2015.09.23-16.48.09:969][249]LogModuleManager: Shutting down and abandoning module EditorStyle (63)
[2015.09.23-16.48.09:971][249]LogModuleManager: Shutting down and abandoning module SessionServices (62)
[2015.09.23-16.48.09:971][249]LogModuleManager: Shutting down and abandoning module SourceCodeAccess (61)
[2015.09.23-16.48.09:971][249]LogModuleManager: Shutting down and abandoning module HeadMountedDisplay (60)
[2015.09.23-16.48.09:971][249]LogModuleManager: Shutting down and abandoning module XAudio2 (59)
[2015.09.23-16.48.09:971][249]LogModuleManager: Shutting down and abandoning module Networking (57)
[2015.09.23-16.48.09:971][249]LogModuleManager: Shutting down and abandoning module Core (56)
[2015.09.23-16.48.09:971][249]LogModuleManager: Shutting down and abandoning module KismetCompiler (55)
[2015.09.23-16.48.09:971][249]LogModuleManager: Shutting down and abandoning module PhysXFormats (54)
[2015.09.23-16.48.09:971][249]LogModuleManager: Shutting down and abandoning module MeshUtilities (53)
[2015.09.23-16.48.09:971][249]LogModuleManager: Shutting down and abandoning module DerivedDataCache (52)
[2015.09.23-16.48.10:453][249]LogDerivedDataCache: Shutdown
[2015.09.23-16.48.10:453][249]LogModuleManager: Shutting down and abandoning module ShaderFormatOpenGL (51)
[2015.09.23-16.48.10:453][249]LogModuleManager: Shutting down and abandoning module ShaderFormatD3D (50)
[2015.09.23-16.48.10:453][249]LogModuleManager: Shutting down and abandoning module MetalShaderFormat (49)
[2015.09.23-16.48.10:453][249]LogModuleManager: Shutting down and abandoning module TextureFormatUncompressed (48)
[2015.09.23-16.48.10:453][249]LogModuleManager: Shutting down and abandoning module TextureFormatPVR (47)
[2015.09.23-16.48.10:453][249]LogModuleManager: Shutting down and abandoning module TextureFormatIntelISPCTexComp (46)
[2015.09.23-16.48.10:453][249]LogModuleManager: Shutting down and abandoning module TextureFormatDXT (45)
[2015.09.23-16.48.10:453][249]LogModuleManager: Shutting down and abandoning module ImageWrapper (44)
[2015.09.23-16.48.10:453][249]LogModuleManager: Shutting down and abandoning module TextureFormatASTC (43)
[2015.09.23-16.48.10:453][249]LogModuleManager: Shutting down and abandoning module TextureFormatAndroid (42)
[2015.09.23-16.48.10:453][249]LogModuleManager: Shutting down and abandoning module AudioFormatOpus (41)
[2015.09.23-16.48.10:453][249]LogModuleManager: Shutting down and abandoning module AudioFormatOgg (40)
[2015.09.23-16.48.10:453][249]LogModuleManager: Shutting down and abandoning module AudioFormatADPCM (39)
[2015.09.23-16.48.10:453][249]LogModuleManager: Shutting down and abandoning module LinuxTargetPlatform (38)
[2015.09.23-16.48.10:453][249]LogModuleManager: Shutting down and abandoning module LinuxServerTargetPlatform (37)
[2015.09.23-16.48.10:453][249]LogModuleManager: Shutting down and abandoning module LinuxNoEditorTargetPlatform (36)
[2015.09.23-16.48.10:453][249]LogModuleManager: Shutting down and abandoning module Messaging (35)
[2015.09.23-16.48.10:453][249]LogModuleManager: Shutting down and abandoning module IOSTargetPlatform (34)
[2015.09.23-16.48.10:453][249]LogModuleManager: Shutting down and abandoning module HTML5TargetPlatform (33)
[2015.09.23-16.48.10:453][249]LogModuleManager: Shutting down and abandoning module Android_PVRTCTargetPlatform (32)
[2015.09.23-16.48.10:453][249]LogModuleManager: Shutting down and abandoning module Android_ETC2TargetPlatform (31)
[2015.09.23-16.48.10:453][249]LogModuleManager: Shutting down and abandoning module Android_ETC1TargetPlatform (30)
[2015.09.23-16.48.10:453][249]LogModuleManager: Shutting down and abandoning module Android_DXTTargetPlatform (29)
[2015.09.23-16.48.10:453][249]LogModuleManager: Shutting down and abandoning module Android_ATCTargetPlatform (28)
[2015.09.23-16.48.10:453][249]LogModuleManager: Shutting down and abandoning module Android_ASTCTargetPlatform (27)
[2015.09.23-16.48.10:453][249]LogModuleManager: Shutting down and abandoning module AndroidTargetPlatform (26)
[2015.09.23-16.48.10:453][249]LogModuleManager: Shutting down and abandoning module WindowsTargetPlatform (25)
[2015.09.23-16.48.10:453][249]LogModuleManager: Shutting down and abandoning module WindowsServerTargetPlatform (24)
[2015.09.23-16.48.10:453][249]LogModuleManager: Shutting down and abandoning module WindowsNoEditorTargetPlatform (23)
[2015.09.23-16.48.10:453][249]LogModuleManager: Shutting down and abandoning module WindowsClientTargetPlatform (22)
[2015.09.23-16.48.10:453][249]LogModuleManager: Shutting down and abandoning module DesktopTargetPlatform (21)
[2015.09.23-16.48.10:453][249]LogModuleManager: Shutting down and abandoning module TargetPlatform (20)
[2015.09.23-16.48.10:453][249]LogModuleManager: Shutting down and abandoning module InputCore (19)
[2015.09.23-16.48.10:453][249]LogModuleManager: Shutting down and abandoning module Settings (18)
[2015.09.23-16.48.10:453][249]LogModuleManager: Shutting down and abandoning module OnlineSubsystem (16)
[2015.09.23-16.48.10:453][249]LogModuleManager: Shutting down and abandoning module HTTP (15)
[2015.09.23-16.48.10:453][249]LogModuleManager: Shutting down and abandoning module ExampleDeviceProfileSelector (14)
[2015.09.23-16.48.10:453][249]LogModuleManager: Shutting down and abandoning module TextureCompressor (13)
[2015.09.23-16.48.10:453][249]LogModuleManager: Shutting down and abandoning module ShaderCore (12)
[2015.09.23-16.48.10:453][249]LogModuleManager: Shutting down and abandoning module Landscape (11)
[2015.09.23-16.48.10:453][249]LogModuleManager: Shutting down and abandoning module SlateRHIRenderer (10)
[2015.09.23-16.48.10:454][249]LogModuleManager: Shutting down and abandoning module OpenGLDrv (9)
[2015.09.23-16.48.10:454][249]LogModuleManager: Shutting down and abandoning module D3D11RHI (8)
[2015.09.23-16.48.10:454][249]LogModuleManager: Shutting down and abandoning module Renderer (7)
[2015.09.23-16.48.10:454][249]LogModuleManager: Shutting down and abandoning module Engine (6)
[2015.09.23-16.48.10:454][249]LogModuleManager: Shutting down and abandoning module CoreUObject (5)
[2015.09.23-16.48.10:454][249]LogModuleManager: Shutting down and abandoning module NetworkFile (4)
[2015.09.23-16.48.10:454][249]LogModuleManager: Shutting down and abandoning module StreamingFile (3)
[2015.09.23-16.48.10:454][249]LogModuleManager: Shutting down and abandoning module SandboxFile (2)
[2015.09.23-16.48.10:454][249]LogModuleManager: Shutting down and abandoning module PakFile (1)
[2015.09.23-16.48.10:454][249]LogExit: Exiting.
[2015.09.23-16.48.10:456][249]Log file closed, 09/23/15 18:48:10
