[2015.09.23-16.46.42:274][  0]Log file open, 09/23/15 18:46:42
[2015.09.23-16.46.42:274][  0]LogInit:Display: Running engine for game: NotPartofGame
[2015.09.23-16.46.42:274][  0]LogInit:Display: RandInit(1224223066) SRandInit(1224223067).
[2015.09.23-16.46.42:274][  0]LogTaskGraph: Started task graph with 4 named threads and 7 total threads.
[2015.09.23-16.46.42:274][  0]LogStats: Stats thread started
[2015.09.23-16.46.42:274][  0]LogInit: Version: 4.8.3-2634408+++depot+UE4-Releases+4.8
[2015.09.23-16.46.42:274][  0]LogInit: API Version: 2579680
[2015.09.23-16.46.42:274][  0]LogInit: Compiled (64-bit): Jul 27 2015 16:24:33
[2015.09.23-16.46.42:274][  0]LogInit: Compiled with Visual C++: 18.00.21005.01
[2015.09.23-16.46.42:274][  0]LogInit: Build Configuration: Development
[2015.09.23-16.46.42:274][  0]LogInit: Branch Name: ++depot+UE4-Releases+4.8
[2015.09.23-16.46.42:274][  0]LogInit: Command line:  /Temp/Autosaves/Game/NPOTG/Maps/UEDPCTesting_Level -game -PIEVIACONSOLE -ResX=1280 -ResY=720  -Multiprocess 
[2015.09.23-16.46.42:274][  0]LogInit: Base directory: C:/Users/Bodoo/Documents/Programmieren/4.8/Engine/Binaries/Win64/
[2015.09.23-16.46.42:274][  0]LogInit: Rocket: 1
[2015.09.23-16.46.42:293][  0]LogInit: Using libcurl 7.41.0
[2015.09.23-16.46.42:293][  0]LogInit:  - built for x86_64-pc-win32
[2015.09.23-16.46.42:293][  0]LogInit:  - supports SSL with WinSSL
[2015.09.23-16.46.42:293][  0]LogInit:  - other features:
[2015.09.23-16.46.42:293][  0]LogInit:      CURL_VERSION_SSL
[2015.09.23-16.46.42:293][  0]LogInit:      CURL_VERSION_IPV6
[2015.09.23-16.46.42:293][  0]LogInit:      CURL_VERSION_ASYNCHDNS
[2015.09.23-16.46.42:293][  0]LogInit:      CURL_VERSION_LARGEFILE
[2015.09.23-16.46.42:293][  0]LogInit:      CURL_VERSION_IDN
[2015.09.23-16.46.42:293][  0]LogInit:  CurlRequestOptions (configurable via config and command line):
[2015.09.23-16.46.42:293][  0]LogInit:  - bVerifyPeer = true  - Libcurl will verify peer certificate
[2015.09.23-16.46.42:293][  0]LogInit:  - bUseHttpProxy = false  - Libcurl will NOT use HTTP proxy
[2015.09.23-16.46.42:293][  0]LogInit:  - bDontReuseConnections = false  - Libcurl will reuse connections
[2015.09.23-16.46.42:293][  0]LogInit:  - CertBundlePath = nullptr  - Libcurl will use whatever was configured at build time.
[2015.09.23-16.46.42:306][  0]LogOnline:Warning: No default platform service specified for OnlineSubsystem
[2015.09.23-16.46.42:322][  0]LogInit: Presizing for 0 objects not considered by GC, pre-allocating 0 bytes.
[2015.09.23-16.46.42:330][  0]LogInit: Object subsystem initialized
[2015.09.23-16.46.42:331][  0]LogConsoleResponse:Warning: Skipping Unknown console variable: 'UIScaleCurve = (EditorCurveData=(Keys=((Time=480.000000,Value=0.444000),(Time=720.000000,Value=0.666000),(Time=1080.000000,Value=1.000000),(Time=8640.000000,Value=8.000000))),ExternalCurve=None)'
[2015.09.23-16.46.42:331][  0]LogConsoleResponse:Warning:   Found in ini file 'C:/Users/Bodoo/Documents/Programmieren/Projekte/NotPartofTheGame/Saved/Config/Windows/Engine.ini', in section '[/Script/Engine.RendererSettings]'
[2015.09.23-16.46.42:331][  0]LogConsoleManager:Warning: Console variable 'r.MSAA.CompositingSampleCount' wasn't set ('Scalability' has a lower priority than 'ProjectSetting')
[2015.09.23-16.46.42:332][  0]LogInit: Selected Device Profile: [Windows]
[2015.09.23-16.46.42:332][  0]LogInit: Applying CVar settings loaded from the selected device profile: [Windows]
[2015.09.23-16.46.42:334][  0]LogInit: Computer: DESKTOP-GLF6O4V
[2015.09.23-16.46.42:334][  0]LogInit: User: Bodoo
[2015.09.23-16.46.42:334][  0]LogInit: CPU Page size=4096, Cores=4
[2015.09.23-16.46.42:334][  0]LogInit: High frequency timer resolution =3.215354 MHz
[2015.09.23-16.46.42:334][  0]LogMemory: Memory total: Physical=12.0GB (12GB approx)
[2015.09.23-16.46.42:334][  0]LogMemory: Platform Memory Stats for Windows
[2015.09.23-16.46.42:334][  0]LogMemory: Process Physical Memory: 51.18 MB used, 51.18 MB peak
[2015.09.23-16.46.42:334][  0]LogMemory: Process Virtual Memory: 22.53 MB used, 22.53 MB peak
[2015.09.23-16.46.42:334][  0]LogMemory: Physical Memory: 2538.28 MB used, 12270.45 MB total
[2015.09.23-16.46.42:334][  0]LogMemory: Virtual Memory: 310.63 MB used, 134217728.00 MB total
[2015.09.23-16.46.42:363][  0]LogTextLocalizationManager: The requested culture ('de_DE') has no localization data; falling back to 'en' for localization and internationalization data.
[2015.09.23-16.46.42:605][  0]LogTextLocalizationManager:Warning: Loaded localization resources contain conflicting entries for (Namespace:ContentBrowser, Key:ImportAssetToolTip):
Localization Resource: (C:/Users/Bodoo/Documents/Programmieren/4.8/Engine/Content/Localization/Editor/en/Editor.locres) Source String Hash: (-630476809) Localized String: (Import to {0}...)
Localization Resource: (C:/Users/Bodoo/Documents/Programmieren/4.8/Engine/Content/Localization/Editor/en/Editor.locres) Source String Hash: (1271782899) Localized String: (Imports an asset from file to this folder.)
[2015.09.23-16.46.42:946][  0]LogD3D11RHI: Found D3D11 adapter 0: AMD Radeon HD 6800 Series (Feature Level 11_0)
[2015.09.23-16.46.42:946][  0]LogD3D11RHI: Adapter has 1011MB of dedicated video memory, 0MB of dedicated system memory, and 3840MB of shared system memory, 1 output[s]
[2015.09.23-16.46.42:947][  0]LogD3D11RHI: Found D3D11 adapter 1: Microsoft Basic Render Driver (Feature Level 11_0)
[2015.09.23-16.46.42:947][  0]LogD3D11RHI: Adapter has 0MB of dedicated video memory, 0MB of dedicated system memory, and 6135MB of shared system memory, 0 output[s]
[2015.09.23-16.46.42:947][  0]LogD3D11RHI: Chosen D3D11 Adapter Id = 0
[2015.09.23-16.46.42:950][  0]LogD3D11RHI: InitD3DDevice
[2015.09.23-16.46.42:950][  0]LogD3D11RHI: !Direct3DDevice
[2015.09.23-16.46.42:950][  0]LogRHI: Texture pool is 708 MB (70% of 1011 MB)
[2015.09.23-16.46.42:957][  0]LogD3D11RHI: Async texture creation disabled: no driver support
[2015.09.23-16.46.42:966][  0]LogShaderCompilers:Display: Using Local Shader Compiler.
[2015.09.23-16.46.43:751][  0]LogTemp:Display: Loaded TP DesktopTargetPlatform
[2015.09.23-16.46.43:766][  0]LogTemp:Display: Loaded TP WindowsClientTargetPlatform
[2015.09.23-16.46.43:780][  0]LogTemp:Display: Loaded TP WindowsNoEditorTargetPlatform
[2015.09.23-16.46.43:793][  0]LogTemp:Display: Loaded TP WindowsServerTargetPlatform
[2015.09.23-16.46.43:809][  0]LogTemp:Display: Loaded TP WindowsTargetPlatform
[2015.09.23-16.46.43:821][  0]LogTemp:Display: Loaded TP AndroidTargetPlatform
[2015.09.23-16.46.43:834][  0]LogTemp:Display: Loaded TP Android_ASTCTargetPlatform
[2015.09.23-16.46.43:847][  0]LogTemp:Display: Loaded TP Android_ATCTargetPlatform
[2015.09.23-16.46.43:859][  0]LogTemp:Display: Loaded TP Android_DXTTargetPlatform
[2015.09.23-16.46.43:871][  0]LogTemp:Display: Loaded TP Android_ETC1TargetPlatform
[2015.09.23-16.46.43:885][  0]LogTemp:Display: Loaded TP Android_ETC2TargetPlatform
[2015.09.23-16.46.43:899][  0]LogTemp:Display: Loaded TP Android_PVRTCTargetPlatform
[2015.09.23-16.46.43:948][  0]LogTemp:Display: Loaded TP IOSTargetPlatform
[2015.09.23-16.46.43:960][  0]LogTemp:Display: Loaded TP LinuxNoEditorTargetPlatform
[2015.09.23-16.46.43:973][  0]LogTemp:Display: Loaded TP LinuxServerTargetPlatform
[2015.09.23-16.46.43:988][  0]LogTemp:Display: Loaded TP LinuxTargetPlatform
[2015.09.23-16.46.43:988][  0]LogTargetPlatformManager:Display: Building Assets For Windows
[2015.09.23-16.46.44:190][  0]LogDerivedDataCache:Display: Max Cache Size: 512 MB
[2015.09.23-16.46.44:265][  0]LogDerivedDataCache: Loaded boot cache 0.07s 53MB C:/Users/Bodoo/AppData/Local/UnrealEngine/4.8/DerivedDataCache/Boot.ddc.
[2015.09.23-16.46.44:265][  0]LogDerivedDataCache:Display: Loaded Boot cache: C:/Users/Bodoo/AppData/Local/UnrealEngine/4.8/DerivedDataCache/Boot.ddc
[2015.09.23-16.46.44:265][  0]LogDerivedDataCache: FDerivedDataBackendGraph:  Pak pak cache file ../../../../Projekte/NotPartofTheGame/DerivedDataCache/DDC.ddp not found, will not use a pak cache.
[2015.09.23-16.46.44:265][  0]LogDerivedDataCache: Unable to find inner node Pak for hierarchical cache Hierarchy.
[2015.09.23-16.46.44:265][  0]LogDerivedDataCache: FDerivedDataBackendGraph:  CompressedPak pak cache file ../../../../Projekte/NotPartofTheGame/DerivedDataCache/Compressed.ddp not found, will not use a pak cache.
[2015.09.23-16.46.44:265][  0]LogDerivedDataCache: Unable to find inner node CompressedPak for hierarchical cache Hierarchy.
[2015.09.23-16.46.44:414][  0]LogDerivedDataCache:Display: Pak cache opened for reading ../../../Engine/DerivedDataCache/Compressed.ddp.
[2015.09.23-16.46.44:427][  0]LogDerivedDataCache: Using Local data cache path C:/Users/Bodoo/AppData/Local/UnrealEngine/Common/DerivedDataCache: Writable
[2015.09.23-16.46.44:664][  0]LogInit: Selected Device Profile: [Windows]
[2015.09.23-16.46.44:748][  0]ImportText (ComponentSweepMultiTests): Missing closing parenthesis: (RootShapeAsset="/Engine/BasicShapes/Cube.Cube",ShapeType="TriggerCapsule",HitResult=(Time=0.50,Location=(X=-100.000015,Y=0.0,Z=100.000015),ImpactPoint=(X=-50.0,Y=0.0,Z=50.0),Normal=(X=-1.0,Y=-0.0,Z=0.0),ImpactNormal=(X=0.0,Y=0.0,Z=1.0),TraceStart=(X=-200.0,Y=0.0,Z=200.0),TraceEnd=(X=0.0,Y=0.0,Z=0.0))
[2015.09.23-16.46.44:748][  0]ImportText (LineTraceSingleByChannelTests): Missing closing parenthesis: (RootShapeAsset="/Engine/BasicShapes/Cube.Cube",HitResult=(Time=0.50,Location=(X=-100.000015,Y=0.0,Z=100.000015),ImpactPoint=(X=-50.0,Y=0.0,Z=50.0),Normal=(X=-1.0,Y=-0.0,Z=0.0),ImpactNormal=(X=0.0,Y=0.0,Z=1.0),TraceStart=(X=-200.0,Y=0.0,Z=200.0),TraceEnd=(X=0.0,Y=0.0,Z=0.0))
[2015.09.23-16.46.44:775][  0]LogMeshUtilities: No automatic mesh reduction module available
[2015.09.23-16.46.44:775][  0]LogMeshUtilities: No automatic mesh merging module available
[2015.09.23-16.46.45:072][  0]LogInit: WinSock: version 1.1 (2.2), MaxSocks=32767, MaxUdp=65467
[2015.09.23-16.46.45:500][  0]LogD3D11RHI: InitD3DDevice
[2015.09.23-16.46.45:505][  0]LogWindowsMoviePlayer: Unable to load movie: ../../../../Projekte/NotPartofTheGame/Content/Movies/Default_Startup.mp4
[2015.09.23-16.46.45:643][  0]LogAssetRegistry: FAssetRegistry took 0.0002 seconds to start up
[2015.09.23-16.46.45:687][  0]SourceControl: Info Source control is disabled
[2015.09.23-16.46.45:687][  0]SourceControl: Info Source control is disabled
[2015.09.23-16.46.45:697][  0]SourceControl: Info Source control is disabled
[2015.09.23-16.46.45:876][  0]LogObj: 25913 objects as part of root set at end of initial load.
[2015.09.23-16.46.45:876][  0]LogUObjectAllocator: 5218488 out of 0 bytes used by permanent object pool.
[2015.09.23-16.46.45:945][  0]LogAutomationTest:Warning: ERR: Transient text cannot be serialized "Testing Transient serialization detection".
[2015.09.23-16.46.45:945][  0]LogEngine: Initializing Engine...
[2015.09.23-16.46.45:947][  0]LogHMD: Can't find Oculus library dev build: is proper Runtime installed? Version: 0.6.0.0
[2015.09.23-16.46.45:948][  0]LogHMD:Warning: SteamVR failed to initialize.  Error: 110
[2015.09.23-16.46.46:037][  0]LogInit: XAudio2 using 'Lautsprecher (Realtek High Definition Audio)' : 2 channels at 48 kHz using 32 bits per sample (channel mask 0x3)
[2015.09.23-16.46.46:045][  0]LogInit: FAudioDevice initialized.
[2015.09.23-16.46.46:057][  0]LogInit: Texture streaming: Disabled
[2015.09.23-16.46.46:118][  0]LogNet: Browse: /Temp/Autosaves/Game/NPOTG/Maps/UEDPCTesting_Level?Name=Player
[2015.09.23-16.46.46:119][  0]LogLoad: LoadMap: /Temp/Autosaves/Game/NPOTG/Maps/UEDPCTesting_Level?Name=Player
[2015.09.23-16.46.46:129][  0]LogParticles: Destroying 0 GPU particle simulations for FXSystem 0x0000008D6616B560
[2015.09.23-16.46.46:137][  0]LogMemory: Platform Memory Stats for Windows
[2015.09.23-16.46.46:137][  0]LogMemory: Process Physical Memory: 336.99 MB used, 336.99 MB peak
[2015.09.23-16.46.46:137][  0]LogMemory: Process Virtual Memory: 373.10 MB used, 373.10 MB peak
[2015.09.23-16.46.46:137][  0]LogMemory: Physical Memory: 2768.25 MB used, 12270.45 MB total
[2015.09.23-16.46.46:137][  0]LogMemory: Virtual Memory: 894.91 MB used, 134217728.00 MB total
[2015.09.23-16.46.46:137][  0]LogMemory: 
[2015.09.23-16.46.46:137][  0]Allocator Stats for TBB: (not implemented)
[2015.09.23-16.46.46:434][  0]LogProperty:Warning: ERR: Transient text cannot be serialized "ReturnValue Z".
[2015.09.23-16.46.46:434][  0]LogProperty:Warning: ERR: Transient text cannot be serialized "ReturnValue Y".
[2015.09.23-16.46.46:434][  0]LogProperty:Warning: ERR: Transient text cannot be serialized "ReturnValue X".
[2015.09.23-16.46.46:758][  0]LogProperty:Warning: ERR: Transient text cannot be serialized "ReturnValue Z".
[2015.09.23-16.46.46:758][  0]LogProperty:Warning: ERR: Transient text cannot be serialized "ReturnValue Y".
[2015.09.23-16.46.46:758][  0]LogProperty:Warning: ERR: Transient text cannot be serialized "ReturnValue X".
[2015.09.23-16.46.47:130][  0]LogProperty:Warning: ERR: Transient text cannot be serialized "NewRotation Roll".
[2015.09.23-16.46.47:130][  0]LogProperty:Warning: ERR: Transient text cannot be serialized "NewRotation Yaw".
[2015.09.23-16.46.47:130][  0]LogProperty:Warning: ERR: Transient text cannot be serialized "NewRotation Pitch".
[2015.09.23-16.46.47:130][  0]LogProperty:Warning: ERR: Transient text cannot be serialized "NewRotation Roll".
[2015.09.23-16.46.47:130][  0]LogProperty:Warning: ERR: Transient text cannot be serialized "NewRotation Yaw".
[2015.09.23-16.46.47:130][  0]LogProperty:Warning: ERR: Transient text cannot be serialized "NewRotation Pitch".
[2015.09.23-16.46.47:134][  0]LogProperty:Warning: ERR: Transient text cannot be serialized "ReturnValue Z".
[2015.09.23-16.46.47:134][  0]LogProperty:Warning: ERR: Transient text cannot be serialized "ReturnValue Y".
[2015.09.23-16.46.47:134][  0]LogProperty:Warning: ERR: Transient text cannot be serialized "ReturnValue X".
[2015.09.23-16.46.47:192][  0]LogProperty:Warning: ERR: Transient text cannot be serialized "NewRotation Roll".
[2015.09.23-16.46.47:192][  0]LogProperty:Warning: ERR: Transient text cannot be serialized "NewRotation Yaw".
[2015.09.23-16.46.47:192][  0]LogProperty:Warning: ERR: Transient text cannot be serialized "NewRotation Pitch".
[2015.09.23-16.46.47:192][  0]LogProperty:Warning: ERR: Transient text cannot be serialized "NewRotation Roll".
[2015.09.23-16.46.47:192][  0]LogProperty:Warning: ERR: Transient text cannot be serialized "NewRotation Yaw".
[2015.09.23-16.46.47:192][  0]LogProperty:Warning: ERR: Transient text cannot be serialized "NewRotation Pitch".
[2015.09.23-16.46.47:196][  0]LogProperty:Warning: ERR: Transient text cannot be serialized "ReturnValue Z".
[2015.09.23-16.46.47:196][  0]LogProperty:Warning: ERR: Transient text cannot be serialized "ReturnValue Y".
[2015.09.23-16.46.47:196][  0]LogProperty:Warning: ERR: Transient text cannot be serialized "ReturnValue X".
[2015.09.23-16.46.48:407][  0]LogAIModule: Creating AISystem for world Testing_Level
[2015.09.23-16.46.48:407][  0]LogWorld: Game class is '2DSideScrollerGameMode_C'
[2015.09.23-16.46.48:495][  0]LogWorld: Bringing World /Temp/Autosaves/Game/NPOTG/Maps/UEDPCTesting_Level.Testing_Level up for play (max tick rate 0) at 2015.09.23-18.46.48
[2015.09.23-16.46.48:512][  0]LogWorld: Bringing up level for play took: 0.102651
[2015.09.23-16.46.48:516][  0]LogInit:Display: Game Engine Initialized.
[2015.09.23-16.46.48:741][  0]LogLoad: Full Startup: 8.06 seconds (BP compile: 1.17 seconds)
[2015.09.23-16.46.48:758][  0]LogWindowsTextInputMethodSystem:Display: IME system now deactivated.
[2015.09.23-16.46.48:758][  0]LogWindowsTextInputMethodSystem:Display: IME system now deactivated.
[2015.09.23-16.46.48:761][  0]LogContentStreaming: Texture pool size is 1000.000000MB
[2015.09.23-16.46.48:884][  0]LogRenderer: Reallocating scene render targets to support 1280x720 (Frame:2).
[2015.09.23-16.46.49:009][  1]LogScript:Warning: Accessed None 'PointA'
	wolf_C /Temp/Autosaves/Game/NPOTG/Maps/UEDPCTesting_Level.Testing_Level:PersistentLevel.wolf_C_8
	Function /Game/NPOTG/Blueprints/Charaktere/wolf.wolf_C:ExecuteUbergraph_wolf:003A
[2015.09.23-16.46.49:009][  1]LogScript:Warning: Accessed None 'PointB'
	wolf_C /Temp/Autosaves/Game/NPOTG/Maps/UEDPCTesting_Level.Testing_Level:PersistentLevel.wolf_C_8
	Function /Game/NPOTG/Blueprints/Charaktere/wolf.wolf_C:ExecuteUbergraph_wolf:0065
[2015.09.23-16.46.49:024][  2]LogScript:Warning: Accessed None 'PointA'
	wolf_C /Temp/Autosaves/Game/NPOTG/Maps/UEDPCTesting_Level.Testing_Level:PersistentLevel.wolf_C_8
	Function /Game/NPOTG/Blueprints/Charaktere/wolf.wolf_C:ExecuteUbergraph_wolf:003A
[2015.09.23-16.46.49:024][  2]LogScript:Warning: Accessed None 'PointB'
	wolf_C /Temp/Autosaves/Game/NPOTG/Maps/UEDPCTesting_Level.Testing_Level:PersistentLevel.wolf_C_8
	Function /Game/NPOTG/Blueprints/Charaktere/wolf.wolf_C:ExecuteUbergraph_wolf:0065
[2015.09.23-16.46.49:041][  3]LogScript:Warning: Accessed None 'PointA'
	wolf_C /Temp/Autosaves/Game/NPOTG/Maps/UEDPCTesting_Level.Testing_Level:PersistentLevel.wolf_C_8
	Function /Game/NPOTG/Blueprints/Charaktere/wolf.wolf_C:ExecuteUbergraph_wolf:003A
[2015.09.23-16.46.49:041][  3]LogScript:Warning: Accessed None 'PointB'
	wolf_C /Temp/Autosaves/Game/NPOTG/Maps/UEDPCTesting_Level.Testing_Level:PersistentLevel.wolf_C_8
	Function /Game/NPOTG/Blueprints/Charaktere/wolf.wolf_C:ExecuteUbergraph_wolf:0065
[2015.09.23-16.46.49:058][  4]LogScript:Warning: Accessed None 'PointA'
	wolf_C /Temp/Autosaves/Game/NPOTG/Maps/UEDPCTesting_Level.Testing_Level:PersistentLevel.wolf_C_8
	Function /Game/NPOTG/Blueprints/Charaktere/wolf.wolf_C:ExecuteUbergraph_wolf:003A
[2015.09.23-16.46.49:058][  4]LogScript:Warning: Accessed None 'PointB'
	wolf_C /Temp/Autosaves/Game/NPOTG/Maps/UEDPCTesting_Level.Testing_Level:PersistentLevel.wolf_C_8
	Function /Game/NPOTG/Blueprints/Charaktere/wolf.wolf_C:ExecuteUbergraph_wolf:0065
[2015.09.23-16.46.49:074][  5]LogScript:Warning: Accessed None 'PointA'
	wolf_C /Temp/Autosaves/Game/NPOTG/Maps/UEDPCTesting_Level.Testing_Level:PersistentLevel.wolf_C_8
	Function /Game/NPOTG/Blueprints/Charaktere/wolf.wolf_C:ExecuteUbergraph_wolf:003A
[2015.09.23-16.46.49:074][  5]LogScript:Warning: Accessed None 'PointB'
	wolf_C /Temp/Autosaves/Game/NPOTG/Maps/UEDPCTesting_Level.Testing_Level:PersistentLevel.wolf_C_8
	Function /Game/NPOTG/Blueprints/Charaktere/wolf.wolf_C:ExecuteUbergraph_wolf:0065
[2015.09.23-16.46.49:090][  6]LogScript:Warning: Accessed None 'PointA'
	wolf_C /Temp/Autosaves/Game/NPOTG/Maps/UEDPCTesting_Level.Testing_Level:PersistentLevel.wolf_C_8
	Function /Game/NPOTG/Blueprints/Charaktere/wolf.wolf_C:ExecuteUbergraph_wolf:003A
[2015.09.23-16.46.49:090][  6]LogScript:Warning: Accessed None 'PointB'
	wolf_C /Temp/Autosaves/Game/NPOTG/Maps/UEDPCTesting_Level.Testing_Level:PersistentLevel.wolf_C_8
	Function /Game/NPOTG/Blueprints/Charaktere/wolf.wolf_C:ExecuteUbergraph_wolf:0065
[2015.09.23-16.46.49:106][  7]LogScript:Warning: Accessed None 'PointA'
	wolf_C /Temp/Autosaves/Game/NPOTG/Maps/UEDPCTesting_Level.Testing_Level:PersistentLevel.wolf_C_8
	Function /Game/NPOTG/Blueprints/Charaktere/wolf.wolf_C:ExecuteUbergraph_wolf:003A
[2015.09.23-16.46.49:106][  7]LogScript:Warning: Accessed None 'PointB'
	wolf_C /Temp/Autosaves/Game/NPOTG/Maps/UEDPCTesting_Level.Testing_Level:PersistentLevel.wolf_C_8
	Function /Game/NPOTG/Blueprints/Charaktere/wolf.wolf_C:ExecuteUbergraph_wolf:0065
[2015.09.23-16.46.49:122][  8]LogScript:Warning: Accessed None 'PointA'
	wolf_C /Temp/Autosaves/Game/NPOTG/Maps/UEDPCTesting_Level.Testing_Level:PersistentLevel.wolf_C_8
	Function /Game/NPOTG/Blueprints/Charaktere/wolf.wolf_C:ExecuteUbergraph_wolf:003A
[2015.09.23-16.46.49:122][  8]LogScript:Warning: Accessed None 'PointB'
	wolf_C /Temp/Autosaves/Game/NPOTG/Maps/UEDPCTesting_Level.Testing_Level:PersistentLevel.wolf_C_8
	Function /Game/NPOTG/Blueprints/Charaktere/wolf.wolf_C:ExecuteUbergraph_wolf:0065
[2015.09.23-16.46.49:138][  9]LogScript:Warning: Accessed None 'PointA'
	wolf_C /Temp/Autosaves/Game/NPOTG/Maps/UEDPCTesting_Level.Testing_Level:PersistentLevel.wolf_C_8
	Function /Game/NPOTG/Blueprints/Charaktere/wolf.wolf_C:ExecuteUbergraph_wolf:003A
[2015.09.23-16.46.58:561][591]LogScriptCore: Script call stack:
	Function /Game/NPOTG/Blueprints/Charaktere/wolf.wolf_C:BndEvt__see cone_K2Node_ComponentBoundEvent_90_ComponentBeginOverlapSignature__DelegateSignature
	Function /Game/NPOTG/Blueprints/Charaktere/wolf.wolf_C:ExecuteUbergraph_wolf
	Function /Game/NPOTG/Blueprints/Charaktere/wolf.wolf_C:start the fight
	Function /Game/NPOTG/Blueprints/Charaktere/wolf.wolf_C:construct fight
	Function /Game/NPOTG/Blueprints/Charaktere/wolf.wolf_C:start the fight
	Function /Game/NPOTG/Blueprints/Charaktere/wolf.wolf_C:construct fight
	Function /Game/NPOTG/Blueprints/Charaktere/wolf.wolf_C:start the fight
	Function /Game/NPOTG/Blueprints/Charaktere/wolf.wolf_C:construct fight
	Function /Game/NPOTG/Blueprints/Charaktere/wolf.wolf_C:start the fight
	Function /Game/NPOTG/Blueprints/Charaktere/wolf.wolf_C:construct fight
	Function /Game/NPOTG/Blueprints/Charaktere/wolf.wolf_C:start the fight
	Function /Game/NPOTG/Blueprints/Charaktere/wolf.wolf_C:construct fight
	Function /Game/NPOTG/Blueprints/Charaktere/wolf.wolf_C:start the fight
	Function /Game/NPOTG/Blueprints/Charaktere/wolf.wolf_C:construct fight
	Function /Game/NPOTG/Blueprints/Charaktere/wolf.wolf_C:start the fight
	Function /Game/NPOTG/Blueprints/Charaktere/wolf.wolf_C:construct fight
	Function /Game/NPOTG/Blueprints/Charaktere/wolf.wolf_C:start the fight
	Function /Game/NPOTG/Blueprints/Charaktere/wolf.wolf_C:construct fight
	Function /Game/NPOTG/Blueprints/Charaktere/wolf.wolf_C:start the fight
	Function /Game/NPOTG/Blueprints/Charaktere/wolf.wolf_C:construct fight
	Function /Game/NPOTG/Blueprints/Charaktere/wolf.wolf_C:start the fight
	Function /Game/NPOTG/Blueprints/Charaktere/wolf.wolf_C:construct fight
	Function /Game/NPOTG/Blueprints/Charaktere/wolf.wolf_C:start the fight
	Function /Game/NPOTG/Blueprints/Charaktere/wolf.wolf_C:construct fight
	Function /Game/NPOTG/Blueprints/Charaktere/wolf.wolf_C:start the fight
	Function /Game/NPOTG/Blueprints/Charaktere/wolf.wolf_C:construct fight
	Function /Game/NPOTG/Blueprints/Charaktere/wolf.wolf_C:start the fight
	Function /Game/NPOTG/Blueprints/Charaktere/wolf.wolf_C:construct fight
	Function /Game/NPOTG/Blueprints/Charaktere/wolf.wolf_C:start the fight
	Function /Game/NPOTG/Blueprints/Charaktere/wolf.wolf_C:construct fight
	Function /Game/NPOTG/Blueprints/Charaktere/wolf.wolf_C:start the fight
	Function /Game/NPOTG/Blueprints/Charaktere/wolf.wolf_C:construct fight
	Function /Game/NPOTG/Blueprints/Charaktere/wolf.wolf_C:start the fight
	Function /Game/NPOTG/Blueprints/Charaktere/wolf.wolf_C:construct fight
	Function /Game/NPOTG/Blueprints/Charaktere/wolf.wolf_C:start the fight
	Function /Game/NPOTG/Blueprints/Charaktere/wolf.wolf_C:construct fight
	Function /Game/NPOTG/Blueprints/Charaktere/wolf.wolf_C:start the fight
	Function /Game/NPOTG/Blueprints/Charaktere/wolf.wolf_C:construct fight
	Function /Game/NPOTG/Blueprints/Charaktere/wolf.wolf_C:start the fight
	Function /Game/NPOTG/Blueprints/Charaktere/wolf.wolf_C:construct fight
	Function /Game/NPOTG/Blueprints/Charaktere/wolf.wolf_C:start the fight
	Function /Game/NPOTG/Blueprints/Charaktere/wolf.wolf_C:construct fight
	Function /Game/NPOTG/Blueprints/Charaktere/wolf.wolf_C:start the fight
	Function /Game/NPOTG/Blueprints/Charaktere/wolf.wolf_C:construct fight
	Function /Game/NPOTG/Blueprints/Charaktere/wolf.wolf_C:start the fight
	Function /Game/NPOTG/Blueprints/Charaktere/wolf.wolf_C:construct fight
	Function /Game/NPOTG/Blueprints/Charaktere/wolf.wolf_C:start the fight
	Function /Game/NPOTG/Blueprints/Charaktere/wolf.wolf_C:construct fight
	Function /Game/NPOTG/Blueprints/Charaktere/wolf.wolf_C:start the fight
	Function /Game/NPOTG/Blueprints/Charaktere/wolf.wolf_C:construct fight
	Function /Game/NPOTG/Blueprints/Charaktere/wolf.wolf_C:start the fight
	Function /Game/NPOTG/Blueprints/Charaktere/wolf.wolf_C:construct fight
	Function /Game/NPOTG/Blueprints/Charaktere/wolf.wolf_C:start the fight
	Function /Game/NPOTG/Blueprints/Charaktere/wolf.wolf_C:construct fight
	Function /Game/NPOTG/Blueprints/Charaktere/wolf.wolf_C:start the fight
	Function /Game/NPOTG/Blueprints/Charaktere/wolf.wolf_C:construct fight
	Function /Game/NPOTG/Blueprints/Charaktere/wolf.wolf_C:start the fight
	Function /Game/NPOTG/Blueprints/Charaktere/wolf.wolf_C:construct fight
	Function /Game/NPOTG/Blueprints/Charaktere/wolf.wolf_C:start the fight
	Function /Game/NPOTG/Blueprints/Charaktere/wolf.wolf_C:construct fight
	Function /Game/NPOTG/Blueprints/Charaktere/wolf.wolf_C:start the fight
	Function /Game/NPOTG/Blueprints/Charaktere/wolf.wolf_C:construct fight
	Function /Game/NPOTG/Blueprints/Charaktere/wolf.wolf_C:start the fight
	Function /Game/NPOTG/Blueprints/Charaktere/wolf.wolf_C:construct fight
	Function /Game/NPOTG/Blueprints/Charaktere/wolf.wolf_C:start the fight
	Function /Game/NPOTG/Blueprints/Charaktere/wolf.wolf_C:construct fight
	Function /Game/NPOTG/Blueprints/Charaktere/wolf.wolf_C:start the fight
	Function /Game/NPOTG/Blueprints/Charaktere/wolf.wolf_C:construct fight
	Function /Game/NPOTG/Blueprints/Charaktere/wolf.wolf_C:start the fight
	Function /Game/NPOTG/Blueprints/Charaktere/wolf.wolf_C:construct fight
	Function /Game/NPOTG/Blueprints/Charaktere/wolf.wolf_C:start the fight
	Function /Game/NPOTG/Blueprints/Charaktere/wolf.wolf_C:construct fight
	Function /Game/NPOTG/Blueprints/Charaktere/wolf.wolf_C:start the fight
	Function /Game/NPOTG/Blueprints/Charaktere/wolf.wolf_C:construct fight
	Function /Game/NPOTG/Blueprints/Charaktere/wolf.wolf_C:start the fight
	Function /Game/NPOTG/Blueprints/Charaktere/wolf.wolf_C:construct fight
	Function /Game/NPOTG/Blueprints/Charaktere/wolf.wolf_C:start the fight
	Function /Game/NPOTG/Blueprints/Charaktere/wolf.wolf_C:construct fight
	Function /Game/NPOTG/Blueprints/Charaktere/wolf.wolf_C:start the fight
	Function /Game/NPOTG/Blueprints/Charaktere/wolf.wolf_C:construct fight
	Function /Game/NPOTG/Blueprints/Charaktere/wolf.wolf_C:start the fight
	Function /Game/NPOTG/Blueprints/Charaktere/wolf.wolf_C:construct fight
	Function /Game/NPOTG/Blueprints/Charaktere/wolf.wolf_C:start the fight
	Function /Game/NPOTG/Blueprints/Charaktere/wolf.wolf_C:construct fight
	Function /Game/NPOTG/Blueprints/Charaktere/wolf.wolf_C:start the fight
	Function /Game/NPOTG/Blueprints/Charaktere/wolf.wolf_C:construct fight
	Function /Game/NPOTG/Blueprints/Charaktere/wolf.wolf_C:start the fight
	Function /Game/NPOTG/Blueprints/Charaktere/wolf.wolf_C:construct fight
	Function /Game/NPOTG/Blueprints/Charaktere/wolf.wolf_C:start the fight
	Function /Game/NPOTG/Blueprints/Charaktere/wolf.wolf_C:construct fight
	Function /Game/NPOTG/Blueprints/Charaktere/wolf.wolf_C:start the fight
	Function /Game/NPOTG/Blueprints/Charaktere/wolf.wolf_C:construct fight
	Function /Game/NPOTG/Blueprints/Charaktere/wolf.wolf_C:start the fight
	Function /Game/NPOTG/Blueprints/Charaktere/wolf.wolf_C:construct fight
	Function /Game/NPOTG/Blueprints/Charaktere/wolf.wolf_C:start the fight
	Function /Game/NPOTG/Blueprints/Charaktere/wolf.wolf_C:construct fight
	Function /Game/NPOTG/Blueprints/Charaktere/wolf.wolf_C:start the fight
	Function /Game/NPOTG/Blueprints/Charaktere/wolf.wolf_C:construct fight
	Function /Game/NPOTG/Blueprints/Charaktere/wolf.wolf_C:start the fight
	Function /Game/NPOTG/Blueprints/Charaktere/wolf.wolf_C:construct fight
	Function /Game/NPOTG/Blueprints/Charaktere/wolf.wolf_C:start the fight
	Function /Game/NPOTG/Blueprints/Charaktere/wolf.wolf_C:construct fight
	Function /Game/NPOTG/Blueprints/Charaktere/wolf.wolf_C:start the fight
	Function /Game/NPOTG/Blueprints/Charaktere/wolf.wolf_C:construct fight
	Function /Game/NPOTG/Blueprints/Charaktere/wolf.wolf_C:start the fight
	Function /Game/NPOTG/Blueprints/Charaktere/wolf.wolf_C:construct fight
	Function /Game/NPOTG/Blueprints/Charaktere/wolf.wolf_C:start the fight
	Function /Game/NPOTG/Blueprints/Charaktere/wolf.wolf_C:construct fight
	Function /Game/NPOTG/Blueprints/Charaktere/wolf.wolf_C:start the fight
	Function /Game/NPOTG/Blueprints/Charaktere/wolf.wolf_C:construct fight
	Function /Game/NPOTG/Blueprints/Charaktere/wolf.wolf_C:start the fight
	Function /Game/NPOTG/Blueprints/Charaktere/wolf.wolf_C:construct fight
	Function /Game/NPOTG/Blueprints/Charaktere/wolf.wolf_C:start the fight
	Function /Game/NPOTG/Blueprints/Charaktere/wolf.wolf_C:construct fight
	Function /Game/NPOTG/Blueprints/Charaktere/wolf.wolf_C:start the fight
	Function /Game/NPOTG/Blueprints/Charaktere/wolf.wolf_C:construct fight
	Function /Game/NPOTG/Blueprints/Charaktere/wolf.wolf_C:start the fight
	Function /Game/NPOTG/Blueprints/Charaktere/wolf.wolf_C:construct fight
	Function /Game/NPOTG/Blueprints/Charaktere/wolf.wolf_C:start the fight
	Function /Game/NPOTG/Blueprints/Charaktere/wolf.wolf_C:construct fight
	Function /Game/NPOTG/Blueprints/Charaktere/wolf.wolf_C:start the fight
	Function /Game/NPOTG/Blueprints/Charaktere/wolf.wolf_C:construct fight
	Function /Game/NPOTG/Blueprints/Charaktere/wolf.wolf_C:start the fight
	Function /Game/NPOTG/Blueprints/Charaktere/wolf.wolf_C:construct fight
	Function /Game/NPOTG/Blueprints/Charaktere/wolf.wolf_C:start the fight
	Function /Game/NPOTG/Blueprints/Charaktere/wolf.wolf_C:construct fight
	Function /Game/NPOTG/Blueprints/Charaktere/wolf.wolf_C:start the fight
	Function /Game/NPOTG/Blueprints/Charaktere/wolf.wolf_C:construct fight
	Function /Game/NPOTG/Blueprints/Charaktere/wolf.wolf_C:start the fight
	Function /Game/NPOTG/Blueprints/Charaktere/wolf.wolf_C:construct fight
	Function /Game/NPOTG/Blueprints/Charaktere/wolf.wolf_C:start the fight
	Function /Game/NPOTG/Blueprints/Charaktere/wolf.wolf_C:construct fight
	Function /Game/NPOTG/Blueprints/Charaktere/wolf.wolf_C:start the fight
	Function /Game/NPOTG/Blueprints/Charaktere/wolf.wolf_C:construct fight
	Function /Game/NPOTG/Blueprints/Charaktere/wolf.wolf_C:start the fight
	Function /Game/NPOTG/Blueprints/Charaktere/wolf.wolf_C:construct fight
	Function /Game/NPOTG/Blueprints/Charaktere/wolf.wolf_C:start the fight
	Function /Game/NPOTG/Blueprints/Charaktere/wolf.wolf_C:construct fight
	Function /Game/NPOTG/Blueprints/Charaktere/wolf.wolf_C:start the fight
	Function /Game/NPOTG/Blueprints/Charaktere/wolf.wolf_C:construct fight
	Function /Game/NPOTG/Blueprints/Charaktere/wolf.wolf_C:start the fight
	Function /Game/NPOTG/Blueprints/Charaktere/wolf.wolf_C:construct fight
	Function /Game/NPOTG/Blueprints/Charaktere/wolf.wolf_C:start the fight
	Function /Game/NPOTG/Blueprints/Charaktere/wolf.wolf_C:construct fight
	Function /Game/NPOTG/Blueprints/Charaktere/wolf.wolf_C:start the fight
	Function /Game/NPOTG/Blueprints/Charaktere/wolf.wolf_C:construct fight
	Function /Game/NPOTG/Blueprints/Charaktere/wolf.wolf_C:start the fight
	Function /Game/NPOTG/Blueprints/Charaktere/wolf.wolf_C:construct fight
	Function /Game/NPOTG/Blueprints/Charaktere/wolf.wolf_C:start the fight
	Function /Game/NPOTG/Blueprints/Charaktere/wolf.wolf_C:construct fight
	Function /Game/NPOTG/Blueprints/Charaktere/wolf.wolf_C:start the fight
	Function /Game/NPOTG/Blueprints/Charaktere/wolf.wolf_C:construct fight
	Function /Game/NPOTG/Blueprints/Charaktere/wolf.wolf_C:start the fight
	Function /Game/NPOTG/Blueprints/Charaktere/wolf.wolf_C:construct fight
	Function /Game/NPOTG/Blueprints/Charaktere/wolf.wolf_C:start the fight
	Function /Game/NPOTG/Blueprints/Charaktere/wolf.wolf_C:construct fight
	Function /Game/NPOTG/Blueprints/Charaktere/wolf.wolf_C:start the fight
	Function /Game/NPOTG/Blueprints/Charaktere/wolf.wolf_C:construct fight
	Function /Game/NPOTG/Blueprints/Charaktere/wolf.wolf_C:start the fight
	Function /Game/NPOTG/Blueprints/Charaktere/wolf.wolf_C:construct fight
	Function /Game/NPOTG/Blueprints/Charaktere/wolf.wolf_C:start the fight
	Function /Game/NPOTG/Blueprints/Charaktere/wolf.wolf_C:construct fight
	Function /Game/NPOTG/Blueprints/Charaktere/wolf.wolf_C:start the fight
	Function /Game/NPOTG/Blueprints/Charaktere/wolf.wolf_C:construct fight
	Function /Game/NPOTG/Blueprints/Charaktere/wolf.wolf_C:start the fight
	Function /Game/NPOTG/Blueprints/Charaktere/wolf.wolf_C:construct fight
	Function /Game/NPOTG/Blueprints/Charaktere/wolf.wolf_C:start the fight
	Function /Game/NPOTG/Blueprints/Charaktere/wolf.wolf_C:construct fight
	Function /Game/NPOTG/Blueprints/Charaktere/wolf.wolf_C:start the fight
	Function /Game/NPOTG/Blueprints/Charaktere/wolf.wolf_C:construct fight
	Function /Game/NPOTG/Blueprints/Charaktere/wolf.wolf_C:start the fight
	Function /Game/NPOTG/Blueprints/Charaktere/wolf.wolf_C:construct fight
	Function /Game/NPOTG/Blueprints/Charaktere/wolf.wolf_C:start the fight
	Function /Game/NPOTG/Blueprints/Charaktere/wolf.wolf_C:construct fight
	Function /Game/NPOTG/Blueprints/Charaktere/wolf.wolf_C:start the fight
	Function /Game/NPOTG/Blueprints/Charaktere/wolf.wolf_C:construct fight
	Function /Game/NPOTG/Blueprints/Charaktere/wolf.wolf_C:start the fight
	Function /Game/NPOTG/Blueprints/Charaktere/wolf.wolf_C:construct fight
	Function /Game/NPOTG/Blueprints/Charaktere/wolf.wolf_C:start the fight
	Function /Game/NPOTG/Blueprints/Charaktere/wolf.wolf_C:construct fight
	Function /Game/NPOTG/Blueprints/Charaktere/wolf.wolf_C:start the fight
	Function /Game/NPOTG/Blueprints/Charaktere/wolf.wolf_C:construct fight
	Function /Game/NPOTG/Blueprints/Charaktere/wolf.wolf_C:start the fight
	Function /Game/NPOTG/Blueprints/Charaktere/wolf.wolf_C:construct fight
	Function /Game/NPOTG/Blueprints/Charaktere/wolf.wolf_C:start the fight
	Function /Game/NPOTG/Blueprints/Charaktere/wolf.wolf_C:construct fight
	Function /Game/NPOTG/Blueprints/Charaktere/wolf.wolf_C:start the fight
	Function /Game/NPOTG/Blueprints/Charaktere/wolf.wolf_C:construct fight
	Function /Game/NPOTG/Blueprints/Charaktere/wolf.wolf_C:start the fight
	Function /Game/NPOTG/Blueprints/Charaktere/wolf.wolf_C:construct fight
	Function /Game/NPOTG/Blueprints/Charaktere/wolf.wolf_C:start the fight
	Function /Game/NPOTG/Blueprints/Charaktere/wolf.wolf_C:construct fight
	Function /Game/NPOTG/Blueprints/Charaktere/wolf.wolf_C:start the fight
	Function /Game/NPOTG/Blueprints/Charaktere/wolf.wolf_C:construct fight
	Function /Game/NPOTG/Blueprints/Charaktere/wolf.wolf_C:start the fight
	Function /Game/NPOTG/Blueprints/Charaktere/wolf.wolf_C:construct fight
	Function /Game/NPOTG/Blueprints/Charaktere/wolf.wolf_C:start the fight
	Function /Game/NPOTG/Blueprints/Charaktere/wolf.wolf_C:construct fight
	Function /Game/NPOTG/Blueprints/Charaktere/wolf.wolf_C:start the fight
	Function /Game/NPOTG/Blueprints/Charaktere/wolf.wolf_C:construct fight
	Function /Game/NPOTG/Blueprints/Charaktere/wolf.wolf_C:start the fight
	Function /Game/NPOTG/Blueprints/Charaktere/wolf.wolf_C:construct fight
	Function /Game/NPOTG/Blueprints/Charaktere/wolf.wolf_C:start the fight
	Function /Game/NPOTG/Blueprints/Charaktere/wolf.wolf_C:construct fight
	Function /Game/NPOTG/Blueprints/Charaktere/wolf.wolf_C:start the fight
	Function /Game/NPOTG/Blueprints/Charaktere/wolf.wolf_C:construct fight
	Function /Game/NPOTG/Blueprints/Charaktere/wolf.wolf_C:start the fight
	Function /Game/NPOTG/Blueprints/Charaktere/wolf.wolf_C:construct fight
	Function /Game/NPOTG/Blueprints/Charaktere/wolf.wolf_C:start the fight
	Function /Game/NPOTG/Blueprints/Charaktere/wolf.wolf_C:construct fight
	Function /Game/NPOTG/Blueprints/Charaktere/wolf.wolf_C:start the fight
	Function /Game/NPOTG/Blueprints/Charaktere/wolf.wolf_C:construct fight
	Function /Game/NPOTG/Blueprints/Charaktere/wolf.wolf_C:start the fight
	Function /Game/NPOTG/Blueprints/Charaktere/wolf.wolf_C:construct fight
	Function /Game/NPOTG/Blueprints/Charaktere/wolf.wolf_C:start the fight
	Function /Game/NPOTG/Blueprints/Charaktere/wolf.wolf_C:construct fight
	Function /Game/NPOTG/Blueprints/Charaktere/wolf.wolf_C:start the fight
	Function /Game/NPOTG/Blueprints/Charaktere/wolf.wolf_C:construct fight
	Function /Game/NPOTG/Blueprints/Charaktere/wolf.wolf_C:start the fight
	Function /Game/NPOTG/Blueprints/Charaktere/wolf.wolf_C:construct fight
	Function /Game/NPOTG/Blueprints/Charaktere/wolf.wolf_C:start the fight
	Function /Game/NPOTG/Blueprints/Charaktere/wolf.wolf_C:construct fight
	Function /Game/NPOTG/Blueprints/Charaktere/wolf.wolf_C:start the fight
	Function /Game/NPOTG/Blueprints/Charaktere/wolf.wolf_C:construct fight
	Function /Game/NPOTG/Blueprints/Charaktere/wolf.wolf_C:start the fight
	Function /Game/NPOTG/Blueprints/Charaktere/wolf.wolf_C:construct fight
	Function /Game/NPOTG/Blueprints/Charaktere/wolf.wolf_C:start the fight
	Function /Game/NPOTG/Blueprints/Charaktere/wolf.wolf_C:construct fight
	Function /Game/NPOTG/Blueprints/Charaktere/wolf.wolf_C:start the fight
	Function /Game/NPOTG/Blueprints/Charaktere/wolf.wolf_C:construct fight
	Function /Game/NPOTG/Blueprints/Charaktere/wolf.wolf_C:start the fight
	Function /Game/NPOTG/Blueprints/Charaktere/wolf.wolf_C:construct fight
	Function /Game/NPOTG/Blueprints/Charaktere/wolf.wolf_C:start the fight
	Function /Game/NPOTG/Blueprints/Charaktere/wolf.wolf_C:construct fight
	Function /Game/NPOTG/Blueprints/Charaktere/wolf.wolf_C:start the fight
	Function /Game/NPOTG/Blueprints/Charaktere/wolf.wolf_C:construct fight
	Function /Game/NPOTG/Blueprints/Charaktere/wolf.wolf_C:start the fight
	Function /Game/NPOTG/Blueprints/Charaktere/wolf.wolf_C:construct fight
	Function /Game/NPOTG/Blueprints/Charaktere/wolf.wolf_C:start the fight
	Function /Game/NPOTG/Blueprints/Charaktere/wolf.wolf_C:construct fight
	Function /Game/NPOTG/Blueprints/Charaktere/wolf.wolf_C:start the fight
	Function /Game/NPOTG/Blueprints/Charaktere/wolf.wolf_C:construct fight
	Function /Game/NPOTG/Blueprints/Charaktere/wolf.wolf_C:start the fight
	Function /Game/NPOTG/Blueprints/Charaktere/wolf.wolf_C:construct fight
	Function /Game/NPOTG/Blueprints/Charaktere/wolf.wolf_C:start the fight
	Function /Game/NPOTG/Blueprints/Charaktere/wolf.wolf_C:construct fight
	Function /Game/NPOTG/Blueprints/Charaktere/wolf.wolf_C:start the fight
	Function /Game/NPOTG/Blueprints/Charaktere/wolf.wolf_C:construct fight
	Function /Game/NPOTG/Blueprints/Charaktere/wolf.wolf_C:start the fight
	Function /Game/NPOTG/Blueprints/Charaktere/wolf.wolf_C:construct fight

[2015.09.23-16.46.58:562][591]LogScript:Warning: Infinite script recursion (250 calls) detected
	wolf_C /Temp/Autosaves/Game/NPOTG/Maps/UEDPCTesting_Level.Testing_Level:PersistentLevel.wolf_C_7
	Function /Game/NPOTG/Blueprints/Charaktere/wolf.wolf_C:construct fight:0000
[2015.09.23-16.46.58:579][592]LogBlueprintUserMessages: 9.539345
[2015.09.23-16.46.58:608][593]LogBlueprintUserMessages: 9.484503
[2015.09.23-16.46.58:624][594]LogBlueprintUserMessages: 9.465796
[2015.09.23-16.46.58:640][595]LogBlueprintUserMessages: 9.385151
[2015.09.23-16.46.58:656][596]LogBlueprintUserMessages: 9.304505
[2015.09.23-16.46.58:672][597]LogBlueprintUserMessages: 9.22386
[2015.09.23-16.46.58:689][598]LogBlueprintUserMessages: 9.143214
[2015.09.23-16.46.58:705][599]LogBlueprintUserMessages: 9.062569
[2015.09.23-16.46.58:721][600]LogBlueprintUserMessages: 8.981923
[2015.09.23-16.46.58:737][601]LogBlueprintUserMessages: 8.901278
[2015.09.23-16.46.58:753][602]LogBlueprintUserMessages: 8.820632
[2015.09.23-16.46.58:769][603]LogBlueprintUserMessages: 8.739986
[2015.09.23-16.46.58:785][604]LogBlueprintUserMessages: 8.659341
[2015.09.23-16.46.58:801][605]LogBlueprintUserMessages: 8.578695
[2015.09.23-16.46.58:817][606]LogBlueprintUserMessages: 8.49805
[2015.09.23-16.46.58:834][607]LogBlueprintUserMessages: 8.417404
[2015.09.23-16.46.58:850][608]LogBlueprintUserMessages: 8.336759
[2015.09.23-16.46.58:866][609]LogBlueprintUserMessages: 8.256065
[2015.09.23-16.46.58:882][610]LogBlueprintUserMessages: 8.175444
[2015.09.23-16.46.58:898][611]LogBlueprintUserMessages: 8.094798
[2015.09.23-16.46.58:914][612]LogBlueprintUserMessages: 8.014153
[2015.09.23-16.46.58:930][613]LogBlueprintUserMessages: 7.933506
[2015.09.23-16.46.58:946][614]LogBlueprintUserMessages: 7.85286
[2015.09.23-16.46.58:963][615]LogBlueprintUserMessages: 7.772214
[2015.09.23-16.46.58:979][616]LogBlueprintUserMessages: 7.691568
[2015.09.23-16.46.58:995][617]LogBlueprintUserMessages: 7.610922
[2015.09.23-16.46.59:011][618]LogBlueprintUserMessages: 7.530276
[2015.09.23-16.46.59:027][619]LogBlueprintUserMessages: 7.44963
[2015.09.23-16.46.59:043][620]LogBlueprintUserMessages: 7.368984
[2015.09.23-16.46.59:059][621]LogBlueprintUserMessages: 7.288338
[2015.09.23-16.46.59:082][622]LogBlueprintUserMessages: 7.207692
[2015.09.23-16.46.59:093][623]LogBlueprintUserMessages: 7.111443
[2015.09.23-16.46.59:109][624]LogBlueprintUserMessages: 7.038599
[2015.09.23-16.46.59:125][625]LogBlueprintUserMessages: 6.957952
[2015.09.23-16.46.59:141][626]LogBlueprintUserMessages: 6.877306
[2015.09.23-16.46.59:158][627]LogBlueprintUserMessages: 6.79666
[2015.09.23-16.46.59:174][628]LogBlueprintUserMessages: 6.716014
[2015.09.23-16.46.59:190][629]LogBlueprintUserMessages: 6.635368
[2015.09.23-16.46.59:206][630]LogBlueprintUserMessages: 6.554722
[2015.09.23-16.46.59:222][631]LogBlueprintUserMessages: 6.474076
[2015.09.23-16.46.59:238][632]LogBlueprintUserMessages: 6.39343
[2015.09.23-16.46.59:254][633]LogBlueprintUserMessages: 6.312784
[2015.09.23-16.46.59:270][634]LogBlueprintUserMessages: 6.232138
[2015.09.23-16.46.59:286][635]LogBlueprintUserMessages: 6.151474
[2015.09.23-16.46.59:303][636]LogBlueprintUserMessages: 6.070837
[2015.09.23-16.46.59:319][637]LogBlueprintUserMessages: 5.990191
[2015.09.23-16.46.59:335][638]LogBlueprintUserMessages: 5.909545
[2015.09.23-16.46.59:351][639]LogBlueprintUserMessages: 5.828899
[2015.09.23-16.46.59:367][640]LogBlueprintUserMessages: 5.748253
[2015.09.23-16.46.59:383][641]LogBlueprintUserMessages: 5.667607
[2015.09.23-16.46.59:399][642]LogBlueprintUserMessages: 5.586961
[2015.09.23-16.46.59:415][643]LogBlueprintUserMessages: 5.506315
[2015.09.23-16.46.59:432][644]LogBlueprintUserMessages: 5.425669
[2015.09.23-16.46.59:448][645]LogBlueprintUserMessages: 5.345023
[2015.09.23-16.46.59:464][646]LogBlueprintUserMessages: 5.264377
[2015.09.23-16.46.59:480][647]LogBlueprintUserMessages: 5.183731
[2015.09.23-16.46.59:496][648]LogBlueprintUserMessages: 5.103085
[2015.09.23-16.46.59:512][649]LogBlueprintUserMessages: 5.022439
[2015.09.23-16.46.59:528][650]LogBlueprintUserMessages: 4.941792
[2015.09.23-16.46.59:544][651]LogBlueprintUserMessages: 4.861146
[2015.09.23-16.46.59:560][652]LogBlueprintUserMessages: 4.7805
[2015.09.23-16.46.59:577][653]LogBlueprintUserMessages: 4.699854
[2015.09.23-16.46.59:593][654]LogBlueprintUserMessages: 4.619208
[2015.09.23-16.46.59:609][655]LogBlueprintUserMessages: 4.538528
[2015.09.23-16.46.59:625][656]LogBlueprintUserMessages: 4.457899
[2015.09.23-16.46.59:641][657]LogBlueprintUserMessages: 4.377253
[2015.09.23-16.46.59:657][658]LogBlueprintUserMessages: 4.296607
[2015.09.23-16.46.59:673][659]LogBlueprintUserMessages: 4.215961
[2015.09.23-16.46.59:689][660]LogBlueprintUserMessages: 4.135315
[2015.09.23-16.46.59:706][661]LogBlueprintUserMessages: 4.054669
[2015.09.23-16.46.59:722][662]LogBlueprintUserMessages: 3.974023
[2015.09.23-16.46.59:738][663]LogBlueprintUserMessages: 3.893377
[2015.09.23-16.46.59:754][664]LogBlueprintUserMessages: 3.812732
[2015.09.23-16.46.59:770][665]LogBlueprintUserMessages: 3.732086
[2015.09.23-16.46.59:786][666]LogBlueprintUserMessages: 3.65144
[2015.09.23-16.46.59:802][667]LogBlueprintUserMessages: 3.570794
[2015.09.23-16.46.59:818][668]LogBlueprintUserMessages: 3.490148
[2015.09.23-16.46.59:835][669]LogBlueprintUserMessages: 3.409503
[2015.09.23-16.46.59:851][670]LogBlueprintUserMessages: 3.328857
[2015.09.23-16.46.59:867][671]LogBlueprintUserMessages: 3.248211
[2015.09.23-16.46.59:883][672]LogBlueprintUserMessages: 3.167565
[2015.09.23-16.46.59:899][673]LogBlueprintUserMessages: 3.086919
[2015.09.23-16.46.59:915][674]LogBlueprintUserMessages: 3.006274
[2015.09.23-16.46.59:931][675]LogBlueprintUserMessages: 2.925628
[2015.09.23-16.46.59:947][676]LogBlueprintUserMessages: 2.844982
[2015.09.23-16.46.59:964][677]LogBlueprintUserMessages: 2.764336
[2015.09.23-16.46.59:980][678]LogBlueprintUserMessages: 2.68369
[2015.09.23-16.46.59:996][679]LogBlueprintUserMessages: 2.603045
[2015.09.23-16.47.00:012][680]LogBlueprintUserMessages: 2.522399
[2015.09.23-16.47.00:028][681]LogBlueprintUserMessages: 2.441753
[2015.09.23-16.47.00:044][682]LogBlueprintUserMessages: 2.361107
[2015.09.23-16.47.00:060][683]LogBlueprintUserMessages: 2.280461
[2015.09.23-16.47.00:077][684]LogBlueprintUserMessages: 2.199816
[2015.09.23-16.47.00:093][685]LogBlueprintUserMessages: 2.11917
[2015.09.23-16.47.00:109][686]LogBlueprintUserMessages: 2.038524
[2015.09.23-16.47.00:126][687]LogBlueprintUserMessages: 1.957878
[2015.09.23-16.47.00:142][688]LogBlueprintUserMessages: 1.877232
[2015.09.23-16.47.00:158][689]LogBlueprintUserMessages: 1.796586
[2015.09.23-16.47.00:174][690]LogBlueprintUserMessages: 1.71594
[2015.09.23-16.47.00:190][691]LogBlueprintUserMessages: 1.635294
[2015.09.23-16.47.00:206][692]LogBlueprintUserMessages: 1.554649
[2015.09.23-16.47.00:222][693]LogBlueprintUserMessages: 1.474003
[2015.09.23-16.47.00:238][694]LogBlueprintUserMessages: 1.393357
[2015.09.23-16.47.00:255][695]LogBlueprintUserMessages: 1.312711
[2015.09.23-16.47.00:271][696]LogBlueprintUserMessages: 1.232065
[2015.09.23-16.47.00:287][697]LogBlueprintUserMessages: 1.151347
[2015.09.23-16.47.00:303][698]LogBlueprintUserMessages: 1.070737
[2015.09.23-16.47.00:319][699]LogBlueprintUserMessages: 0.990092
[2015.09.23-16.47.00:335][700]LogBlueprintUserMessages: 0.909446
[2015.09.23-16.47.00:351][701]LogBlueprintUserMessages: 0.8288
[2015.09.23-16.47.00:367][702]LogBlueprintUserMessages: 0.748154
[2015.09.23-16.47.00:383][703]LogBlueprintUserMessages: 0.667508
[2015.09.23-16.47.00:400][704]LogBlueprintUserMessages: 0.586862
[2015.09.23-16.47.00:416][705]LogBlueprintUserMessages: 0.506216
[2015.09.23-16.47.00:432][706]LogBlueprintUserMessages: 0.42557
[2015.09.23-16.47.00:448][707]LogBlueprintUserMessages: 0.344925
[2015.09.23-16.47.00:464][708]LogBlueprintUserMessages: 0.264279
[2015.09.23-16.47.00:480][709]LogBlueprintUserMessages: 0.183633
[2015.09.23-16.47.00:496][710]LogBlueprintUserMessages: 0.102987
[2015.09.23-16.47.00:512][711]LogBlueprintUserMessages: 0.022341
[2015.09.23-16.47.00:529][712]LogBlueprintUserMessages: -0.058305
[2015.09.23-16.47.00:529][712]Closing by request
[2015.09.23-16.47.00:529][712]LogWindows: FPlatformMisc::RequestExit(0)
[2015.09.23-16.47.00:996][713]LogWindowsTextInputMethodSystem:Display: IME system now deactivated.
[2015.09.23-16.47.00:996][713]LogWindowsTextInputMethodSystem:Display: IME system now deactivated.
[2015.09.23-16.47.01:006][713]LogExit: Preparing to exit.
[2015.09.23-16.47.01:087][713]LogExit: Game engine shut down
[2015.09.23-16.47.01:092][713]LogParticles: Destroying 0 GPU particle simulations for FXSystem 0x0000008D64638F40
[2015.09.23-16.47.01:237][713]LogExit: Object subsystem successfully closed.
[2015.09.23-16.47.01:252][713]LogD3D11RHI: Shutdown
[2015.09.23-16.47.01:252][713]LogD3D11RHI: CleanupD3DDevice
[2015.09.23-16.47.01:323][713]LogD3D11RHI: ~FD3D11DynamicRHI
[2015.09.23-16.47.01:335][713]LogModuleManager: Shutting down and abandoning module AndroidDeviceDetection (109)
[2015.09.23-16.47.01:768][713]LogModuleManager: Shutting down and abandoning module AutomationWorker (108)
[2015.09.23-16.47.01:768][713]LogModuleManager: Shutting down and abandoning module CharacterAI (107)
[2015.09.23-16.47.01:768][713]LogModuleManager: Shutting down and abandoning module AITestSuite (106)
[2015.09.23-16.47.01:768][713]LogModuleManager: Shutting down and abandoning module GameplayDebugger (105)
[2015.09.23-16.47.01:768][713]LogModuleManager: Shutting down and abandoning module AIModule (104)
[2015.09.23-16.47.01:768][713]LogModuleManager: Shutting down and abandoning module GameLiveStreaming (103)
[2015.09.23-16.47.01:768][713]LogModuleManager: Shutting down and abandoning module StreamingPauseRendering (102)
[2015.09.23-16.47.01:768][713]LogModuleManager: Shutting down and abandoning module ProfilerService (101)
[2015.09.23-16.47.01:924][713]LogModuleManager: Shutting down and abandoning module TaskGraph (100)
[2015.09.23-16.47.01:924][713]LogModuleManager: Shutting down and abandoning module SlateRemote (99)
[2015.09.23-16.47.01:924][713]LogModuleManager: Shutting down and abandoning module SteamVRController (98)
[2015.09.23-16.47.01:924][713]LogModuleManager: Shutting down and abandoning module SteamVR (97)
[2015.09.23-16.47.01:924][713]LogModuleManager: Shutting down and abandoning module ProceduralMeshComponent (96)
[2015.09.23-16.47.01:924][713]LogModuleManager: Shutting down and abandoning module OculusRift (95)
[2015.09.23-16.47.01:924][713]LogModuleManager: Shutting down and abandoning module LeapMotionController (94)
[2015.09.23-16.47.01:933][713]LogModuleManager: Shutting down and abandoning module CustomMeshComponent (93)
[2015.09.23-16.47.01:933][713]LogModuleManager: Shutting down and abandoning module CableComponent (92)
[2015.09.23-16.47.01:933][713]LogModuleManager: Shutting down and abandoning module DesktopPlatform (91)
[2015.09.23-16.47.01:933][713]LogModuleManager: Shutting down and abandoning module DirectoryWatcher (90)
[2015.09.23-16.47.01:933][713]LogModuleManager: Shutting down and abandoning module HotReload (89)
[2015.09.23-16.47.01:933][713]LogModuleManager: Shutting down and abandoning module VisualStudioSourceCodeAccess (88)
[2015.09.23-16.47.01:933][713]LogModuleManager: Shutting down and abandoning module UObjectPlugin (87)
[2015.09.23-16.47.01:933][713]LogModuleManager: Shutting down and abandoning module SubversionSourceControl (86)
[2015.09.23-16.47.01:933][713]LogModuleManager: Shutting down and abandoning module SourceControl (85)
[2015.09.23-16.47.01:933][713]LogModuleManager: Shutting down and abandoning module PerforceSourceControl (84)
[2015.09.23-16.47.01:933][713]LogModuleManager: Shutting down and abandoning module BlankPlugin (83)
[2015.09.23-16.47.01:933][713]LogModuleManager: Shutting down and abandoning module UdpMessaging (82)
[2015.09.23-16.47.01:933][713]LogModuleManager: Shutting down and abandoning module AssetRegistry (81)
[2015.09.23-16.47.01:933][713]LogModuleManager: Shutting down and abandoning module SubstanceCore (80)
[2015.09.23-16.47.01:933][713]LogModuleManager: Shutting down and abandoning module Paper2D (79)
[2015.09.23-16.47.01:933][713]LogModuleManager: Shutting down and abandoning module WindowsMoviePlayer (78)
[2015.09.23-16.47.01:935][713]LogModuleManager: Shutting down and abandoning module Media (77)
[2015.09.23-16.47.01:935][713]LogModuleManager: Shutting down and abandoning module WmfMedia (76)
[2015.09.23-16.47.01:935][713]LogModuleManager: Shutting down and abandoning module OnlineBlueprintSupport (75)
[2015.09.23-16.47.01:935][713]LogModuleManager: Shutting down and abandoning module PropertyEditor (74)
[2015.09.23-16.47.01:935][713]LogModuleManager: Shutting down and abandoning module BehaviorTreeEditor (73)
[2015.09.23-16.47.01:935][713]LogModuleManager: Shutting down and abandoning module FunctionalTesting (72)
[2015.09.23-16.47.01:935][713]LogModuleManager: Shutting down and abandoning module CollisionAnalyzer (71)
[2015.09.23-16.47.01:935][713]LogModuleManager: Shutting down and abandoning module WorkspaceMenuStructure (70)
[2015.09.23-16.47.01:935][713]LogModuleManager: Shutting down and abandoning module MessageLog (69)
[2015.09.23-16.47.01:935][713]LogModuleManager: Shutting down and abandoning module Sequencer (68)
[2015.09.23-16.47.01:935][713]LogModuleManager: Shutting down and abandoning module AssetTools (67)
[2015.09.23-16.47.01:935][713]LogModuleManager: Shutting down and abandoning module UMGEditor (66)
[2015.09.23-16.47.01:936][713]LogModuleManager: Shutting down and abandoning module UMG (65)
[2015.09.23-16.47.01:936][713]LogModuleManager: Shutting down and abandoning module Slate (64)
[2015.09.23-16.47.01:936][713]LogModuleManager: Shutting down and abandoning module EditorStyle (63)
[2015.09.23-16.47.01:938][713]LogModuleManager: Shutting down and abandoning module SessionServices (62)
[2015.09.23-16.47.01:938][713]LogModuleManager: Shutting down and abandoning module SourceCodeAccess (61)
[2015.09.23-16.47.01:938][713]LogModuleManager: Shutting down and abandoning module HeadMountedDisplay (60)
[2015.09.23-16.47.01:938][713]LogModuleManager: Shutting down and abandoning module XAudio2 (59)
[2015.09.23-16.47.01:938][713]LogModuleManager: Shutting down and abandoning module Networking (57)
[2015.09.23-16.47.01:938][713]LogModuleManager: Shutting down and abandoning module Core (56)
[2015.09.23-16.47.01:938][713]LogModuleManager: Shutting down and abandoning module KismetCompiler (55)
[2015.09.23-16.47.01:938][713]LogModuleManager: Shutting down and abandoning module PhysXFormats (54)
[2015.09.23-16.47.01:938][713]LogModuleManager: Shutting down and abandoning module MeshUtilities (53)
[2015.09.23-16.47.01:938][713]LogModuleManager: Shutting down and abandoning module DerivedDataCache (52)
[2015.09.23-16.47.02:429][713]LogDerivedDataCache: Shutdown
[2015.09.23-16.47.02:429][713]LogModuleManager: Shutting down and abandoning module ShaderFormatOpenGL (51)
[2015.09.23-16.47.02:429][713]LogModuleManager: Shutting down and abandoning module ShaderFormatD3D (50)
[2015.09.23-16.47.02:429][713]LogModuleManager: Shutting down and abandoning module MetalShaderFormat (49)
[2015.09.23-16.47.02:429][713]LogModuleManager: Shutting down and abandoning module TextureFormatUncompressed (48)
[2015.09.23-16.47.02:429][713]LogModuleManager: Shutting down and abandoning module TextureFormatPVR (47)
[2015.09.23-16.47.02:429][713]LogModuleManager: Shutting down and abandoning module TextureFormatIntelISPCTexComp (46)
[2015.09.23-16.47.02:429][713]LogModuleManager: Shutting down and abandoning module TextureFormatDXT (45)
[2015.09.23-16.47.02:429][713]LogModuleManager: Shutting down and abandoning module ImageWrapper (44)
[2015.09.23-16.47.02:429][713]LogModuleManager: Shutting down and abandoning module TextureFormatASTC (43)
[2015.09.23-16.47.02:429][713]LogModuleManager: Shutting down and abandoning module TextureFormatAndroid (42)
[2015.09.23-16.47.02:429][713]LogModuleManager: Shutting down and abandoning module AudioFormatOpus (41)
[2015.09.23-16.47.02:429][713]LogModuleManager: Shutting down and abandoning module AudioFormatOgg (40)
[2015.09.23-16.47.02:429][713]LogModuleManager: Shutting down and abandoning module AudioFormatADPCM (39)
[2015.09.23-16.47.02:429][713]LogModuleManager: Shutting down and abandoning module LinuxTargetPlatform (38)
[2015.09.23-16.47.02:429][713]LogModuleManager: Shutting down and abandoning module LinuxServerTargetPlatform (37)
[2015.09.23-16.47.02:429][713]LogModuleManager: Shutting down and abandoning module LinuxNoEditorTargetPlatform (36)
[2015.09.23-16.47.02:429][713]LogModuleManager: Shutting down and abandoning module Messaging (35)
[2015.09.23-16.47.02:429][713]LogModuleManager: Shutting down and abandoning module IOSTargetPlatform (34)
[2015.09.23-16.47.02:429][713]LogModuleManager: Shutting down and abandoning module HTML5TargetPlatform (33)
[2015.09.23-16.47.02:429][713]LogModuleManager: Shutting down and abandoning module Android_PVRTCTargetPlatform (32)
[2015.09.23-16.47.02:429][713]LogModuleManager: Shutting down and abandoning module Android_ETC2TargetPlatform (31)
[2015.09.23-16.47.02:429][713]LogModuleManager: Shutting down and abandoning module Android_ETC1TargetPlatform (30)
[2015.09.23-16.47.02:429][713]LogModuleManager: Shutting down and abandoning module Android_DXTTargetPlatform (29)
[2015.09.23-16.47.02:429][713]LogModuleManager: Shutting down and abandoning module Android_ATCTargetPlatform (28)
[2015.09.23-16.47.02:429][713]LogModuleManager: Shutting down and abandoning module Android_ASTCTargetPlatform (27)
[2015.09.23-16.47.02:429][713]LogModuleManager: Shutting down and abandoning module AndroidTargetPlatform (26)
[2015.09.23-16.47.02:429][713]LogModuleManager: Shutting down and abandoning module WindowsTargetPlatform (25)
[2015.09.23-16.47.02:429][713]LogModuleManager: Shutting down and abandoning module WindowsServerTargetPlatform (24)
[2015.09.23-16.47.02:429][713]LogModuleManager: Shutting down and abandoning module WindowsNoEditorTargetPlatform (23)
[2015.09.23-16.47.02:429][713]LogModuleManager: Shutting down and abandoning module WindowsClientTargetPlatform (22)
[2015.09.23-16.47.02:429][713]LogModuleManager: Shutting down and abandoning module DesktopTargetPlatform (21)
[2015.09.23-16.47.02:429][713]LogModuleManager: Shutting down and abandoning module TargetPlatform (20)
[2015.09.23-16.47.02:429][713]LogModuleManager: Shutting down and abandoning module InputCore (19)
[2015.09.23-16.47.02:429][713]LogModuleManager: Shutting down and abandoning module Settings (18)
[2015.09.23-16.47.02:429][713]LogModuleManager: Shutting down and abandoning module OnlineSubsystem (16)
[2015.09.23-16.47.02:429][713]LogModuleManager: Shutting down and abandoning module HTTP (15)
[2015.09.23-16.47.02:429][713]LogModuleManager: Shutting down and abandoning module ExampleDeviceProfileSelector (14)
[2015.09.23-16.47.02:429][713]LogModuleManager: Shutting down and abandoning module TextureCompressor (13)
[2015.09.23-16.47.02:429][713]LogModuleManager: Shutting down and abandoning module ShaderCore (12)
[2015.09.23-16.47.02:429][713]LogModuleManager: Shutting down and abandoning module Landscape (11)
[2015.09.23-16.47.02:429][713]LogModuleManager: Shutting down and abandoning module SlateRHIRenderer (10)
[2015.09.23-16.47.02:430][713]LogModuleManager: Shutting down and abandoning module OpenGLDrv (9)
[2015.09.23-16.47.02:430][713]LogModuleManager: Shutting down and abandoning module D3D11RHI (8)
[2015.09.23-16.47.02:430][713]LogModuleManager: Shutting down and abandoning module Renderer (7)
[2015.09.23-16.47.02:430][713]LogModuleManager: Shutting down and abandoning module Engine (6)
[2015.09.23-16.47.02:430][713]LogModuleManager: Shutting down and abandoning module CoreUObject (5)
[2015.09.23-16.47.02:430][713]LogModuleManager: Shutting down and abandoning module NetworkFile (4)
[2015.09.23-16.47.02:430][713]LogModuleManager: Shutting down and abandoning module StreamingFile (3)
[2015.09.23-16.47.02:430][713]LogModuleManager: Shutting down and abandoning module SandboxFile (2)
[2015.09.23-16.47.02:430][713]LogModuleManager: Shutting down and abandoning module PakFile (1)
[2015.09.23-16.47.02:431][713]LogExit: Exiting.
[2015.09.23-16.47.02:433][713]Log file closed, 09/23/15 18:47:02
