[2015.09.23-17.34.30:852][  0]Log file open, 09/23/15 19:34:30
[2015.09.23-17.34.30:852][  0]LogInit:Display: Running engine for game: NotPartofGame
[2015.09.23-17.34.30:852][  0]LogInit:Display: RandInit(1857562308) SRandInit(1857562308).
[2015.09.23-17.34.30:852][  0]LogTaskGraph: Started task graph with 4 named threads and 7 total threads.
[2015.09.23-17.34.30:852][  0]LogStats: Stats thread started
[2015.09.23-17.34.30:852][  0]LogInit: Version: 4.8.3-2634408+++depot+UE4-Releases+4.8
[2015.09.23-17.34.30:852][  0]LogInit: API Version: 2579680
[2015.09.23-17.34.30:852][  0]LogInit: Compiled (64-bit): Jul 27 2015 16:24:33
[2015.09.23-17.34.30:852][  0]LogInit: Compiled with Visual C++: 18.00.21005.01
[2015.09.23-17.34.30:852][  0]LogInit: Build Configuration: Development
[2015.09.23-17.34.30:852][  0]LogInit: Branch Name: ++depot+UE4-Releases+4.8
[2015.09.23-17.34.30:852][  0]LogInit: Command line:  /Temp/Autosaves/Game/NPOTG/Maps/UEDPCTesting_Level -game -PIEVIACONSOLE -ResX=1280 -ResY=720  -Multiprocess 
[2015.09.23-17.34.30:852][  0]LogInit: Base directory: C:/Users/Bodoo/Documents/Programmieren/4.8/Engine/Binaries/Win64/
[2015.09.23-17.34.30:852][  0]LogInit: Rocket: 1
[2015.09.23-17.34.30:874][  0]LogInit: Using libcurl 7.41.0
[2015.09.23-17.34.30:874][  0]LogInit:  - built for x86_64-pc-win32
[2015.09.23-17.34.30:874][  0]LogInit:  - supports SSL with WinSSL
[2015.09.23-17.34.30:874][  0]LogInit:  - other features:
[2015.09.23-17.34.30:874][  0]LogInit:      CURL_VERSION_SSL
[2015.09.23-17.34.30:874][  0]LogInit:      CURL_VERSION_IPV6
[2015.09.23-17.34.30:874][  0]LogInit:      CURL_VERSION_ASYNCHDNS
[2015.09.23-17.34.30:874][  0]LogInit:      CURL_VERSION_LARGEFILE
[2015.09.23-17.34.30:874][  0]LogInit:      CURL_VERSION_IDN
[2015.09.23-17.34.30:874][  0]LogInit:  CurlRequestOptions (configurable via config and command line):
[2015.09.23-17.34.30:874][  0]LogInit:  - bVerifyPeer = true  - Libcurl will verify peer certificate
[2015.09.23-17.34.30:874][  0]LogInit:  - bUseHttpProxy = false  - Libcurl will NOT use HTTP proxy
[2015.09.23-17.34.30:874][  0]LogInit:  - bDontReuseConnections = false  - Libcurl will reuse connections
[2015.09.23-17.34.30:874][  0]LogInit:  - CertBundlePath = nullptr  - Libcurl will use whatever was configured at build time.
[2015.09.23-17.34.30:887][  0]LogOnline:Warning: No default platform service specified for OnlineSubsystem
[2015.09.23-17.34.30:902][  0]LogInit: Presizing for 0 objects not considered by GC, pre-allocating 0 bytes.
[2015.09.23-17.34.30:910][  0]LogInit: Object subsystem initialized
[2015.09.23-17.34.30:911][  0]LogConsoleResponse:Warning: Skipping Unknown console variable: 'UIScaleCurve = (EditorCurveData=(Keys=((Time=480.000000,Value=0.444000),(Time=720.000000,Value=0.666000),(Time=1080.000000,Value=1.000000),(Time=8640.000000,Value=8.000000))),ExternalCurve=None)'
[2015.09.23-17.34.30:911][  0]LogConsoleResponse:Warning:   Found in ini file 'C:/Users/Bodoo/Documents/Programmieren/Projekte/NotPartofTheGame/Saved/Config/Windows/Engine.ini', in section '[/Script/Engine.RendererSettings]'
[2015.09.23-17.34.30:912][  0]LogConsoleManager:Warning: Console variable 'r.MSAA.CompositingSampleCount' wasn't set ('Scalability' has a lower priority than 'ProjectSetting')
[2015.09.23-17.34.30:912][  0]LogInit: Selected Device Profile: [Windows]
[2015.09.23-17.34.30:912][  0]LogInit: Applying CVar settings loaded from the selected device profile: [Windows]
[2015.09.23-17.34.30:914][  0]LogInit: Computer: DESKTOP-GLF6O4V
[2015.09.23-17.34.30:914][  0]LogInit: User: Bodoo
[2015.09.23-17.34.30:914][  0]LogInit: CPU Page size=4096, Cores=4
[2015.09.23-17.34.30:914][  0]LogInit: High frequency timer resolution =3.215354 MHz
[2015.09.23-17.34.30:914][  0]LogMemory: Memory total: Physical=12.0GB (12GB approx)
[2015.09.23-17.34.30:915][  0]LogMemory: Platform Memory Stats for Windows
[2015.09.23-17.34.30:915][  0]LogMemory: Process Physical Memory: 51.26 MB used, 51.26 MB peak
[2015.09.23-17.34.30:915][  0]LogMemory: Process Virtual Memory: 22.65 MB used, 22.65 MB peak
[2015.09.23-17.34.30:915][  0]LogMemory: Physical Memory: 2841.38 MB used, 12270.45 MB total
[2015.09.23-17.34.30:915][  0]LogMemory: Virtual Memory: 310.63 MB used, 134217728.00 MB total
[2015.09.23-17.34.30:943][  0]LogTextLocalizationManager: The requested culture ('de_DE') has no localization data; falling back to 'en' for localization and internationalization data.
[2015.09.23-17.34.31:184][  0]LogTextLocalizationManager:Warning: Loaded localization resources contain conflicting entries for (Namespace:ContentBrowser, Key:ImportAssetToolTip):
Localization Resource: (C:/Users/Bodoo/Documents/Programmieren/4.8/Engine/Content/Localization/Editor/en/Editor.locres) Source String Hash: (-630476809) Localized String: (Import to {0}...)
Localization Resource: (C:/Users/Bodoo/Documents/Programmieren/4.8/Engine/Content/Localization/Editor/en/Editor.locres) Source String Hash: (1271782899) Localized String: (Imports an asset from file to this folder.)
[2015.09.23-17.34.31:517][  0]LogD3D11RHI: Found D3D11 adapter 0: AMD Radeon HD 6800 Series (Feature Level 11_0)
[2015.09.23-17.34.31:517][  0]LogD3D11RHI: Adapter has 1011MB of dedicated video memory, 0MB of dedicated system memory, and 3840MB of shared system memory, 1 output[s]
[2015.09.23-17.34.31:518][  0]LogD3D11RHI: Found D3D11 adapter 1: Microsoft Basic Render Driver (Feature Level 11_0)
[2015.09.23-17.34.31:518][  0]LogD3D11RHI: Adapter has 0MB of dedicated video memory, 0MB of dedicated system memory, and 6135MB of shared system memory, 0 output[s]
[2015.09.23-17.34.31:518][  0]LogD3D11RHI: Chosen D3D11 Adapter Id = 0
[2015.09.23-17.34.31:520][  0]LogD3D11RHI: InitD3DDevice
[2015.09.23-17.34.31:520][  0]LogD3D11RHI: !Direct3DDevice
[2015.09.23-17.34.31:521][  0]LogRHI: Texture pool is 708 MB (70% of 1011 MB)
[2015.09.23-17.34.31:527][  0]LogD3D11RHI: Async texture creation disabled: no driver support
[2015.09.23-17.34.31:537][  0]LogShaderCompilers:Display: Using Local Shader Compiler.
[2015.09.23-17.34.32:318][  0]LogTemp:Display: Loaded TP DesktopTargetPlatform
[2015.09.23-17.34.32:332][  0]LogTemp:Display: Loaded TP WindowsClientTargetPlatform
[2015.09.23-17.34.32:347][  0]LogTemp:Display: Loaded TP WindowsNoEditorTargetPlatform
[2015.09.23-17.34.32:361][  0]LogTemp:Display: Loaded TP WindowsServerTargetPlatform
[2015.09.23-17.34.32:377][  0]LogTemp:Display: Loaded TP WindowsTargetPlatform
[2015.09.23-17.34.32:389][  0]LogTemp:Display: Loaded TP AndroidTargetPlatform
[2015.09.23-17.34.32:402][  0]LogTemp:Display: Loaded TP Android_ASTCTargetPlatform
[2015.09.23-17.34.32:414][  0]LogTemp:Display: Loaded TP Android_ATCTargetPlatform
[2015.09.23-17.34.32:426][  0]LogTemp:Display: Loaded TP Android_DXTTargetPlatform
[2015.09.23-17.34.32:439][  0]LogTemp:Display: Loaded TP Android_ETC1TargetPlatform
[2015.09.23-17.34.32:452][  0]LogTemp:Display: Loaded TP Android_ETC2TargetPlatform
[2015.09.23-17.34.32:465][  0]LogTemp:Display: Loaded TP Android_PVRTCTargetPlatform
[2015.09.23-17.34.32:515][  0]LogTemp:Display: Loaded TP IOSTargetPlatform
[2015.09.23-17.34.32:526][  0]LogTemp:Display: Loaded TP LinuxNoEditorTargetPlatform
[2015.09.23-17.34.32:539][  0]LogTemp:Display: Loaded TP LinuxServerTargetPlatform
[2015.09.23-17.34.32:552][  0]LogTemp:Display: Loaded TP LinuxTargetPlatform
[2015.09.23-17.34.32:552][  0]LogTargetPlatformManager:Display: Building Assets For Windows
[2015.09.23-17.34.32:752][  0]LogDerivedDataCache:Display: Max Cache Size: 512 MB
[2015.09.23-17.34.32:820][  0]LogDerivedDataCache: Loaded boot cache 0.07s 53MB C:/Users/Bodoo/AppData/Local/UnrealEngine/4.8/DerivedDataCache/Boot.ddc.
[2015.09.23-17.34.32:820][  0]LogDerivedDataCache:Display: Loaded Boot cache: C:/Users/Bodoo/AppData/Local/UnrealEngine/4.8/DerivedDataCache/Boot.ddc
[2015.09.23-17.34.32:820][  0]LogDerivedDataCache: FDerivedDataBackendGraph:  Pak pak cache file ../../../../Projekte/NotPartofTheGame/DerivedDataCache/DDC.ddp not found, will not use a pak cache.
[2015.09.23-17.34.32:820][  0]LogDerivedDataCache: Unable to find inner node Pak for hierarchical cache Hierarchy.
[2015.09.23-17.34.32:821][  0]LogDerivedDataCache: FDerivedDataBackendGraph:  CompressedPak pak cache file ../../../../Projekte/NotPartofTheGame/DerivedDataCache/Compressed.ddp not found, will not use a pak cache.
[2015.09.23-17.34.32:821][  0]LogDerivedDataCache: Unable to find inner node CompressedPak for hierarchical cache Hierarchy.
[2015.09.23-17.34.32:965][  0]LogDerivedDataCache:Display: Pak cache opened for reading ../../../Engine/DerivedDataCache/Compressed.ddp.
[2015.09.23-17.34.32:977][  0]LogDerivedDataCache: Using Local data cache path C:/Users/Bodoo/AppData/Local/UnrealEngine/Common/DerivedDataCache: Writable
[2015.09.23-17.34.33:210][  0]LogInit: Selected Device Profile: [Windows]
[2015.09.23-17.34.33:295][  0]ImportText (ComponentSweepMultiTests): Missing closing parenthesis: (RootShapeAsset="/Engine/BasicShapes/Cube.Cube",ShapeType="TriggerCapsule",HitResult=(Time=0.50,Location=(X=-100.000015,Y=0.0,Z=100.000015),ImpactPoint=(X=-50.0,Y=0.0,Z=50.0),Normal=(X=-1.0,Y=-0.0,Z=0.0),ImpactNormal=(X=0.0,Y=0.0,Z=1.0),TraceStart=(X=-200.0,Y=0.0,Z=200.0),TraceEnd=(X=0.0,Y=0.0,Z=0.0))
[2015.09.23-17.34.33:295][  0]ImportText (LineTraceSingleByChannelTests): Missing closing parenthesis: (RootShapeAsset="/Engine/BasicShapes/Cube.Cube",HitResult=(Time=0.50,Location=(X=-100.000015,Y=0.0,Z=100.000015),ImpactPoint=(X=-50.0,Y=0.0,Z=50.0),Normal=(X=-1.0,Y=-0.0,Z=0.0),ImpactNormal=(X=0.0,Y=0.0,Z=1.0),TraceStart=(X=-200.0,Y=0.0,Z=200.0),TraceEnd=(X=0.0,Y=0.0,Z=0.0))
[2015.09.23-17.34.33:322][  0]LogMeshUtilities: No automatic mesh reduction module available
[2015.09.23-17.34.33:322][  0]LogMeshUtilities: No automatic mesh merging module available
[2015.09.23-17.34.33:616][  0]LogInit: WinSock: version 1.1 (2.2), MaxSocks=32767, MaxUdp=65467
[2015.09.23-17.34.34:056][  0]LogD3D11RHI: InitD3DDevice
[2015.09.23-17.34.34:060][  0]LogWindowsMoviePlayer: Unable to load movie: ../../../../Projekte/NotPartofTheGame/Content/Movies/Default_Startup.mp4
[2015.09.23-17.34.34:200][  0]LogAssetRegistry: FAssetRegistry took 0.0001 seconds to start up
[2015.09.23-17.34.34:244][  0]SourceControl: Info Source control is disabled
[2015.09.23-17.34.34:244][  0]SourceControl: Info Source control is disabled
[2015.09.23-17.34.34:253][  0]SourceControl: Info Source control is disabled
[2015.09.23-17.34.34:432][  0]LogObj: 25913 objects as part of root set at end of initial load.
[2015.09.23-17.34.34:432][  0]LogUObjectAllocator: 5218488 out of 0 bytes used by permanent object pool.
[2015.09.23-17.34.34:500][  0]LogAutomationTest:Warning: ERR: Transient text cannot be serialized "Testing Transient serialization detection".
[2015.09.23-17.34.34:500][  0]LogEngine: Initializing Engine...
[2015.09.23-17.34.34:502][  0]LogHMD: Can't find Oculus library dev build: is proper Runtime installed? Version: 0.6.0.0
[2015.09.23-17.34.34:503][  0]LogHMD:Warning: SteamVR failed to initialize.  Error: 110
[2015.09.23-17.34.34:593][  0]LogInit: XAudio2 using 'Lautsprecher (Realtek High Definition Audio)' : 2 channels at 48 kHz using 32 bits per sample (channel mask 0x3)
[2015.09.23-17.34.34:602][  0]LogInit: FAudioDevice initialized.
[2015.09.23-17.34.34:613][  0]LogInit: Texture streaming: Disabled
[2015.09.23-17.34.34:675][  0]LogNet: Browse: /Temp/Autosaves/Game/NPOTG/Maps/UEDPCTesting_Level?Name=Player
[2015.09.23-17.34.34:675][  0]LogLoad: LoadMap: /Temp/Autosaves/Game/NPOTG/Maps/UEDPCTesting_Level?Name=Player
[2015.09.23-17.34.34:686][  0]LogParticles: Destroying 0 GPU particle simulations for FXSystem 0x000000A5C8E8F560
[2015.09.23-17.34.34:695][  0]LogMemory: Platform Memory Stats for Windows
[2015.09.23-17.34.34:695][  0]LogMemory: Process Physical Memory: 340.51 MB used, 340.52 MB peak
[2015.09.23-17.34.34:695][  0]LogMemory: Process Virtual Memory: 376.87 MB used, 376.87 MB peak
[2015.09.23-17.34.34:695][  0]LogMemory: Physical Memory: 3071.33 MB used, 12270.45 MB total
[2015.09.23-17.34.34:695][  0]LogMemory: Virtual Memory: 898.66 MB used, 134217728.00 MB total
[2015.09.23-17.34.34:695][  0]LogMemory: 
[2015.09.23-17.34.34:695][  0]Allocator Stats for TBB: (not implemented)
[2015.09.23-17.34.34:984][  0]LogProperty:Warning: ERR: Transient text cannot be serialized "ReturnValue Z".
[2015.09.23-17.34.34:984][  0]LogProperty:Warning: ERR: Transient text cannot be serialized "ReturnValue Y".
[2015.09.23-17.34.34:984][  0]LogProperty:Warning: ERR: Transient text cannot be serialized "ReturnValue X".
[2015.09.23-17.34.35:305][  0]LogProperty:Warning: ERR: Transient text cannot be serialized "ReturnValue Z".
[2015.09.23-17.34.35:305][  0]LogProperty:Warning: ERR: Transient text cannot be serialized "ReturnValue Y".
[2015.09.23-17.34.35:305][  0]LogProperty:Warning: ERR: Transient text cannot be serialized "ReturnValue X".
[2015.09.23-17.34.35:682][  0]LogProperty:Warning: ERR: Transient text cannot be serialized "NewRotation Roll".
[2015.09.23-17.34.35:682][  0]LogProperty:Warning: ERR: Transient text cannot be serialized "NewRotation Yaw".
[2015.09.23-17.34.35:682][  0]LogProperty:Warning: ERR: Transient text cannot be serialized "NewRotation Pitch".
[2015.09.23-17.34.35:682][  0]LogProperty:Warning: ERR: Transient text cannot be serialized "NewRotation Roll".
[2015.09.23-17.34.35:682][  0]LogProperty:Warning: ERR: Transient text cannot be serialized "NewRotation Yaw".
[2015.09.23-17.34.35:682][  0]LogProperty:Warning: ERR: Transient text cannot be serialized "NewRotation Pitch".
[2015.09.23-17.34.35:687][  0]LogProperty:Warning: ERR: Transient text cannot be serialized "ReturnValue Z".
[2015.09.23-17.34.35:687][  0]LogProperty:Warning: ERR: Transient text cannot be serialized "ReturnValue Y".
[2015.09.23-17.34.35:687][  0]LogProperty:Warning: ERR: Transient text cannot be serialized "ReturnValue X".
[2015.09.23-17.34.35:753][  0]LogProperty:Warning: ERR: Transient text cannot be serialized "NewRotation Roll".
[2015.09.23-17.34.35:753][  0]LogProperty:Warning: ERR: Transient text cannot be serialized "NewRotation Yaw".
[2015.09.23-17.34.35:753][  0]LogProperty:Warning: ERR: Transient text cannot be serialized "NewRotation Pitch".
[2015.09.23-17.34.35:753][  0]LogProperty:Warning: ERR: Transient text cannot be serialized "NewRotation Roll".
[2015.09.23-17.34.35:753][  0]LogProperty:Warning: ERR: Transient text cannot be serialized "NewRotation Yaw".
[2015.09.23-17.34.35:753][  0]LogProperty:Warning: ERR: Transient text cannot be serialized "NewRotation Pitch".
[2015.09.23-17.34.35:758][  0]LogProperty:Warning: ERR: Transient text cannot be serialized "ReturnValue Z".
[2015.09.23-17.34.35:758][  0]LogProperty:Warning: ERR: Transient text cannot be serialized "ReturnValue Y".
[2015.09.23-17.34.35:758][  0]LogProperty:Warning: ERR: Transient text cannot be serialized "ReturnValue X".
[2015.09.23-17.34.36:986][  0]LogAIModule: Creating AISystem for world Testing_Level
[2015.09.23-17.34.36:986][  0]LogWorld: Game class is '2DSideScrollerGameMode_C'
[2015.09.23-17.34.37:075][  0]LogWorld: Bringing World /Temp/Autosaves/Game/NPOTG/Maps/UEDPCTesting_Level.Testing_Level up for play (max tick rate 0) at 2015.09.23-19.34.37
[2015.09.23-17.34.37:093][  0]LogWorld: Bringing up level for play took: 0.104214
[2015.09.23-17.34.37:098][  0]LogInit:Display: Game Engine Initialized.
[2015.09.23-17.34.37:322][  0]LogLoad: Full Startup: 8.13 seconds (BP compile: 1.17 seconds)
[2015.09.23-17.34.37:339][  0]LogWindowsTextInputMethodSystem:Display: IME system now deactivated.
[2015.09.23-17.34.37:339][  0]LogWindowsTextInputMethodSystem:Display: IME system now deactivated.
[2015.09.23-17.34.37:342][  0]LogContentStreaming: Texture pool size is 1000.000000MB
[2015.09.23-17.34.37:471][  0]LogRenderer: Reallocating scene render targets to support 1280x720 (Frame:2).
[2015.09.23-17.34.37:589][  1]LogScript:Warning: Accessed None 'PointA'
	wolf_C /Temp/Autosaves/Game/NPOTG/Maps/UEDPCTesting_Level.Testing_Level:PersistentLevel.wolf_C_6
	Function /Game/NPOTG/Blueprints/Charaktere/wolf.wolf_C:ExecuteUbergraph_wolf:007F
[2015.09.23-17.34.37:589][  1]LogScript:Warning: Accessed None 'PointB'
	wolf_C /Temp/Autosaves/Game/NPOTG/Maps/UEDPCTesting_Level.Testing_Level:PersistentLevel.wolf_C_6
	Function /Game/NPOTG/Blueprints/Charaktere/wolf.wolf_C:ExecuteUbergraph_wolf:00AA
[2015.09.23-17.34.37:604][  2]LogScript:Warning: Accessed None 'PointA'
	wolf_C /Temp/Autosaves/Game/NPOTG/Maps/UEDPCTesting_Level.Testing_Level:PersistentLevel.wolf_C_6
	Function /Game/NPOTG/Blueprints/Charaktere/wolf.wolf_C:ExecuteUbergraph_wolf:007F
[2015.09.23-17.34.37:604][  2]LogScript:Warning: Accessed None 'PointB'
	wolf_C /Temp/Autosaves/Game/NPOTG/Maps/UEDPCTesting_Level.Testing_Level:PersistentLevel.wolf_C_6
	Function /Game/NPOTG/Blueprints/Charaktere/wolf.wolf_C:ExecuteUbergraph_wolf:00AA
[2015.09.23-17.34.37:626][  3]LogScript:Warning: Accessed None 'PointA'
	wolf_C /Temp/Autosaves/Game/NPOTG/Maps/UEDPCTesting_Level.Testing_Level:PersistentLevel.wolf_C_6
	Function /Game/NPOTG/Blueprints/Charaktere/wolf.wolf_C:ExecuteUbergraph_wolf:007F
[2015.09.23-17.34.37:626][  3]LogScript:Warning: Accessed None 'PointB'
	wolf_C /Temp/Autosaves/Game/NPOTG/Maps/UEDPCTesting_Level.Testing_Level:PersistentLevel.wolf_C_6
	Function /Game/NPOTG/Blueprints/Charaktere/wolf.wolf_C:ExecuteUbergraph_wolf:00AA
[2015.09.23-17.34.37:642][  4]LogScript:Warning: Accessed None 'PointA'
	wolf_C /Temp/Autosaves/Game/NPOTG/Maps/UEDPCTesting_Level.Testing_Level:PersistentLevel.wolf_C_6
	Function /Game/NPOTG/Blueprints/Charaktere/wolf.wolf_C:ExecuteUbergraph_wolf:007F
[2015.09.23-17.34.37:642][  4]LogScript:Warning: Accessed None 'PointB'
	wolf_C /Temp/Autosaves/Game/NPOTG/Maps/UEDPCTesting_Level.Testing_Level:PersistentLevel.wolf_C_6
	Function /Game/NPOTG/Blueprints/Charaktere/wolf.wolf_C:ExecuteUbergraph_wolf:00AA
[2015.09.23-17.34.37:659][  5]LogScript:Warning: Accessed None 'PointA'
	wolf_C /Temp/Autosaves/Game/NPOTG/Maps/UEDPCTesting_Level.Testing_Level:PersistentLevel.wolf_C_6
	Function /Game/NPOTG/Blueprints/Charaktere/wolf.wolf_C:ExecuteUbergraph_wolf:007F
[2015.09.23-17.34.37:659][  5]LogScript:Warning: Accessed None 'PointB'
	wolf_C /Temp/Autosaves/Game/NPOTG/Maps/UEDPCTesting_Level.Testing_Level:PersistentLevel.wolf_C_6
	Function /Game/NPOTG/Blueprints/Charaktere/wolf.wolf_C:ExecuteUbergraph_wolf:00AA
[2015.09.23-17.34.37:675][  6]LogScript:Warning: Accessed None 'PointA'
	wolf_C /Temp/Autosaves/Game/NPOTG/Maps/UEDPCTesting_Level.Testing_Level:PersistentLevel.wolf_C_6
	Function /Game/NPOTG/Blueprints/Charaktere/wolf.wolf_C:ExecuteUbergraph_wolf:007F
[2015.09.23-17.34.37:675][  6]LogScript:Warning: Accessed None 'PointB'
	wolf_C /Temp/Autosaves/Game/NPOTG/Maps/UEDPCTesting_Level.Testing_Level:PersistentLevel.wolf_C_6
	Function /Game/NPOTG/Blueprints/Charaktere/wolf.wolf_C:ExecuteUbergraph_wolf:00AA
[2015.09.23-17.34.37:691][  7]LogScript:Warning: Accessed None 'PointA'
	wolf_C /Temp/Autosaves/Game/NPOTG/Maps/UEDPCTesting_Level.Testing_Level:PersistentLevel.wolf_C_6
	Function /Game/NPOTG/Blueprints/Charaktere/wolf.wolf_C:ExecuteUbergraph_wolf:007F
[2015.09.23-17.34.37:691][  7]LogScript:Warning: Accessed None 'PointB'
	wolf_C /Temp/Autosaves/Game/NPOTG/Maps/UEDPCTesting_Level.Testing_Level:PersistentLevel.wolf_C_6
	Function /Game/NPOTG/Blueprints/Charaktere/wolf.wolf_C:ExecuteUbergraph_wolf:00AA
[2015.09.23-17.34.37:707][  8]LogScript:Warning: Accessed None 'PointA'
	wolf_C /Temp/Autosaves/Game/NPOTG/Maps/UEDPCTesting_Level.Testing_Level:PersistentLevel.wolf_C_6
	Function /Game/NPOTG/Blueprints/Charaktere/wolf.wolf_C:ExecuteUbergraph_wolf:007F
[2015.09.23-17.34.37:707][  8]LogScript:Warning: Accessed None 'PointB'
	wolf_C /Temp/Autosaves/Game/NPOTG/Maps/UEDPCTesting_Level.Testing_Level:PersistentLevel.wolf_C_6
	Function /Game/NPOTG/Blueprints/Charaktere/wolf.wolf_C:ExecuteUbergraph_wolf:00AA
[2015.09.23-17.34.37:723][  9]LogScript:Warning: Accessed None 'PointA'
	wolf_C /Temp/Autosaves/Game/NPOTG/Maps/UEDPCTesting_Level.Testing_Level:PersistentLevel.wolf_C_6
	Function /Game/NPOTG/Blueprints/Charaktere/wolf.wolf_C:ExecuteUbergraph_wolf:007F
[2015.09.23-17.34.55:636][119]LogScriptCore: Script call stack:
	Function /Game/NPOTG/Blueprints/Charaktere/wolf.wolf_C:BndEvt__see cone_K2Node_ComponentBoundEvent_90_ComponentBeginOverlapSignature__DelegateSignature
	Function /Game/NPOTG/Blueprints/Charaktere/wolf.wolf_C:ExecuteUbergraph_wolf
	Function /Game/NPOTG/Blueprints/Charaktere/wolf.wolf_C:start the fight
	Function /Game/NPOTG/Blueprints/Charaktere/wolf.wolf_C:construct fight
	Function /Game/NPOTG/Blueprints/Charaktere/wolf.wolf_C:start the fight
	Function /Game/NPOTG/Blueprints/Charaktere/wolf.wolf_C:construct fight
	Function /Game/NPOTG/Blueprints/Charaktere/wolf.wolf_C:start the fight
	Function /Game/NPOTG/Blueprints/Charaktere/wolf.wolf_C:construct fight
	Function /Game/NPOTG/Blueprints/Charaktere/wolf.wolf_C:start the fight
	Function /Game/NPOTG/Blueprints/Charaktere/wolf.wolf_C:construct fight
	Function /Game/NPOTG/Blueprints/Charaktere/wolf.wolf_C:start the fight
	Function /Game/NPOTG/Blueprints/Charaktere/wolf.wolf_C:construct fight
	Function /Game/NPOTG/Blueprints/Charaktere/wolf.wolf_C:start the fight
	Function /Game/NPOTG/Blueprints/Charaktere/wolf.wolf_C:construct fight
	Function /Game/NPOTG/Blueprints/Charaktere/wolf.wolf_C:start the fight
	Function /Game/NPOTG/Blueprints/Charaktere/wolf.wolf_C:construct fight
	Function /Game/NPOTG/Blueprints/Charaktere/wolf.wolf_C:start the fight
	Function /Game/NPOTG/Blueprints/Charaktere/wolf.wolf_C:construct fight
	Function /Game/NPOTG/Blueprints/Charaktere/wolf.wolf_C:start the fight
	Function /Game/NPOTG/Blueprints/Charaktere/wolf.wolf_C:construct fight
	Function /Game/NPOTG/Blueprints/Charaktere/wolf.wolf_C:start the fight
	Function /Game/NPOTG/Blueprints/Charaktere/wolf.wolf_C:construct fight
	Function /Game/NPOTG/Blueprints/Charaktere/wolf.wolf_C:start the fight
	Function /Game/NPOTG/Blueprints/Charaktere/wolf.wolf_C:construct fight
	Function /Game/NPOTG/Blueprints/Charaktere/wolf.wolf_C:start the fight
	Function /Game/NPOTG/Blueprints/Charaktere/wolf.wolf_C:construct fight
	Function /Game/NPOTG/Blueprints/Charaktere/wolf.wolf_C:start the fight
	Function /Game/NPOTG/Blueprints/Charaktere/wolf.wolf_C:construct fight
	Function /Game/NPOTG/Blueprints/Charaktere/wolf.wolf_C:start the fight
	Function /Game/NPOTG/Blueprints/Charaktere/wolf.wolf_C:construct fight
	Function /Game/NPOTG/Blueprints/Charaktere/wolf.wolf_C:start the fight
	Function /Game/NPOTG/Blueprints/Charaktere/wolf.wolf_C:construct fight
	Function /Game/NPOTG/Blueprints/Charaktere/wolf.wolf_C:start the fight
	Function /Game/NPOTG/Blueprints/Charaktere/wolf.wolf_C:construct fight
	Function /Game/NPOTG/Blueprints/Charaktere/wolf.wolf_C:start the fight
	Function /Game/NPOTG/Blueprints/Charaktere/wolf.wolf_C:construct fight
	Function /Game/NPOTG/Blueprints/Charaktere/wolf.wolf_C:start the fight
	Function /Game/NPOTG/Blueprints/Charaktere/wolf.wolf_C:construct fight
	Function /Game/NPOTG/Blueprints/Charaktere/wolf.wolf_C:start the fight
	Function /Game/NPOTG/Blueprints/Charaktere/wolf.wolf_C:construct fight
	Function /Game/NPOTG/Blueprints/Charaktere/wolf.wolf_C:start the fight
	Function /Game/NPOTG/Blueprints/Charaktere/wolf.wolf_C:construct fight
	Function /Game/NPOTG/Blueprints/Charaktere/wolf.wolf_C:start the fight
	Function /Game/NPOTG/Blueprints/Charaktere/wolf.wolf_C:construct fight
	Function /Game/NPOTG/Blueprints/Charaktere/wolf.wolf_C:start the fight
	Function /Game/NPOTG/Blueprints/Charaktere/wolf.wolf_C:construct fight
	Function /Game/NPOTG/Blueprints/Charaktere/wolf.wolf_C:start the fight
	Function /Game/NPOTG/Blueprints/Charaktere/wolf.wolf_C:construct fight
	Function /Game/NPOTG/Blueprints/Charaktere/wolf.wolf_C:start the fight
	Function /Game/NPOTG/Blueprints/Charaktere/wolf.wolf_C:construct fight
	Function /Game/NPOTG/Blueprints/Charaktere/wolf.wolf_C:start the fight
	Function /Game/NPOTG/Blueprints/Charaktere/wolf.wolf_C:construct fight
	Function /Game/NPOTG/Blueprints/Charaktere/wolf.wolf_C:start the fight
	Function /Game/NPOTG/Blueprints/Charaktere/wolf.wolf_C:construct fight
	Function /Game/NPOTG/Blueprints/Charaktere/wolf.wolf_C:start the fight
	Function /Game/NPOTG/Blueprints/Charaktere/wolf.wolf_C:construct fight
	Function /Game/NPOTG/Blueprints/Charaktere/wolf.wolf_C:start the fight
	Function /Game/NPOTG/Blueprints/Charaktere/wolf.wolf_C:construct fight
	Function /Game/NPOTG/Blueprints/Charaktere/wolf.wolf_C:start the fight
	Function /Game/NPOTG/Blueprints/Charaktere/wolf.wolf_C:construct fight
	Function /Game/NPOTG/Blueprints/Charaktere/wolf.wolf_C:start the fight
	Function /Game/NPOTG/Blueprints/Charaktere/wolf.wolf_C:construct fight
	Function /Game/NPOTG/Blueprints/Charaktere/wolf.wolf_C:start the fight
	Function /Game/NPOTG/Blueprints/Charaktere/wolf.wolf_C:construct fight
	Function /Game/NPOTG/Blueprints/Charaktere/wolf.wolf_C:start the fight
	Function /Game/NPOTG/Blueprints/Charaktere/wolf.wolf_C:construct fight
	Function /Game/NPOTG/Blueprints/Charaktere/wolf.wolf_C:start the fight
	Function /Game/NPOTG/Blueprints/Charaktere/wolf.wolf_C:construct fight
	Function /Game/NPOTG/Blueprints/Charaktere/wolf.wolf_C:start the fight
	Function /Game/NPOTG/Blueprints/Charaktere/wolf.wolf_C:construct fight
	Function /Game/NPOTG/Blueprints/Charaktere/wolf.wolf_C:start the fight
	Function /Game/NPOTG/Blueprints/Charaktere/wolf.wolf_C:construct fight
	Function /Game/NPOTG/Blueprints/Charaktere/wolf.wolf_C:start the fight
	Function /Game/NPOTG/Blueprints/Charaktere/wolf.wolf_C:construct fight
	Function /Game/NPOTG/Blueprints/Charaktere/wolf.wolf_C:start the fight
	Function /Game/NPOTG/Blueprints/Charaktere/wolf.wolf_C:construct fight
	Function /Game/NPOTG/Blueprints/Charaktere/wolf.wolf_C:start the fight
	Function /Game/NPOTG/Blueprints/Charaktere/wolf.wolf_C:construct fight
	Function /Game/NPOTG/Blueprints/Charaktere/wolf.wolf_C:start the fight
	Function /Game/NPOTG/Blueprints/Charaktere/wolf.wolf_C:construct fight
	Function /Game/NPOTG/Blueprints/Charaktere/wolf.wolf_C:start the fight
	Function /Game/NPOTG/Blueprints/Charaktere/wolf.wolf_C:construct fight
	Function /Game/NPOTG/Blueprints/Charaktere/wolf.wolf_C:start the fight
	Function /Game/NPOTG/Blueprints/Charaktere/wolf.wolf_C:construct fight
	Function /Game/NPOTG/Blueprints/Charaktere/wolf.wolf_C:start the fight
	Function /Game/NPOTG/Blueprints/Charaktere/wolf.wolf_C:construct fight
	Function /Game/NPOTG/Blueprints/Charaktere/wolf.wolf_C:start the fight
	Function /Game/NPOTG/Blueprints/Charaktere/wolf.wolf_C:construct fight
	Function /Game/NPOTG/Blueprints/Charaktere/wolf.wolf_C:start the fight
	Function /Game/NPOTG/Blueprints/Charaktere/wolf.wolf_C:construct fight
	Function /Game/NPOTG/Blueprints/Charaktere/wolf.wolf_C:start the fight
	Function /Game/NPOTG/Blueprints/Charaktere/wolf.wolf_C:construct fight
	Function /Game/NPOTG/Blueprints/Charaktere/wolf.wolf_C:start the fight
	Function /Game/NPOTG/Blueprints/Charaktere/wolf.wolf_C:construct fight
	Function /Game/NPOTG/Blueprints/Charaktere/wolf.wolf_C:start the fight
	Function /Game/NPOTG/Blueprints/Charaktere/wolf.wolf_C:construct fight
	Function /Game/NPOTG/Blueprints/Charaktere/wolf.wolf_C:start the fight
	Function /Game/NPOTG/Blueprints/Charaktere/wolf.wolf_C:construct fight
	Function /Game/NPOTG/Blueprints/Charaktere/wolf.wolf_C:start the fight
	Function /Game/NPOTG/Blueprints/Charaktere/wolf.wolf_C:construct fight
	Function /Game/NPOTG/Blueprints/Charaktere/wolf.wolf_C:start the fight
	Function /Game/NPOTG/Blueprints/Charaktere/wolf.wolf_C:construct fight
	Function /Game/NPOTG/Blueprints/Charaktere/wolf.wolf_C:start the fight
	Function /Game/NPOTG/Blueprints/Charaktere/wolf.wolf_C:construct fight
	Function /Game/NPOTG/Blueprints/Charaktere/wolf.wolf_C:start the fight
	Function /Game/NPOTG/Blueprints/Charaktere/wolf.wolf_C:construct fight
	Function /Game/NPOTG/Blueprints/Charaktere/wolf.wolf_C:start the fight
	Function /Game/NPOTG/Blueprints/Charaktere/wolf.wolf_C:construct fight
	Function /Game/NPOTG/Blueprints/Charaktere/wolf.wolf_C:start the fight
	Function /Game/NPOTG/Blueprints/Charaktere/wolf.wolf_C:construct fight
	Function /Game/NPOTG/Blueprints/Charaktere/wolf.wolf_C:start the fight
	Function /Game/NPOTG/Blueprints/Charaktere/wolf.wolf_C:construct fight
	Function /Game/NPOTG/Blueprints/Charaktere/wolf.wolf_C:start the fight
	Function /Game/NPOTG/Blueprints/Charaktere/wolf.wolf_C:construct fight
	Function /Game/NPOTG/Blueprints/Charaktere/wolf.wolf_C:start the fight
	Function /Game/NPOTG/Blueprints/Charaktere/wolf.wolf_C:construct fight
	Function /Game/NPOTG/Blueprints/Charaktere/wolf.wolf_C:start the fight
	Function /Game/NPOTG/Blueprints/Charaktere/wolf.wolf_C:construct fight
	Function /Game/NPOTG/Blueprints/Charaktere/wolf.wolf_C:start the fight
	Function /Game/NPOTG/Blueprints/Charaktere/wolf.wolf_C:construct fight
	Function /Game/NPOTG/Blueprints/Charaktere/wolf.wolf_C:start the fight
	Function /Game/NPOTG/Blueprints/Charaktere/wolf.wolf_C:construct fight
	Function /Game/NPOTG/Blueprints/Charaktere/wolf.wolf_C:start the fight
	Function /Game/NPOTG/Blueprints/Charaktere/wolf.wolf_C:construct fight
	Function /Game/NPOTG/Blueprints/Charaktere/wolf.wolf_C:start the fight
	Function /Game/NPOTG/Blueprints/Charaktere/wolf.wolf_C:construct fight
	Function /Game/NPOTG/Blueprints/Charaktere/wolf.wolf_C:start the fight
	Function /Game/NPOTG/Blueprints/Charaktere/wolf.wolf_C:construct fight
	Function /Game/NPOTG/Blueprints/Charaktere/wolf.wolf_C:start the fight
	Function /Game/NPOTG/Blueprints/Charaktere/wolf.wolf_C:construct fight
	Function /Game/NPOTG/Blueprints/Charaktere/wolf.wolf_C:start the fight
	Function /Game/NPOTG/Blueprints/Charaktere/wolf.wolf_C:construct fight
	Function /Game/NPOTG/Blueprints/Charaktere/wolf.wolf_C:start the fight
	Function /Game/NPOTG/Blueprints/Charaktere/wolf.wolf_C:construct fight
	Function /Game/NPOTG/Blueprints/Charaktere/wolf.wolf_C:start the fight
	Function /Game/NPOTG/Blueprints/Charaktere/wolf.wolf_C:construct fight
	Function /Game/NPOTG/Blueprints/Charaktere/wolf.wolf_C:start the fight
	Function /Game/NPOTG/Blueprints/Charaktere/wolf.wolf_C:construct fight
	Function /Game/NPOTG/Blueprints/Charaktere/wolf.wolf_C:start the fight
	Function /Game/NPOTG/Blueprints/Charaktere/wolf.wolf_C:construct fight
	Function /Game/NPOTG/Blueprints/Charaktere/wolf.wolf_C:start the fight
	Function /Game/NPOTG/Blueprints/Charaktere/wolf.wolf_C:construct fight
	Function /Game/NPOTG/Blueprints/Charaktere/wolf.wolf_C:start the fight
	Function /Game/NPOTG/Blueprints/Charaktere/wolf.wolf_C:construct fight
	Function /Game/NPOTG/Blueprints/Charaktere/wolf.wolf_C:start the fight
	Function /Game/NPOTG/Blueprints/Charaktere/wolf.wolf_C:construct fight
	Function /Game/NPOTG/Blueprints/Charaktere/wolf.wolf_C:start the fight
	Function /Game/NPOTG/Blueprints/Charaktere/wolf.wolf_C:construct fight
	Function /Game/NPOTG/Blueprints/Charaktere/wolf.wolf_C:start the fight
	Function /Game/NPOTG/Blueprints/Charaktere/wolf.wolf_C:construct fight
	Function /Game/NPOTG/Blueprints/Charaktere/wolf.wolf_C:start the fight
	Function /Game/NPOTG/Blueprints/Charaktere/wolf.wolf_C:construct fight
	Function /Game/NPOTG/Blueprints/Charaktere/wolf.wolf_C:start the fight
	Function /Game/NPOTG/Blueprints/Charaktere/wolf.wolf_C:construct fight
	Function /Game/NPOTG/Blueprints/Charaktere/wolf.wolf_C:start the fight
	Function /Game/NPOTG/Blueprints/Charaktere/wolf.wolf_C:construct fight
	Function /Game/NPOTG/Blueprints/Charaktere/wolf.wolf_C:start the fight
	Function /Game/NPOTG/Blueprints/Charaktere/wolf.wolf_C:construct fight
	Function /Game/NPOTG/Blueprints/Charaktere/wolf.wolf_C:start the fight
	Function /Game/NPOTG/Blueprints/Charaktere/wolf.wolf_C:construct fight
	Function /Game/NPOTG/Blueprints/Charaktere/wolf.wolf_C:start the fight
	Function /Game/NPOTG/Blueprints/Charaktere/wolf.wolf_C:construct fight
	Function /Game/NPOTG/Blueprints/Charaktere/wolf.wolf_C:start the fight
	Function /Game/NPOTG/Blueprints/Charaktere/wolf.wolf_C:construct fight
	Function /Game/NPOTG/Blueprints/Charaktere/wolf.wolf_C:start the fight
	Function /Game/NPOTG/Blueprints/Charaktere/wolf.wolf_C:construct fight
	Function /Game/NPOTG/Blueprints/Charaktere/wolf.wolf_C:start the fight
	Function /Game/NPOTG/Blueprints/Charaktere/wolf.wolf_C:construct fight
	Function /Game/NPOTG/Blueprints/Charaktere/wolf.wolf_C:start the fight
	Function /Game/NPOTG/Blueprints/Charaktere/wolf.wolf_C:construct fight
	Function /Game/NPOTG/Blueprints/Charaktere/wolf.wolf_C:start the fight
	Function /Game/NPOTG/Blueprints/Charaktere/wolf.wolf_C:construct fight
	Function /Game/NPOTG/Blueprints/Charaktere/wolf.wolf_C:start the fight
	Function /Game/NPOTG/Blueprints/Charaktere/wolf.wolf_C:construct fight
	Function /Game/NPOTG/Blueprints/Charaktere/wolf.wolf_C:start the fight
	Function /Game/NPOTG/Blueprints/Charaktere/wolf.wolf_C:construct fight
	Function /Game/NPOTG/Blueprints/Charaktere/wolf.wolf_C:start the fight
	Function /Game/NPOTG/Blueprints/Charaktere/wolf.wolf_C:construct fight
	Function /Game/NPOTG/Blueprints/Charaktere/wolf.wolf_C:start the fight
	Function /Game/NPOTG/Blueprints/Charaktere/wolf.wolf_C:construct fight
	Function /Game/NPOTG/Blueprints/Charaktere/wolf.wolf_C:start the fight
	Function /Game/NPOTG/Blueprints/Charaktere/wolf.wolf_C:construct fight
	Function /Game/NPOTG/Blueprints/Charaktere/wolf.wolf_C:start the fight
	Function /Game/NPOTG/Blueprints/Charaktere/wolf.wolf_C:construct fight
	Function /Game/NPOTG/Blueprints/Charaktere/wolf.wolf_C:start the fight
	Function /Game/NPOTG/Blueprints/Charaktere/wolf.wolf_C:construct fight
	Function /Game/NPOTG/Blueprints/Charaktere/wolf.wolf_C:start the fight
	Function /Game/NPOTG/Blueprints/Charaktere/wolf.wolf_C:construct fight
	Function /Game/NPOTG/Blueprints/Charaktere/wolf.wolf_C:start the fight
	Function /Game/NPOTG/Blueprints/Charaktere/wolf.wolf_C:construct fight
	Function /Game/NPOTG/Blueprints/Charaktere/wolf.wolf_C:start the fight
	Function /Game/NPOTG/Blueprints/Charaktere/wolf.wolf_C:construct fight
	Function /Game/NPOTG/Blueprints/Charaktere/wolf.wolf_C:start the fight
	Function /Game/NPOTG/Blueprints/Charaktere/wolf.wolf_C:construct fight
	Function /Game/NPOTG/Blueprints/Charaktere/wolf.wolf_C:start the fight
	Function /Game/NPOTG/Blueprints/Charaktere/wolf.wolf_C:construct fight
	Function /Game/NPOTG/Blueprints/Charaktere/wolf.wolf_C:start the fight
	Function /Game/NPOTG/Blueprints/Charaktere/wolf.wolf_C:construct fight
	Function /Game/NPOTG/Blueprints/Charaktere/wolf.wolf_C:start the fight
	Function /Game/NPOTG/Blueprints/Charaktere/wolf.wolf_C:construct fight
	Function /Game/NPOTG/Blueprints/Charaktere/wolf.wolf_C:start the fight
	Function /Game/NPOTG/Blueprints/Charaktere/wolf.wolf_C:construct fight
	Function /Game/NPOTG/Blueprints/Charaktere/wolf.wolf_C:start the fight
	Function /Game/NPOTG/Blueprints/Charaktere/wolf.wolf_C:construct fight
	Function /Game/NPOTG/Blueprints/Charaktere/wolf.wolf_C:start the fight
	Function /Game/NPOTG/Blueprints/Charaktere/wolf.wolf_C:construct fight
	Function /Game/NPOTG/Blueprints/Charaktere/wolf.wolf_C:start the fight
	Function /Game/NPOTG/Blueprints/Charaktere/wolf.wolf_C:construct fight
	Function /Game/NPOTG/Blueprints/Charaktere/wolf.wolf_C:start the fight
	Function /Game/NPOTG/Blueprints/Charaktere/wolf.wolf_C:construct fight
	Function /Game/NPOTG/Blueprints/Charaktere/wolf.wolf_C:start the fight
	Function /Game/NPOTG/Blueprints/Charaktere/wolf.wolf_C:construct fight
	Function /Game/NPOTG/Blueprints/Charaktere/wolf.wolf_C:start the fight
	Function /Game/NPOTG/Blueprints/Charaktere/wolf.wolf_C:construct fight
	Function /Game/NPOTG/Blueprints/Charaktere/wolf.wolf_C:start the fight
	Function /Game/NPOTG/Blueprints/Charaktere/wolf.wolf_C:construct fight
	Function /Game/NPOTG/Blueprints/Charaktere/wolf.wolf_C:start the fight
	Function /Game/NPOTG/Blueprints/Charaktere/wolf.wolf_C:construct fight
	Function /Game/NPOTG/Blueprints/Charaktere/wolf.wolf_C:start the fight
	Function /Game/NPOTG/Blueprints/Charaktere/wolf.wolf_C:construct fight
	Function /Game/NPOTG/Blueprints/Charaktere/wolf.wolf_C:start the fight
	Function /Game/NPOTG/Blueprints/Charaktere/wolf.wolf_C:construct fight
	Function /Game/NPOTG/Blueprints/Charaktere/wolf.wolf_C:start the fight
	Function /Game/NPOTG/Blueprints/Charaktere/wolf.wolf_C:construct fight
	Function /Game/NPOTG/Blueprints/Charaktere/wolf.wolf_C:start the fight
	Function /Game/NPOTG/Blueprints/Charaktere/wolf.wolf_C:construct fight
	Function /Game/NPOTG/Blueprints/Charaktere/wolf.wolf_C:start the fight
	Function /Game/NPOTG/Blueprints/Charaktere/wolf.wolf_C:construct fight
	Function /Game/NPOTG/Blueprints/Charaktere/wolf.wolf_C:start the fight
	Function /Game/NPOTG/Blueprints/Charaktere/wolf.wolf_C:construct fight
	Function /Game/NPOTG/Blueprints/Charaktere/wolf.wolf_C:start the fight
	Function /Game/NPOTG/Blueprints/Charaktere/wolf.wolf_C:construct fight
	Function /Game/NPOTG/Blueprints/Charaktere/wolf.wolf_C:start the fight
	Function /Game/NPOTG/Blueprints/Charaktere/wolf.wolf_C:construct fight
	Function /Game/NPOTG/Blueprints/Charaktere/wolf.wolf_C:start the fight
	Function /Game/NPOTG/Blueprints/Charaktere/wolf.wolf_C:construct fight
	Function /Game/NPOTG/Blueprints/Charaktere/wolf.wolf_C:start the fight
	Function /Game/NPOTG/Blueprints/Charaktere/wolf.wolf_C:construct fight
	Function /Game/NPOTG/Blueprints/Charaktere/wolf.wolf_C:start the fight
	Function /Game/NPOTG/Blueprints/Charaktere/wolf.wolf_C:construct fight
	Function /Game/NPOTG/Blueprints/Charaktere/wolf.wolf_C:start the fight
	Function /Game/NPOTG/Blueprints/Charaktere/wolf.wolf_C:construct fight
	Function /Game/NPOTG/Blueprints/Charaktere/wolf.wolf_C:start the fight
	Function /Game/NPOTG/Blueprints/Charaktere/wolf.wolf_C:construct fight
	Function /Game/NPOTG/Blueprints/Charaktere/wolf.wolf_C:start the fight
	Function /Game/NPOTG/Blueprints/Charaktere/wolf.wolf_C:construct fight
	Function /Game/NPOTG/Blueprints/Charaktere/wolf.wolf_C:start the fight
	Function /Game/NPOTG/Blueprints/Charaktere/wolf.wolf_C:construct fight
	Function /Game/NPOTG/Blueprints/Charaktere/wolf.wolf_C:start the fight
	Function /Game/NPOTG/Blueprints/Charaktere/wolf.wolf_C:construct fight

[2015.09.23-17.34.55:636][119]LogScript:Warning: Infinite script recursion (250 calls) detected
	wolf_C /Temp/Autosaves/Game/NPOTG/Maps/UEDPCTesting_Level.Testing_Level:PersistentLevel.wolf_C_4
	Function /Game/NPOTG/Blueprints/Charaktere/wolf.wolf_C:construct fight:0000
[2015.09.23-17.34.55:650][120]LogBlueprintUserMessages: 9.838709
[2015.09.23-17.34.55:650][120]LogBlueprintUserMessages: PRINT
[2015.09.23-17.34.55:666][121]LogBlueprintUserMessages: 9.758063
[2015.09.23-17.34.55:666][121]LogBlueprintUserMessages: PRINT
[2015.09.23-17.34.55:681][122]LogBlueprintUserMessages: 9.677418
[2015.09.23-17.34.55:681][122]LogBlueprintUserMessages: PRINT
[2015.09.23-17.34.55:698][123]LogBlueprintUserMessages: 9.596772
[2015.09.23-17.34.55:698][123]LogBlueprintUserMessages: PRINT
[2015.09.23-17.34.55:714][124]LogBlueprintUserMessages: 9.516127
[2015.09.23-17.34.55:714][124]LogBlueprintUserMessages: PRINT
[2015.09.23-17.34.55:730][125]LogBlueprintUserMessages: 9.435481
[2015.09.23-17.34.55:730][125]LogBlueprintUserMessages: PRINT
[2015.09.23-17.34.55:746][126]LogBlueprintUserMessages: 9.354836
[2015.09.23-17.34.55:746][126]LogBlueprintUserMessages: PRINT
[2015.09.23-17.34.55:762][127]LogBlueprintUserMessages: 9.27419
[2015.09.23-17.34.55:762][127]LogBlueprintUserMessages: PRINT
[2015.09.23-17.34.55:778][128]LogBlueprintUserMessages: 9.193544
[2015.09.23-17.34.55:778][128]LogBlueprintUserMessages: PRINT
[2015.09.23-17.34.55:795][129]LogBlueprintUserMessages: 9.112899
[2015.09.23-17.34.55:795][129]LogBlueprintUserMessages: PRINT
[2015.09.23-17.34.55:810][130]LogBlueprintUserMessages: 9.032253
[2015.09.23-17.34.55:810][130]LogBlueprintUserMessages: PRINT
[2015.09.23-17.34.55:827][131]LogBlueprintUserMessages: 8.951608
[2015.09.23-17.34.55:827][131]LogBlueprintUserMessages: PRINT
[2015.09.23-17.34.55:843][132]LogBlueprintUserMessages: 8.870962
[2015.09.23-17.34.55:843][132]LogBlueprintUserMessages: PRINT
[2015.09.23-17.34.55:859][133]LogBlueprintUserMessages: 8.790317
[2015.09.23-17.34.55:859][133]LogBlueprintUserMessages: PRINT
[2015.09.23-17.34.55:875][134]LogBlueprintUserMessages: 8.709671
[2015.09.23-17.34.55:875][134]LogBlueprintUserMessages: PRINT
[2015.09.23-17.34.55:891][135]LogBlueprintUserMessages: 8.629025
[2015.09.23-17.34.55:891][135]LogBlueprintUserMessages: PRINT
[2015.09.23-17.34.55:907][136]LogBlueprintUserMessages: 8.54838
[2015.09.23-17.34.55:907][136]LogBlueprintUserMessages: PRINT
[2015.09.23-17.34.55:923][137]LogBlueprintUserMessages: 8.467734
[2015.09.23-17.34.55:923][137]LogBlueprintUserMessages: PRINT
[2015.09.23-17.34.55:939][138]LogBlueprintUserMessages: 8.387089
[2015.09.23-17.34.55:939][138]LogBlueprintUserMessages: PRINT
[2015.09.23-17.34.55:956][139]LogBlueprintUserMessages: 8.306443
[2015.09.23-17.34.55:956][139]LogBlueprintUserMessages: PRINT
[2015.09.23-17.34.55:972][140]LogBlueprintUserMessages: 8.225798
[2015.09.23-17.34.55:972][140]LogBlueprintUserMessages: PRINT
[2015.09.23-17.34.55:988][141]LogBlueprintUserMessages: 8.145152
[2015.09.23-17.34.55:988][141]LogBlueprintUserMessages: PRINT
[2015.09.23-17.34.56:004][142]LogBlueprintUserMessages: 8.064507
[2015.09.23-17.34.56:004][142]LogBlueprintUserMessages: PRINT
[2015.09.23-17.34.56:020][143]LogBlueprintUserMessages: 7.98386
[2015.09.23-17.34.56:020][143]LogBlueprintUserMessages: PRINT
[2015.09.23-17.34.56:036][144]LogBlueprintUserMessages: 7.903214
[2015.09.23-17.34.56:036][144]LogBlueprintUserMessages: PRINT
[2015.09.23-17.34.56:053][145]LogBlueprintUserMessages: 7.822504
[2015.09.23-17.34.56:053][145]LogBlueprintUserMessages: PRINT
[2015.09.23-17.34.56:069][146]LogBlueprintUserMessages: 7.74189
[2015.09.23-17.34.56:069][146]LogBlueprintUserMessages: PRINT
[2015.09.23-17.34.56:085][147]LogBlueprintUserMessages: 7.661244
[2015.09.23-17.34.56:085][147]LogBlueprintUserMessages: PRINT
[2015.09.23-17.34.56:101][148]LogBlueprintUserMessages: 7.580598
[2015.09.23-17.34.56:101][148]LogBlueprintUserMessages: PRINT
[2015.09.23-17.34.56:117][149]LogBlueprintUserMessages: 7.499952
[2015.09.23-17.34.56:117][149]LogBlueprintUserMessages: PRINT
[2015.09.23-17.34.56:133][150]LogBlueprintUserMessages: 7.419306
[2015.09.23-17.34.56:133][150]LogBlueprintUserMessages: PRINT
[2015.09.23-17.34.56:149][151]LogBlueprintUserMessages: 7.33866
[2015.09.23-17.34.56:149][151]LogBlueprintUserMessages: PRINT
[2015.09.23-17.34.56:165][152]LogBlueprintUserMessages: 7.258014
[2015.09.23-17.34.56:165][152]LogBlueprintUserMessages: PRINT
[2015.09.23-17.34.56:181][153]LogBlueprintUserMessages: 7.177368
[2015.09.23-17.34.56:181][153]LogBlueprintUserMessages: PRINT
[2015.09.23-17.34.56:198][154]LogBlueprintUserMessages: 7.096722
[2015.09.23-17.34.56:198][154]LogBlueprintUserMessages: PRINT
[2015.09.23-17.34.56:214][155]LogBlueprintUserMessages: 7.016076
[2015.09.23-17.34.56:214][155]LogBlueprintUserMessages: PRINT
[2015.09.23-17.34.56:231][156]LogBlueprintUserMessages: 6.93543
[2015.09.23-17.34.56:231][156]LogBlueprintUserMessages: PRINT
[2015.09.23-17.34.56:246][157]LogBlueprintUserMessages: 6.854784
[2015.09.23-17.34.56:246][157]LogBlueprintUserMessages: PRINT
[2015.09.23-17.34.56:262][158]LogBlueprintUserMessages: 6.774137
[2015.09.23-17.34.56:262][158]LogBlueprintUserMessages: PRINT
[2015.09.23-17.34.56:278][159]LogBlueprintUserMessages: 6.693491
[2015.09.23-17.34.56:278][159]LogBlueprintUserMessages: PRINT
[2015.09.23-17.34.56:294][160]LogBlueprintUserMessages: 6.612845
[2015.09.23-17.34.56:295][160]LogBlueprintUserMessages: PRINT
[2015.09.23-17.34.56:311][161]LogBlueprintUserMessages: 6.532199
[2015.09.23-17.34.56:311][161]LogBlueprintUserMessages: PRINT
[2015.09.23-17.34.56:327][162]LogBlueprintUserMessages: 6.451553
[2015.09.23-17.34.56:327][162]LogBlueprintUserMessages: PRINT
[2015.09.23-17.34.56:344][163]LogBlueprintUserMessages: 6.370907
[2015.09.23-17.34.56:344][163]LogBlueprintUserMessages: PRINT
[2015.09.23-17.34.56:360][164]LogBlueprintUserMessages: 6.290261
[2015.09.23-17.34.56:360][164]LogBlueprintUserMessages: PRINT
[2015.09.23-17.34.56:376][165]LogBlueprintUserMessages: 6.209615
[2015.09.23-17.34.56:376][165]LogBlueprintUserMessages: PRINT
[2015.09.23-17.34.56:391][166]LogBlueprintUserMessages: 6.128969
[2015.09.23-17.34.56:391][166]LogBlueprintUserMessages: PRINT
[2015.09.23-17.34.56:407][167]LogBlueprintUserMessages: 6.048323
[2015.09.23-17.34.56:407][167]LogBlueprintUserMessages: PRINT
[2015.09.23-17.34.56:423][168]LogBlueprintUserMessages: 5.967677
[2015.09.23-17.34.56:423][168]LogBlueprintUserMessages: PRINT
[2015.09.23-17.34.56:440][169]LogBlueprintUserMessages: 5.887031
[2015.09.23-17.34.56:440][169]LogBlueprintUserMessages: PRINT
[2015.09.23-17.34.56:456][170]LogBlueprintUserMessages: 5.806385
[2015.09.23-17.34.56:456][170]LogBlueprintUserMessages: PRINT
[2015.09.23-17.34.56:472][171]LogBlueprintUserMessages: 5.725739
[2015.09.23-17.34.56:472][171]LogBlueprintUserMessages: PRINT
[2015.09.23-17.34.56:489][172]LogBlueprintUserMessages: 5.645093
[2015.09.23-17.34.56:489][172]LogBlueprintUserMessages: PRINT
[2015.09.23-17.34.56:505][173]LogBlueprintUserMessages: 5.564447
[2015.09.23-17.34.56:505][173]LogBlueprintUserMessages: PRINT
[2015.09.23-17.34.56:521][174]LogBlueprintUserMessages: 5.483801
[2015.09.23-17.34.56:521][174]LogBlueprintUserMessages: PRINT
[2015.09.23-17.34.56:536][175]LogBlueprintUserMessages: 5.403155
[2015.09.23-17.34.56:536][175]LogBlueprintUserMessages: PRINT
[2015.09.23-17.34.56:552][176]LogBlueprintUserMessages: 5.322509
[2015.09.23-17.34.56:552][176]LogBlueprintUserMessages: PRINT
[2015.09.23-17.34.56:569][177]LogBlueprintUserMessages: 5.241863
[2015.09.23-17.34.56:569][177]LogBlueprintUserMessages: PRINT
[2015.09.23-17.34.56:585][178]LogBlueprintUserMessages: 5.161217
[2015.09.23-17.34.56:585][178]LogBlueprintUserMessages: PRINT
[2015.09.23-17.34.56:601][179]LogBlueprintUserMessages: 5.080571
[2015.09.23-17.34.56:601][179]LogBlueprintUserMessages: PRINT
[2015.09.23-17.34.56:617][180]LogBlueprintUserMessages: 4.999925
[2015.09.23-17.34.56:617][180]LogBlueprintUserMessages: PRINT
[2015.09.23-17.34.56:633][181]LogBlueprintUserMessages: 4.919279
[2015.09.23-17.34.56:633][181]LogBlueprintUserMessages: PRINT
[2015.09.23-17.34.56:649][182]LogBlueprintUserMessages: 4.838633
[2015.09.23-17.34.56:649][182]LogBlueprintUserMessages: PRINT
[2015.09.23-17.34.56:665][183]LogBlueprintUserMessages: 4.757987
[2015.09.23-17.34.56:665][183]LogBlueprintUserMessages: PRINT
[2015.09.23-17.34.56:681][184]LogBlueprintUserMessages: 4.677341
[2015.09.23-17.34.56:681][184]LogBlueprintUserMessages: PRINT
[2015.09.23-17.34.56:698][185]LogBlueprintUserMessages: 4.596694
[2015.09.23-17.34.56:698][185]LogBlueprintUserMessages: PRINT
[2015.09.23-17.34.56:714][186]LogBlueprintUserMessages: 4.516048
[2015.09.23-17.34.56:714][186]LogBlueprintUserMessages: PRINT
[2015.09.23-17.34.56:730][187]LogBlueprintUserMessages: 4.435402
[2015.09.23-17.34.56:730][187]LogBlueprintUserMessages: PRINT
[2015.09.23-17.34.56:746][188]LogBlueprintUserMessages: 4.354756
[2015.09.23-17.34.56:746][188]LogBlueprintUserMessages: PRINT
[2015.09.23-17.34.56:763][189]LogBlueprintUserMessages: 4.27411
[2015.09.23-17.34.56:763][189]LogBlueprintUserMessages: PRINT
[2015.09.23-17.34.56:779][190]LogBlueprintUserMessages: 4.193464
[2015.09.23-17.34.56:779][190]LogBlueprintUserMessages: PRINT
[2015.09.23-17.34.56:795][191]LogBlueprintUserMessages: 4.112818
[2015.09.23-17.34.56:795][191]LogBlueprintUserMessages: PRINT
[2015.09.23-17.34.56:810][192]LogBlueprintUserMessages: 4.032172
[2015.09.23-17.34.56:810][192]LogBlueprintUserMessages: PRINT
[2015.09.23-17.34.56:826][193]LogBlueprintUserMessages: 3.951526
[2015.09.23-17.34.56:827][193]LogBlueprintUserMessages: PRINT
[2015.09.23-17.34.56:843][194]LogBlueprintUserMessages: 3.870881
[2015.09.23-17.34.56:843][194]LogBlueprintUserMessages: PRINT
[2015.09.23-17.34.56:859][195]LogBlueprintUserMessages: 3.790235
[2015.09.23-17.34.56:859][195]LogBlueprintUserMessages: PRINT
[2015.09.23-17.34.56:876][196]LogBlueprintUserMessages: 3.709589
[2015.09.23-17.34.56:876][196]LogBlueprintUserMessages: PRINT
[2015.09.23-17.34.56:891][197]LogBlueprintUserMessages: 3.628943
[2015.09.23-17.34.56:892][197]LogBlueprintUserMessages: PRINT
[2015.09.23-17.34.56:907][198]LogBlueprintUserMessages: 3.548297
[2015.09.23-17.34.56:907][198]LogBlueprintUserMessages: PRINT
[2015.09.23-17.34.56:924][199]LogBlueprintUserMessages: 3.467652
[2015.09.23-17.34.56:924][199]LogBlueprintUserMessages: PRINT
[2015.09.23-17.34.56:939][200]LogBlueprintUserMessages: 3.387006
[2015.09.23-17.34.56:939][200]LogBlueprintUserMessages: PRINT
[2015.09.23-17.34.56:955][201]LogBlueprintUserMessages: 3.30636
[2015.09.23-17.34.56:955][201]LogBlueprintUserMessages: PRINT
[2015.09.23-17.34.56:972][202]LogBlueprintUserMessages: 3.225714
[2015.09.23-17.34.56:972][202]LogBlueprintUserMessages: PRINT
[2015.09.23-17.34.56:988][203]LogBlueprintUserMessages: 3.145068
[2015.09.23-17.34.56:988][203]LogBlueprintUserMessages: PRINT
[2015.09.23-17.34.57:004][204]LogBlueprintUserMessages: 3.064423
[2015.09.23-17.34.57:004][204]LogBlueprintUserMessages: PRINT
[2015.09.23-17.34.57:020][205]LogBlueprintUserMessages: 2.983777
[2015.09.23-17.34.57:020][205]LogBlueprintUserMessages: PRINT
[2015.09.23-17.34.57:036][206]LogBlueprintUserMessages: 2.903131
[2015.09.23-17.34.57:036][206]LogBlueprintUserMessages: PRINT
[2015.09.23-17.34.57:052][207]LogBlueprintUserMessages: 2.822485
[2015.09.23-17.34.57:052][207]LogBlueprintUserMessages: PRINT
[2015.09.23-17.34.57:069][208]LogBlueprintUserMessages: 2.741839
[2015.09.23-17.34.57:069][208]LogBlueprintUserMessages: PRINT
[2015.09.23-17.34.57:085][209]LogBlueprintUserMessages: 2.661194
[2015.09.23-17.34.57:085][209]LogBlueprintUserMessages: PRINT
[2015.09.23-17.34.57:102][210]LogBlueprintUserMessages: 2.580548
[2015.09.23-17.34.57:102][210]LogBlueprintUserMessages: PRINT
[2015.09.23-17.34.57:117][211]LogBlueprintUserMessages: zukasdfuikfsfgiHFIGASIDILUgqregfFEWERFARG
[2015.09.23-17.35.17:894][499]Closing by request
[2015.09.23-17.35.17:894][499]LogWindows: FPlatformMisc::RequestExit(0)
[2015.09.23-17.35.18:563][500]LogWindowsTextInputMethodSystem:Display: IME system now deactivated.
[2015.09.23-17.35.18:563][500]LogWindowsTextInputMethodSystem:Display: IME system now deactivated.
[2015.09.23-17.35.18:570][500]LogExit: Preparing to exit.
[2015.09.23-17.35.18:642][500]LogExit: Game engine shut down
[2015.09.23-17.35.18:647][500]LogParticles: Destroying 0 GPU particle simulations for FXSystem 0x000000A5C7EF2840
[2015.09.23-17.35.18:820][500]LogExit: Object subsystem successfully closed.
[2015.09.23-17.35.18:839][500]LogD3D11RHI: Shutdown
[2015.09.23-17.35.18:839][500]LogD3D11RHI: CleanupD3DDevice
[2015.09.23-17.35.18:914][500]LogD3D11RHI: ~FD3D11DynamicRHI
[2015.09.23-17.35.18:931][500]LogModuleManager: Shutting down and abandoning module AndroidDeviceDetection (109)
[2015.09.23-17.35.19:366][500]LogModuleManager: Shutting down and abandoning module AutomationWorker (108)
[2015.09.23-17.35.19:366][500]LogModuleManager: Shutting down and abandoning module CharacterAI (107)
[2015.09.23-17.35.19:366][500]LogModuleManager: Shutting down and abandoning module AITestSuite (106)
[2015.09.23-17.35.19:366][500]LogModuleManager: Shutting down and abandoning module GameplayDebugger (105)
[2015.09.23-17.35.19:366][500]LogModuleManager: Shutting down and abandoning module AIModule (104)
[2015.09.23-17.35.19:366][500]LogModuleManager: Shutting down and abandoning module GameLiveStreaming (103)
[2015.09.23-17.35.19:366][500]LogModuleManager: Shutting down and abandoning module StreamingPauseRendering (102)
[2015.09.23-17.35.19:366][500]LogModuleManager: Shutting down and abandoning module ProfilerService (101)
[2015.09.23-17.35.19:541][500]LogModuleManager: Shutting down and abandoning module TaskGraph (100)
[2015.09.23-17.35.19:541][500]LogModuleManager: Shutting down and abandoning module SlateRemote (99)
[2015.09.23-17.35.19:541][500]LogModuleManager: Shutting down and abandoning module SteamVRController (98)
[2015.09.23-17.35.19:541][500]LogModuleManager: Shutting down and abandoning module SteamVR (97)
[2015.09.23-17.35.19:541][500]LogModuleManager: Shutting down and abandoning module ProceduralMeshComponent (96)
[2015.09.23-17.35.19:541][500]LogModuleManager: Shutting down and abandoning module OculusRift (95)
[2015.09.23-17.35.19:541][500]LogModuleManager: Shutting down and abandoning module LeapMotionController (94)
[2015.09.23-17.35.19:547][500]LogModuleManager: Shutting down and abandoning module CustomMeshComponent (93)
[2015.09.23-17.35.19:547][500]LogModuleManager: Shutting down and abandoning module CableComponent (92)
[2015.09.23-17.35.19:547][500]LogModuleManager: Shutting down and abandoning module DesktopPlatform (91)
[2015.09.23-17.35.19:547][500]LogModuleManager: Shutting down and abandoning module DirectoryWatcher (90)
[2015.09.23-17.35.19:547][500]LogModuleManager: Shutting down and abandoning module HotReload (89)
[2015.09.23-17.35.19:548][500]LogModuleManager: Shutting down and abandoning module VisualStudioSourceCodeAccess (88)
[2015.09.23-17.35.19:548][500]LogModuleManager: Shutting down and abandoning module UObjectPlugin (87)
[2015.09.23-17.35.19:548][500]LogModuleManager: Shutting down and abandoning module SubversionSourceControl (86)
[2015.09.23-17.35.19:548][500]LogModuleManager: Shutting down and abandoning module SourceControl (85)
[2015.09.23-17.35.19:548][500]LogModuleManager: Shutting down and abandoning module PerforceSourceControl (84)
[2015.09.23-17.35.19:548][500]LogModuleManager: Shutting down and abandoning module BlankPlugin (83)
[2015.09.23-17.35.19:548][500]LogModuleManager: Shutting down and abandoning module UdpMessaging (82)
[2015.09.23-17.35.19:548][500]LogModuleManager: Shutting down and abandoning module AssetRegistry (81)
[2015.09.23-17.35.19:548][500]LogModuleManager: Shutting down and abandoning module SubstanceCore (80)
[2015.09.23-17.35.19:548][500]LogModuleManager: Shutting down and abandoning module Paper2D (79)
[2015.09.23-17.35.19:548][500]LogModuleManager: Shutting down and abandoning module WindowsMoviePlayer (78)
[2015.09.23-17.35.19:551][500]LogModuleManager: Shutting down and abandoning module Media (77)
[2015.09.23-17.35.19:551][500]LogModuleManager: Shutting down and abandoning module WmfMedia (76)
[2015.09.23-17.35.19:551][500]LogModuleManager: Shutting down and abandoning module OnlineBlueprintSupport (75)
[2015.09.23-17.35.19:551][500]LogModuleManager: Shutting down and abandoning module PropertyEditor (74)
[2015.09.23-17.35.19:551][500]LogModuleManager: Shutting down and abandoning module BehaviorTreeEditor (73)
[2015.09.23-17.35.19:551][500]LogModuleManager: Shutting down and abandoning module FunctionalTesting (72)
[2015.09.23-17.35.19:551][500]LogModuleManager: Shutting down and abandoning module CollisionAnalyzer (71)
[2015.09.23-17.35.19:551][500]LogModuleManager: Shutting down and abandoning module WorkspaceMenuStructure (70)
[2015.09.23-17.35.19:551][500]LogModuleManager: Shutting down and abandoning module MessageLog (69)
[2015.09.23-17.35.19:551][500]LogModuleManager: Shutting down and abandoning module Sequencer (68)
[2015.09.23-17.35.19:551][500]LogModuleManager: Shutting down and abandoning module AssetTools (67)
[2015.09.23-17.35.19:551][500]LogModuleManager: Shutting down and abandoning module UMGEditor (66)
[2015.09.23-17.35.19:551][500]LogModuleManager: Shutting down and abandoning module UMG (65)
[2015.09.23-17.35.19:551][500]LogModuleManager: Shutting down and abandoning module Slate (64)
[2015.09.23-17.35.19:551][500]LogModuleManager: Shutting down and abandoning module EditorStyle (63)
[2015.09.23-17.35.19:554][500]LogModuleManager: Shutting down and abandoning module SessionServices (62)
[2015.09.23-17.35.19:554][500]LogModuleManager: Shutting down and abandoning module SourceCodeAccess (61)
[2015.09.23-17.35.19:554][500]LogModuleManager: Shutting down and abandoning module HeadMountedDisplay (60)
[2015.09.23-17.35.19:554][500]LogModuleManager: Shutting down and abandoning module XAudio2 (59)
[2015.09.23-17.35.19:554][500]LogModuleManager: Shutting down and abandoning module Networking (57)
[2015.09.23-17.35.19:554][500]LogModuleManager: Shutting down and abandoning module Core (56)
[2015.09.23-17.35.19:554][500]LogModuleManager: Shutting down and abandoning module KismetCompiler (55)
[2015.09.23-17.35.19:554][500]LogModuleManager: Shutting down and abandoning module PhysXFormats (54)
[2015.09.23-17.35.19:554][500]LogModuleManager: Shutting down and abandoning module MeshUtilities (53)
[2015.09.23-17.35.19:554][500]LogModuleManager: Shutting down and abandoning module DerivedDataCache (52)
[2015.09.23-17.35.20:008][500]LogDerivedDataCache: Shutdown
[2015.09.23-17.35.20:008][500]LogModuleManager: Shutting down and abandoning module ShaderFormatOpenGL (51)
[2015.09.23-17.35.20:008][500]LogModuleManager: Shutting down and abandoning module ShaderFormatD3D (50)
[2015.09.23-17.35.20:008][500]LogModuleManager: Shutting down and abandoning module MetalShaderFormat (49)
[2015.09.23-17.35.20:008][500]LogModuleManager: Shutting down and abandoning module TextureFormatUncompressed (48)
[2015.09.23-17.35.20:008][500]LogModuleManager: Shutting down and abandoning module TextureFormatPVR (47)
[2015.09.23-17.35.20:008][500]LogModuleManager: Shutting down and abandoning module TextureFormatIntelISPCTexComp (46)
[2015.09.23-17.35.20:008][500]LogModuleManager: Shutting down and abandoning module TextureFormatDXT (45)
[2015.09.23-17.35.20:008][500]LogModuleManager: Shutting down and abandoning module ImageWrapper (44)
[2015.09.23-17.35.20:008][500]LogModuleManager: Shutting down and abandoning module TextureFormatASTC (43)
[2015.09.23-17.35.20:008][500]LogModuleManager: Shutting down and abandoning module TextureFormatAndroid (42)
[2015.09.23-17.35.20:008][500]LogModuleManager: Shutting down and abandoning module AudioFormatOpus (41)
[2015.09.23-17.35.20:008][500]LogModuleManager: Shutting down and abandoning module AudioFormatOgg (40)
[2015.09.23-17.35.20:008][500]LogModuleManager: Shutting down and abandoning module AudioFormatADPCM (39)
[2015.09.23-17.35.20:008][500]LogModuleManager: Shutting down and abandoning module LinuxTargetPlatform (38)
[2015.09.23-17.35.20:008][500]LogModuleManager: Shutting down and abandoning module LinuxServerTargetPlatform (37)
[2015.09.23-17.35.20:008][500]LogModuleManager: Shutting down and abandoning module LinuxNoEditorTargetPlatform (36)
[2015.09.23-17.35.20:008][500]LogModuleManager: Shutting down and abandoning module Messaging (35)
[2015.09.23-17.35.20:008][500]LogModuleManager: Shutting down and abandoning module IOSTargetPlatform (34)
[2015.09.23-17.35.20:008][500]LogModuleManager: Shutting down and abandoning module HTML5TargetPlatform (33)
[2015.09.23-17.35.20:008][500]LogModuleManager: Shutting down and abandoning module Android_PVRTCTargetPlatform (32)
[2015.09.23-17.35.20:008][500]LogModuleManager: Shutting down and abandoning module Android_ETC2TargetPlatform (31)
[2015.09.23-17.35.20:008][500]LogModuleManager: Shutting down and abandoning module Android_ETC1TargetPlatform (30)
[2015.09.23-17.35.20:008][500]LogModuleManager: Shutting down and abandoning module Android_DXTTargetPlatform (29)
[2015.09.23-17.35.20:008][500]LogModuleManager: Shutting down and abandoning module Android_ATCTargetPlatform (28)
[2015.09.23-17.35.20:008][500]LogModuleManager: Shutting down and abandoning module Android_ASTCTargetPlatform (27)
[2015.09.23-17.35.20:008][500]LogModuleManager: Shutting down and abandoning module AndroidTargetPlatform (26)
[2015.09.23-17.35.20:008][500]LogModuleManager: Shutting down and abandoning module WindowsTargetPlatform (25)
[2015.09.23-17.35.20:008][500]LogModuleManager: Shutting down and abandoning module WindowsServerTargetPlatform (24)
[2015.09.23-17.35.20:008][500]LogModuleManager: Shutting down and abandoning module WindowsNoEditorTargetPlatform (23)
[2015.09.23-17.35.20:008][500]LogModuleManager: Shutting down and abandoning module WindowsClientTargetPlatform (22)
[2015.09.23-17.35.20:008][500]LogModuleManager: Shutting down and abandoning module DesktopTargetPlatform (21)
[2015.09.23-17.35.20:008][500]LogModuleManager: Shutting down and abandoning module TargetPlatform (20)
[2015.09.23-17.35.20:008][500]LogModuleManager: Shutting down and abandoning module InputCore (19)
[2015.09.23-17.35.20:008][500]LogModuleManager: Shutting down and abandoning module Settings (18)
[2015.09.23-17.35.20:008][500]LogModuleManager: Shutting down and abandoning module OnlineSubsystem (16)
[2015.09.23-17.35.20:008][500]LogModuleManager: Shutting down and abandoning module HTTP (15)
[2015.09.23-17.35.20:008][500]LogModuleManager: Shutting down and abandoning module ExampleDeviceProfileSelector (14)
[2015.09.23-17.35.20:008][500]LogModuleManager: Shutting down and abandoning module TextureCompressor (13)
[2015.09.23-17.35.20:008][500]LogModuleManager: Shutting down and abandoning module ShaderCore (12)
[2015.09.23-17.35.20:008][500]LogModuleManager: Shutting down and abandoning module Landscape (11)
[2015.09.23-17.35.20:008][500]LogModuleManager: Shutting down and abandoning module SlateRHIRenderer (10)
[2015.09.23-17.35.20:009][500]LogModuleManager: Shutting down and abandoning module OpenGLDrv (9)
[2015.09.23-17.35.20:009][500]LogModuleManager: Shutting down and abandoning module D3D11RHI (8)
[2015.09.23-17.35.20:009][500]LogModuleManager: Shutting down and abandoning module Renderer (7)
[2015.09.23-17.35.20:009][500]LogModuleManager: Shutting down and abandoning module Engine (6)
[2015.09.23-17.35.20:009][500]LogModuleManager: Shutting down and abandoning module CoreUObject (5)
[2015.09.23-17.35.20:009][500]LogModuleManager: Shutting down and abandoning module NetworkFile (4)
[2015.09.23-17.35.20:009][500]LogModuleManager: Shutting down and abandoning module StreamingFile (3)
[2015.09.23-17.35.20:009][500]LogModuleManager: Shutting down and abandoning module SandboxFile (2)
[2015.09.23-17.35.20:009][500]LogModuleManager: Shutting down and abandoning module PakFile (1)
[2015.09.23-17.35.20:010][500]LogExit: Exiting.
[2015.09.23-17.35.20:011][500]Log file closed, 09/23/15 19:35:20
