[2015.09.04-14.30.26:991][  0]Log file open, 09/04/15 16:30:26
[2015.09.04-14.30.26:991][  0]LogInit:Display: Running engine for game: NotPartofGame
[2015.09.04-14.30.26:991][  0]LogInit:Display: RandInit(-1980764178) SRandInit(-1980764177).
[2015.09.04-14.30.26:991][  0]LogTaskGraph: Started task graph with 4 named threads and 7 total threads.
[2015.09.04-14.30.26:991][  0]LogStats: Stats thread started
[2015.09.04-14.30.26:991][  0]LogInit: Version: 4.8.3-2634408+++depot+UE4-Releases+4.8
[2015.09.04-14.30.26:991][  0]LogInit: API Version: 2579680
[2015.09.04-14.30.26:991][  0]LogInit: Compiled (64-bit): Jul 27 2015 16:24:33
[2015.09.04-14.30.26:991][  0]LogInit: Compiled with Visual C++: 18.00.21005.01
[2015.09.04-14.30.26:991][  0]LogInit: Build Configuration: Development
[2015.09.04-14.30.26:991][  0]LogInit: Branch Name: ++depot+UE4-Releases+4.8
[2015.09.04-14.30.26:991][  0]LogInit: Command line: 
[2015.09.04-14.30.26:991][  0]LogInit: Base directory: C:/Users/Bodoo/Documents/Programmieren/4.8/Engine/Binaries/Win64/
[2015.09.04-14.30.26:991][  0]LogInit: Rocket: 1
[2015.09.04-14.30.27:024][  0]LogInit: Using libcurl 7.41.0
[2015.09.04-14.30.27:024][  0]LogInit:  - built for x86_64-pc-win32
[2015.09.04-14.30.27:024][  0]LogInit:  - supports SSL with WinSSL
[2015.09.04-14.30.27:024][  0]LogInit:  - other features:
[2015.09.04-14.30.27:024][  0]LogInit:      CURL_VERSION_SSL
[2015.09.04-14.30.27:024][  0]LogInit:      CURL_VERSION_IPV6
[2015.09.04-14.30.27:024][  0]LogInit:      CURL_VERSION_ASYNCHDNS
[2015.09.04-14.30.27:024][  0]LogInit:      CURL_VERSION_LARGEFILE
[2015.09.04-14.30.27:024][  0]LogInit:      CURL_VERSION_IDN
[2015.09.04-14.30.27:024][  0]LogInit:  CurlRequestOptions (configurable via config and command line):
[2015.09.04-14.30.27:024][  0]LogInit:  - bVerifyPeer = true  - Libcurl will verify peer certificate
[2015.09.04-14.30.27:025][  0]LogInit:  - bUseHttpProxy = false  - Libcurl will NOT use HTTP proxy
[2015.09.04-14.30.27:025][  0]LogInit:  - bDontReuseConnections = false  - Libcurl will reuse connections
[2015.09.04-14.30.27:025][  0]LogInit:  - CertBundlePath = nullptr  - Libcurl will use whatever was configured at build time.
[2015.09.04-14.30.27:037][  0]LogOnline:Warning: No default platform service specified for OnlineSubsystem
[2015.09.04-14.30.27:052][  0]LogInit: Presizing for 0 objects not considered by GC, pre-allocating 0 bytes.
[2015.09.04-14.30.27:059][  0]LogInit: Object subsystem initialized
[2015.09.04-14.30.27:060][  0]LogConsoleResponse:Warning: Skipping Unknown console variable: 'UIScaleCurve = (EditorCurveData=(Keys=((Time=480.000000,Value=0.444000),(Time=720.000000,Value=0.666000),(Time=1080.000000,Value=1.000000),(Time=8640.000000,Value=8.000000))),ExternalCurve=None)'
[2015.09.04-14.30.27:060][  0]LogConsoleResponse:Warning:   Found in ini file 'C:/Users/Bodoo/Documents/Programmieren/Projekte/NotPartofTheGame/Saved/Config/Windows/Engine.ini', in section '[/Script/Engine.RendererSettings]'
[2015.09.04-14.30.27:061][  0]LogConsoleManager:Warning: Console variable 'r.MSAA.CompositingSampleCount' wasn't set ('Scalability' has a lower priority than 'ProjectSetting')
[2015.09.04-14.30.27:061][  0]LogInit: Selected Device Profile: [Windows]
[2015.09.04-14.30.27:061][  0]LogInit: Applying CVar settings loaded from the selected device profile: [Windows]
[2015.09.04-14.30.27:070][  0]LogInit: Computer: DESKTOP-GLF6O4V
[2015.09.04-14.30.27:070][  0]LogInit: User: Bodoo
[2015.09.04-14.30.27:070][  0]LogInit: CPU Page size=4096, Cores=4
[2015.09.04-14.30.27:070][  0]LogInit: High frequency timer resolution =3.215355 MHz
[2015.09.04-14.30.27:070][  0]LogMemory: Memory total: Physical=12.0GB (12GB approx)
[2015.09.04-14.30.27:070][  0]LogMemory: Platform Memory Stats for Windows
[2015.09.04-14.30.27:070][  0]LogMemory: Process Physical Memory: 51.20 MB used, 51.20 MB peak
[2015.09.04-14.30.27:070][  0]LogMemory: Process Virtual Memory: 22.55 MB used, 22.55 MB peak
[2015.09.04-14.30.27:070][  0]LogMemory: Physical Memory: 2462.19 MB used, 12270.70 MB total
[2015.09.04-14.30.27:070][  0]LogMemory: Virtual Memory: 309.63 MB used, 134217728.00 MB total
[2015.09.04-14.30.27:098][  0]LogTextLocalizationManager: The requested culture ('de_DE') has no localization data; falling back to 'en' for localization and internationalization data.
[2015.09.04-14.30.27:342][  0]LogTextLocalizationManager:Warning: Loaded localization resources contain conflicting entries for (Namespace:ContentBrowser, Key:ImportAssetToolTip):
Localization Resource: (C:/Users/Bodoo/Documents/Programmieren/4.8/Engine/Content/Localization/Editor/en/Editor.locres) Source String Hash: (-630476809) Localized String: (Import to {0}...)
Localization Resource: (C:/Users/Bodoo/Documents/Programmieren/4.8/Engine/Content/Localization/Editor/en/Editor.locres) Source String Hash: (1271782899) Localized String: (Imports an asset from file to this folder.)
[2015.09.04-14.30.27:778][  0]LogD3D11RHI: Found D3D11 adapter 0: AMD Radeon HD 6800 Series (Feature Level 11_0)
[2015.09.04-14.30.27:778][  0]LogD3D11RHI: Adapter has 1011MB of dedicated video memory, 0MB of dedicated system memory, and 3840MB of shared system memory, 1 output[s]
[2015.09.04-14.30.27:779][  0]LogD3D11RHI: Found D3D11 adapter 1: Microsoft Basic Render Driver (Feature Level 11_0)
[2015.09.04-14.30.27:779][  0]LogD3D11RHI: Adapter has 0MB of dedicated video memory, 0MB of dedicated system memory, and 6135MB of shared system memory, 0 output[s]
[2015.09.04-14.30.27:779][  0]LogD3D11RHI: Chosen D3D11 Adapter Id = 0
[2015.09.04-14.30.27:782][  0]LogD3D11RHI: InitD3DDevice
[2015.09.04-14.30.27:783][  0]LogD3D11RHI: !Direct3DDevice
[2015.09.04-14.30.27:783][  0]LogRHI: Texture pool is 708 MB (70% of 1011 MB)
[2015.09.04-14.30.27:789][  0]LogD3D11RHI: Async texture creation disabled: no driver support
[2015.09.04-14.30.27:799][  0]LogShaderCompilers:Display: Using Local Shader Compiler.
[2015.09.04-14.30.28:655][  0]LogTemp:Display: Loaded TP DesktopTargetPlatform
[2015.09.04-14.30.28:671][  0]LogTemp:Display: Loaded TP WindowsClientTargetPlatform
[2015.09.04-14.30.28:686][  0]LogTemp:Display: Loaded TP WindowsNoEditorTargetPlatform
[2015.09.04-14.30.28:701][  0]LogTemp:Display: Loaded TP WindowsServerTargetPlatform
[2015.09.04-14.30.28:718][  0]LogTemp:Display: Loaded TP WindowsTargetPlatform
[2015.09.04-14.30.28:732][  0]LogTemp:Display: Loaded TP AndroidTargetPlatform
[2015.09.04-14.30.28:745][  0]LogTemp:Display: Loaded TP Android_ASTCTargetPlatform
[2015.09.04-14.30.28:759][  0]LogTemp:Display: Loaded TP Android_ATCTargetPlatform
[2015.09.04-14.30.28:772][  0]LogTemp:Display: Loaded TP Android_DXTTargetPlatform
[2015.09.04-14.30.28:786][  0]LogTemp:Display: Loaded TP Android_ETC1TargetPlatform
[2015.09.04-14.30.28:799][  0]LogTemp:Display: Loaded TP Android_ETC2TargetPlatform
[2015.09.04-14.30.28:812][  0]LogTemp:Display: Loaded TP Android_PVRTCTargetPlatform
[2015.09.04-14.30.28:864][  0]LogTemp:Display: Loaded TP IOSTargetPlatform
[2015.09.04-14.30.28:877][  0]LogTemp:Display: Loaded TP LinuxNoEditorTargetPlatform
[2015.09.04-14.30.28:890][  0]LogTemp:Display: Loaded TP LinuxServerTargetPlatform
[2015.09.04-14.30.28:905][  0]LogTemp:Display: Loaded TP LinuxTargetPlatform
[2015.09.04-14.30.28:905][  0]LogTargetPlatformManager:Display: Building Assets For Windows
[2015.09.04-14.30.29:118][  0]LogDerivedDataCache:Display: Max Cache Size: 512 MB
[2015.09.04-14.30.29:176][  0]LogDerivedDataCache: Loaded boot cache 0.06s 53MB C:/Users/Bodoo/AppData/Local/UnrealEngine/4.8/DerivedDataCache/Boot.ddc.
[2015.09.04-14.30.29:176][  0]LogDerivedDataCache:Display: Loaded Boot cache: C:/Users/Bodoo/AppData/Local/UnrealEngine/4.8/DerivedDataCache/Boot.ddc
[2015.09.04-14.30.29:176][  0]LogDerivedDataCache: FDerivedDataBackendGraph:  Pak pak cache file ../../../../Projekte/NotPartofTheGame/DerivedDataCache/DDC.ddp not found, will not use a pak cache.
[2015.09.04-14.30.29:176][  0]LogDerivedDataCache: Unable to find inner node Pak for hierarchical cache Hierarchy.
[2015.09.04-14.30.29:176][  0]LogDerivedDataCache: FDerivedDataBackendGraph:  CompressedPak pak cache file ../../../../Projekte/NotPartofTheGame/DerivedDataCache/Compressed.ddp not found, will not use a pak cache.
[2015.09.04-14.30.29:176][  0]LogDerivedDataCache: Unable to find inner node CompressedPak for hierarchical cache Hierarchy.
[2015.09.04-14.30.29:324][  0]LogDerivedDataCache:Display: Pak cache opened for reading ../../../Engine/DerivedDataCache/Compressed.ddp.
[2015.09.04-14.30.29:337][  0]LogDerivedDataCache: Using Local data cache path C:/Users/Bodoo/AppData/Local/UnrealEngine/Common/DerivedDataCache: Writable
[2015.09.04-14.30.29:573][  0]LogInit: Selected Device Profile: [Windows]
[2015.09.04-14.30.29:663][  0]ImportText (ComponentSweepMultiTests): Missing closing parenthesis: (RootShapeAsset="/Engine/BasicShapes/Cube.Cube",ShapeType="TriggerCapsule",HitResult=(Time=0.50,Location=(X=-100.000015,Y=0.0,Z=100.000015),ImpactPoint=(X=-50.0,Y=0.0,Z=50.0),Normal=(X=-1.0,Y=-0.0,Z=0.0),ImpactNormal=(X=0.0,Y=0.0,Z=1.0),TraceStart=(X=-200.0,Y=0.0,Z=200.0),TraceEnd=(X=0.0,Y=0.0,Z=0.0))
[2015.09.04-14.30.29:664][  0]ImportText (LineTraceSingleByChannelTests): Missing closing parenthesis: (RootShapeAsset="/Engine/BasicShapes/Cube.Cube",HitResult=(Time=0.50,Location=(X=-100.000015,Y=0.0,Z=100.000015),ImpactPoint=(X=-50.0,Y=0.0,Z=50.0),Normal=(X=-1.0,Y=-0.0,Z=0.0),ImpactNormal=(X=0.0,Y=0.0,Z=1.0),TraceStart=(X=-200.0,Y=0.0,Z=200.0),TraceEnd=(X=0.0,Y=0.0,Z=0.0))
[2015.09.04-14.30.29:691][  0]LogMeshUtilities: No automatic mesh reduction module available
[2015.09.04-14.30.29:691][  0]LogMeshUtilities: No automatic mesh merging module available
[2015.09.04-14.30.30:039][  0]LogInit: WinSock: version 1.1 (2.2), MaxSocks=32767, MaxUdp=65467
[2015.09.04-14.30.31:054][  0]LogAssetRegistry: FAssetRegistry took 0.0107 seconds to start up
[2015.09.04-14.30.31:068][  0]LogDirectoryWatcher:Warning: Failed to begin reading directory changes for ../../../Engine/Plugins/Experimental/CharacterAI/Content/. Error: 0
[2015.09.04-14.30.31:082][  0]UdpMessaging: Initializing bridge on interface 0.0.0.0:0 to multicast group 230.0.0.1:6666.
[2015.09.04-14.30.31:422][  0]SourceControl: Info Source control is disabled
[2015.09.04-14.30.31:429][  0]SourceControl: Info Source control is disabled
[2015.09.04-14.30.31:440][  0]SourceControl: Info Source control is disabled
[2015.09.04-14.30.31:450][  0]SourceControl: Info Source control is disabled
[2015.09.04-14.30.31:717][  0]LogObj: 26440 objects as part of root set at end of initial load.
[2015.09.04-14.30.31:717][  0]LogUObjectAllocator: 5438864 out of 0 bytes used by permanent object pool.
[2015.09.04-14.30.31:787][  0]LogEngine: Initializing Engine...
[2015.09.04-14.30.31:789][  0]LogHMD: Can't find Oculus library dev build: is proper Runtime installed? Version: 0.6.0.0
[2015.09.04-14.30.31:790][  0]LogHMD:Warning: SteamVR failed to initialize.  Error: 110
[2015.09.04-14.30.31:950][  0]LogAIModule: Creating AISystem for world NewWorld
[2015.09.04-14.30.31:955][  0]LogInit: XAudio2 using 'Lautsprecher (G510s Gaming Keyboard)' : 2 channels at 48 kHz using 16 bits per sample (channel mask 0x3)
[2015.09.04-14.30.31:977][  0]LogInit: FAudioDevice initialized.
[2015.09.04-14.30.32:005][  0]LogDerivedDataCache: Saved boot cache 0.03s 53MB C:/Users/Bodoo/AppData/Local/UnrealEngine/4.8/DerivedDataCache/Boot.ddc.
[2015.09.04-14.30.32:015][  0]LogInit: Texture streaming: Disabled
[2015.09.04-14.30.32:038][  0]LogAnalytics: Creating configured Analytics provider AnalyticsET
[2015.09.04-14.30.32:038][  0]LogAnalytics: [UEEditor.Rocket.Release] APIServer = http://et2.epicgames.com/ET2/. AppVersion = 4.8.3-2634408+++depot+UE4-Releases+4.8
[2015.09.04-14.30.32:038][  0]LogAnalytics: [UEEditor.Rocket.Release] SetUserId 0359330b4a4de6cf49a2cc9879aa4f35||823e2c57-8ae8-4d61-a04c-15505c18bf02
[2015.09.04-14.30.32:039][  0]LogAnalytics: [UEEditor.Rocket.Release] AnalyticsET::StartSession
[2015.09.04-14.30.32:063][  0]LogInit: Transaction tracking system initialized
[2015.09.04-14.30.32:185][  0]BlueprintLog: New page: Editor Load
[2015.09.04-14.30.32:802][  0]LogConsoleManager:Warning: Console variable 'r.VSync' wasn't set ('GameSetting' has a lower priority than 'SystemSettingsIni')
[2015.09.04-14.30.32:802][  0]LogConsoleResponse:Display: 
[2015.09.04-14.30.32:901][  0]LogCook:Display: Done creating registry. It took  0.00s.
[2015.09.04-14.30.33:082][  0]SourceControl: Info Source control is disabled
[2015.09.04-14.30.33:082][  0]Cmd: MAP LOAD FILE="../../../../Projekte/NotPartofTheGame/Content/NPOTG/Maps/Testing_Level.umap" TEMPLATE=0 SHOWPROGRESS=1 FEATURELEVEL=3
[2015.09.04-14.30.33:083][  0]LightingResults: New page: Lighting Build
[2015.09.04-14.30.33:095][  0]MapCheck: New page: Map Check
[2015.09.04-14.30.33:095][  0]LightingResults: New page: Lighting Build
[2015.09.04-14.30.33:103][  0]LogParticles: Destroying 0 GPU particle simulations for FXSystem 0x000000C6567A6F20
[2015.09.04-14.30.35:518][  0]LogAIModule: Creating AISystem for world Testing_Level
[2015.09.04-14.30.35:520][  0]LogPrimitiveComponent: Zero scaling not supported (/Game/NPOTG/Maps/Testing_Level.Testing_Level:PersistentLevel.PlayerStart.CollisionCapsule)
[2015.09.04-14.30.35:594][  0]LogEditorServer: Finished looking for orphan Actors (0.000 secs)
[2015.09.04-14.30.35:596][  0]Cmd: MAP CHECKDEP NOCLEARLOG
[2015.09.04-14.30.35:661][  0]MapCheck: Info Map check complete: 0 Error(s), 0 Warning(s), took 64.487ms to complete.
[2015.09.04-14.30.35:661][  0]LogFileHelpers: Loading map 'Testing_Level' took 2.579
[2015.09.04-14.30.35:783][  0]LogCollectionManager: Loaded 0 collections in 0.001637 seconds
[2015.09.04-14.30.35:790][  0]LogContentBrowser: Native class hierarchy populated in 0.0067 seconds. Added 1807 classes and 307 folders.
[2015.09.04-14.30.35:830][  0]LogContentBrowser: Native class hierarchy updated for 'WidgetCarousel' in 0.0003 seconds. Added 0 classes and 0 folders.
[2015.09.04-14.30.35:855][  0]LogContentBrowser: Native class hierarchy updated for 'AddContentDialog' in 0.0004 seconds. Added 0 classes and 0 folders.
[2015.09.04-14.30.35:871][  0]LogContentBrowser: Native class hierarchy updated for 'SceneOutliner' in 0.0003 seconds. Added 1 classes and 2 folders.
[2015.09.04-14.30.35:942][  0]LogCrashTracker: Crashtracker disabled due to settings.
[2015.09.04-14.30.35:942][  0]LogD3D11RHI: InitD3DDevice
[2015.09.04-14.30.35:951][  0]LogUObjectGlobals:Warning: Failed to find object 'Class None.'
[2015.09.04-14.30.35:973][  0]LogLoad: Full Startup: 10.82 seconds (BP compile: 1.30 seconds)
[2015.09.04-14.30.36:376][  0]LogContentStreaming: Texture pool size is 0.000000MB
[2015.09.04-14.30.36:438][  0]LogContentStreaming: Texture pool size now 1000 MB
[2015.09.04-14.30.36:655][  0]LogRenderer: Reallocating scene render targets to support 1208x576 (Frame:2).
[2015.09.04-14.30.39:479][  9]LogAssetRegistry: Asset discovery search completed in 8.4362 seconds
[2015.09.04-14.31.06:581][ 95]LogD3D11RHI: InitD3DDevice
[2015.09.04-14.31.10:004][422]LogD3D11RHI: InitD3DDevice
[2015.09.04-14.31.10:547][422]LogSavePackage: Save=475.548737ms
[2015.09.04-14.31.10:547][422]LogSavePackage: Moving '../../../../Projekte/NotPartofTheGame/Saved/UEDPCTesting_LevelD6D66864456131895D35DEAE1782123D.tmp' to '../../../../Projekte/NotPartofTheGame/Saved/Autosaves/Game/NPOTG/Maps/UEDPCTesting_Level.umap'
[2015.09.04-14.32.08:512][811]LogEditorViewport: Clicking on Actor (LMB): spikes_C (spikes14)
[2015.09.04-14.32.09:467][897]Cmd: DELETE
[2015.09.04-14.32.09:467][897]Cmd: ACTOR DELETE
[2015.09.04-14.32.09:473][897]LogEditorActor: Deleted Actor: spikes_C
[2015.09.04-14.32.09:499][897]LogEditorActor: Deleted 1 Actors (0.032 secs)
[2015.09.04-14.32.10:132][969]LogEditorViewport: Clicking on Actor (LMB): spikes_C (spikes13)
[2015.09.04-14.32.26:220][537]LogEditorViewport: Clicking on Actor (LMB): PaperSpriteActor (baum_Sprite)
[2015.09.04-14.32.28:024][703]LogEditorViewport: Clicking Background
[2015.09.04-14.32.36:551][703]LogD3D11RHI: InitD3DDevice
[2015.09.04-14.32.37:086][703]LogSavePackage: Save=472.148163ms
[2015.09.04-14.32.37:086][703]LogSavePackage: Moving '../../../../Projekte/NotPartofTheGame/Saved/UEDPCTesting_Level1FC12736480A3B0D2CEB5EB5C899ABD9.tmp' to '../../../../Projekte/NotPartofTheGame/Saved/Autosaves/Game/NPOTG/Maps/UEDPCTesting_Level.umap'
[2015.09.04-14.33.26:235][284]LogEditorViewport: Clicking on Actor (LMB): PaperSpriteActor (tileset_Sprite915)
[2015.09.04-14.34.17:541][314]LogD3D11RHI: InitD3DDevice
[2015.09.04-14.34.18:085][314]LogSavePackage: Save=473.218048ms
[2015.09.04-14.34.18:085][314]LogSavePackage: Moving '../../../../Projekte/NotPartofTheGame/Saved/UEDPCTesting_LevelA32EC50A46DFC14A9FC4F18D35BF5E4B.tmp' to '../../../../Projekte/NotPartofTheGame/Saved/Autosaves/Game/NPOTG/Maps/UEDPCTesting_Level.umap'
[2015.09.04-14.35.11:083][ 57]LogD3D11RHI: InitD3DDevice
[2015.09.04-14.35.19:615][558]LogEditorViewport: Clicking on Actor (LMB): wolf_C (wolf4)
[2015.09.04-14.35.21:762][747]LogEditorViewport: Clicking on Actor (LMB): PaperSpriteActor (pointB_Sprite4)
[2015.09.04-14.35.24:538][979]LogD3D11RHI: InitD3DDevice
[2015.09.04-14.35.25:082][979]LogSavePackage: Save=470.757355ms
[2015.09.04-14.35.25:082][979]LogSavePackage: Moving '../../../../Projekte/NotPartofTheGame/Saved/UEDPCTesting_Level362970CC4020C4A94820A9B8BD10ED80.tmp' to '../../../../Projekte/NotPartofTheGame/Saved/Autosaves/Game/NPOTG/Maps/UEDPCTesting_Level.umap'
[2015.09.04-14.36.53:286][582]Cmd: SELECT NONE
[2015.09.04-14.36.58:766][964]LogEditorViewport: Clicking on Actor (LMB): spikes_C (spikes6)
[2015.09.04-14.37.03:481][354]LogD3D11RHI: InitD3DDevice
[2015.09.04-14.37.10:369][ 26]LogEditorViewport: Clicking on Actor (LMB): PaperSpriteActor (tileset_Sprite1017)
[2015.09.04-14.37.17:655][700]LogEditorViewport: Clicking on Actor (LMB): spikes_C (spikes6)
[2015.09.04-14.38.30:689][639]LogEditorViewport: Clicking Background
[2015.09.04-14.38.32:240][819]LogEditorViewport: Clicking on Actor (LMB): PaperSpriteActor (tileset_Sprite1050)
[2015.09.04-14.38.33:360][927]LogEditorViewport: Clicking on Actor (LMB): PaperSpriteActor (tileset_Sprite1051)
[2015.09.04-14.38.37:552][323]LogEditorViewport: Clicking on Actor (LMB): PaperSpriteActor (tileset_Sprite1050)
[2015.09.04-14.39.03:814][809]LogEditorViewport: Clicking Background
[2015.09.04-14.39.07:108][184]LogD3D11RHI: InitD3DDevice
[2015.09.04-14.39.12:089][722]LogD3D11RHI: InitD3DDevice
[2015.09.04-14.39.15:761][ 78]LogD3D11RHI: InitD3DDevice
[2015.09.04-14.39.19:504][443]LogEditorViewport: Clicking Background
[2015.09.04-14.39.20:971][614]LogEditorViewport: Clicking on Actor (LMB): PaperSpriteActor (tileset_Sprite1067)
[2015.09.04-14.39.21:806][702]Cmd: DELETE
[2015.09.04-14.39.21:806][702]Cmd: ACTOR DELETE
[2015.09.04-14.39.21:809][702]LogEditorActor: Deleted Actor: PaperSpriteActor
[2015.09.04-14.39.21:835][702]LogEditorActor: Deleted 1 Actors (0.029 secs)
[2015.09.04-14.39.22:284][752]LogEditorViewport: Clicking on Actor (LMB): PaperSpriteActor (tileset_Sprite1064)
[2015.09.04-14.39.22:372][756]Cmd: DELETE
[2015.09.04-14.39.22:372][756]Cmd: ACTOR DELETE
[2015.09.04-14.39.22:375][756]LogEditorActor: Deleted Actor: PaperSpriteActor
[2015.09.04-14.39.22:399][756]LogEditorActor: Deleted 1 Actors (0.027 secs)
[2015.09.04-14.39.22:682][787]LogEditorViewport: Clicking on Actor (LMB): PaperSpriteActor (tileset_Sprite1061)
[2015.09.04-14.39.22:776][792]Cmd: DELETE
[2015.09.04-14.39.22:776][792]Cmd: ACTOR DELETE
[2015.09.04-14.39.22:779][792]LogEditorActor: Deleted Actor: PaperSpriteActor
[2015.09.04-14.39.22:805][792]LogEditorActor: Deleted 1 Actors (0.029 secs)
[2015.09.04-14.39.23:180][834]LogEditorViewport: Clicking on Actor (LMB): PaperSpriteActor (tileset_Sprite1066)
[2015.09.04-14.39.23:255][837]Cmd: DELETE
[2015.09.04-14.39.23:255][837]Cmd: ACTOR DELETE
[2015.09.04-14.39.23:258][837]LogEditorActor: Deleted Actor: PaperSpriteActor
[2015.09.04-14.39.23:284][837]LogEditorActor: Deleted 1 Actors (0.029 secs)
[2015.09.04-14.39.23:650][878]LogEditorViewport: Clicking on Actor (LMB): PaperSpriteActor (tileset_Sprite1069)
[2015.09.04-14.39.23:674][878]Cmd: DELETE
[2015.09.04-14.39.23:674][878]Cmd: ACTOR DELETE
[2015.09.04-14.39.23:677][878]LogEditorActor: Deleted Actor: PaperSpriteActor
[2015.09.04-14.39.23:702][878]LogEditorActor: Deleted 1 Actors (0.028 secs)
[2015.09.04-14.39.32:403][885]LogD3D11RHI: InitD3DDevice
[2015.09.04-14.40.39:502][371]LogEditorViewport: Clicking Background
[2015.09.04-14.40.42:122][666]LogEditorViewport: Clicking on Actor (LMB): spikes_C (spikes6)
[2015.09.04-14.40.48:607][274]LogEditorViewport: Clicking on Actor (LMB): PaperSpriteActor (tileset_Sprite1055)
[2015.09.04-14.40.55:251][834]LogEditorViewport: Clicking Background
[2015.09.04-14.41.06:081][104]LogD3D11RHI: InitD3DDevice
[2015.09.04-14.41.06:630][104]LogSavePackage: Save=477.728577ms
[2015.09.04-14.41.06:630][104]LogSavePackage: Moving '../../../../Projekte/NotPartofTheGame/Saved/UEDPCTesting_Level71CCB2524F6D96F3B7254FB84BF9F877.tmp' to '../../../../Projekte/NotPartofTheGame/Saved/Autosaves/Game/NPOTG/Maps/UEDPCTesting_Level.umap'
[2015.09.04-14.41.21:434][435]LogD3D11RHI: InitD3DDevice
[2015.09.04-14.41.30:103][461]LogD3D11RHI: InitD3DDevice
[2015.09.04-14.41.30:847][461]LogSavePackage: Save=533.563477ms
[2015.09.04-14.41.30:847][461]LogSavePackage: Moving '../../../../Projekte/NotPartofTheGame/Saved/Testing_Level_Auto140CA3B0B4496D8F1FCF46E9CCD20522A.tmp' to '../../../../Projekte/NotPartofTheGame/Saved/Autosaves/Game/NPOTG/Maps/Testing_Level_Auto1.umap'
[2015.09.04-14.41.30:853][461]LogFileHelpers: Editor autosave (incl. sublevels) for '/Game/NPOTG/Maps/Testing_Level' took 0.628
[2015.09.04-14.41.30:853][461]LogFileHelpers: Editor autosave (incl. sublevels) for all levels took 0.628
[2015.09.04-14.42.22:132][351]LogEditorViewport: Clicking on Actor (LMB): PaperSpriteActor (tileset_Sprite1055)
[2015.09.04-14.42.37:544][657]LogEditorViewport: Clicking Background
[2015.09.04-14.42.42:074][174]LogD3D11RHI: InitD3DDevice
[2015.09.04-14.42.47:024][683]LogEditorViewport: Clicking on Actor (LMB): PaperSpriteActor (tileset_Sprite1066)
[2015.09.04-14.42.49:360][911]LogEditorViewport: Clicking Background
[2015.09.04-14.42.50:687][ 63]LogD3D11RHI: InitD3DDevice
[2015.09.04-14.42.57:495][739]LogD3D11RHI: InitD3DDevice
[2015.09.04-14.43.03:602][329]LogD3D11RHI: InitD3DDevice
[2015.09.04-14.43.05:429][495]LogD3D11RHI: InitD3DDevice
[2015.09.04-14.43.07:637][705]LogEditorViewport: Clicking on Actor (LMB): spikes_C (spikes7)
[2015.09.04-14.43.11:756][ 88]LogEditorViewport: Clicking Background
[2015.09.04-14.43.16:462][630]LogD3D11RHI: InitD3DDevice
[2015.09.04-14.43.17:014][630]LogSavePackage: Save=483.144165ms
[2015.09.04-14.43.17:014][630]LogSavePackage: Moving '../../../../Projekte/NotPartofTheGame/Saved/UEDPCTesting_Level577F0950495406A477E1FE8380A1D121.tmp' to '../../../../Projekte/NotPartofTheGame/Saved/Autosaves/Game/NPOTG/Maps/UEDPCTesting_Level.umap'
[2015.09.04-14.44.27:618][797]LogEditorViewport: Clicking on Actor (LMB): PaperSpriteActor (tileset_Sprite1057)
[2015.09.04-14.44.35:258][509]LogEditorViewport: Clicking Background
[2015.09.04-14.44.43:963][534]LogD3D11RHI: InitD3DDevice
[2015.09.04-14.44.45:576][718]LogD3D11RHI: InitD3DDevice
[2015.09.04-14.45.04:318][573]LogEditorViewport: Clicking on Actor (LMB): PlayerStart (Player Start)
[2015.09.04-14.45.07:400][684]LogNavigationPoint: PostEditMove Clear paths rebuilt
[2015.09.04-14.45.11:515][  6]LogD3D11RHI: InitD3DDevice
[2015.09.04-14.45.12:066][  6]LogSavePackage: Save=489.951813ms
[2015.09.04-14.45.12:066][  6]LogSavePackage: Moving '../../../../Projekte/NotPartofTheGame/Saved/UEDPCTesting_Level9DB360BC4BCA272A9CE67797D3694459.tmp' to '../../../../Projekte/NotPartofTheGame/Saved/Autosaves/Game/NPOTG/Maps/UEDPCTesting_Level.umap'
[2015.09.04-14.45.25:902][432]LogEditorViewport: Clicking on Actor (LMB): PaperSpriteActor (tileset_Sprite1073)
[2015.09.04-14.45.27:687][619]Cmd: DELETE
[2015.09.04-14.45.27:687][619]Cmd: ACTOR DELETE
[2015.09.04-14.45.27:690][619]LogEditorActor: Deleted Actor: PaperSpriteActor
[2015.09.04-14.45.27:715][619]LogEditorActor: Deleted 1 Actors (0.028 secs)
[2015.09.04-14.45.32:502][167]LogEditorViewport: Clicking on Actor (LMB): PaperSpriteActor (tileset_Sprite1064)
[2015.09.04-14.45.56:909][524]LogD3D11RHI: InitD3DDevice
[2015.09.04-14.46.01:705][  9]Cmd: DELETE
[2015.09.04-14.46.01:705][  9]Cmd: ACTOR DELETE
[2015.09.04-14.46.01:709][  9]LogEditorActor: Deleted Actor: PaperSpriteActor
[2015.09.04-14.46.01:735][  9]LogEditorActor: Deleted 1 Actors (0.029 secs)
[2015.09.04-14.46.02:550][102]LogD3D11RHI: InitD3DDevice
[2015.09.04-14.46.05:367][408]LogEditorViewport: Clicking Background
[2015.09.04-14.46.06:933][591]LogEditorViewport: Clicking on Actor (LMB): PaperSpriteActor (tileset_Sprite1076)
[2015.09.04-14.46.15:494][496]LogD3D11RHI: InitD3DDevice
[2015.09.04-14.46.18:067][728]LogEditorViewport: Clicking Background
[2015.09.04-14.46.19:308][871]LogEditorViewport: Clicking on Actor (LMB): PaperSpriteActor (tileset_Sprite1078)
[2015.09.04-14.46.22:512][162]LogEditorViewport: Clicking on Actor (LMB): PaperSpriteActor (tileset_Sprite1073)
[2015.09.04-14.46.31:977][ 41]LogD3D11RHI: InitD3DDevice
[2015.09.04-14.46.32:543][ 41]LogSavePackage: Save=496.528076ms
[2015.09.04-14.46.32:543][ 41]LogSavePackage: Moving '../../../../Projekte/NotPartofTheGame/Saved/UEDPCTesting_LevelBE55F51342224D87687A499FD8A40083.tmp' to '../../../../Projekte/NotPartofTheGame/Saved/Autosaves/Game/NPOTG/Maps/UEDPCTesting_Level.umap'
[2015.09.04-14.46.51:903][863]LogEditorViewport: Clicking on Actor (LMB): PaperSpriteActor (tileset_Sprite1075)
[2015.09.04-14.46.52:748][943]Cmd: DELETE
[2015.09.04-14.46.52:748][943]Cmd: ACTOR DELETE
[2015.09.04-14.46.52:751][943]LogEditorActor: Deleted Actor: PaperSpriteActor
[2015.09.04-14.46.52:778][943]LogEditorActor: Deleted 1 Actors (0.030 secs)
[2015.09.04-14.46.53:490][ 19]LogD3D11RHI: InitD3DDevice
[2015.09.04-14.47.05:954][261]LogD3D11RHI: InitD3DDevice
[2015.09.04-14.47.08:115][456]LogEditorViewport: Clicking Background
[2015.09.04-14.47.09:619][626]LogEditorViewport: Clicking on Actor (LMB): PaperSpriteActor (tileset_Sprite1082)
[2015.09.04-14.47.14:626][117]LogD3D11RHI: InitD3DDevice
[2015.09.04-14.47.16:464][287]Cmd: DELETE
[2015.09.04-14.47.16:464][287]Cmd: ACTOR DELETE
[2015.09.04-14.47.16:467][287]LogEditorActor: Deleted Actor: PaperSpriteActor
[2015.09.04-14.47.16:496][287]LogEditorActor: Deleted 1 Actors (0.032 secs)
[2015.09.04-14.47.17:743][431]LogD3D11RHI: InitD3DDevice
[2015.09.04-14.47.25:684][332]LogD3D11RHI: InitD3DDevice
[2015.09.04-14.47.28:629][636]LogD3D11RHI: InitD3DDevice
[2015.09.04-14.47.32:126][946]LogD3D11RHI: InitD3DDevice
[2015.09.04-14.47.36:895][371]LogD3D11RHI: InitD3DDevice
[2015.09.04-14.47.39:969][640]LogD3D11RHI: InitD3DDevice
[2015.09.04-14.47.42:347][845]LogD3D11RHI: InitD3DDevice
[2015.09.04-14.47.45:387][113]LogEditorViewport: Clicking Background
[2015.09.04-14.47.47:313][330]LogD3D11RHI: InitD3DDevice
[2015.09.04-14.47.52:048][836]LogD3D11RHI: InitD3DDevice
[2015.09.04-14.47.55:133][103]LogD3D11RHI: InitD3DDevice
[2015.09.04-14.47.58:773][424]LogD3D11RHI: InitD3DDevice
[2015.09.04-14.48.01:537][664]LogEditorViewport: Clicking Background
[2015.09.04-14.48.03:533][893]LogD3D11RHI: InitD3DDevice
[2015.09.04-14.48.06:394][187]LogD3D11RHI: InitD3DDevice
[2015.09.04-14.48.09:677][469]LogD3D11RHI: InitD3DDevice
[2015.09.04-14.48.11:781][646]LogD3D11RHI: InitD3DDevice
[2015.09.04-14.48.14:745][900]LogD3D11RHI: InitD3DDevice
[2015.09.04-14.48.19:691][339]LogD3D11RHI: InitD3DDevice
[2015.09.04-14.48.29:583][314]LogNavigationPoint: PostEditMove Clear paths rebuilt
[2015.09.04-14.48.29:959][350]LogEditorViewport: Clicking Background
[2015.09.04-14.48.30:592][422]LogEditorViewport: Clicking on Actor (LMB): PaperSpriteActor (tileset_Sprite1100)
[2015.09.04-14.48.42:884][590]LogEditorViewport: Clicking on Actor (LMB): PaperSpriteActor (tileset_Sprite1096)
[2015.09.04-14.48.44:332][726]LogEditorViewport: Clicking on Actor (LMB): PaperSpriteActor (tileset_Sprite1103)
[2015.09.04-14.48.50:214][276]LogEditorViewport: Clicking Background
[2015.09.04-14.48.58:613][247]LogD3D11RHI: InitD3DDevice
[2015.09.04-14.49.09:710][439]LogEditorViewport: Clicking Background
[2015.09.04-14.49.12:171][720]LogEditorViewport: Clicking on Actor (LMB): PaperSpriteActor (tileset_Sprite1106)
[2015.09.04-14.49.24:639][  5]LogD3D11RHI: InitD3DDevice
[2015.09.04-14.49.25:206][  5]LogSavePackage: Save=501.887024ms
[2015.09.04-14.49.25:206][  5]LogSavePackage: Moving '../../../../Projekte/NotPartofTheGame/Saved/UEDPCTesting_LevelAF5DEE314E365986560CD3AA87F509AD.tmp' to '../../../../Projekte/NotPartofTheGame/Saved/Autosaves/Game/NPOTG/Maps/UEDPCTesting_Level.umap'
[2015.09.04-14.49.38:253][429]LogEditorViewport: Clicking on Actor (LMB): spikes_C (spikes8)
[2015.09.04-14.49.44:213][ 37]LogEditorViewport: Clicking Background
[2015.09.04-14.49.45:736][211]LogEditorViewport: Clicking on Actor (LMB): spikes_C (spikes9)
[2015.09.04-14.49.50:717][730]LogD3D11RHI: InitD3DDevice
[2015.09.04-14.49.51:286][730]LogSavePackage: Save=498.235809ms
[2015.09.04-14.49.51:286][730]LogSavePackage: Moving '../../../../Projekte/NotPartofTheGame/Saved/UEDPCTesting_LevelD64D2F7246771D11AE6AC6BA89BCBD91.tmp' to '../../../../Projekte/NotPartofTheGame/Saved/Autosaves/Game/NPOTG/Maps/UEDPCTesting_Level.umap'
[2015.09.04-14.50.06:417][483]LogEditorViewport: Clicking on Actor (LMB): PaperSpriteActor (tileset_Sprite1075)
[2015.09.04-14.50.06:924][533]LogEditorViewport: Clicking on Actor (CTRL LMB): PaperSpriteActor (tileset_Sprite1082)
[2015.09.04-14.50.07:316][568]LogEditorViewport: Clicking on Actor (CTRL LMB): PaperSpriteActor (tileset_Sprite1083)
[2015.09.04-14.50.07:738][608]LogEditorViewport: Clicking on Actor (CTRL LMB): PaperSpriteActor (tileset_Sprite1084)
[2015.09.04-14.50.08:127][644]LogEditorViewport: Clicking on Actor (CTRL LMB): PaperSpriteActor (tileset_Sprite1090)
[2015.09.04-14.50.08:596][688]LogEditorViewport: Clicking on Actor (CTRL LMB): PaperSpriteActor (tileset_Sprite1074)
[2015.09.04-14.50.09:033][728]LogEditorViewport: Clicking on Actor (CTRL LMB): PaperSpriteActor (tileset_Sprite1073)
[2015.09.04-14.50.09:401][761]LogEditorViewport: Clicking on Actor (CTRL LMB): PaperSpriteActor (tileset_Sprite1091)
[2015.09.04-14.50.09:876][805]LogEditorViewport: Clicking on Actor (CTRL LMB): PaperSpriteActor (tileset_Sprite1085)
[2015.09.04-14.50.10:211][834]LogEditorViewport: Clicking on Actor (CTRL LMB): PaperSpriteActor (tileset_Sprite1086)
[2015.09.04-14.50.10:556][864]LogEditorViewport: Clicking on Actor (CTRL LMB): PaperSpriteActor (tileset_Sprite1092)
[2015.09.04-14.50.10:942][898]LogEditorViewport: Clicking on Actor (CTRL LMB): PaperSpriteActor (tileset_Sprite1093)
[2015.09.04-14.50.11:323][931]LogEditorViewport: Clicking on Actor (CTRL LMB): PaperSpriteActor (tileset_Sprite1076)
[2015.09.04-14.50.11:719][965]LogEditorViewport: Clicking on Actor (CTRL LMB): PaperSpriteActor (tileset_Sprite1077)
[2015.09.04-14.50.12:136][  1]LogEditorViewport: Clicking on Actor (CTRL LMB): PaperSpriteActor (tileset_Sprite1078)
[2015.09.04-14.50.12:719][ 54]LogEditorViewport: Clicking on Actor (CTRL LMB): PaperSpriteActor (tileset_Sprite1079)
[2015.09.04-14.50.14:006][176]LogEditorViewport: Clicking on Actor (CTRL LMB): PaperSpriteActor (tileset_Sprite1098)
[2015.09.04-14.50.14:421][211]LogEditorViewport: Clicking on Actor (CTRL LMB): PaperSpriteActor (tileset_Sprite1099)
[2015.09.04-14.50.15:182][279]LogEditorViewport: Clicking on Actor (CTRL LMB): PaperSpriteActor (tileset_Sprite1097)
[2015.09.04-14.50.15:501][304]LogEditorViewport: Clicking on Actor (CTRL LMB): PaperSpriteActor (tileset_Sprite1094)
[2015.09.04-14.50.15:923][339]LogEditorViewport: Clicking on Actor (CTRL LMB): PaperSpriteActor (tileset_Sprite1087)
[2015.09.04-14.50.16:279][367]LogEditorViewport: Clicking on Actor (CTRL LMB): PaperSpriteActor (tileset_Sprite1088)
[2015.09.04-14.50.16:829][414]LogEditorViewport: Clicking on Actor (CTRL LMB): PaperSpriteActor (tileset_Sprite1095)
[2015.09.04-14.50.17:205][444]LogEditorViewport: Clicking on Actor (CTRL LMB): PaperSpriteActor (tileset_Sprite1102)
[2015.09.04-14.50.17:599][476]LogEditorViewport: Clicking on Actor (CTRL LMB): PaperSpriteActor (tileset_Sprite1101)
[2015.09.04-14.50.18:059][514]LogEditorViewport: Clicking on Actor (CTRL LMB): PaperSpriteActor (tileset_Sprite1100)
[2015.09.04-14.50.18:525][552]LogEditorViewport: Clicking on Actor (CTRL LMB): PaperSpriteActor (tileset_Sprite1080)
[2015.09.04-14.50.19:307][618]LogEditorViewport: Clicking on Actor (CTRL LMB): PaperSpriteActor (tileset_Sprite1089)
[2015.09.04-14.50.19:658][645]LogEditorViewport: Clicking on Actor (CTRL LMB): PaperSpriteActor (tileset_Sprite1096)
[2015.09.04-14.50.20:118][682]LogEditorViewport: Clicking on Actor (CTRL LMB): PaperSpriteActor (tileset_Sprite1103)
[2015.09.04-14.50.20:600][720]LogEditorViewport: Clicking on Actor (CTRL LMB): PaperSpriteActor (tileset_Sprite1104)
[2015.09.04-14.50.21:060][756]LogEditorViewport: Clicking on Actor (CTRL LMB): PaperSpriteActor (tileset_Sprite1105)
[2015.09.04-14.50.21:546][794]LogEditorViewport: Clicking on Actor (CTRL LMB): PaperSpriteActor (tileset_Sprite1081)
[2015.09.04-14.50.25:848][151]LogD3D11RHI: InitD3DDevice
[2015.09.04-14.50.26:415][151]LogSavePackage: Save=496.563202ms
[2015.09.04-14.50.26:415][151]LogSavePackage: Moving '../../../../Projekte/NotPartofTheGame/Saved/UEDPCTesting_LevelA8E843AA4D2C5D24A63AE19B77C594D0.tmp' to '../../../../Projekte/NotPartofTheGame/Saved/Autosaves/Game/NPOTG/Maps/UEDPCTesting_Level.umap'
[2015.09.04-14.50.48:264][585]LogD3D11RHI: InitD3DDevice
[2015.09.04-14.50.48:834][585]LogSavePackage: Save=500.481293ms
[2015.09.04-14.50.48:835][585]LogSavePackage: Moving '../../../../Projekte/NotPartofTheGame/Saved/UEDPCTesting_Level19E42051466EEFE726CC4E82DD1709CA.tmp' to '../../../../Projekte/NotPartofTheGame/Saved/Autosaves/Game/NPOTG/Maps/UEDPCTesting_Level.umap'
[2015.09.04-14.51.03:803][175]LogD3D11RHI: InitD3DDevice
[2015.09.04-14.51.04:368][175]LogSavePackage: Save=499.129028ms
[2015.09.04-14.51.04:368][175]LogSavePackage: Moving '../../../../Projekte/NotPartofTheGame/Saved/UEDPCTesting_Level53A949784EF10D4D2F698DB221F1C563.tmp' to '../../../../Projekte/NotPartofTheGame/Saved/Autosaves/Game/NPOTG/Maps/UEDPCTesting_Level.umap'
[2015.09.04-14.51.22:287][447]LogD3D11RHI: InitD3DDevice
[2015.09.04-14.51.26:678][808]LogEditorViewport: Clicking on Actor (LMB): PaperSpriteActor (tileset_Sprite1083)
[2015.09.04-14.51.36:525][720]LogEditorViewport: Clicking Background
[2015.09.04-14.51.37:535][837]LogEditorViewport: Clicking on Actor (LMB): PaperSpriteActor (tileset_Sprite1083)
[2015.09.04-14.51.38:539][943]Cmd: DELETE
[2015.09.04-14.51.38:539][943]Cmd: ACTOR DELETE
[2015.09.04-14.51.38:542][943]LogEditorActor: Deleted Actor: PaperSpriteActor
[2015.09.04-14.51.38:568][943]LogEditorActor: Deleted 1 Actors (0.030 secs)
[2015.09.04-14.51.43:222][474]LogD3D11RHI: InitD3DDevice
[2015.09.04-14.51.43:792][474]LogSavePackage: Save=503.566803ms
[2015.09.04-14.51.43:792][474]LogSavePackage: Moving '../../../../Projekte/NotPartofTheGame/Saved/UEDPCTesting_Level1D05DF59469C8F71DA2539A437E9CC35.tmp' to '../../../../Projekte/NotPartofTheGame/Saved/Autosaves/Game/NPOTG/Maps/UEDPCTesting_Level.umap'
[2015.09.04-14.51.59:448][ 19]LogEditorViewport: Clicking on Actor (LMB): spikes_C (spikes9)
[2015.09.04-14.52.24:185][  7]LogEditorViewport: Clicking Background
[2015.09.04-14.52.41:908][114]LogD3D11RHI: InitD3DDevice
[2015.09.04-14.52.42:619][114]LogSavePackage: Save=516.791443ms
[2015.09.04-14.52.42:619][114]LogSavePackage: Moving '../../../../Projekte/NotPartofTheGame/Saved/Testing_Level_Auto2BF9768EB48DA8C58FF80FA9AF02BB07D.tmp' to '../../../../Projekte/NotPartofTheGame/Saved/Autosaves/Game/NPOTG/Maps/Testing_Level_Auto2.umap'
[2015.09.04-14.52.42:622][114]LogFileHelpers: Editor autosave (incl. sublevels) for '/Game/NPOTG/Maps/Testing_Level' took 0.603
[2015.09.04-14.52.42:622][114]LogFileHelpers: Editor autosave (incl. sublevels) for all levels took 0.603
[2015.09.04-14.54.10:958][741]LogD3D11RHI: InitD3DDevice
[2015.09.04-14.54.11:019][741]LogD3D11RHI: InitD3DDevice
[2015.09.04-14.54.11:169][753]LogD3D11RHI: InitD3DDevice
[2015.09.04-14.54.11:884][838]LogEditorViewport: Clicking Background
[2015.09.04-14.54.12:457][904]LogD3D11RHI: InitD3DDevice
[2015.09.04-14.54.16:304][342]LogEditorViewport: Clicking Background
[2015.09.04-14.54.18:746][627]LogEditorViewport: Clicking on Actor (LMB): PaperSpriteActor (tileset_Sprite1083)
[2015.09.04-14.54.21:813][943]LogEditorViewport: Clicking Background
[2015.09.04-14.54.26:051][438]LogEditorViewport: Clicking on Actor (LMB): PaperSpriteActor (tileset_Sprite1083)
[2015.09.04-14.54.46:040][467]LogEditorViewport: Clicking on Actor (LMB): PaperSpriteActor (tileset_Sprite1083)
[2015.09.04-14.55.05:116][309]LogEditorViewport: Clicking Background
[2015.09.04-14.55.08:799][731]LogEditorViewport: Clicking on Actor (LMB): PaperSpriteActor (tileset_Sprite1110)
[2015.09.04-14.55.31:780][992]LogEditorViewport: Clicking on Actor (context menu): PaperSpriteActor (tileset_Sprite1165)
[2015.09.04-14.55.31:801][992]LogD3D11RHI: InitD3DDevice
[2015.09.04-14.55.31:820][992]LogEditorViewport: Clicking on Actor (context menu): PaperSpriteActor (tileset_Sprite1166)
[2015.09.04-14.55.31:851][992]LogD3D11RHI: InitD3DDevice
[2015.09.04-14.55.35:459][382]LogD3D11RHI: InitD3DDevice
[2015.09.04-14.55.36:032][382]LogSavePackage: Save=505.625031ms
[2015.09.04-14.55.36:032][382]LogSavePackage: Moving '../../../../Projekte/NotPartofTheGame/Saved/UEDPCTesting_LevelC56406184DF1CAB490276D8E5E23BED8.tmp' to '../../../../Projekte/NotPartofTheGame/Saved/Autosaves/Game/NPOTG/Maps/UEDPCTesting_Level.umap'
[2015.09.04-14.55.50:835][790]LogEditorViewport: Clicking on Actor (LMB): spikes_C (spikes9)
[2015.09.04-14.55.54:807][197]LogEditorViewport: Clicking Background
[2015.09.04-14.55.58:032][574]LogEditorViewport: Clicking on Actor (LMB): spikes_C (spikes9)
[2015.09.04-14.56.01:102][883]LogEditorViewport: Clicking Background
[2015.09.04-14.56.01:968][984]LogEditorViewport: Clicking on Actor (LMB): spikes_C (spikes9)
[2015.09.04-14.56.06:198][399]LogD3D11RHI: InitD3DDevice
[2015.09.04-14.56.06:762][399]LogSavePackage: Save=501.996216ms
[2015.09.04-14.56.06:762][399]LogSavePackage: Moving '../../../../Projekte/NotPartofTheGame/Saved/UEDPCTesting_Level1E9A413840939C7B633989AFA7189EFE.tmp' to '../../../../Projekte/NotPartofTheGame/Saved/Autosaves/Game/NPOTG/Maps/UEDPCTesting_Level.umap'
[2015.09.04-14.56.56:043][926]LogEditorViewport: Clicking on Actor (LMB): PlayerStart (Player Start)
[2015.09.04-14.56.58:054][ 58]LogNavigationPoint: PostEditMove Clear paths rebuilt
[2015.09.04-14.57.01:406][175]LogNavigationPoint: PostEditMove Clear paths rebuilt
[2015.09.04-14.57.02:148][191]LogD3D11RHI: InitD3DDevice
[2015.09.04-14.57.02:715][191]LogSavePackage: Save=504.779419ms
[2015.09.04-14.57.02:715][191]LogSavePackage: Moving '../../../../Projekte/NotPartofTheGame/Saved/UEDPCTesting_Level55E7EE2546527AF538C1A0B45F030E5E.tmp' to '../../../../Projekte/NotPartofTheGame/Saved/Autosaves/Game/NPOTG/Maps/UEDPCTesting_Level.umap'
[2015.09.04-14.58.09:242][653]LogEditorViewport: Clicking on Actor (context menu): PaperSpriteActor (tileset_Sprite1110)
[2015.09.04-14.58.09:270][653]LogD3D11RHI: InitD3DDevice
[2015.09.04-14.58.09:993][724]LogEditorViewport: Clicking Background
[2015.09.04-14.58.11:335][878]LogEditorViewport: Clicking on Actor (LMB): spikes_C (spikes9)
[2015.09.04-14.58.35:859][202]LogEditorViewport: Clicking Background
[2015.09.04-14.58.36:374][257]LogD3D11RHI: InitD3DDevice
[2015.09.04-14.58.37:093][334]LogEditorViewport: Clicking Background
[2015.09.04-14.58.39:938][653]LogD3D11RHI: InitD3DDevice
[2015.09.04-14.58.40:531][653]LogSavePackage: Save=525.327393ms
[2015.09.04-14.58.40:531][653]LogSavePackage: Moving '../../../../Projekte/NotPartofTheGame/Saved/UEDPCTesting_Level4479F7944CA993F7782BE5AD090D397C.tmp' to '../../../../Projekte/NotPartofTheGame/Saved/Autosaves/Game/NPOTG/Maps/UEDPCTesting_Level.umap'
[2015.09.04-15.00.00:138][345]LogEditorViewport: Clicking on Actor (LMB): spikes_C (spikes10)
[2015.09.04-15.00.01:316][463]Cmd: DELETE
[2015.09.04-15.00.01:316][463]Cmd: ACTOR DELETE
[2015.09.04-15.00.01:319][463]LogEditorActor: Deleted Actor: spikes_C
[2015.09.04-15.00.01:351][463]LogEditorActor: Deleted 1 Actors (0.035 secs)
[2015.09.04-15.00.02:002][538]LogEditorViewport: Clicking on Actor (LMB): spikes_C (spikes14)
[2015.09.04-15.00.28:868][ 95]LogEditorViewport: Clicking on Actor (LMB): spikes_C (spikes15)
[2015.09.04-15.00.29:594][166]Cmd: DELETE
[2015.09.04-15.00.29:594][166]Cmd: ACTOR DELETE
[2015.09.04-15.00.29:598][166]LogEditorActor: Deleted Actor: spikes_C
[2015.09.04-15.00.29:629][166]LogEditorActor: Deleted 1 Actors (0.034 secs)
[2015.09.04-15.00.30:183][229]LogEditorViewport: Clicking on Actor (LMB): spikes_C (spikes18)
[2015.09.04-15.00.32:931][503]LogEditorViewport: Clicking on Actor (LMB): spikes_C (spikes17)
[2015.09.04-15.00.35:669][775]LogEditorViewport: Clicking on Actor (LMB): spikes_C (spikes16)
[2015.09.04-15.00.38:642][ 72]LogEditorViewport: Clicking Background
[2015.09.04-15.00.44:883][788]LogEditorViewport: Clicking on Actor (LMB): spikes_C (spikes14)
[2015.09.04-15.00.50:248][296]Cmd: DELETE
[2015.09.04-15.00.50:248][296]Cmd: ACTOR DELETE
[2015.09.04-15.00.50:251][296]LogEditorActor: Deleted Actor: spikes_C
[2015.09.04-15.00.50:281][296]LogEditorActor: Deleted 1 Actors (0.033 secs)
[2015.09.04-15.00.52:063][499]LogEditorViewport: Clicking on Actor (LMB): PaperSpriteActor (tileset_Sprite1149)
[2015.09.04-15.00.52:866][571]Cmd: DELETE
[2015.09.04-15.00.52:866][571]Cmd: ACTOR DELETE
[2015.09.04-15.00.52:869][571]LogEditorActor: Deleted Actor: PaperSpriteActor
[2015.09.04-15.00.52:899][571]LogEditorActor: Deleted 1 Actors (0.033 secs)
[2015.09.04-15.00.54:225][719]LogD3D11RHI: InitD3DDevice
[2015.09.04-15.00.58:885][177]LogEditorViewport: Clicking Background
[2015.09.04-15.00.59:293][223]LogEditorViewport: Clicking on Actor (LMB): PaperSpriteActor (tileset_Sprite1153)
[2015.09.04-15.01.04:044][682]LogEditorViewport: Clicking Background
[2015.09.04-15.01.04:737][759]LogD3D11RHI: InitD3DDevice
[2015.09.04-15.01.05:430][835]LogEditorViewport: Clicking on Actor (LMB): PaperSpriteActor (tileset_Sprite1177)
[2015.09.04-15.01.06:109][897]LogEditorViewport: Clicking Background
[2015.09.04-15.01.44:404][593]LogD3D11RHI: InitD3DDevice
[2015.09.04-15.01.45:810][593]LogD3D11RHI: InitD3DDevice
[2015.09.04-15.01.45:892][593]Cmd: OBJ SAVEPACKAGE PACKAGE="/Game/NPOTG/Maps/Testing_Level" FILE="../../../../Projekte/NotPartofTheGame/Content/NPOTG/Maps/Testing_Level.umap" SILENT=true AUTOSAVING=false KEEPDIRTY=false
[2015.09.04-15.01.46:479][593]LogSavePackage: Save=507.451263ms
[2015.09.04-15.01.46:479][593]LogSavePackage: Moving '../../../../Projekte/NotPartofTheGame/Saved/Testing_Level6BF83695464AE5E8195B30A483580A60.tmp' to '../../../../Projekte/NotPartofTheGame/Content/NPOTG/Maps/Testing_Level.umap'
[2015.09.04-15.01.46:522][593]LogFileHelpers: Saving map 'Testing_Level' took 0.691
[2015.09.04-15.01.46:631][593]LogWindowsTextInputMethodSystem:Display: IME system now deactivated.
[2015.09.04-15.01.46:885][594]Cmd: QUIT_EDITOR
[2015.09.04-15.01.47:167][594]LogExit: Preparing to exit.
[2015.09.04-15.01.48:255][594]LogExit: Editor shut down
[2015.09.04-15.01.48:255][594]LogExit: Transaction tracking system shut down
[2015.09.04-15.01.48:259][594]LogParticles: Destroying 0 GPU particle simulations for FXSystem 0x000000C6474C2980
[2015.09.04-15.01.48:260][594]LogParticles: Destroying 0 GPU particle simulations for FXSystem 0x000000C66462F9C0
[2015.09.04-15.01.48:382][594]LogParticles: Destroying 0 GPU particle simulations for FXSystem 0x000000C6597EB100
[2015.09.04-15.01.48:382][594]LogExit: Object subsystem successfully closed.
[2015.09.04-15.01.48:390][594]LogD3D11RHI: Shutdown
[2015.09.04-15.01.48:390][594]LogD3D11RHI: CleanupD3DDevice
[2015.09.04-15.01.48:496][594]LogD3D11RHI: ~FD3D11DynamicRHI
[2015.09.04-15.01.48:515][594]LogModuleManager: Shutting down and abandoning module CrashTracker (190)
[2015.09.04-15.01.48:515][594]LogModuleManager: Shutting down and abandoning module SceneOutliner (189)
[2015.09.04-15.01.48:515][594]LogModuleManager: Shutting down and abandoning module SuperSearch (188)
[2015.09.04-15.01.48:515][594]LogModuleManager: Shutting down and abandoning module WidgetCarousel (187)
[2015.09.04-15.01.48:515][594]LogModuleManager: Shutting down and abandoning module AddContentDialog (186)
[2015.09.04-15.01.48:515][594]LogModuleManager: Shutting down and abandoning module EditorWidgets (185)
[2015.09.04-15.01.48:515][594]LogModuleManager: Shutting down and abandoning module CollectionManager (184)
[2015.09.04-15.01.48:516][594]LogModuleManager: Shutting down and abandoning module StatsViewer (183)
[2015.09.04-15.01.48:516][594]LogModuleManager: Shutting down and abandoning module FoliageEdit (182)
[2015.09.04-15.01.48:516][594]LogModuleManager: Shutting down and abandoning module LandscapeEditor (181)
[2015.09.04-15.01.48:516][594]LogModuleManager: Shutting down and abandoning module ActorPickerMode (180)
[2015.09.04-15.01.48:516][594]LogModuleManager: Shutting down and abandoning module GeometryMode (179)
[2015.09.04-15.01.48:516][594]LogModuleManager: Shutting down and abandoning module TextureAlignMode (178)
[2015.09.04-15.01.48:516][594]LogModuleManager: Shutting down and abandoning module BspMode (177)
[2015.09.04-15.01.48:516][594]LogModuleManager: Shutting down and abandoning module PlacementMode (176)
[2015.09.04-15.01.48:516][594]LogModuleManager: Shutting down and abandoning module AutomationWorker (175)
[2015.09.04-15.01.48:516][594]LogModuleManager: Shutting down and abandoning module CharacterAI (174)
[2015.09.04-15.01.48:516][594]LogModuleManager: Shutting down and abandoning module SmartSnapping (173)
[2015.09.04-15.01.48:516][594]LogModuleManager: Shutting down and abandoning module ViewportSnapping (172)
[2015.09.04-15.01.48:516][594]LogModuleManager: Shutting down and abandoning module LogVisualizer (171)
[2015.09.04-15.01.48:516][594]LogModuleManager: Shutting down and abandoning module GameProjectGeneration (170)
[2015.09.04-15.01.48:516][594]LogModuleManager: Shutting down and abandoning module IntroTutorials (169)
[2015.09.04-15.01.48:516][594]LogModuleManager: Shutting down and abandoning module EditorLiveStreaming (168)
[2015.09.04-15.01.48:516][594]LogModuleManager: Shutting down and abandoning module IOSPlatformEditor (167)
[2015.09.04-15.01.48:516][594]LogModuleManager: Shutting down and abandoning module HTML5PlatformEditor (166)
[2015.09.04-15.01.48:516][594]LogModuleManager: Shutting down and abandoning module AndroidDeviceDetection (165)
[2015.09.04-15.01.48:807][594]LogModuleManager: Shutting down and abandoning module AndroidPlatformEditor (164)
[2015.09.04-15.01.48:807][594]LogModuleManager: Shutting down and abandoning module IOSRuntimeSettings (163)
[2015.09.04-15.01.48:807][594]LogModuleManager: Shutting down and abandoning module AndroidRuntimeSettings (162)
[2015.09.04-15.01.48:807][594]LogModuleManager: Shutting down and abandoning module MergeActors (161)
[2015.09.04-15.01.48:807][594]LogModuleManager: Shutting down and abandoning module SizeMap (160)
[2015.09.04-15.01.48:807][594]LogModuleManager: Shutting down and abandoning module TreeMap (159)
[2015.09.04-15.01.48:807][594]LogModuleManager: Shutting down and abandoning module ReferenceViewer (158)
[2015.09.04-15.01.48:807][594]LogModuleManager: Shutting down and abandoning module LocalizationDashboard (157)
[2015.09.04-15.01.48:807][594]LogModuleManager: Shutting down and abandoning module HardwareTargeting (156)
[2015.09.04-15.01.48:807][594]LogModuleManager: Shutting down and abandoning module DeviceProfileEditor (155)
[2015.09.04-15.01.48:807][594]LogModuleManager: Shutting down and abandoning module UndoHistory (154)
[2015.09.04-15.01.48:807][594]LogModuleManager: Shutting down and abandoning module GameplayTagsEditor (153)
[2015.09.04-15.01.48:807][594]LogModuleManager: Shutting down and abandoning module UserFeedback (152)
[2015.09.04-15.01.48:807][594]LogModuleManager: Shutting down and abandoning module XmlParser (151)
[2015.09.04-15.01.48:807][594]LogModuleManager: Shutting down and abandoning module Blutility (150)
[2015.09.04-15.01.48:807][594]LogModuleManager: Shutting down and abandoning module ProjectTargetPlatformEditor (149)
[2015.09.04-15.01.48:807][594]LogModuleManager: Shutting down and abandoning module ProjectSettingsViewer (148)
[2015.09.04-15.01.48:807][594]LogModuleManager: Shutting down and abandoning module InputBindingEditor (147)
[2015.09.04-15.01.48:807][594]LogModuleManager: Shutting down and abandoning module EditorSettingsViewer (146)
[2015.09.04-15.01.48:807][594]LogModuleManager: Shutting down and abandoning module SettingsEditor (145)
[2015.09.04-15.01.48:807][594]LogModuleManager: Shutting down and abandoning module ProjectLauncher (144)
[2015.09.04-15.01.48:807][594]LogModuleManager: Shutting down and abandoning module SessionFrontend (143)
[2015.09.04-15.01.48:807][594]LogModuleManager: Shutting down and abandoning module ProfilerClient (142)
[2015.09.04-15.01.48:807][594]LogModuleManager: Shutting down and abandoning module TargetDeviceServices (141)
[2015.09.04-15.01.48:807][594]LogModuleManager: Shutting down and abandoning module DeviceManager (140)
[2015.09.04-15.01.48:807][594]LogModuleManager: Shutting down and abandoning module AutomationController (139)
[2015.09.04-15.01.48:807][594]LogModuleManager: Shutting down and abandoning module AutomationWindow (138)
[2015.09.04-15.01.48:807][594]LogModuleManager: Shutting down and abandoning module Layers (137)
[2015.09.04-15.01.48:808][594]LogModuleManager: Shutting down and abandoning module ComponentVisualizers (136)
[2015.09.04-15.01.48:808][594]LogModuleManager: Shutting down and abandoning module DetailCustomizations (135)
[2015.09.04-15.01.48:808][594]LogModuleManager: Shutting down and abandoning module PackagesDialog (134)
[2015.09.04-15.01.48:808][594]LogModuleManager: Shutting down and abandoning module Persona (133)
[2015.09.04-15.01.48:808][594]LogModuleManager: Shutting down and abandoning module Kismet (132)
[2015.09.04-15.01.48:808][594]LogModuleManager: Shutting down and abandoning module GraphEditor (131)
[2015.09.04-15.01.48:808][594]LogModuleManager: Shutting down and abandoning module ClassViewer (130)
[2015.09.04-15.01.48:808][594]LogModuleManager: Shutting down and abandoning module Toolbox (129)
[2015.09.04-15.01.48:808][594]LogModuleManager: Shutting down and abandoning module ModuleUI (128)
[2015.09.04-15.01.48:808][594]LogModuleManager: Shutting down and abandoning module MovieSceneTools (127)
[2015.09.04-15.01.48:808][594]LogModuleManager: Shutting down and abandoning module OutputLog (126)
[2015.09.04-15.01.48:808][594]LogModuleManager: Shutting down and abandoning module GammaUI (125)
[2015.09.04-15.01.48:808][594]LogModuleManager: Shutting down and abandoning module Documentation (124)
[2015.09.04-15.01.48:808][594]LogModuleManager: Shutting down and abandoning module GameLiveStreaming (123)
[2015.09.04-15.01.48:808][594]LogModuleManager: Shutting down and abandoning module StreamingPauseRendering (122)
[2015.09.04-15.01.48:808][594]LogModuleManager: Shutting down and abandoning module AnalyticsET (121)
[2015.09.04-15.01.48:808][594]LogModuleManager: Shutting down and abandoning module Analytics (120)
[2015.09.04-15.01.48:808][594]LogModuleManager: Shutting down and abandoning module AITestSuite (119)
[2015.09.04-15.01.48:808][594]LogModuleManager: Shutting down and abandoning module GameplayDebugger (118)
[2015.09.04-15.01.48:808][594]LogModuleManager: Shutting down and abandoning module AIModule (117)
[2015.09.04-15.01.48:808][594]LogModuleManager: Shutting down and abandoning module ProfilerService (116)
[2015.09.04-15.01.48:884][594]LogModuleManager: Shutting down and abandoning module TaskGraph (115)
[2015.09.04-15.01.48:884][594]LogModuleManager: Shutting down and abandoning module SubstanceEditor (114)
[2015.09.04-15.01.48:884][594]LogModuleManager: Shutting down and abandoning module SlateRemote (113)
[2015.09.04-15.01.48:884][594]LogModuleManager: Shutting down and abandoning module SteamVRController (112)
[2015.09.04-15.01.48:884][594]LogModuleManager: Shutting down and abandoning module SteamVR (111)
[2015.09.04-15.01.48:884][594]LogModuleManager: Shutting down and abandoning module ProceduralMeshComponent (110)
[2015.09.04-15.01.48:884][594]LogModuleManager: Shutting down and abandoning module OculusRift (109)
[2015.09.04-15.01.48:884][594]LogModuleManager: Shutting down and abandoning module LeapMotionController (108)
[2015.09.04-15.01.48:891][594]LogModuleManager: Shutting down and abandoning module CustomMeshComponent (107)
[2015.09.04-15.01.48:891][594]LogModuleManager: Shutting down and abandoning module CableComponent (106)
[2015.09.04-15.01.48:891][594]LogModuleManager: Shutting down and abandoning module MessagingDebugger (105)
[2015.09.04-15.01.48:891][594]LogModuleManager: Shutting down and abandoning module MediaPlayerEditor (104)
[2015.09.04-15.01.48:891][594]LogModuleManager: Shutting down and abandoning module SpeedTreeImporter (103)
[2015.09.04-15.01.48:891][594]LogModuleManager: Shutting down and abandoning module PluginBrowser (102)
[2015.09.04-15.01.48:891][594]LogModuleManager: Shutting down and abandoning module EpicSurvey (101)
[2015.09.04-15.01.48:891][594]LogModuleManager: Shutting down and abandoning module DesktopPlatform (100)
[2015.09.04-15.01.48:891][594]LogModuleManager: Shutting down and abandoning module VisualStudioSourceCodeAccess (99)
[2015.09.04-15.01.48:891][594]LogModuleManager: Shutting down and abandoning module UObjectPlugin (98)
[2015.09.04-15.01.48:891][594]LogModuleManager: Shutting down and abandoning module SubversionSourceControl (97)
[2015.09.04-15.01.48:891][594]LogModuleManager: Shutting down and abandoning module PerforceSourceControl (96)
[2015.09.04-15.01.48:891][594]LogModuleManager: Shutting down and abandoning module SourceControl (95)
[2015.09.04-15.01.48:891][594]LogModuleManager: Shutting down and abandoning module GitSourceControl (94)
[2015.09.04-15.01.48:891][594]LogModuleManager: Shutting down and abandoning module BlankPlugin (93)
[2015.09.04-15.01.48:891][594]LogModuleManager: Shutting down and abandoning module PaperTiledImporter (92)
[2015.09.04-15.01.48:891][594]LogModuleManager: Shutting down and abandoning module PaperSpriteSheetImporter (91)
[2015.09.04-15.01.48:891][594]LogModuleManager: Shutting down and abandoning module MeshPaint (90)
[2015.09.04-15.01.48:891][594]LogModuleManager: Shutting down and abandoning module SlateReflector (89)
[2015.09.04-15.01.48:891][594]LogModuleManager: Shutting down and abandoning module HotReload (88)
[2015.09.04-15.01.48:892][594]LogModuleManager: Shutting down and abandoning module MainFrame (87)
[2015.09.04-15.01.48:892][594]LogModuleManager: Shutting down and abandoning module LevelEditor (86)
[2015.09.04-15.01.48:892][594]LogModuleManager: Shutting down and abandoning module ContentBrowser (85)
[2015.09.04-15.01.48:893][594]LogModuleManager: Shutting down and abandoning module Paper2DEditor (84)
[2015.09.04-15.01.48:893][594]LogModuleManager: Shutting down and abandoning module UdpMessaging (83)
[2015.09.04-15.01.48:994][594]LogModuleManager: Shutting down and abandoning module DirectoryWatcher (82)
[2015.09.04-15.01.48:994][594]LogModuleManager: Shutting down and abandoning module AssetRegistry (81)
[2015.09.04-15.01.49:087][594]LogModuleManager: Shutting down and abandoning module SubstanceCore (80)
[2015.09.04-15.01.49:087][594]LogModuleManager: Shutting down and abandoning module Paper2D (79)
[2015.09.04-15.01.49:087][594]LogModuleManager: Shutting down and abandoning module WindowsMoviePlayer (78)
[2015.09.04-15.01.49:089][594]LogModuleManager: Shutting down and abandoning module Media (77)
[2015.09.04-15.01.49:089][594]LogModuleManager: Shutting down and abandoning module WmfMedia (76)
[2015.09.04-15.01.49:089][594]LogModuleManager: Shutting down and abandoning module OnlineBlueprintSupport (75)
[2015.09.04-15.01.49:089][594]LogModuleManager: Shutting down and abandoning module PropertyEditor (74)
[2015.09.04-15.01.49:089][594]LogModuleManager: Shutting down and abandoning module BehaviorTreeEditor (73)
[2015.09.04-15.01.49:089][594]LogModuleManager: Shutting down and abandoning module FunctionalTesting (72)
[2015.09.04-15.01.49:089][594]LogModuleManager: Shutting down and abandoning module CollisionAnalyzer (71)
[2015.09.04-15.01.49:089][594]LogModuleManager: Shutting down and abandoning module WorkspaceMenuStructure (70)
[2015.09.04-15.01.49:090][594]LogModuleManager: Shutting down and abandoning module MessageLog (69)
[2015.09.04-15.01.49:090][594]LogModuleManager: Shutting down and abandoning module Sequencer (68)
[2015.09.04-15.01.49:090][594]LogModuleManager: Shutting down and abandoning module AssetTools (67)
[2015.09.04-15.01.49:090][594]LogModuleManager: Shutting down and abandoning module UMGEditor (66)
[2015.09.04-15.01.49:090][594]LogModuleManager: Shutting down and abandoning module UMG (65)
[2015.09.04-15.01.49:090][594]LogModuleManager: Shutting down and abandoning module Slate (64)
[2015.09.04-15.01.49:090][594]LogModuleManager: Shutting down and abandoning module EditorStyle (63)
[2015.09.04-15.01.49:092][594]LogModuleManager: Shutting down and abandoning module SessionServices (62)
[2015.09.04-15.01.49:092][594]LogModuleManager: Shutting down and abandoning module SourceCodeAccess (61)
[2015.09.04-15.01.49:092][594]LogModuleManager: Shutting down and abandoning module HeadMountedDisplay (60)
[2015.09.04-15.01.49:092][594]LogModuleManager: Shutting down and abandoning module XAudio2 (59)
[2015.09.04-15.01.49:092][594]LogModuleManager: Shutting down and abandoning module Networking (57)
[2015.09.04-15.01.49:092][594]LogModuleManager: Shutting down and abandoning module Core (56)
[2015.09.04-15.01.49:092][594]LogModuleManager: Shutting down and abandoning module KismetCompiler (55)
[2015.09.04-15.01.49:092][594]LogModuleManager: Shutting down and abandoning module PhysXFormats (54)
[2015.09.04-15.01.49:092][594]LogModuleManager: Shutting down and abandoning module MeshUtilities (53)
[2015.09.04-15.01.49:092][594]LogModuleManager: Shutting down and abandoning module DerivedDataCache (52)
[2015.09.04-15.01.49:143][594]LogDerivedDataCache: Shutdown
[2015.09.04-15.01.49:143][594]LogModuleManager: Shutting down and abandoning module ShaderFormatOpenGL (51)
[2015.09.04-15.01.49:143][594]LogModuleManager: Shutting down and abandoning module ShaderFormatD3D (50)
[2015.09.04-15.01.49:143][594]LogModuleManager: Shutting down and abandoning module MetalShaderFormat (49)
[2015.09.04-15.01.49:143][594]LogModuleManager: Shutting down and abandoning module TextureFormatUncompressed (48)
[2015.09.04-15.01.49:143][594]LogModuleManager: Shutting down and abandoning module TextureFormatPVR (47)
[2015.09.04-15.01.49:143][594]LogModuleManager: Shutting down and abandoning module TextureFormatIntelISPCTexComp (46)
[2015.09.04-15.01.49:143][594]LogModuleManager: Shutting down and abandoning module TextureFormatDXT (45)
[2015.09.04-15.01.49:143][594]LogModuleManager: Shutting down and abandoning module ImageWrapper (44)
[2015.09.04-15.01.49:143][594]LogModuleManager: Shutting down and abandoning module TextureFormatASTC (43)
[2015.09.04-15.01.49:143][594]LogModuleManager: Shutting down and abandoning module TextureFormatAndroid (42)
[2015.09.04-15.01.49:143][594]LogModuleManager: Shutting down and abandoning module AudioFormatOpus (41)
[2015.09.04-15.01.49:143][594]LogModuleManager: Shutting down and abandoning module AudioFormatOgg (40)
[2015.09.04-15.01.49:143][594]LogModuleManager: Shutting down and abandoning module AudioFormatADPCM (39)
[2015.09.04-15.01.49:143][594]LogModuleManager: Shutting down and abandoning module LinuxTargetPlatform (38)
[2015.09.04-15.01.49:143][594]LogModuleManager: Shutting down and abandoning module LinuxServerTargetPlatform (37)
[2015.09.04-15.01.49:143][594]LogModuleManager: Shutting down and abandoning module LinuxNoEditorTargetPlatform (36)
[2015.09.04-15.01.49:143][594]LogModuleManager: Shutting down and abandoning module Messaging (35)
[2015.09.04-15.01.49:143][594]LogModuleManager: Shutting down and abandoning module IOSTargetPlatform (34)
[2015.09.04-15.01.49:143][594]LogModuleManager: Shutting down and abandoning module HTML5TargetPlatform (33)
[2015.09.04-15.01.49:143][594]LogModuleManager: Shutting down and abandoning module Android_PVRTCTargetPlatform (32)
[2015.09.04-15.01.49:143][594]LogModuleManager: Shutting down and abandoning module Android_ETC2TargetPlatform (31)
[2015.09.04-15.01.49:143][594]LogModuleManager: Shutting down and abandoning module Android_ETC1TargetPlatform (30)
[2015.09.04-15.01.49:143][594]LogModuleManager: Shutting down and abandoning module Android_DXTTargetPlatform (29)
[2015.09.04-15.01.49:143][594]LogModuleManager: Shutting down and abandoning module Android_ATCTargetPlatform (28)
[2015.09.04-15.01.49:143][594]LogModuleManager: Shutting down and abandoning module Android_ASTCTargetPlatform (27)
[2015.09.04-15.01.49:143][594]LogModuleManager: Shutting down and abandoning module AndroidTargetPlatform (26)
[2015.09.04-15.01.49:143][594]LogModuleManager: Shutting down and abandoning module WindowsTargetPlatform (25)
[2015.09.04-15.01.49:143][594]LogModuleManager: Shutting down and abandoning module WindowsServerTargetPlatform (24)
[2015.09.04-15.01.49:143][594]LogModuleManager: Shutting down and abandoning module WindowsNoEditorTargetPlatform (23)
[2015.09.04-15.01.49:143][594]LogModuleManager: Shutting down and abandoning module WindowsClientTargetPlatform (22)
[2015.09.04-15.01.49:143][594]LogModuleManager: Shutting down and abandoning module DesktopTargetPlatform (21)
[2015.09.04-15.01.49:143][594]LogModuleManager: Shutting down and abandoning module TargetPlatform (20)
[2015.09.04-15.01.49:143][594]LogModuleManager: Shutting down and abandoning module InputCore (19)
[2015.09.04-15.01.49:143][594]LogModuleManager: Shutting down and abandoning module Settings (18)
[2015.09.04-15.01.49:143][594]LogModuleManager: Shutting down and abandoning module OnlineSubsystem (16)
[2015.09.04-15.01.49:143][594]LogModuleManager: Shutting down and abandoning module HTTP (15)
[2015.09.04-15.01.49:143][594]LogModuleManager: Shutting down and abandoning module ExampleDeviceProfileSelector (14)
[2015.09.04-15.01.49:143][594]LogModuleManager: Shutting down and abandoning module TextureCompressor (13)
[2015.09.04-15.01.49:144][594]LogModuleManager: Shutting down and abandoning module ShaderCore (12)
[2015.09.04-15.01.49:144][594]LogModuleManager: Shutting down and abandoning module Landscape (11)
[2015.09.04-15.01.49:144][594]LogModuleManager: Shutting down and abandoning module SlateRHIRenderer (10)
[2015.09.04-15.01.49:146][594]LogModuleManager: Shutting down and abandoning module OpenGLDrv (9)
[2015.09.04-15.01.49:146][594]LogModuleManager: Shutting down and abandoning module D3D11RHI (8)
[2015.09.04-15.01.49:146][594]LogModuleManager: Shutting down and abandoning module Renderer (7)
[2015.09.04-15.01.49:146][594]LogModuleManager: Shutting down and abandoning module Engine (6)
[2015.09.04-15.01.49:146][594]LogModuleManager: Shutting down and abandoning module CoreUObject (5)
[2015.09.04-15.01.49:146][594]LogModuleManager: Shutting down and abandoning module NetworkFile (4)
[2015.09.04-15.01.49:146][594]LogModuleManager: Shutting down and abandoning module StreamingFile (3)
[2015.09.04-15.01.49:146][594]LogModuleManager: Shutting down and abandoning module SandboxFile (2)
[2015.09.04-15.01.49:147][594]LogModuleManager: Shutting down and abandoning module PakFile (1)
[2015.09.04-15.01.49:148][594]LogExit: Exiting.
[2015.09.04-15.01.49:149][594]Log file closed, 09/04/15 17:01:49
