[2015.08.27-20.59.07:483][  0]Log file open, 08/27/15 22:59:07
[2015.08.27-20.59.07:483][  0]LogInit:Display: Running engine for game: NotPartofGame
[2015.08.27-20.59.07:483][  0]LogInit:Display: RandInit(23883123) SRandInit(23883123).
[2015.08.27-20.59.07:483][  0]LogTaskGraph: Started task graph with 4 named threads and 7 total threads.
[2015.08.27-20.59.07:483][  0]LogStats: Stats thread started
[2015.08.27-20.59.07:483][  0]LogInit: Version: 4.8.3-2634408+++depot+UE4-Releases+4.8
[2015.08.27-20.59.07:483][  0]LogInit: API Version: 2579680
[2015.08.27-20.59.07:483][  0]LogInit: Compiled (64-bit): Jul 27 2015 16:24:33
[2015.08.27-20.59.07:483][  0]LogInit: Compiled with Visual C++: 18.00.21005.01
[2015.08.27-20.59.07:483][  0]LogInit: Build Configuration: Development
[2015.08.27-20.59.07:483][  0]LogInit: Branch Name: ++depot+UE4-Releases+4.8
[2015.08.27-20.59.07:483][  0]LogInit: Command line:  /Temp/Autosaves/Game/NPOTG/Maps/UEDPCTesting_Level -game -PIEVIACONSOLE -ResX=1280 -ResY=720  -Multiprocess 
[2015.08.27-20.59.07:483][  0]LogInit: Base directory: C:/Users/Bodoo/Documents/Programmieren/4.8/Engine/Binaries/Win64/
[2015.08.27-20.59.07:483][  0]LogInit: Rocket: 1
[2015.08.27-20.59.07:504][  0]LogInit: Using libcurl 7.41.0
[2015.08.27-20.59.07:504][  0]LogInit:  - built for x86_64-pc-win32
[2015.08.27-20.59.07:504][  0]LogInit:  - supports SSL with WinSSL
[2015.08.27-20.59.07:504][  0]LogInit:  - other features:
[2015.08.27-20.59.07:504][  0]LogInit:      CURL_VERSION_SSL
[2015.08.27-20.59.07:504][  0]LogInit:      CURL_VERSION_IPV6
[2015.08.27-20.59.07:504][  0]LogInit:      CURL_VERSION_ASYNCHDNS
[2015.08.27-20.59.07:504][  0]LogInit:      CURL_VERSION_LARGEFILE
[2015.08.27-20.59.07:504][  0]LogInit:      CURL_VERSION_IDN
[2015.08.27-20.59.07:504][  0]LogInit:  CurlRequestOptions (configurable via config and command line):
[2015.08.27-20.59.07:504][  0]LogInit:  - bVerifyPeer = true  - Libcurl will verify peer certificate
[2015.08.27-20.59.07:504][  0]LogInit:  - bUseHttpProxy = false  - Libcurl will NOT use HTTP proxy
[2015.08.27-20.59.07:504][  0]LogInit:  - bDontReuseConnections = false  - Libcurl will reuse connections
[2015.08.27-20.59.07:504][  0]LogInit:  - CertBundlePath = nullptr  - Libcurl will use whatever was configured at build time.
[2015.08.27-20.59.07:519][  0]LogOnline:Warning: No default platform service specified for OnlineSubsystem
[2015.08.27-20.59.07:541][  0]LogInit: Presizing for 0 objects not considered by GC, pre-allocating 0 bytes.
[2015.08.27-20.59.07:551][  0]LogInit: Object subsystem initialized
[2015.08.27-20.59.07:552][  0]LogConsoleResponse:Warning: Skipping Unknown console variable: 'UIScaleCurve = (EditorCurveData=(Keys=((Time=480.000000,Value=0.444000),(Time=720.000000,Value=0.666000),(Time=1080.000000,Value=1.000000),(Time=8640.000000,Value=8.000000))),ExternalCurve=None)'
[2015.08.27-20.59.07:552][  0]LogConsoleResponse:Warning:   Found in ini file 'C:/Users/Bodoo/Documents/Programmieren/Projekte/NotPartofTheGame/Saved/Config/Windows/Engine.ini', in section '[/Script/Engine.RendererSettings]'
[2015.08.27-20.59.07:552][  0]LogConsoleManager:Warning: Console variable 'r.MSAA.CompositingSampleCount' wasn't set ('Scalability' has a lower priority than 'ProjectSetting')
[2015.08.27-20.59.07:552][  0]LogInit: Selected Device Profile: [Windows]
[2015.08.27-20.59.07:552][  0]LogInit: Applying CVar settings loaded from the selected device profile: [Windows]
[2015.08.27-20.59.07:555][  0]LogInit: Computer: DESKTOP-GLF6O4V
[2015.08.27-20.59.07:555][  0]LogInit: User: Bodoo
[2015.08.27-20.59.07:556][  0]LogInit: CPU Page size=4096, Cores=4
[2015.08.27-20.59.07:556][  0]LogInit: High frequency timer resolution =3.215356 MHz
[2015.08.27-20.59.07:556][  0]LogMemory: Memory total: Physical=12.0GB (12GB approx)
[2015.08.27-20.59.07:556][  0]LogMemory: Platform Memory Stats for Windows
[2015.08.27-20.59.07:556][  0]LogMemory: Process Physical Memory: 49.69 MB used, 49.69 MB peak
[2015.08.27-20.59.07:556][  0]LogMemory: Process Virtual Memory: 24.79 MB used, 24.79 MB peak
[2015.08.27-20.59.07:558][  0]LogMemory: Physical Memory: 4046.44 MB used, 12270.70 MB total
[2015.08.27-20.59.07:558][  0]LogMemory: Virtual Memory: 312.55 MB used, 134217728.00 MB total
[2015.08.27-20.59.07:586][  0]LogTextLocalizationManager: The requested culture ('de_DE') has no localization data; falling back to 'en' for localization and internationalization data.
[2015.08.27-20.59.07:861][  0]LogTextLocalizationManager:Warning: Loaded localization resources contain conflicting entries for (Namespace:ContentBrowser, Key:ImportAssetToolTip):
Localization Resource: (C:/Users/Bodoo/Documents/Programmieren/4.8/Engine/Content/Localization/Editor/en/Editor.locres) Source String Hash: (-630476809) Localized String: (Import to {0}...)
Localization Resource: (C:/Users/Bodoo/Documents/Programmieren/4.8/Engine/Content/Localization/Editor/en/Editor.locres) Source String Hash: (1271782899) Localized String: (Imports an asset from file to this folder.)
[2015.08.27-20.59.08:214][  0]LogD3D11RHI: Found D3D11 adapter 0: AMD Radeon HD 6800 Series (Feature Level 11_0)
[2015.08.27-20.59.08:214][  0]LogD3D11RHI: Adapter has 1011MB of dedicated video memory, 0MB of dedicated system memory, and 3840MB of shared system memory, 1 output[s]
[2015.08.27-20.59.08:216][  0]LogD3D11RHI: Found D3D11 adapter 1: Microsoft Basic Render Driver (Feature Level 11_0)
[2015.08.27-20.59.08:216][  0]LogD3D11RHI: Adapter has 0MB of dedicated video memory, 0MB of dedicated system memory, and 6135MB of shared system memory, 0 output[s]
[2015.08.27-20.59.08:216][  0]LogD3D11RHI: Chosen D3D11 Adapter Id = 0
[2015.08.27-20.59.08:218][  0]LogD3D11RHI: InitD3DDevice
[2015.08.27-20.59.08:218][  0]LogD3D11RHI: !Direct3DDevice
[2015.08.27-20.59.08:218][  0]LogRHI: Texture pool is 708 MB (70% of 1011 MB)
[2015.08.27-20.59.08:225][  0]LogD3D11RHI: Async texture creation disabled: no driver support
[2015.08.27-20.59.08:235][  0]LogShaderCompilers:Display: Using Local Shader Compiler.
[2015.08.27-20.59.09:050][  0]LogTemp:Display: Loaded TP DesktopTargetPlatform
[2015.08.27-20.59.09:065][  0]LogTemp:Display: Loaded TP WindowsClientTargetPlatform
[2015.08.27-20.59.09:080][  0]LogTemp:Display: Loaded TP WindowsNoEditorTargetPlatform
[2015.08.27-20.59.09:096][  0]LogTemp:Display: Loaded TP WindowsServerTargetPlatform
[2015.08.27-20.59.09:113][  0]LogTemp:Display: Loaded TP WindowsTargetPlatform
[2015.08.27-20.59.09:127][  0]LogTemp:Display: Loaded TP AndroidTargetPlatform
[2015.08.27-20.59.09:141][  0]LogTemp:Display: Loaded TP Android_ASTCTargetPlatform
[2015.08.27-20.59.09:155][  0]LogTemp:Display: Loaded TP Android_ATCTargetPlatform
[2015.08.27-20.59.09:168][  0]LogTemp:Display: Loaded TP Android_DXTTargetPlatform
[2015.08.27-20.59.09:182][  0]LogTemp:Display: Loaded TP Android_ETC1TargetPlatform
[2015.08.27-20.59.09:196][  0]LogTemp:Display: Loaded TP Android_ETC2TargetPlatform
[2015.08.27-20.59.09:210][  0]LogTemp:Display: Loaded TP Android_PVRTCTargetPlatform
[2015.08.27-20.59.09:261][  0]LogTemp:Display: Loaded TP IOSTargetPlatform
[2015.08.27-20.59.09:274][  0]LogTemp:Display: Loaded TP LinuxNoEditorTargetPlatform
[2015.08.27-20.59.09:287][  0]LogTemp:Display: Loaded TP LinuxServerTargetPlatform
[2015.08.27-20.59.09:303][  0]LogTemp:Display: Loaded TP LinuxTargetPlatform
[2015.08.27-20.59.09:303][  0]LogTargetPlatformManager:Display: Building Assets For Windows
[2015.08.27-20.59.09:525][  0]LogDerivedDataCache:Display: Max Cache Size: 512 MB
[2015.08.27-20.59.09:587][  0]LogDerivedDataCache: Loaded boot cache 0.06s 53MB C:/Users/Bodoo/AppData/Local/UnrealEngine/4.8/DerivedDataCache/Boot.ddc.
[2015.08.27-20.59.09:587][  0]LogDerivedDataCache:Display: Loaded Boot cache: C:/Users/Bodoo/AppData/Local/UnrealEngine/4.8/DerivedDataCache/Boot.ddc
[2015.08.27-20.59.09:587][  0]LogDerivedDataCache: FDerivedDataBackendGraph:  Pak pak cache file ../../../../Projekte/NotPartofTheGame/DerivedDataCache/DDC.ddp not found, will not use a pak cache.
[2015.08.27-20.59.09:587][  0]LogDerivedDataCache: Unable to find inner node Pak for hierarchical cache Hierarchy.
[2015.08.27-20.59.09:587][  0]LogDerivedDataCache: FDerivedDataBackendGraph:  CompressedPak pak cache file ../../../../Projekte/NotPartofTheGame/DerivedDataCache/Compressed.ddp not found, will not use a pak cache.
[2015.08.27-20.59.09:587][  0]LogDerivedDataCache: Unable to find inner node CompressedPak for hierarchical cache Hierarchy.
[2015.08.27-20.59.09:743][  0]LogDerivedDataCache:Display: Pak cache opened for reading ../../../Engine/DerivedDataCache/Compressed.ddp.
[2015.08.27-20.59.09:755][  0]LogDerivedDataCache: Using Local data cache path C:/Users/Bodoo/AppData/Local/UnrealEngine/Common/DerivedDataCache: Writable
[2015.08.27-20.59.09:995][  0]LogInit: Selected Device Profile: [Windows]
[2015.08.27-20.59.10:082][  0]ImportText (ComponentSweepMultiTests): Missing closing parenthesis: (RootShapeAsset="/Engine/BasicShapes/Cube.Cube",ShapeType="TriggerCapsule",HitResult=(Time=0.50,Location=(X=-100.000015,Y=0.0,Z=100.000015),ImpactPoint=(X=-50.0,Y=0.0,Z=50.0),Normal=(X=-1.0,Y=-0.0,Z=0.0),ImpactNormal=(X=0.0,Y=0.0,Z=1.0),TraceStart=(X=-200.0,Y=0.0,Z=200.0),TraceEnd=(X=0.0,Y=0.0,Z=0.0))
[2015.08.27-20.59.10:082][  0]ImportText (LineTraceSingleByChannelTests): Missing closing parenthesis: (RootShapeAsset="/Engine/BasicShapes/Cube.Cube",HitResult=(Time=0.50,Location=(X=-100.000015,Y=0.0,Z=100.000015),ImpactPoint=(X=-50.0,Y=0.0,Z=50.0),Normal=(X=-1.0,Y=-0.0,Z=0.0),ImpactNormal=(X=0.0,Y=0.0,Z=1.0),TraceStart=(X=-200.0,Y=0.0,Z=200.0),TraceEnd=(X=0.0,Y=0.0,Z=0.0))
[2015.08.27-20.59.10:111][  0]LogMeshUtilities: No automatic mesh reduction module available
[2015.08.27-20.59.10:111][  0]LogMeshUtilities: No automatic mesh merging module available
[2015.08.27-20.59.10:403][  0]LogInit: WinSock: version 1.1 (2.2), MaxSocks=32767, MaxUdp=65467
[2015.08.27-20.59.10:866][  0]LogD3D11RHI: InitD3DDevice
[2015.08.27-20.59.10:870][  0]LogWindowsMoviePlayer: Unable to load movie: ../../../../Projekte/NotPartofTheGame/Content/Movies/Default_Startup.mp4
[2015.08.27-20.59.11:013][  0]LogAssetRegistry: FAssetRegistry took 0.0001 seconds to start up
[2015.08.27-20.59.11:060][  0]SourceControl: Info Source control is disabled
[2015.08.27-20.59.11:060][  0]SourceControl: Info Source control is disabled
[2015.08.27-20.59.11:071][  0]SourceControl: Info Source control is disabled
[2015.08.27-20.59.11:264][  0]LogObj: 25913 objects as part of root set at end of initial load.
[2015.08.27-20.59.11:264][  0]LogUObjectAllocator: 5218488 out of 0 bytes used by permanent object pool.
[2015.08.27-20.59.11:335][  0]LogAutomationTest:Warning: ERR: Transient text cannot be serialized "Testing Transient serialization detection".
[2015.08.27-20.59.11:335][  0]LogEngine: Initializing Engine...
[2015.08.27-20.59.11:337][  0]LogHMD: Can't find Oculus library dev build: is proper Runtime installed? Version: 0.6.0.0
[2015.08.27-20.59.11:338][  0]LogHMD:Warning: SteamVR failed to initialize.  Error: 110
[2015.08.27-20.59.11:430][  0]LogInit: XAudio2 using 'Lautsprecher (G510s Gaming Keyboard)' : 2 channels at 48 kHz using 16 bits per sample (channel mask 0x3)
[2015.08.27-20.59.11:437][  0]LogInit: FAudioDevice initialized.
[2015.08.27-20.59.11:446][  0]LogInit: Texture streaming: Disabled
[2015.08.27-20.59.11:513][  0]LogNet: Browse: /Temp/Autosaves/Game/NPOTG/Maps/UEDPCTesting_Level?Name=Player
[2015.08.27-20.59.11:513][  0]LogLoad: LoadMap: /Temp/Autosaves/Game/NPOTG/Maps/UEDPCTesting_Level?Name=Player
[2015.08.27-20.59.11:524][  0]LogParticles: Destroying 0 GPU particle simulations for FXSystem 0x000000C9B2323560
[2015.08.27-20.59.11:532][  0]LogMemory: Platform Memory Stats for Windows
[2015.08.27-20.59.11:532][  0]LogMemory: Process Physical Memory: 332.76 MB used, 332.76 MB peak
[2015.08.27-20.59.11:532][  0]LogMemory: Process Virtual Memory: 370.34 MB used, 370.34 MB peak
[2015.08.27-20.59.11:532][  0]LogMemory: Physical Memory: 4277.26 MB used, 12270.70 MB total
[2015.08.27-20.59.11:532][  0]LogMemory: Virtual Memory: 888.28 MB used, 134217728.00 MB total
[2015.08.27-20.59.11:532][  0]LogMemory: 
[2015.08.27-20.59.11:532][  0]Allocator Stats for TBB: (not implemented)
[2015.08.27-20.59.12:472][  0]LogProperty:Warning: ERR: Transient text cannot be serialized "NewRotation Roll".
[2015.08.27-20.59.12:472][  0]LogProperty:Warning: ERR: Transient text cannot be serialized "NewRotation Yaw".
[2015.08.27-20.59.12:472][  0]LogProperty:Warning: ERR: Transient text cannot be serialized "NewRotation Pitch".
[2015.08.27-20.59.12:472][  0]LogProperty:Warning: ERR: Transient text cannot be serialized "NewRotation Roll".
[2015.08.27-20.59.12:472][  0]LogProperty:Warning: ERR: Transient text cannot be serialized "NewRotation Yaw".
[2015.08.27-20.59.12:472][  0]LogProperty:Warning: ERR: Transient text cannot be serialized "NewRotation Pitch".
[2015.08.27-20.59.12:526][  0]LogProperty:Warning: ERR: Transient text cannot be serialized "NewRotation Roll".
[2015.08.27-20.59.12:526][  0]LogProperty:Warning: ERR: Transient text cannot be serialized "NewRotation Yaw".
[2015.08.27-20.59.12:526][  0]LogProperty:Warning: ERR: Transient text cannot be serialized "NewRotation Pitch".
[2015.08.27-20.59.12:526][  0]LogProperty:Warning: ERR: Transient text cannot be serialized "NewRotation Roll".
[2015.08.27-20.59.12:526][  0]LogProperty:Warning: ERR: Transient text cannot be serialized "NewRotation Yaw".
[2015.08.27-20.59.12:526][  0]LogProperty:Warning: ERR: Transient text cannot be serialized "NewRotation Pitch".
[2015.08.27-20.59.13:413][  0]LogAIModule: Creating AISystem for world Testing_Level
[2015.08.27-20.59.13:413][  0]LogWorld: Game class is '2DSideScrollerGameMode_C'
[2015.08.27-20.59.13:469][  0]LogWorld: Bringing World /Temp/Autosaves/Game/NPOTG/Maps/UEDPCTesting_Level.Testing_Level up for play (max tick rate 0) at 2015.08.27-22.59.13
[2015.08.27-20.59.13:480][  0]LogWorld: Bringing up level for play took: 0.065230
[2015.08.27-20.59.13:484][  0]LogInit:Display: Game Engine Initialized.
[2015.08.27-20.59.13:709][  0]LogLoad: Full Startup: 7.93 seconds (BP compile: 1.00 seconds)
[2015.08.27-20.59.13:728][  0]LogContentStreaming: Texture pool size is 1000.000000MB
[2015.08.27-20.59.13:862][  0]LogRenderer: Reallocating scene render targets to support 1280x720 (Frame:2).
[2015.08.27-20.59.16:696][169]LogBlueprintUserMessages: 0.990097
[2015.08.27-20.59.16:696][169]LogBlueprintUserMessages: 0.990097
[2015.08.27-20.59.16:696][169]LogBlueprintUserMessages: 0.990097
[2015.08.27-20.59.16:697][169]LogBlueprintUserMessages: 0.990097
[2015.08.27-20.59.16:697][169]LogBlueprintUserMessages: 0.990097
[2015.08.27-20.59.16:712][170]LogBlueprintUserMessages: 0.995473
[2015.08.27-20.59.16:712][170]LogBlueprintUserMessages: 0.995473
[2015.08.27-20.59.16:712][170]LogBlueprintUserMessages: 0.995473
[2015.08.27-20.59.16:712][170]LogBlueprintUserMessages: 0.995473
[2015.08.27-20.59.16:712][170]LogBlueprintUserMessages: 0.995473
[2015.08.27-20.59.16:728][171]LogBlueprintUserMessages: 0.99915
[2015.08.27-20.59.16:728][171]LogBlueprintUserMessages: 0.99915
[2015.08.27-20.59.16:728][171]LogBlueprintUserMessages: 0.99915
[2015.08.27-20.59.16:728][171]LogBlueprintUserMessages: 0.99915
[2015.08.27-20.59.16:729][171]LogBlueprintUserMessages: 0.99915
[2015.08.27-20.59.16:744][172]LogBlueprintUserMessages: 0.993774
[2015.08.27-20.59.16:745][172]LogBlueprintUserMessages: 0.993774
[2015.08.27-20.59.16:745][172]LogBlueprintUserMessages: 0.993774
[2015.08.27-20.59.16:745][172]LogBlueprintUserMessages: 0.993774
[2015.08.27-20.59.16:745][172]LogBlueprintUserMessages: 0.993774
[2015.08.27-20.59.19:704][355]LogBlueprintUserMessages: 0.007411
[2015.08.27-20.59.19:704][355]LogBlueprintUserMessages: 0.007411
[2015.08.27-20.59.19:704][355]LogBlueprintUserMessages: 0.007411
[2015.08.27-20.59.19:704][355]LogBlueprintUserMessages: 0.007411
[2015.08.27-20.59.19:704][355]LogBlueprintUserMessages: 0.007411
[2015.08.27-20.59.19:720][356]LogBlueprintUserMessages: 0.002035
[2015.08.27-20.59.19:720][356]LogBlueprintUserMessages: 0.002035
[2015.08.27-20.59.19:720][356]LogBlueprintUserMessages: 0.002035
[2015.08.27-20.59.19:720][356]LogBlueprintUserMessages: 0.002035
[2015.08.27-20.59.19:720][356]LogBlueprintUserMessages: 0.002035
[2015.08.27-20.59.19:736][357]LogBlueprintUserMessages: 0.0
[2015.08.27-20.59.19:736][357]LogBlueprintUserMessages: 0.0
[2015.08.27-20.59.19:736][357]LogBlueprintUserMessages: 0.003341
[2015.08.27-20.59.19:736][357]LogBlueprintUserMessages: 0.0
[2015.08.27-20.59.19:736][357]LogBlueprintUserMessages: 0.0
[2015.08.27-20.59.19:736][357]LogBlueprintUserMessages: 0.003341
[2015.08.27-20.59.19:736][357]LogBlueprintUserMessages: 0.0
[2015.08.27-20.59.19:736][357]LogBlueprintUserMessages: 0.0
[2015.08.27-20.59.19:736][357]LogBlueprintUserMessages: 0.003341
[2015.08.27-20.59.19:736][357]LogBlueprintUserMessages: 0.0
[2015.08.27-20.59.19:736][357]LogBlueprintUserMessages: 0.0
[2015.08.27-20.59.19:736][357]LogBlueprintUserMessages: 0.003341
[2015.08.27-20.59.19:736][357]LogBlueprintUserMessages: 0.0
[2015.08.27-20.59.19:736][357]LogBlueprintUserMessages: 0.0
[2015.08.27-20.59.19:737][357]LogBlueprintUserMessages: 0.003341
[2015.08.27-20.59.19:752][358]LogBlueprintUserMessages: 0.008718
[2015.08.27-20.59.19:752][358]LogBlueprintUserMessages: 0.008718
[2015.08.27-20.59.19:752][358]LogBlueprintUserMessages: 0.008718
[2015.08.27-20.59.19:752][358]LogBlueprintUserMessages: 0.008718
[2015.08.27-20.59.19:752][358]LogBlueprintUserMessages: 0.008718
[2015.08.27-20.59.22:703][541]LogBlueprintUserMessages: 0.992619
[2015.08.27-20.59.22:704][541]LogBlueprintUserMessages: 0.992619
[2015.08.27-20.59.22:704][541]LogBlueprintUserMessages: 0.992619
[2015.08.27-20.59.22:704][541]LogBlueprintUserMessages: 0.992619
[2015.08.27-20.59.22:704][541]LogBlueprintUserMessages: 0.992619
[2015.08.27-20.59.22:720][542]LogBlueprintUserMessages: 0.997996
[2015.08.27-20.59.22:720][542]LogBlueprintUserMessages: 0.997996
[2015.08.27-20.59.22:720][542]LogBlueprintUserMessages: 0.997996
[2015.08.27-20.59.22:720][542]LogBlueprintUserMessages: 0.997996
[2015.08.27-20.59.22:720][542]LogBlueprintUserMessages: 0.997996
[2015.08.27-20.59.22:736][543]LogBlueprintUserMessages: 0.996628
[2015.08.27-20.59.22:736][543]LogBlueprintUserMessages: 0.996628
[2015.08.27-20.59.22:736][543]LogBlueprintUserMessages: 0.996628
[2015.08.27-20.59.22:736][543]LogBlueprintUserMessages: 0.996628
[2015.08.27-20.59.22:736][543]LogBlueprintUserMessages: 0.996628
[2015.08.27-20.59.22:752][544]LogBlueprintUserMessages: 0.991252
[2015.08.27-20.59.22:752][544]LogBlueprintUserMessages: 0.991252
[2015.08.27-20.59.22:752][544]LogBlueprintUserMessages: 0.991252
[2015.08.27-20.59.22:752][544]LogBlueprintUserMessages: 0.991252
[2015.08.27-20.59.22:752][544]LogBlueprintUserMessages: 0.991252
[2015.08.27-20.59.23:575][595]LogBlueprintUserMessages: 0.990322
[2015.08.27-20.59.23:575][595]LogBlueprintUserMessages: 0.990322
[2015.08.27-20.59.23:575][595]LogBlueprintUserMessages: 0.980645
[2015.08.27-20.59.23:591][596]LogBlueprintUserMessages: 0.970967
[2015.08.27-20.59.23:607][597]LogBlueprintUserMessages: 0.96129
[2015.08.27-20.59.23:623][598]LogBlueprintUserMessages: 0.951612
[2015.08.27-20.59.23:639][599]LogBlueprintUserMessages: 0.941935
[2015.08.27-20.59.23:655][600]LogBlueprintUserMessages: 0.932257
[2015.08.27-20.59.23:672][601]LogBlueprintUserMessages: 0.92258
[2015.08.27-20.59.23:688][602]LogBlueprintUserMessages: 0.912902
[2015.08.27-20.59.23:704][603]LogBlueprintUserMessages: 0.903225
[2015.08.27-20.59.23:720][604]LogBlueprintUserMessages: 0.893547
[2015.08.27-20.59.23:736][605]LogBlueprintUserMessages: 0.88387
[2015.08.27-20.59.23:752][606]LogBlueprintUserMessages: 0.874192
[2015.08.27-20.59.23:768][607]LogBlueprintUserMessages: 0.864515
[2015.08.27-20.59.23:784][608]LogBlueprintUserMessages: 0.854837
[2015.08.27-20.59.23:800][609]LogBlueprintUserMessages: 0.84516
[2015.08.27-20.59.23:817][610]LogBlueprintUserMessages: 0.835482
[2015.08.27-20.59.23:833][611]LogBlueprintUserMessages: 0.825805
[2015.08.27-20.59.23:849][612]LogBlueprintUserMessages: 0.816127
[2015.08.27-20.59.23:865][613]LogBlueprintUserMessages: 0.80645
[2015.08.27-20.59.23:881][614]LogBlueprintUserMessages: 0.796772
[2015.08.27-20.59.23:897][615]LogBlueprintUserMessages: 0.787095
[2015.08.27-20.59.23:913][616]LogBlueprintUserMessages: 0.777417
[2015.08.27-20.59.23:929][617]LogBlueprintUserMessages: 0.767736
[2015.08.27-20.59.23:945][618]LogBlueprintUserMessages: 0.758058
[2015.08.27-20.59.23:962][619]LogBlueprintUserMessages: 0.748381
[2015.08.27-20.59.23:978][620]LogBlueprintUserMessages: 0.738703
[2015.08.27-20.59.23:994][621]LogBlueprintUserMessages: 0.729026
[2015.08.27-20.59.24:010][622]LogBlueprintUserMessages: 0.719348
[2015.08.27-20.59.24:026][623]LogBlueprintUserMessages: 0.709671
[2015.08.27-20.59.24:042][624]LogBlueprintUserMessages: 0.699993
[2015.08.27-20.59.24:058][625]LogBlueprintUserMessages: 0.690316
[2015.08.27-20.59.24:074][626]LogBlueprintUserMessages: 0.680638
[2015.08.27-20.59.24:091][627]LogBlueprintUserMessages: 0.670961
[2015.08.27-20.59.24:107][628]LogBlueprintUserMessages: 0.661283
[2015.08.27-20.59.24:123][629]LogBlueprintUserMessages: 0.651595
[2015.08.27-20.59.24:139][630]LogBlueprintUserMessages: 0.641918
[2015.08.27-20.59.24:155][631]LogBlueprintUserMessages: 0.63224
[2015.08.27-20.59.24:171][632]LogBlueprintUserMessages: 0.622563
[2015.08.27-20.59.24:187][633]LogBlueprintUserMessages: 0.612885
[2015.08.27-20.59.24:203][634]LogBlueprintUserMessages: 0.603208
[2015.08.27-20.59.24:220][635]LogBlueprintUserMessages: 0.59353
[2015.08.27-20.59.24:236][636]LogBlueprintUserMessages: 0.583853
[2015.08.27-20.59.24:252][637]LogBlueprintUserMessages: 0.574175
[2015.08.27-20.59.24:268][638]LogBlueprintUserMessages: 0.564498
[2015.08.27-20.59.24:284][639]LogBlueprintUserMessages: 0.55482
[2015.08.27-20.59.24:300][640]LogBlueprintUserMessages: 0.545143
[2015.08.27-20.59.24:316][641]LogBlueprintUserMessages: 0.535465
[2015.08.27-20.59.24:332][642]LogBlueprintUserMessages: 0.525787
[2015.08.27-20.59.24:348][643]LogBlueprintUserMessages: 0.51611
[2015.08.27-20.59.24:365][644]LogBlueprintUserMessages: 0.506432
[2015.08.27-20.59.24:381][645]LogBlueprintUserMessages: 0.496755
[2015.08.27-20.59.24:397][646]LogBlueprintUserMessages: 0.487073
[2015.08.27-20.59.24:413][647]LogBlueprintUserMessages: 0.477396
[2015.08.27-20.59.24:429][648]LogBlueprintUserMessages: 0.467718
[2015.08.27-20.59.24:445][649]LogBlueprintUserMessages: 0.458041
[2015.08.27-20.59.24:461][650]LogBlueprintUserMessages: 0.448363
[2015.08.27-20.59.24:477][651]LogBlueprintUserMessages: 0.438686
[2015.08.27-20.59.24:494][652]LogBlueprintUserMessages: 0.429008
[2015.08.27-20.59.24:510][653]LogBlueprintUserMessages: 0.419331
[2015.08.27-20.59.24:526][654]LogBlueprintUserMessages: 0.409653
[2015.08.27-20.59.24:542][655]LogBlueprintUserMessages: 0.399976
[2015.08.27-20.59.24:558][656]LogBlueprintUserMessages: 0.390298
[2015.08.27-20.59.24:574][657]LogBlueprintUserMessages: 0.380621
[2015.08.27-20.59.24:590][658]LogBlueprintUserMessages: 0.370943
[2015.08.27-20.59.24:606][659]LogBlueprintUserMessages: 0.361266
[2015.08.27-20.59.24:622][660]LogBlueprintUserMessages: 0.351588
[2015.08.27-20.59.24:639][661]LogBlueprintUserMessages: 0.341911
[2015.08.27-20.59.24:655][662]LogBlueprintUserMessages: 0.332233
[2015.08.27-20.59.24:671][663]LogBlueprintUserMessages: 0.322556
[2015.08.27-20.59.24:687][664]LogBlueprintUserMessages: 0.312878
[2015.08.27-20.59.24:703][665]LogBlueprintUserMessages: 0.303201
[2015.08.27-20.59.24:719][666]LogBlueprintUserMessages: 0.293523
[2015.08.27-20.59.24:735][667]LogBlueprintUserMessages: 0.283846
[2015.08.27-20.59.24:751][668]LogBlueprintUserMessages: 0.274168
[2015.08.27-20.59.24:752][668]LogBlueprintUserMessages: YO ICH DODGE GRADE
[2015.08.27-20.59.24:767][669]LogBlueprintUserMessages: 0.264491
[2015.08.27-20.59.24:768][669]LogBlueprintUserMessages: Gewonnen!
[2015.08.27-20.59.24:768][669]LogBlueprintUserMessages: YO ICH DODGE GRADE
[2015.08.27-20.59.24:784][670]LogBlueprintUserMessages: YO ICH DODGE GRADE
[2015.08.27-20.59.24:800][671]LogBlueprintUserMessages: YO ICH DODGE GRADE
[2015.08.27-20.59.24:816][672]LogBlueprintUserMessages: YO ICH DODGE GRADE
[2015.08.27-20.59.24:832][673]LogBlueprintUserMessages: YO ICH DODGE GRADE
[2015.08.27-20.59.25:704][727]LogBlueprintUserMessages: 0.007366
[2015.08.27-20.59.25:704][727]LogBlueprintUserMessages: 0.007366
[2015.08.27-20.59.25:704][727]LogBlueprintUserMessages: 0.007366
[2015.08.27-20.59.25:704][727]LogBlueprintUserMessages: 0.007366
[2015.08.27-20.59.25:720][728]LogBlueprintUserMessages: 0.00199
[2015.08.27-20.59.25:720][728]LogBlueprintUserMessages: 0.00199
[2015.08.27-20.59.25:720][728]LogBlueprintUserMessages: 0.00199
[2015.08.27-20.59.25:720][728]LogBlueprintUserMessages: 0.00199
[2015.08.27-20.59.25:736][729]LogBlueprintUserMessages: 0.0
[2015.08.27-20.59.25:736][729]LogBlueprintUserMessages: 0.0
[2015.08.27-20.59.25:736][729]LogBlueprintUserMessages: 0.003387
[2015.08.27-20.59.25:736][729]LogBlueprintUserMessages: 0.0
[2015.08.27-20.59.25:736][729]LogBlueprintUserMessages: 0.0
[2015.08.27-20.59.25:737][729]LogBlueprintUserMessages: 0.003387
[2015.08.27-20.59.25:737][729]LogBlueprintUserMessages: 0.0
[2015.08.27-20.59.25:737][729]LogBlueprintUserMessages: 0.0
[2015.08.27-20.59.25:737][729]LogBlueprintUserMessages: 0.003387
[2015.08.27-20.59.25:737][729]LogBlueprintUserMessages: 0.0
[2015.08.27-20.59.25:737][729]LogBlueprintUserMessages: 0.0
[2015.08.27-20.59.25:737][729]LogBlueprintUserMessages: 0.003387
[2015.08.27-20.59.25:752][730]LogBlueprintUserMessages: 0.008763
[2015.08.27-20.59.25:753][730]LogBlueprintUserMessages: 0.008763
[2015.08.27-20.59.25:753][730]LogBlueprintUserMessages: 0.008763
[2015.08.27-20.59.25:753][730]LogBlueprintUserMessages: 0.008763
[2015.08.27-20.59.28:042][872]Closing by request
[2015.08.27-20.59.28:042][872]LogWindows: FPlatformMisc::RequestExit(0)
[2015.08.27-20.59.28:384][873]LogWindowsTextInputMethodSystem:Display: IME system now deactivated.
[2015.08.27-20.59.28:390][873]LogExit: Preparing to exit.
[2015.08.27-20.59.28:483][873]LogExit: Game engine shut down
[2015.08.27-20.59.28:487][873]LogParticles: Destroying 0 GPU particle simulations for FXSystem 0x000000C9B4227A60
[2015.08.27-20.59.28:643][873]LogExit: Object subsystem successfully closed.
[2015.08.27-20.59.28:653][873]LogD3D11RHI: Shutdown
[2015.08.27-20.59.28:653][873]LogD3D11RHI: CleanupD3DDevice
[2015.08.27-20.59.28:718][873]LogD3D11RHI: ~FD3D11DynamicRHI
[2015.08.27-20.59.28:731][873]LogModuleManager: Shutting down and abandoning module AndroidDeviceDetection (109)
[2015.08.27-20.59.29:731][873]LogModuleManager: Shutting down and abandoning module AutomationWorker (108)
[2015.08.27-20.59.29:731][873]LogModuleManager: Shutting down and abandoning module CharacterAI (107)
[2015.08.27-20.59.29:731][873]LogModuleManager: Shutting down and abandoning module AITestSuite (106)
[2015.08.27-20.59.29:731][873]LogModuleManager: Shutting down and abandoning module GameplayDebugger (105)
[2015.08.27-20.59.29:731][873]LogModuleManager: Shutting down and abandoning module AIModule (104)
[2015.08.27-20.59.29:731][873]LogModuleManager: Shutting down and abandoning module GameLiveStreaming (103)
[2015.08.27-20.59.29:731][873]LogModuleManager: Shutting down and abandoning module StreamingPauseRendering (102)
[2015.08.27-20.59.29:731][873]LogModuleManager: Shutting down and abandoning module ProfilerService (101)
[2015.08.27-20.59.29:813][873]LogModuleManager: Shutting down and abandoning module TaskGraph (100)
[2015.08.27-20.59.29:813][873]LogModuleManager: Shutting down and abandoning module SlateRemote (99)
[2015.08.27-20.59.29:813][873]LogModuleManager: Shutting down and abandoning module SteamVRController (98)
[2015.08.27-20.59.29:813][873]LogModuleManager: Shutting down and abandoning module SteamVR (97)
[2015.08.27-20.59.29:813][873]LogModuleManager: Shutting down and abandoning module ProceduralMeshComponent (96)
[2015.08.27-20.59.29:813][873]LogModuleManager: Shutting down and abandoning module OculusRift (95)
[2015.08.27-20.59.29:813][873]LogModuleManager: Shutting down and abandoning module LeapMotionController (94)
[2015.08.27-20.59.29:818][873]LogModuleManager: Shutting down and abandoning module CustomMeshComponent (93)
[2015.08.27-20.59.29:818][873]LogModuleManager: Shutting down and abandoning module CableComponent (92)
[2015.08.27-20.59.29:818][873]LogModuleManager: Shutting down and abandoning module DesktopPlatform (91)
[2015.08.27-20.59.29:818][873]LogModuleManager: Shutting down and abandoning module DirectoryWatcher (90)
[2015.08.27-20.59.29:818][873]LogModuleManager: Shutting down and abandoning module HotReload (89)
[2015.08.27-20.59.29:818][873]LogModuleManager: Shutting down and abandoning module VisualStudioSourceCodeAccess (88)
[2015.08.27-20.59.29:818][873]LogModuleManager: Shutting down and abandoning module UObjectPlugin (87)
[2015.08.27-20.59.29:818][873]LogModuleManager: Shutting down and abandoning module SubversionSourceControl (86)
[2015.08.27-20.59.29:818][873]LogModuleManager: Shutting down and abandoning module SourceControl (85)
[2015.08.27-20.59.29:818][873]LogModuleManager: Shutting down and abandoning module PerforceSourceControl (84)
[2015.08.27-20.59.29:818][873]LogModuleManager: Shutting down and abandoning module BlankPlugin (83)
[2015.08.27-20.59.29:818][873]LogModuleManager: Shutting down and abandoning module UdpMessaging (82)
[2015.08.27-20.59.29:818][873]LogModuleManager: Shutting down and abandoning module AssetRegistry (81)
[2015.08.27-20.59.29:819][873]LogModuleManager: Shutting down and abandoning module SubstanceCore (80)
[2015.08.27-20.59.29:819][873]LogModuleManager: Shutting down and abandoning module Paper2D (79)
[2015.08.27-20.59.29:819][873]LogModuleManager: Shutting down and abandoning module WindowsMoviePlayer (78)
[2015.08.27-20.59.29:821][873]LogModuleManager: Shutting down and abandoning module Media (77)
[2015.08.27-20.59.29:821][873]LogModuleManager: Shutting down and abandoning module WmfMedia (76)
[2015.08.27-20.59.29:821][873]LogModuleManager: Shutting down and abandoning module OnlineBlueprintSupport (75)
[2015.08.27-20.59.29:821][873]LogModuleManager: Shutting down and abandoning module PropertyEditor (74)
[2015.08.27-20.59.29:821][873]LogModuleManager: Shutting down and abandoning module BehaviorTreeEditor (73)
[2015.08.27-20.59.29:821][873]LogModuleManager: Shutting down and abandoning module FunctionalTesting (72)
[2015.08.27-20.59.29:821][873]LogModuleManager: Shutting down and abandoning module CollisionAnalyzer (71)
[2015.08.27-20.59.29:821][873]LogModuleManager: Shutting down and abandoning module WorkspaceMenuStructure (70)
[2015.08.27-20.59.29:821][873]LogModuleManager: Shutting down and abandoning module MessageLog (69)
[2015.08.27-20.59.29:821][873]LogModuleManager: Shutting down and abandoning module Sequencer (68)
[2015.08.27-20.59.29:821][873]LogModuleManager: Shutting down and abandoning module AssetTools (67)
[2015.08.27-20.59.29:821][873]LogModuleManager: Shutting down and abandoning module UMGEditor (66)
[2015.08.27-20.59.29:821][873]LogModuleManager: Shutting down and abandoning module UMG (65)
[2015.08.27-20.59.29:821][873]LogModuleManager: Shutting down and abandoning module Slate (64)
[2015.08.27-20.59.29:821][873]LogModuleManager: Shutting down and abandoning module EditorStyle (63)
[2015.08.27-20.59.29:823][873]LogModuleManager: Shutting down and abandoning module SessionServices (62)
[2015.08.27-20.59.29:824][873]LogModuleManager: Shutting down and abandoning module SourceCodeAccess (61)
[2015.08.27-20.59.29:824][873]LogModuleManager: Shutting down and abandoning module HeadMountedDisplay (60)
[2015.08.27-20.59.29:824][873]LogModuleManager: Shutting down and abandoning module XAudio2 (59)
[2015.08.27-20.59.29:824][873]LogModuleManager: Shutting down and abandoning module Networking (57)
[2015.08.27-20.59.29:824][873]LogModuleManager: Shutting down and abandoning module Core (56)
[2015.08.27-20.59.29:824][873]LogModuleManager: Shutting down and abandoning module KismetCompiler (55)
[2015.08.27-20.59.29:824][873]LogModuleManager: Shutting down and abandoning module PhysXFormats (54)
[2015.08.27-20.59.29:824][873]LogModuleManager: Shutting down and abandoning module MeshUtilities (53)
[2015.08.27-20.59.29:824][873]LogModuleManager: Shutting down and abandoning module DerivedDataCache (52)
[2015.08.27-20.59.30:264][873]LogDerivedDataCache: Shutdown
[2015.08.27-20.59.30:264][873]LogModuleManager: Shutting down and abandoning module ShaderFormatOpenGL (51)
[2015.08.27-20.59.30:264][873]LogModuleManager: Shutting down and abandoning module ShaderFormatD3D (50)
[2015.08.27-20.59.30:264][873]LogModuleManager: Shutting down and abandoning module MetalShaderFormat (49)
[2015.08.27-20.59.30:264][873]LogModuleManager: Shutting down and abandoning module TextureFormatUncompressed (48)
[2015.08.27-20.59.30:264][873]LogModuleManager: Shutting down and abandoning module TextureFormatPVR (47)
[2015.08.27-20.59.30:264][873]LogModuleManager: Shutting down and abandoning module TextureFormatIntelISPCTexComp (46)
[2015.08.27-20.59.30:264][873]LogModuleManager: Shutting down and abandoning module TextureFormatDXT (45)
[2015.08.27-20.59.30:264][873]LogModuleManager: Shutting down and abandoning module ImageWrapper (44)
[2015.08.27-20.59.30:264][873]LogModuleManager: Shutting down and abandoning module TextureFormatASTC (43)
[2015.08.27-20.59.30:264][873]LogModuleManager: Shutting down and abandoning module TextureFormatAndroid (42)
[2015.08.27-20.59.30:264][873]LogModuleManager: Shutting down and abandoning module AudioFormatOpus (41)
[2015.08.27-20.59.30:264][873]LogModuleManager: Shutting down and abandoning module AudioFormatOgg (40)
[2015.08.27-20.59.30:264][873]LogModuleManager: Shutting down and abandoning module AudioFormatADPCM (39)
[2015.08.27-20.59.30:264][873]LogModuleManager: Shutting down and abandoning module LinuxTargetPlatform (38)
[2015.08.27-20.59.30:264][873]LogModuleManager: Shutting down and abandoning module LinuxServerTargetPlatform (37)
[2015.08.27-20.59.30:264][873]LogModuleManager: Shutting down and abandoning module LinuxNoEditorTargetPlatform (36)
[2015.08.27-20.59.30:264][873]LogModuleManager: Shutting down and abandoning module Messaging (35)
[2015.08.27-20.59.30:264][873]LogModuleManager: Shutting down and abandoning module IOSTargetPlatform (34)
[2015.08.27-20.59.30:264][873]LogModuleManager: Shutting down and abandoning module HTML5TargetPlatform (33)
[2015.08.27-20.59.30:264][873]LogModuleManager: Shutting down and abandoning module Android_PVRTCTargetPlatform (32)
[2015.08.27-20.59.30:264][873]LogModuleManager: Shutting down and abandoning module Android_ETC2TargetPlatform (31)
[2015.08.27-20.59.30:264][873]LogModuleManager: Shutting down and abandoning module Android_ETC1TargetPlatform (30)
[2015.08.27-20.59.30:264][873]LogModuleManager: Shutting down and abandoning module Android_DXTTargetPlatform (29)
[2015.08.27-20.59.30:264][873]LogModuleManager: Shutting down and abandoning module Android_ATCTargetPlatform (28)
[2015.08.27-20.59.30:264][873]LogModuleManager: Shutting down and abandoning module Android_ASTCTargetPlatform (27)
[2015.08.27-20.59.30:264][873]LogModuleManager: Shutting down and abandoning module AndroidTargetPlatform (26)
[2015.08.27-20.59.30:264][873]LogModuleManager: Shutting down and abandoning module WindowsTargetPlatform (25)
[2015.08.27-20.59.30:264][873]LogModuleManager: Shutting down and abandoning module WindowsServerTargetPlatform (24)
[2015.08.27-20.59.30:264][873]LogModuleManager: Shutting down and abandoning module WindowsNoEditorTargetPlatform (23)
[2015.08.27-20.59.30:264][873]LogModuleManager: Shutting down and abandoning module WindowsClientTargetPlatform (22)
[2015.08.27-20.59.30:264][873]LogModuleManager: Shutting down and abandoning module DesktopTargetPlatform (21)
[2015.08.27-20.59.30:264][873]LogModuleManager: Shutting down and abandoning module TargetPlatform (20)
[2015.08.27-20.59.30:264][873]LogModuleManager: Shutting down and abandoning module InputCore (19)
[2015.08.27-20.59.30:264][873]LogModuleManager: Shutting down and abandoning module Settings (18)
[2015.08.27-20.59.30:264][873]LogModuleManager: Shutting down and abandoning module OnlineSubsystem (16)
[2015.08.27-20.59.30:264][873]LogModuleManager: Shutting down and abandoning module HTTP (15)
[2015.08.27-20.59.30:264][873]LogModuleManager: Shutting down and abandoning module ExampleDeviceProfileSelector (14)
[2015.08.27-20.59.30:264][873]LogModuleManager: Shutting down and abandoning module TextureCompressor (13)
[2015.08.27-20.59.30:264][873]LogModuleManager: Shutting down and abandoning module ShaderCore (12)
[2015.08.27-20.59.30:264][873]LogModuleManager: Shutting down and abandoning module Landscape (11)
[2015.08.27-20.59.30:264][873]LogModuleManager: Shutting down and abandoning module SlateRHIRenderer (10)
[2015.08.27-20.59.30:264][873]LogModuleManager: Shutting down and abandoning module OpenGLDrv (9)
[2015.08.27-20.59.30:264][873]LogModuleManager: Shutting down and abandoning module D3D11RHI (8)
[2015.08.27-20.59.30:264][873]LogModuleManager: Shutting down and abandoning module Renderer (7)
[2015.08.27-20.59.30:265][873]LogModuleManager: Shutting down and abandoning module Engine (6)
[2015.08.27-20.59.30:265][873]LogModuleManager: Shutting down and abandoning module CoreUObject (5)
[2015.08.27-20.59.30:265][873]LogModuleManager: Shutting down and abandoning module NetworkFile (4)
[2015.08.27-20.59.30:265][873]LogModuleManager: Shutting down and abandoning module StreamingFile (3)
[2015.08.27-20.59.30:265][873]LogModuleManager: Shutting down and abandoning module SandboxFile (2)
[2015.08.27-20.59.30:265][873]LogModuleManager: Shutting down and abandoning module PakFile (1)
[2015.08.27-20.59.30:265][873]LogExit: Exiting.
[2015.08.27-20.59.30:266][873]Log file closed, 08/27/15 22:59:30
