[2015.08.30-15.45.02:792][  0]Log file open, 08/30/15 17:45:02
[2015.08.30-15.45.02:792][  0]LogInit:Display: Running engine for game: NotPartofGame
[2015.08.30-15.45.02:792][  0]LogInit:Display: RandInit(603668976) SRandInit(603668977).
[2015.08.30-15.45.02:792][  0]LogTaskGraph: Started task graph with 4 named threads and 7 total threads.
[2015.08.30-15.45.02:792][  0]LogStats: Stats thread started
[2015.08.30-15.45.02:792][  0]LogInit: Version: 4.8.3-2634408+++depot+UE4-Releases+4.8
[2015.08.30-15.45.02:792][  0]LogInit: API Version: 2579680
[2015.08.30-15.45.02:792][  0]LogInit: Compiled (64-bit): Jul 27 2015 16:24:33
[2015.08.30-15.45.02:792][  0]LogInit: Compiled with Visual C++: 18.00.21005.01
[2015.08.30-15.45.02:792][  0]LogInit: Build Configuration: Development
[2015.08.30-15.45.02:792][  0]LogInit: Branch Name: ++depot+UE4-Releases+4.8
[2015.08.30-15.45.02:792][  0]LogInit: Command line:  /Temp/Autosaves/Game/NPOTG/Maps/UEDPCTesting_Level -game -PIEVIACONSOLE -ResX=1280 -ResY=720  -Multiprocess 
[2015.08.30-15.45.02:792][  0]LogInit: Base directory: C:/Users/Bodoo/Documents/Programmieren/4.8/Engine/Binaries/Win64/
[2015.08.30-15.45.02:792][  0]LogInit: Rocket: 1
[2015.08.30-15.45.02:810][  0]LogInit: Using libcurl 7.41.0
[2015.08.30-15.45.02:810][  0]LogInit:  - built for x86_64-pc-win32
[2015.08.30-15.45.02:810][  0]LogInit:  - supports SSL with WinSSL
[2015.08.30-15.45.02:810][  0]LogInit:  - other features:
[2015.08.30-15.45.02:810][  0]LogInit:      CURL_VERSION_SSL
[2015.08.30-15.45.02:810][  0]LogInit:      CURL_VERSION_IPV6
[2015.08.30-15.45.02:810][  0]LogInit:      CURL_VERSION_ASYNCHDNS
[2015.08.30-15.45.02:810][  0]LogInit:      CURL_VERSION_LARGEFILE
[2015.08.30-15.45.02:810][  0]LogInit:      CURL_VERSION_IDN
[2015.08.30-15.45.02:810][  0]LogInit:  CurlRequestOptions (configurable via config and command line):
[2015.08.30-15.45.02:810][  0]LogInit:  - bVerifyPeer = true  - Libcurl will verify peer certificate
[2015.08.30-15.45.02:810][  0]LogInit:  - bUseHttpProxy = false  - Libcurl will NOT use HTTP proxy
[2015.08.30-15.45.02:810][  0]LogInit:  - bDontReuseConnections = false  - Libcurl will reuse connections
[2015.08.30-15.45.02:810][  0]LogInit:  - CertBundlePath = nullptr  - Libcurl will use whatever was configured at build time.
[2015.08.30-15.45.02:824][  0]LogOnline:Warning: No default platform service specified for OnlineSubsystem
[2015.08.30-15.45.02:841][  0]LogInit: Presizing for 0 objects not considered by GC, pre-allocating 0 bytes.
[2015.08.30-15.45.02:849][  0]LogInit: Object subsystem initialized
[2015.08.30-15.45.02:850][  0]LogConsoleResponse:Warning: Skipping Unknown console variable: 'UIScaleCurve = (EditorCurveData=(Keys=((Time=480.000000,Value=0.444000),(Time=720.000000,Value=0.666000),(Time=1080.000000,Value=1.000000),(Time=8640.000000,Value=8.000000))),ExternalCurve=None)'
[2015.08.30-15.45.02:850][  0]LogConsoleResponse:Warning:   Found in ini file 'C:/Users/Bodoo/Documents/Programmieren/Projekte/NotPartofTheGame/Saved/Config/Windows/Engine.ini', in section '[/Script/Engine.RendererSettings]'
[2015.08.30-15.45.02:851][  0]LogConsoleManager:Warning: Console variable 'r.MSAA.CompositingSampleCount' wasn't set ('Scalability' has a lower priority than 'ProjectSetting')
[2015.08.30-15.45.02:851][  0]LogInit: Selected Device Profile: [Windows]
[2015.08.30-15.45.02:851][  0]LogInit: Applying CVar settings loaded from the selected device profile: [Windows]
[2015.08.30-15.45.02:854][  0]LogInit: Computer: DESKTOP-GLF6O4V
[2015.08.30-15.45.02:854][  0]LogInit: User: Bodoo
[2015.08.30-15.45.02:854][  0]LogInit: CPU Page size=4096, Cores=4
[2015.08.30-15.45.02:854][  0]LogInit: High frequency timer resolution =3.215351 MHz
[2015.08.30-15.45.02:854][  0]LogMemory: Memory total: Physical=12.0GB (12GB approx)
[2015.08.30-15.45.02:854][  0]LogMemory: Platform Memory Stats for Windows
[2015.08.30-15.45.02:854][  0]LogMemory: Process Physical Memory: 49.85 MB used, 49.85 MB peak
[2015.08.30-15.45.02:854][  0]LogMemory: Process Virtual Memory: 22.81 MB used, 22.81 MB peak
[2015.08.30-15.45.02:854][  0]LogMemory: Physical Memory: 2507.61 MB used, 12270.70 MB total
[2015.08.30-15.45.02:854][  0]LogMemory: Virtual Memory: 310.61 MB used, 134217728.00 MB total
[2015.08.30-15.45.02:883][  0]LogTextLocalizationManager: The requested culture ('de_DE') has no localization data; falling back to 'en' for localization and internationalization data.
[2015.08.30-15.45.03:134][  0]LogTextLocalizationManager:Warning: Loaded localization resources contain conflicting entries for (Namespace:ContentBrowser, Key:ImportAssetToolTip):
Localization Resource: (C:/Users/Bodoo/Documents/Programmieren/4.8/Engine/Content/Localization/Editor/en/Editor.locres) Source String Hash: (-630476809) Localized String: (Import to {0}...)
Localization Resource: (C:/Users/Bodoo/Documents/Programmieren/4.8/Engine/Content/Localization/Editor/en/Editor.locres) Source String Hash: (1271782899) Localized String: (Imports an asset from file to this folder.)
[2015.08.30-15.45.03:470][  0]LogD3D11RHI: Found D3D11 adapter 0: AMD Radeon HD 6800 Series (Feature Level 11_0)
[2015.08.30-15.45.03:470][  0]LogD3D11RHI: Adapter has 1011MB of dedicated video memory, 0MB of dedicated system memory, and 3840MB of shared system memory, 1 output[s]
[2015.08.30-15.45.03:471][  0]LogD3D11RHI: Found D3D11 adapter 1: Microsoft Basic Render Driver (Feature Level 11_0)
[2015.08.30-15.45.03:471][  0]LogD3D11RHI: Adapter has 0MB of dedicated video memory, 0MB of dedicated system memory, and 6135MB of shared system memory, 0 output[s]
[2015.08.30-15.45.03:471][  0]LogD3D11RHI: Chosen D3D11 Adapter Id = 0
[2015.08.30-15.45.03:473][  0]LogD3D11RHI: InitD3DDevice
[2015.08.30-15.45.03:473][  0]LogD3D11RHI: !Direct3DDevice
[2015.08.30-15.45.03:473][  0]LogRHI: Texture pool is 708 MB (70% of 1011 MB)
[2015.08.30-15.45.03:479][  0]LogD3D11RHI: Async texture creation disabled: no driver support
[2015.08.30-15.45.03:490][  0]LogShaderCompilers:Display: Using Local Shader Compiler.
[2015.08.30-15.45.04:290][  0]LogTemp:Display: Loaded TP DesktopTargetPlatform
[2015.08.30-15.45.04:305][  0]LogTemp:Display: Loaded TP WindowsClientTargetPlatform
[2015.08.30-15.45.04:320][  0]LogTemp:Display: Loaded TP WindowsNoEditorTargetPlatform
[2015.08.30-15.45.04:334][  0]LogTemp:Display: Loaded TP WindowsServerTargetPlatform
[2015.08.30-15.45.04:351][  0]LogTemp:Display: Loaded TP WindowsTargetPlatform
[2015.08.30-15.45.04:363][  0]LogTemp:Display: Loaded TP AndroidTargetPlatform
[2015.08.30-15.45.04:376][  0]LogTemp:Display: Loaded TP Android_ASTCTargetPlatform
[2015.08.30-15.45.04:388][  0]LogTemp:Display: Loaded TP Android_ATCTargetPlatform
[2015.08.30-15.45.04:402][  0]LogTemp:Display: Loaded TP Android_DXTTargetPlatform
[2015.08.30-15.45.04:415][  0]LogTemp:Display: Loaded TP Android_ETC1TargetPlatform
[2015.08.30-15.45.04:428][  0]LogTemp:Display: Loaded TP Android_ETC2TargetPlatform
[2015.08.30-15.45.04:442][  0]LogTemp:Display: Loaded TP Android_PVRTCTargetPlatform
[2015.08.30-15.45.04:490][  0]LogTemp:Display: Loaded TP IOSTargetPlatform
[2015.08.30-15.45.04:503][  0]LogTemp:Display: Loaded TP LinuxNoEditorTargetPlatform
[2015.08.30-15.45.04:515][  0]LogTemp:Display: Loaded TP LinuxServerTargetPlatform
[2015.08.30-15.45.04:530][  0]LogTemp:Display: Loaded TP LinuxTargetPlatform
[2015.08.30-15.45.04:530][  0]LogTargetPlatformManager:Display: Building Assets For Windows
[2015.08.30-15.45.04:739][  0]LogDerivedDataCache:Display: Max Cache Size: 512 MB
[2015.08.30-15.45.04:800][  0]LogDerivedDataCache: Loaded boot cache 0.06s 53MB C:/Users/Bodoo/AppData/Local/UnrealEngine/4.8/DerivedDataCache/Boot.ddc.
[2015.08.30-15.45.04:800][  0]LogDerivedDataCache:Display: Loaded Boot cache: C:/Users/Bodoo/AppData/Local/UnrealEngine/4.8/DerivedDataCache/Boot.ddc
[2015.08.30-15.45.04:800][  0]LogDerivedDataCache: FDerivedDataBackendGraph:  Pak pak cache file ../../../../Projekte/NotPartofTheGame/DerivedDataCache/DDC.ddp not found, will not use a pak cache.
[2015.08.30-15.45.04:800][  0]LogDerivedDataCache: Unable to find inner node Pak for hierarchical cache Hierarchy.
[2015.08.30-15.45.04:801][  0]LogDerivedDataCache: FDerivedDataBackendGraph:  CompressedPak pak cache file ../../../../Projekte/NotPartofTheGame/DerivedDataCache/Compressed.ddp not found, will not use a pak cache.
[2015.08.30-15.45.04:801][  0]LogDerivedDataCache: Unable to find inner node CompressedPak for hierarchical cache Hierarchy.
[2015.08.30-15.45.04:952][  0]LogDerivedDataCache:Display: Pak cache opened for reading ../../../Engine/DerivedDataCache/Compressed.ddp.
[2015.08.30-15.45.04:964][  0]LogDerivedDataCache: Using Local data cache path C:/Users/Bodoo/AppData/Local/UnrealEngine/Common/DerivedDataCache: Writable
[2015.08.30-15.45.05:202][  0]LogInit: Selected Device Profile: [Windows]
[2015.08.30-15.45.05:288][  0]ImportText (ComponentSweepMultiTests): Missing closing parenthesis: (RootShapeAsset="/Engine/BasicShapes/Cube.Cube",ShapeType="TriggerCapsule",HitResult=(Time=0.50,Location=(X=-100.000015,Y=0.0,Z=100.000015),ImpactPoint=(X=-50.0,Y=0.0,Z=50.0),Normal=(X=-1.0,Y=-0.0,Z=0.0),ImpactNormal=(X=0.0,Y=0.0,Z=1.0),TraceStart=(X=-200.0,Y=0.0,Z=200.0),TraceEnd=(X=0.0,Y=0.0,Z=0.0))
[2015.08.30-15.45.05:289][  0]ImportText (LineTraceSingleByChannelTests): Missing closing parenthesis: (RootShapeAsset="/Engine/BasicShapes/Cube.Cube",HitResult=(Time=0.50,Location=(X=-100.000015,Y=0.0,Z=100.000015),ImpactPoint=(X=-50.0,Y=0.0,Z=50.0),Normal=(X=-1.0,Y=-0.0,Z=0.0),ImpactNormal=(X=0.0,Y=0.0,Z=1.0),TraceStart=(X=-200.0,Y=0.0,Z=200.0),TraceEnd=(X=0.0,Y=0.0,Z=0.0))
[2015.08.30-15.45.05:316][  0]LogMeshUtilities: No automatic mesh reduction module available
[2015.08.30-15.45.05:316][  0]LogMeshUtilities: No automatic mesh merging module available
[2015.08.30-15.45.05:589][  0]LogInit: WinSock: version 1.1 (2.2), MaxSocks=32767, MaxUdp=65467
[2015.08.30-15.45.06:024][  0]LogD3D11RHI: InitD3DDevice
[2015.08.30-15.45.06:029][  0]LogWindowsMoviePlayer: Unable to load movie: ../../../../Projekte/NotPartofTheGame/Content/Movies/Default_Startup.mp4
[2015.08.30-15.45.06:171][  0]LogAssetRegistry: FAssetRegistry took 0.0001 seconds to start up
[2015.08.30-15.45.06:216][  0]SourceControl: Info Source control is disabled
[2015.08.30-15.45.06:216][  0]SourceControl: Info Source control is disabled
[2015.08.30-15.45.06:226][  0]SourceControl: Info Source control is disabled
[2015.08.30-15.45.06:411][  0]LogObj: 25913 objects as part of root set at end of initial load.
[2015.08.30-15.45.06:411][  0]LogUObjectAllocator: 5218480 out of 0 bytes used by permanent object pool.
[2015.08.30-15.45.06:480][  0]LogAutomationTest:Warning: ERR: Transient text cannot be serialized "Testing Transient serialization detection".
[2015.08.30-15.45.06:481][  0]LogEngine: Initializing Engine...
[2015.08.30-15.45.06:483][  0]LogHMD: Can't find Oculus library dev build: is proper Runtime installed? Version: 0.6.0.0
[2015.08.30-15.45.06:484][  0]LogHMD:Warning: SteamVR failed to initialize.  Error: 110
[2015.08.30-15.45.06:576][  0]LogInit: XAudio2 using 'Lautsprecher (G510s Gaming Keyboard)' : 2 channels at 48 kHz using 16 bits per sample (channel mask 0x3)
[2015.08.30-15.45.06:583][  0]LogInit: FAudioDevice initialized.
[2015.08.30-15.45.06:592][  0]LogInit: Texture streaming: Disabled
[2015.08.30-15.45.06:655][  0]LogNet: Browse: /Temp/Autosaves/Game/NPOTG/Maps/UEDPCTesting_Level?Name=Player
[2015.08.30-15.45.06:655][  0]LogLoad: LoadMap: /Temp/Autosaves/Game/NPOTG/Maps/UEDPCTesting_Level?Name=Player
[2015.08.30-15.45.06:666][  0]LogParticles: Destroying 0 GPU particle simulations for FXSystem 0x000000B5FB013560
[2015.08.30-15.45.06:674][  0]LogMemory: Platform Memory Stats for Windows
[2015.08.30-15.45.06:674][  0]LogMemory: Process Physical Memory: 326.92 MB used, 329.58 MB peak
[2015.08.30-15.45.06:674][  0]LogMemory: Process Virtual Memory: 363.30 MB used, 363.30 MB peak
[2015.08.30-15.45.06:674][  0]LogMemory: Physical Memory: 2736.34 MB used, 12270.70 MB total
[2015.08.30-15.45.06:674][  0]LogMemory: Virtual Memory: 880.25 MB used, 134217728.00 MB total
[2015.08.30-15.45.06:674][  0]LogMemory: 
[2015.08.30-15.45.06:674][  0]Allocator Stats for TBB: (not implemented)
[2015.08.30-15.45.07:572][  0]LogProperty:Warning: ERR: Transient text cannot be serialized "NewRotation Roll".
[2015.08.30-15.45.07:572][  0]LogProperty:Warning: ERR: Transient text cannot be serialized "NewRotation Yaw".
[2015.08.30-15.45.07:572][  0]LogProperty:Warning: ERR: Transient text cannot be serialized "NewRotation Pitch".
[2015.08.30-15.45.07:572][  0]LogProperty:Warning: ERR: Transient text cannot be serialized "NewRotation Roll".
[2015.08.30-15.45.07:572][  0]LogProperty:Warning: ERR: Transient text cannot be serialized "NewRotation Yaw".
[2015.08.30-15.45.07:572][  0]LogProperty:Warning: ERR: Transient text cannot be serialized "NewRotation Pitch".
[2015.08.30-15.45.07:619][  0]LogProperty:Warning: ERR: Transient text cannot be serialized "NewRotation Roll".
[2015.08.30-15.45.07:619][  0]LogProperty:Warning: ERR: Transient text cannot be serialized "NewRotation Yaw".
[2015.08.30-15.45.07:619][  0]LogProperty:Warning: ERR: Transient text cannot be serialized "NewRotation Pitch".
[2015.08.30-15.45.07:619][  0]LogProperty:Warning: ERR: Transient text cannot be serialized "NewRotation Roll".
[2015.08.30-15.45.07:619][  0]LogProperty:Warning: ERR: Transient text cannot be serialized "NewRotation Yaw".
[2015.08.30-15.45.07:619][  0]LogProperty:Warning: ERR: Transient text cannot be serialized "NewRotation Pitch".
[2015.08.30-15.45.08:497][  0]LogAIModule: Creating AISystem for world Testing_Level
[2015.08.30-15.45.08:497][  0]LogWorld: Game class is '2DSideScrollerGameMode_C'
[2015.08.30-15.45.08:560][  0]LogWorld: Bringing World /Temp/Autosaves/Game/NPOTG/Maps/UEDPCTesting_Level.Testing_Level up for play (max tick rate 0) at 2015.08.30-17.45.08
[2015.08.30-15.45.08:572][  0]LogWorld: Bringing up level for play took: 0.071958
[2015.08.30-15.45.08:576][  0]LogInit:Display: Game Engine Initialized.
[2015.08.30-15.45.08:801][  0]LogLoad: Full Startup: 7.64 seconds (BP compile: 0.95 seconds)
[2015.08.30-15.45.08:818][  0]LogWindowsTextInputMethodSystem:Display: IME system now deactivated.
[2015.08.30-15.45.08:818][  0]LogWindowsTextInputMethodSystem:Display: IME system now deactivated.
[2015.08.30-15.45.08:821][  0]LogContentStreaming: Texture pool size is 1000.000000MB
[2015.08.30-15.45.08:956][  0]LogRenderer: Reallocating scene render targets to support 1280x720 (Frame:2).
[2015.08.30-15.45.27:235][125]LogBlueprintUserMessages: 0.991935
[2015.08.30-15.45.27:235][125]LogBlueprintUserMessages: 0.991935
[2015.08.30-15.45.27:235][125]LogBlueprintUserMessages: 0.983871
[2015.08.30-15.45.27:251][126]LogBlueprintUserMessages: 0.975806
[2015.08.30-15.45.27:266][127]LogBlueprintUserMessages: 0.967742
[2015.08.30-15.45.27:282][128]LogBlueprintUserMessages: 0.959677
[2015.08.30-15.45.27:298][129]LogBlueprintUserMessages: 0.951613
[2015.08.30-15.45.27:315][130]LogBlueprintUserMessages: 0.943548
[2015.08.30-15.45.27:331][131]LogBlueprintUserMessages: 0.935484
[2015.08.30-15.45.27:348][132]LogBlueprintUserMessages: 0.927419
[2015.08.30-15.45.27:364][133]LogBlueprintUserMessages: 0.919354
[2015.08.30-15.45.27:380][134]LogBlueprintUserMessages: 0.91129
[2015.08.30-15.45.27:396][135]LogBlueprintUserMessages: 0.903225
[2015.08.30-15.45.27:412][136]LogBlueprintUserMessages: 0.895161
[2015.08.30-15.45.27:428][137]LogBlueprintUserMessages: 0.887096
[2015.08.30-15.45.27:444][138]LogBlueprintUserMessages: 0.879032
[2015.08.30-15.45.27:460][139]LogBlueprintUserMessages: 0.870967
[2015.08.30-15.45.27:477][140]LogBlueprintUserMessages: 0.862903
[2015.08.30-15.45.27:493][141]LogBlueprintUserMessages: 0.854838
[2015.08.30-15.45.27:509][142]LogBlueprintUserMessages: 0.84677
[2015.08.30-15.45.27:525][143]LogBlueprintUserMessages: 0.838706
[2015.08.30-15.45.27:541][144]LogBlueprintUserMessages: 0.830641
[2015.08.30-15.45.27:557][145]LogBlueprintUserMessages: 0.822577
[2015.08.30-15.45.27:573][146]LogBlueprintUserMessages: 0.814512
[2015.08.30-15.45.27:590][147]LogBlueprintUserMessages: 0.806448
[2015.08.30-15.45.27:606][148]LogBlueprintUserMessages: 0.798383
[2015.08.30-15.45.27:622][149]LogBlueprintUserMessages: 0.790318
[2015.08.30-15.45.27:638][150]LogBlueprintUserMessages: 0.782254
[2015.08.30-15.45.27:654][151]LogBlueprintUserMessages: 0.774189
[2015.08.30-15.45.27:670][152]LogBlueprintUserMessages: 0.766124
[2015.08.30-15.45.27:686][153]LogBlueprintUserMessages: 0.75806
[2015.08.30-15.45.27:702][154]LogBlueprintUserMessages: 0.749995
[2015.08.30-15.45.27:719][155]LogBlueprintUserMessages: 0.741931
[2015.08.30-15.45.27:735][156]LogBlueprintUserMessages: 0.733866
[2015.08.30-15.45.27:750][157]LogBlueprintUserMessages: 0.725801
[2015.08.30-15.45.27:767][158]LogBlueprintUserMessages: 0.717737
[2015.08.30-15.45.27:783][159]LogBlueprintUserMessages: 0.709672
[2015.08.30-15.45.27:799][160]LogBlueprintUserMessages: 0.701608
[2015.08.30-15.45.27:815][161]LogBlueprintUserMessages: 0.693543
[2015.08.30-15.45.27:831][162]LogBlueprintUserMessages: 0.685478
[2015.08.30-15.45.27:848][163]LogBlueprintUserMessages: 0.677414
[2015.08.30-15.45.27:864][164]LogBlueprintUserMessages: 0.669349
[2015.08.30-15.45.27:880][165]LogBlueprintUserMessages: 0.661283
[2015.08.30-15.45.27:896][166]LogBlueprintUserMessages: 0.653218
[2015.08.30-15.45.27:912][167]LogBlueprintUserMessages: 0.645154
[2015.08.30-15.45.27:928][168]LogBlueprintUserMessages: 0.637089
[2015.08.30-15.45.27:944][169]LogBlueprintUserMessages: 0.629025
[2015.08.30-15.45.27:960][170]LogBlueprintUserMessages: 0.62096
[2015.08.30-15.45.27:977][171]LogBlueprintUserMessages: 0.612895
[2015.08.30-15.45.27:993][172]LogBlueprintUserMessages: 0.604831
[2015.08.30-15.45.28:009][173]LogBlueprintUserMessages: 0.596766
[2015.08.30-15.45.28:025][174]LogBlueprintUserMessages: 0.588701
[2015.08.30-15.45.28:041][175]LogBlueprintUserMessages: 0.580637
[2015.08.30-15.45.28:057][176]LogBlueprintUserMessages: 0.572572
[2015.08.30-15.45.28:073][177]LogBlueprintUserMessages: 0.564508
[2015.08.30-15.45.28:089][178]LogBlueprintUserMessages: 0.556441
[2015.08.30-15.45.28:105][179]LogBlueprintUserMessages: 0.548376
[2015.08.30-15.45.28:122][180]LogBlueprintUserMessages: 0.540312
[2015.08.30-15.45.28:138][181]LogBlueprintUserMessages: 0.532247
[2015.08.30-15.45.28:154][182]LogBlueprintUserMessages: 0.524182
[2015.08.30-15.45.28:170][183]LogBlueprintUserMessages: 0.516118
[2015.08.30-15.45.28:186][184]LogBlueprintUserMessages: 0.508053
[2015.08.30-15.45.28:202][185]LogBlueprintUserMessages: 0.499988
[2015.08.30-15.45.28:218][186]LogBlueprintUserMessages: 0.491924
[2015.08.30-15.45.28:235][187]LogBlueprintUserMessages: 0.483859
[2015.08.30-15.45.28:251][188]LogBlueprintUserMessages: 0.475795
[2015.08.30-15.45.28:267][189]LogBlueprintUserMessages: 0.46773
[2015.08.30-15.45.28:283][190]LogBlueprintUserMessages: 0.459665
[2015.08.30-15.45.28:299][191]LogBlueprintUserMessages: 0.451601
[2015.08.30-15.45.28:315][192]LogBlueprintUserMessages: 0.443536
[2015.08.30-15.45.28:331][193]LogBlueprintUserMessages: 0.435472
[2015.08.30-15.45.28:348][194]LogBlueprintUserMessages: 0.427407
[2015.08.30-15.45.28:364][195]LogBlueprintUserMessages: 0.419342
[2015.08.30-15.45.28:380][196]LogBlueprintUserMessages: 0.411278
[2015.08.30-15.45.28:396][197]LogBlueprintUserMessages: 0.403213
[2015.08.30-15.45.28:412][198]LogBlueprintUserMessages: 0.395149
[2015.08.30-15.45.28:428][199]LogBlueprintUserMessages: 0.387084
[2015.08.30-15.45.28:444][200]LogBlueprintUserMessages: 0.379019
[2015.08.30-15.45.28:461][201]LogBlueprintUserMessages: 0.370955
[2015.08.30-15.45.28:477][202]LogBlueprintUserMessages: 0.36289
[2015.08.30-15.45.28:493][203]LogBlueprintUserMessages: 0.354821
[2015.08.30-15.45.28:509][204]LogBlueprintUserMessages: 0.346756
[2015.08.30-15.45.28:524][205]LogBlueprintUserMessages: 0.338692
[2015.08.30-15.45.28:541][206]LogBlueprintUserMessages: 0.330627
[2015.08.30-15.45.28:557][207]LogBlueprintUserMessages: 0.322562
[2015.08.30-15.45.28:574][208]LogBlueprintUserMessages: 0.314498
[2015.08.30-15.45.28:589][209]LogBlueprintUserMessages: 0.306433
[2015.08.30-15.45.28:605][210]LogBlueprintUserMessages: 0.298369
[2015.08.30-15.45.28:621][211]LogBlueprintUserMessages: 0.290304
[2015.08.30-15.45.28:638][212]LogBlueprintUserMessages: 0.282239
[2015.08.30-15.45.28:654][213]LogBlueprintUserMessages: 0.274175
[2015.08.30-15.45.56:816][959]LogBlueprintUserMessages: 0.991935
[2015.08.30-15.45.56:816][959]LogBlueprintUserMessages: 0.991935
[2015.08.30-15.45.56:816][959]LogBlueprintUserMessages: 0.983871
[2015.08.30-15.45.56:832][960]LogBlueprintUserMessages: 0.975806
[2015.08.30-15.45.56:848][961]LogBlueprintUserMessages: 0.967742
[2015.08.30-15.45.56:864][962]LogBlueprintUserMessages: 0.959677
[2015.08.30-15.45.56:881][963]LogBlueprintUserMessages: 0.951613
[2015.08.30-15.45.56:897][964]LogBlueprintUserMessages: 0.943548
[2015.08.30-15.45.56:913][965]LogBlueprintUserMessages: 0.935484
[2015.08.30-15.45.56:929][966]LogBlueprintUserMessages: 0.927419
[2015.08.30-15.45.56:945][967]LogBlueprintUserMessages: 0.919354
[2015.08.30-15.45.56:961][968]LogBlueprintUserMessages: 0.91129
[2015.08.30-15.45.56:977][969]LogBlueprintUserMessages: 0.903225
[2015.08.30-15.45.56:993][970]LogBlueprintUserMessages: 0.895161
[2015.08.30-15.45.57:009][971]LogBlueprintUserMessages: 0.887096
[2015.08.30-15.45.57:026][972]LogBlueprintUserMessages: 0.879032
[2015.08.30-15.45.57:042][973]LogBlueprintUserMessages: 0.870967
[2015.08.30-15.45.57:058][974]LogBlueprintUserMessages: 0.862903
[2015.08.30-15.45.57:074][975]LogBlueprintUserMessages: 0.854838
[2015.08.30-15.45.57:089][976]LogBlueprintUserMessages: 0.846773
[2015.08.30-15.45.57:105][977]LogBlueprintUserMessages: 0.838709
[2015.08.30-15.45.57:123][978]LogBlueprintUserMessages: 0.830644
[2015.08.30-15.45.57:139][979]LogBlueprintUserMessages: 0.82258
[2015.08.30-15.45.57:155][980]LogBlueprintUserMessages: 0.814515
[2015.08.30-15.45.57:171][981]LogBlueprintUserMessages: 0.806451
[2015.08.30-15.45.57:187][982]LogBlueprintUserMessages: 0.798386
[2015.08.30-15.45.57:203][983]LogBlueprintUserMessages: 0.790321
[2015.08.30-15.45.57:219][984]LogBlueprintUserMessages: 0.782257
[2015.08.30-15.45.57:235][985]LogBlueprintUserMessages: 0.774192
[2015.08.30-15.45.57:251][986]LogBlueprintUserMessages: 0.766128
[2015.08.30-15.45.57:267][987]LogBlueprintUserMessages: 0.758063
[2015.08.30-15.45.57:283][988]LogBlueprintUserMessages: 0.749998
[2015.08.30-15.45.57:300][989]LogBlueprintUserMessages: 0.741934
[2015.08.30-15.45.57:316][990]LogBlueprintUserMessages: 0.733869
[2015.08.30-15.45.57:332][991]LogBlueprintUserMessages: 0.725805
[2015.08.30-15.45.57:348][992]LogBlueprintUserMessages: 0.71774
[2015.08.30-15.45.57:364][993]LogBlueprintUserMessages: 0.709675
[2015.08.30-15.45.57:380][994]LogBlueprintUserMessages: 0.701611
[2015.08.30-15.45.57:396][995]LogBlueprintUserMessages: 0.693546
[2015.08.30-15.45.57:412][996]LogBlueprintUserMessages: 0.685482
[2015.08.30-15.45.57:428][997]LogBlueprintUserMessages: 0.677414
[2015.08.30-15.45.57:445][998]LogBlueprintUserMessages: 0.66935
[2015.08.30-15.45.57:461][999]LogBlueprintUserMessages: 0.661284
[2015.08.30-15.45.57:477][  0]LogBlueprintUserMessages: 0.653219
[2015.08.30-15.45.57:493][  1]LogBlueprintUserMessages: 0.645155
[2015.08.30-15.45.57:509][  2]LogBlueprintUserMessages: 0.63709
[2015.08.30-15.45.57:526][  3]LogBlueprintUserMessages: 0.629026
[2015.08.30-15.45.57:542][  4]LogBlueprintUserMessages: 0.620961
[2015.08.30-15.45.57:558][  5]LogBlueprintUserMessages: 0.612896
[2015.08.30-15.45.57:574][  6]LogBlueprintUserMessages: 0.604832
[2015.08.30-15.45.57:590][  7]LogBlueprintUserMessages: 0.596767
[2015.08.30-15.45.57:606][  8]LogBlueprintUserMessages: 0.588702
[2015.08.30-15.45.57:622][  9]LogBlueprintUserMessages: 0.580638
[2015.08.30-15.45.57:638][ 10]LogBlueprintUserMessages: 0.572573
[2015.08.30-15.45.57:655][ 11]LogBlueprintUserMessages: 0.564509
[2015.08.30-15.45.57:670][ 12]LogBlueprintUserMessages: 0.556444
[2015.08.30-15.45.57:686][ 13]LogBlueprintUserMessages: 0.548379
[2015.08.30-15.45.57:703][ 14]LogBlueprintUserMessages: 0.540315
[2015.08.30-15.45.57:719][ 15]LogBlueprintUserMessages: 0.53225
[2015.08.30-15.45.57:735][ 16]LogBlueprintUserMessages: 0.524186
[2015.08.30-15.45.57:751][ 17]LogBlueprintUserMessages: 0.516121
[2015.08.30-15.45.57:767][ 18]LogBlueprintUserMessages: 0.508056
[2015.08.30-15.45.57:783][ 19]LogBlueprintUserMessages: 0.499992
[2015.08.30-15.45.57:799][ 20]LogBlueprintUserMessages: 0.491927
[2015.08.30-15.45.57:816][ 21]LogBlueprintUserMessages: 0.483863
[2015.08.30-15.45.57:832][ 22]LogBlueprintUserMessages: 0.475798
[2015.08.30-15.45.57:847][ 23]LogBlueprintUserMessages: 0.467733
[2015.08.30-15.45.57:864][ 24]LogBlueprintUserMessages: 0.459669
[2015.08.30-15.45.57:881][ 25]LogBlueprintUserMessages: 0.451604
[2015.08.30-15.45.57:897][ 26]LogBlueprintUserMessages: 0.44354
[2015.08.30-15.45.57:913][ 27]LogBlueprintUserMessages: 0.435475
[2015.08.30-15.45.57:928][ 28]LogBlueprintUserMessages: 0.42741
[2015.08.30-15.45.57:944][ 29]LogBlueprintUserMessages: 0.419346
[2015.08.30-15.45.57:960][ 30]LogBlueprintUserMessages: 0.411279
[2015.08.30-15.45.57:976][ 31]LogBlueprintUserMessages: 0.403215
[2015.08.30-15.45.57:993][ 32]LogBlueprintUserMessages: 0.39515
[2015.08.30-15.45.58:009][ 33]LogBlueprintUserMessages: 0.387086
[2015.08.30-15.45.58:026][ 34]LogBlueprintUserMessages: 0.379021
[2015.08.30-15.45.58:041][ 35]LogBlueprintUserMessages: 0.370956
[2015.08.30-15.45.58:058][ 36]LogBlueprintUserMessages: 0.362892
[2015.08.30-15.45.58:074][ 37]LogBlueprintUserMessages: 0.354827
[2015.08.30-15.45.58:090][ 38]LogBlueprintUserMessages: 0.346763
[2015.08.30-15.45.58:106][ 39]LogBlueprintUserMessages: 0.338698
[2015.08.30-15.45.58:122][ 40]LogBlueprintUserMessages: 0.330633
[2015.08.30-15.45.58:138][ 41]LogBlueprintUserMessages: 0.322569
[2015.08.30-15.45.58:154][ 42]LogBlueprintUserMessages: 0.314504
[2015.08.30-15.45.58:171][ 43]LogBlueprintUserMessages: 0.306439
[2015.08.30-15.45.58:187][ 44]LogBlueprintUserMessages: 0.298375
[2015.08.30-15.45.58:203][ 45]LogBlueprintUserMessages: 0.29031
[2015.08.30-15.45.58:219][ 46]LogBlueprintUserMessages: 0.282246
[2015.08.30-15.45.58:235][ 47]LogBlueprintUserMessages: 0.274181
[2015.08.30-15.45.58:251][ 48]LogBlueprintUserMessages: 0.266116
[2015.08.30-15.45.58:267][ 49]LogBlueprintUserMessages: 0.258052
[2015.08.30-15.45.58:283][ 50]LogBlueprintUserMessages: 0.249987
[2015.08.30-15.46.10:988][837]Closing by request
[2015.08.30-15.46.10:988][837]LogWindows: FPlatformMisc::RequestExit(0)
[2015.08.30-15.46.11:555][838]LogWindowsTextInputMethodSystem:Display: IME system now deactivated.
[2015.08.30-15.46.11:555][838]LogWindowsTextInputMethodSystem:Display: IME system now deactivated.
[2015.08.30-15.46.11:561][838]LogExit: Preparing to exit.
[2015.08.30-15.46.11:616][838]LogExit: Game engine shut down
[2015.08.30-15.46.11:619][838]LogParticles: Destroying 0 GPU particle simulations for FXSystem 0x000000B5F6393380
[2015.08.30-15.46.11:728][838]LogExit: Object subsystem successfully closed.
[2015.08.30-15.46.11:743][838]LogD3D11RHI: Shutdown
[2015.08.30-15.46.11:743][838]LogD3D11RHI: CleanupD3DDevice
[2015.08.30-15.46.11:831][838]LogD3D11RHI: ~FD3D11DynamicRHI
[2015.08.30-15.46.11:843][838]LogModuleManager: Shutting down and abandoning module AndroidDeviceDetection (109)
[2015.08.30-15.46.11:854][838]LogModuleManager: Shutting down and abandoning module AutomationWorker (108)
[2015.08.30-15.46.11:854][838]LogModuleManager: Shutting down and abandoning module CharacterAI (107)
[2015.08.30-15.46.11:854][838]LogModuleManager: Shutting down and abandoning module AITestSuite (106)
[2015.08.30-15.46.11:854][838]LogModuleManager: Shutting down and abandoning module GameplayDebugger (105)
[2015.08.30-15.46.11:854][838]LogModuleManager: Shutting down and abandoning module AIModule (104)
[2015.08.30-15.46.11:854][838]LogModuleManager: Shutting down and abandoning module GameLiveStreaming (103)
[2015.08.30-15.46.11:854][838]LogModuleManager: Shutting down and abandoning module StreamingPauseRendering (102)
[2015.08.30-15.46.11:854][838]LogModuleManager: Shutting down and abandoning module ProfilerService (101)
[2015.08.30-15.46.12:059][838]LogModuleManager: Shutting down and abandoning module TaskGraph (100)
[2015.08.30-15.46.12:059][838]LogModuleManager: Shutting down and abandoning module SlateRemote (99)
[2015.08.30-15.46.12:059][838]LogModuleManager: Shutting down and abandoning module SteamVRController (98)
[2015.08.30-15.46.12:059][838]LogModuleManager: Shutting down and abandoning module SteamVR (97)
[2015.08.30-15.46.12:059][838]LogModuleManager: Shutting down and abandoning module ProceduralMeshComponent (96)
[2015.08.30-15.46.12:059][838]LogModuleManager: Shutting down and abandoning module OculusRift (95)
[2015.08.30-15.46.12:059][838]LogModuleManager: Shutting down and abandoning module LeapMotionController (94)
[2015.08.30-15.46.12:065][838]LogModuleManager: Shutting down and abandoning module CustomMeshComponent (93)
[2015.08.30-15.46.12:065][838]LogModuleManager: Shutting down and abandoning module CableComponent (92)
[2015.08.30-15.46.12:065][838]LogModuleManager: Shutting down and abandoning module DesktopPlatform (91)
[2015.08.30-15.46.12:065][838]LogModuleManager: Shutting down and abandoning module DirectoryWatcher (90)
[2015.08.30-15.46.12:065][838]LogModuleManager: Shutting down and abandoning module HotReload (89)
[2015.08.30-15.46.12:065][838]LogModuleManager: Shutting down and abandoning module VisualStudioSourceCodeAccess (88)
[2015.08.30-15.46.12:065][838]LogModuleManager: Shutting down and abandoning module UObjectPlugin (87)
[2015.08.30-15.46.12:065][838]LogModuleManager: Shutting down and abandoning module SubversionSourceControl (86)
[2015.08.30-15.46.12:065][838]LogModuleManager: Shutting down and abandoning module SourceControl (85)
[2015.08.30-15.46.12:065][838]LogModuleManager: Shutting down and abandoning module PerforceSourceControl (84)
[2015.08.30-15.46.12:065][838]LogModuleManager: Shutting down and abandoning module BlankPlugin (83)
[2015.08.30-15.46.12:065][838]LogModuleManager: Shutting down and abandoning module UdpMessaging (82)
[2015.08.30-15.46.12:065][838]LogModuleManager: Shutting down and abandoning module AssetRegistry (81)
[2015.08.30-15.46.12:065][838]LogModuleManager: Shutting down and abandoning module SubstanceCore (80)
[2015.08.30-15.46.12:065][838]LogModuleManager: Shutting down and abandoning module Paper2D (79)
[2015.08.30-15.46.12:065][838]LogModuleManager: Shutting down and abandoning module WindowsMoviePlayer (78)
[2015.08.30-15.46.12:067][838]LogModuleManager: Shutting down and abandoning module Media (77)
[2015.08.30-15.46.12:067][838]LogModuleManager: Shutting down and abandoning module WmfMedia (76)
[2015.08.30-15.46.12:067][838]LogModuleManager: Shutting down and abandoning module OnlineBlueprintSupport (75)
[2015.08.30-15.46.12:067][838]LogModuleManager: Shutting down and abandoning module PropertyEditor (74)
[2015.08.30-15.46.12:067][838]LogModuleManager: Shutting down and abandoning module BehaviorTreeEditor (73)
[2015.08.30-15.46.12:067][838]LogModuleManager: Shutting down and abandoning module FunctionalTesting (72)
[2015.08.30-15.46.12:067][838]LogModuleManager: Shutting down and abandoning module CollisionAnalyzer (71)
[2015.08.30-15.46.12:067][838]LogModuleManager: Shutting down and abandoning module WorkspaceMenuStructure (70)
[2015.08.30-15.46.12:067][838]LogModuleManager: Shutting down and abandoning module MessageLog (69)
[2015.08.30-15.46.12:067][838]LogModuleManager: Shutting down and abandoning module Sequencer (68)
[2015.08.30-15.46.12:067][838]LogModuleManager: Shutting down and abandoning module AssetTools (67)
[2015.08.30-15.46.12:067][838]LogModuleManager: Shutting down and abandoning module UMGEditor (66)
[2015.08.30-15.46.12:067][838]LogModuleManager: Shutting down and abandoning module UMG (65)
[2015.08.30-15.46.12:067][838]LogModuleManager: Shutting down and abandoning module Slate (64)
[2015.08.30-15.46.12:067][838]LogModuleManager: Shutting down and abandoning module EditorStyle (63)
[2015.08.30-15.46.12:069][838]LogModuleManager: Shutting down and abandoning module SessionServices (62)
[2015.08.30-15.46.12:069][838]LogModuleManager: Shutting down and abandoning module SourceCodeAccess (61)
[2015.08.30-15.46.12:069][838]LogModuleManager: Shutting down and abandoning module HeadMountedDisplay (60)
[2015.08.30-15.46.12:069][838]LogModuleManager: Shutting down and abandoning module XAudio2 (59)
[2015.08.30-15.46.12:069][838]LogModuleManager: Shutting down and abandoning module Networking (57)
[2015.08.30-15.46.12:069][838]LogModuleManager: Shutting down and abandoning module Core (56)
[2015.08.30-15.46.12:069][838]LogModuleManager: Shutting down and abandoning module KismetCompiler (55)
[2015.08.30-15.46.12:069][838]LogModuleManager: Shutting down and abandoning module PhysXFormats (54)
[2015.08.30-15.46.12:069][838]LogModuleManager: Shutting down and abandoning module MeshUtilities (53)
[2015.08.30-15.46.12:069][838]LogModuleManager: Shutting down and abandoning module DerivedDataCache (52)
[2015.08.30-15.46.12:520][838]LogDerivedDataCache: Shutdown
[2015.08.30-15.46.12:520][838]LogModuleManager: Shutting down and abandoning module ShaderFormatOpenGL (51)
[2015.08.30-15.46.12:520][838]LogModuleManager: Shutting down and abandoning module ShaderFormatD3D (50)
[2015.08.30-15.46.12:520][838]LogModuleManager: Shutting down and abandoning module MetalShaderFormat (49)
[2015.08.30-15.46.12:520][838]LogModuleManager: Shutting down and abandoning module TextureFormatUncompressed (48)
[2015.08.30-15.46.12:520][838]LogModuleManager: Shutting down and abandoning module TextureFormatPVR (47)
[2015.08.30-15.46.12:520][838]LogModuleManager: Shutting down and abandoning module TextureFormatIntelISPCTexComp (46)
[2015.08.30-15.46.12:520][838]LogModuleManager: Shutting down and abandoning module TextureFormatDXT (45)
[2015.08.30-15.46.12:520][838]LogModuleManager: Shutting down and abandoning module ImageWrapper (44)
[2015.08.30-15.46.12:520][838]LogModuleManager: Shutting down and abandoning module TextureFormatASTC (43)
[2015.08.30-15.46.12:520][838]LogModuleManager: Shutting down and abandoning module TextureFormatAndroid (42)
[2015.08.30-15.46.12:520][838]LogModuleManager: Shutting down and abandoning module AudioFormatOpus (41)
[2015.08.30-15.46.12:520][838]LogModuleManager: Shutting down and abandoning module AudioFormatOgg (40)
[2015.08.30-15.46.12:520][838]LogModuleManager: Shutting down and abandoning module AudioFormatADPCM (39)
[2015.08.30-15.46.12:520][838]LogModuleManager: Shutting down and abandoning module LinuxTargetPlatform (38)
[2015.08.30-15.46.12:520][838]LogModuleManager: Shutting down and abandoning module LinuxServerTargetPlatform (37)
[2015.08.30-15.46.12:520][838]LogModuleManager: Shutting down and abandoning module LinuxNoEditorTargetPlatform (36)
[2015.08.30-15.46.12:520][838]LogModuleManager: Shutting down and abandoning module Messaging (35)
[2015.08.30-15.46.12:520][838]LogModuleManager: Shutting down and abandoning module IOSTargetPlatform (34)
[2015.08.30-15.46.12:520][838]LogModuleManager: Shutting down and abandoning module HTML5TargetPlatform (33)
[2015.08.30-15.46.12:520][838]LogModuleManager: Shutting down and abandoning module Android_PVRTCTargetPlatform (32)
[2015.08.30-15.46.12:520][838]LogModuleManager: Shutting down and abandoning module Android_ETC2TargetPlatform (31)
[2015.08.30-15.46.12:520][838]LogModuleManager: Shutting down and abandoning module Android_ETC1TargetPlatform (30)
[2015.08.30-15.46.12:520][838]LogModuleManager: Shutting down and abandoning module Android_DXTTargetPlatform (29)
[2015.08.30-15.46.12:520][838]LogModuleManager: Shutting down and abandoning module Android_ATCTargetPlatform (28)
[2015.08.30-15.46.12:520][838]LogModuleManager: Shutting down and abandoning module Android_ASTCTargetPlatform (27)
[2015.08.30-15.46.12:520][838]LogModuleManager: Shutting down and abandoning module AndroidTargetPlatform (26)
[2015.08.30-15.46.12:520][838]LogModuleManager: Shutting down and abandoning module WindowsTargetPlatform (25)
[2015.08.30-15.46.12:520][838]LogModuleManager: Shutting down and abandoning module WindowsServerTargetPlatform (24)
[2015.08.30-15.46.12:520][838]LogModuleManager: Shutting down and abandoning module WindowsNoEditorTargetPlatform (23)
[2015.08.30-15.46.12:520][838]LogModuleManager: Shutting down and abandoning module WindowsClientTargetPlatform (22)
[2015.08.30-15.46.12:520][838]LogModuleManager: Shutting down and abandoning module DesktopTargetPlatform (21)
[2015.08.30-15.46.12:520][838]LogModuleManager: Shutting down and abandoning module TargetPlatform (20)
[2015.08.30-15.46.12:520][838]LogModuleManager: Shutting down and abandoning module InputCore (19)
[2015.08.30-15.46.12:520][838]LogModuleManager: Shutting down and abandoning module Settings (18)
[2015.08.30-15.46.12:520][838]LogModuleManager: Shutting down and abandoning module OnlineSubsystem (16)
[2015.08.30-15.46.12:520][838]LogModuleManager: Shutting down and abandoning module HTTP (15)
[2015.08.30-15.46.12:520][838]LogModuleManager: Shutting down and abandoning module ExampleDeviceProfileSelector (14)
[2015.08.30-15.46.12:520][838]LogModuleManager: Shutting down and abandoning module TextureCompressor (13)
[2015.08.30-15.46.12:520][838]LogModuleManager: Shutting down and abandoning module ShaderCore (12)
[2015.08.30-15.46.12:520][838]LogModuleManager: Shutting down and abandoning module Landscape (11)
[2015.08.30-15.46.12:520][838]LogModuleManager: Shutting down and abandoning module SlateRHIRenderer (10)
[2015.08.30-15.46.12:521][838]LogModuleManager: Shutting down and abandoning module OpenGLDrv (9)
[2015.08.30-15.46.12:521][838]LogModuleManager: Shutting down and abandoning module D3D11RHI (8)
[2015.08.30-15.46.12:521][838]LogModuleManager: Shutting down and abandoning module Renderer (7)
[2015.08.30-15.46.12:521][838]LogModuleManager: Shutting down and abandoning module Engine (6)
[2015.08.30-15.46.12:521][838]LogModuleManager: Shutting down and abandoning module CoreUObject (5)
[2015.08.30-15.46.12:521][838]LogModuleManager: Shutting down and abandoning module NetworkFile (4)
[2015.08.30-15.46.12:521][838]LogModuleManager: Shutting down and abandoning module StreamingFile (3)
[2015.08.30-15.46.12:521][838]LogModuleManager: Shutting down and abandoning module SandboxFile (2)
[2015.08.30-15.46.12:521][838]LogModuleManager: Shutting down and abandoning module PakFile (1)
[2015.08.30-15.46.12:522][838]LogExit: Exiting.
[2015.08.30-15.46.12:524][838]Log file closed, 08/30/15 17:46:12
