[2015.08.30-14.49.01:371][  0]Log file open, 08/30/15 16:49:01
[2015.08.30-14.49.01:371][  0]LogInit:Display: Running engine for game: NotPartofGame
[2015.08.30-14.49.01:371][  0]LogInit:Display: RandInit(-1614774813) SRandInit(-1614774812).
[2015.08.30-14.49.01:371][  0]LogTaskGraph: Started task graph with 4 named threads and 7 total threads.
[2015.08.30-14.49.01:371][  0]LogStats: Stats thread started
[2015.08.30-14.49.01:371][  0]LogInit: Version: 4.8.3-2634408+++depot+UE4-Releases+4.8
[2015.08.30-14.49.01:371][  0]LogInit: API Version: 2579680
[2015.08.30-14.49.01:371][  0]LogInit: Compiled (64-bit): Jul 27 2015 16:24:33
[2015.08.30-14.49.01:371][  0]LogInit: Compiled with Visual C++: 18.00.21005.01
[2015.08.30-14.49.01:371][  0]LogInit: Build Configuration: Development
[2015.08.30-14.49.01:371][  0]LogInit: Branch Name: ++depot+UE4-Releases+4.8
[2015.08.30-14.49.01:371][  0]LogInit: Command line: 
[2015.08.30-14.49.01:371][  0]LogInit: Base directory: C:/Users/Bodoo/Documents/Programmieren/4.8/Engine/Binaries/Win64/
[2015.08.30-14.49.01:371][  0]LogInit: Rocket: 1
[2015.08.30-14.49.01:386][  0]LogInit: Using libcurl 7.41.0
[2015.08.30-14.49.01:386][  0]LogInit:  - built for x86_64-pc-win32
[2015.08.30-14.49.01:386][  0]LogInit:  - supports SSL with WinSSL
[2015.08.30-14.49.01:386][  0]LogInit:  - other features:
[2015.08.30-14.49.01:386][  0]LogInit:      CURL_VERSION_SSL
[2015.08.30-14.49.01:386][  0]LogInit:      CURL_VERSION_IPV6
[2015.08.30-14.49.01:386][  0]LogInit:      CURL_VERSION_ASYNCHDNS
[2015.08.30-14.49.01:386][  0]LogInit:      CURL_VERSION_LARGEFILE
[2015.08.30-14.49.01:386][  0]LogInit:      CURL_VERSION_IDN
[2015.08.30-14.49.01:386][  0]LogInit:  CurlRequestOptions (configurable via config and command line):
[2015.08.30-14.49.01:386][  0]LogInit:  - bVerifyPeer = true  - Libcurl will verify peer certificate
[2015.08.30-14.49.01:386][  0]LogInit:  - bUseHttpProxy = false  - Libcurl will NOT use HTTP proxy
[2015.08.30-14.49.01:386][  0]LogInit:  - bDontReuseConnections = false  - Libcurl will reuse connections
[2015.08.30-14.49.01:386][  0]LogInit:  - CertBundlePath = nullptr  - Libcurl will use whatever was configured at build time.
[2015.08.30-14.49.01:402][  0]LogOnline:Warning: No default platform service specified for OnlineSubsystem
[2015.08.30-14.49.01:417][  0]LogInit: Presizing for 0 objects not considered by GC, pre-allocating 0 bytes.
[2015.08.30-14.49.01:417][  0]LogInit: Object subsystem initialized
[2015.08.30-14.49.01:417][  0]LogConsoleResponse:Warning: Skipping Unknown console variable: 'UIScaleCurve = (EditorCurveData=(Keys=((Time=480.000000,Value=0.444000),(Time=720.000000,Value=0.666000),(Time=1080.000000,Value=1.000000),(Time=8640.000000,Value=8.000000))),ExternalCurve=None)'
[2015.08.30-14.49.01:417][  0]LogConsoleResponse:Warning:   Found in ini file 'C:/Users/Bodoo/Documents/Programmieren/Projekte/NotPartofTheGame/Saved/Config/Windows/Engine.ini', in section '[/Script/Engine.RendererSettings]'
[2015.08.30-14.49.01:417][  0]LogConsoleManager:Warning: Console variable 'r.MSAA.CompositingSampleCount' wasn't set ('Scalability' has a lower priority than 'ProjectSetting')
[2015.08.30-14.49.01:417][  0]LogInit: Selected Device Profile: [Windows]
[2015.08.30-14.49.01:417][  0]LogInit: Applying CVar settings loaded from the selected device profile: [Windows]
[2015.08.30-14.49.01:437][  0]LogInit: Computer: DESKTOP-GLF6O4V
[2015.08.30-14.49.01:437][  0]LogInit: User: Bodoo
[2015.08.30-14.49.01:437][  0]LogInit: CPU Page size=4096, Cores=4
[2015.08.30-14.49.01:437][  0]LogInit: High frequency timer resolution =3.215351 MHz
[2015.08.30-14.49.01:437][  0]LogMemory: Memory total: Physical=12.0GB (12GB approx)
[2015.08.30-14.49.01:437][  0]LogMemory: Platform Memory Stats for Windows
[2015.08.30-14.49.01:437][  0]LogMemory: Process Physical Memory: 50.11 MB used, 50.11 MB peak
[2015.08.30-14.49.01:437][  0]LogMemory: Process Virtual Memory: 22.50 MB used, 22.50 MB peak
[2015.08.30-14.49.01:437][  0]LogMemory: Physical Memory: 2279.25 MB used, 12270.70 MB total
[2015.08.30-14.49.01:437][  0]LogMemory: Virtual Memory: 309.61 MB used, 134217728.00 MB total
[2015.08.30-14.49.01:467][  0]LogTextLocalizationManager: The requested culture ('de_DE') has no localization data; falling back to 'en' for localization and internationalization data.
[2015.08.30-14.49.01:682][  0]LogTextLocalizationManager:Warning: Loaded localization resources contain conflicting entries for (Namespace:ContentBrowser, Key:ImportAssetToolTip):
Localization Resource: (C:/Users/Bodoo/Documents/Programmieren/4.8/Engine/Content/Localization/Editor/en/Editor.locres) Source String Hash: (-630476809) Localized String: (Import to {0}...)
Localization Resource: (C:/Users/Bodoo/Documents/Programmieren/4.8/Engine/Content/Localization/Editor/en/Editor.locres) Source String Hash: (1271782899) Localized String: (Imports an asset from file to this folder.)
[2015.08.30-14.49.02:085][  0]LogD3D11RHI: Found D3D11 adapter 0: AMD Radeon HD 6800 Series (Feature Level 11_0)
[2015.08.30-14.49.02:085][  0]LogD3D11RHI: Adapter has 1011MB of dedicated video memory, 0MB of dedicated system memory, and 3840MB of shared system memory, 1 output[s]
[2015.08.30-14.49.02:086][  0]LogD3D11RHI: Found D3D11 adapter 1: Microsoft Basic Render Driver (Feature Level 11_0)
[2015.08.30-14.49.02:086][  0]LogD3D11RHI: Adapter has 0MB of dedicated video memory, 0MB of dedicated system memory, and 6135MB of shared system memory, 0 output[s]
[2015.08.30-14.49.02:086][  0]LogD3D11RHI: Chosen D3D11 Adapter Id = 0
[2015.08.30-14.49.02:089][  0]LogD3D11RHI: InitD3DDevice
[2015.08.30-14.49.02:089][  0]LogD3D11RHI: !Direct3DDevice
[2015.08.30-14.49.02:089][  0]LogRHI: Texture pool is 708 MB (70% of 1011 MB)
[2015.08.30-14.49.02:095][  0]LogD3D11RHI: Async texture creation disabled: no driver support
[2015.08.30-14.49.02:106][  0]LogShaderCompilers:Display: Using Local Shader Compiler.
[2015.08.30-14.49.02:892][  0]LogTemp:Display: Loaded TP DesktopTargetPlatform
[2015.08.30-14.49.02:907][  0]LogTemp:Display: Loaded TP WindowsClientTargetPlatform
[2015.08.30-14.49.02:921][  0]LogTemp:Display: Loaded TP WindowsNoEditorTargetPlatform
[2015.08.30-14.49.02:935][  0]LogTemp:Display: Loaded TP WindowsServerTargetPlatform
[2015.08.30-14.49.02:950][  0]LogTemp:Display: Loaded TP WindowsTargetPlatform
[2015.08.30-14.49.02:963][  0]LogTemp:Display: Loaded TP AndroidTargetPlatform
[2015.08.30-14.49.02:975][  0]LogTemp:Display: Loaded TP Android_ASTCTargetPlatform
[2015.08.30-14.49.02:987][  0]LogTemp:Display: Loaded TP Android_ATCTargetPlatform
[2015.08.30-14.49.03:000][  0]LogTemp:Display: Loaded TP Android_DXTTargetPlatform
[2015.08.30-14.49.03:012][  0]LogTemp:Display: Loaded TP Android_ETC1TargetPlatform
[2015.08.30-14.49.03:025][  0]LogTemp:Display: Loaded TP Android_ETC2TargetPlatform
[2015.08.30-14.49.03:037][  0]LogTemp:Display: Loaded TP Android_PVRTCTargetPlatform
[2015.08.30-14.49.03:085][  0]LogTemp:Display: Loaded TP IOSTargetPlatform
[2015.08.30-14.49.03:097][  0]LogTemp:Display: Loaded TP LinuxNoEditorTargetPlatform
[2015.08.30-14.49.03:109][  0]LogTemp:Display: Loaded TP LinuxServerTargetPlatform
[2015.08.30-14.49.03:123][  0]LogTemp:Display: Loaded TP LinuxTargetPlatform
[2015.08.30-14.49.03:123][  0]LogTargetPlatformManager:Display: Building Assets For Windows
[2015.08.30-14.49.03:325][  0]LogDerivedDataCache:Display: Max Cache Size: 512 MB
[2015.08.30-14.49.03:382][  0]LogDerivedDataCache: Loaded boot cache 0.06s 53MB C:/Users/Bodoo/AppData/Local/UnrealEngine/4.8/DerivedDataCache/Boot.ddc.
[2015.08.30-14.49.03:382][  0]LogDerivedDataCache:Display: Loaded Boot cache: C:/Users/Bodoo/AppData/Local/UnrealEngine/4.8/DerivedDataCache/Boot.ddc
[2015.08.30-14.49.03:382][  0]LogDerivedDataCache: FDerivedDataBackendGraph:  Pak pak cache file ../../../../Projekte/NotPartofTheGame/DerivedDataCache/DDC.ddp not found, will not use a pak cache.
[2015.08.30-14.49.03:382][  0]LogDerivedDataCache: Unable to find inner node Pak for hierarchical cache Hierarchy.
[2015.08.30-14.49.03:382][  0]LogDerivedDataCache: FDerivedDataBackendGraph:  CompressedPak pak cache file ../../../../Projekte/NotPartofTheGame/DerivedDataCache/Compressed.ddp not found, will not use a pak cache.
[2015.08.30-14.49.03:382][  0]LogDerivedDataCache: Unable to find inner node CompressedPak for hierarchical cache Hierarchy.
[2015.08.30-14.49.03:528][  0]LogDerivedDataCache:Display: Pak cache opened for reading ../../../Engine/DerivedDataCache/Compressed.ddp.
[2015.08.30-14.49.03:540][  0]LogDerivedDataCache: Using Local data cache path C:/Users/Bodoo/AppData/Local/UnrealEngine/Common/DerivedDataCache: Writable
[2015.08.30-14.49.03:770][  0]LogInit: Selected Device Profile: [Windows]
[2015.08.30-14.49.03:862][  0]ImportText (ComponentSweepMultiTests): Missing closing parenthesis: (RootShapeAsset="/Engine/BasicShapes/Cube.Cube",ShapeType="TriggerCapsule",HitResult=(Time=0.50,Location=(X=-100.000015,Y=0.0,Z=100.000015),ImpactPoint=(X=-50.0,Y=0.0,Z=50.0),Normal=(X=-1.0,Y=-0.0,Z=0.0),ImpactNormal=(X=0.0,Y=0.0,Z=1.0),TraceStart=(X=-200.0,Y=0.0,Z=200.0),TraceEnd=(X=0.0,Y=0.0,Z=0.0))
[2015.08.30-14.49.03:862][  0]ImportText (LineTraceSingleByChannelTests): Missing closing parenthesis: (RootShapeAsset="/Engine/BasicShapes/Cube.Cube",HitResult=(Time=0.50,Location=(X=-100.000015,Y=0.0,Z=100.000015),ImpactPoint=(X=-50.0,Y=0.0,Z=50.0),Normal=(X=-1.0,Y=-0.0,Z=0.0),ImpactNormal=(X=0.0,Y=0.0,Z=1.0),TraceStart=(X=-200.0,Y=0.0,Z=200.0),TraceEnd=(X=0.0,Y=0.0,Z=0.0))
[2015.08.30-14.49.03:890][  0]LogMeshUtilities: No automatic mesh reduction module available
[2015.08.30-14.49.03:890][  0]LogMeshUtilities: No automatic mesh merging module available
[2015.08.30-14.49.04:206][  0]LogInit: WinSock: version 1.1 (2.2), MaxSocks=32767, MaxUdp=65467
[2015.08.30-14.49.05:235][  0]LogAssetRegistry: FAssetRegistry took 0.0107 seconds to start up
[2015.08.30-14.49.05:251][  0]LogDirectoryWatcher:Warning: Failed to begin reading directory changes for ../../../Engine/Plugins/Experimental/CharacterAI/Content/. Error: 0
[2015.08.30-14.49.05:265][  0]UdpMessaging: Initializing bridge on interface 0.0.0.0:0 to multicast group 230.0.0.1:6666.
[2015.08.30-14.49.05:637][  0]SourceControl: Info Source control is disabled
[2015.08.30-14.49.05:645][  0]SourceControl: Info Source control is disabled
[2015.08.30-14.49.05:656][  0]SourceControl: Info Source control is disabled
[2015.08.30-14.49.05:666][  0]SourceControl: Info Source control is disabled
[2015.08.30-14.49.05:937][  0]LogObj: 26440 objects as part of root set at end of initial load.
[2015.08.30-14.49.05:937][  0]LogUObjectAllocator: 5438856 out of 0 bytes used by permanent object pool.
[2015.08.30-14.49.06:009][  0]LogEngine: Initializing Engine...
[2015.08.30-14.49.06:011][  0]LogHMD: Can't find Oculus library dev build: is proper Runtime installed? Version: 0.6.0.0
[2015.08.30-14.49.06:013][  0]LogHMD:Warning: SteamVR failed to initialize.  Error: 110
[2015.08.30-14.49.06:170][  0]LogAIModule: Creating AISystem for world NewWorld
[2015.08.30-14.49.06:175][  0]LogInit: XAudio2 using 'Lautsprecher (G510s Gaming Keyboard)' : 2 channels at 48 kHz using 16 bits per sample (channel mask 0x3)
[2015.08.30-14.49.06:197][  0]LogInit: FAudioDevice initialized.
[2015.08.30-14.49.06:225][  0]LogDerivedDataCache: Saved boot cache 0.03s 53MB C:/Users/Bodoo/AppData/Local/UnrealEngine/4.8/DerivedDataCache/Boot.ddc.
[2015.08.30-14.49.06:236][  0]LogInit: Texture streaming: Disabled
[2015.08.30-14.49.06:262][  0]LogAnalytics: Creating configured Analytics provider AnalyticsET
[2015.08.30-14.49.06:262][  0]LogAnalytics: [UEEditor.Rocket.Release] APIServer = http://et2.epicgames.com/ET2/. AppVersion = 4.8.3-2634408+++depot+UE4-Releases+4.8
[2015.08.30-14.49.06:263][  0]LogAnalytics: [UEEditor.Rocket.Release] SetUserId 0359330b4a4de6cf49a2cc9879aa4f35||823e2c57-8ae8-4d61-a04c-15505c18bf02
[2015.08.30-14.49.06:263][  0]LogAnalytics: [UEEditor.Rocket.Release] AnalyticsET::StartSession
[2015.08.30-14.49.06:287][  0]LogInit: Transaction tracking system initialized
[2015.08.30-14.49.06:418][  0]BlueprintLog: New page: Editor Load
[2015.08.30-14.49.07:054][  0]LogConsoleManager:Warning: Console variable 'r.VSync' wasn't set ('GameSetting' has a lower priority than 'SystemSettingsIni')
[2015.08.30-14.49.07:054][  0]LogConsoleResponse:Display: 
[2015.08.30-14.49.07:156][  0]LogCook:Display: Done creating registry. It took  0.00s.
[2015.08.30-14.49.07:343][  0]SourceControl: Info Source control is disabled
[2015.08.30-14.49.07:344][  0]Cmd: MAP LOAD FILE="../../../../Projekte/NotPartofTheGame/Content/NPOTG/Maps/Testing_Level.umap" TEMPLATE=0 SHOWPROGRESS=1 FEATURELEVEL=3
[2015.08.30-14.49.07:344][  0]LightingResults: New page: Lighting Build
[2015.08.30-14.49.07:356][  0]MapCheck: New page: Map Check
[2015.08.30-14.49.07:356][  0]LightingResults: New page: Lighting Build
[2015.08.30-14.49.07:364][  0]LogParticles: Destroying 0 GPU particle simulations for FXSystem 0x0000006369F7EF20
[2015.08.30-14.49.09:578][  0]LogAIModule: Creating AISystem for world Testing_Level
[2015.08.30-14.49.09:580][  0]LogPrimitiveComponent: Zero scaling not supported (/Game/NPOTG/Maps/Testing_Level.Testing_Level:PersistentLevel.PlayerStart.CollisionCapsule)
[2015.08.30-14.49.09:650][  0]LogEditorServer: Finished looking for orphan Actors (0.000 secs)
[2015.08.30-14.49.09:653][  0]Cmd: MAP CHECKDEP NOCLEARLOG
[2015.08.30-14.49.09:716][  0]MapCheck: Info Map check complete: 0 Error(s), 0 Warning(s), took 62.826ms to complete.
[2015.08.30-14.49.09:716][  0]LogFileHelpers: Loading map 'Testing_Level' took 2.373
[2015.08.30-14.49.09:832][  0]LogCollectionManager: Loaded 0 collections in 0.001888 seconds
[2015.08.30-14.49.09:840][  0]LogContentBrowser: Native class hierarchy populated in 0.0074 seconds. Added 1807 classes and 307 folders.
[2015.08.30-14.49.09:884][  0]LogContentBrowser: Native class hierarchy updated for 'WidgetCarousel' in 0.0004 seconds. Added 0 classes and 0 folders.
[2015.08.30-14.49.09:912][  0]LogContentBrowser: Native class hierarchy updated for 'AddContentDialog' in 0.0003 seconds. Added 0 classes and 0 folders.
[2015.08.30-14.49.09:929][  0]LogContentBrowser: Native class hierarchy updated for 'SceneOutliner' in 0.0004 seconds. Added 1 classes and 2 folders.
[2015.08.30-14.49.10:004][  0]LogCrashTracker: Crashtracker disabled due to settings.
[2015.08.30-14.49.10:006][  0]LogD3D11RHI: InitD3DDevice
[2015.08.30-14.49.10:024][  0]LogWindowsTextInputMethodSystem:Display: IME system now deactivated.
[2015.08.30-14.49.10:024][  0]LogWindowsTextInputMethodSystem:Display: IME system now deactivated.
[2015.08.30-14.49.10:025][  0]LogD3D11RHI: InitD3DDevice
[2015.08.30-14.49.10:071][  0]LogLoad: Full Startup: 10.39 seconds (BP compile: 1.19 seconds)
[2015.08.30-14.49.10:155][  0]LogContentStreaming: Texture pool size is 0.000000MB
[2015.08.30-14.49.10:205][  0]LogContentStreaming: Texture pool size now 1000 MB
[2015.08.30-14.49.10:396][  0]LogRenderer: Reallocating scene render targets to support 1208x576 (Frame:2).
[2015.08.30-14.49.10:770][  8]LogAssetRegistry: Asset discovery search completed in 5.5468 seconds
[2015.08.30-14.49.23:064][420]LogEditorViewport: Clicking on Actor (LMB): PaperSpriteActor (tileset_Sprite1024)
[2015.08.30-14.49.38:225][945]LogEditorViewport: Clicking Background
[2015.08.30-14.49.42:334][425]LogEditorViewport: Clicking on Actor (LMB): PaperSpriteActor (tileset_Sprite1038)
[2015.08.30-14.49.51:072][304]LogEditorViewport: Clicking Background
[2015.08.30-14.49.52:375][455]LogEditorViewport: Clicking on Actor (LMB): PaperSpriteActor (tileset_Sprite1047)
[2015.08.30-14.50.02:196][475]LogEditorViewport: Clicking on Actor (LMB): PaperSpriteActor (tileset_Sprite1048)
[2015.08.30-14.50.07:481][  9]LogEditorViewport: Clicking Background
[2015.08.30-14.50.08:609][140]LogEditorViewport: Clicking on Actor (LMB): PaperSpriteActor (tileset_Sprite1037)
[2015.08.30-14.50.16:898][932]LogEditorViewport: Clicking Background
[2015.08.30-14.50.18:566][125]LogD3D11RHI: InitD3DDevice
[2015.08.30-14.59.01:617][929]LogD3D11RHI: InitD3DDevice
[2015.08.30-14.59.10:618][956]LogD3D11RHI: InitD3DDevice
[2015.08.30-14.59.11:505][956]LogSavePackage: Save=432.614990ms
[2015.08.30-14.59.11:506][956]LogSavePackage: Moving '../../../../Projekte/NotPartofTheGame/Saved/Testing_Level_Auto1A06D08144049016035335A93D4200655.tmp' to '../../../../Projekte/NotPartofTheGame/Saved/Autosaves/Game/NPOTG/Maps/Testing_Level_Auto1.umap'
[2015.08.30-14.59.11:514][956]LogFileHelpers: Editor autosave (incl. sublevels) for '/Game/NPOTG/Maps/Testing_Level' took 0.762
[2015.08.30-14.59.11:514][956]LogFileHelpers: Editor autosave (incl. sublevels) for all levels took 0.762
[2015.08.30-15.22.19:460][ 75]LogD3D11RHI: InitD3DDevice
[2015.08.30-15.22.19:947][ 75]LogSavePackage: Save=416.645660ms
[2015.08.30-15.22.19:947][ 75]LogSavePackage: Moving '../../../../Projekte/NotPartofTheGame/Saved/UEDPCTesting_Level2B453BC64103B89E0C6060B065BEA78A.tmp' to '../../../../Projekte/NotPartofTheGame/Saved/Autosaves/Game/NPOTG/Maps/UEDPCTesting_Level.umap'
[2015.08.30-15.22.46:937][493]LogD3D11RHI: InitD3DDevice
[2015.08.30-15.22.55:937][520]LogD3D11RHI: InitD3DDevice
[2015.08.30-15.22.56:566][520]LogSavePackage: Save=443.544739ms
[2015.08.30-15.22.56:566][520]LogSavePackage: Moving '../../../../Projekte/NotPartofTheGame/Saved/Testing_Level_Auto2DFACDC81438A57B2EC5B6AA0D1F6A4A6.tmp' to '../../../../Projekte/NotPartofTheGame/Saved/Autosaves/Game/NPOTG/Maps/Testing_Level_Auto2.umap'
[2015.08.30-15.22.56:570][520]LogFileHelpers: Editor autosave (incl. sublevels) for '/Game/NPOTG/Maps/Testing_Level' took 0.519
[2015.08.30-15.22.56:570][520]LogFileHelpers: Editor autosave (incl. sublevels) for all levels took 0.519
[2015.08.30-15.23.38:764][639]LogEditorViewport: Clicking on Actor (LMB): PaperSpriteActor (tileset_Sprite1042)
[2015.08.30-15.23.53:078][968]LogEditorViewport: Clicking on Actor (LMB): PaperSpriteActor (tileset_Sprite1079)
[2015.08.30-15.23.55:038][181]Cmd: TRANSACTION UNDO
[2015.08.30-15.23.55:047][181]LogEditorTransaction: Undo Clicking on Actors
[2015.08.30-15.23.55:063][181]LogD3D11RHI: InitD3DDevice
[2015.08.30-15.24.00:340][667]LogD3D11RHI: InitD3DDevice
[2015.08.30-15.24.14:619][ 35]LogEditorViewport: Clicking Background
[2015.08.30-15.24.20:145][688]LogEditorViewport: Clicking on Actor (LMB): PaperSpriteActor (tileset_Sprite1064)
[2015.08.30-15.24.25:421][204]Cmd: DELETE
[2015.08.30-15.24.25:421][204]Cmd: ACTOR DELETE
[2015.08.30-15.24.25:424][204]LogEditorActor: Deleted Actor: PaperSpriteActor
[2015.08.30-15.24.25:426][204]LogEditorActor: Deleted Actor: PaperSpriteActor
[2015.08.30-15.24.25:428][204]LogEditorActor: Deleted Actor: PaperSpriteActor
[2015.08.30-15.24.25:430][204]LogEditorActor: Deleted Actor: PaperSpriteActor
[2015.08.30-15.24.25:433][204]LogEditorActor: Deleted Actor: PaperSpriteActor
[2015.08.30-15.24.25:435][204]LogEditorActor: Deleted Actor: PaperSpriteActor
[2015.08.30-15.24.25:437][204]LogEditorActor: Deleted Actor: PaperSpriteActor
[2015.08.30-15.24.25:438][204]LogEditorActor: Deleted Actor: PaperSpriteActor
[2015.08.30-15.24.25:463][204]LogEditorActor: Deleted 8 Actors (0.041 secs)
[2015.08.30-15.32.47:974][503]LogD3D11RHI: InitD3DDevice
[2015.08.30-15.33.00:307][540]LogD3D11RHI: InitD3DDevice
[2015.08.30-15.33.00:961][540]LogSavePackage: Save=464.971008ms
[2015.08.30-15.33.00:961][540]LogSavePackage: Moving '../../../../Projekte/NotPartofTheGame/Saved/Testing_Level_Auto32A2BD6D642D7D5A25EE3E3900B9E0F18.tmp' to '../../../../Projekte/NotPartofTheGame/Saved/Autosaves/Game/NPOTG/Maps/Testing_Level_Auto3.umap'
[2015.08.30-15.33.00:965][540]LogFileHelpers: Editor autosave (incl. sublevels) for '/Game/NPOTG/Maps/Testing_Level' took 0.548
[2015.08.30-15.33.00:966][540]LogFileHelpers: Editor autosave (incl. sublevels) for all levels took 0.548
[2015.08.30-15.33.35:255][812]LogD3D11RHI: InitD3DDevice
[2015.08.30-15.33.35:272][812]LogFactory: FactoryCreateBinary: Texture with TextureFactory (0 0 C:\Users\Bodoo\Documents\Programmieren\Projekte\NotPartofTheGame\src\höhle.png)
[2015.08.30-15.33.35:274][812]LogTexture:Display: Building textures: höhle (AutoDXT)
[2015.08.30-15.33.37:657][826]LogD3D11RHI: InitD3DDevice
[2015.08.30-15.33.38:219][886]LogD3D11RHI: InitD3DDevice
[2015.08.30-15.33.38:418][906]LogD3D11RHI: InitD3DDevice
[2015.08.30-15.33.40:677][168]LogTexture:Display: Building textures: höhle (BGRA8)
[2015.08.30-15.33.41:580][265]LogD3D11RHI: InitD3DDevice
[2015.08.30-15.33.41:896][298]LogD3D11RHI: InitD3DDevice
[2015.08.30-15.33.43:628][497]LogD3D11RHI: InitD3DDevice
[2015.08.30-15.33.44:499][598]LogD3D11RHI: InitD3DDevice
[2015.08.30-15.33.44:532][598]LogD3D11RHI: InitD3DDevice
[2015.08.30-15.33.46:229][766]LogD3D11RHI: InitD3DDevice
[2015.08.30-15.33.53:094][457]LogD3D11RHI: InitD3DDevice
[2015.08.30-15.33.59:337][111]LogEditorViewport: Clicking on Actor (LMB): PaperSpriteActor (tileset_Sprite1042)
[2015.08.30-15.34.03:072][411]Cmd: DELETE
[2015.08.30-15.34.03:072][411]Cmd: ACTOR DELETE
[2015.08.30-15.34.03:075][411]LogEditorActor: Deleted Actor: PaperSpriteActor
[2015.08.30-15.34.03:077][411]LogEditorActor: Deleted Actor: PaperSpriteActor
[2015.08.30-15.34.03:079][411]LogEditorActor: Deleted Actor: PaperSpriteActor
[2015.08.30-15.34.03:081][411]LogEditorActor: Deleted Actor: PaperSpriteActor
[2015.08.30-15.34.03:083][411]LogEditorActor: Deleted Actor: PaperSpriteActor
[2015.08.30-15.34.03:085][411]LogEditorActor: Deleted Actor: PaperSpriteActor
[2015.08.30-15.34.03:087][411]LogEditorActor: Deleted Actor: PaperSpriteActor
[2015.08.30-15.34.03:089][411]LogEditorActor: Deleted Actor: PaperSpriteActor
[2015.08.30-15.34.03:091][411]LogEditorActor: Deleted Actor: PaperSpriteActor
[2015.08.30-15.34.03:093][411]LogEditorActor: Deleted Actor: PaperSpriteActor
[2015.08.30-15.34.03:096][411]LogEditorActor: Deleted Actor: PaperSpriteActor
[2015.08.30-15.34.03:098][411]LogEditorActor: Deleted Actor: PaperSpriteActor
[2015.08.30-15.34.03:100][411]LogEditorActor: Deleted Actor: PaperSpriteActor
[2015.08.30-15.34.03:102][411]LogEditorActor: Deleted Actor: PaperSpriteActor
[2015.08.30-15.34.03:104][411]LogEditorActor: Deleted Actor: PaperSpriteActor
[2015.08.30-15.34.03:106][411]LogEditorActor: Deleted Actor: PaperSpriteActor
[2015.08.30-15.34.03:108][411]LogEditorActor: Deleted Actor: PaperSpriteActor
[2015.08.30-15.34.03:110][411]LogEditorActor: Deleted Actor: PaperSpriteActor
[2015.08.30-15.34.03:113][411]LogEditorActor: Deleted Actor: PaperSpriteActor
[2015.08.30-15.34.03:115][411]LogEditorActor: Deleted Actor: PaperSpriteActor
[2015.08.30-15.34.03:117][411]LogEditorActor: Deleted Actor: PaperSpriteActor
[2015.08.30-15.34.03:119][411]LogEditorActor: Deleted Actor: PaperSpriteActor
[2015.08.30-15.34.03:121][411]LogEditorActor: Deleted Actor: PaperSpriteActor
[2015.08.30-15.34.03:123][411]LogEditorActor: Deleted Actor: PaperSpriteActor
[2015.08.30-15.34.03:148][411]LogEditorActor: Deleted 24 Actors (0.077 secs)
[2015.08.30-15.34.06:424][781]LogEditorViewport: Clicking on Actor (LMB): PaperSpriteActor (tileset_Sprite1037)
[2015.08.30-15.34.07:707][879]LogD3D11RHI: InitD3DDevice
[2015.08.30-15.34.13:608][370]LogEditorViewport: Clicking on Actor (LMB): PaperSpriteActor (tileset_Sprite1058)
[2015.08.30-15.34.15:458][527]LogEditorViewport: Clicking on Actor (LMB): PaperSpriteActor (tileset_Sprite1037)
[2015.08.30-15.34.15:922][564]LogEditorViewport: Clicking on Actor (LMB): PaperSpriteActor (tileset_Sprite1058)
[2015.08.30-15.34.17:319][668]LogD3D11RHI: InitD3DDevice
[2015.08.30-15.34.25:258][340]LogEditorViewport: Clicking on Actor (LMB): PaperSpriteActor (tileset_Sprite1060)
[2015.08.30-15.34.28:667][619]LogD3D11RHI: InitD3DDevice
[2015.08.30-15.34.40:019][443]LogD3D11RHI: InitD3DDevice
[2015.08.30-15.34.44:261][798]LogEditorViewport: Clicking Background
[2015.08.30-15.34.45:247][908]LogEditorViewport: Clicking on Actor (LMB): PaperSpriteActor (tileset_Sprite1061)
[2015.08.30-15.34.48:145][125]LogD3D11RHI: InitD3DDevice
[2015.08.30-15.34.53:253][549]LogEditorViewport: Clicking on Actor (LMB): PaperSpriteActor (tileset_Sprite1062)
[2015.08.30-15.34.55:949][769]LogD3D11RHI: InitD3DDevice
[2015.08.30-15.35.01:351][218]LogEditorViewport: Clicking on Actor (LMB): PaperSpriteActor (tileset_Sprite1063)
[2015.08.30-15.35.06:195][586]LogD3D11RHI: InitD3DDevice
[2015.08.30-15.35.10:928][973]LogEditorViewport: Clicking Background
[2015.08.30-15.35.20:536][ 81]LogEditorViewport: Clicking on Actor (LMB): PaperSpriteActor (tileset_Sprite1062)
[2015.08.30-15.35.22:495][250]LogEditorViewport: Clicking on Actor (LMB): PaperSpriteActor (tileset_Sprite1036)
[2015.08.30-15.35.24:251][383]LogD3D11RHI: InitD3DDevice
[2015.08.30-15.35.33:572][168]LogEditorViewport: Clicking on Actor (LMB): PaperSpriteActor (tileset_Sprite1035)
[2015.08.30-15.35.35:446][306]LogD3D11RHI: InitD3DDevice
[2015.08.30-15.35.39:185][615]LogEditorViewport: Clicking on Actor (LMB): PaperSpriteActor (tileset_Sprite1057)
[2015.08.30-15.35.40:272][695]LogD3D11RHI: InitD3DDevice
[2015.08.30-15.35.43:326][934]LogD3D11RHI: InitD3DDevice
[2015.08.30-15.35.47:747][301]LogEditorViewport: Clicking on Actor (LMB): PaperSpriteActor (tileset_Sprite1059)
[2015.08.30-15.35.48:963][393]LogD3D11RHI: InitD3DDevice
[2015.08.30-15.35.55:178][912]LogEditorViewport: Clicking on Actor (LMB): PaperSpriteActor (tileset_Sprite1060)
[2015.08.30-15.35.57:732][102]LogD3D11RHI: InitD3DDevice
[2015.08.30-15.36.03:557][592]LogEditorViewport: Clicking on Actor (LMB): PaperSpriteActor (tileset_Sprite1058)
[2015.08.30-15.36.05:905][771]LogD3D11RHI: InitD3DDevice
[2015.08.30-15.36.10:410][145]LogEditorViewport: Clicking on Actor (LMB): PaperSpriteActor (tileset_Sprite1037)
[2015.08.30-15.36.12:358][292]LogD3D11RHI: InitD3DDevice
[2015.08.30-15.36.22:176][285]LogEditorViewport: Clicking on Actor (LMB): PaperSpriteActor (tileset_Sprite1063)
[2015.08.30-15.36.23:561][386]LogD3D11RHI: InitD3DDevice
[2015.08.30-15.36.35:401][370]LogEditorViewport: Clicking Background
[2015.08.30-15.36.36:718][517]LogEditorViewport: Clicking on Actor (LMB): PaperSpriteActor (tileset_Sprite1063)
[2015.08.30-15.36.40:258][780]LogD3D11RHI: InitD3DDevice
[2015.08.30-15.37.03:754][813]LogEditorViewport: Clicking on Actor (LMB): PaperSpriteActor (tileset_Sprite1042)
[2015.08.30-15.37.20:195][ 64]LogEditorViewport: Clicking on Actor (LMB): PaperSpriteActor (tileset_Sprite1070)
[2015.08.30-15.37.22:837][259]LogD3D11RHI: InitD3DDevice
[2015.08.30-15.37.29:619][829]LogEditorViewport: Clicking on Actor (LMB): PaperSpriteActor (tileset_Sprite1071)
[2015.08.30-15.37.31:182][966]LogEditorViewport: Clicking on Actor (LMB): PaperSpriteActor (tileset_Sprite1066)
[2015.08.30-15.37.33:019][114]LogD3D11RHI: InitD3DDevice
[2015.08.30-15.37.38:087][535]LogEditorViewport: Clicking on Actor (LMB): PaperSpriteActor (tileset_Sprite1065)
[2015.08.30-15.37.39:066][608]LogD3D11RHI: InitD3DDevice
[2015.08.30-15.37.49:902][524]LogEditorViewport: Clicking on Actor (LMB): PaperSpriteActor (tileset_Sprite1064)
[2015.08.30-15.37.52:343][717]LogD3D11RHI: InitD3DDevice
[2015.08.30-15.37.58:153][196]LogEditorViewport: Clicking on Actor (LMB): PaperSpriteActor (tileset_Sprite1080)
[2015.08.30-15.38.00:686][385]LogD3D11RHI: InitD3DDevice
[2015.08.30-15.38.08:990][ 80]LogEditorViewport: Clicking Background
[2015.08.30-15.38.14:245][676]LogEditorViewport: Clicking on Actor (LMB): PaperSpriteActor (tileset_Sprite1060)
[2015.08.30-15.38.16:151][832]LogD3D11RHI: InitD3DDevice
[2015.08.30-15.38.18:411][ 21]LogEditorViewport: Clicking on Actor (LMB): PaperSpriteActor (tileset_Sprite1059)
[2015.08.30-15.38.20:758][193]LogD3D11RHI: InitD3DDevice
[2015.08.30-15.38.22:942][375]LogEditorViewport: Clicking on Actor (LMB): PaperSpriteActor (tileset_Sprite1080)
[2015.08.30-15.38.24:302][488]LogEditorViewport: Clicking on Actor (LMB): PaperSpriteActor (tileset_Sprite1084)
[2015.08.30-15.38.25:509][587]LogEditorViewport: Clicking on Actor (LMB): PaperSpriteActor (tileset_Sprite1087)
[2015.08.30-15.38.27:320][720]LogD3D11RHI: InitD3DDevice
[2015.08.30-15.38.31:485][ 60]LogEditorViewport: Clicking on Actor (LMB): PaperSpriteActor (tileset_Sprite1090)
[2015.08.30-15.38.32:975][172]LogD3D11RHI: InitD3DDevice
[2015.08.30-15.38.37:057][506]LogEditorViewport: Clicking on Actor (LMB): PaperSpriteActor (tileset_Sprite1093)
[2015.08.30-15.38.38:200][588]LogD3D11RHI: InitD3DDevice
[2015.08.30-15.38.55:298][427]LogEditorViewport: Clicking on Actor (LMB): PaperSpriteActor (tileset_Sprite1094)
[2015.08.30-15.38.57:721][619]LogD3D11RHI: InitD3DDevice
[2015.08.30-15.39.02:520][ 16]LogEditorViewport: Clicking on Actor (LMB): PaperSpriteActor (tileset_Sprite1091)
[2015.08.30-15.39.03:622][100]LogD3D11RHI: InitD3DDevice
[2015.08.30-15.39.08:146][473]LogEditorViewport: Clicking on Actor (LMB): PaperSpriteActor (tileset_Sprite1084)
[2015.08.30-15.39.09:527][577]LogD3D11RHI: InitD3DDevice
[2015.08.30-15.39.20:480][491]LogEditorViewport: Clicking on Actor (LMB): PaperSpriteActor (tileset_Sprite1067)
[2015.08.30-15.39.21:874][595]LogD3D11RHI: InitD3DDevice
[2015.08.30-15.39.23:695][743]LogEditorViewport: Clicking on Actor (LMB): PaperSpriteActor (tileset_Sprite1088)
[2015.08.30-15.39.24:928][834]LogD3D11RHI: InitD3DDevice
[2015.08.30-15.39.28:976][167]LogEditorViewport: Clicking on Actor (LMB): PaperSpriteActor (tileset_Sprite1095)
[2015.08.30-15.39.31:497][351]LogD3D11RHI: InitD3DDevice
[2015.08.30-15.39.40:162][ 54]LogEditorViewport: Clicking on Actor (LMB): PaperSpriteActor (tileset_Sprite1067)
[2015.08.30-15.39.42:065][199]LogD3D11RHI: InitD3DDevice
[2015.08.30-15.39.46:889][595]LogEditorViewport: Clicking on Actor (LMB): PaperSpriteActor (tileset_Sprite1068)
[2015.08.30-15.39.47:812][662]LogD3D11RHI: InitD3DDevice
[2015.08.30-15.39.52:158][ 21]LogEditorViewport: Clicking on Actor (LMB): PaperSpriteActor (tileset_Sprite1072)
[2015.08.30-15.39.53:429][116]LogD3D11RHI: InitD3DDevice
[2015.08.30-15.39.58:784][562]LogEditorViewport: Clicking on Actor (LMB): PaperSpriteActor (tileset_Sprite1092)
[2015.08.30-15.39.59:797][636]LogD3D11RHI: InitD3DDevice
[2015.08.30-15.40.05:583][112]LogEditorViewport: Clicking on Actor (LMB): PaperSpriteActor (tileset_Sprite1073)
[2015.08.30-15.40.07:250][253]LogEditorViewport: Clicking on Actor (LMB): PaperSpriteActor (tileset_Sprite1071)
[2015.08.30-15.40.08:530][348]LogD3D11RHI: InitD3DDevice
[2015.08.30-15.40.12:007][631]LogEditorViewport: Clicking Background
[2015.08.30-15.40.13:360][780]LogEditorViewport: Clicking on Actor (LMB): PaperSpriteActor (tileset_Sprite1069)
[2015.08.30-15.40.16:174][  1]LogD3D11RHI: InitD3DDevice
[2015.08.30-15.40.21:269][426]LogEditorViewport: Clicking on Actor (LMB): PaperSpriteActor (tileset_Sprite1078)
[2015.08.30-15.40.22:360][506]LogD3D11RHI: InitD3DDevice
[2015.08.30-15.40.25:532][765]LogEditorViewport: Clicking on Actor (LMB): PaperSpriteActor (tileset_Sprite1074)
[2015.08.30-15.40.26:571][840]LogD3D11RHI: InitD3DDevice
[2015.08.30-15.40.29:713][ 97]LogEditorViewport: Clicking on Actor (LMB): PaperSpriteActor (tileset_Sprite1073)
[2015.08.30-15.40.30:927][187]LogD3D11RHI: InitD3DDevice
[2015.08.30-15.40.33:980][436]LogEditorViewport: Clicking on Actor (LMB): PaperSpriteActor (tileset_Sprite1077)
[2015.08.30-15.40.34:933][506]LogD3D11RHI: InitD3DDevice
[2015.08.30-15.40.40:176][934]LogEditorViewport: Clicking on Actor (LMB): PaperSpriteActor (tileset_Sprite1075)
[2015.08.30-15.40.40:650][972]LogEditorViewport: Clicking on Actor (LMB): PaperSpriteActor (tileset_Sprite1076)
[2015.08.30-15.40.41:399][ 28]LogD3D11RHI: InitD3DDevice
[2015.08.30-15.40.45:242][347]LogEditorViewport: Clicking on Actor (LMB): PaperSpriteActor (tileset_Sprite1075)
[2015.08.30-15.40.47:371][513]LogD3D11RHI: InitD3DDevice
[2015.08.30-15.40.50:830][792]LogEditorViewport: Clicking Background
[2015.08.30-15.40.52:942][ 26]LogEditorViewport: Clicking on Actor (LMB): PaperSpriteActor (tileset_Sprite1079)
[2015.08.30-15.40.54:168][120]LogD3D11RHI: InitD3DDevice
[2015.08.30-15.40.57:306][376]LogEditorViewport: Clicking Background
[2015.08.30-15.41.06:849][470]LogEditorViewport: Clicking on Actor (LMB): PaperSpriteActor (tileset_Sprite1051)
[2015.08.30-15.41.07:568][530]LogEditorViewport: Clicking on Actor (LMB): PaperSpriteActor (tileset_Sprite1050)
[2015.08.30-15.41.08:818][625]LogD3D11RHI: InitD3DDevice
[2015.08.30-15.41.16:412][260]LogEditorViewport: Clicking on Actor (LMB): PaperSpriteActor (tileset_Sprite1051)
[2015.08.30-15.41.17:821][363]LogD3D11RHI: InitD3DDevice
[2015.08.30-15.41.24:376][911]LogEditorViewport: Clicking Background
[2015.08.30-15.41.24:822][959]LogEditorViewport: Clicking on Actor (LMB): PaperSpriteActor (tileset_Sprite1051)
[2015.08.30-15.41.28:749][296]LogEditorViewport: Clicking Background
[2015.08.30-15.41.29:423][369]LogEditorViewport: Clicking on Actor (LMB): PaperSpriteActor (tileset_Sprite1096)
[2015.08.30-15.41.30:443][444]LogD3D11RHI: InitD3DDevice
[2015.08.30-15.41.35:252][838]LogEditorViewport: Clicking Background
[2015.08.30-15.41.37:661][111]LogEditorViewport: Clicking on Actor (LMB): PaperSpriteActor (tileset_Sprite1096)
[2015.08.30-15.41.42:952][556]LogD3D11RHI: InitD3DDevice
[2015.08.30-15.41.46:027][805]LogEditorViewport: Clicking Background
[2015.08.30-15.41.57:425][104]LogEditorViewport: Clicking on Actor (LMB): PaperSpriteActor (tileset_Sprite1031)
[2015.08.30-15.41.58:520][198]Cmd: DELETE
[2015.08.30-15.41.58:520][198]Cmd: ACTOR DELETE
[2015.08.30-15.41.58:523][198]LogEditorActor: Deleted Actor: PaperSpriteActor
[2015.08.30-15.41.58:548][198]LogEditorActor: Deleted 1 Actors (0.028 secs)
[2015.08.30-15.41.59:183][268]LogEditorViewport: Clicking on Actor (LMB): PaperSpriteActor (tileset_Sprite1032)
[2015.08.30-15.41.59:280][271]Cmd: DELETE
[2015.08.30-15.41.59:280][271]Cmd: ACTOR DELETE
[2015.08.30-15.41.59:283][271]LogEditorActor: Deleted Actor: PaperSpriteActor
[2015.08.30-15.41.59:307][271]LogEditorActor: Deleted 1 Actors (0.027 secs)
[2015.08.30-15.42.03:176][699]LogEditorViewport: Clicking on Actor (LMB): PaperSpriteActor (tileset_Sprite1034)
[2015.08.30-15.42.07:797][ 96]LogEditorViewport: Clicking on Actor (LMB): PaperSpriteActor (tileset_Sprite1035)
[2015.08.30-15.42.10:920][355]LogEditorViewport: Clicking Background
[2015.08.30-15.42.16:772][  9]LogEditorViewport: Clicking on Actor (LMB): PaperSpriteActor (tileset_Sprite1042)
[2015.08.30-15.42.19:488][230]LogD3D11RHI: InitD3DDevice
[2015.08.30-15.42.23:849][589]LogEditorViewport: Clicking on Actor (LMB): PaperSpriteActor (tileset_Sprite1083)
[2015.08.30-15.42.27:532][895]LogEditorViewport: Clicking on Actor (LMB): PaperSpriteActor (tileset_Sprite1020)
[2015.08.30-15.42.28:004][932]LogEditorViewport: Clicking on Actor (LMB): PaperSpriteActor (tileset_Sprite1024)
[2015.08.30-15.42.29:078][ 10]LogD3D11RHI: InitD3DDevice
[2015.08.30-15.42.34:097][426]LogEditorViewport: Clicking on Actor (LMB): PaperSpriteActor (tileset_Sprite1038)
[2015.08.30-15.42.35:248][510]LogD3D11RHI: InitD3DDevice
[2015.08.30-15.42.39:407][850]LogEditorViewport: Clicking on Actor (LMB): PaperSpriteActor (tileset_Sprite1042)
[2015.08.30-15.42.40:534][937]LogD3D11RHI: InitD3DDevice
[2015.08.30-15.42.45:126][317]LogEditorViewport: Clicking Background
[2015.08.30-15.42.55:591][497]LogEditorViewport: Clicking on Actor (LMB): PaperSpriteActor (tileset_Sprite1075)
[2015.08.30-15.43.22:684][892]LogEditorViewport: Clicking on Actor (LMB): PaperSpriteActor (tileset_Sprite1097)
[2015.08.30-15.43.40:098][352]LogEditorViewport: Clicking Background
[2015.08.30-15.43.48:199][279]LogEditorViewport: Clicking on Actor (LMB): PaperSpriteActor (tileset_Sprite1096)
[2015.08.30-15.43.54:082][778]LogEditorViewport: Clicking on Actor (LMB): PaperSpriteActor (tileset_Sprite1097)
[2015.08.30-15.43.57:981][122]LogEditorViewport: Clicking on Actor (LMB): PaperSpriteActor (tileset_Sprite1125)
[2015.08.30-15.44.03:901][632]LogEditorViewport: Clicking Background
[2015.08.30-15.44.04:421][689]LogEditorViewport: Clicking on Actor (LMB): PaperSpriteActor (tileset_Sprite1051)
[2015.08.30-15.44.11:788][325]LogEditorViewport: Clicking on Actor (LMB): PaperSpriteActor (tileset_Sprite1053)
[2015.08.30-15.44.12:789][412]Cmd: DELETE
[2015.08.30-15.44.12:789][412]Cmd: ACTOR DELETE
[2015.08.30-15.44.12:792][412]LogEditorActor: Deleted Actor: PaperSpriteActor
[2015.08.30-15.44.12:822][412]LogEditorActor: Deleted 1 Actors (0.033 secs)
[2015.08.30-15.44.13:407][477]LogEditorViewport: Clicking on Actor (LMB): PaperSpriteActor (tileset_Sprite1050)
[2015.08.30-15.44.19:059][964]LogEditorViewport: Clicking Background
[2015.08.30-15.44.54:716][607]LogD3D11RHI: InitD3DDevice
[2015.08.30-15.44.58:307][719]LogD3D11RHI: InitD3DDevice
[2015.08.30-15.45.00:343][719]LogD3D11RHI: InitD3DDevice
[2015.08.30-15.45.00:356][719]Cmd: OBJ SAVEPACKAGE PACKAGE="/Game/NPOTG/Sprites/höhle" FILE="../../../../Projekte/NotPartofTheGame/Content/NPOTG/Sprites/höhle.uasset" SILENT=true
[2015.08.30-15.45.00:362][719]LogSavePackage: Save=4.267030ms
[2015.08.30-15.45.00:362][719]LogSavePackage: Moving '../../../../Projekte/NotPartofTheGame/Saved/höhleB45A350F4234890B56BF448D8066C11F.tmp' to '../../../../Projekte/NotPartofTheGame/Content/NPOTG/Sprites/höhle.uasset'
[2015.08.30-15.45.00:378][719]Cmd: OBJ SAVEPACKAGE PACKAGE="/Game/NPOTG/Sprites/höhle_Sprite_0" FILE="../../../../Projekte/NotPartofTheGame/Content/NPOTG/Sprites/höhle_Sprite_0.uasset" SILENT=true
[2015.08.30-15.45.00:386][719]LogSavePackage: Save=6.844976ms
[2015.08.30-15.45.00:386][719]LogSavePackage: Moving '../../../../Projekte/NotPartofTheGame/Saved/höhle_Sprite_0AB716586463E96E6FA0BD382601B8069.tmp' to '../../../../Projekte/NotPartofTheGame/Content/NPOTG/Sprites/höhle_Sprite_0.uasset'
[2015.08.30-15.45.00:401][719]Cmd: OBJ SAVEPACKAGE PACKAGE="/Game/NPOTG/Sprites/höhle_Sprite_1" FILE="../../../../Projekte/NotPartofTheGame/Content/NPOTG/Sprites/höhle_Sprite_1.uasset" SILENT=true
[2015.08.30-15.45.00:409][719]LogSavePackage: Save=6.560403ms
[2015.08.30-15.45.00:409][719]LogSavePackage: Moving '../../../../Projekte/NotPartofTheGame/Saved/höhle_Sprite_1EF3174CE44FF8EAABCADDAB6BF442E19.tmp' to '../../../../Projekte/NotPartofTheGame/Content/NPOTG/Sprites/höhle_Sprite_1.uasset'
[2015.08.30-15.45.00:424][719]Cmd: OBJ SAVEPACKAGE PACKAGE="/Game/NPOTG/Sprites/höhle_Sprite_2" FILE="../../../../Projekte/NotPartofTheGame/Content/NPOTG/Sprites/höhle_Sprite_2.uasset" SILENT=true
[2015.08.30-15.45.00:433][719]LogSavePackage: Save=6.695381ms
[2015.08.30-15.45.00:433][719]LogSavePackage: Moving '../../../../Projekte/NotPartofTheGame/Saved/höhle_Sprite_2DFE931FB4DF3C892046749B88182530D.tmp' to '../../../../Projekte/NotPartofTheGame/Content/NPOTG/Sprites/höhle_Sprite_2.uasset'
[2015.08.30-15.45.00:451][719]Cmd: OBJ SAVEPACKAGE PACKAGE="/Game/NPOTG/Sprites/höhle_Sprite_3" FILE="../../../../Projekte/NotPartofTheGame/Content/NPOTG/Sprites/höhle_Sprite_3.uasset" SILENT=true
[2015.08.30-15.45.00:459][719]LogSavePackage: Save=6.419206ms
[2015.08.30-15.45.00:459][719]LogSavePackage: Moving '../../../../Projekte/NotPartofTheGame/Saved/höhle_Sprite_3178E274D4CC4DF12CF6B7D97BD3160FB.tmp' to '../../../../Projekte/NotPartofTheGame/Content/NPOTG/Sprites/höhle_Sprite_3.uasset'
[2015.08.30-15.45.00:473][719]Cmd: OBJ SAVEPACKAGE PACKAGE="/Game/NPOTG/Sprites/höhle_Sprite_4" FILE="../../../../Projekte/NotPartofTheGame/Content/NPOTG/Sprites/höhle_Sprite_4.uasset" SILENT=true
[2015.08.30-15.45.00:482][719]LogSavePackage: Save=6.784951ms
[2015.08.30-15.45.00:482][719]LogSavePackage: Moving '../../../../Projekte/NotPartofTheGame/Saved/höhle_Sprite_425D735044B6C78C10CCB85B2D4662F5C.tmp' to '../../../../Projekte/NotPartofTheGame/Content/NPOTG/Sprites/höhle_Sprite_4.uasset'
[2015.08.30-15.45.00:500][719]Cmd: OBJ SAVEPACKAGE PACKAGE="/Game/NPOTG/Sprites/höhle_Sprite_5" FILE="../../../../Projekte/NotPartofTheGame/Content/NPOTG/Sprites/höhle_Sprite_5.uasset" SILENT=true
[2015.08.30-15.45.00:509][719]LogSavePackage: Save=6.738300ms
[2015.08.30-15.45.00:509][719]LogSavePackage: Moving '../../../../Projekte/NotPartofTheGame/Saved/höhle_Sprite_5D21B3FA14BD176918C6A95A195CD007F.tmp' to '../../../../Projekte/NotPartofTheGame/Content/NPOTG/Sprites/höhle_Sprite_5.uasset'
[2015.08.30-15.45.00:524][719]Cmd: OBJ SAVEPACKAGE PACKAGE="/Game/NPOTG/Sprites/höhle_Sprite_6" FILE="../../../../Projekte/NotPartofTheGame/Content/NPOTG/Sprites/höhle_Sprite_6.uasset" SILENT=true
[2015.08.30-15.45.00:532][719]LogSavePackage: Save=6.678897ms
[2015.08.30-15.45.00:532][719]LogSavePackage: Moving '../../../../Projekte/NotPartofTheGame/Saved/höhle_Sprite_677E1A0E74057C9DF82625EB3BAD939C1.tmp' to '../../../../Projekte/NotPartofTheGame/Content/NPOTG/Sprites/höhle_Sprite_6.uasset'
[2015.08.30-15.45.00:550][719]Cmd: OBJ SAVEPACKAGE PACKAGE="/Game/NPOTG/Sprites/höhle_Sprite_7" FILE="../../../../Projekte/NotPartofTheGame/Content/NPOTG/Sprites/höhle_Sprite_7.uasset" SILENT=true
[2015.08.30-15.45.00:559][719]LogSavePackage: Save=6.593681ms
[2015.08.30-15.45.00:559][719]LogSavePackage: Moving '../../../../Projekte/NotPartofTheGame/Saved/höhle_Sprite_7A4F86E004DBD67C908AAD7B020A9DAEE.tmp' to '../../../../Projekte/NotPartofTheGame/Content/NPOTG/Sprites/höhle_Sprite_7.uasset'
[2015.08.30-15.45.00:576][719]Cmd: OBJ SAVEPACKAGE PACKAGE="/Game/NPOTG/Sprites/höhle_Sprite_8" FILE="../../../../Projekte/NotPartofTheGame/Content/NPOTG/Sprites/höhle_Sprite_8.uasset" SILENT=true
[2015.08.30-15.45.00:584][719]LogSavePackage: Save=6.834402ms
[2015.08.30-15.45.00:584][719]LogSavePackage: Moving '../../../../Projekte/NotPartofTheGame/Saved/höhle_Sprite_87081CE7F4D36FD2CA9A7B8B7E0F1A7AB.tmp' to '../../../../Projekte/NotPartofTheGame/Content/NPOTG/Sprites/höhle_Sprite_8.uasset'
[2015.08.30-15.45.00:617][719]LogD3D11RHI: InitD3DDevice
[2015.08.30-15.45.01:133][719]LogSavePackage: Save=454.693115ms
[2015.08.30-15.45.01:133][719]LogSavePackage: Moving '../../../../Projekte/NotPartofTheGame/Saved/UEDPCTesting_Level533D3CE942CDCC6848890C9C94BAAC2C.tmp' to '../../../../Projekte/NotPartofTheGame/Saved/Autosaves/Game/NPOTG/Maps/UEDPCTesting_Level.umap'
[2015.08.30-15.45.17:427][ 27]LogD3D11RHI: InitD3DDevice
[2015.08.30-15.45.26:426][ 54]LogD3D11RHI: InitD3DDevice
[2015.08.30-15.45.27:080][ 54]LogSavePackage: Save=468.270172ms
[2015.08.30-15.45.27:080][ 54]LogSavePackage: Moving '../../../../Projekte/NotPartofTheGame/Saved/Testing_Level_Auto4E7BF4F6F4E381686B0856FA3D1E4E43D.tmp' to '../../../../Projekte/NotPartofTheGame/Saved/Autosaves/Game/NPOTG/Maps/Testing_Level_Auto4.umap'
[2015.08.30-15.45.27:084][ 54]LogFileHelpers: Editor autosave (incl. sublevels) for '/Game/NPOTG/Maps/Testing_Level' took 0.544
[2015.08.30-15.45.27:084][ 54]LogFileHelpers: Editor autosave (incl. sublevels) for all levels took 0.544
[2015.08.30-15.46.13:348][364]LogD3D11RHI: InitD3DDevice
[2015.08.30-15.46.14:446][364]LogD3D11RHI: InitD3DDevice
[2015.08.30-15.46.14:525][364]Cmd: OBJ SAVEPACKAGE PACKAGE="/Game/NPOTG/Maps/Testing_Level" FILE="../../../../Projekte/NotPartofTheGame/Content/NPOTG/Maps/Testing_Level.umap" SILENT=true AUTOSAVING=false KEEPDIRTY=false
[2015.08.30-15.46.15:045][364]LogSavePackage: Save=455.361481ms
[2015.08.30-15.46.15:045][364]LogSavePackage: Moving '../../../../Projekte/NotPartofTheGame/Saved/Testing_Level050182F743B90BE098D24880F242A5D4.tmp' to '../../../../Projekte/NotPartofTheGame/Content/NPOTG/Maps/Testing_Level.umap'
[2015.08.30-15.46.15:087][364]LogFileHelpers: Saving map 'Testing_Level' took 0.622
[2015.08.30-15.46.15:198][364]LogWindowsTextInputMethodSystem:Display: IME system now deactivated.
[2015.08.30-15.46.15:198][364]LogWindowsTextInputMethodSystem:Display: IME system now deactivated.
[2015.08.30-15.46.15:449][365]Cmd: QUIT_EDITOR
[2015.08.30-15.46.15:737][365]LogExit: Preparing to exit.
[2015.08.30-15.46.15:917][365]LogExit: Editor shut down
[2015.08.30-15.46.15:917][365]LogExit: Transaction tracking system shut down
[2015.08.30-15.46.15:925][365]LogParticles: Destroying 0 GPU particle simulations for FXSystem 0x000000635D79CFE0
[2015.08.30-15.46.15:926][365]LogParticles: Destroying 0 GPU particle simulations for FXSystem 0x0000006378A0B9C0
[2015.08.30-15.46.15:927][365]LogParticles: Destroying 0 GPU particle simulations for FXSystem 0x00000063727CB740
[2015.08.30-15.46.16:059][365]LogParticles: Destroying 0 GPU particle simulations for FXSystem 0x000000630341AD40
[2015.08.30-15.46.16:059][365]LogExit: Object subsystem successfully closed.
[2015.08.30-15.46.16:077][365]LogD3D11RHI: Shutdown
[2015.08.30-15.46.16:077][365]LogD3D11RHI: CleanupD3DDevice
[2015.08.30-15.46.16:175][365]LogD3D11RHI: ~FD3D11DynamicRHI
[2015.08.30-15.46.16:193][365]LogModuleManager: Shutting down and abandoning module CrashTracker (190)
[2015.08.30-15.46.16:193][365]LogModuleManager: Shutting down and abandoning module SceneOutliner (189)
[2015.08.30-15.46.16:193][365]LogModuleManager: Shutting down and abandoning module SuperSearch (188)
[2015.08.30-15.46.16:193][365]LogModuleManager: Shutting down and abandoning module WidgetCarousel (187)
[2015.08.30-15.46.16:193][365]LogModuleManager: Shutting down and abandoning module AddContentDialog (186)
[2015.08.30-15.46.16:195][365]LogModuleManager: Shutting down and abandoning module EditorWidgets (185)
[2015.08.30-15.46.16:195][365]LogModuleManager: Shutting down and abandoning module CollectionManager (184)
[2015.08.30-15.46.16:195][365]LogModuleManager: Shutting down and abandoning module StatsViewer (183)
[2015.08.30-15.46.16:195][365]LogModuleManager: Shutting down and abandoning module FoliageEdit (182)
[2015.08.30-15.46.16:195][365]LogModuleManager: Shutting down and abandoning module LandscapeEditor (181)
[2015.08.30-15.46.16:195][365]LogModuleManager: Shutting down and abandoning module ActorPickerMode (180)
[2015.08.30-15.46.16:195][365]LogModuleManager: Shutting down and abandoning module GeometryMode (179)
[2015.08.30-15.46.16:195][365]LogModuleManager: Shutting down and abandoning module TextureAlignMode (178)
[2015.08.30-15.46.16:195][365]LogModuleManager: Shutting down and abandoning module BspMode (177)
[2015.08.30-15.46.16:195][365]LogModuleManager: Shutting down and abandoning module PlacementMode (176)
[2015.08.30-15.46.16:195][365]LogModuleManager: Shutting down and abandoning module AutomationWorker (175)
[2015.08.30-15.46.16:195][365]LogModuleManager: Shutting down and abandoning module CharacterAI (174)
[2015.08.30-15.46.16:195][365]LogModuleManager: Shutting down and abandoning module SmartSnapping (173)
[2015.08.30-15.46.16:195][365]LogModuleManager: Shutting down and abandoning module ViewportSnapping (172)
[2015.08.30-15.46.16:195][365]LogModuleManager: Shutting down and abandoning module LogVisualizer (171)
[2015.08.30-15.46.16:195][365]LogModuleManager: Shutting down and abandoning module GameProjectGeneration (170)
[2015.08.30-15.46.16:195][365]LogModuleManager: Shutting down and abandoning module IntroTutorials (169)
[2015.08.30-15.46.16:195][365]LogModuleManager: Shutting down and abandoning module EditorLiveStreaming (168)
[2015.08.30-15.46.16:195][365]LogModuleManager: Shutting down and abandoning module IOSPlatformEditor (167)
[2015.08.30-15.46.16:195][365]LogModuleManager: Shutting down and abandoning module HTML5PlatformEditor (166)
[2015.08.30-15.46.16:195][365]LogModuleManager: Shutting down and abandoning module AndroidDeviceDetection (165)
[2015.08.30-15.46.16:550][365]LogModuleManager: Shutting down and abandoning module AndroidPlatformEditor (164)
[2015.08.30-15.46.16:550][365]LogModuleManager: Shutting down and abandoning module IOSRuntimeSettings (163)
[2015.08.30-15.46.16:550][365]LogModuleManager: Shutting down and abandoning module AndroidRuntimeSettings (162)
[2015.08.30-15.46.16:550][365]LogModuleManager: Shutting down and abandoning module MergeActors (161)
[2015.08.30-15.46.16:550][365]LogModuleManager: Shutting down and abandoning module SizeMap (160)
[2015.08.30-15.46.16:550][365]LogModuleManager: Shutting down and abandoning module TreeMap (159)
[2015.08.30-15.46.16:550][365]LogModuleManager: Shutting down and abandoning module ReferenceViewer (158)
[2015.08.30-15.46.16:550][365]LogModuleManager: Shutting down and abandoning module LocalizationDashboard (157)
[2015.08.30-15.46.16:550][365]LogModuleManager: Shutting down and abandoning module HardwareTargeting (156)
[2015.08.30-15.46.16:550][365]LogModuleManager: Shutting down and abandoning module DeviceProfileEditor (155)
[2015.08.30-15.46.16:550][365]LogModuleManager: Shutting down and abandoning module UndoHistory (154)
[2015.08.30-15.46.16:550][365]LogModuleManager: Shutting down and abandoning module GameplayTagsEditor (153)
[2015.08.30-15.46.16:550][365]LogModuleManager: Shutting down and abandoning module UserFeedback (152)
[2015.08.30-15.46.16:550][365]LogModuleManager: Shutting down and abandoning module XmlParser (151)
[2015.08.30-15.46.16:550][365]LogModuleManager: Shutting down and abandoning module Blutility (150)
[2015.08.30-15.46.16:550][365]LogModuleManager: Shutting down and abandoning module ProjectTargetPlatformEditor (149)
[2015.08.30-15.46.16:550][365]LogModuleManager: Shutting down and abandoning module ProjectSettingsViewer (148)
[2015.08.30-15.46.16:550][365]LogModuleManager: Shutting down and abandoning module InputBindingEditor (147)
[2015.08.30-15.46.16:550][365]LogModuleManager: Shutting down and abandoning module EditorSettingsViewer (146)
[2015.08.30-15.46.16:550][365]LogModuleManager: Shutting down and abandoning module SettingsEditor (145)
[2015.08.30-15.46.16:550][365]LogModuleManager: Shutting down and abandoning module ProjectLauncher (144)
[2015.08.30-15.46.16:550][365]LogModuleManager: Shutting down and abandoning module SessionFrontend (143)
[2015.08.30-15.46.16:550][365]LogModuleManager: Shutting down and abandoning module ProfilerClient (142)
[2015.08.30-15.46.16:550][365]LogModuleManager: Shutting down and abandoning module TargetDeviceServices (141)
[2015.08.30-15.46.16:550][365]LogModuleManager: Shutting down and abandoning module DeviceManager (140)
[2015.08.30-15.46.16:550][365]LogModuleManager: Shutting down and abandoning module AutomationController (139)
[2015.08.30-15.46.16:550][365]LogModuleManager: Shutting down and abandoning module AutomationWindow (138)
[2015.08.30-15.46.16:550][365]LogModuleManager: Shutting down and abandoning module Layers (137)
[2015.08.30-15.46.16:551][365]LogModuleManager: Shutting down and abandoning module ComponentVisualizers (136)
[2015.08.30-15.46.16:551][365]LogModuleManager: Shutting down and abandoning module DetailCustomizations (135)
[2015.08.30-15.46.16:551][365]LogModuleManager: Shutting down and abandoning module PackagesDialog (134)
[2015.08.30-15.46.16:551][365]LogModuleManager: Shutting down and abandoning module Persona (133)
[2015.08.30-15.46.16:551][365]LogModuleManager: Shutting down and abandoning module Kismet (132)
[2015.08.30-15.46.16:551][365]LogModuleManager: Shutting down and abandoning module GraphEditor (131)
[2015.08.30-15.46.16:551][365]LogModuleManager: Shutting down and abandoning module ClassViewer (130)
[2015.08.30-15.46.16:551][365]LogModuleManager: Shutting down and abandoning module Toolbox (129)
[2015.08.30-15.46.16:551][365]LogModuleManager: Shutting down and abandoning module ModuleUI (128)
[2015.08.30-15.46.16:551][365]LogModuleManager: Shutting down and abandoning module MovieSceneTools (127)
[2015.08.30-15.46.16:551][365]LogModuleManager: Shutting down and abandoning module OutputLog (126)
[2015.08.30-15.46.16:551][365]LogModuleManager: Shutting down and abandoning module GammaUI (125)
[2015.08.30-15.46.16:551][365]LogModuleManager: Shutting down and abandoning module Documentation (124)
[2015.08.30-15.46.16:551][365]LogModuleManager: Shutting down and abandoning module GameLiveStreaming (123)
[2015.08.30-15.46.16:551][365]LogModuleManager: Shutting down and abandoning module StreamingPauseRendering (122)
[2015.08.30-15.46.16:551][365]LogModuleManager: Shutting down and abandoning module AnalyticsET (121)
[2015.08.30-15.46.16:551][365]LogModuleManager: Shutting down and abandoning module Analytics (120)
[2015.08.30-15.46.16:551][365]LogModuleManager: Shutting down and abandoning module AITestSuite (119)
[2015.08.30-15.46.16:551][365]LogModuleManager: Shutting down and abandoning module GameplayDebugger (118)
[2015.08.30-15.46.16:551][365]LogModuleManager: Shutting down and abandoning module AIModule (117)
[2015.08.30-15.46.16:551][365]LogModuleManager: Shutting down and abandoning module ProfilerService (116)
[2015.08.30-15.46.16:739][365]LogModuleManager: Shutting down and abandoning module TaskGraph (115)
[2015.08.30-15.46.16:739][365]LogModuleManager: Shutting down and abandoning module SubstanceEditor (114)
[2015.08.30-15.46.16:739][365]LogModuleManager: Shutting down and abandoning module SlateRemote (113)
[2015.08.30-15.46.16:739][365]LogModuleManager: Shutting down and abandoning module SteamVRController (112)
[2015.08.30-15.46.16:739][365]LogModuleManager: Shutting down and abandoning module SteamVR (111)
[2015.08.30-15.46.16:739][365]LogModuleManager: Shutting down and abandoning module ProceduralMeshComponent (110)
[2015.08.30-15.46.16:739][365]LogModuleManager: Shutting down and abandoning module OculusRift (109)
[2015.08.30-15.46.16:739][365]LogModuleManager: Shutting down and abandoning module LeapMotionController (108)
[2015.08.30-15.46.16:745][365]LogModuleManager: Shutting down and abandoning module CustomMeshComponent (107)
[2015.08.30-15.46.16:745][365]LogModuleManager: Shutting down and abandoning module CableComponent (106)
[2015.08.30-15.46.16:746][365]LogModuleManager: Shutting down and abandoning module MessagingDebugger (105)
[2015.08.30-15.46.16:746][365]LogModuleManager: Shutting down and abandoning module MediaPlayerEditor (104)
[2015.08.30-15.46.16:746][365]LogModuleManager: Shutting down and abandoning module SpeedTreeImporter (103)
[2015.08.30-15.46.16:746][365]LogModuleManager: Shutting down and abandoning module PluginBrowser (102)
[2015.08.30-15.46.16:746][365]LogModuleManager: Shutting down and abandoning module EpicSurvey (101)
[2015.08.30-15.46.16:746][365]LogModuleManager: Shutting down and abandoning module DesktopPlatform (100)
[2015.08.30-15.46.16:746][365]LogModuleManager: Shutting down and abandoning module VisualStudioSourceCodeAccess (99)
[2015.08.30-15.46.16:746][365]LogModuleManager: Shutting down and abandoning module UObjectPlugin (98)
[2015.08.30-15.46.16:746][365]LogModuleManager: Shutting down and abandoning module SubversionSourceControl (97)
[2015.08.30-15.46.16:746][365]LogModuleManager: Shutting down and abandoning module PerforceSourceControl (96)
[2015.08.30-15.46.16:746][365]LogModuleManager: Shutting down and abandoning module SourceControl (95)
[2015.08.30-15.46.16:746][365]LogModuleManager: Shutting down and abandoning module GitSourceControl (94)
[2015.08.30-15.46.16:746][365]LogModuleManager: Shutting down and abandoning module BlankPlugin (93)
[2015.08.30-15.46.16:746][365]LogModuleManager: Shutting down and abandoning module PaperTiledImporter (92)
[2015.08.30-15.46.16:746][365]LogModuleManager: Shutting down and abandoning module PaperSpriteSheetImporter (91)
[2015.08.30-15.46.16:746][365]LogModuleManager: Shutting down and abandoning module MeshPaint (90)
[2015.08.30-15.46.16:746][365]LogModuleManager: Shutting down and abandoning module SlateReflector (89)
[2015.08.30-15.46.16:746][365]LogModuleManager: Shutting down and abandoning module HotReload (88)
[2015.08.30-15.46.16:746][365]LogModuleManager: Shutting down and abandoning module MainFrame (87)
[2015.08.30-15.46.16:746][365]LogModuleManager: Shutting down and abandoning module LevelEditor (86)
[2015.08.30-15.46.16:747][365]LogModuleManager: Shutting down and abandoning module ContentBrowser (85)
[2015.08.30-15.46.16:747][365]LogModuleManager: Shutting down and abandoning module Paper2DEditor (84)
[2015.08.30-15.46.16:747][365]LogModuleManager: Shutting down and abandoning module UdpMessaging (83)
[2015.08.30-15.46.16:848][365]LogModuleManager: Shutting down and abandoning module DirectoryWatcher (82)
[2015.08.30-15.46.16:849][365]LogModuleManager: Shutting down and abandoning module AssetRegistry (81)
[2015.08.30-15.46.16:986][365]LogModuleManager: Shutting down and abandoning module SubstanceCore (80)
[2015.08.30-15.46.16:986][365]LogModuleManager: Shutting down and abandoning module Paper2D (79)
[2015.08.30-15.46.16:986][365]LogModuleManager: Shutting down and abandoning module WindowsMoviePlayer (78)
[2015.08.30-15.46.16:988][365]LogModuleManager: Shutting down and abandoning module Media (77)
[2015.08.30-15.46.16:988][365]LogModuleManager: Shutting down and abandoning module WmfMedia (76)
[2015.08.30-15.46.16:988][365]LogModuleManager: Shutting down and abandoning module OnlineBlueprintSupport (75)
[2015.08.30-15.46.16:988][365]LogModuleManager: Shutting down and abandoning module PropertyEditor (74)
[2015.08.30-15.46.16:988][365]LogModuleManager: Shutting down and abandoning module BehaviorTreeEditor (73)
[2015.08.30-15.46.16:988][365]LogModuleManager: Shutting down and abandoning module FunctionalTesting (72)
[2015.08.30-15.46.16:988][365]LogModuleManager: Shutting down and abandoning module CollisionAnalyzer (71)
[2015.08.30-15.46.16:988][365]LogModuleManager: Shutting down and abandoning module WorkspaceMenuStructure (70)
[2015.08.30-15.46.16:988][365]LogModuleManager: Shutting down and abandoning module MessageLog (69)
[2015.08.30-15.46.16:988][365]LogModuleManager: Shutting down and abandoning module Sequencer (68)
[2015.08.30-15.46.16:988][365]LogModuleManager: Shutting down and abandoning module AssetTools (67)
[2015.08.30-15.46.16:988][365]LogModuleManager: Shutting down and abandoning module UMGEditor (66)
[2015.08.30-15.46.16:988][365]LogModuleManager: Shutting down and abandoning module UMG (65)
[2015.08.30-15.46.16:988][365]LogModuleManager: Shutting down and abandoning module Slate (64)
[2015.08.30-15.46.16:988][365]LogModuleManager: Shutting down and abandoning module EditorStyle (63)
[2015.08.30-15.46.16:990][365]LogModuleManager: Shutting down and abandoning module SessionServices (62)
[2015.08.30-15.46.16:990][365]LogModuleManager: Shutting down and abandoning module SourceCodeAccess (61)
[2015.08.30-15.46.16:990][365]LogModuleManager: Shutting down and abandoning module HeadMountedDisplay (60)
[2015.08.30-15.46.16:990][365]LogModuleManager: Shutting down and abandoning module XAudio2 (59)
[2015.08.30-15.46.16:990][365]LogModuleManager: Shutting down and abandoning module Networking (57)
[2015.08.30-15.46.16:990][365]LogModuleManager: Shutting down and abandoning module Core (56)
[2015.08.30-15.46.16:990][365]LogModuleManager: Shutting down and abandoning module KismetCompiler (55)
[2015.08.30-15.46.16:990][365]LogModuleManager: Shutting down and abandoning module PhysXFormats (54)
[2015.08.30-15.46.16:990][365]LogModuleManager: Shutting down and abandoning module MeshUtilities (53)
[2015.08.30-15.46.16:990][365]LogModuleManager: Shutting down and abandoning module DerivedDataCache (52)
[2015.08.30-15.46.17:011][365]LogDerivedDataCache: Shutdown
[2015.08.30-15.46.17:011][365]LogModuleManager: Shutting down and abandoning module ShaderFormatOpenGL (51)
[2015.08.30-15.46.17:011][365]LogModuleManager: Shutting down and abandoning module ShaderFormatD3D (50)
[2015.08.30-15.46.17:011][365]LogModuleManager: Shutting down and abandoning module MetalShaderFormat (49)
[2015.08.30-15.46.17:011][365]LogModuleManager: Shutting down and abandoning module TextureFormatUncompressed (48)
[2015.08.30-15.46.17:011][365]LogModuleManager: Shutting down and abandoning module TextureFormatPVR (47)
[2015.08.30-15.46.17:011][365]LogModuleManager: Shutting down and abandoning module TextureFormatIntelISPCTexComp (46)
[2015.08.30-15.46.17:011][365]LogModuleManager: Shutting down and abandoning module TextureFormatDXT (45)
[2015.08.30-15.46.17:011][365]LogModuleManager: Shutting down and abandoning module ImageWrapper (44)
[2015.08.30-15.46.17:011][365]LogModuleManager: Shutting down and abandoning module TextureFormatASTC (43)
[2015.08.30-15.46.17:011][365]LogModuleManager: Shutting down and abandoning module TextureFormatAndroid (42)
[2015.08.30-15.46.17:011][365]LogModuleManager: Shutting down and abandoning module AudioFormatOpus (41)
[2015.08.30-15.46.17:011][365]LogModuleManager: Shutting down and abandoning module AudioFormatOgg (40)
[2015.08.30-15.46.17:011][365]LogModuleManager: Shutting down and abandoning module AudioFormatADPCM (39)
[2015.08.30-15.46.17:011][365]LogModuleManager: Shutting down and abandoning module LinuxTargetPlatform (38)
[2015.08.30-15.46.17:011][365]LogModuleManager: Shutting down and abandoning module LinuxServerTargetPlatform (37)
[2015.08.30-15.46.17:011][365]LogModuleManager: Shutting down and abandoning module LinuxNoEditorTargetPlatform (36)
[2015.08.30-15.46.17:011][365]LogModuleManager: Shutting down and abandoning module Messaging (35)
[2015.08.30-15.46.17:011][365]LogModuleManager: Shutting down and abandoning module IOSTargetPlatform (34)
[2015.08.30-15.46.17:011][365]LogModuleManager: Shutting down and abandoning module HTML5TargetPlatform (33)
[2015.08.30-15.46.17:011][365]LogModuleManager: Shutting down and abandoning module Android_PVRTCTargetPlatform (32)
[2015.08.30-15.46.17:011][365]LogModuleManager: Shutting down and abandoning module Android_ETC2TargetPlatform (31)
[2015.08.30-15.46.17:011][365]LogModuleManager: Shutting down and abandoning module Android_ETC1TargetPlatform (30)
[2015.08.30-15.46.17:011][365]LogModuleManager: Shutting down and abandoning module Android_DXTTargetPlatform (29)
[2015.08.30-15.46.17:011][365]LogModuleManager: Shutting down and abandoning module Android_ATCTargetPlatform (28)
[2015.08.30-15.46.17:011][365]LogModuleManager: Shutting down and abandoning module Android_ASTCTargetPlatform (27)
[2015.08.30-15.46.17:011][365]LogModuleManager: Shutting down and abandoning module AndroidTargetPlatform (26)
[2015.08.30-15.46.17:011][365]LogModuleManager: Shutting down and abandoning module WindowsTargetPlatform (25)
[2015.08.30-15.46.17:011][365]LogModuleManager: Shutting down and abandoning module WindowsServerTargetPlatform (24)
[2015.08.30-15.46.17:011][365]LogModuleManager: Shutting down and abandoning module WindowsNoEditorTargetPlatform (23)
[2015.08.30-15.46.17:011][365]LogModuleManager: Shutting down and abandoning module WindowsClientTargetPlatform (22)
[2015.08.30-15.46.17:011][365]LogModuleManager: Shutting down and abandoning module DesktopTargetPlatform (21)
[2015.08.30-15.46.17:011][365]LogModuleManager: Shutting down and abandoning module TargetPlatform (20)
[2015.08.30-15.46.17:011][365]LogModuleManager: Shutting down and abandoning module InputCore (19)
[2015.08.30-15.46.17:011][365]LogModuleManager: Shutting down and abandoning module Settings (18)
[2015.08.30-15.46.17:011][365]LogModuleManager: Shutting down and abandoning module OnlineSubsystem (16)
[2015.08.30-15.46.17:011][365]LogModuleManager: Shutting down and abandoning module HTTP (15)
[2015.08.30-15.46.17:012][365]LogModuleManager: Shutting down and abandoning module ExampleDeviceProfileSelector (14)
[2015.08.30-15.46.17:012][365]LogModuleManager: Shutting down and abandoning module TextureCompressor (13)
[2015.08.30-15.46.17:012][365]LogModuleManager: Shutting down and abandoning module ShaderCore (12)
[2015.08.30-15.46.17:012][365]LogModuleManager: Shutting down and abandoning module Landscape (11)
[2015.08.30-15.46.17:012][365]LogModuleManager: Shutting down and abandoning module SlateRHIRenderer (10)
[2015.08.30-15.46.17:017][365]LogModuleManager: Shutting down and abandoning module OpenGLDrv (9)
[2015.08.30-15.46.17:017][365]LogModuleManager: Shutting down and abandoning module D3D11RHI (8)
[2015.08.30-15.46.17:017][365]LogModuleManager: Shutting down and abandoning module Renderer (7)
[2015.08.30-15.46.17:017][365]LogModuleManager: Shutting down and abandoning module Engine (6)
[2015.08.30-15.46.17:017][365]LogModuleManager: Shutting down and abandoning module CoreUObject (5)
[2015.08.30-15.46.17:017][365]LogModuleManager: Shutting down and abandoning module NetworkFile (4)
[2015.08.30-15.46.17:017][365]LogModuleManager: Shutting down and abandoning module StreamingFile (3)
[2015.08.30-15.46.17:017][365]LogModuleManager: Shutting down and abandoning module SandboxFile (2)
[2015.08.30-15.46.17:017][365]LogModuleManager: Shutting down and abandoning module PakFile (1)
[2015.08.30-15.46.17:018][365]LogExit: Exiting.
[2015.08.30-15.46.17:019][365]Log file closed, 08/30/15 17:46:17
